[2025-04-02T14:47:38.086+0800] {local_task_job_runner.py:123} INFO - ::group::Pre task execution logs
[2025-04-02T14:47:38.261+0800] {taskinstance.py:2614} INFO - Dependencies all met for dep_context=non-requeueable deps ti=<TaskInstance: reddit_yf_scraper.download_files_from_gcs__1 manual__2025-04-02T06:46:16.488900+00:00 [queued]>
[2025-04-02T14:47:38.266+0800] {taskinstance.py:2614} INFO - Dependencies all met for dep_context=requeueable deps ti=<TaskInstance: reddit_yf_scraper.download_files_from_gcs__1 manual__2025-04-02T06:46:16.488900+00:00 [queued]>
[2025-04-02T14:47:38.266+0800] {taskinstance.py:2867} INFO - Starting attempt 1 of 2
[2025-04-02T14:47:38.273+0800] {taskinstance.py:2890} INFO - Executing <Task(_PythonDecoratedOperator): download_files_from_gcs__1> on 2025-04-02 06:46:16.488900+00:00
[2025-04-02T14:47:38.277+0800] {standard_task_runner.py:72} INFO - Started process 35013 to run task
[2025-04-02T14:47:38.281+0800] {standard_task_runner.py:104} INFO - Running: ['airflow', 'tasks', 'run', 'reddit_yf_scraper', 'download_files_from_gcs__1', 'manual__2025-04-02T06:46:16.488900+00:00', '--job-id', '300', '--raw', '--subdir', 'DAGS_FOLDER/dag.py', '--cfg-path', '/var/folders/xg/h9xj0trn3dxds251bj2q6hf80000gn/T/tmp4n84fpep']
[2025-04-02T14:47:38.283+0800] {standard_task_runner.py:105} INFO - Job 300: Subtask download_files_from_gcs__1
[2025-04-02T14:47:38.333+0800] {task_command.py:467} INFO - Running <TaskInstance: reddit_yf_scraper.download_files_from_gcs__1 manual__2025-04-02T06:46:16.488900+00:00 [running]> on host ervins-macbook-air-2.local
[2025-04-02T14:47:38.374+0800] {taskinstance.py:3134} INFO - Exporting env vars: AIRFLOW_CTX_DAG_OWNER='airflow' AIRFLOW_CTX_DAG_ID='reddit_yf_scraper' AIRFLOW_CTX_TASK_ID='download_files_from_gcs__1' AIRFLOW_CTX_EXECUTION_DATE='2025-04-02T06:46:16.488900+00:00' AIRFLOW_CTX_TRY_NUMBER='1' AIRFLOW_CTX_DAG_RUN_ID='manual__2025-04-02T06:46:16.488900+00:00'
[2025-04-02T14:47:38.375+0800] {logging_mixin.py:190} INFO - Task instance is in running state
[2025-04-02T14:47:38.376+0800] {logging_mixin.py:190} INFO -  Previous state of the Task instance: queued
[2025-04-02T14:47:38.376+0800] {logging_mixin.py:190} INFO - Current task name:download_files_from_gcs__1 state:running start_date:2025-04-02 06:47:38.261619+00:00
[2025-04-02T14:47:38.377+0800] {logging_mixin.py:190} INFO - Dag name:reddit_yf_scraper and current dag run status:running
[2025-04-02T14:47:38.377+0800] {taskinstance.py:732} INFO - ::endgroup::
[2025-04-02T14:47:38.968+0800] {logging_mixin.py:190} INFO - 📥 Downloading: yf-test/AAPL_yf_20250402.csv to /Users/ervinyeoh/Desktop/unimods/is3107/project/airflow/downloads/yf/AAPL_yf_20250402.csv
[2025-04-02T14:47:40.047+0800] {logging_mixin.py:190} INFO - ✅ Downloaded to: /Users/ervinyeoh/Desktop/unimods/is3107/project/airflow/downloads/yf/AAPL_yf_20250402.csv
[2025-04-02T14:47:40.048+0800] {logging_mixin.py:190} INFO - 📥 Downloading: yf-test/AMZN_yf_20250402.csv to /Users/ervinyeoh/Desktop/unimods/is3107/project/airflow/downloads/yf/AMZN_yf_20250402.csv
[2025-04-02T14:47:40.333+0800] {logging_mixin.py:190} INFO - ✅ Downloaded to: /Users/ervinyeoh/Desktop/unimods/is3107/project/airflow/downloads/yf/AMZN_yf_20250402.csv
[2025-04-02T14:47:40.333+0800] {logging_mixin.py:190} INFO - 📥 Downloading: yf-test/GOOGL_yf_20250402.csv to /Users/ervinyeoh/Desktop/unimods/is3107/project/airflow/downloads/yf/GOOGL_yf_20250402.csv
[2025-04-02T14:47:41.471+0800] {logging_mixin.py:190} INFO - ✅ Downloaded to: /Users/ervinyeoh/Desktop/unimods/is3107/project/airflow/downloads/yf/GOOGL_yf_20250402.csv
[2025-04-02T14:47:41.472+0800] {logging_mixin.py:190} INFO - 📥 Downloading: yf-test/MSFT_yf_20250402.csv to /Users/ervinyeoh/Desktop/unimods/is3107/project/airflow/downloads/yf/MSFT_yf_20250402.csv
[2025-04-02T14:47:41.777+0800] {logging_mixin.py:190} INFO - ✅ Downloaded to: /Users/ervinyeoh/Desktop/unimods/is3107/project/airflow/downloads/yf/MSFT_yf_20250402.csv
[2025-04-02T14:47:41.778+0800] {logging_mixin.py:190} INFO - 📥 Downloading: yf-test/NVDA_yf_20250402.csv to /Users/ervinyeoh/Desktop/unimods/is3107/project/airflow/downloads/yf/NVDA_yf_20250402.csv
[2025-04-02T14:47:42.904+0800] {logging_mixin.py:190} INFO - ✅ Downloaded to: /Users/ervinyeoh/Desktop/unimods/is3107/project/airflow/downloads/yf/NVDA_yf_20250402.csv
[2025-04-02T14:47:42.904+0800] {python.py:240} INFO - Done. Returned value was: None
[2025-04-02T14:47:42.911+0800] {taskinstance.py:341} INFO - ::group::Post task execution logs
[2025-04-02T14:47:42.911+0800] {taskinstance.py:353} INFO - Marking task as SUCCESS. dag_id=reddit_yf_scraper, task_id=download_files_from_gcs__1, run_id=manual__2025-04-02T06:46:16.488900+00:00, execution_date=20250402T064616, start_date=20250402T064738, end_date=20250402T064742
[2025-04-02T14:47:42.922+0800] {logging_mixin.py:190} INFO - Task instance in success state
[2025-04-02T14:47:42.922+0800] {logging_mixin.py:190} INFO -  Previous state of the Task instance: running
[2025-04-02T14:47:42.922+0800] {logging_mixin.py:190} INFO - Dag name:reddit_yf_scraper queued_at:2025-04-02 06:46:16.495501+00:00
[2025-04-02T14:47:42.923+0800] {logging_mixin.py:190} INFO - Task hostname:ervins-macbook-air-2.local operator:_PythonDecoratedOperator
[2025-04-02T14:47:42.942+0800] {local_task_job_runner.py:266} INFO - Task exited with return code 0
[2025-04-02T14:47:42.962+0800] {taskinstance.py:3901} INFO - 1 downstream tasks scheduled from follow-on schedule check
[2025-04-02T14:47:42.963+0800] {local_task_job_runner.py:245} INFO - ::endgroup::
