[2025-04-19T18:44:28.759+0800] {local_task_job_runner.py:123} INFO - ::group::Pre task execution logs
[2025-04-19T18:44:28.765+0800] {taskinstance.py:2614} INFO - Dependencies all met for dep_context=non-requeueable deps ti=<TaskInstance: reddit_yf_scraper.run_yf manual__2025-04-19T10:44:21.320892+00:00 [queued]>
[2025-04-19T18:44:28.768+0800] {taskinstance.py:2614} INFO - Dependencies all met for dep_context=requeueable deps ti=<TaskInstance: reddit_yf_scraper.run_yf manual__2025-04-19T10:44:21.320892+00:00 [queued]>
[2025-04-19T18:44:28.768+0800] {taskinstance.py:2867} INFO - Starting attempt 1 of 2
[2025-04-19T18:44:28.773+0800] {taskinstance.py:2890} INFO - Executing <Task(_PythonDecoratedOperator): run_yf> on 2025-04-19 10:44:21.320892+00:00
[2025-04-19T18:44:28.777+0800] {standard_task_runner.py:72} INFO - Started process 36029 to run task
[2025-04-19T18:44:28.781+0800] {standard_task_runner.py:104} INFO - Running: ['airflow', 'tasks', 'run', 'reddit_yf_scraper', 'run_yf', 'manual__2025-04-19T10:44:21.320892+00:00', '--job-id', '756', '--raw', '--subdir', 'DAGS_FOLDER/dag.py', '--cfg-path', '/var/folders/2f/rw5w89ss6nl38qvq2cxrh29w0000gn/T/tmpy5kk2d9f']
[2025-04-19T18:44:28.782+0800] {standard_task_runner.py:105} INFO - Job 756: Subtask run_yf
[2025-04-19T18:44:28.801+0800] {task_command.py:467} INFO - Running <TaskInstance: reddit_yf_scraper.run_yf manual__2025-04-19T10:44:21.320892+00:00 [running]> on host yueyaos-macbook-pro.local
[2025-04-19T18:44:28.835+0800] {taskinstance.py:3134} INFO - Exporting env vars: AIRFLOW_CTX_DAG_OWNER='airflow' AIRFLOW_CTX_DAG_ID='reddit_yf_scraper' AIRFLOW_CTX_TASK_ID='run_yf' AIRFLOW_CTX_EXECUTION_DATE='2025-04-19T10:44:21.320892+00:00' AIRFLOW_CTX_TRY_NUMBER='1' AIRFLOW_CTX_DAG_RUN_ID='manual__2025-04-19T10:44:21.320892+00:00'
[2025-04-19T18:44:28.836+0800] {logging_mixin.py:190} INFO - Task instance is in running state
[2025-04-19T18:44:28.836+0800] {logging_mixin.py:190} INFO -  Previous state of the Task instance: queued
[2025-04-19T18:44:28.836+0800] {logging_mixin.py:190} INFO - Current task name:run_yf state:running start_date:2025-04-19 10:44:28.765724+00:00
[2025-04-19T18:44:28.836+0800] {logging_mixin.py:190} INFO - Dag name:reddit_yf_scraper and current dag run status:running
[2025-04-19T18:44:28.836+0800] {taskinstance.py:732} INFO - ::endgroup::
[2025-04-19T18:44:28.837+0800] {logging_mixin.py:190} INFO - 🔍 Fetching news for AAPL (1/10)...
[2025-04-19T18:44:29.691+0800] {logging_mixin.py:190} INFO - ✅ Saved 5 articles for AAPL
[2025-04-19T18:44:41.693+0800] {logging_mixin.py:190} INFO - 🔍 Fetching news for NVDA (2/10)...
[2025-04-19T18:44:42.529+0800] {logging_mixin.py:190} INFO - ✅ Saved 7 articles for NVDA
[2025-04-19T18:44:54.532+0800] {logging_mixin.py:190} INFO - 🔍 Fetching news for MSFT (3/10)...
[2025-04-19T18:44:55.366+0800] {logging_mixin.py:190} INFO - ✅ Saved 2 articles for MSFT
[2025-04-19T18:45:07.368+0800] {logging_mixin.py:190} INFO - 🔍 Fetching news for AMZN (4/10)...
[2025-04-19T18:45:08.147+0800] {logging_mixin.py:190} INFO - ✅ Saved 3 articles for AMZN
[2025-04-19T18:45:20.150+0800] {logging_mixin.py:190} INFO - 🔍 Fetching news for GOOGL (5/10)...
[2025-04-19T18:45:21.065+0800] {logging_mixin.py:190} INFO - ✅ Saved 3 articles for GOOGL
[2025-04-19T18:45:33.068+0800] {logging_mixin.py:190} INFO - 🔍 Fetching news for GOOG (6/10)...
[2025-04-19T18:45:34.264+0800] {logging_mixin.py:190} INFO - ✅ Saved 3 articles for GOOG
[2025-04-19T18:45:46.266+0800] {logging_mixin.py:190} INFO - 🔍 Fetching news for META (7/10)...
[2025-04-19T18:45:47.312+0800] {logging_mixin.py:190} INFO - ✅ Saved 1 articles for META
[2025-04-19T18:45:59.313+0800] {logging_mixin.py:190} INFO - 🔍 Fetching news for TSLA (8/10)...
[2025-04-19T18:46:12.148+0800] {logging_mixin.py:190} INFO - 🔍 Fetching news for AVGO (9/10)...
[2025-04-19T18:46:12.957+0800] {logging_mixin.py:190} INFO - ✅ Saved 2 articles for AVGO
[2025-04-19T18:46:24.959+0800] {logging_mixin.py:190} INFO - 🔍 Fetching news for BRK-B (10/10)...
[2025-04-19T18:46:37.850+0800] {python.py:240} INFO - Done. Returned value was: None
[2025-04-19T18:46:37.857+0800] {taskinstance.py:341} INFO - ::group::Post task execution logs
[2025-04-19T18:46:37.858+0800] {taskinstance.py:353} INFO - Marking task as SUCCESS. dag_id=reddit_yf_scraper, task_id=run_yf, run_id=manual__2025-04-19T10:44:21.320892+00:00, execution_date=20250419T104421, start_date=20250419T104428, end_date=20250419T104637
[2025-04-19T18:46:37.871+0800] {logging_mixin.py:190} INFO - Task instance in success state
[2025-04-19T18:46:37.871+0800] {logging_mixin.py:190} INFO -  Previous state of the Task instance: running
[2025-04-19T18:46:37.872+0800] {logging_mixin.py:190} INFO - Dag name:reddit_yf_scraper queued_at:2025-04-19 10:44:21.328902+00:00
[2025-04-19T18:46:37.872+0800] {logging_mixin.py:190} INFO - Task hostname:yueyaos-macbook-pro.local operator:_PythonDecoratedOperator
[2025-04-19T18:46:37.912+0800] {local_task_job_runner.py:266} INFO - Task exited with return code 0
[2025-04-19T18:46:37.930+0800] {taskinstance.py:3901} INFO - 1 downstream tasks scheduled from follow-on schedule check
[2025-04-19T18:46:37.931+0800] {local_task_job_runner.py:245} INFO - ::endgroup::
