[2025-04-23T20:37:56.631+0800] {processor.py:186} INFO - Started process (PID=27351) to work on /Users/yueyaoz/Downloads/IS3107-FinSum/.airflow/lib/python3.10/site-packages/airflow/example_dags/example_dynamic_task_mapping.py
[2025-04-23T20:37:56.631+0800] {processor.py:914} INFO - Processing file /Users/yueyaoz/Downloads/IS3107-FinSum/.airflow/lib/python3.10/site-packages/airflow/example_dags/example_dynamic_task_mapping.py for tasks to queue
[2025-04-23T20:37:56.631+0800] {logging_mixin.py:190} INFO - [2025-04-23T20:37:56.631+0800] {dagbag.py:588} INFO - Filling up the DagBag from /Users/yueyaoz/Downloads/IS3107-FinSum/.airflow/lib/python3.10/site-packages/airflow/example_dags/example_dynamic_task_mapping.py
[2025-04-23T20:37:56.646+0800] {processor.py:925} INFO - DAG(s) 'example_dynamic_task_mapping' retrieved from /Users/yueyaoz/Downloads/IS3107-FinSum/.airflow/lib/python3.10/site-packages/airflow/example_dags/example_dynamic_task_mapping.py
[2025-04-23T20:37:56.687+0800] {logging_mixin.py:190} INFO - [2025-04-23T20:37:56.687+0800] {dag.py:3239} INFO - Sync 1 DAGs
[2025-04-23T20:37:56.692+0800] {logging_mixin.py:190} INFO - [2025-04-23T20:37:56.692+0800] {dag.py:4180} INFO - Setting next_dagrun for example_dynamic_task_mapping to None, run_after=None
[2025-04-23T20:37:56.699+0800] {processor.py:208} INFO - Processing /Users/yueyaoz/Downloads/IS3107-FinSum/.airflow/lib/python3.10/site-packages/airflow/example_dags/example_dynamic_task_mapping.py took 0.069 seconds
[2025-04-23T20:40:28.463+0800] {processor.py:186} INFO - Started process (PID=27544) to work on /Users/yueyaoz/Downloads/IS3107-FinSum/.airflow/lib/python3.10/site-packages/airflow/example_dags/example_dynamic_task_mapping.py
[2025-04-23T20:40:28.465+0800] {processor.py:914} INFO - Processing file /Users/yueyaoz/Downloads/IS3107-FinSum/.airflow/lib/python3.10/site-packages/airflow/example_dags/example_dynamic_task_mapping.py for tasks to queue
[2025-04-23T20:40:28.465+0800] {logging_mixin.py:190} INFO - [2025-04-23T20:40:28.465+0800] {dagbag.py:588} INFO - Filling up the DagBag from /Users/yueyaoz/Downloads/IS3107-FinSum/.airflow/lib/python3.10/site-packages/airflow/example_dags/example_dynamic_task_mapping.py
[2025-04-23T20:40:28.480+0800] {processor.py:925} INFO - DAG(s) 'example_dynamic_task_mapping' retrieved from /Users/yueyaoz/Downloads/IS3107-FinSum/.airflow/lib/python3.10/site-packages/airflow/example_dags/example_dynamic_task_mapping.py
[2025-04-23T20:40:28.521+0800] {logging_mixin.py:190} INFO - [2025-04-23T20:40:28.521+0800] {dag.py:3239} INFO - Sync 1 DAGs
[2025-04-23T20:40:28.526+0800] {logging_mixin.py:190} INFO - [2025-04-23T20:40:28.525+0800] {dag.py:4180} INFO - Setting next_dagrun for example_dynamic_task_mapping to None, run_after=None
[2025-04-23T20:40:28.533+0800] {processor.py:208} INFO - Processing /Users/yueyaoz/Downloads/IS3107-FinSum/.airflow/lib/python3.10/site-packages/airflow/example_dags/example_dynamic_task_mapping.py took 0.071 seconds
[2025-04-23T20:43:05.236+0800] {processor.py:186} INFO - Started process (PID=27743) to work on /Users/yueyaoz/Downloads/IS3107-FinSum/.airflow/lib/python3.10/site-packages/airflow/example_dags/example_dynamic_task_mapping.py
[2025-04-23T20:43:05.237+0800] {processor.py:914} INFO - Processing file /Users/yueyaoz/Downloads/IS3107-FinSum/.airflow/lib/python3.10/site-packages/airflow/example_dags/example_dynamic_task_mapping.py for tasks to queue
[2025-04-23T20:43:05.237+0800] {logging_mixin.py:190} INFO - [2025-04-23T20:43:05.237+0800] {dagbag.py:588} INFO - Filling up the DagBag from /Users/yueyaoz/Downloads/IS3107-FinSum/.airflow/lib/python3.10/site-packages/airflow/example_dags/example_dynamic_task_mapping.py
[2025-04-23T20:43:05.251+0800] {processor.py:925} INFO - DAG(s) 'example_dynamic_task_mapping' retrieved from /Users/yueyaoz/Downloads/IS3107-FinSum/.airflow/lib/python3.10/site-packages/airflow/example_dags/example_dynamic_task_mapping.py
[2025-04-23T20:43:05.292+0800] {logging_mixin.py:190} INFO - [2025-04-23T20:43:05.292+0800] {dag.py:3239} INFO - Sync 1 DAGs
[2025-04-23T20:43:05.297+0800] {logging_mixin.py:190} INFO - [2025-04-23T20:43:05.297+0800] {dag.py:4180} INFO - Setting next_dagrun for example_dynamic_task_mapping to None, run_after=None
[2025-04-23T20:43:05.304+0800] {processor.py:208} INFO - Processing /Users/yueyaoz/Downloads/IS3107-FinSum/.airflow/lib/python3.10/site-packages/airflow/example_dags/example_dynamic_task_mapping.py took 0.069 seconds
[2025-04-23T20:45:36.408+0800] {processor.py:186} INFO - Started process (PID=27949) to work on /Users/yueyaoz/Downloads/IS3107-FinSum/.airflow/lib/python3.10/site-packages/airflow/example_dags/example_dynamic_task_mapping.py
[2025-04-23T20:45:36.408+0800] {processor.py:914} INFO - Processing file /Users/yueyaoz/Downloads/IS3107-FinSum/.airflow/lib/python3.10/site-packages/airflow/example_dags/example_dynamic_task_mapping.py for tasks to queue
[2025-04-23T20:45:36.409+0800] {logging_mixin.py:190} INFO - [2025-04-23T20:45:36.409+0800] {dagbag.py:588} INFO - Filling up the DagBag from /Users/yueyaoz/Downloads/IS3107-FinSum/.airflow/lib/python3.10/site-packages/airflow/example_dags/example_dynamic_task_mapping.py
[2025-04-23T20:45:36.423+0800] {processor.py:925} INFO - DAG(s) 'example_dynamic_task_mapping' retrieved from /Users/yueyaoz/Downloads/IS3107-FinSum/.airflow/lib/python3.10/site-packages/airflow/example_dags/example_dynamic_task_mapping.py
[2025-04-23T20:45:36.463+0800] {logging_mixin.py:190} INFO - [2025-04-23T20:45:36.462+0800] {dag.py:3239} INFO - Sync 1 DAGs
[2025-04-23T20:45:36.467+0800] {logging_mixin.py:190} INFO - [2025-04-23T20:45:36.467+0800] {dag.py:4180} INFO - Setting next_dagrun for example_dynamic_task_mapping to None, run_after=None
[2025-04-23T20:45:36.474+0800] {processor.py:208} INFO - Processing /Users/yueyaoz/Downloads/IS3107-FinSum/.airflow/lib/python3.10/site-packages/airflow/example_dags/example_dynamic_task_mapping.py took 0.068 seconds
[2025-04-23T20:48:03.921+0800] {processor.py:186} INFO - Started process (PID=28140) to work on /Users/yueyaoz/Downloads/IS3107-FinSum/.airflow/lib/python3.10/site-packages/airflow/example_dags/example_dynamic_task_mapping.py
[2025-04-23T20:48:03.922+0800] {processor.py:914} INFO - Processing file /Users/yueyaoz/Downloads/IS3107-FinSum/.airflow/lib/python3.10/site-packages/airflow/example_dags/example_dynamic_task_mapping.py for tasks to queue
[2025-04-23T20:48:03.922+0800] {logging_mixin.py:190} INFO - [2025-04-23T20:48:03.922+0800] {dagbag.py:588} INFO - Filling up the DagBag from /Users/yueyaoz/Downloads/IS3107-FinSum/.airflow/lib/python3.10/site-packages/airflow/example_dags/example_dynamic_task_mapping.py
[2025-04-23T20:48:03.937+0800] {processor.py:925} INFO - DAG(s) 'example_dynamic_task_mapping' retrieved from /Users/yueyaoz/Downloads/IS3107-FinSum/.airflow/lib/python3.10/site-packages/airflow/example_dags/example_dynamic_task_mapping.py
[2025-04-23T20:48:03.979+0800] {logging_mixin.py:190} INFO - [2025-04-23T20:48:03.978+0800] {dag.py:3239} INFO - Sync 1 DAGs
[2025-04-23T20:48:03.983+0800] {logging_mixin.py:190} INFO - [2025-04-23T20:48:03.983+0800] {dag.py:4180} INFO - Setting next_dagrun for example_dynamic_task_mapping to None, run_after=None
[2025-04-23T20:48:03.991+0800] {processor.py:208} INFO - Processing /Users/yueyaoz/Downloads/IS3107-FinSum/.airflow/lib/python3.10/site-packages/airflow/example_dags/example_dynamic_task_mapping.py took 0.071 seconds
[2025-04-23T20:50:37.252+0800] {processor.py:186} INFO - Started process (PID=28354) to work on /Users/yueyaoz/Downloads/IS3107-FinSum/.airflow/lib/python3.10/site-packages/airflow/example_dags/example_dynamic_task_mapping.py
[2025-04-23T20:50:37.252+0800] {processor.py:914} INFO - Processing file /Users/yueyaoz/Downloads/IS3107-FinSum/.airflow/lib/python3.10/site-packages/airflow/example_dags/example_dynamic_task_mapping.py for tasks to queue
[2025-04-23T20:50:37.253+0800] {logging_mixin.py:190} INFO - [2025-04-23T20:50:37.253+0800] {dagbag.py:588} INFO - Filling up the DagBag from /Users/yueyaoz/Downloads/IS3107-FinSum/.airflow/lib/python3.10/site-packages/airflow/example_dags/example_dynamic_task_mapping.py
[2025-04-23T20:50:37.267+0800] {processor.py:925} INFO - DAG(s) 'example_dynamic_task_mapping' retrieved from /Users/yueyaoz/Downloads/IS3107-FinSum/.airflow/lib/python3.10/site-packages/airflow/example_dags/example_dynamic_task_mapping.py
[2025-04-23T20:50:37.308+0800] {logging_mixin.py:190} INFO - [2025-04-23T20:50:37.308+0800] {dag.py:3239} INFO - Sync 1 DAGs
[2025-04-23T20:50:37.313+0800] {logging_mixin.py:190} INFO - [2025-04-23T20:50:37.313+0800] {dag.py:4180} INFO - Setting next_dagrun for example_dynamic_task_mapping to None, run_after=None
[2025-04-23T20:50:37.320+0800] {processor.py:208} INFO - Processing /Users/yueyaoz/Downloads/IS3107-FinSum/.airflow/lib/python3.10/site-packages/airflow/example_dags/example_dynamic_task_mapping.py took 0.070 seconds
[2025-04-23T20:53:09.244+0800] {processor.py:186} INFO - Started process (PID=28553) to work on /Users/yueyaoz/Downloads/IS3107-FinSum/.airflow/lib/python3.10/site-packages/airflow/example_dags/example_dynamic_task_mapping.py
[2025-04-23T20:53:09.245+0800] {processor.py:914} INFO - Processing file /Users/yueyaoz/Downloads/IS3107-FinSum/.airflow/lib/python3.10/site-packages/airflow/example_dags/example_dynamic_task_mapping.py for tasks to queue
[2025-04-23T20:53:09.245+0800] {logging_mixin.py:190} INFO - [2025-04-23T20:53:09.245+0800] {dagbag.py:588} INFO - Filling up the DagBag from /Users/yueyaoz/Downloads/IS3107-FinSum/.airflow/lib/python3.10/site-packages/airflow/example_dags/example_dynamic_task_mapping.py
[2025-04-23T20:53:09.259+0800] {processor.py:925} INFO - DAG(s) 'example_dynamic_task_mapping' retrieved from /Users/yueyaoz/Downloads/IS3107-FinSum/.airflow/lib/python3.10/site-packages/airflow/example_dags/example_dynamic_task_mapping.py
[2025-04-23T20:53:09.300+0800] {logging_mixin.py:190} INFO - [2025-04-23T20:53:09.300+0800] {dag.py:3239} INFO - Sync 1 DAGs
[2025-04-23T20:53:09.305+0800] {logging_mixin.py:190} INFO - [2025-04-23T20:53:09.305+0800] {dag.py:4180} INFO - Setting next_dagrun for example_dynamic_task_mapping to None, run_after=None
[2025-04-23T20:53:09.312+0800] {processor.py:208} INFO - Processing /Users/yueyaoz/Downloads/IS3107-FinSum/.airflow/lib/python3.10/site-packages/airflow/example_dags/example_dynamic_task_mapping.py took 0.069 seconds
[2025-04-23T20:55:43.844+0800] {processor.py:186} INFO - Started process (PID=28750) to work on /Users/yueyaoz/Downloads/IS3107-FinSum/.airflow/lib/python3.10/site-packages/airflow/example_dags/example_dynamic_task_mapping.py
[2025-04-23T20:55:43.844+0800] {processor.py:914} INFO - Processing file /Users/yueyaoz/Downloads/IS3107-FinSum/.airflow/lib/python3.10/site-packages/airflow/example_dags/example_dynamic_task_mapping.py for tasks to queue
[2025-04-23T20:55:43.845+0800] {logging_mixin.py:190} INFO - [2025-04-23T20:55:43.845+0800] {dagbag.py:588} INFO - Filling up the DagBag from /Users/yueyaoz/Downloads/IS3107-FinSum/.airflow/lib/python3.10/site-packages/airflow/example_dags/example_dynamic_task_mapping.py
[2025-04-23T20:55:43.859+0800] {processor.py:925} INFO - DAG(s) 'example_dynamic_task_mapping' retrieved from /Users/yueyaoz/Downloads/IS3107-FinSum/.airflow/lib/python3.10/site-packages/airflow/example_dags/example_dynamic_task_mapping.py
[2025-04-23T20:55:43.900+0800] {logging_mixin.py:190} INFO - [2025-04-23T20:55:43.900+0800] {dag.py:3239} INFO - Sync 1 DAGs
[2025-04-23T20:55:43.904+0800] {logging_mixin.py:190} INFO - [2025-04-23T20:55:43.904+0800] {dag.py:4180} INFO - Setting next_dagrun for example_dynamic_task_mapping to None, run_after=None
[2025-04-23T20:55:43.911+0800] {processor.py:208} INFO - Processing /Users/yueyaoz/Downloads/IS3107-FinSum/.airflow/lib/python3.10/site-packages/airflow/example_dags/example_dynamic_task_mapping.py took 0.069 seconds
[2025-04-23T20:58:15.605+0800] {processor.py:186} INFO - Started process (PID=28949) to work on /Users/yueyaoz/Downloads/IS3107-FinSum/.airflow/lib/python3.10/site-packages/airflow/example_dags/example_dynamic_task_mapping.py
[2025-04-23T20:58:15.605+0800] {processor.py:914} INFO - Processing file /Users/yueyaoz/Downloads/IS3107-FinSum/.airflow/lib/python3.10/site-packages/airflow/example_dags/example_dynamic_task_mapping.py for tasks to queue
[2025-04-23T20:58:15.606+0800] {logging_mixin.py:190} INFO - [2025-04-23T20:58:15.606+0800] {dagbag.py:588} INFO - Filling up the DagBag from /Users/yueyaoz/Downloads/IS3107-FinSum/.airflow/lib/python3.10/site-packages/airflow/example_dags/example_dynamic_task_mapping.py
[2025-04-23T20:58:15.620+0800] {processor.py:925} INFO - DAG(s) 'example_dynamic_task_mapping' retrieved from /Users/yueyaoz/Downloads/IS3107-FinSum/.airflow/lib/python3.10/site-packages/airflow/example_dags/example_dynamic_task_mapping.py
[2025-04-23T20:58:15.660+0800] {logging_mixin.py:190} INFO - [2025-04-23T20:58:15.660+0800] {dag.py:3239} INFO - Sync 1 DAGs
[2025-04-23T20:58:15.665+0800] {logging_mixin.py:190} INFO - [2025-04-23T20:58:15.665+0800] {dag.py:4180} INFO - Setting next_dagrun for example_dynamic_task_mapping to None, run_after=None
[2025-04-23T20:58:15.672+0800] {processor.py:208} INFO - Processing /Users/yueyaoz/Downloads/IS3107-FinSum/.airflow/lib/python3.10/site-packages/airflow/example_dags/example_dynamic_task_mapping.py took 0.069 seconds
[2025-04-23T21:00:47.255+0800] {processor.py:186} INFO - Started process (PID=29163) to work on /Users/yueyaoz/Downloads/IS3107-FinSum/.airflow/lib/python3.10/site-packages/airflow/example_dags/example_dynamic_task_mapping.py
[2025-04-23T21:00:47.255+0800] {processor.py:914} INFO - Processing file /Users/yueyaoz/Downloads/IS3107-FinSum/.airflow/lib/python3.10/site-packages/airflow/example_dags/example_dynamic_task_mapping.py for tasks to queue
[2025-04-23T21:00:47.256+0800] {logging_mixin.py:190} INFO - [2025-04-23T21:00:47.255+0800] {dagbag.py:588} INFO - Filling up the DagBag from /Users/yueyaoz/Downloads/IS3107-FinSum/.airflow/lib/python3.10/site-packages/airflow/example_dags/example_dynamic_task_mapping.py
[2025-04-23T21:00:47.271+0800] {processor.py:925} INFO - DAG(s) 'example_dynamic_task_mapping' retrieved from /Users/yueyaoz/Downloads/IS3107-FinSum/.airflow/lib/python3.10/site-packages/airflow/example_dags/example_dynamic_task_mapping.py
[2025-04-23T21:00:47.312+0800] {logging_mixin.py:190} INFO - [2025-04-23T21:00:47.312+0800] {dag.py:3239} INFO - Sync 1 DAGs
[2025-04-23T21:00:47.317+0800] {logging_mixin.py:190} INFO - [2025-04-23T21:00:47.317+0800] {dag.py:4180} INFO - Setting next_dagrun for example_dynamic_task_mapping to None, run_after=None
[2025-04-23T21:00:47.324+0800] {processor.py:208} INFO - Processing /Users/yueyaoz/Downloads/IS3107-FinSum/.airflow/lib/python3.10/site-packages/airflow/example_dags/example_dynamic_task_mapping.py took 0.071 seconds
[2025-04-23T21:03:23.608+0800] {processor.py:186} INFO - Started process (PID=29435) to work on /Users/yueyaoz/Downloads/IS3107-FinSum/.airflow/lib/python3.10/site-packages/airflow/example_dags/example_dynamic_task_mapping.py
[2025-04-23T21:03:23.609+0800] {processor.py:914} INFO - Processing file /Users/yueyaoz/Downloads/IS3107-FinSum/.airflow/lib/python3.10/site-packages/airflow/example_dags/example_dynamic_task_mapping.py for tasks to queue
[2025-04-23T21:03:23.609+0800] {logging_mixin.py:190} INFO - [2025-04-23T21:03:23.609+0800] {dagbag.py:588} INFO - Filling up the DagBag from /Users/yueyaoz/Downloads/IS3107-FinSum/.airflow/lib/python3.10/site-packages/airflow/example_dags/example_dynamic_task_mapping.py
[2025-04-23T21:03:23.623+0800] {processor.py:925} INFO - DAG(s) 'example_dynamic_task_mapping' retrieved from /Users/yueyaoz/Downloads/IS3107-FinSum/.airflow/lib/python3.10/site-packages/airflow/example_dags/example_dynamic_task_mapping.py
[2025-04-23T21:03:23.664+0800] {logging_mixin.py:190} INFO - [2025-04-23T21:03:23.664+0800] {dag.py:3239} INFO - Sync 1 DAGs
[2025-04-23T21:03:23.669+0800] {logging_mixin.py:190} INFO - [2025-04-23T21:03:23.669+0800] {dag.py:4180} INFO - Setting next_dagrun for example_dynamic_task_mapping to None, run_after=None
[2025-04-23T21:03:23.676+0800] {processor.py:208} INFO - Processing /Users/yueyaoz/Downloads/IS3107-FinSum/.airflow/lib/python3.10/site-packages/airflow/example_dags/example_dynamic_task_mapping.py took 0.069 seconds
[2025-04-23T21:05:56.251+0800] {processor.py:186} INFO - Started process (PID=29626) to work on /Users/yueyaoz/Downloads/IS3107-FinSum/.airflow/lib/python3.10/site-packages/airflow/example_dags/example_dynamic_task_mapping.py
[2025-04-23T21:05:56.252+0800] {processor.py:914} INFO - Processing file /Users/yueyaoz/Downloads/IS3107-FinSum/.airflow/lib/python3.10/site-packages/airflow/example_dags/example_dynamic_task_mapping.py for tasks to queue
[2025-04-23T21:05:56.252+0800] {logging_mixin.py:190} INFO - [2025-04-23T21:05:56.252+0800] {dagbag.py:588} INFO - Filling up the DagBag from /Users/yueyaoz/Downloads/IS3107-FinSum/.airflow/lib/python3.10/site-packages/airflow/example_dags/example_dynamic_task_mapping.py
[2025-04-23T21:05:56.266+0800] {processor.py:925} INFO - DAG(s) 'example_dynamic_task_mapping' retrieved from /Users/yueyaoz/Downloads/IS3107-FinSum/.airflow/lib/python3.10/site-packages/airflow/example_dags/example_dynamic_task_mapping.py
[2025-04-23T21:05:56.307+0800] {logging_mixin.py:190} INFO - [2025-04-23T21:05:56.307+0800] {dag.py:3239} INFO - Sync 1 DAGs
[2025-04-23T21:05:56.312+0800] {logging_mixin.py:190} INFO - [2025-04-23T21:05:56.311+0800] {dag.py:4180} INFO - Setting next_dagrun for example_dynamic_task_mapping to None, run_after=None
[2025-04-23T21:05:56.319+0800] {processor.py:208} INFO - Processing /Users/yueyaoz/Downloads/IS3107-FinSum/.airflow/lib/python3.10/site-packages/airflow/example_dags/example_dynamic_task_mapping.py took 0.068 seconds
[2025-04-23T21:08:25.129+0800] {processor.py:186} INFO - Started process (PID=29825) to work on /Users/yueyaoz/Downloads/IS3107-FinSum/.airflow/lib/python3.10/site-packages/airflow/example_dags/example_dynamic_task_mapping.py
[2025-04-23T21:08:25.130+0800] {processor.py:914} INFO - Processing file /Users/yueyaoz/Downloads/IS3107-FinSum/.airflow/lib/python3.10/site-packages/airflow/example_dags/example_dynamic_task_mapping.py for tasks to queue
[2025-04-23T21:08:25.130+0800] {logging_mixin.py:190} INFO - [2025-04-23T21:08:25.130+0800] {dagbag.py:588} INFO - Filling up the DagBag from /Users/yueyaoz/Downloads/IS3107-FinSum/.airflow/lib/python3.10/site-packages/airflow/example_dags/example_dynamic_task_mapping.py
[2025-04-23T21:08:25.146+0800] {processor.py:925} INFO - DAG(s) 'example_dynamic_task_mapping' retrieved from /Users/yueyaoz/Downloads/IS3107-FinSum/.airflow/lib/python3.10/site-packages/airflow/example_dags/example_dynamic_task_mapping.py
[2025-04-23T21:08:25.187+0800] {logging_mixin.py:190} INFO - [2025-04-23T21:08:25.187+0800] {dag.py:3239} INFO - Sync 1 DAGs
[2025-04-23T21:08:25.192+0800] {logging_mixin.py:190} INFO - [2025-04-23T21:08:25.192+0800] {dag.py:4180} INFO - Setting next_dagrun for example_dynamic_task_mapping to None, run_after=None
[2025-04-23T21:08:25.199+0800] {processor.py:208} INFO - Processing /Users/yueyaoz/Downloads/IS3107-FinSum/.airflow/lib/python3.10/site-packages/airflow/example_dags/example_dynamic_task_mapping.py took 0.071 seconds
[2025-04-23T21:10:56.956+0800] {processor.py:186} INFO - Started process (PID=30015) to work on /Users/yueyaoz/Downloads/IS3107-FinSum/.airflow/lib/python3.10/site-packages/airflow/example_dags/example_dynamic_task_mapping.py
[2025-04-23T21:10:56.957+0800] {processor.py:914} INFO - Processing file /Users/yueyaoz/Downloads/IS3107-FinSum/.airflow/lib/python3.10/site-packages/airflow/example_dags/example_dynamic_task_mapping.py for tasks to queue
[2025-04-23T21:10:56.957+0800] {logging_mixin.py:190} INFO - [2025-04-23T21:10:56.957+0800] {dagbag.py:588} INFO - Filling up the DagBag from /Users/yueyaoz/Downloads/IS3107-FinSum/.airflow/lib/python3.10/site-packages/airflow/example_dags/example_dynamic_task_mapping.py
[2025-04-23T21:10:56.971+0800] {processor.py:925} INFO - DAG(s) 'example_dynamic_task_mapping' retrieved from /Users/yueyaoz/Downloads/IS3107-FinSum/.airflow/lib/python3.10/site-packages/airflow/example_dags/example_dynamic_task_mapping.py
[2025-04-23T21:10:57.012+0800] {logging_mixin.py:190} INFO - [2025-04-23T21:10:57.012+0800] {dag.py:3239} INFO - Sync 1 DAGs
[2025-04-23T21:10:57.017+0800] {logging_mixin.py:190} INFO - [2025-04-23T21:10:57.017+0800] {dag.py:4180} INFO - Setting next_dagrun for example_dynamic_task_mapping to None, run_after=None
[2025-04-23T21:10:57.024+0800] {processor.py:208} INFO - Processing /Users/yueyaoz/Downloads/IS3107-FinSum/.airflow/lib/python3.10/site-packages/airflow/example_dags/example_dynamic_task_mapping.py took 0.069 seconds
[2025-04-23T21:13:23.675+0800] {processor.py:186} INFO - Started process (PID=30201) to work on /Users/yueyaoz/Downloads/IS3107-FinSum/.airflow/lib/python3.10/site-packages/airflow/example_dags/example_dynamic_task_mapping.py
[2025-04-23T21:13:23.675+0800] {processor.py:914} INFO - Processing file /Users/yueyaoz/Downloads/IS3107-FinSum/.airflow/lib/python3.10/site-packages/airflow/example_dags/example_dynamic_task_mapping.py for tasks to queue
[2025-04-23T21:13:23.675+0800] {logging_mixin.py:190} INFO - [2025-04-23T21:13:23.675+0800] {dagbag.py:588} INFO - Filling up the DagBag from /Users/yueyaoz/Downloads/IS3107-FinSum/.airflow/lib/python3.10/site-packages/airflow/example_dags/example_dynamic_task_mapping.py
[2025-04-23T21:13:23.690+0800] {processor.py:925} INFO - DAG(s) 'example_dynamic_task_mapping' retrieved from /Users/yueyaoz/Downloads/IS3107-FinSum/.airflow/lib/python3.10/site-packages/airflow/example_dags/example_dynamic_task_mapping.py
[2025-04-23T21:13:23.730+0800] {logging_mixin.py:190} INFO - [2025-04-23T21:13:23.730+0800] {dag.py:3239} INFO - Sync 1 DAGs
[2025-04-23T21:13:23.735+0800] {logging_mixin.py:190} INFO - [2025-04-23T21:13:23.735+0800] {dag.py:4180} INFO - Setting next_dagrun for example_dynamic_task_mapping to None, run_after=None
[2025-04-23T21:13:23.742+0800] {processor.py:208} INFO - Processing /Users/yueyaoz/Downloads/IS3107-FinSum/.airflow/lib/python3.10/site-packages/airflow/example_dags/example_dynamic_task_mapping.py took 0.069 seconds
[2025-04-23T21:15:56.354+0800] {processor.py:186} INFO - Started process (PID=30393) to work on /Users/yueyaoz/Downloads/IS3107-FinSum/.airflow/lib/python3.10/site-packages/airflow/example_dags/example_dynamic_task_mapping.py
[2025-04-23T21:15:56.355+0800] {processor.py:914} INFO - Processing file /Users/yueyaoz/Downloads/IS3107-FinSum/.airflow/lib/python3.10/site-packages/airflow/example_dags/example_dynamic_task_mapping.py for tasks to queue
[2025-04-23T21:15:56.355+0800] {logging_mixin.py:190} INFO - [2025-04-23T21:15:56.355+0800] {dagbag.py:588} INFO - Filling up the DagBag from /Users/yueyaoz/Downloads/IS3107-FinSum/.airflow/lib/python3.10/site-packages/airflow/example_dags/example_dynamic_task_mapping.py
[2025-04-23T21:15:56.371+0800] {processor.py:925} INFO - DAG(s) 'example_dynamic_task_mapping' retrieved from /Users/yueyaoz/Downloads/IS3107-FinSum/.airflow/lib/python3.10/site-packages/airflow/example_dags/example_dynamic_task_mapping.py
[2025-04-23T21:15:56.413+0800] {logging_mixin.py:190} INFO - [2025-04-23T21:15:56.413+0800] {dag.py:3239} INFO - Sync 1 DAGs
[2025-04-23T21:15:56.418+0800] {logging_mixin.py:190} INFO - [2025-04-23T21:15:56.418+0800] {dag.py:4180} INFO - Setting next_dagrun for example_dynamic_task_mapping to None, run_after=None
[2025-04-23T21:15:56.425+0800] {processor.py:208} INFO - Processing /Users/yueyaoz/Downloads/IS3107-FinSum/.airflow/lib/python3.10/site-packages/airflow/example_dags/example_dynamic_task_mapping.py took 0.072 seconds
[2025-04-23T21:18:28.114+0800] {processor.py:186} INFO - Started process (PID=30580) to work on /Users/yueyaoz/Downloads/IS3107-FinSum/.airflow/lib/python3.10/site-packages/airflow/example_dags/example_dynamic_task_mapping.py
[2025-04-23T21:18:28.114+0800] {processor.py:914} INFO - Processing file /Users/yueyaoz/Downloads/IS3107-FinSum/.airflow/lib/python3.10/site-packages/airflow/example_dags/example_dynamic_task_mapping.py for tasks to queue
[2025-04-23T21:18:28.115+0800] {logging_mixin.py:190} INFO - [2025-04-23T21:18:28.114+0800] {dagbag.py:588} INFO - Filling up the DagBag from /Users/yueyaoz/Downloads/IS3107-FinSum/.airflow/lib/python3.10/site-packages/airflow/example_dags/example_dynamic_task_mapping.py
[2025-04-23T21:18:28.129+0800] {processor.py:925} INFO - DAG(s) 'example_dynamic_task_mapping' retrieved from /Users/yueyaoz/Downloads/IS3107-FinSum/.airflow/lib/python3.10/site-packages/airflow/example_dags/example_dynamic_task_mapping.py
[2025-04-23T21:18:28.170+0800] {logging_mixin.py:190} INFO - [2025-04-23T21:18:28.170+0800] {dag.py:3239} INFO - Sync 1 DAGs
[2025-04-23T21:18:28.175+0800] {logging_mixin.py:190} INFO - [2025-04-23T21:18:28.175+0800] {dag.py:4180} INFO - Setting next_dagrun for example_dynamic_task_mapping to None, run_after=None
[2025-04-23T21:18:28.182+0800] {processor.py:208} INFO - Processing /Users/yueyaoz/Downloads/IS3107-FinSum/.airflow/lib/python3.10/site-packages/airflow/example_dags/example_dynamic_task_mapping.py took 0.070 seconds
[2025-04-23T21:21:04.685+0800] {processor.py:186} INFO - Started process (PID=30801) to work on /Users/yueyaoz/Downloads/IS3107-FinSum/.airflow/lib/python3.10/site-packages/airflow/example_dags/example_dynamic_task_mapping.py
[2025-04-23T21:21:04.685+0800] {processor.py:914} INFO - Processing file /Users/yueyaoz/Downloads/IS3107-FinSum/.airflow/lib/python3.10/site-packages/airflow/example_dags/example_dynamic_task_mapping.py for tasks to queue
[2025-04-23T21:21:04.685+0800] {logging_mixin.py:190} INFO - [2025-04-23T21:21:04.685+0800] {dagbag.py:588} INFO - Filling up the DagBag from /Users/yueyaoz/Downloads/IS3107-FinSum/.airflow/lib/python3.10/site-packages/airflow/example_dags/example_dynamic_task_mapping.py
[2025-04-23T21:21:04.700+0800] {processor.py:925} INFO - DAG(s) 'example_dynamic_task_mapping' retrieved from /Users/yueyaoz/Downloads/IS3107-FinSum/.airflow/lib/python3.10/site-packages/airflow/example_dags/example_dynamic_task_mapping.py
[2025-04-23T21:21:04.740+0800] {logging_mixin.py:190} INFO - [2025-04-23T21:21:04.740+0800] {dag.py:3239} INFO - Sync 1 DAGs
[2025-04-23T21:21:04.745+0800] {logging_mixin.py:190} INFO - [2025-04-23T21:21:04.745+0800] {dag.py:4180} INFO - Setting next_dagrun for example_dynamic_task_mapping to None, run_after=None
[2025-04-23T21:21:04.752+0800] {processor.py:208} INFO - Processing /Users/yueyaoz/Downloads/IS3107-FinSum/.airflow/lib/python3.10/site-packages/airflow/example_dags/example_dynamic_task_mapping.py took 0.069 seconds
[2025-04-23T21:23:42.821+0800] {processor.py:186} INFO - Started process (PID=30995) to work on /Users/yueyaoz/Downloads/IS3107-FinSum/.airflow/lib/python3.10/site-packages/airflow/example_dags/example_dynamic_task_mapping.py
[2025-04-23T21:23:42.821+0800] {processor.py:914} INFO - Processing file /Users/yueyaoz/Downloads/IS3107-FinSum/.airflow/lib/python3.10/site-packages/airflow/example_dags/example_dynamic_task_mapping.py for tasks to queue
[2025-04-23T21:23:42.822+0800] {logging_mixin.py:190} INFO - [2025-04-23T21:23:42.822+0800] {dagbag.py:588} INFO - Filling up the DagBag from /Users/yueyaoz/Downloads/IS3107-FinSum/.airflow/lib/python3.10/site-packages/airflow/example_dags/example_dynamic_task_mapping.py
[2025-04-23T21:23:42.836+0800] {processor.py:925} INFO - DAG(s) 'example_dynamic_task_mapping' retrieved from /Users/yueyaoz/Downloads/IS3107-FinSum/.airflow/lib/python3.10/site-packages/airflow/example_dags/example_dynamic_task_mapping.py
[2025-04-23T21:23:42.876+0800] {logging_mixin.py:190} INFO - [2025-04-23T21:23:42.876+0800] {dag.py:3239} INFO - Sync 1 DAGs
[2025-04-23T21:23:42.881+0800] {logging_mixin.py:190} INFO - [2025-04-23T21:23:42.881+0800] {dag.py:4180} INFO - Setting next_dagrun for example_dynamic_task_mapping to None, run_after=None
[2025-04-23T21:23:42.888+0800] {processor.py:208} INFO - Processing /Users/yueyaoz/Downloads/IS3107-FinSum/.airflow/lib/python3.10/site-packages/airflow/example_dags/example_dynamic_task_mapping.py took 0.068 seconds
[2025-04-23T21:26:14.067+0800] {processor.py:186} INFO - Started process (PID=31192) to work on /Users/yueyaoz/Downloads/IS3107-FinSum/.airflow/lib/python3.10/site-packages/airflow/example_dags/example_dynamic_task_mapping.py
[2025-04-23T21:26:14.067+0800] {processor.py:914} INFO - Processing file /Users/yueyaoz/Downloads/IS3107-FinSum/.airflow/lib/python3.10/site-packages/airflow/example_dags/example_dynamic_task_mapping.py for tasks to queue
[2025-04-23T21:26:14.067+0800] {logging_mixin.py:190} INFO - [2025-04-23T21:26:14.067+0800] {dagbag.py:588} INFO - Filling up the DagBag from /Users/yueyaoz/Downloads/IS3107-FinSum/.airflow/lib/python3.10/site-packages/airflow/example_dags/example_dynamic_task_mapping.py
[2025-04-23T21:26:14.081+0800] {processor.py:925} INFO - DAG(s) 'example_dynamic_task_mapping' retrieved from /Users/yueyaoz/Downloads/IS3107-FinSum/.airflow/lib/python3.10/site-packages/airflow/example_dags/example_dynamic_task_mapping.py
[2025-04-23T21:26:14.122+0800] {logging_mixin.py:190} INFO - [2025-04-23T21:26:14.122+0800] {dag.py:3239} INFO - Sync 1 DAGs
[2025-04-23T21:26:14.127+0800] {logging_mixin.py:190} INFO - [2025-04-23T21:26:14.127+0800] {dag.py:4180} INFO - Setting next_dagrun for example_dynamic_task_mapping to None, run_after=None
[2025-04-23T21:26:14.134+0800] {processor.py:208} INFO - Processing /Users/yueyaoz/Downloads/IS3107-FinSum/.airflow/lib/python3.10/site-packages/airflow/example_dags/example_dynamic_task_mapping.py took 0.069 seconds
[2025-04-23T21:28:46.099+0800] {processor.py:186} INFO - Started process (PID=31385) to work on /Users/yueyaoz/Downloads/IS3107-FinSum/.airflow/lib/python3.10/site-packages/airflow/example_dags/example_dynamic_task_mapping.py
[2025-04-23T21:28:46.099+0800] {processor.py:914} INFO - Processing file /Users/yueyaoz/Downloads/IS3107-FinSum/.airflow/lib/python3.10/site-packages/airflow/example_dags/example_dynamic_task_mapping.py for tasks to queue
[2025-04-23T21:28:46.099+0800] {logging_mixin.py:190} INFO - [2025-04-23T21:28:46.099+0800] {dagbag.py:588} INFO - Filling up the DagBag from /Users/yueyaoz/Downloads/IS3107-FinSum/.airflow/lib/python3.10/site-packages/airflow/example_dags/example_dynamic_task_mapping.py
[2025-04-23T21:28:46.114+0800] {processor.py:925} INFO - DAG(s) 'example_dynamic_task_mapping' retrieved from /Users/yueyaoz/Downloads/IS3107-FinSum/.airflow/lib/python3.10/site-packages/airflow/example_dags/example_dynamic_task_mapping.py
[2025-04-23T21:28:46.154+0800] {logging_mixin.py:190} INFO - [2025-04-23T21:28:46.154+0800] {dag.py:3239} INFO - Sync 1 DAGs
[2025-04-23T21:28:46.159+0800] {logging_mixin.py:190} INFO - [2025-04-23T21:28:46.159+0800] {dag.py:4180} INFO - Setting next_dagrun for example_dynamic_task_mapping to None, run_after=None
[2025-04-23T21:28:46.166+0800] {processor.py:208} INFO - Processing /Users/yueyaoz/Downloads/IS3107-FinSum/.airflow/lib/python3.10/site-packages/airflow/example_dags/example_dynamic_task_mapping.py took 0.068 seconds
[2025-04-23T21:31:22.729+0800] {processor.py:186} INFO - Started process (PID=31582) to work on /Users/yueyaoz/Downloads/IS3107-FinSum/.airflow/lib/python3.10/site-packages/airflow/example_dags/example_dynamic_task_mapping.py
[2025-04-23T21:31:22.729+0800] {processor.py:914} INFO - Processing file /Users/yueyaoz/Downloads/IS3107-FinSum/.airflow/lib/python3.10/site-packages/airflow/example_dags/example_dynamic_task_mapping.py for tasks to queue
[2025-04-23T21:31:22.730+0800] {logging_mixin.py:190} INFO - [2025-04-23T21:31:22.730+0800] {dagbag.py:588} INFO - Filling up the DagBag from /Users/yueyaoz/Downloads/IS3107-FinSum/.airflow/lib/python3.10/site-packages/airflow/example_dags/example_dynamic_task_mapping.py
[2025-04-23T21:31:22.744+0800] {processor.py:925} INFO - DAG(s) 'example_dynamic_task_mapping' retrieved from /Users/yueyaoz/Downloads/IS3107-FinSum/.airflow/lib/python3.10/site-packages/airflow/example_dags/example_dynamic_task_mapping.py
[2025-04-23T21:31:22.786+0800] {logging_mixin.py:190} INFO - [2025-04-23T21:31:22.785+0800] {dag.py:3239} INFO - Sync 1 DAGs
[2025-04-23T21:31:22.790+0800] {logging_mixin.py:190} INFO - [2025-04-23T21:31:22.790+0800] {dag.py:4180} INFO - Setting next_dagrun for example_dynamic_task_mapping to None, run_after=None
[2025-04-23T21:31:22.798+0800] {processor.py:208} INFO - Processing /Users/yueyaoz/Downloads/IS3107-FinSum/.airflow/lib/python3.10/site-packages/airflow/example_dags/example_dynamic_task_mapping.py took 0.070 seconds
[2025-04-23T21:33:57.393+0800] {processor.py:186} INFO - Started process (PID=31797) to work on /Users/yueyaoz/Downloads/IS3107-FinSum/.airflow/lib/python3.10/site-packages/airflow/example_dags/example_dynamic_task_mapping.py
[2025-04-23T21:33:57.394+0800] {processor.py:914} INFO - Processing file /Users/yueyaoz/Downloads/IS3107-FinSum/.airflow/lib/python3.10/site-packages/airflow/example_dags/example_dynamic_task_mapping.py for tasks to queue
[2025-04-23T21:33:57.395+0800] {logging_mixin.py:190} INFO - [2025-04-23T21:33:57.395+0800] {dagbag.py:588} INFO - Filling up the DagBag from /Users/yueyaoz/Downloads/IS3107-FinSum/.airflow/lib/python3.10/site-packages/airflow/example_dags/example_dynamic_task_mapping.py
[2025-04-23T21:33:57.409+0800] {processor.py:925} INFO - DAG(s) 'example_dynamic_task_mapping' retrieved from /Users/yueyaoz/Downloads/IS3107-FinSum/.airflow/lib/python3.10/site-packages/airflow/example_dags/example_dynamic_task_mapping.py
[2025-04-23T21:33:57.451+0800] {logging_mixin.py:190} INFO - [2025-04-23T21:33:57.450+0800] {dag.py:3239} INFO - Sync 1 DAGs
[2025-04-23T21:33:57.455+0800] {logging_mixin.py:190} INFO - [2025-04-23T21:33:57.455+0800] {dag.py:4180} INFO - Setting next_dagrun for example_dynamic_task_mapping to None, run_after=None
[2025-04-23T21:33:57.463+0800] {processor.py:208} INFO - Processing /Users/yueyaoz/Downloads/IS3107-FinSum/.airflow/lib/python3.10/site-packages/airflow/example_dags/example_dynamic_task_mapping.py took 0.071 seconds
[2025-04-23T21:36:42.740+0800] {processor.py:186} INFO - Started process (PID=32120) to work on /Users/yueyaoz/Downloads/IS3107-FinSum/.airflow/lib/python3.10/site-packages/airflow/example_dags/example_dynamic_task_mapping.py
[2025-04-23T21:36:42.742+0800] {processor.py:914} INFO - Processing file /Users/yueyaoz/Downloads/IS3107-FinSum/.airflow/lib/python3.10/site-packages/airflow/example_dags/example_dynamic_task_mapping.py for tasks to queue
[2025-04-23T21:36:42.742+0800] {logging_mixin.py:190} INFO - [2025-04-23T21:36:42.742+0800] {dagbag.py:588} INFO - Filling up the DagBag from /Users/yueyaoz/Downloads/IS3107-FinSum/.airflow/lib/python3.10/site-packages/airflow/example_dags/example_dynamic_task_mapping.py
[2025-04-23T21:36:42.757+0800] {processor.py:925} INFO - DAG(s) 'example_dynamic_task_mapping' retrieved from /Users/yueyaoz/Downloads/IS3107-FinSum/.airflow/lib/python3.10/site-packages/airflow/example_dags/example_dynamic_task_mapping.py
[2025-04-23T21:36:42.797+0800] {logging_mixin.py:190} INFO - [2025-04-23T21:36:42.797+0800] {dag.py:3239} INFO - Sync 1 DAGs
[2025-04-23T21:36:42.802+0800] {logging_mixin.py:190} INFO - [2025-04-23T21:36:42.802+0800] {dag.py:4180} INFO - Setting next_dagrun for example_dynamic_task_mapping to None, run_after=None
[2025-04-23T21:36:42.809+0800] {processor.py:208} INFO - Processing /Users/yueyaoz/Downloads/IS3107-FinSum/.airflow/lib/python3.10/site-packages/airflow/example_dags/example_dynamic_task_mapping.py took 0.070 seconds
[2025-04-23T21:39:28.723+0800] {processor.py:186} INFO - Started process (PID=32489) to work on /Users/yueyaoz/Downloads/IS3107-FinSum/.airflow/lib/python3.10/site-packages/airflow/example_dags/example_dynamic_task_mapping.py
[2025-04-23T21:39:28.725+0800] {processor.py:914} INFO - Processing file /Users/yueyaoz/Downloads/IS3107-FinSum/.airflow/lib/python3.10/site-packages/airflow/example_dags/example_dynamic_task_mapping.py for tasks to queue
[2025-04-23T21:39:28.725+0800] {logging_mixin.py:190} INFO - [2025-04-23T21:39:28.725+0800] {dagbag.py:588} INFO - Filling up the DagBag from /Users/yueyaoz/Downloads/IS3107-FinSum/.airflow/lib/python3.10/site-packages/airflow/example_dags/example_dynamic_task_mapping.py
[2025-04-23T21:39:28.741+0800] {processor.py:925} INFO - DAG(s) 'example_dynamic_task_mapping' retrieved from /Users/yueyaoz/Downloads/IS3107-FinSum/.airflow/lib/python3.10/site-packages/airflow/example_dags/example_dynamic_task_mapping.py
[2025-04-23T21:39:28.786+0800] {logging_mixin.py:190} INFO - [2025-04-23T21:39:28.786+0800] {dag.py:3239} INFO - Sync 1 DAGs
[2025-04-23T21:39:28.791+0800] {logging_mixin.py:190} INFO - [2025-04-23T21:39:28.791+0800] {dag.py:4180} INFO - Setting next_dagrun for example_dynamic_task_mapping to None, run_after=None
[2025-04-23T21:39:28.799+0800] {processor.py:208} INFO - Processing /Users/yueyaoz/Downloads/IS3107-FinSum/.airflow/lib/python3.10/site-packages/airflow/example_dags/example_dynamic_task_mapping.py took 0.077 seconds
[2025-04-23T21:42:11.823+0800] {processor.py:186} INFO - Started process (PID=32742) to work on /Users/yueyaoz/Downloads/IS3107-FinSum/.airflow/lib/python3.10/site-packages/airflow/example_dags/example_dynamic_task_mapping.py
[2025-04-23T21:42:11.824+0800] {processor.py:914} INFO - Processing file /Users/yueyaoz/Downloads/IS3107-FinSum/.airflow/lib/python3.10/site-packages/airflow/example_dags/example_dynamic_task_mapping.py for tasks to queue
[2025-04-23T21:42:11.825+0800] {logging_mixin.py:190} INFO - [2025-04-23T21:42:11.824+0800] {dagbag.py:588} INFO - Filling up the DagBag from /Users/yueyaoz/Downloads/IS3107-FinSum/.airflow/lib/python3.10/site-packages/airflow/example_dags/example_dynamic_task_mapping.py
[2025-04-23T21:42:11.840+0800] {processor.py:925} INFO - DAG(s) 'example_dynamic_task_mapping' retrieved from /Users/yueyaoz/Downloads/IS3107-FinSum/.airflow/lib/python3.10/site-packages/airflow/example_dags/example_dynamic_task_mapping.py
[2025-04-23T21:42:11.884+0800] {logging_mixin.py:190} INFO - [2025-04-23T21:42:11.884+0800] {dag.py:3239} INFO - Sync 1 DAGs
[2025-04-23T21:42:11.889+0800] {logging_mixin.py:190} INFO - [2025-04-23T21:42:11.889+0800] {dag.py:4180} INFO - Setting next_dagrun for example_dynamic_task_mapping to None, run_after=None
[2025-04-23T21:42:11.897+0800] {processor.py:208} INFO - Processing /Users/yueyaoz/Downloads/IS3107-FinSum/.airflow/lib/python3.10/site-packages/airflow/example_dags/example_dynamic_task_mapping.py took 0.076 seconds
[2025-04-23T21:44:49.190+0800] {processor.py:186} INFO - Started process (PID=32984) to work on /Users/yueyaoz/Downloads/IS3107-FinSum/.airflow/lib/python3.10/site-packages/airflow/example_dags/example_dynamic_task_mapping.py
[2025-04-23T21:44:49.191+0800] {processor.py:914} INFO - Processing file /Users/yueyaoz/Downloads/IS3107-FinSum/.airflow/lib/python3.10/site-packages/airflow/example_dags/example_dynamic_task_mapping.py for tasks to queue
[2025-04-23T21:44:49.192+0800] {logging_mixin.py:190} INFO - [2025-04-23T21:44:49.191+0800] {dagbag.py:588} INFO - Filling up the DagBag from /Users/yueyaoz/Downloads/IS3107-FinSum/.airflow/lib/python3.10/site-packages/airflow/example_dags/example_dynamic_task_mapping.py
[2025-04-23T21:44:49.206+0800] {processor.py:925} INFO - DAG(s) 'example_dynamic_task_mapping' retrieved from /Users/yueyaoz/Downloads/IS3107-FinSum/.airflow/lib/python3.10/site-packages/airflow/example_dags/example_dynamic_task_mapping.py
[2025-04-23T21:44:49.248+0800] {logging_mixin.py:190} INFO - [2025-04-23T21:44:49.247+0800] {dag.py:3239} INFO - Sync 1 DAGs
[2025-04-23T21:44:49.252+0800] {logging_mixin.py:190} INFO - [2025-04-23T21:44:49.252+0800] {dag.py:4180} INFO - Setting next_dagrun for example_dynamic_task_mapping to None, run_after=None
[2025-04-23T21:44:49.259+0800] {processor.py:208} INFO - Processing /Users/yueyaoz/Downloads/IS3107-FinSum/.airflow/lib/python3.10/site-packages/airflow/example_dags/example_dynamic_task_mapping.py took 0.071 seconds
[2025-04-23T21:47:23.206+0800] {processor.py:186} INFO - Started process (PID=33186) to work on /Users/yueyaoz/Downloads/IS3107-FinSum/.airflow/lib/python3.10/site-packages/airflow/example_dags/example_dynamic_task_mapping.py
[2025-04-23T21:47:23.207+0800] {processor.py:914} INFO - Processing file /Users/yueyaoz/Downloads/IS3107-FinSum/.airflow/lib/python3.10/site-packages/airflow/example_dags/example_dynamic_task_mapping.py for tasks to queue
[2025-04-23T21:47:23.207+0800] {logging_mixin.py:190} INFO - [2025-04-23T21:47:23.207+0800] {dagbag.py:588} INFO - Filling up the DagBag from /Users/yueyaoz/Downloads/IS3107-FinSum/.airflow/lib/python3.10/site-packages/airflow/example_dags/example_dynamic_task_mapping.py
[2025-04-23T21:47:23.221+0800] {processor.py:925} INFO - DAG(s) 'example_dynamic_task_mapping' retrieved from /Users/yueyaoz/Downloads/IS3107-FinSum/.airflow/lib/python3.10/site-packages/airflow/example_dags/example_dynamic_task_mapping.py
[2025-04-23T21:47:23.261+0800] {logging_mixin.py:190} INFO - [2025-04-23T21:47:23.261+0800] {dag.py:3239} INFO - Sync 1 DAGs
[2025-04-23T21:47:23.266+0800] {logging_mixin.py:190} INFO - [2025-04-23T21:47:23.266+0800] {dag.py:4180} INFO - Setting next_dagrun for example_dynamic_task_mapping to None, run_after=None
[2025-04-23T21:47:23.272+0800] {processor.py:208} INFO - Processing /Users/yueyaoz/Downloads/IS3107-FinSum/.airflow/lib/python3.10/site-packages/airflow/example_dags/example_dynamic_task_mapping.py took 0.068 seconds
[2025-04-23T21:50:04.999+0800] {processor.py:186} INFO - Started process (PID=33412) to work on /Users/yueyaoz/Downloads/IS3107-FinSum/.airflow/lib/python3.10/site-packages/airflow/example_dags/example_dynamic_task_mapping.py
[2025-04-23T21:50:05.000+0800] {processor.py:914} INFO - Processing file /Users/yueyaoz/Downloads/IS3107-FinSum/.airflow/lib/python3.10/site-packages/airflow/example_dags/example_dynamic_task_mapping.py for tasks to queue
[2025-04-23T21:50:05.001+0800] {logging_mixin.py:190} INFO - [2025-04-23T21:50:05.001+0800] {dagbag.py:588} INFO - Filling up the DagBag from /Users/yueyaoz/Downloads/IS3107-FinSum/.airflow/lib/python3.10/site-packages/airflow/example_dags/example_dynamic_task_mapping.py
[2025-04-23T21:50:05.017+0800] {processor.py:925} INFO - DAG(s) 'example_dynamic_task_mapping' retrieved from /Users/yueyaoz/Downloads/IS3107-FinSum/.airflow/lib/python3.10/site-packages/airflow/example_dags/example_dynamic_task_mapping.py
[2025-04-23T21:50:05.062+0800] {logging_mixin.py:190} INFO - [2025-04-23T21:50:05.062+0800] {dag.py:3239} INFO - Sync 1 DAGs
[2025-04-23T21:50:05.067+0800] {logging_mixin.py:190} INFO - [2025-04-23T21:50:05.067+0800] {dag.py:4180} INFO - Setting next_dagrun for example_dynamic_task_mapping to None, run_after=None
[2025-04-23T21:50:05.075+0800] {processor.py:208} INFO - Processing /Users/yueyaoz/Downloads/IS3107-FinSum/.airflow/lib/python3.10/site-packages/airflow/example_dags/example_dynamic_task_mapping.py took 0.078 seconds
[2025-04-23T21:52:43.821+0800] {processor.py:186} INFO - Started process (PID=33637) to work on /Users/yueyaoz/Downloads/IS3107-FinSum/.airflow/lib/python3.10/site-packages/airflow/example_dags/example_dynamic_task_mapping.py
[2025-04-23T21:52:43.823+0800] {processor.py:914} INFO - Processing file /Users/yueyaoz/Downloads/IS3107-FinSum/.airflow/lib/python3.10/site-packages/airflow/example_dags/example_dynamic_task_mapping.py for tasks to queue
[2025-04-23T21:52:43.823+0800] {logging_mixin.py:190} INFO - [2025-04-23T21:52:43.823+0800] {dagbag.py:588} INFO - Filling up the DagBag from /Users/yueyaoz/Downloads/IS3107-FinSum/.airflow/lib/python3.10/site-packages/airflow/example_dags/example_dynamic_task_mapping.py
[2025-04-23T21:52:43.838+0800] {processor.py:925} INFO - DAG(s) 'example_dynamic_task_mapping' retrieved from /Users/yueyaoz/Downloads/IS3107-FinSum/.airflow/lib/python3.10/site-packages/airflow/example_dags/example_dynamic_task_mapping.py
[2025-04-23T21:52:43.881+0800] {logging_mixin.py:190} INFO - [2025-04-23T21:52:43.881+0800] {dag.py:3239} INFO - Sync 1 DAGs
[2025-04-23T21:52:43.886+0800] {logging_mixin.py:190} INFO - [2025-04-23T21:52:43.886+0800] {dag.py:4180} INFO - Setting next_dagrun for example_dynamic_task_mapping to None, run_after=None
[2025-04-23T21:52:43.893+0800] {processor.py:208} INFO - Processing /Users/yueyaoz/Downloads/IS3107-FinSum/.airflow/lib/python3.10/site-packages/airflow/example_dags/example_dynamic_task_mapping.py took 0.073 seconds
[2025-04-23T21:55:22.549+0800] {processor.py:186} INFO - Started process (PID=33893) to work on /Users/yueyaoz/Downloads/IS3107-FinSum/.airflow/lib/python3.10/site-packages/airflow/example_dags/example_dynamic_task_mapping.py
[2025-04-23T21:55:22.550+0800] {processor.py:914} INFO - Processing file /Users/yueyaoz/Downloads/IS3107-FinSum/.airflow/lib/python3.10/site-packages/airflow/example_dags/example_dynamic_task_mapping.py for tasks to queue
[2025-04-23T21:55:22.551+0800] {logging_mixin.py:190} INFO - [2025-04-23T21:55:22.550+0800] {dagbag.py:588} INFO - Filling up the DagBag from /Users/yueyaoz/Downloads/IS3107-FinSum/.airflow/lib/python3.10/site-packages/airflow/example_dags/example_dynamic_task_mapping.py
[2025-04-23T21:55:22.567+0800] {processor.py:925} INFO - DAG(s) 'example_dynamic_task_mapping' retrieved from /Users/yueyaoz/Downloads/IS3107-FinSum/.airflow/lib/python3.10/site-packages/airflow/example_dags/example_dynamic_task_mapping.py
[2025-04-23T21:55:22.610+0800] {logging_mixin.py:190} INFO - [2025-04-23T21:55:22.610+0800] {dag.py:3239} INFO - Sync 1 DAGs
[2025-04-23T21:55:22.616+0800] {logging_mixin.py:190} INFO - [2025-04-23T21:55:22.616+0800] {dag.py:4180} INFO - Setting next_dagrun for example_dynamic_task_mapping to None, run_after=None
[2025-04-23T21:55:22.624+0800] {processor.py:208} INFO - Processing /Users/yueyaoz/Downloads/IS3107-FinSum/.airflow/lib/python3.10/site-packages/airflow/example_dags/example_dynamic_task_mapping.py took 0.077 seconds
[2025-04-23T21:58:00.437+0800] {processor.py:186} INFO - Started process (PID=34121) to work on /Users/yueyaoz/Downloads/IS3107-FinSum/.airflow/lib/python3.10/site-packages/airflow/example_dags/example_dynamic_task_mapping.py
[2025-04-23T21:58:00.439+0800] {processor.py:914} INFO - Processing file /Users/yueyaoz/Downloads/IS3107-FinSum/.airflow/lib/python3.10/site-packages/airflow/example_dags/example_dynamic_task_mapping.py for tasks to queue
[2025-04-23T21:58:00.439+0800] {logging_mixin.py:190} INFO - [2025-04-23T21:58:00.439+0800] {dagbag.py:588} INFO - Filling up the DagBag from /Users/yueyaoz/Downloads/IS3107-FinSum/.airflow/lib/python3.10/site-packages/airflow/example_dags/example_dynamic_task_mapping.py
[2025-04-23T21:58:00.454+0800] {processor.py:925} INFO - DAG(s) 'example_dynamic_task_mapping' retrieved from /Users/yueyaoz/Downloads/IS3107-FinSum/.airflow/lib/python3.10/site-packages/airflow/example_dags/example_dynamic_task_mapping.py
[2025-04-23T21:58:00.494+0800] {logging_mixin.py:190} INFO - [2025-04-23T21:58:00.494+0800] {dag.py:3239} INFO - Sync 1 DAGs
[2025-04-23T21:58:00.499+0800] {logging_mixin.py:190} INFO - [2025-04-23T21:58:00.499+0800] {dag.py:4180} INFO - Setting next_dagrun for example_dynamic_task_mapping to None, run_after=None
[2025-04-23T21:58:00.506+0800] {processor.py:208} INFO - Processing /Users/yueyaoz/Downloads/IS3107-FinSum/.airflow/lib/python3.10/site-packages/airflow/example_dags/example_dynamic_task_mapping.py took 0.070 seconds
[2025-04-23T22:00:40.485+0800] {processor.py:186} INFO - Started process (PID=34344) to work on /Users/yueyaoz/Downloads/IS3107-FinSum/.airflow/lib/python3.10/site-packages/airflow/example_dags/example_dynamic_task_mapping.py
[2025-04-23T22:00:40.487+0800] {processor.py:914} INFO - Processing file /Users/yueyaoz/Downloads/IS3107-FinSum/.airflow/lib/python3.10/site-packages/airflow/example_dags/example_dynamic_task_mapping.py for tasks to queue
[2025-04-23T22:00:40.487+0800] {logging_mixin.py:190} INFO - [2025-04-23T22:00:40.487+0800] {dagbag.py:588} INFO - Filling up the DagBag from /Users/yueyaoz/Downloads/IS3107-FinSum/.airflow/lib/python3.10/site-packages/airflow/example_dags/example_dynamic_task_mapping.py
[2025-04-23T22:00:40.503+0800] {processor.py:925} INFO - DAG(s) 'example_dynamic_task_mapping' retrieved from /Users/yueyaoz/Downloads/IS3107-FinSum/.airflow/lib/python3.10/site-packages/airflow/example_dags/example_dynamic_task_mapping.py
[2025-04-23T22:00:40.545+0800] {logging_mixin.py:190} INFO - [2025-04-23T22:00:40.544+0800] {dag.py:3239} INFO - Sync 1 DAGs
[2025-04-23T22:00:40.549+0800] {logging_mixin.py:190} INFO - [2025-04-23T22:00:40.549+0800] {dag.py:4180} INFO - Setting next_dagrun for example_dynamic_task_mapping to None, run_after=None
[2025-04-23T22:00:40.557+0800] {processor.py:208} INFO - Processing /Users/yueyaoz/Downloads/IS3107-FinSum/.airflow/lib/python3.10/site-packages/airflow/example_dags/example_dynamic_task_mapping.py took 0.073 seconds
[2025-04-23T22:03:22.729+0800] {processor.py:186} INFO - Started process (PID=34597) to work on /Users/yueyaoz/Downloads/IS3107-FinSum/.airflow/lib/python3.10/site-packages/airflow/example_dags/example_dynamic_task_mapping.py
[2025-04-23T22:03:22.730+0800] {processor.py:914} INFO - Processing file /Users/yueyaoz/Downloads/IS3107-FinSum/.airflow/lib/python3.10/site-packages/airflow/example_dags/example_dynamic_task_mapping.py for tasks to queue
[2025-04-23T22:03:22.731+0800] {logging_mixin.py:190} INFO - [2025-04-23T22:03:22.730+0800] {dagbag.py:588} INFO - Filling up the DagBag from /Users/yueyaoz/Downloads/IS3107-FinSum/.airflow/lib/python3.10/site-packages/airflow/example_dags/example_dynamic_task_mapping.py
[2025-04-23T22:03:22.745+0800] {processor.py:925} INFO - DAG(s) 'example_dynamic_task_mapping' retrieved from /Users/yueyaoz/Downloads/IS3107-FinSum/.airflow/lib/python3.10/site-packages/airflow/example_dags/example_dynamic_task_mapping.py
[2025-04-23T22:03:22.788+0800] {logging_mixin.py:190} INFO - [2025-04-23T22:03:22.788+0800] {dag.py:3239} INFO - Sync 1 DAGs
[2025-04-23T22:03:22.794+0800] {logging_mixin.py:190} INFO - [2025-04-23T22:03:22.794+0800] {dag.py:4180} INFO - Setting next_dagrun for example_dynamic_task_mapping to None, run_after=None
[2025-04-23T22:03:22.803+0800] {processor.py:208} INFO - Processing /Users/yueyaoz/Downloads/IS3107-FinSum/.airflow/lib/python3.10/site-packages/airflow/example_dags/example_dynamic_task_mapping.py took 0.075 seconds
[2025-04-23T22:05:58.370+0800] {processor.py:186} INFO - Started process (PID=34803) to work on /Users/yueyaoz/Downloads/IS3107-FinSum/.airflow/lib/python3.10/site-packages/airflow/example_dags/example_dynamic_task_mapping.py
[2025-04-23T22:05:58.371+0800] {processor.py:914} INFO - Processing file /Users/yueyaoz/Downloads/IS3107-FinSum/.airflow/lib/python3.10/site-packages/airflow/example_dags/example_dynamic_task_mapping.py for tasks to queue
[2025-04-23T22:05:58.372+0800] {logging_mixin.py:190} INFO - [2025-04-23T22:05:58.372+0800] {dagbag.py:588} INFO - Filling up the DagBag from /Users/yueyaoz/Downloads/IS3107-FinSum/.airflow/lib/python3.10/site-packages/airflow/example_dags/example_dynamic_task_mapping.py
[2025-04-23T22:05:58.388+0800] {processor.py:925} INFO - DAG(s) 'example_dynamic_task_mapping' retrieved from /Users/yueyaoz/Downloads/IS3107-FinSum/.airflow/lib/python3.10/site-packages/airflow/example_dags/example_dynamic_task_mapping.py
[2025-04-23T22:05:58.432+0800] {logging_mixin.py:190} INFO - [2025-04-23T22:05:58.432+0800] {dag.py:3239} INFO - Sync 1 DAGs
[2025-04-23T22:05:58.438+0800] {logging_mixin.py:190} INFO - [2025-04-23T22:05:58.438+0800] {dag.py:4180} INFO - Setting next_dagrun for example_dynamic_task_mapping to None, run_after=None
[2025-04-23T22:05:58.446+0800] {processor.py:208} INFO - Processing /Users/yueyaoz/Downloads/IS3107-FinSum/.airflow/lib/python3.10/site-packages/airflow/example_dags/example_dynamic_task_mapping.py took 0.077 seconds
[2025-04-23T22:08:37.160+0800] {processor.py:186} INFO - Started process (PID=34997) to work on /Users/yueyaoz/Downloads/IS3107-FinSum/.airflow/lib/python3.10/site-packages/airflow/example_dags/example_dynamic_task_mapping.py
[2025-04-23T22:08:37.162+0800] {processor.py:914} INFO - Processing file /Users/yueyaoz/Downloads/IS3107-FinSum/.airflow/lib/python3.10/site-packages/airflow/example_dags/example_dynamic_task_mapping.py for tasks to queue
[2025-04-23T22:08:37.162+0800] {logging_mixin.py:190} INFO - [2025-04-23T22:08:37.162+0800] {dagbag.py:588} INFO - Filling up the DagBag from /Users/yueyaoz/Downloads/IS3107-FinSum/.airflow/lib/python3.10/site-packages/airflow/example_dags/example_dynamic_task_mapping.py
[2025-04-23T22:08:37.178+0800] {processor.py:925} INFO - DAG(s) 'example_dynamic_task_mapping' retrieved from /Users/yueyaoz/Downloads/IS3107-FinSum/.airflow/lib/python3.10/site-packages/airflow/example_dags/example_dynamic_task_mapping.py
[2025-04-23T22:08:37.219+0800] {logging_mixin.py:190} INFO - [2025-04-23T22:08:37.219+0800] {dag.py:3239} INFO - Sync 1 DAGs
[2025-04-23T22:08:37.223+0800] {logging_mixin.py:190} INFO - [2025-04-23T22:08:37.223+0800] {dag.py:4180} INFO - Setting next_dagrun for example_dynamic_task_mapping to None, run_after=None
[2025-04-23T22:08:37.231+0800] {processor.py:208} INFO - Processing /Users/yueyaoz/Downloads/IS3107-FinSum/.airflow/lib/python3.10/site-packages/airflow/example_dags/example_dynamic_task_mapping.py took 0.072 seconds
[2025-04-23T22:11:10.037+0800] {processor.py:186} INFO - Started process (PID=35189) to work on /Users/yueyaoz/Downloads/IS3107-FinSum/.airflow/lib/python3.10/site-packages/airflow/example_dags/example_dynamic_task_mapping.py
[2025-04-23T22:11:10.038+0800] {processor.py:914} INFO - Processing file /Users/yueyaoz/Downloads/IS3107-FinSum/.airflow/lib/python3.10/site-packages/airflow/example_dags/example_dynamic_task_mapping.py for tasks to queue
[2025-04-23T22:11:10.038+0800] {logging_mixin.py:190} INFO - [2025-04-23T22:11:10.038+0800] {dagbag.py:588} INFO - Filling up the DagBag from /Users/yueyaoz/Downloads/IS3107-FinSum/.airflow/lib/python3.10/site-packages/airflow/example_dags/example_dynamic_task_mapping.py
[2025-04-23T22:11:10.054+0800] {processor.py:925} INFO - DAG(s) 'example_dynamic_task_mapping' retrieved from /Users/yueyaoz/Downloads/IS3107-FinSum/.airflow/lib/python3.10/site-packages/airflow/example_dags/example_dynamic_task_mapping.py
[2025-04-23T22:11:10.097+0800] {logging_mixin.py:190} INFO - [2025-04-23T22:11:10.097+0800] {dag.py:3239} INFO - Sync 1 DAGs
[2025-04-23T22:11:10.103+0800] {logging_mixin.py:190} INFO - [2025-04-23T22:11:10.103+0800] {dag.py:4180} INFO - Setting next_dagrun for example_dynamic_task_mapping to None, run_after=None
[2025-04-23T22:11:10.111+0800] {processor.py:208} INFO - Processing /Users/yueyaoz/Downloads/IS3107-FinSum/.airflow/lib/python3.10/site-packages/airflow/example_dags/example_dynamic_task_mapping.py took 0.075 seconds
[2025-04-23T22:13:46.793+0800] {processor.py:186} INFO - Started process (PID=35439) to work on /Users/yueyaoz/Downloads/IS3107-FinSum/.airflow/lib/python3.10/site-packages/airflow/example_dags/example_dynamic_task_mapping.py
[2025-04-23T22:13:46.794+0800] {processor.py:914} INFO - Processing file /Users/yueyaoz/Downloads/IS3107-FinSum/.airflow/lib/python3.10/site-packages/airflow/example_dags/example_dynamic_task_mapping.py for tasks to queue
[2025-04-23T22:13:46.795+0800] {logging_mixin.py:190} INFO - [2025-04-23T22:13:46.795+0800] {dagbag.py:588} INFO - Filling up the DagBag from /Users/yueyaoz/Downloads/IS3107-FinSum/.airflow/lib/python3.10/site-packages/airflow/example_dags/example_dynamic_task_mapping.py
[2025-04-23T22:13:46.810+0800] {processor.py:925} INFO - DAG(s) 'example_dynamic_task_mapping' retrieved from /Users/yueyaoz/Downloads/IS3107-FinSum/.airflow/lib/python3.10/site-packages/airflow/example_dags/example_dynamic_task_mapping.py
[2025-04-23T22:13:46.854+0800] {logging_mixin.py:190} INFO - [2025-04-23T22:13:46.854+0800] {dag.py:3239} INFO - Sync 1 DAGs
[2025-04-23T22:13:46.859+0800] {logging_mixin.py:190} INFO - [2025-04-23T22:13:46.859+0800] {dag.py:4180} INFO - Setting next_dagrun for example_dynamic_task_mapping to None, run_after=None
[2025-04-23T22:13:46.866+0800] {processor.py:208} INFO - Processing /Users/yueyaoz/Downloads/IS3107-FinSum/.airflow/lib/python3.10/site-packages/airflow/example_dags/example_dynamic_task_mapping.py took 0.075 seconds
[2025-04-23T22:16:23.973+0800] {processor.py:186} INFO - Started process (PID=35635) to work on /Users/yueyaoz/Downloads/IS3107-FinSum/.airflow/lib/python3.10/site-packages/airflow/example_dags/example_dynamic_task_mapping.py
[2025-04-23T22:16:23.974+0800] {processor.py:914} INFO - Processing file /Users/yueyaoz/Downloads/IS3107-FinSum/.airflow/lib/python3.10/site-packages/airflow/example_dags/example_dynamic_task_mapping.py for tasks to queue
[2025-04-23T22:16:23.974+0800] {logging_mixin.py:190} INFO - [2025-04-23T22:16:23.974+0800] {dagbag.py:588} INFO - Filling up the DagBag from /Users/yueyaoz/Downloads/IS3107-FinSum/.airflow/lib/python3.10/site-packages/airflow/example_dags/example_dynamic_task_mapping.py
[2025-04-23T22:16:23.990+0800] {processor.py:925} INFO - DAG(s) 'example_dynamic_task_mapping' retrieved from /Users/yueyaoz/Downloads/IS3107-FinSum/.airflow/lib/python3.10/site-packages/airflow/example_dags/example_dynamic_task_mapping.py
[2025-04-23T22:16:24.032+0800] {logging_mixin.py:190} INFO - [2025-04-23T22:16:24.031+0800] {dag.py:3239} INFO - Sync 1 DAGs
[2025-04-23T22:16:24.036+0800] {logging_mixin.py:190} INFO - [2025-04-23T22:16:24.036+0800] {dag.py:4180} INFO - Setting next_dagrun for example_dynamic_task_mapping to None, run_after=None
[2025-04-23T22:16:24.043+0800] {processor.py:208} INFO - Processing /Users/yueyaoz/Downloads/IS3107-FinSum/.airflow/lib/python3.10/site-packages/airflow/example_dags/example_dynamic_task_mapping.py took 0.072 seconds
[2025-04-23T22:19:01.934+0800] {processor.py:186} INFO - Started process (PID=35832) to work on /Users/yueyaoz/Downloads/IS3107-FinSum/.airflow/lib/python3.10/site-packages/airflow/example_dags/example_dynamic_task_mapping.py
[2025-04-23T22:19:01.934+0800] {processor.py:914} INFO - Processing file /Users/yueyaoz/Downloads/IS3107-FinSum/.airflow/lib/python3.10/site-packages/airflow/example_dags/example_dynamic_task_mapping.py for tasks to queue
[2025-04-23T22:19:01.935+0800] {logging_mixin.py:190} INFO - [2025-04-23T22:19:01.934+0800] {dagbag.py:588} INFO - Filling up the DagBag from /Users/yueyaoz/Downloads/IS3107-FinSum/.airflow/lib/python3.10/site-packages/airflow/example_dags/example_dynamic_task_mapping.py
[2025-04-23T22:19:01.950+0800] {processor.py:925} INFO - DAG(s) 'example_dynamic_task_mapping' retrieved from /Users/yueyaoz/Downloads/IS3107-FinSum/.airflow/lib/python3.10/site-packages/airflow/example_dags/example_dynamic_task_mapping.py
[2025-04-23T22:19:01.992+0800] {logging_mixin.py:190} INFO - [2025-04-23T22:19:01.992+0800] {dag.py:3239} INFO - Sync 1 DAGs
[2025-04-23T22:19:01.997+0800] {logging_mixin.py:190} INFO - [2025-04-23T22:19:01.997+0800] {dag.py:4180} INFO - Setting next_dagrun for example_dynamic_task_mapping to None, run_after=None
[2025-04-23T22:19:02.004+0800] {processor.py:208} INFO - Processing /Users/yueyaoz/Downloads/IS3107-FinSum/.airflow/lib/python3.10/site-packages/airflow/example_dags/example_dynamic_task_mapping.py took 0.072 seconds
[2025-04-23T22:21:39.835+0800] {processor.py:186} INFO - Started process (PID=36069) to work on /Users/yueyaoz/Downloads/IS3107-FinSum/.airflow/lib/python3.10/site-packages/airflow/example_dags/example_dynamic_task_mapping.py
[2025-04-23T22:21:39.836+0800] {processor.py:914} INFO - Processing file /Users/yueyaoz/Downloads/IS3107-FinSum/.airflow/lib/python3.10/site-packages/airflow/example_dags/example_dynamic_task_mapping.py for tasks to queue
[2025-04-23T22:21:39.837+0800] {logging_mixin.py:190} INFO - [2025-04-23T22:21:39.836+0800] {dagbag.py:588} INFO - Filling up the DagBag from /Users/yueyaoz/Downloads/IS3107-FinSum/.airflow/lib/python3.10/site-packages/airflow/example_dags/example_dynamic_task_mapping.py
[2025-04-23T22:21:39.852+0800] {processor.py:925} INFO - DAG(s) 'example_dynamic_task_mapping' retrieved from /Users/yueyaoz/Downloads/IS3107-FinSum/.airflow/lib/python3.10/site-packages/airflow/example_dags/example_dynamic_task_mapping.py
[2025-04-23T22:21:39.894+0800] {logging_mixin.py:190} INFO - [2025-04-23T22:21:39.894+0800] {dag.py:3239} INFO - Sync 1 DAGs
[2025-04-23T22:21:39.899+0800] {logging_mixin.py:190} INFO - [2025-04-23T22:21:39.899+0800] {dag.py:4180} INFO - Setting next_dagrun for example_dynamic_task_mapping to None, run_after=None
[2025-04-23T22:21:39.906+0800] {processor.py:208} INFO - Processing /Users/yueyaoz/Downloads/IS3107-FinSum/.airflow/lib/python3.10/site-packages/airflow/example_dags/example_dynamic_task_mapping.py took 0.073 seconds
[2025-04-23T22:24:17.718+0800] {processor.py:186} INFO - Started process (PID=36270) to work on /Users/yueyaoz/Downloads/IS3107-FinSum/.airflow/lib/python3.10/site-packages/airflow/example_dags/example_dynamic_task_mapping.py
[2025-04-23T22:24:17.719+0800] {processor.py:914} INFO - Processing file /Users/yueyaoz/Downloads/IS3107-FinSum/.airflow/lib/python3.10/site-packages/airflow/example_dags/example_dynamic_task_mapping.py for tasks to queue
[2025-04-23T22:24:17.720+0800] {logging_mixin.py:190} INFO - [2025-04-23T22:24:17.720+0800] {dagbag.py:588} INFO - Filling up the DagBag from /Users/yueyaoz/Downloads/IS3107-FinSum/.airflow/lib/python3.10/site-packages/airflow/example_dags/example_dynamic_task_mapping.py
[2025-04-23T22:24:17.735+0800] {processor.py:925} INFO - DAG(s) 'example_dynamic_task_mapping' retrieved from /Users/yueyaoz/Downloads/IS3107-FinSum/.airflow/lib/python3.10/site-packages/airflow/example_dags/example_dynamic_task_mapping.py
[2025-04-23T22:24:17.777+0800] {logging_mixin.py:190} INFO - [2025-04-23T22:24:17.777+0800] {dag.py:3239} INFO - Sync 1 DAGs
[2025-04-23T22:24:17.782+0800] {logging_mixin.py:190} INFO - [2025-04-23T22:24:17.782+0800] {dag.py:4180} INFO - Setting next_dagrun for example_dynamic_task_mapping to None, run_after=None
[2025-04-23T22:24:17.789+0800] {processor.py:208} INFO - Processing /Users/yueyaoz/Downloads/IS3107-FinSum/.airflow/lib/python3.10/site-packages/airflow/example_dags/example_dynamic_task_mapping.py took 0.072 seconds
[2025-04-23T22:26:57.597+0800] {processor.py:186} INFO - Started process (PID=36469) to work on /Users/yueyaoz/Downloads/IS3107-FinSum/.airflow/lib/python3.10/site-packages/airflow/example_dags/example_dynamic_task_mapping.py
[2025-04-23T22:26:57.598+0800] {processor.py:914} INFO - Processing file /Users/yueyaoz/Downloads/IS3107-FinSum/.airflow/lib/python3.10/site-packages/airflow/example_dags/example_dynamic_task_mapping.py for tasks to queue
[2025-04-23T22:26:57.598+0800] {logging_mixin.py:190} INFO - [2025-04-23T22:26:57.598+0800] {dagbag.py:588} INFO - Filling up the DagBag from /Users/yueyaoz/Downloads/IS3107-FinSum/.airflow/lib/python3.10/site-packages/airflow/example_dags/example_dynamic_task_mapping.py
[2025-04-23T22:26:57.614+0800] {processor.py:925} INFO - DAG(s) 'example_dynamic_task_mapping' retrieved from /Users/yueyaoz/Downloads/IS3107-FinSum/.airflow/lib/python3.10/site-packages/airflow/example_dags/example_dynamic_task_mapping.py
[2025-04-23T22:26:57.659+0800] {logging_mixin.py:190} INFO - [2025-04-23T22:26:57.659+0800] {dag.py:3239} INFO - Sync 1 DAGs
[2025-04-23T22:26:57.664+0800] {logging_mixin.py:190} INFO - [2025-04-23T22:26:57.664+0800] {dag.py:4180} INFO - Setting next_dagrun for example_dynamic_task_mapping to None, run_after=None
[2025-04-23T22:26:57.672+0800] {processor.py:208} INFO - Processing /Users/yueyaoz/Downloads/IS3107-FinSum/.airflow/lib/python3.10/site-packages/airflow/example_dags/example_dynamic_task_mapping.py took 0.076 seconds
[2025-04-23T22:29:31.852+0800] {processor.py:186} INFO - Started process (PID=36691) to work on /Users/yueyaoz/Downloads/IS3107-FinSum/.airflow/lib/python3.10/site-packages/airflow/example_dags/example_dynamic_task_mapping.py
[2025-04-23T22:29:31.853+0800] {processor.py:914} INFO - Processing file /Users/yueyaoz/Downloads/IS3107-FinSum/.airflow/lib/python3.10/site-packages/airflow/example_dags/example_dynamic_task_mapping.py for tasks to queue
[2025-04-23T22:29:31.853+0800] {logging_mixin.py:190} INFO - [2025-04-23T22:29:31.853+0800] {dagbag.py:588} INFO - Filling up the DagBag from /Users/yueyaoz/Downloads/IS3107-FinSum/.airflow/lib/python3.10/site-packages/airflow/example_dags/example_dynamic_task_mapping.py
[2025-04-23T22:29:31.877+0800] {processor.py:925} INFO - DAG(s) 'example_dynamic_task_mapping' retrieved from /Users/yueyaoz/Downloads/IS3107-FinSum/.airflow/lib/python3.10/site-packages/airflow/example_dags/example_dynamic_task_mapping.py
[2025-04-23T22:29:31.923+0800] {logging_mixin.py:190} INFO - [2025-04-23T22:29:31.922+0800] {dag.py:3239} INFO - Sync 1 DAGs
[2025-04-23T22:29:31.928+0800] {logging_mixin.py:190} INFO - [2025-04-23T22:29:31.928+0800] {dag.py:4180} INFO - Setting next_dagrun for example_dynamic_task_mapping to None, run_after=None
[2025-04-23T22:29:31.936+0800] {processor.py:208} INFO - Processing /Users/yueyaoz/Downloads/IS3107-FinSum/.airflow/lib/python3.10/site-packages/airflow/example_dags/example_dynamic_task_mapping.py took 0.086 seconds
[2025-04-23T22:32:16.185+0800] {processor.py:186} INFO - Started process (PID=36918) to work on /Users/yueyaoz/Downloads/IS3107-FinSum/.airflow/lib/python3.10/site-packages/airflow/example_dags/example_dynamic_task_mapping.py
[2025-04-23T22:32:16.187+0800] {processor.py:914} INFO - Processing file /Users/yueyaoz/Downloads/IS3107-FinSum/.airflow/lib/python3.10/site-packages/airflow/example_dags/example_dynamic_task_mapping.py for tasks to queue
[2025-04-23T22:32:16.187+0800] {logging_mixin.py:190} INFO - [2025-04-23T22:32:16.187+0800] {dagbag.py:588} INFO - Filling up the DagBag from /Users/yueyaoz/Downloads/IS3107-FinSum/.airflow/lib/python3.10/site-packages/airflow/example_dags/example_dynamic_task_mapping.py
[2025-04-23T22:32:16.203+0800] {processor.py:925} INFO - DAG(s) 'example_dynamic_task_mapping' retrieved from /Users/yueyaoz/Downloads/IS3107-FinSum/.airflow/lib/python3.10/site-packages/airflow/example_dags/example_dynamic_task_mapping.py
[2025-04-23T22:32:16.246+0800] {logging_mixin.py:190} INFO - [2025-04-23T22:32:16.245+0800] {dag.py:3239} INFO - Sync 1 DAGs
[2025-04-23T22:32:16.250+0800] {logging_mixin.py:190} INFO - [2025-04-23T22:32:16.250+0800] {dag.py:4180} INFO - Setting next_dagrun for example_dynamic_task_mapping to None, run_after=None
[2025-04-23T22:32:16.257+0800] {processor.py:208} INFO - Processing /Users/yueyaoz/Downloads/IS3107-FinSum/.airflow/lib/python3.10/site-packages/airflow/example_dags/example_dynamic_task_mapping.py took 0.073 seconds
[2025-04-23T22:34:50.050+0800] {processor.py:186} INFO - Started process (PID=37117) to work on /Users/yueyaoz/Downloads/IS3107-FinSum/.airflow/lib/python3.10/site-packages/airflow/example_dags/example_dynamic_task_mapping.py
[2025-04-23T22:34:50.052+0800] {processor.py:914} INFO - Processing file /Users/yueyaoz/Downloads/IS3107-FinSum/.airflow/lib/python3.10/site-packages/airflow/example_dags/example_dynamic_task_mapping.py for tasks to queue
[2025-04-23T22:34:50.052+0800] {logging_mixin.py:190} INFO - [2025-04-23T22:34:50.052+0800] {dagbag.py:588} INFO - Filling up the DagBag from /Users/yueyaoz/Downloads/IS3107-FinSum/.airflow/lib/python3.10/site-packages/airflow/example_dags/example_dynamic_task_mapping.py
[2025-04-23T22:34:50.067+0800] {processor.py:925} INFO - DAG(s) 'example_dynamic_task_mapping' retrieved from /Users/yueyaoz/Downloads/IS3107-FinSum/.airflow/lib/python3.10/site-packages/airflow/example_dags/example_dynamic_task_mapping.py
[2025-04-23T22:34:50.107+0800] {logging_mixin.py:190} INFO - [2025-04-23T22:34:50.107+0800] {dag.py:3239} INFO - Sync 1 DAGs
[2025-04-23T22:34:50.111+0800] {logging_mixin.py:190} INFO - [2025-04-23T22:34:50.111+0800] {dag.py:4180} INFO - Setting next_dagrun for example_dynamic_task_mapping to None, run_after=None
[2025-04-23T22:34:50.118+0800] {processor.py:208} INFO - Processing /Users/yueyaoz/Downloads/IS3107-FinSum/.airflow/lib/python3.10/site-packages/airflow/example_dags/example_dynamic_task_mapping.py took 0.069 seconds
[2025-04-23T22:37:22.774+0800] {processor.py:186} INFO - Started process (PID=37312) to work on /Users/yueyaoz/Downloads/IS3107-FinSum/.airflow/lib/python3.10/site-packages/airflow/example_dags/example_dynamic_task_mapping.py
[2025-04-23T22:37:22.776+0800] {processor.py:914} INFO - Processing file /Users/yueyaoz/Downloads/IS3107-FinSum/.airflow/lib/python3.10/site-packages/airflow/example_dags/example_dynamic_task_mapping.py for tasks to queue
[2025-04-23T22:37:22.776+0800] {logging_mixin.py:190} INFO - [2025-04-23T22:37:22.776+0800] {dagbag.py:588} INFO - Filling up the DagBag from /Users/yueyaoz/Downloads/IS3107-FinSum/.airflow/lib/python3.10/site-packages/airflow/example_dags/example_dynamic_task_mapping.py
[2025-04-23T22:37:22.792+0800] {processor.py:925} INFO - DAG(s) 'example_dynamic_task_mapping' retrieved from /Users/yueyaoz/Downloads/IS3107-FinSum/.airflow/lib/python3.10/site-packages/airflow/example_dags/example_dynamic_task_mapping.py
[2025-04-23T22:37:22.834+0800] {logging_mixin.py:190} INFO - [2025-04-23T22:37:22.834+0800] {dag.py:3239} INFO - Sync 1 DAGs
[2025-04-23T22:37:22.839+0800] {logging_mixin.py:190} INFO - [2025-04-23T22:37:22.839+0800] {dag.py:4180} INFO - Setting next_dagrun for example_dynamic_task_mapping to None, run_after=None
[2025-04-23T22:37:22.846+0800] {processor.py:208} INFO - Processing /Users/yueyaoz/Downloads/IS3107-FinSum/.airflow/lib/python3.10/site-packages/airflow/example_dags/example_dynamic_task_mapping.py took 0.073 seconds
[2025-04-23T22:55:51.355+0800] {processor.py:186} INFO - Started process (PID=37546) to work on /Users/yueyaoz/Downloads/IS3107-FinSum/.airflow/lib/python3.10/site-packages/airflow/example_dags/example_dynamic_task_mapping.py
[2025-04-23T22:55:51.356+0800] {processor.py:914} INFO - Processing file /Users/yueyaoz/Downloads/IS3107-FinSum/.airflow/lib/python3.10/site-packages/airflow/example_dags/example_dynamic_task_mapping.py for tasks to queue
[2025-04-23T22:55:51.356+0800] {logging_mixin.py:190} INFO - [2025-04-23T22:55:51.356+0800] {dagbag.py:588} INFO - Filling up the DagBag from /Users/yueyaoz/Downloads/IS3107-FinSum/.airflow/lib/python3.10/site-packages/airflow/example_dags/example_dynamic_task_mapping.py
[2025-04-23T22:55:51.371+0800] {processor.py:925} INFO - DAG(s) 'example_dynamic_task_mapping' retrieved from /Users/yueyaoz/Downloads/IS3107-FinSum/.airflow/lib/python3.10/site-packages/airflow/example_dags/example_dynamic_task_mapping.py
[2025-04-23T22:55:51.411+0800] {logging_mixin.py:190} INFO - [2025-04-23T22:55:51.411+0800] {dag.py:3239} INFO - Sync 1 DAGs
[2025-04-23T22:55:51.415+0800] {logging_mixin.py:190} INFO - [2025-04-23T22:55:51.415+0800] {dag.py:4180} INFO - Setting next_dagrun for example_dynamic_task_mapping to None, run_after=None
[2025-04-23T22:55:51.422+0800] {processor.py:208} INFO - Processing /Users/yueyaoz/Downloads/IS3107-FinSum/.airflow/lib/python3.10/site-packages/airflow/example_dags/example_dynamic_task_mapping.py took 0.069 seconds
[2025-04-23T23:14:10.601+0800] {processor.py:186} INFO - Started process (PID=37766) to work on /Users/yueyaoz/Downloads/IS3107-FinSum/.airflow/lib/python3.10/site-packages/airflow/example_dags/example_dynamic_task_mapping.py
[2025-04-23T23:14:10.602+0800] {processor.py:914} INFO - Processing file /Users/yueyaoz/Downloads/IS3107-FinSum/.airflow/lib/python3.10/site-packages/airflow/example_dags/example_dynamic_task_mapping.py for tasks to queue
[2025-04-23T23:14:10.602+0800] {logging_mixin.py:190} INFO - [2025-04-23T23:14:10.602+0800] {dagbag.py:588} INFO - Filling up the DagBag from /Users/yueyaoz/Downloads/IS3107-FinSum/.airflow/lib/python3.10/site-packages/airflow/example_dags/example_dynamic_task_mapping.py
[2025-04-23T23:14:10.617+0800] {processor.py:925} INFO - DAG(s) 'example_dynamic_task_mapping' retrieved from /Users/yueyaoz/Downloads/IS3107-FinSum/.airflow/lib/python3.10/site-packages/airflow/example_dags/example_dynamic_task_mapping.py
[2025-04-23T23:14:10.657+0800] {logging_mixin.py:190} INFO - [2025-04-23T23:14:10.657+0800] {dag.py:3239} INFO - Sync 1 DAGs
[2025-04-23T23:14:10.662+0800] {logging_mixin.py:190} INFO - [2025-04-23T23:14:10.662+0800] {dag.py:4180} INFO - Setting next_dagrun for example_dynamic_task_mapping to None, run_after=None
[2025-04-23T23:14:10.669+0800] {processor.py:208} INFO - Processing /Users/yueyaoz/Downloads/IS3107-FinSum/.airflow/lib/python3.10/site-packages/airflow/example_dags/example_dynamic_task_mapping.py took 0.069 seconds
[2025-04-23T23:32:56.975+0800] {processor.py:186} INFO - Started process (PID=37969) to work on /Users/yueyaoz/Downloads/IS3107-FinSum/.airflow/lib/python3.10/site-packages/airflow/example_dags/example_dynamic_task_mapping.py
[2025-04-23T23:32:56.976+0800] {processor.py:914} INFO - Processing file /Users/yueyaoz/Downloads/IS3107-FinSum/.airflow/lib/python3.10/site-packages/airflow/example_dags/example_dynamic_task_mapping.py for tasks to queue
[2025-04-23T23:32:56.977+0800] {logging_mixin.py:190} INFO - [2025-04-23T23:32:56.976+0800] {dagbag.py:588} INFO - Filling up the DagBag from /Users/yueyaoz/Downloads/IS3107-FinSum/.airflow/lib/python3.10/site-packages/airflow/example_dags/example_dynamic_task_mapping.py
[2025-04-23T23:32:56.991+0800] {processor.py:925} INFO - DAG(s) 'example_dynamic_task_mapping' retrieved from /Users/yueyaoz/Downloads/IS3107-FinSum/.airflow/lib/python3.10/site-packages/airflow/example_dags/example_dynamic_task_mapping.py
[2025-04-23T23:32:57.032+0800] {logging_mixin.py:190} INFO - [2025-04-23T23:32:57.031+0800] {dag.py:3239} INFO - Sync 1 DAGs
[2025-04-23T23:32:57.036+0800] {logging_mixin.py:190} INFO - [2025-04-23T23:32:57.036+0800] {dag.py:4180} INFO - Setting next_dagrun for example_dynamic_task_mapping to None, run_after=None
[2025-04-23T23:32:57.044+0800] {processor.py:208} INFO - Processing /Users/yueyaoz/Downloads/IS3107-FinSum/.airflow/lib/python3.10/site-packages/airflow/example_dags/example_dynamic_task_mapping.py took 0.070 seconds
[2025-04-24T00:06:24.240+0800] {processor.py:186} INFO - Started process (PID=38143) to work on /Users/yueyaoz/Downloads/IS3107-FinSum/.airflow/lib/python3.10/site-packages/airflow/example_dags/example_dynamic_task_mapping.py
[2025-04-24T00:06:24.242+0800] {processor.py:914} INFO - Processing file /Users/yueyaoz/Downloads/IS3107-FinSum/.airflow/lib/python3.10/site-packages/airflow/example_dags/example_dynamic_task_mapping.py for tasks to queue
[2025-04-24T00:06:24.242+0800] {logging_mixin.py:190} INFO - [2025-04-24T00:06:24.242+0800] {dagbag.py:588} INFO - Filling up the DagBag from /Users/yueyaoz/Downloads/IS3107-FinSum/.airflow/lib/python3.10/site-packages/airflow/example_dags/example_dynamic_task_mapping.py
[2025-04-24T00:06:24.257+0800] {processor.py:925} INFO - DAG(s) 'example_dynamic_task_mapping' retrieved from /Users/yueyaoz/Downloads/IS3107-FinSum/.airflow/lib/python3.10/site-packages/airflow/example_dags/example_dynamic_task_mapping.py
[2025-04-24T00:06:24.300+0800] {logging_mixin.py:190} INFO - [2025-04-24T00:06:24.299+0800] {dag.py:3239} INFO - Sync 1 DAGs
[2025-04-24T00:06:24.305+0800] {logging_mixin.py:190} INFO - [2025-04-24T00:06:24.305+0800] {dag.py:4180} INFO - Setting next_dagrun for example_dynamic_task_mapping to None, run_after=None
[2025-04-24T00:06:24.312+0800] {processor.py:208} INFO - Processing /Users/yueyaoz/Downloads/IS3107-FinSum/.airflow/lib/python3.10/site-packages/airflow/example_dags/example_dynamic_task_mapping.py took 0.073 seconds
[2025-04-24T00:09:04.843+0800] {processor.py:186} INFO - Started process (PID=38351) to work on /Users/yueyaoz/Downloads/IS3107-FinSum/.airflow/lib/python3.10/site-packages/airflow/example_dags/example_dynamic_task_mapping.py
[2025-04-24T00:09:04.844+0800] {processor.py:914} INFO - Processing file /Users/yueyaoz/Downloads/IS3107-FinSum/.airflow/lib/python3.10/site-packages/airflow/example_dags/example_dynamic_task_mapping.py for tasks to queue
[2025-04-24T00:09:04.845+0800] {logging_mixin.py:190} INFO - [2025-04-24T00:09:04.845+0800] {dagbag.py:588} INFO - Filling up the DagBag from /Users/yueyaoz/Downloads/IS3107-FinSum/.airflow/lib/python3.10/site-packages/airflow/example_dags/example_dynamic_task_mapping.py
[2025-04-24T00:09:04.860+0800] {processor.py:925} INFO - DAG(s) 'example_dynamic_task_mapping' retrieved from /Users/yueyaoz/Downloads/IS3107-FinSum/.airflow/lib/python3.10/site-packages/airflow/example_dags/example_dynamic_task_mapping.py
[2025-04-24T00:09:04.901+0800] {logging_mixin.py:190} INFO - [2025-04-24T00:09:04.901+0800] {dag.py:3239} INFO - Sync 1 DAGs
[2025-04-24T00:09:04.906+0800] {logging_mixin.py:190} INFO - [2025-04-24T00:09:04.906+0800] {dag.py:4180} INFO - Setting next_dagrun for example_dynamic_task_mapping to None, run_after=None
[2025-04-24T00:09:04.913+0800] {processor.py:208} INFO - Processing /Users/yueyaoz/Downloads/IS3107-FinSum/.airflow/lib/python3.10/site-packages/airflow/example_dags/example_dynamic_task_mapping.py took 0.071 seconds
[2025-04-24T02:23:48.328+0800] {processor.py:186} INFO - Started process (PID=38637) to work on /Users/yueyaoz/Downloads/IS3107-FinSum/.airflow/lib/python3.10/site-packages/airflow/example_dags/example_dynamic_task_mapping.py
[2025-04-24T02:23:48.329+0800] {processor.py:914} INFO - Processing file /Users/yueyaoz/Downloads/IS3107-FinSum/.airflow/lib/python3.10/site-packages/airflow/example_dags/example_dynamic_task_mapping.py for tasks to queue
[2025-04-24T02:23:48.330+0800] {logging_mixin.py:190} INFO - [2025-04-24T02:23:48.329+0800] {dagbag.py:588} INFO - Filling up the DagBag from /Users/yueyaoz/Downloads/IS3107-FinSum/.airflow/lib/python3.10/site-packages/airflow/example_dags/example_dynamic_task_mapping.py
[2025-04-24T02:23:48.344+0800] {processor.py:925} INFO - DAG(s) 'example_dynamic_task_mapping' retrieved from /Users/yueyaoz/Downloads/IS3107-FinSum/.airflow/lib/python3.10/site-packages/airflow/example_dags/example_dynamic_task_mapping.py
[2025-04-24T02:23:48.421+0800] {logging_mixin.py:190} INFO - [2025-04-24T02:23:48.420+0800] {dag.py:3239} INFO - Sync 1 DAGs
[2025-04-24T02:23:48.425+0800] {logging_mixin.py:190} INFO - [2025-04-24T02:23:48.425+0800] {dag.py:4180} INFO - Setting next_dagrun for example_dynamic_task_mapping to None, run_after=None
[2025-04-24T02:23:48.432+0800] {processor.py:208} INFO - Processing /Users/yueyaoz/Downloads/IS3107-FinSum/.airflow/lib/python3.10/site-packages/airflow/example_dags/example_dynamic_task_mapping.py took 0.106 seconds
