[2025-04-25T00:10:25.771+0800] {processor.py:186} INFO - Started process (PID=40801) to work on /Users/yueyaoz/Downloads/IS3107-FinSum/.airflow/lib/python3.10/site-packages/airflow/example_dags/example_workday_timetable.py
[2025-04-25T00:10:25.771+0800] {processor.py:914} INFO - Processing file /Users/yueyaoz/Downloads/IS3107-FinSum/.airflow/lib/python3.10/site-packages/airflow/example_dags/example_workday_timetable.py for tasks to queue
[2025-04-25T00:10:25.771+0800] {logging_mixin.py:190} INFO - [2025-04-25T00:10:25.771+0800] {dagbag.py:588} INFO - Filling up the DagBag from /Users/yueyaoz/Downloads/IS3107-FinSum/.airflow/lib/python3.10/site-packages/airflow/example_dags/example_workday_timetable.py
[2025-04-25T00:10:26.025+0800] {processor.py:925} INFO - DAG(s) 'example_workday_timetable' retrieved from /Users/yueyaoz/Downloads/IS3107-FinSum/.airflow/lib/python3.10/site-packages/airflow/example_dags/example_workday_timetable.py
[2025-04-25T00:10:26.116+0800] {logging_mixin.py:190} INFO - [2025-04-25T00:10:26.115+0800] {dag.py:3239} INFO - Sync 1 DAGs
[2025-04-25T00:10:26.136+0800] {logging_mixin.py:190} INFO - [2025-04-25T00:10:26.136+0800] {dag.py:4180} INFO - Setting next_dagrun for example_workday_timetable to 2021-01-04 00:00:00+00:00, run_after=2021-01-05 00:00:00+00:00
[2025-04-25T00:10:26.143+0800] {processor.py:208} INFO - Processing /Users/yueyaoz/Downloads/IS3107-FinSum/.airflow/lib/python3.10/site-packages/airflow/example_dags/example_workday_timetable.py took 0.374 seconds
[2025-04-25T00:12:11.767+0800] {processor.py:186} INFO - Started process (PID=40944) to work on /Users/yueyaoz/Downloads/IS3107-FinSum/.airflow/lib/python3.10/site-packages/airflow/example_dags/example_workday_timetable.py
[2025-04-25T00:12:11.768+0800] {processor.py:914} INFO - Processing file /Users/yueyaoz/Downloads/IS3107-FinSum/.airflow/lib/python3.10/site-packages/airflow/example_dags/example_workday_timetable.py for tasks to queue
[2025-04-25T00:12:11.768+0800] {logging_mixin.py:190} INFO - [2025-04-25T00:12:11.768+0800] {dagbag.py:588} INFO - Filling up the DagBag from /Users/yueyaoz/Downloads/IS3107-FinSum/.airflow/lib/python3.10/site-packages/airflow/example_dags/example_workday_timetable.py
[2025-04-25T00:12:12.007+0800] {processor.py:925} INFO - DAG(s) 'example_workday_timetable' retrieved from /Users/yueyaoz/Downloads/IS3107-FinSum/.airflow/lib/python3.10/site-packages/airflow/example_dags/example_workday_timetable.py
[2025-04-25T00:12:12.097+0800] {logging_mixin.py:190} INFO - [2025-04-25T00:12:12.097+0800] {dag.py:3239} INFO - Sync 1 DAGs
[2025-04-25T00:12:12.118+0800] {logging_mixin.py:190} INFO - [2025-04-25T00:12:12.118+0800] {dag.py:4180} INFO - Setting next_dagrun for example_workday_timetable to 2021-01-04 00:00:00+00:00, run_after=2021-01-05 00:00:00+00:00
[2025-04-25T00:12:12.125+0800] {processor.py:208} INFO - Processing /Users/yueyaoz/Downloads/IS3107-FinSum/.airflow/lib/python3.10/site-packages/airflow/example_dags/example_workday_timetable.py took 0.359 seconds
[2025-04-25T00:13:30.643+0800] {processor.py:186} INFO - Started process (PID=41041) to work on /Users/yueyaoz/Downloads/IS3107-FinSum/.airflow/lib/python3.10/site-packages/airflow/example_dags/example_workday_timetable.py
[2025-04-25T00:13:30.644+0800] {processor.py:914} INFO - Processing file /Users/yueyaoz/Downloads/IS3107-FinSum/.airflow/lib/python3.10/site-packages/airflow/example_dags/example_workday_timetable.py for tasks to queue
[2025-04-25T00:13:30.644+0800] {logging_mixin.py:190} INFO - [2025-04-25T00:13:30.644+0800] {dagbag.py:588} INFO - Filling up the DagBag from /Users/yueyaoz/Downloads/IS3107-FinSum/.airflow/lib/python3.10/site-packages/airflow/example_dags/example_workday_timetable.py
[2025-04-25T00:13:30.892+0800] {processor.py:925} INFO - DAG(s) 'example_workday_timetable' retrieved from /Users/yueyaoz/Downloads/IS3107-FinSum/.airflow/lib/python3.10/site-packages/airflow/example_dags/example_workday_timetable.py
[2025-04-25T00:13:30.983+0800] {logging_mixin.py:190} INFO - [2025-04-25T00:13:30.983+0800] {dag.py:3239} INFO - Sync 1 DAGs
[2025-04-25T00:13:31.003+0800] {logging_mixin.py:190} INFO - [2025-04-25T00:13:31.003+0800] {dag.py:4180} INFO - Setting next_dagrun for example_workday_timetable to 2021-01-04 00:00:00+00:00, run_after=2021-01-05 00:00:00+00:00
[2025-04-25T00:13:31.010+0800] {processor.py:208} INFO - Processing /Users/yueyaoz/Downloads/IS3107-FinSum/.airflow/lib/python3.10/site-packages/airflow/example_dags/example_workday_timetable.py took 0.368 seconds
[2025-04-25T00:14:52.517+0800] {processor.py:186} INFO - Started process (PID=41139) to work on /Users/yueyaoz/Downloads/IS3107-FinSum/.airflow/lib/python3.10/site-packages/airflow/example_dags/example_workday_timetable.py
[2025-04-25T00:14:52.517+0800] {processor.py:914} INFO - Processing file /Users/yueyaoz/Downloads/IS3107-FinSum/.airflow/lib/python3.10/site-packages/airflow/example_dags/example_workday_timetable.py for tasks to queue
[2025-04-25T00:14:52.517+0800] {logging_mixin.py:190} INFO - [2025-04-25T00:14:52.517+0800] {dagbag.py:588} INFO - Filling up the DagBag from /Users/yueyaoz/Downloads/IS3107-FinSum/.airflow/lib/python3.10/site-packages/airflow/example_dags/example_workday_timetable.py
[2025-04-25T00:14:52.759+0800] {processor.py:925} INFO - DAG(s) 'example_workday_timetable' retrieved from /Users/yueyaoz/Downloads/IS3107-FinSum/.airflow/lib/python3.10/site-packages/airflow/example_dags/example_workday_timetable.py
[2025-04-25T00:14:52.843+0800] {logging_mixin.py:190} INFO - [2025-04-25T00:14:52.843+0800] {dag.py:3239} INFO - Sync 1 DAGs
[2025-04-25T00:14:52.863+0800] {logging_mixin.py:190} INFO - [2025-04-25T00:14:52.862+0800] {dag.py:4180} INFO - Setting next_dagrun for example_workday_timetable to 2021-01-04 00:00:00+00:00, run_after=2021-01-05 00:00:00+00:00
[2025-04-25T00:14:52.870+0800] {processor.py:208} INFO - Processing /Users/yueyaoz/Downloads/IS3107-FinSum/.airflow/lib/python3.10/site-packages/airflow/example_dags/example_workday_timetable.py took 0.355 seconds
[2025-04-25T00:16:13.722+0800] {processor.py:186} INFO - Started process (PID=41251) to work on /Users/yueyaoz/Downloads/IS3107-FinSum/.airflow/lib/python3.10/site-packages/airflow/example_dags/example_workday_timetable.py
[2025-04-25T00:16:13.722+0800] {processor.py:914} INFO - Processing file /Users/yueyaoz/Downloads/IS3107-FinSum/.airflow/lib/python3.10/site-packages/airflow/example_dags/example_workday_timetable.py for tasks to queue
[2025-04-25T00:16:13.722+0800] {logging_mixin.py:190} INFO - [2025-04-25T00:16:13.722+0800] {dagbag.py:588} INFO - Filling up the DagBag from /Users/yueyaoz/Downloads/IS3107-FinSum/.airflow/lib/python3.10/site-packages/airflow/example_dags/example_workday_timetable.py
[2025-04-25T00:16:13.970+0800] {processor.py:925} INFO - DAG(s) 'example_workday_timetable' retrieved from /Users/yueyaoz/Downloads/IS3107-FinSum/.airflow/lib/python3.10/site-packages/airflow/example_dags/example_workday_timetable.py
[2025-04-25T00:16:14.060+0800] {logging_mixin.py:190} INFO - [2025-04-25T00:16:14.060+0800] {dag.py:3239} INFO - Sync 1 DAGs
[2025-04-25T00:16:14.079+0800] {logging_mixin.py:190} INFO - [2025-04-25T00:16:14.079+0800] {dag.py:4180} INFO - Setting next_dagrun for example_workday_timetable to 2021-01-04 00:00:00+00:00, run_after=2021-01-05 00:00:00+00:00
[2025-04-25T00:16:14.087+0800] {processor.py:208} INFO - Processing /Users/yueyaoz/Downloads/IS3107-FinSum/.airflow/lib/python3.10/site-packages/airflow/example_dags/example_workday_timetable.py took 0.367 seconds
[2025-04-25T00:17:32.870+0800] {processor.py:186} INFO - Started process (PID=41350) to work on /Users/yueyaoz/Downloads/IS3107-FinSum/.airflow/lib/python3.10/site-packages/airflow/example_dags/example_workday_timetable.py
[2025-04-25T00:17:32.871+0800] {processor.py:914} INFO - Processing file /Users/yueyaoz/Downloads/IS3107-FinSum/.airflow/lib/python3.10/site-packages/airflow/example_dags/example_workday_timetable.py for tasks to queue
[2025-04-25T00:17:32.871+0800] {logging_mixin.py:190} INFO - [2025-04-25T00:17:32.871+0800] {dagbag.py:588} INFO - Filling up the DagBag from /Users/yueyaoz/Downloads/IS3107-FinSum/.airflow/lib/python3.10/site-packages/airflow/example_dags/example_workday_timetable.py
[2025-04-25T00:17:33.109+0800] {processor.py:925} INFO - DAG(s) 'example_workday_timetable' retrieved from /Users/yueyaoz/Downloads/IS3107-FinSum/.airflow/lib/python3.10/site-packages/airflow/example_dags/example_workday_timetable.py
[2025-04-25T00:17:33.198+0800] {logging_mixin.py:190} INFO - [2025-04-25T00:17:33.198+0800] {dag.py:3239} INFO - Sync 1 DAGs
[2025-04-25T00:17:33.217+0800] {logging_mixin.py:190} INFO - [2025-04-25T00:17:33.217+0800] {dag.py:4180} INFO - Setting next_dagrun for example_workday_timetable to 2021-01-04 00:00:00+00:00, run_after=2021-01-05 00:00:00+00:00
[2025-04-25T00:17:33.225+0800] {processor.py:208} INFO - Processing /Users/yueyaoz/Downloads/IS3107-FinSum/.airflow/lib/python3.10/site-packages/airflow/example_dags/example_workday_timetable.py took 0.356 seconds
[2025-04-25T00:18:50.305+0800] {processor.py:186} INFO - Started process (PID=41453) to work on /Users/yueyaoz/Downloads/IS3107-FinSum/.airflow/lib/python3.10/site-packages/airflow/example_dags/example_workday_timetable.py
[2025-04-25T00:18:50.305+0800] {processor.py:914} INFO - Processing file /Users/yueyaoz/Downloads/IS3107-FinSum/.airflow/lib/python3.10/site-packages/airflow/example_dags/example_workday_timetable.py for tasks to queue
[2025-04-25T00:18:50.306+0800] {logging_mixin.py:190} INFO - [2025-04-25T00:18:50.306+0800] {dagbag.py:588} INFO - Filling up the DagBag from /Users/yueyaoz/Downloads/IS3107-FinSum/.airflow/lib/python3.10/site-packages/airflow/example_dags/example_workday_timetable.py
[2025-04-25T00:18:50.527+0800] {processor.py:925} INFO - DAG(s) 'example_workday_timetable' retrieved from /Users/yueyaoz/Downloads/IS3107-FinSum/.airflow/lib/python3.10/site-packages/airflow/example_dags/example_workday_timetable.py
[2025-04-25T00:18:50.616+0800] {logging_mixin.py:190} INFO - [2025-04-25T00:18:50.616+0800] {dag.py:3239} INFO - Sync 1 DAGs
[2025-04-25T00:18:50.636+0800] {logging_mixin.py:190} INFO - [2025-04-25T00:18:50.636+0800] {dag.py:4180} INFO - Setting next_dagrun for example_workday_timetable to 2021-01-04 00:00:00+00:00, run_after=2021-01-05 00:00:00+00:00
[2025-04-25T00:18:50.644+0800] {processor.py:208} INFO - Processing /Users/yueyaoz/Downloads/IS3107-FinSum/.airflow/lib/python3.10/site-packages/airflow/example_dags/example_workday_timetable.py took 0.341 seconds
[2025-04-25T00:20:01.754+0800] {processor.py:186} INFO - Started process (PID=41547) to work on /Users/yueyaoz/Downloads/IS3107-FinSum/.airflow/lib/python3.10/site-packages/airflow/example_dags/example_workday_timetable.py
[2025-04-25T00:20:01.754+0800] {processor.py:914} INFO - Processing file /Users/yueyaoz/Downloads/IS3107-FinSum/.airflow/lib/python3.10/site-packages/airflow/example_dags/example_workday_timetable.py for tasks to queue
[2025-04-25T00:20:01.754+0800] {logging_mixin.py:190} INFO - [2025-04-25T00:20:01.754+0800] {dagbag.py:588} INFO - Filling up the DagBag from /Users/yueyaoz/Downloads/IS3107-FinSum/.airflow/lib/python3.10/site-packages/airflow/example_dags/example_workday_timetable.py
[2025-04-25T00:20:01.974+0800] {processor.py:925} INFO - DAG(s) 'example_workday_timetable' retrieved from /Users/yueyaoz/Downloads/IS3107-FinSum/.airflow/lib/python3.10/site-packages/airflow/example_dags/example_workday_timetable.py
[2025-04-25T00:20:02.067+0800] {logging_mixin.py:190} INFO - [2025-04-25T00:20:02.066+0800] {dag.py:3239} INFO - Sync 1 DAGs
[2025-04-25T00:20:02.086+0800] {logging_mixin.py:190} INFO - [2025-04-25T00:20:02.086+0800] {dag.py:4180} INFO - Setting next_dagrun for example_workday_timetable to 2021-01-04 00:00:00+00:00, run_after=2021-01-05 00:00:00+00:00
[2025-04-25T00:20:02.094+0800] {processor.py:208} INFO - Processing /Users/yueyaoz/Downloads/IS3107-FinSum/.airflow/lib/python3.10/site-packages/airflow/example_dags/example_workday_timetable.py took 0.342 seconds
[2025-04-25T00:21:17.446+0800] {processor.py:186} INFO - Started process (PID=41641) to work on /Users/yueyaoz/Downloads/IS3107-FinSum/.airflow/lib/python3.10/site-packages/airflow/example_dags/example_workday_timetable.py
[2025-04-25T00:21:17.447+0800] {processor.py:914} INFO - Processing file /Users/yueyaoz/Downloads/IS3107-FinSum/.airflow/lib/python3.10/site-packages/airflow/example_dags/example_workday_timetable.py for tasks to queue
[2025-04-25T00:21:17.447+0800] {logging_mixin.py:190} INFO - [2025-04-25T00:21:17.447+0800] {dagbag.py:588} INFO - Filling up the DagBag from /Users/yueyaoz/Downloads/IS3107-FinSum/.airflow/lib/python3.10/site-packages/airflow/example_dags/example_workday_timetable.py
[2025-04-25T00:21:17.662+0800] {processor.py:925} INFO - DAG(s) 'example_workday_timetable' retrieved from /Users/yueyaoz/Downloads/IS3107-FinSum/.airflow/lib/python3.10/site-packages/airflow/example_dags/example_workday_timetable.py
[2025-04-25T00:21:17.747+0800] {logging_mixin.py:190} INFO - [2025-04-25T00:21:17.746+0800] {dag.py:3239} INFO - Sync 1 DAGs
[2025-04-25T00:21:17.766+0800] {logging_mixin.py:190} INFO - [2025-04-25T00:21:17.766+0800] {dag.py:4180} INFO - Setting next_dagrun for example_workday_timetable to 2021-01-04 00:00:00+00:00, run_after=2021-01-05 00:00:00+00:00
[2025-04-25T00:21:17.775+0800] {processor.py:208} INFO - Processing /Users/yueyaoz/Downloads/IS3107-FinSum/.airflow/lib/python3.10/site-packages/airflow/example_dags/example_workday_timetable.py took 0.330 seconds
[2025-04-25T00:22:33.164+0800] {processor.py:186} INFO - Started process (PID=41738) to work on /Users/yueyaoz/Downloads/IS3107-FinSum/.airflow/lib/python3.10/site-packages/airflow/example_dags/example_workday_timetable.py
[2025-04-25T00:22:33.165+0800] {processor.py:914} INFO - Processing file /Users/yueyaoz/Downloads/IS3107-FinSum/.airflow/lib/python3.10/site-packages/airflow/example_dags/example_workday_timetable.py for tasks to queue
[2025-04-25T00:22:33.165+0800] {logging_mixin.py:190} INFO - [2025-04-25T00:22:33.165+0800] {dagbag.py:588} INFO - Filling up the DagBag from /Users/yueyaoz/Downloads/IS3107-FinSum/.airflow/lib/python3.10/site-packages/airflow/example_dags/example_workday_timetable.py
[2025-04-25T00:22:33.395+0800] {processor.py:925} INFO - DAG(s) 'example_workday_timetable' retrieved from /Users/yueyaoz/Downloads/IS3107-FinSum/.airflow/lib/python3.10/site-packages/airflow/example_dags/example_workday_timetable.py
[2025-04-25T00:22:33.484+0800] {logging_mixin.py:190} INFO - [2025-04-25T00:22:33.484+0800] {dag.py:3239} INFO - Sync 1 DAGs
[2025-04-25T00:22:33.504+0800] {logging_mixin.py:190} INFO - [2025-04-25T00:22:33.504+0800] {dag.py:4180} INFO - Setting next_dagrun for example_workday_timetable to 2021-01-04 00:00:00+00:00, run_after=2021-01-05 00:00:00+00:00
[2025-04-25T00:22:33.511+0800] {processor.py:208} INFO - Processing /Users/yueyaoz/Downloads/IS3107-FinSum/.airflow/lib/python3.10/site-packages/airflow/example_dags/example_workday_timetable.py took 0.349 seconds
[2025-04-25T00:23:48.051+0800] {processor.py:186} INFO - Started process (PID=41847) to work on /Users/yueyaoz/Downloads/IS3107-FinSum/.airflow/lib/python3.10/site-packages/airflow/example_dags/example_workday_timetable.py
[2025-04-25T00:23:48.052+0800] {processor.py:914} INFO - Processing file /Users/yueyaoz/Downloads/IS3107-FinSum/.airflow/lib/python3.10/site-packages/airflow/example_dags/example_workday_timetable.py for tasks to queue
[2025-04-25T00:23:48.052+0800] {logging_mixin.py:190} INFO - [2025-04-25T00:23:48.052+0800] {dagbag.py:588} INFO - Filling up the DagBag from /Users/yueyaoz/Downloads/IS3107-FinSum/.airflow/lib/python3.10/site-packages/airflow/example_dags/example_workday_timetable.py
[2025-04-25T00:23:48.273+0800] {processor.py:925} INFO - DAG(s) 'example_workday_timetable' retrieved from /Users/yueyaoz/Downloads/IS3107-FinSum/.airflow/lib/python3.10/site-packages/airflow/example_dags/example_workday_timetable.py
[2025-04-25T00:23:48.364+0800] {logging_mixin.py:190} INFO - [2025-04-25T00:23:48.363+0800] {dag.py:3239} INFO - Sync 1 DAGs
[2025-04-25T00:23:48.383+0800] {logging_mixin.py:190} INFO - [2025-04-25T00:23:48.383+0800] {dag.py:4180} INFO - Setting next_dagrun for example_workday_timetable to 2021-01-04 00:00:00+00:00, run_after=2021-01-05 00:00:00+00:00
[2025-04-25T00:23:48.391+0800] {processor.py:208} INFO - Processing /Users/yueyaoz/Downloads/IS3107-FinSum/.airflow/lib/python3.10/site-packages/airflow/example_dags/example_workday_timetable.py took 0.341 seconds
[2025-04-25T00:25:03.422+0800] {processor.py:186} INFO - Started process (PID=41944) to work on /Users/yueyaoz/Downloads/IS3107-FinSum/.airflow/lib/python3.10/site-packages/airflow/example_dags/example_workday_timetable.py
[2025-04-25T00:25:03.422+0800] {processor.py:914} INFO - Processing file /Users/yueyaoz/Downloads/IS3107-FinSum/.airflow/lib/python3.10/site-packages/airflow/example_dags/example_workday_timetable.py for tasks to queue
[2025-04-25T00:25:03.423+0800] {logging_mixin.py:190} INFO - [2025-04-25T00:25:03.423+0800] {dagbag.py:588} INFO - Filling up the DagBag from /Users/yueyaoz/Downloads/IS3107-FinSum/.airflow/lib/python3.10/site-packages/airflow/example_dags/example_workday_timetable.py
[2025-04-25T00:25:03.658+0800] {processor.py:925} INFO - DAG(s) 'example_workday_timetable' retrieved from /Users/yueyaoz/Downloads/IS3107-FinSum/.airflow/lib/python3.10/site-packages/airflow/example_dags/example_workday_timetable.py
[2025-04-25T00:25:03.743+0800] {logging_mixin.py:190} INFO - [2025-04-25T00:25:03.743+0800] {dag.py:3239} INFO - Sync 1 DAGs
[2025-04-25T00:25:03.762+0800] {logging_mixin.py:190} INFO - [2025-04-25T00:25:03.762+0800] {dag.py:4180} INFO - Setting next_dagrun for example_workday_timetable to 2021-01-04 00:00:00+00:00, run_after=2021-01-05 00:00:00+00:00
[2025-04-25T00:25:03.770+0800] {processor.py:208} INFO - Processing /Users/yueyaoz/Downloads/IS3107-FinSum/.airflow/lib/python3.10/site-packages/airflow/example_dags/example_workday_timetable.py took 0.349 seconds
[2025-04-25T00:26:22.713+0800] {processor.py:186} INFO - Started process (PID=42041) to work on /Users/yueyaoz/Downloads/IS3107-FinSum/.airflow/lib/python3.10/site-packages/airflow/example_dags/example_workday_timetable.py
[2025-04-25T00:26:22.713+0800] {processor.py:914} INFO - Processing file /Users/yueyaoz/Downloads/IS3107-FinSum/.airflow/lib/python3.10/site-packages/airflow/example_dags/example_workday_timetable.py for tasks to queue
[2025-04-25T00:26:22.714+0800] {logging_mixin.py:190} INFO - [2025-04-25T00:26:22.714+0800] {dagbag.py:588} INFO - Filling up the DagBag from /Users/yueyaoz/Downloads/IS3107-FinSum/.airflow/lib/python3.10/site-packages/airflow/example_dags/example_workday_timetable.py
[2025-04-25T00:26:22.937+0800] {processor.py:925} INFO - DAG(s) 'example_workday_timetable' retrieved from /Users/yueyaoz/Downloads/IS3107-FinSum/.airflow/lib/python3.10/site-packages/airflow/example_dags/example_workday_timetable.py
[2025-04-25T00:26:23.025+0800] {logging_mixin.py:190} INFO - [2025-04-25T00:26:23.025+0800] {dag.py:3239} INFO - Sync 1 DAGs
[2025-04-25T00:26:23.044+0800] {logging_mixin.py:190} INFO - [2025-04-25T00:26:23.044+0800] {dag.py:4180} INFO - Setting next_dagrun for example_workday_timetable to 2021-01-04 00:00:00+00:00, run_after=2021-01-05 00:00:00+00:00
[2025-04-25T00:26:23.051+0800] {processor.py:208} INFO - Processing /Users/yueyaoz/Downloads/IS3107-FinSum/.airflow/lib/python3.10/site-packages/airflow/example_dags/example_workday_timetable.py took 0.340 seconds
[2025-04-25T00:45:00.443+0800] {processor.py:186} INFO - Started process (PID=42149) to work on /Users/yueyaoz/Downloads/IS3107-FinSum/.airflow/lib/python3.10/site-packages/airflow/example_dags/example_workday_timetable.py
[2025-04-25T00:45:00.443+0800] {processor.py:914} INFO - Processing file /Users/yueyaoz/Downloads/IS3107-FinSum/.airflow/lib/python3.10/site-packages/airflow/example_dags/example_workday_timetable.py for tasks to queue
[2025-04-25T00:45:00.444+0800] {logging_mixin.py:190} INFO - [2025-04-25T00:45:00.444+0800] {dagbag.py:588} INFO - Filling up the DagBag from /Users/yueyaoz/Downloads/IS3107-FinSum/.airflow/lib/python3.10/site-packages/airflow/example_dags/example_workday_timetable.py
[2025-04-25T00:45:00.687+0800] {processor.py:925} INFO - DAG(s) 'example_workday_timetable' retrieved from /Users/yueyaoz/Downloads/IS3107-FinSum/.airflow/lib/python3.10/site-packages/airflow/example_dags/example_workday_timetable.py
[2025-04-25T00:45:00.778+0800] {logging_mixin.py:190} INFO - [2025-04-25T00:45:00.778+0800] {dag.py:3239} INFO - Sync 1 DAGs
[2025-04-25T00:45:00.798+0800] {logging_mixin.py:190} INFO - [2025-04-25T00:45:00.798+0800] {dag.py:4180} INFO - Setting next_dagrun for example_workday_timetable to 2021-01-04 00:00:00+00:00, run_after=2021-01-05 00:00:00+00:00
[2025-04-25T00:45:00.805+0800] {processor.py:208} INFO - Processing /Users/yueyaoz/Downloads/IS3107-FinSum/.airflow/lib/python3.10/site-packages/airflow/example_dags/example_workday_timetable.py took 0.364 seconds
[2025-04-25T01:51:48.218+0800] {processor.py:186} INFO - Started process (PID=42269) to work on /Users/yueyaoz/Downloads/IS3107-FinSum/.airflow/lib/python3.10/site-packages/airflow/example_dags/example_workday_timetable.py
[2025-04-25T01:51:48.219+0800] {processor.py:914} INFO - Processing file /Users/yueyaoz/Downloads/IS3107-FinSum/.airflow/lib/python3.10/site-packages/airflow/example_dags/example_workday_timetable.py for tasks to queue
[2025-04-25T01:51:48.220+0800] {logging_mixin.py:190} INFO - [2025-04-25T01:51:48.220+0800] {dagbag.py:588} INFO - Filling up the DagBag from /Users/yueyaoz/Downloads/IS3107-FinSum/.airflow/lib/python3.10/site-packages/airflow/example_dags/example_workday_timetable.py
[2025-04-25T01:51:48.458+0800] {processor.py:925} INFO - DAG(s) 'example_workday_timetable' retrieved from /Users/yueyaoz/Downloads/IS3107-FinSum/.airflow/lib/python3.10/site-packages/airflow/example_dags/example_workday_timetable.py
[2025-04-25T01:51:48.558+0800] {logging_mixin.py:190} INFO - [2025-04-25T01:51:48.558+0800] {dag.py:3239} INFO - Sync 1 DAGs
[2025-04-25T01:51:48.580+0800] {logging_mixin.py:190} INFO - [2025-04-25T01:51:48.580+0800] {dag.py:4180} INFO - Setting next_dagrun for example_workday_timetable to 2021-01-04 00:00:00+00:00, run_after=2021-01-05 00:00:00+00:00
[2025-04-25T01:51:48.587+0800] {processor.py:208} INFO - Processing /Users/yueyaoz/Downloads/IS3107-FinSum/.airflow/lib/python3.10/site-packages/airflow/example_dags/example_workday_timetable.py took 0.370 seconds
[2025-04-25T01:53:13.138+0800] {processor.py:186} INFO - Started process (PID=42377) to work on /Users/yueyaoz/Downloads/IS3107-FinSum/.airflow/lib/python3.10/site-packages/airflow/example_dags/example_workday_timetable.py
[2025-04-25T01:53:13.139+0800] {processor.py:914} INFO - Processing file /Users/yueyaoz/Downloads/IS3107-FinSum/.airflow/lib/python3.10/site-packages/airflow/example_dags/example_workday_timetable.py for tasks to queue
[2025-04-25T01:53:13.139+0800] {logging_mixin.py:190} INFO - [2025-04-25T01:53:13.139+0800] {dagbag.py:588} INFO - Filling up the DagBag from /Users/yueyaoz/Downloads/IS3107-FinSum/.airflow/lib/python3.10/site-packages/airflow/example_dags/example_workday_timetable.py
[2025-04-25T01:53:13.378+0800] {processor.py:925} INFO - DAG(s) 'example_workday_timetable' retrieved from /Users/yueyaoz/Downloads/IS3107-FinSum/.airflow/lib/python3.10/site-packages/airflow/example_dags/example_workday_timetable.py
[2025-04-25T01:53:13.476+0800] {logging_mixin.py:190} INFO - [2025-04-25T01:53:13.476+0800] {dag.py:3239} INFO - Sync 1 DAGs
[2025-04-25T01:53:13.496+0800] {logging_mixin.py:190} INFO - [2025-04-25T01:53:13.496+0800] {dag.py:4180} INFO - Setting next_dagrun for example_workday_timetable to 2021-01-04 00:00:00+00:00, run_after=2021-01-05 00:00:00+00:00
[2025-04-25T01:53:13.504+0800] {processor.py:208} INFO - Processing /Users/yueyaoz/Downloads/IS3107-FinSum/.airflow/lib/python3.10/site-packages/airflow/example_dags/example_workday_timetable.py took 0.367 seconds
[2025-04-25T02:43:40.850+0800] {processor.py:186} INFO - Started process (PID=42497) to work on /Users/yueyaoz/Downloads/IS3107-FinSum/.airflow/lib/python3.10/site-packages/airflow/example_dags/example_workday_timetable.py
[2025-04-25T02:43:40.851+0800] {processor.py:914} INFO - Processing file /Users/yueyaoz/Downloads/IS3107-FinSum/.airflow/lib/python3.10/site-packages/airflow/example_dags/example_workday_timetable.py for tasks to queue
[2025-04-25T02:43:40.851+0800] {logging_mixin.py:190} INFO - [2025-04-25T02:43:40.851+0800] {dagbag.py:588} INFO - Filling up the DagBag from /Users/yueyaoz/Downloads/IS3107-FinSum/.airflow/lib/python3.10/site-packages/airflow/example_dags/example_workday_timetable.py
[2025-04-25T02:43:41.094+0800] {processor.py:925} INFO - DAG(s) 'example_workday_timetable' retrieved from /Users/yueyaoz/Downloads/IS3107-FinSum/.airflow/lib/python3.10/site-packages/airflow/example_dags/example_workday_timetable.py
[2025-04-25T02:43:41.185+0800] {logging_mixin.py:190} INFO - [2025-04-25T02:43:41.185+0800] {dag.py:3239} INFO - Sync 1 DAGs
[2025-04-25T02:43:41.206+0800] {logging_mixin.py:190} INFO - [2025-04-25T02:43:41.206+0800] {dag.py:4180} INFO - Setting next_dagrun for example_workday_timetable to 2021-01-04 00:00:00+00:00, run_after=2021-01-05 00:00:00+00:00
[2025-04-25T02:59:08.272+0800] {processor.py:208} INFO - Processing /Users/yueyaoz/Downloads/IS3107-FinSum/.airflow/lib/python3.10/site-packages/airflow/example_dags/example_workday_timetable.py took 0.819 seconds
