[2025-04-25T00:10:37.321+0800] {processor.py:186} INFO - Started process (PID=40814) to work on /Users/yueyaoz/Downloads/IS3107-FinSum/.airflow/lib/python3.10/site-packages/airflow/example_dags/example_subdag_operator.py
[2025-04-25T00:10:37.321+0800] {processor.py:914} INFO - Processing file /Users/yueyaoz/Downloads/IS3107-FinSum/.airflow/lib/python3.10/site-packages/airflow/example_dags/example_subdag_operator.py for tasks to queue
[2025-04-25T00:10:37.321+0800] {logging_mixin.py:190} INFO - [2025-04-25T00:10:37.321+0800] {dagbag.py:588} INFO - Filling up the DagBag from /Users/yueyaoz/Downloads/IS3107-FinSum/.airflow/lib/python3.10/site-packages/airflow/example_dags/example_subdag_operator.py
[2025-04-25T00:10:37.366+0800] {processor.py:925} INFO - DAG(s) 'example_subdag_operator.section-1', 'example_subdag_operator.section-2', 'example_subdag_operator' retrieved from /Users/yueyaoz/Downloads/IS3107-FinSum/.airflow/lib/python3.10/site-packages/airflow/example_dags/example_subdag_operator.py
[2025-04-25T00:10:37.657+0800] {logging_mixin.py:190} INFO - [2025-04-25T00:10:37.657+0800] {dag.py:3239} INFO - Sync 3 DAGs
[2025-04-25T00:10:37.665+0800] {logging_mixin.py:190} INFO - [2025-04-25T00:10:37.665+0800] {dag.py:4180} INFO - Setting next_dagrun for example_subdag_operator to 2022-01-01 00:00:00+00:00, run_after=2022-01-01 00:00:00+00:00
[2025-04-25T00:10:37.666+0800] {logging_mixin.py:190} INFO - [2025-04-25T00:10:37.666+0800] {dag.py:4180} INFO - Setting next_dagrun for example_subdag_operator.section-1 to None, run_after=None
[2025-04-25T00:10:37.667+0800] {logging_mixin.py:190} INFO - [2025-04-25T00:10:37.667+0800] {dag.py:4180} INFO - Setting next_dagrun for example_subdag_operator.section-2 to None, run_after=None
[2025-04-25T00:10:37.669+0800] {logging_mixin.py:190} INFO - [2025-04-25T00:10:37.669+0800] {dag.py:3239} INFO - Sync 2 DAGs
[2025-04-25T00:10:37.670+0800] {logging_mixin.py:190} INFO - [2025-04-25T00:10:37.670+0800] {dag.py:4180} INFO - Setting next_dagrun for example_subdag_operator.section-1 to None, run_after=None
[2025-04-25T00:10:37.671+0800] {logging_mixin.py:190} INFO - [2025-04-25T00:10:37.671+0800] {dag.py:4180} INFO - Setting next_dagrun for example_subdag_operator.section-2 to None, run_after=None
[2025-04-25T00:10:37.675+0800] {processor.py:208} INFO - Processing /Users/yueyaoz/Downloads/IS3107-FinSum/.airflow/lib/python3.10/site-packages/airflow/example_dags/example_subdag_operator.py took 0.356 seconds
[2025-04-25T00:12:22.671+0800] {processor.py:186} INFO - Started process (PID=40959) to work on /Users/yueyaoz/Downloads/IS3107-FinSum/.airflow/lib/python3.10/site-packages/airflow/example_dags/example_subdag_operator.py
[2025-04-25T00:12:22.673+0800] {processor.py:914} INFO - Processing file /Users/yueyaoz/Downloads/IS3107-FinSum/.airflow/lib/python3.10/site-packages/airflow/example_dags/example_subdag_operator.py for tasks to queue
[2025-04-25T00:12:22.673+0800] {logging_mixin.py:190} INFO - [2025-04-25T00:12:22.673+0800] {dagbag.py:588} INFO - Filling up the DagBag from /Users/yueyaoz/Downloads/IS3107-FinSum/.airflow/lib/python3.10/site-packages/airflow/example_dags/example_subdag_operator.py
[2025-04-25T00:12:22.716+0800] {processor.py:925} INFO - DAG(s) 'example_subdag_operator.section-1', 'example_subdag_operator.section-2', 'example_subdag_operator' retrieved from /Users/yueyaoz/Downloads/IS3107-FinSum/.airflow/lib/python3.10/site-packages/airflow/example_dags/example_subdag_operator.py
[2025-04-25T00:12:23.030+0800] {logging_mixin.py:190} INFO - [2025-04-25T00:12:23.030+0800] {dag.py:3239} INFO - Sync 3 DAGs
[2025-04-25T00:12:23.038+0800] {logging_mixin.py:190} INFO - [2025-04-25T00:12:23.038+0800] {dag.py:4180} INFO - Setting next_dagrun for example_subdag_operator to 2022-01-01 00:00:00+00:00, run_after=2022-01-01 00:00:00+00:00
[2025-04-25T00:12:23.039+0800] {logging_mixin.py:190} INFO - [2025-04-25T00:12:23.039+0800] {dag.py:4180} INFO - Setting next_dagrun for example_subdag_operator.section-1 to None, run_after=None
[2025-04-25T00:12:23.039+0800] {logging_mixin.py:190} INFO - [2025-04-25T00:12:23.039+0800] {dag.py:4180} INFO - Setting next_dagrun for example_subdag_operator.section-2 to None, run_after=None
[2025-04-25T00:12:23.042+0800] {logging_mixin.py:190} INFO - [2025-04-25T00:12:23.042+0800] {dag.py:3239} INFO - Sync 2 DAGs
[2025-04-25T00:12:23.043+0800] {logging_mixin.py:190} INFO - [2025-04-25T00:12:23.043+0800] {dag.py:4180} INFO - Setting next_dagrun for example_subdag_operator.section-1 to None, run_after=None
[2025-04-25T00:12:23.043+0800] {logging_mixin.py:190} INFO - [2025-04-25T00:12:23.043+0800] {dag.py:4180} INFO - Setting next_dagrun for example_subdag_operator.section-2 to None, run_after=None
[2025-04-25T00:12:23.048+0800] {processor.py:208} INFO - Processing /Users/yueyaoz/Downloads/IS3107-FinSum/.airflow/lib/python3.10/site-packages/airflow/example_dags/example_subdag_operator.py took 0.378 seconds
[2025-04-25T00:13:42.761+0800] {processor.py:186} INFO - Started process (PID=41056) to work on /Users/yueyaoz/Downloads/IS3107-FinSum/.airflow/lib/python3.10/site-packages/airflow/example_dags/example_subdag_operator.py
[2025-04-25T00:13:42.761+0800] {processor.py:914} INFO - Processing file /Users/yueyaoz/Downloads/IS3107-FinSum/.airflow/lib/python3.10/site-packages/airflow/example_dags/example_subdag_operator.py for tasks to queue
[2025-04-25T00:13:42.762+0800] {logging_mixin.py:190} INFO - [2025-04-25T00:13:42.761+0800] {dagbag.py:588} INFO - Filling up the DagBag from /Users/yueyaoz/Downloads/IS3107-FinSum/.airflow/lib/python3.10/site-packages/airflow/example_dags/example_subdag_operator.py
[2025-04-25T00:13:42.805+0800] {processor.py:925} INFO - DAG(s) 'example_subdag_operator.section-1', 'example_subdag_operator.section-2', 'example_subdag_operator' retrieved from /Users/yueyaoz/Downloads/IS3107-FinSum/.airflow/lib/python3.10/site-packages/airflow/example_dags/example_subdag_operator.py
[2025-04-25T00:13:43.079+0800] {logging_mixin.py:190} INFO - [2025-04-25T00:13:43.079+0800] {dag.py:3239} INFO - Sync 3 DAGs
[2025-04-25T00:13:43.088+0800] {logging_mixin.py:190} INFO - [2025-04-25T00:13:43.088+0800] {dag.py:4180} INFO - Setting next_dagrun for example_subdag_operator to 2022-01-01 00:00:00+00:00, run_after=2022-01-01 00:00:00+00:00
[2025-04-25T00:13:43.089+0800] {logging_mixin.py:190} INFO - [2025-04-25T00:13:43.089+0800] {dag.py:4180} INFO - Setting next_dagrun for example_subdag_operator.section-1 to None, run_after=None
[2025-04-25T00:13:43.089+0800] {logging_mixin.py:190} INFO - [2025-04-25T00:13:43.089+0800] {dag.py:4180} INFO - Setting next_dagrun for example_subdag_operator.section-2 to None, run_after=None
[2025-04-25T00:13:43.091+0800] {logging_mixin.py:190} INFO - [2025-04-25T00:13:43.091+0800] {dag.py:3239} INFO - Sync 2 DAGs
[2025-04-25T00:13:43.093+0800] {logging_mixin.py:190} INFO - [2025-04-25T00:13:43.093+0800] {dag.py:4180} INFO - Setting next_dagrun for example_subdag_operator.section-1 to None, run_after=None
[2025-04-25T00:13:43.093+0800] {logging_mixin.py:190} INFO - [2025-04-25T00:13:43.093+0800] {dag.py:4180} INFO - Setting next_dagrun for example_subdag_operator.section-2 to None, run_after=None
[2025-04-25T00:13:43.098+0800] {processor.py:208} INFO - Processing /Users/yueyaoz/Downloads/IS3107-FinSum/.airflow/lib/python3.10/site-packages/airflow/example_dags/example_subdag_operator.py took 0.338 seconds
[2025-04-25T00:15:04.367+0800] {processor.py:186} INFO - Started process (PID=41155) to work on /Users/yueyaoz/Downloads/IS3107-FinSum/.airflow/lib/python3.10/site-packages/airflow/example_dags/example_subdag_operator.py
[2025-04-25T00:15:04.367+0800] {processor.py:914} INFO - Processing file /Users/yueyaoz/Downloads/IS3107-FinSum/.airflow/lib/python3.10/site-packages/airflow/example_dags/example_subdag_operator.py for tasks to queue
[2025-04-25T00:15:04.368+0800] {logging_mixin.py:190} INFO - [2025-04-25T00:15:04.368+0800] {dagbag.py:588} INFO - Filling up the DagBag from /Users/yueyaoz/Downloads/IS3107-FinSum/.airflow/lib/python3.10/site-packages/airflow/example_dags/example_subdag_operator.py
[2025-04-25T00:15:04.412+0800] {processor.py:925} INFO - DAG(s) 'example_subdag_operator.section-1', 'example_subdag_operator.section-2', 'example_subdag_operator' retrieved from /Users/yueyaoz/Downloads/IS3107-FinSum/.airflow/lib/python3.10/site-packages/airflow/example_dags/example_subdag_operator.py
[2025-04-25T00:15:04.701+0800] {logging_mixin.py:190} INFO - [2025-04-25T00:15:04.701+0800] {dag.py:3239} INFO - Sync 3 DAGs
[2025-04-25T00:15:04.709+0800] {logging_mixin.py:190} INFO - [2025-04-25T00:15:04.709+0800] {dag.py:4180} INFO - Setting next_dagrun for example_subdag_operator to 2022-01-01 00:00:00+00:00, run_after=2022-01-01 00:00:00+00:00
[2025-04-25T00:15:04.711+0800] {logging_mixin.py:190} INFO - [2025-04-25T00:15:04.711+0800] {dag.py:4180} INFO - Setting next_dagrun for example_subdag_operator.section-1 to None, run_after=None
[2025-04-25T00:15:04.711+0800] {logging_mixin.py:190} INFO - [2025-04-25T00:15:04.711+0800] {dag.py:4180} INFO - Setting next_dagrun for example_subdag_operator.section-2 to None, run_after=None
[2025-04-25T00:15:04.713+0800] {logging_mixin.py:190} INFO - [2025-04-25T00:15:04.713+0800] {dag.py:3239} INFO - Sync 2 DAGs
[2025-04-25T00:15:04.715+0800] {logging_mixin.py:190} INFO - [2025-04-25T00:15:04.715+0800] {dag.py:4180} INFO - Setting next_dagrun for example_subdag_operator.section-1 to None, run_after=None
[2025-04-25T00:15:04.715+0800] {logging_mixin.py:190} INFO - [2025-04-25T00:15:04.715+0800] {dag.py:4180} INFO - Setting next_dagrun for example_subdag_operator.section-2 to None, run_after=None
[2025-04-25T00:15:04.720+0800] {processor.py:208} INFO - Processing /Users/yueyaoz/Downloads/IS3107-FinSum/.airflow/lib/python3.10/site-packages/airflow/example_dags/example_subdag_operator.py took 0.354 seconds
[2025-04-25T00:16:24.845+0800] {processor.py:186} INFO - Started process (PID=41266) to work on /Users/yueyaoz/Downloads/IS3107-FinSum/.airflow/lib/python3.10/site-packages/airflow/example_dags/example_subdag_operator.py
[2025-04-25T00:16:24.846+0800] {processor.py:914} INFO - Processing file /Users/yueyaoz/Downloads/IS3107-FinSum/.airflow/lib/python3.10/site-packages/airflow/example_dags/example_subdag_operator.py for tasks to queue
[2025-04-25T00:16:24.846+0800] {logging_mixin.py:190} INFO - [2025-04-25T00:16:24.846+0800] {dagbag.py:588} INFO - Filling up the DagBag from /Users/yueyaoz/Downloads/IS3107-FinSum/.airflow/lib/python3.10/site-packages/airflow/example_dags/example_subdag_operator.py
[2025-04-25T00:16:24.890+0800] {processor.py:925} INFO - DAG(s) 'example_subdag_operator.section-1', 'example_subdag_operator.section-2', 'example_subdag_operator' retrieved from /Users/yueyaoz/Downloads/IS3107-FinSum/.airflow/lib/python3.10/site-packages/airflow/example_dags/example_subdag_operator.py
[2025-04-25T00:16:25.160+0800] {logging_mixin.py:190} INFO - [2025-04-25T00:16:25.160+0800] {dag.py:3239} INFO - Sync 3 DAGs
[2025-04-25T00:16:25.173+0800] {logging_mixin.py:190} INFO - [2025-04-25T00:16:25.173+0800] {dag.py:4180} INFO - Setting next_dagrun for example_subdag_operator to 2022-01-01 00:00:00+00:00, run_after=2022-01-01 00:00:00+00:00
[2025-04-25T00:16:25.174+0800] {logging_mixin.py:190} INFO - [2025-04-25T00:16:25.174+0800] {dag.py:4180} INFO - Setting next_dagrun for example_subdag_operator.section-1 to None, run_after=None
[2025-04-25T00:16:25.175+0800] {logging_mixin.py:190} INFO - [2025-04-25T00:16:25.175+0800] {dag.py:4180} INFO - Setting next_dagrun for example_subdag_operator.section-2 to None, run_after=None
[2025-04-25T00:16:25.177+0800] {logging_mixin.py:190} INFO - [2025-04-25T00:16:25.177+0800] {dag.py:3239} INFO - Sync 2 DAGs
[2025-04-25T00:16:25.179+0800] {logging_mixin.py:190} INFO - [2025-04-25T00:16:25.179+0800] {dag.py:4180} INFO - Setting next_dagrun for example_subdag_operator.section-1 to None, run_after=None
[2025-04-25T00:16:25.179+0800] {logging_mixin.py:190} INFO - [2025-04-25T00:16:25.179+0800] {dag.py:4180} INFO - Setting next_dagrun for example_subdag_operator.section-2 to None, run_after=None
[2025-04-25T00:16:25.184+0800] {processor.py:208} INFO - Processing /Users/yueyaoz/Downloads/IS3107-FinSum/.airflow/lib/python3.10/site-packages/airflow/example_dags/example_subdag_operator.py took 0.341 seconds
[2025-04-25T00:17:44.527+0800] {processor.py:186} INFO - Started process (PID=41363) to work on /Users/yueyaoz/Downloads/IS3107-FinSum/.airflow/lib/python3.10/site-packages/airflow/example_dags/example_subdag_operator.py
[2025-04-25T00:17:44.528+0800] {processor.py:914} INFO - Processing file /Users/yueyaoz/Downloads/IS3107-FinSum/.airflow/lib/python3.10/site-packages/airflow/example_dags/example_subdag_operator.py for tasks to queue
[2025-04-25T00:17:44.528+0800] {logging_mixin.py:190} INFO - [2025-04-25T00:17:44.528+0800] {dagbag.py:588} INFO - Filling up the DagBag from /Users/yueyaoz/Downloads/IS3107-FinSum/.airflow/lib/python3.10/site-packages/airflow/example_dags/example_subdag_operator.py
[2025-04-25T00:17:44.574+0800] {processor.py:925} INFO - DAG(s) 'example_subdag_operator.section-1', 'example_subdag_operator.section-2', 'example_subdag_operator' retrieved from /Users/yueyaoz/Downloads/IS3107-FinSum/.airflow/lib/python3.10/site-packages/airflow/example_dags/example_subdag_operator.py
[2025-04-25T00:17:44.852+0800] {logging_mixin.py:190} INFO - [2025-04-25T00:17:44.852+0800] {dag.py:3239} INFO - Sync 3 DAGs
[2025-04-25T00:17:44.859+0800] {logging_mixin.py:190} INFO - [2025-04-25T00:17:44.859+0800] {dag.py:4180} INFO - Setting next_dagrun for example_subdag_operator to 2022-01-01 00:00:00+00:00, run_after=2022-01-01 00:00:00+00:00
[2025-04-25T00:17:44.860+0800] {logging_mixin.py:190} INFO - [2025-04-25T00:17:44.860+0800] {dag.py:4180} INFO - Setting next_dagrun for example_subdag_operator.section-1 to None, run_after=None
[2025-04-25T00:17:44.861+0800] {logging_mixin.py:190} INFO - [2025-04-25T00:17:44.861+0800] {dag.py:4180} INFO - Setting next_dagrun for example_subdag_operator.section-2 to None, run_after=None
[2025-04-25T00:17:44.863+0800] {logging_mixin.py:190} INFO - [2025-04-25T00:17:44.863+0800] {dag.py:3239} INFO - Sync 2 DAGs
[2025-04-25T00:17:44.865+0800] {logging_mixin.py:190} INFO - [2025-04-25T00:17:44.865+0800] {dag.py:4180} INFO - Setting next_dagrun for example_subdag_operator.section-1 to None, run_after=None
[2025-04-25T00:17:44.865+0800] {logging_mixin.py:190} INFO - [2025-04-25T00:17:44.865+0800] {dag.py:4180} INFO - Setting next_dagrun for example_subdag_operator.section-2 to None, run_after=None
[2025-04-25T00:17:44.870+0800] {processor.py:208} INFO - Processing /Users/yueyaoz/Downloads/IS3107-FinSum/.airflow/lib/python3.10/site-packages/airflow/example_dags/example_subdag_operator.py took 0.344 seconds
[2025-04-25T00:19:01.457+0800] {processor.py:186} INFO - Started process (PID=41466) to work on /Users/yueyaoz/Downloads/IS3107-FinSum/.airflow/lib/python3.10/site-packages/airflow/example_dags/example_subdag_operator.py
[2025-04-25T00:19:01.457+0800] {processor.py:914} INFO - Processing file /Users/yueyaoz/Downloads/IS3107-FinSum/.airflow/lib/python3.10/site-packages/airflow/example_dags/example_subdag_operator.py for tasks to queue
[2025-04-25T00:19:01.458+0800] {logging_mixin.py:190} INFO - [2025-04-25T00:19:01.457+0800] {dagbag.py:588} INFO - Filling up the DagBag from /Users/yueyaoz/Downloads/IS3107-FinSum/.airflow/lib/python3.10/site-packages/airflow/example_dags/example_subdag_operator.py
[2025-04-25T00:19:01.502+0800] {processor.py:925} INFO - DAG(s) 'example_subdag_operator.section-1', 'example_subdag_operator.section-2', 'example_subdag_operator' retrieved from /Users/yueyaoz/Downloads/IS3107-FinSum/.airflow/lib/python3.10/site-packages/airflow/example_dags/example_subdag_operator.py
[2025-04-25T00:19:01.775+0800] {logging_mixin.py:190} INFO - [2025-04-25T00:19:01.775+0800] {dag.py:3239} INFO - Sync 3 DAGs
[2025-04-25T00:19:01.783+0800] {logging_mixin.py:190} INFO - [2025-04-25T00:19:01.783+0800] {dag.py:4180} INFO - Setting next_dagrun for example_subdag_operator to 2022-01-01 00:00:00+00:00, run_after=2022-01-01 00:00:00+00:00
[2025-04-25T00:19:01.784+0800] {logging_mixin.py:190} INFO - [2025-04-25T00:19:01.784+0800] {dag.py:4180} INFO - Setting next_dagrun for example_subdag_operator.section-1 to None, run_after=None
[2025-04-25T00:19:01.785+0800] {logging_mixin.py:190} INFO - [2025-04-25T00:19:01.784+0800] {dag.py:4180} INFO - Setting next_dagrun for example_subdag_operator.section-2 to None, run_after=None
[2025-04-25T00:19:01.787+0800] {logging_mixin.py:190} INFO - [2025-04-25T00:19:01.787+0800] {dag.py:3239} INFO - Sync 2 DAGs
[2025-04-25T00:19:01.788+0800] {logging_mixin.py:190} INFO - [2025-04-25T00:19:01.788+0800] {dag.py:4180} INFO - Setting next_dagrun for example_subdag_operator.section-1 to None, run_after=None
[2025-04-25T00:19:01.788+0800] {logging_mixin.py:190} INFO - [2025-04-25T00:19:01.788+0800] {dag.py:4180} INFO - Setting next_dagrun for example_subdag_operator.section-2 to None, run_after=None
[2025-04-25T00:19:01.793+0800] {processor.py:208} INFO - Processing /Users/yueyaoz/Downloads/IS3107-FinSum/.airflow/lib/python3.10/site-packages/airflow/example_dags/example_subdag_operator.py took 0.338 seconds
[2025-04-25T00:20:12.977+0800] {processor.py:186} INFO - Started process (PID=41561) to work on /Users/yueyaoz/Downloads/IS3107-FinSum/.airflow/lib/python3.10/site-packages/airflow/example_dags/example_subdag_operator.py
[2025-04-25T00:20:12.978+0800] {processor.py:914} INFO - Processing file /Users/yueyaoz/Downloads/IS3107-FinSum/.airflow/lib/python3.10/site-packages/airflow/example_dags/example_subdag_operator.py for tasks to queue
[2025-04-25T00:20:12.978+0800] {logging_mixin.py:190} INFO - [2025-04-25T00:20:12.978+0800] {dagbag.py:588} INFO - Filling up the DagBag from /Users/yueyaoz/Downloads/IS3107-FinSum/.airflow/lib/python3.10/site-packages/airflow/example_dags/example_subdag_operator.py
[2025-04-25T00:20:13.022+0800] {processor.py:925} INFO - DAG(s) 'example_subdag_operator.section-1', 'example_subdag_operator.section-2', 'example_subdag_operator' retrieved from /Users/yueyaoz/Downloads/IS3107-FinSum/.airflow/lib/python3.10/site-packages/airflow/example_dags/example_subdag_operator.py
[2025-04-25T00:20:13.283+0800] {logging_mixin.py:190} INFO - [2025-04-25T00:20:13.282+0800] {dag.py:3239} INFO - Sync 3 DAGs
[2025-04-25T00:20:13.298+0800] {logging_mixin.py:190} INFO - [2025-04-25T00:20:13.297+0800] {dag.py:4180} INFO - Setting next_dagrun for example_subdag_operator to 2022-01-01 00:00:00+00:00, run_after=2022-01-01 00:00:00+00:00
[2025-04-25T00:20:13.299+0800] {logging_mixin.py:190} INFO - [2025-04-25T00:20:13.299+0800] {dag.py:4180} INFO - Setting next_dagrun for example_subdag_operator.section-1 to None, run_after=None
[2025-04-25T00:20:13.299+0800] {logging_mixin.py:190} INFO - [2025-04-25T00:20:13.299+0800] {dag.py:4180} INFO - Setting next_dagrun for example_subdag_operator.section-2 to None, run_after=None
[2025-04-25T00:20:13.301+0800] {logging_mixin.py:190} INFO - [2025-04-25T00:20:13.301+0800] {dag.py:3239} INFO - Sync 2 DAGs
[2025-04-25T00:20:13.303+0800] {logging_mixin.py:190} INFO - [2025-04-25T00:20:13.303+0800] {dag.py:4180} INFO - Setting next_dagrun for example_subdag_operator.section-1 to None, run_after=None
[2025-04-25T00:20:13.303+0800] {logging_mixin.py:190} INFO - [2025-04-25T00:20:13.303+0800] {dag.py:4180} INFO - Setting next_dagrun for example_subdag_operator.section-2 to None, run_after=None
[2025-04-25T00:20:13.308+0800] {processor.py:208} INFO - Processing /Users/yueyaoz/Downloads/IS3107-FinSum/.airflow/lib/python3.10/site-packages/airflow/example_dags/example_subdag_operator.py took 0.333 seconds
[2025-04-25T00:21:28.622+0800] {processor.py:186} INFO - Started process (PID=41656) to work on /Users/yueyaoz/Downloads/IS3107-FinSum/.airflow/lib/python3.10/site-packages/airflow/example_dags/example_subdag_operator.py
[2025-04-25T00:21:28.622+0800] {processor.py:914} INFO - Processing file /Users/yueyaoz/Downloads/IS3107-FinSum/.airflow/lib/python3.10/site-packages/airflow/example_dags/example_subdag_operator.py for tasks to queue
[2025-04-25T00:21:28.623+0800] {logging_mixin.py:190} INFO - [2025-04-25T00:21:28.622+0800] {dagbag.py:588} INFO - Filling up the DagBag from /Users/yueyaoz/Downloads/IS3107-FinSum/.airflow/lib/python3.10/site-packages/airflow/example_dags/example_subdag_operator.py
[2025-04-25T00:21:28.667+0800] {processor.py:925} INFO - DAG(s) 'example_subdag_operator.section-1', 'example_subdag_operator.section-2', 'example_subdag_operator' retrieved from /Users/yueyaoz/Downloads/IS3107-FinSum/.airflow/lib/python3.10/site-packages/airflow/example_dags/example_subdag_operator.py
[2025-04-25T00:21:28.957+0800] {logging_mixin.py:190} INFO - [2025-04-25T00:21:28.957+0800] {dag.py:3239} INFO - Sync 3 DAGs
[2025-04-25T00:21:28.966+0800] {logging_mixin.py:190} INFO - [2025-04-25T00:21:28.965+0800] {dag.py:4180} INFO - Setting next_dagrun for example_subdag_operator to 2022-01-01 00:00:00+00:00, run_after=2022-01-01 00:00:00+00:00
[2025-04-25T00:21:28.968+0800] {logging_mixin.py:190} INFO - [2025-04-25T00:21:28.968+0800] {dag.py:4180} INFO - Setting next_dagrun for example_subdag_operator.section-1 to None, run_after=None
[2025-04-25T00:21:28.969+0800] {logging_mixin.py:190} INFO - [2025-04-25T00:21:28.969+0800] {dag.py:4180} INFO - Setting next_dagrun for example_subdag_operator.section-2 to None, run_after=None
[2025-04-25T00:21:28.971+0800] {logging_mixin.py:190} INFO - [2025-04-25T00:21:28.971+0800] {dag.py:3239} INFO - Sync 2 DAGs
[2025-04-25T00:21:28.972+0800] {logging_mixin.py:190} INFO - [2025-04-25T00:21:28.972+0800] {dag.py:4180} INFO - Setting next_dagrun for example_subdag_operator.section-1 to None, run_after=None
[2025-04-25T00:21:28.972+0800] {logging_mixin.py:190} INFO - [2025-04-25T00:21:28.972+0800] {dag.py:4180} INFO - Setting next_dagrun for example_subdag_operator.section-2 to None, run_after=None
[2025-04-25T00:21:28.978+0800] {processor.py:208} INFO - Processing /Users/yueyaoz/Downloads/IS3107-FinSum/.airflow/lib/python3.10/site-packages/airflow/example_dags/example_subdag_operator.py took 0.357 seconds
[2025-04-25T00:22:44.379+0800] {processor.py:186} INFO - Started process (PID=41769) to work on /Users/yueyaoz/Downloads/IS3107-FinSum/.airflow/lib/python3.10/site-packages/airflow/example_dags/example_subdag_operator.py
[2025-04-25T00:22:44.379+0800] {processor.py:914} INFO - Processing file /Users/yueyaoz/Downloads/IS3107-FinSum/.airflow/lib/python3.10/site-packages/airflow/example_dags/example_subdag_operator.py for tasks to queue
[2025-04-25T00:22:44.380+0800] {logging_mixin.py:190} INFO - [2025-04-25T00:22:44.380+0800] {dagbag.py:588} INFO - Filling up the DagBag from /Users/yueyaoz/Downloads/IS3107-FinSum/.airflow/lib/python3.10/site-packages/airflow/example_dags/example_subdag_operator.py
[2025-04-25T00:22:44.424+0800] {processor.py:925} INFO - DAG(s) 'example_subdag_operator.section-1', 'example_subdag_operator.section-2', 'example_subdag_operator' retrieved from /Users/yueyaoz/Downloads/IS3107-FinSum/.airflow/lib/python3.10/site-packages/airflow/example_dags/example_subdag_operator.py
[2025-04-25T00:22:44.704+0800] {logging_mixin.py:190} INFO - [2025-04-25T00:22:44.704+0800] {dag.py:3239} INFO - Sync 3 DAGs
[2025-04-25T00:22:44.712+0800] {logging_mixin.py:190} INFO - [2025-04-25T00:22:44.712+0800] {dag.py:4180} INFO - Setting next_dagrun for example_subdag_operator to 2022-01-01 00:00:00+00:00, run_after=2022-01-01 00:00:00+00:00
[2025-04-25T00:22:44.713+0800] {logging_mixin.py:190} INFO - [2025-04-25T00:22:44.713+0800] {dag.py:4180} INFO - Setting next_dagrun for example_subdag_operator.section-1 to None, run_after=None
[2025-04-25T00:22:44.714+0800] {logging_mixin.py:190} INFO - [2025-04-25T00:22:44.714+0800] {dag.py:4180} INFO - Setting next_dagrun for example_subdag_operator.section-2 to None, run_after=None
[2025-04-25T00:22:44.716+0800] {logging_mixin.py:190} INFO - [2025-04-25T00:22:44.716+0800] {dag.py:3239} INFO - Sync 2 DAGs
[2025-04-25T00:22:44.717+0800] {logging_mixin.py:190} INFO - [2025-04-25T00:22:44.717+0800] {dag.py:4180} INFO - Setting next_dagrun for example_subdag_operator.section-1 to None, run_after=None
[2025-04-25T00:22:44.718+0800] {logging_mixin.py:190} INFO - [2025-04-25T00:22:44.718+0800] {dag.py:4180} INFO - Setting next_dagrun for example_subdag_operator.section-2 to None, run_after=None
[2025-04-25T00:22:44.723+0800] {processor.py:208} INFO - Processing /Users/yueyaoz/Downloads/IS3107-FinSum/.airflow/lib/python3.10/site-packages/airflow/example_dags/example_subdag_operator.py took 0.345 seconds
[2025-04-25T00:23:59.146+0800] {processor.py:186} INFO - Started process (PID=41860) to work on /Users/yueyaoz/Downloads/IS3107-FinSum/.airflow/lib/python3.10/site-packages/airflow/example_dags/example_subdag_operator.py
[2025-04-25T00:23:59.147+0800] {processor.py:914} INFO - Processing file /Users/yueyaoz/Downloads/IS3107-FinSum/.airflow/lib/python3.10/site-packages/airflow/example_dags/example_subdag_operator.py for tasks to queue
[2025-04-25T00:23:59.147+0800] {logging_mixin.py:190} INFO - [2025-04-25T00:23:59.147+0800] {dagbag.py:588} INFO - Filling up the DagBag from /Users/yueyaoz/Downloads/IS3107-FinSum/.airflow/lib/python3.10/site-packages/airflow/example_dags/example_subdag_operator.py
[2025-04-25T00:23:59.191+0800] {processor.py:925} INFO - DAG(s) 'example_subdag_operator.section-1', 'example_subdag_operator.section-2', 'example_subdag_operator' retrieved from /Users/yueyaoz/Downloads/IS3107-FinSum/.airflow/lib/python3.10/site-packages/airflow/example_dags/example_subdag_operator.py
[2025-04-25T00:23:59.465+0800] {logging_mixin.py:190} INFO - [2025-04-25T00:23:59.465+0800] {dag.py:3239} INFO - Sync 3 DAGs
[2025-04-25T00:23:59.473+0800] {logging_mixin.py:190} INFO - [2025-04-25T00:23:59.473+0800] {dag.py:4180} INFO - Setting next_dagrun for example_subdag_operator to 2022-01-01 00:00:00+00:00, run_after=2022-01-01 00:00:00+00:00
[2025-04-25T00:23:59.474+0800] {logging_mixin.py:190} INFO - [2025-04-25T00:23:59.474+0800] {dag.py:4180} INFO - Setting next_dagrun for example_subdag_operator.section-1 to None, run_after=None
[2025-04-25T00:23:59.474+0800] {logging_mixin.py:190} INFO - [2025-04-25T00:23:59.474+0800] {dag.py:4180} INFO - Setting next_dagrun for example_subdag_operator.section-2 to None, run_after=None
[2025-04-25T00:23:59.476+0800] {logging_mixin.py:190} INFO - [2025-04-25T00:23:59.476+0800] {dag.py:3239} INFO - Sync 2 DAGs
[2025-04-25T00:23:59.478+0800] {logging_mixin.py:190} INFO - [2025-04-25T00:23:59.478+0800] {dag.py:4180} INFO - Setting next_dagrun for example_subdag_operator.section-1 to None, run_after=None
[2025-04-25T00:23:59.478+0800] {logging_mixin.py:190} INFO - [2025-04-25T00:23:59.478+0800] {dag.py:4180} INFO - Setting next_dagrun for example_subdag_operator.section-2 to None, run_after=None
[2025-04-25T00:23:59.483+0800] {processor.py:208} INFO - Processing /Users/yueyaoz/Downloads/IS3107-FinSum/.airflow/lib/python3.10/site-packages/airflow/example_dags/example_subdag_operator.py took 0.338 seconds
[2025-04-25T00:25:14.622+0800] {processor.py:186} INFO - Started process (PID=41958) to work on /Users/yueyaoz/Downloads/IS3107-FinSum/.airflow/lib/python3.10/site-packages/airflow/example_dags/example_subdag_operator.py
[2025-04-25T00:25:14.623+0800] {processor.py:914} INFO - Processing file /Users/yueyaoz/Downloads/IS3107-FinSum/.airflow/lib/python3.10/site-packages/airflow/example_dags/example_subdag_operator.py for tasks to queue
[2025-04-25T00:25:14.623+0800] {logging_mixin.py:190} INFO - [2025-04-25T00:25:14.623+0800] {dagbag.py:588} INFO - Filling up the DagBag from /Users/yueyaoz/Downloads/IS3107-FinSum/.airflow/lib/python3.10/site-packages/airflow/example_dags/example_subdag_operator.py
[2025-04-25T00:25:14.666+0800] {processor.py:925} INFO - DAG(s) 'example_subdag_operator.section-1', 'example_subdag_operator.section-2', 'example_subdag_operator' retrieved from /Users/yueyaoz/Downloads/IS3107-FinSum/.airflow/lib/python3.10/site-packages/airflow/example_dags/example_subdag_operator.py
[2025-04-25T00:25:14.938+0800] {logging_mixin.py:190} INFO - [2025-04-25T00:25:14.938+0800] {dag.py:3239} INFO - Sync 3 DAGs
[2025-04-25T00:25:14.946+0800] {logging_mixin.py:190} INFO - [2025-04-25T00:25:14.946+0800] {dag.py:4180} INFO - Setting next_dagrun for example_subdag_operator to 2022-01-01 00:00:00+00:00, run_after=2022-01-01 00:00:00+00:00
[2025-04-25T00:25:14.947+0800] {logging_mixin.py:190} INFO - [2025-04-25T00:25:14.947+0800] {dag.py:4180} INFO - Setting next_dagrun for example_subdag_operator.section-1 to None, run_after=None
[2025-04-25T00:25:14.948+0800] {logging_mixin.py:190} INFO - [2025-04-25T00:25:14.947+0800] {dag.py:4180} INFO - Setting next_dagrun for example_subdag_operator.section-2 to None, run_after=None
[2025-04-25T00:25:14.950+0800] {logging_mixin.py:190} INFO - [2025-04-25T00:25:14.950+0800] {dag.py:3239} INFO - Sync 2 DAGs
[2025-04-25T00:25:14.951+0800] {logging_mixin.py:190} INFO - [2025-04-25T00:25:14.951+0800] {dag.py:4180} INFO - Setting next_dagrun for example_subdag_operator.section-1 to None, run_after=None
[2025-04-25T00:25:14.951+0800] {logging_mixin.py:190} INFO - [2025-04-25T00:25:14.951+0800] {dag.py:4180} INFO - Setting next_dagrun for example_subdag_operator.section-2 to None, run_after=None
[2025-04-25T00:25:14.957+0800] {processor.py:208} INFO - Processing /Users/yueyaoz/Downloads/IS3107-FinSum/.airflow/lib/python3.10/site-packages/airflow/example_dags/example_subdag_operator.py took 0.335 seconds
[2025-04-25T00:26:34.424+0800] {processor.py:186} INFO - Started process (PID=42055) to work on /Users/yueyaoz/Downloads/IS3107-FinSum/.airflow/lib/python3.10/site-packages/airflow/example_dags/example_subdag_operator.py
[2025-04-25T00:26:34.425+0800] {processor.py:914} INFO - Processing file /Users/yueyaoz/Downloads/IS3107-FinSum/.airflow/lib/python3.10/site-packages/airflow/example_dags/example_subdag_operator.py for tasks to queue
[2025-04-25T00:26:34.425+0800] {logging_mixin.py:190} INFO - [2025-04-25T00:26:34.425+0800] {dagbag.py:588} INFO - Filling up the DagBag from /Users/yueyaoz/Downloads/IS3107-FinSum/.airflow/lib/python3.10/site-packages/airflow/example_dags/example_subdag_operator.py
[2025-04-25T00:26:34.470+0800] {processor.py:925} INFO - DAG(s) 'example_subdag_operator.section-1', 'example_subdag_operator.section-2', 'example_subdag_operator' retrieved from /Users/yueyaoz/Downloads/IS3107-FinSum/.airflow/lib/python3.10/site-packages/airflow/example_dags/example_subdag_operator.py
[2025-04-25T00:26:34.755+0800] {logging_mixin.py:190} INFO - [2025-04-25T00:26:34.755+0800] {dag.py:3239} INFO - Sync 3 DAGs
[2025-04-25T00:26:34.764+0800] {logging_mixin.py:190} INFO - [2025-04-25T00:26:34.763+0800] {dag.py:4180} INFO - Setting next_dagrun for example_subdag_operator to 2022-01-01 00:00:00+00:00, run_after=2022-01-01 00:00:00+00:00
[2025-04-25T00:26:34.765+0800] {logging_mixin.py:190} INFO - [2025-04-25T00:26:34.765+0800] {dag.py:4180} INFO - Setting next_dagrun for example_subdag_operator.section-1 to None, run_after=None
[2025-04-25T00:26:34.765+0800] {logging_mixin.py:190} INFO - [2025-04-25T00:26:34.765+0800] {dag.py:4180} INFO - Setting next_dagrun for example_subdag_operator.section-2 to None, run_after=None
[2025-04-25T00:26:34.767+0800] {logging_mixin.py:190} INFO - [2025-04-25T00:26:34.767+0800] {dag.py:3239} INFO - Sync 2 DAGs
[2025-04-25T00:26:34.769+0800] {logging_mixin.py:190} INFO - [2025-04-25T00:26:34.769+0800] {dag.py:4180} INFO - Setting next_dagrun for example_subdag_operator.section-1 to None, run_after=None
[2025-04-25T00:26:34.769+0800] {logging_mixin.py:190} INFO - [2025-04-25T00:26:34.769+0800] {dag.py:4180} INFO - Setting next_dagrun for example_subdag_operator.section-2 to None, run_after=None
[2025-04-25T00:26:34.774+0800] {processor.py:208} INFO - Processing /Users/yueyaoz/Downloads/IS3107-FinSum/.airflow/lib/python3.10/site-packages/airflow/example_dags/example_subdag_operator.py took 0.352 seconds
[2025-04-25T01:01:32.351+0800] {processor.py:186} INFO - Started process (PID=42162) to work on /Users/yueyaoz/Downloads/IS3107-FinSum/.airflow/lib/python3.10/site-packages/airflow/example_dags/example_subdag_operator.py
[2025-04-25T01:01:32.351+0800] {processor.py:914} INFO - Processing file /Users/yueyaoz/Downloads/IS3107-FinSum/.airflow/lib/python3.10/site-packages/airflow/example_dags/example_subdag_operator.py for tasks to queue
[2025-04-25T01:01:32.352+0800] {logging_mixin.py:190} INFO - [2025-04-25T01:01:32.351+0800] {dagbag.py:588} INFO - Filling up the DagBag from /Users/yueyaoz/Downloads/IS3107-FinSum/.airflow/lib/python3.10/site-packages/airflow/example_dags/example_subdag_operator.py
[2025-04-25T01:01:32.402+0800] {processor.py:925} INFO - DAG(s) 'example_subdag_operator.section-1', 'example_subdag_operator.section-2', 'example_subdag_operator' retrieved from /Users/yueyaoz/Downloads/IS3107-FinSum/.airflow/lib/python3.10/site-packages/airflow/example_dags/example_subdag_operator.py
[2025-04-25T01:01:32.745+0800] {logging_mixin.py:190} INFO - [2025-04-25T01:01:32.744+0800] {dag.py:3239} INFO - Sync 3 DAGs
[2025-04-25T01:01:32.752+0800] {logging_mixin.py:190} INFO - [2025-04-25T01:01:32.752+0800] {dag.py:4180} INFO - Setting next_dagrun for example_subdag_operator to 2022-01-01 00:00:00+00:00, run_after=2022-01-01 00:00:00+00:00
[2025-04-25T01:01:32.754+0800] {logging_mixin.py:190} INFO - [2025-04-25T01:01:32.754+0800] {dag.py:4180} INFO - Setting next_dagrun for example_subdag_operator.section-1 to None, run_after=None
[2025-04-25T01:01:32.754+0800] {logging_mixin.py:190} INFO - [2025-04-25T01:01:32.754+0800] {dag.py:4180} INFO - Setting next_dagrun for example_subdag_operator.section-2 to None, run_after=None
[2025-04-25T01:01:32.757+0800] {logging_mixin.py:190} INFO - [2025-04-25T01:01:32.757+0800] {dag.py:3239} INFO - Sync 2 DAGs
[2025-04-25T01:01:32.758+0800] {logging_mixin.py:190} INFO - [2025-04-25T01:01:32.758+0800] {dag.py:4180} INFO - Setting next_dagrun for example_subdag_operator.section-1 to None, run_after=None
[2025-04-25T01:01:32.758+0800] {logging_mixin.py:190} INFO - [2025-04-25T01:01:32.758+0800] {dag.py:4180} INFO - Setting next_dagrun for example_subdag_operator.section-2 to None, run_after=None
[2025-04-25T01:01:32.763+0800] {processor.py:208} INFO - Processing /Users/yueyaoz/Downloads/IS3107-FinSum/.airflow/lib/python3.10/site-packages/airflow/example_dags/example_subdag_operator.py took 0.414 seconds
[2025-04-25T01:51:59.242+0800] {processor.py:186} INFO - Started process (PID=42284) to work on /Users/yueyaoz/Downloads/IS3107-FinSum/.airflow/lib/python3.10/site-packages/airflow/example_dags/example_subdag_operator.py
[2025-04-25T01:51:59.243+0800] {processor.py:914} INFO - Processing file /Users/yueyaoz/Downloads/IS3107-FinSum/.airflow/lib/python3.10/site-packages/airflow/example_dags/example_subdag_operator.py for tasks to queue
[2025-04-25T01:51:59.243+0800] {logging_mixin.py:190} INFO - [2025-04-25T01:51:59.243+0800] {dagbag.py:588} INFO - Filling up the DagBag from /Users/yueyaoz/Downloads/IS3107-FinSum/.airflow/lib/python3.10/site-packages/airflow/example_dags/example_subdag_operator.py
[2025-04-25T01:51:59.287+0800] {processor.py:925} INFO - DAG(s) 'example_subdag_operator.section-1', 'example_subdag_operator.section-2', 'example_subdag_operator' retrieved from /Users/yueyaoz/Downloads/IS3107-FinSum/.airflow/lib/python3.10/site-packages/airflow/example_dags/example_subdag_operator.py
[2025-04-25T01:51:59.585+0800] {logging_mixin.py:190} INFO - [2025-04-25T01:51:59.585+0800] {dag.py:3239} INFO - Sync 3 DAGs
[2025-04-25T01:51:59.593+0800] {logging_mixin.py:190} INFO - [2025-04-25T01:51:59.593+0800] {dag.py:4180} INFO - Setting next_dagrun for example_subdag_operator to 2022-01-01 00:00:00+00:00, run_after=2022-01-01 00:00:00+00:00
[2025-04-25T01:51:59.595+0800] {logging_mixin.py:190} INFO - [2025-04-25T01:51:59.595+0800] {dag.py:4180} INFO - Setting next_dagrun for example_subdag_operator.section-1 to None, run_after=None
[2025-04-25T01:51:59.595+0800] {logging_mixin.py:190} INFO - [2025-04-25T01:51:59.595+0800] {dag.py:4180} INFO - Setting next_dagrun for example_subdag_operator.section-2 to None, run_after=None
[2025-04-25T01:51:59.597+0800] {logging_mixin.py:190} INFO - [2025-04-25T01:51:59.597+0800] {dag.py:3239} INFO - Sync 2 DAGs
[2025-04-25T01:51:59.599+0800] {logging_mixin.py:190} INFO - [2025-04-25T01:51:59.599+0800] {dag.py:4180} INFO - Setting next_dagrun for example_subdag_operator.section-1 to None, run_after=None
[2025-04-25T01:51:59.599+0800] {logging_mixin.py:190} INFO - [2025-04-25T01:51:59.599+0800] {dag.py:4180} INFO - Setting next_dagrun for example_subdag_operator.section-2 to None, run_after=None
[2025-04-25T01:51:59.604+0800] {processor.py:208} INFO - Processing /Users/yueyaoz/Downloads/IS3107-FinSum/.airflow/lib/python3.10/site-packages/airflow/example_dags/example_subdag_operator.py took 0.364 seconds
[2025-04-25T01:53:24.341+0800] {processor.py:186} INFO - Started process (PID=42391) to work on /Users/yueyaoz/Downloads/IS3107-FinSum/.airflow/lib/python3.10/site-packages/airflow/example_dags/example_subdag_operator.py
[2025-04-25T01:53:24.341+0800] {processor.py:914} INFO - Processing file /Users/yueyaoz/Downloads/IS3107-FinSum/.airflow/lib/python3.10/site-packages/airflow/example_dags/example_subdag_operator.py for tasks to queue
[2025-04-25T01:53:24.342+0800] {logging_mixin.py:190} INFO - [2025-04-25T01:53:24.342+0800] {dagbag.py:588} INFO - Filling up the DagBag from /Users/yueyaoz/Downloads/IS3107-FinSum/.airflow/lib/python3.10/site-packages/airflow/example_dags/example_subdag_operator.py
[2025-04-25T01:53:24.387+0800] {processor.py:925} INFO - DAG(s) 'example_subdag_operator.section-1', 'example_subdag_operator.section-2', 'example_subdag_operator' retrieved from /Users/yueyaoz/Downloads/IS3107-FinSum/.airflow/lib/python3.10/site-packages/airflow/example_dags/example_subdag_operator.py
[2025-04-25T01:53:24.676+0800] {logging_mixin.py:190} INFO - [2025-04-25T01:53:24.676+0800] {dag.py:3239} INFO - Sync 3 DAGs
[2025-04-25T01:53:24.684+0800] {logging_mixin.py:190} INFO - [2025-04-25T01:53:24.684+0800] {dag.py:4180} INFO - Setting next_dagrun for example_subdag_operator to 2022-01-01 00:00:00+00:00, run_after=2022-01-01 00:00:00+00:00
[2025-04-25T01:53:24.686+0800] {logging_mixin.py:190} INFO - [2025-04-25T01:53:24.686+0800] {dag.py:4180} INFO - Setting next_dagrun for example_subdag_operator.section-1 to None, run_after=None
[2025-04-25T01:53:24.686+0800] {logging_mixin.py:190} INFO - [2025-04-25T01:53:24.686+0800] {dag.py:4180} INFO - Setting next_dagrun for example_subdag_operator.section-2 to None, run_after=None
[2025-04-25T01:53:24.689+0800] {logging_mixin.py:190} INFO - [2025-04-25T01:53:24.688+0800] {dag.py:3239} INFO - Sync 2 DAGs
[2025-04-25T01:53:24.690+0800] {logging_mixin.py:190} INFO - [2025-04-25T01:53:24.690+0800] {dag.py:4180} INFO - Setting next_dagrun for example_subdag_operator.section-1 to None, run_after=None
[2025-04-25T01:53:24.690+0800] {logging_mixin.py:190} INFO - [2025-04-25T01:53:24.690+0800] {dag.py:4180} INFO - Setting next_dagrun for example_subdag_operator.section-2 to None, run_after=None
[2025-04-25T01:53:24.696+0800] {processor.py:208} INFO - Processing /Users/yueyaoz/Downloads/IS3107-FinSum/.airflow/lib/python3.10/site-packages/airflow/example_dags/example_subdag_operator.py took 0.356 seconds
[2025-04-25T02:59:20.180+0800] {processor.py:186} INFO - Started process (PID=42527) to work on /Users/yueyaoz/Downloads/IS3107-FinSum/.airflow/lib/python3.10/site-packages/airflow/example_dags/example_subdag_operator.py
[2025-04-25T02:59:20.180+0800] {processor.py:914} INFO - Processing file /Users/yueyaoz/Downloads/IS3107-FinSum/.airflow/lib/python3.10/site-packages/airflow/example_dags/example_subdag_operator.py for tasks to queue
[2025-04-25T02:59:20.181+0800] {logging_mixin.py:190} INFO - [2025-04-25T02:59:20.181+0800] {dagbag.py:588} INFO - Filling up the DagBag from /Users/yueyaoz/Downloads/IS3107-FinSum/.airflow/lib/python3.10/site-packages/airflow/example_dags/example_subdag_operator.py
[2025-04-25T02:59:20.224+0800] {processor.py:925} INFO - DAG(s) 'example_subdag_operator.section-1', 'example_subdag_operator.section-2', 'example_subdag_operator' retrieved from /Users/yueyaoz/Downloads/IS3107-FinSum/.airflow/lib/python3.10/site-packages/airflow/example_dags/example_subdag_operator.py
[2025-04-25T02:59:20.549+0800] {logging_mixin.py:190} INFO - [2025-04-25T02:59:20.548+0800] {dag.py:3239} INFO - Sync 3 DAGs
[2025-04-25T02:59:20.556+0800] {logging_mixin.py:190} INFO - [2025-04-25T02:59:20.556+0800] {dag.py:4180} INFO - Setting next_dagrun for example_subdag_operator to 2022-01-01 00:00:00+00:00, run_after=2022-01-01 00:00:00+00:00
[2025-04-25T02:59:20.557+0800] {logging_mixin.py:190} INFO - [2025-04-25T02:59:20.557+0800] {dag.py:4180} INFO - Setting next_dagrun for example_subdag_operator.section-1 to None, run_after=None
[2025-04-25T02:59:20.558+0800] {logging_mixin.py:190} INFO - [2025-04-25T02:59:20.558+0800] {dag.py:4180} INFO - Setting next_dagrun for example_subdag_operator.section-2 to None, run_after=None
[2025-04-25T02:59:20.560+0800] {logging_mixin.py:190} INFO - [2025-04-25T02:59:20.560+0800] {dag.py:3239} INFO - Sync 2 DAGs
[2025-04-25T02:59:20.561+0800] {logging_mixin.py:190} INFO - [2025-04-25T02:59:20.561+0800] {dag.py:4180} INFO - Setting next_dagrun for example_subdag_operator.section-1 to None, run_after=None
[2025-04-25T02:59:20.561+0800] {logging_mixin.py:190} INFO - [2025-04-25T02:59:20.561+0800] {dag.py:4180} INFO - Setting next_dagrun for example_subdag_operator.section-2 to None, run_after=None
[2025-04-25T02:59:20.566+0800] {processor.py:208} INFO - Processing /Users/yueyaoz/Downloads/IS3107-FinSum/.airflow/lib/python3.10/site-packages/airflow/example_dags/example_subdag_operator.py took 0.388 seconds
