[2025-04-25T00:11:42.264+0800] {processor.py:186} INFO - Started process (PID=40899) to work on /Users/yueyaoz/Downloads/IS3107-FinSum/.airflow/lib/python3.10/site-packages/airflow/example_dags/example_bash_operator.py
[2025-04-25T00:11:42.264+0800] {processor.py:914} INFO - Processing file /Users/yueyaoz/Downloads/IS3107-FinSum/.airflow/lib/python3.10/site-packages/airflow/example_dags/example_bash_operator.py for tasks to queue
[2025-04-25T00:11:42.265+0800] {logging_mixin.py:190} INFO - [2025-04-25T00:11:42.264+0800] {dagbag.py:588} INFO - Filling up the DagBag from /Users/yueyaoz/Downloads/IS3107-FinSum/.airflow/lib/python3.10/site-packages/airflow/example_dags/example_bash_operator.py
[2025-04-25T00:11:42.271+0800] {processor.py:925} INFO - DAG(s) 'example_bash_operator' retrieved from /Users/yueyaoz/Downloads/IS3107-FinSum/.airflow/lib/python3.10/site-packages/airflow/example_dags/example_bash_operator.py
[2025-04-25T00:11:42.317+0800] {logging_mixin.py:190} INFO - [2025-04-25T00:11:42.317+0800] {dag.py:3239} INFO - Sync 1 DAGs
[2025-04-25T00:11:42.325+0800] {logging_mixin.py:190} INFO - [2025-04-25T00:11:42.325+0800] {dag.py:4180} INFO - Setting next_dagrun for example_bash_operator to 2025-04-23 00:00:00+00:00, run_after=2025-04-24 00:00:00+00:00
[2025-04-25T00:11:42.332+0800] {processor.py:208} INFO - Processing /Users/yueyaoz/Downloads/IS3107-FinSum/.airflow/lib/python3.10/site-packages/airflow/example_dags/example_bash_operator.py took 0.070 seconds
[2025-04-25T00:14:21.692+0800] {processor.py:186} INFO - Started process (PID=41104) to work on /Users/yueyaoz/Downloads/IS3107-FinSum/.airflow/lib/python3.10/site-packages/airflow/example_dags/example_bash_operator.py
[2025-04-25T00:14:21.692+0800] {processor.py:914} INFO - Processing file /Users/yueyaoz/Downloads/IS3107-FinSum/.airflow/lib/python3.10/site-packages/airflow/example_dags/example_bash_operator.py for tasks to queue
[2025-04-25T00:14:21.693+0800] {logging_mixin.py:190} INFO - [2025-04-25T00:14:21.693+0800] {dagbag.py:588} INFO - Filling up the DagBag from /Users/yueyaoz/Downloads/IS3107-FinSum/.airflow/lib/python3.10/site-packages/airflow/example_dags/example_bash_operator.py
[2025-04-25T00:14:21.699+0800] {processor.py:925} INFO - DAG(s) 'example_bash_operator' retrieved from /Users/yueyaoz/Downloads/IS3107-FinSum/.airflow/lib/python3.10/site-packages/airflow/example_dags/example_bash_operator.py
[2025-04-25T00:14:21.744+0800] {logging_mixin.py:190} INFO - [2025-04-25T00:14:21.744+0800] {dag.py:3239} INFO - Sync 1 DAGs
[2025-04-25T00:14:21.751+0800] {logging_mixin.py:190} INFO - [2025-04-25T00:14:21.751+0800] {dag.py:4180} INFO - Setting next_dagrun for example_bash_operator to 2025-04-23 00:00:00+00:00, run_after=2025-04-24 00:00:00+00:00
[2025-04-25T00:14:21.759+0800] {processor.py:208} INFO - Processing /Users/yueyaoz/Downloads/IS3107-FinSum/.airflow/lib/python3.10/site-packages/airflow/example_dags/example_bash_operator.py took 0.068 seconds
[2025-04-25T00:17:03.371+0800] {processor.py:186} INFO - Started process (PID=41313) to work on /Users/yueyaoz/Downloads/IS3107-FinSum/.airflow/lib/python3.10/site-packages/airflow/example_dags/example_bash_operator.py
[2025-04-25T00:17:03.371+0800] {processor.py:914} INFO - Processing file /Users/yueyaoz/Downloads/IS3107-FinSum/.airflow/lib/python3.10/site-packages/airflow/example_dags/example_bash_operator.py for tasks to queue
[2025-04-25T00:17:03.372+0800] {logging_mixin.py:190} INFO - [2025-04-25T00:17:03.372+0800] {dagbag.py:588} INFO - Filling up the DagBag from /Users/yueyaoz/Downloads/IS3107-FinSum/.airflow/lib/python3.10/site-packages/airflow/example_dags/example_bash_operator.py
[2025-04-25T00:17:03.377+0800] {processor.py:925} INFO - DAG(s) 'example_bash_operator' retrieved from /Users/yueyaoz/Downloads/IS3107-FinSum/.airflow/lib/python3.10/site-packages/airflow/example_dags/example_bash_operator.py
[2025-04-25T00:17:03.423+0800] {logging_mixin.py:190} INFO - [2025-04-25T00:17:03.423+0800] {dag.py:3239} INFO - Sync 1 DAGs
[2025-04-25T00:17:03.431+0800] {logging_mixin.py:190} INFO - [2025-04-25T00:17:03.431+0800] {dag.py:4180} INFO - Setting next_dagrun for example_bash_operator to 2025-04-23 00:00:00+00:00, run_after=2025-04-24 00:00:00+00:00
[2025-04-25T00:17:03.438+0800] {processor.py:208} INFO - Processing /Users/yueyaoz/Downloads/IS3107-FinSum/.airflow/lib/python3.10/site-packages/airflow/example_dags/example_bash_operator.py took 0.069 seconds
[2025-04-25T00:19:35.258+0800] {processor.py:186} INFO - Started process (PID=41510) to work on /Users/yueyaoz/Downloads/IS3107-FinSum/.airflow/lib/python3.10/site-packages/airflow/example_dags/example_bash_operator.py
[2025-04-25T00:19:35.258+0800] {processor.py:914} INFO - Processing file /Users/yueyaoz/Downloads/IS3107-FinSum/.airflow/lib/python3.10/site-packages/airflow/example_dags/example_bash_operator.py for tasks to queue
[2025-04-25T00:19:35.259+0800] {logging_mixin.py:190} INFO - [2025-04-25T00:19:35.259+0800] {dagbag.py:588} INFO - Filling up the DagBag from /Users/yueyaoz/Downloads/IS3107-FinSum/.airflow/lib/python3.10/site-packages/airflow/example_dags/example_bash_operator.py
[2025-04-25T00:19:35.264+0800] {processor.py:925} INFO - DAG(s) 'example_bash_operator' retrieved from /Users/yueyaoz/Downloads/IS3107-FinSum/.airflow/lib/python3.10/site-packages/airflow/example_dags/example_bash_operator.py
[2025-04-25T00:19:35.309+0800] {logging_mixin.py:190} INFO - [2025-04-25T00:19:35.309+0800] {dag.py:3239} INFO - Sync 1 DAGs
[2025-04-25T00:19:35.316+0800] {logging_mixin.py:190} INFO - [2025-04-25T00:19:35.316+0800] {dag.py:4180} INFO - Setting next_dagrun for example_bash_operator to 2025-04-23 00:00:00+00:00, run_after=2025-04-24 00:00:00+00:00
[2025-04-25T00:19:35.323+0800] {processor.py:208} INFO - Processing /Users/yueyaoz/Downloads/IS3107-FinSum/.airflow/lib/python3.10/site-packages/airflow/example_dags/example_bash_operator.py took 0.067 seconds
[2025-04-25T00:22:04.211+0800] {processor.py:186} INFO - Started process (PID=41700) to work on /Users/yueyaoz/Downloads/IS3107-FinSum/.airflow/lib/python3.10/site-packages/airflow/example_dags/example_bash_operator.py
[2025-04-25T00:22:04.211+0800] {processor.py:914} INFO - Processing file /Users/yueyaoz/Downloads/IS3107-FinSum/.airflow/lib/python3.10/site-packages/airflow/example_dags/example_bash_operator.py for tasks to queue
[2025-04-25T00:22:04.212+0800] {logging_mixin.py:190} INFO - [2025-04-25T00:22:04.211+0800] {dagbag.py:588} INFO - Filling up the DagBag from /Users/yueyaoz/Downloads/IS3107-FinSum/.airflow/lib/python3.10/site-packages/airflow/example_dags/example_bash_operator.py
[2025-04-25T00:22:04.217+0800] {processor.py:925} INFO - DAG(s) 'example_bash_operator' retrieved from /Users/yueyaoz/Downloads/IS3107-FinSum/.airflow/lib/python3.10/site-packages/airflow/example_dags/example_bash_operator.py
[2025-04-25T00:22:04.263+0800] {logging_mixin.py:190} INFO - [2025-04-25T00:22:04.263+0800] {dag.py:3239} INFO - Sync 1 DAGs
[2025-04-25T00:22:04.270+0800] {logging_mixin.py:190} INFO - [2025-04-25T00:22:04.270+0800] {dag.py:4180} INFO - Setting next_dagrun for example_bash_operator to 2025-04-23 00:00:00+00:00, run_after=2025-04-24 00:00:00+00:00
[2025-04-25T00:22:04.278+0800] {processor.py:208} INFO - Processing /Users/yueyaoz/Downloads/IS3107-FinSum/.airflow/lib/python3.10/site-packages/airflow/example_dags/example_bash_operator.py took 0.069 seconds
[2025-04-25T00:24:33.872+0800] {processor.py:186} INFO - Started process (PID=41906) to work on /Users/yueyaoz/Downloads/IS3107-FinSum/.airflow/lib/python3.10/site-packages/airflow/example_dags/example_bash_operator.py
[2025-04-25T00:24:33.872+0800] {processor.py:914} INFO - Processing file /Users/yueyaoz/Downloads/IS3107-FinSum/.airflow/lib/python3.10/site-packages/airflow/example_dags/example_bash_operator.py for tasks to queue
[2025-04-25T00:24:33.873+0800] {logging_mixin.py:190} INFO - [2025-04-25T00:24:33.872+0800] {dagbag.py:588} INFO - Filling up the DagBag from /Users/yueyaoz/Downloads/IS3107-FinSum/.airflow/lib/python3.10/site-packages/airflow/example_dags/example_bash_operator.py
[2025-04-25T00:24:33.878+0800] {processor.py:925} INFO - DAG(s) 'example_bash_operator' retrieved from /Users/yueyaoz/Downloads/IS3107-FinSum/.airflow/lib/python3.10/site-packages/airflow/example_dags/example_bash_operator.py
[2025-04-25T00:24:33.924+0800] {logging_mixin.py:190} INFO - [2025-04-25T00:24:33.924+0800] {dag.py:3239} INFO - Sync 1 DAGs
[2025-04-25T00:24:33.932+0800] {logging_mixin.py:190} INFO - [2025-04-25T00:24:33.932+0800] {dag.py:4180} INFO - Setting next_dagrun for example_bash_operator to 2025-04-23 00:00:00+00:00, run_after=2025-04-24 00:00:00+00:00
[2025-04-25T00:24:33.939+0800] {processor.py:208} INFO - Processing /Users/yueyaoz/Downloads/IS3107-FinSum/.airflow/lib/python3.10/site-packages/airflow/example_dags/example_bash_operator.py took 0.069 seconds
[2025-04-25T00:27:08.808+0800] {processor.py:186} INFO - Started process (PID=42100) to work on /Users/yueyaoz/Downloads/IS3107-FinSum/.airflow/lib/python3.10/site-packages/airflow/example_dags/example_bash_operator.py
[2025-04-25T00:27:08.808+0800] {processor.py:914} INFO - Processing file /Users/yueyaoz/Downloads/IS3107-FinSum/.airflow/lib/python3.10/site-packages/airflow/example_dags/example_bash_operator.py for tasks to queue
[2025-04-25T00:27:08.809+0800] {logging_mixin.py:190} INFO - [2025-04-25T00:27:08.809+0800] {dagbag.py:588} INFO - Filling up the DagBag from /Users/yueyaoz/Downloads/IS3107-FinSum/.airflow/lib/python3.10/site-packages/airflow/example_dags/example_bash_operator.py
[2025-04-25T00:27:08.814+0800] {processor.py:925} INFO - DAG(s) 'example_bash_operator' retrieved from /Users/yueyaoz/Downloads/IS3107-FinSum/.airflow/lib/python3.10/site-packages/airflow/example_dags/example_bash_operator.py
[2025-04-25T00:27:08.859+0800] {logging_mixin.py:190} INFO - [2025-04-25T00:27:08.859+0800] {dag.py:3239} INFO - Sync 1 DAGs
[2025-04-25T00:27:08.867+0800] {logging_mixin.py:190} INFO - [2025-04-25T00:27:08.867+0800] {dag.py:4180} INFO - Setting next_dagrun for example_bash_operator to 2025-04-23 00:00:00+00:00, run_after=2025-04-24 00:00:00+00:00
[2025-04-25T00:27:08.875+0800] {processor.py:208} INFO - Processing /Users/yueyaoz/Downloads/IS3107-FinSum/.airflow/lib/python3.10/site-packages/airflow/example_dags/example_bash_operator.py took 0.068 seconds
[2025-04-25T01:52:44.355+0800] {processor.py:186} INFO - Started process (PID=42338) to work on /Users/yueyaoz/Downloads/IS3107-FinSum/.airflow/lib/python3.10/site-packages/airflow/example_dags/example_bash_operator.py
[2025-04-25T01:52:44.356+0800] {processor.py:914} INFO - Processing file /Users/yueyaoz/Downloads/IS3107-FinSum/.airflow/lib/python3.10/site-packages/airflow/example_dags/example_bash_operator.py for tasks to queue
[2025-04-25T01:52:44.357+0800] {logging_mixin.py:190} INFO - [2025-04-25T01:52:44.357+0800] {dagbag.py:588} INFO - Filling up the DagBag from /Users/yueyaoz/Downloads/IS3107-FinSum/.airflow/lib/python3.10/site-packages/airflow/example_dags/example_bash_operator.py
[2025-04-25T01:52:44.363+0800] {processor.py:925} INFO - DAG(s) 'example_bash_operator' retrieved from /Users/yueyaoz/Downloads/IS3107-FinSum/.airflow/lib/python3.10/site-packages/airflow/example_dags/example_bash_operator.py
[2025-04-25T01:52:44.407+0800] {logging_mixin.py:190} INFO - [2025-04-25T01:52:44.407+0800] {dag.py:3239} INFO - Sync 1 DAGs
[2025-04-25T01:52:44.415+0800] {logging_mixin.py:190} INFO - [2025-04-25T01:52:44.415+0800] {dag.py:4180} INFO - Setting next_dagrun for example_bash_operator to 2025-04-23 00:00:00+00:00, run_after=2025-04-24 00:00:00+00:00
[2025-04-25T01:52:44.422+0800] {processor.py:208} INFO - Processing /Users/yueyaoz/Downloads/IS3107-FinSum/.airflow/lib/python3.10/site-packages/airflow/example_dags/example_bash_operator.py took 0.068 seconds
