[2025-04-25T00:11:26.407+0800] {processor.py:186} INFO - Started process (PID=40878) to work on /Users/yueyaoz/Downloads/IS3107-FinSum/.airflow/lib/python3.10/site-packages/airflow/example_dags/example_dataset_alias.py
[2025-04-25T00:11:26.408+0800] {processor.py:914} INFO - Processing file /Users/yueyaoz/Downloads/IS3107-FinSum/.airflow/lib/python3.10/site-packages/airflow/example_dags/example_dataset_alias.py for tasks to queue
[2025-04-25T00:11:26.408+0800] {logging_mixin.py:190} INFO - [2025-04-25T00:11:26.408+0800] {dagbag.py:588} INFO - Filling up the DagBag from /Users/yueyaoz/Downloads/IS3107-FinSum/.airflow/lib/python3.10/site-packages/airflow/example_dags/example_dataset_alias.py
[2025-04-25T00:11:26.627+0800] {processor.py:925} INFO - DAG(s) 'dataset_alias_example_alias_producer', 'dataset_s3_bucket_consumer', 'dataset_alias_example_alias_consumer', 'dataset_s3_bucket_producer' retrieved from /Users/yueyaoz/Downloads/IS3107-FinSum/.airflow/lib/python3.10/site-packages/airflow/example_dags/example_dataset_alias.py
[2025-04-25T00:11:26.636+0800] {logging_mixin.py:190} INFO - [2025-04-25T00:11:26.636+0800] {dag.py:3239} INFO - Sync 4 DAGs
[2025-04-25T00:11:26.643+0800] {logging_mixin.py:190} INFO - [2025-04-25T00:11:26.643+0800] {dag.py:4180} INFO - Setting next_dagrun for dataset_alias_example_alias_consumer to None, run_after=None
[2025-04-25T00:11:26.644+0800] {logging_mixin.py:190} INFO - [2025-04-25T00:11:26.644+0800] {dag.py:4180} INFO - Setting next_dagrun for dataset_alias_example_alias_producer to None, run_after=None
[2025-04-25T00:11:26.644+0800] {logging_mixin.py:190} INFO - [2025-04-25T00:11:26.644+0800] {dag.py:4180} INFO - Setting next_dagrun for dataset_s3_bucket_consumer to None, run_after=None
[2025-04-25T00:11:26.645+0800] {logging_mixin.py:190} INFO - [2025-04-25T00:11:26.645+0800] {dag.py:4180} INFO - Setting next_dagrun for dataset_s3_bucket_producer to None, run_after=None
[2025-04-25T00:11:26.653+0800] {processor.py:208} INFO - Processing /Users/yueyaoz/Downloads/IS3107-FinSum/.airflow/lib/python3.10/site-packages/airflow/example_dags/example_dataset_alias.py took 0.247 seconds
[2025-04-25T00:14:04.855+0800] {processor.py:186} INFO - Started process (PID=41082) to work on /Users/yueyaoz/Downloads/IS3107-FinSum/.airflow/lib/python3.10/site-packages/airflow/example_dags/example_dataset_alias.py
[2025-04-25T00:14:04.857+0800] {processor.py:914} INFO - Processing file /Users/yueyaoz/Downloads/IS3107-FinSum/.airflow/lib/python3.10/site-packages/airflow/example_dags/example_dataset_alias.py for tasks to queue
[2025-04-25T00:14:04.857+0800] {logging_mixin.py:190} INFO - [2025-04-25T00:14:04.857+0800] {dagbag.py:588} INFO - Filling up the DagBag from /Users/yueyaoz/Downloads/IS3107-FinSum/.airflow/lib/python3.10/site-packages/airflow/example_dags/example_dataset_alias.py
[2025-04-25T00:14:05.073+0800] {processor.py:925} INFO - DAG(s) 'dataset_alias_example_alias_producer', 'dataset_s3_bucket_consumer', 'dataset_alias_example_alias_consumer', 'dataset_s3_bucket_producer' retrieved from /Users/yueyaoz/Downloads/IS3107-FinSum/.airflow/lib/python3.10/site-packages/airflow/example_dags/example_dataset_alias.py
[2025-04-25T00:14:05.082+0800] {logging_mixin.py:190} INFO - [2025-04-25T00:14:05.082+0800] {dag.py:3239} INFO - Sync 4 DAGs
[2025-04-25T00:14:05.090+0800] {logging_mixin.py:190} INFO - [2025-04-25T00:14:05.089+0800] {dag.py:4180} INFO - Setting next_dagrun for dataset_alias_example_alias_consumer to None, run_after=None
[2025-04-25T00:14:05.091+0800] {logging_mixin.py:190} INFO - [2025-04-25T00:14:05.091+0800] {dag.py:4180} INFO - Setting next_dagrun for dataset_alias_example_alias_producer to None, run_after=None
[2025-04-25T00:14:05.091+0800] {logging_mixin.py:190} INFO - [2025-04-25T00:14:05.091+0800] {dag.py:4180} INFO - Setting next_dagrun for dataset_s3_bucket_consumer to None, run_after=None
[2025-04-25T00:14:05.091+0800] {logging_mixin.py:190} INFO - [2025-04-25T00:14:05.091+0800] {dag.py:4180} INFO - Setting next_dagrun for dataset_s3_bucket_producer to None, run_after=None
[2025-04-25T00:14:05.100+0800] {processor.py:208} INFO - Processing /Users/yueyaoz/Downloads/IS3107-FinSum/.airflow/lib/python3.10/site-packages/airflow/example_dags/example_dataset_alias.py took 0.246 seconds
[2025-04-25T00:16:46.999+0800] {processor.py:186} INFO - Started process (PID=41292) to work on /Users/yueyaoz/Downloads/IS3107-FinSum/.airflow/lib/python3.10/site-packages/airflow/example_dags/example_dataset_alias.py
[2025-04-25T00:16:46.999+0800] {processor.py:914} INFO - Processing file /Users/yueyaoz/Downloads/IS3107-FinSum/.airflow/lib/python3.10/site-packages/airflow/example_dags/example_dataset_alias.py for tasks to queue
[2025-04-25T00:16:46.999+0800] {logging_mixin.py:190} INFO - [2025-04-25T00:16:46.999+0800] {dagbag.py:588} INFO - Filling up the DagBag from /Users/yueyaoz/Downloads/IS3107-FinSum/.airflow/lib/python3.10/site-packages/airflow/example_dags/example_dataset_alias.py
[2025-04-25T00:16:47.215+0800] {processor.py:925} INFO - DAG(s) 'dataset_alias_example_alias_producer', 'dataset_s3_bucket_consumer', 'dataset_s3_bucket_producer', 'dataset_alias_example_alias_consumer' retrieved from /Users/yueyaoz/Downloads/IS3107-FinSum/.airflow/lib/python3.10/site-packages/airflow/example_dags/example_dataset_alias.py
[2025-04-25T00:16:47.224+0800] {logging_mixin.py:190} INFO - [2025-04-25T00:16:47.223+0800] {dag.py:3239} INFO - Sync 4 DAGs
[2025-04-25T00:16:47.231+0800] {logging_mixin.py:190} INFO - [2025-04-25T00:16:47.231+0800] {dag.py:4180} INFO - Setting next_dagrun for dataset_alias_example_alias_consumer to None, run_after=None
[2025-04-25T00:16:47.232+0800] {logging_mixin.py:190} INFO - [2025-04-25T00:16:47.232+0800] {dag.py:4180} INFO - Setting next_dagrun for dataset_alias_example_alias_producer to None, run_after=None
[2025-04-25T00:16:47.232+0800] {logging_mixin.py:190} INFO - [2025-04-25T00:16:47.232+0800] {dag.py:4180} INFO - Setting next_dagrun for dataset_s3_bucket_consumer to None, run_after=None
[2025-04-25T00:16:47.232+0800] {logging_mixin.py:190} INFO - [2025-04-25T00:16:47.232+0800] {dag.py:4180} INFO - Setting next_dagrun for dataset_s3_bucket_producer to None, run_after=None
[2025-04-25T00:16:47.241+0800] {processor.py:208} INFO - Processing /Users/yueyaoz/Downloads/IS3107-FinSum/.airflow/lib/python3.10/site-packages/airflow/example_dags/example_dataset_alias.py took 0.244 seconds
[2025-04-25T00:19:18.455+0800] {processor.py:186} INFO - Started process (PID=41488) to work on /Users/yueyaoz/Downloads/IS3107-FinSum/.airflow/lib/python3.10/site-packages/airflow/example_dags/example_dataset_alias.py
[2025-04-25T00:19:18.455+0800] {processor.py:914} INFO - Processing file /Users/yueyaoz/Downloads/IS3107-FinSum/.airflow/lib/python3.10/site-packages/airflow/example_dags/example_dataset_alias.py for tasks to queue
[2025-04-25T00:19:18.455+0800] {logging_mixin.py:190} INFO - [2025-04-25T00:19:18.455+0800] {dagbag.py:588} INFO - Filling up the DagBag from /Users/yueyaoz/Downloads/IS3107-FinSum/.airflow/lib/python3.10/site-packages/airflow/example_dags/example_dataset_alias.py
[2025-04-25T00:19:18.670+0800] {processor.py:925} INFO - DAG(s) 'dataset_alias_example_alias_consumer', 'dataset_alias_example_alias_producer', 'dataset_s3_bucket_producer', 'dataset_s3_bucket_consumer' retrieved from /Users/yueyaoz/Downloads/IS3107-FinSum/.airflow/lib/python3.10/site-packages/airflow/example_dags/example_dataset_alias.py
[2025-04-25T00:19:18.679+0800] {logging_mixin.py:190} INFO - [2025-04-25T00:19:18.679+0800] {dag.py:3239} INFO - Sync 4 DAGs
[2025-04-25T00:19:18.686+0800] {logging_mixin.py:190} INFO - [2025-04-25T00:19:18.686+0800] {dag.py:4180} INFO - Setting next_dagrun for dataset_alias_example_alias_consumer to None, run_after=None
[2025-04-25T00:19:18.687+0800] {logging_mixin.py:190} INFO - [2025-04-25T00:19:18.687+0800] {dag.py:4180} INFO - Setting next_dagrun for dataset_alias_example_alias_producer to None, run_after=None
[2025-04-25T00:19:18.687+0800] {logging_mixin.py:190} INFO - [2025-04-25T00:19:18.687+0800] {dag.py:4180} INFO - Setting next_dagrun for dataset_s3_bucket_consumer to None, run_after=None
[2025-04-25T00:19:18.688+0800] {logging_mixin.py:190} INFO - [2025-04-25T00:19:18.688+0800] {dag.py:4180} INFO - Setting next_dagrun for dataset_s3_bucket_producer to None, run_after=None
[2025-04-25T00:19:18.696+0800] {processor.py:208} INFO - Processing /Users/yueyaoz/Downloads/IS3107-FinSum/.airflow/lib/python3.10/site-packages/airflow/example_dags/example_dataset_alias.py took 0.243 seconds
[2025-04-25T00:21:48.602+0800] {processor.py:186} INFO - Started process (PID=41680) to work on /Users/yueyaoz/Downloads/IS3107-FinSum/.airflow/lib/python3.10/site-packages/airflow/example_dags/example_dataset_alias.py
[2025-04-25T00:21:48.602+0800] {processor.py:914} INFO - Processing file /Users/yueyaoz/Downloads/IS3107-FinSum/.airflow/lib/python3.10/site-packages/airflow/example_dags/example_dataset_alias.py for tasks to queue
[2025-04-25T00:21:48.602+0800] {logging_mixin.py:190} INFO - [2025-04-25T00:21:48.602+0800] {dagbag.py:588} INFO - Filling up the DagBag from /Users/yueyaoz/Downloads/IS3107-FinSum/.airflow/lib/python3.10/site-packages/airflow/example_dags/example_dataset_alias.py
[2025-04-25T00:21:48.820+0800] {processor.py:925} INFO - DAG(s) 'dataset_s3_bucket_consumer', 'dataset_alias_example_alias_producer', 'dataset_s3_bucket_producer', 'dataset_alias_example_alias_consumer' retrieved from /Users/yueyaoz/Downloads/IS3107-FinSum/.airflow/lib/python3.10/site-packages/airflow/example_dags/example_dataset_alias.py
[2025-04-25T00:21:48.828+0800] {logging_mixin.py:190} INFO - [2025-04-25T00:21:48.828+0800] {dag.py:3239} INFO - Sync 4 DAGs
[2025-04-25T00:21:48.836+0800] {logging_mixin.py:190} INFO - [2025-04-25T00:21:48.836+0800] {dag.py:4180} INFO - Setting next_dagrun for dataset_alias_example_alias_consumer to None, run_after=None
[2025-04-25T00:21:48.836+0800] {logging_mixin.py:190} INFO - [2025-04-25T00:21:48.836+0800] {dag.py:4180} INFO - Setting next_dagrun for dataset_alias_example_alias_producer to None, run_after=None
[2025-04-25T00:21:48.837+0800] {logging_mixin.py:190} INFO - [2025-04-25T00:21:48.837+0800] {dag.py:4180} INFO - Setting next_dagrun for dataset_s3_bucket_consumer to None, run_after=None
[2025-04-25T00:21:48.837+0800] {logging_mixin.py:190} INFO - [2025-04-25T00:21:48.837+0800] {dag.py:4180} INFO - Setting next_dagrun for dataset_s3_bucket_producer to None, run_after=None
[2025-04-25T00:21:48.845+0800] {processor.py:208} INFO - Processing /Users/yueyaoz/Downloads/IS3107-FinSum/.airflow/lib/python3.10/site-packages/airflow/example_dags/example_dataset_alias.py took 0.245 seconds
[2025-04-25T00:24:17.052+0800] {processor.py:186} INFO - Started process (PID=41884) to work on /Users/yueyaoz/Downloads/IS3107-FinSum/.airflow/lib/python3.10/site-packages/airflow/example_dags/example_dataset_alias.py
[2025-04-25T00:24:17.053+0800] {processor.py:914} INFO - Processing file /Users/yueyaoz/Downloads/IS3107-FinSum/.airflow/lib/python3.10/site-packages/airflow/example_dags/example_dataset_alias.py for tasks to queue
[2025-04-25T00:24:17.053+0800] {logging_mixin.py:190} INFO - [2025-04-25T00:24:17.053+0800] {dagbag.py:588} INFO - Filling up the DagBag from /Users/yueyaoz/Downloads/IS3107-FinSum/.airflow/lib/python3.10/site-packages/airflow/example_dags/example_dataset_alias.py
[2025-04-25T00:24:17.269+0800] {processor.py:925} INFO - DAG(s) 'dataset_alias_example_alias_consumer', 'dataset_s3_bucket_producer', 'dataset_s3_bucket_consumer', 'dataset_alias_example_alias_producer' retrieved from /Users/yueyaoz/Downloads/IS3107-FinSum/.airflow/lib/python3.10/site-packages/airflow/example_dags/example_dataset_alias.py
[2025-04-25T00:24:17.278+0800] {logging_mixin.py:190} INFO - [2025-04-25T00:24:17.277+0800] {dag.py:3239} INFO - Sync 4 DAGs
[2025-04-25T00:24:17.285+0800] {logging_mixin.py:190} INFO - [2025-04-25T00:24:17.285+0800] {dag.py:4180} INFO - Setting next_dagrun for dataset_alias_example_alias_consumer to None, run_after=None
[2025-04-25T00:24:17.286+0800] {logging_mixin.py:190} INFO - [2025-04-25T00:24:17.286+0800] {dag.py:4180} INFO - Setting next_dagrun for dataset_alias_example_alias_producer to None, run_after=None
[2025-04-25T00:24:17.286+0800] {logging_mixin.py:190} INFO - [2025-04-25T00:24:17.286+0800] {dag.py:4180} INFO - Setting next_dagrun for dataset_s3_bucket_consumer to None, run_after=None
[2025-04-25T00:24:17.286+0800] {logging_mixin.py:190} INFO - [2025-04-25T00:24:17.286+0800] {dag.py:4180} INFO - Setting next_dagrun for dataset_s3_bucket_producer to None, run_after=None
[2025-04-25T00:24:17.295+0800] {processor.py:208} INFO - Processing /Users/yueyaoz/Downloads/IS3107-FinSum/.airflow/lib/python3.10/site-packages/airflow/example_dags/example_dataset_alias.py took 0.244 seconds
[2025-04-25T00:26:54.278+0800] {processor.py:186} INFO - Started process (PID=42081) to work on /Users/yueyaoz/Downloads/IS3107-FinSum/.airflow/lib/python3.10/site-packages/airflow/example_dags/example_dataset_alias.py
[2025-04-25T00:26:54.279+0800] {processor.py:914} INFO - Processing file /Users/yueyaoz/Downloads/IS3107-FinSum/.airflow/lib/python3.10/site-packages/airflow/example_dags/example_dataset_alias.py for tasks to queue
[2025-04-25T00:26:54.279+0800] {logging_mixin.py:190} INFO - [2025-04-25T00:26:54.279+0800] {dagbag.py:588} INFO - Filling up the DagBag from /Users/yueyaoz/Downloads/IS3107-FinSum/.airflow/lib/python3.10/site-packages/airflow/example_dags/example_dataset_alias.py
[2025-04-25T00:26:54.492+0800] {processor.py:925} INFO - DAG(s) 'dataset_s3_bucket_producer', 'dataset_alias_example_alias_producer', 'dataset_s3_bucket_consumer', 'dataset_alias_example_alias_consumer' retrieved from /Users/yueyaoz/Downloads/IS3107-FinSum/.airflow/lib/python3.10/site-packages/airflow/example_dags/example_dataset_alias.py
[2025-04-25T00:26:54.501+0800] {logging_mixin.py:190} INFO - [2025-04-25T00:26:54.501+0800] {dag.py:3239} INFO - Sync 4 DAGs
[2025-04-25T00:26:54.508+0800] {logging_mixin.py:190} INFO - [2025-04-25T00:26:54.508+0800] {dag.py:4180} INFO - Setting next_dagrun for dataset_alias_example_alias_consumer to None, run_after=None
[2025-04-25T00:26:54.509+0800] {logging_mixin.py:190} INFO - [2025-04-25T00:26:54.509+0800] {dag.py:4180} INFO - Setting next_dagrun for dataset_alias_example_alias_producer to None, run_after=None
[2025-04-25T00:26:54.509+0800] {logging_mixin.py:190} INFO - [2025-04-25T00:26:54.509+0800] {dag.py:4180} INFO - Setting next_dagrun for dataset_s3_bucket_consumer to None, run_after=None
[2025-04-25T00:26:54.510+0800] {logging_mixin.py:190} INFO - [2025-04-25T00:26:54.510+0800] {dag.py:4180} INFO - Setting next_dagrun for dataset_s3_bucket_producer to None, run_after=None
[2025-04-25T00:26:54.518+0800] {processor.py:208} INFO - Processing /Users/yueyaoz/Downloads/IS3107-FinSum/.airflow/lib/python3.10/site-packages/airflow/example_dags/example_dataset_alias.py took 0.241 seconds
[2025-04-25T01:52:26.727+0800] {processor.py:186} INFO - Started process (PID=42318) to work on /Users/yueyaoz/Downloads/IS3107-FinSum/.airflow/lib/python3.10/site-packages/airflow/example_dags/example_dataset_alias.py
[2025-04-25T01:52:26.728+0800] {processor.py:914} INFO - Processing file /Users/yueyaoz/Downloads/IS3107-FinSum/.airflow/lib/python3.10/site-packages/airflow/example_dags/example_dataset_alias.py for tasks to queue
[2025-04-25T01:52:26.729+0800] {logging_mixin.py:190} INFO - [2025-04-25T01:52:26.729+0800] {dagbag.py:588} INFO - Filling up the DagBag from /Users/yueyaoz/Downloads/IS3107-FinSum/.airflow/lib/python3.10/site-packages/airflow/example_dags/example_dataset_alias.py
[2025-04-25T01:52:26.950+0800] {processor.py:925} INFO - DAG(s) 'dataset_alias_example_alias_producer', 'dataset_s3_bucket_consumer', 'dataset_alias_example_alias_consumer', 'dataset_s3_bucket_producer' retrieved from /Users/yueyaoz/Downloads/IS3107-FinSum/.airflow/lib/python3.10/site-packages/airflow/example_dags/example_dataset_alias.py
[2025-04-25T01:52:26.959+0800] {logging_mixin.py:190} INFO - [2025-04-25T01:52:26.959+0800] {dag.py:3239} INFO - Sync 4 DAGs
[2025-04-25T01:52:26.967+0800] {logging_mixin.py:190} INFO - [2025-04-25T01:52:26.967+0800] {dag.py:4180} INFO - Setting next_dagrun for dataset_alias_example_alias_consumer to None, run_after=None
[2025-04-25T01:52:26.968+0800] {logging_mixin.py:190} INFO - [2025-04-25T01:52:26.968+0800] {dag.py:4180} INFO - Setting next_dagrun for dataset_alias_example_alias_producer to None, run_after=None
[2025-04-25T01:52:26.968+0800] {logging_mixin.py:190} INFO - [2025-04-25T01:52:26.968+0800] {dag.py:4180} INFO - Setting next_dagrun for dataset_s3_bucket_consumer to None, run_after=None
[2025-04-25T01:52:26.968+0800] {logging_mixin.py:190} INFO - [2025-04-25T01:52:26.968+0800] {dag.py:4180} INFO - Setting next_dagrun for dataset_s3_bucket_producer to None, run_after=None
[2025-04-25T01:52:26.977+0800] {processor.py:208} INFO - Processing /Users/yueyaoz/Downloads/IS3107-FinSum/.airflow/lib/python3.10/site-packages/airflow/example_dags/example_dataset_alias.py took 0.252 seconds
