[2025-04-25T00:10:53.954+0800] {processor.py:186} INFO - Started process (PID=40837) to work on /Users/yueyaoz/Downloads/IS3107-FinSum/.airflow/lib/python3.10/site-packages/airflow/example_dags/example_python_decorator.py
[2025-04-25T00:10:53.955+0800] {processor.py:914} INFO - Processing file /Users/yueyaoz/Downloads/IS3107-FinSum/.airflow/lib/python3.10/site-packages/airflow/example_dags/example_python_decorator.py for tasks to queue
[2025-04-25T00:10:53.955+0800] {logging_mixin.py:190} INFO - [2025-04-25T00:10:53.955+0800] {dagbag.py:588} INFO - Filling up the DagBag from /Users/yueyaoz/Downloads/IS3107-FinSum/.airflow/lib/python3.10/site-packages/airflow/example_dags/example_python_decorator.py
[2025-04-25T00:10:53.971+0800] {logging_mixin.py:190} INFO - [2025-04-25T00:10:53.971+0800] {example_python_decorator.py:80} WARNING - The virtalenv_python example task requires virtualenv, please install it.
[2025-04-25T00:10:53.972+0800] {processor.py:925} INFO - DAG(s) 'example_python_decorator' retrieved from /Users/yueyaoz/Downloads/IS3107-FinSum/.airflow/lib/python3.10/site-packages/airflow/example_dags/example_python_decorator.py
[2025-04-25T00:10:54.014+0800] {logging_mixin.py:190} INFO - [2025-04-25T00:10:54.014+0800] {dag.py:3239} INFO - Sync 1 DAGs
[2025-04-25T00:10:54.018+0800] {logging_mixin.py:190} INFO - [2025-04-25T00:10:54.018+0800] {dag.py:4180} INFO - Setting next_dagrun for example_python_decorator to None, run_after=None
[2025-04-25T00:10:54.025+0800] {processor.py:208} INFO - Processing /Users/yueyaoz/Downloads/IS3107-FinSum/.airflow/lib/python3.10/site-packages/airflow/example_dags/example_python_decorator.py took 0.072 seconds
[2025-04-25T00:12:41.705+0800] {processor.py:186} INFO - Started process (PID=40981) to work on /Users/yueyaoz/Downloads/IS3107-FinSum/.airflow/lib/python3.10/site-packages/airflow/example_dags/example_python_decorator.py
[2025-04-25T00:12:41.706+0800] {processor.py:914} INFO - Processing file /Users/yueyaoz/Downloads/IS3107-FinSum/.airflow/lib/python3.10/site-packages/airflow/example_dags/example_python_decorator.py for tasks to queue
[2025-04-25T00:12:41.707+0800] {logging_mixin.py:190} INFO - [2025-04-25T00:12:41.707+0800] {dagbag.py:588} INFO - Filling up the DagBag from /Users/yueyaoz/Downloads/IS3107-FinSum/.airflow/lib/python3.10/site-packages/airflow/example_dags/example_python_decorator.py
[2025-04-25T00:12:41.721+0800] {logging_mixin.py:190} INFO - [2025-04-25T00:12:41.721+0800] {example_python_decorator.py:80} WARNING - The virtalenv_python example task requires virtualenv, please install it.
[2025-04-25T00:12:41.722+0800] {processor.py:925} INFO - DAG(s) 'example_python_decorator' retrieved from /Users/yueyaoz/Downloads/IS3107-FinSum/.airflow/lib/python3.10/site-packages/airflow/example_dags/example_python_decorator.py
[2025-04-25T00:12:41.764+0800] {logging_mixin.py:190} INFO - [2025-04-25T00:12:41.764+0800] {dag.py:3239} INFO - Sync 1 DAGs
[2025-04-25T00:12:41.769+0800] {logging_mixin.py:190} INFO - [2025-04-25T00:12:41.769+0800] {dag.py:4180} INFO - Setting next_dagrun for example_python_decorator to None, run_after=None
[2025-04-25T00:12:41.776+0800] {processor.py:208} INFO - Processing /Users/yueyaoz/Downloads/IS3107-FinSum/.airflow/lib/python3.10/site-packages/airflow/example_dags/example_python_decorator.py took 0.072 seconds
[2025-04-25T00:15:23.516+0800] {processor.py:186} INFO - Started process (PID=41188) to work on /Users/yueyaoz/Downloads/IS3107-FinSum/.airflow/lib/python3.10/site-packages/airflow/example_dags/example_python_decorator.py
[2025-04-25T00:15:23.518+0800] {processor.py:914} INFO - Processing file /Users/yueyaoz/Downloads/IS3107-FinSum/.airflow/lib/python3.10/site-packages/airflow/example_dags/example_python_decorator.py for tasks to queue
[2025-04-25T00:15:23.518+0800] {logging_mixin.py:190} INFO - [2025-04-25T00:15:23.518+0800] {dagbag.py:588} INFO - Filling up the DagBag from /Users/yueyaoz/Downloads/IS3107-FinSum/.airflow/lib/python3.10/site-packages/airflow/example_dags/example_python_decorator.py
[2025-04-25T00:15:23.533+0800] {logging_mixin.py:190} INFO - [2025-04-25T00:15:23.533+0800] {example_python_decorator.py:80} WARNING - The virtalenv_python example task requires virtualenv, please install it.
[2025-04-25T00:15:23.534+0800] {processor.py:925} INFO - DAG(s) 'example_python_decorator' retrieved from /Users/yueyaoz/Downloads/IS3107-FinSum/.airflow/lib/python3.10/site-packages/airflow/example_dags/example_python_decorator.py
[2025-04-25T00:15:23.576+0800] {logging_mixin.py:190} INFO - [2025-04-25T00:15:23.576+0800] {dag.py:3239} INFO - Sync 1 DAGs
[2025-04-25T00:15:23.581+0800] {logging_mixin.py:190} INFO - [2025-04-25T00:15:23.581+0800] {dag.py:4180} INFO - Setting next_dagrun for example_python_decorator to None, run_after=None
[2025-04-25T00:15:23.588+0800] {processor.py:208} INFO - Processing /Users/yueyaoz/Downloads/IS3107-FinSum/.airflow/lib/python3.10/site-packages/airflow/example_dags/example_python_decorator.py took 0.073 seconds
[2025-04-25T00:18:02.382+0800] {processor.py:186} INFO - Started process (PID=41387) to work on /Users/yueyaoz/Downloads/IS3107-FinSum/.airflow/lib/python3.10/site-packages/airflow/example_dags/example_python_decorator.py
[2025-04-25T00:18:02.382+0800] {processor.py:914} INFO - Processing file /Users/yueyaoz/Downloads/IS3107-FinSum/.airflow/lib/python3.10/site-packages/airflow/example_dags/example_python_decorator.py for tasks to queue
[2025-04-25T00:18:02.383+0800] {logging_mixin.py:190} INFO - [2025-04-25T00:18:02.382+0800] {dagbag.py:588} INFO - Filling up the DagBag from /Users/yueyaoz/Downloads/IS3107-FinSum/.airflow/lib/python3.10/site-packages/airflow/example_dags/example_python_decorator.py
[2025-04-25T00:18:02.398+0800] {logging_mixin.py:190} INFO - [2025-04-25T00:18:02.398+0800] {example_python_decorator.py:80} WARNING - The virtalenv_python example task requires virtualenv, please install it.
[2025-04-25T00:18:02.399+0800] {processor.py:925} INFO - DAG(s) 'example_python_decorator' retrieved from /Users/yueyaoz/Downloads/IS3107-FinSum/.airflow/lib/python3.10/site-packages/airflow/example_dags/example_python_decorator.py
[2025-04-25T00:18:02.442+0800] {logging_mixin.py:190} INFO - [2025-04-25T00:18:02.442+0800] {dag.py:3239} INFO - Sync 1 DAGs
[2025-04-25T00:18:02.447+0800] {logging_mixin.py:190} INFO - [2025-04-25T00:18:02.447+0800] {dag.py:4180} INFO - Setting next_dagrun for example_python_decorator to None, run_after=None
[2025-04-25T00:18:02.454+0800] {processor.py:208} INFO - Processing /Users/yueyaoz/Downloads/IS3107-FinSum/.airflow/lib/python3.10/site-packages/airflow/example_dags/example_python_decorator.py took 0.073 seconds
[2025-04-25T00:20:30.078+0800] {processor.py:186} INFO - Started process (PID=41582) to work on /Users/yueyaoz/Downloads/IS3107-FinSum/.airflow/lib/python3.10/site-packages/airflow/example_dags/example_python_decorator.py
[2025-04-25T00:20:30.078+0800] {processor.py:914} INFO - Processing file /Users/yueyaoz/Downloads/IS3107-FinSum/.airflow/lib/python3.10/site-packages/airflow/example_dags/example_python_decorator.py for tasks to queue
[2025-04-25T00:20:30.078+0800] {logging_mixin.py:190} INFO - [2025-04-25T00:20:30.078+0800] {dagbag.py:588} INFO - Filling up the DagBag from /Users/yueyaoz/Downloads/IS3107-FinSum/.airflow/lib/python3.10/site-packages/airflow/example_dags/example_python_decorator.py
[2025-04-25T00:20:30.094+0800] {logging_mixin.py:190} INFO - [2025-04-25T00:20:30.094+0800] {example_python_decorator.py:80} WARNING - The virtalenv_python example task requires virtualenv, please install it.
[2025-04-25T00:20:30.095+0800] {processor.py:925} INFO - DAG(s) 'example_python_decorator' retrieved from /Users/yueyaoz/Downloads/IS3107-FinSum/.airflow/lib/python3.10/site-packages/airflow/example_dags/example_python_decorator.py
[2025-04-25T00:20:30.138+0800] {logging_mixin.py:190} INFO - [2025-04-25T00:20:30.137+0800] {dag.py:3239} INFO - Sync 1 DAGs
[2025-04-25T00:20:30.142+0800] {logging_mixin.py:190} INFO - [2025-04-25T00:20:30.142+0800] {dag.py:4180} INFO - Setting next_dagrun for example_python_decorator to None, run_after=None
[2025-04-25T00:20:30.150+0800] {processor.py:208} INFO - Processing /Users/yueyaoz/Downloads/IS3107-FinSum/.airflow/lib/python3.10/site-packages/airflow/example_dags/example_python_decorator.py took 0.073 seconds
[2025-04-25T00:23:01.000+0800] {processor.py:186} INFO - Started process (PID=41788) to work on /Users/yueyaoz/Downloads/IS3107-FinSum/.airflow/lib/python3.10/site-packages/airflow/example_dags/example_python_decorator.py
[2025-04-25T00:23:01.001+0800] {processor.py:914} INFO - Processing file /Users/yueyaoz/Downloads/IS3107-FinSum/.airflow/lib/python3.10/site-packages/airflow/example_dags/example_python_decorator.py for tasks to queue
[2025-04-25T00:23:01.001+0800] {logging_mixin.py:190} INFO - [2025-04-25T00:23:01.001+0800] {dagbag.py:588} INFO - Filling up the DagBag from /Users/yueyaoz/Downloads/IS3107-FinSum/.airflow/lib/python3.10/site-packages/airflow/example_dags/example_python_decorator.py
[2025-04-25T00:23:01.017+0800] {logging_mixin.py:190} INFO - [2025-04-25T00:23:01.017+0800] {example_python_decorator.py:80} WARNING - The virtalenv_python example task requires virtualenv, please install it.
[2025-04-25T00:23:01.018+0800] {processor.py:925} INFO - DAG(s) 'example_python_decorator' retrieved from /Users/yueyaoz/Downloads/IS3107-FinSum/.airflow/lib/python3.10/site-packages/airflow/example_dags/example_python_decorator.py
[2025-04-25T00:23:01.060+0800] {logging_mixin.py:190} INFO - [2025-04-25T00:23:01.059+0800] {dag.py:3239} INFO - Sync 1 DAGs
[2025-04-25T00:23:01.064+0800] {logging_mixin.py:190} INFO - [2025-04-25T00:23:01.064+0800] {dag.py:4180} INFO - Setting next_dagrun for example_python_decorator to None, run_after=None
[2025-04-25T00:23:01.072+0800] {processor.py:208} INFO - Processing /Users/yueyaoz/Downloads/IS3107-FinSum/.airflow/lib/python3.10/site-packages/airflow/example_dags/example_python_decorator.py took 0.073 seconds
[2025-04-25T00:25:34.048+0800] {processor.py:186} INFO - Started process (PID=41982) to work on /Users/yueyaoz/Downloads/IS3107-FinSum/.airflow/lib/python3.10/site-packages/airflow/example_dags/example_python_decorator.py
[2025-04-25T00:25:34.049+0800] {processor.py:914} INFO - Processing file /Users/yueyaoz/Downloads/IS3107-FinSum/.airflow/lib/python3.10/site-packages/airflow/example_dags/example_python_decorator.py for tasks to queue
[2025-04-25T00:25:34.049+0800] {logging_mixin.py:190} INFO - [2025-04-25T00:25:34.049+0800] {dagbag.py:588} INFO - Filling up the DagBag from /Users/yueyaoz/Downloads/IS3107-FinSum/.airflow/lib/python3.10/site-packages/airflow/example_dags/example_python_decorator.py
[2025-04-25T00:25:34.065+0800] {logging_mixin.py:190} INFO - [2025-04-25T00:25:34.065+0800] {example_python_decorator.py:80} WARNING - The virtalenv_python example task requires virtualenv, please install it.
[2025-04-25T00:25:34.066+0800] {processor.py:925} INFO - DAG(s) 'example_python_decorator' retrieved from /Users/yueyaoz/Downloads/IS3107-FinSum/.airflow/lib/python3.10/site-packages/airflow/example_dags/example_python_decorator.py
[2025-04-25T00:25:34.108+0800] {logging_mixin.py:190} INFO - [2025-04-25T00:25:34.108+0800] {dag.py:3239} INFO - Sync 1 DAGs
[2025-04-25T00:25:34.113+0800] {logging_mixin.py:190} INFO - [2025-04-25T00:25:34.113+0800] {dag.py:4180} INFO - Setting next_dagrun for example_python_decorator to None, run_after=None
[2025-04-25T00:25:34.120+0800] {processor.py:208} INFO - Processing /Users/yueyaoz/Downloads/IS3107-FinSum/.airflow/lib/python3.10/site-packages/airflow/example_dags/example_python_decorator.py took 0.074 seconds
[2025-04-25T01:50:57.735+0800] {processor.py:186} INFO - Started process (PID=42200) to work on /Users/yueyaoz/Downloads/IS3107-FinSum/.airflow/lib/python3.10/site-packages/airflow/example_dags/example_python_decorator.py
[2025-04-25T01:50:57.735+0800] {processor.py:914} INFO - Processing file /Users/yueyaoz/Downloads/IS3107-FinSum/.airflow/lib/python3.10/site-packages/airflow/example_dags/example_python_decorator.py for tasks to queue
[2025-04-25T01:50:57.735+0800] {logging_mixin.py:190} INFO - [2025-04-25T01:50:57.735+0800] {dagbag.py:588} INFO - Filling up the DagBag from /Users/yueyaoz/Downloads/IS3107-FinSum/.airflow/lib/python3.10/site-packages/airflow/example_dags/example_python_decorator.py
[2025-04-25T01:50:57.751+0800] {logging_mixin.py:190} INFO - [2025-04-25T01:50:57.751+0800] {example_python_decorator.py:80} WARNING - The virtalenv_python example task requires virtualenv, please install it.
[2025-04-25T01:50:57.752+0800] {processor.py:925} INFO - DAG(s) 'example_python_decorator' retrieved from /Users/yueyaoz/Downloads/IS3107-FinSum/.airflow/lib/python3.10/site-packages/airflow/example_dags/example_python_decorator.py
[2025-04-25T01:50:57.794+0800] {logging_mixin.py:190} INFO - [2025-04-25T01:50:57.794+0800] {dag.py:3239} INFO - Sync 1 DAGs
[2025-04-25T01:50:57.799+0800] {logging_mixin.py:190} INFO - [2025-04-25T01:50:57.799+0800] {dag.py:4180} INFO - Setting next_dagrun for example_python_decorator to None, run_after=None
[2025-04-25T01:50:57.805+0800] {processor.py:208} INFO - Processing /Users/yueyaoz/Downloads/IS3107-FinSum/.airflow/lib/python3.10/site-packages/airflow/example_dags/example_python_decorator.py took 0.072 seconds
[2025-04-25T01:53:40.397+0800] {processor.py:186} INFO - Started process (PID=42411) to work on /Users/yueyaoz/Downloads/IS3107-FinSum/.airflow/lib/python3.10/site-packages/airflow/example_dags/example_python_decorator.py
[2025-04-25T01:53:40.398+0800] {processor.py:914} INFO - Processing file /Users/yueyaoz/Downloads/IS3107-FinSum/.airflow/lib/python3.10/site-packages/airflow/example_dags/example_python_decorator.py for tasks to queue
[2025-04-25T01:53:40.398+0800] {logging_mixin.py:190} INFO - [2025-04-25T01:53:40.398+0800] {dagbag.py:588} INFO - Filling up the DagBag from /Users/yueyaoz/Downloads/IS3107-FinSum/.airflow/lib/python3.10/site-packages/airflow/example_dags/example_python_decorator.py
[2025-04-25T01:53:40.414+0800] {logging_mixin.py:190} INFO - [2025-04-25T01:53:40.414+0800] {example_python_decorator.py:80} WARNING - The virtalenv_python example task requires virtualenv, please install it.
[2025-04-25T01:53:40.415+0800] {processor.py:925} INFO - DAG(s) 'example_python_decorator' retrieved from /Users/yueyaoz/Downloads/IS3107-FinSum/.airflow/lib/python3.10/site-packages/airflow/example_dags/example_python_decorator.py
[2025-04-25T01:53:40.457+0800] {logging_mixin.py:190} INFO - [2025-04-25T01:53:40.457+0800] {dag.py:3239} INFO - Sync 1 DAGs
[2025-04-25T01:53:40.462+0800] {logging_mixin.py:190} INFO - [2025-04-25T01:53:40.462+0800] {dag.py:4180} INFO - Setting next_dagrun for example_python_decorator to None, run_after=None
[2025-04-25T01:53:40.469+0800] {processor.py:208} INFO - Processing /Users/yueyaoz/Downloads/IS3107-FinSum/.airflow/lib/python3.10/site-packages/airflow/example_dags/example_python_decorator.py took 0.074 seconds
[2025-04-25T02:59:38.147+0800] {processor.py:186} INFO - Started process (PID=42551) to work on /Users/yueyaoz/Downloads/IS3107-FinSum/.airflow/lib/python3.10/site-packages/airflow/example_dags/example_python_decorator.py
[2025-04-25T02:59:38.149+0800] {processor.py:914} INFO - Processing file /Users/yueyaoz/Downloads/IS3107-FinSum/.airflow/lib/python3.10/site-packages/airflow/example_dags/example_python_decorator.py for tasks to queue
[2025-04-25T02:59:38.149+0800] {logging_mixin.py:190} INFO - [2025-04-25T02:59:38.149+0800] {dagbag.py:588} INFO - Filling up the DagBag from /Users/yueyaoz/Downloads/IS3107-FinSum/.airflow/lib/python3.10/site-packages/airflow/example_dags/example_python_decorator.py
[2025-04-25T02:59:38.163+0800] {logging_mixin.py:190} INFO - [2025-04-25T02:59:38.163+0800] {example_python_decorator.py:80} WARNING - The virtalenv_python example task requires virtualenv, please install it.
[2025-04-25T02:59:38.164+0800] {processor.py:925} INFO - DAG(s) 'example_python_decorator' retrieved from /Users/yueyaoz/Downloads/IS3107-FinSum/.airflow/lib/python3.10/site-packages/airflow/example_dags/example_python_decorator.py
[2025-04-25T02:59:38.206+0800] {logging_mixin.py:190} INFO - [2025-04-25T02:59:38.206+0800] {dag.py:3239} INFO - Sync 1 DAGs
[2025-04-25T02:59:38.210+0800] {logging_mixin.py:190} INFO - [2025-04-25T02:59:38.210+0800] {dag.py:4180} INFO - Setting next_dagrun for example_python_decorator to None, run_after=None
[2025-04-25T02:59:38.217+0800] {processor.py:208} INFO - Processing /Users/yueyaoz/Downloads/IS3107-FinSum/.airflow/lib/python3.10/site-packages/airflow/example_dags/example_python_decorator.py took 0.071 seconds
