[2025-03-25T08:42:31.837+0800] {processor.py:186} INFO - Started process (PID=42834) to work on /Users/ervinyeoh/Desktop/unimods/is3107/project/.venv/lib/python3.11/site-packages/airflow/example_dags/example_short_circuit_operator.py
[2025-03-25T08:42:31.838+0800] {processor.py:914} INFO - Processing file /Users/ervinyeoh/Desktop/unimods/is3107/project/.venv/lib/python3.11/site-packages/airflow/example_dags/example_short_circuit_operator.py for tasks to queue
[2025-03-25T08:42:31.838+0800] {logging_mixin.py:190} INFO - [2025-03-25T08:42:31.838+0800] {dagbag.py:588} INFO - Filling up the DagBag from /Users/ervinyeoh/Desktop/unimods/is3107/project/.venv/lib/python3.11/site-packages/airflow/example_dags/example_short_circuit_operator.py
[2025-03-25T08:42:31.884+0800] {processor.py:925} INFO - DAG(s) 'example_short_circuit_operator' retrieved from /Users/ervinyeoh/Desktop/unimods/is3107/project/.venv/lib/python3.11/site-packages/airflow/example_dags/example_short_circuit_operator.py
[2025-03-25T08:42:31.938+0800] {logging_mixin.py:190} INFO - [2025-03-25T08:42:31.937+0800] {dag.py:3239} INFO - Sync 1 DAGs
[2025-03-25T08:42:31.943+0800] {logging_mixin.py:190} INFO - [2025-03-25T08:42:31.943+0800] {dag.py:4180} INFO - Setting next_dagrun for example_short_circuit_operator to None, run_after=None
[2025-03-25T08:42:31.954+0800] {processor.py:208} INFO - Processing /Users/ervinyeoh/Desktop/unimods/is3107/project/.venv/lib/python3.11/site-packages/airflow/example_dags/example_short_circuit_operator.py took 0.119 seconds
[2025-03-25T12:37:41.210+0800] {processor.py:186} INFO - Started process (PID=43220) to work on /Users/ervinyeoh/Desktop/unimods/is3107/project/.venv/lib/python3.11/site-packages/airflow/example_dags/example_short_circuit_operator.py
[2025-03-25T12:37:41.211+0800] {processor.py:914} INFO - Processing file /Users/ervinyeoh/Desktop/unimods/is3107/project/.venv/lib/python3.11/site-packages/airflow/example_dags/example_short_circuit_operator.py for tasks to queue
[2025-03-25T12:37:41.211+0800] {logging_mixin.py:190} INFO - [2025-03-25T12:37:41.211+0800] {dagbag.py:588} INFO - Filling up the DagBag from /Users/ervinyeoh/Desktop/unimods/is3107/project/.venv/lib/python3.11/site-packages/airflow/example_dags/example_short_circuit_operator.py
[2025-03-25T12:37:41.268+0800] {processor.py:925} INFO - DAG(s) 'example_short_circuit_operator' retrieved from /Users/ervinyeoh/Desktop/unimods/is3107/project/.venv/lib/python3.11/site-packages/airflow/example_dags/example_short_circuit_operator.py
[2025-03-25T12:37:41.330+0800] {logging_mixin.py:190} INFO - [2025-03-25T12:37:41.329+0800] {dag.py:3239} INFO - Sync 1 DAGs
[2025-03-25T12:37:41.336+0800] {logging_mixin.py:190} INFO - [2025-03-25T12:37:41.336+0800] {dag.py:4180} INFO - Setting next_dagrun for example_short_circuit_operator to None, run_after=None
[2025-03-25T12:37:41.348+0800] {processor.py:208} INFO - Processing /Users/ervinyeoh/Desktop/unimods/is3107/project/.venv/lib/python3.11/site-packages/airflow/example_dags/example_short_circuit_operator.py took 0.139 seconds
[2025-03-25T16:00:13.189+0800] {processor.py:186} INFO - Started process (PID=43617) to work on /Users/ervinyeoh/Desktop/unimods/is3107/project/.venv/lib/python3.11/site-packages/airflow/example_dags/example_short_circuit_operator.py
[2025-03-25T16:00:13.190+0800] {processor.py:914} INFO - Processing file /Users/ervinyeoh/Desktop/unimods/is3107/project/.venv/lib/python3.11/site-packages/airflow/example_dags/example_short_circuit_operator.py for tasks to queue
[2025-03-25T16:00:13.190+0800] {logging_mixin.py:190} INFO - [2025-03-25T16:00:13.190+0800] {dagbag.py:588} INFO - Filling up the DagBag from /Users/ervinyeoh/Desktop/unimods/is3107/project/.venv/lib/python3.11/site-packages/airflow/example_dags/example_short_circuit_operator.py
[2025-03-25T16:00:13.240+0800] {processor.py:925} INFO - DAG(s) 'example_short_circuit_operator' retrieved from /Users/ervinyeoh/Desktop/unimods/is3107/project/.venv/lib/python3.11/site-packages/airflow/example_dags/example_short_circuit_operator.py
[2025-03-25T16:00:13.293+0800] {logging_mixin.py:190} INFO - [2025-03-25T16:00:13.293+0800] {dag.py:3239} INFO - Sync 1 DAGs
[2025-03-25T16:00:13.299+0800] {logging_mixin.py:190} INFO - [2025-03-25T16:00:13.299+0800] {dag.py:4180} INFO - Setting next_dagrun for example_short_circuit_operator to None, run_after=None
[2025-03-25T16:00:13.309+0800] {processor.py:208} INFO - Processing /Users/ervinyeoh/Desktop/unimods/is3107/project/.venv/lib/python3.11/site-packages/airflow/example_dags/example_short_circuit_operator.py took 0.121 seconds
[2025-03-25T17:35:34.311+0800] {processor.py:186} INFO - Started process (PID=43877) to work on /Users/ervinyeoh/Desktop/unimods/is3107/project/.venv/lib/python3.11/site-packages/airflow/example_dags/example_short_circuit_operator.py
[2025-03-25T17:35:34.312+0800] {processor.py:914} INFO - Processing file /Users/ervinyeoh/Desktop/unimods/is3107/project/.venv/lib/python3.11/site-packages/airflow/example_dags/example_short_circuit_operator.py for tasks to queue
[2025-03-25T17:35:34.313+0800] {logging_mixin.py:190} INFO - [2025-03-25T17:35:34.313+0800] {dagbag.py:588} INFO - Filling up the DagBag from /Users/ervinyeoh/Desktop/unimods/is3107/project/.venv/lib/python3.11/site-packages/airflow/example_dags/example_short_circuit_operator.py
[2025-03-25T17:35:34.358+0800] {processor.py:925} INFO - DAG(s) 'example_short_circuit_operator' retrieved from /Users/ervinyeoh/Desktop/unimods/is3107/project/.venv/lib/python3.11/site-packages/airflow/example_dags/example_short_circuit_operator.py
[2025-03-25T17:35:34.412+0800] {logging_mixin.py:190} INFO - [2025-03-25T17:35:34.412+0800] {dag.py:3239} INFO - Sync 1 DAGs
[2025-03-25T17:35:34.418+0800] {logging_mixin.py:190} INFO - [2025-03-25T17:35:34.418+0800] {dag.py:4180} INFO - Setting next_dagrun for example_short_circuit_operator to None, run_after=None
[2025-03-25T17:35:34.428+0800] {processor.py:208} INFO - Processing /Users/ervinyeoh/Desktop/unimods/is3107/project/.venv/lib/python3.11/site-packages/airflow/example_dags/example_short_circuit_operator.py took 0.119 seconds
[2025-03-25T20:56:39.584+0800] {processor.py:186} INFO - Started process (PID=44228) to work on /Users/ervinyeoh/Desktop/unimods/is3107/project/.venv/lib/python3.11/site-packages/airflow/example_dags/example_short_circuit_operator.py
[2025-03-25T20:56:39.585+0800] {processor.py:914} INFO - Processing file /Users/ervinyeoh/Desktop/unimods/is3107/project/.venv/lib/python3.11/site-packages/airflow/example_dags/example_short_circuit_operator.py for tasks to queue
[2025-03-25T20:56:39.586+0800] {logging_mixin.py:190} INFO - [2025-03-25T20:56:39.586+0800] {dagbag.py:588} INFO - Filling up the DagBag from /Users/ervinyeoh/Desktop/unimods/is3107/project/.venv/lib/python3.11/site-packages/airflow/example_dags/example_short_circuit_operator.py
[2025-03-25T20:56:39.652+0800] {processor.py:925} INFO - DAG(s) 'example_short_circuit_operator' retrieved from /Users/ervinyeoh/Desktop/unimods/is3107/project/.venv/lib/python3.11/site-packages/airflow/example_dags/example_short_circuit_operator.py
[2025-03-25T20:56:39.746+0800] {logging_mixin.py:190} INFO - [2025-03-25T20:56:39.746+0800] {dag.py:3239} INFO - Sync 1 DAGs
[2025-03-25T20:56:39.758+0800] {logging_mixin.py:190} INFO - [2025-03-25T20:56:39.757+0800] {dag.py:4180} INFO - Setting next_dagrun for example_short_circuit_operator to None, run_after=None
[2025-03-25T20:56:39.775+0800] {processor.py:208} INFO - Processing /Users/ervinyeoh/Desktop/unimods/is3107/project/.venv/lib/python3.11/site-packages/airflow/example_dags/example_short_circuit_operator.py took 0.194 seconds
[2025-03-26T01:33:25.333+0800] {processor.py:186} INFO - Started process (PID=44663) to work on /Users/ervinyeoh/Desktop/unimods/is3107/project/.venv/lib/python3.11/site-packages/airflow/example_dags/example_short_circuit_operator.py
[2025-03-26T01:33:25.335+0800] {processor.py:914} INFO - Processing file /Users/ervinyeoh/Desktop/unimods/is3107/project/.venv/lib/python3.11/site-packages/airflow/example_dags/example_short_circuit_operator.py for tasks to queue
[2025-03-26T01:33:25.335+0800] {logging_mixin.py:190} INFO - [2025-03-26T01:33:25.335+0800] {dagbag.py:588} INFO - Filling up the DagBag from /Users/ervinyeoh/Desktop/unimods/is3107/project/.venv/lib/python3.11/site-packages/airflow/example_dags/example_short_circuit_operator.py
[2025-03-26T01:33:25.383+0800] {processor.py:925} INFO - DAG(s) 'example_short_circuit_operator' retrieved from /Users/ervinyeoh/Desktop/unimods/is3107/project/.venv/lib/python3.11/site-packages/airflow/example_dags/example_short_circuit_operator.py
[2025-03-26T01:33:25.439+0800] {logging_mixin.py:190} INFO - [2025-03-26T01:33:25.439+0800] {dag.py:3239} INFO - Sync 1 DAGs
[2025-03-26T01:33:25.444+0800] {logging_mixin.py:190} INFO - [2025-03-26T01:33:25.444+0800] {dag.py:4180} INFO - Setting next_dagrun for example_short_circuit_operator to None, run_after=None
[2025-03-26T01:33:25.454+0800] {processor.py:208} INFO - Processing /Users/ervinyeoh/Desktop/unimods/is3107/project/.venv/lib/python3.11/site-packages/airflow/example_dags/example_short_circuit_operator.py took 0.122 seconds
[2025-03-26T05:43:04.782+0800] {processor.py:186} INFO - Started process (PID=45101) to work on /Users/ervinyeoh/Desktop/unimods/is3107/project/.venv/lib/python3.11/site-packages/airflow/example_dags/example_short_circuit_operator.py
[2025-03-26T05:43:04.783+0800] {processor.py:914} INFO - Processing file /Users/ervinyeoh/Desktop/unimods/is3107/project/.venv/lib/python3.11/site-packages/airflow/example_dags/example_short_circuit_operator.py for tasks to queue
[2025-03-26T05:43:04.783+0800] {logging_mixin.py:190} INFO - [2025-03-26T05:43:04.783+0800] {dagbag.py:588} INFO - Filling up the DagBag from /Users/ervinyeoh/Desktop/unimods/is3107/project/.venv/lib/python3.11/site-packages/airflow/example_dags/example_short_circuit_operator.py
[2025-03-26T05:43:04.830+0800] {processor.py:925} INFO - DAG(s) 'example_short_circuit_operator' retrieved from /Users/ervinyeoh/Desktop/unimods/is3107/project/.venv/lib/python3.11/site-packages/airflow/example_dags/example_short_circuit_operator.py
[2025-03-26T05:43:04.883+0800] {logging_mixin.py:190} INFO - [2025-03-26T05:43:04.883+0800] {dag.py:3239} INFO - Sync 1 DAGs
[2025-03-26T05:43:04.889+0800] {logging_mixin.py:190} INFO - [2025-03-26T05:43:04.889+0800] {dag.py:4180} INFO - Setting next_dagrun for example_short_circuit_operator to None, run_after=None
[2025-03-26T05:43:04.899+0800] {processor.py:208} INFO - Processing /Users/ervinyeoh/Desktop/unimods/is3107/project/.venv/lib/python3.11/site-packages/airflow/example_dags/example_short_circuit_operator.py took 0.119 seconds
[2025-03-26T07:53:57.177+0800] {processor.py:186} INFO - Started process (PID=45472) to work on /Users/ervinyeoh/Desktop/unimods/is3107/project/.venv/lib/python3.11/site-packages/airflow/example_dags/example_short_circuit_operator.py
[2025-03-26T07:53:57.178+0800] {processor.py:914} INFO - Processing file /Users/ervinyeoh/Desktop/unimods/is3107/project/.venv/lib/python3.11/site-packages/airflow/example_dags/example_short_circuit_operator.py for tasks to queue
[2025-03-26T07:53:57.179+0800] {logging_mixin.py:190} INFO - [2025-03-26T07:53:57.178+0800] {dagbag.py:588} INFO - Filling up the DagBag from /Users/ervinyeoh/Desktop/unimods/is3107/project/.venv/lib/python3.11/site-packages/airflow/example_dags/example_short_circuit_operator.py
[2025-03-26T07:53:57.226+0800] {processor.py:925} INFO - DAG(s) 'example_short_circuit_operator' retrieved from /Users/ervinyeoh/Desktop/unimods/is3107/project/.venv/lib/python3.11/site-packages/airflow/example_dags/example_short_circuit_operator.py
[2025-03-26T07:53:57.279+0800] {logging_mixin.py:190} INFO - [2025-03-26T07:53:57.278+0800] {dag.py:3239} INFO - Sync 1 DAGs
[2025-03-26T07:53:57.284+0800] {logging_mixin.py:190} INFO - [2025-03-26T07:53:57.284+0800] {dag.py:4180} INFO - Setting next_dagrun for example_short_circuit_operator to None, run_after=None
[2025-03-26T07:53:57.294+0800] {processor.py:208} INFO - Processing /Users/ervinyeoh/Desktop/unimods/is3107/project/.venv/lib/python3.11/site-packages/airflow/example_dags/example_short_circuit_operator.py took 0.119 seconds
