[2025-03-25T08:42:40.551+0800] {processor.py:186} INFO - Started process (PID=42854) to work on /Users/ervinyeoh/Desktop/unimods/is3107/project/.venv/lib/python3.11/site-packages/airflow/example_dags/example_sensors.py
[2025-03-25T08:42:40.551+0800] {processor.py:914} INFO - Processing file /Users/ervinyeoh/Desktop/unimods/is3107/project/.venv/lib/python3.11/site-packages/airflow/example_dags/example_sensors.py for tasks to queue
[2025-03-25T08:42:40.552+0800] {logging_mixin.py:190} INFO - [2025-03-25T08:42:40.552+0800] {dagbag.py:588} INFO - Filling up the DagBag from /Users/ervinyeoh/Desktop/unimods/is3107/project/.venv/lib/python3.11/site-packages/airflow/example_dags/example_sensors.py
[2025-03-25T08:42:40.562+0800] {processor.py:925} INFO - DAG(s) 'example_sensors' retrieved from /Users/ervinyeoh/Desktop/unimods/is3107/project/.venv/lib/python3.11/site-packages/airflow/example_dags/example_sensors.py
[2025-03-25T08:42:41.043+0800] {logging_mixin.py:190} INFO - [2025-03-25T08:42:41.042+0800] {dag.py:3239} INFO - Sync 1 DAGs
[2025-03-25T08:42:41.048+0800] {logging_mixin.py:190} INFO - [2025-03-25T08:42:41.048+0800] {dag.py:4180} INFO - Setting next_dagrun for example_sensors to None, run_after=None
[2025-03-25T08:42:41.058+0800] {processor.py:208} INFO - Processing /Users/ervinyeoh/Desktop/unimods/is3107/project/.venv/lib/python3.11/site-packages/airflow/example_dags/example_sensors.py took 0.509 seconds
[2025-03-25T12:52:55.183+0800] {processor.py:186} INFO - Started process (PID=43255) to work on /Users/ervinyeoh/Desktop/unimods/is3107/project/.venv/lib/python3.11/site-packages/airflow/example_dags/example_sensors.py
[2025-03-25T12:52:55.184+0800] {processor.py:914} INFO - Processing file /Users/ervinyeoh/Desktop/unimods/is3107/project/.venv/lib/python3.11/site-packages/airflow/example_dags/example_sensors.py for tasks to queue
[2025-03-25T12:52:55.184+0800] {logging_mixin.py:190} INFO - [2025-03-25T12:52:55.184+0800] {dagbag.py:588} INFO - Filling up the DagBag from /Users/ervinyeoh/Desktop/unimods/is3107/project/.venv/lib/python3.11/site-packages/airflow/example_dags/example_sensors.py
[2025-03-25T12:52:55.194+0800] {processor.py:925} INFO - DAG(s) 'example_sensors' retrieved from /Users/ervinyeoh/Desktop/unimods/is3107/project/.venv/lib/python3.11/site-packages/airflow/example_dags/example_sensors.py
[2025-03-25T12:52:55.731+0800] {logging_mixin.py:190} INFO - [2025-03-25T12:52:55.731+0800] {dag.py:3239} INFO - Sync 1 DAGs
[2025-03-25T12:52:55.737+0800] {logging_mixin.py:190} INFO - [2025-03-25T12:52:55.737+0800] {dag.py:4180} INFO - Setting next_dagrun for example_sensors to None, run_after=None
[2025-03-25T12:52:55.747+0800] {processor.py:208} INFO - Processing /Users/ervinyeoh/Desktop/unimods/is3107/project/.venv/lib/python3.11/site-packages/airflow/example_dags/example_sensors.py took 0.566 seconds
[2025-03-25T16:00:21.889+0800] {processor.py:186} INFO - Started process (PID=43633) to work on /Users/ervinyeoh/Desktop/unimods/is3107/project/.venv/lib/python3.11/site-packages/airflow/example_dags/example_sensors.py
[2025-03-25T16:00:21.890+0800] {processor.py:914} INFO - Processing file /Users/ervinyeoh/Desktop/unimods/is3107/project/.venv/lib/python3.11/site-packages/airflow/example_dags/example_sensors.py for tasks to queue
[2025-03-25T16:00:21.891+0800] {logging_mixin.py:190} INFO - [2025-03-25T16:00:21.891+0800] {dagbag.py:588} INFO - Filling up the DagBag from /Users/ervinyeoh/Desktop/unimods/is3107/project/.venv/lib/python3.11/site-packages/airflow/example_dags/example_sensors.py
[2025-03-25T16:00:21.901+0800] {processor.py:925} INFO - DAG(s) 'example_sensors' retrieved from /Users/ervinyeoh/Desktop/unimods/is3107/project/.venv/lib/python3.11/site-packages/airflow/example_dags/example_sensors.py
[2025-03-25T16:00:22.389+0800] {logging_mixin.py:190} INFO - [2025-03-25T16:00:22.389+0800] {dag.py:3239} INFO - Sync 1 DAGs
[2025-03-25T16:00:22.396+0800] {logging_mixin.py:190} INFO - [2025-03-25T16:00:22.395+0800] {dag.py:4180} INFO - Setting next_dagrun for example_sensors to None, run_after=None
[2025-03-25T16:00:22.406+0800] {processor.py:208} INFO - Processing /Users/ervinyeoh/Desktop/unimods/is3107/project/.venv/lib/python3.11/site-packages/airflow/example_dags/example_sensors.py took 0.518 seconds
[2025-03-25T17:35:42.994+0800] {processor.py:186} INFO - Started process (PID=43890) to work on /Users/ervinyeoh/Desktop/unimods/is3107/project/.venv/lib/python3.11/site-packages/airflow/example_dags/example_sensors.py
[2025-03-25T17:35:42.995+0800] {processor.py:914} INFO - Processing file /Users/ervinyeoh/Desktop/unimods/is3107/project/.venv/lib/python3.11/site-packages/airflow/example_dags/example_sensors.py for tasks to queue
[2025-03-25T17:35:42.996+0800] {logging_mixin.py:190} INFO - [2025-03-25T17:35:42.996+0800] {dagbag.py:588} INFO - Filling up the DagBag from /Users/ervinyeoh/Desktop/unimods/is3107/project/.venv/lib/python3.11/site-packages/airflow/example_dags/example_sensors.py
[2025-03-25T17:35:43.006+0800] {processor.py:925} INFO - DAG(s) 'example_sensors' retrieved from /Users/ervinyeoh/Desktop/unimods/is3107/project/.venv/lib/python3.11/site-packages/airflow/example_dags/example_sensors.py
[2025-03-25T17:35:43.501+0800] {logging_mixin.py:190} INFO - [2025-03-25T17:35:43.501+0800] {dag.py:3239} INFO - Sync 1 DAGs
[2025-03-25T17:35:43.507+0800] {logging_mixin.py:190} INFO - [2025-03-25T17:35:43.507+0800] {dag.py:4180} INFO - Setting next_dagrun for example_sensors to None, run_after=None
[2025-03-25T17:35:43.518+0800] {processor.py:208} INFO - Processing /Users/ervinyeoh/Desktop/unimods/is3107/project/.venv/lib/python3.11/site-packages/airflow/example_dags/example_sensors.py took 0.526 seconds
[2025-03-25T21:12:44.261+0800] {processor.py:186} INFO - Started process (PID=44257) to work on /Users/ervinyeoh/Desktop/unimods/is3107/project/.venv/lib/python3.11/site-packages/airflow/example_dags/example_sensors.py
[2025-03-25T21:12:44.262+0800] {processor.py:914} INFO - Processing file /Users/ervinyeoh/Desktop/unimods/is3107/project/.venv/lib/python3.11/site-packages/airflow/example_dags/example_sensors.py for tasks to queue
[2025-03-25T21:12:44.263+0800] {logging_mixin.py:190} INFO - [2025-03-25T21:12:44.263+0800] {dagbag.py:588} INFO - Filling up the DagBag from /Users/ervinyeoh/Desktop/unimods/is3107/project/.venv/lib/python3.11/site-packages/airflow/example_dags/example_sensors.py
[2025-03-25T21:12:44.273+0800] {processor.py:925} INFO - DAG(s) 'example_sensors' retrieved from /Users/ervinyeoh/Desktop/unimods/is3107/project/.venv/lib/python3.11/site-packages/airflow/example_dags/example_sensors.py
[2025-03-25T21:12:45.448+0800] {logging_mixin.py:190} INFO - [2025-03-25T21:12:45.447+0800] {dag.py:3239} INFO - Sync 1 DAGs
[2025-03-25T21:12:45.458+0800] {logging_mixin.py:190} INFO - [2025-03-25T21:12:45.458+0800] {dag.py:4180} INFO - Setting next_dagrun for example_sensors to None, run_after=None
[2025-03-25T21:12:45.470+0800] {processor.py:208} INFO - Processing /Users/ervinyeoh/Desktop/unimods/is3107/project/.venv/lib/python3.11/site-packages/airflow/example_dags/example_sensors.py took 1.212 seconds
[2025-03-26T01:33:34.092+0800] {processor.py:186} INFO - Started process (PID=44678) to work on /Users/ervinyeoh/Desktop/unimods/is3107/project/.venv/lib/python3.11/site-packages/airflow/example_dags/example_sensors.py
[2025-03-26T01:33:34.094+0800] {processor.py:914} INFO - Processing file /Users/ervinyeoh/Desktop/unimods/is3107/project/.venv/lib/python3.11/site-packages/airflow/example_dags/example_sensors.py for tasks to queue
[2025-03-26T01:33:34.095+0800] {logging_mixin.py:190} INFO - [2025-03-26T01:33:34.095+0800] {dagbag.py:588} INFO - Filling up the DagBag from /Users/ervinyeoh/Desktop/unimods/is3107/project/.venv/lib/python3.11/site-packages/airflow/example_dags/example_sensors.py
[2025-03-26T01:33:34.106+0800] {processor.py:925} INFO - DAG(s) 'example_sensors' retrieved from /Users/ervinyeoh/Desktop/unimods/is3107/project/.venv/lib/python3.11/site-packages/airflow/example_dags/example_sensors.py
[2025-03-26T01:33:34.598+0800] {logging_mixin.py:190} INFO - [2025-03-26T01:33:34.598+0800] {dag.py:3239} INFO - Sync 1 DAGs
[2025-03-26T01:33:34.604+0800] {logging_mixin.py:190} INFO - [2025-03-26T01:33:34.603+0800] {dag.py:4180} INFO - Setting next_dagrun for example_sensors to None, run_after=None
[2025-03-26T01:33:34.614+0800] {processor.py:208} INFO - Processing /Users/ervinyeoh/Desktop/unimods/is3107/project/.venv/lib/python3.11/site-packages/airflow/example_dags/example_sensors.py took 0.525 seconds
[2025-03-26T05:43:12.803+0800] {processor.py:186} INFO - Started process (PID=45116) to work on /Users/ervinyeoh/Desktop/unimods/is3107/project/.venv/lib/python3.11/site-packages/airflow/example_dags/example_sensors.py
[2025-03-26T05:43:12.804+0800] {processor.py:914} INFO - Processing file /Users/ervinyeoh/Desktop/unimods/is3107/project/.venv/lib/python3.11/site-packages/airflow/example_dags/example_sensors.py for tasks to queue
[2025-03-26T05:43:12.805+0800] {logging_mixin.py:190} INFO - [2025-03-26T05:43:12.805+0800] {dagbag.py:588} INFO - Filling up the DagBag from /Users/ervinyeoh/Desktop/unimods/is3107/project/.venv/lib/python3.11/site-packages/airflow/example_dags/example_sensors.py
[2025-03-26T05:43:12.815+0800] {processor.py:925} INFO - DAG(s) 'example_sensors' retrieved from /Users/ervinyeoh/Desktop/unimods/is3107/project/.venv/lib/python3.11/site-packages/airflow/example_dags/example_sensors.py
[2025-03-26T05:43:13.331+0800] {logging_mixin.py:190} INFO - [2025-03-26T05:43:13.331+0800] {dag.py:3239} INFO - Sync 1 DAGs
[2025-03-26T05:43:13.337+0800] {logging_mixin.py:190} INFO - [2025-03-26T05:43:13.336+0800] {dag.py:4180} INFO - Setting next_dagrun for example_sensors to None, run_after=None
[2025-03-26T05:43:13.346+0800] {processor.py:208} INFO - Processing /Users/ervinyeoh/Desktop/unimods/is3107/project/.venv/lib/python3.11/site-packages/airflow/example_dags/example_sensors.py took 0.545 seconds
[2025-03-26T07:54:05.897+0800] {processor.py:186} INFO - Started process (PID=45489) to work on /Users/ervinyeoh/Desktop/unimods/is3107/project/.venv/lib/python3.11/site-packages/airflow/example_dags/example_sensors.py
[2025-03-26T07:54:05.899+0800] {processor.py:914} INFO - Processing file /Users/ervinyeoh/Desktop/unimods/is3107/project/.venv/lib/python3.11/site-packages/airflow/example_dags/example_sensors.py for tasks to queue
[2025-03-26T07:54:05.899+0800] {logging_mixin.py:190} INFO - [2025-03-26T07:54:05.899+0800] {dagbag.py:588} INFO - Filling up the DagBag from /Users/ervinyeoh/Desktop/unimods/is3107/project/.venv/lib/python3.11/site-packages/airflow/example_dags/example_sensors.py
[2025-03-26T07:54:05.910+0800] {processor.py:925} INFO - DAG(s) 'example_sensors' retrieved from /Users/ervinyeoh/Desktop/unimods/is3107/project/.venv/lib/python3.11/site-packages/airflow/example_dags/example_sensors.py
[2025-03-26T07:54:06.396+0800] {logging_mixin.py:190} INFO - [2025-03-26T07:54:06.396+0800] {dag.py:3239} INFO - Sync 1 DAGs
[2025-03-26T07:54:06.402+0800] {logging_mixin.py:190} INFO - [2025-03-26T07:54:06.402+0800] {dag.py:4180} INFO - Setting next_dagrun for example_sensors to None, run_after=None
[2025-03-26T07:54:06.413+0800] {processor.py:208} INFO - Processing /Users/ervinyeoh/Desktop/unimods/is3107/project/.venv/lib/python3.11/site-packages/airflow/example_dags/example_sensors.py took 0.517 seconds
