[2025-03-25T10:07:51.061+0800] {processor.py:186} INFO - Started process (PID=43022) to work on /Users/ervinyeoh/Desktop/unimods/is3107/project/.venv/lib/python3.11/site-packages/airflow/example_dags/example_branch_labels.py
[2025-03-25T10:07:51.061+0800] {processor.py:914} INFO - Processing file /Users/ervinyeoh/Desktop/unimods/is3107/project/.venv/lib/python3.11/site-packages/airflow/example_dags/example_branch_labels.py for tasks to queue
[2025-03-25T10:07:51.062+0800] {logging_mixin.py:190} INFO - [2025-03-25T10:07:51.062+0800] {dagbag.py:588} INFO - Filling up the DagBag from /Users/ervinyeoh/Desktop/unimods/is3107/project/.venv/lib/python3.11/site-packages/airflow/example_dags/example_branch_labels.py
[2025-03-25T10:07:51.080+0800] {processor.py:925} INFO - DAG(s) 'example_branch_labels' retrieved from /Users/ervinyeoh/Desktop/unimods/is3107/project/.venv/lib/python3.11/site-packages/airflow/example_dags/example_branch_labels.py
[2025-03-25T10:07:51.184+0800] {logging_mixin.py:190} INFO - [2025-03-25T10:07:51.183+0800] {dag.py:3239} INFO - Sync 1 DAGs
[2025-03-25T10:07:51.196+0800] {logging_mixin.py:190} INFO - [2025-03-25T10:07:51.196+0800] {dag.py:4180} INFO - Setting next_dagrun for example_branch_labels to 2025-03-24 00:00:00+00:00, run_after=2025-03-25 00:00:00+00:00
[2025-03-25T10:07:51.207+0800] {processor.py:208} INFO - Processing /Users/ervinyeoh/Desktop/unimods/is3107/project/.venv/lib/python3.11/site-packages/airflow/example_dags/example_branch_labels.py took 0.148 seconds
[2025-03-25T16:35:23.467+0800] {processor.py:186} INFO - Started process (PID=43733) to work on /Users/ervinyeoh/Desktop/unimods/is3107/project/.venv/lib/python3.11/site-packages/airflow/example_dags/example_branch_labels.py
[2025-03-25T16:35:23.468+0800] {processor.py:914} INFO - Processing file /Users/ervinyeoh/Desktop/unimods/is3107/project/.venv/lib/python3.11/site-packages/airflow/example_dags/example_branch_labels.py for tasks to queue
[2025-03-25T16:35:23.468+0800] {logging_mixin.py:190} INFO - [2025-03-25T16:35:23.468+0800] {dagbag.py:588} INFO - Filling up the DagBag from /Users/ervinyeoh/Desktop/unimods/is3107/project/.venv/lib/python3.11/site-packages/airflow/example_dags/example_branch_labels.py
[2025-03-25T16:35:23.474+0800] {processor.py:925} INFO - DAG(s) 'example_branch_labels' retrieved from /Users/ervinyeoh/Desktop/unimods/is3107/project/.venv/lib/python3.11/site-packages/airflow/example_dags/example_branch_labels.py
[2025-03-25T16:35:23.555+0800] {logging_mixin.py:190} INFO - [2025-03-25T16:35:23.555+0800] {dag.py:3239} INFO - Sync 1 DAGs
[2025-03-25T16:35:23.568+0800] {logging_mixin.py:190} INFO - [2025-03-25T16:35:23.568+0800] {dag.py:4180} INFO - Setting next_dagrun for example_branch_labels to 2025-03-24 00:00:00+00:00, run_after=2025-03-25 00:00:00+00:00
[2025-03-25T16:35:23.577+0800] {processor.py:208} INFO - Processing /Users/ervinyeoh/Desktop/unimods/is3107/project/.venv/lib/python3.11/site-packages/airflow/example_dags/example_branch_labels.py took 0.112 seconds
[2025-03-26T00:00:51.917+0800] {processor.py:186} INFO - Started process (PID=44483) to work on /Users/ervinyeoh/Desktop/unimods/is3107/project/.venv/lib/python3.11/site-packages/airflow/example_dags/example_branch_labels.py
[2025-03-26T00:00:51.918+0800] {processor.py:914} INFO - Processing file /Users/ervinyeoh/Desktop/unimods/is3107/project/.venv/lib/python3.11/site-packages/airflow/example_dags/example_branch_labels.py for tasks to queue
[2025-03-26T00:00:51.919+0800] {logging_mixin.py:190} INFO - [2025-03-26T00:00:51.919+0800] {dagbag.py:588} INFO - Filling up the DagBag from /Users/ervinyeoh/Desktop/unimods/is3107/project/.venv/lib/python3.11/site-packages/airflow/example_dags/example_branch_labels.py
[2025-03-26T00:00:51.925+0800] {processor.py:925} INFO - DAG(s) 'example_branch_labels' retrieved from /Users/ervinyeoh/Desktop/unimods/is3107/project/.venv/lib/python3.11/site-packages/airflow/example_dags/example_branch_labels.py
[2025-03-26T00:00:52.041+0800] {logging_mixin.py:190} INFO - [2025-03-26T00:00:52.040+0800] {dag.py:3239} INFO - Sync 1 DAGs
[2025-03-26T00:00:52.051+0800] {logging_mixin.py:190} INFO - [2025-03-26T00:00:52.051+0800] {dag.py:4180} INFO - Setting next_dagrun for example_branch_labels to 2025-03-24 00:00:00+00:00, run_after=2025-03-25 00:00:00+00:00
[2025-03-26T00:00:52.061+0800] {processor.py:208} INFO - Processing /Users/ervinyeoh/Desktop/unimods/is3107/project/.venv/lib/python3.11/site-packages/airflow/example_dags/example_branch_labels.py took 0.146 seconds
[2025-03-26T02:59:16.692+0800] {processor.py:186} INFO - Started process (PID=44861) to work on /Users/ervinyeoh/Desktop/unimods/is3107/project/.venv/lib/python3.11/site-packages/airflow/example_dags/example_branch_labels.py
[2025-03-26T02:59:16.693+0800] {processor.py:914} INFO - Processing file /Users/ervinyeoh/Desktop/unimods/is3107/project/.venv/lib/python3.11/site-packages/airflow/example_dags/example_branch_labels.py for tasks to queue
[2025-03-26T02:59:16.693+0800] {logging_mixin.py:190} INFO - [2025-03-26T02:59:16.693+0800] {dagbag.py:588} INFO - Filling up the DagBag from /Users/ervinyeoh/Desktop/unimods/is3107/project/.venv/lib/python3.11/site-packages/airflow/example_dags/example_branch_labels.py
[2025-03-26T02:59:16.701+0800] {processor.py:925} INFO - DAG(s) 'example_branch_labels' retrieved from /Users/ervinyeoh/Desktop/unimods/is3107/project/.venv/lib/python3.11/site-packages/airflow/example_dags/example_branch_labels.py
[2025-03-26T02:59:16.788+0800] {logging_mixin.py:190} INFO - [2025-03-26T02:59:16.788+0800] {dag.py:3239} INFO - Sync 1 DAGs
[2025-03-26T02:59:16.799+0800] {logging_mixin.py:190} INFO - [2025-03-26T02:59:16.799+0800] {dag.py:4180} INFO - Setting next_dagrun for example_branch_labels to 2025-03-24 00:00:00+00:00, run_after=2025-03-25 00:00:00+00:00
[2025-03-26T02:59:16.809+0800] {processor.py:208} INFO - Processing /Users/ervinyeoh/Desktop/unimods/is3107/project/.venv/lib/python3.11/site-packages/airflow/example_dags/example_branch_labels.py took 0.119 seconds
[2025-03-26T07:52:58.258+0800] {processor.py:186} INFO - Started process (PID=45346) to work on /Users/ervinyeoh/Desktop/unimods/is3107/project/.venv/lib/python3.11/site-packages/airflow/example_dags/example_branch_labels.py
[2025-03-26T07:52:58.259+0800] {processor.py:914} INFO - Processing file /Users/ervinyeoh/Desktop/unimods/is3107/project/.venv/lib/python3.11/site-packages/airflow/example_dags/example_branch_labels.py for tasks to queue
[2025-03-26T07:52:58.259+0800] {logging_mixin.py:190} INFO - [2025-03-26T07:52:58.259+0800] {dagbag.py:588} INFO - Filling up the DagBag from /Users/ervinyeoh/Desktop/unimods/is3107/project/.venv/lib/python3.11/site-packages/airflow/example_dags/example_branch_labels.py
[2025-03-26T07:52:58.265+0800] {processor.py:925} INFO - DAG(s) 'example_branch_labels' retrieved from /Users/ervinyeoh/Desktop/unimods/is3107/project/.venv/lib/python3.11/site-packages/airflow/example_dags/example_branch_labels.py
[2025-03-26T07:52:58.348+0800] {logging_mixin.py:190} INFO - [2025-03-26T07:52:58.348+0800] {dag.py:3239} INFO - Sync 1 DAGs
[2025-03-26T07:52:58.358+0800] {logging_mixin.py:190} INFO - [2025-03-26T07:52:58.358+0800] {dag.py:4180} INFO - Setting next_dagrun for example_branch_labels to 2025-03-24 00:00:00+00:00, run_after=2025-03-25 00:00:00+00:00
[2025-03-26T07:52:58.369+0800] {processor.py:208} INFO - Processing /Users/ervinyeoh/Desktop/unimods/is3107/project/.venv/lib/python3.11/site-packages/airflow/example_dags/example_branch_labels.py took 0.112 seconds
