[2025-03-25T08:42:57.177+0800] {processor.py:186} INFO - Started process (PID=42905) to work on /Users/ervinyeoh/Desktop/unimods/is3107/project/.venv/lib/python3.11/site-packages/airflow/example_dags/example_params_trigger_ui.py
[2025-03-25T08:42:57.178+0800] {processor.py:914} INFO - Processing file /Users/ervinyeoh/Desktop/unimods/is3107/project/.venv/lib/python3.11/site-packages/airflow/example_dags/example_params_trigger_ui.py for tasks to queue
[2025-03-25T08:42:57.179+0800] {logging_mixin.py:190} INFO - [2025-03-25T08:42:57.179+0800] {dagbag.py:588} INFO - Filling up the DagBag from /Users/ervinyeoh/Desktop/unimods/is3107/project/.venv/lib/python3.11/site-packages/airflow/example_dags/example_params_trigger_ui.py
[2025-03-25T08:42:57.240+0800] {processor.py:925} INFO - DAG(s) 'example_params_trigger_ui' retrieved from /Users/ervinyeoh/Desktop/unimods/is3107/project/.venv/lib/python3.11/site-packages/airflow/example_dags/example_params_trigger_ui.py
[2025-03-25T08:42:57.304+0800] {logging_mixin.py:190} INFO - [2025-03-25T08:42:57.304+0800] {dag.py:3239} INFO - Sync 1 DAGs
[2025-03-25T08:42:57.310+0800] {logging_mixin.py:190} INFO - [2025-03-25T08:42:57.310+0800] {dag.py:4180} INFO - Setting next_dagrun for example_params_trigger_ui to None, run_after=None
[2025-03-25T08:42:57.319+0800] {processor.py:208} INFO - Processing /Users/ervinyeoh/Desktop/unimods/is3107/project/.venv/lib/python3.11/site-packages/airflow/example_dags/example_params_trigger_ui.py took 0.143 seconds
[2025-03-25T13:25:51.162+0800] {processor.py:186} INFO - Started process (PID=43309) to work on /Users/ervinyeoh/Desktop/unimods/is3107/project/.venv/lib/python3.11/site-packages/airflow/example_dags/example_params_trigger_ui.py
[2025-03-25T13:25:51.164+0800] {processor.py:914} INFO - Processing file /Users/ervinyeoh/Desktop/unimods/is3107/project/.venv/lib/python3.11/site-packages/airflow/example_dags/example_params_trigger_ui.py for tasks to queue
[2025-03-25T13:25:51.164+0800] {logging_mixin.py:190} INFO - [2025-03-25T13:25:51.164+0800] {dagbag.py:588} INFO - Filling up the DagBag from /Users/ervinyeoh/Desktop/unimods/is3107/project/.venv/lib/python3.11/site-packages/airflow/example_dags/example_params_trigger_ui.py
[2025-03-25T13:25:51.218+0800] {processor.py:925} INFO - DAG(s) 'example_params_trigger_ui' retrieved from /Users/ervinyeoh/Desktop/unimods/is3107/project/.venv/lib/python3.11/site-packages/airflow/example_dags/example_params_trigger_ui.py
[2025-03-25T13:25:51.281+0800] {logging_mixin.py:190} INFO - [2025-03-25T13:25:51.281+0800] {dag.py:3239} INFO - Sync 1 DAGs
[2025-03-25T13:25:51.286+0800] {logging_mixin.py:190} INFO - [2025-03-25T13:25:51.286+0800] {dag.py:4180} INFO - Setting next_dagrun for example_params_trigger_ui to None, run_after=None
[2025-03-25T13:25:51.296+0800] {processor.py:208} INFO - Processing /Users/ervinyeoh/Desktop/unimods/is3107/project/.venv/lib/python3.11/site-packages/airflow/example_dags/example_params_trigger_ui.py took 0.136 seconds
[2025-03-25T16:00:36.124+0800] {processor.py:186} INFO - Started process (PID=43652) to work on /Users/ervinyeoh/Desktop/unimods/is3107/project/.venv/lib/python3.11/site-packages/airflow/example_dags/example_params_trigger_ui.py
[2025-03-25T16:00:36.125+0800] {processor.py:914} INFO - Processing file /Users/ervinyeoh/Desktop/unimods/is3107/project/.venv/lib/python3.11/site-packages/airflow/example_dags/example_params_trigger_ui.py for tasks to queue
[2025-03-25T16:00:36.126+0800] {logging_mixin.py:190} INFO - [2025-03-25T16:00:36.126+0800] {dagbag.py:588} INFO - Filling up the DagBag from /Users/ervinyeoh/Desktop/unimods/is3107/project/.venv/lib/python3.11/site-packages/airflow/example_dags/example_params_trigger_ui.py
[2025-03-25T16:00:36.179+0800] {processor.py:925} INFO - DAG(s) 'example_params_trigger_ui' retrieved from /Users/ervinyeoh/Desktop/unimods/is3107/project/.venv/lib/python3.11/site-packages/airflow/example_dags/example_params_trigger_ui.py
[2025-03-25T16:00:36.242+0800] {logging_mixin.py:190} INFO - [2025-03-25T16:00:36.241+0800] {dag.py:3239} INFO - Sync 1 DAGs
[2025-03-25T16:00:36.247+0800] {logging_mixin.py:190} INFO - [2025-03-25T16:00:36.247+0800] {dag.py:4180} INFO - Setting next_dagrun for example_params_trigger_ui to None, run_after=None
[2025-03-25T16:00:36.258+0800] {processor.py:208} INFO - Processing /Users/ervinyeoh/Desktop/unimods/is3107/project/.venv/lib/python3.11/site-packages/airflow/example_dags/example_params_trigger_ui.py took 0.135 seconds
[2025-03-25T17:52:41.394+0800] {processor.py:186} INFO - Started process (PID=43931) to work on /Users/ervinyeoh/Desktop/unimods/is3107/project/.venv/lib/python3.11/site-packages/airflow/example_dags/example_params_trigger_ui.py
[2025-03-25T17:52:41.395+0800] {processor.py:914} INFO - Processing file /Users/ervinyeoh/Desktop/unimods/is3107/project/.venv/lib/python3.11/site-packages/airflow/example_dags/example_params_trigger_ui.py for tasks to queue
[2025-03-25T17:52:41.395+0800] {logging_mixin.py:190} INFO - [2025-03-25T17:52:41.395+0800] {dagbag.py:588} INFO - Filling up the DagBag from /Users/ervinyeoh/Desktop/unimods/is3107/project/.venv/lib/python3.11/site-packages/airflow/example_dags/example_params_trigger_ui.py
[2025-03-25T17:52:41.448+0800] {processor.py:925} INFO - DAG(s) 'example_params_trigger_ui' retrieved from /Users/ervinyeoh/Desktop/unimods/is3107/project/.venv/lib/python3.11/site-packages/airflow/example_dags/example_params_trigger_ui.py
[2025-03-25T17:52:41.510+0800] {logging_mixin.py:190} INFO - [2025-03-25T17:52:41.510+0800] {dag.py:3239} INFO - Sync 1 DAGs
[2025-03-25T17:52:41.516+0800] {logging_mixin.py:190} INFO - [2025-03-25T17:52:41.516+0800] {dag.py:4180} INFO - Setting next_dagrun for example_params_trigger_ui to None, run_after=None
[2025-03-25T17:52:41.527+0800] {processor.py:208} INFO - Processing /Users/ervinyeoh/Desktop/unimods/is3107/project/.venv/lib/python3.11/site-packages/airflow/example_dags/example_params_trigger_ui.py took 0.134 seconds
[2025-03-25T21:47:30.052+0800] {processor.py:186} INFO - Started process (PID=44328) to work on /Users/ervinyeoh/Desktop/unimods/is3107/project/.venv/lib/python3.11/site-packages/airflow/example_dags/example_params_trigger_ui.py
[2025-03-25T21:47:30.052+0800] {processor.py:914} INFO - Processing file /Users/ervinyeoh/Desktop/unimods/is3107/project/.venv/lib/python3.11/site-packages/airflow/example_dags/example_params_trigger_ui.py for tasks to queue
[2025-03-25T21:47:30.053+0800] {logging_mixin.py:190} INFO - [2025-03-25T21:47:30.053+0800] {dagbag.py:588} INFO - Filling up the DagBag from /Users/ervinyeoh/Desktop/unimods/is3107/project/.venv/lib/python3.11/site-packages/airflow/example_dags/example_params_trigger_ui.py
[2025-03-25T21:47:30.108+0800] {processor.py:925} INFO - DAG(s) 'example_params_trigger_ui' retrieved from /Users/ervinyeoh/Desktop/unimods/is3107/project/.venv/lib/python3.11/site-packages/airflow/example_dags/example_params_trigger_ui.py
[2025-03-25T21:47:30.170+0800] {logging_mixin.py:190} INFO - [2025-03-25T21:47:30.169+0800] {dag.py:3239} INFO - Sync 1 DAGs
[2025-03-25T21:47:30.175+0800] {logging_mixin.py:190} INFO - [2025-03-25T21:47:30.175+0800] {dag.py:4180} INFO - Setting next_dagrun for example_params_trigger_ui to None, run_after=None
[2025-03-25T21:47:30.185+0800] {processor.py:208} INFO - Processing /Users/ervinyeoh/Desktop/unimods/is3107/project/.venv/lib/python3.11/site-packages/airflow/example_dags/example_params_trigger_ui.py took 0.135 seconds
[2025-03-26T01:33:48.321+0800] {processor.py:186} INFO - Started process (PID=44706) to work on /Users/ervinyeoh/Desktop/unimods/is3107/project/.venv/lib/python3.11/site-packages/airflow/example_dags/example_params_trigger_ui.py
[2025-03-26T01:33:48.322+0800] {processor.py:914} INFO - Processing file /Users/ervinyeoh/Desktop/unimods/is3107/project/.venv/lib/python3.11/site-packages/airflow/example_dags/example_params_trigger_ui.py for tasks to queue
[2025-03-26T01:33:48.323+0800] {logging_mixin.py:190} INFO - [2025-03-26T01:33:48.323+0800] {dagbag.py:588} INFO - Filling up the DagBag from /Users/ervinyeoh/Desktop/unimods/is3107/project/.venv/lib/python3.11/site-packages/airflow/example_dags/example_params_trigger_ui.py
[2025-03-26T01:33:48.377+0800] {processor.py:925} INFO - DAG(s) 'example_params_trigger_ui' retrieved from /Users/ervinyeoh/Desktop/unimods/is3107/project/.venv/lib/python3.11/site-packages/airflow/example_dags/example_params_trigger_ui.py
[2025-03-26T01:33:48.439+0800] {logging_mixin.py:190} INFO - [2025-03-26T01:33:48.439+0800] {dag.py:3239} INFO - Sync 1 DAGs
[2025-03-26T01:33:48.445+0800] {logging_mixin.py:190} INFO - [2025-03-26T01:33:48.445+0800] {dag.py:4180} INFO - Setting next_dagrun for example_params_trigger_ui to None, run_after=None
[2025-03-26T01:33:48.457+0800] {processor.py:208} INFO - Processing /Users/ervinyeoh/Desktop/unimods/is3107/project/.venv/lib/python3.11/site-packages/airflow/example_dags/example_params_trigger_ui.py took 0.138 seconds
[2025-03-26T06:00:24.584+0800] {processor.py:186} INFO - Started process (PID=45138) to work on /Users/ervinyeoh/Desktop/unimods/is3107/project/.venv/lib/python3.11/site-packages/airflow/example_dags/example_params_trigger_ui.py
[2025-03-26T06:00:24.585+0800] {processor.py:914} INFO - Processing file /Users/ervinyeoh/Desktop/unimods/is3107/project/.venv/lib/python3.11/site-packages/airflow/example_dags/example_params_trigger_ui.py for tasks to queue
[2025-03-26T06:00:24.585+0800] {logging_mixin.py:190} INFO - [2025-03-26T06:00:24.585+0800] {dagbag.py:588} INFO - Filling up the DagBag from /Users/ervinyeoh/Desktop/unimods/is3107/project/.venv/lib/python3.11/site-packages/airflow/example_dags/example_params_trigger_ui.py
[2025-03-26T06:00:24.645+0800] {processor.py:925} INFO - DAG(s) 'example_params_trigger_ui' retrieved from /Users/ervinyeoh/Desktop/unimods/is3107/project/.venv/lib/python3.11/site-packages/airflow/example_dags/example_params_trigger_ui.py
[2025-03-26T06:00:24.710+0800] {logging_mixin.py:190} INFO - [2025-03-26T06:00:24.710+0800] {dag.py:3239} INFO - Sync 1 DAGs
[2025-03-26T06:00:24.716+0800] {logging_mixin.py:190} INFO - [2025-03-26T06:00:24.716+0800] {dag.py:4180} INFO - Setting next_dagrun for example_params_trigger_ui to None, run_after=None
[2025-03-26T06:00:24.727+0800] {processor.py:208} INFO - Processing /Users/ervinyeoh/Desktop/unimods/is3107/project/.venv/lib/python3.11/site-packages/airflow/example_dags/example_params_trigger_ui.py took 0.145 seconds
