[2025-03-25T08:43:02.333+0800] {processor.py:186} INFO - Started process (PID=42919) to work on /Users/ervinyeoh/Desktop/unimods/is3107/project/.venv/lib/python3.11/site-packages/airflow/example_dags/example_nested_branch_dag.py
[2025-03-25T08:43:02.333+0800] {processor.py:914} INFO - Processing file /Users/ervinyeoh/Desktop/unimods/is3107/project/.venv/lib/python3.11/site-packages/airflow/example_dags/example_nested_branch_dag.py for tasks to queue
[2025-03-25T08:43:02.334+0800] {logging_mixin.py:190} INFO - [2025-03-25T08:43:02.334+0800] {dagbag.py:588} INFO - Filling up the DagBag from /Users/ervinyeoh/Desktop/unimods/is3107/project/.venv/lib/python3.11/site-packages/airflow/example_dags/example_nested_branch_dag.py
[2025-03-25T08:43:02.392+0800] {processor.py:925} INFO - DAG(s) 'example_nested_branch_dag' retrieved from /Users/ervinyeoh/Desktop/unimods/is3107/project/.venv/lib/python3.11/site-packages/airflow/example_dags/example_nested_branch_dag.py
[2025-03-25T08:43:02.514+0800] {logging_mixin.py:190} INFO - [2025-03-25T08:43:02.514+0800] {dag.py:3239} INFO - Sync 1 DAGs
[2025-03-25T08:43:02.524+0800] {logging_mixin.py:190} INFO - [2025-03-25T08:43:02.524+0800] {dag.py:4180} INFO - Setting next_dagrun for example_nested_branch_dag to 2025-03-24 00:00:00+00:00, run_after=2025-03-25 00:00:00+00:00
[2025-03-25T08:43:02.535+0800] {processor.py:208} INFO - Processing /Users/ervinyeoh/Desktop/unimods/is3107/project/.venv/lib/python3.11/site-packages/airflow/example_dags/example_nested_branch_dag.py took 0.204 seconds
[2025-03-25T13:43:31.219+0800] {processor.py:186} INFO - Started process (PID=43324) to work on /Users/ervinyeoh/Desktop/unimods/is3107/project/.venv/lib/python3.11/site-packages/airflow/example_dags/example_nested_branch_dag.py
[2025-03-25T13:43:31.220+0800] {processor.py:914} INFO - Processing file /Users/ervinyeoh/Desktop/unimods/is3107/project/.venv/lib/python3.11/site-packages/airflow/example_dags/example_nested_branch_dag.py for tasks to queue
[2025-03-25T13:43:31.220+0800] {logging_mixin.py:190} INFO - [2025-03-25T13:43:31.220+0800] {dagbag.py:588} INFO - Filling up the DagBag from /Users/ervinyeoh/Desktop/unimods/is3107/project/.venv/lib/python3.11/site-packages/airflow/example_dags/example_nested_branch_dag.py
[2025-03-25T13:43:31.275+0800] {processor.py:925} INFO - DAG(s) 'example_nested_branch_dag' retrieved from /Users/ervinyeoh/Desktop/unimods/is3107/project/.venv/lib/python3.11/site-packages/airflow/example_dags/example_nested_branch_dag.py
[2025-03-25T13:43:31.327+0800] {logging_mixin.py:190} INFO - [2025-03-25T13:43:31.327+0800] {dag.py:3239} INFO - Sync 1 DAGs
[2025-03-25T13:43:31.338+0800] {logging_mixin.py:190} INFO - [2025-03-25T13:43:31.338+0800] {dag.py:4180} INFO - Setting next_dagrun for example_nested_branch_dag to 2025-03-24 00:00:00+00:00, run_after=2025-03-25 00:00:00+00:00
[2025-03-25T13:43:31.349+0800] {processor.py:208} INFO - Processing /Users/ervinyeoh/Desktop/unimods/is3107/project/.venv/lib/python3.11/site-packages/airflow/example_dags/example_nested_branch_dag.py took 0.131 seconds
[2025-03-25T16:00:40.474+0800] {processor.py:186} INFO - Started process (PID=43660) to work on /Users/ervinyeoh/Desktop/unimods/is3107/project/.venv/lib/python3.11/site-packages/airflow/example_dags/example_nested_branch_dag.py
[2025-03-25T16:00:40.474+0800] {processor.py:914} INFO - Processing file /Users/ervinyeoh/Desktop/unimods/is3107/project/.venv/lib/python3.11/site-packages/airflow/example_dags/example_nested_branch_dag.py for tasks to queue
[2025-03-25T16:00:40.475+0800] {logging_mixin.py:190} INFO - [2025-03-25T16:00:40.475+0800] {dagbag.py:588} INFO - Filling up the DagBag from /Users/ervinyeoh/Desktop/unimods/is3107/project/.venv/lib/python3.11/site-packages/airflow/example_dags/example_nested_branch_dag.py
[2025-03-25T16:00:40.530+0800] {processor.py:925} INFO - DAG(s) 'example_nested_branch_dag' retrieved from /Users/ervinyeoh/Desktop/unimods/is3107/project/.venv/lib/python3.11/site-packages/airflow/example_dags/example_nested_branch_dag.py
[2025-03-25T16:00:40.582+0800] {logging_mixin.py:190} INFO - [2025-03-25T16:00:40.582+0800] {dag.py:3239} INFO - Sync 1 DAGs
[2025-03-25T16:00:40.592+0800] {logging_mixin.py:190} INFO - [2025-03-25T16:00:40.592+0800] {dag.py:4180} INFO - Setting next_dagrun for example_nested_branch_dag to 2025-03-24 00:00:00+00:00, run_after=2025-03-25 00:00:00+00:00
[2025-03-25T16:00:40.603+0800] {processor.py:208} INFO - Processing /Users/ervinyeoh/Desktop/unimods/is3107/project/.venv/lib/python3.11/site-packages/airflow/example_dags/example_nested_branch_dag.py took 0.131 seconds
[2025-03-25T17:52:45.698+0800] {processor.py:186} INFO - Started process (PID=43938) to work on /Users/ervinyeoh/Desktop/unimods/is3107/project/.venv/lib/python3.11/site-packages/airflow/example_dags/example_nested_branch_dag.py
[2025-03-25T17:52:45.699+0800] {processor.py:914} INFO - Processing file /Users/ervinyeoh/Desktop/unimods/is3107/project/.venv/lib/python3.11/site-packages/airflow/example_dags/example_nested_branch_dag.py for tasks to queue
[2025-03-25T17:52:45.699+0800] {logging_mixin.py:190} INFO - [2025-03-25T17:52:45.699+0800] {dagbag.py:588} INFO - Filling up the DagBag from /Users/ervinyeoh/Desktop/unimods/is3107/project/.venv/lib/python3.11/site-packages/airflow/example_dags/example_nested_branch_dag.py
[2025-03-25T17:52:45.752+0800] {processor.py:925} INFO - DAG(s) 'example_nested_branch_dag' retrieved from /Users/ervinyeoh/Desktop/unimods/is3107/project/.venv/lib/python3.11/site-packages/airflow/example_dags/example_nested_branch_dag.py
[2025-03-25T17:52:45.804+0800] {logging_mixin.py:190} INFO - [2025-03-25T17:52:45.804+0800] {dag.py:3239} INFO - Sync 1 DAGs
[2025-03-25T17:52:45.815+0800] {logging_mixin.py:190} INFO - [2025-03-25T17:52:45.815+0800] {dag.py:4180} INFO - Setting next_dagrun for example_nested_branch_dag to 2025-03-24 00:00:00+00:00, run_after=2025-03-25 00:00:00+00:00
[2025-03-25T17:52:45.824+0800] {processor.py:208} INFO - Processing /Users/ervinyeoh/Desktop/unimods/is3107/project/.venv/lib/python3.11/site-packages/airflow/example_dags/example_nested_branch_dag.py took 0.129 seconds
[2025-03-25T22:04:24.811+0800] {processor.py:186} INFO - Started process (PID=44347) to work on /Users/ervinyeoh/Desktop/unimods/is3107/project/.venv/lib/python3.11/site-packages/airflow/example_dags/example_nested_branch_dag.py
[2025-03-25T22:04:24.812+0800] {processor.py:914} INFO - Processing file /Users/ervinyeoh/Desktop/unimods/is3107/project/.venv/lib/python3.11/site-packages/airflow/example_dags/example_nested_branch_dag.py for tasks to queue
[2025-03-25T22:04:24.812+0800] {logging_mixin.py:190} INFO - [2025-03-25T22:04:24.812+0800] {dagbag.py:588} INFO - Filling up the DagBag from /Users/ervinyeoh/Desktop/unimods/is3107/project/.venv/lib/python3.11/site-packages/airflow/example_dags/example_nested_branch_dag.py
[2025-03-25T22:04:24.868+0800] {processor.py:925} INFO - DAG(s) 'example_nested_branch_dag' retrieved from /Users/ervinyeoh/Desktop/unimods/is3107/project/.venv/lib/python3.11/site-packages/airflow/example_dags/example_nested_branch_dag.py
[2025-03-25T22:04:24.920+0800] {logging_mixin.py:190} INFO - [2025-03-25T22:04:24.920+0800] {dag.py:3239} INFO - Sync 1 DAGs
[2025-03-25T22:04:24.931+0800] {logging_mixin.py:190} INFO - [2025-03-25T22:04:24.931+0800] {dag.py:4180} INFO - Setting next_dagrun for example_nested_branch_dag to 2025-03-24 00:00:00+00:00, run_after=2025-03-25 00:00:00+00:00
[2025-03-25T22:04:24.941+0800] {processor.py:208} INFO - Processing /Users/ervinyeoh/Desktop/unimods/is3107/project/.venv/lib/python3.11/site-packages/airflow/example_dags/example_nested_branch_dag.py took 0.132 seconds
[2025-03-26T01:50:55.675+0800] {processor.py:186} INFO - Started process (PID=44720) to work on /Users/ervinyeoh/Desktop/unimods/is3107/project/.venv/lib/python3.11/site-packages/airflow/example_dags/example_nested_branch_dag.py
[2025-03-26T01:50:55.676+0800] {processor.py:914} INFO - Processing file /Users/ervinyeoh/Desktop/unimods/is3107/project/.venv/lib/python3.11/site-packages/airflow/example_dags/example_nested_branch_dag.py for tasks to queue
[2025-03-26T01:50:55.676+0800] {logging_mixin.py:190} INFO - [2025-03-26T01:50:55.676+0800] {dagbag.py:588} INFO - Filling up the DagBag from /Users/ervinyeoh/Desktop/unimods/is3107/project/.venv/lib/python3.11/site-packages/airflow/example_dags/example_nested_branch_dag.py
[2025-03-26T01:50:55.736+0800] {processor.py:925} INFO - DAG(s) 'example_nested_branch_dag' retrieved from /Users/ervinyeoh/Desktop/unimods/is3107/project/.venv/lib/python3.11/site-packages/airflow/example_dags/example_nested_branch_dag.py
[2025-03-26T01:50:55.788+0800] {logging_mixin.py:190} INFO - [2025-03-26T01:50:55.788+0800] {dag.py:3239} INFO - Sync 1 DAGs
[2025-03-26T01:50:55.799+0800] {logging_mixin.py:190} INFO - [2025-03-26T01:50:55.799+0800] {dag.py:4180} INFO - Setting next_dagrun for example_nested_branch_dag to 2025-03-24 00:00:00+00:00, run_after=2025-03-25 00:00:00+00:00
[2025-03-26T01:50:55.809+0800] {processor.py:208} INFO - Processing /Users/ervinyeoh/Desktop/unimods/is3107/project/.venv/lib/python3.11/site-packages/airflow/example_dags/example_nested_branch_dag.py took 0.135 seconds
[2025-03-26T06:16:11.054+0800] {processor.py:186} INFO - Started process (PID=45157) to work on /Users/ervinyeoh/Desktop/unimods/is3107/project/.venv/lib/python3.11/site-packages/airflow/example_dags/example_nested_branch_dag.py
[2025-03-26T06:16:11.055+0800] {processor.py:914} INFO - Processing file /Users/ervinyeoh/Desktop/unimods/is3107/project/.venv/lib/python3.11/site-packages/airflow/example_dags/example_nested_branch_dag.py for tasks to queue
[2025-03-26T06:16:11.056+0800] {logging_mixin.py:190} INFO - [2025-03-26T06:16:11.056+0800] {dagbag.py:588} INFO - Filling up the DagBag from /Users/ervinyeoh/Desktop/unimods/is3107/project/.venv/lib/python3.11/site-packages/airflow/example_dags/example_nested_branch_dag.py
[2025-03-26T06:16:11.121+0800] {processor.py:925} INFO - DAG(s) 'example_nested_branch_dag' retrieved from /Users/ervinyeoh/Desktop/unimods/is3107/project/.venv/lib/python3.11/site-packages/airflow/example_dags/example_nested_branch_dag.py
[2025-03-26T06:16:11.177+0800] {logging_mixin.py:190} INFO - [2025-03-26T06:16:11.177+0800] {dag.py:3239} INFO - Sync 1 DAGs
[2025-03-26T06:16:11.189+0800] {logging_mixin.py:190} INFO - [2025-03-26T06:16:11.189+0800] {dag.py:4180} INFO - Setting next_dagrun for example_nested_branch_dag to 2025-03-24 00:00:00+00:00, run_after=2025-03-25 00:00:00+00:00
[2025-03-26T06:16:11.199+0800] {processor.py:208} INFO - Processing /Users/ervinyeoh/Desktop/unimods/is3107/project/.venv/lib/python3.11/site-packages/airflow/example_dags/example_nested_branch_dag.py took 0.146 seconds
