[2025-04-02T14:56:48.803+0800] {local_task_job_runner.py:123} INFO - ::group::Pre task execution logs
[2025-04-02T14:56:48.894+0800] {taskinstance.py:2614} INFO - Dependencies all met for dep_context=non-requeueable deps ti=<TaskInstance: reddit_yf_scraper.download_files_from_gcs__1 manual__2025-04-02T06:55:23.177134+00:00 [queued]>
[2025-04-02T14:56:48.898+0800] {taskinstance.py:2614} INFO - Dependencies all met for dep_context=requeueable deps ti=<TaskInstance: reddit_yf_scraper.download_files_from_gcs__1 manual__2025-04-02T06:55:23.177134+00:00 [queued]>
[2025-04-02T14:56:48.899+0800] {taskinstance.py:2867} INFO - Starting attempt 1 of 2
[2025-04-02T14:56:48.904+0800] {taskinstance.py:2890} INFO - Executing <Task(_PythonDecoratedOperator): download_files_from_gcs__1> on 2025-04-02 06:55:23.177134+00:00
[2025-04-02T14:56:48.907+0800] {standard_task_runner.py:72} INFO - Started process 35938 to run task
[2025-04-02T14:56:48.910+0800] {standard_task_runner.py:104} INFO - Running: ['airflow', 'tasks', 'run', 'reddit_yf_scraper', 'download_files_from_gcs__1', 'manual__2025-04-02T06:55:23.177134+00:00', '--job-id', '326', '--raw', '--subdir', 'DAGS_FOLDER/dag.py', '--cfg-path', '/var/folders/xg/h9xj0trn3dxds251bj2q6hf80000gn/T/tmpe7_vfmyb']
[2025-04-02T14:56:48.911+0800] {standard_task_runner.py:105} INFO - Job 326: Subtask download_files_from_gcs__1
[2025-04-02T14:56:48.947+0800] {task_command.py:467} INFO - Running <TaskInstance: reddit_yf_scraper.download_files_from_gcs__1 manual__2025-04-02T06:55:23.177134+00:00 [running]> on host ervins-macbook-air-2.local
[2025-04-02T14:56:48.978+0800] {taskinstance.py:3134} INFO - Exporting env vars: AIRFLOW_CTX_DAG_OWNER='airflow' AIRFLOW_CTX_DAG_ID='reddit_yf_scraper' AIRFLOW_CTX_TASK_ID='download_files_from_gcs__1' AIRFLOW_CTX_EXECUTION_DATE='2025-04-02T06:55:23.177134+00:00' AIRFLOW_CTX_TRY_NUMBER='1' AIRFLOW_CTX_DAG_RUN_ID='manual__2025-04-02T06:55:23.177134+00:00'
[2025-04-02T14:56:48.979+0800] {logging_mixin.py:190} INFO - Task instance is in running state
[2025-04-02T14:56:48.979+0800] {logging_mixin.py:190} INFO -  Previous state of the Task instance: queued
[2025-04-02T14:56:48.979+0800] {logging_mixin.py:190} INFO - Current task name:download_files_from_gcs__1 state:running start_date:2025-04-02 06:56:48.895224+00:00
[2025-04-02T14:56:48.980+0800] {logging_mixin.py:190} INFO - Dag name:reddit_yf_scraper and current dag run status:running
[2025-04-02T14:56:48.980+0800] {taskinstance.py:732} INFO - ::endgroup::
[2025-04-02T14:56:49.635+0800] {logging_mixin.py:190} INFO - 📥 Downloading: yf-test/AAPL_yf_20250402.csv to /Users/ervinyeoh/Desktop/unimods/is3107/project/airflow/downloads/yf/AAPL_yf_20250402.csv
[2025-04-02T14:56:50.661+0800] {logging_mixin.py:190} INFO - ✅ Downloaded to: /Users/ervinyeoh/Desktop/unimods/is3107/project/airflow/downloads/yf/AAPL_yf_20250402.csv
[2025-04-02T14:56:50.662+0800] {logging_mixin.py:190} INFO - 📥 Downloading: yf-test/AMZN_yf_20250402.csv to /Users/ervinyeoh/Desktop/unimods/is3107/project/airflow/downloads/yf/AMZN_yf_20250402.csv
[2025-04-02T14:56:50.994+0800] {logging_mixin.py:190} INFO - ✅ Downloaded to: /Users/ervinyeoh/Desktop/unimods/is3107/project/airflow/downloads/yf/AMZN_yf_20250402.csv
[2025-04-02T14:56:50.995+0800] {logging_mixin.py:190} INFO - 📥 Downloading: yf-test/GOOGL_yf_20250402.csv to /Users/ervinyeoh/Desktop/unimods/is3107/project/airflow/downloads/yf/GOOGL_yf_20250402.csv
[2025-04-02T14:56:52.004+0800] {logging_mixin.py:190} INFO - ✅ Downloaded to: /Users/ervinyeoh/Desktop/unimods/is3107/project/airflow/downloads/yf/GOOGL_yf_20250402.csv
[2025-04-02T14:56:52.006+0800] {logging_mixin.py:190} INFO - 📥 Downloading: yf-test/MSFT_yf_20250402.csv to /Users/ervinyeoh/Desktop/unimods/is3107/project/airflow/downloads/yf/MSFT_yf_20250402.csv
[2025-04-02T14:56:52.398+0800] {logging_mixin.py:190} INFO - ✅ Downloaded to: /Users/ervinyeoh/Desktop/unimods/is3107/project/airflow/downloads/yf/MSFT_yf_20250402.csv
[2025-04-02T14:56:52.400+0800] {logging_mixin.py:190} INFO - 📥 Downloading: yf-test/NVDA_yf_20250402.csv to /Users/ervinyeoh/Desktop/unimods/is3107/project/airflow/downloads/yf/NVDA_yf_20250402.csv
[2025-04-02T14:56:53.528+0800] {logging_mixin.py:190} INFO - ✅ Downloaded to: /Users/ervinyeoh/Desktop/unimods/is3107/project/airflow/downloads/yf/NVDA_yf_20250402.csv
[2025-04-02T14:56:53.529+0800] {python.py:240} INFO - Done. Returned value was: None
[2025-04-02T14:56:53.538+0800] {taskinstance.py:341} INFO - ::group::Post task execution logs
[2025-04-02T14:56:53.539+0800] {taskinstance.py:353} INFO - Marking task as SUCCESS. dag_id=reddit_yf_scraper, task_id=download_files_from_gcs__1, run_id=manual__2025-04-02T06:55:23.177134+00:00, execution_date=20250402T065523, start_date=20250402T065648, end_date=20250402T065653
[2025-04-02T14:56:53.550+0800] {logging_mixin.py:190} INFO - Task instance in success state
[2025-04-02T14:56:53.550+0800] {logging_mixin.py:190} INFO -  Previous state of the Task instance: running
[2025-04-02T14:56:53.551+0800] {logging_mixin.py:190} INFO - Dag name:reddit_yf_scraper queued_at:2025-04-02 06:55:23.184205+00:00
[2025-04-02T14:56:53.551+0800] {logging_mixin.py:190} INFO - Task hostname:ervins-macbook-air-2.local operator:_PythonDecoratedOperator
[2025-04-02T14:56:53.578+0800] {local_task_job_runner.py:266} INFO - Task exited with return code 0
[2025-04-02T14:56:53.599+0800] {taskinstance.py:3901} INFO - 1 downstream tasks scheduled from follow-on schedule check
[2025-04-02T14:56:53.600+0800] {local_task_job_runner.py:245} INFO - ::endgroup::
