[2025-04-25T21:55:23.360+0800] {processor.py:186} INFO - Started process (PID=44119) to work on /Users/yueyaoz/Downloads/IS3107-FinSum/.airflow/lib/python3.10/site-packages/airflow/example_dags/plugins/workday.py
[2025-04-25T21:55:23.360+0800] {processor.py:914} INFO - Processing file /Users/yueyaoz/Downloads/IS3107-FinSum/.airflow/lib/python3.10/site-packages/airflow/example_dags/plugins/workday.py for tasks to queue
[2025-04-25T21:55:23.361+0800] {logging_mixin.py:190} INFO - [2025-04-25T21:55:23.361+0800] {dagbag.py:588} INFO - Filling up the DagBag from /Users/yueyaoz/Downloads/IS3107-FinSum/.airflow/lib/python3.10/site-packages/airflow/example_dags/plugins/workday.py
[2025-04-25T21:55:23.588+0800] {processor.py:927} WARNING - No viable dags retrieved from /Users/yueyaoz/Downloads/IS3107-FinSum/.airflow/lib/python3.10/site-packages/airflow/example_dags/plugins/workday.py
[2025-04-25T21:55:23.668+0800] {processor.py:208} INFO - Processing /Users/yueyaoz/Downloads/IS3107-FinSum/.airflow/lib/python3.10/site-packages/airflow/example_dags/plugins/workday.py took 0.310 seconds
[2025-04-25T21:56:31.994+0800] {processor.py:186} INFO - Started process (PID=45900) to work on /Users/yueyaoz/Downloads/IS3107-FinSum/.airflow/lib/python3.10/site-packages/airflow/example_dags/plugins/workday.py
[2025-04-25T21:56:31.995+0800] {processor.py:914} INFO - Processing file /Users/yueyaoz/Downloads/IS3107-FinSum/.airflow/lib/python3.10/site-packages/airflow/example_dags/plugins/workday.py for tasks to queue
[2025-04-25T21:56:31.995+0800] {logging_mixin.py:190} INFO - [2025-04-25T21:56:31.995+0800] {dagbag.py:588} INFO - Filling up the DagBag from /Users/yueyaoz/Downloads/IS3107-FinSum/.airflow/lib/python3.10/site-packages/airflow/example_dags/plugins/workday.py
[2025-04-25T21:56:32.220+0800] {processor.py:927} WARNING - No viable dags retrieved from /Users/yueyaoz/Downloads/IS3107-FinSum/.airflow/lib/python3.10/site-packages/airflow/example_dags/plugins/workday.py
[2025-04-25T21:56:32.300+0800] {processor.py:208} INFO - Processing /Users/yueyaoz/Downloads/IS3107-FinSum/.airflow/lib/python3.10/site-packages/airflow/example_dags/plugins/workday.py took 0.308 seconds
[2025-04-25T22:12:33.528+0800] {processor.py:186} INFO - Started process (PID=46322) to work on /Users/yueyaoz/Downloads/IS3107-FinSum/.airflow/lib/python3.10/site-packages/airflow/example_dags/plugins/workday.py
[2025-04-25T22:12:33.529+0800] {processor.py:914} INFO - Processing file /Users/yueyaoz/Downloads/IS3107-FinSum/.airflow/lib/python3.10/site-packages/airflow/example_dags/plugins/workday.py for tasks to queue
[2025-04-25T22:12:33.529+0800] {logging_mixin.py:190} INFO - [2025-04-25T22:12:33.529+0800] {dagbag.py:588} INFO - Filling up the DagBag from /Users/yueyaoz/Downloads/IS3107-FinSum/.airflow/lib/python3.10/site-packages/airflow/example_dags/plugins/workday.py
[2025-04-25T22:12:33.755+0800] {processor.py:927} WARNING - No viable dags retrieved from /Users/yueyaoz/Downloads/IS3107-FinSum/.airflow/lib/python3.10/site-packages/airflow/example_dags/plugins/workday.py
[2025-04-25T22:12:33.842+0800] {processor.py:208} INFO - Processing /Users/yueyaoz/Downloads/IS3107-FinSum/.airflow/lib/python3.10/site-packages/airflow/example_dags/plugins/workday.py took 0.316 seconds
[2025-04-25T22:19:09.686+0800] {processor.py:186} INFO - Started process (PID=46659) to work on /Users/yueyaoz/Downloads/IS3107-FinSum/.airflow/lib/python3.10/site-packages/airflow/example_dags/plugins/workday.py
[2025-04-25T22:19:09.688+0800] {processor.py:914} INFO - Processing file /Users/yueyaoz/Downloads/IS3107-FinSum/.airflow/lib/python3.10/site-packages/airflow/example_dags/plugins/workday.py for tasks to queue
[2025-04-25T22:19:09.688+0800] {logging_mixin.py:190} INFO - [2025-04-25T22:19:09.688+0800] {dagbag.py:588} INFO - Filling up the DagBag from /Users/yueyaoz/Downloads/IS3107-FinSum/.airflow/lib/python3.10/site-packages/airflow/example_dags/plugins/workday.py
[2025-04-25T22:19:09.906+0800] {processor.py:927} WARNING - No viable dags retrieved from /Users/yueyaoz/Downloads/IS3107-FinSum/.airflow/lib/python3.10/site-packages/airflow/example_dags/plugins/workday.py
[2025-04-25T22:19:09.993+0800] {processor.py:208} INFO - Processing /Users/yueyaoz/Downloads/IS3107-FinSum/.airflow/lib/python3.10/site-packages/airflow/example_dags/plugins/workday.py took 0.308 seconds
[2025-04-25T22:20:52.502+0800] {processor.py:186} INFO - Started process (PID=46794) to work on /Users/yueyaoz/Downloads/IS3107-FinSum/.airflow/lib/python3.10/site-packages/airflow/example_dags/plugins/workday.py
[2025-04-25T22:20:52.502+0800] {processor.py:914} INFO - Processing file /Users/yueyaoz/Downloads/IS3107-FinSum/.airflow/lib/python3.10/site-packages/airflow/example_dags/plugins/workday.py for tasks to queue
[2025-04-25T22:20:52.503+0800] {logging_mixin.py:190} INFO - [2025-04-25T22:20:52.503+0800] {dagbag.py:588} INFO - Filling up the DagBag from /Users/yueyaoz/Downloads/IS3107-FinSum/.airflow/lib/python3.10/site-packages/airflow/example_dags/plugins/workday.py
[2025-04-25T22:20:52.727+0800] {processor.py:927} WARNING - No viable dags retrieved from /Users/yueyaoz/Downloads/IS3107-FinSum/.airflow/lib/python3.10/site-packages/airflow/example_dags/plugins/workday.py
[2025-04-25T22:20:52.809+0800] {processor.py:208} INFO - Processing /Users/yueyaoz/Downloads/IS3107-FinSum/.airflow/lib/python3.10/site-packages/airflow/example_dags/plugins/workday.py took 0.309 seconds
[2025-04-25T22:22:05.428+0800] {processor.py:186} INFO - Started process (PID=46886) to work on /Users/yueyaoz/Downloads/IS3107-FinSum/.airflow/lib/python3.10/site-packages/airflow/example_dags/plugins/workday.py
[2025-04-25T22:22:05.428+0800] {processor.py:914} INFO - Processing file /Users/yueyaoz/Downloads/IS3107-FinSum/.airflow/lib/python3.10/site-packages/airflow/example_dags/plugins/workday.py for tasks to queue
[2025-04-25T22:22:05.428+0800] {logging_mixin.py:190} INFO - [2025-04-25T22:22:05.428+0800] {dagbag.py:588} INFO - Filling up the DagBag from /Users/yueyaoz/Downloads/IS3107-FinSum/.airflow/lib/python3.10/site-packages/airflow/example_dags/plugins/workday.py
[2025-04-25T22:22:05.640+0800] {processor.py:927} WARNING - No viable dags retrieved from /Users/yueyaoz/Downloads/IS3107-FinSum/.airflow/lib/python3.10/site-packages/airflow/example_dags/plugins/workday.py
[2025-04-25T22:22:05.718+0800] {processor.py:208} INFO - Processing /Users/yueyaoz/Downloads/IS3107-FinSum/.airflow/lib/python3.10/site-packages/airflow/example_dags/plugins/workday.py took 0.292 seconds
[2025-04-25T22:23:17.507+0800] {processor.py:186} INFO - Started process (PID=46983) to work on /Users/yueyaoz/Downloads/IS3107-FinSum/.airflow/lib/python3.10/site-packages/airflow/example_dags/plugins/workday.py
[2025-04-25T22:23:17.508+0800] {processor.py:914} INFO - Processing file /Users/yueyaoz/Downloads/IS3107-FinSum/.airflow/lib/python3.10/site-packages/airflow/example_dags/plugins/workday.py for tasks to queue
[2025-04-25T22:23:17.508+0800] {logging_mixin.py:190} INFO - [2025-04-25T22:23:17.508+0800] {dagbag.py:588} INFO - Filling up the DagBag from /Users/yueyaoz/Downloads/IS3107-FinSum/.airflow/lib/python3.10/site-packages/airflow/example_dags/plugins/workday.py
[2025-04-25T22:23:17.736+0800] {processor.py:927} WARNING - No viable dags retrieved from /Users/yueyaoz/Downloads/IS3107-FinSum/.airflow/lib/python3.10/site-packages/airflow/example_dags/plugins/workday.py
[2025-04-25T22:23:17.814+0800] {processor.py:208} INFO - Processing /Users/yueyaoz/Downloads/IS3107-FinSum/.airflow/lib/python3.10/site-packages/airflow/example_dags/plugins/workday.py took 0.308 seconds
[2025-04-25T22:24:29.555+0800] {processor.py:186} INFO - Started process (PID=47075) to work on /Users/yueyaoz/Downloads/IS3107-FinSum/.airflow/lib/python3.10/site-packages/airflow/example_dags/plugins/workday.py
[2025-04-25T22:24:29.555+0800] {processor.py:914} INFO - Processing file /Users/yueyaoz/Downloads/IS3107-FinSum/.airflow/lib/python3.10/site-packages/airflow/example_dags/plugins/workday.py for tasks to queue
[2025-04-25T22:24:29.555+0800] {logging_mixin.py:190} INFO - [2025-04-25T22:24:29.555+0800] {dagbag.py:588} INFO - Filling up the DagBag from /Users/yueyaoz/Downloads/IS3107-FinSum/.airflow/lib/python3.10/site-packages/airflow/example_dags/plugins/workday.py
[2025-04-25T22:24:29.772+0800] {processor.py:927} WARNING - No viable dags retrieved from /Users/yueyaoz/Downloads/IS3107-FinSum/.airflow/lib/python3.10/site-packages/airflow/example_dags/plugins/workday.py
[2025-04-25T22:24:29.860+0800] {processor.py:208} INFO - Processing /Users/yueyaoz/Downloads/IS3107-FinSum/.airflow/lib/python3.10/site-packages/airflow/example_dags/plugins/workday.py took 0.307 seconds
[2025-04-25T22:25:45.558+0800] {processor.py:186} INFO - Started process (PID=47168) to work on /Users/yueyaoz/Downloads/IS3107-FinSum/.airflow/lib/python3.10/site-packages/airflow/example_dags/plugins/workday.py
[2025-04-25T22:25:45.558+0800] {processor.py:914} INFO - Processing file /Users/yueyaoz/Downloads/IS3107-FinSum/.airflow/lib/python3.10/site-packages/airflow/example_dags/plugins/workday.py for tasks to queue
[2025-04-25T22:25:45.559+0800] {logging_mixin.py:190} INFO - [2025-04-25T22:25:45.559+0800] {dagbag.py:588} INFO - Filling up the DagBag from /Users/yueyaoz/Downloads/IS3107-FinSum/.airflow/lib/python3.10/site-packages/airflow/example_dags/plugins/workday.py
[2025-04-25T22:25:45.790+0800] {processor.py:927} WARNING - No viable dags retrieved from /Users/yueyaoz/Downloads/IS3107-FinSum/.airflow/lib/python3.10/site-packages/airflow/example_dags/plugins/workday.py
[2025-04-25T22:25:45.869+0800] {processor.py:208} INFO - Processing /Users/yueyaoz/Downloads/IS3107-FinSum/.airflow/lib/python3.10/site-packages/airflow/example_dags/plugins/workday.py took 0.312 seconds
[2025-04-25T22:27:02.463+0800] {processor.py:186} INFO - Started process (PID=47263) to work on /Users/yueyaoz/Downloads/IS3107-FinSum/.airflow/lib/python3.10/site-packages/airflow/example_dags/plugins/workday.py
[2025-04-25T22:27:02.463+0800] {processor.py:914} INFO - Processing file /Users/yueyaoz/Downloads/IS3107-FinSum/.airflow/lib/python3.10/site-packages/airflow/example_dags/plugins/workday.py for tasks to queue
[2025-04-25T22:27:02.463+0800] {logging_mixin.py:190} INFO - [2025-04-25T22:27:02.463+0800] {dagbag.py:588} INFO - Filling up the DagBag from /Users/yueyaoz/Downloads/IS3107-FinSum/.airflow/lib/python3.10/site-packages/airflow/example_dags/plugins/workday.py
[2025-04-25T22:27:02.681+0800] {processor.py:927} WARNING - No viable dags retrieved from /Users/yueyaoz/Downloads/IS3107-FinSum/.airflow/lib/python3.10/site-packages/airflow/example_dags/plugins/workday.py
[2025-04-25T22:27:02.767+0800] {processor.py:208} INFO - Processing /Users/yueyaoz/Downloads/IS3107-FinSum/.airflow/lib/python3.10/site-packages/airflow/example_dags/plugins/workday.py took 0.306 seconds
[2025-04-25T22:28:18.399+0800] {processor.py:186} INFO - Started process (PID=47380) to work on /Users/yueyaoz/Downloads/IS3107-FinSum/.airflow/lib/python3.10/site-packages/airflow/example_dags/plugins/workday.py
[2025-04-25T22:28:18.399+0800] {processor.py:914} INFO - Processing file /Users/yueyaoz/Downloads/IS3107-FinSum/.airflow/lib/python3.10/site-packages/airflow/example_dags/plugins/workday.py for tasks to queue
[2025-04-25T22:28:18.400+0800] {logging_mixin.py:190} INFO - [2025-04-25T22:28:18.399+0800] {dagbag.py:588} INFO - Filling up the DagBag from /Users/yueyaoz/Downloads/IS3107-FinSum/.airflow/lib/python3.10/site-packages/airflow/example_dags/plugins/workday.py
[2025-04-25T22:28:18.644+0800] {processor.py:927} WARNING - No viable dags retrieved from /Users/yueyaoz/Downloads/IS3107-FinSum/.airflow/lib/python3.10/site-packages/airflow/example_dags/plugins/workday.py
[2025-04-25T22:28:18.720+0800] {processor.py:208} INFO - Processing /Users/yueyaoz/Downloads/IS3107-FinSum/.airflow/lib/python3.10/site-packages/airflow/example_dags/plugins/workday.py took 0.323 seconds
[2025-04-25T22:29:34.549+0800] {processor.py:186} INFO - Started process (PID=47610) to work on /Users/yueyaoz/Downloads/IS3107-FinSum/.airflow/lib/python3.10/site-packages/airflow/example_dags/plugins/workday.py
[2025-04-25T22:29:34.551+0800] {processor.py:914} INFO - Processing file /Users/yueyaoz/Downloads/IS3107-FinSum/.airflow/lib/python3.10/site-packages/airflow/example_dags/plugins/workday.py for tasks to queue
[2025-04-25T22:29:34.551+0800] {logging_mixin.py:190} INFO - [2025-04-25T22:29:34.551+0800] {dagbag.py:588} INFO - Filling up the DagBag from /Users/yueyaoz/Downloads/IS3107-FinSum/.airflow/lib/python3.10/site-packages/airflow/example_dags/plugins/workday.py
[2025-04-25T22:29:34.796+0800] {processor.py:927} WARNING - No viable dags retrieved from /Users/yueyaoz/Downloads/IS3107-FinSum/.airflow/lib/python3.10/site-packages/airflow/example_dags/plugins/workday.py
[2025-04-25T22:29:34.868+0800] {processor.py:208} INFO - Processing /Users/yueyaoz/Downloads/IS3107-FinSum/.airflow/lib/python3.10/site-packages/airflow/example_dags/plugins/workday.py took 0.320 seconds
[2025-04-25T22:30:48.754+0800] {processor.py:186} INFO - Started process (PID=47751) to work on /Users/yueyaoz/Downloads/IS3107-FinSum/.airflow/lib/python3.10/site-packages/airflow/example_dags/plugins/workday.py
[2025-04-25T22:30:48.755+0800] {processor.py:914} INFO - Processing file /Users/yueyaoz/Downloads/IS3107-FinSum/.airflow/lib/python3.10/site-packages/airflow/example_dags/plugins/workday.py for tasks to queue
[2025-04-25T22:30:48.756+0800] {logging_mixin.py:190} INFO - [2025-04-25T22:30:48.756+0800] {dagbag.py:588} INFO - Filling up the DagBag from /Users/yueyaoz/Downloads/IS3107-FinSum/.airflow/lib/python3.10/site-packages/airflow/example_dags/plugins/workday.py
[2025-04-25T22:30:48.976+0800] {processor.py:927} WARNING - No viable dags retrieved from /Users/yueyaoz/Downloads/IS3107-FinSum/.airflow/lib/python3.10/site-packages/airflow/example_dags/plugins/workday.py
[2025-04-25T22:30:49.048+0800] {processor.py:208} INFO - Processing /Users/yueyaoz/Downloads/IS3107-FinSum/.airflow/lib/python3.10/site-packages/airflow/example_dags/plugins/workday.py took 0.296 seconds
[2025-04-25T22:32:01.289+0800] {processor.py:186} INFO - Started process (PID=47847) to work on /Users/yueyaoz/Downloads/IS3107-FinSum/.airflow/lib/python3.10/site-packages/airflow/example_dags/plugins/workday.py
[2025-04-25T22:32:01.289+0800] {processor.py:914} INFO - Processing file /Users/yueyaoz/Downloads/IS3107-FinSum/.airflow/lib/python3.10/site-packages/airflow/example_dags/plugins/workday.py for tasks to queue
[2025-04-25T22:32:01.290+0800] {logging_mixin.py:190} INFO - [2025-04-25T22:32:01.289+0800] {dagbag.py:588} INFO - Filling up the DagBag from /Users/yueyaoz/Downloads/IS3107-FinSum/.airflow/lib/python3.10/site-packages/airflow/example_dags/plugins/workday.py
[2025-04-25T22:32:01.511+0800] {processor.py:927} WARNING - No viable dags retrieved from /Users/yueyaoz/Downloads/IS3107-FinSum/.airflow/lib/python3.10/site-packages/airflow/example_dags/plugins/workday.py
[2025-04-25T22:32:01.589+0800] {processor.py:208} INFO - Processing /Users/yueyaoz/Downloads/IS3107-FinSum/.airflow/lib/python3.10/site-packages/airflow/example_dags/plugins/workday.py took 0.302 seconds
[2025-04-25T22:33:17.546+0800] {processor.py:186} INFO - Started process (PID=47969) to work on /Users/yueyaoz/Downloads/IS3107-FinSum/.airflow/lib/python3.10/site-packages/airflow/example_dags/plugins/workday.py
[2025-04-25T22:33:17.547+0800] {processor.py:914} INFO - Processing file /Users/yueyaoz/Downloads/IS3107-FinSum/.airflow/lib/python3.10/site-packages/airflow/example_dags/plugins/workday.py for tasks to queue
[2025-04-25T22:33:17.547+0800] {logging_mixin.py:190} INFO - [2025-04-25T22:33:17.547+0800] {dagbag.py:588} INFO - Filling up the DagBag from /Users/yueyaoz/Downloads/IS3107-FinSum/.airflow/lib/python3.10/site-packages/airflow/example_dags/plugins/workday.py
[2025-04-25T22:33:17.770+0800] {processor.py:927} WARNING - No viable dags retrieved from /Users/yueyaoz/Downloads/IS3107-FinSum/.airflow/lib/python3.10/site-packages/airflow/example_dags/plugins/workday.py
[2025-04-25T22:33:17.850+0800] {processor.py:208} INFO - Processing /Users/yueyaoz/Downloads/IS3107-FinSum/.airflow/lib/python3.10/site-packages/airflow/example_dags/plugins/workday.py took 0.305 seconds
[2025-04-25T22:34:29.982+0800] {processor.py:186} INFO - Started process (PID=48083) to work on /Users/yueyaoz/Downloads/IS3107-FinSum/.airflow/lib/python3.10/site-packages/airflow/example_dags/plugins/workday.py
[2025-04-25T22:34:29.982+0800] {processor.py:914} INFO - Processing file /Users/yueyaoz/Downloads/IS3107-FinSum/.airflow/lib/python3.10/site-packages/airflow/example_dags/plugins/workday.py for tasks to queue
[2025-04-25T22:34:29.983+0800] {logging_mixin.py:190} INFO - [2025-04-25T22:34:29.983+0800] {dagbag.py:588} INFO - Filling up the DagBag from /Users/yueyaoz/Downloads/IS3107-FinSum/.airflow/lib/python3.10/site-packages/airflow/example_dags/plugins/workday.py
[2025-04-25T22:34:30.208+0800] {processor.py:927} WARNING - No viable dags retrieved from /Users/yueyaoz/Downloads/IS3107-FinSum/.airflow/lib/python3.10/site-packages/airflow/example_dags/plugins/workday.py
[2025-04-25T22:34:30.288+0800] {processor.py:208} INFO - Processing /Users/yueyaoz/Downloads/IS3107-FinSum/.airflow/lib/python3.10/site-packages/airflow/example_dags/plugins/workday.py took 0.307 seconds
[2025-04-25T22:35:44.704+0800] {processor.py:186} INFO - Started process (PID=48176) to work on /Users/yueyaoz/Downloads/IS3107-FinSum/.airflow/lib/python3.10/site-packages/airflow/example_dags/plugins/workday.py
[2025-04-25T22:35:44.704+0800] {processor.py:914} INFO - Processing file /Users/yueyaoz/Downloads/IS3107-FinSum/.airflow/lib/python3.10/site-packages/airflow/example_dags/plugins/workday.py for tasks to queue
[2025-04-25T22:35:44.705+0800] {logging_mixin.py:190} INFO - [2025-04-25T22:35:44.705+0800] {dagbag.py:588} INFO - Filling up the DagBag from /Users/yueyaoz/Downloads/IS3107-FinSum/.airflow/lib/python3.10/site-packages/airflow/example_dags/plugins/workday.py
[2025-04-25T22:35:44.938+0800] {processor.py:927} WARNING - No viable dags retrieved from /Users/yueyaoz/Downloads/IS3107-FinSum/.airflow/lib/python3.10/site-packages/airflow/example_dags/plugins/workday.py
[2025-04-25T22:35:45.017+0800] {processor.py:208} INFO - Processing /Users/yueyaoz/Downloads/IS3107-FinSum/.airflow/lib/python3.10/site-packages/airflow/example_dags/plugins/workday.py took 0.315 seconds
[2025-04-25T22:36:56.779+0800] {processor.py:186} INFO - Started process (PID=48273) to work on /Users/yueyaoz/Downloads/IS3107-FinSum/.airflow/lib/python3.10/site-packages/airflow/example_dags/plugins/workday.py
[2025-04-25T22:36:56.780+0800] {processor.py:914} INFO - Processing file /Users/yueyaoz/Downloads/IS3107-FinSum/.airflow/lib/python3.10/site-packages/airflow/example_dags/plugins/workday.py for tasks to queue
[2025-04-25T22:36:56.780+0800] {logging_mixin.py:190} INFO - [2025-04-25T22:36:56.780+0800] {dagbag.py:588} INFO - Filling up the DagBag from /Users/yueyaoz/Downloads/IS3107-FinSum/.airflow/lib/python3.10/site-packages/airflow/example_dags/plugins/workday.py
[2025-04-25T22:36:57.000+0800] {processor.py:927} WARNING - No viable dags retrieved from /Users/yueyaoz/Downloads/IS3107-FinSum/.airflow/lib/python3.10/site-packages/airflow/example_dags/plugins/workday.py
[2025-04-25T22:36:57.080+0800] {processor.py:208} INFO - Processing /Users/yueyaoz/Downloads/IS3107-FinSum/.airflow/lib/python3.10/site-packages/airflow/example_dags/plugins/workday.py took 0.302 seconds
[2025-04-25T22:38:13.800+0800] {processor.py:186} INFO - Started process (PID=48376) to work on /Users/yueyaoz/Downloads/IS3107-FinSum/.airflow/lib/python3.10/site-packages/airflow/example_dags/plugins/workday.py
[2025-04-25T22:38:13.802+0800] {processor.py:914} INFO - Processing file /Users/yueyaoz/Downloads/IS3107-FinSum/.airflow/lib/python3.10/site-packages/airflow/example_dags/plugins/workday.py for tasks to queue
[2025-04-25T22:38:13.802+0800] {logging_mixin.py:190} INFO - [2025-04-25T22:38:13.802+0800] {dagbag.py:588} INFO - Filling up the DagBag from /Users/yueyaoz/Downloads/IS3107-FinSum/.airflow/lib/python3.10/site-packages/airflow/example_dags/plugins/workday.py
[2025-04-25T22:38:14.030+0800] {processor.py:927} WARNING - No viable dags retrieved from /Users/yueyaoz/Downloads/IS3107-FinSum/.airflow/lib/python3.10/site-packages/airflow/example_dags/plugins/workday.py
[2025-04-25T22:38:14.109+0800] {processor.py:208} INFO - Processing /Users/yueyaoz/Downloads/IS3107-FinSum/.airflow/lib/python3.10/site-packages/airflow/example_dags/plugins/workday.py took 0.310 seconds
[2025-04-25T22:39:30.440+0800] {processor.py:186} INFO - Started process (PID=48475) to work on /Users/yueyaoz/Downloads/IS3107-FinSum/.airflow/lib/python3.10/site-packages/airflow/example_dags/plugins/workday.py
[2025-04-25T22:39:30.441+0800] {processor.py:914} INFO - Processing file /Users/yueyaoz/Downloads/IS3107-FinSum/.airflow/lib/python3.10/site-packages/airflow/example_dags/plugins/workday.py for tasks to queue
[2025-04-25T22:39:30.441+0800] {logging_mixin.py:190} INFO - [2025-04-25T22:39:30.441+0800] {dagbag.py:588} INFO - Filling up the DagBag from /Users/yueyaoz/Downloads/IS3107-FinSum/.airflow/lib/python3.10/site-packages/airflow/example_dags/plugins/workday.py
[2025-04-25T22:39:30.643+0800] {processor.py:927} WARNING - No viable dags retrieved from /Users/yueyaoz/Downloads/IS3107-FinSum/.airflow/lib/python3.10/site-packages/airflow/example_dags/plugins/workday.py
[2025-04-25T22:39:30.729+0800] {processor.py:208} INFO - Processing /Users/yueyaoz/Downloads/IS3107-FinSum/.airflow/lib/python3.10/site-packages/airflow/example_dags/plugins/workday.py took 0.290 seconds
[2025-04-25T22:40:44.705+0800] {processor.py:186} INFO - Started process (PID=48574) to work on /Users/yueyaoz/Downloads/IS3107-FinSum/.airflow/lib/python3.10/site-packages/airflow/example_dags/plugins/workday.py
[2025-04-25T22:40:44.706+0800] {processor.py:914} INFO - Processing file /Users/yueyaoz/Downloads/IS3107-FinSum/.airflow/lib/python3.10/site-packages/airflow/example_dags/plugins/workday.py for tasks to queue
[2025-04-25T22:40:44.707+0800] {logging_mixin.py:190} INFO - [2025-04-25T22:40:44.707+0800] {dagbag.py:588} INFO - Filling up the DagBag from /Users/yueyaoz/Downloads/IS3107-FinSum/.airflow/lib/python3.10/site-packages/airflow/example_dags/plugins/workday.py
[2025-04-25T22:40:44.910+0800] {processor.py:927} WARNING - No viable dags retrieved from /Users/yueyaoz/Downloads/IS3107-FinSum/.airflow/lib/python3.10/site-packages/airflow/example_dags/plugins/workday.py
[2025-04-25T22:40:44.993+0800] {processor.py:208} INFO - Processing /Users/yueyaoz/Downloads/IS3107-FinSum/.airflow/lib/python3.10/site-packages/airflow/example_dags/plugins/workday.py took 0.290 seconds
[2025-04-25T22:41:58.912+0800] {processor.py:186} INFO - Started process (PID=48666) to work on /Users/yueyaoz/Downloads/IS3107-FinSum/.airflow/lib/python3.10/site-packages/airflow/example_dags/plugins/workday.py
[2025-04-25T22:41:58.913+0800] {processor.py:914} INFO - Processing file /Users/yueyaoz/Downloads/IS3107-FinSum/.airflow/lib/python3.10/site-packages/airflow/example_dags/plugins/workday.py for tasks to queue
[2025-04-25T22:41:58.913+0800] {logging_mixin.py:190} INFO - [2025-04-25T22:41:58.913+0800] {dagbag.py:588} INFO - Filling up the DagBag from /Users/yueyaoz/Downloads/IS3107-FinSum/.airflow/lib/python3.10/site-packages/airflow/example_dags/plugins/workday.py
[2025-04-25T22:41:59.136+0800] {processor.py:927} WARNING - No viable dags retrieved from /Users/yueyaoz/Downloads/IS3107-FinSum/.airflow/lib/python3.10/site-packages/airflow/example_dags/plugins/workday.py
[2025-04-25T22:41:59.214+0800] {processor.py:208} INFO - Processing /Users/yueyaoz/Downloads/IS3107-FinSum/.airflow/lib/python3.10/site-packages/airflow/example_dags/plugins/workday.py took 0.304 seconds
[2025-04-25T22:43:15.333+0800] {processor.py:186} INFO - Started process (PID=48775) to work on /Users/yueyaoz/Downloads/IS3107-FinSum/.airflow/lib/python3.10/site-packages/airflow/example_dags/plugins/workday.py
[2025-04-25T22:43:15.335+0800] {processor.py:914} INFO - Processing file /Users/yueyaoz/Downloads/IS3107-FinSum/.airflow/lib/python3.10/site-packages/airflow/example_dags/plugins/workday.py for tasks to queue
[2025-04-25T22:43:15.335+0800] {logging_mixin.py:190} INFO - [2025-04-25T22:43:15.335+0800] {dagbag.py:588} INFO - Filling up the DagBag from /Users/yueyaoz/Downloads/IS3107-FinSum/.airflow/lib/python3.10/site-packages/airflow/example_dags/plugins/workday.py
[2025-04-25T22:43:15.549+0800] {processor.py:927} WARNING - No viable dags retrieved from /Users/yueyaoz/Downloads/IS3107-FinSum/.airflow/lib/python3.10/site-packages/airflow/example_dags/plugins/workday.py
[2025-04-25T22:43:15.628+0800] {processor.py:208} INFO - Processing /Users/yueyaoz/Downloads/IS3107-FinSum/.airflow/lib/python3.10/site-packages/airflow/example_dags/plugins/workday.py took 0.296 seconds
[2025-04-25T22:44:31.119+0800] {processor.py:186} INFO - Started process (PID=48875) to work on /Users/yueyaoz/Downloads/IS3107-FinSum/.airflow/lib/python3.10/site-packages/airflow/example_dags/plugins/workday.py
[2025-04-25T22:44:31.120+0800] {processor.py:914} INFO - Processing file /Users/yueyaoz/Downloads/IS3107-FinSum/.airflow/lib/python3.10/site-packages/airflow/example_dags/plugins/workday.py for tasks to queue
[2025-04-25T22:44:31.120+0800] {logging_mixin.py:190} INFO - [2025-04-25T22:44:31.120+0800] {dagbag.py:588} INFO - Filling up the DagBag from /Users/yueyaoz/Downloads/IS3107-FinSum/.airflow/lib/python3.10/site-packages/airflow/example_dags/plugins/workday.py
[2025-04-25T22:44:31.370+0800] {processor.py:927} WARNING - No viable dags retrieved from /Users/yueyaoz/Downloads/IS3107-FinSum/.airflow/lib/python3.10/site-packages/airflow/example_dags/plugins/workday.py
[2025-04-25T22:44:31.446+0800] {processor.py:208} INFO - Processing /Users/yueyaoz/Downloads/IS3107-FinSum/.airflow/lib/python3.10/site-packages/airflow/example_dags/plugins/workday.py took 0.329 seconds
[2025-04-25T22:45:47.976+0800] {processor.py:186} INFO - Started process (PID=48993) to work on /Users/yueyaoz/Downloads/IS3107-FinSum/.airflow/lib/python3.10/site-packages/airflow/example_dags/plugins/workday.py
[2025-04-25T22:45:47.977+0800] {processor.py:914} INFO - Processing file /Users/yueyaoz/Downloads/IS3107-FinSum/.airflow/lib/python3.10/site-packages/airflow/example_dags/plugins/workday.py for tasks to queue
[2025-04-25T22:45:47.977+0800] {logging_mixin.py:190} INFO - [2025-04-25T22:45:47.977+0800] {dagbag.py:588} INFO - Filling up the DagBag from /Users/yueyaoz/Downloads/IS3107-FinSum/.airflow/lib/python3.10/site-packages/airflow/example_dags/plugins/workday.py
[2025-04-25T22:45:48.200+0800] {processor.py:927} WARNING - No viable dags retrieved from /Users/yueyaoz/Downloads/IS3107-FinSum/.airflow/lib/python3.10/site-packages/airflow/example_dags/plugins/workday.py
[2025-04-25T22:45:48.283+0800] {processor.py:208} INFO - Processing /Users/yueyaoz/Downloads/IS3107-FinSum/.airflow/lib/python3.10/site-packages/airflow/example_dags/plugins/workday.py took 0.309 seconds
[2025-04-25T23:02:42.971+0800] {processor.py:186} INFO - Started process (PID=49108) to work on /Users/yueyaoz/Downloads/IS3107-FinSum/.airflow/lib/python3.10/site-packages/airflow/example_dags/plugins/workday.py
[2025-04-25T23:02:42.971+0800] {processor.py:914} INFO - Processing file /Users/yueyaoz/Downloads/IS3107-FinSum/.airflow/lib/python3.10/site-packages/airflow/example_dags/plugins/workday.py for tasks to queue
[2025-04-25T23:02:42.972+0800] {logging_mixin.py:190} INFO - [2025-04-25T23:02:42.972+0800] {dagbag.py:588} INFO - Filling up the DagBag from /Users/yueyaoz/Downloads/IS3107-FinSum/.airflow/lib/python3.10/site-packages/airflow/example_dags/plugins/workday.py
[2025-04-25T23:02:43.188+0800] {processor.py:927} WARNING - No viable dags retrieved from /Users/yueyaoz/Downloads/IS3107-FinSum/.airflow/lib/python3.10/site-packages/airflow/example_dags/plugins/workday.py
[2025-04-25T23:02:43.281+0800] {processor.py:208} INFO - Processing /Users/yueyaoz/Downloads/IS3107-FinSum/.airflow/lib/python3.10/site-packages/airflow/example_dags/plugins/workday.py took 0.312 seconds
[2025-04-25T23:19:58.586+0800] {processor.py:186} INFO - Started process (PID=49231) to work on /Users/yueyaoz/Downloads/IS3107-FinSum/.airflow/lib/python3.10/site-packages/airflow/example_dags/plugins/workday.py
[2025-04-25T23:19:58.587+0800] {processor.py:914} INFO - Processing file /Users/yueyaoz/Downloads/IS3107-FinSum/.airflow/lib/python3.10/site-packages/airflow/example_dags/plugins/workday.py for tasks to queue
[2025-04-25T23:19:58.588+0800] {logging_mixin.py:190} INFO - [2025-04-25T23:19:58.588+0800] {dagbag.py:588} INFO - Filling up the DagBag from /Users/yueyaoz/Downloads/IS3107-FinSum/.airflow/lib/python3.10/site-packages/airflow/example_dags/plugins/workday.py
[2025-04-25T23:19:58.815+0800] {processor.py:927} WARNING - No viable dags retrieved from /Users/yueyaoz/Downloads/IS3107-FinSum/.airflow/lib/python3.10/site-packages/airflow/example_dags/plugins/workday.py
[2025-04-25T23:19:58.894+0800] {processor.py:208} INFO - Processing /Users/yueyaoz/Downloads/IS3107-FinSum/.airflow/lib/python3.10/site-packages/airflow/example_dags/plugins/workday.py took 0.310 seconds
[2025-04-25T23:21:14.195+0800] {processor.py:186} INFO - Started process (PID=49333) to work on /Users/yueyaoz/Downloads/IS3107-FinSum/.airflow/lib/python3.10/site-packages/airflow/example_dags/plugins/workday.py
[2025-04-25T23:21:14.197+0800] {processor.py:914} INFO - Processing file /Users/yueyaoz/Downloads/IS3107-FinSum/.airflow/lib/python3.10/site-packages/airflow/example_dags/plugins/workday.py for tasks to queue
[2025-04-25T23:21:14.197+0800] {logging_mixin.py:190} INFO - [2025-04-25T23:21:14.197+0800] {dagbag.py:588} INFO - Filling up the DagBag from /Users/yueyaoz/Downloads/IS3107-FinSum/.airflow/lib/python3.10/site-packages/airflow/example_dags/plugins/workday.py
[2025-04-25T23:21:14.432+0800] {processor.py:927} WARNING - No viable dags retrieved from /Users/yueyaoz/Downloads/IS3107-FinSum/.airflow/lib/python3.10/site-packages/airflow/example_dags/plugins/workday.py
[2025-04-25T23:21:14.520+0800] {processor.py:208} INFO - Processing /Users/yueyaoz/Downloads/IS3107-FinSum/.airflow/lib/python3.10/site-packages/airflow/example_dags/plugins/workday.py took 0.326 seconds
[2025-04-25T23:22:30.860+0800] {processor.py:186} INFO - Started process (PID=49431) to work on /Users/yueyaoz/Downloads/IS3107-FinSum/.airflow/lib/python3.10/site-packages/airflow/example_dags/plugins/workday.py
[2025-04-25T23:22:30.861+0800] {processor.py:914} INFO - Processing file /Users/yueyaoz/Downloads/IS3107-FinSum/.airflow/lib/python3.10/site-packages/airflow/example_dags/plugins/workday.py for tasks to queue
[2025-04-25T23:22:30.862+0800] {logging_mixin.py:190} INFO - [2025-04-25T23:22:30.862+0800] {dagbag.py:588} INFO - Filling up the DagBag from /Users/yueyaoz/Downloads/IS3107-FinSum/.airflow/lib/python3.10/site-packages/airflow/example_dags/plugins/workday.py
[2025-04-25T23:22:31.091+0800] {processor.py:927} WARNING - No viable dags retrieved from /Users/yueyaoz/Downloads/IS3107-FinSum/.airflow/lib/python3.10/site-packages/airflow/example_dags/plugins/workday.py
[2025-04-25T23:22:31.175+0800] {processor.py:208} INFO - Processing /Users/yueyaoz/Downloads/IS3107-FinSum/.airflow/lib/python3.10/site-packages/airflow/example_dags/plugins/workday.py took 0.316 seconds
[2025-04-25T23:23:51.132+0800] {processor.py:186} INFO - Started process (PID=49533) to work on /Users/yueyaoz/Downloads/IS3107-FinSum/.airflow/lib/python3.10/site-packages/airflow/example_dags/plugins/workday.py
[2025-04-25T23:23:51.133+0800] {processor.py:914} INFO - Processing file /Users/yueyaoz/Downloads/IS3107-FinSum/.airflow/lib/python3.10/site-packages/airflow/example_dags/plugins/workday.py for tasks to queue
[2025-04-25T23:23:51.133+0800] {logging_mixin.py:190} INFO - [2025-04-25T23:23:51.133+0800] {dagbag.py:588} INFO - Filling up the DagBag from /Users/yueyaoz/Downloads/IS3107-FinSum/.airflow/lib/python3.10/site-packages/airflow/example_dags/plugins/workday.py
[2025-04-25T23:23:51.345+0800] {processor.py:927} WARNING - No viable dags retrieved from /Users/yueyaoz/Downloads/IS3107-FinSum/.airflow/lib/python3.10/site-packages/airflow/example_dags/plugins/workday.py
[2025-04-25T23:23:51.443+0800] {processor.py:208} INFO - Processing /Users/yueyaoz/Downloads/IS3107-FinSum/.airflow/lib/python3.10/site-packages/airflow/example_dags/plugins/workday.py took 0.312 seconds
[2025-04-25T23:25:12.386+0800] {processor.py:186} INFO - Started process (PID=49635) to work on /Users/yueyaoz/Downloads/IS3107-FinSum/.airflow/lib/python3.10/site-packages/airflow/example_dags/plugins/workday.py
[2025-04-25T23:25:12.387+0800] {processor.py:914} INFO - Processing file /Users/yueyaoz/Downloads/IS3107-FinSum/.airflow/lib/python3.10/site-packages/airflow/example_dags/plugins/workday.py for tasks to queue
[2025-04-25T23:25:12.387+0800] {logging_mixin.py:190} INFO - [2025-04-25T23:25:12.387+0800] {dagbag.py:588} INFO - Filling up the DagBag from /Users/yueyaoz/Downloads/IS3107-FinSum/.airflow/lib/python3.10/site-packages/airflow/example_dags/plugins/workday.py
[2025-04-25T23:25:12.619+0800] {processor.py:927} WARNING - No viable dags retrieved from /Users/yueyaoz/Downloads/IS3107-FinSum/.airflow/lib/python3.10/site-packages/airflow/example_dags/plugins/workday.py
[2025-04-25T23:25:12.699+0800] {processor.py:208} INFO - Processing /Users/yueyaoz/Downloads/IS3107-FinSum/.airflow/lib/python3.10/site-packages/airflow/example_dags/plugins/workday.py took 0.315 seconds
[2025-04-25T23:26:31.804+0800] {processor.py:186} INFO - Started process (PID=49737) to work on /Users/yueyaoz/Downloads/IS3107-FinSum/.airflow/lib/python3.10/site-packages/airflow/example_dags/plugins/workday.py
[2025-04-25T23:26:31.804+0800] {processor.py:914} INFO - Processing file /Users/yueyaoz/Downloads/IS3107-FinSum/.airflow/lib/python3.10/site-packages/airflow/example_dags/plugins/workday.py for tasks to queue
[2025-04-25T23:26:31.805+0800] {logging_mixin.py:190} INFO - [2025-04-25T23:26:31.805+0800] {dagbag.py:588} INFO - Filling up the DagBag from /Users/yueyaoz/Downloads/IS3107-FinSum/.airflow/lib/python3.10/site-packages/airflow/example_dags/plugins/workday.py
[2025-04-25T23:26:32.050+0800] {processor.py:927} WARNING - No viable dags retrieved from /Users/yueyaoz/Downloads/IS3107-FinSum/.airflow/lib/python3.10/site-packages/airflow/example_dags/plugins/workday.py
[2025-04-25T23:26:32.130+0800] {processor.py:208} INFO - Processing /Users/yueyaoz/Downloads/IS3107-FinSum/.airflow/lib/python3.10/site-packages/airflow/example_dags/plugins/workday.py took 0.328 seconds
[2025-04-25T23:43:20.183+0800] {processor.py:186} INFO - Started process (PID=49862) to work on /Users/yueyaoz/Downloads/IS3107-FinSum/.airflow/lib/python3.10/site-packages/airflow/example_dags/plugins/workday.py
[2025-04-25T23:43:20.184+0800] {processor.py:914} INFO - Processing file /Users/yueyaoz/Downloads/IS3107-FinSum/.airflow/lib/python3.10/site-packages/airflow/example_dags/plugins/workday.py for tasks to queue
[2025-04-25T23:43:20.184+0800] {logging_mixin.py:190} INFO - [2025-04-25T23:43:20.184+0800] {dagbag.py:588} INFO - Filling up the DagBag from /Users/yueyaoz/Downloads/IS3107-FinSum/.airflow/lib/python3.10/site-packages/airflow/example_dags/plugins/workday.py
[2025-04-25T23:43:20.415+0800] {processor.py:927} WARNING - No viable dags retrieved from /Users/yueyaoz/Downloads/IS3107-FinSum/.airflow/lib/python3.10/site-packages/airflow/example_dags/plugins/workday.py
[2025-04-25T23:43:20.508+0800] {processor.py:208} INFO - Processing /Users/yueyaoz/Downloads/IS3107-FinSum/.airflow/lib/python3.10/site-packages/airflow/example_dags/plugins/workday.py took 0.326 seconds
[2025-04-25T23:56:51.678+0800] {processor.py:186} INFO - Started process (PID=49972) to work on /Users/yueyaoz/Downloads/IS3107-FinSum/.airflow/lib/python3.10/site-packages/airflow/example_dags/plugins/workday.py
[2025-04-25T23:56:51.679+0800] {processor.py:914} INFO - Processing file /Users/yueyaoz/Downloads/IS3107-FinSum/.airflow/lib/python3.10/site-packages/airflow/example_dags/plugins/workday.py for tasks to queue
[2025-04-25T23:56:51.680+0800] {logging_mixin.py:190} INFO - [2025-04-25T23:56:51.680+0800] {dagbag.py:588} INFO - Filling up the DagBag from /Users/yueyaoz/Downloads/IS3107-FinSum/.airflow/lib/python3.10/site-packages/airflow/example_dags/plugins/workday.py
[2025-04-25T23:56:51.892+0800] {processor.py:927} WARNING - No viable dags retrieved from /Users/yueyaoz/Downloads/IS3107-FinSum/.airflow/lib/python3.10/site-packages/airflow/example_dags/plugins/workday.py
[2025-04-25T23:56:51.980+0800] {processor.py:208} INFO - Processing /Users/yueyaoz/Downloads/IS3107-FinSum/.airflow/lib/python3.10/site-packages/airflow/example_dags/plugins/workday.py took 0.303 seconds
[2025-04-25T23:58:08.231+0800] {processor.py:186} INFO - Started process (PID=50069) to work on /Users/yueyaoz/Downloads/IS3107-FinSum/.airflow/lib/python3.10/site-packages/airflow/example_dags/plugins/workday.py
[2025-04-25T23:58:08.231+0800] {processor.py:914} INFO - Processing file /Users/yueyaoz/Downloads/IS3107-FinSum/.airflow/lib/python3.10/site-packages/airflow/example_dags/plugins/workday.py for tasks to queue
[2025-04-25T23:58:08.232+0800] {logging_mixin.py:190} INFO - [2025-04-25T23:58:08.232+0800] {dagbag.py:588} INFO - Filling up the DagBag from /Users/yueyaoz/Downloads/IS3107-FinSum/.airflow/lib/python3.10/site-packages/airflow/example_dags/plugins/workday.py
[2025-04-25T23:58:08.466+0800] {processor.py:927} WARNING - No viable dags retrieved from /Users/yueyaoz/Downloads/IS3107-FinSum/.airflow/lib/python3.10/site-packages/airflow/example_dags/plugins/workday.py
[2025-04-25T23:58:08.555+0800] {processor.py:208} INFO - Processing /Users/yueyaoz/Downloads/IS3107-FinSum/.airflow/lib/python3.10/site-packages/airflow/example_dags/plugins/workday.py took 0.326 seconds
[2025-04-25T23:59:27.047+0800] {processor.py:186} INFO - Started process (PID=50171) to work on /Users/yueyaoz/Downloads/IS3107-FinSum/.airflow/lib/python3.10/site-packages/airflow/example_dags/plugins/workday.py
[2025-04-25T23:59:27.048+0800] {processor.py:914} INFO - Processing file /Users/yueyaoz/Downloads/IS3107-FinSum/.airflow/lib/python3.10/site-packages/airflow/example_dags/plugins/workday.py for tasks to queue
[2025-04-25T23:59:27.048+0800] {logging_mixin.py:190} INFO - [2025-04-25T23:59:27.048+0800] {dagbag.py:588} INFO - Filling up the DagBag from /Users/yueyaoz/Downloads/IS3107-FinSum/.airflow/lib/python3.10/site-packages/airflow/example_dags/plugins/workday.py
[2025-04-25T23:59:27.283+0800] {processor.py:927} WARNING - No viable dags retrieved from /Users/yueyaoz/Downloads/IS3107-FinSum/.airflow/lib/python3.10/site-packages/airflow/example_dags/plugins/workday.py
[2025-04-25T23:59:27.362+0800] {processor.py:208} INFO - Processing /Users/yueyaoz/Downloads/IS3107-FinSum/.airflow/lib/python3.10/site-packages/airflow/example_dags/plugins/workday.py took 0.316 seconds
[2025-04-26T00:00:47.379+0800] {processor.py:186} INFO - Started process (PID=50286) to work on /Users/yueyaoz/Downloads/IS3107-FinSum/.airflow/lib/python3.10/site-packages/airflow/example_dags/plugins/workday.py
[2025-04-26T00:00:47.381+0800] {processor.py:914} INFO - Processing file /Users/yueyaoz/Downloads/IS3107-FinSum/.airflow/lib/python3.10/site-packages/airflow/example_dags/plugins/workday.py for tasks to queue
[2025-04-26T00:00:47.381+0800] {logging_mixin.py:190} INFO - [2025-04-26T00:00:47.381+0800] {dagbag.py:588} INFO - Filling up the DagBag from /Users/yueyaoz/Downloads/IS3107-FinSum/.airflow/lib/python3.10/site-packages/airflow/example_dags/plugins/workday.py
[2025-04-26T00:00:47.594+0800] {processor.py:927} WARNING - No viable dags retrieved from /Users/yueyaoz/Downloads/IS3107-FinSum/.airflow/lib/python3.10/site-packages/airflow/example_dags/plugins/workday.py
[2025-04-26T00:00:47.673+0800] {processor.py:208} INFO - Processing /Users/yueyaoz/Downloads/IS3107-FinSum/.airflow/lib/python3.10/site-packages/airflow/example_dags/plugins/workday.py took 0.295 seconds
[2025-04-26T00:02:05.003+0800] {processor.py:186} INFO - Started process (PID=50386) to work on /Users/yueyaoz/Downloads/IS3107-FinSum/.airflow/lib/python3.10/site-packages/airflow/example_dags/plugins/workday.py
[2025-04-26T00:02:05.004+0800] {processor.py:914} INFO - Processing file /Users/yueyaoz/Downloads/IS3107-FinSum/.airflow/lib/python3.10/site-packages/airflow/example_dags/plugins/workday.py for tasks to queue
[2025-04-26T00:02:05.005+0800] {logging_mixin.py:190} INFO - [2025-04-26T00:02:05.005+0800] {dagbag.py:588} INFO - Filling up the DagBag from /Users/yueyaoz/Downloads/IS3107-FinSum/.airflow/lib/python3.10/site-packages/airflow/example_dags/plugins/workday.py
[2025-04-26T00:02:05.222+0800] {processor.py:927} WARNING - No viable dags retrieved from /Users/yueyaoz/Downloads/IS3107-FinSum/.airflow/lib/python3.10/site-packages/airflow/example_dags/plugins/workday.py
[2025-04-26T00:02:05.322+0800] {processor.py:208} INFO - Processing /Users/yueyaoz/Downloads/IS3107-FinSum/.airflow/lib/python3.10/site-packages/airflow/example_dags/plugins/workday.py took 0.321 seconds
[2025-04-26T00:03:21.413+0800] {processor.py:186} INFO - Started process (PID=50494) to work on /Users/yueyaoz/Downloads/IS3107-FinSum/.airflow/lib/python3.10/site-packages/airflow/example_dags/plugins/workday.py
[2025-04-26T00:03:21.414+0800] {processor.py:914} INFO - Processing file /Users/yueyaoz/Downloads/IS3107-FinSum/.airflow/lib/python3.10/site-packages/airflow/example_dags/plugins/workday.py for tasks to queue
[2025-04-26T00:03:21.414+0800] {logging_mixin.py:190} INFO - [2025-04-26T00:03:21.414+0800] {dagbag.py:588} INFO - Filling up the DagBag from /Users/yueyaoz/Downloads/IS3107-FinSum/.airflow/lib/python3.10/site-packages/airflow/example_dags/plugins/workday.py
[2025-04-26T00:03:21.651+0800] {processor.py:927} WARNING - No viable dags retrieved from /Users/yueyaoz/Downloads/IS3107-FinSum/.airflow/lib/python3.10/site-packages/airflow/example_dags/plugins/workday.py
[2025-04-26T00:03:21.734+0800] {processor.py:208} INFO - Processing /Users/yueyaoz/Downloads/IS3107-FinSum/.airflow/lib/python3.10/site-packages/airflow/example_dags/plugins/workday.py took 0.322 seconds
[2025-04-26T00:04:41.581+0800] {processor.py:186} INFO - Started process (PID=50595) to work on /Users/yueyaoz/Downloads/IS3107-FinSum/.airflow/lib/python3.10/site-packages/airflow/example_dags/plugins/workday.py
[2025-04-26T00:04:41.582+0800] {processor.py:914} INFO - Processing file /Users/yueyaoz/Downloads/IS3107-FinSum/.airflow/lib/python3.10/site-packages/airflow/example_dags/plugins/workday.py for tasks to queue
[2025-04-26T00:04:41.583+0800] {logging_mixin.py:190} INFO - [2025-04-26T00:04:41.583+0800] {dagbag.py:588} INFO - Filling up the DagBag from /Users/yueyaoz/Downloads/IS3107-FinSum/.airflow/lib/python3.10/site-packages/airflow/example_dags/plugins/workday.py
[2025-04-26T00:04:41.819+0800] {processor.py:927} WARNING - No viable dags retrieved from /Users/yueyaoz/Downloads/IS3107-FinSum/.airflow/lib/python3.10/site-packages/airflow/example_dags/plugins/workday.py
[2025-04-26T00:04:41.912+0800] {processor.py:208} INFO - Processing /Users/yueyaoz/Downloads/IS3107-FinSum/.airflow/lib/python3.10/site-packages/airflow/example_dags/plugins/workday.py took 0.333 seconds
[2025-04-26T00:06:01.401+0800] {processor.py:186} INFO - Started process (PID=50695) to work on /Users/yueyaoz/Downloads/IS3107-FinSum/.airflow/lib/python3.10/site-packages/airflow/example_dags/plugins/workday.py
[2025-04-26T00:06:01.402+0800] {processor.py:914} INFO - Processing file /Users/yueyaoz/Downloads/IS3107-FinSum/.airflow/lib/python3.10/site-packages/airflow/example_dags/plugins/workday.py for tasks to queue
[2025-04-26T00:06:01.402+0800] {logging_mixin.py:190} INFO - [2025-04-26T00:06:01.402+0800] {dagbag.py:588} INFO - Filling up the DagBag from /Users/yueyaoz/Downloads/IS3107-FinSum/.airflow/lib/python3.10/site-packages/airflow/example_dags/plugins/workday.py
[2025-04-26T00:06:01.640+0800] {processor.py:927} WARNING - No viable dags retrieved from /Users/yueyaoz/Downloads/IS3107-FinSum/.airflow/lib/python3.10/site-packages/airflow/example_dags/plugins/workday.py
[2025-04-26T00:06:01.728+0800] {processor.py:208} INFO - Processing /Users/yueyaoz/Downloads/IS3107-FinSum/.airflow/lib/python3.10/site-packages/airflow/example_dags/plugins/workday.py took 0.329 seconds
[2025-04-26T00:07:17.900+0800] {processor.py:186} INFO - Started process (PID=50789) to work on /Users/yueyaoz/Downloads/IS3107-FinSum/.airflow/lib/python3.10/site-packages/airflow/example_dags/plugins/workday.py
[2025-04-26T00:07:17.901+0800] {processor.py:914} INFO - Processing file /Users/yueyaoz/Downloads/IS3107-FinSum/.airflow/lib/python3.10/site-packages/airflow/example_dags/plugins/workday.py for tasks to queue
[2025-04-26T00:07:17.901+0800] {logging_mixin.py:190} INFO - [2025-04-26T00:07:17.901+0800] {dagbag.py:588} INFO - Filling up the DagBag from /Users/yueyaoz/Downloads/IS3107-FinSum/.airflow/lib/python3.10/site-packages/airflow/example_dags/plugins/workday.py
[2025-04-26T00:07:18.139+0800] {processor.py:927} WARNING - No viable dags retrieved from /Users/yueyaoz/Downloads/IS3107-FinSum/.airflow/lib/python3.10/site-packages/airflow/example_dags/plugins/workday.py
[2025-04-26T00:07:18.228+0800] {processor.py:208} INFO - Processing /Users/yueyaoz/Downloads/IS3107-FinSum/.airflow/lib/python3.10/site-packages/airflow/example_dags/plugins/workday.py took 0.330 seconds
[2025-04-26T00:08:34.497+0800] {processor.py:186} INFO - Started process (PID=50892) to work on /Users/yueyaoz/Downloads/IS3107-FinSum/.airflow/lib/python3.10/site-packages/airflow/example_dags/plugins/workday.py
[2025-04-26T00:08:34.498+0800] {processor.py:914} INFO - Processing file /Users/yueyaoz/Downloads/IS3107-FinSum/.airflow/lib/python3.10/site-packages/airflow/example_dags/plugins/workday.py for tasks to queue
[2025-04-26T00:08:34.498+0800] {logging_mixin.py:190} INFO - [2025-04-26T00:08:34.498+0800] {dagbag.py:588} INFO - Filling up the DagBag from /Users/yueyaoz/Downloads/IS3107-FinSum/.airflow/lib/python3.10/site-packages/airflow/example_dags/plugins/workday.py
[2025-04-26T00:08:34.714+0800] {processor.py:927} WARNING - No viable dags retrieved from /Users/yueyaoz/Downloads/IS3107-FinSum/.airflow/lib/python3.10/site-packages/airflow/example_dags/plugins/workday.py
[2025-04-26T00:08:34.809+0800] {processor.py:208} INFO - Processing /Users/yueyaoz/Downloads/IS3107-FinSum/.airflow/lib/python3.10/site-packages/airflow/example_dags/plugins/workday.py took 0.313 seconds
[2025-04-26T00:09:50.320+0800] {processor.py:186} INFO - Started process (PID=50986) to work on /Users/yueyaoz/Downloads/IS3107-FinSum/.airflow/lib/python3.10/site-packages/airflow/example_dags/plugins/workday.py
[2025-04-26T00:09:50.320+0800] {processor.py:914} INFO - Processing file /Users/yueyaoz/Downloads/IS3107-FinSum/.airflow/lib/python3.10/site-packages/airflow/example_dags/plugins/workday.py for tasks to queue
[2025-04-26T00:09:50.321+0800] {logging_mixin.py:190} INFO - [2025-04-26T00:09:50.320+0800] {dagbag.py:588} INFO - Filling up the DagBag from /Users/yueyaoz/Downloads/IS3107-FinSum/.airflow/lib/python3.10/site-packages/airflow/example_dags/plugins/workday.py
[2025-04-26T00:09:50.569+0800] {processor.py:927} WARNING - No viable dags retrieved from /Users/yueyaoz/Downloads/IS3107-FinSum/.airflow/lib/python3.10/site-packages/airflow/example_dags/plugins/workday.py
[2025-04-26T00:09:50.653+0800] {processor.py:208} INFO - Processing /Users/yueyaoz/Downloads/IS3107-FinSum/.airflow/lib/python3.10/site-packages/airflow/example_dags/plugins/workday.py took 0.335 seconds
[2025-04-26T00:11:07.076+0800] {processor.py:186} INFO - Started process (PID=51085) to work on /Users/yueyaoz/Downloads/IS3107-FinSum/.airflow/lib/python3.10/site-packages/airflow/example_dags/plugins/workday.py
[2025-04-26T00:11:07.076+0800] {processor.py:914} INFO - Processing file /Users/yueyaoz/Downloads/IS3107-FinSum/.airflow/lib/python3.10/site-packages/airflow/example_dags/plugins/workday.py for tasks to queue
[2025-04-26T00:11:07.077+0800] {logging_mixin.py:190} INFO - [2025-04-26T00:11:07.077+0800] {dagbag.py:588} INFO - Filling up the DagBag from /Users/yueyaoz/Downloads/IS3107-FinSum/.airflow/lib/python3.10/site-packages/airflow/example_dags/plugins/workday.py
[2025-04-26T00:11:07.302+0800] {processor.py:927} WARNING - No viable dags retrieved from /Users/yueyaoz/Downloads/IS3107-FinSum/.airflow/lib/python3.10/site-packages/airflow/example_dags/plugins/workday.py
[2025-04-26T00:11:07.386+0800] {processor.py:208} INFO - Processing /Users/yueyaoz/Downloads/IS3107-FinSum/.airflow/lib/python3.10/site-packages/airflow/example_dags/plugins/workday.py took 0.312 seconds
[2025-04-26T00:12:22.955+0800] {processor.py:186} INFO - Started process (PID=51183) to work on /Users/yueyaoz/Downloads/IS3107-FinSum/.airflow/lib/python3.10/site-packages/airflow/example_dags/plugins/workday.py
[2025-04-26T00:12:22.956+0800] {processor.py:914} INFO - Processing file /Users/yueyaoz/Downloads/IS3107-FinSum/.airflow/lib/python3.10/site-packages/airflow/example_dags/plugins/workday.py for tasks to queue
[2025-04-26T00:12:22.956+0800] {logging_mixin.py:190} INFO - [2025-04-26T00:12:22.956+0800] {dagbag.py:588} INFO - Filling up the DagBag from /Users/yueyaoz/Downloads/IS3107-FinSum/.airflow/lib/python3.10/site-packages/airflow/example_dags/plugins/workday.py
[2025-04-26T00:12:23.207+0800] {processor.py:927} WARNING - No viable dags retrieved from /Users/yueyaoz/Downloads/IS3107-FinSum/.airflow/lib/python3.10/site-packages/airflow/example_dags/plugins/workday.py
[2025-04-26T00:12:23.290+0800] {processor.py:208} INFO - Processing /Users/yueyaoz/Downloads/IS3107-FinSum/.airflow/lib/python3.10/site-packages/airflow/example_dags/plugins/workday.py took 0.337 seconds
[2025-04-26T00:13:42.742+0800] {processor.py:186} INFO - Started process (PID=51284) to work on /Users/yueyaoz/Downloads/IS3107-FinSum/.airflow/lib/python3.10/site-packages/airflow/example_dags/plugins/workday.py
[2025-04-26T00:13:42.742+0800] {processor.py:914} INFO - Processing file /Users/yueyaoz/Downloads/IS3107-FinSum/.airflow/lib/python3.10/site-packages/airflow/example_dags/plugins/workday.py for tasks to queue
[2025-04-26T00:13:42.743+0800] {logging_mixin.py:190} INFO - [2025-04-26T00:13:42.743+0800] {dagbag.py:588} INFO - Filling up the DagBag from /Users/yueyaoz/Downloads/IS3107-FinSum/.airflow/lib/python3.10/site-packages/airflow/example_dags/plugins/workday.py
[2025-04-26T00:13:42.971+0800] {processor.py:927} WARNING - No viable dags retrieved from /Users/yueyaoz/Downloads/IS3107-FinSum/.airflow/lib/python3.10/site-packages/airflow/example_dags/plugins/workday.py
[2025-04-26T00:13:43.061+0800] {processor.py:208} INFO - Processing /Users/yueyaoz/Downloads/IS3107-FinSum/.airflow/lib/python3.10/site-packages/airflow/example_dags/plugins/workday.py took 0.320 seconds
[2025-04-26T00:14:58.860+0800] {processor.py:186} INFO - Started process (PID=51395) to work on /Users/yueyaoz/Downloads/IS3107-FinSum/.airflow/lib/python3.10/site-packages/airflow/example_dags/plugins/workday.py
[2025-04-26T00:14:58.861+0800] {processor.py:914} INFO - Processing file /Users/yueyaoz/Downloads/IS3107-FinSum/.airflow/lib/python3.10/site-packages/airflow/example_dags/plugins/workday.py for tasks to queue
[2025-04-26T00:14:58.861+0800] {logging_mixin.py:190} INFO - [2025-04-26T00:14:58.861+0800] {dagbag.py:588} INFO - Filling up the DagBag from /Users/yueyaoz/Downloads/IS3107-FinSum/.airflow/lib/python3.10/site-packages/airflow/example_dags/plugins/workday.py
[2025-04-26T00:14:59.088+0800] {processor.py:927} WARNING - No viable dags retrieved from /Users/yueyaoz/Downloads/IS3107-FinSum/.airflow/lib/python3.10/site-packages/airflow/example_dags/plugins/workday.py
[2025-04-26T00:14:59.172+0800] {processor.py:208} INFO - Processing /Users/yueyaoz/Downloads/IS3107-FinSum/.airflow/lib/python3.10/site-packages/airflow/example_dags/plugins/workday.py took 0.313 seconds
[2025-04-26T00:16:15.027+0800] {processor.py:186} INFO - Started process (PID=51495) to work on /Users/yueyaoz/Downloads/IS3107-FinSum/.airflow/lib/python3.10/site-packages/airflow/example_dags/plugins/workday.py
[2025-04-26T00:16:15.027+0800] {processor.py:914} INFO - Processing file /Users/yueyaoz/Downloads/IS3107-FinSum/.airflow/lib/python3.10/site-packages/airflow/example_dags/plugins/workday.py for tasks to queue
[2025-04-26T00:16:15.028+0800] {logging_mixin.py:190} INFO - [2025-04-26T00:16:15.028+0800] {dagbag.py:588} INFO - Filling up the DagBag from /Users/yueyaoz/Downloads/IS3107-FinSum/.airflow/lib/python3.10/site-packages/airflow/example_dags/plugins/workday.py
[2025-04-26T00:16:15.247+0800] {processor.py:927} WARNING - No viable dags retrieved from /Users/yueyaoz/Downloads/IS3107-FinSum/.airflow/lib/python3.10/site-packages/airflow/example_dags/plugins/workday.py
[2025-04-26T00:16:15.339+0800] {processor.py:208} INFO - Processing /Users/yueyaoz/Downloads/IS3107-FinSum/.airflow/lib/python3.10/site-packages/airflow/example_dags/plugins/workday.py took 0.313 seconds
[2025-04-26T00:17:36.179+0800] {processor.py:186} INFO - Started process (PID=51595) to work on /Users/yueyaoz/Downloads/IS3107-FinSum/.airflow/lib/python3.10/site-packages/airflow/example_dags/plugins/workday.py
[2025-04-26T00:17:36.179+0800] {processor.py:914} INFO - Processing file /Users/yueyaoz/Downloads/IS3107-FinSum/.airflow/lib/python3.10/site-packages/airflow/example_dags/plugins/workday.py for tasks to queue
[2025-04-26T00:17:36.179+0800] {logging_mixin.py:190} INFO - [2025-04-26T00:17:36.179+0800] {dagbag.py:588} INFO - Filling up the DagBag from /Users/yueyaoz/Downloads/IS3107-FinSum/.airflow/lib/python3.10/site-packages/airflow/example_dags/plugins/workday.py
[2025-04-26T00:17:36.400+0800] {processor.py:927} WARNING - No viable dags retrieved from /Users/yueyaoz/Downloads/IS3107-FinSum/.airflow/lib/python3.10/site-packages/airflow/example_dags/plugins/workday.py
[2025-04-26T00:17:36.481+0800] {processor.py:208} INFO - Processing /Users/yueyaoz/Downloads/IS3107-FinSum/.airflow/lib/python3.10/site-packages/airflow/example_dags/plugins/workday.py took 0.304 seconds
[2025-04-26T00:18:54.016+0800] {processor.py:186} INFO - Started process (PID=51699) to work on /Users/yueyaoz/Downloads/IS3107-FinSum/.airflow/lib/python3.10/site-packages/airflow/example_dags/plugins/workday.py
[2025-04-26T00:18:54.017+0800] {processor.py:914} INFO - Processing file /Users/yueyaoz/Downloads/IS3107-FinSum/.airflow/lib/python3.10/site-packages/airflow/example_dags/plugins/workday.py for tasks to queue
[2025-04-26T00:18:54.017+0800] {logging_mixin.py:190} INFO - [2025-04-26T00:18:54.017+0800] {dagbag.py:588} INFO - Filling up the DagBag from /Users/yueyaoz/Downloads/IS3107-FinSum/.airflow/lib/python3.10/site-packages/airflow/example_dags/plugins/workday.py
[2025-04-26T00:18:54.248+0800] {processor.py:927} WARNING - No viable dags retrieved from /Users/yueyaoz/Downloads/IS3107-FinSum/.airflow/lib/python3.10/site-packages/airflow/example_dags/plugins/workday.py
[2025-04-26T00:18:54.328+0800] {processor.py:208} INFO - Processing /Users/yueyaoz/Downloads/IS3107-FinSum/.airflow/lib/python3.10/site-packages/airflow/example_dags/plugins/workday.py took 0.314 seconds
[2025-04-26T00:20:13.014+0800] {processor.py:186} INFO - Started process (PID=51802) to work on /Users/yueyaoz/Downloads/IS3107-FinSum/.airflow/lib/python3.10/site-packages/airflow/example_dags/plugins/workday.py
[2025-04-26T00:20:13.015+0800] {processor.py:914} INFO - Processing file /Users/yueyaoz/Downloads/IS3107-FinSum/.airflow/lib/python3.10/site-packages/airflow/example_dags/plugins/workday.py for tasks to queue
[2025-04-26T00:20:13.015+0800] {logging_mixin.py:190} INFO - [2025-04-26T00:20:13.015+0800] {dagbag.py:588} INFO - Filling up the DagBag from /Users/yueyaoz/Downloads/IS3107-FinSum/.airflow/lib/python3.10/site-packages/airflow/example_dags/plugins/workday.py
[2025-04-26T00:20:13.227+0800] {processor.py:927} WARNING - No viable dags retrieved from /Users/yueyaoz/Downloads/IS3107-FinSum/.airflow/lib/python3.10/site-packages/airflow/example_dags/plugins/workday.py
[2025-04-26T00:20:13.323+0800] {processor.py:208} INFO - Processing /Users/yueyaoz/Downloads/IS3107-FinSum/.airflow/lib/python3.10/site-packages/airflow/example_dags/plugins/workday.py took 0.310 seconds
[2025-04-26T00:21:31.642+0800] {processor.py:186} INFO - Started process (PID=51900) to work on /Users/yueyaoz/Downloads/IS3107-FinSum/.airflow/lib/python3.10/site-packages/airflow/example_dags/plugins/workday.py
[2025-04-26T00:21:31.643+0800] {processor.py:914} INFO - Processing file /Users/yueyaoz/Downloads/IS3107-FinSum/.airflow/lib/python3.10/site-packages/airflow/example_dags/plugins/workday.py for tasks to queue
[2025-04-26T00:21:31.643+0800] {logging_mixin.py:190} INFO - [2025-04-26T00:21:31.643+0800] {dagbag.py:588} INFO - Filling up the DagBag from /Users/yueyaoz/Downloads/IS3107-FinSum/.airflow/lib/python3.10/site-packages/airflow/example_dags/plugins/workday.py
[2025-04-26T00:21:31.858+0800] {processor.py:927} WARNING - No viable dags retrieved from /Users/yueyaoz/Downloads/IS3107-FinSum/.airflow/lib/python3.10/site-packages/airflow/example_dags/plugins/workday.py
[2025-04-26T00:21:31.955+0800] {processor.py:208} INFO - Processing /Users/yueyaoz/Downloads/IS3107-FinSum/.airflow/lib/python3.10/site-packages/airflow/example_dags/plugins/workday.py took 0.314 seconds
[2025-04-26T00:22:48.804+0800] {processor.py:186} INFO - Started process (PID=52000) to work on /Users/yueyaoz/Downloads/IS3107-FinSum/.airflow/lib/python3.10/site-packages/airflow/example_dags/plugins/workday.py
[2025-04-26T00:22:48.805+0800] {processor.py:914} INFO - Processing file /Users/yueyaoz/Downloads/IS3107-FinSum/.airflow/lib/python3.10/site-packages/airflow/example_dags/plugins/workday.py for tasks to queue
[2025-04-26T00:22:48.805+0800] {logging_mixin.py:190} INFO - [2025-04-26T00:22:48.805+0800] {dagbag.py:588} INFO - Filling up the DagBag from /Users/yueyaoz/Downloads/IS3107-FinSum/.airflow/lib/python3.10/site-packages/airflow/example_dags/plugins/workday.py
[2025-04-26T00:22:49.038+0800] {processor.py:927} WARNING - No viable dags retrieved from /Users/yueyaoz/Downloads/IS3107-FinSum/.airflow/lib/python3.10/site-packages/airflow/example_dags/plugins/workday.py
[2025-04-26T00:22:49.122+0800] {processor.py:208} INFO - Processing /Users/yueyaoz/Downloads/IS3107-FinSum/.airflow/lib/python3.10/site-packages/airflow/example_dags/plugins/workday.py took 0.319 seconds
[2025-04-26T00:24:05.353+0800] {processor.py:186} INFO - Started process (PID=52103) to work on /Users/yueyaoz/Downloads/IS3107-FinSum/.airflow/lib/python3.10/site-packages/airflow/example_dags/plugins/workday.py
[2025-04-26T00:24:05.354+0800] {processor.py:914} INFO - Processing file /Users/yueyaoz/Downloads/IS3107-FinSum/.airflow/lib/python3.10/site-packages/airflow/example_dags/plugins/workday.py for tasks to queue
[2025-04-26T00:24:05.355+0800] {logging_mixin.py:190} INFO - [2025-04-26T00:24:05.355+0800] {dagbag.py:588} INFO - Filling up the DagBag from /Users/yueyaoz/Downloads/IS3107-FinSum/.airflow/lib/python3.10/site-packages/airflow/example_dags/plugins/workday.py
[2025-04-26T00:24:05.563+0800] {processor.py:927} WARNING - No viable dags retrieved from /Users/yueyaoz/Downloads/IS3107-FinSum/.airflow/lib/python3.10/site-packages/airflow/example_dags/plugins/workday.py
[2025-04-26T00:24:05.642+0800] {processor.py:208} INFO - Processing /Users/yueyaoz/Downloads/IS3107-FinSum/.airflow/lib/python3.10/site-packages/airflow/example_dags/plugins/workday.py took 0.291 seconds
[2025-04-26T00:25:21.930+0800] {processor.py:186} INFO - Started process (PID=52197) to work on /Users/yueyaoz/Downloads/IS3107-FinSum/.airflow/lib/python3.10/site-packages/airflow/example_dags/plugins/workday.py
[2025-04-26T00:25:21.931+0800] {processor.py:914} INFO - Processing file /Users/yueyaoz/Downloads/IS3107-FinSum/.airflow/lib/python3.10/site-packages/airflow/example_dags/plugins/workday.py for tasks to queue
[2025-04-26T00:25:21.931+0800] {logging_mixin.py:190} INFO - [2025-04-26T00:25:21.931+0800] {dagbag.py:588} INFO - Filling up the DagBag from /Users/yueyaoz/Downloads/IS3107-FinSum/.airflow/lib/python3.10/site-packages/airflow/example_dags/plugins/workday.py
[2025-04-26T00:25:22.158+0800] {processor.py:927} WARNING - No viable dags retrieved from /Users/yueyaoz/Downloads/IS3107-FinSum/.airflow/lib/python3.10/site-packages/airflow/example_dags/plugins/workday.py
[2025-04-26T00:25:22.246+0800] {processor.py:208} INFO - Processing /Users/yueyaoz/Downloads/IS3107-FinSum/.airflow/lib/python3.10/site-packages/airflow/example_dags/plugins/workday.py took 0.317 seconds
[2025-04-26T00:26:38.052+0800] {processor.py:186} INFO - Started process (PID=52289) to work on /Users/yueyaoz/Downloads/IS3107-FinSum/.airflow/lib/python3.10/site-packages/airflow/example_dags/plugins/workday.py
[2025-04-26T00:26:38.053+0800] {processor.py:914} INFO - Processing file /Users/yueyaoz/Downloads/IS3107-FinSum/.airflow/lib/python3.10/site-packages/airflow/example_dags/plugins/workday.py for tasks to queue
[2025-04-26T00:26:38.054+0800] {logging_mixin.py:190} INFO - [2025-04-26T00:26:38.054+0800] {dagbag.py:588} INFO - Filling up the DagBag from /Users/yueyaoz/Downloads/IS3107-FinSum/.airflow/lib/python3.10/site-packages/airflow/example_dags/plugins/workday.py
[2025-04-26T00:26:38.269+0800] {processor.py:927} WARNING - No viable dags retrieved from /Users/yueyaoz/Downloads/IS3107-FinSum/.airflow/lib/python3.10/site-packages/airflow/example_dags/plugins/workday.py
[2025-04-26T00:26:38.370+0800] {processor.py:208} INFO - Processing /Users/yueyaoz/Downloads/IS3107-FinSum/.airflow/lib/python3.10/site-packages/airflow/example_dags/plugins/workday.py took 0.320 seconds
[2025-04-26T00:47:46.976+0800] {processor.py:186} INFO - Started process (PID=52402) to work on /Users/yueyaoz/Downloads/IS3107-FinSum/.airflow/lib/python3.10/site-packages/airflow/example_dags/plugins/workday.py
[2025-04-26T00:47:46.977+0800] {processor.py:914} INFO - Processing file /Users/yueyaoz/Downloads/IS3107-FinSum/.airflow/lib/python3.10/site-packages/airflow/example_dags/plugins/workday.py for tasks to queue
[2025-04-26T00:47:46.977+0800] {logging_mixin.py:190} INFO - [2025-04-26T00:47:46.977+0800] {dagbag.py:588} INFO - Filling up the DagBag from /Users/yueyaoz/Downloads/IS3107-FinSum/.airflow/lib/python3.10/site-packages/airflow/example_dags/plugins/workday.py
[2025-04-26T00:47:47.200+0800] {processor.py:927} WARNING - No viable dags retrieved from /Users/yueyaoz/Downloads/IS3107-FinSum/.airflow/lib/python3.10/site-packages/airflow/example_dags/plugins/workday.py
[2025-04-26T00:47:47.293+0800] {processor.py:208} INFO - Processing /Users/yueyaoz/Downloads/IS3107-FinSum/.airflow/lib/python3.10/site-packages/airflow/example_dags/plugins/workday.py took 0.318 seconds
[2025-04-26T00:49:19.479+0800] {processor.py:186} INFO - Started process (PID=52525) to work on /Users/yueyaoz/Downloads/IS3107-FinSum/.airflow/lib/python3.10/site-packages/airflow/example_dags/plugins/workday.py
[2025-04-26T00:49:19.480+0800] {processor.py:914} INFO - Processing file /Users/yueyaoz/Downloads/IS3107-FinSum/.airflow/lib/python3.10/site-packages/airflow/example_dags/plugins/workday.py for tasks to queue
[2025-04-26T00:49:19.480+0800] {logging_mixin.py:190} INFO - [2025-04-26T00:49:19.480+0800] {dagbag.py:588} INFO - Filling up the DagBag from /Users/yueyaoz/Downloads/IS3107-FinSum/.airflow/lib/python3.10/site-packages/airflow/example_dags/plugins/workday.py
[2025-04-26T00:49:19.704+0800] {processor.py:927} WARNING - No viable dags retrieved from /Users/yueyaoz/Downloads/IS3107-FinSum/.airflow/lib/python3.10/site-packages/airflow/example_dags/plugins/workday.py
[2025-04-26T00:49:19.793+0800] {processor.py:208} INFO - Processing /Users/yueyaoz/Downloads/IS3107-FinSum/.airflow/lib/python3.10/site-packages/airflow/example_dags/plugins/workday.py took 0.315 seconds
[2025-04-26T01:05:43.207+0800] {processor.py:186} INFO - Started process (PID=52640) to work on /Users/yueyaoz/Downloads/IS3107-FinSum/.airflow/lib/python3.10/site-packages/airflow/example_dags/plugins/workday.py
[2025-04-26T01:05:43.208+0800] {processor.py:914} INFO - Processing file /Users/yueyaoz/Downloads/IS3107-FinSum/.airflow/lib/python3.10/site-packages/airflow/example_dags/plugins/workday.py for tasks to queue
[2025-04-26T01:05:43.208+0800] {logging_mixin.py:190} INFO - [2025-04-26T01:05:43.208+0800] {dagbag.py:588} INFO - Filling up the DagBag from /Users/yueyaoz/Downloads/IS3107-FinSum/.airflow/lib/python3.10/site-packages/airflow/example_dags/plugins/workday.py
[2025-04-26T01:05:43.421+0800] {processor.py:927} WARNING - No viable dags retrieved from /Users/yueyaoz/Downloads/IS3107-FinSum/.airflow/lib/python3.10/site-packages/airflow/example_dags/plugins/workday.py
[2025-04-26T01:05:43.514+0800] {processor.py:208} INFO - Processing /Users/yueyaoz/Downloads/IS3107-FinSum/.airflow/lib/python3.10/site-packages/airflow/example_dags/plugins/workday.py took 0.309 seconds
[2025-04-26T01:07:02.958+0800] {processor.py:186} INFO - Started process (PID=52738) to work on /Users/yueyaoz/Downloads/IS3107-FinSum/.airflow/lib/python3.10/site-packages/airflow/example_dags/plugins/workday.py
[2025-04-26T01:07:02.958+0800] {processor.py:914} INFO - Processing file /Users/yueyaoz/Downloads/IS3107-FinSum/.airflow/lib/python3.10/site-packages/airflow/example_dags/plugins/workday.py for tasks to queue
[2025-04-26T01:07:02.959+0800] {logging_mixin.py:190} INFO - [2025-04-26T01:07:02.959+0800] {dagbag.py:588} INFO - Filling up the DagBag from /Users/yueyaoz/Downloads/IS3107-FinSum/.airflow/lib/python3.10/site-packages/airflow/example_dags/plugins/workday.py
[2025-04-26T01:07:03.191+0800] {processor.py:927} WARNING - No viable dags retrieved from /Users/yueyaoz/Downloads/IS3107-FinSum/.airflow/lib/python3.10/site-packages/airflow/example_dags/plugins/workday.py
[2025-04-26T01:07:03.270+0800] {processor.py:208} INFO - Processing /Users/yueyaoz/Downloads/IS3107-FinSum/.airflow/lib/python3.10/site-packages/airflow/example_dags/plugins/workday.py took 0.314 seconds
[2025-04-26T01:23:18.323+0800] {processor.py:186} INFO - Started process (PID=52845) to work on /Users/yueyaoz/Downloads/IS3107-FinSum/.airflow/lib/python3.10/site-packages/airflow/example_dags/plugins/workday.py
[2025-04-26T01:23:18.323+0800] {processor.py:914} INFO - Processing file /Users/yueyaoz/Downloads/IS3107-FinSum/.airflow/lib/python3.10/site-packages/airflow/example_dags/plugins/workday.py for tasks to queue
[2025-04-26T01:23:18.324+0800] {logging_mixin.py:190} INFO - [2025-04-26T01:23:18.324+0800] {dagbag.py:588} INFO - Filling up the DagBag from /Users/yueyaoz/Downloads/IS3107-FinSum/.airflow/lib/python3.10/site-packages/airflow/example_dags/plugins/workday.py
[2025-04-26T01:23:18.614+0800] {processor.py:927} WARNING - No viable dags retrieved from /Users/yueyaoz/Downloads/IS3107-FinSum/.airflow/lib/python3.10/site-packages/airflow/example_dags/plugins/workday.py
[2025-04-26T01:23:18.686+0800] {processor.py:208} INFO - Processing /Users/yueyaoz/Downloads/IS3107-FinSum/.airflow/lib/python3.10/site-packages/airflow/example_dags/plugins/workday.py took 0.365 seconds
[2025-04-26T01:40:13.565+0800] {processor.py:186} INFO - Started process (PID=52985) to work on /Users/yueyaoz/Downloads/IS3107-FinSum/.airflow/lib/python3.10/site-packages/airflow/example_dags/plugins/workday.py
[2025-04-26T01:40:13.566+0800] {processor.py:914} INFO - Processing file /Users/yueyaoz/Downloads/IS3107-FinSum/.airflow/lib/python3.10/site-packages/airflow/example_dags/plugins/workday.py for tasks to queue
[2025-04-26T01:40:13.567+0800] {logging_mixin.py:190} INFO - [2025-04-26T01:40:13.566+0800] {dagbag.py:588} INFO - Filling up the DagBag from /Users/yueyaoz/Downloads/IS3107-FinSum/.airflow/lib/python3.10/site-packages/airflow/example_dags/plugins/workday.py
[2025-04-26T01:40:13.800+0800] {processor.py:927} WARNING - No viable dags retrieved from /Users/yueyaoz/Downloads/IS3107-FinSum/.airflow/lib/python3.10/site-packages/airflow/example_dags/plugins/workday.py
[2025-04-26T01:40:13.878+0800] {processor.py:208} INFO - Processing /Users/yueyaoz/Downloads/IS3107-FinSum/.airflow/lib/python3.10/site-packages/airflow/example_dags/plugins/workday.py took 0.315 seconds
[2025-04-26T01:41:30.257+0800] {processor.py:186} INFO - Started process (PID=53083) to work on /Users/yueyaoz/Downloads/IS3107-FinSum/.airflow/lib/python3.10/site-packages/airflow/example_dags/plugins/workday.py
[2025-04-26T01:41:30.258+0800] {processor.py:914} INFO - Processing file /Users/yueyaoz/Downloads/IS3107-FinSum/.airflow/lib/python3.10/site-packages/airflow/example_dags/plugins/workday.py for tasks to queue
[2025-04-26T01:41:30.258+0800] {logging_mixin.py:190} INFO - [2025-04-26T01:41:30.258+0800] {dagbag.py:588} INFO - Filling up the DagBag from /Users/yueyaoz/Downloads/IS3107-FinSum/.airflow/lib/python3.10/site-packages/airflow/example_dags/plugins/workday.py
[2025-04-26T01:41:30.491+0800] {processor.py:927} WARNING - No viable dags retrieved from /Users/yueyaoz/Downloads/IS3107-FinSum/.airflow/lib/python3.10/site-packages/airflow/example_dags/plugins/workday.py
[2025-04-26T01:41:30.575+0800] {processor.py:208} INFO - Processing /Users/yueyaoz/Downloads/IS3107-FinSum/.airflow/lib/python3.10/site-packages/airflow/example_dags/plugins/workday.py took 0.320 seconds
[2025-04-26T01:42:47.437+0800] {processor.py:186} INFO - Started process (PID=53184) to work on /Users/yueyaoz/Downloads/IS3107-FinSum/.airflow/lib/python3.10/site-packages/airflow/example_dags/plugins/workday.py
[2025-04-26T01:42:47.438+0800] {processor.py:914} INFO - Processing file /Users/yueyaoz/Downloads/IS3107-FinSum/.airflow/lib/python3.10/site-packages/airflow/example_dags/plugins/workday.py for tasks to queue
[2025-04-26T01:42:47.439+0800] {logging_mixin.py:190} INFO - [2025-04-26T01:42:47.438+0800] {dagbag.py:588} INFO - Filling up the DagBag from /Users/yueyaoz/Downloads/IS3107-FinSum/.airflow/lib/python3.10/site-packages/airflow/example_dags/plugins/workday.py
[2025-04-26T01:42:47.674+0800] {processor.py:927} WARNING - No viable dags retrieved from /Users/yueyaoz/Downloads/IS3107-FinSum/.airflow/lib/python3.10/site-packages/airflow/example_dags/plugins/workday.py
[2025-04-26T01:42:47.751+0800] {processor.py:208} INFO - Processing /Users/yueyaoz/Downloads/IS3107-FinSum/.airflow/lib/python3.10/site-packages/airflow/example_dags/plugins/workday.py took 0.315 seconds
[2025-04-26T01:48:56.008+0800] {processor.py:186} INFO - Started process (PID=53297) to work on /Users/yueyaoz/Downloads/IS3107-FinSum/.airflow/lib/python3.10/site-packages/airflow/example_dags/plugins/workday.py
[2025-04-26T01:48:56.009+0800] {processor.py:914} INFO - Processing file /Users/yueyaoz/Downloads/IS3107-FinSum/.airflow/lib/python3.10/site-packages/airflow/example_dags/plugins/workday.py for tasks to queue
[2025-04-26T01:48:56.009+0800] {logging_mixin.py:190} INFO - [2025-04-26T01:48:56.009+0800] {dagbag.py:588} INFO - Filling up the DagBag from /Users/yueyaoz/Downloads/IS3107-FinSum/.airflow/lib/python3.10/site-packages/airflow/example_dags/plugins/workday.py
[2025-04-26T01:48:56.237+0800] {processor.py:927} WARNING - No viable dags retrieved from /Users/yueyaoz/Downloads/IS3107-FinSum/.airflow/lib/python3.10/site-packages/airflow/example_dags/plugins/workday.py
[2025-04-26T01:48:56.316+0800] {processor.py:208} INFO - Processing /Users/yueyaoz/Downloads/IS3107-FinSum/.airflow/lib/python3.10/site-packages/airflow/example_dags/plugins/workday.py took 0.310 seconds
[2025-04-26T02:05:28.552+0800] {processor.py:186} INFO - Started process (PID=53409) to work on /Users/yueyaoz/Downloads/IS3107-FinSum/.airflow/lib/python3.10/site-packages/airflow/example_dags/plugins/workday.py
[2025-04-26T02:05:28.553+0800] {processor.py:914} INFO - Processing file /Users/yueyaoz/Downloads/IS3107-FinSum/.airflow/lib/python3.10/site-packages/airflow/example_dags/plugins/workday.py for tasks to queue
[2025-04-26T02:05:28.553+0800] {logging_mixin.py:190} INFO - [2025-04-26T02:05:28.553+0800] {dagbag.py:588} INFO - Filling up the DagBag from /Users/yueyaoz/Downloads/IS3107-FinSum/.airflow/lib/python3.10/site-packages/airflow/example_dags/plugins/workday.py
[2025-04-26T02:05:28.775+0800] {processor.py:927} WARNING - No viable dags retrieved from /Users/yueyaoz/Downloads/IS3107-FinSum/.airflow/lib/python3.10/site-packages/airflow/example_dags/plugins/workday.py
[2025-04-26T02:05:28.856+0800] {processor.py:208} INFO - Processing /Users/yueyaoz/Downloads/IS3107-FinSum/.airflow/lib/python3.10/site-packages/airflow/example_dags/plugins/workday.py took 0.305 seconds
[2025-04-26T02:07:02.511+0800] {processor.py:186} INFO - Started process (PID=53536) to work on /Users/yueyaoz/Downloads/IS3107-FinSum/.airflow/lib/python3.10/site-packages/airflow/example_dags/plugins/workday.py
[2025-04-26T02:07:02.513+0800] {processor.py:914} INFO - Processing file /Users/yueyaoz/Downloads/IS3107-FinSum/.airflow/lib/python3.10/site-packages/airflow/example_dags/plugins/workday.py for tasks to queue
[2025-04-26T02:07:02.513+0800] {logging_mixin.py:190} INFO - [2025-04-26T02:07:02.513+0800] {dagbag.py:588} INFO - Filling up the DagBag from /Users/yueyaoz/Downloads/IS3107-FinSum/.airflow/lib/python3.10/site-packages/airflow/example_dags/plugins/workday.py
[2025-04-26T02:07:02.730+0800] {processor.py:927} WARNING - No viable dags retrieved from /Users/yueyaoz/Downloads/IS3107-FinSum/.airflow/lib/python3.10/site-packages/airflow/example_dags/plugins/workday.py
[2025-04-26T02:07:02.813+0800] {processor.py:208} INFO - Processing /Users/yueyaoz/Downloads/IS3107-FinSum/.airflow/lib/python3.10/site-packages/airflow/example_dags/plugins/workday.py took 0.303 seconds
[2025-04-26T02:08:23.032+0800] {processor.py:186} INFO - Started process (PID=53632) to work on /Users/yueyaoz/Downloads/IS3107-FinSum/.airflow/lib/python3.10/site-packages/airflow/example_dags/plugins/workday.py
[2025-04-26T02:08:23.033+0800] {processor.py:914} INFO - Processing file /Users/yueyaoz/Downloads/IS3107-FinSum/.airflow/lib/python3.10/site-packages/airflow/example_dags/plugins/workday.py for tasks to queue
[2025-04-26T02:08:23.033+0800] {logging_mixin.py:190} INFO - [2025-04-26T02:08:23.033+0800] {dagbag.py:588} INFO - Filling up the DagBag from /Users/yueyaoz/Downloads/IS3107-FinSum/.airflow/lib/python3.10/site-packages/airflow/example_dags/plugins/workday.py
[2025-04-26T02:08:23.257+0800] {processor.py:927} WARNING - No viable dags retrieved from /Users/yueyaoz/Downloads/IS3107-FinSum/.airflow/lib/python3.10/site-packages/airflow/example_dags/plugins/workday.py
[2025-04-26T02:08:23.346+0800] {processor.py:208} INFO - Processing /Users/yueyaoz/Downloads/IS3107-FinSum/.airflow/lib/python3.10/site-packages/airflow/example_dags/plugins/workday.py took 0.316 seconds
[2025-04-26T02:51:20.023+0800] {processor.py:186} INFO - Started process (PID=53753) to work on /Users/yueyaoz/Downloads/IS3107-FinSum/.airflow/lib/python3.10/site-packages/airflow/example_dags/plugins/workday.py
[2025-04-26T02:51:20.024+0800] {processor.py:914} INFO - Processing file /Users/yueyaoz/Downloads/IS3107-FinSum/.airflow/lib/python3.10/site-packages/airflow/example_dags/plugins/workday.py for tasks to queue
[2025-04-26T02:51:20.025+0800] {logging_mixin.py:190} INFO - [2025-04-26T02:51:20.024+0800] {dagbag.py:588} INFO - Filling up the DagBag from /Users/yueyaoz/Downloads/IS3107-FinSum/.airflow/lib/python3.10/site-packages/airflow/example_dags/plugins/workday.py
[2025-04-26T02:51:20.229+0800] {processor.py:927} WARNING - No viable dags retrieved from /Users/yueyaoz/Downloads/IS3107-FinSum/.airflow/lib/python3.10/site-packages/airflow/example_dags/plugins/workday.py
[2025-04-26T02:51:20.302+0800] {processor.py:208} INFO - Processing /Users/yueyaoz/Downloads/IS3107-FinSum/.airflow/lib/python3.10/site-packages/airflow/example_dags/plugins/workday.py took 0.282 seconds
[2025-04-26T02:53:04.763+0800] {processor.py:186} INFO - Started process (PID=53885) to work on /Users/yueyaoz/Downloads/IS3107-FinSum/.airflow/lib/python3.10/site-packages/airflow/example_dags/plugins/workday.py
[2025-04-26T02:53:04.764+0800] {processor.py:914} INFO - Processing file /Users/yueyaoz/Downloads/IS3107-FinSum/.airflow/lib/python3.10/site-packages/airflow/example_dags/plugins/workday.py for tasks to queue
[2025-04-26T02:53:04.764+0800] {logging_mixin.py:190} INFO - [2025-04-26T02:53:04.764+0800] {dagbag.py:588} INFO - Filling up the DagBag from /Users/yueyaoz/Downloads/IS3107-FinSum/.airflow/lib/python3.10/site-packages/airflow/example_dags/plugins/workday.py
[2025-04-26T02:53:04.998+0800] {processor.py:927} WARNING - No viable dags retrieved from /Users/yueyaoz/Downloads/IS3107-FinSum/.airflow/lib/python3.10/site-packages/airflow/example_dags/plugins/workday.py
[2025-04-26T02:53:05.084+0800] {processor.py:208} INFO - Processing /Users/yueyaoz/Downloads/IS3107-FinSum/.airflow/lib/python3.10/site-packages/airflow/example_dags/plugins/workday.py took 0.323 seconds
[2025-04-26T03:09:33.004+0800] {processor.py:186} INFO - Started process (PID=53984) to work on /Users/yueyaoz/Downloads/IS3107-FinSum/.airflow/lib/python3.10/site-packages/airflow/example_dags/plugins/workday.py
[2025-04-26T03:09:33.005+0800] {processor.py:914} INFO - Processing file /Users/yueyaoz/Downloads/IS3107-FinSum/.airflow/lib/python3.10/site-packages/airflow/example_dags/plugins/workday.py for tasks to queue
[2025-04-26T03:09:33.005+0800] {logging_mixin.py:190} INFO - [2025-04-26T03:09:33.005+0800] {dagbag.py:588} INFO - Filling up the DagBag from /Users/yueyaoz/Downloads/IS3107-FinSum/.airflow/lib/python3.10/site-packages/airflow/example_dags/plugins/workday.py
[2025-04-26T03:09:33.229+0800] {processor.py:927} WARNING - No viable dags retrieved from /Users/yueyaoz/Downloads/IS3107-FinSum/.airflow/lib/python3.10/site-packages/airflow/example_dags/plugins/workday.py
[2025-04-26T03:09:33.316+0800] {processor.py:208} INFO - Processing /Users/yueyaoz/Downloads/IS3107-FinSum/.airflow/lib/python3.10/site-packages/airflow/example_dags/plugins/workday.py took 0.314 seconds
