[2025-03-28T08:26:44.625+0800] {processor.py:186} INFO - Started process (PID=57317) to work on /Users/ervinyeoh/Desktop/unimods/is3107/project/.venv/lib/python3.11/site-packages/airflow/example_dags/subdags/subdag.py
[2025-03-28T08:26:44.626+0800] {processor.py:914} INFO - Processing file /Users/ervinyeoh/Desktop/unimods/is3107/project/.venv/lib/python3.11/site-packages/airflow/example_dags/subdags/subdag.py for tasks to queue
[2025-03-28T08:26:44.626+0800] {logging_mixin.py:190} INFO - [2025-03-28T08:26:44.626+0800] {dagbag.py:588} INFO - Filling up the DagBag from /Users/ervinyeoh/Desktop/unimods/is3107/project/.venv/lib/python3.11/site-packages/airflow/example_dags/subdags/subdag.py
[2025-03-28T08:26:44.628+0800] {processor.py:927} WARNING - No viable dags retrieved from /Users/ervinyeoh/Desktop/unimods/is3107/project/.venv/lib/python3.11/site-packages/airflow/example_dags/subdags/subdag.py
[2025-03-28T08:26:44.707+0800] {processor.py:208} INFO - Processing /Users/ervinyeoh/Desktop/unimods/is3107/project/.venv/lib/python3.11/site-packages/airflow/example_dags/subdags/subdag.py took 0.083 seconds
[2025-03-28T08:58:14.891+0800] {processor.py:186} INFO - Started process (PID=57573) to work on /Users/ervinyeoh/Desktop/unimods/is3107/project/.venv/lib/python3.11/site-packages/airflow/example_dags/subdags/subdag.py
[2025-03-28T08:58:14.892+0800] {processor.py:914} INFO - Processing file /Users/ervinyeoh/Desktop/unimods/is3107/project/.venv/lib/python3.11/site-packages/airflow/example_dags/subdags/subdag.py for tasks to queue
[2025-03-28T08:58:14.892+0800] {logging_mixin.py:190} INFO - [2025-03-28T08:58:14.892+0800] {dagbag.py:588} INFO - Filling up the DagBag from /Users/ervinyeoh/Desktop/unimods/is3107/project/.venv/lib/python3.11/site-packages/airflow/example_dags/subdags/subdag.py
[2025-03-28T08:58:14.893+0800] {processor.py:927} WARNING - No viable dags retrieved from /Users/ervinyeoh/Desktop/unimods/is3107/project/.venv/lib/python3.11/site-packages/airflow/example_dags/subdags/subdag.py
[2025-03-28T08:58:14.973+0800] {processor.py:208} INFO - Processing /Users/ervinyeoh/Desktop/unimods/is3107/project/.venv/lib/python3.11/site-packages/airflow/example_dags/subdags/subdag.py took 0.084 seconds
[2025-03-28T13:04:38.095+0800] {processor.py:186} INFO - Started process (PID=57992) to work on /Users/ervinyeoh/Desktop/unimods/is3107/project/.venv/lib/python3.11/site-packages/airflow/example_dags/subdags/subdag.py
[2025-03-28T13:04:38.096+0800] {processor.py:914} INFO - Processing file /Users/ervinyeoh/Desktop/unimods/is3107/project/.venv/lib/python3.11/site-packages/airflow/example_dags/subdags/subdag.py for tasks to queue
[2025-03-28T13:04:38.097+0800] {logging_mixin.py:190} INFO - [2025-03-28T13:04:38.097+0800] {dagbag.py:588} INFO - Filling up the DagBag from /Users/ervinyeoh/Desktop/unimods/is3107/project/.venv/lib/python3.11/site-packages/airflow/example_dags/subdags/subdag.py
[2025-03-28T13:04:38.098+0800] {processor.py:927} WARNING - No viable dags retrieved from /Users/ervinyeoh/Desktop/unimods/is3107/project/.venv/lib/python3.11/site-packages/airflow/example_dags/subdags/subdag.py
[2025-03-28T13:04:38.175+0800] {processor.py:208} INFO - Processing /Users/ervinyeoh/Desktop/unimods/is3107/project/.venv/lib/python3.11/site-packages/airflow/example_dags/subdags/subdag.py took 0.081 seconds
[2025-03-28T17:47:18.687+0800] {processor.py:186} INFO - Started process (PID=58402) to work on /Users/ervinyeoh/Desktop/unimods/is3107/project/.venv/lib/python3.11/site-packages/airflow/example_dags/subdags/subdag.py
[2025-03-28T17:47:18.688+0800] {processor.py:914} INFO - Processing file /Users/ervinyeoh/Desktop/unimods/is3107/project/.venv/lib/python3.11/site-packages/airflow/example_dags/subdags/subdag.py for tasks to queue
[2025-03-28T17:47:18.688+0800] {logging_mixin.py:190} INFO - [2025-03-28T17:47:18.688+0800] {dagbag.py:588} INFO - Filling up the DagBag from /Users/ervinyeoh/Desktop/unimods/is3107/project/.venv/lib/python3.11/site-packages/airflow/example_dags/subdags/subdag.py
[2025-03-28T17:47:18.690+0800] {processor.py:927} WARNING - No viable dags retrieved from /Users/ervinyeoh/Desktop/unimods/is3107/project/.venv/lib/python3.11/site-packages/airflow/example_dags/subdags/subdag.py
[2025-03-28T17:47:18.766+0800] {processor.py:208} INFO - Processing /Users/ervinyeoh/Desktop/unimods/is3107/project/.venv/lib/python3.11/site-packages/airflow/example_dags/subdags/subdag.py took 0.080 seconds
[2025-03-28T17:57:36.093+0800] {processor.py:186} INFO - Started process (PID=58601) to work on /Users/ervinyeoh/Desktop/unimods/is3107/project/.venv/lib/python3.11/site-packages/airflow/example_dags/subdags/subdag.py
[2025-03-28T17:57:36.093+0800] {processor.py:914} INFO - Processing file /Users/ervinyeoh/Desktop/unimods/is3107/project/.venv/lib/python3.11/site-packages/airflow/example_dags/subdags/subdag.py for tasks to queue
[2025-03-28T17:57:36.094+0800] {logging_mixin.py:190} INFO - [2025-03-28T17:57:36.094+0800] {dagbag.py:588} INFO - Filling up the DagBag from /Users/ervinyeoh/Desktop/unimods/is3107/project/.venv/lib/python3.11/site-packages/airflow/example_dags/subdags/subdag.py
[2025-03-28T17:57:36.095+0800] {processor.py:927} WARNING - No viable dags retrieved from /Users/ervinyeoh/Desktop/unimods/is3107/project/.venv/lib/python3.11/site-packages/airflow/example_dags/subdags/subdag.py
[2025-03-28T17:57:36.172+0800] {processor.py:208} INFO - Processing /Users/ervinyeoh/Desktop/unimods/is3107/project/.venv/lib/python3.11/site-packages/airflow/example_dags/subdags/subdag.py took 0.081 seconds
[2025-03-28T18:13:36.546+0800] {processor.py:186} INFO - Started process (PID=58838) to work on /Users/ervinyeoh/Desktop/unimods/is3107/project/.venv/lib/python3.11/site-packages/airflow/example_dags/subdags/subdag.py
[2025-03-28T18:13:36.548+0800] {processor.py:914} INFO - Processing file /Users/ervinyeoh/Desktop/unimods/is3107/project/.venv/lib/python3.11/site-packages/airflow/example_dags/subdags/subdag.py for tasks to queue
[2025-03-28T18:13:36.548+0800] {logging_mixin.py:190} INFO - [2025-03-28T18:13:36.548+0800] {dagbag.py:588} INFO - Filling up the DagBag from /Users/ervinyeoh/Desktop/unimods/is3107/project/.venv/lib/python3.11/site-packages/airflow/example_dags/subdags/subdag.py
[2025-03-28T18:13:36.550+0800] {processor.py:927} WARNING - No viable dags retrieved from /Users/ervinyeoh/Desktop/unimods/is3107/project/.venv/lib/python3.11/site-packages/airflow/example_dags/subdags/subdag.py
[2025-03-28T18:13:36.628+0800] {processor.py:208} INFO - Processing /Users/ervinyeoh/Desktop/unimods/is3107/project/.venv/lib/python3.11/site-packages/airflow/example_dags/subdags/subdag.py took 0.084 seconds
[2025-03-28T23:31:58.815+0800] {processor.py:186} INFO - Started process (PID=59277) to work on /Users/ervinyeoh/Desktop/unimods/is3107/project/.venv/lib/python3.11/site-packages/airflow/example_dags/subdags/subdag.py
[2025-03-28T23:31:58.816+0800] {processor.py:914} INFO - Processing file /Users/ervinyeoh/Desktop/unimods/is3107/project/.venv/lib/python3.11/site-packages/airflow/example_dags/subdags/subdag.py for tasks to queue
[2025-03-28T23:31:58.817+0800] {logging_mixin.py:190} INFO - [2025-03-28T23:31:58.817+0800] {dagbag.py:588} INFO - Filling up the DagBag from /Users/ervinyeoh/Desktop/unimods/is3107/project/.venv/lib/python3.11/site-packages/airflow/example_dags/subdags/subdag.py
[2025-03-28T23:31:58.819+0800] {processor.py:927} WARNING - No viable dags retrieved from /Users/ervinyeoh/Desktop/unimods/is3107/project/.venv/lib/python3.11/site-packages/airflow/example_dags/subdags/subdag.py
[2025-03-28T23:31:58.960+0800] {processor.py:208} INFO - Processing /Users/ervinyeoh/Desktop/unimods/is3107/project/.venv/lib/python3.11/site-packages/airflow/example_dags/subdags/subdag.py took 0.147 seconds
[2025-03-29T02:16:17.150+0800] {processor.py:186} INFO - Started process (PID=59701) to work on /Users/ervinyeoh/Desktop/unimods/is3107/project/.venv/lib/python3.11/site-packages/airflow/example_dags/subdags/subdag.py
[2025-03-29T02:16:17.151+0800] {processor.py:914} INFO - Processing file /Users/ervinyeoh/Desktop/unimods/is3107/project/.venv/lib/python3.11/site-packages/airflow/example_dags/subdags/subdag.py for tasks to queue
[2025-03-29T02:16:17.179+0800] {logging_mixin.py:190} INFO - [2025-03-29T02:16:17.179+0800] {dagbag.py:588} INFO - Filling up the DagBag from /Users/ervinyeoh/Desktop/unimods/is3107/project/.venv/lib/python3.11/site-packages/airflow/example_dags/subdags/subdag.py
[2025-03-29T02:16:17.181+0800] {processor.py:927} WARNING - No viable dags retrieved from /Users/ervinyeoh/Desktop/unimods/is3107/project/.venv/lib/python3.11/site-packages/airflow/example_dags/subdags/subdag.py
[2025-03-29T02:16:17.272+0800] {processor.py:208} INFO - Processing /Users/ervinyeoh/Desktop/unimods/is3107/project/.venv/lib/python3.11/site-packages/airflow/example_dags/subdags/subdag.py took 0.124 seconds
[2025-03-29T02:27:27.159+0800] {processor.py:186} INFO - Started process (PID=59985) to work on /Users/ervinyeoh/Desktop/unimods/is3107/project/.venv/lib/python3.11/site-packages/airflow/example_dags/subdags/subdag.py
[2025-03-29T02:27:27.160+0800] {processor.py:914} INFO - Processing file /Users/ervinyeoh/Desktop/unimods/is3107/project/.venv/lib/python3.11/site-packages/airflow/example_dags/subdags/subdag.py for tasks to queue
[2025-03-29T02:27:27.160+0800] {logging_mixin.py:190} INFO - [2025-03-29T02:27:27.160+0800] {dagbag.py:588} INFO - Filling up the DagBag from /Users/ervinyeoh/Desktop/unimods/is3107/project/.venv/lib/python3.11/site-packages/airflow/example_dags/subdags/subdag.py
[2025-03-29T02:27:27.162+0800] {processor.py:927} WARNING - No viable dags retrieved from /Users/ervinyeoh/Desktop/unimods/is3107/project/.venv/lib/python3.11/site-packages/airflow/example_dags/subdags/subdag.py
[2025-03-29T02:27:27.241+0800] {processor.py:208} INFO - Processing /Users/ervinyeoh/Desktop/unimods/is3107/project/.venv/lib/python3.11/site-packages/airflow/example_dags/subdags/subdag.py took 0.083 seconds
[2025-03-29T05:48:42.517+0800] {processor.py:186} INFO - Started process (PID=60351) to work on /Users/ervinyeoh/Desktop/unimods/is3107/project/.venv/lib/python3.11/site-packages/airflow/example_dags/subdags/subdag.py
[2025-03-29T05:48:42.518+0800] {processor.py:914} INFO - Processing file /Users/ervinyeoh/Desktop/unimods/is3107/project/.venv/lib/python3.11/site-packages/airflow/example_dags/subdags/subdag.py for tasks to queue
[2025-03-29T05:48:42.518+0800] {logging_mixin.py:190} INFO - [2025-03-29T05:48:42.518+0800] {dagbag.py:588} INFO - Filling up the DagBag from /Users/ervinyeoh/Desktop/unimods/is3107/project/.venv/lib/python3.11/site-packages/airflow/example_dags/subdags/subdag.py
[2025-03-29T05:48:42.520+0800] {processor.py:927} WARNING - No viable dags retrieved from /Users/ervinyeoh/Desktop/unimods/is3107/project/.venv/lib/python3.11/site-packages/airflow/example_dags/subdags/subdag.py
[2025-03-29T05:48:42.614+0800] {processor.py:208} INFO - Processing /Users/ervinyeoh/Desktop/unimods/is3107/project/.venv/lib/python3.11/site-packages/airflow/example_dags/subdags/subdag.py took 0.099 seconds
