[2025-04-02T14:55:56.278+0800] {local_task_job_runner.py:123} INFO - ::group::Pre task execution logs
[2025-04-02T14:55:56.364+0800] {taskinstance.py:2614} INFO - Dependencies all met for dep_context=non-requeueable deps ti=<TaskInstance: reddit_yf_scraper.run_reddit manual__2025-04-02T06:55:23.177134+00:00 [queued]>
[2025-04-02T14:55:56.369+0800] {taskinstance.py:2614} INFO - Dependencies all met for dep_context=requeueable deps ti=<TaskInstance: reddit_yf_scraper.run_reddit manual__2025-04-02T06:55:23.177134+00:00 [queued]>
[2025-04-02T14:55:56.369+0800] {taskinstance.py:2867} INFO - Starting attempt 1 of 2
[2025-04-02T14:55:56.375+0800] {taskinstance.py:2890} INFO - Executing <Task(_PythonDecoratedOperator): run_reddit> on 2025-04-02 06:55:23.177134+00:00
[2025-04-02T14:55:56.378+0800] {standard_task_runner.py:72} INFO - Started process 35773 to run task
[2025-04-02T14:55:56.381+0800] {standard_task_runner.py:104} INFO - Running: ['airflow', 'tasks', 'run', 'reddit_yf_scraper', 'run_reddit', 'manual__2025-04-02T06:55:23.177134+00:00', '--job-id', '319', '--raw', '--subdir', 'DAGS_FOLDER/dag.py', '--cfg-path', '/var/folders/xg/h9xj0trn3dxds251bj2q6hf80000gn/T/tmprlnhr4qe']
[2025-04-02T14:55:56.384+0800] {standard_task_runner.py:105} INFO - Job 319: Subtask run_reddit
[2025-04-02T14:55:56.419+0800] {task_command.py:467} INFO - Running <TaskInstance: reddit_yf_scraper.run_reddit manual__2025-04-02T06:55:23.177134+00:00 [running]> on host ervins-macbook-air-2.local
[2025-04-02T14:55:56.451+0800] {taskinstance.py:3134} INFO - Exporting env vars: AIRFLOW_CTX_DAG_OWNER='airflow' AIRFLOW_CTX_DAG_ID='reddit_yf_scraper' AIRFLOW_CTX_TASK_ID='run_reddit' AIRFLOW_CTX_EXECUTION_DATE='2025-04-02T06:55:23.177134+00:00' AIRFLOW_CTX_TRY_NUMBER='1' AIRFLOW_CTX_DAG_RUN_ID='manual__2025-04-02T06:55:23.177134+00:00'
[2025-04-02T14:55:56.452+0800] {logging_mixin.py:190} INFO - Task instance is in running state
[2025-04-02T14:55:56.452+0800] {logging_mixin.py:190} INFO -  Previous state of the Task instance: queued
[2025-04-02T14:55:56.452+0800] {logging_mixin.py:190} INFO - Current task name:run_reddit state:running start_date:2025-04-02 06:55:56.365089+00:00
[2025-04-02T14:55:56.453+0800] {logging_mixin.py:190} INFO - Dag name:reddit_yf_scraper and current dag run status:running
[2025-04-02T14:55:56.453+0800] {taskinstance.py:732} INFO - ::endgroup::
[2025-04-02T14:55:57.331+0800] {patcher.py:346} INFO - patching driver executable /Users/ervinyeoh/Library/Application Support/undetected_chromedriver/undetected_chromedriver
[2025-04-02T14:56:02.210+0800] {logging_mixin.py:190} INFO - 🔍 Searching Reddit for AAPL...
[2025-04-02T14:56:06.299+0800] {logging_mixin.py:190} INFO - ✅ All posts for AAPL have been processed.
[2025-04-02T14:56:06.369+0800] {logging_mixin.py:190} INFO - ✅ Done scraping Reddit posts for all S&P 500 tickers.
[2025-04-02T14:56:06.370+0800] {python.py:240} INFO - Done. Returned value was: None
[2025-04-02T14:56:06.383+0800] {taskinstance.py:341} INFO - ::group::Post task execution logs
[2025-04-02T14:56:06.384+0800] {taskinstance.py:353} INFO - Marking task as SUCCESS. dag_id=reddit_yf_scraper, task_id=run_reddit, run_id=manual__2025-04-02T06:55:23.177134+00:00, execution_date=20250402T065523, start_date=20250402T065556, end_date=20250402T065606
[2025-04-02T14:56:06.398+0800] {logging_mixin.py:190} INFO - Task instance in success state
[2025-04-02T14:56:06.399+0800] {logging_mixin.py:190} INFO -  Previous state of the Task instance: running
[2025-04-02T14:56:06.402+0800] {logging_mixin.py:190} INFO - Dag name:reddit_yf_scraper queued_at:2025-04-02 06:55:23.184205+00:00
[2025-04-02T14:56:06.402+0800] {logging_mixin.py:190} INFO - Task hostname:ervins-macbook-air-2.local operator:_PythonDecoratedOperator
[2025-04-02T14:56:06.451+0800] {local_task_job_runner.py:266} INFO - Task exited with return code 0
[2025-04-02T14:56:06.477+0800] {taskinstance.py:3901} INFO - 1 downstream tasks scheduled from follow-on schedule check
[2025-04-02T14:56:06.478+0800] {local_task_job_runner.py:245} INFO - ::endgroup::
