[2025-03-21T21:44:45.958+0800] {processor.py:186} INFO - Started process (PID=52770) to work on /Users/ervinyeoh/Desktop/unimods/is3107/project/.venv/lib/python3.11/site-packages/airflow/example_dags/example_sensors.py
[2025-03-21T21:44:45.959+0800] {processor.py:914} INFO - Processing file /Users/ervinyeoh/Desktop/unimods/is3107/project/.venv/lib/python3.11/site-packages/airflow/example_dags/example_sensors.py for tasks to queue
[2025-03-21T21:44:45.959+0800] {logging_mixin.py:190} INFO - [2025-03-21T21:44:45.959+0800] {dagbag.py:588} INFO - Filling up the DagBag from /Users/ervinyeoh/Desktop/unimods/is3107/project/.venv/lib/python3.11/site-packages/airflow/example_dags/example_sensors.py
[2025-03-21T21:44:45.968+0800] {processor.py:925} INFO - DAG(s) 'example_sensors' retrieved from /Users/ervinyeoh/Desktop/unimods/is3107/project/.venv/lib/python3.11/site-packages/airflow/example_dags/example_sensors.py
[2025-03-21T21:44:46.343+0800] {logging_mixin.py:190} INFO - [2025-03-21T21:44:46.343+0800] {dag.py:3239} INFO - Sync 1 DAGs
[2025-03-21T21:44:46.347+0800] {logging_mixin.py:190} INFO - [2025-03-21T21:44:46.347+0800] {dag.py:4180} INFO - Setting next_dagrun for example_sensors to None, run_after=None
[2025-03-21T21:44:46.353+0800] {processor.py:208} INFO - Processing /Users/ervinyeoh/Desktop/unimods/is3107/project/.venv/lib/python3.11/site-packages/airflow/example_dags/example_sensors.py took 0.396 seconds
[2025-03-21T21:53:10.478+0800] {processor.py:186} INFO - Started process (PID=53773) to work on /Users/ervinyeoh/Desktop/unimods/is3107/project/.venv/lib/python3.11/site-packages/airflow/example_dags/example_sensors.py
[2025-03-21T21:53:10.479+0800] {processor.py:914} INFO - Processing file /Users/ervinyeoh/Desktop/unimods/is3107/project/.venv/lib/python3.11/site-packages/airflow/example_dags/example_sensors.py for tasks to queue
[2025-03-21T21:53:10.479+0800] {logging_mixin.py:190} INFO - [2025-03-21T21:53:10.479+0800] {dagbag.py:588} INFO - Filling up the DagBag from /Users/ervinyeoh/Desktop/unimods/is3107/project/.venv/lib/python3.11/site-packages/airflow/example_dags/example_sensors.py
[2025-03-21T21:53:10.485+0800] {processor.py:925} INFO - DAG(s) 'example_sensors' retrieved from /Users/ervinyeoh/Desktop/unimods/is3107/project/.venv/lib/python3.11/site-packages/airflow/example_dags/example_sensors.py
[2025-03-21T21:53:10.812+0800] {logging_mixin.py:190} INFO - [2025-03-21T21:53:10.812+0800] {dag.py:3239} INFO - Sync 1 DAGs
[2025-03-21T21:53:10.816+0800] {logging_mixin.py:190} INFO - [2025-03-21T21:53:10.816+0800] {dag.py:4180} INFO - Setting next_dagrun for example_sensors to None, run_after=None
[2025-03-21T21:53:10.823+0800] {processor.py:208} INFO - Processing /Users/ervinyeoh/Desktop/unimods/is3107/project/.venv/lib/python3.11/site-packages/airflow/example_dags/example_sensors.py took 0.346 seconds
[2025-03-21T21:54:57.321+0800] {processor.py:186} INFO - Started process (PID=53973) to work on /Users/ervinyeoh/Desktop/unimods/is3107/project/.venv/lib/python3.11/site-packages/airflow/example_dags/example_sensors.py
[2025-03-21T21:54:57.322+0800] {processor.py:914} INFO - Processing file /Users/ervinyeoh/Desktop/unimods/is3107/project/.venv/lib/python3.11/site-packages/airflow/example_dags/example_sensors.py for tasks to queue
[2025-03-21T21:54:57.322+0800] {logging_mixin.py:190} INFO - [2025-03-21T21:54:57.322+0800] {dagbag.py:588} INFO - Filling up the DagBag from /Users/ervinyeoh/Desktop/unimods/is3107/project/.venv/lib/python3.11/site-packages/airflow/example_dags/example_sensors.py
[2025-03-21T21:54:57.329+0800] {processor.py:925} INFO - DAG(s) 'example_sensors' retrieved from /Users/ervinyeoh/Desktop/unimods/is3107/project/.venv/lib/python3.11/site-packages/airflow/example_dags/example_sensors.py
[2025-03-21T21:54:57.652+0800] {logging_mixin.py:190} INFO - [2025-03-21T21:54:57.652+0800] {dag.py:3239} INFO - Sync 1 DAGs
[2025-03-21T21:54:57.656+0800] {logging_mixin.py:190} INFO - [2025-03-21T21:54:57.656+0800] {dag.py:4180} INFO - Setting next_dagrun for example_sensors to None, run_after=None
[2025-03-21T21:54:57.663+0800] {processor.py:208} INFO - Processing /Users/ervinyeoh/Desktop/unimods/is3107/project/.venv/lib/python3.11/site-packages/airflow/example_dags/example_sensors.py took 0.343 seconds
[2025-03-21T21:57:24.191+0800] {processor.py:186} INFO - Started process (PID=54217) to work on /Users/ervinyeoh/Desktop/unimods/is3107/project/.venv/lib/python3.11/site-packages/airflow/example_dags/example_sensors.py
[2025-03-21T21:57:24.193+0800] {processor.py:914} INFO - Processing file /Users/ervinyeoh/Desktop/unimods/is3107/project/.venv/lib/python3.11/site-packages/airflow/example_dags/example_sensors.py for tasks to queue
[2025-03-21T21:57:24.193+0800] {logging_mixin.py:190} INFO - [2025-03-21T21:57:24.193+0800] {dagbag.py:588} INFO - Filling up the DagBag from /Users/ervinyeoh/Desktop/unimods/is3107/project/.venv/lib/python3.11/site-packages/airflow/example_dags/example_sensors.py
[2025-03-21T21:57:24.200+0800] {processor.py:925} INFO - DAG(s) 'example_sensors' retrieved from /Users/ervinyeoh/Desktop/unimods/is3107/project/.venv/lib/python3.11/site-packages/airflow/example_dags/example_sensors.py
[2025-03-21T21:57:24.526+0800] {logging_mixin.py:190} INFO - [2025-03-21T21:57:24.526+0800] {dag.py:3239} INFO - Sync 1 DAGs
[2025-03-21T21:57:24.529+0800] {logging_mixin.py:190} INFO - [2025-03-21T21:57:24.529+0800] {dag.py:4180} INFO - Setting next_dagrun for example_sensors to None, run_after=None
[2025-03-21T21:57:24.536+0800] {processor.py:208} INFO - Processing /Users/ervinyeoh/Desktop/unimods/is3107/project/.venv/lib/python3.11/site-packages/airflow/example_dags/example_sensors.py took 0.346 seconds
[2025-03-21T21:59:57.726+0800] {processor.py:186} INFO - Started process (PID=54518) to work on /Users/ervinyeoh/Desktop/unimods/is3107/project/.venv/lib/python3.11/site-packages/airflow/example_dags/example_sensors.py
[2025-03-21T21:59:57.727+0800] {processor.py:914} INFO - Processing file /Users/ervinyeoh/Desktop/unimods/is3107/project/.venv/lib/python3.11/site-packages/airflow/example_dags/example_sensors.py for tasks to queue
[2025-03-21T21:59:57.727+0800] {logging_mixin.py:190} INFO - [2025-03-21T21:59:57.727+0800] {dagbag.py:588} INFO - Filling up the DagBag from /Users/ervinyeoh/Desktop/unimods/is3107/project/.venv/lib/python3.11/site-packages/airflow/example_dags/example_sensors.py
[2025-03-21T21:59:57.737+0800] {processor.py:925} INFO - DAG(s) 'example_sensors' retrieved from /Users/ervinyeoh/Desktop/unimods/is3107/project/.venv/lib/python3.11/site-packages/airflow/example_dags/example_sensors.py
[2025-03-21T21:59:58.137+0800] {logging_mixin.py:190} INFO - [2025-03-21T21:59:58.137+0800] {dag.py:3239} INFO - Sync 1 DAGs
[2025-03-21T21:59:58.141+0800] {logging_mixin.py:190} INFO - [2025-03-21T21:59:58.141+0800] {dag.py:4180} INFO - Setting next_dagrun for example_sensors to None, run_after=None
[2025-03-21T21:59:58.147+0800] {processor.py:208} INFO - Processing /Users/ervinyeoh/Desktop/unimods/is3107/project/.venv/lib/python3.11/site-packages/airflow/example_dags/example_sensors.py took 0.422 seconds
[2025-03-21T22:04:49.765+0800] {processor.py:186} INFO - Started process (PID=55038) to work on /Users/ervinyeoh/Desktop/unimods/is3107/project/.venv/lib/python3.11/site-packages/airflow/example_dags/example_sensors.py
[2025-03-21T22:04:49.766+0800] {processor.py:914} INFO - Processing file /Users/ervinyeoh/Desktop/unimods/is3107/project/.venv/lib/python3.11/site-packages/airflow/example_dags/example_sensors.py for tasks to queue
[2025-03-21T22:04:49.766+0800] {logging_mixin.py:190} INFO - [2025-03-21T22:04:49.766+0800] {dagbag.py:588} INFO - Filling up the DagBag from /Users/ervinyeoh/Desktop/unimods/is3107/project/.venv/lib/python3.11/site-packages/airflow/example_dags/example_sensors.py
[2025-03-21T22:04:49.772+0800] {processor.py:925} INFO - DAG(s) 'example_sensors' retrieved from /Users/ervinyeoh/Desktop/unimods/is3107/project/.venv/lib/python3.11/site-packages/airflow/example_dags/example_sensors.py
[2025-03-21T22:04:50.114+0800] {logging_mixin.py:190} INFO - [2025-03-21T22:04:50.114+0800] {dag.py:3239} INFO - Sync 1 DAGs
[2025-03-21T22:04:50.118+0800] {logging_mixin.py:190} INFO - [2025-03-21T22:04:50.118+0800] {dag.py:4180} INFO - Setting next_dagrun for example_sensors to None, run_after=None
[2025-03-21T22:04:50.125+0800] {processor.py:208} INFO - Processing /Users/ervinyeoh/Desktop/unimods/is3107/project/.venv/lib/python3.11/site-packages/airflow/example_dags/example_sensors.py took 0.361 seconds
[2025-03-21T22:06:36.155+0800] {processor.py:186} INFO - Started process (PID=55246) to work on /Users/ervinyeoh/Desktop/unimods/is3107/project/.venv/lib/python3.11/site-packages/airflow/example_dags/example_sensors.py
[2025-03-21T22:06:36.157+0800] {processor.py:914} INFO - Processing file /Users/ervinyeoh/Desktop/unimods/is3107/project/.venv/lib/python3.11/site-packages/airflow/example_dags/example_sensors.py for tasks to queue
[2025-03-21T22:06:36.157+0800] {logging_mixin.py:190} INFO - [2025-03-21T22:06:36.157+0800] {dagbag.py:588} INFO - Filling up the DagBag from /Users/ervinyeoh/Desktop/unimods/is3107/project/.venv/lib/python3.11/site-packages/airflow/example_dags/example_sensors.py
[2025-03-21T22:06:36.164+0800] {processor.py:925} INFO - DAG(s) 'example_sensors' retrieved from /Users/ervinyeoh/Desktop/unimods/is3107/project/.venv/lib/python3.11/site-packages/airflow/example_dags/example_sensors.py
[2025-03-21T22:06:36.667+0800] {logging_mixin.py:190} INFO - [2025-03-21T22:06:36.667+0800] {dag.py:3239} INFO - Sync 1 DAGs
[2025-03-21T22:06:36.670+0800] {logging_mixin.py:190} INFO - [2025-03-21T22:06:36.670+0800] {dag.py:4180} INFO - Setting next_dagrun for example_sensors to None, run_after=None
[2025-03-21T22:06:36.678+0800] {processor.py:208} INFO - Processing /Users/ervinyeoh/Desktop/unimods/is3107/project/.venv/lib/python3.11/site-packages/airflow/example_dags/example_sensors.py took 0.523 seconds
[2025-03-21T22:09:08.804+0800] {processor.py:186} INFO - Started process (PID=55523) to work on /Users/ervinyeoh/Desktop/unimods/is3107/project/.venv/lib/python3.11/site-packages/airflow/example_dags/example_sensors.py
[2025-03-21T22:09:08.805+0800] {processor.py:914} INFO - Processing file /Users/ervinyeoh/Desktop/unimods/is3107/project/.venv/lib/python3.11/site-packages/airflow/example_dags/example_sensors.py for tasks to queue
[2025-03-21T22:09:08.806+0800] {logging_mixin.py:190} INFO - [2025-03-21T22:09:08.806+0800] {dagbag.py:588} INFO - Filling up the DagBag from /Users/ervinyeoh/Desktop/unimods/is3107/project/.venv/lib/python3.11/site-packages/airflow/example_dags/example_sensors.py
[2025-03-21T22:09:08.813+0800] {processor.py:925} INFO - DAG(s) 'example_sensors' retrieved from /Users/ervinyeoh/Desktop/unimods/is3107/project/.venv/lib/python3.11/site-packages/airflow/example_dags/example_sensors.py
[2025-03-21T22:09:09.167+0800] {logging_mixin.py:190} INFO - [2025-03-21T22:09:09.166+0800] {dag.py:3239} INFO - Sync 1 DAGs
[2025-03-21T22:09:09.170+0800] {logging_mixin.py:190} INFO - [2025-03-21T22:09:09.170+0800] {dag.py:4180} INFO - Setting next_dagrun for example_sensors to None, run_after=None
[2025-03-21T22:09:09.176+0800] {processor.py:208} INFO - Processing /Users/ervinyeoh/Desktop/unimods/is3107/project/.venv/lib/python3.11/site-packages/airflow/example_dags/example_sensors.py took 0.373 seconds
[2025-03-21T22:11:44.565+0800] {processor.py:186} INFO - Started process (PID=55820) to work on /Users/ervinyeoh/Desktop/unimods/is3107/project/.venv/lib/python3.11/site-packages/airflow/example_dags/example_sensors.py
[2025-03-21T22:11:44.565+0800] {processor.py:914} INFO - Processing file /Users/ervinyeoh/Desktop/unimods/is3107/project/.venv/lib/python3.11/site-packages/airflow/example_dags/example_sensors.py for tasks to queue
[2025-03-21T22:11:44.566+0800] {logging_mixin.py:190} INFO - [2025-03-21T22:11:44.566+0800] {dagbag.py:588} INFO - Filling up the DagBag from /Users/ervinyeoh/Desktop/unimods/is3107/project/.venv/lib/python3.11/site-packages/airflow/example_dags/example_sensors.py
[2025-03-21T22:11:44.574+0800] {processor.py:925} INFO - DAG(s) 'example_sensors' retrieved from /Users/ervinyeoh/Desktop/unimods/is3107/project/.venv/lib/python3.11/site-packages/airflow/example_dags/example_sensors.py
[2025-03-21T22:11:44.944+0800] {logging_mixin.py:190} INFO - [2025-03-21T22:11:44.944+0800] {dag.py:3239} INFO - Sync 1 DAGs
[2025-03-21T22:11:44.948+0800] {logging_mixin.py:190} INFO - [2025-03-21T22:11:44.948+0800] {dag.py:4180} INFO - Setting next_dagrun for example_sensors to None, run_after=None
[2025-03-21T22:11:44.954+0800] {processor.py:208} INFO - Processing /Users/ervinyeoh/Desktop/unimods/is3107/project/.venv/lib/python3.11/site-packages/airflow/example_dags/example_sensors.py took 0.391 seconds
[2025-03-21T22:16:18.999+0800] {processor.py:186} INFO - Started process (PID=56416) to work on /Users/ervinyeoh/Desktop/unimods/is3107/project/.venv/lib/python3.11/site-packages/airflow/example_dags/example_sensors.py
[2025-03-21T22:16:19.000+0800] {processor.py:914} INFO - Processing file /Users/ervinyeoh/Desktop/unimods/is3107/project/.venv/lib/python3.11/site-packages/airflow/example_dags/example_sensors.py for tasks to queue
[2025-03-21T22:16:19.000+0800] {logging_mixin.py:190} INFO - [2025-03-21T22:16:19.000+0800] {dagbag.py:588} INFO - Filling up the DagBag from /Users/ervinyeoh/Desktop/unimods/is3107/project/.venv/lib/python3.11/site-packages/airflow/example_dags/example_sensors.py
[2025-03-21T22:16:19.006+0800] {processor.py:925} INFO - DAG(s) 'example_sensors' retrieved from /Users/ervinyeoh/Desktop/unimods/is3107/project/.venv/lib/python3.11/site-packages/airflow/example_dags/example_sensors.py
[2025-03-21T22:16:19.349+0800] {logging_mixin.py:190} INFO - [2025-03-21T22:16:19.349+0800] {dag.py:3239} INFO - Sync 1 DAGs
[2025-03-21T22:16:19.353+0800] {logging_mixin.py:190} INFO - [2025-03-21T22:16:19.353+0800] {dag.py:4180} INFO - Setting next_dagrun for example_sensors to None, run_after=None
[2025-03-21T22:16:19.359+0800] {processor.py:208} INFO - Processing /Users/ervinyeoh/Desktop/unimods/is3107/project/.venv/lib/python3.11/site-packages/airflow/example_dags/example_sensors.py took 0.361 seconds
[2025-03-21T22:18:02.232+0800] {processor.py:186} INFO - Started process (PID=56604) to work on /Users/ervinyeoh/Desktop/unimods/is3107/project/.venv/lib/python3.11/site-packages/airflow/example_dags/example_sensors.py
[2025-03-21T22:18:02.233+0800] {processor.py:914} INFO - Processing file /Users/ervinyeoh/Desktop/unimods/is3107/project/.venv/lib/python3.11/site-packages/airflow/example_dags/example_sensors.py for tasks to queue
[2025-03-21T22:18:02.233+0800] {logging_mixin.py:190} INFO - [2025-03-21T22:18:02.233+0800] {dagbag.py:588} INFO - Filling up the DagBag from /Users/ervinyeoh/Desktop/unimods/is3107/project/.venv/lib/python3.11/site-packages/airflow/example_dags/example_sensors.py
[2025-03-21T22:18:02.240+0800] {processor.py:925} INFO - DAG(s) 'example_sensors' retrieved from /Users/ervinyeoh/Desktop/unimods/is3107/project/.venv/lib/python3.11/site-packages/airflow/example_dags/example_sensors.py
[2025-03-21T22:18:02.573+0800] {logging_mixin.py:190} INFO - [2025-03-21T22:18:02.572+0800] {dag.py:3239} INFO - Sync 1 DAGs
[2025-03-21T22:18:02.576+0800] {logging_mixin.py:190} INFO - [2025-03-21T22:18:02.576+0800] {dag.py:4180} INFO - Setting next_dagrun for example_sensors to None, run_after=None
[2025-03-21T22:18:02.583+0800] {processor.py:208} INFO - Processing /Users/ervinyeoh/Desktop/unimods/is3107/project/.venv/lib/python3.11/site-packages/airflow/example_dags/example_sensors.py took 0.351 seconds
[2025-03-21T22:20:25.558+0800] {processor.py:186} INFO - Started process (PID=56860) to work on /Users/ervinyeoh/Desktop/unimods/is3107/project/.venv/lib/python3.11/site-packages/airflow/example_dags/example_sensors.py
[2025-03-21T22:20:25.558+0800] {processor.py:914} INFO - Processing file /Users/ervinyeoh/Desktop/unimods/is3107/project/.venv/lib/python3.11/site-packages/airflow/example_dags/example_sensors.py for tasks to queue
[2025-03-21T22:20:25.559+0800] {logging_mixin.py:190} INFO - [2025-03-21T22:20:25.559+0800] {dagbag.py:588} INFO - Filling up the DagBag from /Users/ervinyeoh/Desktop/unimods/is3107/project/.venv/lib/python3.11/site-packages/airflow/example_dags/example_sensors.py
[2025-03-21T22:20:25.565+0800] {processor.py:925} INFO - DAG(s) 'example_sensors' retrieved from /Users/ervinyeoh/Desktop/unimods/is3107/project/.venv/lib/python3.11/site-packages/airflow/example_dags/example_sensors.py
[2025-03-21T22:20:25.897+0800] {logging_mixin.py:190} INFO - [2025-03-21T22:20:25.897+0800] {dag.py:3239} INFO - Sync 1 DAGs
[2025-03-21T22:20:25.901+0800] {logging_mixin.py:190} INFO - [2025-03-21T22:20:25.901+0800] {dag.py:4180} INFO - Setting next_dagrun for example_sensors to None, run_after=None
[2025-03-21T22:20:25.908+0800] {processor.py:208} INFO - Processing /Users/ervinyeoh/Desktop/unimods/is3107/project/.venv/lib/python3.11/site-packages/airflow/example_dags/example_sensors.py took 0.351 seconds
[2025-03-21T22:22:55.353+0800] {processor.py:186} INFO - Started process (PID=57158) to work on /Users/ervinyeoh/Desktop/unimods/is3107/project/.venv/lib/python3.11/site-packages/airflow/example_dags/example_sensors.py
[2025-03-21T22:22:55.354+0800] {processor.py:914} INFO - Processing file /Users/ervinyeoh/Desktop/unimods/is3107/project/.venv/lib/python3.11/site-packages/airflow/example_dags/example_sensors.py for tasks to queue
[2025-03-21T22:22:55.355+0800] {logging_mixin.py:190} INFO - [2025-03-21T22:22:55.355+0800] {dagbag.py:588} INFO - Filling up the DagBag from /Users/ervinyeoh/Desktop/unimods/is3107/project/.venv/lib/python3.11/site-packages/airflow/example_dags/example_sensors.py
[2025-03-21T22:22:55.364+0800] {processor.py:925} INFO - DAG(s) 'example_sensors' retrieved from /Users/ervinyeoh/Desktop/unimods/is3107/project/.venv/lib/python3.11/site-packages/airflow/example_dags/example_sensors.py
[2025-03-21T22:22:55.689+0800] {logging_mixin.py:190} INFO - [2025-03-21T22:22:55.689+0800] {dag.py:3239} INFO - Sync 1 DAGs
[2025-03-21T22:22:55.693+0800] {logging_mixin.py:190} INFO - [2025-03-21T22:22:55.693+0800] {dag.py:4180} INFO - Setting next_dagrun for example_sensors to None, run_after=None
[2025-03-21T22:22:55.699+0800] {processor.py:208} INFO - Processing /Users/ervinyeoh/Desktop/unimods/is3107/project/.venv/lib/python3.11/site-packages/airflow/example_dags/example_sensors.py took 0.347 seconds
[2025-03-21T22:25:21.571+0800] {processor.py:186} INFO - Started process (PID=57409) to work on /Users/ervinyeoh/Desktop/unimods/is3107/project/.venv/lib/python3.11/site-packages/airflow/example_dags/example_sensors.py
[2025-03-21T22:25:21.572+0800] {processor.py:914} INFO - Processing file /Users/ervinyeoh/Desktop/unimods/is3107/project/.venv/lib/python3.11/site-packages/airflow/example_dags/example_sensors.py for tasks to queue
[2025-03-21T22:25:21.572+0800] {logging_mixin.py:190} INFO - [2025-03-21T22:25:21.572+0800] {dagbag.py:588} INFO - Filling up the DagBag from /Users/ervinyeoh/Desktop/unimods/is3107/project/.venv/lib/python3.11/site-packages/airflow/example_dags/example_sensors.py
[2025-03-21T22:25:21.579+0800] {processor.py:925} INFO - DAG(s) 'example_sensors' retrieved from /Users/ervinyeoh/Desktop/unimods/is3107/project/.venv/lib/python3.11/site-packages/airflow/example_dags/example_sensors.py
[2025-03-21T22:25:21.924+0800] {logging_mixin.py:190} INFO - [2025-03-21T22:25:21.924+0800] {dag.py:3239} INFO - Sync 1 DAGs
[2025-03-21T22:25:21.928+0800] {logging_mixin.py:190} INFO - [2025-03-21T22:25:21.928+0800] {dag.py:4180} INFO - Setting next_dagrun for example_sensors to None, run_after=None
[2025-03-21T22:25:21.935+0800] {processor.py:208} INFO - Processing /Users/ervinyeoh/Desktop/unimods/is3107/project/.venv/lib/python3.11/site-packages/airflow/example_dags/example_sensors.py took 0.365 seconds
[2025-03-21T22:27:38.852+0800] {processor.py:186} INFO - Started process (PID=57681) to work on /Users/ervinyeoh/Desktop/unimods/is3107/project/.venv/lib/python3.11/site-packages/airflow/example_dags/example_sensors.py
[2025-03-21T22:27:38.853+0800] {processor.py:914} INFO - Processing file /Users/ervinyeoh/Desktop/unimods/is3107/project/.venv/lib/python3.11/site-packages/airflow/example_dags/example_sensors.py for tasks to queue
[2025-03-21T22:27:38.854+0800] {logging_mixin.py:190} INFO - [2025-03-21T22:27:38.853+0800] {dagbag.py:588} INFO - Filling up the DagBag from /Users/ervinyeoh/Desktop/unimods/is3107/project/.venv/lib/python3.11/site-packages/airflow/example_dags/example_sensors.py
[2025-03-21T22:27:38.861+0800] {processor.py:925} INFO - DAG(s) 'example_sensors' retrieved from /Users/ervinyeoh/Desktop/unimods/is3107/project/.venv/lib/python3.11/site-packages/airflow/example_dags/example_sensors.py
[2025-03-21T22:27:39.193+0800] {logging_mixin.py:190} INFO - [2025-03-21T22:27:39.193+0800] {dag.py:3239} INFO - Sync 1 DAGs
[2025-03-21T22:27:39.197+0800] {logging_mixin.py:190} INFO - [2025-03-21T22:27:39.197+0800] {dag.py:4180} INFO - Setting next_dagrun for example_sensors to None, run_after=None
[2025-03-21T22:27:39.203+0800] {processor.py:208} INFO - Processing /Users/ervinyeoh/Desktop/unimods/is3107/project/.venv/lib/python3.11/site-packages/airflow/example_dags/example_sensors.py took 0.352 seconds
[2025-03-21T22:30:04.479+0800] {processor.py:186} INFO - Started process (PID=57974) to work on /Users/ervinyeoh/Desktop/unimods/is3107/project/.venv/lib/python3.11/site-packages/airflow/example_dags/example_sensors.py
[2025-03-21T22:30:04.480+0800] {processor.py:914} INFO - Processing file /Users/ervinyeoh/Desktop/unimods/is3107/project/.venv/lib/python3.11/site-packages/airflow/example_dags/example_sensors.py for tasks to queue
[2025-03-21T22:30:04.480+0800] {logging_mixin.py:190} INFO - [2025-03-21T22:30:04.480+0800] {dagbag.py:588} INFO - Filling up the DagBag from /Users/ervinyeoh/Desktop/unimods/is3107/project/.venv/lib/python3.11/site-packages/airflow/example_dags/example_sensors.py
[2025-03-21T22:30:04.487+0800] {processor.py:925} INFO - DAG(s) 'example_sensors' retrieved from /Users/ervinyeoh/Desktop/unimods/is3107/project/.venv/lib/python3.11/site-packages/airflow/example_dags/example_sensors.py
[2025-03-21T22:30:04.810+0800] {logging_mixin.py:190} INFO - [2025-03-21T22:30:04.809+0800] {dag.py:3239} INFO - Sync 1 DAGs
[2025-03-21T22:30:04.815+0800] {logging_mixin.py:190} INFO - [2025-03-21T22:30:04.815+0800] {dag.py:4180} INFO - Setting next_dagrun for example_sensors to None, run_after=None
[2025-03-21T22:30:04.822+0800] {processor.py:208} INFO - Processing /Users/ervinyeoh/Desktop/unimods/is3107/project/.venv/lib/python3.11/site-packages/airflow/example_dags/example_sensors.py took 0.344 seconds
[2025-03-21T22:32:32.087+0800] {processor.py:186} INFO - Started process (PID=58274) to work on /Users/ervinyeoh/Desktop/unimods/is3107/project/.venv/lib/python3.11/site-packages/airflow/example_dags/example_sensors.py
[2025-03-21T22:32:32.087+0800] {processor.py:914} INFO - Processing file /Users/ervinyeoh/Desktop/unimods/is3107/project/.venv/lib/python3.11/site-packages/airflow/example_dags/example_sensors.py for tasks to queue
[2025-03-21T22:32:32.087+0800] {logging_mixin.py:190} INFO - [2025-03-21T22:32:32.087+0800] {dagbag.py:588} INFO - Filling up the DagBag from /Users/ervinyeoh/Desktop/unimods/is3107/project/.venv/lib/python3.11/site-packages/airflow/example_dags/example_sensors.py
[2025-03-21T22:32:32.094+0800] {processor.py:925} INFO - DAG(s) 'example_sensors' retrieved from /Users/ervinyeoh/Desktop/unimods/is3107/project/.venv/lib/python3.11/site-packages/airflow/example_dags/example_sensors.py
[2025-03-21T22:32:32.443+0800] {logging_mixin.py:190} INFO - [2025-03-21T22:32:32.443+0800] {dag.py:3239} INFO - Sync 1 DAGs
[2025-03-21T22:32:32.447+0800] {logging_mixin.py:190} INFO - [2025-03-21T22:32:32.447+0800] {dag.py:4180} INFO - Setting next_dagrun for example_sensors to None, run_after=None
[2025-03-21T22:32:32.453+0800] {processor.py:208} INFO - Processing /Users/ervinyeoh/Desktop/unimods/is3107/project/.venv/lib/python3.11/site-packages/airflow/example_dags/example_sensors.py took 0.367 seconds
[2025-03-21T22:34:59.199+0800] {processor.py:186} INFO - Started process (PID=58517) to work on /Users/ervinyeoh/Desktop/unimods/is3107/project/.venv/lib/python3.11/site-packages/airflow/example_dags/example_sensors.py
[2025-03-21T22:34:59.200+0800] {processor.py:914} INFO - Processing file /Users/ervinyeoh/Desktop/unimods/is3107/project/.venv/lib/python3.11/site-packages/airflow/example_dags/example_sensors.py for tasks to queue
[2025-03-21T22:34:59.200+0800] {logging_mixin.py:190} INFO - [2025-03-21T22:34:59.200+0800] {dagbag.py:588} INFO - Filling up the DagBag from /Users/ervinyeoh/Desktop/unimods/is3107/project/.venv/lib/python3.11/site-packages/airflow/example_dags/example_sensors.py
[2025-03-21T22:34:59.209+0800] {processor.py:925} INFO - DAG(s) 'example_sensors' retrieved from /Users/ervinyeoh/Desktop/unimods/is3107/project/.venv/lib/python3.11/site-packages/airflow/example_dags/example_sensors.py
[2025-03-21T22:34:59.875+0800] {logging_mixin.py:190} INFO - [2025-03-21T22:34:59.875+0800] {dag.py:3239} INFO - Sync 1 DAGs
[2025-03-21T22:34:59.879+0800] {logging_mixin.py:190} INFO - [2025-03-21T22:34:59.879+0800] {dag.py:4180} INFO - Setting next_dagrun for example_sensors to None, run_after=None
[2025-03-21T22:34:59.886+0800] {processor.py:208} INFO - Processing /Users/ervinyeoh/Desktop/unimods/is3107/project/.venv/lib/python3.11/site-packages/airflow/example_dags/example_sensors.py took 0.688 seconds
[2025-03-21T22:37:19.524+0800] {processor.py:186} INFO - Started process (PID=58766) to work on /Users/ervinyeoh/Desktop/unimods/is3107/project/.venv/lib/python3.11/site-packages/airflow/example_dags/example_sensors.py
[2025-03-21T22:37:19.525+0800] {processor.py:914} INFO - Processing file /Users/ervinyeoh/Desktop/unimods/is3107/project/.venv/lib/python3.11/site-packages/airflow/example_dags/example_sensors.py for tasks to queue
[2025-03-21T22:37:19.526+0800] {logging_mixin.py:190} INFO - [2025-03-21T22:37:19.525+0800] {dagbag.py:588} INFO - Filling up the DagBag from /Users/ervinyeoh/Desktop/unimods/is3107/project/.venv/lib/python3.11/site-packages/airflow/example_dags/example_sensors.py
[2025-03-21T22:37:19.532+0800] {processor.py:925} INFO - DAG(s) 'example_sensors' retrieved from /Users/ervinyeoh/Desktop/unimods/is3107/project/.venv/lib/python3.11/site-packages/airflow/example_dags/example_sensors.py
[2025-03-21T22:37:19.885+0800] {logging_mixin.py:190} INFO - [2025-03-21T22:37:19.885+0800] {dag.py:3239} INFO - Sync 1 DAGs
[2025-03-21T22:37:19.889+0800] {logging_mixin.py:190} INFO - [2025-03-21T22:37:19.888+0800] {dag.py:4180} INFO - Setting next_dagrun for example_sensors to None, run_after=None
[2025-03-21T22:37:19.895+0800] {processor.py:208} INFO - Processing /Users/ervinyeoh/Desktop/unimods/is3107/project/.venv/lib/python3.11/site-packages/airflow/example_dags/example_sensors.py took 0.372 seconds
[2025-03-21T22:39:44.435+0800] {processor.py:186} INFO - Started process (PID=59039) to work on /Users/ervinyeoh/Desktop/unimods/is3107/project/.venv/lib/python3.11/site-packages/airflow/example_dags/example_sensors.py
[2025-03-21T22:39:44.436+0800] {processor.py:914} INFO - Processing file /Users/ervinyeoh/Desktop/unimods/is3107/project/.venv/lib/python3.11/site-packages/airflow/example_dags/example_sensors.py for tasks to queue
[2025-03-21T22:39:44.436+0800] {logging_mixin.py:190} INFO - [2025-03-21T22:39:44.436+0800] {dagbag.py:588} INFO - Filling up the DagBag from /Users/ervinyeoh/Desktop/unimods/is3107/project/.venv/lib/python3.11/site-packages/airflow/example_dags/example_sensors.py
[2025-03-21T22:39:44.444+0800] {processor.py:925} INFO - DAG(s) 'example_sensors' retrieved from /Users/ervinyeoh/Desktop/unimods/is3107/project/.venv/lib/python3.11/site-packages/airflow/example_dags/example_sensors.py
[2025-03-21T22:39:44.782+0800] {logging_mixin.py:190} INFO - [2025-03-21T22:39:44.782+0800] {dag.py:3239} INFO - Sync 1 DAGs
[2025-03-21T22:39:44.785+0800] {logging_mixin.py:190} INFO - [2025-03-21T22:39:44.785+0800] {dag.py:4180} INFO - Setting next_dagrun for example_sensors to None, run_after=None
[2025-03-21T22:39:44.792+0800] {processor.py:208} INFO - Processing /Users/ervinyeoh/Desktop/unimods/is3107/project/.venv/lib/python3.11/site-packages/airflow/example_dags/example_sensors.py took 0.358 seconds
[2025-03-21T22:42:17.737+0800] {processor.py:186} INFO - Started process (PID=59288) to work on /Users/ervinyeoh/Desktop/unimods/is3107/project/.venv/lib/python3.11/site-packages/airflow/example_dags/example_sensors.py
[2025-03-21T22:42:17.737+0800] {processor.py:914} INFO - Processing file /Users/ervinyeoh/Desktop/unimods/is3107/project/.venv/lib/python3.11/site-packages/airflow/example_dags/example_sensors.py for tasks to queue
[2025-03-21T22:42:17.738+0800] {logging_mixin.py:190} INFO - [2025-03-21T22:42:17.738+0800] {dagbag.py:588} INFO - Filling up the DagBag from /Users/ervinyeoh/Desktop/unimods/is3107/project/.venv/lib/python3.11/site-packages/airflow/example_dags/example_sensors.py
[2025-03-21T22:42:17.745+0800] {processor.py:925} INFO - DAG(s) 'example_sensors' retrieved from /Users/ervinyeoh/Desktop/unimods/is3107/project/.venv/lib/python3.11/site-packages/airflow/example_dags/example_sensors.py
[2025-03-21T22:42:18.093+0800] {logging_mixin.py:190} INFO - [2025-03-21T22:42:18.093+0800] {dag.py:3239} INFO - Sync 1 DAGs
[2025-03-21T22:42:18.096+0800] {logging_mixin.py:190} INFO - [2025-03-21T22:42:18.096+0800] {dag.py:4180} INFO - Setting next_dagrun for example_sensors to None, run_after=None
[2025-03-21T22:42:18.103+0800] {processor.py:208} INFO - Processing /Users/ervinyeoh/Desktop/unimods/is3107/project/.venv/lib/python3.11/site-packages/airflow/example_dags/example_sensors.py took 0.367 seconds
[2025-03-21T22:45:04.522+0800] {processor.py:186} INFO - Started process (PID=59563) to work on /Users/ervinyeoh/Desktop/unimods/is3107/project/.venv/lib/python3.11/site-packages/airflow/example_dags/example_sensors.py
[2025-03-21T22:45:04.523+0800] {processor.py:914} INFO - Processing file /Users/ervinyeoh/Desktop/unimods/is3107/project/.venv/lib/python3.11/site-packages/airflow/example_dags/example_sensors.py for tasks to queue
[2025-03-21T22:45:04.523+0800] {logging_mixin.py:190} INFO - [2025-03-21T22:45:04.523+0800] {dagbag.py:588} INFO - Filling up the DagBag from /Users/ervinyeoh/Desktop/unimods/is3107/project/.venv/lib/python3.11/site-packages/airflow/example_dags/example_sensors.py
[2025-03-21T22:45:04.534+0800] {processor.py:925} INFO - DAG(s) 'example_sensors' retrieved from /Users/ervinyeoh/Desktop/unimods/is3107/project/.venv/lib/python3.11/site-packages/airflow/example_dags/example_sensors.py
[2025-03-21T22:45:05.124+0800] {logging_mixin.py:190} INFO - [2025-03-21T22:45:05.124+0800] {dag.py:3239} INFO - Sync 1 DAGs
[2025-03-21T22:45:05.130+0800] {logging_mixin.py:190} INFO - [2025-03-21T22:45:05.130+0800] {dag.py:4180} INFO - Setting next_dagrun for example_sensors to None, run_after=None
[2025-03-21T22:45:05.140+0800] {processor.py:208} INFO - Processing /Users/ervinyeoh/Desktop/unimods/is3107/project/.venv/lib/python3.11/site-packages/airflow/example_dags/example_sensors.py took 0.620 seconds
[2025-03-21T22:46:41.956+0800] {processor.py:186} INFO - Started process (PID=59735) to work on /Users/ervinyeoh/Desktop/unimods/is3107/project/.venv/lib/python3.11/site-packages/airflow/example_dags/example_sensors.py
[2025-03-21T22:46:41.957+0800] {processor.py:914} INFO - Processing file /Users/ervinyeoh/Desktop/unimods/is3107/project/.venv/lib/python3.11/site-packages/airflow/example_dags/example_sensors.py for tasks to queue
[2025-03-21T22:46:41.957+0800] {logging_mixin.py:190} INFO - [2025-03-21T22:46:41.957+0800] {dagbag.py:588} INFO - Filling up the DagBag from /Users/ervinyeoh/Desktop/unimods/is3107/project/.venv/lib/python3.11/site-packages/airflow/example_dags/example_sensors.py
[2025-03-21T22:46:41.968+0800] {processor.py:925} INFO - DAG(s) 'example_sensors' retrieved from /Users/ervinyeoh/Desktop/unimods/is3107/project/.venv/lib/python3.11/site-packages/airflow/example_dags/example_sensors.py
[2025-03-21T22:46:42.540+0800] {logging_mixin.py:190} INFO - [2025-03-21T22:46:42.540+0800] {dag.py:3239} INFO - Sync 1 DAGs
[2025-03-21T22:46:42.546+0800] {logging_mixin.py:190} INFO - [2025-03-21T22:46:42.546+0800] {dag.py:4180} INFO - Setting next_dagrun for example_sensors to None, run_after=None
[2025-03-21T22:46:42.557+0800] {processor.py:208} INFO - Processing /Users/ervinyeoh/Desktop/unimods/is3107/project/.venv/lib/python3.11/site-packages/airflow/example_dags/example_sensors.py took 0.602 seconds
[2025-03-21T22:48:26.101+0800] {processor.py:186} INFO - Started process (PID=59883) to work on /Users/ervinyeoh/Desktop/unimods/is3107/project/.venv/lib/python3.11/site-packages/airflow/example_dags/example_sensors.py
[2025-03-21T22:48:26.102+0800] {processor.py:914} INFO - Processing file /Users/ervinyeoh/Desktop/unimods/is3107/project/.venv/lib/python3.11/site-packages/airflow/example_dags/example_sensors.py for tasks to queue
[2025-03-21T22:48:26.103+0800] {logging_mixin.py:190} INFO - [2025-03-21T22:48:26.102+0800] {dagbag.py:588} INFO - Filling up the DagBag from /Users/ervinyeoh/Desktop/unimods/is3107/project/.venv/lib/python3.11/site-packages/airflow/example_dags/example_sensors.py
[2025-03-21T22:48:26.114+0800] {processor.py:925} INFO - DAG(s) 'example_sensors' retrieved from /Users/ervinyeoh/Desktop/unimods/is3107/project/.venv/lib/python3.11/site-packages/airflow/example_dags/example_sensors.py
[2025-03-21T22:48:26.629+0800] {logging_mixin.py:190} INFO - [2025-03-21T22:48:26.629+0800] {dag.py:3239} INFO - Sync 1 DAGs
[2025-03-21T22:48:26.635+0800] {logging_mixin.py:190} INFO - [2025-03-21T22:48:26.635+0800] {dag.py:4180} INFO - Setting next_dagrun for example_sensors to None, run_after=None
[2025-03-21T22:48:26.645+0800] {processor.py:208} INFO - Processing /Users/ervinyeoh/Desktop/unimods/is3107/project/.venv/lib/python3.11/site-packages/airflow/example_dags/example_sensors.py took 0.547 seconds
[2025-03-21T22:50:11.386+0800] {processor.py:186} INFO - Started process (PID=60093) to work on /Users/ervinyeoh/Desktop/unimods/is3107/project/.venv/lib/python3.11/site-packages/airflow/example_dags/example_sensors.py
[2025-03-21T22:50:11.387+0800] {processor.py:914} INFO - Processing file /Users/ervinyeoh/Desktop/unimods/is3107/project/.venv/lib/python3.11/site-packages/airflow/example_dags/example_sensors.py for tasks to queue
[2025-03-21T22:50:11.387+0800] {logging_mixin.py:190} INFO - [2025-03-21T22:50:11.387+0800] {dagbag.py:588} INFO - Filling up the DagBag from /Users/ervinyeoh/Desktop/unimods/is3107/project/.venv/lib/python3.11/site-packages/airflow/example_dags/example_sensors.py
[2025-03-21T22:50:11.397+0800] {processor.py:925} INFO - DAG(s) 'example_sensors' retrieved from /Users/ervinyeoh/Desktop/unimods/is3107/project/.venv/lib/python3.11/site-packages/airflow/example_dags/example_sensors.py
[2025-03-21T22:50:12.129+0800] {logging_mixin.py:190} INFO - [2025-03-21T22:50:12.129+0800] {dag.py:3239} INFO - Sync 1 DAGs
[2025-03-21T22:50:12.135+0800] {logging_mixin.py:190} INFO - [2025-03-21T22:50:12.135+0800] {dag.py:4180} INFO - Setting next_dagrun for example_sensors to None, run_after=None
[2025-03-21T22:50:12.145+0800] {processor.py:208} INFO - Processing /Users/ervinyeoh/Desktop/unimods/is3107/project/.venv/lib/python3.11/site-packages/airflow/example_dags/example_sensors.py took 0.761 seconds
[2025-03-21T22:51:53.388+0800] {processor.py:186} INFO - Started process (PID=60240) to work on /Users/ervinyeoh/Desktop/unimods/is3107/project/.venv/lib/python3.11/site-packages/airflow/example_dags/example_sensors.py
[2025-03-21T22:51:53.388+0800] {processor.py:914} INFO - Processing file /Users/ervinyeoh/Desktop/unimods/is3107/project/.venv/lib/python3.11/site-packages/airflow/example_dags/example_sensors.py for tasks to queue
[2025-03-21T22:51:53.389+0800] {logging_mixin.py:190} INFO - [2025-03-21T22:51:53.389+0800] {dagbag.py:588} INFO - Filling up the DagBag from /Users/ervinyeoh/Desktop/unimods/is3107/project/.venv/lib/python3.11/site-packages/airflow/example_dags/example_sensors.py
[2025-03-21T22:51:53.414+0800] {processor.py:925} INFO - DAG(s) 'example_sensors' retrieved from /Users/ervinyeoh/Desktop/unimods/is3107/project/.venv/lib/python3.11/site-packages/airflow/example_dags/example_sensors.py
[2025-03-21T22:51:53.947+0800] {logging_mixin.py:190} INFO - [2025-03-21T22:51:53.946+0800] {dag.py:3239} INFO - Sync 1 DAGs
[2025-03-21T22:51:53.953+0800] {logging_mixin.py:190} INFO - [2025-03-21T22:51:53.953+0800] {dag.py:4180} INFO - Setting next_dagrun for example_sensors to None, run_after=None
[2025-03-21T22:51:53.964+0800] {processor.py:208} INFO - Processing /Users/ervinyeoh/Desktop/unimods/is3107/project/.venv/lib/python3.11/site-packages/airflow/example_dags/example_sensors.py took 0.578 seconds
[2025-03-21T22:53:33.293+0800] {processor.py:186} INFO - Started process (PID=60386) to work on /Users/ervinyeoh/Desktop/unimods/is3107/project/.venv/lib/python3.11/site-packages/airflow/example_dags/example_sensors.py
[2025-03-21T22:53:33.294+0800] {processor.py:914} INFO - Processing file /Users/ervinyeoh/Desktop/unimods/is3107/project/.venv/lib/python3.11/site-packages/airflow/example_dags/example_sensors.py for tasks to queue
[2025-03-21T22:53:33.295+0800] {logging_mixin.py:190} INFO - [2025-03-21T22:53:33.295+0800] {dagbag.py:588} INFO - Filling up the DagBag from /Users/ervinyeoh/Desktop/unimods/is3107/project/.venv/lib/python3.11/site-packages/airflow/example_dags/example_sensors.py
[2025-03-21T22:53:33.305+0800] {processor.py:925} INFO - DAG(s) 'example_sensors' retrieved from /Users/ervinyeoh/Desktop/unimods/is3107/project/.venv/lib/python3.11/site-packages/airflow/example_dags/example_sensors.py
[2025-03-21T22:53:33.792+0800] {logging_mixin.py:190} INFO - [2025-03-21T22:53:33.792+0800] {dag.py:3239} INFO - Sync 1 DAGs
[2025-03-21T22:53:33.798+0800] {logging_mixin.py:190} INFO - [2025-03-21T22:53:33.798+0800] {dag.py:4180} INFO - Setting next_dagrun for example_sensors to None, run_after=None
[2025-03-21T22:53:33.808+0800] {processor.py:208} INFO - Processing /Users/ervinyeoh/Desktop/unimods/is3107/project/.venv/lib/python3.11/site-packages/airflow/example_dags/example_sensors.py took 0.516 seconds
[2025-03-21T22:55:13.096+0800] {processor.py:186} INFO - Started process (PID=60536) to work on /Users/ervinyeoh/Desktop/unimods/is3107/project/.venv/lib/python3.11/site-packages/airflow/example_dags/example_sensors.py
[2025-03-21T22:55:13.097+0800] {processor.py:914} INFO - Processing file /Users/ervinyeoh/Desktop/unimods/is3107/project/.venv/lib/python3.11/site-packages/airflow/example_dags/example_sensors.py for tasks to queue
[2025-03-21T22:55:13.098+0800] {logging_mixin.py:190} INFO - [2025-03-21T22:55:13.097+0800] {dagbag.py:588} INFO - Filling up the DagBag from /Users/ervinyeoh/Desktop/unimods/is3107/project/.venv/lib/python3.11/site-packages/airflow/example_dags/example_sensors.py
[2025-03-21T22:55:13.107+0800] {processor.py:925} INFO - DAG(s) 'example_sensors' retrieved from /Users/ervinyeoh/Desktop/unimods/is3107/project/.venv/lib/python3.11/site-packages/airflow/example_dags/example_sensors.py
[2025-03-21T22:55:13.610+0800] {logging_mixin.py:190} INFO - [2025-03-21T22:55:13.610+0800] {dag.py:3239} INFO - Sync 1 DAGs
[2025-03-21T22:55:13.616+0800] {logging_mixin.py:190} INFO - [2025-03-21T22:55:13.615+0800] {dag.py:4180} INFO - Setting next_dagrun for example_sensors to None, run_after=None
[2025-03-21T22:55:13.625+0800] {processor.py:208} INFO - Processing /Users/ervinyeoh/Desktop/unimods/is3107/project/.venv/lib/python3.11/site-packages/airflow/example_dags/example_sensors.py took 0.531 seconds
[2025-03-21T22:56:53.180+0800] {processor.py:186} INFO - Started process (PID=60801) to work on /Users/ervinyeoh/Desktop/unimods/is3107/project/.venv/lib/python3.11/site-packages/airflow/example_dags/example_sensors.py
[2025-03-21T22:56:53.180+0800] {processor.py:914} INFO - Processing file /Users/ervinyeoh/Desktop/unimods/is3107/project/.venv/lib/python3.11/site-packages/airflow/example_dags/example_sensors.py for tasks to queue
[2025-03-21T22:56:53.181+0800] {logging_mixin.py:190} INFO - [2025-03-21T22:56:53.181+0800] {dagbag.py:588} INFO - Filling up the DagBag from /Users/ervinyeoh/Desktop/unimods/is3107/project/.venv/lib/python3.11/site-packages/airflow/example_dags/example_sensors.py
[2025-03-21T22:56:53.191+0800] {processor.py:925} INFO - DAG(s) 'example_sensors' retrieved from /Users/ervinyeoh/Desktop/unimods/is3107/project/.venv/lib/python3.11/site-packages/airflow/example_dags/example_sensors.py
[2025-03-21T22:56:53.776+0800] {logging_mixin.py:190} INFO - [2025-03-21T22:56:53.776+0800] {dag.py:3239} INFO - Sync 1 DAGs
[2025-03-21T22:56:53.782+0800] {logging_mixin.py:190} INFO - [2025-03-21T22:56:53.782+0800] {dag.py:4180} INFO - Setting next_dagrun for example_sensors to None, run_after=None
[2025-03-21T22:56:53.793+0800] {processor.py:208} INFO - Processing /Users/ervinyeoh/Desktop/unimods/is3107/project/.venv/lib/python3.11/site-packages/airflow/example_dags/example_sensors.py took 0.615 seconds
[2025-03-21T22:58:33.960+0800] {processor.py:186} INFO - Started process (PID=60948) to work on /Users/ervinyeoh/Desktop/unimods/is3107/project/.venv/lib/python3.11/site-packages/airflow/example_dags/example_sensors.py
[2025-03-21T22:58:33.961+0800] {processor.py:914} INFO - Processing file /Users/ervinyeoh/Desktop/unimods/is3107/project/.venv/lib/python3.11/site-packages/airflow/example_dags/example_sensors.py for tasks to queue
[2025-03-21T22:58:33.962+0800] {logging_mixin.py:190} INFO - [2025-03-21T22:58:33.962+0800] {dagbag.py:588} INFO - Filling up the DagBag from /Users/ervinyeoh/Desktop/unimods/is3107/project/.venv/lib/python3.11/site-packages/airflow/example_dags/example_sensors.py
[2025-03-21T22:58:33.972+0800] {processor.py:925} INFO - DAG(s) 'example_sensors' retrieved from /Users/ervinyeoh/Desktop/unimods/is3107/project/.venv/lib/python3.11/site-packages/airflow/example_dags/example_sensors.py
[2025-03-21T22:58:34.442+0800] {logging_mixin.py:190} INFO - [2025-03-21T22:58:34.442+0800] {dag.py:3239} INFO - Sync 1 DAGs
[2025-03-21T22:58:34.447+0800] {logging_mixin.py:190} INFO - [2025-03-21T22:58:34.447+0800] {dag.py:4180} INFO - Setting next_dagrun for example_sensors to None, run_after=None
[2025-03-21T22:58:34.457+0800] {processor.py:208} INFO - Processing /Users/ervinyeoh/Desktop/unimods/is3107/project/.venv/lib/python3.11/site-packages/airflow/example_dags/example_sensors.py took 0.499 seconds
[2025-03-21T23:00:15.256+0800] {processor.py:186} INFO - Started process (PID=61115) to work on /Users/ervinyeoh/Desktop/unimods/is3107/project/.venv/lib/python3.11/site-packages/airflow/example_dags/example_sensors.py
[2025-03-21T23:00:15.257+0800] {processor.py:914} INFO - Processing file /Users/ervinyeoh/Desktop/unimods/is3107/project/.venv/lib/python3.11/site-packages/airflow/example_dags/example_sensors.py for tasks to queue
[2025-03-21T23:00:15.258+0800] {logging_mixin.py:190} INFO - [2025-03-21T23:00:15.258+0800] {dagbag.py:588} INFO - Filling up the DagBag from /Users/ervinyeoh/Desktop/unimods/is3107/project/.venv/lib/python3.11/site-packages/airflow/example_dags/example_sensors.py
[2025-03-21T23:00:15.269+0800] {processor.py:925} INFO - DAG(s) 'example_sensors' retrieved from /Users/ervinyeoh/Desktop/unimods/is3107/project/.venv/lib/python3.11/site-packages/airflow/example_dags/example_sensors.py
[2025-03-21T23:00:15.740+0800] {logging_mixin.py:190} INFO - [2025-03-21T23:00:15.740+0800] {dag.py:3239} INFO - Sync 1 DAGs
[2025-03-21T23:00:15.746+0800] {logging_mixin.py:190} INFO - [2025-03-21T23:00:15.746+0800] {dag.py:4180} INFO - Setting next_dagrun for example_sensors to None, run_after=None
[2025-03-21T23:00:15.756+0800] {processor.py:208} INFO - Processing /Users/ervinyeoh/Desktop/unimods/is3107/project/.venv/lib/python3.11/site-packages/airflow/example_dags/example_sensors.py took 0.502 seconds
[2025-03-21T23:01:56.876+0800] {processor.py:186} INFO - Started process (PID=61269) to work on /Users/ervinyeoh/Desktop/unimods/is3107/project/.venv/lib/python3.11/site-packages/airflow/example_dags/example_sensors.py
[2025-03-21T23:01:56.877+0800] {processor.py:914} INFO - Processing file /Users/ervinyeoh/Desktop/unimods/is3107/project/.venv/lib/python3.11/site-packages/airflow/example_dags/example_sensors.py for tasks to queue
[2025-03-21T23:01:56.878+0800] {logging_mixin.py:190} INFO - [2025-03-21T23:01:56.878+0800] {dagbag.py:588} INFO - Filling up the DagBag from /Users/ervinyeoh/Desktop/unimods/is3107/project/.venv/lib/python3.11/site-packages/airflow/example_dags/example_sensors.py
[2025-03-21T23:01:56.888+0800] {processor.py:925} INFO - DAG(s) 'example_sensors' retrieved from /Users/ervinyeoh/Desktop/unimods/is3107/project/.venv/lib/python3.11/site-packages/airflow/example_dags/example_sensors.py
[2025-03-21T23:01:57.367+0800] {logging_mixin.py:190} INFO - [2025-03-21T23:01:57.367+0800] {dag.py:3239} INFO - Sync 1 DAGs
[2025-03-21T23:01:57.373+0800] {logging_mixin.py:190} INFO - [2025-03-21T23:01:57.373+0800] {dag.py:4180} INFO - Setting next_dagrun for example_sensors to None, run_after=None
[2025-03-21T23:01:57.383+0800] {processor.py:208} INFO - Processing /Users/ervinyeoh/Desktop/unimods/is3107/project/.venv/lib/python3.11/site-packages/airflow/example_dags/example_sensors.py took 0.509 seconds
[2025-03-21T23:03:40.821+0800] {processor.py:186} INFO - Started process (PID=61438) to work on /Users/ervinyeoh/Desktop/unimods/is3107/project/.venv/lib/python3.11/site-packages/airflow/example_dags/example_sensors.py
[2025-03-21T23:03:40.822+0800] {processor.py:914} INFO - Processing file /Users/ervinyeoh/Desktop/unimods/is3107/project/.venv/lib/python3.11/site-packages/airflow/example_dags/example_sensors.py for tasks to queue
[2025-03-21T23:03:40.823+0800] {logging_mixin.py:190} INFO - [2025-03-21T23:03:40.823+0800] {dagbag.py:588} INFO - Filling up the DagBag from /Users/ervinyeoh/Desktop/unimods/is3107/project/.venv/lib/python3.11/site-packages/airflow/example_dags/example_sensors.py
[2025-03-21T23:03:40.833+0800] {processor.py:925} INFO - DAG(s) 'example_sensors' retrieved from /Users/ervinyeoh/Desktop/unimods/is3107/project/.venv/lib/python3.11/site-packages/airflow/example_dags/example_sensors.py
[2025-03-21T23:03:41.368+0800] {logging_mixin.py:190} INFO - [2025-03-21T23:03:41.368+0800] {dag.py:3239} INFO - Sync 1 DAGs
[2025-03-21T23:03:41.374+0800] {logging_mixin.py:190} INFO - [2025-03-21T23:03:41.374+0800] {dag.py:4180} INFO - Setting next_dagrun for example_sensors to None, run_after=None
[2025-03-21T23:03:41.385+0800] {processor.py:208} INFO - Processing /Users/ervinyeoh/Desktop/unimods/is3107/project/.venv/lib/python3.11/site-packages/airflow/example_dags/example_sensors.py took 0.565 seconds
[2025-03-21T23:05:31.942+0800] {processor.py:186} INFO - Started process (PID=61599) to work on /Users/ervinyeoh/Desktop/unimods/is3107/project/.venv/lib/python3.11/site-packages/airflow/example_dags/example_sensors.py
[2025-03-21T23:05:31.943+0800] {processor.py:914} INFO - Processing file /Users/ervinyeoh/Desktop/unimods/is3107/project/.venv/lib/python3.11/site-packages/airflow/example_dags/example_sensors.py for tasks to queue
[2025-03-21T23:05:31.944+0800] {logging_mixin.py:190} INFO - [2025-03-21T23:05:31.944+0800] {dagbag.py:588} INFO - Filling up the DagBag from /Users/ervinyeoh/Desktop/unimods/is3107/project/.venv/lib/python3.11/site-packages/airflow/example_dags/example_sensors.py
[2025-03-21T23:05:31.954+0800] {processor.py:925} INFO - DAG(s) 'example_sensors' retrieved from /Users/ervinyeoh/Desktop/unimods/is3107/project/.venv/lib/python3.11/site-packages/airflow/example_dags/example_sensors.py
[2025-03-21T23:05:32.468+0800] {logging_mixin.py:190} INFO - [2025-03-21T23:05:32.468+0800] {dag.py:3239} INFO - Sync 1 DAGs
[2025-03-21T23:05:32.474+0800] {logging_mixin.py:190} INFO - [2025-03-21T23:05:32.474+0800] {dag.py:4180} INFO - Setting next_dagrun for example_sensors to None, run_after=None
[2025-03-21T23:05:32.484+0800] {processor.py:208} INFO - Processing /Users/ervinyeoh/Desktop/unimods/is3107/project/.venv/lib/python3.11/site-packages/airflow/example_dags/example_sensors.py took 0.544 seconds
[2025-03-21T23:07:26.439+0800] {processor.py:186} INFO - Started process (PID=61795) to work on /Users/ervinyeoh/Desktop/unimods/is3107/project/.venv/lib/python3.11/site-packages/airflow/example_dags/example_sensors.py
[2025-03-21T23:07:26.440+0800] {processor.py:914} INFO - Processing file /Users/ervinyeoh/Desktop/unimods/is3107/project/.venv/lib/python3.11/site-packages/airflow/example_dags/example_sensors.py for tasks to queue
[2025-03-21T23:07:26.440+0800] {logging_mixin.py:190} INFO - [2025-03-21T23:07:26.440+0800] {dagbag.py:588} INFO - Filling up the DagBag from /Users/ervinyeoh/Desktop/unimods/is3107/project/.venv/lib/python3.11/site-packages/airflow/example_dags/example_sensors.py
[2025-03-21T23:07:26.452+0800] {processor.py:925} INFO - DAG(s) 'example_sensors' retrieved from /Users/ervinyeoh/Desktop/unimods/is3107/project/.venv/lib/python3.11/site-packages/airflow/example_dags/example_sensors.py
[2025-03-21T23:07:27.015+0800] {logging_mixin.py:190} INFO - [2025-03-21T23:07:27.014+0800] {dag.py:3239} INFO - Sync 1 DAGs
[2025-03-21T23:07:27.021+0800] {logging_mixin.py:190} INFO - [2025-03-21T23:07:27.020+0800] {dag.py:4180} INFO - Setting next_dagrun for example_sensors to None, run_after=None
[2025-03-21T23:07:27.031+0800] {processor.py:208} INFO - Processing /Users/ervinyeoh/Desktop/unimods/is3107/project/.venv/lib/python3.11/site-packages/airflow/example_dags/example_sensors.py took 0.594 seconds
[2025-03-21T23:09:16.017+0800] {processor.py:186} INFO - Started process (PID=61956) to work on /Users/ervinyeoh/Desktop/unimods/is3107/project/.venv/lib/python3.11/site-packages/airflow/example_dags/example_sensors.py
[2025-03-21T23:09:16.018+0800] {processor.py:914} INFO - Processing file /Users/ervinyeoh/Desktop/unimods/is3107/project/.venv/lib/python3.11/site-packages/airflow/example_dags/example_sensors.py for tasks to queue
[2025-03-21T23:09:16.019+0800] {logging_mixin.py:190} INFO - [2025-03-21T23:09:16.018+0800] {dagbag.py:588} INFO - Filling up the DagBag from /Users/ervinyeoh/Desktop/unimods/is3107/project/.venv/lib/python3.11/site-packages/airflow/example_dags/example_sensors.py
[2025-03-21T23:09:16.029+0800] {processor.py:925} INFO - DAG(s) 'example_sensors' retrieved from /Users/ervinyeoh/Desktop/unimods/is3107/project/.venv/lib/python3.11/site-packages/airflow/example_dags/example_sensors.py
[2025-03-21T23:09:16.649+0800] {logging_mixin.py:190} INFO - [2025-03-21T23:09:16.649+0800] {dag.py:3239} INFO - Sync 1 DAGs
[2025-03-21T23:09:16.655+0800] {logging_mixin.py:190} INFO - [2025-03-21T23:09:16.655+0800] {dag.py:4180} INFO - Setting next_dagrun for example_sensors to None, run_after=None
[2025-03-21T23:09:16.667+0800] {processor.py:208} INFO - Processing /Users/ervinyeoh/Desktop/unimods/is3107/project/.venv/lib/python3.11/site-packages/airflow/example_dags/example_sensors.py took 0.652 seconds
[2025-03-21T23:11:09.943+0800] {processor.py:186} INFO - Started process (PID=62205) to work on /Users/ervinyeoh/Desktop/unimods/is3107/project/.venv/lib/python3.11/site-packages/airflow/example_dags/example_sensors.py
[2025-03-21T23:11:09.943+0800] {processor.py:914} INFO - Processing file /Users/ervinyeoh/Desktop/unimods/is3107/project/.venv/lib/python3.11/site-packages/airflow/example_dags/example_sensors.py for tasks to queue
[2025-03-21T23:11:09.944+0800] {logging_mixin.py:190} INFO - [2025-03-21T23:11:09.944+0800] {dagbag.py:588} INFO - Filling up the DagBag from /Users/ervinyeoh/Desktop/unimods/is3107/project/.venv/lib/python3.11/site-packages/airflow/example_dags/example_sensors.py
[2025-03-21T23:11:09.955+0800] {processor.py:925} INFO - DAG(s) 'example_sensors' retrieved from /Users/ervinyeoh/Desktop/unimods/is3107/project/.venv/lib/python3.11/site-packages/airflow/example_dags/example_sensors.py
[2025-03-21T23:11:10.560+0800] {logging_mixin.py:190} INFO - [2025-03-21T23:11:10.560+0800] {dag.py:3239} INFO - Sync 1 DAGs
[2025-03-21T23:11:10.570+0800] {logging_mixin.py:190} INFO - [2025-03-21T23:11:10.570+0800] {dag.py:4180} INFO - Setting next_dagrun for example_sensors to None, run_after=None
[2025-03-21T23:11:10.581+0800] {processor.py:208} INFO - Processing /Users/ervinyeoh/Desktop/unimods/is3107/project/.venv/lib/python3.11/site-packages/airflow/example_dags/example_sensors.py took 0.640 seconds
[2025-03-21T23:12:56.782+0800] {processor.py:186} INFO - Started process (PID=62384) to work on /Users/ervinyeoh/Desktop/unimods/is3107/project/.venv/lib/python3.11/site-packages/airflow/example_dags/example_sensors.py
[2025-03-21T23:12:56.783+0800] {processor.py:914} INFO - Processing file /Users/ervinyeoh/Desktop/unimods/is3107/project/.venv/lib/python3.11/site-packages/airflow/example_dags/example_sensors.py for tasks to queue
[2025-03-21T23:12:56.784+0800] {logging_mixin.py:190} INFO - [2025-03-21T23:12:56.784+0800] {dagbag.py:588} INFO - Filling up the DagBag from /Users/ervinyeoh/Desktop/unimods/is3107/project/.venv/lib/python3.11/site-packages/airflow/example_dags/example_sensors.py
[2025-03-21T23:12:56.793+0800] {processor.py:925} INFO - DAG(s) 'example_sensors' retrieved from /Users/ervinyeoh/Desktop/unimods/is3107/project/.venv/lib/python3.11/site-packages/airflow/example_dags/example_sensors.py
[2025-03-21T23:12:57.272+0800] {logging_mixin.py:190} INFO - [2025-03-21T23:12:57.272+0800] {dag.py:3239} INFO - Sync 1 DAGs
[2025-03-21T23:12:57.278+0800] {logging_mixin.py:190} INFO - [2025-03-21T23:12:57.278+0800] {dag.py:4180} INFO - Setting next_dagrun for example_sensors to None, run_after=None
[2025-03-21T23:12:57.288+0800] {processor.py:208} INFO - Processing /Users/ervinyeoh/Desktop/unimods/is3107/project/.venv/lib/python3.11/site-packages/airflow/example_dags/example_sensors.py took 0.507 seconds
[2025-03-21T23:14:42.894+0800] {processor.py:186} INFO - Started process (PID=62549) to work on /Users/ervinyeoh/Desktop/unimods/is3107/project/.venv/lib/python3.11/site-packages/airflow/example_dags/example_sensors.py
[2025-03-21T23:14:42.895+0800] {processor.py:914} INFO - Processing file /Users/ervinyeoh/Desktop/unimods/is3107/project/.venv/lib/python3.11/site-packages/airflow/example_dags/example_sensors.py for tasks to queue
[2025-03-21T23:14:42.895+0800] {logging_mixin.py:190} INFO - [2025-03-21T23:14:42.895+0800] {dagbag.py:588} INFO - Filling up the DagBag from /Users/ervinyeoh/Desktop/unimods/is3107/project/.venv/lib/python3.11/site-packages/airflow/example_dags/example_sensors.py
[2025-03-21T23:14:42.905+0800] {processor.py:925} INFO - DAG(s) 'example_sensors' retrieved from /Users/ervinyeoh/Desktop/unimods/is3107/project/.venv/lib/python3.11/site-packages/airflow/example_dags/example_sensors.py
[2025-03-21T23:14:43.411+0800] {logging_mixin.py:190} INFO - [2025-03-21T23:14:43.411+0800] {dag.py:3239} INFO - Sync 1 DAGs
[2025-03-21T23:14:43.417+0800] {logging_mixin.py:190} INFO - [2025-03-21T23:14:43.417+0800] {dag.py:4180} INFO - Setting next_dagrun for example_sensors to None, run_after=None
[2025-03-21T23:14:43.428+0800] {processor.py:208} INFO - Processing /Users/ervinyeoh/Desktop/unimods/is3107/project/.venv/lib/python3.11/site-packages/airflow/example_dags/example_sensors.py took 0.536 seconds
[2025-03-21T23:16:40.619+0800] {processor.py:186} INFO - Started process (PID=62720) to work on /Users/ervinyeoh/Desktop/unimods/is3107/project/.venv/lib/python3.11/site-packages/airflow/example_dags/example_sensors.py
[2025-03-21T23:16:40.619+0800] {processor.py:914} INFO - Processing file /Users/ervinyeoh/Desktop/unimods/is3107/project/.venv/lib/python3.11/site-packages/airflow/example_dags/example_sensors.py for tasks to queue
[2025-03-21T23:16:40.620+0800] {logging_mixin.py:190} INFO - [2025-03-21T23:16:40.620+0800] {dagbag.py:588} INFO - Filling up the DagBag from /Users/ervinyeoh/Desktop/unimods/is3107/project/.venv/lib/python3.11/site-packages/airflow/example_dags/example_sensors.py
[2025-03-21T23:16:40.632+0800] {processor.py:925} INFO - DAG(s) 'example_sensors' retrieved from /Users/ervinyeoh/Desktop/unimods/is3107/project/.venv/lib/python3.11/site-packages/airflow/example_dags/example_sensors.py
[2025-03-21T23:16:41.125+0800] {logging_mixin.py:190} INFO - [2025-03-21T23:16:41.125+0800] {dag.py:3239} INFO - Sync 1 DAGs
[2025-03-21T23:16:41.131+0800] {logging_mixin.py:190} INFO - [2025-03-21T23:16:41.131+0800] {dag.py:4180} INFO - Setting next_dagrun for example_sensors to None, run_after=None
[2025-03-21T23:16:41.146+0800] {processor.py:208} INFO - Processing /Users/ervinyeoh/Desktop/unimods/is3107/project/.venv/lib/python3.11/site-packages/airflow/example_dags/example_sensors.py took 0.529 seconds
[2025-03-21T23:18:27.280+0800] {processor.py:186} INFO - Started process (PID=62881) to work on /Users/ervinyeoh/Desktop/unimods/is3107/project/.venv/lib/python3.11/site-packages/airflow/example_dags/example_sensors.py
[2025-03-21T23:18:27.281+0800] {processor.py:914} INFO - Processing file /Users/ervinyeoh/Desktop/unimods/is3107/project/.venv/lib/python3.11/site-packages/airflow/example_dags/example_sensors.py for tasks to queue
[2025-03-21T23:18:27.281+0800] {logging_mixin.py:190} INFO - [2025-03-21T23:18:27.281+0800] {dagbag.py:588} INFO - Filling up the DagBag from /Users/ervinyeoh/Desktop/unimods/is3107/project/.venv/lib/python3.11/site-packages/airflow/example_dags/example_sensors.py
[2025-03-21T23:18:27.291+0800] {processor.py:925} INFO - DAG(s) 'example_sensors' retrieved from /Users/ervinyeoh/Desktop/unimods/is3107/project/.venv/lib/python3.11/site-packages/airflow/example_dags/example_sensors.py
[2025-03-21T23:18:27.789+0800] {logging_mixin.py:190} INFO - [2025-03-21T23:18:27.789+0800] {dag.py:3239} INFO - Sync 1 DAGs
[2025-03-21T23:18:27.795+0800] {logging_mixin.py:190} INFO - [2025-03-21T23:18:27.795+0800] {dag.py:4180} INFO - Setting next_dagrun for example_sensors to None, run_after=None
[2025-03-21T23:18:27.806+0800] {processor.py:208} INFO - Processing /Users/ervinyeoh/Desktop/unimods/is3107/project/.venv/lib/python3.11/site-packages/airflow/example_dags/example_sensors.py took 0.527 seconds
[2025-03-21T23:20:14.156+0800] {processor.py:186} INFO - Started process (PID=63055) to work on /Users/ervinyeoh/Desktop/unimods/is3107/project/.venv/lib/python3.11/site-packages/airflow/example_dags/example_sensors.py
[2025-03-21T23:20:14.156+0800] {processor.py:914} INFO - Processing file /Users/ervinyeoh/Desktop/unimods/is3107/project/.venv/lib/python3.11/site-packages/airflow/example_dags/example_sensors.py for tasks to queue
[2025-03-21T23:20:14.157+0800] {logging_mixin.py:190} INFO - [2025-03-21T23:20:14.157+0800] {dagbag.py:588} INFO - Filling up the DagBag from /Users/ervinyeoh/Desktop/unimods/is3107/project/.venv/lib/python3.11/site-packages/airflow/example_dags/example_sensors.py
[2025-03-21T23:20:14.167+0800] {processor.py:925} INFO - DAG(s) 'example_sensors' retrieved from /Users/ervinyeoh/Desktop/unimods/is3107/project/.venv/lib/python3.11/site-packages/airflow/example_dags/example_sensors.py
[2025-03-21T23:20:14.679+0800] {logging_mixin.py:190} INFO - [2025-03-21T23:20:14.679+0800] {dag.py:3239} INFO - Sync 1 DAGs
[2025-03-21T23:20:14.685+0800] {logging_mixin.py:190} INFO - [2025-03-21T23:20:14.685+0800] {dag.py:4180} INFO - Setting next_dagrun for example_sensors to None, run_after=None
[2025-03-21T23:20:14.695+0800] {processor.py:208} INFO - Processing /Users/ervinyeoh/Desktop/unimods/is3107/project/.venv/lib/python3.11/site-packages/airflow/example_dags/example_sensors.py took 0.541 seconds
[2025-03-21T23:22:02.817+0800] {processor.py:186} INFO - Started process (PID=63292) to work on /Users/ervinyeoh/Desktop/unimods/is3107/project/.venv/lib/python3.11/site-packages/airflow/example_dags/example_sensors.py
[2025-03-21T23:22:02.818+0800] {processor.py:914} INFO - Processing file /Users/ervinyeoh/Desktop/unimods/is3107/project/.venv/lib/python3.11/site-packages/airflow/example_dags/example_sensors.py for tasks to queue
[2025-03-21T23:22:02.819+0800] {logging_mixin.py:190} INFO - [2025-03-21T23:22:02.818+0800] {dagbag.py:588} INFO - Filling up the DagBag from /Users/ervinyeoh/Desktop/unimods/is3107/project/.venv/lib/python3.11/site-packages/airflow/example_dags/example_sensors.py
[2025-03-21T23:22:02.829+0800] {processor.py:925} INFO - DAG(s) 'example_sensors' retrieved from /Users/ervinyeoh/Desktop/unimods/is3107/project/.venv/lib/python3.11/site-packages/airflow/example_dags/example_sensors.py
[2025-03-21T23:22:03.468+0800] {logging_mixin.py:190} INFO - [2025-03-21T23:22:03.468+0800] {dag.py:3239} INFO - Sync 1 DAGs
[2025-03-21T23:22:03.474+0800] {logging_mixin.py:190} INFO - [2025-03-21T23:22:03.474+0800] {dag.py:4180} INFO - Setting next_dagrun for example_sensors to None, run_after=None
[2025-03-21T23:22:03.484+0800] {processor.py:208} INFO - Processing /Users/ervinyeoh/Desktop/unimods/is3107/project/.venv/lib/python3.11/site-packages/airflow/example_dags/example_sensors.py took 0.669 seconds
[2025-03-21T23:24:01.075+0800] {processor.py:186} INFO - Started process (PID=63489) to work on /Users/ervinyeoh/Desktop/unimods/is3107/project/.venv/lib/python3.11/site-packages/airflow/example_dags/example_sensors.py
[2025-03-21T23:24:01.076+0800] {processor.py:914} INFO - Processing file /Users/ervinyeoh/Desktop/unimods/is3107/project/.venv/lib/python3.11/site-packages/airflow/example_dags/example_sensors.py for tasks to queue
[2025-03-21T23:24:01.077+0800] {logging_mixin.py:190} INFO - [2025-03-21T23:24:01.076+0800] {dagbag.py:588} INFO - Filling up the DagBag from /Users/ervinyeoh/Desktop/unimods/is3107/project/.venv/lib/python3.11/site-packages/airflow/example_dags/example_sensors.py
[2025-03-21T23:24:01.089+0800] {processor.py:925} INFO - DAG(s) 'example_sensors' retrieved from /Users/ervinyeoh/Desktop/unimods/is3107/project/.venv/lib/python3.11/site-packages/airflow/example_dags/example_sensors.py
[2025-03-21T23:24:01.876+0800] {logging_mixin.py:190} INFO - [2025-03-21T23:24:01.876+0800] {dag.py:3239} INFO - Sync 1 DAGs
[2025-03-21T23:24:01.883+0800] {logging_mixin.py:190} INFO - [2025-03-21T23:24:01.883+0800] {dag.py:4180} INFO - Setting next_dagrun for example_sensors to None, run_after=None
[2025-03-21T23:24:01.895+0800] {processor.py:208} INFO - Processing /Users/ervinyeoh/Desktop/unimods/is3107/project/.venv/lib/python3.11/site-packages/airflow/example_dags/example_sensors.py took 0.822 seconds
[2025-03-21T23:26:02.932+0800] {processor.py:186} INFO - Started process (PID=63669) to work on /Users/ervinyeoh/Desktop/unimods/is3107/project/.venv/lib/python3.11/site-packages/airflow/example_dags/example_sensors.py
[2025-03-21T23:26:02.933+0800] {processor.py:914} INFO - Processing file /Users/ervinyeoh/Desktop/unimods/is3107/project/.venv/lib/python3.11/site-packages/airflow/example_dags/example_sensors.py for tasks to queue
[2025-03-21T23:26:02.933+0800] {logging_mixin.py:190} INFO - [2025-03-21T23:26:02.933+0800] {dagbag.py:588} INFO - Filling up the DagBag from /Users/ervinyeoh/Desktop/unimods/is3107/project/.venv/lib/python3.11/site-packages/airflow/example_dags/example_sensors.py
[2025-03-21T23:26:02.948+0800] {processor.py:925} INFO - DAG(s) 'example_sensors' retrieved from /Users/ervinyeoh/Desktop/unimods/is3107/project/.venv/lib/python3.11/site-packages/airflow/example_dags/example_sensors.py
[2025-03-21T23:26:03.540+0800] {logging_mixin.py:190} INFO - [2025-03-21T23:26:03.539+0800] {dag.py:3239} INFO - Sync 1 DAGs
[2025-03-21T23:26:03.547+0800] {logging_mixin.py:190} INFO - [2025-03-21T23:26:03.547+0800] {dag.py:4180} INFO - Setting next_dagrun for example_sensors to None, run_after=None
[2025-03-21T23:26:03.557+0800] {processor.py:208} INFO - Processing /Users/ervinyeoh/Desktop/unimods/is3107/project/.venv/lib/python3.11/site-packages/airflow/example_dags/example_sensors.py took 0.627 seconds
[2025-03-21T23:27:56.130+0800] {processor.py:186} INFO - Started process (PID=63840) to work on /Users/ervinyeoh/Desktop/unimods/is3107/project/.venv/lib/python3.11/site-packages/airflow/example_dags/example_sensors.py
[2025-03-21T23:27:56.131+0800] {processor.py:914} INFO - Processing file /Users/ervinyeoh/Desktop/unimods/is3107/project/.venv/lib/python3.11/site-packages/airflow/example_dags/example_sensors.py for tasks to queue
[2025-03-21T23:27:56.131+0800] {logging_mixin.py:190} INFO - [2025-03-21T23:27:56.131+0800] {dagbag.py:588} INFO - Filling up the DagBag from /Users/ervinyeoh/Desktop/unimods/is3107/project/.venv/lib/python3.11/site-packages/airflow/example_dags/example_sensors.py
[2025-03-21T23:27:56.141+0800] {processor.py:925} INFO - DAG(s) 'example_sensors' retrieved from /Users/ervinyeoh/Desktop/unimods/is3107/project/.venv/lib/python3.11/site-packages/airflow/example_dags/example_sensors.py
[2025-03-21T23:27:56.645+0800] {logging_mixin.py:190} INFO - [2025-03-21T23:27:56.644+0800] {dag.py:3239} INFO - Sync 1 DAGs
[2025-03-21T23:27:56.651+0800] {logging_mixin.py:190} INFO - [2025-03-21T23:27:56.650+0800] {dag.py:4180} INFO - Setting next_dagrun for example_sensors to None, run_after=None
[2025-03-21T23:27:56.662+0800] {processor.py:208} INFO - Processing /Users/ervinyeoh/Desktop/unimods/is3107/project/.venv/lib/python3.11/site-packages/airflow/example_dags/example_sensors.py took 0.534 seconds
[2025-03-21T23:29:40.377+0800] {processor.py:186} INFO - Started process (PID=63992) to work on /Users/ervinyeoh/Desktop/unimods/is3107/project/.venv/lib/python3.11/site-packages/airflow/example_dags/example_sensors.py
[2025-03-21T23:29:40.378+0800] {processor.py:914} INFO - Processing file /Users/ervinyeoh/Desktop/unimods/is3107/project/.venv/lib/python3.11/site-packages/airflow/example_dags/example_sensors.py for tasks to queue
[2025-03-21T23:29:40.379+0800] {logging_mixin.py:190} INFO - [2025-03-21T23:29:40.378+0800] {dagbag.py:588} INFO - Filling up the DagBag from /Users/ervinyeoh/Desktop/unimods/is3107/project/.venv/lib/python3.11/site-packages/airflow/example_dags/example_sensors.py
[2025-03-21T23:29:40.389+0800] {processor.py:925} INFO - DAG(s) 'example_sensors' retrieved from /Users/ervinyeoh/Desktop/unimods/is3107/project/.venv/lib/python3.11/site-packages/airflow/example_dags/example_sensors.py
[2025-03-21T23:29:40.864+0800] {logging_mixin.py:190} INFO - [2025-03-21T23:29:40.864+0800] {dag.py:3239} INFO - Sync 1 DAGs
[2025-03-21T23:29:40.870+0800] {logging_mixin.py:190} INFO - [2025-03-21T23:29:40.870+0800] {dag.py:4180} INFO - Setting next_dagrun for example_sensors to None, run_after=None
[2025-03-21T23:29:40.880+0800] {processor.py:208} INFO - Processing /Users/ervinyeoh/Desktop/unimods/is3107/project/.venv/lib/python3.11/site-packages/airflow/example_dags/example_sensors.py took 0.505 seconds
[2025-03-21T23:31:22.550+0800] {processor.py:186} INFO - Started process (PID=64179) to work on /Users/ervinyeoh/Desktop/unimods/is3107/project/.venv/lib/python3.11/site-packages/airflow/example_dags/example_sensors.py
[2025-03-21T23:31:22.551+0800] {processor.py:914} INFO - Processing file /Users/ervinyeoh/Desktop/unimods/is3107/project/.venv/lib/python3.11/site-packages/airflow/example_dags/example_sensors.py for tasks to queue
[2025-03-21T23:31:22.552+0800] {logging_mixin.py:190} INFO - [2025-03-21T23:31:22.552+0800] {dagbag.py:588} INFO - Filling up the DagBag from /Users/ervinyeoh/Desktop/unimods/is3107/project/.venv/lib/python3.11/site-packages/airflow/example_dags/example_sensors.py
[2025-03-21T23:31:22.564+0800] {processor.py:925} INFO - DAG(s) 'example_sensors' retrieved from /Users/ervinyeoh/Desktop/unimods/is3107/project/.venv/lib/python3.11/site-packages/airflow/example_dags/example_sensors.py
[2025-03-21T23:31:23.089+0800] {logging_mixin.py:190} INFO - [2025-03-21T23:31:23.089+0800] {dag.py:3239} INFO - Sync 1 DAGs
[2025-03-21T23:31:23.095+0800] {logging_mixin.py:190} INFO - [2025-03-21T23:31:23.095+0800] {dag.py:4180} INFO - Setting next_dagrun for example_sensors to None, run_after=None
[2025-03-21T23:31:23.107+0800] {processor.py:208} INFO - Processing /Users/ervinyeoh/Desktop/unimods/is3107/project/.venv/lib/python3.11/site-packages/airflow/example_dags/example_sensors.py took 0.559 seconds
[2025-03-21T23:33:06.600+0800] {processor.py:186} INFO - Started process (PID=64358) to work on /Users/ervinyeoh/Desktop/unimods/is3107/project/.venv/lib/python3.11/site-packages/airflow/example_dags/example_sensors.py
[2025-03-21T23:33:06.601+0800] {processor.py:914} INFO - Processing file /Users/ervinyeoh/Desktop/unimods/is3107/project/.venv/lib/python3.11/site-packages/airflow/example_dags/example_sensors.py for tasks to queue
[2025-03-21T23:33:06.602+0800] {logging_mixin.py:190} INFO - [2025-03-21T23:33:06.601+0800] {dagbag.py:588} INFO - Filling up the DagBag from /Users/ervinyeoh/Desktop/unimods/is3107/project/.venv/lib/python3.11/site-packages/airflow/example_dags/example_sensors.py
[2025-03-21T23:33:06.615+0800] {processor.py:925} INFO - DAG(s) 'example_sensors' retrieved from /Users/ervinyeoh/Desktop/unimods/is3107/project/.venv/lib/python3.11/site-packages/airflow/example_dags/example_sensors.py
[2025-03-21T23:33:07.185+0800] {logging_mixin.py:190} INFO - [2025-03-21T23:33:07.185+0800] {dag.py:3239} INFO - Sync 1 DAGs
[2025-03-21T23:33:07.191+0800] {logging_mixin.py:190} INFO - [2025-03-21T23:33:07.191+0800] {dag.py:4180} INFO - Setting next_dagrun for example_sensors to None, run_after=None
[2025-03-21T23:33:07.201+0800] {processor.py:208} INFO - Processing /Users/ervinyeoh/Desktop/unimods/is3107/project/.venv/lib/python3.11/site-packages/airflow/example_dags/example_sensors.py took 0.603 seconds
[2025-03-21T23:35:00.285+0800] {processor.py:186} INFO - Started process (PID=64523) to work on /Users/ervinyeoh/Desktop/unimods/is3107/project/.venv/lib/python3.11/site-packages/airflow/example_dags/example_sensors.py
[2025-03-21T23:35:00.285+0800] {processor.py:914} INFO - Processing file /Users/ervinyeoh/Desktop/unimods/is3107/project/.venv/lib/python3.11/site-packages/airflow/example_dags/example_sensors.py for tasks to queue
[2025-03-21T23:35:00.286+0800] {logging_mixin.py:190} INFO - [2025-03-21T23:35:00.286+0800] {dagbag.py:588} INFO - Filling up the DagBag from /Users/ervinyeoh/Desktop/unimods/is3107/project/.venv/lib/python3.11/site-packages/airflow/example_dags/example_sensors.py
[2025-03-21T23:35:00.296+0800] {processor.py:925} INFO - DAG(s) 'example_sensors' retrieved from /Users/ervinyeoh/Desktop/unimods/is3107/project/.venv/lib/python3.11/site-packages/airflow/example_dags/example_sensors.py
[2025-03-21T23:35:00.828+0800] {logging_mixin.py:190} INFO - [2025-03-21T23:35:00.828+0800] {dag.py:3239} INFO - Sync 1 DAGs
[2025-03-21T23:35:00.835+0800] {logging_mixin.py:190} INFO - [2025-03-21T23:35:00.834+0800] {dag.py:4180} INFO - Setting next_dagrun for example_sensors to None, run_after=None
[2025-03-21T23:35:00.845+0800] {processor.py:208} INFO - Processing /Users/ervinyeoh/Desktop/unimods/is3107/project/.venv/lib/python3.11/site-packages/airflow/example_dags/example_sensors.py took 0.562 seconds
[2025-03-21T23:36:44.468+0800] {processor.py:186} INFO - Started process (PID=64689) to work on /Users/ervinyeoh/Desktop/unimods/is3107/project/.venv/lib/python3.11/site-packages/airflow/example_dags/example_sensors.py
[2025-03-21T23:36:44.471+0800] {processor.py:914} INFO - Processing file /Users/ervinyeoh/Desktop/unimods/is3107/project/.venv/lib/python3.11/site-packages/airflow/example_dags/example_sensors.py for tasks to queue
[2025-03-21T23:36:44.472+0800] {logging_mixin.py:190} INFO - [2025-03-21T23:36:44.472+0800] {dagbag.py:588} INFO - Filling up the DagBag from /Users/ervinyeoh/Desktop/unimods/is3107/project/.venv/lib/python3.11/site-packages/airflow/example_dags/example_sensors.py
[2025-03-21T23:36:44.482+0800] {processor.py:925} INFO - DAG(s) 'example_sensors' retrieved from /Users/ervinyeoh/Desktop/unimods/is3107/project/.venv/lib/python3.11/site-packages/airflow/example_dags/example_sensors.py
[2025-03-21T23:36:44.970+0800] {logging_mixin.py:190} INFO - [2025-03-21T23:36:44.970+0800] {dag.py:3239} INFO - Sync 1 DAGs
[2025-03-21T23:36:44.976+0800] {logging_mixin.py:190} INFO - [2025-03-21T23:36:44.976+0800] {dag.py:4180} INFO - Setting next_dagrun for example_sensors to None, run_after=None
[2025-03-21T23:36:44.987+0800] {processor.py:208} INFO - Processing /Users/ervinyeoh/Desktop/unimods/is3107/project/.venv/lib/python3.11/site-packages/airflow/example_dags/example_sensors.py took 0.520 seconds
[2025-03-21T23:38:41.820+0800] {processor.py:186} INFO - Started process (PID=64864) to work on /Users/ervinyeoh/Desktop/unimods/is3107/project/.venv/lib/python3.11/site-packages/airflow/example_dags/example_sensors.py
[2025-03-21T23:38:41.824+0800] {processor.py:914} INFO - Processing file /Users/ervinyeoh/Desktop/unimods/is3107/project/.venv/lib/python3.11/site-packages/airflow/example_dags/example_sensors.py for tasks to queue
[2025-03-21T23:38:41.826+0800] {logging_mixin.py:190} INFO - [2025-03-21T23:38:41.825+0800] {dagbag.py:588} INFO - Filling up the DagBag from /Users/ervinyeoh/Desktop/unimods/is3107/project/.venv/lib/python3.11/site-packages/airflow/example_dags/example_sensors.py
[2025-03-21T23:38:41.858+0800] {processor.py:925} INFO - DAG(s) 'example_sensors' retrieved from /Users/ervinyeoh/Desktop/unimods/is3107/project/.venv/lib/python3.11/site-packages/airflow/example_dags/example_sensors.py
[2025-03-21T23:38:42.993+0800] {logging_mixin.py:190} INFO - [2025-03-21T23:38:42.993+0800] {dag.py:3239} INFO - Sync 1 DAGs
[2025-03-21T23:38:43.001+0800] {logging_mixin.py:190} INFO - [2025-03-21T23:38:43.001+0800] {dag.py:4180} INFO - Setting next_dagrun for example_sensors to None, run_after=None
[2025-03-21T23:38:43.013+0800] {processor.py:208} INFO - Processing /Users/ervinyeoh/Desktop/unimods/is3107/project/.venv/lib/python3.11/site-packages/airflow/example_dags/example_sensors.py took 1.198 seconds
[2025-03-21T23:40:37.477+0800] {processor.py:186} INFO - Started process (PID=65044) to work on /Users/ervinyeoh/Desktop/unimods/is3107/project/.venv/lib/python3.11/site-packages/airflow/example_dags/example_sensors.py
[2025-03-21T23:40:37.478+0800] {processor.py:914} INFO - Processing file /Users/ervinyeoh/Desktop/unimods/is3107/project/.venv/lib/python3.11/site-packages/airflow/example_dags/example_sensors.py for tasks to queue
[2025-03-21T23:40:37.479+0800] {logging_mixin.py:190} INFO - [2025-03-21T23:40:37.479+0800] {dagbag.py:588} INFO - Filling up the DagBag from /Users/ervinyeoh/Desktop/unimods/is3107/project/.venv/lib/python3.11/site-packages/airflow/example_dags/example_sensors.py
[2025-03-21T23:40:37.491+0800] {processor.py:925} INFO - DAG(s) 'example_sensors' retrieved from /Users/ervinyeoh/Desktop/unimods/is3107/project/.venv/lib/python3.11/site-packages/airflow/example_dags/example_sensors.py
[2025-03-21T23:40:38.086+0800] {logging_mixin.py:190} INFO - [2025-03-21T23:40:38.086+0800] {dag.py:3239} INFO - Sync 1 DAGs
[2025-03-21T23:40:38.092+0800] {logging_mixin.py:190} INFO - [2025-03-21T23:40:38.092+0800] {dag.py:4180} INFO - Setting next_dagrun for example_sensors to None, run_after=None
[2025-03-21T23:40:38.102+0800] {processor.py:208} INFO - Processing /Users/ervinyeoh/Desktop/unimods/is3107/project/.venv/lib/python3.11/site-packages/airflow/example_dags/example_sensors.py took 0.627 seconds
[2025-03-21T23:42:20.972+0800] {processor.py:186} INFO - Started process (PID=65201) to work on /Users/ervinyeoh/Desktop/unimods/is3107/project/.venv/lib/python3.11/site-packages/airflow/example_dags/example_sensors.py
[2025-03-21T23:42:20.972+0800] {processor.py:914} INFO - Processing file /Users/ervinyeoh/Desktop/unimods/is3107/project/.venv/lib/python3.11/site-packages/airflow/example_dags/example_sensors.py for tasks to queue
[2025-03-21T23:42:20.973+0800] {logging_mixin.py:190} INFO - [2025-03-21T23:42:20.973+0800] {dagbag.py:588} INFO - Filling up the DagBag from /Users/ervinyeoh/Desktop/unimods/is3107/project/.venv/lib/python3.11/site-packages/airflow/example_dags/example_sensors.py
[2025-03-21T23:42:20.983+0800] {processor.py:925} INFO - DAG(s) 'example_sensors' retrieved from /Users/ervinyeoh/Desktop/unimods/is3107/project/.venv/lib/python3.11/site-packages/airflow/example_dags/example_sensors.py
[2025-03-21T23:42:21.622+0800] {logging_mixin.py:190} INFO - [2025-03-21T23:42:21.622+0800] {dag.py:3239} INFO - Sync 1 DAGs
[2025-03-21T23:42:21.629+0800] {logging_mixin.py:190} INFO - [2025-03-21T23:42:21.629+0800] {dag.py:4180} INFO - Setting next_dagrun for example_sensors to None, run_after=None
[2025-03-21T23:42:21.639+0800] {processor.py:208} INFO - Processing /Users/ervinyeoh/Desktop/unimods/is3107/project/.venv/lib/python3.11/site-packages/airflow/example_dags/example_sensors.py took 0.669 seconds
[2025-03-21T23:44:01.641+0800] {processor.py:186} INFO - Started process (PID=65364) to work on /Users/ervinyeoh/Desktop/unimods/is3107/project/.venv/lib/python3.11/site-packages/airflow/example_dags/example_sensors.py
[2025-03-21T23:44:01.642+0800] {processor.py:914} INFO - Processing file /Users/ervinyeoh/Desktop/unimods/is3107/project/.venv/lib/python3.11/site-packages/airflow/example_dags/example_sensors.py for tasks to queue
[2025-03-21T23:44:01.643+0800] {logging_mixin.py:190} INFO - [2025-03-21T23:44:01.643+0800] {dagbag.py:588} INFO - Filling up the DagBag from /Users/ervinyeoh/Desktop/unimods/is3107/project/.venv/lib/python3.11/site-packages/airflow/example_dags/example_sensors.py
[2025-03-21T23:44:01.654+0800] {processor.py:925} INFO - DAG(s) 'example_sensors' retrieved from /Users/ervinyeoh/Desktop/unimods/is3107/project/.venv/lib/python3.11/site-packages/airflow/example_dags/example_sensors.py
[2025-03-21T23:44:02.127+0800] {logging_mixin.py:190} INFO - [2025-03-21T23:44:02.127+0800] {dag.py:3239} INFO - Sync 1 DAGs
[2025-03-21T23:44:02.133+0800] {logging_mixin.py:190} INFO - [2025-03-21T23:44:02.133+0800] {dag.py:4180} INFO - Setting next_dagrun for example_sensors to None, run_after=None
[2025-03-21T23:44:02.143+0800] {processor.py:208} INFO - Processing /Users/ervinyeoh/Desktop/unimods/is3107/project/.venv/lib/python3.11/site-packages/airflow/example_dags/example_sensors.py took 0.504 seconds
