[2025-03-21T21:45:34.859+0800] {processor.py:186} INFO - Started process (PID=52876) to work on /Users/ervinyeoh/Desktop/unimods/is3107/project/.venv/lib/python3.11/site-packages/airflow/example_dags/example_branch_labels.py
[2025-03-21T21:45:34.860+0800] {processor.py:914} INFO - Processing file /Users/ervinyeoh/Desktop/unimods/is3107/project/.venv/lib/python3.11/site-packages/airflow/example_dags/example_branch_labels.py for tasks to queue
[2025-03-21T21:45:34.860+0800] {logging_mixin.py:190} INFO - [2025-03-21T21:45:34.860+0800] {dagbag.py:588} INFO - Filling up the DagBag from /Users/ervinyeoh/Desktop/unimods/is3107/project/.venv/lib/python3.11/site-packages/airflow/example_dags/example_branch_labels.py
[2025-03-21T21:45:34.863+0800] {processor.py:925} INFO - DAG(s) 'example_branch_labels' retrieved from /Users/ervinyeoh/Desktop/unimods/is3107/project/.venv/lib/python3.11/site-packages/airflow/example_dags/example_branch_labels.py
[2025-03-21T21:45:34.919+0800] {logging_mixin.py:190} INFO - [2025-03-21T21:45:34.919+0800] {dag.py:3239} INFO - Sync 1 DAGs
[2025-03-21T21:45:34.925+0800] {logging_mixin.py:190} INFO - [2025-03-21T21:45:34.925+0800] {dag.py:4180} INFO - Setting next_dagrun for example_branch_labels to 2025-03-20 00:00:00+00:00, run_after=2025-03-21 00:00:00+00:00
[2025-03-21T21:45:34.931+0800] {processor.py:208} INFO - Processing /Users/ervinyeoh/Desktop/unimods/is3107/project/.venv/lib/python3.11/site-packages/airflow/example_dags/example_branch_labels.py took 0.073 seconds
[2025-03-21T21:53:58.219+0800] {processor.py:186} INFO - Started process (PID=53854) to work on /Users/ervinyeoh/Desktop/unimods/is3107/project/.venv/lib/python3.11/site-packages/airflow/example_dags/example_branch_labels.py
[2025-03-21T21:53:58.220+0800] {processor.py:914} INFO - Processing file /Users/ervinyeoh/Desktop/unimods/is3107/project/.venv/lib/python3.11/site-packages/airflow/example_dags/example_branch_labels.py for tasks to queue
[2025-03-21T21:53:58.221+0800] {logging_mixin.py:190} INFO - [2025-03-21T21:53:58.221+0800] {dagbag.py:588} INFO - Filling up the DagBag from /Users/ervinyeoh/Desktop/unimods/is3107/project/.venv/lib/python3.11/site-packages/airflow/example_dags/example_branch_labels.py
[2025-03-21T21:53:58.224+0800] {processor.py:925} INFO - DAG(s) 'example_branch_labels' retrieved from /Users/ervinyeoh/Desktop/unimods/is3107/project/.venv/lib/python3.11/site-packages/airflow/example_dags/example_branch_labels.py
[2025-03-21T21:53:58.284+0800] {logging_mixin.py:190} INFO - [2025-03-21T21:53:58.284+0800] {dag.py:3239} INFO - Sync 1 DAGs
[2025-03-21T21:53:58.291+0800] {logging_mixin.py:190} INFO - [2025-03-21T21:53:58.291+0800] {dag.py:4180} INFO - Setting next_dagrun for example_branch_labels to 2025-03-20 00:00:00+00:00, run_after=2025-03-21 00:00:00+00:00
[2025-03-21T21:53:58.310+0800] {processor.py:208} INFO - Processing /Users/ervinyeoh/Desktop/unimods/is3107/project/.venv/lib/python3.11/site-packages/airflow/example_dags/example_branch_labels.py took 0.092 seconds
[2025-03-21T21:56:32.767+0800] {processor.py:186} INFO - Started process (PID=54133) to work on /Users/ervinyeoh/Desktop/unimods/is3107/project/.venv/lib/python3.11/site-packages/airflow/example_dags/example_branch_labels.py
[2025-03-21T21:56:32.768+0800] {processor.py:914} INFO - Processing file /Users/ervinyeoh/Desktop/unimods/is3107/project/.venv/lib/python3.11/site-packages/airflow/example_dags/example_branch_labels.py for tasks to queue
[2025-03-21T21:56:32.768+0800] {logging_mixin.py:190} INFO - [2025-03-21T21:56:32.768+0800] {dagbag.py:588} INFO - Filling up the DagBag from /Users/ervinyeoh/Desktop/unimods/is3107/project/.venv/lib/python3.11/site-packages/airflow/example_dags/example_branch_labels.py
[2025-03-21T21:56:32.772+0800] {processor.py:925} INFO - DAG(s) 'example_branch_labels' retrieved from /Users/ervinyeoh/Desktop/unimods/is3107/project/.venv/lib/python3.11/site-packages/airflow/example_dags/example_branch_labels.py
[2025-03-21T21:56:32.825+0800] {logging_mixin.py:190} INFO - [2025-03-21T21:56:32.825+0800] {dag.py:3239} INFO - Sync 1 DAGs
[2025-03-21T21:56:32.831+0800] {logging_mixin.py:190} INFO - [2025-03-21T21:56:32.831+0800] {dag.py:4180} INFO - Setting next_dagrun for example_branch_labels to 2025-03-20 00:00:00+00:00, run_after=2025-03-21 00:00:00+00:00
[2025-03-21T21:56:32.838+0800] {processor.py:208} INFO - Processing /Users/ervinyeoh/Desktop/unimods/is3107/project/.venv/lib/python3.11/site-packages/airflow/example_dags/example_branch_labels.py took 0.072 seconds
[2025-03-21T21:58:59.837+0800] {processor.py:186} INFO - Started process (PID=54371) to work on /Users/ervinyeoh/Desktop/unimods/is3107/project/.venv/lib/python3.11/site-packages/airflow/example_dags/example_branch_labels.py
[2025-03-21T21:58:59.841+0800] {processor.py:914} INFO - Processing file /Users/ervinyeoh/Desktop/unimods/is3107/project/.venv/lib/python3.11/site-packages/airflow/example_dags/example_branch_labels.py for tasks to queue
[2025-03-21T21:58:59.841+0800] {logging_mixin.py:190} INFO - [2025-03-21T21:58:59.841+0800] {dagbag.py:588} INFO - Filling up the DagBag from /Users/ervinyeoh/Desktop/unimods/is3107/project/.venv/lib/python3.11/site-packages/airflow/example_dags/example_branch_labels.py
[2025-03-21T21:58:59.844+0800] {processor.py:925} INFO - DAG(s) 'example_branch_labels' retrieved from /Users/ervinyeoh/Desktop/unimods/is3107/project/.venv/lib/python3.11/site-packages/airflow/example_dags/example_branch_labels.py
[2025-03-21T21:58:59.900+0800] {logging_mixin.py:190} INFO - [2025-03-21T21:58:59.900+0800] {dag.py:3239} INFO - Sync 1 DAGs
[2025-03-21T21:58:59.906+0800] {logging_mixin.py:190} INFO - [2025-03-21T21:58:59.906+0800] {dag.py:4180} INFO - Setting next_dagrun for example_branch_labels to 2025-03-20 00:00:00+00:00, run_after=2025-03-21 00:00:00+00:00
[2025-03-21T21:58:59.912+0800] {processor.py:208} INFO - Processing /Users/ervinyeoh/Desktop/unimods/is3107/project/.venv/lib/python3.11/site-packages/airflow/example_dags/example_branch_labels.py took 0.076 seconds
[2025-03-21T22:01:31.145+0800] {processor.py:186} INFO - Started process (PID=54672) to work on /Users/ervinyeoh/Desktop/unimods/is3107/project/.venv/lib/python3.11/site-packages/airflow/example_dags/example_branch_labels.py
[2025-03-21T22:01:31.146+0800] {processor.py:914} INFO - Processing file /Users/ervinyeoh/Desktop/unimods/is3107/project/.venv/lib/python3.11/site-packages/airflow/example_dags/example_branch_labels.py for tasks to queue
[2025-03-21T22:01:31.146+0800] {logging_mixin.py:190} INFO - [2025-03-21T22:01:31.146+0800] {dagbag.py:588} INFO - Filling up the DagBag from /Users/ervinyeoh/Desktop/unimods/is3107/project/.venv/lib/python3.11/site-packages/airflow/example_dags/example_branch_labels.py
[2025-03-21T22:01:31.150+0800] {processor.py:925} INFO - DAG(s) 'example_branch_labels' retrieved from /Users/ervinyeoh/Desktop/unimods/is3107/project/.venv/lib/python3.11/site-packages/airflow/example_dags/example_branch_labels.py
[2025-03-21T22:01:31.203+0800] {logging_mixin.py:190} INFO - [2025-03-21T22:01:31.203+0800] {dag.py:3239} INFO - Sync 1 DAGs
[2025-03-21T22:01:31.210+0800] {logging_mixin.py:190} INFO - [2025-03-21T22:01:31.210+0800] {dag.py:4180} INFO - Setting next_dagrun for example_branch_labels to 2025-03-20 00:00:00+00:00, run_after=2025-03-21 00:00:00+00:00
[2025-03-21T22:01:31.216+0800] {processor.py:208} INFO - Processing /Users/ervinyeoh/Desktop/unimods/is3107/project/.venv/lib/python3.11/site-packages/airflow/example_dags/example_branch_labels.py took 0.072 seconds
[2025-03-21T22:05:36.996+0800] {processor.py:186} INFO - Started process (PID=55127) to work on /Users/ervinyeoh/Desktop/unimods/is3107/project/.venv/lib/python3.11/site-packages/airflow/example_dags/example_branch_labels.py
[2025-03-21T22:05:36.996+0800] {processor.py:914} INFO - Processing file /Users/ervinyeoh/Desktop/unimods/is3107/project/.venv/lib/python3.11/site-packages/airflow/example_dags/example_branch_labels.py for tasks to queue
[2025-03-21T22:05:36.997+0800] {logging_mixin.py:190} INFO - [2025-03-21T22:05:36.997+0800] {dagbag.py:588} INFO - Filling up the DagBag from /Users/ervinyeoh/Desktop/unimods/is3107/project/.venv/lib/python3.11/site-packages/airflow/example_dags/example_branch_labels.py
[2025-03-21T22:05:37.000+0800] {processor.py:925} INFO - DAG(s) 'example_branch_labels' retrieved from /Users/ervinyeoh/Desktop/unimods/is3107/project/.venv/lib/python3.11/site-packages/airflow/example_dags/example_branch_labels.py
[2025-03-21T22:05:37.055+0800] {logging_mixin.py:190} INFO - [2025-03-21T22:05:37.055+0800] {dag.py:3239} INFO - Sync 1 DAGs
[2025-03-21T22:05:37.062+0800] {logging_mixin.py:190} INFO - [2025-03-21T22:05:37.062+0800] {dag.py:4180} INFO - Setting next_dagrun for example_branch_labels to 2025-03-20 00:00:00+00:00, run_after=2025-03-21 00:00:00+00:00
[2025-03-21T22:05:37.067+0800] {processor.py:208} INFO - Processing /Users/ervinyeoh/Desktop/unimods/is3107/project/.venv/lib/python3.11/site-packages/airflow/example_dags/example_branch_labels.py took 0.073 seconds
[2025-03-21T22:08:12.091+0800] {processor.py:186} INFO - Started process (PID=55432) to work on /Users/ervinyeoh/Desktop/unimods/is3107/project/.venv/lib/python3.11/site-packages/airflow/example_dags/example_branch_labels.py
[2025-03-21T22:08:12.091+0800] {processor.py:914} INFO - Processing file /Users/ervinyeoh/Desktop/unimods/is3107/project/.venv/lib/python3.11/site-packages/airflow/example_dags/example_branch_labels.py for tasks to queue
[2025-03-21T22:08:12.092+0800] {logging_mixin.py:190} INFO - [2025-03-21T22:08:12.091+0800] {dagbag.py:588} INFO - Filling up the DagBag from /Users/ervinyeoh/Desktop/unimods/is3107/project/.venv/lib/python3.11/site-packages/airflow/example_dags/example_branch_labels.py
[2025-03-21T22:08:12.095+0800] {processor.py:925} INFO - DAG(s) 'example_branch_labels' retrieved from /Users/ervinyeoh/Desktop/unimods/is3107/project/.venv/lib/python3.11/site-packages/airflow/example_dags/example_branch_labels.py
[2025-03-21T22:08:12.148+0800] {logging_mixin.py:190} INFO - [2025-03-21T22:08:12.148+0800] {dag.py:3239} INFO - Sync 1 DAGs
[2025-03-21T22:08:12.161+0800] {logging_mixin.py:190} INFO - [2025-03-21T22:08:12.161+0800] {dag.py:4180} INFO - Setting next_dagrun for example_branch_labels to 2025-03-20 00:00:00+00:00, run_after=2025-03-21 00:00:00+00:00
[2025-03-21T22:08:12.168+0800] {processor.py:208} INFO - Processing /Users/ervinyeoh/Desktop/unimods/is3107/project/.venv/lib/python3.11/site-packages/airflow/example_dags/example_branch_labels.py took 0.079 seconds
[2025-03-21T22:10:41.767+0800] {processor.py:186} INFO - Started process (PID=55693) to work on /Users/ervinyeoh/Desktop/unimods/is3107/project/.venv/lib/python3.11/site-packages/airflow/example_dags/example_branch_labels.py
[2025-03-21T22:10:41.767+0800] {processor.py:914} INFO - Processing file /Users/ervinyeoh/Desktop/unimods/is3107/project/.venv/lib/python3.11/site-packages/airflow/example_dags/example_branch_labels.py for tasks to queue
[2025-03-21T22:10:41.768+0800] {logging_mixin.py:190} INFO - [2025-03-21T22:10:41.768+0800] {dagbag.py:588} INFO - Filling up the DagBag from /Users/ervinyeoh/Desktop/unimods/is3107/project/.venv/lib/python3.11/site-packages/airflow/example_dags/example_branch_labels.py
[2025-03-21T22:10:41.772+0800] {processor.py:925} INFO - DAG(s) 'example_branch_labels' retrieved from /Users/ervinyeoh/Desktop/unimods/is3107/project/.venv/lib/python3.11/site-packages/airflow/example_dags/example_branch_labels.py
[2025-03-21T22:10:41.855+0800] {logging_mixin.py:190} INFO - [2025-03-21T22:10:41.855+0800] {dag.py:3239} INFO - Sync 1 DAGs
[2025-03-21T22:10:41.861+0800] {logging_mixin.py:190} INFO - [2025-03-21T22:10:41.861+0800] {dag.py:4180} INFO - Setting next_dagrun for example_branch_labels to 2025-03-20 00:00:00+00:00, run_after=2025-03-21 00:00:00+00:00
[2025-03-21T22:10:41.867+0800] {processor.py:208} INFO - Processing /Users/ervinyeoh/Desktop/unimods/is3107/project/.venv/lib/python3.11/site-packages/airflow/example_dags/example_branch_labels.py took 0.102 seconds
[2025-03-21T22:13:21.650+0800] {processor.py:186} INFO - Started process (PID=56036) to work on /Users/ervinyeoh/Desktop/unimods/is3107/project/.venv/lib/python3.11/site-packages/airflow/example_dags/example_branch_labels.py
[2025-03-21T22:13:21.651+0800] {processor.py:914} INFO - Processing file /Users/ervinyeoh/Desktop/unimods/is3107/project/.venv/lib/python3.11/site-packages/airflow/example_dags/example_branch_labels.py for tasks to queue
[2025-03-21T22:13:21.651+0800] {logging_mixin.py:190} INFO - [2025-03-21T22:13:21.651+0800] {dagbag.py:588} INFO - Filling up the DagBag from /Users/ervinyeoh/Desktop/unimods/is3107/project/.venv/lib/python3.11/site-packages/airflow/example_dags/example_branch_labels.py
[2025-03-21T22:13:21.656+0800] {processor.py:925} INFO - DAG(s) 'example_branch_labels' retrieved from /Users/ervinyeoh/Desktop/unimods/is3107/project/.venv/lib/python3.11/site-packages/airflow/example_dags/example_branch_labels.py
[2025-03-21T22:13:21.718+0800] {logging_mixin.py:190} INFO - [2025-03-21T22:13:21.718+0800] {dag.py:3239} INFO - Sync 1 DAGs
[2025-03-21T22:13:21.726+0800] {logging_mixin.py:190} INFO - [2025-03-21T22:13:21.726+0800] {dag.py:4180} INFO - Setting next_dagrun for example_branch_labels to 2025-03-20 00:00:00+00:00, run_after=2025-03-21 00:00:00+00:00
[2025-03-21T22:13:21.732+0800] {processor.py:208} INFO - Processing /Users/ervinyeoh/Desktop/unimods/is3107/project/.venv/lib/python3.11/site-packages/airflow/example_dags/example_branch_labels.py took 0.083 seconds
[2025-03-21T22:17:06.232+0800] {processor.py:186} INFO - Started process (PID=56508) to work on /Users/ervinyeoh/Desktop/unimods/is3107/project/.venv/lib/python3.11/site-packages/airflow/example_dags/example_branch_labels.py
[2025-03-21T22:17:06.233+0800] {processor.py:914} INFO - Processing file /Users/ervinyeoh/Desktop/unimods/is3107/project/.venv/lib/python3.11/site-packages/airflow/example_dags/example_branch_labels.py for tasks to queue
[2025-03-21T22:17:06.233+0800] {logging_mixin.py:190} INFO - [2025-03-21T22:17:06.233+0800] {dagbag.py:588} INFO - Filling up the DagBag from /Users/ervinyeoh/Desktop/unimods/is3107/project/.venv/lib/python3.11/site-packages/airflow/example_dags/example_branch_labels.py
[2025-03-21T22:17:06.236+0800] {processor.py:925} INFO - DAG(s) 'example_branch_labels' retrieved from /Users/ervinyeoh/Desktop/unimods/is3107/project/.venv/lib/python3.11/site-packages/airflow/example_dags/example_branch_labels.py
[2025-03-21T22:17:06.290+0800] {logging_mixin.py:190} INFO - [2025-03-21T22:17:06.290+0800] {dag.py:3239} INFO - Sync 1 DAGs
[2025-03-21T22:17:06.296+0800] {logging_mixin.py:190} INFO - [2025-03-21T22:17:06.296+0800] {dag.py:4180} INFO - Setting next_dagrun for example_branch_labels to 2025-03-20 00:00:00+00:00, run_after=2025-03-21 00:00:00+00:00
[2025-03-21T22:17:06.303+0800] {processor.py:208} INFO - Processing /Users/ervinyeoh/Desktop/unimods/is3107/project/.venv/lib/python3.11/site-packages/airflow/example_dags/example_branch_labels.py took 0.072 seconds
[2025-03-21T22:19:32.476+0800] {processor.py:186} INFO - Started process (PID=56751) to work on /Users/ervinyeoh/Desktop/unimods/is3107/project/.venv/lib/python3.11/site-packages/airflow/example_dags/example_branch_labels.py
[2025-03-21T22:19:32.477+0800] {processor.py:914} INFO - Processing file /Users/ervinyeoh/Desktop/unimods/is3107/project/.venv/lib/python3.11/site-packages/airflow/example_dags/example_branch_labels.py for tasks to queue
[2025-03-21T22:19:32.477+0800] {logging_mixin.py:190} INFO - [2025-03-21T22:19:32.477+0800] {dagbag.py:588} INFO - Filling up the DagBag from /Users/ervinyeoh/Desktop/unimods/is3107/project/.venv/lib/python3.11/site-packages/airflow/example_dags/example_branch_labels.py
[2025-03-21T22:19:32.481+0800] {processor.py:925} INFO - DAG(s) 'example_branch_labels' retrieved from /Users/ervinyeoh/Desktop/unimods/is3107/project/.venv/lib/python3.11/site-packages/airflow/example_dags/example_branch_labels.py
[2025-03-21T22:19:32.534+0800] {logging_mixin.py:190} INFO - [2025-03-21T22:19:32.534+0800] {dag.py:3239} INFO - Sync 1 DAGs
[2025-03-21T22:19:32.540+0800] {logging_mixin.py:190} INFO - [2025-03-21T22:19:32.540+0800] {dag.py:4180} INFO - Setting next_dagrun for example_branch_labels to 2025-03-20 00:00:00+00:00, run_after=2025-03-21 00:00:00+00:00
[2025-03-21T22:19:32.547+0800] {processor.py:208} INFO - Processing /Users/ervinyeoh/Desktop/unimods/is3107/project/.venv/lib/python3.11/site-packages/airflow/example_dags/example_branch_labels.py took 0.071 seconds
[2025-03-21T22:21:56.674+0800] {processor.py:186} INFO - Started process (PID=57062) to work on /Users/ervinyeoh/Desktop/unimods/is3107/project/.venv/lib/python3.11/site-packages/airflow/example_dags/example_branch_labels.py
[2025-03-21T22:21:56.675+0800] {processor.py:914} INFO - Processing file /Users/ervinyeoh/Desktop/unimods/is3107/project/.venv/lib/python3.11/site-packages/airflow/example_dags/example_branch_labels.py for tasks to queue
[2025-03-21T22:21:56.676+0800] {logging_mixin.py:190} INFO - [2025-03-21T22:21:56.676+0800] {dagbag.py:588} INFO - Filling up the DagBag from /Users/ervinyeoh/Desktop/unimods/is3107/project/.venv/lib/python3.11/site-packages/airflow/example_dags/example_branch_labels.py
[2025-03-21T22:21:56.679+0800] {processor.py:925} INFO - DAG(s) 'example_branch_labels' retrieved from /Users/ervinyeoh/Desktop/unimods/is3107/project/.venv/lib/python3.11/site-packages/airflow/example_dags/example_branch_labels.py
[2025-03-21T22:21:56.734+0800] {logging_mixin.py:190} INFO - [2025-03-21T22:21:56.734+0800] {dag.py:3239} INFO - Sync 1 DAGs
[2025-03-21T22:21:56.741+0800] {logging_mixin.py:190} INFO - [2025-03-21T22:21:56.741+0800] {dag.py:4180} INFO - Setting next_dagrun for example_branch_labels to 2025-03-20 00:00:00+00:00, run_after=2025-03-21 00:00:00+00:00
[2025-03-21T22:21:56.747+0800] {processor.py:208} INFO - Processing /Users/ervinyeoh/Desktop/unimods/is3107/project/.venv/lib/python3.11/site-packages/airflow/example_dags/example_branch_labels.py took 0.074 seconds
[2025-03-21T22:24:25.713+0800] {processor.py:186} INFO - Started process (PID=57307) to work on /Users/ervinyeoh/Desktop/unimods/is3107/project/.venv/lib/python3.11/site-packages/airflow/example_dags/example_branch_labels.py
[2025-03-21T22:24:25.714+0800] {processor.py:914} INFO - Processing file /Users/ervinyeoh/Desktop/unimods/is3107/project/.venv/lib/python3.11/site-packages/airflow/example_dags/example_branch_labels.py for tasks to queue
[2025-03-21T22:24:25.714+0800] {logging_mixin.py:190} INFO - [2025-03-21T22:24:25.714+0800] {dagbag.py:588} INFO - Filling up the DagBag from /Users/ervinyeoh/Desktop/unimods/is3107/project/.venv/lib/python3.11/site-packages/airflow/example_dags/example_branch_labels.py
[2025-03-21T22:24:25.718+0800] {processor.py:925} INFO - DAG(s) 'example_branch_labels' retrieved from /Users/ervinyeoh/Desktop/unimods/is3107/project/.venv/lib/python3.11/site-packages/airflow/example_dags/example_branch_labels.py
[2025-03-21T22:24:25.771+0800] {logging_mixin.py:190} INFO - [2025-03-21T22:24:25.771+0800] {dag.py:3239} INFO - Sync 1 DAGs
[2025-03-21T22:24:25.777+0800] {logging_mixin.py:190} INFO - [2025-03-21T22:24:25.777+0800] {dag.py:4180} INFO - Setting next_dagrun for example_branch_labels to 2025-03-20 00:00:00+00:00, run_after=2025-03-21 00:00:00+00:00
[2025-03-21T22:24:25.783+0800] {processor.py:208} INFO - Processing /Users/ervinyeoh/Desktop/unimods/is3107/project/.venv/lib/python3.11/site-packages/airflow/example_dags/example_branch_labels.py took 0.072 seconds
[2025-03-21T22:26:46.937+0800] {processor.py:186} INFO - Started process (PID=57589) to work on /Users/ervinyeoh/Desktop/unimods/is3107/project/.venv/lib/python3.11/site-packages/airflow/example_dags/example_branch_labels.py
[2025-03-21T22:26:46.939+0800] {processor.py:914} INFO - Processing file /Users/ervinyeoh/Desktop/unimods/is3107/project/.venv/lib/python3.11/site-packages/airflow/example_dags/example_branch_labels.py for tasks to queue
[2025-03-21T22:26:46.939+0800] {logging_mixin.py:190} INFO - [2025-03-21T22:26:46.939+0800] {dagbag.py:588} INFO - Filling up the DagBag from /Users/ervinyeoh/Desktop/unimods/is3107/project/.venv/lib/python3.11/site-packages/airflow/example_dags/example_branch_labels.py
[2025-03-21T22:26:46.943+0800] {processor.py:925} INFO - DAG(s) 'example_branch_labels' retrieved from /Users/ervinyeoh/Desktop/unimods/is3107/project/.venv/lib/python3.11/site-packages/airflow/example_dags/example_branch_labels.py
[2025-03-21T22:26:46.996+0800] {logging_mixin.py:190} INFO - [2025-03-21T22:26:46.996+0800] {dag.py:3239} INFO - Sync 1 DAGs
[2025-03-21T22:26:47.002+0800] {logging_mixin.py:190} INFO - [2025-03-21T22:26:47.002+0800] {dag.py:4180} INFO - Setting next_dagrun for example_branch_labels to 2025-03-20 00:00:00+00:00, run_after=2025-03-21 00:00:00+00:00
[2025-03-21T22:26:47.008+0800] {processor.py:208} INFO - Processing /Users/ervinyeoh/Desktop/unimods/is3107/project/.venv/lib/python3.11/site-packages/airflow/example_dags/example_branch_labels.py took 0.072 seconds
[2025-03-21T22:29:11.496+0800] {processor.py:186} INFO - Started process (PID=57867) to work on /Users/ervinyeoh/Desktop/unimods/is3107/project/.venv/lib/python3.11/site-packages/airflow/example_dags/example_branch_labels.py
[2025-03-21T22:29:11.497+0800] {processor.py:914} INFO - Processing file /Users/ervinyeoh/Desktop/unimods/is3107/project/.venv/lib/python3.11/site-packages/airflow/example_dags/example_branch_labels.py for tasks to queue
[2025-03-21T22:29:11.497+0800] {logging_mixin.py:190} INFO - [2025-03-21T22:29:11.497+0800] {dagbag.py:588} INFO - Filling up the DagBag from /Users/ervinyeoh/Desktop/unimods/is3107/project/.venv/lib/python3.11/site-packages/airflow/example_dags/example_branch_labels.py
[2025-03-21T22:29:11.501+0800] {processor.py:925} INFO - DAG(s) 'example_branch_labels' retrieved from /Users/ervinyeoh/Desktop/unimods/is3107/project/.venv/lib/python3.11/site-packages/airflow/example_dags/example_branch_labels.py
[2025-03-21T22:29:11.555+0800] {logging_mixin.py:190} INFO - [2025-03-21T22:29:11.554+0800] {dag.py:3239} INFO - Sync 1 DAGs
[2025-03-21T22:29:11.561+0800] {logging_mixin.py:190} INFO - [2025-03-21T22:29:11.561+0800] {dag.py:4180} INFO - Setting next_dagrun for example_branch_labels to 2025-03-20 00:00:00+00:00, run_after=2025-03-21 00:00:00+00:00
[2025-03-21T22:29:11.567+0800] {processor.py:208} INFO - Processing /Users/ervinyeoh/Desktop/unimods/is3107/project/.venv/lib/python3.11/site-packages/airflow/example_dags/example_branch_labels.py took 0.072 seconds
[2025-03-21T22:31:37.455+0800] {processor.py:186} INFO - Started process (PID=58160) to work on /Users/ervinyeoh/Desktop/unimods/is3107/project/.venv/lib/python3.11/site-packages/airflow/example_dags/example_branch_labels.py
[2025-03-21T22:31:37.456+0800] {processor.py:914} INFO - Processing file /Users/ervinyeoh/Desktop/unimods/is3107/project/.venv/lib/python3.11/site-packages/airflow/example_dags/example_branch_labels.py for tasks to queue
[2025-03-21T22:31:37.456+0800] {logging_mixin.py:190} INFO - [2025-03-21T22:31:37.456+0800] {dagbag.py:588} INFO - Filling up the DagBag from /Users/ervinyeoh/Desktop/unimods/is3107/project/.venv/lib/python3.11/site-packages/airflow/example_dags/example_branch_labels.py
[2025-03-21T22:31:37.460+0800] {processor.py:925} INFO - DAG(s) 'example_branch_labels' retrieved from /Users/ervinyeoh/Desktop/unimods/is3107/project/.venv/lib/python3.11/site-packages/airflow/example_dags/example_branch_labels.py
[2025-03-21T22:31:37.514+0800] {logging_mixin.py:190} INFO - [2025-03-21T22:31:37.514+0800] {dag.py:3239} INFO - Sync 1 DAGs
[2025-03-21T22:31:37.521+0800] {logging_mixin.py:190} INFO - [2025-03-21T22:31:37.521+0800] {dag.py:4180} INFO - Setting next_dagrun for example_branch_labels to 2025-03-20 00:00:00+00:00, run_after=2025-03-21 00:00:00+00:00
[2025-03-21T22:31:37.527+0800] {processor.py:208} INFO - Processing /Users/ervinyeoh/Desktop/unimods/is3107/project/.venv/lib/python3.11/site-packages/airflow/example_dags/example_branch_labels.py took 0.073 seconds
[2025-03-21T22:34:03.633+0800] {processor.py:186} INFO - Started process (PID=58421) to work on /Users/ervinyeoh/Desktop/unimods/is3107/project/.venv/lib/python3.11/site-packages/airflow/example_dags/example_branch_labels.py
[2025-03-21T22:34:03.634+0800] {processor.py:914} INFO - Processing file /Users/ervinyeoh/Desktop/unimods/is3107/project/.venv/lib/python3.11/site-packages/airflow/example_dags/example_branch_labels.py for tasks to queue
[2025-03-21T22:34:03.634+0800] {logging_mixin.py:190} INFO - [2025-03-21T22:34:03.634+0800] {dagbag.py:588} INFO - Filling up the DagBag from /Users/ervinyeoh/Desktop/unimods/is3107/project/.venv/lib/python3.11/site-packages/airflow/example_dags/example_branch_labels.py
[2025-03-21T22:34:03.637+0800] {processor.py:925} INFO - DAG(s) 'example_branch_labels' retrieved from /Users/ervinyeoh/Desktop/unimods/is3107/project/.venv/lib/python3.11/site-packages/airflow/example_dags/example_branch_labels.py
[2025-03-21T22:34:03.691+0800] {logging_mixin.py:190} INFO - [2025-03-21T22:34:03.691+0800] {dag.py:3239} INFO - Sync 1 DAGs
[2025-03-21T22:34:03.697+0800] {logging_mixin.py:190} INFO - [2025-03-21T22:34:03.697+0800] {dag.py:4180} INFO - Setting next_dagrun for example_branch_labels to 2025-03-20 00:00:00+00:00, run_after=2025-03-21 00:00:00+00:00
[2025-03-21T22:34:03.703+0800] {processor.py:208} INFO - Processing /Users/ervinyeoh/Desktop/unimods/is3107/project/.venv/lib/python3.11/site-packages/airflow/example_dags/example_branch_labels.py took 0.072 seconds
[2025-03-21T22:36:29.878+0800] {processor.py:186} INFO - Started process (PID=58683) to work on /Users/ervinyeoh/Desktop/unimods/is3107/project/.venv/lib/python3.11/site-packages/airflow/example_dags/example_branch_labels.py
[2025-03-21T22:36:29.878+0800] {processor.py:914} INFO - Processing file /Users/ervinyeoh/Desktop/unimods/is3107/project/.venv/lib/python3.11/site-packages/airflow/example_dags/example_branch_labels.py for tasks to queue
[2025-03-21T22:36:29.879+0800] {logging_mixin.py:190} INFO - [2025-03-21T22:36:29.879+0800] {dagbag.py:588} INFO - Filling up the DagBag from /Users/ervinyeoh/Desktop/unimods/is3107/project/.venv/lib/python3.11/site-packages/airflow/example_dags/example_branch_labels.py
[2025-03-21T22:36:29.883+0800] {processor.py:925} INFO - DAG(s) 'example_branch_labels' retrieved from /Users/ervinyeoh/Desktop/unimods/is3107/project/.venv/lib/python3.11/site-packages/airflow/example_dags/example_branch_labels.py
[2025-03-21T22:36:29.944+0800] {logging_mixin.py:190} INFO - [2025-03-21T22:36:29.944+0800] {dag.py:3239} INFO - Sync 1 DAGs
[2025-03-21T22:36:29.950+0800] {logging_mixin.py:190} INFO - [2025-03-21T22:36:29.950+0800] {dag.py:4180} INFO - Setting next_dagrun for example_branch_labels to 2025-03-20 00:00:00+00:00, run_after=2025-03-21 00:00:00+00:00
[2025-03-21T22:36:29.960+0800] {processor.py:208} INFO - Processing /Users/ervinyeoh/Desktop/unimods/is3107/project/.venv/lib/python3.11/site-packages/airflow/example_dags/example_branch_labels.py took 0.083 seconds
[2025-03-21T22:38:51.160+0800] {processor.py:186} INFO - Started process (PID=58929) to work on /Users/ervinyeoh/Desktop/unimods/is3107/project/.venv/lib/python3.11/site-packages/airflow/example_dags/example_branch_labels.py
[2025-03-21T22:38:51.161+0800] {processor.py:914} INFO - Processing file /Users/ervinyeoh/Desktop/unimods/is3107/project/.venv/lib/python3.11/site-packages/airflow/example_dags/example_branch_labels.py for tasks to queue
[2025-03-21T22:38:51.161+0800] {logging_mixin.py:190} INFO - [2025-03-21T22:38:51.161+0800] {dagbag.py:588} INFO - Filling up the DagBag from /Users/ervinyeoh/Desktop/unimods/is3107/project/.venv/lib/python3.11/site-packages/airflow/example_dags/example_branch_labels.py
[2025-03-21T22:38:51.167+0800] {processor.py:925} INFO - DAG(s) 'example_branch_labels' retrieved from /Users/ervinyeoh/Desktop/unimods/is3107/project/.venv/lib/python3.11/site-packages/airflow/example_dags/example_branch_labels.py
[2025-03-21T22:38:51.244+0800] {logging_mixin.py:190} INFO - [2025-03-21T22:38:51.244+0800] {dag.py:3239} INFO - Sync 1 DAGs
[2025-03-21T22:38:51.252+0800] {logging_mixin.py:190} INFO - [2025-03-21T22:38:51.252+0800] {dag.py:4180} INFO - Setting next_dagrun for example_branch_labels to 2025-03-20 00:00:00+00:00, run_after=2025-03-21 00:00:00+00:00
[2025-03-21T22:38:51.258+0800] {processor.py:208} INFO - Processing /Users/ervinyeoh/Desktop/unimods/is3107/project/.venv/lib/python3.11/site-packages/airflow/example_dags/example_branch_labels.py took 0.100 seconds
[2025-03-21T22:41:19.828+0800] {processor.py:186} INFO - Started process (PID=59189) to work on /Users/ervinyeoh/Desktop/unimods/is3107/project/.venv/lib/python3.11/site-packages/airflow/example_dags/example_branch_labels.py
[2025-03-21T22:41:19.829+0800] {processor.py:914} INFO - Processing file /Users/ervinyeoh/Desktop/unimods/is3107/project/.venv/lib/python3.11/site-packages/airflow/example_dags/example_branch_labels.py for tasks to queue
[2025-03-21T22:41:19.829+0800] {logging_mixin.py:190} INFO - [2025-03-21T22:41:19.829+0800] {dagbag.py:588} INFO - Filling up the DagBag from /Users/ervinyeoh/Desktop/unimods/is3107/project/.venv/lib/python3.11/site-packages/airflow/example_dags/example_branch_labels.py
[2025-03-21T22:41:19.837+0800] {processor.py:925} INFO - DAG(s) 'example_branch_labels' retrieved from /Users/ervinyeoh/Desktop/unimods/is3107/project/.venv/lib/python3.11/site-packages/airflow/example_dags/example_branch_labels.py
[2025-03-21T22:41:19.905+0800] {logging_mixin.py:190} INFO - [2025-03-21T22:41:19.905+0800] {dag.py:3239} INFO - Sync 1 DAGs
[2025-03-21T22:41:19.911+0800] {logging_mixin.py:190} INFO - [2025-03-21T22:41:19.911+0800] {dag.py:4180} INFO - Setting next_dagrun for example_branch_labels to 2025-03-20 00:00:00+00:00, run_after=2025-03-21 00:00:00+00:00
[2025-03-21T22:41:19.918+0800] {processor.py:208} INFO - Processing /Users/ervinyeoh/Desktop/unimods/is3107/project/.venv/lib/python3.11/site-packages/airflow/example_dags/example_branch_labels.py took 0.091 seconds
[2025-03-21T22:43:53.999+0800] {processor.py:186} INFO - Started process (PID=59447) to work on /Users/ervinyeoh/Desktop/unimods/is3107/project/.venv/lib/python3.11/site-packages/airflow/example_dags/example_branch_labels.py
[2025-03-21T22:43:54.000+0800] {processor.py:914} INFO - Processing file /Users/ervinyeoh/Desktop/unimods/is3107/project/.venv/lib/python3.11/site-packages/airflow/example_dags/example_branch_labels.py for tasks to queue
[2025-03-21T22:43:54.000+0800] {logging_mixin.py:190} INFO - [2025-03-21T22:43:54.000+0800] {dagbag.py:588} INFO - Filling up the DagBag from /Users/ervinyeoh/Desktop/unimods/is3107/project/.venv/lib/python3.11/site-packages/airflow/example_dags/example_branch_labels.py
[2025-03-21T22:43:54.003+0800] {processor.py:925} INFO - DAG(s) 'example_branch_labels' retrieved from /Users/ervinyeoh/Desktop/unimods/is3107/project/.venv/lib/python3.11/site-packages/airflow/example_dags/example_branch_labels.py
[2025-03-21T22:43:54.058+0800] {logging_mixin.py:190} INFO - [2025-03-21T22:43:54.058+0800] {dag.py:3239} INFO - Sync 1 DAGs
[2025-03-21T22:43:54.064+0800] {logging_mixin.py:190} INFO - [2025-03-21T22:43:54.064+0800] {dag.py:4180} INFO - Setting next_dagrun for example_branch_labels to 2025-03-20 00:00:00+00:00, run_after=2025-03-21 00:00:00+00:00
[2025-03-21T22:43:54.070+0800] {processor.py:208} INFO - Processing /Users/ervinyeoh/Desktop/unimods/is3107/project/.venv/lib/python3.11/site-packages/airflow/example_dags/example_branch_labels.py took 0.072 seconds
[2025-03-21T22:47:14.075+0800] {processor.py:186} INFO - Started process (PID=59781) to work on /Users/ervinyeoh/Desktop/unimods/is3107/project/.venv/lib/python3.11/site-packages/airflow/example_dags/example_branch_labels.py
[2025-03-21T22:47:14.076+0800] {processor.py:914} INFO - Processing file /Users/ervinyeoh/Desktop/unimods/is3107/project/.venv/lib/python3.11/site-packages/airflow/example_dags/example_branch_labels.py for tasks to queue
[2025-03-21T22:47:14.076+0800] {logging_mixin.py:190} INFO - [2025-03-21T22:47:14.076+0800] {dagbag.py:588} INFO - Filling up the DagBag from /Users/ervinyeoh/Desktop/unimods/is3107/project/.venv/lib/python3.11/site-packages/airflow/example_dags/example_branch_labels.py
[2025-03-21T22:47:14.084+0800] {processor.py:925} INFO - DAG(s) 'example_branch_labels' retrieved from /Users/ervinyeoh/Desktop/unimods/is3107/project/.venv/lib/python3.11/site-packages/airflow/example_dags/example_branch_labels.py
[2025-03-21T22:47:14.193+0800] {logging_mixin.py:190} INFO - [2025-03-21T22:47:14.193+0800] {dag.py:3239} INFO - Sync 1 DAGs
[2025-03-21T22:47:14.206+0800] {logging_mixin.py:190} INFO - [2025-03-21T22:47:14.206+0800] {dag.py:4180} INFO - Setting next_dagrun for example_branch_labels to 2025-03-20 00:00:00+00:00, run_after=2025-03-21 00:00:00+00:00
[2025-03-21T22:47:14.217+0800] {processor.py:208} INFO - Processing /Users/ervinyeoh/Desktop/unimods/is3107/project/.venv/lib/python3.11/site-packages/airflow/example_dags/example_branch_labels.py took 0.145 seconds
[2025-03-21T22:50:42.055+0800] {processor.py:186} INFO - Started process (PID=60137) to work on /Users/ervinyeoh/Desktop/unimods/is3107/project/.venv/lib/python3.11/site-packages/airflow/example_dags/example_branch_labels.py
[2025-03-21T22:50:42.056+0800] {processor.py:914} INFO - Processing file /Users/ervinyeoh/Desktop/unimods/is3107/project/.venv/lib/python3.11/site-packages/airflow/example_dags/example_branch_labels.py for tasks to queue
[2025-03-21T22:50:42.057+0800] {logging_mixin.py:190} INFO - [2025-03-21T22:50:42.057+0800] {dagbag.py:588} INFO - Filling up the DagBag from /Users/ervinyeoh/Desktop/unimods/is3107/project/.venv/lib/python3.11/site-packages/airflow/example_dags/example_branch_labels.py
[2025-03-21T22:50:42.062+0800] {processor.py:925} INFO - DAG(s) 'example_branch_labels' retrieved from /Users/ervinyeoh/Desktop/unimods/is3107/project/.venv/lib/python3.11/site-packages/airflow/example_dags/example_branch_labels.py
[2025-03-21T22:50:42.146+0800] {logging_mixin.py:190} INFO - [2025-03-21T22:50:42.145+0800] {dag.py:3239} INFO - Sync 1 DAGs
[2025-03-21T22:50:42.156+0800] {logging_mixin.py:190} INFO - [2025-03-21T22:50:42.156+0800] {dag.py:4180} INFO - Setting next_dagrun for example_branch_labels to 2025-03-20 00:00:00+00:00, run_after=2025-03-21 00:00:00+00:00
[2025-03-21T22:50:42.167+0800] {processor.py:208} INFO - Processing /Users/ervinyeoh/Desktop/unimods/is3107/project/.venv/lib/python3.11/site-packages/airflow/example_dags/example_branch_labels.py took 0.113 seconds
[2025-03-21T22:54:00.958+0800] {processor.py:186} INFO - Started process (PID=60419) to work on /Users/ervinyeoh/Desktop/unimods/is3107/project/.venv/lib/python3.11/site-packages/airflow/example_dags/example_branch_labels.py
[2025-03-21T22:54:00.959+0800] {processor.py:914} INFO - Processing file /Users/ervinyeoh/Desktop/unimods/is3107/project/.venv/lib/python3.11/site-packages/airflow/example_dags/example_branch_labels.py for tasks to queue
[2025-03-21T22:54:00.959+0800] {logging_mixin.py:190} INFO - [2025-03-21T22:54:00.959+0800] {dagbag.py:588} INFO - Filling up the DagBag from /Users/ervinyeoh/Desktop/unimods/is3107/project/.venv/lib/python3.11/site-packages/airflow/example_dags/example_branch_labels.py
[2025-03-21T22:54:00.965+0800] {processor.py:925} INFO - DAG(s) 'example_branch_labels' retrieved from /Users/ervinyeoh/Desktop/unimods/is3107/project/.venv/lib/python3.11/site-packages/airflow/example_dags/example_branch_labels.py
[2025-03-21T22:54:01.048+0800] {logging_mixin.py:190} INFO - [2025-03-21T22:54:01.048+0800] {dag.py:3239} INFO - Sync 1 DAGs
[2025-03-21T22:54:01.059+0800] {logging_mixin.py:190} INFO - [2025-03-21T22:54:01.059+0800] {dag.py:4180} INFO - Setting next_dagrun for example_branch_labels to 2025-03-20 00:00:00+00:00, run_after=2025-03-21 00:00:00+00:00
[2025-03-21T22:54:01.069+0800] {processor.py:208} INFO - Processing /Users/ervinyeoh/Desktop/unimods/is3107/project/.venv/lib/python3.11/site-packages/airflow/example_dags/example_branch_labels.py took 0.113 seconds
[2025-03-21T22:57:23.163+0800] {processor.py:186} INFO - Started process (PID=60842) to work on /Users/ervinyeoh/Desktop/unimods/is3107/project/.venv/lib/python3.11/site-packages/airflow/example_dags/example_branch_labels.py
[2025-03-21T22:57:23.164+0800] {processor.py:914} INFO - Processing file /Users/ervinyeoh/Desktop/unimods/is3107/project/.venv/lib/python3.11/site-packages/airflow/example_dags/example_branch_labels.py for tasks to queue
[2025-03-21T22:57:23.164+0800] {logging_mixin.py:190} INFO - [2025-03-21T22:57:23.164+0800] {dagbag.py:588} INFO - Filling up the DagBag from /Users/ervinyeoh/Desktop/unimods/is3107/project/.venv/lib/python3.11/site-packages/airflow/example_dags/example_branch_labels.py
[2025-03-21T22:57:23.171+0800] {processor.py:925} INFO - DAG(s) 'example_branch_labels' retrieved from /Users/ervinyeoh/Desktop/unimods/is3107/project/.venv/lib/python3.11/site-packages/airflow/example_dags/example_branch_labels.py
[2025-03-21T22:57:23.253+0800] {logging_mixin.py:190} INFO - [2025-03-21T22:57:23.253+0800] {dag.py:3239} INFO - Sync 1 DAGs
[2025-03-21T22:57:23.263+0800] {logging_mixin.py:190} INFO - [2025-03-21T22:57:23.263+0800] {dag.py:4180} INFO - Setting next_dagrun for example_branch_labels to 2025-03-20 00:00:00+00:00, run_after=2025-03-21 00:00:00+00:00
[2025-03-21T22:57:23.273+0800] {processor.py:208} INFO - Processing /Users/ervinyeoh/Desktop/unimods/is3107/project/.venv/lib/python3.11/site-packages/airflow/example_dags/example_branch_labels.py took 0.112 seconds
[2025-03-21T23:00:45.099+0800] {processor.py:186} INFO - Started process (PID=61165) to work on /Users/ervinyeoh/Desktop/unimods/is3107/project/.venv/lib/python3.11/site-packages/airflow/example_dags/example_branch_labels.py
[2025-03-21T23:00:45.101+0800] {processor.py:914} INFO - Processing file /Users/ervinyeoh/Desktop/unimods/is3107/project/.venv/lib/python3.11/site-packages/airflow/example_dags/example_branch_labels.py for tasks to queue
[2025-03-21T23:00:45.101+0800] {logging_mixin.py:190} INFO - [2025-03-21T23:00:45.101+0800] {dagbag.py:588} INFO - Filling up the DagBag from /Users/ervinyeoh/Desktop/unimods/is3107/project/.venv/lib/python3.11/site-packages/airflow/example_dags/example_branch_labels.py
[2025-03-21T23:00:45.108+0800] {processor.py:925} INFO - DAG(s) 'example_branch_labels' retrieved from /Users/ervinyeoh/Desktop/unimods/is3107/project/.venv/lib/python3.11/site-packages/airflow/example_dags/example_branch_labels.py
[2025-03-21T23:00:45.200+0800] {logging_mixin.py:190} INFO - [2025-03-21T23:00:45.199+0800] {dag.py:3239} INFO - Sync 1 DAGs
[2025-03-21T23:00:45.210+0800] {logging_mixin.py:190} INFO - [2025-03-21T23:00:45.210+0800] {dag.py:4180} INFO - Setting next_dagrun for example_branch_labels to 2025-03-20 00:00:00+00:00, run_after=2025-03-21 00:00:00+00:00
[2025-03-21T23:00:45.220+0800] {processor.py:208} INFO - Processing /Users/ervinyeoh/Desktop/unimods/is3107/project/.venv/lib/python3.11/site-packages/airflow/example_dags/example_branch_labels.py took 0.125 seconds
[2025-03-21T23:04:15.911+0800] {processor.py:186} INFO - Started process (PID=61482) to work on /Users/ervinyeoh/Desktop/unimods/is3107/project/.venv/lib/python3.11/site-packages/airflow/example_dags/example_branch_labels.py
[2025-03-21T23:04:15.912+0800] {processor.py:914} INFO - Processing file /Users/ervinyeoh/Desktop/unimods/is3107/project/.venv/lib/python3.11/site-packages/airflow/example_dags/example_branch_labels.py for tasks to queue
[2025-03-21T23:04:15.913+0800] {logging_mixin.py:190} INFO - [2025-03-21T23:04:15.913+0800] {dagbag.py:588} INFO - Filling up the DagBag from /Users/ervinyeoh/Desktop/unimods/is3107/project/.venv/lib/python3.11/site-packages/airflow/example_dags/example_branch_labels.py
[2025-03-21T23:04:15.919+0800] {processor.py:925} INFO - DAG(s) 'example_branch_labels' retrieved from /Users/ervinyeoh/Desktop/unimods/is3107/project/.venv/lib/python3.11/site-packages/airflow/example_dags/example_branch_labels.py
[2025-03-21T23:04:16.018+0800] {logging_mixin.py:190} INFO - [2025-03-21T23:04:16.018+0800] {dag.py:3239} INFO - Sync 1 DAGs
[2025-03-21T23:04:16.030+0800] {logging_mixin.py:190} INFO - [2025-03-21T23:04:16.030+0800] {dag.py:4180} INFO - Setting next_dagrun for example_branch_labels to 2025-03-20 00:00:00+00:00, run_after=2025-03-21 00:00:00+00:00
[2025-03-21T23:04:16.041+0800] {processor.py:208} INFO - Processing /Users/ervinyeoh/Desktop/unimods/is3107/project/.venv/lib/python3.11/site-packages/airflow/example_dags/example_branch_labels.py took 0.132 seconds
[2025-03-21T23:08:00.546+0800] {processor.py:186} INFO - Started process (PID=61840) to work on /Users/ervinyeoh/Desktop/unimods/is3107/project/.venv/lib/python3.11/site-packages/airflow/example_dags/example_branch_labels.py
[2025-03-21T23:08:00.547+0800] {processor.py:914} INFO - Processing file /Users/ervinyeoh/Desktop/unimods/is3107/project/.venv/lib/python3.11/site-packages/airflow/example_dags/example_branch_labels.py for tasks to queue
[2025-03-21T23:08:00.547+0800] {logging_mixin.py:190} INFO - [2025-03-21T23:08:00.547+0800] {dagbag.py:588} INFO - Filling up the DagBag from /Users/ervinyeoh/Desktop/unimods/is3107/project/.venv/lib/python3.11/site-packages/airflow/example_dags/example_branch_labels.py
[2025-03-21T23:08:00.565+0800] {processor.py:925} INFO - DAG(s) 'example_branch_labels' retrieved from /Users/ervinyeoh/Desktop/unimods/is3107/project/.venv/lib/python3.11/site-packages/airflow/example_dags/example_branch_labels.py
[2025-03-21T23:08:00.693+0800] {logging_mixin.py:190} INFO - [2025-03-21T23:08:00.693+0800] {dag.py:3239} INFO - Sync 1 DAGs
[2025-03-21T23:08:00.712+0800] {logging_mixin.py:190} INFO - [2025-03-21T23:08:00.712+0800] {dag.py:4180} INFO - Setting next_dagrun for example_branch_labels to 2025-03-20 00:00:00+00:00, run_after=2025-03-21 00:00:00+00:00
[2025-03-21T23:08:00.723+0800] {processor.py:208} INFO - Processing /Users/ervinyeoh/Desktop/unimods/is3107/project/.venv/lib/python3.11/site-packages/airflow/example_dags/example_branch_labels.py took 0.179 seconds
[2025-03-21T23:11:42.503+0800] {processor.py:186} INFO - Started process (PID=62254) to work on /Users/ervinyeoh/Desktop/unimods/is3107/project/.venv/lib/python3.11/site-packages/airflow/example_dags/example_branch_labels.py
[2025-03-21T23:11:42.504+0800] {processor.py:914} INFO - Processing file /Users/ervinyeoh/Desktop/unimods/is3107/project/.venv/lib/python3.11/site-packages/airflow/example_dags/example_branch_labels.py for tasks to queue
[2025-03-21T23:11:42.505+0800] {logging_mixin.py:190} INFO - [2025-03-21T23:11:42.505+0800] {dagbag.py:588} INFO - Filling up the DagBag from /Users/ervinyeoh/Desktop/unimods/is3107/project/.venv/lib/python3.11/site-packages/airflow/example_dags/example_branch_labels.py
[2025-03-21T23:11:42.511+0800] {processor.py:925} INFO - DAG(s) 'example_branch_labels' retrieved from /Users/ervinyeoh/Desktop/unimods/is3107/project/.venv/lib/python3.11/site-packages/airflow/example_dags/example_branch_labels.py
[2025-03-21T23:11:42.593+0800] {logging_mixin.py:190} INFO - [2025-03-21T23:11:42.593+0800] {dag.py:3239} INFO - Sync 1 DAGs
[2025-03-21T23:11:42.604+0800] {logging_mixin.py:190} INFO - [2025-03-21T23:11:42.604+0800] {dag.py:4180} INFO - Setting next_dagrun for example_branch_labels to 2025-03-20 00:00:00+00:00, run_after=2025-03-21 00:00:00+00:00
[2025-03-21T23:11:42.614+0800] {processor.py:208} INFO - Processing /Users/ervinyeoh/Desktop/unimods/is3107/project/.venv/lib/python3.11/site-packages/airflow/example_dags/example_branch_labels.py took 0.113 seconds
[2025-03-21T23:15:19.163+0800] {processor.py:186} INFO - Started process (PID=62598) to work on /Users/ervinyeoh/Desktop/unimods/is3107/project/.venv/lib/python3.11/site-packages/airflow/example_dags/example_branch_labels.py
[2025-03-21T23:15:19.164+0800] {processor.py:914} INFO - Processing file /Users/ervinyeoh/Desktop/unimods/is3107/project/.venv/lib/python3.11/site-packages/airflow/example_dags/example_branch_labels.py for tasks to queue
[2025-03-21T23:15:19.165+0800] {logging_mixin.py:190} INFO - [2025-03-21T23:15:19.165+0800] {dagbag.py:588} INFO - Filling up the DagBag from /Users/ervinyeoh/Desktop/unimods/is3107/project/.venv/lib/python3.11/site-packages/airflow/example_dags/example_branch_labels.py
[2025-03-21T23:15:19.171+0800] {processor.py:925} INFO - DAG(s) 'example_branch_labels' retrieved from /Users/ervinyeoh/Desktop/unimods/is3107/project/.venv/lib/python3.11/site-packages/airflow/example_dags/example_branch_labels.py
[2025-03-21T23:15:19.253+0800] {logging_mixin.py:190} INFO - [2025-03-21T23:15:19.253+0800] {dag.py:3239} INFO - Sync 1 DAGs
[2025-03-21T23:15:19.265+0800] {logging_mixin.py:190} INFO - [2025-03-21T23:15:19.265+0800] {dag.py:4180} INFO - Setting next_dagrun for example_branch_labels to 2025-03-20 00:00:00+00:00, run_after=2025-03-21 00:00:00+00:00
[2025-03-21T23:15:19.275+0800] {processor.py:208} INFO - Processing /Users/ervinyeoh/Desktop/unimods/is3107/project/.venv/lib/python3.11/site-packages/airflow/example_dags/example_branch_labels.py took 0.114 seconds
[2025-03-21T23:19:00.105+0800] {processor.py:186} INFO - Started process (PID=62925) to work on /Users/ervinyeoh/Desktop/unimods/is3107/project/.venv/lib/python3.11/site-packages/airflow/example_dags/example_branch_labels.py
[2025-03-21T23:19:00.106+0800] {processor.py:914} INFO - Processing file /Users/ervinyeoh/Desktop/unimods/is3107/project/.venv/lib/python3.11/site-packages/airflow/example_dags/example_branch_labels.py for tasks to queue
[2025-03-21T23:19:00.107+0800] {logging_mixin.py:190} INFO - [2025-03-21T23:19:00.106+0800] {dagbag.py:588} INFO - Filling up the DagBag from /Users/ervinyeoh/Desktop/unimods/is3107/project/.venv/lib/python3.11/site-packages/airflow/example_dags/example_branch_labels.py
[2025-03-21T23:19:00.116+0800] {processor.py:925} INFO - DAG(s) 'example_branch_labels' retrieved from /Users/ervinyeoh/Desktop/unimods/is3107/project/.venv/lib/python3.11/site-packages/airflow/example_dags/example_branch_labels.py
[2025-03-21T23:19:00.254+0800] {logging_mixin.py:190} INFO - [2025-03-21T23:19:00.254+0800] {dag.py:3239} INFO - Sync 1 DAGs
[2025-03-21T23:19:00.266+0800] {logging_mixin.py:190} INFO - [2025-03-21T23:19:00.265+0800] {dag.py:4180} INFO - Setting next_dagrun for example_branch_labels to 2025-03-20 00:00:00+00:00, run_after=2025-03-21 00:00:00+00:00
[2025-03-21T23:19:00.276+0800] {processor.py:208} INFO - Processing /Users/ervinyeoh/Desktop/unimods/is3107/project/.venv/lib/python3.11/site-packages/airflow/example_dags/example_branch_labels.py took 0.173 seconds
[2025-03-21T23:22:39.857+0800] {processor.py:186} INFO - Started process (PID=63347) to work on /Users/ervinyeoh/Desktop/unimods/is3107/project/.venv/lib/python3.11/site-packages/airflow/example_dags/example_branch_labels.py
[2025-03-21T23:22:39.858+0800] {processor.py:914} INFO - Processing file /Users/ervinyeoh/Desktop/unimods/is3107/project/.venv/lib/python3.11/site-packages/airflow/example_dags/example_branch_labels.py for tasks to queue
[2025-03-21T23:22:39.859+0800] {logging_mixin.py:190} INFO - [2025-03-21T23:22:39.859+0800] {dagbag.py:588} INFO - Filling up the DagBag from /Users/ervinyeoh/Desktop/unimods/is3107/project/.venv/lib/python3.11/site-packages/airflow/example_dags/example_branch_labels.py
[2025-03-21T23:22:39.865+0800] {processor.py:925} INFO - DAG(s) 'example_branch_labels' retrieved from /Users/ervinyeoh/Desktop/unimods/is3107/project/.venv/lib/python3.11/site-packages/airflow/example_dags/example_branch_labels.py
[2025-03-21T23:22:39.947+0800] {logging_mixin.py:190} INFO - [2025-03-21T23:22:39.947+0800] {dag.py:3239} INFO - Sync 1 DAGs
[2025-03-21T23:22:39.960+0800] {logging_mixin.py:190} INFO - [2025-03-21T23:22:39.959+0800] {dag.py:4180} INFO - Setting next_dagrun for example_branch_labels to 2025-03-20 00:00:00+00:00, run_after=2025-03-21 00:00:00+00:00
[2025-03-21T23:22:39.975+0800] {processor.py:208} INFO - Processing /Users/ervinyeoh/Desktop/unimods/is3107/project/.venv/lib/python3.11/site-packages/airflow/example_dags/example_branch_labels.py took 0.119 seconds
[2025-03-21T23:26:41.230+0800] {processor.py:186} INFO - Started process (PID=63723) to work on /Users/ervinyeoh/Desktop/unimods/is3107/project/.venv/lib/python3.11/site-packages/airflow/example_dags/example_branch_labels.py
[2025-03-21T23:26:41.231+0800] {processor.py:914} INFO - Processing file /Users/ervinyeoh/Desktop/unimods/is3107/project/.venv/lib/python3.11/site-packages/airflow/example_dags/example_branch_labels.py for tasks to queue
[2025-03-21T23:26:41.232+0800] {logging_mixin.py:190} INFO - [2025-03-21T23:26:41.232+0800] {dagbag.py:588} INFO - Filling up the DagBag from /Users/ervinyeoh/Desktop/unimods/is3107/project/.venv/lib/python3.11/site-packages/airflow/example_dags/example_branch_labels.py
[2025-03-21T23:26:41.239+0800] {processor.py:925} INFO - DAG(s) 'example_branch_labels' retrieved from /Users/ervinyeoh/Desktop/unimods/is3107/project/.venv/lib/python3.11/site-packages/airflow/example_dags/example_branch_labels.py
[2025-03-21T23:26:41.334+0800] {logging_mixin.py:190} INFO - [2025-03-21T23:26:41.334+0800] {dag.py:3239} INFO - Sync 1 DAGs
[2025-03-21T23:26:41.346+0800] {logging_mixin.py:190} INFO - [2025-03-21T23:26:41.346+0800] {dag.py:4180} INFO - Setting next_dagrun for example_branch_labels to 2025-03-20 00:00:00+00:00, run_after=2025-03-21 00:00:00+00:00
[2025-03-21T23:26:41.357+0800] {processor.py:208} INFO - Processing /Users/ervinyeoh/Desktop/unimods/is3107/project/.venv/lib/python3.11/site-packages/airflow/example_dags/example_branch_labels.py took 0.128 seconds
[2025-03-21T23:30:10.351+0800] {processor.py:186} INFO - Started process (PID=64040) to work on /Users/ervinyeoh/Desktop/unimods/is3107/project/.venv/lib/python3.11/site-packages/airflow/example_dags/example_branch_labels.py
[2025-03-21T23:30:10.352+0800] {processor.py:914} INFO - Processing file /Users/ervinyeoh/Desktop/unimods/is3107/project/.venv/lib/python3.11/site-packages/airflow/example_dags/example_branch_labels.py for tasks to queue
[2025-03-21T23:30:10.352+0800] {logging_mixin.py:190} INFO - [2025-03-21T23:30:10.352+0800] {dagbag.py:588} INFO - Filling up the DagBag from /Users/ervinyeoh/Desktop/unimods/is3107/project/.venv/lib/python3.11/site-packages/airflow/example_dags/example_branch_labels.py
[2025-03-21T23:30:10.358+0800] {processor.py:925} INFO - DAG(s) 'example_branch_labels' retrieved from /Users/ervinyeoh/Desktop/unimods/is3107/project/.venv/lib/python3.11/site-packages/airflow/example_dags/example_branch_labels.py
[2025-03-21T23:30:10.446+0800] {logging_mixin.py:190} INFO - [2025-03-21T23:30:10.446+0800] {dag.py:3239} INFO - Sync 1 DAGs
[2025-03-21T23:30:10.457+0800] {logging_mixin.py:190} INFO - [2025-03-21T23:30:10.456+0800] {dag.py:4180} INFO - Setting next_dagrun for example_branch_labels to 2025-03-20 00:00:00+00:00, run_after=2025-03-21 00:00:00+00:00
[2025-03-21T23:30:10.467+0800] {processor.py:208} INFO - Processing /Users/ervinyeoh/Desktop/unimods/is3107/project/.venv/lib/python3.11/site-packages/airflow/example_dags/example_branch_labels.py took 0.118 seconds
[2025-03-21T23:33:37.162+0800] {processor.py:186} INFO - Started process (PID=64401) to work on /Users/ervinyeoh/Desktop/unimods/is3107/project/.venv/lib/python3.11/site-packages/airflow/example_dags/example_branch_labels.py
[2025-03-21T23:33:37.163+0800] {processor.py:914} INFO - Processing file /Users/ervinyeoh/Desktop/unimods/is3107/project/.venv/lib/python3.11/site-packages/airflow/example_dags/example_branch_labels.py for tasks to queue
[2025-03-21T23:33:37.164+0800] {logging_mixin.py:190} INFO - [2025-03-21T23:33:37.164+0800] {dagbag.py:588} INFO - Filling up the DagBag from /Users/ervinyeoh/Desktop/unimods/is3107/project/.venv/lib/python3.11/site-packages/airflow/example_dags/example_branch_labels.py
[2025-03-21T23:33:37.172+0800] {processor.py:925} INFO - DAG(s) 'example_branch_labels' retrieved from /Users/ervinyeoh/Desktop/unimods/is3107/project/.venv/lib/python3.11/site-packages/airflow/example_dags/example_branch_labels.py
[2025-03-21T23:33:37.310+0800] {logging_mixin.py:190} INFO - [2025-03-21T23:33:37.310+0800] {dag.py:3239} INFO - Sync 1 DAGs
[2025-03-21T23:33:37.324+0800] {logging_mixin.py:190} INFO - [2025-03-21T23:33:37.324+0800] {dag.py:4180} INFO - Setting next_dagrun for example_branch_labels to 2025-03-20 00:00:00+00:00, run_after=2025-03-21 00:00:00+00:00
[2025-03-21T23:33:37.335+0800] {processor.py:208} INFO - Processing /Users/ervinyeoh/Desktop/unimods/is3107/project/.venv/lib/python3.11/site-packages/airflow/example_dags/example_branch_labels.py took 0.174 seconds
[2025-03-21T23:37:17.163+0800] {processor.py:186} INFO - Started process (PID=64742) to work on /Users/ervinyeoh/Desktop/unimods/is3107/project/.venv/lib/python3.11/site-packages/airflow/example_dags/example_branch_labels.py
[2025-03-21T23:37:17.164+0800] {processor.py:914} INFO - Processing file /Users/ervinyeoh/Desktop/unimods/is3107/project/.venv/lib/python3.11/site-packages/airflow/example_dags/example_branch_labels.py for tasks to queue
[2025-03-21T23:37:17.165+0800] {logging_mixin.py:190} INFO - [2025-03-21T23:37:17.164+0800] {dagbag.py:588} INFO - Filling up the DagBag from /Users/ervinyeoh/Desktop/unimods/is3107/project/.venv/lib/python3.11/site-packages/airflow/example_dags/example_branch_labels.py
[2025-03-21T23:37:17.172+0800] {processor.py:925} INFO - DAG(s) 'example_branch_labels' retrieved from /Users/ervinyeoh/Desktop/unimods/is3107/project/.venv/lib/python3.11/site-packages/airflow/example_dags/example_branch_labels.py
[2025-03-21T23:37:17.260+0800] {logging_mixin.py:190} INFO - [2025-03-21T23:37:17.260+0800] {dag.py:3239} INFO - Sync 1 DAGs
[2025-03-21T23:37:17.272+0800] {logging_mixin.py:190} INFO - [2025-03-21T23:37:17.272+0800] {dag.py:4180} INFO - Setting next_dagrun for example_branch_labels to 2025-03-20 00:00:00+00:00, run_after=2025-03-21 00:00:00+00:00
[2025-03-21T23:37:17.283+0800] {processor.py:208} INFO - Processing /Users/ervinyeoh/Desktop/unimods/is3107/project/.venv/lib/python3.11/site-packages/airflow/example_dags/example_branch_labels.py took 0.122 seconds
[2025-03-21T23:41:11.381+0800] {processor.py:186} INFO - Started process (PID=65091) to work on /Users/ervinyeoh/Desktop/unimods/is3107/project/.venv/lib/python3.11/site-packages/airflow/example_dags/example_branch_labels.py
[2025-03-21T23:41:11.382+0800] {processor.py:914} INFO - Processing file /Users/ervinyeoh/Desktop/unimods/is3107/project/.venv/lib/python3.11/site-packages/airflow/example_dags/example_branch_labels.py for tasks to queue
[2025-03-21T23:41:11.382+0800] {logging_mixin.py:190} INFO - [2025-03-21T23:41:11.382+0800] {dagbag.py:588} INFO - Filling up the DagBag from /Users/ervinyeoh/Desktop/unimods/is3107/project/.venv/lib/python3.11/site-packages/airflow/example_dags/example_branch_labels.py
[2025-03-21T23:41:11.388+0800] {processor.py:925} INFO - DAG(s) 'example_branch_labels' retrieved from /Users/ervinyeoh/Desktop/unimods/is3107/project/.venv/lib/python3.11/site-packages/airflow/example_dags/example_branch_labels.py
[2025-03-21T23:41:11.471+0800] {logging_mixin.py:190} INFO - [2025-03-21T23:41:11.471+0800] {dag.py:3239} INFO - Sync 1 DAGs
[2025-03-21T23:41:11.482+0800] {logging_mixin.py:190} INFO - [2025-03-21T23:41:11.481+0800] {dag.py:4180} INFO - Setting next_dagrun for example_branch_labels to 2025-03-20 00:00:00+00:00, run_after=2025-03-21 00:00:00+00:00
[2025-03-21T23:41:11.493+0800] {processor.py:208} INFO - Processing /Users/ervinyeoh/Desktop/unimods/is3107/project/.venv/lib/python3.11/site-packages/airflow/example_dags/example_branch_labels.py took 0.114 seconds
[2025-03-21T23:44:30.414+0800] {processor.py:186} INFO - Started process (PID=65405) to work on /Users/ervinyeoh/Desktop/unimods/is3107/project/.venv/lib/python3.11/site-packages/airflow/example_dags/example_branch_labels.py
[2025-03-21T23:44:30.415+0800] {processor.py:914} INFO - Processing file /Users/ervinyeoh/Desktop/unimods/is3107/project/.venv/lib/python3.11/site-packages/airflow/example_dags/example_branch_labels.py for tasks to queue
[2025-03-21T23:44:30.416+0800] {logging_mixin.py:190} INFO - [2025-03-21T23:44:30.416+0800] {dagbag.py:588} INFO - Filling up the DagBag from /Users/ervinyeoh/Desktop/unimods/is3107/project/.venv/lib/python3.11/site-packages/airflow/example_dags/example_branch_labels.py
[2025-03-21T23:44:30.423+0800] {processor.py:925} INFO - DAG(s) 'example_branch_labels' retrieved from /Users/ervinyeoh/Desktop/unimods/is3107/project/.venv/lib/python3.11/site-packages/airflow/example_dags/example_branch_labels.py
[2025-03-21T23:44:30.548+0800] {logging_mixin.py:190} INFO - [2025-03-21T23:44:30.548+0800] {dag.py:3239} INFO - Sync 1 DAGs
[2025-03-21T23:44:30.559+0800] {logging_mixin.py:190} INFO - [2025-03-21T23:44:30.559+0800] {dag.py:4180} INFO - Setting next_dagrun for example_branch_labels to 2025-03-20 00:00:00+00:00, run_after=2025-03-21 00:00:00+00:00
[2025-03-21T23:44:30.569+0800] {processor.py:208} INFO - Processing /Users/ervinyeoh/Desktop/unimods/is3107/project/.venv/lib/python3.11/site-packages/airflow/example_dags/example_branch_labels.py took 0.157 seconds
