[2025-03-22T12:54:59.676+0800] {local_task_job_runner.py:123} INFO - ::group::Pre task execution logs
[2025-03-22T12:54:59.684+0800] {taskinstance.py:2614} INFO - Dependencies all met for dep_context=non-requeueable deps ti=<TaskInstance: reddit_yf_scraper.upload_yf_to_gcs manual__2025-03-22T04:51:49.743436+00:00 [queued]>
[2025-03-22T12:54:59.687+0800] {taskinstance.py:2614} INFO - Dependencies all met for dep_context=requeueable deps ti=<TaskInstance: reddit_yf_scraper.upload_yf_to_gcs manual__2025-03-22T04:51:49.743436+00:00 [queued]>
[2025-03-22T12:54:59.688+0800] {taskinstance.py:2867} INFO - Starting attempt 1 of 2
[2025-03-22T12:54:59.693+0800] {taskinstance.py:2890} INFO - Executing <Task(LocalFilesystemToGCSOperator): upload_yf_to_gcs> on 2025-03-22 04:51:49.743436+00:00
[2025-03-22T12:54:59.696+0800] {standard_task_runner.py:72} INFO - Started process 68584 to run task
[2025-03-22T12:54:59.699+0800] {standard_task_runner.py:104} INFO - Running: ['airflow', 'tasks', 'run', 'reddit_yf_scraper', 'upload_yf_to_gcs', 'manual__2025-03-22T04:51:49.743436+00:00', '--job-id', '105', '--raw', '--subdir', 'DAGS_FOLDER/dag.py', '--cfg-path', '/var/folders/xg/h9xj0trn3dxds251bj2q6hf80000gn/T/tmp5vcxipgj']
[2025-03-22T12:54:59.700+0800] {standard_task_runner.py:105} INFO - Job 105: Subtask upload_yf_to_gcs
[2025-03-22T12:54:59.732+0800] {task_command.py:467} INFO - Running <TaskInstance: reddit_yf_scraper.upload_yf_to_gcs manual__2025-03-22T04:51:49.743436+00:00 [running]> on host ervins-air-2
[2025-03-22T12:54:59.779+0800] {taskinstance.py:3134} INFO - Exporting env vars: AIRFLOW_CTX_DAG_OWNER='airflow' AIRFLOW_CTX_DAG_ID='reddit_yf_scraper' AIRFLOW_CTX_TASK_ID='upload_yf_to_gcs' AIRFLOW_CTX_EXECUTION_DATE='2025-03-22T04:51:49.743436+00:00' AIRFLOW_CTX_TRY_NUMBER='1' AIRFLOW_CTX_DAG_RUN_ID='manual__2025-03-22T04:51:49.743436+00:00'
[2025-03-22T12:54:59.780+0800] {logging_mixin.py:190} INFO - Task instance is in running state
[2025-03-22T12:54:59.781+0800] {logging_mixin.py:190} INFO -  Previous state of the Task instance: queued
[2025-03-22T12:54:59.781+0800] {logging_mixin.py:190} INFO - Current task name:upload_yf_to_gcs state:running start_date:2025-03-22 04:54:59.684350+00:00
[2025-03-22T12:54:59.781+0800] {logging_mixin.py:190} INFO - Dag name:reddit_yf_scraper and current dag run status:running
[2025-03-22T12:54:59.781+0800] {taskinstance.py:732} INFO - ::endgroup::
[2025-03-22T12:54:59.785+0800] {connection.py:277} WARNING - Connection schemes (type: google_cloud_platform) shall not contain '_' according to RFC3986.
[2025-03-22T12:54:59.788+0800] {base.py:84} INFO - Retrieving connection 'google_cloud_default'
[2025-03-22T12:55:00.439+0800] {gcs.py:579} INFO - File /Users/ervinyeoh/Desktop/unimods/is3107/project/airflow/snp500-yf/JPM_yf_last24hours.csv uploaded to yf/JPM_yf_last24hours.csv in my-data-is3107 bucket
[2025-03-22T12:55:00.441+0800] {hook.py:208} WARNING - Data lineage tracking is disabled. Register a hook lineage reader to start tracking hook lineage.
[2025-03-22T12:55:01.725+0800] {hook.py:208} WARNING - Data lineage tracking is disabled. Register a hook lineage reader to start tracking hook lineage.
[2025-03-22T12:55:01.726+0800] {gcs.py:579} INFO - File /Users/ervinyeoh/Desktop/unimods/is3107/project/airflow/snp500-yf/AMZN_yf_last24hours.csv uploaded to yf/AMZN_yf_last24hours.csv in my-data-is3107 bucket
[2025-03-22T12:55:01.727+0800] {hook.py:208} WARNING - Data lineage tracking is disabled. Register a hook lineage reader to start tracking hook lineage.
[2025-03-22T12:55:03.264+0800] {hook.py:208} WARNING - Data lineage tracking is disabled. Register a hook lineage reader to start tracking hook lineage.
[2025-03-22T12:55:03.266+0800] {gcs.py:579} INFO - File /Users/ervinyeoh/Desktop/unimods/is3107/project/airflow/snp500-yf/MSFT_yf_last24hours.csv uploaded to yf/MSFT_yf_last24hours.csv in my-data-is3107 bucket
[2025-03-22T12:55:03.267+0800] {hook.py:208} WARNING - Data lineage tracking is disabled. Register a hook lineage reader to start tracking hook lineage.
[2025-03-22T12:55:03.569+0800] {hook.py:208} WARNING - Data lineage tracking is disabled. Register a hook lineage reader to start tracking hook lineage.
[2025-03-22T12:55:03.571+0800] {gcs.py:579} INFO - File /Users/ervinyeoh/Desktop/unimods/is3107/project/airflow/snp500-yf/GOOG_yf_last24hours.csv uploaded to yf/GOOG_yf_last24hours.csv in my-data-is3107 bucket
[2025-03-22T12:55:03.571+0800] {hook.py:208} WARNING - Data lineage tracking is disabled. Register a hook lineage reader to start tracking hook lineage.
[2025-03-22T12:55:04.798+0800] {hook.py:208} WARNING - Data lineage tracking is disabled. Register a hook lineage reader to start tracking hook lineage.
[2025-03-22T12:55:04.798+0800] {gcs.py:579} INFO - File /Users/ervinyeoh/Desktop/unimods/is3107/project/airflow/snp500-yf/META_yf_last24hours.csv uploaded to yf/META_yf_last24hours.csv in my-data-is3107 bucket
[2025-03-22T12:55:04.799+0800] {hook.py:208} WARNING - Data lineage tracking is disabled. Register a hook lineage reader to start tracking hook lineage.
[2025-03-22T12:55:05.110+0800] {hook.py:208} WARNING - Data lineage tracking is disabled. Register a hook lineage reader to start tracking hook lineage.
[2025-03-22T12:55:05.123+0800] {gcs.py:579} INFO - File /Users/ervinyeoh/Desktop/unimods/is3107/project/airflow/snp500-yf/NVDA_yf_last24hours.csv uploaded to yf/NVDA_yf_last24hours.csv in my-data-is3107 bucket
[2025-03-22T12:55:05.130+0800] {hook.py:208} WARNING - Data lineage tracking is disabled. Register a hook lineage reader to start tracking hook lineage.
[2025-03-22T12:55:06.257+0800] {hook.py:208} WARNING - Data lineage tracking is disabled. Register a hook lineage reader to start tracking hook lineage.
[2025-03-22T12:55:06.259+0800] {gcs.py:579} INFO - File /Users/ervinyeoh/Desktop/unimods/is3107/project/airflow/snp500-yf/V_yf_last24hours.csv uploaded to yf/V_yf_last24hours.csv in my-data-is3107 bucket
[2025-03-22T12:55:06.260+0800] {hook.py:208} WARNING - Data lineage tracking is disabled. Register a hook lineage reader to start tracking hook lineage.
[2025-03-22T12:55:06.641+0800] {hook.py:208} WARNING - Data lineage tracking is disabled. Register a hook lineage reader to start tracking hook lineage.
[2025-03-22T12:55:06.643+0800] {gcs.py:579} INFO - File /Users/ervinyeoh/Desktop/unimods/is3107/project/airflow/snp500-yf/AAPL_yf_last24hours.csv uploaded to yf/AAPL_yf_last24hours.csv in my-data-is3107 bucket
[2025-03-22T12:55:06.644+0800] {hook.py:208} WARNING - Data lineage tracking is disabled. Register a hook lineage reader to start tracking hook lineage.
[2025-03-22T12:55:07.768+0800] {hook.py:208} WARNING - Data lineage tracking is disabled. Register a hook lineage reader to start tracking hook lineage.
[2025-03-22T12:55:07.770+0800] {gcs.py:579} INFO - File /Users/ervinyeoh/Desktop/unimods/is3107/project/airflow/snp500-yf/TSLA_yf_last24hours.csv uploaded to yf/TSLA_yf_last24hours.csv in my-data-is3107 bucket
[2025-03-22T12:55:07.770+0800] {hook.py:208} WARNING - Data lineage tracking is disabled. Register a hook lineage reader to start tracking hook lineage.
[2025-03-22T12:55:08.181+0800] {hook.py:208} WARNING - Data lineage tracking is disabled. Register a hook lineage reader to start tracking hook lineage.
[2025-03-22T12:55:08.183+0800] {gcs.py:579} INFO - File /Users/ervinyeoh/Desktop/unimods/is3107/project/airflow/snp500-yf/AVGO_yf_last24hours.csv uploaded to yf/AVGO_yf_last24hours.csv in my-data-is3107 bucket
[2025-03-22T12:55:08.184+0800] {hook.py:208} WARNING - Data lineage tracking is disabled. Register a hook lineage reader to start tracking hook lineage.
[2025-03-22T12:55:09.407+0800] {hook.py:208} WARNING - Data lineage tracking is disabled. Register a hook lineage reader to start tracking hook lineage.
[2025-03-22T12:55:09.409+0800] {gcs.py:579} INFO - File /Users/ervinyeoh/Desktop/unimods/is3107/project/airflow/snp500-yf/GOOGL_yf_last24hours.csv uploaded to yf/GOOGL_yf_last24hours.csv in my-data-is3107 bucket
[2025-03-22T12:55:09.409+0800] {hook.py:208} WARNING - Data lineage tracking is disabled. Register a hook lineage reader to start tracking hook lineage.
[2025-03-22T12:55:09.425+0800] {taskinstance.py:341} INFO - ::group::Post task execution logs
[2025-03-22T12:55:09.426+0800] {taskinstance.py:353} INFO - Marking task as SUCCESS. dag_id=reddit_yf_scraper, task_id=upload_yf_to_gcs, run_id=manual__2025-03-22T04:51:49.743436+00:00, execution_date=20250322T045149, start_date=20250322T045459, end_date=20250322T045509
[2025-03-22T12:55:09.439+0800] {logging_mixin.py:190} INFO - Task instance in success state
[2025-03-22T12:55:09.439+0800] {logging_mixin.py:190} INFO -  Previous state of the Task instance: running
[2025-03-22T12:55:09.440+0800] {logging_mixin.py:190} INFO - Dag name:reddit_yf_scraper queued_at:2025-03-22 04:51:49.756019+00:00
[2025-03-22T12:55:09.440+0800] {logging_mixin.py:190} INFO - Task hostname:ervins-air-2 operator:LocalFilesystemToGCSOperator
[2025-03-22T12:55:09.454+0800] {local_task_job_runner.py:266} INFO - Task exited with return code 0
[2025-03-22T12:55:09.464+0800] {taskinstance.py:3901} INFO - 0 downstream tasks scheduled from follow-on schedule check
[2025-03-22T12:55:09.465+0800] {local_task_job_runner.py:245} INFO - ::endgroup::
