[2025-04-08T08:10:30.252+0800] {processor.py:186} INFO - Started process (PID=5803) to work on /Users/ervinyeoh/Desktop/unimods/is3107/project/.venv/lib/python3.11/site-packages/airflow/example_dags/example_bash_decorator.py
[2025-04-08T08:10:30.253+0800] {processor.py:914} INFO - Processing file /Users/ervinyeoh/Desktop/unimods/is3107/project/.venv/lib/python3.11/site-packages/airflow/example_dags/example_bash_decorator.py for tasks to queue
[2025-04-08T08:10:30.254+0800] {logging_mixin.py:190} INFO - [2025-04-08T08:10:30.253+0800] {dagbag.py:588} INFO - Filling up the DagBag from /Users/ervinyeoh/Desktop/unimods/is3107/project/.venv/lib/python3.11/site-packages/airflow/example_dags/example_bash_decorator.py
[2025-04-08T08:10:30.308+0800] {processor.py:925} INFO - DAG(s) 'example_bash_decorator' retrieved from /Users/ervinyeoh/Desktop/unimods/is3107/project/.venv/lib/python3.11/site-packages/airflow/example_dags/example_bash_decorator.py
[2025-04-08T08:10:30.408+0800] {logging_mixin.py:190} INFO - [2025-04-08T08:10:30.408+0800] {dag.py:3239} INFO - Sync 1 DAGs
[2025-04-08T08:10:30.413+0800] {logging_mixin.py:190} INFO - [2025-04-08T08:10:30.413+0800] {dag.py:4180} INFO - Setting next_dagrun for example_bash_decorator to None, run_after=None
[2025-04-08T08:10:30.422+0800] {processor.py:208} INFO - Processing /Users/ervinyeoh/Desktop/unimods/is3107/project/.venv/lib/python3.11/site-packages/airflow/example_dags/example_bash_decorator.py took 0.172 seconds
[2025-04-08T08:47:31.915+0800] {processor.py:186} INFO - Started process (PID=6249) to work on /Users/ervinyeoh/Desktop/unimods/is3107/project/.venv/lib/python3.11/site-packages/airflow/example_dags/example_bash_decorator.py
[2025-04-08T08:47:31.916+0800] {processor.py:914} INFO - Processing file /Users/ervinyeoh/Desktop/unimods/is3107/project/.venv/lib/python3.11/site-packages/airflow/example_dags/example_bash_decorator.py for tasks to queue
[2025-04-08T08:47:31.917+0800] {logging_mixin.py:190} INFO - [2025-04-08T08:47:31.916+0800] {dagbag.py:588} INFO - Filling up the DagBag from /Users/ervinyeoh/Desktop/unimods/is3107/project/.venv/lib/python3.11/site-packages/airflow/example_dags/example_bash_decorator.py
[2025-04-08T08:47:31.973+0800] {processor.py:925} INFO - DAG(s) 'example_bash_decorator' retrieved from /Users/ervinyeoh/Desktop/unimods/is3107/project/.venv/lib/python3.11/site-packages/airflow/example_dags/example_bash_decorator.py
[2025-04-08T08:47:32.083+0800] {logging_mixin.py:190} INFO - [2025-04-08T08:47:32.083+0800] {dag.py:3239} INFO - Sync 1 DAGs
[2025-04-08T08:47:32.088+0800] {logging_mixin.py:190} INFO - [2025-04-08T08:47:32.088+0800] {dag.py:4180} INFO - Setting next_dagrun for example_bash_decorator to None, run_after=None
[2025-04-08T08:47:32.098+0800] {processor.py:208} INFO - Processing /Users/ervinyeoh/Desktop/unimods/is3107/project/.venv/lib/python3.11/site-packages/airflow/example_dags/example_bash_decorator.py took 0.185 seconds
[2025-04-08T08:50:51.340+0800] {processor.py:186} INFO - Started process (PID=6551) to work on /Users/ervinyeoh/Desktop/unimods/is3107/project/.venv/lib/python3.11/site-packages/airflow/example_dags/example_bash_decorator.py
[2025-04-08T08:50:51.341+0800] {processor.py:914} INFO - Processing file /Users/ervinyeoh/Desktop/unimods/is3107/project/.venv/lib/python3.11/site-packages/airflow/example_dags/example_bash_decorator.py for tasks to queue
[2025-04-08T08:50:51.342+0800] {logging_mixin.py:190} INFO - [2025-04-08T08:50:51.342+0800] {dagbag.py:588} INFO - Filling up the DagBag from /Users/ervinyeoh/Desktop/unimods/is3107/project/.venv/lib/python3.11/site-packages/airflow/example_dags/example_bash_decorator.py
[2025-04-08T08:50:51.396+0800] {processor.py:925} INFO - DAG(s) 'example_bash_decorator' retrieved from /Users/ervinyeoh/Desktop/unimods/is3107/project/.venv/lib/python3.11/site-packages/airflow/example_dags/example_bash_decorator.py
[2025-04-08T08:50:51.507+0800] {logging_mixin.py:190} INFO - [2025-04-08T08:50:51.507+0800] {dag.py:3239} INFO - Sync 1 DAGs
[2025-04-08T08:50:51.512+0800] {logging_mixin.py:190} INFO - [2025-04-08T08:50:51.512+0800] {dag.py:4180} INFO - Setting next_dagrun for example_bash_decorator to None, run_after=None
[2025-04-08T08:50:51.521+0800] {processor.py:208} INFO - Processing /Users/ervinyeoh/Desktop/unimods/is3107/project/.venv/lib/python3.11/site-packages/airflow/example_dags/example_bash_decorator.py took 0.183 seconds
[2025-04-08T08:54:08.886+0800] {processor.py:186} INFO - Started process (PID=6772) to work on /Users/ervinyeoh/Desktop/unimods/is3107/project/.venv/lib/python3.11/site-packages/airflow/example_dags/example_bash_decorator.py
[2025-04-08T08:54:08.887+0800] {processor.py:914} INFO - Processing file /Users/ervinyeoh/Desktop/unimods/is3107/project/.venv/lib/python3.11/site-packages/airflow/example_dags/example_bash_decorator.py for tasks to queue
[2025-04-08T08:54:08.888+0800] {logging_mixin.py:190} INFO - [2025-04-08T08:54:08.887+0800] {dagbag.py:588} INFO - Filling up the DagBag from /Users/ervinyeoh/Desktop/unimods/is3107/project/.venv/lib/python3.11/site-packages/airflow/example_dags/example_bash_decorator.py
[2025-04-08T08:54:08.945+0800] {processor.py:925} INFO - DAG(s) 'example_bash_decorator' retrieved from /Users/ervinyeoh/Desktop/unimods/is3107/project/.venv/lib/python3.11/site-packages/airflow/example_dags/example_bash_decorator.py
[2025-04-08T08:54:09.071+0800] {logging_mixin.py:190} INFO - [2025-04-08T08:54:09.071+0800] {dag.py:3239} INFO - Sync 1 DAGs
[2025-04-08T08:54:09.077+0800] {logging_mixin.py:190} INFO - [2025-04-08T08:54:09.076+0800] {dag.py:4180} INFO - Setting next_dagrun for example_bash_decorator to None, run_after=None
[2025-04-08T08:54:09.087+0800] {processor.py:208} INFO - Processing /Users/ervinyeoh/Desktop/unimods/is3107/project/.venv/lib/python3.11/site-packages/airflow/example_dags/example_bash_decorator.py took 0.202 seconds
[2025-04-08T08:57:33.053+0800] {processor.py:186} INFO - Started process (PID=6999) to work on /Users/ervinyeoh/Desktop/unimods/is3107/project/.venv/lib/python3.11/site-packages/airflow/example_dags/example_bash_decorator.py
[2025-04-08T08:57:33.054+0800] {processor.py:914} INFO - Processing file /Users/ervinyeoh/Desktop/unimods/is3107/project/.venv/lib/python3.11/site-packages/airflow/example_dags/example_bash_decorator.py for tasks to queue
[2025-04-08T08:57:33.055+0800] {logging_mixin.py:190} INFO - [2025-04-08T08:57:33.055+0800] {dagbag.py:588} INFO - Filling up the DagBag from /Users/ervinyeoh/Desktop/unimods/is3107/project/.venv/lib/python3.11/site-packages/airflow/example_dags/example_bash_decorator.py
[2025-04-08T08:57:33.109+0800] {processor.py:925} INFO - DAG(s) 'example_bash_decorator' retrieved from /Users/ervinyeoh/Desktop/unimods/is3107/project/.venv/lib/python3.11/site-packages/airflow/example_dags/example_bash_decorator.py
[2025-04-08T08:57:33.209+0800] {logging_mixin.py:190} INFO - [2025-04-08T08:57:33.208+0800] {dag.py:3239} INFO - Sync 1 DAGs
[2025-04-08T08:57:33.214+0800] {logging_mixin.py:190} INFO - [2025-04-08T08:57:33.214+0800] {dag.py:4180} INFO - Setting next_dagrun for example_bash_decorator to None, run_after=None
[2025-04-08T08:57:33.223+0800] {processor.py:208} INFO - Processing /Users/ervinyeoh/Desktop/unimods/is3107/project/.venv/lib/python3.11/site-packages/airflow/example_dags/example_bash_decorator.py took 0.172 seconds
[2025-04-08T09:00:50.886+0800] {processor.py:186} INFO - Started process (PID=7243) to work on /Users/ervinyeoh/Desktop/unimods/is3107/project/.venv/lib/python3.11/site-packages/airflow/example_dags/example_bash_decorator.py
[2025-04-08T09:00:50.887+0800] {processor.py:914} INFO - Processing file /Users/ervinyeoh/Desktop/unimods/is3107/project/.venv/lib/python3.11/site-packages/airflow/example_dags/example_bash_decorator.py for tasks to queue
[2025-04-08T09:00:50.887+0800] {logging_mixin.py:190} INFO - [2025-04-08T09:00:50.887+0800] {dagbag.py:588} INFO - Filling up the DagBag from /Users/ervinyeoh/Desktop/unimods/is3107/project/.venv/lib/python3.11/site-packages/airflow/example_dags/example_bash_decorator.py
[2025-04-08T09:00:50.945+0800] {processor.py:925} INFO - DAG(s) 'example_bash_decorator' retrieved from /Users/ervinyeoh/Desktop/unimods/is3107/project/.venv/lib/python3.11/site-packages/airflow/example_dags/example_bash_decorator.py
[2025-04-08T09:00:51.054+0800] {logging_mixin.py:190} INFO - [2025-04-08T09:00:51.054+0800] {dag.py:3239} INFO - Sync 1 DAGs
[2025-04-08T09:00:51.060+0800] {logging_mixin.py:190} INFO - [2025-04-08T09:00:51.059+0800] {dag.py:4180} INFO - Setting next_dagrun for example_bash_decorator to None, run_after=None
[2025-04-08T09:00:51.069+0800] {processor.py:208} INFO - Processing /Users/ervinyeoh/Desktop/unimods/is3107/project/.venv/lib/python3.11/site-packages/airflow/example_dags/example_bash_decorator.py took 0.185 seconds
[2025-04-08T09:04:12.691+0800] {processor.py:186} INFO - Started process (PID=7464) to work on /Users/ervinyeoh/Desktop/unimods/is3107/project/.venv/lib/python3.11/site-packages/airflow/example_dags/example_bash_decorator.py
[2025-04-08T09:04:12.693+0800] {processor.py:914} INFO - Processing file /Users/ervinyeoh/Desktop/unimods/is3107/project/.venv/lib/python3.11/site-packages/airflow/example_dags/example_bash_decorator.py for tasks to queue
[2025-04-08T09:04:12.693+0800] {logging_mixin.py:190} INFO - [2025-04-08T09:04:12.693+0800] {dagbag.py:588} INFO - Filling up the DagBag from /Users/ervinyeoh/Desktop/unimods/is3107/project/.venv/lib/python3.11/site-packages/airflow/example_dags/example_bash_decorator.py
[2025-04-08T09:04:12.747+0800] {processor.py:925} INFO - DAG(s) 'example_bash_decorator' retrieved from /Users/ervinyeoh/Desktop/unimods/is3107/project/.venv/lib/python3.11/site-packages/airflow/example_dags/example_bash_decorator.py
[2025-04-08T09:04:12.847+0800] {logging_mixin.py:190} INFO - [2025-04-08T09:04:12.847+0800] {dag.py:3239} INFO - Sync 1 DAGs
[2025-04-08T09:04:12.852+0800] {logging_mixin.py:190} INFO - [2025-04-08T09:04:12.852+0800] {dag.py:4180} INFO - Setting next_dagrun for example_bash_decorator to None, run_after=None
[2025-04-08T09:04:12.862+0800] {processor.py:208} INFO - Processing /Users/ervinyeoh/Desktop/unimods/is3107/project/.venv/lib/python3.11/site-packages/airflow/example_dags/example_bash_decorator.py took 0.172 seconds
[2025-04-08T09:07:34.298+0800] {processor.py:186} INFO - Started process (PID=7820) to work on /Users/ervinyeoh/Desktop/unimods/is3107/project/.venv/lib/python3.11/site-packages/airflow/example_dags/example_bash_decorator.py
[2025-04-08T09:07:34.299+0800] {processor.py:914} INFO - Processing file /Users/ervinyeoh/Desktop/unimods/is3107/project/.venv/lib/python3.11/site-packages/airflow/example_dags/example_bash_decorator.py for tasks to queue
[2025-04-08T09:07:34.300+0800] {logging_mixin.py:190} INFO - [2025-04-08T09:07:34.299+0800] {dagbag.py:588} INFO - Filling up the DagBag from /Users/ervinyeoh/Desktop/unimods/is3107/project/.venv/lib/python3.11/site-packages/airflow/example_dags/example_bash_decorator.py
[2025-04-08T09:07:34.355+0800] {processor.py:925} INFO - DAG(s) 'example_bash_decorator' retrieved from /Users/ervinyeoh/Desktop/unimods/is3107/project/.venv/lib/python3.11/site-packages/airflow/example_dags/example_bash_decorator.py
[2025-04-08T09:07:34.465+0800] {logging_mixin.py:190} INFO - [2025-04-08T09:07:34.464+0800] {dag.py:3239} INFO - Sync 1 DAGs
[2025-04-08T09:07:34.470+0800] {logging_mixin.py:190} INFO - [2025-04-08T09:07:34.469+0800] {dag.py:4180} INFO - Setting next_dagrun for example_bash_decorator to None, run_after=None
[2025-04-08T09:07:34.479+0800] {processor.py:208} INFO - Processing /Users/ervinyeoh/Desktop/unimods/is3107/project/.venv/lib/python3.11/site-packages/airflow/example_dags/example_bash_decorator.py took 0.183 seconds
[2025-04-08T09:17:07.934+0800] {processor.py:186} INFO - Started process (PID=8173) to work on /Users/ervinyeoh/Desktop/unimods/is3107/project/.venv/lib/python3.11/site-packages/airflow/example_dags/example_bash_decorator.py
[2025-04-08T09:17:07.935+0800] {processor.py:914} INFO - Processing file /Users/ervinyeoh/Desktop/unimods/is3107/project/.venv/lib/python3.11/site-packages/airflow/example_dags/example_bash_decorator.py for tasks to queue
[2025-04-08T09:17:07.936+0800] {logging_mixin.py:190} INFO - [2025-04-08T09:17:07.936+0800] {dagbag.py:588} INFO - Filling up the DagBag from /Users/ervinyeoh/Desktop/unimods/is3107/project/.venv/lib/python3.11/site-packages/airflow/example_dags/example_bash_decorator.py
[2025-04-08T09:17:08.002+0800] {processor.py:925} INFO - DAG(s) 'example_bash_decorator' retrieved from /Users/ervinyeoh/Desktop/unimods/is3107/project/.venv/lib/python3.11/site-packages/airflow/example_dags/example_bash_decorator.py
[2025-04-08T09:17:08.123+0800] {logging_mixin.py:190} INFO - [2025-04-08T09:17:08.122+0800] {dag.py:3239} INFO - Sync 1 DAGs
[2025-04-08T09:17:08.128+0800] {logging_mixin.py:190} INFO - [2025-04-08T09:17:08.128+0800] {dag.py:4180} INFO - Setting next_dagrun for example_bash_decorator to None, run_after=None
[2025-04-08T09:17:08.138+0800] {processor.py:208} INFO - Processing /Users/ervinyeoh/Desktop/unimods/is3107/project/.venv/lib/python3.11/site-packages/airflow/example_dags/example_bash_decorator.py took 0.206 seconds
[2025-04-08T09:20:30.727+0800] {processor.py:186} INFO - Started process (PID=8401) to work on /Users/ervinyeoh/Desktop/unimods/is3107/project/.venv/lib/python3.11/site-packages/airflow/example_dags/example_bash_decorator.py
[2025-04-08T09:20:30.728+0800] {processor.py:914} INFO - Processing file /Users/ervinyeoh/Desktop/unimods/is3107/project/.venv/lib/python3.11/site-packages/airflow/example_dags/example_bash_decorator.py for tasks to queue
[2025-04-08T09:20:30.728+0800] {logging_mixin.py:190} INFO - [2025-04-08T09:20:30.728+0800] {dagbag.py:588} INFO - Filling up the DagBag from /Users/ervinyeoh/Desktop/unimods/is3107/project/.venv/lib/python3.11/site-packages/airflow/example_dags/example_bash_decorator.py
[2025-04-08T09:20:30.785+0800] {processor.py:925} INFO - DAG(s) 'example_bash_decorator' retrieved from /Users/ervinyeoh/Desktop/unimods/is3107/project/.venv/lib/python3.11/site-packages/airflow/example_dags/example_bash_decorator.py
[2025-04-08T09:20:30.895+0800] {logging_mixin.py:190} INFO - [2025-04-08T09:20:30.895+0800] {dag.py:3239} INFO - Sync 1 DAGs
[2025-04-08T09:20:30.900+0800] {logging_mixin.py:190} INFO - [2025-04-08T09:20:30.900+0800] {dag.py:4180} INFO - Setting next_dagrun for example_bash_decorator to None, run_after=None
[2025-04-08T09:20:30.910+0800] {processor.py:208} INFO - Processing /Users/ervinyeoh/Desktop/unimods/is3107/project/.venv/lib/python3.11/site-packages/airflow/example_dags/example_bash_decorator.py took 0.185 seconds
[2025-04-08T09:23:57.441+0800] {processor.py:186} INFO - Started process (PID=8640) to work on /Users/ervinyeoh/Desktop/unimods/is3107/project/.venv/lib/python3.11/site-packages/airflow/example_dags/example_bash_decorator.py
[2025-04-08T09:23:57.442+0800] {processor.py:914} INFO - Processing file /Users/ervinyeoh/Desktop/unimods/is3107/project/.venv/lib/python3.11/site-packages/airflow/example_dags/example_bash_decorator.py for tasks to queue
[2025-04-08T09:23:57.443+0800] {logging_mixin.py:190} INFO - [2025-04-08T09:23:57.443+0800] {dagbag.py:588} INFO - Filling up the DagBag from /Users/ervinyeoh/Desktop/unimods/is3107/project/.venv/lib/python3.11/site-packages/airflow/example_dags/example_bash_decorator.py
[2025-04-08T09:23:57.499+0800] {processor.py:925} INFO - DAG(s) 'example_bash_decorator' retrieved from /Users/ervinyeoh/Desktop/unimods/is3107/project/.venv/lib/python3.11/site-packages/airflow/example_dags/example_bash_decorator.py
[2025-04-08T09:23:57.612+0800] {logging_mixin.py:190} INFO - [2025-04-08T09:23:57.612+0800] {dag.py:3239} INFO - Sync 1 DAGs
[2025-04-08T09:23:57.617+0800] {logging_mixin.py:190} INFO - [2025-04-08T09:23:57.617+0800] {dag.py:4180} INFO - Setting next_dagrun for example_bash_decorator to None, run_after=None
[2025-04-08T09:23:57.627+0800] {processor.py:208} INFO - Processing /Users/ervinyeoh/Desktop/unimods/is3107/project/.venv/lib/python3.11/site-packages/airflow/example_dags/example_bash_decorator.py took 0.187 seconds
[2025-04-08T09:27:16.511+0800] {processor.py:186} INFO - Started process (PID=8914) to work on /Users/ervinyeoh/Desktop/unimods/is3107/project/.venv/lib/python3.11/site-packages/airflow/example_dags/example_bash_decorator.py
[2025-04-08T09:27:16.511+0800] {processor.py:914} INFO - Processing file /Users/ervinyeoh/Desktop/unimods/is3107/project/.venv/lib/python3.11/site-packages/airflow/example_dags/example_bash_decorator.py for tasks to queue
[2025-04-08T09:27:16.512+0800] {logging_mixin.py:190} INFO - [2025-04-08T09:27:16.512+0800] {dagbag.py:588} INFO - Filling up the DagBag from /Users/ervinyeoh/Desktop/unimods/is3107/project/.venv/lib/python3.11/site-packages/airflow/example_dags/example_bash_decorator.py
[2025-04-08T09:27:16.569+0800] {processor.py:925} INFO - DAG(s) 'example_bash_decorator' retrieved from /Users/ervinyeoh/Desktop/unimods/is3107/project/.venv/lib/python3.11/site-packages/airflow/example_dags/example_bash_decorator.py
[2025-04-08T09:27:16.679+0800] {logging_mixin.py:190} INFO - [2025-04-08T09:27:16.679+0800] {dag.py:3239} INFO - Sync 1 DAGs
[2025-04-08T09:27:16.684+0800] {logging_mixin.py:190} INFO - [2025-04-08T09:27:16.684+0800] {dag.py:4180} INFO - Setting next_dagrun for example_bash_decorator to None, run_after=None
[2025-04-08T09:27:16.693+0800] {processor.py:208} INFO - Processing /Users/ervinyeoh/Desktop/unimods/is3107/project/.venv/lib/python3.11/site-packages/airflow/example_dags/example_bash_decorator.py took 0.185 seconds
[2025-04-08T09:30:31.825+0800] {processor.py:186} INFO - Started process (PID=9132) to work on /Users/ervinyeoh/Desktop/unimods/is3107/project/.venv/lib/python3.11/site-packages/airflow/example_dags/example_bash_decorator.py
[2025-04-08T09:30:31.826+0800] {processor.py:914} INFO - Processing file /Users/ervinyeoh/Desktop/unimods/is3107/project/.venv/lib/python3.11/site-packages/airflow/example_dags/example_bash_decorator.py for tasks to queue
[2025-04-08T09:30:31.827+0800] {logging_mixin.py:190} INFO - [2025-04-08T09:30:31.826+0800] {dagbag.py:588} INFO - Filling up the DagBag from /Users/ervinyeoh/Desktop/unimods/is3107/project/.venv/lib/python3.11/site-packages/airflow/example_dags/example_bash_decorator.py
[2025-04-08T09:30:31.884+0800] {processor.py:925} INFO - DAG(s) 'example_bash_decorator' retrieved from /Users/ervinyeoh/Desktop/unimods/is3107/project/.venv/lib/python3.11/site-packages/airflow/example_dags/example_bash_decorator.py
[2025-04-08T09:30:31.994+0800] {logging_mixin.py:190} INFO - [2025-04-08T09:30:31.994+0800] {dag.py:3239} INFO - Sync 1 DAGs
[2025-04-08T09:30:31.999+0800] {logging_mixin.py:190} INFO - [2025-04-08T09:30:31.999+0800] {dag.py:4180} INFO - Setting next_dagrun for example_bash_decorator to None, run_after=None
[2025-04-08T09:30:32.009+0800] {processor.py:208} INFO - Processing /Users/ervinyeoh/Desktop/unimods/is3107/project/.venv/lib/python3.11/site-packages/airflow/example_dags/example_bash_decorator.py took 0.185 seconds
[2025-04-08T13:51:49.407+0800] {processor.py:186} INFO - Started process (PID=9744) to work on /Users/ervinyeoh/Desktop/unimods/is3107/project/.venv/lib/python3.11/site-packages/airflow/example_dags/example_bash_decorator.py
[2025-04-08T13:51:49.407+0800] {processor.py:914} INFO - Processing file /Users/ervinyeoh/Desktop/unimods/is3107/project/.venv/lib/python3.11/site-packages/airflow/example_dags/example_bash_decorator.py for tasks to queue
[2025-04-08T13:51:49.408+0800] {logging_mixin.py:190} INFO - [2025-04-08T13:51:49.408+0800] {dagbag.py:588} INFO - Filling up the DagBag from /Users/ervinyeoh/Desktop/unimods/is3107/project/.venv/lib/python3.11/site-packages/airflow/example_dags/example_bash_decorator.py
[2025-04-08T13:51:49.472+0800] {processor.py:925} INFO - DAG(s) 'example_bash_decorator' retrieved from /Users/ervinyeoh/Desktop/unimods/is3107/project/.venv/lib/python3.11/site-packages/airflow/example_dags/example_bash_decorator.py
[2025-04-08T13:51:49.588+0800] {logging_mixin.py:190} INFO - [2025-04-08T13:51:49.587+0800] {dag.py:3239} INFO - Sync 1 DAGs
[2025-04-08T13:51:49.593+0800] {logging_mixin.py:190} INFO - [2025-04-08T13:51:49.593+0800] {dag.py:4180} INFO - Setting next_dagrun for example_bash_decorator to None, run_after=None
[2025-04-08T13:51:49.602+0800] {processor.py:208} INFO - Processing /Users/ervinyeoh/Desktop/unimods/is3107/project/.venv/lib/python3.11/site-packages/airflow/example_dags/example_bash_decorator.py took 0.198 seconds
[2025-04-08T13:55:12.742+0800] {processor.py:186} INFO - Started process (PID=9971) to work on /Users/ervinyeoh/Desktop/unimods/is3107/project/.venv/lib/python3.11/site-packages/airflow/example_dags/example_bash_decorator.py
[2025-04-08T13:55:12.743+0800] {processor.py:914} INFO - Processing file /Users/ervinyeoh/Desktop/unimods/is3107/project/.venv/lib/python3.11/site-packages/airflow/example_dags/example_bash_decorator.py for tasks to queue
[2025-04-08T13:55:12.744+0800] {logging_mixin.py:190} INFO - [2025-04-08T13:55:12.744+0800] {dagbag.py:588} INFO - Filling up the DagBag from /Users/ervinyeoh/Desktop/unimods/is3107/project/.venv/lib/python3.11/site-packages/airflow/example_dags/example_bash_decorator.py
[2025-04-08T13:55:12.801+0800] {processor.py:925} INFO - DAG(s) 'example_bash_decorator' retrieved from /Users/ervinyeoh/Desktop/unimods/is3107/project/.venv/lib/python3.11/site-packages/airflow/example_dags/example_bash_decorator.py
[2025-04-08T13:55:12.911+0800] {logging_mixin.py:190} INFO - [2025-04-08T13:55:12.911+0800] {dag.py:3239} INFO - Sync 1 DAGs
[2025-04-08T13:55:12.916+0800] {logging_mixin.py:190} INFO - [2025-04-08T13:55:12.916+0800] {dag.py:4180} INFO - Setting next_dagrun for example_bash_decorator to None, run_after=None
[2025-04-08T13:55:12.926+0800] {processor.py:208} INFO - Processing /Users/ervinyeoh/Desktop/unimods/is3107/project/.venv/lib/python3.11/site-packages/airflow/example_dags/example_bash_decorator.py took 0.186 seconds
[2025-04-08T13:58:32.691+0800] {processor.py:186} INFO - Started process (PID=10194) to work on /Users/ervinyeoh/Desktop/unimods/is3107/project/.venv/lib/python3.11/site-packages/airflow/example_dags/example_bash_decorator.py
[2025-04-08T13:58:32.692+0800] {processor.py:914} INFO - Processing file /Users/ervinyeoh/Desktop/unimods/is3107/project/.venv/lib/python3.11/site-packages/airflow/example_dags/example_bash_decorator.py for tasks to queue
[2025-04-08T13:58:32.693+0800] {logging_mixin.py:190} INFO - [2025-04-08T13:58:32.693+0800] {dagbag.py:588} INFO - Filling up the DagBag from /Users/ervinyeoh/Desktop/unimods/is3107/project/.venv/lib/python3.11/site-packages/airflow/example_dags/example_bash_decorator.py
[2025-04-08T13:58:32.747+0800] {processor.py:925} INFO - DAG(s) 'example_bash_decorator' retrieved from /Users/ervinyeoh/Desktop/unimods/is3107/project/.venv/lib/python3.11/site-packages/airflow/example_dags/example_bash_decorator.py
[2025-04-08T13:58:32.858+0800] {logging_mixin.py:190} INFO - [2025-04-08T13:58:32.858+0800] {dag.py:3239} INFO - Sync 1 DAGs
[2025-04-08T13:58:32.863+0800] {logging_mixin.py:190} INFO - [2025-04-08T13:58:32.863+0800] {dag.py:4180} INFO - Setting next_dagrun for example_bash_decorator to None, run_after=None
[2025-04-08T13:58:32.873+0800] {processor.py:208} INFO - Processing /Users/ervinyeoh/Desktop/unimods/is3107/project/.venv/lib/python3.11/site-packages/airflow/example_dags/example_bash_decorator.py took 0.184 seconds
[2025-04-08T14:01:52.497+0800] {processor.py:186} INFO - Started process (PID=10420) to work on /Users/ervinyeoh/Desktop/unimods/is3107/project/.venv/lib/python3.11/site-packages/airflow/example_dags/example_bash_decorator.py
[2025-04-08T14:01:52.498+0800] {processor.py:914} INFO - Processing file /Users/ervinyeoh/Desktop/unimods/is3107/project/.venv/lib/python3.11/site-packages/airflow/example_dags/example_bash_decorator.py for tasks to queue
[2025-04-08T14:01:52.499+0800] {logging_mixin.py:190} INFO - [2025-04-08T14:01:52.499+0800] {dagbag.py:588} INFO - Filling up the DagBag from /Users/ervinyeoh/Desktop/unimods/is3107/project/.venv/lib/python3.11/site-packages/airflow/example_dags/example_bash_decorator.py
[2025-04-08T14:01:52.553+0800] {processor.py:925} INFO - DAG(s) 'example_bash_decorator' retrieved from /Users/ervinyeoh/Desktop/unimods/is3107/project/.venv/lib/python3.11/site-packages/airflow/example_dags/example_bash_decorator.py
[2025-04-08T14:01:52.653+0800] {logging_mixin.py:190} INFO - [2025-04-08T14:01:52.653+0800] {dag.py:3239} INFO - Sync 1 DAGs
[2025-04-08T14:01:52.658+0800] {logging_mixin.py:190} INFO - [2025-04-08T14:01:52.658+0800] {dag.py:4180} INFO - Setting next_dagrun for example_bash_decorator to None, run_after=None
[2025-04-08T14:01:52.668+0800] {processor.py:208} INFO - Processing /Users/ervinyeoh/Desktop/unimods/is3107/project/.venv/lib/python3.11/site-packages/airflow/example_dags/example_bash_decorator.py took 0.172 seconds
[2025-04-08T14:05:17.779+0800] {processor.py:186} INFO - Started process (PID=10647) to work on /Users/ervinyeoh/Desktop/unimods/is3107/project/.venv/lib/python3.11/site-packages/airflow/example_dags/example_bash_decorator.py
[2025-04-08T14:05:17.780+0800] {processor.py:914} INFO - Processing file /Users/ervinyeoh/Desktop/unimods/is3107/project/.venv/lib/python3.11/site-packages/airflow/example_dags/example_bash_decorator.py for tasks to queue
[2025-04-08T14:05:17.781+0800] {logging_mixin.py:190} INFO - [2025-04-08T14:05:17.781+0800] {dagbag.py:588} INFO - Filling up the DagBag from /Users/ervinyeoh/Desktop/unimods/is3107/project/.venv/lib/python3.11/site-packages/airflow/example_dags/example_bash_decorator.py
[2025-04-08T14:05:17.837+0800] {processor.py:925} INFO - DAG(s) 'example_bash_decorator' retrieved from /Users/ervinyeoh/Desktop/unimods/is3107/project/.venv/lib/python3.11/site-packages/airflow/example_dags/example_bash_decorator.py
[2025-04-08T14:05:17.947+0800] {logging_mixin.py:190} INFO - [2025-04-08T14:05:17.946+0800] {dag.py:3239} INFO - Sync 1 DAGs
[2025-04-08T14:05:17.952+0800] {logging_mixin.py:190} INFO - [2025-04-08T14:05:17.952+0800] {dag.py:4180} INFO - Setting next_dagrun for example_bash_decorator to None, run_after=None
[2025-04-08T14:05:17.961+0800] {processor.py:208} INFO - Processing /Users/ervinyeoh/Desktop/unimods/is3107/project/.venv/lib/python3.11/site-packages/airflow/example_dags/example_bash_decorator.py took 0.184 seconds
[2025-04-08T14:08:36.901+0800] {processor.py:186} INFO - Started process (PID=10862) to work on /Users/ervinyeoh/Desktop/unimods/is3107/project/.venv/lib/python3.11/site-packages/airflow/example_dags/example_bash_decorator.py
[2025-04-08T14:08:36.902+0800] {processor.py:914} INFO - Processing file /Users/ervinyeoh/Desktop/unimods/is3107/project/.venv/lib/python3.11/site-packages/airflow/example_dags/example_bash_decorator.py for tasks to queue
[2025-04-08T14:08:36.903+0800] {logging_mixin.py:190} INFO - [2025-04-08T14:08:36.902+0800] {dagbag.py:588} INFO - Filling up the DagBag from /Users/ervinyeoh/Desktop/unimods/is3107/project/.venv/lib/python3.11/site-packages/airflow/example_dags/example_bash_decorator.py
[2025-04-08T14:08:36.963+0800] {processor.py:925} INFO - DAG(s) 'example_bash_decorator' retrieved from /Users/ervinyeoh/Desktop/unimods/is3107/project/.venv/lib/python3.11/site-packages/airflow/example_dags/example_bash_decorator.py
[2025-04-08T14:08:37.077+0800] {logging_mixin.py:190} INFO - [2025-04-08T14:08:37.077+0800] {dag.py:3239} INFO - Sync 1 DAGs
[2025-04-08T14:08:37.082+0800] {logging_mixin.py:190} INFO - [2025-04-08T14:08:37.082+0800] {dag.py:4180} INFO - Setting next_dagrun for example_bash_decorator to None, run_after=None
[2025-04-08T14:08:37.092+0800] {processor.py:208} INFO - Processing /Users/ervinyeoh/Desktop/unimods/is3107/project/.venv/lib/python3.11/site-packages/airflow/example_dags/example_bash_decorator.py took 0.193 seconds
[2025-04-08T14:11:58.899+0800] {processor.py:186} INFO - Started process (PID=11099) to work on /Users/ervinyeoh/Desktop/unimods/is3107/project/.venv/lib/python3.11/site-packages/airflow/example_dags/example_bash_decorator.py
[2025-04-08T14:11:58.899+0800] {processor.py:914} INFO - Processing file /Users/ervinyeoh/Desktop/unimods/is3107/project/.venv/lib/python3.11/site-packages/airflow/example_dags/example_bash_decorator.py for tasks to queue
[2025-04-08T14:11:58.900+0800] {logging_mixin.py:190} INFO - [2025-04-08T14:11:58.900+0800] {dagbag.py:588} INFO - Filling up the DagBag from /Users/ervinyeoh/Desktop/unimods/is3107/project/.venv/lib/python3.11/site-packages/airflow/example_dags/example_bash_decorator.py
[2025-04-08T14:11:58.957+0800] {processor.py:925} INFO - DAG(s) 'example_bash_decorator' retrieved from /Users/ervinyeoh/Desktop/unimods/is3107/project/.venv/lib/python3.11/site-packages/airflow/example_dags/example_bash_decorator.py
[2025-04-08T14:11:59.068+0800] {logging_mixin.py:190} INFO - [2025-04-08T14:11:59.068+0800] {dag.py:3239} INFO - Sync 1 DAGs
[2025-04-08T14:11:59.073+0800] {logging_mixin.py:190} INFO - [2025-04-08T14:11:59.073+0800] {dag.py:4180} INFO - Setting next_dagrun for example_bash_decorator to None, run_after=None
[2025-04-08T14:11:59.082+0800] {processor.py:208} INFO - Processing /Users/ervinyeoh/Desktop/unimods/is3107/project/.venv/lib/python3.11/site-packages/airflow/example_dags/example_bash_decorator.py took 0.185 seconds
[2025-04-08T14:15:23.549+0800] {processor.py:186} INFO - Started process (PID=11409) to work on /Users/ervinyeoh/Desktop/unimods/is3107/project/.venv/lib/python3.11/site-packages/airflow/example_dags/example_bash_decorator.py
[2025-04-08T14:15:23.550+0800] {processor.py:914} INFO - Processing file /Users/ervinyeoh/Desktop/unimods/is3107/project/.venv/lib/python3.11/site-packages/airflow/example_dags/example_bash_decorator.py for tasks to queue
[2025-04-08T14:15:23.551+0800] {logging_mixin.py:190} INFO - [2025-04-08T14:15:23.551+0800] {dagbag.py:588} INFO - Filling up the DagBag from /Users/ervinyeoh/Desktop/unimods/is3107/project/.venv/lib/python3.11/site-packages/airflow/example_dags/example_bash_decorator.py
[2025-04-08T14:15:23.607+0800] {processor.py:925} INFO - DAG(s) 'example_bash_decorator' retrieved from /Users/ervinyeoh/Desktop/unimods/is3107/project/.venv/lib/python3.11/site-packages/airflow/example_dags/example_bash_decorator.py
[2025-04-08T14:15:23.716+0800] {logging_mixin.py:190} INFO - [2025-04-08T14:15:23.716+0800] {dag.py:3239} INFO - Sync 1 DAGs
[2025-04-08T14:15:23.721+0800] {logging_mixin.py:190} INFO - [2025-04-08T14:15:23.721+0800] {dag.py:4180} INFO - Setting next_dagrun for example_bash_decorator to None, run_after=None
[2025-04-08T14:15:23.731+0800] {processor.py:208} INFO - Processing /Users/ervinyeoh/Desktop/unimods/is3107/project/.venv/lib/python3.11/site-packages/airflow/example_dags/example_bash_decorator.py took 0.183 seconds
[2025-04-08T14:18:46.977+0800] {processor.py:186} INFO - Started process (PID=11638) to work on /Users/ervinyeoh/Desktop/unimods/is3107/project/.venv/lib/python3.11/site-packages/airflow/example_dags/example_bash_decorator.py
[2025-04-08T14:18:46.978+0800] {processor.py:914} INFO - Processing file /Users/ervinyeoh/Desktop/unimods/is3107/project/.venv/lib/python3.11/site-packages/airflow/example_dags/example_bash_decorator.py for tasks to queue
[2025-04-08T14:18:46.978+0800] {logging_mixin.py:190} INFO - [2025-04-08T14:18:46.978+0800] {dagbag.py:588} INFO - Filling up the DagBag from /Users/ervinyeoh/Desktop/unimods/is3107/project/.venv/lib/python3.11/site-packages/airflow/example_dags/example_bash_decorator.py
[2025-04-08T14:18:47.034+0800] {processor.py:925} INFO - DAG(s) 'example_bash_decorator' retrieved from /Users/ervinyeoh/Desktop/unimods/is3107/project/.venv/lib/python3.11/site-packages/airflow/example_dags/example_bash_decorator.py
[2025-04-08T14:18:47.144+0800] {logging_mixin.py:190} INFO - [2025-04-08T14:18:47.144+0800] {dag.py:3239} INFO - Sync 1 DAGs
[2025-04-08T14:18:47.150+0800] {logging_mixin.py:190} INFO - [2025-04-08T14:18:47.149+0800] {dag.py:4180} INFO - Setting next_dagrun for example_bash_decorator to None, run_after=None
[2025-04-08T14:18:47.159+0800] {processor.py:208} INFO - Processing /Users/ervinyeoh/Desktop/unimods/is3107/project/.venv/lib/python3.11/site-packages/airflow/example_dags/example_bash_decorator.py took 0.184 seconds
[2025-04-08T14:22:07.177+0800] {processor.py:186} INFO - Started process (PID=11866) to work on /Users/ervinyeoh/Desktop/unimods/is3107/project/.venv/lib/python3.11/site-packages/airflow/example_dags/example_bash_decorator.py
[2025-04-08T14:22:07.178+0800] {processor.py:914} INFO - Processing file /Users/ervinyeoh/Desktop/unimods/is3107/project/.venv/lib/python3.11/site-packages/airflow/example_dags/example_bash_decorator.py for tasks to queue
[2025-04-08T14:22:07.179+0800] {logging_mixin.py:190} INFO - [2025-04-08T14:22:07.178+0800] {dagbag.py:588} INFO - Filling up the DagBag from /Users/ervinyeoh/Desktop/unimods/is3107/project/.venv/lib/python3.11/site-packages/airflow/example_dags/example_bash_decorator.py
[2025-04-08T14:22:07.233+0800] {processor.py:925} INFO - DAG(s) 'example_bash_decorator' retrieved from /Users/ervinyeoh/Desktop/unimods/is3107/project/.venv/lib/python3.11/site-packages/airflow/example_dags/example_bash_decorator.py
[2025-04-08T14:22:07.343+0800] {logging_mixin.py:190} INFO - [2025-04-08T14:22:07.343+0800] {dag.py:3239} INFO - Sync 1 DAGs
[2025-04-08T14:22:07.348+0800] {logging_mixin.py:190} INFO - [2025-04-08T14:22:07.348+0800] {dag.py:4180} INFO - Setting next_dagrun for example_bash_decorator to None, run_after=None
[2025-04-08T14:22:07.357+0800] {processor.py:208} INFO - Processing /Users/ervinyeoh/Desktop/unimods/is3107/project/.venv/lib/python3.11/site-packages/airflow/example_dags/example_bash_decorator.py took 0.182 seconds
[2025-04-08T14:25:29.008+0800] {processor.py:186} INFO - Started process (PID=12114) to work on /Users/ervinyeoh/Desktop/unimods/is3107/project/.venv/lib/python3.11/site-packages/airflow/example_dags/example_bash_decorator.py
[2025-04-08T14:25:29.009+0800] {processor.py:914} INFO - Processing file /Users/ervinyeoh/Desktop/unimods/is3107/project/.venv/lib/python3.11/site-packages/airflow/example_dags/example_bash_decorator.py for tasks to queue
[2025-04-08T14:25:29.010+0800] {logging_mixin.py:190} INFO - [2025-04-08T14:25:29.009+0800] {dagbag.py:588} INFO - Filling up the DagBag from /Users/ervinyeoh/Desktop/unimods/is3107/project/.venv/lib/python3.11/site-packages/airflow/example_dags/example_bash_decorator.py
[2025-04-08T14:25:29.068+0800] {processor.py:925} INFO - DAG(s) 'example_bash_decorator' retrieved from /Users/ervinyeoh/Desktop/unimods/is3107/project/.venv/lib/python3.11/site-packages/airflow/example_dags/example_bash_decorator.py
[2025-04-08T14:25:29.178+0800] {logging_mixin.py:190} INFO - [2025-04-08T14:25:29.177+0800] {dag.py:3239} INFO - Sync 1 DAGs
[2025-04-08T14:25:29.183+0800] {logging_mixin.py:190} INFO - [2025-04-08T14:25:29.183+0800] {dag.py:4180} INFO - Setting next_dagrun for example_bash_decorator to None, run_after=None
[2025-04-08T14:25:29.192+0800] {processor.py:208} INFO - Processing /Users/ervinyeoh/Desktop/unimods/is3107/project/.venv/lib/python3.11/site-packages/airflow/example_dags/example_bash_decorator.py took 0.186 seconds
[2025-04-08T14:28:48.315+0800] {processor.py:186} INFO - Started process (PID=12355) to work on /Users/ervinyeoh/Desktop/unimods/is3107/project/.venv/lib/python3.11/site-packages/airflow/example_dags/example_bash_decorator.py
[2025-04-08T14:28:48.316+0800] {processor.py:914} INFO - Processing file /Users/ervinyeoh/Desktop/unimods/is3107/project/.venv/lib/python3.11/site-packages/airflow/example_dags/example_bash_decorator.py for tasks to queue
[2025-04-08T14:28:48.316+0800] {logging_mixin.py:190} INFO - [2025-04-08T14:28:48.316+0800] {dagbag.py:588} INFO - Filling up the DagBag from /Users/ervinyeoh/Desktop/unimods/is3107/project/.venv/lib/python3.11/site-packages/airflow/example_dags/example_bash_decorator.py
[2025-04-08T14:28:48.371+0800] {processor.py:925} INFO - DAG(s) 'example_bash_decorator' retrieved from /Users/ervinyeoh/Desktop/unimods/is3107/project/.venv/lib/python3.11/site-packages/airflow/example_dags/example_bash_decorator.py
[2025-04-08T14:28:48.480+0800] {logging_mixin.py:190} INFO - [2025-04-08T14:28:48.480+0800] {dag.py:3239} INFO - Sync 1 DAGs
[2025-04-08T14:28:48.485+0800] {logging_mixin.py:190} INFO - [2025-04-08T14:28:48.485+0800] {dag.py:4180} INFO - Setting next_dagrun for example_bash_decorator to None, run_after=None
[2025-04-08T14:28:48.494+0800] {processor.py:208} INFO - Processing /Users/ervinyeoh/Desktop/unimods/is3107/project/.venv/lib/python3.11/site-packages/airflow/example_dags/example_bash_decorator.py took 0.181 seconds
[2025-04-08T14:32:12.130+0800] {processor.py:186} INFO - Started process (PID=12614) to work on /Users/ervinyeoh/Desktop/unimods/is3107/project/.venv/lib/python3.11/site-packages/airflow/example_dags/example_bash_decorator.py
[2025-04-08T14:32:12.130+0800] {processor.py:914} INFO - Processing file /Users/ervinyeoh/Desktop/unimods/is3107/project/.venv/lib/python3.11/site-packages/airflow/example_dags/example_bash_decorator.py for tasks to queue
[2025-04-08T14:32:12.131+0800] {logging_mixin.py:190} INFO - [2025-04-08T14:32:12.131+0800] {dagbag.py:588} INFO - Filling up the DagBag from /Users/ervinyeoh/Desktop/unimods/is3107/project/.venv/lib/python3.11/site-packages/airflow/example_dags/example_bash_decorator.py
[2025-04-08T14:32:12.189+0800] {processor.py:925} INFO - DAG(s) 'example_bash_decorator' retrieved from /Users/ervinyeoh/Desktop/unimods/is3107/project/.venv/lib/python3.11/site-packages/airflow/example_dags/example_bash_decorator.py
[2025-04-08T14:32:12.313+0800] {logging_mixin.py:190} INFO - [2025-04-08T14:32:12.312+0800] {dag.py:3239} INFO - Sync 1 DAGs
[2025-04-08T14:32:12.318+0800] {logging_mixin.py:190} INFO - [2025-04-08T14:32:12.318+0800] {dag.py:4180} INFO - Setting next_dagrun for example_bash_decorator to None, run_after=None
[2025-04-08T14:32:12.329+0800] {processor.py:208} INFO - Processing /Users/ervinyeoh/Desktop/unimods/is3107/project/.venv/lib/python3.11/site-packages/airflow/example_dags/example_bash_decorator.py took 0.201 seconds
[2025-04-08T14:35:34.671+0800] {processor.py:186} INFO - Started process (PID=12845) to work on /Users/ervinyeoh/Desktop/unimods/is3107/project/.venv/lib/python3.11/site-packages/airflow/example_dags/example_bash_decorator.py
[2025-04-08T14:35:34.671+0800] {processor.py:914} INFO - Processing file /Users/ervinyeoh/Desktop/unimods/is3107/project/.venv/lib/python3.11/site-packages/airflow/example_dags/example_bash_decorator.py for tasks to queue
[2025-04-08T14:35:34.672+0800] {logging_mixin.py:190} INFO - [2025-04-08T14:35:34.672+0800] {dagbag.py:588} INFO - Filling up the DagBag from /Users/ervinyeoh/Desktop/unimods/is3107/project/.venv/lib/python3.11/site-packages/airflow/example_dags/example_bash_decorator.py
[2025-04-08T14:35:34.727+0800] {processor.py:925} INFO - DAG(s) 'example_bash_decorator' retrieved from /Users/ervinyeoh/Desktop/unimods/is3107/project/.venv/lib/python3.11/site-packages/airflow/example_dags/example_bash_decorator.py
[2025-04-08T14:35:34.838+0800] {logging_mixin.py:190} INFO - [2025-04-08T14:35:34.838+0800] {dag.py:3239} INFO - Sync 1 DAGs
[2025-04-08T14:35:34.843+0800] {logging_mixin.py:190} INFO - [2025-04-08T14:35:34.843+0800] {dag.py:4180} INFO - Setting next_dagrun for example_bash_decorator to None, run_after=None
[2025-04-08T14:35:34.853+0800] {processor.py:208} INFO - Processing /Users/ervinyeoh/Desktop/unimods/is3107/project/.venv/lib/python3.11/site-packages/airflow/example_dags/example_bash_decorator.py took 0.184 seconds
[2025-04-08T14:38:55.376+0800] {processor.py:186} INFO - Started process (PID=13070) to work on /Users/ervinyeoh/Desktop/unimods/is3107/project/.venv/lib/python3.11/site-packages/airflow/example_dags/example_bash_decorator.py
[2025-04-08T14:38:55.377+0800] {processor.py:914} INFO - Processing file /Users/ervinyeoh/Desktop/unimods/is3107/project/.venv/lib/python3.11/site-packages/airflow/example_dags/example_bash_decorator.py for tasks to queue
[2025-04-08T14:38:55.377+0800] {logging_mixin.py:190} INFO - [2025-04-08T14:38:55.377+0800] {dagbag.py:588} INFO - Filling up the DagBag from /Users/ervinyeoh/Desktop/unimods/is3107/project/.venv/lib/python3.11/site-packages/airflow/example_dags/example_bash_decorator.py
[2025-04-08T14:38:55.432+0800] {processor.py:925} INFO - DAG(s) 'example_bash_decorator' retrieved from /Users/ervinyeoh/Desktop/unimods/is3107/project/.venv/lib/python3.11/site-packages/airflow/example_dags/example_bash_decorator.py
[2025-04-08T14:38:55.546+0800] {logging_mixin.py:190} INFO - [2025-04-08T14:38:55.545+0800] {dag.py:3239} INFO - Sync 1 DAGs
[2025-04-08T14:38:55.551+0800] {logging_mixin.py:190} INFO - [2025-04-08T14:38:55.551+0800] {dag.py:4180} INFO - Setting next_dagrun for example_bash_decorator to None, run_after=None
[2025-04-08T14:38:55.561+0800] {processor.py:208} INFO - Processing /Users/ervinyeoh/Desktop/unimods/is3107/project/.venv/lib/python3.11/site-packages/airflow/example_dags/example_bash_decorator.py took 0.187 seconds
[2025-04-08T14:47:45.489+0800] {processor.py:186} INFO - Started process (PID=13351) to work on /Users/ervinyeoh/Desktop/unimods/is3107/project/.venv/lib/python3.11/site-packages/airflow/example_dags/example_bash_decorator.py
[2025-04-08T14:47:45.489+0800] {processor.py:914} INFO - Processing file /Users/ervinyeoh/Desktop/unimods/is3107/project/.venv/lib/python3.11/site-packages/airflow/example_dags/example_bash_decorator.py for tasks to queue
[2025-04-08T14:47:45.490+0800] {logging_mixin.py:190} INFO - [2025-04-08T14:47:45.490+0800] {dagbag.py:588} INFO - Filling up the DagBag from /Users/ervinyeoh/Desktop/unimods/is3107/project/.venv/lib/python3.11/site-packages/airflow/example_dags/example_bash_decorator.py
[2025-04-08T14:47:45.547+0800] {processor.py:925} INFO - DAG(s) 'example_bash_decorator' retrieved from /Users/ervinyeoh/Desktop/unimods/is3107/project/.venv/lib/python3.11/site-packages/airflow/example_dags/example_bash_decorator.py
[2025-04-08T14:47:45.656+0800] {logging_mixin.py:190} INFO - [2025-04-08T14:47:45.656+0800] {dag.py:3239} INFO - Sync 1 DAGs
[2025-04-08T14:47:45.661+0800] {logging_mixin.py:190} INFO - [2025-04-08T14:47:45.661+0800] {dag.py:4180} INFO - Setting next_dagrun for example_bash_decorator to None, run_after=None
[2025-04-08T14:47:45.670+0800] {processor.py:208} INFO - Processing /Users/ervinyeoh/Desktop/unimods/is3107/project/.venv/lib/python3.11/site-packages/airflow/example_dags/example_bash_decorator.py took 0.183 seconds
[2025-04-08T14:54:57.715+0800] {processor.py:186} INFO - Started process (PID=13732) to work on /Users/ervinyeoh/Desktop/unimods/is3107/project/.venv/lib/python3.11/site-packages/airflow/example_dags/example_bash_decorator.py
[2025-04-08T14:54:57.715+0800] {processor.py:914} INFO - Processing file /Users/ervinyeoh/Desktop/unimods/is3107/project/.venv/lib/python3.11/site-packages/airflow/example_dags/example_bash_decorator.py for tasks to queue
[2025-04-08T14:54:57.716+0800] {logging_mixin.py:190} INFO - [2025-04-08T14:54:57.716+0800] {dagbag.py:588} INFO - Filling up the DagBag from /Users/ervinyeoh/Desktop/unimods/is3107/project/.venv/lib/python3.11/site-packages/airflow/example_dags/example_bash_decorator.py
[2025-04-08T14:54:57.771+0800] {processor.py:925} INFO - DAG(s) 'example_bash_decorator' retrieved from /Users/ervinyeoh/Desktop/unimods/is3107/project/.venv/lib/python3.11/site-packages/airflow/example_dags/example_bash_decorator.py
[2025-04-08T14:54:57.881+0800] {logging_mixin.py:190} INFO - [2025-04-08T14:54:57.881+0800] {dag.py:3239} INFO - Sync 1 DAGs
[2025-04-08T14:54:57.886+0800] {logging_mixin.py:190} INFO - [2025-04-08T14:54:57.886+0800] {dag.py:4180} INFO - Setting next_dagrun for example_bash_decorator to None, run_after=None
[2025-04-08T14:54:57.895+0800] {processor.py:208} INFO - Processing /Users/ervinyeoh/Desktop/unimods/is3107/project/.venv/lib/python3.11/site-packages/airflow/example_dags/example_bash_decorator.py took 0.183 seconds
[2025-04-08T15:52:59.600+0800] {processor.py:186} INFO - Started process (PID=14121) to work on /Users/ervinyeoh/Desktop/unimods/is3107/project/.venv/lib/python3.11/site-packages/airflow/example_dags/example_bash_decorator.py
[2025-04-08T15:52:59.601+0800] {processor.py:914} INFO - Processing file /Users/ervinyeoh/Desktop/unimods/is3107/project/.venv/lib/python3.11/site-packages/airflow/example_dags/example_bash_decorator.py for tasks to queue
[2025-04-08T15:52:59.602+0800] {logging_mixin.py:190} INFO - [2025-04-08T15:52:59.601+0800] {dagbag.py:588} INFO - Filling up the DagBag from /Users/ervinyeoh/Desktop/unimods/is3107/project/.venv/lib/python3.11/site-packages/airflow/example_dags/example_bash_decorator.py
[2025-04-08T15:52:59.661+0800] {processor.py:925} INFO - DAG(s) 'example_bash_decorator' retrieved from /Users/ervinyeoh/Desktop/unimods/is3107/project/.venv/lib/python3.11/site-packages/airflow/example_dags/example_bash_decorator.py
[2025-04-08T15:52:59.777+0800] {logging_mixin.py:190} INFO - [2025-04-08T15:52:59.777+0800] {dag.py:3239} INFO - Sync 1 DAGs
[2025-04-08T15:52:59.782+0800] {logging_mixin.py:190} INFO - [2025-04-08T15:52:59.782+0800] {dag.py:4180} INFO - Setting next_dagrun for example_bash_decorator to None, run_after=None
[2025-04-08T15:52:59.793+0800] {processor.py:208} INFO - Processing /Users/ervinyeoh/Desktop/unimods/is3107/project/.venv/lib/python3.11/site-packages/airflow/example_dags/example_bash_decorator.py took 0.194 seconds
[2025-04-08T15:56:25.942+0800] {processor.py:186} INFO - Started process (PID=14370) to work on /Users/ervinyeoh/Desktop/unimods/is3107/project/.venv/lib/python3.11/site-packages/airflow/example_dags/example_bash_decorator.py
[2025-04-08T15:56:25.943+0800] {processor.py:914} INFO - Processing file /Users/ervinyeoh/Desktop/unimods/is3107/project/.venv/lib/python3.11/site-packages/airflow/example_dags/example_bash_decorator.py for tasks to queue
[2025-04-08T15:56:25.944+0800] {logging_mixin.py:190} INFO - [2025-04-08T15:56:25.944+0800] {dagbag.py:588} INFO - Filling up the DagBag from /Users/ervinyeoh/Desktop/unimods/is3107/project/.venv/lib/python3.11/site-packages/airflow/example_dags/example_bash_decorator.py
[2025-04-08T15:56:26.001+0800] {processor.py:925} INFO - DAG(s) 'example_bash_decorator' retrieved from /Users/ervinyeoh/Desktop/unimods/is3107/project/.venv/lib/python3.11/site-packages/airflow/example_dags/example_bash_decorator.py
[2025-04-08T15:56:26.113+0800] {logging_mixin.py:190} INFO - [2025-04-08T15:56:26.113+0800] {dag.py:3239} INFO - Sync 1 DAGs
[2025-04-08T15:56:26.118+0800] {logging_mixin.py:190} INFO - [2025-04-08T15:56:26.118+0800] {dag.py:4180} INFO - Setting next_dagrun for example_bash_decorator to None, run_after=None
[2025-04-08T15:56:26.128+0800] {processor.py:208} INFO - Processing /Users/ervinyeoh/Desktop/unimods/is3107/project/.venv/lib/python3.11/site-packages/airflow/example_dags/example_bash_decorator.py took 0.187 seconds
[2025-04-08T15:59:46.557+0800] {processor.py:186} INFO - Started process (PID=14608) to work on /Users/ervinyeoh/Desktop/unimods/is3107/project/.venv/lib/python3.11/site-packages/airflow/example_dags/example_bash_decorator.py
[2025-04-08T15:59:46.558+0800] {processor.py:914} INFO - Processing file /Users/ervinyeoh/Desktop/unimods/is3107/project/.venv/lib/python3.11/site-packages/airflow/example_dags/example_bash_decorator.py for tasks to queue
[2025-04-08T15:59:46.559+0800] {logging_mixin.py:190} INFO - [2025-04-08T15:59:46.559+0800] {dagbag.py:588} INFO - Filling up the DagBag from /Users/ervinyeoh/Desktop/unimods/is3107/project/.venv/lib/python3.11/site-packages/airflow/example_dags/example_bash_decorator.py
[2025-04-08T15:59:46.616+0800] {processor.py:925} INFO - DAG(s) 'example_bash_decorator' retrieved from /Users/ervinyeoh/Desktop/unimods/is3107/project/.venv/lib/python3.11/site-packages/airflow/example_dags/example_bash_decorator.py
[2025-04-08T15:59:46.727+0800] {logging_mixin.py:190} INFO - [2025-04-08T15:59:46.727+0800] {dag.py:3239} INFO - Sync 1 DAGs
[2025-04-08T15:59:46.732+0800] {logging_mixin.py:190} INFO - [2025-04-08T15:59:46.732+0800] {dag.py:4180} INFO - Setting next_dagrun for example_bash_decorator to None, run_after=None
[2025-04-08T15:59:46.741+0800] {processor.py:208} INFO - Processing /Users/ervinyeoh/Desktop/unimods/is3107/project/.venv/lib/python3.11/site-packages/airflow/example_dags/example_bash_decorator.py took 0.185 seconds
[2025-04-08T16:03:02.390+0800] {processor.py:186} INFO - Started process (PID=14833) to work on /Users/ervinyeoh/Desktop/unimods/is3107/project/.venv/lib/python3.11/site-packages/airflow/example_dags/example_bash_decorator.py
[2025-04-08T16:03:02.391+0800] {processor.py:914} INFO - Processing file /Users/ervinyeoh/Desktop/unimods/is3107/project/.venv/lib/python3.11/site-packages/airflow/example_dags/example_bash_decorator.py for tasks to queue
[2025-04-08T16:03:02.392+0800] {logging_mixin.py:190} INFO - [2025-04-08T16:03:02.391+0800] {dagbag.py:588} INFO - Filling up the DagBag from /Users/ervinyeoh/Desktop/unimods/is3107/project/.venv/lib/python3.11/site-packages/airflow/example_dags/example_bash_decorator.py
[2025-04-08T16:03:02.450+0800] {processor.py:925} INFO - DAG(s) 'example_bash_decorator' retrieved from /Users/ervinyeoh/Desktop/unimods/is3107/project/.venv/lib/python3.11/site-packages/airflow/example_dags/example_bash_decorator.py
[2025-04-08T16:03:02.559+0800] {logging_mixin.py:190} INFO - [2025-04-08T16:03:02.559+0800] {dag.py:3239} INFO - Sync 1 DAGs
[2025-04-08T16:03:02.564+0800] {logging_mixin.py:190} INFO - [2025-04-08T16:03:02.564+0800] {dag.py:4180} INFO - Setting next_dagrun for example_bash_decorator to None, run_after=None
[2025-04-08T16:03:02.574+0800] {processor.py:208} INFO - Processing /Users/ervinyeoh/Desktop/unimods/is3107/project/.venv/lib/python3.11/site-packages/airflow/example_dags/example_bash_decorator.py took 0.186 seconds
[2025-04-08T16:06:21.555+0800] {processor.py:186} INFO - Started process (PID=15060) to work on /Users/ervinyeoh/Desktop/unimods/is3107/project/.venv/lib/python3.11/site-packages/airflow/example_dags/example_bash_decorator.py
[2025-04-08T16:06:21.556+0800] {processor.py:914} INFO - Processing file /Users/ervinyeoh/Desktop/unimods/is3107/project/.venv/lib/python3.11/site-packages/airflow/example_dags/example_bash_decorator.py for tasks to queue
[2025-04-08T16:06:21.556+0800] {logging_mixin.py:190} INFO - [2025-04-08T16:06:21.556+0800] {dagbag.py:588} INFO - Filling up the DagBag from /Users/ervinyeoh/Desktop/unimods/is3107/project/.venv/lib/python3.11/site-packages/airflow/example_dags/example_bash_decorator.py
[2025-04-08T16:06:21.621+0800] {processor.py:925} INFO - DAG(s) 'example_bash_decorator' retrieved from /Users/ervinyeoh/Desktop/unimods/is3107/project/.venv/lib/python3.11/site-packages/airflow/example_dags/example_bash_decorator.py
[2025-04-08T16:06:21.744+0800] {logging_mixin.py:190} INFO - [2025-04-08T16:06:21.744+0800] {dag.py:3239} INFO - Sync 1 DAGs
[2025-04-08T16:06:21.750+0800] {logging_mixin.py:190} INFO - [2025-04-08T16:06:21.750+0800] {dag.py:4180} INFO - Setting next_dagrun for example_bash_decorator to None, run_after=None
[2025-04-08T16:06:21.761+0800] {processor.py:208} INFO - Processing /Users/ervinyeoh/Desktop/unimods/is3107/project/.venv/lib/python3.11/site-packages/airflow/example_dags/example_bash_decorator.py took 0.208 seconds
[2025-04-08T16:09:36.434+0800] {processor.py:186} INFO - Started process (PID=15271) to work on /Users/ervinyeoh/Desktop/unimods/is3107/project/.venv/lib/python3.11/site-packages/airflow/example_dags/example_bash_decorator.py
[2025-04-08T16:09:36.434+0800] {processor.py:914} INFO - Processing file /Users/ervinyeoh/Desktop/unimods/is3107/project/.venv/lib/python3.11/site-packages/airflow/example_dags/example_bash_decorator.py for tasks to queue
[2025-04-08T16:09:36.435+0800] {logging_mixin.py:190} INFO - [2025-04-08T16:09:36.435+0800] {dagbag.py:588} INFO - Filling up the DagBag from /Users/ervinyeoh/Desktop/unimods/is3107/project/.venv/lib/python3.11/site-packages/airflow/example_dags/example_bash_decorator.py
[2025-04-08T16:09:36.489+0800] {processor.py:925} INFO - DAG(s) 'example_bash_decorator' retrieved from /Users/ervinyeoh/Desktop/unimods/is3107/project/.venv/lib/python3.11/site-packages/airflow/example_dags/example_bash_decorator.py
[2025-04-08T16:09:36.599+0800] {logging_mixin.py:190} INFO - [2025-04-08T16:09:36.599+0800] {dag.py:3239} INFO - Sync 1 DAGs
[2025-04-08T16:09:36.605+0800] {logging_mixin.py:190} INFO - [2025-04-08T16:09:36.604+0800] {dag.py:4180} INFO - Setting next_dagrun for example_bash_decorator to None, run_after=None
[2025-04-08T16:09:36.614+0800] {processor.py:208} INFO - Processing /Users/ervinyeoh/Desktop/unimods/is3107/project/.venv/lib/python3.11/site-packages/airflow/example_dags/example_bash_decorator.py took 0.182 seconds
[2025-04-08T16:12:56.694+0800] {processor.py:186} INFO - Started process (PID=15506) to work on /Users/ervinyeoh/Desktop/unimods/is3107/project/.venv/lib/python3.11/site-packages/airflow/example_dags/example_bash_decorator.py
[2025-04-08T16:12:56.694+0800] {processor.py:914} INFO - Processing file /Users/ervinyeoh/Desktop/unimods/is3107/project/.venv/lib/python3.11/site-packages/airflow/example_dags/example_bash_decorator.py for tasks to queue
[2025-04-08T16:12:56.695+0800] {logging_mixin.py:190} INFO - [2025-04-08T16:12:56.695+0800] {dagbag.py:588} INFO - Filling up the DagBag from /Users/ervinyeoh/Desktop/unimods/is3107/project/.venv/lib/python3.11/site-packages/airflow/example_dags/example_bash_decorator.py
[2025-04-08T16:12:56.752+0800] {processor.py:925} INFO - DAG(s) 'example_bash_decorator' retrieved from /Users/ervinyeoh/Desktop/unimods/is3107/project/.venv/lib/python3.11/site-packages/airflow/example_dags/example_bash_decorator.py
[2025-04-08T16:12:56.862+0800] {logging_mixin.py:190} INFO - [2025-04-08T16:12:56.862+0800] {dag.py:3239} INFO - Sync 1 DAGs
[2025-04-08T16:12:56.867+0800] {logging_mixin.py:190} INFO - [2025-04-08T16:12:56.867+0800] {dag.py:4180} INFO - Setting next_dagrun for example_bash_decorator to None, run_after=None
[2025-04-08T16:12:56.876+0800] {processor.py:208} INFO - Processing /Users/ervinyeoh/Desktop/unimods/is3107/project/.venv/lib/python3.11/site-packages/airflow/example_dags/example_bash_decorator.py took 0.185 seconds
[2025-04-08T16:16:14.547+0800] {processor.py:186} INFO - Started process (PID=15748) to work on /Users/ervinyeoh/Desktop/unimods/is3107/project/.venv/lib/python3.11/site-packages/airflow/example_dags/example_bash_decorator.py
[2025-04-08T16:16:14.547+0800] {processor.py:914} INFO - Processing file /Users/ervinyeoh/Desktop/unimods/is3107/project/.venv/lib/python3.11/site-packages/airflow/example_dags/example_bash_decorator.py for tasks to queue
[2025-04-08T16:16:14.548+0800] {logging_mixin.py:190} INFO - [2025-04-08T16:16:14.548+0800] {dagbag.py:588} INFO - Filling up the DagBag from /Users/ervinyeoh/Desktop/unimods/is3107/project/.venv/lib/python3.11/site-packages/airflow/example_dags/example_bash_decorator.py
[2025-04-08T16:16:14.606+0800] {processor.py:925} INFO - DAG(s) 'example_bash_decorator' retrieved from /Users/ervinyeoh/Desktop/unimods/is3107/project/.venv/lib/python3.11/site-packages/airflow/example_dags/example_bash_decorator.py
[2025-04-08T16:16:14.716+0800] {logging_mixin.py:190} INFO - [2025-04-08T16:16:14.716+0800] {dag.py:3239} INFO - Sync 1 DAGs
[2025-04-08T16:16:14.722+0800] {logging_mixin.py:190} INFO - [2025-04-08T16:16:14.721+0800] {dag.py:4180} INFO - Setting next_dagrun for example_bash_decorator to None, run_after=None
[2025-04-08T16:16:14.731+0800] {processor.py:208} INFO - Processing /Users/ervinyeoh/Desktop/unimods/is3107/project/.venv/lib/python3.11/site-packages/airflow/example_dags/example_bash_decorator.py took 0.186 seconds
[2025-04-08T16:19:41.808+0800] {processor.py:186} INFO - Started process (PID=16034) to work on /Users/ervinyeoh/Desktop/unimods/is3107/project/.venv/lib/python3.11/site-packages/airflow/example_dags/example_bash_decorator.py
[2025-04-08T16:19:41.809+0800] {processor.py:914} INFO - Processing file /Users/ervinyeoh/Desktop/unimods/is3107/project/.venv/lib/python3.11/site-packages/airflow/example_dags/example_bash_decorator.py for tasks to queue
[2025-04-08T16:19:41.809+0800] {logging_mixin.py:190} INFO - [2025-04-08T16:19:41.809+0800] {dagbag.py:588} INFO - Filling up the DagBag from /Users/ervinyeoh/Desktop/unimods/is3107/project/.venv/lib/python3.11/site-packages/airflow/example_dags/example_bash_decorator.py
[2025-04-08T16:19:41.868+0800] {processor.py:925} INFO - DAG(s) 'example_bash_decorator' retrieved from /Users/ervinyeoh/Desktop/unimods/is3107/project/.venv/lib/python3.11/site-packages/airflow/example_dags/example_bash_decorator.py
[2025-04-08T16:19:41.981+0800] {logging_mixin.py:190} INFO - [2025-04-08T16:19:41.981+0800] {dag.py:3239} INFO - Sync 1 DAGs
[2025-04-08T16:19:41.987+0800] {logging_mixin.py:190} INFO - [2025-04-08T16:19:41.987+0800] {dag.py:4180} INFO - Setting next_dagrun for example_bash_decorator to None, run_after=None
[2025-04-08T16:19:41.998+0800] {processor.py:208} INFO - Processing /Users/ervinyeoh/Desktop/unimods/is3107/project/.venv/lib/python3.11/site-packages/airflow/example_dags/example_bash_decorator.py took 0.191 seconds
[2025-04-08T16:23:02.944+0800] {processor.py:186} INFO - Started process (PID=16254) to work on /Users/ervinyeoh/Desktop/unimods/is3107/project/.venv/lib/python3.11/site-packages/airflow/example_dags/example_bash_decorator.py
[2025-04-08T16:23:02.945+0800] {processor.py:914} INFO - Processing file /Users/ervinyeoh/Desktop/unimods/is3107/project/.venv/lib/python3.11/site-packages/airflow/example_dags/example_bash_decorator.py for tasks to queue
[2025-04-08T16:23:02.945+0800] {logging_mixin.py:190} INFO - [2025-04-08T16:23:02.945+0800] {dagbag.py:588} INFO - Filling up the DagBag from /Users/ervinyeoh/Desktop/unimods/is3107/project/.venv/lib/python3.11/site-packages/airflow/example_dags/example_bash_decorator.py
[2025-04-08T16:23:03.004+0800] {processor.py:925} INFO - DAG(s) 'example_bash_decorator' retrieved from /Users/ervinyeoh/Desktop/unimods/is3107/project/.venv/lib/python3.11/site-packages/airflow/example_dags/example_bash_decorator.py
[2025-04-08T16:23:03.112+0800] {logging_mixin.py:190} INFO - [2025-04-08T16:23:03.112+0800] {dag.py:3239} INFO - Sync 1 DAGs
[2025-04-08T16:23:03.117+0800] {logging_mixin.py:190} INFO - [2025-04-08T16:23:03.117+0800] {dag.py:4180} INFO - Setting next_dagrun for example_bash_decorator to None, run_after=None
[2025-04-08T16:23:03.127+0800] {processor.py:208} INFO - Processing /Users/ervinyeoh/Desktop/unimods/is3107/project/.venv/lib/python3.11/site-packages/airflow/example_dags/example_bash_decorator.py took 0.185 seconds
[2025-04-08T16:26:21.478+0800] {processor.py:186} INFO - Started process (PID=16496) to work on /Users/ervinyeoh/Desktop/unimods/is3107/project/.venv/lib/python3.11/site-packages/airflow/example_dags/example_bash_decorator.py
[2025-04-08T16:26:21.479+0800] {processor.py:914} INFO - Processing file /Users/ervinyeoh/Desktop/unimods/is3107/project/.venv/lib/python3.11/site-packages/airflow/example_dags/example_bash_decorator.py for tasks to queue
[2025-04-08T16:26:21.480+0800] {logging_mixin.py:190} INFO - [2025-04-08T16:26:21.480+0800] {dagbag.py:588} INFO - Filling up the DagBag from /Users/ervinyeoh/Desktop/unimods/is3107/project/.venv/lib/python3.11/site-packages/airflow/example_dags/example_bash_decorator.py
[2025-04-08T16:26:21.537+0800] {processor.py:925} INFO - DAG(s) 'example_bash_decorator' retrieved from /Users/ervinyeoh/Desktop/unimods/is3107/project/.venv/lib/python3.11/site-packages/airflow/example_dags/example_bash_decorator.py
[2025-04-08T16:26:21.649+0800] {logging_mixin.py:190} INFO - [2025-04-08T16:26:21.649+0800] {dag.py:3239} INFO - Sync 1 DAGs
[2025-04-08T16:26:21.654+0800] {logging_mixin.py:190} INFO - [2025-04-08T16:26:21.654+0800] {dag.py:4180} INFO - Setting next_dagrun for example_bash_decorator to None, run_after=None
[2025-04-08T16:26:21.663+0800] {processor.py:208} INFO - Processing /Users/ervinyeoh/Desktop/unimods/is3107/project/.venv/lib/python3.11/site-packages/airflow/example_dags/example_bash_decorator.py took 0.187 seconds
[2025-04-08T16:29:41.601+0800] {processor.py:186} INFO - Started process (PID=16728) to work on /Users/ervinyeoh/Desktop/unimods/is3107/project/.venv/lib/python3.11/site-packages/airflow/example_dags/example_bash_decorator.py
[2025-04-08T16:29:41.602+0800] {processor.py:914} INFO - Processing file /Users/ervinyeoh/Desktop/unimods/is3107/project/.venv/lib/python3.11/site-packages/airflow/example_dags/example_bash_decorator.py for tasks to queue
[2025-04-08T16:29:41.602+0800] {logging_mixin.py:190} INFO - [2025-04-08T16:29:41.602+0800] {dagbag.py:588} INFO - Filling up the DagBag from /Users/ervinyeoh/Desktop/unimods/is3107/project/.venv/lib/python3.11/site-packages/airflow/example_dags/example_bash_decorator.py
[2025-04-08T16:29:41.659+0800] {processor.py:925} INFO - DAG(s) 'example_bash_decorator' retrieved from /Users/ervinyeoh/Desktop/unimods/is3107/project/.venv/lib/python3.11/site-packages/airflow/example_dags/example_bash_decorator.py
[2025-04-08T16:29:41.769+0800] {logging_mixin.py:190} INFO - [2025-04-08T16:29:41.769+0800] {dag.py:3239} INFO - Sync 1 DAGs
[2025-04-08T16:29:41.774+0800] {logging_mixin.py:190} INFO - [2025-04-08T16:29:41.774+0800] {dag.py:4180} INFO - Setting next_dagrun for example_bash_decorator to None, run_after=None
[2025-04-08T16:29:41.786+0800] {processor.py:208} INFO - Processing /Users/ervinyeoh/Desktop/unimods/is3107/project/.venv/lib/python3.11/site-packages/airflow/example_dags/example_bash_decorator.py took 0.187 seconds
[2025-04-08T16:32:58.280+0800] {processor.py:186} INFO - Started process (PID=17082) to work on /Users/ervinyeoh/Desktop/unimods/is3107/project/.venv/lib/python3.11/site-packages/airflow/example_dags/example_bash_decorator.py
[2025-04-08T16:32:58.281+0800] {processor.py:914} INFO - Processing file /Users/ervinyeoh/Desktop/unimods/is3107/project/.venv/lib/python3.11/site-packages/airflow/example_dags/example_bash_decorator.py for tasks to queue
[2025-04-08T16:32:58.282+0800] {logging_mixin.py:190} INFO - [2025-04-08T16:32:58.282+0800] {dagbag.py:588} INFO - Filling up the DagBag from /Users/ervinyeoh/Desktop/unimods/is3107/project/.venv/lib/python3.11/site-packages/airflow/example_dags/example_bash_decorator.py
[2025-04-08T16:32:58.336+0800] {processor.py:925} INFO - DAG(s) 'example_bash_decorator' retrieved from /Users/ervinyeoh/Desktop/unimods/is3107/project/.venv/lib/python3.11/site-packages/airflow/example_dags/example_bash_decorator.py
[2025-04-08T16:32:58.447+0800] {logging_mixin.py:190} INFO - [2025-04-08T16:32:58.446+0800] {dag.py:3239} INFO - Sync 1 DAGs
[2025-04-08T16:32:58.452+0800] {logging_mixin.py:190} INFO - [2025-04-08T16:32:58.452+0800] {dag.py:4180} INFO - Setting next_dagrun for example_bash_decorator to None, run_after=None
[2025-04-08T16:32:58.461+0800] {processor.py:208} INFO - Processing /Users/ervinyeoh/Desktop/unimods/is3107/project/.venv/lib/python3.11/site-packages/airflow/example_dags/example_bash_decorator.py took 0.182 seconds
[2025-04-08T16:36:16.289+0800] {processor.py:186} INFO - Started process (PID=17313) to work on /Users/ervinyeoh/Desktop/unimods/is3107/project/.venv/lib/python3.11/site-packages/airflow/example_dags/example_bash_decorator.py
[2025-04-08T16:36:16.289+0800] {processor.py:914} INFO - Processing file /Users/ervinyeoh/Desktop/unimods/is3107/project/.venv/lib/python3.11/site-packages/airflow/example_dags/example_bash_decorator.py for tasks to queue
[2025-04-08T16:36:16.290+0800] {logging_mixin.py:190} INFO - [2025-04-08T16:36:16.290+0800] {dagbag.py:588} INFO - Filling up the DagBag from /Users/ervinyeoh/Desktop/unimods/is3107/project/.venv/lib/python3.11/site-packages/airflow/example_dags/example_bash_decorator.py
[2025-04-08T16:36:16.346+0800] {processor.py:925} INFO - DAG(s) 'example_bash_decorator' retrieved from /Users/ervinyeoh/Desktop/unimods/is3107/project/.venv/lib/python3.11/site-packages/airflow/example_dags/example_bash_decorator.py
[2025-04-08T16:36:16.459+0800] {logging_mixin.py:190} INFO - [2025-04-08T16:36:16.459+0800] {dag.py:3239} INFO - Sync 1 DAGs
[2025-04-08T16:36:16.464+0800] {logging_mixin.py:190} INFO - [2025-04-08T16:36:16.464+0800] {dag.py:4180} INFO - Setting next_dagrun for example_bash_decorator to None, run_after=None
[2025-04-08T16:36:16.473+0800] {processor.py:208} INFO - Processing /Users/ervinyeoh/Desktop/unimods/is3107/project/.venv/lib/python3.11/site-packages/airflow/example_dags/example_bash_decorator.py took 0.186 seconds
[2025-04-08T16:39:40.109+0800] {processor.py:186} INFO - Started process (PID=17577) to work on /Users/ervinyeoh/Desktop/unimods/is3107/project/.venv/lib/python3.11/site-packages/airflow/example_dags/example_bash_decorator.py
[2025-04-08T16:39:40.110+0800] {processor.py:914} INFO - Processing file /Users/ervinyeoh/Desktop/unimods/is3107/project/.venv/lib/python3.11/site-packages/airflow/example_dags/example_bash_decorator.py for tasks to queue
[2025-04-08T16:39:40.111+0800] {logging_mixin.py:190} INFO - [2025-04-08T16:39:40.110+0800] {dagbag.py:588} INFO - Filling up the DagBag from /Users/ervinyeoh/Desktop/unimods/is3107/project/.venv/lib/python3.11/site-packages/airflow/example_dags/example_bash_decorator.py
[2025-04-08T16:39:40.168+0800] {processor.py:925} INFO - DAG(s) 'example_bash_decorator' retrieved from /Users/ervinyeoh/Desktop/unimods/is3107/project/.venv/lib/python3.11/site-packages/airflow/example_dags/example_bash_decorator.py
[2025-04-08T16:39:40.277+0800] {logging_mixin.py:190} INFO - [2025-04-08T16:39:40.277+0800] {dag.py:3239} INFO - Sync 1 DAGs
[2025-04-08T16:39:40.282+0800] {logging_mixin.py:190} INFO - [2025-04-08T16:39:40.282+0800] {dag.py:4180} INFO - Setting next_dagrun for example_bash_decorator to None, run_after=None
[2025-04-08T16:39:40.292+0800] {processor.py:208} INFO - Processing /Users/ervinyeoh/Desktop/unimods/is3107/project/.venv/lib/python3.11/site-packages/airflow/example_dags/example_bash_decorator.py took 0.184 seconds
[2025-04-08T16:42:58.627+0800] {processor.py:186} INFO - Started process (PID=17793) to work on /Users/ervinyeoh/Desktop/unimods/is3107/project/.venv/lib/python3.11/site-packages/airflow/example_dags/example_bash_decorator.py
[2025-04-08T16:42:58.628+0800] {processor.py:914} INFO - Processing file /Users/ervinyeoh/Desktop/unimods/is3107/project/.venv/lib/python3.11/site-packages/airflow/example_dags/example_bash_decorator.py for tasks to queue
[2025-04-08T16:42:58.629+0800] {logging_mixin.py:190} INFO - [2025-04-08T16:42:58.629+0800] {dagbag.py:588} INFO - Filling up the DagBag from /Users/ervinyeoh/Desktop/unimods/is3107/project/.venv/lib/python3.11/site-packages/airflow/example_dags/example_bash_decorator.py
[2025-04-08T16:42:58.684+0800] {processor.py:925} INFO - DAG(s) 'example_bash_decorator' retrieved from /Users/ervinyeoh/Desktop/unimods/is3107/project/.venv/lib/python3.11/site-packages/airflow/example_dags/example_bash_decorator.py
[2025-04-08T16:42:58.794+0800] {logging_mixin.py:190} INFO - [2025-04-08T16:42:58.794+0800] {dag.py:3239} INFO - Sync 1 DAGs
[2025-04-08T16:42:58.799+0800] {logging_mixin.py:190} INFO - [2025-04-08T16:42:58.799+0800] {dag.py:4180} INFO - Setting next_dagrun for example_bash_decorator to None, run_after=None
[2025-04-08T16:42:58.809+0800] {processor.py:208} INFO - Processing /Users/ervinyeoh/Desktop/unimods/is3107/project/.venv/lib/python3.11/site-packages/airflow/example_dags/example_bash_decorator.py took 0.183 seconds
[2025-04-08T16:46:18.949+0800] {processor.py:186} INFO - Started process (PID=18047) to work on /Users/ervinyeoh/Desktop/unimods/is3107/project/.venv/lib/python3.11/site-packages/airflow/example_dags/example_bash_decorator.py
[2025-04-08T16:46:18.950+0800] {processor.py:914} INFO - Processing file /Users/ervinyeoh/Desktop/unimods/is3107/project/.venv/lib/python3.11/site-packages/airflow/example_dags/example_bash_decorator.py for tasks to queue
[2025-04-08T16:46:18.950+0800] {logging_mixin.py:190} INFO - [2025-04-08T16:46:18.950+0800] {dagbag.py:588} INFO - Filling up the DagBag from /Users/ervinyeoh/Desktop/unimods/is3107/project/.venv/lib/python3.11/site-packages/airflow/example_dags/example_bash_decorator.py
[2025-04-08T16:46:19.007+0800] {processor.py:925} INFO - DAG(s) 'example_bash_decorator' retrieved from /Users/ervinyeoh/Desktop/unimods/is3107/project/.venv/lib/python3.11/site-packages/airflow/example_dags/example_bash_decorator.py
[2025-04-08T16:46:19.117+0800] {logging_mixin.py:190} INFO - [2025-04-08T16:46:19.116+0800] {dag.py:3239} INFO - Sync 1 DAGs
[2025-04-08T16:46:19.122+0800] {logging_mixin.py:190} INFO - [2025-04-08T16:46:19.121+0800] {dag.py:4180} INFO - Setting next_dagrun for example_bash_decorator to None, run_after=None
[2025-04-08T16:46:19.131+0800] {processor.py:208} INFO - Processing /Users/ervinyeoh/Desktop/unimods/is3107/project/.venv/lib/python3.11/site-packages/airflow/example_dags/example_bash_decorator.py took 0.184 seconds
[2025-04-08T16:49:40.788+0800] {processor.py:186} INFO - Started process (PID=18381) to work on /Users/ervinyeoh/Desktop/unimods/is3107/project/.venv/lib/python3.11/site-packages/airflow/example_dags/example_bash_decorator.py
[2025-04-08T16:49:40.790+0800] {processor.py:914} INFO - Processing file /Users/ervinyeoh/Desktop/unimods/is3107/project/.venv/lib/python3.11/site-packages/airflow/example_dags/example_bash_decorator.py for tasks to queue
[2025-04-08T16:49:40.791+0800] {logging_mixin.py:190} INFO - [2025-04-08T16:49:40.790+0800] {dagbag.py:588} INFO - Filling up the DagBag from /Users/ervinyeoh/Desktop/unimods/is3107/project/.venv/lib/python3.11/site-packages/airflow/example_dags/example_bash_decorator.py
[2025-04-08T16:49:40.846+0800] {processor.py:925} INFO - DAG(s) 'example_bash_decorator' retrieved from /Users/ervinyeoh/Desktop/unimods/is3107/project/.venv/lib/python3.11/site-packages/airflow/example_dags/example_bash_decorator.py
[2025-04-08T16:49:40.959+0800] {logging_mixin.py:190} INFO - [2025-04-08T16:49:40.958+0800] {dag.py:3239} INFO - Sync 1 DAGs
[2025-04-08T16:49:40.964+0800] {logging_mixin.py:190} INFO - [2025-04-08T16:49:40.964+0800] {dag.py:4180} INFO - Setting next_dagrun for example_bash_decorator to None, run_after=None
[2025-04-08T16:49:40.973+0800] {processor.py:208} INFO - Processing /Users/ervinyeoh/Desktop/unimods/is3107/project/.venv/lib/python3.11/site-packages/airflow/example_dags/example_bash_decorator.py took 0.186 seconds
[2025-04-08T16:53:00.492+0800] {processor.py:186} INFO - Started process (PID=18640) to work on /Users/ervinyeoh/Desktop/unimods/is3107/project/.venv/lib/python3.11/site-packages/airflow/example_dags/example_bash_decorator.py
[2025-04-08T16:53:00.494+0800] {processor.py:914} INFO - Processing file /Users/ervinyeoh/Desktop/unimods/is3107/project/.venv/lib/python3.11/site-packages/airflow/example_dags/example_bash_decorator.py for tasks to queue
[2025-04-08T16:53:00.494+0800] {logging_mixin.py:190} INFO - [2025-04-08T16:53:00.494+0800] {dagbag.py:588} INFO - Filling up the DagBag from /Users/ervinyeoh/Desktop/unimods/is3107/project/.venv/lib/python3.11/site-packages/airflow/example_dags/example_bash_decorator.py
[2025-04-08T16:53:00.552+0800] {processor.py:925} INFO - DAG(s) 'example_bash_decorator' retrieved from /Users/ervinyeoh/Desktop/unimods/is3107/project/.venv/lib/python3.11/site-packages/airflow/example_dags/example_bash_decorator.py
[2025-04-08T16:53:00.661+0800] {logging_mixin.py:190} INFO - [2025-04-08T16:53:00.661+0800] {dag.py:3239} INFO - Sync 1 DAGs
[2025-04-08T16:53:00.666+0800] {logging_mixin.py:190} INFO - [2025-04-08T16:53:00.666+0800] {dag.py:4180} INFO - Setting next_dagrun for example_bash_decorator to None, run_after=None
[2025-04-08T16:53:00.676+0800] {processor.py:208} INFO - Processing /Users/ervinyeoh/Desktop/unimods/is3107/project/.venv/lib/python3.11/site-packages/airflow/example_dags/example_bash_decorator.py took 0.185 seconds
[2025-04-08T16:56:21.426+0800] {processor.py:186} INFO - Started process (PID=18870) to work on /Users/ervinyeoh/Desktop/unimods/is3107/project/.venv/lib/python3.11/site-packages/airflow/example_dags/example_bash_decorator.py
[2025-04-08T16:56:21.427+0800] {processor.py:914} INFO - Processing file /Users/ervinyeoh/Desktop/unimods/is3107/project/.venv/lib/python3.11/site-packages/airflow/example_dags/example_bash_decorator.py for tasks to queue
[2025-04-08T16:56:21.427+0800] {logging_mixin.py:190} INFO - [2025-04-08T16:56:21.427+0800] {dagbag.py:588} INFO - Filling up the DagBag from /Users/ervinyeoh/Desktop/unimods/is3107/project/.venv/lib/python3.11/site-packages/airflow/example_dags/example_bash_decorator.py
[2025-04-08T16:56:21.484+0800] {processor.py:925} INFO - DAG(s) 'example_bash_decorator' retrieved from /Users/ervinyeoh/Desktop/unimods/is3107/project/.venv/lib/python3.11/site-packages/airflow/example_dags/example_bash_decorator.py
[2025-04-08T16:56:21.597+0800] {logging_mixin.py:190} INFO - [2025-04-08T16:56:21.597+0800] {dag.py:3239} INFO - Sync 1 DAGs
[2025-04-08T16:56:21.602+0800] {logging_mixin.py:190} INFO - [2025-04-08T16:56:21.602+0800] {dag.py:4180} INFO - Setting next_dagrun for example_bash_decorator to None, run_after=None
[2025-04-08T16:56:21.612+0800] {processor.py:208} INFO - Processing /Users/ervinyeoh/Desktop/unimods/is3107/project/.venv/lib/python3.11/site-packages/airflow/example_dags/example_bash_decorator.py took 0.188 seconds
[2025-04-08T16:59:40.153+0800] {processor.py:186} INFO - Started process (PID=19101) to work on /Users/ervinyeoh/Desktop/unimods/is3107/project/.venv/lib/python3.11/site-packages/airflow/example_dags/example_bash_decorator.py
[2025-04-08T16:59:40.154+0800] {processor.py:914} INFO - Processing file /Users/ervinyeoh/Desktop/unimods/is3107/project/.venv/lib/python3.11/site-packages/airflow/example_dags/example_bash_decorator.py for tasks to queue
[2025-04-08T16:59:40.154+0800] {logging_mixin.py:190} INFO - [2025-04-08T16:59:40.154+0800] {dagbag.py:588} INFO - Filling up the DagBag from /Users/ervinyeoh/Desktop/unimods/is3107/project/.venv/lib/python3.11/site-packages/airflow/example_dags/example_bash_decorator.py
[2025-04-08T16:59:40.215+0800] {processor.py:925} INFO - DAG(s) 'example_bash_decorator' retrieved from /Users/ervinyeoh/Desktop/unimods/is3107/project/.venv/lib/python3.11/site-packages/airflow/example_dags/example_bash_decorator.py
[2025-04-08T16:59:40.329+0800] {logging_mixin.py:190} INFO - [2025-04-08T16:59:40.329+0800] {dag.py:3239} INFO - Sync 1 DAGs
[2025-04-08T16:59:40.334+0800] {logging_mixin.py:190} INFO - [2025-04-08T16:59:40.334+0800] {dag.py:4180} INFO - Setting next_dagrun for example_bash_decorator to None, run_after=None
[2025-04-08T16:59:40.344+0800] {processor.py:208} INFO - Processing /Users/ervinyeoh/Desktop/unimods/is3107/project/.venv/lib/python3.11/site-packages/airflow/example_dags/example_bash_decorator.py took 0.193 seconds
[2025-04-08T17:05:02.197+0800] {processor.py:186} INFO - Started process (PID=19397) to work on /Users/ervinyeoh/Desktop/unimods/is3107/project/.venv/lib/python3.11/site-packages/airflow/example_dags/example_bash_decorator.py
[2025-04-08T17:05:02.197+0800] {processor.py:914} INFO - Processing file /Users/ervinyeoh/Desktop/unimods/is3107/project/.venv/lib/python3.11/site-packages/airflow/example_dags/example_bash_decorator.py for tasks to queue
[2025-04-08T17:05:02.198+0800] {logging_mixin.py:190} INFO - [2025-04-08T17:05:02.198+0800] {dagbag.py:588} INFO - Filling up the DagBag from /Users/ervinyeoh/Desktop/unimods/is3107/project/.venv/lib/python3.11/site-packages/airflow/example_dags/example_bash_decorator.py
[2025-04-08T17:05:02.255+0800] {processor.py:925} INFO - DAG(s) 'example_bash_decorator' retrieved from /Users/ervinyeoh/Desktop/unimods/is3107/project/.venv/lib/python3.11/site-packages/airflow/example_dags/example_bash_decorator.py
[2025-04-08T17:05:02.376+0800] {logging_mixin.py:190} INFO - [2025-04-08T17:05:02.376+0800] {dag.py:3239} INFO - Sync 1 DAGs
[2025-04-08T17:05:02.382+0800] {logging_mixin.py:190} INFO - [2025-04-08T17:05:02.381+0800] {dag.py:4180} INFO - Setting next_dagrun for example_bash_decorator to None, run_after=None
[2025-04-08T17:05:02.393+0800] {processor.py:208} INFO - Processing /Users/ervinyeoh/Desktop/unimods/is3107/project/.venv/lib/python3.11/site-packages/airflow/example_dags/example_bash_decorator.py took 0.198 seconds
[2025-04-08T17:08:19.314+0800] {processor.py:186} INFO - Started process (PID=19621) to work on /Users/ervinyeoh/Desktop/unimods/is3107/project/.venv/lib/python3.11/site-packages/airflow/example_dags/example_bash_decorator.py
[2025-04-08T17:08:19.315+0800] {processor.py:914} INFO - Processing file /Users/ervinyeoh/Desktop/unimods/is3107/project/.venv/lib/python3.11/site-packages/airflow/example_dags/example_bash_decorator.py for tasks to queue
[2025-04-08T17:08:19.315+0800] {logging_mixin.py:190} INFO - [2025-04-08T17:08:19.315+0800] {dagbag.py:588} INFO - Filling up the DagBag from /Users/ervinyeoh/Desktop/unimods/is3107/project/.venv/lib/python3.11/site-packages/airflow/example_dags/example_bash_decorator.py
[2025-04-08T17:08:19.371+0800] {processor.py:925} INFO - DAG(s) 'example_bash_decorator' retrieved from /Users/ervinyeoh/Desktop/unimods/is3107/project/.venv/lib/python3.11/site-packages/airflow/example_dags/example_bash_decorator.py
[2025-04-08T17:08:19.480+0800] {logging_mixin.py:190} INFO - [2025-04-08T17:08:19.480+0800] {dag.py:3239} INFO - Sync 1 DAGs
[2025-04-08T17:08:19.486+0800] {logging_mixin.py:190} INFO - [2025-04-08T17:08:19.485+0800] {dag.py:4180} INFO - Setting next_dagrun for example_bash_decorator to None, run_after=None
[2025-04-08T17:08:19.495+0800] {processor.py:208} INFO - Processing /Users/ervinyeoh/Desktop/unimods/is3107/project/.venv/lib/python3.11/site-packages/airflow/example_dags/example_bash_decorator.py took 0.183 seconds
[2025-04-08T17:11:41.512+0800] {processor.py:186} INFO - Started process (PID=19837) to work on /Users/ervinyeoh/Desktop/unimods/is3107/project/.venv/lib/python3.11/site-packages/airflow/example_dags/example_bash_decorator.py
[2025-04-08T17:11:41.512+0800] {processor.py:914} INFO - Processing file /Users/ervinyeoh/Desktop/unimods/is3107/project/.venv/lib/python3.11/site-packages/airflow/example_dags/example_bash_decorator.py for tasks to queue
[2025-04-08T17:11:41.513+0800] {logging_mixin.py:190} INFO - [2025-04-08T17:11:41.513+0800] {dagbag.py:588} INFO - Filling up the DagBag from /Users/ervinyeoh/Desktop/unimods/is3107/project/.venv/lib/python3.11/site-packages/airflow/example_dags/example_bash_decorator.py
[2025-04-08T17:11:41.575+0800] {processor.py:925} INFO - DAG(s) 'example_bash_decorator' retrieved from /Users/ervinyeoh/Desktop/unimods/is3107/project/.venv/lib/python3.11/site-packages/airflow/example_dags/example_bash_decorator.py
[2025-04-08T17:11:41.688+0800] {logging_mixin.py:190} INFO - [2025-04-08T17:11:41.688+0800] {dag.py:3239} INFO - Sync 1 DAGs
[2025-04-08T17:11:41.693+0800] {logging_mixin.py:190} INFO - [2025-04-08T17:11:41.693+0800] {dag.py:4180} INFO - Setting next_dagrun for example_bash_decorator to None, run_after=None
[2025-04-08T17:11:41.706+0800] {processor.py:208} INFO - Processing /Users/ervinyeoh/Desktop/unimods/is3107/project/.venv/lib/python3.11/site-packages/airflow/example_dags/example_bash_decorator.py took 0.196 seconds
[2025-04-08T17:14:58.948+0800] {processor.py:186} INFO - Started process (PID=20054) to work on /Users/ervinyeoh/Desktop/unimods/is3107/project/.venv/lib/python3.11/site-packages/airflow/example_dags/example_bash_decorator.py
[2025-04-08T17:14:58.950+0800] {processor.py:914} INFO - Processing file /Users/ervinyeoh/Desktop/unimods/is3107/project/.venv/lib/python3.11/site-packages/airflow/example_dags/example_bash_decorator.py for tasks to queue
[2025-04-08T17:14:58.950+0800] {logging_mixin.py:190} INFO - [2025-04-08T17:14:58.950+0800] {dagbag.py:588} INFO - Filling up the DagBag from /Users/ervinyeoh/Desktop/unimods/is3107/project/.venv/lib/python3.11/site-packages/airflow/example_dags/example_bash_decorator.py
[2025-04-08T17:14:59.004+0800] {processor.py:925} INFO - DAG(s) 'example_bash_decorator' retrieved from /Users/ervinyeoh/Desktop/unimods/is3107/project/.venv/lib/python3.11/site-packages/airflow/example_dags/example_bash_decorator.py
[2025-04-08T17:14:59.104+0800] {logging_mixin.py:190} INFO - [2025-04-08T17:14:59.103+0800] {dag.py:3239} INFO - Sync 1 DAGs
[2025-04-08T17:14:59.109+0800] {logging_mixin.py:190} INFO - [2025-04-08T17:14:59.109+0800] {dag.py:4180} INFO - Setting next_dagrun for example_bash_decorator to None, run_after=None
[2025-04-08T17:14:59.118+0800] {processor.py:208} INFO - Processing /Users/ervinyeoh/Desktop/unimods/is3107/project/.venv/lib/python3.11/site-packages/airflow/example_dags/example_bash_decorator.py took 0.172 seconds
[2025-04-08T17:57:26.052+0800] {processor.py:186} INFO - Started process (PID=20385) to work on /Users/ervinyeoh/Desktop/unimods/is3107/project/.venv/lib/python3.11/site-packages/airflow/example_dags/example_bash_decorator.py
[2025-04-08T17:57:26.052+0800] {processor.py:914} INFO - Processing file /Users/ervinyeoh/Desktop/unimods/is3107/project/.venv/lib/python3.11/site-packages/airflow/example_dags/example_bash_decorator.py for tasks to queue
[2025-04-08T17:57:26.053+0800] {logging_mixin.py:190} INFO - [2025-04-08T17:57:26.053+0800] {dagbag.py:588} INFO - Filling up the DagBag from /Users/ervinyeoh/Desktop/unimods/is3107/project/.venv/lib/python3.11/site-packages/airflow/example_dags/example_bash_decorator.py
[2025-04-08T17:57:26.107+0800] {processor.py:925} INFO - DAG(s) 'example_bash_decorator' retrieved from /Users/ervinyeoh/Desktop/unimods/is3107/project/.venv/lib/python3.11/site-packages/airflow/example_dags/example_bash_decorator.py
[2025-04-08T17:57:26.218+0800] {logging_mixin.py:190} INFO - [2025-04-08T17:57:26.218+0800] {dag.py:3239} INFO - Sync 1 DAGs
[2025-04-08T17:57:26.223+0800] {logging_mixin.py:190} INFO - [2025-04-08T17:57:26.223+0800] {dag.py:4180} INFO - Setting next_dagrun for example_bash_decorator to None, run_after=None
[2025-04-08T17:57:26.232+0800] {processor.py:208} INFO - Processing /Users/ervinyeoh/Desktop/unimods/is3107/project/.venv/lib/python3.11/site-packages/airflow/example_dags/example_bash_decorator.py took 0.182 seconds
[2025-04-08T19:44:54.438+0800] {processor.py:186} INFO - Started process (PID=20842) to work on /Users/ervinyeoh/Desktop/unimods/is3107/project/.venv/lib/python3.11/site-packages/airflow/example_dags/example_bash_decorator.py
[2025-04-08T19:44:54.439+0800] {processor.py:914} INFO - Processing file /Users/ervinyeoh/Desktop/unimods/is3107/project/.venv/lib/python3.11/site-packages/airflow/example_dags/example_bash_decorator.py for tasks to queue
[2025-04-08T19:44:54.440+0800] {logging_mixin.py:190} INFO - [2025-04-08T19:44:54.439+0800] {dagbag.py:588} INFO - Filling up the DagBag from /Users/ervinyeoh/Desktop/unimods/is3107/project/.venv/lib/python3.11/site-packages/airflow/example_dags/example_bash_decorator.py
[2025-04-08T19:44:54.496+0800] {processor.py:925} INFO - DAG(s) 'example_bash_decorator' retrieved from /Users/ervinyeoh/Desktop/unimods/is3107/project/.venv/lib/python3.11/site-packages/airflow/example_dags/example_bash_decorator.py
[2025-04-08T19:44:54.611+0800] {logging_mixin.py:190} INFO - [2025-04-08T19:44:54.611+0800] {dag.py:3239} INFO - Sync 1 DAGs
[2025-04-08T19:44:54.616+0800] {logging_mixin.py:190} INFO - [2025-04-08T19:44:54.616+0800] {dag.py:4180} INFO - Setting next_dagrun for example_bash_decorator to None, run_after=None
[2025-04-08T19:44:54.626+0800] {processor.py:208} INFO - Processing /Users/ervinyeoh/Desktop/unimods/is3107/project/.venv/lib/python3.11/site-packages/airflow/example_dags/example_bash_decorator.py took 0.189 seconds
[2025-04-09T04:36:20.205+0800] {processor.py:186} INFO - Started process (PID=21645) to work on /Users/ervinyeoh/Desktop/unimods/is3107/project/.venv/lib/python3.11/site-packages/airflow/example_dags/example_bash_decorator.py
[2025-04-09T04:36:20.206+0800] {processor.py:914} INFO - Processing file /Users/ervinyeoh/Desktop/unimods/is3107/project/.venv/lib/python3.11/site-packages/airflow/example_dags/example_bash_decorator.py for tasks to queue
[2025-04-09T04:36:20.206+0800] {logging_mixin.py:190} INFO - [2025-04-09T04:36:20.206+0800] {dagbag.py:588} INFO - Filling up the DagBag from /Users/ervinyeoh/Desktop/unimods/is3107/project/.venv/lib/python3.11/site-packages/airflow/example_dags/example_bash_decorator.py
[2025-04-09T04:36:20.272+0800] {processor.py:925} INFO - DAG(s) 'example_bash_decorator' retrieved from /Users/ervinyeoh/Desktop/unimods/is3107/project/.venv/lib/python3.11/site-packages/airflow/example_dags/example_bash_decorator.py
[2025-04-09T04:36:20.383+0800] {logging_mixin.py:190} INFO - [2025-04-09T04:36:20.383+0800] {dag.py:3239} INFO - Sync 1 DAGs
[2025-04-09T04:36:20.389+0800] {logging_mixin.py:190} INFO - [2025-04-09T04:36:20.389+0800] {dag.py:4180} INFO - Setting next_dagrun for example_bash_decorator to None, run_after=None
[2025-04-09T04:36:20.400+0800] {processor.py:208} INFO - Processing /Users/ervinyeoh/Desktop/unimods/is3107/project/.venv/lib/python3.11/site-packages/airflow/example_dags/example_bash_decorator.py took 0.197 seconds
