[2025-04-08T08:10:22.270+0800] {processor.py:186} INFO - Started process (PID=5792) to work on /Users/ervinyeoh/Desktop/unimods/is3107/project/.venv/lib/python3.11/site-packages/airflow/example_dags/example_branch_python_dop_operator_3.py
[2025-04-08T08:10:22.271+0800] {processor.py:914} INFO - Processing file /Users/ervinyeoh/Desktop/unimods/is3107/project/.venv/lib/python3.11/site-packages/airflow/example_dags/example_branch_python_dop_operator_3.py for tasks to queue
[2025-04-08T08:10:22.272+0800] {logging_mixin.py:190} INFO - [2025-04-08T08:10:22.271+0800] {dagbag.py:588} INFO - Filling up the DagBag from /Users/ervinyeoh/Desktop/unimods/is3107/project/.venv/lib/python3.11/site-packages/airflow/example_dags/example_branch_python_dop_operator_3.py
[2025-04-08T08:10:22.324+0800] {processor.py:925} INFO - DAG(s) 'example_branch_dop_operator_v3' retrieved from /Users/ervinyeoh/Desktop/unimods/is3107/project/.venv/lib/python3.11/site-packages/airflow/example_dags/example_branch_python_dop_operator_3.py
[2025-04-08T08:10:22.374+0800] {logging_mixin.py:190} INFO - [2025-04-08T08:10:22.374+0800] {dag.py:3239} INFO - Sync 1 DAGs
[2025-04-08T08:10:22.386+0800] {logging_mixin.py:190} INFO - [2025-04-08T08:10:22.386+0800] {dag.py:4180} INFO - Setting next_dagrun for example_branch_dop_operator_v3 to 2025-04-08 00:09:00+00:00, run_after=2025-04-08 00:10:00+00:00
[2025-04-08T08:10:22.397+0800] {processor.py:208} INFO - Processing /Users/ervinyeoh/Desktop/unimods/is3107/project/.venv/lib/python3.11/site-packages/airflow/example_dags/example_branch_python_dop_operator_3.py took 0.128 seconds
[2025-04-08T08:47:19.279+0800] {processor.py:186} INFO - Started process (PID=6232) to work on /Users/ervinyeoh/Desktop/unimods/is3107/project/.venv/lib/python3.11/site-packages/airflow/example_dags/example_branch_python_dop_operator_3.py
[2025-04-08T08:47:19.280+0800] {processor.py:914} INFO - Processing file /Users/ervinyeoh/Desktop/unimods/is3107/project/.venv/lib/python3.11/site-packages/airflow/example_dags/example_branch_python_dop_operator_3.py for tasks to queue
[2025-04-08T08:47:19.281+0800] {logging_mixin.py:190} INFO - [2025-04-08T08:47:19.281+0800] {dagbag.py:588} INFO - Filling up the DagBag from /Users/ervinyeoh/Desktop/unimods/is3107/project/.venv/lib/python3.11/site-packages/airflow/example_dags/example_branch_python_dop_operator_3.py
[2025-04-08T08:47:19.333+0800] {processor.py:925} INFO - DAG(s) 'example_branch_dop_operator_v3' retrieved from /Users/ervinyeoh/Desktop/unimods/is3107/project/.venv/lib/python3.11/site-packages/airflow/example_dags/example_branch_python_dop_operator_3.py
[2025-04-08T08:47:19.383+0800] {logging_mixin.py:190} INFO - [2025-04-08T08:47:19.383+0800] {dag.py:3239} INFO - Sync 1 DAGs
[2025-04-08T08:47:19.395+0800] {logging_mixin.py:190} INFO - [2025-04-08T08:47:19.395+0800] {dag.py:4180} INFO - Setting next_dagrun for example_branch_dop_operator_v3 to 2025-04-08 00:46:00+00:00, run_after=2025-04-08 00:47:00+00:00
[2025-04-08T08:47:19.405+0800] {processor.py:208} INFO - Processing /Users/ervinyeoh/Desktop/unimods/is3107/project/.venv/lib/python3.11/site-packages/airflow/example_dags/example_branch_python_dop_operator_3.py took 0.128 seconds
[2025-04-08T08:50:39.046+0800] {processor.py:186} INFO - Started process (PID=6536) to work on /Users/ervinyeoh/Desktop/unimods/is3107/project/.venv/lib/python3.11/site-packages/airflow/example_dags/example_branch_python_dop_operator_3.py
[2025-04-08T08:50:39.047+0800] {processor.py:914} INFO - Processing file /Users/ervinyeoh/Desktop/unimods/is3107/project/.venv/lib/python3.11/site-packages/airflow/example_dags/example_branch_python_dop_operator_3.py for tasks to queue
[2025-04-08T08:50:39.048+0800] {logging_mixin.py:190} INFO - [2025-04-08T08:50:39.048+0800] {dagbag.py:588} INFO - Filling up the DagBag from /Users/ervinyeoh/Desktop/unimods/is3107/project/.venv/lib/python3.11/site-packages/airflow/example_dags/example_branch_python_dop_operator_3.py
[2025-04-08T08:50:39.101+0800] {processor.py:925} INFO - DAG(s) 'example_branch_dop_operator_v3' retrieved from /Users/ervinyeoh/Desktop/unimods/is3107/project/.venv/lib/python3.11/site-packages/airflow/example_dags/example_branch_python_dop_operator_3.py
[2025-04-08T08:50:39.151+0800] {logging_mixin.py:190} INFO - [2025-04-08T08:50:39.151+0800] {dag.py:3239} INFO - Sync 1 DAGs
[2025-04-08T08:50:39.163+0800] {logging_mixin.py:190} INFO - [2025-04-08T08:50:39.163+0800] {dag.py:4180} INFO - Setting next_dagrun for example_branch_dop_operator_v3 to 2025-04-08 00:49:00+00:00, run_after=2025-04-08 00:50:00+00:00
[2025-04-08T08:50:39.172+0800] {processor.py:208} INFO - Processing /Users/ervinyeoh/Desktop/unimods/is3107/project/.venv/lib/python3.11/site-packages/airflow/example_dags/example_branch_python_dop_operator_3.py took 0.128 seconds
[2025-04-08T08:53:56.165+0800] {processor.py:186} INFO - Started process (PID=6759) to work on /Users/ervinyeoh/Desktop/unimods/is3107/project/.venv/lib/python3.11/site-packages/airflow/example_dags/example_branch_python_dop_operator_3.py
[2025-04-08T08:53:56.165+0800] {processor.py:914} INFO - Processing file /Users/ervinyeoh/Desktop/unimods/is3107/project/.venv/lib/python3.11/site-packages/airflow/example_dags/example_branch_python_dop_operator_3.py for tasks to queue
[2025-04-08T08:53:56.166+0800] {logging_mixin.py:190} INFO - [2025-04-08T08:53:56.166+0800] {dagbag.py:588} INFO - Filling up the DagBag from /Users/ervinyeoh/Desktop/unimods/is3107/project/.venv/lib/python3.11/site-packages/airflow/example_dags/example_branch_python_dop_operator_3.py
[2025-04-08T08:53:56.218+0800] {processor.py:925} INFO - DAG(s) 'example_branch_dop_operator_v3' retrieved from /Users/ervinyeoh/Desktop/unimods/is3107/project/.venv/lib/python3.11/site-packages/airflow/example_dags/example_branch_python_dop_operator_3.py
[2025-04-08T08:53:56.268+0800] {logging_mixin.py:190} INFO - [2025-04-08T08:53:56.268+0800] {dag.py:3239} INFO - Sync 1 DAGs
[2025-04-08T08:53:56.281+0800] {logging_mixin.py:190} INFO - [2025-04-08T08:53:56.281+0800] {dag.py:4180} INFO - Setting next_dagrun for example_branch_dop_operator_v3 to 2025-04-08 00:52:00+00:00, run_after=2025-04-08 00:53:00+00:00
[2025-04-08T08:53:56.290+0800] {processor.py:208} INFO - Processing /Users/ervinyeoh/Desktop/unimods/is3107/project/.venv/lib/python3.11/site-packages/airflow/example_dags/example_branch_python_dop_operator_3.py took 0.127 seconds
[2025-04-08T08:57:20.420+0800] {processor.py:186} INFO - Started process (PID=6986) to work on /Users/ervinyeoh/Desktop/unimods/is3107/project/.venv/lib/python3.11/site-packages/airflow/example_dags/example_branch_python_dop_operator_3.py
[2025-04-08T08:57:20.421+0800] {processor.py:914} INFO - Processing file /Users/ervinyeoh/Desktop/unimods/is3107/project/.venv/lib/python3.11/site-packages/airflow/example_dags/example_branch_python_dop_operator_3.py for tasks to queue
[2025-04-08T08:57:20.422+0800] {logging_mixin.py:190} INFO - [2025-04-08T08:57:20.422+0800] {dagbag.py:588} INFO - Filling up the DagBag from /Users/ervinyeoh/Desktop/unimods/is3107/project/.venv/lib/python3.11/site-packages/airflow/example_dags/example_branch_python_dop_operator_3.py
[2025-04-08T08:57:20.473+0800] {processor.py:925} INFO - DAG(s) 'example_branch_dop_operator_v3' retrieved from /Users/ervinyeoh/Desktop/unimods/is3107/project/.venv/lib/python3.11/site-packages/airflow/example_dags/example_branch_python_dop_operator_3.py
[2025-04-08T08:57:20.523+0800] {logging_mixin.py:190} INFO - [2025-04-08T08:57:20.523+0800] {dag.py:3239} INFO - Sync 1 DAGs
[2025-04-08T08:57:20.535+0800] {logging_mixin.py:190} INFO - [2025-04-08T08:57:20.535+0800] {dag.py:4180} INFO - Setting next_dagrun for example_branch_dop_operator_v3 to 2025-04-08 00:56:00+00:00, run_after=2025-04-08 00:57:00+00:00
[2025-04-08T08:57:20.545+0800] {processor.py:208} INFO - Processing /Users/ervinyeoh/Desktop/unimods/is3107/project/.venv/lib/python3.11/site-packages/airflow/example_dags/example_branch_python_dop_operator_3.py took 0.127 seconds
[2025-04-08T09:00:38.560+0800] {processor.py:186} INFO - Started process (PID=7230) to work on /Users/ervinyeoh/Desktop/unimods/is3107/project/.venv/lib/python3.11/site-packages/airflow/example_dags/example_branch_python_dop_operator_3.py
[2025-04-08T09:00:38.562+0800] {processor.py:914} INFO - Processing file /Users/ervinyeoh/Desktop/unimods/is3107/project/.venv/lib/python3.11/site-packages/airflow/example_dags/example_branch_python_dop_operator_3.py for tasks to queue
[2025-04-08T09:00:38.562+0800] {logging_mixin.py:190} INFO - [2025-04-08T09:00:38.562+0800] {dagbag.py:588} INFO - Filling up the DagBag from /Users/ervinyeoh/Desktop/unimods/is3107/project/.venv/lib/python3.11/site-packages/airflow/example_dags/example_branch_python_dop_operator_3.py
[2025-04-08T09:00:38.613+0800] {processor.py:925} INFO - DAG(s) 'example_branch_dop_operator_v3' retrieved from /Users/ervinyeoh/Desktop/unimods/is3107/project/.venv/lib/python3.11/site-packages/airflow/example_dags/example_branch_python_dop_operator_3.py
[2025-04-08T09:00:38.664+0800] {logging_mixin.py:190} INFO - [2025-04-08T09:00:38.664+0800] {dag.py:3239} INFO - Sync 1 DAGs
[2025-04-08T09:00:38.676+0800] {logging_mixin.py:190} INFO - [2025-04-08T09:00:38.676+0800] {dag.py:4180} INFO - Setting next_dagrun for example_branch_dop_operator_v3 to 2025-04-08 00:59:00+00:00, run_after=2025-04-08 01:00:00+00:00
[2025-04-08T09:00:38.686+0800] {processor.py:208} INFO - Processing /Users/ervinyeoh/Desktop/unimods/is3107/project/.venv/lib/python3.11/site-packages/airflow/example_dags/example_branch_python_dop_operator_3.py took 0.127 seconds
[2025-04-08T09:04:00.117+0800] {processor.py:186} INFO - Started process (PID=7451) to work on /Users/ervinyeoh/Desktop/unimods/is3107/project/.venv/lib/python3.11/site-packages/airflow/example_dags/example_branch_python_dop_operator_3.py
[2025-04-08T09:04:00.118+0800] {processor.py:914} INFO - Processing file /Users/ervinyeoh/Desktop/unimods/is3107/project/.venv/lib/python3.11/site-packages/airflow/example_dags/example_branch_python_dop_operator_3.py for tasks to queue
[2025-04-08T09:04:00.119+0800] {logging_mixin.py:190} INFO - [2025-04-08T09:04:00.119+0800] {dagbag.py:588} INFO - Filling up the DagBag from /Users/ervinyeoh/Desktop/unimods/is3107/project/.venv/lib/python3.11/site-packages/airflow/example_dags/example_branch_python_dop_operator_3.py
[2025-04-08T09:04:00.171+0800] {processor.py:925} INFO - DAG(s) 'example_branch_dop_operator_v3' retrieved from /Users/ervinyeoh/Desktop/unimods/is3107/project/.venv/lib/python3.11/site-packages/airflow/example_dags/example_branch_python_dop_operator_3.py
[2025-04-08T09:04:00.221+0800] {logging_mixin.py:190} INFO - [2025-04-08T09:04:00.221+0800] {dag.py:3239} INFO - Sync 1 DAGs
[2025-04-08T09:04:00.233+0800] {logging_mixin.py:190} INFO - [2025-04-08T09:04:00.233+0800] {dag.py:4180} INFO - Setting next_dagrun for example_branch_dop_operator_v3 to 2025-04-08 01:03:00+00:00, run_after=2025-04-08 01:04:00+00:00
[2025-04-08T09:04:00.243+0800] {processor.py:208} INFO - Processing /Users/ervinyeoh/Desktop/unimods/is3107/project/.venv/lib/python3.11/site-packages/airflow/example_dags/example_branch_python_dop_operator_3.py took 0.127 seconds
[2025-04-08T09:07:21.955+0800] {processor.py:186} INFO - Started process (PID=7807) to work on /Users/ervinyeoh/Desktop/unimods/is3107/project/.venv/lib/python3.11/site-packages/airflow/example_dags/example_branch_python_dop_operator_3.py
[2025-04-08T09:07:21.955+0800] {processor.py:914} INFO - Processing file /Users/ervinyeoh/Desktop/unimods/is3107/project/.venv/lib/python3.11/site-packages/airflow/example_dags/example_branch_python_dop_operator_3.py for tasks to queue
[2025-04-08T09:07:21.956+0800] {logging_mixin.py:190} INFO - [2025-04-08T09:07:21.956+0800] {dagbag.py:588} INFO - Filling up the DagBag from /Users/ervinyeoh/Desktop/unimods/is3107/project/.venv/lib/python3.11/site-packages/airflow/example_dags/example_branch_python_dop_operator_3.py
[2025-04-08T09:07:22.012+0800] {processor.py:925} INFO - DAG(s) 'example_branch_dop_operator_v3' retrieved from /Users/ervinyeoh/Desktop/unimods/is3107/project/.venv/lib/python3.11/site-packages/airflow/example_dags/example_branch_python_dop_operator_3.py
[2025-04-08T09:07:22.062+0800] {logging_mixin.py:190} INFO - [2025-04-08T09:07:22.062+0800] {dag.py:3239} INFO - Sync 1 DAGs
[2025-04-08T09:07:22.075+0800] {logging_mixin.py:190} INFO - [2025-04-08T09:07:22.075+0800] {dag.py:4180} INFO - Setting next_dagrun for example_branch_dop_operator_v3 to 2025-04-08 01:06:00+00:00, run_after=2025-04-08 01:07:00+00:00
[2025-04-08T09:07:22.085+0800] {processor.py:208} INFO - Processing /Users/ervinyeoh/Desktop/unimods/is3107/project/.venv/lib/python3.11/site-packages/airflow/example_dags/example_branch_python_dop_operator_3.py took 0.132 seconds
[2025-04-08T09:16:55.191+0800] {processor.py:186} INFO - Started process (PID=8147) to work on /Users/ervinyeoh/Desktop/unimods/is3107/project/.venv/lib/python3.11/site-packages/airflow/example_dags/example_branch_python_dop_operator_3.py
[2025-04-08T09:16:55.192+0800] {processor.py:914} INFO - Processing file /Users/ervinyeoh/Desktop/unimods/is3107/project/.venv/lib/python3.11/site-packages/airflow/example_dags/example_branch_python_dop_operator_3.py for tasks to queue
[2025-04-08T09:16:55.193+0800] {logging_mixin.py:190} INFO - [2025-04-08T09:16:55.192+0800] {dagbag.py:588} INFO - Filling up the DagBag from /Users/ervinyeoh/Desktop/unimods/is3107/project/.venv/lib/python3.11/site-packages/airflow/example_dags/example_branch_python_dop_operator_3.py
[2025-04-08T09:16:55.246+0800] {processor.py:925} INFO - DAG(s) 'example_branch_dop_operator_v3' retrieved from /Users/ervinyeoh/Desktop/unimods/is3107/project/.venv/lib/python3.11/site-packages/airflow/example_dags/example_branch_python_dop_operator_3.py
[2025-04-08T09:16:55.297+0800] {logging_mixin.py:190} INFO - [2025-04-08T09:16:55.296+0800] {dag.py:3239} INFO - Sync 1 DAGs
[2025-04-08T09:16:55.308+0800] {logging_mixin.py:190} INFO - [2025-04-08T09:16:55.308+0800] {dag.py:4180} INFO - Setting next_dagrun for example_branch_dop_operator_v3 to 2025-04-08 01:15:00+00:00, run_after=2025-04-08 01:16:00+00:00
[2025-04-08T09:16:55.318+0800] {processor.py:208} INFO - Processing /Users/ervinyeoh/Desktop/unimods/is3107/project/.venv/lib/python3.11/site-packages/airflow/example_dags/example_branch_python_dop_operator_3.py took 0.128 seconds
[2025-04-08T09:20:17.598+0800] {processor.py:186} INFO - Started process (PID=8388) to work on /Users/ervinyeoh/Desktop/unimods/is3107/project/.venv/lib/python3.11/site-packages/airflow/example_dags/example_branch_python_dop_operator_3.py
[2025-04-08T09:20:17.599+0800] {processor.py:914} INFO - Processing file /Users/ervinyeoh/Desktop/unimods/is3107/project/.venv/lib/python3.11/site-packages/airflow/example_dags/example_branch_python_dop_operator_3.py for tasks to queue
[2025-04-08T09:20:17.600+0800] {logging_mixin.py:190} INFO - [2025-04-08T09:20:17.600+0800] {dagbag.py:588} INFO - Filling up the DagBag from /Users/ervinyeoh/Desktop/unimods/is3107/project/.venv/lib/python3.11/site-packages/airflow/example_dags/example_branch_python_dop_operator_3.py
[2025-04-08T09:20:17.652+0800] {processor.py:925} INFO - DAG(s) 'example_branch_dop_operator_v3' retrieved from /Users/ervinyeoh/Desktop/unimods/is3107/project/.venv/lib/python3.11/site-packages/airflow/example_dags/example_branch_python_dop_operator_3.py
[2025-04-08T09:20:17.702+0800] {logging_mixin.py:190} INFO - [2025-04-08T09:20:17.702+0800] {dag.py:3239} INFO - Sync 1 DAGs
[2025-04-08T09:20:17.714+0800] {logging_mixin.py:190} INFO - [2025-04-08T09:20:17.714+0800] {dag.py:4180} INFO - Setting next_dagrun for example_branch_dop_operator_v3 to 2025-04-08 01:19:00+00:00, run_after=2025-04-08 01:20:00+00:00
[2025-04-08T09:20:17.723+0800] {processor.py:208} INFO - Processing /Users/ervinyeoh/Desktop/unimods/is3107/project/.venv/lib/python3.11/site-packages/airflow/example_dags/example_branch_python_dop_operator_3.py took 0.127 seconds
[2025-04-08T09:23:44.396+0800] {processor.py:186} INFO - Started process (PID=8627) to work on /Users/ervinyeoh/Desktop/unimods/is3107/project/.venv/lib/python3.11/site-packages/airflow/example_dags/example_branch_python_dop_operator_3.py
[2025-04-08T09:23:44.397+0800] {processor.py:914} INFO - Processing file /Users/ervinyeoh/Desktop/unimods/is3107/project/.venv/lib/python3.11/site-packages/airflow/example_dags/example_branch_python_dop_operator_3.py for tasks to queue
[2025-04-08T09:23:44.397+0800] {logging_mixin.py:190} INFO - [2025-04-08T09:23:44.397+0800] {dagbag.py:588} INFO - Filling up the DagBag from /Users/ervinyeoh/Desktop/unimods/is3107/project/.venv/lib/python3.11/site-packages/airflow/example_dags/example_branch_python_dop_operator_3.py
[2025-04-08T09:23:44.451+0800] {processor.py:925} INFO - DAG(s) 'example_branch_dop_operator_v3' retrieved from /Users/ervinyeoh/Desktop/unimods/is3107/project/.venv/lib/python3.11/site-packages/airflow/example_dags/example_branch_python_dop_operator_3.py
[2025-04-08T09:23:44.501+0800] {logging_mixin.py:190} INFO - [2025-04-08T09:23:44.501+0800] {dag.py:3239} INFO - Sync 1 DAGs
[2025-04-08T09:23:44.513+0800] {logging_mixin.py:190} INFO - [2025-04-08T09:23:44.513+0800] {dag.py:4180} INFO - Setting next_dagrun for example_branch_dop_operator_v3 to 2025-04-08 01:22:00+00:00, run_after=2025-04-08 01:23:00+00:00
[2025-04-08T09:23:44.523+0800] {processor.py:208} INFO - Processing /Users/ervinyeoh/Desktop/unimods/is3107/project/.venv/lib/python3.11/site-packages/airflow/example_dags/example_branch_python_dop_operator_3.py took 0.129 seconds
[2025-04-08T09:27:03.752+0800] {processor.py:186} INFO - Started process (PID=8899) to work on /Users/ervinyeoh/Desktop/unimods/is3107/project/.venv/lib/python3.11/site-packages/airflow/example_dags/example_branch_python_dop_operator_3.py
[2025-04-08T09:27:03.753+0800] {processor.py:914} INFO - Processing file /Users/ervinyeoh/Desktop/unimods/is3107/project/.venv/lib/python3.11/site-packages/airflow/example_dags/example_branch_python_dop_operator_3.py for tasks to queue
[2025-04-08T09:27:03.753+0800] {logging_mixin.py:190} INFO - [2025-04-08T09:27:03.753+0800] {dagbag.py:588} INFO - Filling up the DagBag from /Users/ervinyeoh/Desktop/unimods/is3107/project/.venv/lib/python3.11/site-packages/airflow/example_dags/example_branch_python_dop_operator_3.py
[2025-04-08T09:27:03.809+0800] {processor.py:925} INFO - DAG(s) 'example_branch_dop_operator_v3' retrieved from /Users/ervinyeoh/Desktop/unimods/is3107/project/.venv/lib/python3.11/site-packages/airflow/example_dags/example_branch_python_dop_operator_3.py
[2025-04-08T09:27:03.859+0800] {logging_mixin.py:190} INFO - [2025-04-08T09:27:03.859+0800] {dag.py:3239} INFO - Sync 1 DAGs
[2025-04-08T09:27:03.872+0800] {logging_mixin.py:190} INFO - [2025-04-08T09:27:03.872+0800] {dag.py:4180} INFO - Setting next_dagrun for example_branch_dop_operator_v3 to 2025-04-08 01:26:00+00:00, run_after=2025-04-08 01:27:00+00:00
[2025-04-08T09:27:03.881+0800] {processor.py:208} INFO - Processing /Users/ervinyeoh/Desktop/unimods/is3107/project/.venv/lib/python3.11/site-packages/airflow/example_dags/example_branch_python_dop_operator_3.py took 0.131 seconds
[2025-04-08T09:30:19.284+0800] {processor.py:186} INFO - Started process (PID=9119) to work on /Users/ervinyeoh/Desktop/unimods/is3107/project/.venv/lib/python3.11/site-packages/airflow/example_dags/example_branch_python_dop_operator_3.py
[2025-04-08T09:30:19.286+0800] {processor.py:914} INFO - Processing file /Users/ervinyeoh/Desktop/unimods/is3107/project/.venv/lib/python3.11/site-packages/airflow/example_dags/example_branch_python_dop_operator_3.py for tasks to queue
[2025-04-08T09:30:19.286+0800] {logging_mixin.py:190} INFO - [2025-04-08T09:30:19.286+0800] {dagbag.py:588} INFO - Filling up the DagBag from /Users/ervinyeoh/Desktop/unimods/is3107/project/.venv/lib/python3.11/site-packages/airflow/example_dags/example_branch_python_dop_operator_3.py
[2025-04-08T09:30:19.339+0800] {processor.py:925} INFO - DAG(s) 'example_branch_dop_operator_v3' retrieved from /Users/ervinyeoh/Desktop/unimods/is3107/project/.venv/lib/python3.11/site-packages/airflow/example_dags/example_branch_python_dop_operator_3.py
[2025-04-08T09:30:19.403+0800] {logging_mixin.py:190} INFO - [2025-04-08T09:30:19.403+0800] {dag.py:3239} INFO - Sync 1 DAGs
[2025-04-08T09:30:19.415+0800] {logging_mixin.py:190} INFO - [2025-04-08T09:30:19.415+0800] {dag.py:4180} INFO - Setting next_dagrun for example_branch_dop_operator_v3 to 2025-04-08 01:29:00+00:00, run_after=2025-04-08 01:30:00+00:00
[2025-04-08T09:30:19.425+0800] {processor.py:208} INFO - Processing /Users/ervinyeoh/Desktop/unimods/is3107/project/.venv/lib/python3.11/site-packages/airflow/example_dags/example_branch_python_dop_operator_3.py took 0.143 seconds
[2025-04-08T13:51:36.740+0800] {processor.py:186} INFO - Started process (PID=9729) to work on /Users/ervinyeoh/Desktop/unimods/is3107/project/.venv/lib/python3.11/site-packages/airflow/example_dags/example_branch_python_dop_operator_3.py
[2025-04-08T13:51:36.740+0800] {processor.py:914} INFO - Processing file /Users/ervinyeoh/Desktop/unimods/is3107/project/.venv/lib/python3.11/site-packages/airflow/example_dags/example_branch_python_dop_operator_3.py for tasks to queue
[2025-04-08T13:51:36.741+0800] {logging_mixin.py:190} INFO - [2025-04-08T13:51:36.741+0800] {dagbag.py:588} INFO - Filling up the DagBag from /Users/ervinyeoh/Desktop/unimods/is3107/project/.venv/lib/python3.11/site-packages/airflow/example_dags/example_branch_python_dop_operator_3.py
[2025-04-08T13:51:36.798+0800] {processor.py:925} INFO - DAG(s) 'example_branch_dop_operator_v3' retrieved from /Users/ervinyeoh/Desktop/unimods/is3107/project/.venv/lib/python3.11/site-packages/airflow/example_dags/example_branch_python_dop_operator_3.py
[2025-04-08T13:51:36.850+0800] {logging_mixin.py:190} INFO - [2025-04-08T13:51:36.849+0800] {dag.py:3239} INFO - Sync 1 DAGs
[2025-04-08T13:51:36.861+0800] {logging_mixin.py:190} INFO - [2025-04-08T13:51:36.861+0800] {dag.py:4180} INFO - Setting next_dagrun for example_branch_dop_operator_v3 to 2025-04-08 05:50:00+00:00, run_after=2025-04-08 05:51:00+00:00
[2025-04-08T13:51:36.871+0800] {processor.py:208} INFO - Processing /Users/ervinyeoh/Desktop/unimods/is3107/project/.venv/lib/python3.11/site-packages/airflow/example_dags/example_branch_python_dop_operator_3.py took 0.133 seconds
[2025-04-08T13:55:00.219+0800] {processor.py:186} INFO - Started process (PID=9955) to work on /Users/ervinyeoh/Desktop/unimods/is3107/project/.venv/lib/python3.11/site-packages/airflow/example_dags/example_branch_python_dop_operator_3.py
[2025-04-08T13:55:00.219+0800] {processor.py:914} INFO - Processing file /Users/ervinyeoh/Desktop/unimods/is3107/project/.venv/lib/python3.11/site-packages/airflow/example_dags/example_branch_python_dop_operator_3.py for tasks to queue
[2025-04-08T13:55:00.220+0800] {logging_mixin.py:190} INFO - [2025-04-08T13:55:00.220+0800] {dagbag.py:588} INFO - Filling up the DagBag from /Users/ervinyeoh/Desktop/unimods/is3107/project/.venv/lib/python3.11/site-packages/airflow/example_dags/example_branch_python_dop_operator_3.py
[2025-04-08T13:55:00.273+0800] {processor.py:925} INFO - DAG(s) 'example_branch_dop_operator_v3' retrieved from /Users/ervinyeoh/Desktop/unimods/is3107/project/.venv/lib/python3.11/site-packages/airflow/example_dags/example_branch_python_dop_operator_3.py
[2025-04-08T13:55:00.323+0800] {logging_mixin.py:190} INFO - [2025-04-08T13:55:00.323+0800] {dag.py:3239} INFO - Sync 1 DAGs
[2025-04-08T13:55:00.336+0800] {logging_mixin.py:190} INFO - [2025-04-08T13:55:00.336+0800] {dag.py:4180} INFO - Setting next_dagrun for example_branch_dop_operator_v3 to 2025-04-08 05:54:00+00:00, run_after=2025-04-08 05:55:00+00:00
[2025-04-08T13:55:00.345+0800] {processor.py:208} INFO - Processing /Users/ervinyeoh/Desktop/unimods/is3107/project/.venv/lib/python3.11/site-packages/airflow/example_dags/example_branch_python_dop_operator_3.py took 0.128 seconds
[2025-04-08T13:58:20.391+0800] {processor.py:186} INFO - Started process (PID=10180) to work on /Users/ervinyeoh/Desktop/unimods/is3107/project/.venv/lib/python3.11/site-packages/airflow/example_dags/example_branch_python_dop_operator_3.py
[2025-04-08T13:58:20.392+0800] {processor.py:914} INFO - Processing file /Users/ervinyeoh/Desktop/unimods/is3107/project/.venv/lib/python3.11/site-packages/airflow/example_dags/example_branch_python_dop_operator_3.py for tasks to queue
[2025-04-08T13:58:20.392+0800] {logging_mixin.py:190} INFO - [2025-04-08T13:58:20.392+0800] {dagbag.py:588} INFO - Filling up the DagBag from /Users/ervinyeoh/Desktop/unimods/is3107/project/.venv/lib/python3.11/site-packages/airflow/example_dags/example_branch_python_dop_operator_3.py
[2025-04-08T13:58:20.445+0800] {processor.py:925} INFO - DAG(s) 'example_branch_dop_operator_v3' retrieved from /Users/ervinyeoh/Desktop/unimods/is3107/project/.venv/lib/python3.11/site-packages/airflow/example_dags/example_branch_python_dop_operator_3.py
[2025-04-08T13:58:20.495+0800] {logging_mixin.py:190} INFO - [2025-04-08T13:58:20.495+0800] {dag.py:3239} INFO - Sync 1 DAGs
[2025-04-08T13:58:20.507+0800] {logging_mixin.py:190} INFO - [2025-04-08T13:58:20.507+0800] {dag.py:4180} INFO - Setting next_dagrun for example_branch_dop_operator_v3 to 2025-04-08 05:57:00+00:00, run_after=2025-04-08 05:58:00+00:00
[2025-04-08T13:58:20.517+0800] {processor.py:208} INFO - Processing /Users/ervinyeoh/Desktop/unimods/is3107/project/.venv/lib/python3.11/site-packages/airflow/example_dags/example_branch_python_dop_operator_3.py took 0.128 seconds
[2025-04-08T14:01:40.240+0800] {processor.py:186} INFO - Started process (PID=10407) to work on /Users/ervinyeoh/Desktop/unimods/is3107/project/.venv/lib/python3.11/site-packages/airflow/example_dags/example_branch_python_dop_operator_3.py
[2025-04-08T14:01:40.241+0800] {processor.py:914} INFO - Processing file /Users/ervinyeoh/Desktop/unimods/is3107/project/.venv/lib/python3.11/site-packages/airflow/example_dags/example_branch_python_dop_operator_3.py for tasks to queue
[2025-04-08T14:01:40.242+0800] {logging_mixin.py:190} INFO - [2025-04-08T14:01:40.242+0800] {dagbag.py:588} INFO - Filling up the DagBag from /Users/ervinyeoh/Desktop/unimods/is3107/project/.venv/lib/python3.11/site-packages/airflow/example_dags/example_branch_python_dop_operator_3.py
[2025-04-08T14:01:40.294+0800] {processor.py:925} INFO - DAG(s) 'example_branch_dop_operator_v3' retrieved from /Users/ervinyeoh/Desktop/unimods/is3107/project/.venv/lib/python3.11/site-packages/airflow/example_dags/example_branch_python_dop_operator_3.py
[2025-04-08T14:01:40.344+0800] {logging_mixin.py:190} INFO - [2025-04-08T14:01:40.344+0800] {dag.py:3239} INFO - Sync 1 DAGs
[2025-04-08T14:01:40.357+0800] {logging_mixin.py:190} INFO - [2025-04-08T14:01:40.357+0800] {dag.py:4180} INFO - Setting next_dagrun for example_branch_dop_operator_v3 to 2025-04-08 06:00:00+00:00, run_after=2025-04-08 06:01:00+00:00
[2025-04-08T14:01:40.366+0800] {processor.py:208} INFO - Processing /Users/ervinyeoh/Desktop/unimods/is3107/project/.venv/lib/python3.11/site-packages/airflow/example_dags/example_branch_python_dop_operator_3.py took 0.128 seconds
[2025-04-08T14:05:05.005+0800] {processor.py:186} INFO - Started process (PID=10626) to work on /Users/ervinyeoh/Desktop/unimods/is3107/project/.venv/lib/python3.11/site-packages/airflow/example_dags/example_branch_python_dop_operator_3.py
[2025-04-08T14:05:05.006+0800] {processor.py:914} INFO - Processing file /Users/ervinyeoh/Desktop/unimods/is3107/project/.venv/lib/python3.11/site-packages/airflow/example_dags/example_branch_python_dop_operator_3.py for tasks to queue
[2025-04-08T14:05:05.007+0800] {logging_mixin.py:190} INFO - [2025-04-08T14:05:05.007+0800] {dagbag.py:588} INFO - Filling up the DagBag from /Users/ervinyeoh/Desktop/unimods/is3107/project/.venv/lib/python3.11/site-packages/airflow/example_dags/example_branch_python_dop_operator_3.py
[2025-04-08T14:05:05.062+0800] {processor.py:925} INFO - DAG(s) 'example_branch_dop_operator_v3' retrieved from /Users/ervinyeoh/Desktop/unimods/is3107/project/.venv/lib/python3.11/site-packages/airflow/example_dags/example_branch_python_dop_operator_3.py
[2025-04-08T14:05:05.113+0800] {logging_mixin.py:190} INFO - [2025-04-08T14:05:05.113+0800] {dag.py:3239} INFO - Sync 1 DAGs
[2025-04-08T14:05:05.125+0800] {logging_mixin.py:190} INFO - [2025-04-08T14:05:05.125+0800] {dag.py:4180} INFO - Setting next_dagrun for example_branch_dop_operator_v3 to 2025-04-08 06:04:00+00:00, run_after=2025-04-08 06:05:00+00:00
[2025-04-08T14:05:05.135+0800] {processor.py:208} INFO - Processing /Users/ervinyeoh/Desktop/unimods/is3107/project/.venv/lib/python3.11/site-packages/airflow/example_dags/example_branch_python_dop_operator_3.py took 0.131 seconds
[2025-04-08T14:08:23.557+0800] {processor.py:186} INFO - Started process (PID=10847) to work on /Users/ervinyeoh/Desktop/unimods/is3107/project/.venv/lib/python3.11/site-packages/airflow/example_dags/example_branch_python_dop_operator_3.py
[2025-04-08T14:08:23.558+0800] {processor.py:914} INFO - Processing file /Users/ervinyeoh/Desktop/unimods/is3107/project/.venv/lib/python3.11/site-packages/airflow/example_dags/example_branch_python_dop_operator_3.py for tasks to queue
[2025-04-08T14:08:23.559+0800] {logging_mixin.py:190} INFO - [2025-04-08T14:08:23.558+0800] {dagbag.py:588} INFO - Filling up the DagBag from /Users/ervinyeoh/Desktop/unimods/is3107/project/.venv/lib/python3.11/site-packages/airflow/example_dags/example_branch_python_dop_operator_3.py
[2025-04-08T14:08:23.611+0800] {processor.py:925} INFO - DAG(s) 'example_branch_dop_operator_v3' retrieved from /Users/ervinyeoh/Desktop/unimods/is3107/project/.venv/lib/python3.11/site-packages/airflow/example_dags/example_branch_python_dop_operator_3.py
[2025-04-08T14:08:23.662+0800] {logging_mixin.py:190} INFO - [2025-04-08T14:08:23.662+0800] {dag.py:3239} INFO - Sync 1 DAGs
[2025-04-08T14:08:23.674+0800] {logging_mixin.py:190} INFO - [2025-04-08T14:08:23.674+0800] {dag.py:4180} INFO - Setting next_dagrun for example_branch_dop_operator_v3 to 2025-04-08 06:07:00+00:00, run_after=2025-04-08 06:08:00+00:00
[2025-04-08T14:08:23.684+0800] {processor.py:208} INFO - Processing /Users/ervinyeoh/Desktop/unimods/is3107/project/.venv/lib/python3.11/site-packages/airflow/example_dags/example_branch_python_dop_operator_3.py took 0.129 seconds
[2025-04-08T14:11:46.190+0800] {processor.py:186} INFO - Started process (PID=11080) to work on /Users/ervinyeoh/Desktop/unimods/is3107/project/.venv/lib/python3.11/site-packages/airflow/example_dags/example_branch_python_dop_operator_3.py
[2025-04-08T14:11:46.191+0800] {processor.py:914} INFO - Processing file /Users/ervinyeoh/Desktop/unimods/is3107/project/.venv/lib/python3.11/site-packages/airflow/example_dags/example_branch_python_dop_operator_3.py for tasks to queue
[2025-04-08T14:11:46.191+0800] {logging_mixin.py:190} INFO - [2025-04-08T14:11:46.191+0800] {dagbag.py:588} INFO - Filling up the DagBag from /Users/ervinyeoh/Desktop/unimods/is3107/project/.venv/lib/python3.11/site-packages/airflow/example_dags/example_branch_python_dop_operator_3.py
[2025-04-08T14:11:46.254+0800] {processor.py:925} INFO - DAG(s) 'example_branch_dop_operator_v3' retrieved from /Users/ervinyeoh/Desktop/unimods/is3107/project/.venv/lib/python3.11/site-packages/airflow/example_dags/example_branch_python_dop_operator_3.py
[2025-04-08T14:11:46.307+0800] {logging_mixin.py:190} INFO - [2025-04-08T14:11:46.307+0800] {dag.py:3239} INFO - Sync 1 DAGs
[2025-04-08T14:11:46.319+0800] {logging_mixin.py:190} INFO - [2025-04-08T14:11:46.319+0800] {dag.py:4180} INFO - Setting next_dagrun for example_branch_dop_operator_v3 to 2025-04-08 06:10:00+00:00, run_after=2025-04-08 06:11:00+00:00
[2025-04-08T14:11:46.329+0800] {processor.py:208} INFO - Processing /Users/ervinyeoh/Desktop/unimods/is3107/project/.venv/lib/python3.11/site-packages/airflow/example_dags/example_branch_python_dop_operator_3.py took 0.141 seconds
[2025-04-08T14:15:10.244+0800] {processor.py:186} INFO - Started process (PID=11393) to work on /Users/ervinyeoh/Desktop/unimods/is3107/project/.venv/lib/python3.11/site-packages/airflow/example_dags/example_branch_python_dop_operator_3.py
[2025-04-08T14:15:10.244+0800] {processor.py:914} INFO - Processing file /Users/ervinyeoh/Desktop/unimods/is3107/project/.venv/lib/python3.11/site-packages/airflow/example_dags/example_branch_python_dop_operator_3.py for tasks to queue
[2025-04-08T14:15:10.245+0800] {logging_mixin.py:190} INFO - [2025-04-08T14:15:10.245+0800] {dagbag.py:588} INFO - Filling up the DagBag from /Users/ervinyeoh/Desktop/unimods/is3107/project/.venv/lib/python3.11/site-packages/airflow/example_dags/example_branch_python_dop_operator_3.py
[2025-04-08T14:15:10.299+0800] {processor.py:925} INFO - DAG(s) 'example_branch_dop_operator_v3' retrieved from /Users/ervinyeoh/Desktop/unimods/is3107/project/.venv/lib/python3.11/site-packages/airflow/example_dags/example_branch_python_dop_operator_3.py
[2025-04-08T14:15:10.350+0800] {logging_mixin.py:190} INFO - [2025-04-08T14:15:10.350+0800] {dag.py:3239} INFO - Sync 1 DAGs
[2025-04-08T14:15:10.362+0800] {logging_mixin.py:190} INFO - [2025-04-08T14:15:10.362+0800] {dag.py:4180} INFO - Setting next_dagrun for example_branch_dop_operator_v3 to 2025-04-08 06:14:00+00:00, run_after=2025-04-08 06:15:00+00:00
[2025-04-08T14:15:10.372+0800] {processor.py:208} INFO - Processing /Users/ervinyeoh/Desktop/unimods/is3107/project/.venv/lib/python3.11/site-packages/airflow/example_dags/example_branch_python_dop_operator_3.py took 0.130 seconds
[2025-04-08T14:18:34.307+0800] {processor.py:186} INFO - Started process (PID=11625) to work on /Users/ervinyeoh/Desktop/unimods/is3107/project/.venv/lib/python3.11/site-packages/airflow/example_dags/example_branch_python_dop_operator_3.py
[2025-04-08T14:18:34.308+0800] {processor.py:914} INFO - Processing file /Users/ervinyeoh/Desktop/unimods/is3107/project/.venv/lib/python3.11/site-packages/airflow/example_dags/example_branch_python_dop_operator_3.py for tasks to queue
[2025-04-08T14:18:34.309+0800] {logging_mixin.py:190} INFO - [2025-04-08T14:18:34.309+0800] {dagbag.py:588} INFO - Filling up the DagBag from /Users/ervinyeoh/Desktop/unimods/is3107/project/.venv/lib/python3.11/site-packages/airflow/example_dags/example_branch_python_dop_operator_3.py
[2025-04-08T14:18:34.362+0800] {processor.py:925} INFO - DAG(s) 'example_branch_dop_operator_v3' retrieved from /Users/ervinyeoh/Desktop/unimods/is3107/project/.venv/lib/python3.11/site-packages/airflow/example_dags/example_branch_python_dop_operator_3.py
[2025-04-08T14:18:34.412+0800] {logging_mixin.py:190} INFO - [2025-04-08T14:18:34.412+0800] {dag.py:3239} INFO - Sync 1 DAGs
[2025-04-08T14:18:34.425+0800] {logging_mixin.py:190} INFO - [2025-04-08T14:18:34.425+0800] {dag.py:4180} INFO - Setting next_dagrun for example_branch_dop_operator_v3 to 2025-04-08 06:17:00+00:00, run_after=2025-04-08 06:18:00+00:00
[2025-04-08T14:18:34.434+0800] {processor.py:208} INFO - Processing /Users/ervinyeoh/Desktop/unimods/is3107/project/.venv/lib/python3.11/site-packages/airflow/example_dags/example_branch_python_dop_operator_3.py took 0.129 seconds
[2025-04-08T14:21:54.996+0800] {processor.py:186} INFO - Started process (PID=11853) to work on /Users/ervinyeoh/Desktop/unimods/is3107/project/.venv/lib/python3.11/site-packages/airflow/example_dags/example_branch_python_dop_operator_3.py
[2025-04-08T14:21:54.998+0800] {processor.py:914} INFO - Processing file /Users/ervinyeoh/Desktop/unimods/is3107/project/.venv/lib/python3.11/site-packages/airflow/example_dags/example_branch_python_dop_operator_3.py for tasks to queue
[2025-04-08T14:21:54.998+0800] {logging_mixin.py:190} INFO - [2025-04-08T14:21:54.998+0800] {dagbag.py:588} INFO - Filling up the DagBag from /Users/ervinyeoh/Desktop/unimods/is3107/project/.venv/lib/python3.11/site-packages/airflow/example_dags/example_branch_python_dop_operator_3.py
[2025-04-08T14:21:55.051+0800] {processor.py:925} INFO - DAG(s) 'example_branch_dop_operator_v3' retrieved from /Users/ervinyeoh/Desktop/unimods/is3107/project/.venv/lib/python3.11/site-packages/airflow/example_dags/example_branch_python_dop_operator_3.py
[2025-04-08T14:21:55.102+0800] {logging_mixin.py:190} INFO - [2025-04-08T14:21:55.101+0800] {dag.py:3239} INFO - Sync 1 DAGs
[2025-04-08T14:21:55.113+0800] {logging_mixin.py:190} INFO - [2025-04-08T14:21:55.113+0800] {dag.py:4180} INFO - Setting next_dagrun for example_branch_dop_operator_v3 to 2025-04-08 06:20:00+00:00, run_after=2025-04-08 06:21:00+00:00
[2025-04-08T14:21:55.123+0800] {processor.py:208} INFO - Processing /Users/ervinyeoh/Desktop/unimods/is3107/project/.venv/lib/python3.11/site-packages/airflow/example_dags/example_branch_python_dop_operator_3.py took 0.128 seconds
[2025-04-08T14:25:16.270+0800] {processor.py:186} INFO - Started process (PID=12100) to work on /Users/ervinyeoh/Desktop/unimods/is3107/project/.venv/lib/python3.11/site-packages/airflow/example_dags/example_branch_python_dop_operator_3.py
[2025-04-08T14:25:16.272+0800] {processor.py:914} INFO - Processing file /Users/ervinyeoh/Desktop/unimods/is3107/project/.venv/lib/python3.11/site-packages/airflow/example_dags/example_branch_python_dop_operator_3.py for tasks to queue
[2025-04-08T14:25:16.272+0800] {logging_mixin.py:190} INFO - [2025-04-08T14:25:16.272+0800] {dagbag.py:588} INFO - Filling up the DagBag from /Users/ervinyeoh/Desktop/unimods/is3107/project/.venv/lib/python3.11/site-packages/airflow/example_dags/example_branch_python_dop_operator_3.py
[2025-04-08T14:25:16.324+0800] {processor.py:925} INFO - DAG(s) 'example_branch_dop_operator_v3' retrieved from /Users/ervinyeoh/Desktop/unimods/is3107/project/.venv/lib/python3.11/site-packages/airflow/example_dags/example_branch_python_dop_operator_3.py
[2025-04-08T14:25:16.375+0800] {logging_mixin.py:190} INFO - [2025-04-08T14:25:16.375+0800] {dag.py:3239} INFO - Sync 1 DAGs
[2025-04-08T14:25:16.387+0800] {logging_mixin.py:190} INFO - [2025-04-08T14:25:16.387+0800] {dag.py:4180} INFO - Setting next_dagrun for example_branch_dop_operator_v3 to 2025-04-08 06:24:00+00:00, run_after=2025-04-08 06:25:00+00:00
[2025-04-08T14:25:16.397+0800] {processor.py:208} INFO - Processing /Users/ervinyeoh/Desktop/unimods/is3107/project/.venv/lib/python3.11/site-packages/airflow/example_dags/example_branch_python_dop_operator_3.py took 0.128 seconds
[2025-04-08T14:28:35.969+0800] {processor.py:186} INFO - Started process (PID=12342) to work on /Users/ervinyeoh/Desktop/unimods/is3107/project/.venv/lib/python3.11/site-packages/airflow/example_dags/example_branch_python_dop_operator_3.py
[2025-04-08T14:28:35.970+0800] {processor.py:914} INFO - Processing file /Users/ervinyeoh/Desktop/unimods/is3107/project/.venv/lib/python3.11/site-packages/airflow/example_dags/example_branch_python_dop_operator_3.py for tasks to queue
[2025-04-08T14:28:35.971+0800] {logging_mixin.py:190} INFO - [2025-04-08T14:28:35.970+0800] {dagbag.py:588} INFO - Filling up the DagBag from /Users/ervinyeoh/Desktop/unimods/is3107/project/.venv/lib/python3.11/site-packages/airflow/example_dags/example_branch_python_dop_operator_3.py
[2025-04-08T14:28:36.032+0800] {processor.py:925} INFO - DAG(s) 'example_branch_dop_operator_v3' retrieved from /Users/ervinyeoh/Desktop/unimods/is3107/project/.venv/lib/python3.11/site-packages/airflow/example_dags/example_branch_python_dop_operator_3.py
[2025-04-08T14:28:36.085+0800] {logging_mixin.py:190} INFO - [2025-04-08T14:28:36.085+0800] {dag.py:3239} INFO - Sync 1 DAGs
[2025-04-08T14:28:36.097+0800] {logging_mixin.py:190} INFO - [2025-04-08T14:28:36.097+0800] {dag.py:4180} INFO - Setting next_dagrun for example_branch_dop_operator_v3 to 2025-04-08 06:27:00+00:00, run_after=2025-04-08 06:28:00+00:00
[2025-04-08T14:28:36.107+0800] {processor.py:208} INFO - Processing /Users/ervinyeoh/Desktop/unimods/is3107/project/.venv/lib/python3.11/site-packages/airflow/example_dags/example_branch_python_dop_operator_3.py took 0.140 seconds
[2025-04-08T14:31:59.641+0800] {processor.py:186} INFO - Started process (PID=12597) to work on /Users/ervinyeoh/Desktop/unimods/is3107/project/.venv/lib/python3.11/site-packages/airflow/example_dags/example_branch_python_dop_operator_3.py
[2025-04-08T14:31:59.642+0800] {processor.py:914} INFO - Processing file /Users/ervinyeoh/Desktop/unimods/is3107/project/.venv/lib/python3.11/site-packages/airflow/example_dags/example_branch_python_dop_operator_3.py for tasks to queue
[2025-04-08T14:31:59.642+0800] {logging_mixin.py:190} INFO - [2025-04-08T14:31:59.642+0800] {dagbag.py:588} INFO - Filling up the DagBag from /Users/ervinyeoh/Desktop/unimods/is3107/project/.venv/lib/python3.11/site-packages/airflow/example_dags/example_branch_python_dop_operator_3.py
[2025-04-08T14:31:59.697+0800] {processor.py:925} INFO - DAG(s) 'example_branch_dop_operator_v3' retrieved from /Users/ervinyeoh/Desktop/unimods/is3107/project/.venv/lib/python3.11/site-packages/airflow/example_dags/example_branch_python_dop_operator_3.py
[2025-04-08T14:31:59.748+0800] {logging_mixin.py:190} INFO - [2025-04-08T14:31:59.748+0800] {dag.py:3239} INFO - Sync 1 DAGs
[2025-04-08T14:31:59.760+0800] {logging_mixin.py:190} INFO - [2025-04-08T14:31:59.760+0800] {dag.py:4180} INFO - Setting next_dagrun for example_branch_dop_operator_v3 to 2025-04-08 06:30:00+00:00, run_after=2025-04-08 06:31:00+00:00
[2025-04-08T14:31:59.769+0800] {processor.py:208} INFO - Processing /Users/ervinyeoh/Desktop/unimods/is3107/project/.venv/lib/python3.11/site-packages/airflow/example_dags/example_branch_python_dop_operator_3.py took 0.130 seconds
[2025-04-08T14:35:22.041+0800] {processor.py:186} INFO - Started process (PID=12831) to work on /Users/ervinyeoh/Desktop/unimods/is3107/project/.venv/lib/python3.11/site-packages/airflow/example_dags/example_branch_python_dop_operator_3.py
[2025-04-08T14:35:22.043+0800] {processor.py:914} INFO - Processing file /Users/ervinyeoh/Desktop/unimods/is3107/project/.venv/lib/python3.11/site-packages/airflow/example_dags/example_branch_python_dop_operator_3.py for tasks to queue
[2025-04-08T14:35:22.043+0800] {logging_mixin.py:190} INFO - [2025-04-08T14:35:22.043+0800] {dagbag.py:588} INFO - Filling up the DagBag from /Users/ervinyeoh/Desktop/unimods/is3107/project/.venv/lib/python3.11/site-packages/airflow/example_dags/example_branch_python_dop_operator_3.py
[2025-04-08T14:35:22.095+0800] {processor.py:925} INFO - DAG(s) 'example_branch_dop_operator_v3' retrieved from /Users/ervinyeoh/Desktop/unimods/is3107/project/.venv/lib/python3.11/site-packages/airflow/example_dags/example_branch_python_dop_operator_3.py
[2025-04-08T14:35:22.145+0800] {logging_mixin.py:190} INFO - [2025-04-08T14:35:22.145+0800] {dag.py:3239} INFO - Sync 1 DAGs
[2025-04-08T14:35:22.157+0800] {logging_mixin.py:190} INFO - [2025-04-08T14:35:22.157+0800] {dag.py:4180} INFO - Setting next_dagrun for example_branch_dop_operator_v3 to 2025-04-08 06:34:00+00:00, run_after=2025-04-08 06:35:00+00:00
[2025-04-08T14:35:22.166+0800] {processor.py:208} INFO - Processing /Users/ervinyeoh/Desktop/unimods/is3107/project/.venv/lib/python3.11/site-packages/airflow/example_dags/example_branch_python_dop_operator_3.py took 0.127 seconds
[2025-04-08T14:38:42.793+0800] {processor.py:186} INFO - Started process (PID=13057) to work on /Users/ervinyeoh/Desktop/unimods/is3107/project/.venv/lib/python3.11/site-packages/airflow/example_dags/example_branch_python_dop_operator_3.py
[2025-04-08T14:38:42.795+0800] {processor.py:914} INFO - Processing file /Users/ervinyeoh/Desktop/unimods/is3107/project/.venv/lib/python3.11/site-packages/airflow/example_dags/example_branch_python_dop_operator_3.py for tasks to queue
[2025-04-08T14:38:42.795+0800] {logging_mixin.py:190} INFO - [2025-04-08T14:38:42.795+0800] {dagbag.py:588} INFO - Filling up the DagBag from /Users/ervinyeoh/Desktop/unimods/is3107/project/.venv/lib/python3.11/site-packages/airflow/example_dags/example_branch_python_dop_operator_3.py
[2025-04-08T14:38:42.848+0800] {processor.py:925} INFO - DAG(s) 'example_branch_dop_operator_v3' retrieved from /Users/ervinyeoh/Desktop/unimods/is3107/project/.venv/lib/python3.11/site-packages/airflow/example_dags/example_branch_python_dop_operator_3.py
[2025-04-08T14:38:42.898+0800] {logging_mixin.py:190} INFO - [2025-04-08T14:38:42.898+0800] {dag.py:3239} INFO - Sync 1 DAGs
[2025-04-08T14:38:42.910+0800] {logging_mixin.py:190} INFO - [2025-04-08T14:38:42.910+0800] {dag.py:4180} INFO - Setting next_dagrun for example_branch_dop_operator_v3 to 2025-04-08 06:37:00+00:00, run_after=2025-04-08 06:38:00+00:00
[2025-04-08T14:38:42.920+0800] {processor.py:208} INFO - Processing /Users/ervinyeoh/Desktop/unimods/is3107/project/.venv/lib/python3.11/site-packages/airflow/example_dags/example_branch_python_dop_operator_3.py took 0.129 seconds
[2025-04-08T14:47:33.139+0800] {processor.py:186} INFO - Started process (PID=13338) to work on /Users/ervinyeoh/Desktop/unimods/is3107/project/.venv/lib/python3.11/site-packages/airflow/example_dags/example_branch_python_dop_operator_3.py
[2025-04-08T14:47:33.141+0800] {processor.py:914} INFO - Processing file /Users/ervinyeoh/Desktop/unimods/is3107/project/.venv/lib/python3.11/site-packages/airflow/example_dags/example_branch_python_dop_operator_3.py for tasks to queue
[2025-04-08T14:47:33.142+0800] {logging_mixin.py:190} INFO - [2025-04-08T14:47:33.141+0800] {dagbag.py:588} INFO - Filling up the DagBag from /Users/ervinyeoh/Desktop/unimods/is3107/project/.venv/lib/python3.11/site-packages/airflow/example_dags/example_branch_python_dop_operator_3.py
[2025-04-08T14:47:33.193+0800] {processor.py:925} INFO - DAG(s) 'example_branch_dop_operator_v3' retrieved from /Users/ervinyeoh/Desktop/unimods/is3107/project/.venv/lib/python3.11/site-packages/airflow/example_dags/example_branch_python_dop_operator_3.py
[2025-04-08T14:47:33.243+0800] {logging_mixin.py:190} INFO - [2025-04-08T14:47:33.243+0800] {dag.py:3239} INFO - Sync 1 DAGs
[2025-04-08T14:47:33.255+0800] {logging_mixin.py:190} INFO - [2025-04-08T14:47:33.255+0800] {dag.py:4180} INFO - Setting next_dagrun for example_branch_dop_operator_v3 to 2025-04-08 06:46:00+00:00, run_after=2025-04-08 06:47:00+00:00
[2025-04-08T14:47:33.265+0800] {processor.py:208} INFO - Processing /Users/ervinyeoh/Desktop/unimods/is3107/project/.venv/lib/python3.11/site-packages/airflow/example_dags/example_branch_python_dop_operator_3.py took 0.127 seconds
[2025-04-08T14:54:44.436+0800] {processor.py:186} INFO - Started process (PID=13718) to work on /Users/ervinyeoh/Desktop/unimods/is3107/project/.venv/lib/python3.11/site-packages/airflow/example_dags/example_branch_python_dop_operator_3.py
[2025-04-08T14:54:44.437+0800] {processor.py:914} INFO - Processing file /Users/ervinyeoh/Desktop/unimods/is3107/project/.venv/lib/python3.11/site-packages/airflow/example_dags/example_branch_python_dop_operator_3.py for tasks to queue
[2025-04-08T14:54:44.438+0800] {logging_mixin.py:190} INFO - [2025-04-08T14:54:44.438+0800] {dagbag.py:588} INFO - Filling up the DagBag from /Users/ervinyeoh/Desktop/unimods/is3107/project/.venv/lib/python3.11/site-packages/airflow/example_dags/example_branch_python_dop_operator_3.py
[2025-04-08T14:54:44.490+0800] {processor.py:925} INFO - DAG(s) 'example_branch_dop_operator_v3' retrieved from /Users/ervinyeoh/Desktop/unimods/is3107/project/.venv/lib/python3.11/site-packages/airflow/example_dags/example_branch_python_dop_operator_3.py
[2025-04-08T14:54:44.540+0800] {logging_mixin.py:190} INFO - [2025-04-08T14:54:44.540+0800] {dag.py:3239} INFO - Sync 1 DAGs
[2025-04-08T14:54:44.552+0800] {logging_mixin.py:190} INFO - [2025-04-08T14:54:44.551+0800] {dag.py:4180} INFO - Setting next_dagrun for example_branch_dop_operator_v3 to 2025-04-08 06:53:00+00:00, run_after=2025-04-08 06:54:00+00:00
[2025-04-08T14:54:44.564+0800] {processor.py:208} INFO - Processing /Users/ervinyeoh/Desktop/unimods/is3107/project/.venv/lib/python3.11/site-packages/airflow/example_dags/example_branch_python_dop_operator_3.py took 0.130 seconds
[2025-04-08T15:52:47.207+0800] {processor.py:186} INFO - Started process (PID=14106) to work on /Users/ervinyeoh/Desktop/unimods/is3107/project/.venv/lib/python3.11/site-packages/airflow/example_dags/example_branch_python_dop_operator_3.py
[2025-04-08T15:52:47.208+0800] {processor.py:914} INFO - Processing file /Users/ervinyeoh/Desktop/unimods/is3107/project/.venv/lib/python3.11/site-packages/airflow/example_dags/example_branch_python_dop_operator_3.py for tasks to queue
[2025-04-08T15:52:47.209+0800] {logging_mixin.py:190} INFO - [2025-04-08T15:52:47.209+0800] {dagbag.py:588} INFO - Filling up the DagBag from /Users/ervinyeoh/Desktop/unimods/is3107/project/.venv/lib/python3.11/site-packages/airflow/example_dags/example_branch_python_dop_operator_3.py
[2025-04-08T15:52:47.266+0800] {processor.py:925} INFO - DAG(s) 'example_branch_dop_operator_v3' retrieved from /Users/ervinyeoh/Desktop/unimods/is3107/project/.venv/lib/python3.11/site-packages/airflow/example_dags/example_branch_python_dop_operator_3.py
[2025-04-08T15:52:47.319+0800] {logging_mixin.py:190} INFO - [2025-04-08T15:52:47.319+0800] {dag.py:3239} INFO - Sync 1 DAGs
[2025-04-08T15:52:47.331+0800] {logging_mixin.py:190} INFO - [2025-04-08T15:52:47.331+0800] {dag.py:4180} INFO - Setting next_dagrun for example_branch_dop_operator_v3 to 2025-04-08 07:51:00+00:00, run_after=2025-04-08 07:52:00+00:00
[2025-04-08T15:52:47.341+0800] {processor.py:208} INFO - Processing /Users/ervinyeoh/Desktop/unimods/is3107/project/.venv/lib/python3.11/site-packages/airflow/example_dags/example_branch_python_dop_operator_3.py took 0.136 seconds
[2025-04-08T15:56:13.440+0800] {processor.py:186} INFO - Started process (PID=14357) to work on /Users/ervinyeoh/Desktop/unimods/is3107/project/.venv/lib/python3.11/site-packages/airflow/example_dags/example_branch_python_dop_operator_3.py
[2025-04-08T15:56:13.441+0800] {processor.py:914} INFO - Processing file /Users/ervinyeoh/Desktop/unimods/is3107/project/.venv/lib/python3.11/site-packages/airflow/example_dags/example_branch_python_dop_operator_3.py for tasks to queue
[2025-04-08T15:56:13.442+0800] {logging_mixin.py:190} INFO - [2025-04-08T15:56:13.442+0800] {dagbag.py:588} INFO - Filling up the DagBag from /Users/ervinyeoh/Desktop/unimods/is3107/project/.venv/lib/python3.11/site-packages/airflow/example_dags/example_branch_python_dop_operator_3.py
[2025-04-08T15:56:13.503+0800] {processor.py:925} INFO - DAG(s) 'example_branch_dop_operator_v3' retrieved from /Users/ervinyeoh/Desktop/unimods/is3107/project/.venv/lib/python3.11/site-packages/airflow/example_dags/example_branch_python_dop_operator_3.py
[2025-04-08T15:56:13.557+0800] {logging_mixin.py:190} INFO - [2025-04-08T15:56:13.557+0800] {dag.py:3239} INFO - Sync 1 DAGs
[2025-04-08T15:56:13.570+0800] {logging_mixin.py:190} INFO - [2025-04-08T15:56:13.570+0800] {dag.py:4180} INFO - Setting next_dagrun for example_branch_dop_operator_v3 to 2025-04-08 07:55:00+00:00, run_after=2025-04-08 07:56:00+00:00
[2025-04-08T15:56:13.580+0800] {processor.py:208} INFO - Processing /Users/ervinyeoh/Desktop/unimods/is3107/project/.venv/lib/python3.11/site-packages/airflow/example_dags/example_branch_python_dop_operator_3.py took 0.143 seconds
[2025-04-08T15:59:34.076+0800] {processor.py:186} INFO - Started process (PID=14595) to work on /Users/ervinyeoh/Desktop/unimods/is3107/project/.venv/lib/python3.11/site-packages/airflow/example_dags/example_branch_python_dop_operator_3.py
[2025-04-08T15:59:34.078+0800] {processor.py:914} INFO - Processing file /Users/ervinyeoh/Desktop/unimods/is3107/project/.venv/lib/python3.11/site-packages/airflow/example_dags/example_branch_python_dop_operator_3.py for tasks to queue
[2025-04-08T15:59:34.078+0800] {logging_mixin.py:190} INFO - [2025-04-08T15:59:34.078+0800] {dagbag.py:588} INFO - Filling up the DagBag from /Users/ervinyeoh/Desktop/unimods/is3107/project/.venv/lib/python3.11/site-packages/airflow/example_dags/example_branch_python_dop_operator_3.py
[2025-04-08T15:59:34.131+0800] {processor.py:925} INFO - DAG(s) 'example_branch_dop_operator_v3' retrieved from /Users/ervinyeoh/Desktop/unimods/is3107/project/.venv/lib/python3.11/site-packages/airflow/example_dags/example_branch_python_dop_operator_3.py
[2025-04-08T15:59:34.182+0800] {logging_mixin.py:190} INFO - [2025-04-08T15:59:34.182+0800] {dag.py:3239} INFO - Sync 1 DAGs
[2025-04-08T15:59:34.194+0800] {logging_mixin.py:190} INFO - [2025-04-08T15:59:34.194+0800] {dag.py:4180} INFO - Setting next_dagrun for example_branch_dop_operator_v3 to 2025-04-08 07:58:00+00:00, run_after=2025-04-08 07:59:00+00:00
[2025-04-08T15:59:34.204+0800] {processor.py:208} INFO - Processing /Users/ervinyeoh/Desktop/unimods/is3107/project/.venv/lib/python3.11/site-packages/airflow/example_dags/example_branch_python_dop_operator_3.py took 0.129 seconds
[2025-04-08T16:02:49.725+0800] {processor.py:186} INFO - Started process (PID=14819) to work on /Users/ervinyeoh/Desktop/unimods/is3107/project/.venv/lib/python3.11/site-packages/airflow/example_dags/example_branch_python_dop_operator_3.py
[2025-04-08T16:02:49.727+0800] {processor.py:914} INFO - Processing file /Users/ervinyeoh/Desktop/unimods/is3107/project/.venv/lib/python3.11/site-packages/airflow/example_dags/example_branch_python_dop_operator_3.py for tasks to queue
[2025-04-08T16:02:49.727+0800] {logging_mixin.py:190} INFO - [2025-04-08T16:02:49.727+0800] {dagbag.py:588} INFO - Filling up the DagBag from /Users/ervinyeoh/Desktop/unimods/is3107/project/.venv/lib/python3.11/site-packages/airflow/example_dags/example_branch_python_dop_operator_3.py
[2025-04-08T16:02:49.779+0800] {processor.py:925} INFO - DAG(s) 'example_branch_dop_operator_v3' retrieved from /Users/ervinyeoh/Desktop/unimods/is3107/project/.venv/lib/python3.11/site-packages/airflow/example_dags/example_branch_python_dop_operator_3.py
[2025-04-08T16:02:49.832+0800] {logging_mixin.py:190} INFO - [2025-04-08T16:02:49.832+0800] {dag.py:3239} INFO - Sync 1 DAGs
[2025-04-08T16:02:49.844+0800] {logging_mixin.py:190} INFO - [2025-04-08T16:02:49.844+0800] {dag.py:4180} INFO - Setting next_dagrun for example_branch_dop_operator_v3 to 2025-04-08 08:01:00+00:00, run_after=2025-04-08 08:02:00+00:00
[2025-04-08T16:02:49.854+0800] {processor.py:208} INFO - Processing /Users/ervinyeoh/Desktop/unimods/is3107/project/.venv/lib/python3.11/site-packages/airflow/example_dags/example_branch_python_dop_operator_3.py took 0.131 seconds
[2025-04-08T16:06:09.108+0800] {processor.py:186} INFO - Started process (PID=15038) to work on /Users/ervinyeoh/Desktop/unimods/is3107/project/.venv/lib/python3.11/site-packages/airflow/example_dags/example_branch_python_dop_operator_3.py
[2025-04-08T16:06:09.108+0800] {processor.py:914} INFO - Processing file /Users/ervinyeoh/Desktop/unimods/is3107/project/.venv/lib/python3.11/site-packages/airflow/example_dags/example_branch_python_dop_operator_3.py for tasks to queue
[2025-04-08T16:06:09.109+0800] {logging_mixin.py:190} INFO - [2025-04-08T16:06:09.109+0800] {dagbag.py:588} INFO - Filling up the DagBag from /Users/ervinyeoh/Desktop/unimods/is3107/project/.venv/lib/python3.11/site-packages/airflow/example_dags/example_branch_python_dop_operator_3.py
[2025-04-08T16:06:09.163+0800] {processor.py:925} INFO - DAG(s) 'example_branch_dop_operator_v3' retrieved from /Users/ervinyeoh/Desktop/unimods/is3107/project/.venv/lib/python3.11/site-packages/airflow/example_dags/example_branch_python_dop_operator_3.py
[2025-04-08T16:06:09.213+0800] {logging_mixin.py:190} INFO - [2025-04-08T16:06:09.213+0800] {dag.py:3239} INFO - Sync 1 DAGs
[2025-04-08T16:06:09.225+0800] {logging_mixin.py:190} INFO - [2025-04-08T16:06:09.225+0800] {dag.py:4180} INFO - Setting next_dagrun for example_branch_dop_operator_v3 to 2025-04-08 08:05:00+00:00, run_after=2025-04-08 08:06:00+00:00
[2025-04-08T16:06:09.235+0800] {processor.py:208} INFO - Processing /Users/ervinyeoh/Desktop/unimods/is3107/project/.venv/lib/python3.11/site-packages/airflow/example_dags/example_branch_python_dop_operator_3.py took 0.129 seconds
[2025-04-08T16:09:24.117+0800] {processor.py:186} INFO - Started process (PID=15257) to work on /Users/ervinyeoh/Desktop/unimods/is3107/project/.venv/lib/python3.11/site-packages/airflow/example_dags/example_branch_python_dop_operator_3.py
[2025-04-08T16:09:24.119+0800] {processor.py:914} INFO - Processing file /Users/ervinyeoh/Desktop/unimods/is3107/project/.venv/lib/python3.11/site-packages/airflow/example_dags/example_branch_python_dop_operator_3.py for tasks to queue
[2025-04-08T16:09:24.119+0800] {logging_mixin.py:190} INFO - [2025-04-08T16:09:24.119+0800] {dagbag.py:588} INFO - Filling up the DagBag from /Users/ervinyeoh/Desktop/unimods/is3107/project/.venv/lib/python3.11/site-packages/airflow/example_dags/example_branch_python_dop_operator_3.py
[2025-04-08T16:09:24.171+0800] {processor.py:925} INFO - DAG(s) 'example_branch_dop_operator_v3' retrieved from /Users/ervinyeoh/Desktop/unimods/is3107/project/.venv/lib/python3.11/site-packages/airflow/example_dags/example_branch_python_dop_operator_3.py
[2025-04-08T16:09:24.221+0800] {logging_mixin.py:190} INFO - [2025-04-08T16:09:24.221+0800] {dag.py:3239} INFO - Sync 1 DAGs
[2025-04-08T16:09:24.233+0800] {logging_mixin.py:190} INFO - [2025-04-08T16:09:24.233+0800] {dag.py:4180} INFO - Setting next_dagrun for example_branch_dop_operator_v3 to 2025-04-08 08:08:00+00:00, run_after=2025-04-08 08:09:00+00:00
[2025-04-08T16:09:24.243+0800] {processor.py:208} INFO - Processing /Users/ervinyeoh/Desktop/unimods/is3107/project/.venv/lib/python3.11/site-packages/airflow/example_dags/example_branch_python_dop_operator_3.py took 0.127 seconds
[2025-04-08T16:12:44.042+0800] {processor.py:186} INFO - Started process (PID=15493) to work on /Users/ervinyeoh/Desktop/unimods/is3107/project/.venv/lib/python3.11/site-packages/airflow/example_dags/example_branch_python_dop_operator_3.py
[2025-04-08T16:12:44.043+0800] {processor.py:914} INFO - Processing file /Users/ervinyeoh/Desktop/unimods/is3107/project/.venv/lib/python3.11/site-packages/airflow/example_dags/example_branch_python_dop_operator_3.py for tasks to queue
[2025-04-08T16:12:44.043+0800] {logging_mixin.py:190} INFO - [2025-04-08T16:12:44.043+0800] {dagbag.py:588} INFO - Filling up the DagBag from /Users/ervinyeoh/Desktop/unimods/is3107/project/.venv/lib/python3.11/site-packages/airflow/example_dags/example_branch_python_dop_operator_3.py
[2025-04-08T16:12:44.096+0800] {processor.py:925} INFO - DAG(s) 'example_branch_dop_operator_v3' retrieved from /Users/ervinyeoh/Desktop/unimods/is3107/project/.venv/lib/python3.11/site-packages/airflow/example_dags/example_branch_python_dop_operator_3.py
[2025-04-08T16:12:44.147+0800] {logging_mixin.py:190} INFO - [2025-04-08T16:12:44.147+0800] {dag.py:3239} INFO - Sync 1 DAGs
[2025-04-08T16:12:44.159+0800] {logging_mixin.py:190} INFO - [2025-04-08T16:12:44.159+0800] {dag.py:4180} INFO - Setting next_dagrun for example_branch_dop_operator_v3 to 2025-04-08 08:11:00+00:00, run_after=2025-04-08 08:12:00+00:00
[2025-04-08T16:12:44.169+0800] {processor.py:208} INFO - Processing /Users/ervinyeoh/Desktop/unimods/is3107/project/.venv/lib/python3.11/site-packages/airflow/example_dags/example_branch_python_dop_operator_3.py took 0.129 seconds
[2025-04-08T16:16:01.594+0800] {processor.py:186} INFO - Started process (PID=15727) to work on /Users/ervinyeoh/Desktop/unimods/is3107/project/.venv/lib/python3.11/site-packages/airflow/example_dags/example_branch_python_dop_operator_3.py
[2025-04-08T16:16:01.594+0800] {processor.py:914} INFO - Processing file /Users/ervinyeoh/Desktop/unimods/is3107/project/.venv/lib/python3.11/site-packages/airflow/example_dags/example_branch_python_dop_operator_3.py for tasks to queue
[2025-04-08T16:16:01.595+0800] {logging_mixin.py:190} INFO - [2025-04-08T16:16:01.595+0800] {dagbag.py:588} INFO - Filling up the DagBag from /Users/ervinyeoh/Desktop/unimods/is3107/project/.venv/lib/python3.11/site-packages/airflow/example_dags/example_branch_python_dop_operator_3.py
[2025-04-08T16:16:01.649+0800] {processor.py:925} INFO - DAG(s) 'example_branch_dop_operator_v3' retrieved from /Users/ervinyeoh/Desktop/unimods/is3107/project/.venv/lib/python3.11/site-packages/airflow/example_dags/example_branch_python_dop_operator_3.py
[2025-04-08T16:16:01.700+0800] {logging_mixin.py:190} INFO - [2025-04-08T16:16:01.699+0800] {dag.py:3239} INFO - Sync 1 DAGs
[2025-04-08T16:16:01.712+0800] {logging_mixin.py:190} INFO - [2025-04-08T16:16:01.712+0800] {dag.py:4180} INFO - Setting next_dagrun for example_branch_dop_operator_v3 to 2025-04-08 08:15:00+00:00, run_after=2025-04-08 08:16:00+00:00
[2025-04-08T16:16:01.721+0800] {processor.py:208} INFO - Processing /Users/ervinyeoh/Desktop/unimods/is3107/project/.venv/lib/python3.11/site-packages/airflow/example_dags/example_branch_python_dop_operator_3.py took 0.130 seconds
[2025-04-08T16:19:28.998+0800] {processor.py:186} INFO - Started process (PID=16017) to work on /Users/ervinyeoh/Desktop/unimods/is3107/project/.venv/lib/python3.11/site-packages/airflow/example_dags/example_branch_python_dop_operator_3.py
[2025-04-08T16:19:28.999+0800] {processor.py:914} INFO - Processing file /Users/ervinyeoh/Desktop/unimods/is3107/project/.venv/lib/python3.11/site-packages/airflow/example_dags/example_branch_python_dop_operator_3.py for tasks to queue
[2025-04-08T16:19:29.000+0800] {logging_mixin.py:190} INFO - [2025-04-08T16:19:28.999+0800] {dagbag.py:588} INFO - Filling up the DagBag from /Users/ervinyeoh/Desktop/unimods/is3107/project/.venv/lib/python3.11/site-packages/airflow/example_dags/example_branch_python_dop_operator_3.py
[2025-04-08T16:19:29.055+0800] {processor.py:925} INFO - DAG(s) 'example_branch_dop_operator_v3' retrieved from /Users/ervinyeoh/Desktop/unimods/is3107/project/.venv/lib/python3.11/site-packages/airflow/example_dags/example_branch_python_dop_operator_3.py
[2025-04-08T16:19:29.108+0800] {logging_mixin.py:190} INFO - [2025-04-08T16:19:29.108+0800] {dag.py:3239} INFO - Sync 1 DAGs
[2025-04-08T16:19:29.120+0800] {logging_mixin.py:190} INFO - [2025-04-08T16:19:29.120+0800] {dag.py:4180} INFO - Setting next_dagrun for example_branch_dop_operator_v3 to 2025-04-08 08:18:00+00:00, run_after=2025-04-08 08:19:00+00:00
[2025-04-08T16:19:29.133+0800] {processor.py:208} INFO - Processing /Users/ervinyeoh/Desktop/unimods/is3107/project/.venv/lib/python3.11/site-packages/airflow/example_dags/example_branch_python_dop_operator_3.py took 0.137 seconds
[2025-04-08T16:22:50.686+0800] {processor.py:186} INFO - Started process (PID=16241) to work on /Users/ervinyeoh/Desktop/unimods/is3107/project/.venv/lib/python3.11/site-packages/airflow/example_dags/example_branch_python_dop_operator_3.py
[2025-04-08T16:22:50.688+0800] {processor.py:914} INFO - Processing file /Users/ervinyeoh/Desktop/unimods/is3107/project/.venv/lib/python3.11/site-packages/airflow/example_dags/example_branch_python_dop_operator_3.py for tasks to queue
[2025-04-08T16:22:50.688+0800] {logging_mixin.py:190} INFO - [2025-04-08T16:22:50.688+0800] {dagbag.py:588} INFO - Filling up the DagBag from /Users/ervinyeoh/Desktop/unimods/is3107/project/.venv/lib/python3.11/site-packages/airflow/example_dags/example_branch_python_dop_operator_3.py
[2025-04-08T16:22:50.740+0800] {processor.py:925} INFO - DAG(s) 'example_branch_dop_operator_v3' retrieved from /Users/ervinyeoh/Desktop/unimods/is3107/project/.venv/lib/python3.11/site-packages/airflow/example_dags/example_branch_python_dop_operator_3.py
[2025-04-08T16:22:50.791+0800] {logging_mixin.py:190} INFO - [2025-04-08T16:22:50.790+0800] {dag.py:3239} INFO - Sync 1 DAGs
[2025-04-08T16:22:50.803+0800] {logging_mixin.py:190} INFO - [2025-04-08T16:22:50.803+0800] {dag.py:4180} INFO - Setting next_dagrun for example_branch_dop_operator_v3 to 2025-04-08 08:21:00+00:00, run_after=2025-04-08 08:22:00+00:00
[2025-04-08T16:22:50.812+0800] {processor.py:208} INFO - Processing /Users/ervinyeoh/Desktop/unimods/is3107/project/.venv/lib/python3.11/site-packages/airflow/example_dags/example_branch_python_dop_operator_3.py took 0.128 seconds
[2025-04-08T16:26:09.046+0800] {processor.py:186} INFO - Started process (PID=16476) to work on /Users/ervinyeoh/Desktop/unimods/is3107/project/.venv/lib/python3.11/site-packages/airflow/example_dags/example_branch_python_dop_operator_3.py
[2025-04-08T16:26:09.047+0800] {processor.py:914} INFO - Processing file /Users/ervinyeoh/Desktop/unimods/is3107/project/.venv/lib/python3.11/site-packages/airflow/example_dags/example_branch_python_dop_operator_3.py for tasks to queue
[2025-04-08T16:26:09.048+0800] {logging_mixin.py:190} INFO - [2025-04-08T16:26:09.048+0800] {dagbag.py:588} INFO - Filling up the DagBag from /Users/ervinyeoh/Desktop/unimods/is3107/project/.venv/lib/python3.11/site-packages/airflow/example_dags/example_branch_python_dop_operator_3.py
[2025-04-08T16:26:09.103+0800] {processor.py:925} INFO - DAG(s) 'example_branch_dop_operator_v3' retrieved from /Users/ervinyeoh/Desktop/unimods/is3107/project/.venv/lib/python3.11/site-packages/airflow/example_dags/example_branch_python_dop_operator_3.py
[2025-04-08T16:26:09.153+0800] {logging_mixin.py:190} INFO - [2025-04-08T16:26:09.153+0800] {dag.py:3239} INFO - Sync 1 DAGs
[2025-04-08T16:26:09.165+0800] {logging_mixin.py:190} INFO - [2025-04-08T16:26:09.165+0800] {dag.py:4180} INFO - Setting next_dagrun for example_branch_dop_operator_v3 to 2025-04-08 08:25:00+00:00, run_after=2025-04-08 08:26:00+00:00
[2025-04-08T16:26:09.175+0800] {processor.py:208} INFO - Processing /Users/ervinyeoh/Desktop/unimods/is3107/project/.venv/lib/python3.11/site-packages/airflow/example_dags/example_branch_python_dop_operator_3.py took 0.131 seconds
[2025-04-08T16:29:28.324+0800] {processor.py:186} INFO - Started process (PID=16714) to work on /Users/ervinyeoh/Desktop/unimods/is3107/project/.venv/lib/python3.11/site-packages/airflow/example_dags/example_branch_python_dop_operator_3.py
[2025-04-08T16:29:28.325+0800] {processor.py:914} INFO - Processing file /Users/ervinyeoh/Desktop/unimods/is3107/project/.venv/lib/python3.11/site-packages/airflow/example_dags/example_branch_python_dop_operator_3.py for tasks to queue
[2025-04-08T16:29:28.326+0800] {logging_mixin.py:190} INFO - [2025-04-08T16:29:28.326+0800] {dagbag.py:588} INFO - Filling up the DagBag from /Users/ervinyeoh/Desktop/unimods/is3107/project/.venv/lib/python3.11/site-packages/airflow/example_dags/example_branch_python_dop_operator_3.py
[2025-04-08T16:29:28.378+0800] {processor.py:925} INFO - DAG(s) 'example_branch_dop_operator_v3' retrieved from /Users/ervinyeoh/Desktop/unimods/is3107/project/.venv/lib/python3.11/site-packages/airflow/example_dags/example_branch_python_dop_operator_3.py
[2025-04-08T16:29:28.429+0800] {logging_mixin.py:190} INFO - [2025-04-08T16:29:28.428+0800] {dag.py:3239} INFO - Sync 1 DAGs
[2025-04-08T16:29:28.441+0800] {logging_mixin.py:190} INFO - [2025-04-08T16:29:28.441+0800] {dag.py:4180} INFO - Setting next_dagrun for example_branch_dop_operator_v3 to 2025-04-08 08:28:00+00:00, run_after=2025-04-08 08:29:00+00:00
[2025-04-08T16:29:28.451+0800] {processor.py:208} INFO - Processing /Users/ervinyeoh/Desktop/unimods/is3107/project/.venv/lib/python3.11/site-packages/airflow/example_dags/example_branch_python_dop_operator_3.py took 0.129 seconds
[2025-04-08T16:32:45.732+0800] {processor.py:186} INFO - Started process (PID=17068) to work on /Users/ervinyeoh/Desktop/unimods/is3107/project/.venv/lib/python3.11/site-packages/airflow/example_dags/example_branch_python_dop_operator_3.py
[2025-04-08T16:32:45.733+0800] {processor.py:914} INFO - Processing file /Users/ervinyeoh/Desktop/unimods/is3107/project/.venv/lib/python3.11/site-packages/airflow/example_dags/example_branch_python_dop_operator_3.py for tasks to queue
[2025-04-08T16:32:45.733+0800] {logging_mixin.py:190} INFO - [2025-04-08T16:32:45.733+0800] {dagbag.py:588} INFO - Filling up the DagBag from /Users/ervinyeoh/Desktop/unimods/is3107/project/.venv/lib/python3.11/site-packages/airflow/example_dags/example_branch_python_dop_operator_3.py
[2025-04-08T16:32:45.786+0800] {processor.py:925} INFO - DAG(s) 'example_branch_dop_operator_v3' retrieved from /Users/ervinyeoh/Desktop/unimods/is3107/project/.venv/lib/python3.11/site-packages/airflow/example_dags/example_branch_python_dop_operator_3.py
[2025-04-08T16:32:45.837+0800] {logging_mixin.py:190} INFO - [2025-04-08T16:32:45.837+0800] {dag.py:3239} INFO - Sync 1 DAGs
[2025-04-08T16:32:45.849+0800] {logging_mixin.py:190} INFO - [2025-04-08T16:32:45.849+0800] {dag.py:4180} INFO - Setting next_dagrun for example_branch_dop_operator_v3 to 2025-04-08 08:31:00+00:00, run_after=2025-04-08 08:32:00+00:00
[2025-04-08T16:32:45.858+0800] {processor.py:208} INFO - Processing /Users/ervinyeoh/Desktop/unimods/is3107/project/.venv/lib/python3.11/site-packages/airflow/example_dags/example_branch_python_dop_operator_3.py took 0.128 seconds
[2025-04-08T16:36:03.995+0800] {processor.py:186} INFO - Started process (PID=17294) to work on /Users/ervinyeoh/Desktop/unimods/is3107/project/.venv/lib/python3.11/site-packages/airflow/example_dags/example_branch_python_dop_operator_3.py
[2025-04-08T16:36:03.996+0800] {processor.py:914} INFO - Processing file /Users/ervinyeoh/Desktop/unimods/is3107/project/.venv/lib/python3.11/site-packages/airflow/example_dags/example_branch_python_dop_operator_3.py for tasks to queue
[2025-04-08T16:36:03.997+0800] {logging_mixin.py:190} INFO - [2025-04-08T16:36:03.997+0800] {dagbag.py:588} INFO - Filling up the DagBag from /Users/ervinyeoh/Desktop/unimods/is3107/project/.venv/lib/python3.11/site-packages/airflow/example_dags/example_branch_python_dop_operator_3.py
[2025-04-08T16:36:04.055+0800] {processor.py:925} INFO - DAG(s) 'example_branch_dop_operator_v3' retrieved from /Users/ervinyeoh/Desktop/unimods/is3107/project/.venv/lib/python3.11/site-packages/airflow/example_dags/example_branch_python_dop_operator_3.py
[2025-04-08T16:36:04.106+0800] {logging_mixin.py:190} INFO - [2025-04-08T16:36:04.106+0800] {dag.py:3239} INFO - Sync 1 DAGs
[2025-04-08T16:36:04.118+0800] {logging_mixin.py:190} INFO - [2025-04-08T16:36:04.118+0800] {dag.py:4180} INFO - Setting next_dagrun for example_branch_dop_operator_v3 to 2025-04-08 08:35:00+00:00, run_after=2025-04-08 08:36:00+00:00
[2025-04-08T16:36:04.128+0800] {processor.py:208} INFO - Processing /Users/ervinyeoh/Desktop/unimods/is3107/project/.venv/lib/python3.11/site-packages/airflow/example_dags/example_branch_python_dop_operator_3.py took 0.135 seconds
[2025-04-08T16:39:27.515+0800] {processor.py:186} INFO - Started process (PID=17562) to work on /Users/ervinyeoh/Desktop/unimods/is3107/project/.venv/lib/python3.11/site-packages/airflow/example_dags/example_branch_python_dop_operator_3.py
[2025-04-08T16:39:27.516+0800] {processor.py:914} INFO - Processing file /Users/ervinyeoh/Desktop/unimods/is3107/project/.venv/lib/python3.11/site-packages/airflow/example_dags/example_branch_python_dop_operator_3.py for tasks to queue
[2025-04-08T16:39:27.517+0800] {logging_mixin.py:190} INFO - [2025-04-08T16:39:27.517+0800] {dagbag.py:588} INFO - Filling up the DagBag from /Users/ervinyeoh/Desktop/unimods/is3107/project/.venv/lib/python3.11/site-packages/airflow/example_dags/example_branch_python_dop_operator_3.py
[2025-04-08T16:39:27.570+0800] {processor.py:925} INFO - DAG(s) 'example_branch_dop_operator_v3' retrieved from /Users/ervinyeoh/Desktop/unimods/is3107/project/.venv/lib/python3.11/site-packages/airflow/example_dags/example_branch_python_dop_operator_3.py
[2025-04-08T16:39:27.621+0800] {logging_mixin.py:190} INFO - [2025-04-08T16:39:27.621+0800] {dag.py:3239} INFO - Sync 1 DAGs
[2025-04-08T16:39:27.634+0800] {logging_mixin.py:190} INFO - [2025-04-08T16:39:27.634+0800] {dag.py:4180} INFO - Setting next_dagrun for example_branch_dop_operator_v3 to 2025-04-08 08:38:00+00:00, run_after=2025-04-08 08:39:00+00:00
[2025-04-08T16:39:27.645+0800] {processor.py:208} INFO - Processing /Users/ervinyeoh/Desktop/unimods/is3107/project/.venv/lib/python3.11/site-packages/airflow/example_dags/example_branch_python_dop_operator_3.py took 0.132 seconds
[2025-04-08T16:42:46.647+0800] {processor.py:186} INFO - Started process (PID=17780) to work on /Users/ervinyeoh/Desktop/unimods/is3107/project/.venv/lib/python3.11/site-packages/airflow/example_dags/example_branch_python_dop_operator_3.py
[2025-04-08T16:42:46.648+0800] {processor.py:914} INFO - Processing file /Users/ervinyeoh/Desktop/unimods/is3107/project/.venv/lib/python3.11/site-packages/airflow/example_dags/example_branch_python_dop_operator_3.py for tasks to queue
[2025-04-08T16:42:46.649+0800] {logging_mixin.py:190} INFO - [2025-04-08T16:42:46.649+0800] {dagbag.py:588} INFO - Filling up the DagBag from /Users/ervinyeoh/Desktop/unimods/is3107/project/.venv/lib/python3.11/site-packages/airflow/example_dags/example_branch_python_dop_operator_3.py
[2025-04-08T16:42:46.703+0800] {processor.py:925} INFO - DAG(s) 'example_branch_dop_operator_v3' retrieved from /Users/ervinyeoh/Desktop/unimods/is3107/project/.venv/lib/python3.11/site-packages/airflow/example_dags/example_branch_python_dop_operator_3.py
[2025-04-08T16:42:46.754+0800] {logging_mixin.py:190} INFO - [2025-04-08T16:42:46.754+0800] {dag.py:3239} INFO - Sync 1 DAGs
[2025-04-08T16:42:46.766+0800] {logging_mixin.py:190} INFO - [2025-04-08T16:42:46.766+0800] {dag.py:4180} INFO - Setting next_dagrun for example_branch_dop_operator_v3 to 2025-04-08 08:41:00+00:00, run_after=2025-04-08 08:42:00+00:00
[2025-04-08T16:42:46.776+0800] {processor.py:208} INFO - Processing /Users/ervinyeoh/Desktop/unimods/is3107/project/.venv/lib/python3.11/site-packages/airflow/example_dags/example_branch_python_dop_operator_3.py took 0.131 seconds
[2025-04-08T16:46:06.323+0800] {processor.py:186} INFO - Started process (PID=18020) to work on /Users/ervinyeoh/Desktop/unimods/is3107/project/.venv/lib/python3.11/site-packages/airflow/example_dags/example_branch_python_dop_operator_3.py
[2025-04-08T16:46:06.325+0800] {processor.py:914} INFO - Processing file /Users/ervinyeoh/Desktop/unimods/is3107/project/.venv/lib/python3.11/site-packages/airflow/example_dags/example_branch_python_dop_operator_3.py for tasks to queue
[2025-04-08T16:46:06.325+0800] {logging_mixin.py:190} INFO - [2025-04-08T16:46:06.325+0800] {dagbag.py:588} INFO - Filling up the DagBag from /Users/ervinyeoh/Desktop/unimods/is3107/project/.venv/lib/python3.11/site-packages/airflow/example_dags/example_branch_python_dop_operator_3.py
[2025-04-08T16:46:06.379+0800] {processor.py:925} INFO - DAG(s) 'example_branch_dop_operator_v3' retrieved from /Users/ervinyeoh/Desktop/unimods/is3107/project/.venv/lib/python3.11/site-packages/airflow/example_dags/example_branch_python_dop_operator_3.py
[2025-04-08T16:46:06.430+0800] {logging_mixin.py:190} INFO - [2025-04-08T16:46:06.430+0800] {dag.py:3239} INFO - Sync 1 DAGs
[2025-04-08T16:46:06.442+0800] {logging_mixin.py:190} INFO - [2025-04-08T16:46:06.442+0800] {dag.py:4180} INFO - Setting next_dagrun for example_branch_dop_operator_v3 to 2025-04-08 08:45:00+00:00, run_after=2025-04-08 08:46:00+00:00
[2025-04-08T16:46:06.451+0800] {processor.py:208} INFO - Processing /Users/ervinyeoh/Desktop/unimods/is3107/project/.venv/lib/python3.11/site-packages/airflow/example_dags/example_branch_python_dop_operator_3.py took 0.130 seconds
[2025-04-08T16:49:28.206+0800] {processor.py:186} INFO - Started process (PID=18366) to work on /Users/ervinyeoh/Desktop/unimods/is3107/project/.venv/lib/python3.11/site-packages/airflow/example_dags/example_branch_python_dop_operator_3.py
[2025-04-08T16:49:28.207+0800] {processor.py:914} INFO - Processing file /Users/ervinyeoh/Desktop/unimods/is3107/project/.venv/lib/python3.11/site-packages/airflow/example_dags/example_branch_python_dop_operator_3.py for tasks to queue
[2025-04-08T16:49:28.207+0800] {logging_mixin.py:190} INFO - [2025-04-08T16:49:28.207+0800] {dagbag.py:588} INFO - Filling up the DagBag from /Users/ervinyeoh/Desktop/unimods/is3107/project/.venv/lib/python3.11/site-packages/airflow/example_dags/example_branch_python_dop_operator_3.py
[2025-04-08T16:49:28.259+0800] {processor.py:925} INFO - DAG(s) 'example_branch_dop_operator_v3' retrieved from /Users/ervinyeoh/Desktop/unimods/is3107/project/.venv/lib/python3.11/site-packages/airflow/example_dags/example_branch_python_dop_operator_3.py
[2025-04-08T16:49:28.310+0800] {logging_mixin.py:190} INFO - [2025-04-08T16:49:28.309+0800] {dag.py:3239} INFO - Sync 1 DAGs
[2025-04-08T16:49:28.322+0800] {logging_mixin.py:190} INFO - [2025-04-08T16:49:28.322+0800] {dag.py:4180} INFO - Setting next_dagrun for example_branch_dop_operator_v3 to 2025-04-08 08:48:00+00:00, run_after=2025-04-08 08:49:00+00:00
[2025-04-08T16:49:28.331+0800] {processor.py:208} INFO - Processing /Users/ervinyeoh/Desktop/unimods/is3107/project/.venv/lib/python3.11/site-packages/airflow/example_dags/example_branch_python_dop_operator_3.py took 0.127 seconds
[2025-04-08T16:52:47.871+0800] {processor.py:186} INFO - Started process (PID=18627) to work on /Users/ervinyeoh/Desktop/unimods/is3107/project/.venv/lib/python3.11/site-packages/airflow/example_dags/example_branch_python_dop_operator_3.py
[2025-04-08T16:52:47.873+0800] {processor.py:914} INFO - Processing file /Users/ervinyeoh/Desktop/unimods/is3107/project/.venv/lib/python3.11/site-packages/airflow/example_dags/example_branch_python_dop_operator_3.py for tasks to queue
[2025-04-08T16:52:47.873+0800] {logging_mixin.py:190} INFO - [2025-04-08T16:52:47.873+0800] {dagbag.py:588} INFO - Filling up the DagBag from /Users/ervinyeoh/Desktop/unimods/is3107/project/.venv/lib/python3.11/site-packages/airflow/example_dags/example_branch_python_dop_operator_3.py
[2025-04-08T16:52:47.927+0800] {processor.py:925} INFO - DAG(s) 'example_branch_dop_operator_v3' retrieved from /Users/ervinyeoh/Desktop/unimods/is3107/project/.venv/lib/python3.11/site-packages/airflow/example_dags/example_branch_python_dop_operator_3.py
[2025-04-08T16:52:47.979+0800] {logging_mixin.py:190} INFO - [2025-04-08T16:52:47.979+0800] {dag.py:3239} INFO - Sync 1 DAGs
[2025-04-08T16:52:47.990+0800] {logging_mixin.py:190} INFO - [2025-04-08T16:52:47.990+0800] {dag.py:4180} INFO - Setting next_dagrun for example_branch_dop_operator_v3 to 2025-04-08 08:51:00+00:00, run_after=2025-04-08 08:52:00+00:00
[2025-04-08T16:52:48.001+0800] {processor.py:208} INFO - Processing /Users/ervinyeoh/Desktop/unimods/is3107/project/.venv/lib/python3.11/site-packages/airflow/example_dags/example_branch_python_dop_operator_3.py took 0.131 seconds
[2025-04-08T16:56:08.904+0800] {processor.py:186} INFO - Started process (PID=18851) to work on /Users/ervinyeoh/Desktop/unimods/is3107/project/.venv/lib/python3.11/site-packages/airflow/example_dags/example_branch_python_dop_operator_3.py
[2025-04-08T16:56:08.904+0800] {processor.py:914} INFO - Processing file /Users/ervinyeoh/Desktop/unimods/is3107/project/.venv/lib/python3.11/site-packages/airflow/example_dags/example_branch_python_dop_operator_3.py for tasks to queue
[2025-04-08T16:56:08.905+0800] {logging_mixin.py:190} INFO - [2025-04-08T16:56:08.905+0800] {dagbag.py:588} INFO - Filling up the DagBag from /Users/ervinyeoh/Desktop/unimods/is3107/project/.venv/lib/python3.11/site-packages/airflow/example_dags/example_branch_python_dop_operator_3.py
[2025-04-08T16:56:08.959+0800] {processor.py:925} INFO - DAG(s) 'example_branch_dop_operator_v3' retrieved from /Users/ervinyeoh/Desktop/unimods/is3107/project/.venv/lib/python3.11/site-packages/airflow/example_dags/example_branch_python_dop_operator_3.py
[2025-04-08T16:56:09.009+0800] {logging_mixin.py:190} INFO - [2025-04-08T16:56:09.009+0800] {dag.py:3239} INFO - Sync 1 DAGs
[2025-04-08T16:56:09.021+0800] {logging_mixin.py:190} INFO - [2025-04-08T16:56:09.021+0800] {dag.py:4180} INFO - Setting next_dagrun for example_branch_dop_operator_v3 to 2025-04-08 08:55:00+00:00, run_after=2025-04-08 08:56:00+00:00
[2025-04-08T16:56:09.030+0800] {processor.py:208} INFO - Processing /Users/ervinyeoh/Desktop/unimods/is3107/project/.venv/lib/python3.11/site-packages/airflow/example_dags/example_branch_python_dop_operator_3.py took 0.128 seconds
[2025-04-08T16:59:27.787+0800] {processor.py:186} INFO - Started process (PID=19088) to work on /Users/ervinyeoh/Desktop/unimods/is3107/project/.venv/lib/python3.11/site-packages/airflow/example_dags/example_branch_python_dop_operator_3.py
[2025-04-08T16:59:27.788+0800] {processor.py:914} INFO - Processing file /Users/ervinyeoh/Desktop/unimods/is3107/project/.venv/lib/python3.11/site-packages/airflow/example_dags/example_branch_python_dop_operator_3.py for tasks to queue
[2025-04-08T16:59:27.789+0800] {logging_mixin.py:190} INFO - [2025-04-08T16:59:27.788+0800] {dagbag.py:588} INFO - Filling up the DagBag from /Users/ervinyeoh/Desktop/unimods/is3107/project/.venv/lib/python3.11/site-packages/airflow/example_dags/example_branch_python_dop_operator_3.py
[2025-04-08T16:59:27.848+0800] {processor.py:925} INFO - DAG(s) 'example_branch_dop_operator_v3' retrieved from /Users/ervinyeoh/Desktop/unimods/is3107/project/.venv/lib/python3.11/site-packages/airflow/example_dags/example_branch_python_dop_operator_3.py
[2025-04-08T16:59:27.913+0800] {logging_mixin.py:190} INFO - [2025-04-08T16:59:27.913+0800] {dag.py:3239} INFO - Sync 1 DAGs
[2025-04-08T16:59:27.925+0800] {logging_mixin.py:190} INFO - [2025-04-08T16:59:27.925+0800] {dag.py:4180} INFO - Setting next_dagrun for example_branch_dop_operator_v3 to 2025-04-08 08:58:00+00:00, run_after=2025-04-08 08:59:00+00:00
[2025-04-08T16:59:27.936+0800] {processor.py:208} INFO - Processing /Users/ervinyeoh/Desktop/unimods/is3107/project/.venv/lib/python3.11/site-packages/airflow/example_dags/example_branch_python_dop_operator_3.py took 0.151 seconds
[2025-04-08T17:04:49.503+0800] {processor.py:186} INFO - Started process (PID=19383) to work on /Users/ervinyeoh/Desktop/unimods/is3107/project/.venv/lib/python3.11/site-packages/airflow/example_dags/example_branch_python_dop_operator_3.py
[2025-04-08T17:04:49.504+0800] {processor.py:914} INFO - Processing file /Users/ervinyeoh/Desktop/unimods/is3107/project/.venv/lib/python3.11/site-packages/airflow/example_dags/example_branch_python_dop_operator_3.py for tasks to queue
[2025-04-08T17:04:49.504+0800] {logging_mixin.py:190} INFO - [2025-04-08T17:04:49.504+0800] {dagbag.py:588} INFO - Filling up the DagBag from /Users/ervinyeoh/Desktop/unimods/is3107/project/.venv/lib/python3.11/site-packages/airflow/example_dags/example_branch_python_dop_operator_3.py
[2025-04-08T17:04:49.557+0800] {processor.py:925} INFO - DAG(s) 'example_branch_dop_operator_v3' retrieved from /Users/ervinyeoh/Desktop/unimods/is3107/project/.venv/lib/python3.11/site-packages/airflow/example_dags/example_branch_python_dop_operator_3.py
[2025-04-08T17:04:49.608+0800] {logging_mixin.py:190} INFO - [2025-04-08T17:04:49.608+0800] {dag.py:3239} INFO - Sync 1 DAGs
[2025-04-08T17:04:49.620+0800] {logging_mixin.py:190} INFO - [2025-04-08T17:04:49.620+0800] {dag.py:4180} INFO - Setting next_dagrun for example_branch_dop_operator_v3 to 2025-04-08 09:03:00+00:00, run_after=2025-04-08 09:04:00+00:00
[2025-04-08T17:04:49.630+0800] {processor.py:208} INFO - Processing /Users/ervinyeoh/Desktop/unimods/is3107/project/.venv/lib/python3.11/site-packages/airflow/example_dags/example_branch_python_dop_operator_3.py took 0.129 seconds
[2025-04-08T17:08:06.992+0800] {processor.py:186} INFO - Started process (PID=19605) to work on /Users/ervinyeoh/Desktop/unimods/is3107/project/.venv/lib/python3.11/site-packages/airflow/example_dags/example_branch_python_dop_operator_3.py
[2025-04-08T17:08:06.993+0800] {processor.py:914} INFO - Processing file /Users/ervinyeoh/Desktop/unimods/is3107/project/.venv/lib/python3.11/site-packages/airflow/example_dags/example_branch_python_dop_operator_3.py for tasks to queue
[2025-04-08T17:08:06.993+0800] {logging_mixin.py:190} INFO - [2025-04-08T17:08:06.993+0800] {dagbag.py:588} INFO - Filling up the DagBag from /Users/ervinyeoh/Desktop/unimods/is3107/project/.venv/lib/python3.11/site-packages/airflow/example_dags/example_branch_python_dop_operator_3.py
[2025-04-08T17:08:07.045+0800] {processor.py:925} INFO - DAG(s) 'example_branch_dop_operator_v3' retrieved from /Users/ervinyeoh/Desktop/unimods/is3107/project/.venv/lib/python3.11/site-packages/airflow/example_dags/example_branch_python_dop_operator_3.py
[2025-04-08T17:08:07.095+0800] {logging_mixin.py:190} INFO - [2025-04-08T17:08:07.095+0800] {dag.py:3239} INFO - Sync 1 DAGs
[2025-04-08T17:08:07.107+0800] {logging_mixin.py:190} INFO - [2025-04-08T17:08:07.107+0800] {dag.py:4180} INFO - Setting next_dagrun for example_branch_dop_operator_v3 to 2025-04-08 09:07:00+00:00, run_after=2025-04-08 09:08:00+00:00
[2025-04-08T17:08:07.117+0800] {processor.py:208} INFO - Processing /Users/ervinyeoh/Desktop/unimods/is3107/project/.venv/lib/python3.11/site-packages/airflow/example_dags/example_branch_python_dop_operator_3.py took 0.127 seconds
[2025-04-08T17:11:28.825+0800] {processor.py:186} INFO - Started process (PID=19822) to work on /Users/ervinyeoh/Desktop/unimods/is3107/project/.venv/lib/python3.11/site-packages/airflow/example_dags/example_branch_python_dop_operator_3.py
[2025-04-08T17:11:28.826+0800] {processor.py:914} INFO - Processing file /Users/ervinyeoh/Desktop/unimods/is3107/project/.venv/lib/python3.11/site-packages/airflow/example_dags/example_branch_python_dop_operator_3.py for tasks to queue
[2025-04-08T17:11:28.827+0800] {logging_mixin.py:190} INFO - [2025-04-08T17:11:28.827+0800] {dagbag.py:588} INFO - Filling up the DagBag from /Users/ervinyeoh/Desktop/unimods/is3107/project/.venv/lib/python3.11/site-packages/airflow/example_dags/example_branch_python_dop_operator_3.py
[2025-04-08T17:11:28.879+0800] {processor.py:925} INFO - DAG(s) 'example_branch_dop_operator_v3' retrieved from /Users/ervinyeoh/Desktop/unimods/is3107/project/.venv/lib/python3.11/site-packages/airflow/example_dags/example_branch_python_dop_operator_3.py
[2025-04-08T17:11:28.929+0800] {logging_mixin.py:190} INFO - [2025-04-08T17:11:28.929+0800] {dag.py:3239} INFO - Sync 1 DAGs
[2025-04-08T17:11:28.941+0800] {logging_mixin.py:190} INFO - [2025-04-08T17:11:28.941+0800] {dag.py:4180} INFO - Setting next_dagrun for example_branch_dop_operator_v3 to 2025-04-08 09:10:00+00:00, run_after=2025-04-08 09:11:00+00:00
[2025-04-08T17:11:28.951+0800] {processor.py:208} INFO - Processing /Users/ervinyeoh/Desktop/unimods/is3107/project/.venv/lib/python3.11/site-packages/airflow/example_dags/example_branch_python_dop_operator_3.py took 0.127 seconds
[2025-04-08T17:14:46.363+0800] {processor.py:186} INFO - Started process (PID=20038) to work on /Users/ervinyeoh/Desktop/unimods/is3107/project/.venv/lib/python3.11/site-packages/airflow/example_dags/example_branch_python_dop_operator_3.py
[2025-04-08T17:14:46.364+0800] {processor.py:914} INFO - Processing file /Users/ervinyeoh/Desktop/unimods/is3107/project/.venv/lib/python3.11/site-packages/airflow/example_dags/example_branch_python_dop_operator_3.py for tasks to queue
[2025-04-08T17:14:46.365+0800] {logging_mixin.py:190} INFO - [2025-04-08T17:14:46.365+0800] {dagbag.py:588} INFO - Filling up the DagBag from /Users/ervinyeoh/Desktop/unimods/is3107/project/.venv/lib/python3.11/site-packages/airflow/example_dags/example_branch_python_dop_operator_3.py
[2025-04-08T17:14:46.417+0800] {processor.py:925} INFO - DAG(s) 'example_branch_dop_operator_v3' retrieved from /Users/ervinyeoh/Desktop/unimods/is3107/project/.venv/lib/python3.11/site-packages/airflow/example_dags/example_branch_python_dop_operator_3.py
[2025-04-08T17:14:46.467+0800] {logging_mixin.py:190} INFO - [2025-04-08T17:14:46.467+0800] {dag.py:3239} INFO - Sync 1 DAGs
[2025-04-08T17:14:46.479+0800] {logging_mixin.py:190} INFO - [2025-04-08T17:14:46.479+0800] {dag.py:4180} INFO - Setting next_dagrun for example_branch_dop_operator_v3 to 2025-04-08 09:13:00+00:00, run_after=2025-04-08 09:14:00+00:00
[2025-04-08T17:14:46.489+0800] {processor.py:208} INFO - Processing /Users/ervinyeoh/Desktop/unimods/is3107/project/.venv/lib/python3.11/site-packages/airflow/example_dags/example_branch_python_dop_operator_3.py took 0.128 seconds
[2025-04-08T17:57:13.622+0800] {processor.py:186} INFO - Started process (PID=20370) to work on /Users/ervinyeoh/Desktop/unimods/is3107/project/.venv/lib/python3.11/site-packages/airflow/example_dags/example_branch_python_dop_operator_3.py
[2025-04-08T17:57:13.623+0800] {processor.py:914} INFO - Processing file /Users/ervinyeoh/Desktop/unimods/is3107/project/.venv/lib/python3.11/site-packages/airflow/example_dags/example_branch_python_dop_operator_3.py for tasks to queue
[2025-04-08T17:57:13.624+0800] {logging_mixin.py:190} INFO - [2025-04-08T17:57:13.624+0800] {dagbag.py:588} INFO - Filling up the DagBag from /Users/ervinyeoh/Desktop/unimods/is3107/project/.venv/lib/python3.11/site-packages/airflow/example_dags/example_branch_python_dop_operator_3.py
[2025-04-08T17:57:13.676+0800] {processor.py:925} INFO - DAG(s) 'example_branch_dop_operator_v3' retrieved from /Users/ervinyeoh/Desktop/unimods/is3107/project/.venv/lib/python3.11/site-packages/airflow/example_dags/example_branch_python_dop_operator_3.py
[2025-04-08T17:57:13.727+0800] {logging_mixin.py:190} INFO - [2025-04-08T17:57:13.727+0800] {dag.py:3239} INFO - Sync 1 DAGs
[2025-04-08T17:57:13.739+0800] {logging_mixin.py:190} INFO - [2025-04-08T17:57:13.739+0800] {dag.py:4180} INFO - Setting next_dagrun for example_branch_dop_operator_v3 to 2025-04-08 09:56:00+00:00, run_after=2025-04-08 09:57:00+00:00
[2025-04-08T17:57:13.749+0800] {processor.py:208} INFO - Processing /Users/ervinyeoh/Desktop/unimods/is3107/project/.venv/lib/python3.11/site-packages/airflow/example_dags/example_branch_python_dop_operator_3.py took 0.129 seconds
[2025-04-08T19:10:51.063+0800] {processor.py:186} INFO - Started process (PID=20781) to work on /Users/ervinyeoh/Desktop/unimods/is3107/project/.venv/lib/python3.11/site-packages/airflow/example_dags/example_branch_python_dop_operator_3.py
[2025-04-08T19:10:51.064+0800] {processor.py:914} INFO - Processing file /Users/ervinyeoh/Desktop/unimods/is3107/project/.venv/lib/python3.11/site-packages/airflow/example_dags/example_branch_python_dop_operator_3.py for tasks to queue
[2025-04-08T19:10:51.065+0800] {logging_mixin.py:190} INFO - [2025-04-08T19:10:51.064+0800] {dagbag.py:588} INFO - Filling up the DagBag from /Users/ervinyeoh/Desktop/unimods/is3107/project/.venv/lib/python3.11/site-packages/airflow/example_dags/example_branch_python_dop_operator_3.py
[2025-04-08T19:10:51.117+0800] {processor.py:925} INFO - DAG(s) 'example_branch_dop_operator_v3' retrieved from /Users/ervinyeoh/Desktop/unimods/is3107/project/.venv/lib/python3.11/site-packages/airflow/example_dags/example_branch_python_dop_operator_3.py
[2025-04-08T19:10:51.167+0800] {logging_mixin.py:190} INFO - [2025-04-08T19:10:51.167+0800] {dag.py:3239} INFO - Sync 1 DAGs
[2025-04-08T19:10:51.179+0800] {logging_mixin.py:190} INFO - [2025-04-08T19:10:51.178+0800] {dag.py:4180} INFO - Setting next_dagrun for example_branch_dop_operator_v3 to 2025-04-08 11:09:00+00:00, run_after=2025-04-08 11:10:00+00:00
[2025-04-08T19:10:51.189+0800] {processor.py:208} INFO - Processing /Users/ervinyeoh/Desktop/unimods/is3107/project/.venv/lib/python3.11/site-packages/airflow/example_dags/example_branch_python_dop_operator_3.py took 0.127 seconds
[2025-04-09T00:24:16.888+0800] {processor.py:186} INFO - Started process (PID=21200) to work on /Users/ervinyeoh/Desktop/unimods/is3107/project/.venv/lib/python3.11/site-packages/airflow/example_dags/example_branch_python_dop_operator_3.py
[2025-04-09T00:24:16.889+0800] {processor.py:914} INFO - Processing file /Users/ervinyeoh/Desktop/unimods/is3107/project/.venv/lib/python3.11/site-packages/airflow/example_dags/example_branch_python_dop_operator_3.py for tasks to queue
[2025-04-09T00:24:16.889+0800] {logging_mixin.py:190} INFO - [2025-04-09T00:24:16.889+0800] {dagbag.py:588} INFO - Filling up the DagBag from /Users/ervinyeoh/Desktop/unimods/is3107/project/.venv/lib/python3.11/site-packages/airflow/example_dags/example_branch_python_dop_operator_3.py
[2025-04-09T00:24:16.942+0800] {processor.py:925} INFO - DAG(s) 'example_branch_dop_operator_v3' retrieved from /Users/ervinyeoh/Desktop/unimods/is3107/project/.venv/lib/python3.11/site-packages/airflow/example_dags/example_branch_python_dop_operator_3.py
[2025-04-09T00:24:16.995+0800] {logging_mixin.py:190} INFO - [2025-04-09T00:24:16.995+0800] {dag.py:3239} INFO - Sync 1 DAGs
[2025-04-09T00:24:17.007+0800] {logging_mixin.py:190} INFO - [2025-04-09T00:24:17.007+0800] {dag.py:4180} INFO - Setting next_dagrun for example_branch_dop_operator_v3 to 2025-04-08 16:23:00+00:00, run_after=2025-04-08 16:24:00+00:00
[2025-04-09T00:24:17.018+0800] {processor.py:208} INFO - Processing /Users/ervinyeoh/Desktop/unimods/is3107/project/.venv/lib/python3.11/site-packages/airflow/example_dags/example_branch_python_dop_operator_3.py took 0.132 seconds
[2025-04-09T04:04:31.001+0800] {processor.py:186} INFO - Started process (PID=21601) to work on /Users/ervinyeoh/Desktop/unimods/is3107/project/.venv/lib/python3.11/site-packages/airflow/example_dags/example_branch_python_dop_operator_3.py
[2025-04-09T04:04:31.002+0800] {processor.py:914} INFO - Processing file /Users/ervinyeoh/Desktop/unimods/is3107/project/.venv/lib/python3.11/site-packages/airflow/example_dags/example_branch_python_dop_operator_3.py for tasks to queue
[2025-04-09T04:04:31.003+0800] {logging_mixin.py:190} INFO - [2025-04-09T04:04:31.002+0800] {dagbag.py:588} INFO - Filling up the DagBag from /Users/ervinyeoh/Desktop/unimods/is3107/project/.venv/lib/python3.11/site-packages/airflow/example_dags/example_branch_python_dop_operator_3.py
[2025-04-09T04:04:31.063+0800] {processor.py:925} INFO - DAG(s) 'example_branch_dop_operator_v3' retrieved from /Users/ervinyeoh/Desktop/unimods/is3107/project/.venv/lib/python3.11/site-packages/airflow/example_dags/example_branch_python_dop_operator_3.py
[2025-04-09T04:04:31.115+0800] {logging_mixin.py:190} INFO - [2025-04-09T04:04:31.115+0800] {dag.py:3239} INFO - Sync 1 DAGs
[2025-04-09T04:04:31.127+0800] {logging_mixin.py:190} INFO - [2025-04-09T04:04:31.127+0800] {dag.py:4180} INFO - Setting next_dagrun for example_branch_dop_operator_v3 to 2025-04-08 20:03:00+00:00, run_after=2025-04-08 20:04:00+00:00
[2025-04-09T04:04:31.137+0800] {processor.py:208} INFO - Processing /Users/ervinyeoh/Desktop/unimods/is3107/project/.venv/lib/python3.11/site-packages/airflow/example_dags/example_branch_python_dop_operator_3.py took 0.138 seconds
