[2025-04-08T08:10:26.234+0800] {processor.py:186} INFO - Started process (PID=5799) to work on /Users/ervinyeoh/Desktop/unimods/is3107/project/.venv/lib/python3.11/site-packages/airflow/example_dags/example_branch_day_of_week_operator.py
[2025-04-08T08:10:26.235+0800] {processor.py:914} INFO - Processing file /Users/ervinyeoh/Desktop/unimods/is3107/project/.venv/lib/python3.11/site-packages/airflow/example_dags/example_branch_day_of_week_operator.py for tasks to queue
[2025-04-08T08:10:26.235+0800] {logging_mixin.py:190} INFO - [2025-04-08T08:10:26.235+0800] {dagbag.py:588} INFO - Filling up the DagBag from /Users/ervinyeoh/Desktop/unimods/is3107/project/.venv/lib/python3.11/site-packages/airflow/example_dags/example_branch_day_of_week_operator.py
[2025-04-08T08:10:26.242+0800] {processor.py:925} INFO - DAG(s) 'example_weekday_branch_operator' retrieved from /Users/ervinyeoh/Desktop/unimods/is3107/project/.venv/lib/python3.11/site-packages/airflow/example_dags/example_branch_day_of_week_operator.py
[2025-04-08T08:10:26.325+0800] {logging_mixin.py:190} INFO - [2025-04-08T08:10:26.324+0800] {dag.py:3239} INFO - Sync 1 DAGs
[2025-04-08T08:10:26.335+0800] {logging_mixin.py:190} INFO - [2025-04-08T08:10:26.335+0800] {dag.py:4180} INFO - Setting next_dagrun for example_weekday_branch_operator to 2025-04-07 00:00:00+00:00, run_after=2025-04-08 00:00:00+00:00
[2025-04-08T08:10:26.346+0800] {processor.py:208} INFO - Processing /Users/ervinyeoh/Desktop/unimods/is3107/project/.venv/lib/python3.11/site-packages/airflow/example_dags/example_branch_day_of_week_operator.py took 0.114 seconds
[2025-04-08T08:47:27.915+0800] {processor.py:186} INFO - Started process (PID=6242) to work on /Users/ervinyeoh/Desktop/unimods/is3107/project/.venv/lib/python3.11/site-packages/airflow/example_dags/example_branch_day_of_week_operator.py
[2025-04-08T08:47:27.916+0800] {processor.py:914} INFO - Processing file /Users/ervinyeoh/Desktop/unimods/is3107/project/.venv/lib/python3.11/site-packages/airflow/example_dags/example_branch_day_of_week_operator.py for tasks to queue
[2025-04-08T08:47:27.917+0800] {logging_mixin.py:190} INFO - [2025-04-08T08:47:27.917+0800] {dagbag.py:588} INFO - Filling up the DagBag from /Users/ervinyeoh/Desktop/unimods/is3107/project/.venv/lib/python3.11/site-packages/airflow/example_dags/example_branch_day_of_week_operator.py
[2025-04-08T08:47:27.923+0800] {processor.py:925} INFO - DAG(s) 'example_weekday_branch_operator' retrieved from /Users/ervinyeoh/Desktop/unimods/is3107/project/.venv/lib/python3.11/site-packages/airflow/example_dags/example_branch_day_of_week_operator.py
[2025-04-08T08:47:28.005+0800] {logging_mixin.py:190} INFO - [2025-04-08T08:47:28.005+0800] {dag.py:3239} INFO - Sync 1 DAGs
[2025-04-08T08:47:28.016+0800] {logging_mixin.py:190} INFO - [2025-04-08T08:47:28.015+0800] {dag.py:4180} INFO - Setting next_dagrun for example_weekday_branch_operator to 2025-04-07 00:00:00+00:00, run_after=2025-04-08 00:00:00+00:00
[2025-04-08T08:47:28.025+0800] {processor.py:208} INFO - Processing /Users/ervinyeoh/Desktop/unimods/is3107/project/.venv/lib/python3.11/site-packages/airflow/example_dags/example_branch_day_of_week_operator.py took 0.112 seconds
[2025-04-08T08:50:47.719+0800] {processor.py:186} INFO - Started process (PID=6547) to work on /Users/ervinyeoh/Desktop/unimods/is3107/project/.venv/lib/python3.11/site-packages/airflow/example_dags/example_branch_day_of_week_operator.py
[2025-04-08T08:50:47.720+0800] {processor.py:914} INFO - Processing file /Users/ervinyeoh/Desktop/unimods/is3107/project/.venv/lib/python3.11/site-packages/airflow/example_dags/example_branch_day_of_week_operator.py for tasks to queue
[2025-04-08T08:50:47.721+0800] {logging_mixin.py:190} INFO - [2025-04-08T08:50:47.721+0800] {dagbag.py:588} INFO - Filling up the DagBag from /Users/ervinyeoh/Desktop/unimods/is3107/project/.venv/lib/python3.11/site-packages/airflow/example_dags/example_branch_day_of_week_operator.py
[2025-04-08T08:50:47.727+0800] {processor.py:925} INFO - DAG(s) 'example_weekday_branch_operator' retrieved from /Users/ervinyeoh/Desktop/unimods/is3107/project/.venv/lib/python3.11/site-packages/airflow/example_dags/example_branch_day_of_week_operator.py
[2025-04-08T08:50:47.809+0800] {logging_mixin.py:190} INFO - [2025-04-08T08:50:47.809+0800] {dag.py:3239} INFO - Sync 1 DAGs
[2025-04-08T08:50:47.820+0800] {logging_mixin.py:190} INFO - [2025-04-08T08:50:47.820+0800] {dag.py:4180} INFO - Setting next_dagrun for example_weekday_branch_operator to 2025-04-07 00:00:00+00:00, run_after=2025-04-08 00:00:00+00:00
[2025-04-08T08:50:47.830+0800] {processor.py:208} INFO - Processing /Users/ervinyeoh/Desktop/unimods/is3107/project/.venv/lib/python3.11/site-packages/airflow/example_dags/example_branch_day_of_week_operator.py took 0.112 seconds
[2025-04-08T08:54:04.843+0800] {processor.py:186} INFO - Started process (PID=6767) to work on /Users/ervinyeoh/Desktop/unimods/is3107/project/.venv/lib/python3.11/site-packages/airflow/example_dags/example_branch_day_of_week_operator.py
[2025-04-08T08:54:04.844+0800] {processor.py:914} INFO - Processing file /Users/ervinyeoh/Desktop/unimods/is3107/project/.venv/lib/python3.11/site-packages/airflow/example_dags/example_branch_day_of_week_operator.py for tasks to queue
[2025-04-08T08:54:04.845+0800] {logging_mixin.py:190} INFO - [2025-04-08T08:54:04.844+0800] {dagbag.py:588} INFO - Filling up the DagBag from /Users/ervinyeoh/Desktop/unimods/is3107/project/.venv/lib/python3.11/site-packages/airflow/example_dags/example_branch_day_of_week_operator.py
[2025-04-08T08:54:04.851+0800] {processor.py:925} INFO - DAG(s) 'example_weekday_branch_operator' retrieved from /Users/ervinyeoh/Desktop/unimods/is3107/project/.venv/lib/python3.11/site-packages/airflow/example_dags/example_branch_day_of_week_operator.py
[2025-04-08T08:54:04.933+0800] {logging_mixin.py:190} INFO - [2025-04-08T08:54:04.933+0800] {dag.py:3239} INFO - Sync 1 DAGs
[2025-04-08T08:54:04.943+0800] {logging_mixin.py:190} INFO - [2025-04-08T08:54:04.943+0800] {dag.py:4180} INFO - Setting next_dagrun for example_weekday_branch_operator to 2025-04-07 00:00:00+00:00, run_after=2025-04-08 00:00:00+00:00
[2025-04-08T08:54:04.953+0800] {processor.py:208} INFO - Processing /Users/ervinyeoh/Desktop/unimods/is3107/project/.venv/lib/python3.11/site-packages/airflow/example_dags/example_branch_day_of_week_operator.py took 0.112 seconds
[2025-04-08T08:57:28.412+0800] {processor.py:186} INFO - Started process (PID=6995) to work on /Users/ervinyeoh/Desktop/unimods/is3107/project/.venv/lib/python3.11/site-packages/airflow/example_dags/example_branch_day_of_week_operator.py
[2025-04-08T08:57:28.413+0800] {processor.py:914} INFO - Processing file /Users/ervinyeoh/Desktop/unimods/is3107/project/.venv/lib/python3.11/site-packages/airflow/example_dags/example_branch_day_of_week_operator.py for tasks to queue
[2025-04-08T08:57:28.414+0800] {logging_mixin.py:190} INFO - [2025-04-08T08:57:28.414+0800] {dagbag.py:588} INFO - Filling up the DagBag from /Users/ervinyeoh/Desktop/unimods/is3107/project/.venv/lib/python3.11/site-packages/airflow/example_dags/example_branch_day_of_week_operator.py
[2025-04-08T08:57:28.420+0800] {processor.py:925} INFO - DAG(s) 'example_weekday_branch_operator' retrieved from /Users/ervinyeoh/Desktop/unimods/is3107/project/.venv/lib/python3.11/site-packages/airflow/example_dags/example_branch_day_of_week_operator.py
[2025-04-08T08:57:28.502+0800] {logging_mixin.py:190} INFO - [2025-04-08T08:57:28.502+0800] {dag.py:3239} INFO - Sync 1 DAGs
[2025-04-08T08:57:28.513+0800] {logging_mixin.py:190} INFO - [2025-04-08T08:57:28.513+0800] {dag.py:4180} INFO - Setting next_dagrun for example_weekday_branch_operator to 2025-04-07 00:00:00+00:00, run_after=2025-04-08 00:00:00+00:00
[2025-04-08T08:57:28.522+0800] {processor.py:208} INFO - Processing /Users/ervinyeoh/Desktop/unimods/is3107/project/.venv/lib/python3.11/site-packages/airflow/example_dags/example_branch_day_of_week_operator.py took 0.112 seconds
[2025-04-08T09:00:47.216+0800] {processor.py:186} INFO - Started process (PID=7239) to work on /Users/ervinyeoh/Desktop/unimods/is3107/project/.venv/lib/python3.11/site-packages/airflow/example_dags/example_branch_day_of_week_operator.py
[2025-04-08T09:00:47.217+0800] {processor.py:914} INFO - Processing file /Users/ervinyeoh/Desktop/unimods/is3107/project/.venv/lib/python3.11/site-packages/airflow/example_dags/example_branch_day_of_week_operator.py for tasks to queue
[2025-04-08T09:00:47.217+0800] {logging_mixin.py:190} INFO - [2025-04-08T09:00:47.217+0800] {dagbag.py:588} INFO - Filling up the DagBag from /Users/ervinyeoh/Desktop/unimods/is3107/project/.venv/lib/python3.11/site-packages/airflow/example_dags/example_branch_day_of_week_operator.py
[2025-04-08T09:00:47.225+0800] {processor.py:925} INFO - DAG(s) 'example_weekday_branch_operator' retrieved from /Users/ervinyeoh/Desktop/unimods/is3107/project/.venv/lib/python3.11/site-packages/airflow/example_dags/example_branch_day_of_week_operator.py
[2025-04-08T09:00:47.307+0800] {logging_mixin.py:190} INFO - [2025-04-08T09:00:47.307+0800] {dag.py:3239} INFO - Sync 1 DAGs
[2025-04-08T09:00:47.317+0800] {logging_mixin.py:190} INFO - [2025-04-08T09:00:47.317+0800] {dag.py:4180} INFO - Setting next_dagrun for example_weekday_branch_operator to 2025-04-07 00:00:00+00:00, run_after=2025-04-08 00:00:00+00:00
[2025-04-08T09:00:47.327+0800] {processor.py:208} INFO - Processing /Users/ervinyeoh/Desktop/unimods/is3107/project/.venv/lib/python3.11/site-packages/airflow/example_dags/example_branch_day_of_week_operator.py took 0.113 seconds
[2025-04-08T09:04:08.079+0800] {processor.py:186} INFO - Started process (PID=7460) to work on /Users/ervinyeoh/Desktop/unimods/is3107/project/.venv/lib/python3.11/site-packages/airflow/example_dags/example_branch_day_of_week_operator.py
[2025-04-08T09:04:08.080+0800] {processor.py:914} INFO - Processing file /Users/ervinyeoh/Desktop/unimods/is3107/project/.venv/lib/python3.11/site-packages/airflow/example_dags/example_branch_day_of_week_operator.py for tasks to queue
[2025-04-08T09:04:08.081+0800] {logging_mixin.py:190} INFO - [2025-04-08T09:04:08.081+0800] {dagbag.py:588} INFO - Filling up the DagBag from /Users/ervinyeoh/Desktop/unimods/is3107/project/.venv/lib/python3.11/site-packages/airflow/example_dags/example_branch_day_of_week_operator.py
[2025-04-08T09:04:08.087+0800] {processor.py:925} INFO - DAG(s) 'example_weekday_branch_operator' retrieved from /Users/ervinyeoh/Desktop/unimods/is3107/project/.venv/lib/python3.11/site-packages/airflow/example_dags/example_branch_day_of_week_operator.py
[2025-04-08T09:04:08.169+0800] {logging_mixin.py:190} INFO - [2025-04-08T09:04:08.169+0800] {dag.py:3239} INFO - Sync 1 DAGs
[2025-04-08T09:04:08.179+0800] {logging_mixin.py:190} INFO - [2025-04-08T09:04:08.179+0800] {dag.py:4180} INFO - Setting next_dagrun for example_weekday_branch_operator to 2025-04-07 00:00:00+00:00, run_after=2025-04-08 00:00:00+00:00
[2025-04-08T09:04:08.189+0800] {processor.py:208} INFO - Processing /Users/ervinyeoh/Desktop/unimods/is3107/project/.venv/lib/python3.11/site-packages/airflow/example_dags/example_branch_day_of_week_operator.py took 0.112 seconds
[2025-04-08T09:07:29.600+0800] {processor.py:186} INFO - Started process (PID=7816) to work on /Users/ervinyeoh/Desktop/unimods/is3107/project/.venv/lib/python3.11/site-packages/airflow/example_dags/example_branch_day_of_week_operator.py
[2025-04-08T09:07:29.601+0800] {processor.py:914} INFO - Processing file /Users/ervinyeoh/Desktop/unimods/is3107/project/.venv/lib/python3.11/site-packages/airflow/example_dags/example_branch_day_of_week_operator.py for tasks to queue
[2025-04-08T09:07:29.601+0800] {logging_mixin.py:190} INFO - [2025-04-08T09:07:29.601+0800] {dagbag.py:588} INFO - Filling up the DagBag from /Users/ervinyeoh/Desktop/unimods/is3107/project/.venv/lib/python3.11/site-packages/airflow/example_dags/example_branch_day_of_week_operator.py
[2025-04-08T09:07:29.608+0800] {processor.py:925} INFO - DAG(s) 'example_weekday_branch_operator' retrieved from /Users/ervinyeoh/Desktop/unimods/is3107/project/.venv/lib/python3.11/site-packages/airflow/example_dags/example_branch_day_of_week_operator.py
[2025-04-08T09:07:29.698+0800] {logging_mixin.py:190} INFO - [2025-04-08T09:07:29.697+0800] {dag.py:3239} INFO - Sync 1 DAGs
[2025-04-08T09:07:29.710+0800] {logging_mixin.py:190} INFO - [2025-04-08T09:07:29.709+0800] {dag.py:4180} INFO - Setting next_dagrun for example_weekday_branch_operator to 2025-04-07 00:00:00+00:00, run_after=2025-04-08 00:00:00+00:00
[2025-04-08T09:07:29.720+0800] {processor.py:208} INFO - Processing /Users/ervinyeoh/Desktop/unimods/is3107/project/.venv/lib/python3.11/site-packages/airflow/example_dags/example_branch_day_of_week_operator.py took 0.122 seconds
[2025-04-08T09:17:03.205+0800] {processor.py:186} INFO - Started process (PID=8165) to work on /Users/ervinyeoh/Desktop/unimods/is3107/project/.venv/lib/python3.11/site-packages/airflow/example_dags/example_branch_day_of_week_operator.py
[2025-04-08T09:17:03.206+0800] {processor.py:914} INFO - Processing file /Users/ervinyeoh/Desktop/unimods/is3107/project/.venv/lib/python3.11/site-packages/airflow/example_dags/example_branch_day_of_week_operator.py for tasks to queue
[2025-04-08T09:17:03.206+0800] {logging_mixin.py:190} INFO - [2025-04-08T09:17:03.206+0800] {dagbag.py:588} INFO - Filling up the DagBag from /Users/ervinyeoh/Desktop/unimods/is3107/project/.venv/lib/python3.11/site-packages/airflow/example_dags/example_branch_day_of_week_operator.py
[2025-04-08T09:17:03.213+0800] {processor.py:925} INFO - DAG(s) 'example_weekday_branch_operator' retrieved from /Users/ervinyeoh/Desktop/unimods/is3107/project/.venv/lib/python3.11/site-packages/airflow/example_dags/example_branch_day_of_week_operator.py
[2025-04-08T09:17:03.299+0800] {logging_mixin.py:190} INFO - [2025-04-08T09:17:03.299+0800] {dag.py:3239} INFO - Sync 1 DAGs
[2025-04-08T09:17:03.310+0800] {logging_mixin.py:190} INFO - [2025-04-08T09:17:03.310+0800] {dag.py:4180} INFO - Setting next_dagrun for example_weekday_branch_operator to 2025-04-07 00:00:00+00:00, run_after=2025-04-08 00:00:00+00:00
[2025-04-08T09:17:03.320+0800] {processor.py:208} INFO - Processing /Users/ervinyeoh/Desktop/unimods/is3107/project/.venv/lib/python3.11/site-packages/airflow/example_dags/example_branch_day_of_week_operator.py took 0.117 seconds
[2025-04-08T09:20:26.039+0800] {processor.py:186} INFO - Started process (PID=8397) to work on /Users/ervinyeoh/Desktop/unimods/is3107/project/.venv/lib/python3.11/site-packages/airflow/example_dags/example_branch_day_of_week_operator.py
[2025-04-08T09:20:26.041+0800] {processor.py:914} INFO - Processing file /Users/ervinyeoh/Desktop/unimods/is3107/project/.venv/lib/python3.11/site-packages/airflow/example_dags/example_branch_day_of_week_operator.py for tasks to queue
[2025-04-08T09:20:26.041+0800] {logging_mixin.py:190} INFO - [2025-04-08T09:20:26.041+0800] {dagbag.py:588} INFO - Filling up the DagBag from /Users/ervinyeoh/Desktop/unimods/is3107/project/.venv/lib/python3.11/site-packages/airflow/example_dags/example_branch_day_of_week_operator.py
[2025-04-08T09:20:26.048+0800] {processor.py:925} INFO - DAG(s) 'example_weekday_branch_operator' retrieved from /Users/ervinyeoh/Desktop/unimods/is3107/project/.venv/lib/python3.11/site-packages/airflow/example_dags/example_branch_day_of_week_operator.py
[2025-04-08T09:20:26.133+0800] {logging_mixin.py:190} INFO - [2025-04-08T09:20:26.133+0800] {dag.py:3239} INFO - Sync 1 DAGs
[2025-04-08T09:20:26.144+0800] {logging_mixin.py:190} INFO - [2025-04-08T09:20:26.144+0800] {dag.py:4180} INFO - Setting next_dagrun for example_weekday_branch_operator to 2025-04-07 00:00:00+00:00, run_after=2025-04-08 00:00:00+00:00
[2025-04-08T09:20:26.153+0800] {processor.py:208} INFO - Processing /Users/ervinyeoh/Desktop/unimods/is3107/project/.venv/lib/python3.11/site-packages/airflow/example_dags/example_branch_day_of_week_operator.py took 0.116 seconds
[2025-04-08T09:23:52.697+0800] {processor.py:186} INFO - Started process (PID=8636) to work on /Users/ervinyeoh/Desktop/unimods/is3107/project/.venv/lib/python3.11/site-packages/airflow/example_dags/example_branch_day_of_week_operator.py
[2025-04-08T09:23:52.698+0800] {processor.py:914} INFO - Processing file /Users/ervinyeoh/Desktop/unimods/is3107/project/.venv/lib/python3.11/site-packages/airflow/example_dags/example_branch_day_of_week_operator.py for tasks to queue
[2025-04-08T09:23:52.699+0800] {logging_mixin.py:190} INFO - [2025-04-08T09:23:52.699+0800] {dagbag.py:588} INFO - Filling up the DagBag from /Users/ervinyeoh/Desktop/unimods/is3107/project/.venv/lib/python3.11/site-packages/airflow/example_dags/example_branch_day_of_week_operator.py
[2025-04-08T09:23:52.706+0800] {processor.py:925} INFO - DAG(s) 'example_weekday_branch_operator' retrieved from /Users/ervinyeoh/Desktop/unimods/is3107/project/.venv/lib/python3.11/site-packages/airflow/example_dags/example_branch_day_of_week_operator.py
[2025-04-08T09:23:52.790+0800] {logging_mixin.py:190} INFO - [2025-04-08T09:23:52.790+0800] {dag.py:3239} INFO - Sync 1 DAGs
[2025-04-08T09:23:52.801+0800] {logging_mixin.py:190} INFO - [2025-04-08T09:23:52.801+0800] {dag.py:4180} INFO - Setting next_dagrun for example_weekday_branch_operator to 2025-04-07 00:00:00+00:00, run_after=2025-04-08 00:00:00+00:00
[2025-04-08T09:23:52.811+0800] {processor.py:208} INFO - Processing /Users/ervinyeoh/Desktop/unimods/is3107/project/.venv/lib/python3.11/site-packages/airflow/example_dags/example_branch_day_of_week_operator.py took 0.115 seconds
[2025-04-08T09:27:12.556+0800] {processor.py:186} INFO - Started process (PID=8908) to work on /Users/ervinyeoh/Desktop/unimods/is3107/project/.venv/lib/python3.11/site-packages/airflow/example_dags/example_branch_day_of_week_operator.py
[2025-04-08T09:27:12.558+0800] {processor.py:914} INFO - Processing file /Users/ervinyeoh/Desktop/unimods/is3107/project/.venv/lib/python3.11/site-packages/airflow/example_dags/example_branch_day_of_week_operator.py for tasks to queue
[2025-04-08T09:27:12.558+0800] {logging_mixin.py:190} INFO - [2025-04-08T09:27:12.558+0800] {dagbag.py:588} INFO - Filling up the DagBag from /Users/ervinyeoh/Desktop/unimods/is3107/project/.venv/lib/python3.11/site-packages/airflow/example_dags/example_branch_day_of_week_operator.py
[2025-04-08T09:27:12.565+0800] {processor.py:925} INFO - DAG(s) 'example_weekday_branch_operator' retrieved from /Users/ervinyeoh/Desktop/unimods/is3107/project/.venv/lib/python3.11/site-packages/airflow/example_dags/example_branch_day_of_week_operator.py
[2025-04-08T09:27:12.652+0800] {logging_mixin.py:190} INFO - [2025-04-08T09:27:12.651+0800] {dag.py:3239} INFO - Sync 1 DAGs
[2025-04-08T09:27:12.662+0800] {logging_mixin.py:190} INFO - [2025-04-08T09:27:12.662+0800] {dag.py:4180} INFO - Setting next_dagrun for example_weekday_branch_operator to 2025-04-07 00:00:00+00:00, run_after=2025-04-08 00:00:00+00:00
[2025-04-08T09:27:12.672+0800] {processor.py:208} INFO - Processing /Users/ervinyeoh/Desktop/unimods/is3107/project/.venv/lib/python3.11/site-packages/airflow/example_dags/example_branch_day_of_week_operator.py took 0.118 seconds
[2025-04-08T09:30:27.796+0800] {processor.py:186} INFO - Started process (PID=9128) to work on /Users/ervinyeoh/Desktop/unimods/is3107/project/.venv/lib/python3.11/site-packages/airflow/example_dags/example_branch_day_of_week_operator.py
[2025-04-08T09:30:27.798+0800] {processor.py:914} INFO - Processing file /Users/ervinyeoh/Desktop/unimods/is3107/project/.venv/lib/python3.11/site-packages/airflow/example_dags/example_branch_day_of_week_operator.py for tasks to queue
[2025-04-08T09:30:27.798+0800] {logging_mixin.py:190} INFO - [2025-04-08T09:30:27.798+0800] {dagbag.py:588} INFO - Filling up the DagBag from /Users/ervinyeoh/Desktop/unimods/is3107/project/.venv/lib/python3.11/site-packages/airflow/example_dags/example_branch_day_of_week_operator.py
[2025-04-08T09:30:27.805+0800] {processor.py:925} INFO - DAG(s) 'example_weekday_branch_operator' retrieved from /Users/ervinyeoh/Desktop/unimods/is3107/project/.venv/lib/python3.11/site-packages/airflow/example_dags/example_branch_day_of_week_operator.py
[2025-04-08T09:30:27.889+0800] {logging_mixin.py:190} INFO - [2025-04-08T09:30:27.888+0800] {dag.py:3239} INFO - Sync 1 DAGs
[2025-04-08T09:30:27.899+0800] {logging_mixin.py:190} INFO - [2025-04-08T09:30:27.899+0800] {dag.py:4180} INFO - Setting next_dagrun for example_weekday_branch_operator to 2025-04-07 00:00:00+00:00, run_after=2025-04-08 00:00:00+00:00
[2025-04-08T09:30:27.909+0800] {processor.py:208} INFO - Processing /Users/ervinyeoh/Desktop/unimods/is3107/project/.venv/lib/python3.11/site-packages/airflow/example_dags/example_branch_day_of_week_operator.py took 0.114 seconds
[2025-04-08T13:51:45.382+0800] {processor.py:186} INFO - Started process (PID=9739) to work on /Users/ervinyeoh/Desktop/unimods/is3107/project/.venv/lib/python3.11/site-packages/airflow/example_dags/example_branch_day_of_week_operator.py
[2025-04-08T13:51:45.384+0800] {processor.py:914} INFO - Processing file /Users/ervinyeoh/Desktop/unimods/is3107/project/.venv/lib/python3.11/site-packages/airflow/example_dags/example_branch_day_of_week_operator.py for tasks to queue
[2025-04-08T13:51:45.384+0800] {logging_mixin.py:190} INFO - [2025-04-08T13:51:45.384+0800] {dagbag.py:588} INFO - Filling up the DagBag from /Users/ervinyeoh/Desktop/unimods/is3107/project/.venv/lib/python3.11/site-packages/airflow/example_dags/example_branch_day_of_week_operator.py
[2025-04-08T13:51:45.391+0800] {processor.py:925} INFO - DAG(s) 'example_weekday_branch_operator' retrieved from /Users/ervinyeoh/Desktop/unimods/is3107/project/.venv/lib/python3.11/site-packages/airflow/example_dags/example_branch_day_of_week_operator.py
[2025-04-08T13:51:45.481+0800] {logging_mixin.py:190} INFO - [2025-04-08T13:51:45.480+0800] {dag.py:3239} INFO - Sync 1 DAGs
[2025-04-08T13:51:45.493+0800] {logging_mixin.py:190} INFO - [2025-04-08T13:51:45.493+0800] {dag.py:4180} INFO - Setting next_dagrun for example_weekday_branch_operator to 2025-04-07 00:00:00+00:00, run_after=2025-04-08 00:00:00+00:00
[2025-04-08T13:51:45.504+0800] {processor.py:208} INFO - Processing /Users/ervinyeoh/Desktop/unimods/is3107/project/.venv/lib/python3.11/site-packages/airflow/example_dags/example_branch_day_of_week_operator.py took 0.123 seconds
[2025-04-08T13:55:08.084+0800] {processor.py:186} INFO - Started process (PID=9966) to work on /Users/ervinyeoh/Desktop/unimods/is3107/project/.venv/lib/python3.11/site-packages/airflow/example_dags/example_branch_day_of_week_operator.py
[2025-04-08T13:55:08.085+0800] {processor.py:914} INFO - Processing file /Users/ervinyeoh/Desktop/unimods/is3107/project/.venv/lib/python3.11/site-packages/airflow/example_dags/example_branch_day_of_week_operator.py for tasks to queue
[2025-04-08T13:55:08.086+0800] {logging_mixin.py:190} INFO - [2025-04-08T13:55:08.086+0800] {dagbag.py:588} INFO - Filling up the DagBag from /Users/ervinyeoh/Desktop/unimods/is3107/project/.venv/lib/python3.11/site-packages/airflow/example_dags/example_branch_day_of_week_operator.py
[2025-04-08T13:55:08.092+0800] {processor.py:925} INFO - DAG(s) 'example_weekday_branch_operator' retrieved from /Users/ervinyeoh/Desktop/unimods/is3107/project/.venv/lib/python3.11/site-packages/airflow/example_dags/example_branch_day_of_week_operator.py
[2025-04-08T13:55:08.176+0800] {logging_mixin.py:190} INFO - [2025-04-08T13:55:08.176+0800] {dag.py:3239} INFO - Sync 1 DAGs
[2025-04-08T13:55:08.187+0800] {logging_mixin.py:190} INFO - [2025-04-08T13:55:08.187+0800] {dag.py:4180} INFO - Setting next_dagrun for example_weekday_branch_operator to 2025-04-07 00:00:00+00:00, run_after=2025-04-08 00:00:00+00:00
[2025-04-08T13:55:08.197+0800] {processor.py:208} INFO - Processing /Users/ervinyeoh/Desktop/unimods/is3107/project/.venv/lib/python3.11/site-packages/airflow/example_dags/example_branch_day_of_week_operator.py took 0.114 seconds
[2025-04-08T13:58:29.041+0800] {processor.py:186} INFO - Started process (PID=10189) to work on /Users/ervinyeoh/Desktop/unimods/is3107/project/.venv/lib/python3.11/site-packages/airflow/example_dags/example_branch_day_of_week_operator.py
[2025-04-08T13:58:29.042+0800] {processor.py:914} INFO - Processing file /Users/ervinyeoh/Desktop/unimods/is3107/project/.venv/lib/python3.11/site-packages/airflow/example_dags/example_branch_day_of_week_operator.py for tasks to queue
[2025-04-08T13:58:29.043+0800] {logging_mixin.py:190} INFO - [2025-04-08T13:58:29.043+0800] {dagbag.py:588} INFO - Filling up the DagBag from /Users/ervinyeoh/Desktop/unimods/is3107/project/.venv/lib/python3.11/site-packages/airflow/example_dags/example_branch_day_of_week_operator.py
[2025-04-08T13:58:29.049+0800] {processor.py:925} INFO - DAG(s) 'example_weekday_branch_operator' retrieved from /Users/ervinyeoh/Desktop/unimods/is3107/project/.venv/lib/python3.11/site-packages/airflow/example_dags/example_branch_day_of_week_operator.py
[2025-04-08T13:58:29.132+0800] {logging_mixin.py:190} INFO - [2025-04-08T13:58:29.132+0800] {dag.py:3239} INFO - Sync 1 DAGs
[2025-04-08T13:58:29.142+0800] {logging_mixin.py:190} INFO - [2025-04-08T13:58:29.142+0800] {dag.py:4180} INFO - Setting next_dagrun for example_weekday_branch_operator to 2025-04-07 00:00:00+00:00, run_after=2025-04-08 00:00:00+00:00
[2025-04-08T13:58:29.152+0800] {processor.py:208} INFO - Processing /Users/ervinyeoh/Desktop/unimods/is3107/project/.venv/lib/python3.11/site-packages/airflow/example_dags/example_branch_day_of_week_operator.py took 0.112 seconds
[2025-04-08T14:01:47.883+0800] {processor.py:186} INFO - Started process (PID=10416) to work on /Users/ervinyeoh/Desktop/unimods/is3107/project/.venv/lib/python3.11/site-packages/airflow/example_dags/example_branch_day_of_week_operator.py
[2025-04-08T14:01:47.884+0800] {processor.py:914} INFO - Processing file /Users/ervinyeoh/Desktop/unimods/is3107/project/.venv/lib/python3.11/site-packages/airflow/example_dags/example_branch_day_of_week_operator.py for tasks to queue
[2025-04-08T14:01:47.885+0800] {logging_mixin.py:190} INFO - [2025-04-08T14:01:47.885+0800] {dagbag.py:588} INFO - Filling up the DagBag from /Users/ervinyeoh/Desktop/unimods/is3107/project/.venv/lib/python3.11/site-packages/airflow/example_dags/example_branch_day_of_week_operator.py
[2025-04-08T14:01:47.892+0800] {processor.py:925} INFO - DAG(s) 'example_weekday_branch_operator' retrieved from /Users/ervinyeoh/Desktop/unimods/is3107/project/.venv/lib/python3.11/site-packages/airflow/example_dags/example_branch_day_of_week_operator.py
[2025-04-08T14:01:47.974+0800] {logging_mixin.py:190} INFO - [2025-04-08T14:01:47.974+0800] {dag.py:3239} INFO - Sync 1 DAGs
[2025-04-08T14:01:47.984+0800] {logging_mixin.py:190} INFO - [2025-04-08T14:01:47.984+0800] {dag.py:4180} INFO - Setting next_dagrun for example_weekday_branch_operator to 2025-04-07 00:00:00+00:00, run_after=2025-04-08 00:00:00+00:00
[2025-04-08T14:01:47.994+0800] {processor.py:208} INFO - Processing /Users/ervinyeoh/Desktop/unimods/is3107/project/.venv/lib/python3.11/site-packages/airflow/example_dags/example_branch_day_of_week_operator.py took 0.113 seconds
[2025-04-08T14:05:12.985+0800] {processor.py:186} INFO - Started process (PID=10639) to work on /Users/ervinyeoh/Desktop/unimods/is3107/project/.venv/lib/python3.11/site-packages/airflow/example_dags/example_branch_day_of_week_operator.py
[2025-04-08T14:05:12.986+0800] {processor.py:914} INFO - Processing file /Users/ervinyeoh/Desktop/unimods/is3107/project/.venv/lib/python3.11/site-packages/airflow/example_dags/example_branch_day_of_week_operator.py for tasks to queue
[2025-04-08T14:05:12.987+0800] {logging_mixin.py:190} INFO - [2025-04-08T14:05:12.986+0800] {dagbag.py:588} INFO - Filling up the DagBag from /Users/ervinyeoh/Desktop/unimods/is3107/project/.venv/lib/python3.11/site-packages/airflow/example_dags/example_branch_day_of_week_operator.py
[2025-04-08T14:05:12.994+0800] {processor.py:925} INFO - DAG(s) 'example_weekday_branch_operator' retrieved from /Users/ervinyeoh/Desktop/unimods/is3107/project/.venv/lib/python3.11/site-packages/airflow/example_dags/example_branch_day_of_week_operator.py
[2025-04-08T14:05:13.086+0800] {logging_mixin.py:190} INFO - [2025-04-08T14:05:13.086+0800] {dag.py:3239} INFO - Sync 1 DAGs
[2025-04-08T14:05:13.097+0800] {logging_mixin.py:190} INFO - [2025-04-08T14:05:13.097+0800] {dag.py:4180} INFO - Setting next_dagrun for example_weekday_branch_operator to 2025-04-07 00:00:00+00:00, run_after=2025-04-08 00:00:00+00:00
[2025-04-08T14:05:13.107+0800] {processor.py:208} INFO - Processing /Users/ervinyeoh/Desktop/unimods/is3107/project/.venv/lib/python3.11/site-packages/airflow/example_dags/example_branch_day_of_week_operator.py took 0.125 seconds
[2025-04-08T14:08:32.190+0800] {processor.py:186} INFO - Started process (PID=10856) to work on /Users/ervinyeoh/Desktop/unimods/is3107/project/.venv/lib/python3.11/site-packages/airflow/example_dags/example_branch_day_of_week_operator.py
[2025-04-08T14:08:32.192+0800] {processor.py:914} INFO - Processing file /Users/ervinyeoh/Desktop/unimods/is3107/project/.venv/lib/python3.11/site-packages/airflow/example_dags/example_branch_day_of_week_operator.py for tasks to queue
[2025-04-08T14:08:32.192+0800] {logging_mixin.py:190} INFO - [2025-04-08T14:08:32.192+0800] {dagbag.py:588} INFO - Filling up the DagBag from /Users/ervinyeoh/Desktop/unimods/is3107/project/.venv/lib/python3.11/site-packages/airflow/example_dags/example_branch_day_of_week_operator.py
[2025-04-08T14:08:32.199+0800] {processor.py:925} INFO - DAG(s) 'example_weekday_branch_operator' retrieved from /Users/ervinyeoh/Desktop/unimods/is3107/project/.venv/lib/python3.11/site-packages/airflow/example_dags/example_branch_day_of_week_operator.py
[2025-04-08T14:08:32.282+0800] {logging_mixin.py:190} INFO - [2025-04-08T14:08:32.282+0800] {dag.py:3239} INFO - Sync 1 DAGs
[2025-04-08T14:08:32.292+0800] {logging_mixin.py:190} INFO - [2025-04-08T14:08:32.292+0800] {dag.py:4180} INFO - Setting next_dagrun for example_weekday_branch_operator to 2025-04-07 00:00:00+00:00, run_after=2025-04-08 00:00:00+00:00
[2025-04-08T14:08:32.304+0800] {processor.py:208} INFO - Processing /Users/ervinyeoh/Desktop/unimods/is3107/project/.venv/lib/python3.11/site-packages/airflow/example_dags/example_branch_day_of_week_operator.py took 0.116 seconds
[2025-04-08T14:11:54.164+0800] {processor.py:186} INFO - Started process (PID=11089) to work on /Users/ervinyeoh/Desktop/unimods/is3107/project/.venv/lib/python3.11/site-packages/airflow/example_dags/example_branch_day_of_week_operator.py
[2025-04-08T14:11:54.166+0800] {processor.py:914} INFO - Processing file /Users/ervinyeoh/Desktop/unimods/is3107/project/.venv/lib/python3.11/site-packages/airflow/example_dags/example_branch_day_of_week_operator.py for tasks to queue
[2025-04-08T14:11:54.167+0800] {logging_mixin.py:190} INFO - [2025-04-08T14:11:54.166+0800] {dagbag.py:588} INFO - Filling up the DagBag from /Users/ervinyeoh/Desktop/unimods/is3107/project/.venv/lib/python3.11/site-packages/airflow/example_dags/example_branch_day_of_week_operator.py
[2025-04-08T14:11:54.173+0800] {processor.py:925} INFO - DAG(s) 'example_weekday_branch_operator' retrieved from /Users/ervinyeoh/Desktop/unimods/is3107/project/.venv/lib/python3.11/site-packages/airflow/example_dags/example_branch_day_of_week_operator.py
[2025-04-08T14:11:54.260+0800] {logging_mixin.py:190} INFO - [2025-04-08T14:11:54.259+0800] {dag.py:3239} INFO - Sync 1 DAGs
[2025-04-08T14:11:54.271+0800] {logging_mixin.py:190} INFO - [2025-04-08T14:11:54.271+0800] {dag.py:4180} INFO - Setting next_dagrun for example_weekday_branch_operator to 2025-04-07 00:00:00+00:00, run_after=2025-04-08 00:00:00+00:00
[2025-04-08T14:11:54.280+0800] {processor.py:208} INFO - Processing /Users/ervinyeoh/Desktop/unimods/is3107/project/.venv/lib/python3.11/site-packages/airflow/example_dags/example_branch_day_of_week_operator.py took 0.118 seconds
[2025-04-08T14:15:19.531+0800] {processor.py:186} INFO - Started process (PID=11404) to work on /Users/ervinyeoh/Desktop/unimods/is3107/project/.venv/lib/python3.11/site-packages/airflow/example_dags/example_branch_day_of_week_operator.py
[2025-04-08T14:15:19.532+0800] {processor.py:914} INFO - Processing file /Users/ervinyeoh/Desktop/unimods/is3107/project/.venv/lib/python3.11/site-packages/airflow/example_dags/example_branch_day_of_week_operator.py for tasks to queue
[2025-04-08T14:15:19.533+0800] {logging_mixin.py:190} INFO - [2025-04-08T14:15:19.533+0800] {dagbag.py:588} INFO - Filling up the DagBag from /Users/ervinyeoh/Desktop/unimods/is3107/project/.venv/lib/python3.11/site-packages/airflow/example_dags/example_branch_day_of_week_operator.py
[2025-04-08T14:15:19.539+0800] {processor.py:925} INFO - DAG(s) 'example_weekday_branch_operator' retrieved from /Users/ervinyeoh/Desktop/unimods/is3107/project/.venv/lib/python3.11/site-packages/airflow/example_dags/example_branch_day_of_week_operator.py
[2025-04-08T14:15:19.624+0800] {logging_mixin.py:190} INFO - [2025-04-08T14:15:19.623+0800] {dag.py:3239} INFO - Sync 1 DAGs
[2025-04-08T14:15:19.634+0800] {logging_mixin.py:190} INFO - [2025-04-08T14:15:19.634+0800] {dag.py:4180} INFO - Setting next_dagrun for example_weekday_branch_operator to 2025-04-07 00:00:00+00:00, run_after=2025-04-08 00:00:00+00:00
[2025-04-08T14:15:19.644+0800] {processor.py:208} INFO - Processing /Users/ervinyeoh/Desktop/unimods/is3107/project/.venv/lib/python3.11/site-packages/airflow/example_dags/example_branch_day_of_week_operator.py took 0.115 seconds
[2025-04-08T14:18:42.976+0800] {processor.py:186} INFO - Started process (PID=11634) to work on /Users/ervinyeoh/Desktop/unimods/is3107/project/.venv/lib/python3.11/site-packages/airflow/example_dags/example_branch_day_of_week_operator.py
[2025-04-08T14:18:42.977+0800] {processor.py:914} INFO - Processing file /Users/ervinyeoh/Desktop/unimods/is3107/project/.venv/lib/python3.11/site-packages/airflow/example_dags/example_branch_day_of_week_operator.py for tasks to queue
[2025-04-08T14:18:42.978+0800] {logging_mixin.py:190} INFO - [2025-04-08T14:18:42.978+0800] {dagbag.py:588} INFO - Filling up the DagBag from /Users/ervinyeoh/Desktop/unimods/is3107/project/.venv/lib/python3.11/site-packages/airflow/example_dags/example_branch_day_of_week_operator.py
[2025-04-08T14:18:42.984+0800] {processor.py:925} INFO - DAG(s) 'example_weekday_branch_operator' retrieved from /Users/ervinyeoh/Desktop/unimods/is3107/project/.venv/lib/python3.11/site-packages/airflow/example_dags/example_branch_day_of_week_operator.py
[2025-04-08T14:18:43.067+0800] {logging_mixin.py:190} INFO - [2025-04-08T14:18:43.067+0800] {dag.py:3239} INFO - Sync 1 DAGs
[2025-04-08T14:18:43.078+0800] {logging_mixin.py:190} INFO - [2025-04-08T14:18:43.077+0800] {dag.py:4180} INFO - Setting next_dagrun for example_weekday_branch_operator to 2025-04-07 00:00:00+00:00, run_after=2025-04-08 00:00:00+00:00
[2025-04-08T14:18:43.087+0800] {processor.py:208} INFO - Processing /Users/ervinyeoh/Desktop/unimods/is3107/project/.venv/lib/python3.11/site-packages/airflow/example_dags/example_branch_day_of_week_operator.py took 0.113 seconds
[2025-04-08T14:22:03.790+0800] {processor.py:186} INFO - Started process (PID=11862) to work on /Users/ervinyeoh/Desktop/unimods/is3107/project/.venv/lib/python3.11/site-packages/airflow/example_dags/example_branch_day_of_week_operator.py
[2025-04-08T14:22:03.791+0800] {processor.py:914} INFO - Processing file /Users/ervinyeoh/Desktop/unimods/is3107/project/.venv/lib/python3.11/site-packages/airflow/example_dags/example_branch_day_of_week_operator.py for tasks to queue
[2025-04-08T14:22:03.792+0800] {logging_mixin.py:190} INFO - [2025-04-08T14:22:03.792+0800] {dagbag.py:588} INFO - Filling up the DagBag from /Users/ervinyeoh/Desktop/unimods/is3107/project/.venv/lib/python3.11/site-packages/airflow/example_dags/example_branch_day_of_week_operator.py
[2025-04-08T14:22:03.798+0800] {processor.py:925} INFO - DAG(s) 'example_weekday_branch_operator' retrieved from /Users/ervinyeoh/Desktop/unimods/is3107/project/.venv/lib/python3.11/site-packages/airflow/example_dags/example_branch_day_of_week_operator.py
[2025-04-08T14:22:03.882+0800] {logging_mixin.py:190} INFO - [2025-04-08T14:22:03.882+0800] {dag.py:3239} INFO - Sync 1 DAGs
[2025-04-08T14:22:03.892+0800] {logging_mixin.py:190} INFO - [2025-04-08T14:22:03.892+0800] {dag.py:4180} INFO - Setting next_dagrun for example_weekday_branch_operator to 2025-04-07 00:00:00+00:00, run_after=2025-04-08 00:00:00+00:00
[2025-04-08T14:22:03.902+0800] {processor.py:208} INFO - Processing /Users/ervinyeoh/Desktop/unimods/is3107/project/.venv/lib/python3.11/site-packages/airflow/example_dags/example_branch_day_of_week_operator.py took 0.115 seconds
[2025-04-08T14:25:24.339+0800] {processor.py:186} INFO - Started process (PID=12109) to work on /Users/ervinyeoh/Desktop/unimods/is3107/project/.venv/lib/python3.11/site-packages/airflow/example_dags/example_branch_day_of_week_operator.py
[2025-04-08T14:25:24.340+0800] {processor.py:914} INFO - Processing file /Users/ervinyeoh/Desktop/unimods/is3107/project/.venv/lib/python3.11/site-packages/airflow/example_dags/example_branch_day_of_week_operator.py for tasks to queue
[2025-04-08T14:25:24.341+0800] {logging_mixin.py:190} INFO - [2025-04-08T14:25:24.340+0800] {dagbag.py:588} INFO - Filling up the DagBag from /Users/ervinyeoh/Desktop/unimods/is3107/project/.venv/lib/python3.11/site-packages/airflow/example_dags/example_branch_day_of_week_operator.py
[2025-04-08T14:25:24.347+0800] {processor.py:925} INFO - DAG(s) 'example_weekday_branch_operator' retrieved from /Users/ervinyeoh/Desktop/unimods/is3107/project/.venv/lib/python3.11/site-packages/airflow/example_dags/example_branch_day_of_week_operator.py
[2025-04-08T14:25:24.430+0800] {logging_mixin.py:190} INFO - [2025-04-08T14:25:24.430+0800] {dag.py:3239} INFO - Sync 1 DAGs
[2025-04-08T14:25:24.441+0800] {logging_mixin.py:190} INFO - [2025-04-08T14:25:24.441+0800] {dag.py:4180} INFO - Setting next_dagrun for example_weekday_branch_operator to 2025-04-07 00:00:00+00:00, run_after=2025-04-08 00:00:00+00:00
[2025-04-08T14:25:24.450+0800] {processor.py:208} INFO - Processing /Users/ervinyeoh/Desktop/unimods/is3107/project/.venv/lib/python3.11/site-packages/airflow/example_dags/example_branch_day_of_week_operator.py took 0.113 seconds
[2025-04-08T14:28:43.644+0800] {processor.py:186} INFO - Started process (PID=12351) to work on /Users/ervinyeoh/Desktop/unimods/is3107/project/.venv/lib/python3.11/site-packages/airflow/example_dags/example_branch_day_of_week_operator.py
[2025-04-08T14:28:43.647+0800] {processor.py:914} INFO - Processing file /Users/ervinyeoh/Desktop/unimods/is3107/project/.venv/lib/python3.11/site-packages/airflow/example_dags/example_branch_day_of_week_operator.py for tasks to queue
[2025-04-08T14:28:43.647+0800] {logging_mixin.py:190} INFO - [2025-04-08T14:28:43.647+0800] {dagbag.py:588} INFO - Filling up the DagBag from /Users/ervinyeoh/Desktop/unimods/is3107/project/.venv/lib/python3.11/site-packages/airflow/example_dags/example_branch_day_of_week_operator.py
[2025-04-08T14:28:43.654+0800] {processor.py:925} INFO - DAG(s) 'example_weekday_branch_operator' retrieved from /Users/ervinyeoh/Desktop/unimods/is3107/project/.venv/lib/python3.11/site-packages/airflow/example_dags/example_branch_day_of_week_operator.py
[2025-04-08T14:28:43.736+0800] {logging_mixin.py:190} INFO - [2025-04-08T14:28:43.736+0800] {dag.py:3239} INFO - Sync 1 DAGs
[2025-04-08T14:28:43.747+0800] {logging_mixin.py:190} INFO - [2025-04-08T14:28:43.747+0800] {dag.py:4180} INFO - Setting next_dagrun for example_weekday_branch_operator to 2025-04-07 00:00:00+00:00, run_after=2025-04-08 00:00:00+00:00
[2025-04-08T14:28:43.757+0800] {processor.py:208} INFO - Processing /Users/ervinyeoh/Desktop/unimods/is3107/project/.venv/lib/python3.11/site-packages/airflow/example_dags/example_branch_day_of_week_operator.py took 0.114 seconds
[2025-04-08T14:32:08.144+0800] {processor.py:186} INFO - Started process (PID=12606) to work on /Users/ervinyeoh/Desktop/unimods/is3107/project/.venv/lib/python3.11/site-packages/airflow/example_dags/example_branch_day_of_week_operator.py
[2025-04-08T14:32:08.144+0800] {processor.py:914} INFO - Processing file /Users/ervinyeoh/Desktop/unimods/is3107/project/.venv/lib/python3.11/site-packages/airflow/example_dags/example_branch_day_of_week_operator.py for tasks to queue
[2025-04-08T14:32:08.145+0800] {logging_mixin.py:190} INFO - [2025-04-08T14:32:08.145+0800] {dagbag.py:588} INFO - Filling up the DagBag from /Users/ervinyeoh/Desktop/unimods/is3107/project/.venv/lib/python3.11/site-packages/airflow/example_dags/example_branch_day_of_week_operator.py
[2025-04-08T14:32:08.152+0800] {processor.py:925} INFO - DAG(s) 'example_weekday_branch_operator' retrieved from /Users/ervinyeoh/Desktop/unimods/is3107/project/.venv/lib/python3.11/site-packages/airflow/example_dags/example_branch_day_of_week_operator.py
[2025-04-08T14:32:08.238+0800] {logging_mixin.py:190} INFO - [2025-04-08T14:32:08.238+0800] {dag.py:3239} INFO - Sync 1 DAGs
[2025-04-08T14:32:08.249+0800] {logging_mixin.py:190} INFO - [2025-04-08T14:32:08.249+0800] {dag.py:4180} INFO - Setting next_dagrun for example_weekday_branch_operator to 2025-04-07 00:00:00+00:00, run_after=2025-04-08 00:00:00+00:00
[2025-04-08T14:32:08.259+0800] {processor.py:208} INFO - Processing /Users/ervinyeoh/Desktop/unimods/is3107/project/.venv/lib/python3.11/site-packages/airflow/example_dags/example_branch_day_of_week_operator.py took 0.117 seconds
[2025-04-08T14:35:30.646+0800] {processor.py:186} INFO - Started process (PID=12839) to work on /Users/ervinyeoh/Desktop/unimods/is3107/project/.venv/lib/python3.11/site-packages/airflow/example_dags/example_branch_day_of_week_operator.py
[2025-04-08T14:35:30.647+0800] {processor.py:914} INFO - Processing file /Users/ervinyeoh/Desktop/unimods/is3107/project/.venv/lib/python3.11/site-packages/airflow/example_dags/example_branch_day_of_week_operator.py for tasks to queue
[2025-04-08T14:35:30.648+0800] {logging_mixin.py:190} INFO - [2025-04-08T14:35:30.648+0800] {dagbag.py:588} INFO - Filling up the DagBag from /Users/ervinyeoh/Desktop/unimods/is3107/project/.venv/lib/python3.11/site-packages/airflow/example_dags/example_branch_day_of_week_operator.py
[2025-04-08T14:35:30.654+0800] {processor.py:925} INFO - DAG(s) 'example_weekday_branch_operator' retrieved from /Users/ervinyeoh/Desktop/unimods/is3107/project/.venv/lib/python3.11/site-packages/airflow/example_dags/example_branch_day_of_week_operator.py
[2025-04-08T14:35:30.737+0800] {logging_mixin.py:190} INFO - [2025-04-08T14:35:30.737+0800] {dag.py:3239} INFO - Sync 1 DAGs
[2025-04-08T14:35:30.748+0800] {logging_mixin.py:190} INFO - [2025-04-08T14:35:30.747+0800] {dag.py:4180} INFO - Setting next_dagrun for example_weekday_branch_operator to 2025-04-07 00:00:00+00:00, run_after=2025-04-08 00:00:00+00:00
[2025-04-08T14:35:30.758+0800] {processor.py:208} INFO - Processing /Users/ervinyeoh/Desktop/unimods/is3107/project/.venv/lib/python3.11/site-packages/airflow/example_dags/example_branch_day_of_week_operator.py took 0.114 seconds
[2025-04-08T14:38:50.742+0800] {processor.py:186} INFO - Started process (PID=13065) to work on /Users/ervinyeoh/Desktop/unimods/is3107/project/.venv/lib/python3.11/site-packages/airflow/example_dags/example_branch_day_of_week_operator.py
[2025-04-08T14:38:50.743+0800] {processor.py:914} INFO - Processing file /Users/ervinyeoh/Desktop/unimods/is3107/project/.venv/lib/python3.11/site-packages/airflow/example_dags/example_branch_day_of_week_operator.py for tasks to queue
[2025-04-08T14:38:50.743+0800] {logging_mixin.py:190} INFO - [2025-04-08T14:38:50.743+0800] {dagbag.py:588} INFO - Filling up the DagBag from /Users/ervinyeoh/Desktop/unimods/is3107/project/.venv/lib/python3.11/site-packages/airflow/example_dags/example_branch_day_of_week_operator.py
[2025-04-08T14:38:50.750+0800] {processor.py:925} INFO - DAG(s) 'example_weekday_branch_operator' retrieved from /Users/ervinyeoh/Desktop/unimods/is3107/project/.venv/lib/python3.11/site-packages/airflow/example_dags/example_branch_day_of_week_operator.py
[2025-04-08T14:38:50.832+0800] {logging_mixin.py:190} INFO - [2025-04-08T14:38:50.832+0800] {dag.py:3239} INFO - Sync 1 DAGs
[2025-04-08T14:38:50.843+0800] {logging_mixin.py:190} INFO - [2025-04-08T14:38:50.842+0800] {dag.py:4180} INFO - Setting next_dagrun for example_weekday_branch_operator to 2025-04-07 00:00:00+00:00, run_after=2025-04-08 00:00:00+00:00
[2025-04-08T14:38:50.853+0800] {processor.py:208} INFO - Processing /Users/ervinyeoh/Desktop/unimods/is3107/project/.venv/lib/python3.11/site-packages/airflow/example_dags/example_branch_day_of_week_operator.py took 0.113 seconds
[2025-04-08T14:47:41.806+0800] {processor.py:186} INFO - Started process (PID=13347) to work on /Users/ervinyeoh/Desktop/unimods/is3107/project/.venv/lib/python3.11/site-packages/airflow/example_dags/example_branch_day_of_week_operator.py
[2025-04-08T14:47:41.807+0800] {processor.py:914} INFO - Processing file /Users/ervinyeoh/Desktop/unimods/is3107/project/.venv/lib/python3.11/site-packages/airflow/example_dags/example_branch_day_of_week_operator.py for tasks to queue
[2025-04-08T14:47:41.808+0800] {logging_mixin.py:190} INFO - [2025-04-08T14:47:41.808+0800] {dagbag.py:588} INFO - Filling up the DagBag from /Users/ervinyeoh/Desktop/unimods/is3107/project/.venv/lib/python3.11/site-packages/airflow/example_dags/example_branch_day_of_week_operator.py
[2025-04-08T14:47:41.814+0800] {processor.py:925} INFO - DAG(s) 'example_weekday_branch_operator' retrieved from /Users/ervinyeoh/Desktop/unimods/is3107/project/.venv/lib/python3.11/site-packages/airflow/example_dags/example_branch_day_of_week_operator.py
[2025-04-08T14:47:41.896+0800] {logging_mixin.py:190} INFO - [2025-04-08T14:47:41.896+0800] {dag.py:3239} INFO - Sync 1 DAGs
[2025-04-08T14:47:41.906+0800] {logging_mixin.py:190} INFO - [2025-04-08T14:47:41.906+0800] {dag.py:4180} INFO - Setting next_dagrun for example_weekday_branch_operator to 2025-04-07 00:00:00+00:00, run_after=2025-04-08 00:00:00+00:00
[2025-04-08T14:47:41.916+0800] {processor.py:208} INFO - Processing /Users/ervinyeoh/Desktop/unimods/is3107/project/.venv/lib/python3.11/site-packages/airflow/example_dags/example_branch_day_of_week_operator.py took 0.112 seconds
[2025-04-08T14:54:53.050+0800] {processor.py:186} INFO - Started process (PID=13727) to work on /Users/ervinyeoh/Desktop/unimods/is3107/project/.venv/lib/python3.11/site-packages/airflow/example_dags/example_branch_day_of_week_operator.py
[2025-04-08T14:54:53.052+0800] {processor.py:914} INFO - Processing file /Users/ervinyeoh/Desktop/unimods/is3107/project/.venv/lib/python3.11/site-packages/airflow/example_dags/example_branch_day_of_week_operator.py for tasks to queue
[2025-04-08T14:54:53.053+0800] {logging_mixin.py:190} INFO - [2025-04-08T14:54:53.053+0800] {dagbag.py:588} INFO - Filling up the DagBag from /Users/ervinyeoh/Desktop/unimods/is3107/project/.venv/lib/python3.11/site-packages/airflow/example_dags/example_branch_day_of_week_operator.py
[2025-04-08T14:54:53.059+0800] {processor.py:925} INFO - DAG(s) 'example_weekday_branch_operator' retrieved from /Users/ervinyeoh/Desktop/unimods/is3107/project/.venv/lib/python3.11/site-packages/airflow/example_dags/example_branch_day_of_week_operator.py
[2025-04-08T14:54:53.140+0800] {logging_mixin.py:190} INFO - [2025-04-08T14:54:53.140+0800] {dag.py:3239} INFO - Sync 1 DAGs
[2025-04-08T14:54:53.151+0800] {logging_mixin.py:190} INFO - [2025-04-08T14:54:53.151+0800] {dag.py:4180} INFO - Setting next_dagrun for example_weekday_branch_operator to 2025-04-07 00:00:00+00:00, run_after=2025-04-08 00:00:00+00:00
[2025-04-08T14:54:53.160+0800] {processor.py:208} INFO - Processing /Users/ervinyeoh/Desktop/unimods/is3107/project/.venv/lib/python3.11/site-packages/airflow/example_dags/example_branch_day_of_week_operator.py took 0.112 seconds
[2025-04-08T15:52:54.919+0800] {processor.py:186} INFO - Started process (PID=14116) to work on /Users/ervinyeoh/Desktop/unimods/is3107/project/.venv/lib/python3.11/site-packages/airflow/example_dags/example_branch_day_of_week_operator.py
[2025-04-08T15:52:54.920+0800] {processor.py:914} INFO - Processing file /Users/ervinyeoh/Desktop/unimods/is3107/project/.venv/lib/python3.11/site-packages/airflow/example_dags/example_branch_day_of_week_operator.py for tasks to queue
[2025-04-08T15:52:54.921+0800] {logging_mixin.py:190} INFO - [2025-04-08T15:52:54.921+0800] {dagbag.py:588} INFO - Filling up the DagBag from /Users/ervinyeoh/Desktop/unimods/is3107/project/.venv/lib/python3.11/site-packages/airflow/example_dags/example_branch_day_of_week_operator.py
[2025-04-08T15:52:54.928+0800] {processor.py:925} INFO - DAG(s) 'example_weekday_branch_operator' retrieved from /Users/ervinyeoh/Desktop/unimods/is3107/project/.venv/lib/python3.11/site-packages/airflow/example_dags/example_branch_day_of_week_operator.py
[2025-04-08T15:52:55.010+0800] {logging_mixin.py:190} INFO - [2025-04-08T15:52:55.010+0800] {dag.py:3239} INFO - Sync 1 DAGs
[2025-04-08T15:52:55.020+0800] {logging_mixin.py:190} INFO - [2025-04-08T15:52:55.020+0800] {dag.py:4180} INFO - Setting next_dagrun for example_weekday_branch_operator to 2025-04-07 00:00:00+00:00, run_after=2025-04-08 00:00:00+00:00
[2025-04-08T15:52:55.030+0800] {processor.py:208} INFO - Processing /Users/ervinyeoh/Desktop/unimods/is3107/project/.venv/lib/python3.11/site-packages/airflow/example_dags/example_branch_day_of_week_operator.py took 0.113 seconds
[2025-04-08T15:56:21.946+0800] {processor.py:186} INFO - Started process (PID=14366) to work on /Users/ervinyeoh/Desktop/unimods/is3107/project/.venv/lib/python3.11/site-packages/airflow/example_dags/example_branch_day_of_week_operator.py
[2025-04-08T15:56:21.947+0800] {processor.py:914} INFO - Processing file /Users/ervinyeoh/Desktop/unimods/is3107/project/.venv/lib/python3.11/site-packages/airflow/example_dags/example_branch_day_of_week_operator.py for tasks to queue
[2025-04-08T15:56:21.948+0800] {logging_mixin.py:190} INFO - [2025-04-08T15:56:21.947+0800] {dagbag.py:588} INFO - Filling up the DagBag from /Users/ervinyeoh/Desktop/unimods/is3107/project/.venv/lib/python3.11/site-packages/airflow/example_dags/example_branch_day_of_week_operator.py
[2025-04-08T15:56:21.954+0800] {processor.py:925} INFO - DAG(s) 'example_weekday_branch_operator' retrieved from /Users/ervinyeoh/Desktop/unimods/is3107/project/.venv/lib/python3.11/site-packages/airflow/example_dags/example_branch_day_of_week_operator.py
[2025-04-08T15:56:22.039+0800] {logging_mixin.py:190} INFO - [2025-04-08T15:56:22.039+0800] {dag.py:3239} INFO - Sync 1 DAGs
[2025-04-08T15:56:22.051+0800] {logging_mixin.py:190} INFO - [2025-04-08T15:56:22.051+0800] {dag.py:4180} INFO - Setting next_dagrun for example_weekday_branch_operator to 2025-04-07 00:00:00+00:00, run_after=2025-04-08 00:00:00+00:00
[2025-04-08T15:56:22.061+0800] {processor.py:208} INFO - Processing /Users/ervinyeoh/Desktop/unimods/is3107/project/.venv/lib/python3.11/site-packages/airflow/example_dags/example_branch_day_of_week_operator.py took 0.117 seconds
[2025-04-08T15:59:42.609+0800] {processor.py:186} INFO - Started process (PID=14604) to work on /Users/ervinyeoh/Desktop/unimods/is3107/project/.venv/lib/python3.11/site-packages/airflow/example_dags/example_branch_day_of_week_operator.py
[2025-04-08T15:59:42.611+0800] {processor.py:914} INFO - Processing file /Users/ervinyeoh/Desktop/unimods/is3107/project/.venv/lib/python3.11/site-packages/airflow/example_dags/example_branch_day_of_week_operator.py for tasks to queue
[2025-04-08T15:59:42.611+0800] {logging_mixin.py:190} INFO - [2025-04-08T15:59:42.611+0800] {dagbag.py:588} INFO - Filling up the DagBag from /Users/ervinyeoh/Desktop/unimods/is3107/project/.venv/lib/python3.11/site-packages/airflow/example_dags/example_branch_day_of_week_operator.py
[2025-04-08T15:59:42.618+0800] {processor.py:925} INFO - DAG(s) 'example_weekday_branch_operator' retrieved from /Users/ervinyeoh/Desktop/unimods/is3107/project/.venv/lib/python3.11/site-packages/airflow/example_dags/example_branch_day_of_week_operator.py
[2025-04-08T15:59:42.700+0800] {logging_mixin.py:190} INFO - [2025-04-08T15:59:42.700+0800] {dag.py:3239} INFO - Sync 1 DAGs
[2025-04-08T15:59:42.711+0800] {logging_mixin.py:190} INFO - [2025-04-08T15:59:42.711+0800] {dag.py:4180} INFO - Setting next_dagrun for example_weekday_branch_operator to 2025-04-07 00:00:00+00:00, run_after=2025-04-08 00:00:00+00:00
[2025-04-08T15:59:42.721+0800] {processor.py:208} INFO - Processing /Users/ervinyeoh/Desktop/unimods/is3107/project/.venv/lib/python3.11/site-packages/airflow/example_dags/example_branch_day_of_week_operator.py took 0.114 seconds
[2025-04-08T16:02:58.355+0800] {processor.py:186} INFO - Started process (PID=14828) to work on /Users/ervinyeoh/Desktop/unimods/is3107/project/.venv/lib/python3.11/site-packages/airflow/example_dags/example_branch_day_of_week_operator.py
[2025-04-08T16:02:58.356+0800] {processor.py:914} INFO - Processing file /Users/ervinyeoh/Desktop/unimods/is3107/project/.venv/lib/python3.11/site-packages/airflow/example_dags/example_branch_day_of_week_operator.py for tasks to queue
[2025-04-08T16:02:58.357+0800] {logging_mixin.py:190} INFO - [2025-04-08T16:02:58.357+0800] {dagbag.py:588} INFO - Filling up the DagBag from /Users/ervinyeoh/Desktop/unimods/is3107/project/.venv/lib/python3.11/site-packages/airflow/example_dags/example_branch_day_of_week_operator.py
[2025-04-08T16:02:58.364+0800] {processor.py:925} INFO - DAG(s) 'example_weekday_branch_operator' retrieved from /Users/ervinyeoh/Desktop/unimods/is3107/project/.venv/lib/python3.11/site-packages/airflow/example_dags/example_branch_day_of_week_operator.py
[2025-04-08T16:02:58.446+0800] {logging_mixin.py:190} INFO - [2025-04-08T16:02:58.446+0800] {dag.py:3239} INFO - Sync 1 DAGs
[2025-04-08T16:02:58.457+0800] {logging_mixin.py:190} INFO - [2025-04-08T16:02:58.457+0800] {dag.py:4180} INFO - Setting next_dagrun for example_weekday_branch_operator to 2025-04-07 00:00:00+00:00, run_after=2025-04-08 00:00:00+00:00
[2025-04-08T16:02:58.467+0800] {processor.py:208} INFO - Processing /Users/ervinyeoh/Desktop/unimods/is3107/project/.venv/lib/python3.11/site-packages/airflow/example_dags/example_branch_day_of_week_operator.py took 0.114 seconds
[2025-04-08T16:06:17.943+0800] {processor.py:186} INFO - Started process (PID=15055) to work on /Users/ervinyeoh/Desktop/unimods/is3107/project/.venv/lib/python3.11/site-packages/airflow/example_dags/example_branch_day_of_week_operator.py
[2025-04-08T16:06:17.944+0800] {processor.py:914} INFO - Processing file /Users/ervinyeoh/Desktop/unimods/is3107/project/.venv/lib/python3.11/site-packages/airflow/example_dags/example_branch_day_of_week_operator.py for tasks to queue
[2025-04-08T16:06:17.944+0800] {logging_mixin.py:190} INFO - [2025-04-08T16:06:17.944+0800] {dagbag.py:588} INFO - Filling up the DagBag from /Users/ervinyeoh/Desktop/unimods/is3107/project/.venv/lib/python3.11/site-packages/airflow/example_dags/example_branch_day_of_week_operator.py
[2025-04-08T16:06:17.951+0800] {processor.py:925} INFO - DAG(s) 'example_weekday_branch_operator' retrieved from /Users/ervinyeoh/Desktop/unimods/is3107/project/.venv/lib/python3.11/site-packages/airflow/example_dags/example_branch_day_of_week_operator.py
[2025-04-08T16:06:18.046+0800] {logging_mixin.py:190} INFO - [2025-04-08T16:06:18.046+0800] {dag.py:3239} INFO - Sync 1 DAGs
[2025-04-08T16:06:18.058+0800] {logging_mixin.py:190} INFO - [2025-04-08T16:06:18.057+0800] {dag.py:4180} INFO - Setting next_dagrun for example_weekday_branch_operator to 2025-04-07 00:00:00+00:00, run_after=2025-04-08 00:00:00+00:00
[2025-04-08T16:06:18.068+0800] {processor.py:208} INFO - Processing /Users/ervinyeoh/Desktop/unimods/is3107/project/.venv/lib/python3.11/site-packages/airflow/example_dags/example_branch_day_of_week_operator.py took 0.126 seconds
[2025-04-08T16:09:32.707+0800] {processor.py:186} INFO - Started process (PID=15266) to work on /Users/ervinyeoh/Desktop/unimods/is3107/project/.venv/lib/python3.11/site-packages/airflow/example_dags/example_branch_day_of_week_operator.py
[2025-04-08T16:09:32.708+0800] {processor.py:914} INFO - Processing file /Users/ervinyeoh/Desktop/unimods/is3107/project/.venv/lib/python3.11/site-packages/airflow/example_dags/example_branch_day_of_week_operator.py for tasks to queue
[2025-04-08T16:09:32.708+0800] {logging_mixin.py:190} INFO - [2025-04-08T16:09:32.708+0800] {dagbag.py:588} INFO - Filling up the DagBag from /Users/ervinyeoh/Desktop/unimods/is3107/project/.venv/lib/python3.11/site-packages/airflow/example_dags/example_branch_day_of_week_operator.py
[2025-04-08T16:09:32.714+0800] {processor.py:925} INFO - DAG(s) 'example_weekday_branch_operator' retrieved from /Users/ervinyeoh/Desktop/unimods/is3107/project/.venv/lib/python3.11/site-packages/airflow/example_dags/example_branch_day_of_week_operator.py
[2025-04-08T16:09:32.796+0800] {logging_mixin.py:190} INFO - [2025-04-08T16:09:32.796+0800] {dag.py:3239} INFO - Sync 1 DAGs
[2025-04-08T16:09:32.807+0800] {logging_mixin.py:190} INFO - [2025-04-08T16:09:32.807+0800] {dag.py:4180} INFO - Setting next_dagrun for example_weekday_branch_operator to 2025-04-07 00:00:00+00:00, run_after=2025-04-08 00:00:00+00:00
[2025-04-08T16:09:32.817+0800] {processor.py:208} INFO - Processing /Users/ervinyeoh/Desktop/unimods/is3107/project/.venv/lib/python3.11/site-packages/airflow/example_dags/example_branch_day_of_week_operator.py took 0.111 seconds
[2025-04-08T16:12:52.026+0800] {processor.py:186} INFO - Started process (PID=15501) to work on /Users/ervinyeoh/Desktop/unimods/is3107/project/.venv/lib/python3.11/site-packages/airflow/example_dags/example_branch_day_of_week_operator.py
[2025-04-08T16:12:52.027+0800] {processor.py:914} INFO - Processing file /Users/ervinyeoh/Desktop/unimods/is3107/project/.venv/lib/python3.11/site-packages/airflow/example_dags/example_branch_day_of_week_operator.py for tasks to queue
[2025-04-08T16:12:52.028+0800] {logging_mixin.py:190} INFO - [2025-04-08T16:12:52.028+0800] {dagbag.py:588} INFO - Filling up the DagBag from /Users/ervinyeoh/Desktop/unimods/is3107/project/.venv/lib/python3.11/site-packages/airflow/example_dags/example_branch_day_of_week_operator.py
[2025-04-08T16:12:52.034+0800] {processor.py:925} INFO - DAG(s) 'example_weekday_branch_operator' retrieved from /Users/ervinyeoh/Desktop/unimods/is3107/project/.venv/lib/python3.11/site-packages/airflow/example_dags/example_branch_day_of_week_operator.py
[2025-04-08T16:12:52.118+0800] {logging_mixin.py:190} INFO - [2025-04-08T16:12:52.118+0800] {dag.py:3239} INFO - Sync 1 DAGs
[2025-04-08T16:12:52.129+0800] {logging_mixin.py:190} INFO - [2025-04-08T16:12:52.129+0800] {dag.py:4180} INFO - Setting next_dagrun for example_weekday_branch_operator to 2025-04-07 00:00:00+00:00, run_after=2025-04-08 00:00:00+00:00
[2025-04-08T16:12:52.139+0800] {processor.py:208} INFO - Processing /Users/ervinyeoh/Desktop/unimods/is3107/project/.venv/lib/python3.11/site-packages/airflow/example_dags/example_branch_day_of_week_operator.py took 0.114 seconds
[2025-04-08T16:16:09.886+0800] {processor.py:186} INFO - Started process (PID=15741) to work on /Users/ervinyeoh/Desktop/unimods/is3107/project/.venv/lib/python3.11/site-packages/airflow/example_dags/example_branch_day_of_week_operator.py
[2025-04-08T16:16:09.888+0800] {processor.py:914} INFO - Processing file /Users/ervinyeoh/Desktop/unimods/is3107/project/.venv/lib/python3.11/site-packages/airflow/example_dags/example_branch_day_of_week_operator.py for tasks to queue
[2025-04-08T16:16:09.888+0800] {logging_mixin.py:190} INFO - [2025-04-08T16:16:09.888+0800] {dagbag.py:588} INFO - Filling up the DagBag from /Users/ervinyeoh/Desktop/unimods/is3107/project/.venv/lib/python3.11/site-packages/airflow/example_dags/example_branch_day_of_week_operator.py
[2025-04-08T16:16:09.896+0800] {processor.py:925} INFO - DAG(s) 'example_weekday_branch_operator' retrieved from /Users/ervinyeoh/Desktop/unimods/is3107/project/.venv/lib/python3.11/site-packages/airflow/example_dags/example_branch_day_of_week_operator.py
[2025-04-08T16:16:09.981+0800] {logging_mixin.py:190} INFO - [2025-04-08T16:16:09.980+0800] {dag.py:3239} INFO - Sync 1 DAGs
[2025-04-08T16:16:09.991+0800] {logging_mixin.py:190} INFO - [2025-04-08T16:16:09.991+0800] {dag.py:4180} INFO - Setting next_dagrun for example_weekday_branch_operator to 2025-04-07 00:00:00+00:00, run_after=2025-04-08 00:00:00+00:00
[2025-04-08T16:16:10.001+0800] {processor.py:208} INFO - Processing /Users/ervinyeoh/Desktop/unimods/is3107/project/.venv/lib/python3.11/site-packages/airflow/example_dags/example_branch_day_of_week_operator.py took 0.116 seconds
[2025-04-08T16:19:37.812+0800] {processor.py:186} INFO - Started process (PID=16028) to work on /Users/ervinyeoh/Desktop/unimods/is3107/project/.venv/lib/python3.11/site-packages/airflow/example_dags/example_branch_day_of_week_operator.py
[2025-04-08T16:19:37.813+0800] {processor.py:914} INFO - Processing file /Users/ervinyeoh/Desktop/unimods/is3107/project/.venv/lib/python3.11/site-packages/airflow/example_dags/example_branch_day_of_week_operator.py for tasks to queue
[2025-04-08T16:19:37.813+0800] {logging_mixin.py:190} INFO - [2025-04-08T16:19:37.813+0800] {dagbag.py:588} INFO - Filling up the DagBag from /Users/ervinyeoh/Desktop/unimods/is3107/project/.venv/lib/python3.11/site-packages/airflow/example_dags/example_branch_day_of_week_operator.py
[2025-04-08T16:19:37.820+0800] {processor.py:925} INFO - DAG(s) 'example_weekday_branch_operator' retrieved from /Users/ervinyeoh/Desktop/unimods/is3107/project/.venv/lib/python3.11/site-packages/airflow/example_dags/example_branch_day_of_week_operator.py
[2025-04-08T16:19:37.911+0800] {logging_mixin.py:190} INFO - [2025-04-08T16:19:37.911+0800] {dag.py:3239} INFO - Sync 1 DAGs
[2025-04-08T16:19:37.922+0800] {logging_mixin.py:190} INFO - [2025-04-08T16:19:37.921+0800] {dag.py:4180} INFO - Setting next_dagrun for example_weekday_branch_operator to 2025-04-07 00:00:00+00:00, run_after=2025-04-08 00:00:00+00:00
[2025-04-08T16:19:37.934+0800] {processor.py:208} INFO - Processing /Users/ervinyeoh/Desktop/unimods/is3107/project/.venv/lib/python3.11/site-packages/airflow/example_dags/example_branch_day_of_week_operator.py took 0.124 seconds
[2025-04-08T16:22:58.290+0800] {processor.py:186} INFO - Started process (PID=16250) to work on /Users/ervinyeoh/Desktop/unimods/is3107/project/.venv/lib/python3.11/site-packages/airflow/example_dags/example_branch_day_of_week_operator.py
[2025-04-08T16:22:58.291+0800] {processor.py:914} INFO - Processing file /Users/ervinyeoh/Desktop/unimods/is3107/project/.venv/lib/python3.11/site-packages/airflow/example_dags/example_branch_day_of_week_operator.py for tasks to queue
[2025-04-08T16:22:58.292+0800] {logging_mixin.py:190} INFO - [2025-04-08T16:22:58.292+0800] {dagbag.py:588} INFO - Filling up the DagBag from /Users/ervinyeoh/Desktop/unimods/is3107/project/.venv/lib/python3.11/site-packages/airflow/example_dags/example_branch_day_of_week_operator.py
[2025-04-08T16:22:58.298+0800] {processor.py:925} INFO - DAG(s) 'example_weekday_branch_operator' retrieved from /Users/ervinyeoh/Desktop/unimods/is3107/project/.venv/lib/python3.11/site-packages/airflow/example_dags/example_branch_day_of_week_operator.py
[2025-04-08T16:22:58.380+0800] {logging_mixin.py:190} INFO - [2025-04-08T16:22:58.380+0800] {dag.py:3239} INFO - Sync 1 DAGs
[2025-04-08T16:22:58.391+0800] {logging_mixin.py:190} INFO - [2025-04-08T16:22:58.390+0800] {dag.py:4180} INFO - Setting next_dagrun for example_weekday_branch_operator to 2025-04-07 00:00:00+00:00, run_after=2025-04-08 00:00:00+00:00
[2025-04-08T16:22:58.401+0800] {processor.py:208} INFO - Processing /Users/ervinyeoh/Desktop/unimods/is3107/project/.venv/lib/python3.11/site-packages/airflow/example_dags/example_branch_day_of_week_operator.py took 0.113 seconds
[2025-04-08T16:26:17.638+0800] {processor.py:186} INFO - Started process (PID=16490) to work on /Users/ervinyeoh/Desktop/unimods/is3107/project/.venv/lib/python3.11/site-packages/airflow/example_dags/example_branch_day_of_week_operator.py
[2025-04-08T16:26:17.639+0800] {processor.py:914} INFO - Processing file /Users/ervinyeoh/Desktop/unimods/is3107/project/.venv/lib/python3.11/site-packages/airflow/example_dags/example_branch_day_of_week_operator.py for tasks to queue
[2025-04-08T16:26:17.640+0800] {logging_mixin.py:190} INFO - [2025-04-08T16:26:17.640+0800] {dagbag.py:588} INFO - Filling up the DagBag from /Users/ervinyeoh/Desktop/unimods/is3107/project/.venv/lib/python3.11/site-packages/airflow/example_dags/example_branch_day_of_week_operator.py
[2025-04-08T16:26:17.646+0800] {processor.py:925} INFO - DAG(s) 'example_weekday_branch_operator' retrieved from /Users/ervinyeoh/Desktop/unimods/is3107/project/.venv/lib/python3.11/site-packages/airflow/example_dags/example_branch_day_of_week_operator.py
[2025-04-08T16:26:17.734+0800] {logging_mixin.py:190} INFO - [2025-04-08T16:26:17.734+0800] {dag.py:3239} INFO - Sync 1 DAGs
[2025-04-08T16:26:17.745+0800] {logging_mixin.py:190} INFO - [2025-04-08T16:26:17.745+0800] {dag.py:4180} INFO - Setting next_dagrun for example_weekday_branch_operator to 2025-04-07 00:00:00+00:00, run_after=2025-04-08 00:00:00+00:00
[2025-04-08T16:26:17.755+0800] {processor.py:208} INFO - Processing /Users/ervinyeoh/Desktop/unimods/is3107/project/.venv/lib/python3.11/site-packages/airflow/example_dags/example_branch_day_of_week_operator.py took 0.119 seconds
[2025-04-08T16:29:36.928+0800] {processor.py:186} INFO - Started process (PID=16724) to work on /Users/ervinyeoh/Desktop/unimods/is3107/project/.venv/lib/python3.11/site-packages/airflow/example_dags/example_branch_day_of_week_operator.py
[2025-04-08T16:29:36.930+0800] {processor.py:914} INFO - Processing file /Users/ervinyeoh/Desktop/unimods/is3107/project/.venv/lib/python3.11/site-packages/airflow/example_dags/example_branch_day_of_week_operator.py for tasks to queue
[2025-04-08T16:29:36.930+0800] {logging_mixin.py:190} INFO - [2025-04-08T16:29:36.930+0800] {dagbag.py:588} INFO - Filling up the DagBag from /Users/ervinyeoh/Desktop/unimods/is3107/project/.venv/lib/python3.11/site-packages/airflow/example_dags/example_branch_day_of_week_operator.py
[2025-04-08T16:29:36.937+0800] {processor.py:925} INFO - DAG(s) 'example_weekday_branch_operator' retrieved from /Users/ervinyeoh/Desktop/unimods/is3107/project/.venv/lib/python3.11/site-packages/airflow/example_dags/example_branch_day_of_week_operator.py
[2025-04-08T16:29:37.021+0800] {logging_mixin.py:190} INFO - [2025-04-08T16:29:37.021+0800] {dag.py:3239} INFO - Sync 1 DAGs
[2025-04-08T16:29:37.032+0800] {logging_mixin.py:190} INFO - [2025-04-08T16:29:37.031+0800] {dag.py:4180} INFO - Setting next_dagrun for example_weekday_branch_operator to 2025-04-07 00:00:00+00:00, run_after=2025-04-08 00:00:00+00:00
[2025-04-08T16:29:37.041+0800] {processor.py:208} INFO - Processing /Users/ervinyeoh/Desktop/unimods/is3107/project/.venv/lib/python3.11/site-packages/airflow/example_dags/example_branch_day_of_week_operator.py took 0.115 seconds
[2025-04-08T16:32:54.308+0800] {processor.py:186} INFO - Started process (PID=17077) to work on /Users/ervinyeoh/Desktop/unimods/is3107/project/.venv/lib/python3.11/site-packages/airflow/example_dags/example_branch_day_of_week_operator.py
[2025-04-08T16:32:54.309+0800] {processor.py:914} INFO - Processing file /Users/ervinyeoh/Desktop/unimods/is3107/project/.venv/lib/python3.11/site-packages/airflow/example_dags/example_branch_day_of_week_operator.py for tasks to queue
[2025-04-08T16:32:54.309+0800] {logging_mixin.py:190} INFO - [2025-04-08T16:32:54.309+0800] {dagbag.py:588} INFO - Filling up the DagBag from /Users/ervinyeoh/Desktop/unimods/is3107/project/.venv/lib/python3.11/site-packages/airflow/example_dags/example_branch_day_of_week_operator.py
[2025-04-08T16:32:54.316+0800] {processor.py:925} INFO - DAG(s) 'example_weekday_branch_operator' retrieved from /Users/ervinyeoh/Desktop/unimods/is3107/project/.venv/lib/python3.11/site-packages/airflow/example_dags/example_branch_day_of_week_operator.py
[2025-04-08T16:32:54.398+0800] {logging_mixin.py:190} INFO - [2025-04-08T16:32:54.398+0800] {dag.py:3239} INFO - Sync 1 DAGs
[2025-04-08T16:32:54.408+0800] {logging_mixin.py:190} INFO - [2025-04-08T16:32:54.408+0800] {dag.py:4180} INFO - Setting next_dagrun for example_weekday_branch_operator to 2025-04-07 00:00:00+00:00, run_after=2025-04-08 00:00:00+00:00
[2025-04-08T16:32:54.422+0800] {processor.py:208} INFO - Processing /Users/ervinyeoh/Desktop/unimods/is3107/project/.venv/lib/python3.11/site-packages/airflow/example_dags/example_branch_day_of_week_operator.py took 0.115 seconds
[2025-04-08T16:36:12.411+0800] {processor.py:186} INFO - Started process (PID=17306) to work on /Users/ervinyeoh/Desktop/unimods/is3107/project/.venv/lib/python3.11/site-packages/airflow/example_dags/example_branch_day_of_week_operator.py
[2025-04-08T16:36:12.412+0800] {processor.py:914} INFO - Processing file /Users/ervinyeoh/Desktop/unimods/is3107/project/.venv/lib/python3.11/site-packages/airflow/example_dags/example_branch_day_of_week_operator.py for tasks to queue
[2025-04-08T16:36:12.412+0800] {logging_mixin.py:190} INFO - [2025-04-08T16:36:12.412+0800] {dagbag.py:588} INFO - Filling up the DagBag from /Users/ervinyeoh/Desktop/unimods/is3107/project/.venv/lib/python3.11/site-packages/airflow/example_dags/example_branch_day_of_week_operator.py
[2025-04-08T16:36:12.419+0800] {processor.py:925} INFO - DAG(s) 'example_weekday_branch_operator' retrieved from /Users/ervinyeoh/Desktop/unimods/is3107/project/.venv/lib/python3.11/site-packages/airflow/example_dags/example_branch_day_of_week_operator.py
[2025-04-08T16:36:12.501+0800] {logging_mixin.py:190} INFO - [2025-04-08T16:36:12.501+0800] {dag.py:3239} INFO - Sync 1 DAGs
[2025-04-08T16:36:12.512+0800] {logging_mixin.py:190} INFO - [2025-04-08T16:36:12.512+0800] {dag.py:4180} INFO - Setting next_dagrun for example_weekday_branch_operator to 2025-04-07 00:00:00+00:00, run_after=2025-04-08 00:00:00+00:00
[2025-04-08T16:36:12.523+0800] {processor.py:208} INFO - Processing /Users/ervinyeoh/Desktop/unimods/is3107/project/.venv/lib/python3.11/site-packages/airflow/example_dags/example_branch_day_of_week_operator.py took 0.114 seconds
[2025-04-08T16:39:35.442+0800] {processor.py:186} INFO - Started process (PID=17572) to work on /Users/ervinyeoh/Desktop/unimods/is3107/project/.venv/lib/python3.11/site-packages/airflow/example_dags/example_branch_day_of_week_operator.py
[2025-04-08T16:39:35.444+0800] {processor.py:914} INFO - Processing file /Users/ervinyeoh/Desktop/unimods/is3107/project/.venv/lib/python3.11/site-packages/airflow/example_dags/example_branch_day_of_week_operator.py for tasks to queue
[2025-04-08T16:39:35.444+0800] {logging_mixin.py:190} INFO - [2025-04-08T16:39:35.444+0800] {dagbag.py:588} INFO - Filling up the DagBag from /Users/ervinyeoh/Desktop/unimods/is3107/project/.venv/lib/python3.11/site-packages/airflow/example_dags/example_branch_day_of_week_operator.py
[2025-04-08T16:39:35.451+0800] {processor.py:925} INFO - DAG(s) 'example_weekday_branch_operator' retrieved from /Users/ervinyeoh/Desktop/unimods/is3107/project/.venv/lib/python3.11/site-packages/airflow/example_dags/example_branch_day_of_week_operator.py
[2025-04-08T16:39:35.534+0800] {logging_mixin.py:190} INFO - [2025-04-08T16:39:35.533+0800] {dag.py:3239} INFO - Sync 1 DAGs
[2025-04-08T16:39:35.545+0800] {logging_mixin.py:190} INFO - [2025-04-08T16:39:35.545+0800] {dag.py:4180} INFO - Setting next_dagrun for example_weekday_branch_operator to 2025-04-07 00:00:00+00:00, run_after=2025-04-08 00:00:00+00:00
[2025-04-08T16:39:35.555+0800] {processor.py:208} INFO - Processing /Users/ervinyeoh/Desktop/unimods/is3107/project/.venv/lib/python3.11/site-packages/airflow/example_dags/example_branch_day_of_week_operator.py took 0.115 seconds
[2025-04-08T16:42:55.263+0800] {processor.py:186} INFO - Started process (PID=17789) to work on /Users/ervinyeoh/Desktop/unimods/is3107/project/.venv/lib/python3.11/site-packages/airflow/example_dags/example_branch_day_of_week_operator.py
[2025-04-08T16:42:55.264+0800] {processor.py:914} INFO - Processing file /Users/ervinyeoh/Desktop/unimods/is3107/project/.venv/lib/python3.11/site-packages/airflow/example_dags/example_branch_day_of_week_operator.py for tasks to queue
[2025-04-08T16:42:55.265+0800] {logging_mixin.py:190} INFO - [2025-04-08T16:42:55.264+0800] {dagbag.py:588} INFO - Filling up the DagBag from /Users/ervinyeoh/Desktop/unimods/is3107/project/.venv/lib/python3.11/site-packages/airflow/example_dags/example_branch_day_of_week_operator.py
[2025-04-08T16:42:55.271+0800] {processor.py:925} INFO - DAG(s) 'example_weekday_branch_operator' retrieved from /Users/ervinyeoh/Desktop/unimods/is3107/project/.venv/lib/python3.11/site-packages/airflow/example_dags/example_branch_day_of_week_operator.py
[2025-04-08T16:42:55.356+0800] {logging_mixin.py:190} INFO - [2025-04-08T16:42:55.356+0800] {dag.py:3239} INFO - Sync 1 DAGs
[2025-04-08T16:42:55.367+0800] {logging_mixin.py:190} INFO - [2025-04-08T16:42:55.367+0800] {dag.py:4180} INFO - Setting next_dagrun for example_weekday_branch_operator to 2025-04-07 00:00:00+00:00, run_after=2025-04-08 00:00:00+00:00
[2025-04-08T16:42:55.377+0800] {processor.py:208} INFO - Processing /Users/ervinyeoh/Desktop/unimods/is3107/project/.venv/lib/python3.11/site-packages/airflow/example_dags/example_branch_day_of_week_operator.py took 0.116 seconds
[2025-04-08T16:46:14.305+0800] {processor.py:186} INFO - Started process (PID=18034) to work on /Users/ervinyeoh/Desktop/unimods/is3107/project/.venv/lib/python3.11/site-packages/airflow/example_dags/example_branch_day_of_week_operator.py
[2025-04-08T16:46:14.306+0800] {processor.py:914} INFO - Processing file /Users/ervinyeoh/Desktop/unimods/is3107/project/.venv/lib/python3.11/site-packages/airflow/example_dags/example_branch_day_of_week_operator.py for tasks to queue
[2025-04-08T16:46:14.307+0800] {logging_mixin.py:190} INFO - [2025-04-08T16:46:14.306+0800] {dagbag.py:588} INFO - Filling up the DagBag from /Users/ervinyeoh/Desktop/unimods/is3107/project/.venv/lib/python3.11/site-packages/airflow/example_dags/example_branch_day_of_week_operator.py
[2025-04-08T16:46:14.313+0800] {processor.py:925} INFO - DAG(s) 'example_weekday_branch_operator' retrieved from /Users/ervinyeoh/Desktop/unimods/is3107/project/.venv/lib/python3.11/site-packages/airflow/example_dags/example_branch_day_of_week_operator.py
[2025-04-08T16:46:14.400+0800] {logging_mixin.py:190} INFO - [2025-04-08T16:46:14.399+0800] {dag.py:3239} INFO - Sync 1 DAGs
[2025-04-08T16:46:14.410+0800] {logging_mixin.py:190} INFO - [2025-04-08T16:46:14.410+0800] {dag.py:4180} INFO - Setting next_dagrun for example_weekday_branch_operator to 2025-04-07 00:00:00+00:00, run_after=2025-04-08 00:00:00+00:00
[2025-04-08T16:46:14.420+0800] {processor.py:208} INFO - Processing /Users/ervinyeoh/Desktop/unimods/is3107/project/.venv/lib/python3.11/site-packages/airflow/example_dags/example_branch_day_of_week_operator.py took 0.116 seconds
[2025-04-08T16:49:36.195+0800] {processor.py:186} INFO - Started process (PID=18376) to work on /Users/ervinyeoh/Desktop/unimods/is3107/project/.venv/lib/python3.11/site-packages/airflow/example_dags/example_branch_day_of_week_operator.py
[2025-04-08T16:49:36.196+0800] {processor.py:914} INFO - Processing file /Users/ervinyeoh/Desktop/unimods/is3107/project/.venv/lib/python3.11/site-packages/airflow/example_dags/example_branch_day_of_week_operator.py for tasks to queue
[2025-04-08T16:49:36.197+0800] {logging_mixin.py:190} INFO - [2025-04-08T16:49:36.197+0800] {dagbag.py:588} INFO - Filling up the DagBag from /Users/ervinyeoh/Desktop/unimods/is3107/project/.venv/lib/python3.11/site-packages/airflow/example_dags/example_branch_day_of_week_operator.py
[2025-04-08T16:49:36.203+0800] {processor.py:925} INFO - DAG(s) 'example_weekday_branch_operator' retrieved from /Users/ervinyeoh/Desktop/unimods/is3107/project/.venv/lib/python3.11/site-packages/airflow/example_dags/example_branch_day_of_week_operator.py
[2025-04-08T16:49:36.286+0800] {logging_mixin.py:190} INFO - [2025-04-08T16:49:36.286+0800] {dag.py:3239} INFO - Sync 1 DAGs
[2025-04-08T16:49:36.296+0800] {logging_mixin.py:190} INFO - [2025-04-08T16:49:36.296+0800] {dag.py:4180} INFO - Setting next_dagrun for example_weekday_branch_operator to 2025-04-07 00:00:00+00:00, run_after=2025-04-08 00:00:00+00:00
[2025-04-08T16:49:36.306+0800] {processor.py:208} INFO - Processing /Users/ervinyeoh/Desktop/unimods/is3107/project/.venv/lib/python3.11/site-packages/airflow/example_dags/example_branch_day_of_week_operator.py took 0.113 seconds
[2025-04-08T16:52:56.451+0800] {processor.py:186} INFO - Started process (PID=18636) to work on /Users/ervinyeoh/Desktop/unimods/is3107/project/.venv/lib/python3.11/site-packages/airflow/example_dags/example_branch_day_of_week_operator.py
[2025-04-08T16:52:56.452+0800] {processor.py:914} INFO - Processing file /Users/ervinyeoh/Desktop/unimods/is3107/project/.venv/lib/python3.11/site-packages/airflow/example_dags/example_branch_day_of_week_operator.py for tasks to queue
[2025-04-08T16:52:56.452+0800] {logging_mixin.py:190} INFO - [2025-04-08T16:52:56.452+0800] {dagbag.py:588} INFO - Filling up the DagBag from /Users/ervinyeoh/Desktop/unimods/is3107/project/.venv/lib/python3.11/site-packages/airflow/example_dags/example_branch_day_of_week_operator.py
[2025-04-08T16:52:56.459+0800] {processor.py:925} INFO - DAG(s) 'example_weekday_branch_operator' retrieved from /Users/ervinyeoh/Desktop/unimods/is3107/project/.venv/lib/python3.11/site-packages/airflow/example_dags/example_branch_day_of_week_operator.py
[2025-04-08T16:52:56.541+0800] {logging_mixin.py:190} INFO - [2025-04-08T16:52:56.541+0800] {dag.py:3239} INFO - Sync 1 DAGs
[2025-04-08T16:52:56.551+0800] {logging_mixin.py:190} INFO - [2025-04-08T16:52:56.551+0800] {dag.py:4180} INFO - Setting next_dagrun for example_weekday_branch_operator to 2025-04-07 00:00:00+00:00, run_after=2025-04-08 00:00:00+00:00
[2025-04-08T16:52:56.561+0800] {processor.py:208} INFO - Processing /Users/ervinyeoh/Desktop/unimods/is3107/project/.venv/lib/python3.11/site-packages/airflow/example_dags/example_branch_day_of_week_operator.py took 0.112 seconds
[2025-04-08T16:56:16.763+0800] {processor.py:186} INFO - Started process (PID=18864) to work on /Users/ervinyeoh/Desktop/unimods/is3107/project/.venv/lib/python3.11/site-packages/airflow/example_dags/example_branch_day_of_week_operator.py
[2025-04-08T16:56:16.764+0800] {processor.py:914} INFO - Processing file /Users/ervinyeoh/Desktop/unimods/is3107/project/.venv/lib/python3.11/site-packages/airflow/example_dags/example_branch_day_of_week_operator.py for tasks to queue
[2025-04-08T16:56:16.764+0800] {logging_mixin.py:190} INFO - [2025-04-08T16:56:16.764+0800] {dagbag.py:588} INFO - Filling up the DagBag from /Users/ervinyeoh/Desktop/unimods/is3107/project/.venv/lib/python3.11/site-packages/airflow/example_dags/example_branch_day_of_week_operator.py
[2025-04-08T16:56:16.770+0800] {processor.py:925} INFO - DAG(s) 'example_weekday_branch_operator' retrieved from /Users/ervinyeoh/Desktop/unimods/is3107/project/.venv/lib/python3.11/site-packages/airflow/example_dags/example_branch_day_of_week_operator.py
[2025-04-08T16:56:16.855+0800] {logging_mixin.py:190} INFO - [2025-04-08T16:56:16.855+0800] {dag.py:3239} INFO - Sync 1 DAGs
[2025-04-08T16:56:16.867+0800] {logging_mixin.py:190} INFO - [2025-04-08T16:56:16.867+0800] {dag.py:4180} INFO - Setting next_dagrun for example_weekday_branch_operator to 2025-04-07 00:00:00+00:00, run_after=2025-04-08 00:00:00+00:00
[2025-04-08T16:56:16.876+0800] {processor.py:208} INFO - Processing /Users/ervinyeoh/Desktop/unimods/is3107/project/.venv/lib/python3.11/site-packages/airflow/example_dags/example_branch_day_of_week_operator.py took 0.115 seconds
[2025-04-08T16:59:36.501+0800] {processor.py:186} INFO - Started process (PID=19097) to work on /Users/ervinyeoh/Desktop/unimods/is3107/project/.venv/lib/python3.11/site-packages/airflow/example_dags/example_branch_day_of_week_operator.py
[2025-04-08T16:59:36.502+0800] {processor.py:914} INFO - Processing file /Users/ervinyeoh/Desktop/unimods/is3107/project/.venv/lib/python3.11/site-packages/airflow/example_dags/example_branch_day_of_week_operator.py for tasks to queue
[2025-04-08T16:59:36.502+0800] {logging_mixin.py:190} INFO - [2025-04-08T16:59:36.502+0800] {dagbag.py:588} INFO - Filling up the DagBag from /Users/ervinyeoh/Desktop/unimods/is3107/project/.venv/lib/python3.11/site-packages/airflow/example_dags/example_branch_day_of_week_operator.py
[2025-04-08T16:59:36.509+0800] {processor.py:925} INFO - DAG(s) 'example_weekday_branch_operator' retrieved from /Users/ervinyeoh/Desktop/unimods/is3107/project/.venv/lib/python3.11/site-packages/airflow/example_dags/example_branch_day_of_week_operator.py
[2025-04-08T16:59:36.593+0800] {logging_mixin.py:190} INFO - [2025-04-08T16:59:36.593+0800] {dag.py:3239} INFO - Sync 1 DAGs
[2025-04-08T16:59:36.603+0800] {logging_mixin.py:190} INFO - [2025-04-08T16:59:36.603+0800] {dag.py:4180} INFO - Setting next_dagrun for example_weekday_branch_operator to 2025-04-07 00:00:00+00:00, run_after=2025-04-08 00:00:00+00:00
[2025-04-08T16:59:36.613+0800] {processor.py:208} INFO - Processing /Users/ervinyeoh/Desktop/unimods/is3107/project/.venv/lib/python3.11/site-packages/airflow/example_dags/example_branch_day_of_week_operator.py took 0.114 seconds
[2025-04-08T17:04:57.519+0800] {processor.py:186} INFO - Started process (PID=19392) to work on /Users/ervinyeoh/Desktop/unimods/is3107/project/.venv/lib/python3.11/site-packages/airflow/example_dags/example_branch_day_of_week_operator.py
[2025-04-08T17:04:57.520+0800] {processor.py:914} INFO - Processing file /Users/ervinyeoh/Desktop/unimods/is3107/project/.venv/lib/python3.11/site-packages/airflow/example_dags/example_branch_day_of_week_operator.py for tasks to queue
[2025-04-08T17:04:57.521+0800] {logging_mixin.py:190} INFO - [2025-04-08T17:04:57.521+0800] {dagbag.py:588} INFO - Filling up the DagBag from /Users/ervinyeoh/Desktop/unimods/is3107/project/.venv/lib/python3.11/site-packages/airflow/example_dags/example_branch_day_of_week_operator.py
[2025-04-08T17:04:57.527+0800] {processor.py:925} INFO - DAG(s) 'example_weekday_branch_operator' retrieved from /Users/ervinyeoh/Desktop/unimods/is3107/project/.venv/lib/python3.11/site-packages/airflow/example_dags/example_branch_day_of_week_operator.py
[2025-04-08T17:04:57.612+0800] {logging_mixin.py:190} INFO - [2025-04-08T17:04:57.612+0800] {dag.py:3239} INFO - Sync 1 DAGs
[2025-04-08T17:04:57.624+0800] {logging_mixin.py:190} INFO - [2025-04-08T17:04:57.624+0800] {dag.py:4180} INFO - Setting next_dagrun for example_weekday_branch_operator to 2025-04-07 00:00:00+00:00, run_after=2025-04-08 00:00:00+00:00
[2025-04-08T17:04:57.634+0800] {processor.py:208} INFO - Processing /Users/ervinyeoh/Desktop/unimods/is3107/project/.venv/lib/python3.11/site-packages/airflow/example_dags/example_branch_day_of_week_operator.py took 0.116 seconds
[2025-04-08T17:08:15.635+0800] {processor.py:186} INFO - Started process (PID=19615) to work on /Users/ervinyeoh/Desktop/unimods/is3107/project/.venv/lib/python3.11/site-packages/airflow/example_dags/example_branch_day_of_week_operator.py
[2025-04-08T17:08:15.636+0800] {processor.py:914} INFO - Processing file /Users/ervinyeoh/Desktop/unimods/is3107/project/.venv/lib/python3.11/site-packages/airflow/example_dags/example_branch_day_of_week_operator.py for tasks to queue
[2025-04-08T17:08:15.637+0800] {logging_mixin.py:190} INFO - [2025-04-08T17:08:15.637+0800] {dagbag.py:588} INFO - Filling up the DagBag from /Users/ervinyeoh/Desktop/unimods/is3107/project/.venv/lib/python3.11/site-packages/airflow/example_dags/example_branch_day_of_week_operator.py
[2025-04-08T17:08:15.644+0800] {processor.py:925} INFO - DAG(s) 'example_weekday_branch_operator' retrieved from /Users/ervinyeoh/Desktop/unimods/is3107/project/.venv/lib/python3.11/site-packages/airflow/example_dags/example_branch_day_of_week_operator.py
[2025-04-08T17:08:15.726+0800] {logging_mixin.py:190} INFO - [2025-04-08T17:08:15.726+0800] {dag.py:3239} INFO - Sync 1 DAGs
[2025-04-08T17:08:15.736+0800] {logging_mixin.py:190} INFO - [2025-04-08T17:08:15.736+0800] {dag.py:4180} INFO - Setting next_dagrun for example_weekday_branch_operator to 2025-04-07 00:00:00+00:00, run_after=2025-04-08 00:00:00+00:00
[2025-04-08T17:08:15.747+0800] {processor.py:208} INFO - Processing /Users/ervinyeoh/Desktop/unimods/is3107/project/.venv/lib/python3.11/site-packages/airflow/example_dags/example_branch_day_of_week_operator.py took 0.114 seconds
[2025-04-08T17:11:36.811+0800] {processor.py:186} INFO - Started process (PID=19831) to work on /Users/ervinyeoh/Desktop/unimods/is3107/project/.venv/lib/python3.11/site-packages/airflow/example_dags/example_branch_day_of_week_operator.py
[2025-04-08T17:11:36.813+0800] {processor.py:914} INFO - Processing file /Users/ervinyeoh/Desktop/unimods/is3107/project/.venv/lib/python3.11/site-packages/airflow/example_dags/example_branch_day_of_week_operator.py for tasks to queue
[2025-04-08T17:11:36.813+0800] {logging_mixin.py:190} INFO - [2025-04-08T17:11:36.813+0800] {dagbag.py:588} INFO - Filling up the DagBag from /Users/ervinyeoh/Desktop/unimods/is3107/project/.venv/lib/python3.11/site-packages/airflow/example_dags/example_branch_day_of_week_operator.py
[2025-04-08T17:11:36.821+0800] {processor.py:925} INFO - DAG(s) 'example_weekday_branch_operator' retrieved from /Users/ervinyeoh/Desktop/unimods/is3107/project/.venv/lib/python3.11/site-packages/airflow/example_dags/example_branch_day_of_week_operator.py
[2025-04-08T17:11:36.909+0800] {logging_mixin.py:190} INFO - [2025-04-08T17:11:36.908+0800] {dag.py:3239} INFO - Sync 1 DAGs
[2025-04-08T17:11:36.920+0800] {logging_mixin.py:190} INFO - [2025-04-08T17:11:36.920+0800] {dag.py:4180} INFO - Setting next_dagrun for example_weekday_branch_operator to 2025-04-07 00:00:00+00:00, run_after=2025-04-08 00:00:00+00:00
[2025-04-08T17:11:36.930+0800] {processor.py:208} INFO - Processing /Users/ervinyeoh/Desktop/unimods/is3107/project/.venv/lib/python3.11/site-packages/airflow/example_dags/example_branch_day_of_week_operator.py took 0.120 seconds
[2025-04-08T17:14:54.941+0800] {processor.py:186} INFO - Started process (PID=20050) to work on /Users/ervinyeoh/Desktop/unimods/is3107/project/.venv/lib/python3.11/site-packages/airflow/example_dags/example_branch_day_of_week_operator.py
[2025-04-08T17:14:54.942+0800] {processor.py:914} INFO - Processing file /Users/ervinyeoh/Desktop/unimods/is3107/project/.venv/lib/python3.11/site-packages/airflow/example_dags/example_branch_day_of_week_operator.py for tasks to queue
[2025-04-08T17:14:54.943+0800] {logging_mixin.py:190} INFO - [2025-04-08T17:14:54.943+0800] {dagbag.py:588} INFO - Filling up the DagBag from /Users/ervinyeoh/Desktop/unimods/is3107/project/.venv/lib/python3.11/site-packages/airflow/example_dags/example_branch_day_of_week_operator.py
[2025-04-08T17:14:54.949+0800] {processor.py:925} INFO - DAG(s) 'example_weekday_branch_operator' retrieved from /Users/ervinyeoh/Desktop/unimods/is3107/project/.venv/lib/python3.11/site-packages/airflow/example_dags/example_branch_day_of_week_operator.py
[2025-04-08T17:14:55.031+0800] {logging_mixin.py:190} INFO - [2025-04-08T17:14:55.031+0800] {dag.py:3239} INFO - Sync 1 DAGs
[2025-04-08T17:14:55.041+0800] {logging_mixin.py:190} INFO - [2025-04-08T17:14:55.041+0800] {dag.py:4180} INFO - Setting next_dagrun for example_weekday_branch_operator to 2025-04-07 00:00:00+00:00, run_after=2025-04-08 00:00:00+00:00
[2025-04-08T17:14:55.051+0800] {processor.py:208} INFO - Processing /Users/ervinyeoh/Desktop/unimods/is3107/project/.venv/lib/python3.11/site-packages/airflow/example_dags/example_branch_day_of_week_operator.py took 0.112 seconds
[2025-04-08T17:57:22.287+0800] {processor.py:186} INFO - Started process (PID=20380) to work on /Users/ervinyeoh/Desktop/unimods/is3107/project/.venv/lib/python3.11/site-packages/airflow/example_dags/example_branch_day_of_week_operator.py
[2025-04-08T17:57:22.288+0800] {processor.py:914} INFO - Processing file /Users/ervinyeoh/Desktop/unimods/is3107/project/.venv/lib/python3.11/site-packages/airflow/example_dags/example_branch_day_of_week_operator.py for tasks to queue
[2025-04-08T17:57:22.289+0800] {logging_mixin.py:190} INFO - [2025-04-08T17:57:22.289+0800] {dagbag.py:588} INFO - Filling up the DagBag from /Users/ervinyeoh/Desktop/unimods/is3107/project/.venv/lib/python3.11/site-packages/airflow/example_dags/example_branch_day_of_week_operator.py
[2025-04-08T17:57:22.295+0800] {processor.py:925} INFO - DAG(s) 'example_weekday_branch_operator' retrieved from /Users/ervinyeoh/Desktop/unimods/is3107/project/.venv/lib/python3.11/site-packages/airflow/example_dags/example_branch_day_of_week_operator.py
[2025-04-08T17:57:22.377+0800] {logging_mixin.py:190} INFO - [2025-04-08T17:57:22.377+0800] {dag.py:3239} INFO - Sync 1 DAGs
[2025-04-08T17:57:22.387+0800] {logging_mixin.py:190} INFO - [2025-04-08T17:57:22.387+0800] {dag.py:4180} INFO - Setting next_dagrun for example_weekday_branch_operator to 2025-04-07 00:00:00+00:00, run_after=2025-04-08 00:00:00+00:00
[2025-04-08T17:57:22.397+0800] {processor.py:208} INFO - Processing /Users/ervinyeoh/Desktop/unimods/is3107/project/.venv/lib/python3.11/site-packages/airflow/example_dags/example_branch_day_of_week_operator.py took 0.112 seconds
[2025-04-08T19:27:29.653+0800] {processor.py:186} INFO - Started process (PID=20815) to work on /Users/ervinyeoh/Desktop/unimods/is3107/project/.venv/lib/python3.11/site-packages/airflow/example_dags/example_branch_day_of_week_operator.py
[2025-04-08T19:27:29.653+0800] {processor.py:914} INFO - Processing file /Users/ervinyeoh/Desktop/unimods/is3107/project/.venv/lib/python3.11/site-packages/airflow/example_dags/example_branch_day_of_week_operator.py for tasks to queue
[2025-04-08T19:27:29.654+0800] {logging_mixin.py:190} INFO - [2025-04-08T19:27:29.654+0800] {dagbag.py:588} INFO - Filling up the DagBag from /Users/ervinyeoh/Desktop/unimods/is3107/project/.venv/lib/python3.11/site-packages/airflow/example_dags/example_branch_day_of_week_operator.py
[2025-04-08T19:27:29.661+0800] {processor.py:925} INFO - DAG(s) 'example_weekday_branch_operator' retrieved from /Users/ervinyeoh/Desktop/unimods/is3107/project/.venv/lib/python3.11/site-packages/airflow/example_dags/example_branch_day_of_week_operator.py
[2025-04-08T19:27:29.745+0800] {logging_mixin.py:190} INFO - [2025-04-08T19:27:29.744+0800] {dag.py:3239} INFO - Sync 1 DAGs
[2025-04-08T19:27:29.755+0800] {logging_mixin.py:190} INFO - [2025-04-08T19:27:29.755+0800] {dag.py:4180} INFO - Setting next_dagrun for example_weekday_branch_operator to 2025-04-07 00:00:00+00:00, run_after=2025-04-08 00:00:00+00:00
[2025-04-08T19:27:29.765+0800] {processor.py:208} INFO - Processing /Users/ervinyeoh/Desktop/unimods/is3107/project/.venv/lib/python3.11/site-packages/airflow/example_dags/example_branch_day_of_week_operator.py took 0.114 seconds
[2025-04-09T00:58:10.950+0800] {processor.py:186} INFO - Started process (PID=21244) to work on /Users/ervinyeoh/Desktop/unimods/is3107/project/.venv/lib/python3.11/site-packages/airflow/example_dags/example_branch_day_of_week_operator.py
[2025-04-09T00:58:10.951+0800] {processor.py:914} INFO - Processing file /Users/ervinyeoh/Desktop/unimods/is3107/project/.venv/lib/python3.11/site-packages/airflow/example_dags/example_branch_day_of_week_operator.py for tasks to queue
[2025-04-09T00:58:10.952+0800] {logging_mixin.py:190} INFO - [2025-04-09T00:58:10.952+0800] {dagbag.py:588} INFO - Filling up the DagBag from /Users/ervinyeoh/Desktop/unimods/is3107/project/.venv/lib/python3.11/site-packages/airflow/example_dags/example_branch_day_of_week_operator.py
[2025-04-09T00:58:10.959+0800] {processor.py:925} INFO - DAG(s) 'example_weekday_branch_operator' retrieved from /Users/ervinyeoh/Desktop/unimods/is3107/project/.venv/lib/python3.11/site-packages/airflow/example_dags/example_branch_day_of_week_operator.py
[2025-04-09T00:58:11.043+0800] {logging_mixin.py:190} INFO - [2025-04-09T00:58:11.042+0800] {dag.py:3239} INFO - Sync 1 DAGs
[2025-04-09T00:58:11.053+0800] {logging_mixin.py:190} INFO - [2025-04-09T00:58:11.053+0800] {dag.py:4180} INFO - Setting next_dagrun for example_weekday_branch_operator to 2025-04-07 00:00:00+00:00, run_after=2025-04-08 00:00:00+00:00
[2025-04-09T00:58:11.063+0800] {processor.py:208} INFO - Processing /Users/ervinyeoh/Desktop/unimods/is3107/project/.venv/lib/python3.11/site-packages/airflow/example_dags/example_branch_day_of_week_operator.py took 0.115 seconds
