[2025-04-18T17:02:26.045+0800] {local_task_job_runner.py:123} INFO - ::group::Pre task execution logs
[2025-04-18T17:02:26.062+0800] {taskinstance.py:2614} INFO - Dependencies all met for dep_context=non-requeueable deps ti=<TaskInstance: reddit_yf_scraper.load_to_bigquery manual__2025-04-18T08:58:18.645579+00:00 [queued]>
[2025-04-18T17:02:26.067+0800] {taskinstance.py:2614} INFO - Dependencies all met for dep_context=requeueable deps ti=<TaskInstance: reddit_yf_scraper.load_to_bigquery manual__2025-04-18T08:58:18.645579+00:00 [queued]>
[2025-04-18T17:02:26.068+0800] {taskinstance.py:2867} INFO - Starting attempt 1 of 2
[2025-04-18T17:02:26.075+0800] {taskinstance.py:2890} INFO - Executing <Task(_PythonDecoratedOperator): load_to_bigquery> on 2025-04-18 08:58:18.645579+00:00
[2025-04-18T17:02:26.078+0800] {standard_task_runner.py:72} INFO - Started process 31019 to run task
[2025-04-18T17:02:26.083+0800] {standard_task_runner.py:104} INFO - Running: ['airflow', 'tasks', 'run', 'reddit_yf_scraper', 'load_to_bigquery', 'manual__2025-04-18T08:58:18.645579+00:00', '--job-id', '447', '--raw', '--subdir', 'DAGS_FOLDER/dag.py', '--cfg-path', '/var/folders/xg/h9xj0trn3dxds251bj2q6hf80000gn/T/tmp77lk5voy']
[2025-04-18T17:02:26.087+0800] {standard_task_runner.py:105} INFO - Job 447: Subtask load_to_bigquery
[2025-04-18T17:02:26.120+0800] {task_command.py:467} INFO - Running <TaskInstance: reddit_yf_scraper.load_to_bigquery manual__2025-04-18T08:58:18.645579+00:00 [running]> on host ervins-macbook-air-2.local
[2025-04-18T17:02:26.370+0800] {taskinstance.py:3134} INFO - Exporting env vars: AIRFLOW_CTX_DAG_OWNER='airflow' AIRFLOW_CTX_DAG_ID='reddit_yf_scraper' AIRFLOW_CTX_TASK_ID='load_to_bigquery' AIRFLOW_CTX_EXECUTION_DATE='2025-04-18T08:58:18.645579+00:00' AIRFLOW_CTX_TRY_NUMBER='1' AIRFLOW_CTX_DAG_RUN_ID='manual__2025-04-18T08:58:18.645579+00:00'
[2025-04-18T17:02:26.371+0800] {logging_mixin.py:190} INFO - Task instance is in running state
[2025-04-18T17:02:26.371+0800] {logging_mixin.py:190} INFO -  Previous state of the Task instance: queued
[2025-04-18T17:02:26.371+0800] {logging_mixin.py:190} INFO - Current task name:load_to_bigquery state:running start_date:2025-04-18 09:02:26.062694+00:00
[2025-04-18T17:02:26.371+0800] {logging_mixin.py:190} INFO - Dag name:reddit_yf_scraper and current dag run status:running
[2025-04-18T17:02:26.372+0800] {taskinstance.py:732} INFO - ::endgroup::
[2025-04-18T17:02:26.613+0800] {logging_mixin.py:190} INFO - 📤 Uploading /Users/ervinyeoh/Desktop/unimods/is3107/project/airflow/processed/AAPL_processed_20250418.csv to BigQuery...
[2025-04-18T17:02:30.779+0800] {logging_mixin.py:190} INFO - ✅ Successfully loaded AAPL data into BigQuery.
[2025-04-18T17:02:30.782+0800] {python.py:240} INFO - Done. Returned value was: None
[2025-04-18T17:02:30.796+0800] {taskinstance.py:341} INFO - ::group::Post task execution logs
[2025-04-18T17:02:30.798+0800] {taskinstance.py:353} INFO - Marking task as SUCCESS. dag_id=reddit_yf_scraper, task_id=load_to_bigquery, run_id=manual__2025-04-18T08:58:18.645579+00:00, execution_date=20250418T085818, start_date=20250418T090226, end_date=20250418T090230
[2025-04-18T17:02:30.812+0800] {logging_mixin.py:190} INFO - Task instance in success state
[2025-04-18T17:02:30.812+0800] {logging_mixin.py:190} INFO -  Previous state of the Task instance: running
[2025-04-18T17:02:30.812+0800] {logging_mixin.py:190} INFO - Dag name:reddit_yf_scraper queued_at:2025-04-18 08:58:18.659274+00:00
[2025-04-18T17:02:30.813+0800] {logging_mixin.py:190} INFO - Task hostname:ervins-macbook-air-2.local operator:_PythonDecoratedOperator
[2025-04-18T17:02:30.861+0800] {local_task_job_runner.py:266} INFO - Task exited with return code 0
[2025-04-18T17:02:30.889+0800] {taskinstance.py:3901} INFO - 1 downstream tasks scheduled from follow-on schedule check
[2025-04-18T17:02:30.890+0800] {local_task_job_runner.py:245} INFO - ::endgroup::
