[2025-03-22T13:13:05.674+0800] {local_task_job_runner.py:123} INFO - ::group::Pre task execution logs
[2025-03-22T13:13:05.682+0800] {taskinstance.py:2614} INFO - Dependencies all met for dep_context=non-requeueable deps ti=<TaskInstance: reddit_yf_scraper.check_files_exist__1 manual__2025-03-22T05:09:04.116107+00:00 [queued]>
[2025-03-22T13:13:05.685+0800] {taskinstance.py:2614} INFO - Dependencies all met for dep_context=requeueable deps ti=<TaskInstance: reddit_yf_scraper.check_files_exist__1 manual__2025-03-22T05:09:04.116107+00:00 [queued]>
[2025-03-22T13:13:05.686+0800] {taskinstance.py:2867} INFO - Starting attempt 1 of 2
[2025-03-22T13:13:05.691+0800] {taskinstance.py:2890} INFO - Executing <Task(_PythonDecoratedOperator): check_files_exist__1> on 2025-03-22 05:09:04.116107+00:00
[2025-03-22T13:13:05.693+0800] {standard_task_runner.py:72} INFO - Started process 69996 to run task
[2025-03-22T13:13:05.697+0800] {standard_task_runner.py:104} INFO - Running: ['airflow', 'tasks', 'run', 'reddit_yf_scraper', 'check_files_exist__1', 'manual__2025-03-22T05:09:04.116107+00:00', '--job-id', '123', '--raw', '--subdir', 'DAGS_FOLDER/dag.py', '--cfg-path', '/var/folders/xg/h9xj0trn3dxds251bj2q6hf80000gn/T/tmpu4buh4dx']
[2025-03-22T13:13:05.698+0800] {standard_task_runner.py:105} INFO - Job 123: Subtask check_files_exist__1
[2025-03-22T13:13:05.718+0800] {task_command.py:467} INFO - Running <TaskInstance: reddit_yf_scraper.check_files_exist__1 manual__2025-03-22T05:09:04.116107+00:00 [running]> on host ervins-air-2
[2025-03-22T13:13:05.749+0800] {taskinstance.py:3134} INFO - Exporting env vars: AIRFLOW_CTX_DAG_OWNER='airflow' AIRFLOW_CTX_DAG_ID='reddit_yf_scraper' AIRFLOW_CTX_TASK_ID='check_files_exist__1' AIRFLOW_CTX_EXECUTION_DATE='2025-03-22T05:09:04.116107+00:00' AIRFLOW_CTX_TRY_NUMBER='1' AIRFLOW_CTX_DAG_RUN_ID='manual__2025-03-22T05:09:04.116107+00:00'
[2025-03-22T13:13:05.750+0800] {logging_mixin.py:190} INFO - Task instance is in running state
[2025-03-22T13:13:05.750+0800] {logging_mixin.py:190} INFO -  Previous state of the Task instance: queued
[2025-03-22T13:13:05.750+0800] {logging_mixin.py:190} INFO - Current task name:check_files_exist__1 state:running start_date:2025-03-22 05:13:05.682845+00:00
[2025-03-22T13:13:05.751+0800] {logging_mixin.py:190} INFO - Dag name:reddit_yf_scraper and current dag run status:running
[2025-03-22T13:13:05.751+0800] {taskinstance.py:732} INFO - ::endgroup::
[2025-03-22T13:13:05.752+0800] {python.py:240} INFO - Done. Returned value was: True
[2025-03-22T13:13:05.759+0800] {taskinstance.py:341} INFO - ::group::Post task execution logs
[2025-03-22T13:13:05.759+0800] {taskinstance.py:353} INFO - Marking task as SUCCESS. dag_id=reddit_yf_scraper, task_id=check_files_exist__1, run_id=manual__2025-03-22T05:09:04.116107+00:00, execution_date=20250322T050904, start_date=20250322T051305, end_date=20250322T051305
[2025-03-22T13:13:05.766+0800] {logging_mixin.py:190} INFO - Task instance in success state
[2025-03-22T13:13:05.766+0800] {logging_mixin.py:190} INFO -  Previous state of the Task instance: running
[2025-03-22T13:13:05.766+0800] {logging_mixin.py:190} INFO - Dag name:reddit_yf_scraper queued_at:2025-03-22 05:09:04.131885+00:00
[2025-03-22T13:13:05.766+0800] {logging_mixin.py:190} INFO - Task hostname:ervins-air-2 operator:_PythonDecoratedOperator
[2025-03-22T13:13:05.804+0800] {local_task_job_runner.py:266} INFO - Task exited with return code 0
[2025-03-22T13:13:05.815+0800] {taskinstance.py:3901} INFO - 1 downstream tasks scheduled from follow-on schedule check
[2025-03-22T13:13:05.816+0800] {local_task_job_runner.py:245} INFO - ::endgroup::
