[2025-04-07T09:05:16.539+0800] {processor.py:186} INFO - Started process (PID=92764) to work on /Users/ervinyeoh/Desktop/unimods/is3107/project/.venv/lib/python3.11/site-packages/airflow/example_dags/example_branch_labels.py
[2025-04-07T09:05:16.540+0800] {processor.py:914} INFO - Processing file /Users/ervinyeoh/Desktop/unimods/is3107/project/.venv/lib/python3.11/site-packages/airflow/example_dags/example_branch_labels.py for tasks to queue
[2025-04-07T09:05:16.540+0800] {logging_mixin.py:190} INFO - [2025-04-07T09:05:16.540+0800] {dagbag.py:588} INFO - Filling up the DagBag from /Users/ervinyeoh/Desktop/unimods/is3107/project/.venv/lib/python3.11/site-packages/airflow/example_dags/example_branch_labels.py
[2025-04-07T09:05:16.546+0800] {processor.py:925} INFO - DAG(s) 'example_branch_labels' retrieved from /Users/ervinyeoh/Desktop/unimods/is3107/project/.venv/lib/python3.11/site-packages/airflow/example_dags/example_branch_labels.py
[2025-04-07T09:05:16.630+0800] {logging_mixin.py:190} INFO - [2025-04-07T09:05:16.629+0800] {dag.py:3239} INFO - Sync 1 DAGs
[2025-04-07T09:05:16.640+0800] {logging_mixin.py:190} INFO - [2025-04-07T09:05:16.640+0800] {dag.py:4180} INFO - Setting next_dagrun for example_branch_labels to 2025-04-06 00:00:00+00:00, run_after=2025-04-07 00:00:00+00:00
[2025-04-07T09:05:16.650+0800] {processor.py:208} INFO - Processing /Users/ervinyeoh/Desktop/unimods/is3107/project/.venv/lib/python3.11/site-packages/airflow/example_dags/example_branch_labels.py took 0.113 seconds
[2025-04-07T12:20:58.314+0800] {processor.py:186} INFO - Started process (PID=93306) to work on /Users/ervinyeoh/Desktop/unimods/is3107/project/.venv/lib/python3.11/site-packages/airflow/example_dags/example_branch_labels.py
[2025-04-07T12:20:58.315+0800] {processor.py:914} INFO - Processing file /Users/ervinyeoh/Desktop/unimods/is3107/project/.venv/lib/python3.11/site-packages/airflow/example_dags/example_branch_labels.py for tasks to queue
[2025-04-07T12:20:58.316+0800] {logging_mixin.py:190} INFO - [2025-04-07T12:20:58.316+0800] {dagbag.py:588} INFO - Filling up the DagBag from /Users/ervinyeoh/Desktop/unimods/is3107/project/.venv/lib/python3.11/site-packages/airflow/example_dags/example_branch_labels.py
[2025-04-07T12:20:58.321+0800] {processor.py:925} INFO - DAG(s) 'example_branch_labels' retrieved from /Users/ervinyeoh/Desktop/unimods/is3107/project/.venv/lib/python3.11/site-packages/airflow/example_dags/example_branch_labels.py
[2025-04-07T12:20:58.403+0800] {logging_mixin.py:190} INFO - [2025-04-07T12:20:58.403+0800] {dag.py:3239} INFO - Sync 1 DAGs
[2025-04-07T12:20:58.414+0800] {logging_mixin.py:190} INFO - [2025-04-07T12:20:58.414+0800] {dag.py:4180} INFO - Setting next_dagrun for example_branch_labels to 2025-04-06 00:00:00+00:00, run_after=2025-04-07 00:00:00+00:00
[2025-04-07T12:20:58.424+0800] {processor.py:208} INFO - Processing /Users/ervinyeoh/Desktop/unimods/is3107/project/.venv/lib/python3.11/site-packages/airflow/example_dags/example_branch_labels.py took 0.111 seconds
[2025-04-07T17:32:35.807+0800] {processor.py:186} INFO - Started process (PID=93705) to work on /Users/ervinyeoh/Desktop/unimods/is3107/project/.venv/lib/python3.11/site-packages/airflow/example_dags/example_branch_labels.py
[2025-04-07T17:32:35.808+0800] {processor.py:914} INFO - Processing file /Users/ervinyeoh/Desktop/unimods/is3107/project/.venv/lib/python3.11/site-packages/airflow/example_dags/example_branch_labels.py for tasks to queue
[2025-04-07T17:32:35.809+0800] {logging_mixin.py:190} INFO - [2025-04-07T17:32:35.808+0800] {dagbag.py:588} INFO - Filling up the DagBag from /Users/ervinyeoh/Desktop/unimods/is3107/project/.venv/lib/python3.11/site-packages/airflow/example_dags/example_branch_labels.py
[2025-04-07T17:32:35.814+0800] {processor.py:925} INFO - DAG(s) 'example_branch_labels' retrieved from /Users/ervinyeoh/Desktop/unimods/is3107/project/.venv/lib/python3.11/site-packages/airflow/example_dags/example_branch_labels.py
[2025-04-07T17:32:35.895+0800] {logging_mixin.py:190} INFO - [2025-04-07T17:32:35.895+0800] {dag.py:3239} INFO - Sync 1 DAGs
[2025-04-07T17:32:35.906+0800] {logging_mixin.py:190} INFO - [2025-04-07T17:32:35.906+0800] {dag.py:4180} INFO - Setting next_dagrun for example_branch_labels to 2025-04-06 00:00:00+00:00, run_after=2025-04-07 00:00:00+00:00
[2025-04-07T17:32:35.915+0800] {processor.py:208} INFO - Processing /Users/ervinyeoh/Desktop/unimods/is3107/project/.venv/lib/python3.11/site-packages/airflow/example_dags/example_branch_labels.py took 0.110 seconds
[2025-04-07T18:08:55.391+0800] {processor.py:186} INFO - Started process (PID=94092) to work on /Users/ervinyeoh/Desktop/unimods/is3107/project/.venv/lib/python3.11/site-packages/airflow/example_dags/example_branch_labels.py
[2025-04-07T18:08:55.392+0800] {processor.py:914} INFO - Processing file /Users/ervinyeoh/Desktop/unimods/is3107/project/.venv/lib/python3.11/site-packages/airflow/example_dags/example_branch_labels.py for tasks to queue
[2025-04-07T18:08:55.393+0800] {logging_mixin.py:190} INFO - [2025-04-07T18:08:55.392+0800] {dagbag.py:588} INFO - Filling up the DagBag from /Users/ervinyeoh/Desktop/unimods/is3107/project/.venv/lib/python3.11/site-packages/airflow/example_dags/example_branch_labels.py
[2025-04-07T18:08:55.398+0800] {processor.py:925} INFO - DAG(s) 'example_branch_labels' retrieved from /Users/ervinyeoh/Desktop/unimods/is3107/project/.venv/lib/python3.11/site-packages/airflow/example_dags/example_branch_labels.py
[2025-04-07T18:08:55.481+0800] {logging_mixin.py:190} INFO - [2025-04-07T18:08:55.481+0800] {dag.py:3239} INFO - Sync 1 DAGs
[2025-04-07T18:08:55.492+0800] {logging_mixin.py:190} INFO - [2025-04-07T18:08:55.492+0800] {dag.py:4180} INFO - Setting next_dagrun for example_branch_labels to 2025-04-06 00:00:00+00:00, run_after=2025-04-07 00:00:00+00:00
[2025-04-07T18:08:55.502+0800] {processor.py:208} INFO - Processing /Users/ervinyeoh/Desktop/unimods/is3107/project/.venv/lib/python3.11/site-packages/airflow/example_dags/example_branch_labels.py took 0.113 seconds
[2025-04-07T18:30:39.371+0800] {processor.py:186} INFO - Started process (PID=94464) to work on /Users/ervinyeoh/Desktop/unimods/is3107/project/.venv/lib/python3.11/site-packages/airflow/example_dags/example_branch_labels.py
[2025-04-07T18:30:39.372+0800] {processor.py:914} INFO - Processing file /Users/ervinyeoh/Desktop/unimods/is3107/project/.venv/lib/python3.11/site-packages/airflow/example_dags/example_branch_labels.py for tasks to queue
[2025-04-07T18:30:39.372+0800] {logging_mixin.py:190} INFO - [2025-04-07T18:30:39.372+0800] {dagbag.py:588} INFO - Filling up the DagBag from /Users/ervinyeoh/Desktop/unimods/is3107/project/.venv/lib/python3.11/site-packages/airflow/example_dags/example_branch_labels.py
[2025-04-07T18:30:39.378+0800] {processor.py:925} INFO - DAG(s) 'example_branch_labels' retrieved from /Users/ervinyeoh/Desktop/unimods/is3107/project/.venv/lib/python3.11/site-packages/airflow/example_dags/example_branch_labels.py
[2025-04-07T18:30:39.460+0800] {logging_mixin.py:190} INFO - [2025-04-07T18:30:39.460+0800] {dag.py:3239} INFO - Sync 1 DAGs
[2025-04-07T18:30:39.471+0800] {logging_mixin.py:190} INFO - [2025-04-07T18:30:39.471+0800] {dag.py:4180} INFO - Setting next_dagrun for example_branch_labels to 2025-04-06 00:00:00+00:00, run_after=2025-04-07 00:00:00+00:00
[2025-04-07T18:30:39.481+0800] {processor.py:208} INFO - Processing /Users/ervinyeoh/Desktop/unimods/is3107/project/.venv/lib/python3.11/site-packages/airflow/example_dags/example_branch_labels.py took 0.111 seconds
[2025-04-07T18:34:02.684+0800] {processor.py:186} INFO - Started process (PID=94781) to work on /Users/ervinyeoh/Desktop/unimods/is3107/project/.venv/lib/python3.11/site-packages/airflow/example_dags/example_branch_labels.py
[2025-04-07T18:34:02.685+0800] {processor.py:914} INFO - Processing file /Users/ervinyeoh/Desktop/unimods/is3107/project/.venv/lib/python3.11/site-packages/airflow/example_dags/example_branch_labels.py for tasks to queue
[2025-04-07T18:34:02.686+0800] {logging_mixin.py:190} INFO - [2025-04-07T18:34:02.686+0800] {dagbag.py:588} INFO - Filling up the DagBag from /Users/ervinyeoh/Desktop/unimods/is3107/project/.venv/lib/python3.11/site-packages/airflow/example_dags/example_branch_labels.py
[2025-04-07T18:34:02.692+0800] {processor.py:925} INFO - DAG(s) 'example_branch_labels' retrieved from /Users/ervinyeoh/Desktop/unimods/is3107/project/.venv/lib/python3.11/site-packages/airflow/example_dags/example_branch_labels.py
[2025-04-07T18:34:02.777+0800] {logging_mixin.py:190} INFO - [2025-04-07T18:34:02.777+0800] {dag.py:3239} INFO - Sync 1 DAGs
[2025-04-07T18:34:02.788+0800] {logging_mixin.py:190} INFO - [2025-04-07T18:34:02.788+0800] {dag.py:4180} INFO - Setting next_dagrun for example_branch_labels to 2025-04-06 00:00:00+00:00, run_after=2025-04-07 00:00:00+00:00
[2025-04-07T18:34:02.799+0800] {processor.py:208} INFO - Processing /Users/ervinyeoh/Desktop/unimods/is3107/project/.venv/lib/python3.11/site-packages/airflow/example_dags/example_branch_labels.py took 0.116 seconds
[2025-04-07T18:37:21.018+0800] {processor.py:186} INFO - Started process (PID=95012) to work on /Users/ervinyeoh/Desktop/unimods/is3107/project/.venv/lib/python3.11/site-packages/airflow/example_dags/example_branch_labels.py
[2025-04-07T18:37:21.020+0800] {processor.py:914} INFO - Processing file /Users/ervinyeoh/Desktop/unimods/is3107/project/.venv/lib/python3.11/site-packages/airflow/example_dags/example_branch_labels.py for tasks to queue
[2025-04-07T18:37:21.020+0800] {logging_mixin.py:190} INFO - [2025-04-07T18:37:21.020+0800] {dagbag.py:588} INFO - Filling up the DagBag from /Users/ervinyeoh/Desktop/unimods/is3107/project/.venv/lib/python3.11/site-packages/airflow/example_dags/example_branch_labels.py
[2025-04-07T18:37:21.026+0800] {processor.py:925} INFO - DAG(s) 'example_branch_labels' retrieved from /Users/ervinyeoh/Desktop/unimods/is3107/project/.venv/lib/python3.11/site-packages/airflow/example_dags/example_branch_labels.py
[2025-04-07T18:37:21.108+0800] {logging_mixin.py:190} INFO - [2025-04-07T18:37:21.108+0800] {dag.py:3239} INFO - Sync 1 DAGs
[2025-04-07T18:37:21.118+0800] {logging_mixin.py:190} INFO - [2025-04-07T18:37:21.118+0800] {dag.py:4180} INFO - Setting next_dagrun for example_branch_labels to 2025-04-06 00:00:00+00:00, run_after=2025-04-07 00:00:00+00:00
[2025-04-07T18:37:21.128+0800] {processor.py:208} INFO - Processing /Users/ervinyeoh/Desktop/unimods/is3107/project/.venv/lib/python3.11/site-packages/airflow/example_dags/example_branch_labels.py took 0.111 seconds
[2025-04-07T18:40:41.297+0800] {processor.py:186} INFO - Started process (PID=95234) to work on /Users/ervinyeoh/Desktop/unimods/is3107/project/.venv/lib/python3.11/site-packages/airflow/example_dags/example_branch_labels.py
[2025-04-07T18:40:41.299+0800] {processor.py:914} INFO - Processing file /Users/ervinyeoh/Desktop/unimods/is3107/project/.venv/lib/python3.11/site-packages/airflow/example_dags/example_branch_labels.py for tasks to queue
[2025-04-07T18:40:41.299+0800] {logging_mixin.py:190} INFO - [2025-04-07T18:40:41.299+0800] {dagbag.py:588} INFO - Filling up the DagBag from /Users/ervinyeoh/Desktop/unimods/is3107/project/.venv/lib/python3.11/site-packages/airflow/example_dags/example_branch_labels.py
[2025-04-07T18:40:41.305+0800] {processor.py:925} INFO - DAG(s) 'example_branch_labels' retrieved from /Users/ervinyeoh/Desktop/unimods/is3107/project/.venv/lib/python3.11/site-packages/airflow/example_dags/example_branch_labels.py
[2025-04-07T18:40:41.387+0800] {logging_mixin.py:190} INFO - [2025-04-07T18:40:41.387+0800] {dag.py:3239} INFO - Sync 1 DAGs
[2025-04-07T18:40:41.397+0800] {logging_mixin.py:190} INFO - [2025-04-07T18:40:41.397+0800] {dag.py:4180} INFO - Setting next_dagrun for example_branch_labels to 2025-04-06 00:00:00+00:00, run_after=2025-04-07 00:00:00+00:00
[2025-04-07T18:40:41.407+0800] {processor.py:208} INFO - Processing /Users/ervinyeoh/Desktop/unimods/is3107/project/.venv/lib/python3.11/site-packages/airflow/example_dags/example_branch_labels.py took 0.111 seconds
[2025-04-07T18:44:00.593+0800] {processor.py:186} INFO - Started process (PID=95451) to work on /Users/ervinyeoh/Desktop/unimods/is3107/project/.venv/lib/python3.11/site-packages/airflow/example_dags/example_branch_labels.py
[2025-04-07T18:44:00.594+0800] {processor.py:914} INFO - Processing file /Users/ervinyeoh/Desktop/unimods/is3107/project/.venv/lib/python3.11/site-packages/airflow/example_dags/example_branch_labels.py for tasks to queue
[2025-04-07T18:44:00.595+0800] {logging_mixin.py:190} INFO - [2025-04-07T18:44:00.595+0800] {dagbag.py:588} INFO - Filling up the DagBag from /Users/ervinyeoh/Desktop/unimods/is3107/project/.venv/lib/python3.11/site-packages/airflow/example_dags/example_branch_labels.py
[2025-04-07T18:44:00.600+0800] {processor.py:925} INFO - DAG(s) 'example_branch_labels' retrieved from /Users/ervinyeoh/Desktop/unimods/is3107/project/.venv/lib/python3.11/site-packages/airflow/example_dags/example_branch_labels.py
[2025-04-07T18:44:00.683+0800] {logging_mixin.py:190} INFO - [2025-04-07T18:44:00.683+0800] {dag.py:3239} INFO - Sync 1 DAGs
[2025-04-07T18:44:00.695+0800] {logging_mixin.py:190} INFO - [2025-04-07T18:44:00.694+0800] {dag.py:4180} INFO - Setting next_dagrun for example_branch_labels to 2025-04-06 00:00:00+00:00, run_after=2025-04-07 00:00:00+00:00
[2025-04-07T18:44:00.704+0800] {processor.py:208} INFO - Processing /Users/ervinyeoh/Desktop/unimods/is3107/project/.venv/lib/python3.11/site-packages/airflow/example_dags/example_branch_labels.py took 0.112 seconds
[2025-04-07T18:47:21.279+0800] {processor.py:186} INFO - Started process (PID=95687) to work on /Users/ervinyeoh/Desktop/unimods/is3107/project/.venv/lib/python3.11/site-packages/airflow/example_dags/example_branch_labels.py
[2025-04-07T18:47:21.280+0800] {processor.py:914} INFO - Processing file /Users/ervinyeoh/Desktop/unimods/is3107/project/.venv/lib/python3.11/site-packages/airflow/example_dags/example_branch_labels.py for tasks to queue
[2025-04-07T18:47:21.281+0800] {logging_mixin.py:190} INFO - [2025-04-07T18:47:21.281+0800] {dagbag.py:588} INFO - Filling up the DagBag from /Users/ervinyeoh/Desktop/unimods/is3107/project/.venv/lib/python3.11/site-packages/airflow/example_dags/example_branch_labels.py
[2025-04-07T18:47:21.286+0800] {processor.py:925} INFO - DAG(s) 'example_branch_labels' retrieved from /Users/ervinyeoh/Desktop/unimods/is3107/project/.venv/lib/python3.11/site-packages/airflow/example_dags/example_branch_labels.py
[2025-04-07T18:47:21.369+0800] {logging_mixin.py:190} INFO - [2025-04-07T18:47:21.369+0800] {dag.py:3239} INFO - Sync 1 DAGs
[2025-04-07T18:47:21.380+0800] {logging_mixin.py:190} INFO - [2025-04-07T18:47:21.380+0800] {dag.py:4180} INFO - Setting next_dagrun for example_branch_labels to 2025-04-06 00:00:00+00:00, run_after=2025-04-07 00:00:00+00:00
[2025-04-07T18:47:21.389+0800] {processor.py:208} INFO - Processing /Users/ervinyeoh/Desktop/unimods/is3107/project/.venv/lib/python3.11/site-packages/airflow/example_dags/example_branch_labels.py took 0.112 seconds
[2025-04-07T18:50:38.690+0800] {processor.py:186} INFO - Started process (PID=95917) to work on /Users/ervinyeoh/Desktop/unimods/is3107/project/.venv/lib/python3.11/site-packages/airflow/example_dags/example_branch_labels.py
[2025-04-07T18:50:38.691+0800] {processor.py:914} INFO - Processing file /Users/ervinyeoh/Desktop/unimods/is3107/project/.venv/lib/python3.11/site-packages/airflow/example_dags/example_branch_labels.py for tasks to queue
[2025-04-07T18:50:38.692+0800] {logging_mixin.py:190} INFO - [2025-04-07T18:50:38.692+0800] {dagbag.py:588} INFO - Filling up the DagBag from /Users/ervinyeoh/Desktop/unimods/is3107/project/.venv/lib/python3.11/site-packages/airflow/example_dags/example_branch_labels.py
[2025-04-07T18:50:38.697+0800] {processor.py:925} INFO - DAG(s) 'example_branch_labels' retrieved from /Users/ervinyeoh/Desktop/unimods/is3107/project/.venv/lib/python3.11/site-packages/airflow/example_dags/example_branch_labels.py
[2025-04-07T18:50:38.780+0800] {logging_mixin.py:190} INFO - [2025-04-07T18:50:38.780+0800] {dag.py:3239} INFO - Sync 1 DAGs
[2025-04-07T18:50:38.791+0800] {logging_mixin.py:190} INFO - [2025-04-07T18:50:38.791+0800] {dag.py:4180} INFO - Setting next_dagrun for example_branch_labels to 2025-04-06 00:00:00+00:00, run_after=2025-04-07 00:00:00+00:00
[2025-04-07T18:50:38.801+0800] {processor.py:208} INFO - Processing /Users/ervinyeoh/Desktop/unimods/is3107/project/.venv/lib/python3.11/site-packages/airflow/example_dags/example_branch_labels.py took 0.113 seconds
[2025-04-07T18:53:58.395+0800] {processor.py:186} INFO - Started process (PID=96136) to work on /Users/ervinyeoh/Desktop/unimods/is3107/project/.venv/lib/python3.11/site-packages/airflow/example_dags/example_branch_labels.py
[2025-04-07T18:53:58.396+0800] {processor.py:914} INFO - Processing file /Users/ervinyeoh/Desktop/unimods/is3107/project/.venv/lib/python3.11/site-packages/airflow/example_dags/example_branch_labels.py for tasks to queue
[2025-04-07T18:53:58.397+0800] {logging_mixin.py:190} INFO - [2025-04-07T18:53:58.397+0800] {dagbag.py:588} INFO - Filling up the DagBag from /Users/ervinyeoh/Desktop/unimods/is3107/project/.venv/lib/python3.11/site-packages/airflow/example_dags/example_branch_labels.py
[2025-04-07T18:53:58.402+0800] {processor.py:925} INFO - DAG(s) 'example_branch_labels' retrieved from /Users/ervinyeoh/Desktop/unimods/is3107/project/.venv/lib/python3.11/site-packages/airflow/example_dags/example_branch_labels.py
[2025-04-07T18:53:58.484+0800] {logging_mixin.py:190} INFO - [2025-04-07T18:53:58.484+0800] {dag.py:3239} INFO - Sync 1 DAGs
[2025-04-07T18:53:58.494+0800] {logging_mixin.py:190} INFO - [2025-04-07T18:53:58.494+0800] {dag.py:4180} INFO - Setting next_dagrun for example_branch_labels to 2025-04-06 00:00:00+00:00, run_after=2025-04-07 00:00:00+00:00
[2025-04-07T18:53:58.504+0800] {processor.py:208} INFO - Processing /Users/ervinyeoh/Desktop/unimods/is3107/project/.venv/lib/python3.11/site-packages/airflow/example_dags/example_branch_labels.py took 0.110 seconds
[2025-04-07T19:43:29.087+0800] {processor.py:186} INFO - Started process (PID=96456) to work on /Users/ervinyeoh/Desktop/unimods/is3107/project/.venv/lib/python3.11/site-packages/airflow/example_dags/example_branch_labels.py
[2025-04-07T19:43:29.089+0800] {processor.py:914} INFO - Processing file /Users/ervinyeoh/Desktop/unimods/is3107/project/.venv/lib/python3.11/site-packages/airflow/example_dags/example_branch_labels.py for tasks to queue
[2025-04-07T19:43:29.089+0800] {logging_mixin.py:190} INFO - [2025-04-07T19:43:29.089+0800] {dagbag.py:588} INFO - Filling up the DagBag from /Users/ervinyeoh/Desktop/unimods/is3107/project/.venv/lib/python3.11/site-packages/airflow/example_dags/example_branch_labels.py
[2025-04-07T19:43:29.095+0800] {processor.py:925} INFO - DAG(s) 'example_branch_labels' retrieved from /Users/ervinyeoh/Desktop/unimods/is3107/project/.venv/lib/python3.11/site-packages/airflow/example_dags/example_branch_labels.py
[2025-04-07T19:43:29.177+0800] {logging_mixin.py:190} INFO - [2025-04-07T19:43:29.177+0800] {dag.py:3239} INFO - Sync 1 DAGs
[2025-04-07T19:43:29.189+0800] {logging_mixin.py:190} INFO - [2025-04-07T19:43:29.189+0800] {dag.py:4180} INFO - Setting next_dagrun for example_branch_labels to 2025-04-06 00:00:00+00:00, run_after=2025-04-07 00:00:00+00:00
[2025-04-07T19:43:29.199+0800] {processor.py:208} INFO - Processing /Users/ervinyeoh/Desktop/unimods/is3107/project/.venv/lib/python3.11/site-packages/airflow/example_dags/example_branch_labels.py took 0.113 seconds
[2025-04-07T19:57:44.282+0800] {processor.py:186} INFO - Started process (PID=96741) to work on /Users/ervinyeoh/Desktop/unimods/is3107/project/.venv/lib/python3.11/site-packages/airflow/example_dags/example_branch_labels.py
[2025-04-07T19:57:44.283+0800] {processor.py:914} INFO - Processing file /Users/ervinyeoh/Desktop/unimods/is3107/project/.venv/lib/python3.11/site-packages/airflow/example_dags/example_branch_labels.py for tasks to queue
[2025-04-07T19:57:44.284+0800] {logging_mixin.py:190} INFO - [2025-04-07T19:57:44.284+0800] {dagbag.py:588} INFO - Filling up the DagBag from /Users/ervinyeoh/Desktop/unimods/is3107/project/.venv/lib/python3.11/site-packages/airflow/example_dags/example_branch_labels.py
[2025-04-07T19:57:44.289+0800] {processor.py:925} INFO - DAG(s) 'example_branch_labels' retrieved from /Users/ervinyeoh/Desktop/unimods/is3107/project/.venv/lib/python3.11/site-packages/airflow/example_dags/example_branch_labels.py
[2025-04-07T19:57:44.371+0800] {logging_mixin.py:190} INFO - [2025-04-07T19:57:44.371+0800] {dag.py:3239} INFO - Sync 1 DAGs
[2025-04-07T19:57:44.382+0800] {logging_mixin.py:190} INFO - [2025-04-07T19:57:44.382+0800] {dag.py:4180} INFO - Setting next_dagrun for example_branch_labels to 2025-04-06 00:00:00+00:00, run_after=2025-04-07 00:00:00+00:00
[2025-04-07T19:57:44.391+0800] {processor.py:208} INFO - Processing /Users/ervinyeoh/Desktop/unimods/is3107/project/.venv/lib/python3.11/site-packages/airflow/example_dags/example_branch_labels.py took 0.111 seconds
[2025-04-07T20:03:58.553+0800] {processor.py:186} INFO - Started process (PID=97012) to work on /Users/ervinyeoh/Desktop/unimods/is3107/project/.venv/lib/python3.11/site-packages/airflow/example_dags/example_branch_labels.py
[2025-04-07T20:03:58.555+0800] {processor.py:914} INFO - Processing file /Users/ervinyeoh/Desktop/unimods/is3107/project/.venv/lib/python3.11/site-packages/airflow/example_dags/example_branch_labels.py for tasks to queue
[2025-04-07T20:03:58.555+0800] {logging_mixin.py:190} INFO - [2025-04-07T20:03:58.555+0800] {dagbag.py:588} INFO - Filling up the DagBag from /Users/ervinyeoh/Desktop/unimods/is3107/project/.venv/lib/python3.11/site-packages/airflow/example_dags/example_branch_labels.py
[2025-04-07T20:03:58.561+0800] {processor.py:925} INFO - DAG(s) 'example_branch_labels' retrieved from /Users/ervinyeoh/Desktop/unimods/is3107/project/.venv/lib/python3.11/site-packages/airflow/example_dags/example_branch_labels.py
[2025-04-07T20:03:58.646+0800] {logging_mixin.py:190} INFO - [2025-04-07T20:03:58.646+0800] {dag.py:3239} INFO - Sync 1 DAGs
[2025-04-07T20:03:58.657+0800] {logging_mixin.py:190} INFO - [2025-04-07T20:03:58.657+0800] {dag.py:4180} INFO - Setting next_dagrun for example_branch_labels to 2025-04-06 00:00:00+00:00, run_after=2025-04-07 00:00:00+00:00
[2025-04-07T20:03:58.667+0800] {processor.py:208} INFO - Processing /Users/ervinyeoh/Desktop/unimods/is3107/project/.venv/lib/python3.11/site-packages/airflow/example_dags/example_branch_labels.py took 0.115 seconds
[2025-04-07T20:07:20.791+0800] {processor.py:186} INFO - Started process (PID=97240) to work on /Users/ervinyeoh/Desktop/unimods/is3107/project/.venv/lib/python3.11/site-packages/airflow/example_dags/example_branch_labels.py
[2025-04-07T20:07:20.792+0800] {processor.py:914} INFO - Processing file /Users/ervinyeoh/Desktop/unimods/is3107/project/.venv/lib/python3.11/site-packages/airflow/example_dags/example_branch_labels.py for tasks to queue
[2025-04-07T20:07:20.793+0800] {logging_mixin.py:190} INFO - [2025-04-07T20:07:20.793+0800] {dagbag.py:588} INFO - Filling up the DagBag from /Users/ervinyeoh/Desktop/unimods/is3107/project/.venv/lib/python3.11/site-packages/airflow/example_dags/example_branch_labels.py
[2025-04-07T20:07:20.798+0800] {processor.py:925} INFO - DAG(s) 'example_branch_labels' retrieved from /Users/ervinyeoh/Desktop/unimods/is3107/project/.venv/lib/python3.11/site-packages/airflow/example_dags/example_branch_labels.py
[2025-04-07T20:07:20.885+0800] {logging_mixin.py:190} INFO - [2025-04-07T20:07:20.885+0800] {dag.py:3239} INFO - Sync 1 DAGs
[2025-04-07T20:07:20.895+0800] {logging_mixin.py:190} INFO - [2025-04-07T20:07:20.895+0800] {dag.py:4180} INFO - Setting next_dagrun for example_branch_labels to 2025-04-06 00:00:00+00:00, run_after=2025-04-07 00:00:00+00:00
[2025-04-07T20:07:20.905+0800] {processor.py:208} INFO - Processing /Users/ervinyeoh/Desktop/unimods/is3107/project/.venv/lib/python3.11/site-packages/airflow/example_dags/example_branch_labels.py took 0.116 seconds
[2025-04-07T20:10:39.439+0800] {processor.py:186} INFO - Started process (PID=97460) to work on /Users/ervinyeoh/Desktop/unimods/is3107/project/.venv/lib/python3.11/site-packages/airflow/example_dags/example_branch_labels.py
[2025-04-07T20:10:39.441+0800] {processor.py:914} INFO - Processing file /Users/ervinyeoh/Desktop/unimods/is3107/project/.venv/lib/python3.11/site-packages/airflow/example_dags/example_branch_labels.py for tasks to queue
[2025-04-07T20:10:39.441+0800] {logging_mixin.py:190} INFO - [2025-04-07T20:10:39.441+0800] {dagbag.py:588} INFO - Filling up the DagBag from /Users/ervinyeoh/Desktop/unimods/is3107/project/.venv/lib/python3.11/site-packages/airflow/example_dags/example_branch_labels.py
[2025-04-07T20:10:39.447+0800] {processor.py:925} INFO - DAG(s) 'example_branch_labels' retrieved from /Users/ervinyeoh/Desktop/unimods/is3107/project/.venv/lib/python3.11/site-packages/airflow/example_dags/example_branch_labels.py
[2025-04-07T20:10:39.530+0800] {logging_mixin.py:190} INFO - [2025-04-07T20:10:39.530+0800] {dag.py:3239} INFO - Sync 1 DAGs
[2025-04-07T20:10:39.540+0800] {logging_mixin.py:190} INFO - [2025-04-07T20:10:39.540+0800] {dag.py:4180} INFO - Setting next_dagrun for example_branch_labels to 2025-04-06 00:00:00+00:00, run_after=2025-04-07 00:00:00+00:00
[2025-04-07T20:10:39.550+0800] {processor.py:208} INFO - Processing /Users/ervinyeoh/Desktop/unimods/is3107/project/.venv/lib/python3.11/site-packages/airflow/example_dags/example_branch_labels.py took 0.112 seconds
[2025-04-07T20:13:55.000+0800] {processor.py:186} INFO - Started process (PID=97806) to work on /Users/ervinyeoh/Desktop/unimods/is3107/project/.venv/lib/python3.11/site-packages/airflow/example_dags/example_branch_labels.py
[2025-04-07T20:13:55.001+0800] {processor.py:914} INFO - Processing file /Users/ervinyeoh/Desktop/unimods/is3107/project/.venv/lib/python3.11/site-packages/airflow/example_dags/example_branch_labels.py for tasks to queue
[2025-04-07T20:13:55.002+0800] {logging_mixin.py:190} INFO - [2025-04-07T20:13:55.002+0800] {dagbag.py:588} INFO - Filling up the DagBag from /Users/ervinyeoh/Desktop/unimods/is3107/project/.venv/lib/python3.11/site-packages/airflow/example_dags/example_branch_labels.py
[2025-04-07T20:13:55.008+0800] {processor.py:925} INFO - DAG(s) 'example_branch_labels' retrieved from /Users/ervinyeoh/Desktop/unimods/is3107/project/.venv/lib/python3.11/site-packages/airflow/example_dags/example_branch_labels.py
[2025-04-07T20:13:55.090+0800] {logging_mixin.py:190} INFO - [2025-04-07T20:13:55.089+0800] {dag.py:3239} INFO - Sync 1 DAGs
[2025-04-07T20:13:55.100+0800] {logging_mixin.py:190} INFO - [2025-04-07T20:13:55.100+0800] {dag.py:4180} INFO - Setting next_dagrun for example_branch_labels to 2025-04-06 00:00:00+00:00, run_after=2025-04-07 00:00:00+00:00
[2025-04-07T20:13:55.111+0800] {processor.py:208} INFO - Processing /Users/ervinyeoh/Desktop/unimods/is3107/project/.venv/lib/python3.11/site-packages/airflow/example_dags/example_branch_labels.py took 0.112 seconds
[2025-04-07T20:17:11.133+0800] {processor.py:186} INFO - Started process (PID=98027) to work on /Users/ervinyeoh/Desktop/unimods/is3107/project/.venv/lib/python3.11/site-packages/airflow/example_dags/example_branch_labels.py
[2025-04-07T20:17:11.134+0800] {processor.py:914} INFO - Processing file /Users/ervinyeoh/Desktop/unimods/is3107/project/.venv/lib/python3.11/site-packages/airflow/example_dags/example_branch_labels.py for tasks to queue
[2025-04-07T20:17:11.135+0800] {logging_mixin.py:190} INFO - [2025-04-07T20:17:11.135+0800] {dagbag.py:588} INFO - Filling up the DagBag from /Users/ervinyeoh/Desktop/unimods/is3107/project/.venv/lib/python3.11/site-packages/airflow/example_dags/example_branch_labels.py
[2025-04-07T20:17:11.140+0800] {processor.py:925} INFO - DAG(s) 'example_branch_labels' retrieved from /Users/ervinyeoh/Desktop/unimods/is3107/project/.venv/lib/python3.11/site-packages/airflow/example_dags/example_branch_labels.py
[2025-04-07T20:17:11.224+0800] {logging_mixin.py:190} INFO - [2025-04-07T20:17:11.223+0800] {dag.py:3239} INFO - Sync 1 DAGs
[2025-04-07T20:17:11.234+0800] {logging_mixin.py:190} INFO - [2025-04-07T20:17:11.234+0800] {dag.py:4180} INFO - Setting next_dagrun for example_branch_labels to 2025-04-06 00:00:00+00:00, run_after=2025-04-07 00:00:00+00:00
[2025-04-07T20:17:11.244+0800] {processor.py:208} INFO - Processing /Users/ervinyeoh/Desktop/unimods/is3107/project/.venv/lib/python3.11/site-packages/airflow/example_dags/example_branch_labels.py took 0.113 seconds
[2025-04-07T20:20:31.340+0800] {processor.py:186} INFO - Started process (PID=98315) to work on /Users/ervinyeoh/Desktop/unimods/is3107/project/.venv/lib/python3.11/site-packages/airflow/example_dags/example_branch_labels.py
[2025-04-07T20:20:31.342+0800] {processor.py:914} INFO - Processing file /Users/ervinyeoh/Desktop/unimods/is3107/project/.venv/lib/python3.11/site-packages/airflow/example_dags/example_branch_labels.py for tasks to queue
[2025-04-07T20:20:31.342+0800] {logging_mixin.py:190} INFO - [2025-04-07T20:20:31.342+0800] {dagbag.py:588} INFO - Filling up the DagBag from /Users/ervinyeoh/Desktop/unimods/is3107/project/.venv/lib/python3.11/site-packages/airflow/example_dags/example_branch_labels.py
[2025-04-07T20:20:31.348+0800] {processor.py:925} INFO - DAG(s) 'example_branch_labels' retrieved from /Users/ervinyeoh/Desktop/unimods/is3107/project/.venv/lib/python3.11/site-packages/airflow/example_dags/example_branch_labels.py
[2025-04-07T20:20:31.433+0800] {logging_mixin.py:190} INFO - [2025-04-07T20:20:31.432+0800] {dag.py:3239} INFO - Sync 1 DAGs
[2025-04-07T20:20:31.443+0800] {logging_mixin.py:190} INFO - [2025-04-07T20:20:31.443+0800] {dag.py:4180} INFO - Setting next_dagrun for example_branch_labels to 2025-04-06 00:00:00+00:00, run_after=2025-04-07 00:00:00+00:00
[2025-04-07T20:20:31.454+0800] {processor.py:208} INFO - Processing /Users/ervinyeoh/Desktop/unimods/is3107/project/.venv/lib/python3.11/site-packages/airflow/example_dags/example_branch_labels.py took 0.115 seconds
[2025-04-07T20:23:49.610+0800] {processor.py:186} INFO - Started process (PID=98544) to work on /Users/ervinyeoh/Desktop/unimods/is3107/project/.venv/lib/python3.11/site-packages/airflow/example_dags/example_branch_labels.py
[2025-04-07T20:23:49.611+0800] {processor.py:914} INFO - Processing file /Users/ervinyeoh/Desktop/unimods/is3107/project/.venv/lib/python3.11/site-packages/airflow/example_dags/example_branch_labels.py for tasks to queue
[2025-04-07T20:23:49.612+0800] {logging_mixin.py:190} INFO - [2025-04-07T20:23:49.612+0800] {dagbag.py:588} INFO - Filling up the DagBag from /Users/ervinyeoh/Desktop/unimods/is3107/project/.venv/lib/python3.11/site-packages/airflow/example_dags/example_branch_labels.py
[2025-04-07T20:23:49.617+0800] {processor.py:925} INFO - DAG(s) 'example_branch_labels' retrieved from /Users/ervinyeoh/Desktop/unimods/is3107/project/.venv/lib/python3.11/site-packages/airflow/example_dags/example_branch_labels.py
[2025-04-07T20:23:49.700+0800] {logging_mixin.py:190} INFO - [2025-04-07T20:23:49.699+0800] {dag.py:3239} INFO - Sync 1 DAGs
[2025-04-07T20:23:49.710+0800] {logging_mixin.py:190} INFO - [2025-04-07T20:23:49.710+0800] {dag.py:4180} INFO - Setting next_dagrun for example_branch_labels to 2025-04-06 00:00:00+00:00, run_after=2025-04-07 00:00:00+00:00
[2025-04-07T20:23:49.719+0800] {processor.py:208} INFO - Processing /Users/ervinyeoh/Desktop/unimods/is3107/project/.venv/lib/python3.11/site-packages/airflow/example_dags/example_branch_labels.py took 0.111 seconds
[2025-04-07T20:27:04.222+0800] {processor.py:186} INFO - Started process (PID=98765) to work on /Users/ervinyeoh/Desktop/unimods/is3107/project/.venv/lib/python3.11/site-packages/airflow/example_dags/example_branch_labels.py
[2025-04-07T20:27:04.224+0800] {processor.py:914} INFO - Processing file /Users/ervinyeoh/Desktop/unimods/is3107/project/.venv/lib/python3.11/site-packages/airflow/example_dags/example_branch_labels.py for tasks to queue
[2025-04-07T20:27:04.224+0800] {logging_mixin.py:190} INFO - [2025-04-07T20:27:04.224+0800] {dagbag.py:588} INFO - Filling up the DagBag from /Users/ervinyeoh/Desktop/unimods/is3107/project/.venv/lib/python3.11/site-packages/airflow/example_dags/example_branch_labels.py
[2025-04-07T20:27:04.229+0800] {processor.py:925} INFO - DAG(s) 'example_branch_labels' retrieved from /Users/ervinyeoh/Desktop/unimods/is3107/project/.venv/lib/python3.11/site-packages/airflow/example_dags/example_branch_labels.py
[2025-04-07T20:27:04.312+0800] {logging_mixin.py:190} INFO - [2025-04-07T20:27:04.311+0800] {dag.py:3239} INFO - Sync 1 DAGs
[2025-04-07T20:27:04.322+0800] {logging_mixin.py:190} INFO - [2025-04-07T20:27:04.322+0800] {dag.py:4180} INFO - Setting next_dagrun for example_branch_labels to 2025-04-06 00:00:00+00:00, run_after=2025-04-07 00:00:00+00:00
[2025-04-07T20:27:04.331+0800] {processor.py:208} INFO - Processing /Users/ervinyeoh/Desktop/unimods/is3107/project/.venv/lib/python3.11/site-packages/airflow/example_dags/example_branch_labels.py took 0.111 seconds
[2025-04-07T20:30:23.976+0800] {processor.py:186} INFO - Started process (PID=99002) to work on /Users/ervinyeoh/Desktop/unimods/is3107/project/.venv/lib/python3.11/site-packages/airflow/example_dags/example_branch_labels.py
[2025-04-07T20:30:23.977+0800] {processor.py:914} INFO - Processing file /Users/ervinyeoh/Desktop/unimods/is3107/project/.venv/lib/python3.11/site-packages/airflow/example_dags/example_branch_labels.py for tasks to queue
[2025-04-07T20:30:23.978+0800] {logging_mixin.py:190} INFO - [2025-04-07T20:30:23.978+0800] {dagbag.py:588} INFO - Filling up the DagBag from /Users/ervinyeoh/Desktop/unimods/is3107/project/.venv/lib/python3.11/site-packages/airflow/example_dags/example_branch_labels.py
[2025-04-07T20:30:23.983+0800] {processor.py:925} INFO - DAG(s) 'example_branch_labels' retrieved from /Users/ervinyeoh/Desktop/unimods/is3107/project/.venv/lib/python3.11/site-packages/airflow/example_dags/example_branch_labels.py
[2025-04-07T20:30:24.066+0800] {logging_mixin.py:190} INFO - [2025-04-07T20:30:24.066+0800] {dag.py:3239} INFO - Sync 1 DAGs
[2025-04-07T20:30:24.076+0800] {logging_mixin.py:190} INFO - [2025-04-07T20:30:24.076+0800] {dag.py:4180} INFO - Setting next_dagrun for example_branch_labels to 2025-04-06 00:00:00+00:00, run_after=2025-04-07 00:00:00+00:00
[2025-04-07T20:30:24.086+0800] {processor.py:208} INFO - Processing /Users/ervinyeoh/Desktop/unimods/is3107/project/.venv/lib/python3.11/site-packages/airflow/example_dags/example_branch_labels.py took 0.111 seconds
[2025-04-07T20:33:43.017+0800] {processor.py:186} INFO - Started process (PID=99219) to work on /Users/ervinyeoh/Desktop/unimods/is3107/project/.venv/lib/python3.11/site-packages/airflow/example_dags/example_branch_labels.py
[2025-04-07T20:33:43.019+0800] {processor.py:914} INFO - Processing file /Users/ervinyeoh/Desktop/unimods/is3107/project/.venv/lib/python3.11/site-packages/airflow/example_dags/example_branch_labels.py for tasks to queue
[2025-04-07T20:33:43.019+0800] {logging_mixin.py:190} INFO - [2025-04-07T20:33:43.019+0800] {dagbag.py:588} INFO - Filling up the DagBag from /Users/ervinyeoh/Desktop/unimods/is3107/project/.venv/lib/python3.11/site-packages/airflow/example_dags/example_branch_labels.py
[2025-04-07T20:33:43.025+0800] {processor.py:925} INFO - DAG(s) 'example_branch_labels' retrieved from /Users/ervinyeoh/Desktop/unimods/is3107/project/.venv/lib/python3.11/site-packages/airflow/example_dags/example_branch_labels.py
[2025-04-07T20:33:43.107+0800] {logging_mixin.py:190} INFO - [2025-04-07T20:33:43.106+0800] {dag.py:3239} INFO - Sync 1 DAGs
[2025-04-07T20:33:43.117+0800] {logging_mixin.py:190} INFO - [2025-04-07T20:33:43.117+0800] {dag.py:4180} INFO - Setting next_dagrun for example_branch_labels to 2025-04-06 00:00:00+00:00, run_after=2025-04-07 00:00:00+00:00
[2025-04-07T20:33:43.126+0800] {processor.py:208} INFO - Processing /Users/ervinyeoh/Desktop/unimods/is3107/project/.venv/lib/python3.11/site-packages/airflow/example_dags/example_branch_labels.py took 0.111 seconds
[2025-04-07T20:36:57.619+0800] {processor.py:186} INFO - Started process (PID=99438) to work on /Users/ervinyeoh/Desktop/unimods/is3107/project/.venv/lib/python3.11/site-packages/airflow/example_dags/example_branch_labels.py
[2025-04-07T20:36:57.620+0800] {processor.py:914} INFO - Processing file /Users/ervinyeoh/Desktop/unimods/is3107/project/.venv/lib/python3.11/site-packages/airflow/example_dags/example_branch_labels.py for tasks to queue
[2025-04-07T20:36:57.621+0800] {logging_mixin.py:190} INFO - [2025-04-07T20:36:57.621+0800] {dagbag.py:588} INFO - Filling up the DagBag from /Users/ervinyeoh/Desktop/unimods/is3107/project/.venv/lib/python3.11/site-packages/airflow/example_dags/example_branch_labels.py
[2025-04-07T20:36:57.626+0800] {processor.py:925} INFO - DAG(s) 'example_branch_labels' retrieved from /Users/ervinyeoh/Desktop/unimods/is3107/project/.venv/lib/python3.11/site-packages/airflow/example_dags/example_branch_labels.py
[2025-04-07T20:36:57.710+0800] {logging_mixin.py:190} INFO - [2025-04-07T20:36:57.710+0800] {dag.py:3239} INFO - Sync 1 DAGs
[2025-04-07T20:36:57.721+0800] {logging_mixin.py:190} INFO - [2025-04-07T20:36:57.721+0800] {dag.py:4180} INFO - Setting next_dagrun for example_branch_labels to 2025-04-06 00:00:00+00:00, run_after=2025-04-07 00:00:00+00:00
[2025-04-07T20:36:57.731+0800] {processor.py:208} INFO - Processing /Users/ervinyeoh/Desktop/unimods/is3107/project/.venv/lib/python3.11/site-packages/airflow/example_dags/example_branch_labels.py took 0.113 seconds
[2025-04-07T20:40:15.651+0800] {processor.py:186} INFO - Started process (PID=99677) to work on /Users/ervinyeoh/Desktop/unimods/is3107/project/.venv/lib/python3.11/site-packages/airflow/example_dags/example_branch_labels.py
[2025-04-07T20:40:15.653+0800] {processor.py:914} INFO - Processing file /Users/ervinyeoh/Desktop/unimods/is3107/project/.venv/lib/python3.11/site-packages/airflow/example_dags/example_branch_labels.py for tasks to queue
[2025-04-07T20:40:15.653+0800] {logging_mixin.py:190} INFO - [2025-04-07T20:40:15.653+0800] {dagbag.py:588} INFO - Filling up the DagBag from /Users/ervinyeoh/Desktop/unimods/is3107/project/.venv/lib/python3.11/site-packages/airflow/example_dags/example_branch_labels.py
[2025-04-07T20:40:15.659+0800] {processor.py:925} INFO - DAG(s) 'example_branch_labels' retrieved from /Users/ervinyeoh/Desktop/unimods/is3107/project/.venv/lib/python3.11/site-packages/airflow/example_dags/example_branch_labels.py
[2025-04-07T20:40:15.741+0800] {logging_mixin.py:190} INFO - [2025-04-07T20:40:15.741+0800] {dag.py:3239} INFO - Sync 1 DAGs
[2025-04-07T20:40:15.752+0800] {logging_mixin.py:190} INFO - [2025-04-07T20:40:15.751+0800] {dag.py:4180} INFO - Setting next_dagrun for example_branch_labels to 2025-04-06 00:00:00+00:00, run_after=2025-04-07 00:00:00+00:00
[2025-04-07T20:40:15.761+0800] {processor.py:208} INFO - Processing /Users/ervinyeoh/Desktop/unimods/is3107/project/.venv/lib/python3.11/site-packages/airflow/example_dags/example_branch_labels.py took 0.111 seconds
[2025-04-07T20:43:35.457+0800] {processor.py:186} INFO - Started process (PID=99920) to work on /Users/ervinyeoh/Desktop/unimods/is3107/project/.venv/lib/python3.11/site-packages/airflow/example_dags/example_branch_labels.py
[2025-04-07T20:43:35.458+0800] {processor.py:914} INFO - Processing file /Users/ervinyeoh/Desktop/unimods/is3107/project/.venv/lib/python3.11/site-packages/airflow/example_dags/example_branch_labels.py for tasks to queue
[2025-04-07T20:43:35.459+0800] {logging_mixin.py:190} INFO - [2025-04-07T20:43:35.459+0800] {dagbag.py:588} INFO - Filling up the DagBag from /Users/ervinyeoh/Desktop/unimods/is3107/project/.venv/lib/python3.11/site-packages/airflow/example_dags/example_branch_labels.py
[2025-04-07T20:43:35.464+0800] {processor.py:925} INFO - DAG(s) 'example_branch_labels' retrieved from /Users/ervinyeoh/Desktop/unimods/is3107/project/.venv/lib/python3.11/site-packages/airflow/example_dags/example_branch_labels.py
[2025-04-07T20:43:35.546+0800] {logging_mixin.py:190} INFO - [2025-04-07T20:43:35.546+0800] {dag.py:3239} INFO - Sync 1 DAGs
[2025-04-07T20:43:35.556+0800] {logging_mixin.py:190} INFO - [2025-04-07T20:43:35.556+0800] {dag.py:4180} INFO - Setting next_dagrun for example_branch_labels to 2025-04-06 00:00:00+00:00, run_after=2025-04-07 00:00:00+00:00
[2025-04-07T20:43:35.566+0800] {processor.py:208} INFO - Processing /Users/ervinyeoh/Desktop/unimods/is3107/project/.venv/lib/python3.11/site-packages/airflow/example_dags/example_branch_labels.py took 0.111 seconds
[2025-04-07T20:52:36.982+0800] {processor.py:186} INFO - Started process (PID=302) to work on /Users/ervinyeoh/Desktop/unimods/is3107/project/.venv/lib/python3.11/site-packages/airflow/example_dags/example_branch_labels.py
[2025-04-07T20:52:36.983+0800] {processor.py:914} INFO - Processing file /Users/ervinyeoh/Desktop/unimods/is3107/project/.venv/lib/python3.11/site-packages/airflow/example_dags/example_branch_labels.py for tasks to queue
[2025-04-07T20:52:36.984+0800] {logging_mixin.py:190} INFO - [2025-04-07T20:52:36.984+0800] {dagbag.py:588} INFO - Filling up the DagBag from /Users/ervinyeoh/Desktop/unimods/is3107/project/.venv/lib/python3.11/site-packages/airflow/example_dags/example_branch_labels.py
[2025-04-07T20:52:36.989+0800] {processor.py:925} INFO - DAG(s) 'example_branch_labels' retrieved from /Users/ervinyeoh/Desktop/unimods/is3107/project/.venv/lib/python3.11/site-packages/airflow/example_dags/example_branch_labels.py
[2025-04-07T20:52:37.072+0800] {logging_mixin.py:190} INFO - [2025-04-07T20:52:37.072+0800] {dag.py:3239} INFO - Sync 1 DAGs
[2025-04-07T20:52:37.083+0800] {logging_mixin.py:190} INFO - [2025-04-07T20:52:37.083+0800] {dag.py:4180} INFO - Setting next_dagrun for example_branch_labels to 2025-04-06 00:00:00+00:00, run_after=2025-04-07 00:00:00+00:00
[2025-04-07T20:52:37.092+0800] {processor.py:208} INFO - Processing /Users/ervinyeoh/Desktop/unimods/is3107/project/.venv/lib/python3.11/site-packages/airflow/example_dags/example_branch_labels.py took 0.112 seconds
[2025-04-07T20:55:57.662+0800] {processor.py:186} INFO - Started process (PID=612) to work on /Users/ervinyeoh/Desktop/unimods/is3107/project/.venv/lib/python3.11/site-packages/airflow/example_dags/example_branch_labels.py
[2025-04-07T20:55:57.664+0800] {processor.py:914} INFO - Processing file /Users/ervinyeoh/Desktop/unimods/is3107/project/.venv/lib/python3.11/site-packages/airflow/example_dags/example_branch_labels.py for tasks to queue
[2025-04-07T20:55:57.665+0800] {logging_mixin.py:190} INFO - [2025-04-07T20:55:57.665+0800] {dagbag.py:588} INFO - Filling up the DagBag from /Users/ervinyeoh/Desktop/unimods/is3107/project/.venv/lib/python3.11/site-packages/airflow/example_dags/example_branch_labels.py
[2025-04-07T20:55:57.670+0800] {processor.py:925} INFO - DAG(s) 'example_branch_labels' retrieved from /Users/ervinyeoh/Desktop/unimods/is3107/project/.venv/lib/python3.11/site-packages/airflow/example_dags/example_branch_labels.py
[2025-04-07T20:55:57.753+0800] {logging_mixin.py:190} INFO - [2025-04-07T20:55:57.752+0800] {dag.py:3239} INFO - Sync 1 DAGs
[2025-04-07T20:55:57.763+0800] {logging_mixin.py:190} INFO - [2025-04-07T20:55:57.763+0800] {dag.py:4180} INFO - Setting next_dagrun for example_branch_labels to 2025-04-06 00:00:00+00:00, run_after=2025-04-07 00:00:00+00:00
[2025-04-07T20:55:57.772+0800] {processor.py:208} INFO - Processing /Users/ervinyeoh/Desktop/unimods/is3107/project/.venv/lib/python3.11/site-packages/airflow/example_dags/example_branch_labels.py took 0.112 seconds
[2025-04-07T20:59:19.160+0800] {processor.py:186} INFO - Started process (PID=919) to work on /Users/ervinyeoh/Desktop/unimods/is3107/project/.venv/lib/python3.11/site-packages/airflow/example_dags/example_branch_labels.py
[2025-04-07T20:59:19.161+0800] {processor.py:914} INFO - Processing file /Users/ervinyeoh/Desktop/unimods/is3107/project/.venv/lib/python3.11/site-packages/airflow/example_dags/example_branch_labels.py for tasks to queue
[2025-04-07T20:59:19.162+0800] {logging_mixin.py:190} INFO - [2025-04-07T20:59:19.162+0800] {dagbag.py:588} INFO - Filling up the DagBag from /Users/ervinyeoh/Desktop/unimods/is3107/project/.venv/lib/python3.11/site-packages/airflow/example_dags/example_branch_labels.py
[2025-04-07T20:59:19.168+0800] {processor.py:925} INFO - DAG(s) 'example_branch_labels' retrieved from /Users/ervinyeoh/Desktop/unimods/is3107/project/.venv/lib/python3.11/site-packages/airflow/example_dags/example_branch_labels.py
[2025-04-07T20:59:19.249+0800] {logging_mixin.py:190} INFO - [2025-04-07T20:59:19.249+0800] {dag.py:3239} INFO - Sync 1 DAGs
[2025-04-07T20:59:19.260+0800] {logging_mixin.py:190} INFO - [2025-04-07T20:59:19.259+0800] {dag.py:4180} INFO - Setting next_dagrun for example_branch_labels to 2025-04-06 00:00:00+00:00, run_after=2025-04-07 00:00:00+00:00
[2025-04-07T20:59:19.269+0800] {processor.py:208} INFO - Processing /Users/ervinyeoh/Desktop/unimods/is3107/project/.venv/lib/python3.11/site-packages/airflow/example_dags/example_branch_labels.py took 0.111 seconds
[2025-04-07T21:02:42.486+0800] {processor.py:186} INFO - Started process (PID=1167) to work on /Users/ervinyeoh/Desktop/unimods/is3107/project/.venv/lib/python3.11/site-packages/airflow/example_dags/example_branch_labels.py
[2025-04-07T21:02:42.487+0800] {processor.py:914} INFO - Processing file /Users/ervinyeoh/Desktop/unimods/is3107/project/.venv/lib/python3.11/site-packages/airflow/example_dags/example_branch_labels.py for tasks to queue
[2025-04-07T21:02:42.488+0800] {logging_mixin.py:190} INFO - [2025-04-07T21:02:42.488+0800] {dagbag.py:588} INFO - Filling up the DagBag from /Users/ervinyeoh/Desktop/unimods/is3107/project/.venv/lib/python3.11/site-packages/airflow/example_dags/example_branch_labels.py
[2025-04-07T21:02:42.494+0800] {processor.py:925} INFO - DAG(s) 'example_branch_labels' retrieved from /Users/ervinyeoh/Desktop/unimods/is3107/project/.venv/lib/python3.11/site-packages/airflow/example_dags/example_branch_labels.py
[2025-04-07T21:02:42.578+0800] {logging_mixin.py:190} INFO - [2025-04-07T21:02:42.578+0800] {dag.py:3239} INFO - Sync 1 DAGs
[2025-04-07T21:02:42.589+0800] {logging_mixin.py:190} INFO - [2025-04-07T21:02:42.588+0800] {dag.py:4180} INFO - Setting next_dagrun for example_branch_labels to 2025-04-06 00:00:00+00:00, run_after=2025-04-07 00:00:00+00:00
[2025-04-07T21:02:42.598+0800] {processor.py:208} INFO - Processing /Users/ervinyeoh/Desktop/unimods/is3107/project/.venv/lib/python3.11/site-packages/airflow/example_dags/example_branch_labels.py took 0.114 seconds
[2025-04-07T21:06:05.131+0800] {processor.py:186} INFO - Started process (PID=1393) to work on /Users/ervinyeoh/Desktop/unimods/is3107/project/.venv/lib/python3.11/site-packages/airflow/example_dags/example_branch_labels.py
[2025-04-07T21:06:05.133+0800] {processor.py:914} INFO - Processing file /Users/ervinyeoh/Desktop/unimods/is3107/project/.venv/lib/python3.11/site-packages/airflow/example_dags/example_branch_labels.py for tasks to queue
[2025-04-07T21:06:05.134+0800] {logging_mixin.py:190} INFO - [2025-04-07T21:06:05.134+0800] {dagbag.py:588} INFO - Filling up the DagBag from /Users/ervinyeoh/Desktop/unimods/is3107/project/.venv/lib/python3.11/site-packages/airflow/example_dags/example_branch_labels.py
[2025-04-07T21:06:05.139+0800] {processor.py:925} INFO - DAG(s) 'example_branch_labels' retrieved from /Users/ervinyeoh/Desktop/unimods/is3107/project/.venv/lib/python3.11/site-packages/airflow/example_dags/example_branch_labels.py
[2025-04-07T21:06:05.223+0800] {logging_mixin.py:190} INFO - [2025-04-07T21:06:05.222+0800] {dag.py:3239} INFO - Sync 1 DAGs
[2025-04-07T21:06:05.234+0800] {logging_mixin.py:190} INFO - [2025-04-07T21:06:05.234+0800] {dag.py:4180} INFO - Setting next_dagrun for example_branch_labels to 2025-04-06 00:00:00+00:00, run_after=2025-04-07 00:00:00+00:00
[2025-04-07T21:06:05.244+0800] {processor.py:208} INFO - Processing /Users/ervinyeoh/Desktop/unimods/is3107/project/.venv/lib/python3.11/site-packages/airflow/example_dags/example_branch_labels.py took 0.114 seconds
[2025-04-07T21:09:26.302+0800] {processor.py:186} INFO - Started process (PID=1611) to work on /Users/ervinyeoh/Desktop/unimods/is3107/project/.venv/lib/python3.11/site-packages/airflow/example_dags/example_branch_labels.py
[2025-04-07T21:09:26.303+0800] {processor.py:914} INFO - Processing file /Users/ervinyeoh/Desktop/unimods/is3107/project/.venv/lib/python3.11/site-packages/airflow/example_dags/example_branch_labels.py for tasks to queue
[2025-04-07T21:09:26.304+0800] {logging_mixin.py:190} INFO - [2025-04-07T21:09:26.304+0800] {dagbag.py:588} INFO - Filling up the DagBag from /Users/ervinyeoh/Desktop/unimods/is3107/project/.venv/lib/python3.11/site-packages/airflow/example_dags/example_branch_labels.py
[2025-04-07T21:09:26.310+0800] {processor.py:925} INFO - DAG(s) 'example_branch_labels' retrieved from /Users/ervinyeoh/Desktop/unimods/is3107/project/.venv/lib/python3.11/site-packages/airflow/example_dags/example_branch_labels.py
[2025-04-07T21:09:26.394+0800] {logging_mixin.py:190} INFO - [2025-04-07T21:09:26.394+0800] {dag.py:3239} INFO - Sync 1 DAGs
[2025-04-07T21:09:26.405+0800] {logging_mixin.py:190} INFO - [2025-04-07T21:09:26.405+0800] {dag.py:4180} INFO - Setting next_dagrun for example_branch_labels to 2025-04-06 00:00:00+00:00, run_after=2025-04-07 00:00:00+00:00
[2025-04-07T21:09:26.415+0800] {processor.py:208} INFO - Processing /Users/ervinyeoh/Desktop/unimods/is3107/project/.venv/lib/python3.11/site-packages/airflow/example_dags/example_branch_labels.py took 0.114 seconds
[2025-04-07T21:12:47.810+0800] {processor.py:186} INFO - Started process (PID=1843) to work on /Users/ervinyeoh/Desktop/unimods/is3107/project/.venv/lib/python3.11/site-packages/airflow/example_dags/example_branch_labels.py
[2025-04-07T21:12:47.811+0800] {processor.py:914} INFO - Processing file /Users/ervinyeoh/Desktop/unimods/is3107/project/.venv/lib/python3.11/site-packages/airflow/example_dags/example_branch_labels.py for tasks to queue
[2025-04-07T21:12:47.812+0800] {logging_mixin.py:190} INFO - [2025-04-07T21:12:47.812+0800] {dagbag.py:588} INFO - Filling up the DagBag from /Users/ervinyeoh/Desktop/unimods/is3107/project/.venv/lib/python3.11/site-packages/airflow/example_dags/example_branch_labels.py
[2025-04-07T21:12:47.817+0800] {processor.py:925} INFO - DAG(s) 'example_branch_labels' retrieved from /Users/ervinyeoh/Desktop/unimods/is3107/project/.venv/lib/python3.11/site-packages/airflow/example_dags/example_branch_labels.py
[2025-04-07T21:12:47.902+0800] {logging_mixin.py:190} INFO - [2025-04-07T21:12:47.901+0800] {dag.py:3239} INFO - Sync 1 DAGs
[2025-04-07T21:12:47.912+0800] {logging_mixin.py:190} INFO - [2025-04-07T21:12:47.912+0800] {dag.py:4180} INFO - Setting next_dagrun for example_branch_labels to 2025-04-06 00:00:00+00:00, run_after=2025-04-07 00:00:00+00:00
[2025-04-07T21:12:47.922+0800] {processor.py:208} INFO - Processing /Users/ervinyeoh/Desktop/unimods/is3107/project/.venv/lib/python3.11/site-packages/airflow/example_dags/example_branch_labels.py took 0.114 seconds
[2025-04-07T21:16:09.418+0800] {processor.py:186} INFO - Started process (PID=2058) to work on /Users/ervinyeoh/Desktop/unimods/is3107/project/.venv/lib/python3.11/site-packages/airflow/example_dags/example_branch_labels.py
[2025-04-07T21:16:09.419+0800] {processor.py:914} INFO - Processing file /Users/ervinyeoh/Desktop/unimods/is3107/project/.venv/lib/python3.11/site-packages/airflow/example_dags/example_branch_labels.py for tasks to queue
[2025-04-07T21:16:09.419+0800] {logging_mixin.py:190} INFO - [2025-04-07T21:16:09.419+0800] {dagbag.py:588} INFO - Filling up the DagBag from /Users/ervinyeoh/Desktop/unimods/is3107/project/.venv/lib/python3.11/site-packages/airflow/example_dags/example_branch_labels.py
[2025-04-07T21:16:09.425+0800] {processor.py:925} INFO - DAG(s) 'example_branch_labels' retrieved from /Users/ervinyeoh/Desktop/unimods/is3107/project/.venv/lib/python3.11/site-packages/airflow/example_dags/example_branch_labels.py
[2025-04-07T21:16:09.510+0800] {logging_mixin.py:190} INFO - [2025-04-07T21:16:09.510+0800] {dag.py:3239} INFO - Sync 1 DAGs
[2025-04-07T21:16:09.521+0800] {logging_mixin.py:190} INFO - [2025-04-07T21:16:09.520+0800] {dag.py:4180} INFO - Setting next_dagrun for example_branch_labels to 2025-04-06 00:00:00+00:00, run_after=2025-04-07 00:00:00+00:00
[2025-04-07T21:16:09.530+0800] {processor.py:208} INFO - Processing /Users/ervinyeoh/Desktop/unimods/is3107/project/.venv/lib/python3.11/site-packages/airflow/example_dags/example_branch_labels.py took 0.114 seconds
[2025-04-07T21:19:32.397+0800] {processor.py:186} INFO - Started process (PID=2304) to work on /Users/ervinyeoh/Desktop/unimods/is3107/project/.venv/lib/python3.11/site-packages/airflow/example_dags/example_branch_labels.py
[2025-04-07T21:19:32.398+0800] {processor.py:914} INFO - Processing file /Users/ervinyeoh/Desktop/unimods/is3107/project/.venv/lib/python3.11/site-packages/airflow/example_dags/example_branch_labels.py for tasks to queue
[2025-04-07T21:19:32.399+0800] {logging_mixin.py:190} INFO - [2025-04-07T21:19:32.399+0800] {dagbag.py:588} INFO - Filling up the DagBag from /Users/ervinyeoh/Desktop/unimods/is3107/project/.venv/lib/python3.11/site-packages/airflow/example_dags/example_branch_labels.py
[2025-04-07T21:19:32.404+0800] {processor.py:925} INFO - DAG(s) 'example_branch_labels' retrieved from /Users/ervinyeoh/Desktop/unimods/is3107/project/.venv/lib/python3.11/site-packages/airflow/example_dags/example_branch_labels.py
[2025-04-07T21:19:32.487+0800] {logging_mixin.py:190} INFO - [2025-04-07T21:19:32.486+0800] {dag.py:3239} INFO - Sync 1 DAGs
[2025-04-07T21:19:32.498+0800] {logging_mixin.py:190} INFO - [2025-04-07T21:19:32.498+0800] {dag.py:4180} INFO - Setting next_dagrun for example_branch_labels to 2025-04-06 00:00:00+00:00, run_after=2025-04-07 00:00:00+00:00
[2025-04-07T21:19:32.507+0800] {processor.py:208} INFO - Processing /Users/ervinyeoh/Desktop/unimods/is3107/project/.venv/lib/python3.11/site-packages/airflow/example_dags/example_branch_labels.py took 0.112 seconds
[2025-04-07T21:22:54.645+0800] {processor.py:186} INFO - Started process (PID=2530) to work on /Users/ervinyeoh/Desktop/unimods/is3107/project/.venv/lib/python3.11/site-packages/airflow/example_dags/example_branch_labels.py
[2025-04-07T21:22:54.646+0800] {processor.py:914} INFO - Processing file /Users/ervinyeoh/Desktop/unimods/is3107/project/.venv/lib/python3.11/site-packages/airflow/example_dags/example_branch_labels.py for tasks to queue
[2025-04-07T21:22:54.647+0800] {logging_mixin.py:190} INFO - [2025-04-07T21:22:54.647+0800] {dagbag.py:588} INFO - Filling up the DagBag from /Users/ervinyeoh/Desktop/unimods/is3107/project/.venv/lib/python3.11/site-packages/airflow/example_dags/example_branch_labels.py
[2025-04-07T21:22:54.653+0800] {processor.py:925} INFO - DAG(s) 'example_branch_labels' retrieved from /Users/ervinyeoh/Desktop/unimods/is3107/project/.venv/lib/python3.11/site-packages/airflow/example_dags/example_branch_labels.py
[2025-04-07T21:22:54.739+0800] {logging_mixin.py:190} INFO - [2025-04-07T21:22:54.739+0800] {dag.py:3239} INFO - Sync 1 DAGs
[2025-04-07T21:22:54.750+0800] {logging_mixin.py:190} INFO - [2025-04-07T21:22:54.750+0800] {dag.py:4180} INFO - Setting next_dagrun for example_branch_labels to 2025-04-06 00:00:00+00:00, run_after=2025-04-07 00:00:00+00:00
[2025-04-07T21:22:54.761+0800] {processor.py:208} INFO - Processing /Users/ervinyeoh/Desktop/unimods/is3107/project/.venv/lib/python3.11/site-packages/airflow/example_dags/example_branch_labels.py took 0.118 seconds
[2025-04-07T23:34:11.251+0800] {processor.py:186} INFO - Started process (PID=3051) to work on /Users/ervinyeoh/Desktop/unimods/is3107/project/.venv/lib/python3.11/site-packages/airflow/example_dags/example_branch_labels.py
[2025-04-07T23:34:11.252+0800] {processor.py:914} INFO - Processing file /Users/ervinyeoh/Desktop/unimods/is3107/project/.venv/lib/python3.11/site-packages/airflow/example_dags/example_branch_labels.py for tasks to queue
[2025-04-07T23:34:11.253+0800] {logging_mixin.py:190} INFO - [2025-04-07T23:34:11.253+0800] {dagbag.py:588} INFO - Filling up the DagBag from /Users/ervinyeoh/Desktop/unimods/is3107/project/.venv/lib/python3.11/site-packages/airflow/example_dags/example_branch_labels.py
[2025-04-07T23:34:11.259+0800] {processor.py:925} INFO - DAG(s) 'example_branch_labels' retrieved from /Users/ervinyeoh/Desktop/unimods/is3107/project/.venv/lib/python3.11/site-packages/airflow/example_dags/example_branch_labels.py
[2025-04-07T23:34:11.345+0800] {logging_mixin.py:190} INFO - [2025-04-07T23:34:11.345+0800] {dag.py:3239} INFO - Sync 1 DAGs
[2025-04-07T23:34:11.357+0800] {logging_mixin.py:190} INFO - [2025-04-07T23:34:11.357+0800] {dag.py:4180} INFO - Setting next_dagrun for example_branch_labels to 2025-04-06 00:00:00+00:00, run_after=2025-04-07 00:00:00+00:00
[2025-04-07T23:34:11.367+0800] {processor.py:208} INFO - Processing /Users/ervinyeoh/Desktop/unimods/is3107/project/.venv/lib/python3.11/site-packages/airflow/example_dags/example_branch_labels.py took 0.118 seconds
[2025-04-07T23:37:32.470+0800] {processor.py:186} INFO - Started process (PID=3282) to work on /Users/ervinyeoh/Desktop/unimods/is3107/project/.venv/lib/python3.11/site-packages/airflow/example_dags/example_branch_labels.py
[2025-04-07T23:37:32.471+0800] {processor.py:914} INFO - Processing file /Users/ervinyeoh/Desktop/unimods/is3107/project/.venv/lib/python3.11/site-packages/airflow/example_dags/example_branch_labels.py for tasks to queue
[2025-04-07T23:37:32.472+0800] {logging_mixin.py:190} INFO - [2025-04-07T23:37:32.472+0800] {dagbag.py:588} INFO - Filling up the DagBag from /Users/ervinyeoh/Desktop/unimods/is3107/project/.venv/lib/python3.11/site-packages/airflow/example_dags/example_branch_labels.py
[2025-04-07T23:37:32.478+0800] {processor.py:925} INFO - DAG(s) 'example_branch_labels' retrieved from /Users/ervinyeoh/Desktop/unimods/is3107/project/.venv/lib/python3.11/site-packages/airflow/example_dags/example_branch_labels.py
[2025-04-07T23:37:32.560+0800] {logging_mixin.py:190} INFO - [2025-04-07T23:37:32.560+0800] {dag.py:3239} INFO - Sync 1 DAGs
[2025-04-07T23:37:32.571+0800] {logging_mixin.py:190} INFO - [2025-04-07T23:37:32.571+0800] {dag.py:4180} INFO - Setting next_dagrun for example_branch_labels to 2025-04-06 00:00:00+00:00, run_after=2025-04-07 00:00:00+00:00
[2025-04-07T23:37:32.590+0800] {processor.py:208} INFO - Processing /Users/ervinyeoh/Desktop/unimods/is3107/project/.venv/lib/python3.11/site-packages/airflow/example_dags/example_branch_labels.py took 0.122 seconds
[2025-04-07T23:40:49.065+0800] {processor.py:186} INFO - Started process (PID=3496) to work on /Users/ervinyeoh/Desktop/unimods/is3107/project/.venv/lib/python3.11/site-packages/airflow/example_dags/example_branch_labels.py
[2025-04-07T23:40:49.066+0800] {processor.py:914} INFO - Processing file /Users/ervinyeoh/Desktop/unimods/is3107/project/.venv/lib/python3.11/site-packages/airflow/example_dags/example_branch_labels.py for tasks to queue
[2025-04-07T23:40:49.067+0800] {logging_mixin.py:190} INFO - [2025-04-07T23:40:49.067+0800] {dagbag.py:588} INFO - Filling up the DagBag from /Users/ervinyeoh/Desktop/unimods/is3107/project/.venv/lib/python3.11/site-packages/airflow/example_dags/example_branch_labels.py
[2025-04-07T23:40:49.072+0800] {processor.py:925} INFO - DAG(s) 'example_branch_labels' retrieved from /Users/ervinyeoh/Desktop/unimods/is3107/project/.venv/lib/python3.11/site-packages/airflow/example_dags/example_branch_labels.py
[2025-04-07T23:40:49.155+0800] {logging_mixin.py:190} INFO - [2025-04-07T23:40:49.155+0800] {dag.py:3239} INFO - Sync 1 DAGs
[2025-04-07T23:40:49.165+0800] {logging_mixin.py:190} INFO - [2025-04-07T23:40:49.165+0800] {dag.py:4180} INFO - Setting next_dagrun for example_branch_labels to 2025-04-06 00:00:00+00:00, run_after=2025-04-07 00:00:00+00:00
[2025-04-07T23:40:49.175+0800] {processor.py:208} INFO - Processing /Users/ervinyeoh/Desktop/unimods/is3107/project/.venv/lib/python3.11/site-packages/airflow/example_dags/example_branch_labels.py took 0.111 seconds
[2025-04-07T23:44:06.599+0800] {processor.py:186} INFO - Started process (PID=3777) to work on /Users/ervinyeoh/Desktop/unimods/is3107/project/.venv/lib/python3.11/site-packages/airflow/example_dags/example_branch_labels.py
[2025-04-07T23:44:06.600+0800] {processor.py:914} INFO - Processing file /Users/ervinyeoh/Desktop/unimods/is3107/project/.venv/lib/python3.11/site-packages/airflow/example_dags/example_branch_labels.py for tasks to queue
[2025-04-07T23:44:06.601+0800] {logging_mixin.py:190} INFO - [2025-04-07T23:44:06.601+0800] {dagbag.py:588} INFO - Filling up the DagBag from /Users/ervinyeoh/Desktop/unimods/is3107/project/.venv/lib/python3.11/site-packages/airflow/example_dags/example_branch_labels.py
[2025-04-07T23:44:06.607+0800] {processor.py:925} INFO - DAG(s) 'example_branch_labels' retrieved from /Users/ervinyeoh/Desktop/unimods/is3107/project/.venv/lib/python3.11/site-packages/airflow/example_dags/example_branch_labels.py
[2025-04-07T23:44:06.692+0800] {logging_mixin.py:190} INFO - [2025-04-07T23:44:06.691+0800] {dag.py:3239} INFO - Sync 1 DAGs
[2025-04-07T23:44:06.703+0800] {logging_mixin.py:190} INFO - [2025-04-07T23:44:06.703+0800] {dag.py:4180} INFO - Setting next_dagrun for example_branch_labels to 2025-04-06 00:00:00+00:00, run_after=2025-04-07 00:00:00+00:00
[2025-04-07T23:44:06.712+0800] {processor.py:208} INFO - Processing /Users/ervinyeoh/Desktop/unimods/is3107/project/.venv/lib/python3.11/site-packages/airflow/example_dags/example_branch_labels.py took 0.114 seconds
[2025-04-07T23:47:23.833+0800] {processor.py:186} INFO - Started process (PID=4020) to work on /Users/ervinyeoh/Desktop/unimods/is3107/project/.venv/lib/python3.11/site-packages/airflow/example_dags/example_branch_labels.py
[2025-04-07T23:47:23.835+0800] {processor.py:914} INFO - Processing file /Users/ervinyeoh/Desktop/unimods/is3107/project/.venv/lib/python3.11/site-packages/airflow/example_dags/example_branch_labels.py for tasks to queue
[2025-04-07T23:47:23.836+0800] {logging_mixin.py:190} INFO - [2025-04-07T23:47:23.835+0800] {dagbag.py:588} INFO - Filling up the DagBag from /Users/ervinyeoh/Desktop/unimods/is3107/project/.venv/lib/python3.11/site-packages/airflow/example_dags/example_branch_labels.py
[2025-04-07T23:47:23.841+0800] {processor.py:925} INFO - DAG(s) 'example_branch_labels' retrieved from /Users/ervinyeoh/Desktop/unimods/is3107/project/.venv/lib/python3.11/site-packages/airflow/example_dags/example_branch_labels.py
[2025-04-07T23:47:23.922+0800] {logging_mixin.py:190} INFO - [2025-04-07T23:47:23.922+0800] {dag.py:3239} INFO - Sync 1 DAGs
[2025-04-07T23:47:23.934+0800] {logging_mixin.py:190} INFO - [2025-04-07T23:47:23.933+0800] {dag.py:4180} INFO - Setting next_dagrun for example_branch_labels to 2025-04-06 00:00:00+00:00, run_after=2025-04-07 00:00:00+00:00
[2025-04-07T23:47:23.943+0800] {processor.py:208} INFO - Processing /Users/ervinyeoh/Desktop/unimods/is3107/project/.venv/lib/python3.11/site-packages/airflow/example_dags/example_branch_labels.py took 0.111 seconds
[2025-04-07T23:50:37.329+0800] {processor.py:186} INFO - Started process (PID=4247) to work on /Users/ervinyeoh/Desktop/unimods/is3107/project/.venv/lib/python3.11/site-packages/airflow/example_dags/example_branch_labels.py
[2025-04-07T23:50:37.330+0800] {processor.py:914} INFO - Processing file /Users/ervinyeoh/Desktop/unimods/is3107/project/.venv/lib/python3.11/site-packages/airflow/example_dags/example_branch_labels.py for tasks to queue
[2025-04-07T23:50:37.331+0800] {logging_mixin.py:190} INFO - [2025-04-07T23:50:37.331+0800] {dagbag.py:588} INFO - Filling up the DagBag from /Users/ervinyeoh/Desktop/unimods/is3107/project/.venv/lib/python3.11/site-packages/airflow/example_dags/example_branch_labels.py
[2025-04-07T23:50:37.336+0800] {processor.py:925} INFO - DAG(s) 'example_branch_labels' retrieved from /Users/ervinyeoh/Desktop/unimods/is3107/project/.venv/lib/python3.11/site-packages/airflow/example_dags/example_branch_labels.py
[2025-04-07T23:50:37.418+0800] {logging_mixin.py:190} INFO - [2025-04-07T23:50:37.417+0800] {dag.py:3239} INFO - Sync 1 DAGs
[2025-04-07T23:50:37.428+0800] {logging_mixin.py:190} INFO - [2025-04-07T23:50:37.428+0800] {dag.py:4180} INFO - Setting next_dagrun for example_branch_labels to 2025-04-06 00:00:00+00:00, run_after=2025-04-07 00:00:00+00:00
[2025-04-07T23:50:37.437+0800] {processor.py:208} INFO - Processing /Users/ervinyeoh/Desktop/unimods/is3107/project/.venv/lib/python3.11/site-packages/airflow/example_dags/example_branch_labels.py took 0.111 seconds
[2025-04-07T23:53:52.255+0800] {processor.py:186} INFO - Started process (PID=4460) to work on /Users/ervinyeoh/Desktop/unimods/is3107/project/.venv/lib/python3.11/site-packages/airflow/example_dags/example_branch_labels.py
[2025-04-07T23:53:52.255+0800] {processor.py:914} INFO - Processing file /Users/ervinyeoh/Desktop/unimods/is3107/project/.venv/lib/python3.11/site-packages/airflow/example_dags/example_branch_labels.py for tasks to queue
[2025-04-07T23:53:52.256+0800] {logging_mixin.py:190} INFO - [2025-04-07T23:53:52.256+0800] {dagbag.py:588} INFO - Filling up the DagBag from /Users/ervinyeoh/Desktop/unimods/is3107/project/.venv/lib/python3.11/site-packages/airflow/example_dags/example_branch_labels.py
[2025-04-07T23:53:52.262+0800] {processor.py:925} INFO - DAG(s) 'example_branch_labels' retrieved from /Users/ervinyeoh/Desktop/unimods/is3107/project/.venv/lib/python3.11/site-packages/airflow/example_dags/example_branch_labels.py
[2025-04-07T23:53:52.346+0800] {logging_mixin.py:190} INFO - [2025-04-07T23:53:52.346+0800] {dag.py:3239} INFO - Sync 1 DAGs
[2025-04-07T23:53:52.356+0800] {logging_mixin.py:190} INFO - [2025-04-07T23:53:52.356+0800] {dag.py:4180} INFO - Setting next_dagrun for example_branch_labels to 2025-04-06 00:00:00+00:00, run_after=2025-04-07 00:00:00+00:00
[2025-04-07T23:53:52.366+0800] {processor.py:208} INFO - Processing /Users/ervinyeoh/Desktop/unimods/is3107/project/.venv/lib/python3.11/site-packages/airflow/example_dags/example_branch_labels.py took 0.113 seconds
[2025-04-07T23:57:08.342+0800] {processor.py:186} INFO - Started process (PID=4687) to work on /Users/ervinyeoh/Desktop/unimods/is3107/project/.venv/lib/python3.11/site-packages/airflow/example_dags/example_branch_labels.py
[2025-04-07T23:57:08.343+0800] {processor.py:914} INFO - Processing file /Users/ervinyeoh/Desktop/unimods/is3107/project/.venv/lib/python3.11/site-packages/airflow/example_dags/example_branch_labels.py for tasks to queue
[2025-04-07T23:57:08.344+0800] {logging_mixin.py:190} INFO - [2025-04-07T23:57:08.344+0800] {dagbag.py:588} INFO - Filling up the DagBag from /Users/ervinyeoh/Desktop/unimods/is3107/project/.venv/lib/python3.11/site-packages/airflow/example_dags/example_branch_labels.py
[2025-04-07T23:57:08.350+0800] {processor.py:925} INFO - DAG(s) 'example_branch_labels' retrieved from /Users/ervinyeoh/Desktop/unimods/is3107/project/.venv/lib/python3.11/site-packages/airflow/example_dags/example_branch_labels.py
[2025-04-07T23:57:08.432+0800] {logging_mixin.py:190} INFO - [2025-04-07T23:57:08.432+0800] {dag.py:3239} INFO - Sync 1 DAGs
[2025-04-07T23:57:08.443+0800] {logging_mixin.py:190} INFO - [2025-04-07T23:57:08.443+0800] {dag.py:4180} INFO - Setting next_dagrun for example_branch_labels to 2025-04-06 00:00:00+00:00, run_after=2025-04-07 00:00:00+00:00
[2025-04-07T23:57:08.452+0800] {processor.py:208} INFO - Processing /Users/ervinyeoh/Desktop/unimods/is3107/project/.venv/lib/python3.11/site-packages/airflow/example_dags/example_branch_labels.py took 0.112 seconds
[2025-04-08T01:24:17.819+0800] {processor.py:186} INFO - Started process (PID=4998) to work on /Users/ervinyeoh/Desktop/unimods/is3107/project/.venv/lib/python3.11/site-packages/airflow/example_dags/example_branch_labels.py
[2025-04-08T01:24:17.820+0800] {processor.py:914} INFO - Processing file /Users/ervinyeoh/Desktop/unimods/is3107/project/.venv/lib/python3.11/site-packages/airflow/example_dags/example_branch_labels.py for tasks to queue
[2025-04-08T01:24:17.821+0800] {logging_mixin.py:190} INFO - [2025-04-08T01:24:17.821+0800] {dagbag.py:588} INFO - Filling up the DagBag from /Users/ervinyeoh/Desktop/unimods/is3107/project/.venv/lib/python3.11/site-packages/airflow/example_dags/example_branch_labels.py
[2025-04-08T01:24:17.826+0800] {processor.py:925} INFO - DAG(s) 'example_branch_labels' retrieved from /Users/ervinyeoh/Desktop/unimods/is3107/project/.venv/lib/python3.11/site-packages/airflow/example_dags/example_branch_labels.py
[2025-04-08T01:24:17.911+0800] {logging_mixin.py:190} INFO - [2025-04-08T01:24:17.911+0800] {dag.py:3239} INFO - Sync 1 DAGs
[2025-04-08T01:24:17.922+0800] {logging_mixin.py:190} INFO - [2025-04-08T01:24:17.922+0800] {dag.py:4180} INFO - Setting next_dagrun for example_branch_labels to 2025-04-06 00:00:00+00:00, run_after=2025-04-07 00:00:00+00:00
[2025-04-08T01:24:17.931+0800] {processor.py:208} INFO - Processing /Users/ervinyeoh/Desktop/unimods/is3107/project/.venv/lib/python3.11/site-packages/airflow/example_dags/example_branch_labels.py took 0.114 seconds
[2025-04-08T06:52:36.926+0800] {processor.py:186} INFO - Started process (PID=5491) to work on /Users/ervinyeoh/Desktop/unimods/is3107/project/.venv/lib/python3.11/site-packages/airflow/example_dags/example_branch_labels.py
[2025-04-08T06:52:36.926+0800] {processor.py:914} INFO - Processing file /Users/ervinyeoh/Desktop/unimods/is3107/project/.venv/lib/python3.11/site-packages/airflow/example_dags/example_branch_labels.py for tasks to queue
[2025-04-08T06:52:36.927+0800] {logging_mixin.py:190} INFO - [2025-04-08T06:52:36.927+0800] {dagbag.py:588} INFO - Filling up the DagBag from /Users/ervinyeoh/Desktop/unimods/is3107/project/.venv/lib/python3.11/site-packages/airflow/example_dags/example_branch_labels.py
[2025-04-08T06:52:36.933+0800] {processor.py:925} INFO - DAG(s) 'example_branch_labels' retrieved from /Users/ervinyeoh/Desktop/unimods/is3107/project/.venv/lib/python3.11/site-packages/airflow/example_dags/example_branch_labels.py
[2025-04-08T06:52:37.015+0800] {logging_mixin.py:190} INFO - [2025-04-08T06:52:37.014+0800] {dag.py:3239} INFO - Sync 1 DAGs
[2025-04-08T06:52:37.026+0800] {logging_mixin.py:190} INFO - [2025-04-08T06:52:37.026+0800] {dag.py:4180} INFO - Setting next_dagrun for example_branch_labels to 2025-04-06 00:00:00+00:00, run_after=2025-04-07 00:00:00+00:00
[2025-04-08T06:52:37.035+0800] {processor.py:208} INFO - Processing /Users/ervinyeoh/Desktop/unimods/is3107/project/.venv/lib/python3.11/site-packages/airflow/example_dags/example_branch_labels.py took 0.112 seconds
