[2025-04-07T09:04:53.347+0800] {processor.py:186} INFO - Started process (PID=92700) to work on /Users/ervinyeoh/Desktop/unimods/is3107/project/.venv/lib/python3.11/site-packages/airflow/example_dags/example_dynamic_task_mapping_with_no_taskflow_operators.py
[2025-04-07T09:04:53.348+0800] {processor.py:914} INFO - Processing file /Users/ervinyeoh/Desktop/unimods/is3107/project/.venv/lib/python3.11/site-packages/airflow/example_dags/example_dynamic_task_mapping_with_no_taskflow_operators.py for tasks to queue
[2025-04-07T09:04:53.348+0800] {logging_mixin.py:190} INFO - [2025-04-07T09:04:53.348+0800] {dagbag.py:588} INFO - Filling up the DagBag from /Users/ervinyeoh/Desktop/unimods/is3107/project/.venv/lib/python3.11/site-packages/airflow/example_dags/example_dynamic_task_mapping_with_no_taskflow_operators.py
[2025-04-07T09:04:53.355+0800] {processor.py:925} INFO - DAG(s) 'example_dynamic_task_mapping_with_no_taskflow_operators' retrieved from /Users/ervinyeoh/Desktop/unimods/is3107/project/.venv/lib/python3.11/site-packages/airflow/example_dags/example_dynamic_task_mapping_with_no_taskflow_operators.py
[2025-04-07T09:04:53.444+0800] {logging_mixin.py:190} INFO - [2025-04-07T09:04:53.443+0800] {dag.py:3239} INFO - Sync 1 DAGs
[2025-04-07T09:04:53.450+0800] {logging_mixin.py:190} INFO - [2025-04-07T09:04:53.450+0800] {dag.py:4180} INFO - Setting next_dagrun for example_dynamic_task_mapping_with_no_taskflow_operators to None, run_after=None
[2025-04-07T09:04:53.460+0800] {processor.py:208} INFO - Processing /Users/ervinyeoh/Desktop/unimods/is3107/project/.venv/lib/python3.11/site-packages/airflow/example_dags/example_dynamic_task_mapping_with_no_taskflow_operators.py took 0.143 seconds
[2025-04-07T11:12:49.881+0800] {processor.py:186} INFO - Started process (PID=93233) to work on /Users/ervinyeoh/Desktop/unimods/is3107/project/.venv/lib/python3.11/site-packages/airflow/example_dags/example_dynamic_task_mapping_with_no_taskflow_operators.py
[2025-04-07T11:12:49.882+0800] {processor.py:914} INFO - Processing file /Users/ervinyeoh/Desktop/unimods/is3107/project/.venv/lib/python3.11/site-packages/airflow/example_dags/example_dynamic_task_mapping_with_no_taskflow_operators.py for tasks to queue
[2025-04-07T11:12:49.883+0800] {logging_mixin.py:190} INFO - [2025-04-07T11:12:49.883+0800] {dagbag.py:588} INFO - Filling up the DagBag from /Users/ervinyeoh/Desktop/unimods/is3107/project/.venv/lib/python3.11/site-packages/airflow/example_dags/example_dynamic_task_mapping_with_no_taskflow_operators.py
[2025-04-07T11:12:49.888+0800] {processor.py:925} INFO - DAG(s) 'example_dynamic_task_mapping_with_no_taskflow_operators' retrieved from /Users/ervinyeoh/Desktop/unimods/is3107/project/.venv/lib/python3.11/site-packages/airflow/example_dags/example_dynamic_task_mapping_with_no_taskflow_operators.py
[2025-04-07T11:12:49.971+0800] {logging_mixin.py:190} INFO - [2025-04-07T11:12:49.970+0800] {dag.py:3239} INFO - Sync 1 DAGs
[2025-04-07T11:12:49.977+0800] {logging_mixin.py:190} INFO - [2025-04-07T11:12:49.977+0800] {dag.py:4180} INFO - Setting next_dagrun for example_dynamic_task_mapping_with_no_taskflow_operators to None, run_after=None
[2025-04-07T11:12:49.986+0800] {processor.py:208} INFO - Processing /Users/ervinyeoh/Desktop/unimods/is3107/project/.venv/lib/python3.11/site-packages/airflow/example_dags/example_dynamic_task_mapping_with_no_taskflow_operators.py took 0.107 seconds
[2025-04-07T16:29:04.436+0800] {processor.py:186} INFO - Started process (PID=93623) to work on /Users/ervinyeoh/Desktop/unimods/is3107/project/.venv/lib/python3.11/site-packages/airflow/example_dags/example_dynamic_task_mapping_with_no_taskflow_operators.py
[2025-04-07T16:29:04.437+0800] {processor.py:914} INFO - Processing file /Users/ervinyeoh/Desktop/unimods/is3107/project/.venv/lib/python3.11/site-packages/airflow/example_dags/example_dynamic_task_mapping_with_no_taskflow_operators.py for tasks to queue
[2025-04-07T16:29:04.438+0800] {logging_mixin.py:190} INFO - [2025-04-07T16:29:04.438+0800] {dagbag.py:588} INFO - Filling up the DagBag from /Users/ervinyeoh/Desktop/unimods/is3107/project/.venv/lib/python3.11/site-packages/airflow/example_dags/example_dynamic_task_mapping_with_no_taskflow_operators.py
[2025-04-07T16:29:04.442+0800] {processor.py:925} INFO - DAG(s) 'example_dynamic_task_mapping_with_no_taskflow_operators' retrieved from /Users/ervinyeoh/Desktop/unimods/is3107/project/.venv/lib/python3.11/site-packages/airflow/example_dags/example_dynamic_task_mapping_with_no_taskflow_operators.py
[2025-04-07T16:29:04.526+0800] {logging_mixin.py:190} INFO - [2025-04-07T16:29:04.526+0800] {dag.py:3239} INFO - Sync 1 DAGs
[2025-04-07T16:29:04.532+0800] {logging_mixin.py:190} INFO - [2025-04-07T16:29:04.532+0800] {dag.py:4180} INFO - Setting next_dagrun for example_dynamic_task_mapping_with_no_taskflow_operators to None, run_after=None
[2025-04-07T16:29:04.542+0800] {processor.py:208} INFO - Processing /Users/ervinyeoh/Desktop/unimods/is3107/project/.venv/lib/python3.11/site-packages/airflow/example_dags/example_dynamic_task_mapping_with_no_taskflow_operators.py took 0.107 seconds
[2025-04-07T17:58:14.958+0800] {processor.py:186} INFO - Started process (PID=93907) to work on /Users/ervinyeoh/Desktop/unimods/is3107/project/.venv/lib/python3.11/site-packages/airflow/example_dags/example_dynamic_task_mapping_with_no_taskflow_operators.py
[2025-04-07T17:58:14.958+0800] {processor.py:914} INFO - Processing file /Users/ervinyeoh/Desktop/unimods/is3107/project/.venv/lib/python3.11/site-packages/airflow/example_dags/example_dynamic_task_mapping_with_no_taskflow_operators.py for tasks to queue
[2025-04-07T17:58:14.959+0800] {logging_mixin.py:190} INFO - [2025-04-07T17:58:14.959+0800] {dagbag.py:588} INFO - Filling up the DagBag from /Users/ervinyeoh/Desktop/unimods/is3107/project/.venv/lib/python3.11/site-packages/airflow/example_dags/example_dynamic_task_mapping_with_no_taskflow_operators.py
[2025-04-07T17:58:14.963+0800] {processor.py:925} INFO - DAG(s) 'example_dynamic_task_mapping_with_no_taskflow_operators' retrieved from /Users/ervinyeoh/Desktop/unimods/is3107/project/.venv/lib/python3.11/site-packages/airflow/example_dags/example_dynamic_task_mapping_with_no_taskflow_operators.py
[2025-04-07T17:58:15.045+0800] {logging_mixin.py:190} INFO - [2025-04-07T17:58:15.045+0800] {dag.py:3239} INFO - Sync 1 DAGs
[2025-04-07T17:58:15.051+0800] {logging_mixin.py:190} INFO - [2025-04-07T17:58:15.051+0800] {dag.py:4180} INFO - Setting next_dagrun for example_dynamic_task_mapping_with_no_taskflow_operators to None, run_after=None
[2025-04-07T17:58:15.061+0800] {processor.py:208} INFO - Processing /Users/ervinyeoh/Desktop/unimods/is3107/project/.venv/lib/python3.11/site-packages/airflow/example_dags/example_dynamic_task_mapping_with_no_taskflow_operators.py took 0.105 seconds
[2025-04-07T18:16:39.115+0800] {processor.py:186} INFO - Started process (PID=94255) to work on /Users/ervinyeoh/Desktop/unimods/is3107/project/.venv/lib/python3.11/site-packages/airflow/example_dags/example_dynamic_task_mapping_with_no_taskflow_operators.py
[2025-04-07T18:16:39.116+0800] {processor.py:914} INFO - Processing file /Users/ervinyeoh/Desktop/unimods/is3107/project/.venv/lib/python3.11/site-packages/airflow/example_dags/example_dynamic_task_mapping_with_no_taskflow_operators.py for tasks to queue
[2025-04-07T18:16:39.117+0800] {logging_mixin.py:190} INFO - [2025-04-07T18:16:39.117+0800] {dagbag.py:588} INFO - Filling up the DagBag from /Users/ervinyeoh/Desktop/unimods/is3107/project/.venv/lib/python3.11/site-packages/airflow/example_dags/example_dynamic_task_mapping_with_no_taskflow_operators.py
[2025-04-07T18:16:39.121+0800] {processor.py:925} INFO - DAG(s) 'example_dynamic_task_mapping_with_no_taskflow_operators' retrieved from /Users/ervinyeoh/Desktop/unimods/is3107/project/.venv/lib/python3.11/site-packages/airflow/example_dags/example_dynamic_task_mapping_with_no_taskflow_operators.py
[2025-04-07T18:16:39.202+0800] {logging_mixin.py:190} INFO - [2025-04-07T18:16:39.202+0800] {dag.py:3239} INFO - Sync 1 DAGs
[2025-04-07T18:16:39.209+0800] {logging_mixin.py:190} INFO - [2025-04-07T18:16:39.208+0800] {dag.py:4180} INFO - Setting next_dagrun for example_dynamic_task_mapping_with_no_taskflow_operators to None, run_after=None
[2025-04-07T18:16:39.218+0800] {processor.py:208} INFO - Processing /Users/ervinyeoh/Desktop/unimods/is3107/project/.venv/lib/python3.11/site-packages/airflow/example_dags/example_dynamic_task_mapping_with_no_taskflow_operators.py took 0.105 seconds
[2025-04-07T18:32:04.823+0800] {processor.py:186} INFO - Started process (PID=94581) to work on /Users/ervinyeoh/Desktop/unimods/is3107/project/.venv/lib/python3.11/site-packages/airflow/example_dags/example_dynamic_task_mapping_with_no_taskflow_operators.py
[2025-04-07T18:32:04.824+0800] {processor.py:914} INFO - Processing file /Users/ervinyeoh/Desktop/unimods/is3107/project/.venv/lib/python3.11/site-packages/airflow/example_dags/example_dynamic_task_mapping_with_no_taskflow_operators.py for tasks to queue
[2025-04-07T18:32:04.825+0800] {logging_mixin.py:190} INFO - [2025-04-07T18:32:04.824+0800] {dagbag.py:588} INFO - Filling up the DagBag from /Users/ervinyeoh/Desktop/unimods/is3107/project/.venv/lib/python3.11/site-packages/airflow/example_dags/example_dynamic_task_mapping_with_no_taskflow_operators.py
[2025-04-07T18:32:04.830+0800] {processor.py:925} INFO - DAG(s) 'example_dynamic_task_mapping_with_no_taskflow_operators' retrieved from /Users/ervinyeoh/Desktop/unimods/is3107/project/.venv/lib/python3.11/site-packages/airflow/example_dags/example_dynamic_task_mapping_with_no_taskflow_operators.py
[2025-04-07T18:32:04.912+0800] {logging_mixin.py:190} INFO - [2025-04-07T18:32:04.912+0800] {dag.py:3239} INFO - Sync 1 DAGs
[2025-04-07T18:32:04.918+0800] {logging_mixin.py:190} INFO - [2025-04-07T18:32:04.918+0800] {dag.py:4180} INFO - Setting next_dagrun for example_dynamic_task_mapping_with_no_taskflow_operators to None, run_after=None
[2025-04-07T18:32:04.928+0800] {processor.py:208} INFO - Processing /Users/ervinyeoh/Desktop/unimods/is3107/project/.venv/lib/python3.11/site-packages/airflow/example_dags/example_dynamic_task_mapping_with_no_taskflow_operators.py took 0.107 seconds
[2025-04-07T18:35:26.527+0800] {processor.py:186} INFO - Started process (PID=94880) to work on /Users/ervinyeoh/Desktop/unimods/is3107/project/.venv/lib/python3.11/site-packages/airflow/example_dags/example_dynamic_task_mapping_with_no_taskflow_operators.py
[2025-04-07T18:35:26.528+0800] {processor.py:914} INFO - Processing file /Users/ervinyeoh/Desktop/unimods/is3107/project/.venv/lib/python3.11/site-packages/airflow/example_dags/example_dynamic_task_mapping_with_no_taskflow_operators.py for tasks to queue
[2025-04-07T18:35:26.528+0800] {logging_mixin.py:190} INFO - [2025-04-07T18:35:26.528+0800] {dagbag.py:588} INFO - Filling up the DagBag from /Users/ervinyeoh/Desktop/unimods/is3107/project/.venv/lib/python3.11/site-packages/airflow/example_dags/example_dynamic_task_mapping_with_no_taskflow_operators.py
[2025-04-07T18:35:26.533+0800] {processor.py:925} INFO - DAG(s) 'example_dynamic_task_mapping_with_no_taskflow_operators' retrieved from /Users/ervinyeoh/Desktop/unimods/is3107/project/.venv/lib/python3.11/site-packages/airflow/example_dags/example_dynamic_task_mapping_with_no_taskflow_operators.py
[2025-04-07T18:35:26.615+0800] {logging_mixin.py:190} INFO - [2025-04-07T18:35:26.615+0800] {dag.py:3239} INFO - Sync 1 DAGs
[2025-04-07T18:35:26.621+0800] {logging_mixin.py:190} INFO - [2025-04-07T18:35:26.621+0800] {dag.py:4180} INFO - Setting next_dagrun for example_dynamic_task_mapping_with_no_taskflow_operators to None, run_after=None
[2025-04-07T18:35:26.631+0800] {processor.py:208} INFO - Processing /Users/ervinyeoh/Desktop/unimods/is3107/project/.venv/lib/python3.11/site-packages/airflow/example_dags/example_dynamic_task_mapping_with_no_taskflow_operators.py took 0.106 seconds
[2025-04-07T18:38:46.092+0800] {processor.py:186} INFO - Started process (PID=95099) to work on /Users/ervinyeoh/Desktop/unimods/is3107/project/.venv/lib/python3.11/site-packages/airflow/example_dags/example_dynamic_task_mapping_with_no_taskflow_operators.py
[2025-04-07T18:38:46.093+0800] {processor.py:914} INFO - Processing file /Users/ervinyeoh/Desktop/unimods/is3107/project/.venv/lib/python3.11/site-packages/airflow/example_dags/example_dynamic_task_mapping_with_no_taskflow_operators.py for tasks to queue
[2025-04-07T18:38:46.094+0800] {logging_mixin.py:190} INFO - [2025-04-07T18:38:46.094+0800] {dagbag.py:588} INFO - Filling up the DagBag from /Users/ervinyeoh/Desktop/unimods/is3107/project/.venv/lib/python3.11/site-packages/airflow/example_dags/example_dynamic_task_mapping_with_no_taskflow_operators.py
[2025-04-07T18:38:46.098+0800] {processor.py:925} INFO - DAG(s) 'example_dynamic_task_mapping_with_no_taskflow_operators' retrieved from /Users/ervinyeoh/Desktop/unimods/is3107/project/.venv/lib/python3.11/site-packages/airflow/example_dags/example_dynamic_task_mapping_with_no_taskflow_operators.py
[2025-04-07T18:38:46.182+0800] {logging_mixin.py:190} INFO - [2025-04-07T18:38:46.182+0800] {dag.py:3239} INFO - Sync 1 DAGs
[2025-04-07T18:38:46.189+0800] {logging_mixin.py:190} INFO - [2025-04-07T18:38:46.188+0800] {dag.py:4180} INFO - Setting next_dagrun for example_dynamic_task_mapping_with_no_taskflow_operators to None, run_after=None
[2025-04-07T18:38:46.199+0800] {processor.py:208} INFO - Processing /Users/ervinyeoh/Desktop/unimods/is3107/project/.venv/lib/python3.11/site-packages/airflow/example_dags/example_dynamic_task_mapping_with_no_taskflow_operators.py took 0.108 seconds
[2025-04-07T18:42:04.337+0800] {processor.py:186} INFO - Started process (PID=95325) to work on /Users/ervinyeoh/Desktop/unimods/is3107/project/.venv/lib/python3.11/site-packages/airflow/example_dags/example_dynamic_task_mapping_with_no_taskflow_operators.py
[2025-04-07T18:42:04.338+0800] {processor.py:914} INFO - Processing file /Users/ervinyeoh/Desktop/unimods/is3107/project/.venv/lib/python3.11/site-packages/airflow/example_dags/example_dynamic_task_mapping_with_no_taskflow_operators.py for tasks to queue
[2025-04-07T18:42:04.339+0800] {logging_mixin.py:190} INFO - [2025-04-07T18:42:04.338+0800] {dagbag.py:588} INFO - Filling up the DagBag from /Users/ervinyeoh/Desktop/unimods/is3107/project/.venv/lib/python3.11/site-packages/airflow/example_dags/example_dynamic_task_mapping_with_no_taskflow_operators.py
[2025-04-07T18:42:04.343+0800] {processor.py:925} INFO - DAG(s) 'example_dynamic_task_mapping_with_no_taskflow_operators' retrieved from /Users/ervinyeoh/Desktop/unimods/is3107/project/.venv/lib/python3.11/site-packages/airflow/example_dags/example_dynamic_task_mapping_with_no_taskflow_operators.py
[2025-04-07T18:42:04.427+0800] {logging_mixin.py:190} INFO - [2025-04-07T18:42:04.426+0800] {dag.py:3239} INFO - Sync 1 DAGs
[2025-04-07T18:42:04.433+0800] {logging_mixin.py:190} INFO - [2025-04-07T18:42:04.433+0800] {dag.py:4180} INFO - Setting next_dagrun for example_dynamic_task_mapping_with_no_taskflow_operators to None, run_after=None
[2025-04-07T18:42:04.443+0800] {processor.py:208} INFO - Processing /Users/ervinyeoh/Desktop/unimods/is3107/project/.venv/lib/python3.11/site-packages/airflow/example_dags/example_dynamic_task_mapping_with_no_taskflow_operators.py took 0.107 seconds
[2025-04-07T18:45:24.972+0800] {processor.py:186} INFO - Started process (PID=95554) to work on /Users/ervinyeoh/Desktop/unimods/is3107/project/.venv/lib/python3.11/site-packages/airflow/example_dags/example_dynamic_task_mapping_with_no_taskflow_operators.py
[2025-04-07T18:45:24.974+0800] {processor.py:914} INFO - Processing file /Users/ervinyeoh/Desktop/unimods/is3107/project/.venv/lib/python3.11/site-packages/airflow/example_dags/example_dynamic_task_mapping_with_no_taskflow_operators.py for tasks to queue
[2025-04-07T18:45:24.974+0800] {logging_mixin.py:190} INFO - [2025-04-07T18:45:24.974+0800] {dagbag.py:588} INFO - Filling up the DagBag from /Users/ervinyeoh/Desktop/unimods/is3107/project/.venv/lib/python3.11/site-packages/airflow/example_dags/example_dynamic_task_mapping_with_no_taskflow_operators.py
[2025-04-07T18:45:24.979+0800] {processor.py:925} INFO - DAG(s) 'example_dynamic_task_mapping_with_no_taskflow_operators' retrieved from /Users/ervinyeoh/Desktop/unimods/is3107/project/.venv/lib/python3.11/site-packages/airflow/example_dags/example_dynamic_task_mapping_with_no_taskflow_operators.py
[2025-04-07T18:45:25.061+0800] {logging_mixin.py:190} INFO - [2025-04-07T18:45:25.061+0800] {dag.py:3239} INFO - Sync 1 DAGs
[2025-04-07T18:45:25.067+0800] {logging_mixin.py:190} INFO - [2025-04-07T18:45:25.067+0800] {dag.py:4180} INFO - Setting next_dagrun for example_dynamic_task_mapping_with_no_taskflow_operators to None, run_after=None
[2025-04-07T18:45:25.076+0800] {processor.py:208} INFO - Processing /Users/ervinyeoh/Desktop/unimods/is3107/project/.venv/lib/python3.11/site-packages/airflow/example_dags/example_dynamic_task_mapping_with_no_taskflow_operators.py took 0.106 seconds
[2025-04-07T18:48:45.305+0800] {processor.py:186} INFO - Started process (PID=95786) to work on /Users/ervinyeoh/Desktop/unimods/is3107/project/.venv/lib/python3.11/site-packages/airflow/example_dags/example_dynamic_task_mapping_with_no_taskflow_operators.py
[2025-04-07T18:48:45.306+0800] {processor.py:914} INFO - Processing file /Users/ervinyeoh/Desktop/unimods/is3107/project/.venv/lib/python3.11/site-packages/airflow/example_dags/example_dynamic_task_mapping_with_no_taskflow_operators.py for tasks to queue
[2025-04-07T18:48:45.306+0800] {logging_mixin.py:190} INFO - [2025-04-07T18:48:45.306+0800] {dagbag.py:588} INFO - Filling up the DagBag from /Users/ervinyeoh/Desktop/unimods/is3107/project/.venv/lib/python3.11/site-packages/airflow/example_dags/example_dynamic_task_mapping_with_no_taskflow_operators.py
[2025-04-07T18:48:45.311+0800] {processor.py:925} INFO - DAG(s) 'example_dynamic_task_mapping_with_no_taskflow_operators' retrieved from /Users/ervinyeoh/Desktop/unimods/is3107/project/.venv/lib/python3.11/site-packages/airflow/example_dags/example_dynamic_task_mapping_with_no_taskflow_operators.py
[2025-04-07T18:48:45.392+0800] {logging_mixin.py:190} INFO - [2025-04-07T18:48:45.392+0800] {dag.py:3239} INFO - Sync 1 DAGs
[2025-04-07T18:48:45.399+0800] {logging_mixin.py:190} INFO - [2025-04-07T18:48:45.399+0800] {dag.py:4180} INFO - Setting next_dagrun for example_dynamic_task_mapping_with_no_taskflow_operators to None, run_after=None
[2025-04-07T18:48:45.408+0800] {processor.py:208} INFO - Processing /Users/ervinyeoh/Desktop/unimods/is3107/project/.venv/lib/python3.11/site-packages/airflow/example_dags/example_dynamic_task_mapping_with_no_taskflow_operators.py took 0.105 seconds
[2025-04-07T18:52:00.875+0800] {processor.py:186} INFO - Started process (PID=96009) to work on /Users/ervinyeoh/Desktop/unimods/is3107/project/.venv/lib/python3.11/site-packages/airflow/example_dags/example_dynamic_task_mapping_with_no_taskflow_operators.py
[2025-04-07T18:52:00.877+0800] {processor.py:914} INFO - Processing file /Users/ervinyeoh/Desktop/unimods/is3107/project/.venv/lib/python3.11/site-packages/airflow/example_dags/example_dynamic_task_mapping_with_no_taskflow_operators.py for tasks to queue
[2025-04-07T18:52:00.877+0800] {logging_mixin.py:190} INFO - [2025-04-07T18:52:00.877+0800] {dagbag.py:588} INFO - Filling up the DagBag from /Users/ervinyeoh/Desktop/unimods/is3107/project/.venv/lib/python3.11/site-packages/airflow/example_dags/example_dynamic_task_mapping_with_no_taskflow_operators.py
[2025-04-07T18:52:00.881+0800] {processor.py:925} INFO - DAG(s) 'example_dynamic_task_mapping_with_no_taskflow_operators' retrieved from /Users/ervinyeoh/Desktop/unimods/is3107/project/.venv/lib/python3.11/site-packages/airflow/example_dags/example_dynamic_task_mapping_with_no_taskflow_operators.py
[2025-04-07T18:52:00.963+0800] {logging_mixin.py:190} INFO - [2025-04-07T18:52:00.963+0800] {dag.py:3239} INFO - Sync 1 DAGs
[2025-04-07T18:52:00.969+0800] {logging_mixin.py:190} INFO - [2025-04-07T18:52:00.969+0800] {dag.py:4180} INFO - Setting next_dagrun for example_dynamic_task_mapping_with_no_taskflow_operators to None, run_after=None
[2025-04-07T18:52:00.979+0800] {processor.py:208} INFO - Processing /Users/ervinyeoh/Desktop/unimods/is3107/project/.venv/lib/python3.11/site-packages/airflow/example_dags/example_dynamic_task_mapping_with_no_taskflow_operators.py took 0.106 seconds
[2025-04-07T18:55:22.549+0800] {processor.py:186} INFO - Started process (PID=96227) to work on /Users/ervinyeoh/Desktop/unimods/is3107/project/.venv/lib/python3.11/site-packages/airflow/example_dags/example_dynamic_task_mapping_with_no_taskflow_operators.py
[2025-04-07T18:55:22.550+0800] {processor.py:914} INFO - Processing file /Users/ervinyeoh/Desktop/unimods/is3107/project/.venv/lib/python3.11/site-packages/airflow/example_dags/example_dynamic_task_mapping_with_no_taskflow_operators.py for tasks to queue
[2025-04-07T18:55:22.551+0800] {logging_mixin.py:190} INFO - [2025-04-07T18:55:22.550+0800] {dagbag.py:588} INFO - Filling up the DagBag from /Users/ervinyeoh/Desktop/unimods/is3107/project/.venv/lib/python3.11/site-packages/airflow/example_dags/example_dynamic_task_mapping_with_no_taskflow_operators.py
[2025-04-07T18:55:22.555+0800] {processor.py:925} INFO - DAG(s) 'example_dynamic_task_mapping_with_no_taskflow_operators' retrieved from /Users/ervinyeoh/Desktop/unimods/is3107/project/.venv/lib/python3.11/site-packages/airflow/example_dags/example_dynamic_task_mapping_with_no_taskflow_operators.py
[2025-04-07T18:55:22.638+0800] {logging_mixin.py:190} INFO - [2025-04-07T18:55:22.638+0800] {dag.py:3239} INFO - Sync 1 DAGs
[2025-04-07T18:55:22.645+0800] {logging_mixin.py:190} INFO - [2025-04-07T18:55:22.644+0800] {dag.py:4180} INFO - Setting next_dagrun for example_dynamic_task_mapping_with_no_taskflow_operators to None, run_after=None
[2025-04-07T18:55:22.654+0800] {processor.py:208} INFO - Processing /Users/ervinyeoh/Desktop/unimods/is3107/project/.venv/lib/python3.11/site-packages/airflow/example_dags/example_dynamic_task_mapping_with_no_taskflow_operators.py took 0.107 seconds
[2025-04-07T19:45:08.551+0800] {processor.py:186} INFO - Started process (PID=96579) to work on /Users/ervinyeoh/Desktop/unimods/is3107/project/.venv/lib/python3.11/site-packages/airflow/example_dags/example_dynamic_task_mapping_with_no_taskflow_operators.py
[2025-04-07T19:45:08.552+0800] {processor.py:914} INFO - Processing file /Users/ervinyeoh/Desktop/unimods/is3107/project/.venv/lib/python3.11/site-packages/airflow/example_dags/example_dynamic_task_mapping_with_no_taskflow_operators.py for tasks to queue
[2025-04-07T19:45:08.553+0800] {logging_mixin.py:190} INFO - [2025-04-07T19:45:08.553+0800] {dagbag.py:588} INFO - Filling up the DagBag from /Users/ervinyeoh/Desktop/unimods/is3107/project/.venv/lib/python3.11/site-packages/airflow/example_dags/example_dynamic_task_mapping_with_no_taskflow_operators.py
[2025-04-07T19:45:08.557+0800] {processor.py:925} INFO - DAG(s) 'example_dynamic_task_mapping_with_no_taskflow_operators' retrieved from /Users/ervinyeoh/Desktop/unimods/is3107/project/.venv/lib/python3.11/site-packages/airflow/example_dags/example_dynamic_task_mapping_with_no_taskflow_operators.py
[2025-04-07T19:45:08.638+0800] {logging_mixin.py:190} INFO - [2025-04-07T19:45:08.638+0800] {dag.py:3239} INFO - Sync 1 DAGs
[2025-04-07T19:45:08.645+0800] {logging_mixin.py:190} INFO - [2025-04-07T19:45:08.644+0800] {dag.py:4180} INFO - Setting next_dagrun for example_dynamic_task_mapping_with_no_taskflow_operators to None, run_after=None
[2025-04-07T19:45:08.654+0800] {processor.py:208} INFO - Processing /Users/ervinyeoh/Desktop/unimods/is3107/project/.venv/lib/python3.11/site-packages/airflow/example_dags/example_dynamic_task_mapping_with_no_taskflow_operators.py took 0.105 seconds
[2025-04-07T20:02:01.681+0800] {processor.py:186} INFO - Started process (PID=96887) to work on /Users/ervinyeoh/Desktop/unimods/is3107/project/.venv/lib/python3.11/site-packages/airflow/example_dags/example_dynamic_task_mapping_with_no_taskflow_operators.py
[2025-04-07T20:02:01.682+0800] {processor.py:914} INFO - Processing file /Users/ervinyeoh/Desktop/unimods/is3107/project/.venv/lib/python3.11/site-packages/airflow/example_dags/example_dynamic_task_mapping_with_no_taskflow_operators.py for tasks to queue
[2025-04-07T20:02:01.683+0800] {logging_mixin.py:190} INFO - [2025-04-07T20:02:01.682+0800] {dagbag.py:588} INFO - Filling up the DagBag from /Users/ervinyeoh/Desktop/unimods/is3107/project/.venv/lib/python3.11/site-packages/airflow/example_dags/example_dynamic_task_mapping_with_no_taskflow_operators.py
[2025-04-07T20:02:01.687+0800] {processor.py:925} INFO - DAG(s) 'example_dynamic_task_mapping_with_no_taskflow_operators' retrieved from /Users/ervinyeoh/Desktop/unimods/is3107/project/.venv/lib/python3.11/site-packages/airflow/example_dags/example_dynamic_task_mapping_with_no_taskflow_operators.py
[2025-04-07T20:02:01.769+0800] {logging_mixin.py:190} INFO - [2025-04-07T20:02:01.768+0800] {dag.py:3239} INFO - Sync 1 DAGs
[2025-04-07T20:02:01.775+0800] {logging_mixin.py:190} INFO - [2025-04-07T20:02:01.775+0800] {dag.py:4180} INFO - Setting next_dagrun for example_dynamic_task_mapping_with_no_taskflow_operators to None, run_after=None
[2025-04-07T20:02:01.785+0800] {processor.py:208} INFO - Processing /Users/ervinyeoh/Desktop/unimods/is3107/project/.venv/lib/python3.11/site-packages/airflow/example_dags/example_dynamic_task_mapping_with_no_taskflow_operators.py took 0.106 seconds
[2025-04-07T20:05:23.800+0800] {processor.py:186} INFO - Started process (PID=97104) to work on /Users/ervinyeoh/Desktop/unimods/is3107/project/.venv/lib/python3.11/site-packages/airflow/example_dags/example_dynamic_task_mapping_with_no_taskflow_operators.py
[2025-04-07T20:05:23.801+0800] {processor.py:914} INFO - Processing file /Users/ervinyeoh/Desktop/unimods/is3107/project/.venv/lib/python3.11/site-packages/airflow/example_dags/example_dynamic_task_mapping_with_no_taskflow_operators.py for tasks to queue
[2025-04-07T20:05:23.802+0800] {logging_mixin.py:190} INFO - [2025-04-07T20:05:23.802+0800] {dagbag.py:588} INFO - Filling up the DagBag from /Users/ervinyeoh/Desktop/unimods/is3107/project/.venv/lib/python3.11/site-packages/airflow/example_dags/example_dynamic_task_mapping_with_no_taskflow_operators.py
[2025-04-07T20:05:23.806+0800] {processor.py:925} INFO - DAG(s) 'example_dynamic_task_mapping_with_no_taskflow_operators' retrieved from /Users/ervinyeoh/Desktop/unimods/is3107/project/.venv/lib/python3.11/site-packages/airflow/example_dags/example_dynamic_task_mapping_with_no_taskflow_operators.py
[2025-04-07T20:05:23.889+0800] {logging_mixin.py:190} INFO - [2025-04-07T20:05:23.889+0800] {dag.py:3239} INFO - Sync 1 DAGs
[2025-04-07T20:05:23.895+0800] {logging_mixin.py:190} INFO - [2025-04-07T20:05:23.895+0800] {dag.py:4180} INFO - Setting next_dagrun for example_dynamic_task_mapping_with_no_taskflow_operators to None, run_after=None
[2025-04-07T20:05:23.905+0800] {processor.py:208} INFO - Processing /Users/ervinyeoh/Desktop/unimods/is3107/project/.venv/lib/python3.11/site-packages/airflow/example_dags/example_dynamic_task_mapping_with_no_taskflow_operators.py took 0.106 seconds
[2025-04-07T20:08:44.396+0800] {processor.py:186} INFO - Started process (PID=97326) to work on /Users/ervinyeoh/Desktop/unimods/is3107/project/.venv/lib/python3.11/site-packages/airflow/example_dags/example_dynamic_task_mapping_with_no_taskflow_operators.py
[2025-04-07T20:08:44.397+0800] {processor.py:914} INFO - Processing file /Users/ervinyeoh/Desktop/unimods/is3107/project/.venv/lib/python3.11/site-packages/airflow/example_dags/example_dynamic_task_mapping_with_no_taskflow_operators.py for tasks to queue
[2025-04-07T20:08:44.398+0800] {logging_mixin.py:190} INFO - [2025-04-07T20:08:44.398+0800] {dagbag.py:588} INFO - Filling up the DagBag from /Users/ervinyeoh/Desktop/unimods/is3107/project/.venv/lib/python3.11/site-packages/airflow/example_dags/example_dynamic_task_mapping_with_no_taskflow_operators.py
[2025-04-07T20:08:44.402+0800] {processor.py:925} INFO - DAG(s) 'example_dynamic_task_mapping_with_no_taskflow_operators' retrieved from /Users/ervinyeoh/Desktop/unimods/is3107/project/.venv/lib/python3.11/site-packages/airflow/example_dags/example_dynamic_task_mapping_with_no_taskflow_operators.py
[2025-04-07T20:08:44.485+0800] {logging_mixin.py:190} INFO - [2025-04-07T20:08:44.485+0800] {dag.py:3239} INFO - Sync 1 DAGs
[2025-04-07T20:08:44.491+0800] {logging_mixin.py:190} INFO - [2025-04-07T20:08:44.491+0800] {dag.py:4180} INFO - Setting next_dagrun for example_dynamic_task_mapping_with_no_taskflow_operators to None, run_after=None
[2025-04-07T20:08:44.502+0800] {processor.py:208} INFO - Processing /Users/ervinyeoh/Desktop/unimods/is3107/project/.venv/lib/python3.11/site-packages/airflow/example_dags/example_dynamic_task_mapping_with_no_taskflow_operators.py took 0.107 seconds
[2025-04-07T20:12:02.709+0800] {processor.py:186} INFO - Started process (PID=97553) to work on /Users/ervinyeoh/Desktop/unimods/is3107/project/.venv/lib/python3.11/site-packages/airflow/example_dags/example_dynamic_task_mapping_with_no_taskflow_operators.py
[2025-04-07T20:12:02.709+0800] {processor.py:914} INFO - Processing file /Users/ervinyeoh/Desktop/unimods/is3107/project/.venv/lib/python3.11/site-packages/airflow/example_dags/example_dynamic_task_mapping_with_no_taskflow_operators.py for tasks to queue
[2025-04-07T20:12:02.710+0800] {logging_mixin.py:190} INFO - [2025-04-07T20:12:02.710+0800] {dagbag.py:588} INFO - Filling up the DagBag from /Users/ervinyeoh/Desktop/unimods/is3107/project/.venv/lib/python3.11/site-packages/airflow/example_dags/example_dynamic_task_mapping_with_no_taskflow_operators.py
[2025-04-07T20:12:02.714+0800] {processor.py:925} INFO - DAG(s) 'example_dynamic_task_mapping_with_no_taskflow_operators' retrieved from /Users/ervinyeoh/Desktop/unimods/is3107/project/.venv/lib/python3.11/site-packages/airflow/example_dags/example_dynamic_task_mapping_with_no_taskflow_operators.py
[2025-04-07T20:12:02.797+0800] {logging_mixin.py:190} INFO - [2025-04-07T20:12:02.797+0800] {dag.py:3239} INFO - Sync 1 DAGs
[2025-04-07T20:12:02.803+0800] {logging_mixin.py:190} INFO - [2025-04-07T20:12:02.803+0800] {dag.py:4180} INFO - Setting next_dagrun for example_dynamic_task_mapping_with_no_taskflow_operators to None, run_after=None
[2025-04-07T20:12:02.813+0800] {processor.py:208} INFO - Processing /Users/ervinyeoh/Desktop/unimods/is3107/project/.venv/lib/python3.11/site-packages/airflow/example_dags/example_dynamic_task_mapping_with_no_taskflow_operators.py took 0.106 seconds
[2025-04-07T20:15:18.917+0800] {processor.py:186} INFO - Started process (PID=97902) to work on /Users/ervinyeoh/Desktop/unimods/is3107/project/.venv/lib/python3.11/site-packages/airflow/example_dags/example_dynamic_task_mapping_with_no_taskflow_operators.py
[2025-04-07T20:15:18.918+0800] {processor.py:914} INFO - Processing file /Users/ervinyeoh/Desktop/unimods/is3107/project/.venv/lib/python3.11/site-packages/airflow/example_dags/example_dynamic_task_mapping_with_no_taskflow_operators.py for tasks to queue
[2025-04-07T20:15:18.918+0800] {logging_mixin.py:190} INFO - [2025-04-07T20:15:18.918+0800] {dagbag.py:588} INFO - Filling up the DagBag from /Users/ervinyeoh/Desktop/unimods/is3107/project/.venv/lib/python3.11/site-packages/airflow/example_dags/example_dynamic_task_mapping_with_no_taskflow_operators.py
[2025-04-07T20:15:18.922+0800] {processor.py:925} INFO - DAG(s) 'example_dynamic_task_mapping_with_no_taskflow_operators' retrieved from /Users/ervinyeoh/Desktop/unimods/is3107/project/.venv/lib/python3.11/site-packages/airflow/example_dags/example_dynamic_task_mapping_with_no_taskflow_operators.py
[2025-04-07T20:15:19.004+0800] {logging_mixin.py:190} INFO - [2025-04-07T20:15:19.004+0800] {dag.py:3239} INFO - Sync 1 DAGs
[2025-04-07T20:15:19.010+0800] {logging_mixin.py:190} INFO - [2025-04-07T20:15:19.010+0800] {dag.py:4180} INFO - Setting next_dagrun for example_dynamic_task_mapping_with_no_taskflow_operators to None, run_after=None
[2025-04-07T20:15:19.020+0800] {processor.py:208} INFO - Processing /Users/ervinyeoh/Desktop/unimods/is3107/project/.venv/lib/python3.11/site-packages/airflow/example_dags/example_dynamic_task_mapping_with_no_taskflow_operators.py took 0.105 seconds
[2025-04-07T20:18:33.890+0800] {processor.py:186} INFO - Started process (PID=98180) to work on /Users/ervinyeoh/Desktop/unimods/is3107/project/.venv/lib/python3.11/site-packages/airflow/example_dags/example_dynamic_task_mapping_with_no_taskflow_operators.py
[2025-04-07T20:18:33.891+0800] {processor.py:914} INFO - Processing file /Users/ervinyeoh/Desktop/unimods/is3107/project/.venv/lib/python3.11/site-packages/airflow/example_dags/example_dynamic_task_mapping_with_no_taskflow_operators.py for tasks to queue
[2025-04-07T20:18:33.892+0800] {logging_mixin.py:190} INFO - [2025-04-07T20:18:33.892+0800] {dagbag.py:588} INFO - Filling up the DagBag from /Users/ervinyeoh/Desktop/unimods/is3107/project/.venv/lib/python3.11/site-packages/airflow/example_dags/example_dynamic_task_mapping_with_no_taskflow_operators.py
[2025-04-07T20:18:33.897+0800] {processor.py:925} INFO - DAG(s) 'example_dynamic_task_mapping_with_no_taskflow_operators' retrieved from /Users/ervinyeoh/Desktop/unimods/is3107/project/.venv/lib/python3.11/site-packages/airflow/example_dags/example_dynamic_task_mapping_with_no_taskflow_operators.py
[2025-04-07T20:18:33.980+0800] {logging_mixin.py:190} INFO - [2025-04-07T20:18:33.979+0800] {dag.py:3239} INFO - Sync 1 DAGs
[2025-04-07T20:18:33.986+0800] {logging_mixin.py:190} INFO - [2025-04-07T20:18:33.986+0800] {dag.py:4180} INFO - Setting next_dagrun for example_dynamic_task_mapping_with_no_taskflow_operators to None, run_after=None
[2025-04-07T20:18:33.997+0800] {processor.py:208} INFO - Processing /Users/ervinyeoh/Desktop/unimods/is3107/project/.venv/lib/python3.11/site-packages/airflow/example_dags/example_dynamic_task_mapping_with_no_taskflow_operators.py took 0.108 seconds
[2025-04-07T20:21:55.656+0800] {processor.py:186} INFO - Started process (PID=98413) to work on /Users/ervinyeoh/Desktop/unimods/is3107/project/.venv/lib/python3.11/site-packages/airflow/example_dags/example_dynamic_task_mapping_with_no_taskflow_operators.py
[2025-04-07T20:21:55.657+0800] {processor.py:914} INFO - Processing file /Users/ervinyeoh/Desktop/unimods/is3107/project/.venv/lib/python3.11/site-packages/airflow/example_dags/example_dynamic_task_mapping_with_no_taskflow_operators.py for tasks to queue
[2025-04-07T20:21:55.657+0800] {logging_mixin.py:190} INFO - [2025-04-07T20:21:55.657+0800] {dagbag.py:588} INFO - Filling up the DagBag from /Users/ervinyeoh/Desktop/unimods/is3107/project/.venv/lib/python3.11/site-packages/airflow/example_dags/example_dynamic_task_mapping_with_no_taskflow_operators.py
[2025-04-07T20:21:55.662+0800] {processor.py:925} INFO - DAG(s) 'example_dynamic_task_mapping_with_no_taskflow_operators' retrieved from /Users/ervinyeoh/Desktop/unimods/is3107/project/.venv/lib/python3.11/site-packages/airflow/example_dags/example_dynamic_task_mapping_with_no_taskflow_operators.py
[2025-04-07T20:21:55.743+0800] {logging_mixin.py:190} INFO - [2025-04-07T20:21:55.743+0800] {dag.py:3239} INFO - Sync 1 DAGs
[2025-04-07T20:21:55.749+0800] {logging_mixin.py:190} INFO - [2025-04-07T20:21:55.749+0800] {dag.py:4180} INFO - Setting next_dagrun for example_dynamic_task_mapping_with_no_taskflow_operators to None, run_after=None
[2025-04-07T20:21:55.758+0800] {processor.py:208} INFO - Processing /Users/ervinyeoh/Desktop/unimods/is3107/project/.venv/lib/python3.11/site-packages/airflow/example_dags/example_dynamic_task_mapping_with_no_taskflow_operators.py took 0.105 seconds
[2025-04-07T20:25:09.602+0800] {processor.py:186} INFO - Started process (PID=98634) to work on /Users/ervinyeoh/Desktop/unimods/is3107/project/.venv/lib/python3.11/site-packages/airflow/example_dags/example_dynamic_task_mapping_with_no_taskflow_operators.py
[2025-04-07T20:25:09.604+0800] {processor.py:914} INFO - Processing file /Users/ervinyeoh/Desktop/unimods/is3107/project/.venv/lib/python3.11/site-packages/airflow/example_dags/example_dynamic_task_mapping_with_no_taskflow_operators.py for tasks to queue
[2025-04-07T20:25:09.605+0800] {logging_mixin.py:190} INFO - [2025-04-07T20:25:09.604+0800] {dagbag.py:588} INFO - Filling up the DagBag from /Users/ervinyeoh/Desktop/unimods/is3107/project/.venv/lib/python3.11/site-packages/airflow/example_dags/example_dynamic_task_mapping_with_no_taskflow_operators.py
[2025-04-07T20:25:09.609+0800] {processor.py:925} INFO - DAG(s) 'example_dynamic_task_mapping_with_no_taskflow_operators' retrieved from /Users/ervinyeoh/Desktop/unimods/is3107/project/.venv/lib/python3.11/site-packages/airflow/example_dags/example_dynamic_task_mapping_with_no_taskflow_operators.py
[2025-04-07T20:25:09.690+0800] {logging_mixin.py:190} INFO - [2025-04-07T20:25:09.690+0800] {dag.py:3239} INFO - Sync 1 DAGs
[2025-04-07T20:25:09.697+0800] {logging_mixin.py:190} INFO - [2025-04-07T20:25:09.696+0800] {dag.py:4180} INFO - Setting next_dagrun for example_dynamic_task_mapping_with_no_taskflow_operators to None, run_after=None
[2025-04-07T20:25:09.706+0800] {processor.py:208} INFO - Processing /Users/ervinyeoh/Desktop/unimods/is3107/project/.venv/lib/python3.11/site-packages/airflow/example_dags/example_dynamic_task_mapping_with_no_taskflow_operators.py took 0.105 seconds
[2025-04-07T20:28:28.663+0800] {processor.py:186} INFO - Started process (PID=98873) to work on /Users/ervinyeoh/Desktop/unimods/is3107/project/.venv/lib/python3.11/site-packages/airflow/example_dags/example_dynamic_task_mapping_with_no_taskflow_operators.py
[2025-04-07T20:28:28.663+0800] {processor.py:914} INFO - Processing file /Users/ervinyeoh/Desktop/unimods/is3107/project/.venv/lib/python3.11/site-packages/airflow/example_dags/example_dynamic_task_mapping_with_no_taskflow_operators.py for tasks to queue
[2025-04-07T20:28:28.664+0800] {logging_mixin.py:190} INFO - [2025-04-07T20:28:28.664+0800] {dagbag.py:588} INFO - Filling up the DagBag from /Users/ervinyeoh/Desktop/unimods/is3107/project/.venv/lib/python3.11/site-packages/airflow/example_dags/example_dynamic_task_mapping_with_no_taskflow_operators.py
[2025-04-07T20:28:28.668+0800] {processor.py:925} INFO - DAG(s) 'example_dynamic_task_mapping_with_no_taskflow_operators' retrieved from /Users/ervinyeoh/Desktop/unimods/is3107/project/.venv/lib/python3.11/site-packages/airflow/example_dags/example_dynamic_task_mapping_with_no_taskflow_operators.py
[2025-04-07T20:28:28.750+0800] {logging_mixin.py:190} INFO - [2025-04-07T20:28:28.750+0800] {dag.py:3239} INFO - Sync 1 DAGs
[2025-04-07T20:28:28.756+0800] {logging_mixin.py:190} INFO - [2025-04-07T20:28:28.756+0800] {dag.py:4180} INFO - Setting next_dagrun for example_dynamic_task_mapping_with_no_taskflow_operators to None, run_after=None
[2025-04-07T20:28:28.766+0800] {processor.py:208} INFO - Processing /Users/ervinyeoh/Desktop/unimods/is3107/project/.venv/lib/python3.11/site-packages/airflow/example_dags/example_dynamic_task_mapping_with_no_taskflow_operators.py took 0.105 seconds
[2025-04-07T20:31:48.351+0800] {processor.py:186} INFO - Started process (PID=99095) to work on /Users/ervinyeoh/Desktop/unimods/is3107/project/.venv/lib/python3.11/site-packages/airflow/example_dags/example_dynamic_task_mapping_with_no_taskflow_operators.py
[2025-04-07T20:31:48.352+0800] {processor.py:914} INFO - Processing file /Users/ervinyeoh/Desktop/unimods/is3107/project/.venv/lib/python3.11/site-packages/airflow/example_dags/example_dynamic_task_mapping_with_no_taskflow_operators.py for tasks to queue
[2025-04-07T20:31:48.353+0800] {logging_mixin.py:190} INFO - [2025-04-07T20:31:48.353+0800] {dagbag.py:588} INFO - Filling up the DagBag from /Users/ervinyeoh/Desktop/unimods/is3107/project/.venv/lib/python3.11/site-packages/airflow/example_dags/example_dynamic_task_mapping_with_no_taskflow_operators.py
[2025-04-07T20:31:48.358+0800] {processor.py:925} INFO - DAG(s) 'example_dynamic_task_mapping_with_no_taskflow_operators' retrieved from /Users/ervinyeoh/Desktop/unimods/is3107/project/.venv/lib/python3.11/site-packages/airflow/example_dags/example_dynamic_task_mapping_with_no_taskflow_operators.py
[2025-04-07T20:31:48.440+0800] {logging_mixin.py:190} INFO - [2025-04-07T20:31:48.440+0800] {dag.py:3239} INFO - Sync 1 DAGs
[2025-04-07T20:31:48.446+0800] {logging_mixin.py:190} INFO - [2025-04-07T20:31:48.446+0800] {dag.py:4180} INFO - Setting next_dagrun for example_dynamic_task_mapping_with_no_taskflow_operators to None, run_after=None
[2025-04-07T20:31:48.456+0800] {processor.py:208} INFO - Processing /Users/ervinyeoh/Desktop/unimods/is3107/project/.venv/lib/python3.11/site-packages/airflow/example_dags/example_dynamic_task_mapping_with_no_taskflow_operators.py took 0.106 seconds
[2025-04-07T20:35:04.718+0800] {processor.py:186} INFO - Started process (PID=99308) to work on /Users/ervinyeoh/Desktop/unimods/is3107/project/.venv/lib/python3.11/site-packages/airflow/example_dags/example_dynamic_task_mapping_with_no_taskflow_operators.py
[2025-04-07T20:35:04.720+0800] {processor.py:914} INFO - Processing file /Users/ervinyeoh/Desktop/unimods/is3107/project/.venv/lib/python3.11/site-packages/airflow/example_dags/example_dynamic_task_mapping_with_no_taskflow_operators.py for tasks to queue
[2025-04-07T20:35:04.720+0800] {logging_mixin.py:190} INFO - [2025-04-07T20:35:04.720+0800] {dagbag.py:588} INFO - Filling up the DagBag from /Users/ervinyeoh/Desktop/unimods/is3107/project/.venv/lib/python3.11/site-packages/airflow/example_dags/example_dynamic_task_mapping_with_no_taskflow_operators.py
[2025-04-07T20:35:04.724+0800] {processor.py:925} INFO - DAG(s) 'example_dynamic_task_mapping_with_no_taskflow_operators' retrieved from /Users/ervinyeoh/Desktop/unimods/is3107/project/.venv/lib/python3.11/site-packages/airflow/example_dags/example_dynamic_task_mapping_with_no_taskflow_operators.py
[2025-04-07T20:35:04.806+0800] {logging_mixin.py:190} INFO - [2025-04-07T20:35:04.806+0800] {dag.py:3239} INFO - Sync 1 DAGs
[2025-04-07T20:35:04.813+0800] {logging_mixin.py:190} INFO - [2025-04-07T20:35:04.813+0800] {dag.py:4180} INFO - Setting next_dagrun for example_dynamic_task_mapping_with_no_taskflow_operators to None, run_after=None
[2025-04-07T20:35:04.822+0800] {processor.py:208} INFO - Processing /Users/ervinyeoh/Desktop/unimods/is3107/project/.venv/lib/python3.11/site-packages/airflow/example_dags/example_dynamic_task_mapping_with_no_taskflow_operators.py took 0.106 seconds
[2025-04-07T20:38:19.054+0800] {processor.py:186} INFO - Started process (PID=99539) to work on /Users/ervinyeoh/Desktop/unimods/is3107/project/.venv/lib/python3.11/site-packages/airflow/example_dags/example_dynamic_task_mapping_with_no_taskflow_operators.py
[2025-04-07T20:38:19.056+0800] {processor.py:914} INFO - Processing file /Users/ervinyeoh/Desktop/unimods/is3107/project/.venv/lib/python3.11/site-packages/airflow/example_dags/example_dynamic_task_mapping_with_no_taskflow_operators.py for tasks to queue
[2025-04-07T20:38:19.056+0800] {logging_mixin.py:190} INFO - [2025-04-07T20:38:19.056+0800] {dagbag.py:588} INFO - Filling up the DagBag from /Users/ervinyeoh/Desktop/unimods/is3107/project/.venv/lib/python3.11/site-packages/airflow/example_dags/example_dynamic_task_mapping_with_no_taskflow_operators.py
[2025-04-07T20:38:19.061+0800] {processor.py:925} INFO - DAG(s) 'example_dynamic_task_mapping_with_no_taskflow_operators' retrieved from /Users/ervinyeoh/Desktop/unimods/is3107/project/.venv/lib/python3.11/site-packages/airflow/example_dags/example_dynamic_task_mapping_with_no_taskflow_operators.py
[2025-04-07T20:38:19.142+0800] {logging_mixin.py:190} INFO - [2025-04-07T20:38:19.142+0800] {dag.py:3239} INFO - Sync 1 DAGs
[2025-04-07T20:38:19.148+0800] {logging_mixin.py:190} INFO - [2025-04-07T20:38:19.148+0800] {dag.py:4180} INFO - Setting next_dagrun for example_dynamic_task_mapping_with_no_taskflow_operators to None, run_after=None
[2025-04-07T20:38:19.158+0800] {processor.py:208} INFO - Processing /Users/ervinyeoh/Desktop/unimods/is3107/project/.venv/lib/python3.11/site-packages/airflow/example_dags/example_dynamic_task_mapping_with_no_taskflow_operators.py took 0.105 seconds
[2025-04-07T20:41:39.147+0800] {processor.py:186} INFO - Started process (PID=99781) to work on /Users/ervinyeoh/Desktop/unimods/is3107/project/.venv/lib/python3.11/site-packages/airflow/example_dags/example_dynamic_task_mapping_with_no_taskflow_operators.py
[2025-04-07T20:41:39.148+0800] {processor.py:914} INFO - Processing file /Users/ervinyeoh/Desktop/unimods/is3107/project/.venv/lib/python3.11/site-packages/airflow/example_dags/example_dynamic_task_mapping_with_no_taskflow_operators.py for tasks to queue
[2025-04-07T20:41:39.148+0800] {logging_mixin.py:190} INFO - [2025-04-07T20:41:39.148+0800] {dagbag.py:588} INFO - Filling up the DagBag from /Users/ervinyeoh/Desktop/unimods/is3107/project/.venv/lib/python3.11/site-packages/airflow/example_dags/example_dynamic_task_mapping_with_no_taskflow_operators.py
[2025-04-07T20:41:39.153+0800] {processor.py:925} INFO - DAG(s) 'example_dynamic_task_mapping_with_no_taskflow_operators' retrieved from /Users/ervinyeoh/Desktop/unimods/is3107/project/.venv/lib/python3.11/site-packages/airflow/example_dags/example_dynamic_task_mapping_with_no_taskflow_operators.py
[2025-04-07T20:41:39.234+0800] {logging_mixin.py:190} INFO - [2025-04-07T20:41:39.234+0800] {dag.py:3239} INFO - Sync 1 DAGs
[2025-04-07T20:41:39.240+0800] {logging_mixin.py:190} INFO - [2025-04-07T20:41:39.240+0800] {dag.py:4180} INFO - Setting next_dagrun for example_dynamic_task_mapping_with_no_taskflow_operators to None, run_after=None
[2025-04-07T20:41:39.250+0800] {processor.py:208} INFO - Processing /Users/ervinyeoh/Desktop/unimods/is3107/project/.venv/lib/python3.11/site-packages/airflow/example_dags/example_dynamic_task_mapping_with_no_taskflow_operators.py took 0.105 seconds
[2025-04-07T20:50:40.974+0800] {processor.py:186} INFO - Started process (PID=163) to work on /Users/ervinyeoh/Desktop/unimods/is3107/project/.venv/lib/python3.11/site-packages/airflow/example_dags/example_dynamic_task_mapping_with_no_taskflow_operators.py
[2025-04-07T20:50:40.976+0800] {processor.py:914} INFO - Processing file /Users/ervinyeoh/Desktop/unimods/is3107/project/.venv/lib/python3.11/site-packages/airflow/example_dags/example_dynamic_task_mapping_with_no_taskflow_operators.py for tasks to queue
[2025-04-07T20:50:40.976+0800] {logging_mixin.py:190} INFO - [2025-04-07T20:50:40.976+0800] {dagbag.py:588} INFO - Filling up the DagBag from /Users/ervinyeoh/Desktop/unimods/is3107/project/.venv/lib/python3.11/site-packages/airflow/example_dags/example_dynamic_task_mapping_with_no_taskflow_operators.py
[2025-04-07T20:50:40.981+0800] {processor.py:925} INFO - DAG(s) 'example_dynamic_task_mapping_with_no_taskflow_operators' retrieved from /Users/ervinyeoh/Desktop/unimods/is3107/project/.venv/lib/python3.11/site-packages/airflow/example_dags/example_dynamic_task_mapping_with_no_taskflow_operators.py
[2025-04-07T20:50:41.064+0800] {logging_mixin.py:190} INFO - [2025-04-07T20:50:41.063+0800] {dag.py:3239} INFO - Sync 1 DAGs
[2025-04-07T20:50:41.070+0800] {logging_mixin.py:190} INFO - [2025-04-07T20:50:41.070+0800] {dag.py:4180} INFO - Setting next_dagrun for example_dynamic_task_mapping_with_no_taskflow_operators to None, run_after=None
[2025-04-07T20:50:41.079+0800] {processor.py:208} INFO - Processing /Users/ervinyeoh/Desktop/unimods/is3107/project/.venv/lib/python3.11/site-packages/airflow/example_dags/example_dynamic_task_mapping_with_no_taskflow_operators.py took 0.107 seconds
[2025-04-07T20:54:01.327+0800] {processor.py:186} INFO - Started process (PID=443) to work on /Users/ervinyeoh/Desktop/unimods/is3107/project/.venv/lib/python3.11/site-packages/airflow/example_dags/example_dynamic_task_mapping_with_no_taskflow_operators.py
[2025-04-07T20:54:01.327+0800] {processor.py:914} INFO - Processing file /Users/ervinyeoh/Desktop/unimods/is3107/project/.venv/lib/python3.11/site-packages/airflow/example_dags/example_dynamic_task_mapping_with_no_taskflow_operators.py for tasks to queue
[2025-04-07T20:54:01.328+0800] {logging_mixin.py:190} INFO - [2025-04-07T20:54:01.328+0800] {dagbag.py:588} INFO - Filling up the DagBag from /Users/ervinyeoh/Desktop/unimods/is3107/project/.venv/lib/python3.11/site-packages/airflow/example_dags/example_dynamic_task_mapping_with_no_taskflow_operators.py
[2025-04-07T20:54:01.332+0800] {processor.py:925} INFO - DAG(s) 'example_dynamic_task_mapping_with_no_taskflow_operators' retrieved from /Users/ervinyeoh/Desktop/unimods/is3107/project/.venv/lib/python3.11/site-packages/airflow/example_dags/example_dynamic_task_mapping_with_no_taskflow_operators.py
[2025-04-07T20:54:01.415+0800] {logging_mixin.py:190} INFO - [2025-04-07T20:54:01.414+0800] {dag.py:3239} INFO - Sync 1 DAGs
[2025-04-07T20:54:01.421+0800] {logging_mixin.py:190} INFO - [2025-04-07T20:54:01.421+0800] {dag.py:4180} INFO - Setting next_dagrun for example_dynamic_task_mapping_with_no_taskflow_operators to None, run_after=None
[2025-04-07T20:54:01.430+0800] {processor.py:208} INFO - Processing /Users/ervinyeoh/Desktop/unimods/is3107/project/.venv/lib/python3.11/site-packages/airflow/example_dags/example_dynamic_task_mapping_with_no_taskflow_operators.py took 0.105 seconds
[2025-04-07T20:57:22.958+0800] {processor.py:186} INFO - Started process (PID=758) to work on /Users/ervinyeoh/Desktop/unimods/is3107/project/.venv/lib/python3.11/site-packages/airflow/example_dags/example_dynamic_task_mapping_with_no_taskflow_operators.py
[2025-04-07T20:57:22.958+0800] {processor.py:914} INFO - Processing file /Users/ervinyeoh/Desktop/unimods/is3107/project/.venv/lib/python3.11/site-packages/airflow/example_dags/example_dynamic_task_mapping_with_no_taskflow_operators.py for tasks to queue
[2025-04-07T20:57:22.959+0800] {logging_mixin.py:190} INFO - [2025-04-07T20:57:22.959+0800] {dagbag.py:588} INFO - Filling up the DagBag from /Users/ervinyeoh/Desktop/unimods/is3107/project/.venv/lib/python3.11/site-packages/airflow/example_dags/example_dynamic_task_mapping_with_no_taskflow_operators.py
[2025-04-07T20:57:22.963+0800] {processor.py:925} INFO - DAG(s) 'example_dynamic_task_mapping_with_no_taskflow_operators' retrieved from /Users/ervinyeoh/Desktop/unimods/is3107/project/.venv/lib/python3.11/site-packages/airflow/example_dags/example_dynamic_task_mapping_with_no_taskflow_operators.py
[2025-04-07T20:57:23.046+0800] {logging_mixin.py:190} INFO - [2025-04-07T20:57:23.046+0800] {dag.py:3239} INFO - Sync 1 DAGs
[2025-04-07T20:57:23.053+0800] {logging_mixin.py:190} INFO - [2025-04-07T20:57:23.053+0800] {dag.py:4180} INFO - Setting next_dagrun for example_dynamic_task_mapping_with_no_taskflow_operators to None, run_after=None
[2025-04-07T20:57:23.062+0800] {processor.py:208} INFO - Processing /Users/ervinyeoh/Desktop/unimods/is3107/project/.venv/lib/python3.11/site-packages/airflow/example_dags/example_dynamic_task_mapping_with_no_taskflow_operators.py took 0.106 seconds
[2025-04-07T21:00:44.090+0800] {processor.py:186} INFO - Started process (PID=1033) to work on /Users/ervinyeoh/Desktop/unimods/is3107/project/.venv/lib/python3.11/site-packages/airflow/example_dags/example_dynamic_task_mapping_with_no_taskflow_operators.py
[2025-04-07T21:00:44.091+0800] {processor.py:914} INFO - Processing file /Users/ervinyeoh/Desktop/unimods/is3107/project/.venv/lib/python3.11/site-packages/airflow/example_dags/example_dynamic_task_mapping_with_no_taskflow_operators.py for tasks to queue
[2025-04-07T21:00:44.091+0800] {logging_mixin.py:190} INFO - [2025-04-07T21:00:44.091+0800] {dagbag.py:588} INFO - Filling up the DagBag from /Users/ervinyeoh/Desktop/unimods/is3107/project/.venv/lib/python3.11/site-packages/airflow/example_dags/example_dynamic_task_mapping_with_no_taskflow_operators.py
[2025-04-07T21:00:44.096+0800] {processor.py:925} INFO - DAG(s) 'example_dynamic_task_mapping_with_no_taskflow_operators' retrieved from /Users/ervinyeoh/Desktop/unimods/is3107/project/.venv/lib/python3.11/site-packages/airflow/example_dags/example_dynamic_task_mapping_with_no_taskflow_operators.py
[2025-04-07T21:00:44.177+0800] {logging_mixin.py:190} INFO - [2025-04-07T21:00:44.177+0800] {dag.py:3239} INFO - Sync 1 DAGs
[2025-04-07T21:00:44.184+0800] {logging_mixin.py:190} INFO - [2025-04-07T21:00:44.183+0800] {dag.py:4180} INFO - Setting next_dagrun for example_dynamic_task_mapping_with_no_taskflow_operators to None, run_after=None
[2025-04-07T21:00:44.193+0800] {processor.py:208} INFO - Processing /Users/ervinyeoh/Desktop/unimods/is3107/project/.venv/lib/python3.11/site-packages/airflow/example_dags/example_dynamic_task_mapping_with_no_taskflow_operators.py took 0.105 seconds
[2025-04-07T21:04:08.543+0800] {processor.py:186} INFO - Started process (PID=1261) to work on /Users/ervinyeoh/Desktop/unimods/is3107/project/.venv/lib/python3.11/site-packages/airflow/example_dags/example_dynamic_task_mapping_with_no_taskflow_operators.py
[2025-04-07T21:04:08.544+0800] {processor.py:914} INFO - Processing file /Users/ervinyeoh/Desktop/unimods/is3107/project/.venv/lib/python3.11/site-packages/airflow/example_dags/example_dynamic_task_mapping_with_no_taskflow_operators.py for tasks to queue
[2025-04-07T21:04:08.544+0800] {logging_mixin.py:190} INFO - [2025-04-07T21:04:08.544+0800] {dagbag.py:588} INFO - Filling up the DagBag from /Users/ervinyeoh/Desktop/unimods/is3107/project/.venv/lib/python3.11/site-packages/airflow/example_dags/example_dynamic_task_mapping_with_no_taskflow_operators.py
[2025-04-07T21:04:08.549+0800] {processor.py:925} INFO - DAG(s) 'example_dynamic_task_mapping_with_no_taskflow_operators' retrieved from /Users/ervinyeoh/Desktop/unimods/is3107/project/.venv/lib/python3.11/site-packages/airflow/example_dags/example_dynamic_task_mapping_with_no_taskflow_operators.py
[2025-04-07T21:04:08.638+0800] {logging_mixin.py:190} INFO - [2025-04-07T21:04:08.638+0800] {dag.py:3239} INFO - Sync 1 DAGs
[2025-04-07T21:04:08.645+0800] {logging_mixin.py:190} INFO - [2025-04-07T21:04:08.645+0800] {dag.py:4180} INFO - Setting next_dagrun for example_dynamic_task_mapping_with_no_taskflow_operators to None, run_after=None
[2025-04-07T21:04:08.656+0800] {processor.py:208} INFO - Processing /Users/ervinyeoh/Desktop/unimods/is3107/project/.venv/lib/python3.11/site-packages/airflow/example_dags/example_dynamic_task_mapping_with_no_taskflow_operators.py took 0.114 seconds
[2025-04-07T21:07:29.752+0800] {processor.py:186} INFO - Started process (PID=1482) to work on /Users/ervinyeoh/Desktop/unimods/is3107/project/.venv/lib/python3.11/site-packages/airflow/example_dags/example_dynamic_task_mapping_with_no_taskflow_operators.py
[2025-04-07T21:07:29.753+0800] {processor.py:914} INFO - Processing file /Users/ervinyeoh/Desktop/unimods/is3107/project/.venv/lib/python3.11/site-packages/airflow/example_dags/example_dynamic_task_mapping_with_no_taskflow_operators.py for tasks to queue
[2025-04-07T21:07:29.754+0800] {logging_mixin.py:190} INFO - [2025-04-07T21:07:29.753+0800] {dagbag.py:588} INFO - Filling up the DagBag from /Users/ervinyeoh/Desktop/unimods/is3107/project/.venv/lib/python3.11/site-packages/airflow/example_dags/example_dynamic_task_mapping_with_no_taskflow_operators.py
[2025-04-07T21:07:29.758+0800] {processor.py:925} INFO - DAG(s) 'example_dynamic_task_mapping_with_no_taskflow_operators' retrieved from /Users/ervinyeoh/Desktop/unimods/is3107/project/.venv/lib/python3.11/site-packages/airflow/example_dags/example_dynamic_task_mapping_with_no_taskflow_operators.py
[2025-04-07T21:07:29.843+0800] {logging_mixin.py:190} INFO - [2025-04-07T21:07:29.842+0800] {dag.py:3239} INFO - Sync 1 DAGs
[2025-04-07T21:07:29.849+0800] {logging_mixin.py:190} INFO - [2025-04-07T21:07:29.849+0800] {dag.py:4180} INFO - Setting next_dagrun for example_dynamic_task_mapping_with_no_taskflow_operators to None, run_after=None
[2025-04-07T21:07:29.859+0800] {processor.py:208} INFO - Processing /Users/ervinyeoh/Desktop/unimods/is3107/project/.venv/lib/python3.11/site-packages/airflow/example_dags/example_dynamic_task_mapping_with_no_taskflow_operators.py took 0.108 seconds
[2025-04-07T21:10:49.769+0800] {processor.py:186} INFO - Started process (PID=1701) to work on /Users/ervinyeoh/Desktop/unimods/is3107/project/.venv/lib/python3.11/site-packages/airflow/example_dags/example_dynamic_task_mapping_with_no_taskflow_operators.py
[2025-04-07T21:10:49.770+0800] {processor.py:914} INFO - Processing file /Users/ervinyeoh/Desktop/unimods/is3107/project/.venv/lib/python3.11/site-packages/airflow/example_dags/example_dynamic_task_mapping_with_no_taskflow_operators.py for tasks to queue
[2025-04-07T21:10:49.771+0800] {logging_mixin.py:190} INFO - [2025-04-07T21:10:49.771+0800] {dagbag.py:588} INFO - Filling up the DagBag from /Users/ervinyeoh/Desktop/unimods/is3107/project/.venv/lib/python3.11/site-packages/airflow/example_dags/example_dynamic_task_mapping_with_no_taskflow_operators.py
[2025-04-07T21:10:49.775+0800] {processor.py:925} INFO - DAG(s) 'example_dynamic_task_mapping_with_no_taskflow_operators' retrieved from /Users/ervinyeoh/Desktop/unimods/is3107/project/.venv/lib/python3.11/site-packages/airflow/example_dags/example_dynamic_task_mapping_with_no_taskflow_operators.py
[2025-04-07T21:10:49.862+0800] {logging_mixin.py:190} INFO - [2025-04-07T21:10:49.862+0800] {dag.py:3239} INFO - Sync 1 DAGs
[2025-04-07T21:10:49.869+0800] {logging_mixin.py:190} INFO - [2025-04-07T21:10:49.869+0800] {dag.py:4180} INFO - Setting next_dagrun for example_dynamic_task_mapping_with_no_taskflow_operators to None, run_after=None
[2025-04-07T21:10:49.879+0800] {processor.py:208} INFO - Processing /Users/ervinyeoh/Desktop/unimods/is3107/project/.venv/lib/python3.11/site-packages/airflow/example_dags/example_dynamic_task_mapping_with_no_taskflow_operators.py took 0.111 seconds
[2025-04-07T21:14:13.071+0800] {processor.py:186} INFO - Started process (PID=1933) to work on /Users/ervinyeoh/Desktop/unimods/is3107/project/.venv/lib/python3.11/site-packages/airflow/example_dags/example_dynamic_task_mapping_with_no_taskflow_operators.py
[2025-04-07T21:14:13.071+0800] {processor.py:914} INFO - Processing file /Users/ervinyeoh/Desktop/unimods/is3107/project/.venv/lib/python3.11/site-packages/airflow/example_dags/example_dynamic_task_mapping_with_no_taskflow_operators.py for tasks to queue
[2025-04-07T21:14:13.072+0800] {logging_mixin.py:190} INFO - [2025-04-07T21:14:13.072+0800] {dagbag.py:588} INFO - Filling up the DagBag from /Users/ervinyeoh/Desktop/unimods/is3107/project/.venv/lib/python3.11/site-packages/airflow/example_dags/example_dynamic_task_mapping_with_no_taskflow_operators.py
[2025-04-07T21:14:13.076+0800] {processor.py:925} INFO - DAG(s) 'example_dynamic_task_mapping_with_no_taskflow_operators' retrieved from /Users/ervinyeoh/Desktop/unimods/is3107/project/.venv/lib/python3.11/site-packages/airflow/example_dags/example_dynamic_task_mapping_with_no_taskflow_operators.py
[2025-04-07T21:14:13.160+0800] {logging_mixin.py:190} INFO - [2025-04-07T21:14:13.160+0800] {dag.py:3239} INFO - Sync 1 DAGs
[2025-04-07T21:14:13.166+0800] {logging_mixin.py:190} INFO - [2025-04-07T21:14:13.166+0800] {dag.py:4180} INFO - Setting next_dagrun for example_dynamic_task_mapping_with_no_taskflow_operators to None, run_after=None
[2025-04-07T21:14:13.176+0800] {processor.py:208} INFO - Processing /Users/ervinyeoh/Desktop/unimods/is3107/project/.venv/lib/python3.11/site-packages/airflow/example_dags/example_dynamic_task_mapping_with_no_taskflow_operators.py took 0.108 seconds
[2025-04-07T21:17:34.902+0800] {processor.py:186} INFO - Started process (PID=2153) to work on /Users/ervinyeoh/Desktop/unimods/is3107/project/.venv/lib/python3.11/site-packages/airflow/example_dags/example_dynamic_task_mapping_with_no_taskflow_operators.py
[2025-04-07T21:17:34.903+0800] {processor.py:914} INFO - Processing file /Users/ervinyeoh/Desktop/unimods/is3107/project/.venv/lib/python3.11/site-packages/airflow/example_dags/example_dynamic_task_mapping_with_no_taskflow_operators.py for tasks to queue
[2025-04-07T21:17:34.904+0800] {logging_mixin.py:190} INFO - [2025-04-07T21:17:34.904+0800] {dagbag.py:588} INFO - Filling up the DagBag from /Users/ervinyeoh/Desktop/unimods/is3107/project/.venv/lib/python3.11/site-packages/airflow/example_dags/example_dynamic_task_mapping_with_no_taskflow_operators.py
[2025-04-07T21:17:34.908+0800] {processor.py:925} INFO - DAG(s) 'example_dynamic_task_mapping_with_no_taskflow_operators' retrieved from /Users/ervinyeoh/Desktop/unimods/is3107/project/.venv/lib/python3.11/site-packages/airflow/example_dags/example_dynamic_task_mapping_with_no_taskflow_operators.py
[2025-04-07T21:17:34.996+0800] {logging_mixin.py:190} INFO - [2025-04-07T21:17:34.995+0800] {dag.py:3239} INFO - Sync 1 DAGs
[2025-04-07T21:17:35.002+0800] {logging_mixin.py:190} INFO - [2025-04-07T21:17:35.002+0800] {dag.py:4180} INFO - Setting next_dagrun for example_dynamic_task_mapping_with_no_taskflow_operators to None, run_after=None
[2025-04-07T21:17:35.012+0800] {processor.py:208} INFO - Processing /Users/ervinyeoh/Desktop/unimods/is3107/project/.venv/lib/python3.11/site-packages/airflow/example_dags/example_dynamic_task_mapping_with_no_taskflow_operators.py took 0.112 seconds
[2025-04-07T21:20:55.808+0800] {processor.py:186} INFO - Started process (PID=2397) to work on /Users/ervinyeoh/Desktop/unimods/is3107/project/.venv/lib/python3.11/site-packages/airflow/example_dags/example_dynamic_task_mapping_with_no_taskflow_operators.py
[2025-04-07T21:20:55.810+0800] {processor.py:914} INFO - Processing file /Users/ervinyeoh/Desktop/unimods/is3107/project/.venv/lib/python3.11/site-packages/airflow/example_dags/example_dynamic_task_mapping_with_no_taskflow_operators.py for tasks to queue
[2025-04-07T21:20:55.810+0800] {logging_mixin.py:190} INFO - [2025-04-07T21:20:55.810+0800] {dagbag.py:588} INFO - Filling up the DagBag from /Users/ervinyeoh/Desktop/unimods/is3107/project/.venv/lib/python3.11/site-packages/airflow/example_dags/example_dynamic_task_mapping_with_no_taskflow_operators.py
[2025-04-07T21:20:55.815+0800] {processor.py:925} INFO - DAG(s) 'example_dynamic_task_mapping_with_no_taskflow_operators' retrieved from /Users/ervinyeoh/Desktop/unimods/is3107/project/.venv/lib/python3.11/site-packages/airflow/example_dags/example_dynamic_task_mapping_with_no_taskflow_operators.py
[2025-04-07T21:20:55.910+0800] {logging_mixin.py:190} INFO - [2025-04-07T21:20:55.909+0800] {dag.py:3239} INFO - Sync 1 DAGs
[2025-04-07T21:20:55.916+0800] {logging_mixin.py:190} INFO - [2025-04-07T21:20:55.916+0800] {dag.py:4180} INFO - Setting next_dagrun for example_dynamic_task_mapping_with_no_taskflow_operators to None, run_after=None
[2025-04-07T21:20:55.926+0800] {processor.py:208} INFO - Processing /Users/ervinyeoh/Desktop/unimods/is3107/project/.venv/lib/python3.11/site-packages/airflow/example_dags/example_dynamic_task_mapping_with_no_taskflow_operators.py took 0.120 seconds
[2025-04-07T21:56:46.674+0800] {processor.py:186} INFO - Started process (PID=2748) to work on /Users/ervinyeoh/Desktop/unimods/is3107/project/.venv/lib/python3.11/site-packages/airflow/example_dags/example_dynamic_task_mapping_with_no_taskflow_operators.py
[2025-04-07T21:56:46.675+0800] {processor.py:914} INFO - Processing file /Users/ervinyeoh/Desktop/unimods/is3107/project/.venv/lib/python3.11/site-packages/airflow/example_dags/example_dynamic_task_mapping_with_no_taskflow_operators.py for tasks to queue
[2025-04-07T21:56:46.675+0800] {logging_mixin.py:190} INFO - [2025-04-07T21:56:46.675+0800] {dagbag.py:588} INFO - Filling up the DagBag from /Users/ervinyeoh/Desktop/unimods/is3107/project/.venv/lib/python3.11/site-packages/airflow/example_dags/example_dynamic_task_mapping_with_no_taskflow_operators.py
[2025-04-07T21:56:46.679+0800] {processor.py:925} INFO - DAG(s) 'example_dynamic_task_mapping_with_no_taskflow_operators' retrieved from /Users/ervinyeoh/Desktop/unimods/is3107/project/.venv/lib/python3.11/site-packages/airflow/example_dags/example_dynamic_task_mapping_with_no_taskflow_operators.py
[2025-04-07T21:56:46.760+0800] {logging_mixin.py:190} INFO - [2025-04-07T21:56:46.760+0800] {dag.py:3239} INFO - Sync 1 DAGs
[2025-04-07T21:56:46.766+0800] {logging_mixin.py:190} INFO - [2025-04-07T21:56:46.766+0800] {dag.py:4180} INFO - Setting next_dagrun for example_dynamic_task_mapping_with_no_taskflow_operators to None, run_after=None
[2025-04-07T21:56:46.776+0800] {processor.py:208} INFO - Processing /Users/ervinyeoh/Desktop/unimods/is3107/project/.venv/lib/python3.11/site-packages/airflow/example_dags/example_dynamic_task_mapping_with_no_taskflow_operators.py took 0.104 seconds
[2025-04-07T23:33:50.649+0800] {processor.py:186} INFO - Started process (PID=3029) to work on /Users/ervinyeoh/Desktop/unimods/is3107/project/.venv/lib/python3.11/site-packages/airflow/example_dags/example_dynamic_task_mapping_with_no_taskflow_operators.py
[2025-04-07T23:33:50.651+0800] {processor.py:914} INFO - Processing file /Users/ervinyeoh/Desktop/unimods/is3107/project/.venv/lib/python3.11/site-packages/airflow/example_dags/example_dynamic_task_mapping_with_no_taskflow_operators.py for tasks to queue
[2025-04-07T23:33:50.651+0800] {logging_mixin.py:190} INFO - [2025-04-07T23:33:50.651+0800] {dagbag.py:588} INFO - Filling up the DagBag from /Users/ervinyeoh/Desktop/unimods/is3107/project/.venv/lib/python3.11/site-packages/airflow/example_dags/example_dynamic_task_mapping_with_no_taskflow_operators.py
[2025-04-07T23:33:50.656+0800] {processor.py:925} INFO - DAG(s) 'example_dynamic_task_mapping_with_no_taskflow_operators' retrieved from /Users/ervinyeoh/Desktop/unimods/is3107/project/.venv/lib/python3.11/site-packages/airflow/example_dags/example_dynamic_task_mapping_with_no_taskflow_operators.py
[2025-04-07T23:33:50.738+0800] {logging_mixin.py:190} INFO - [2025-04-07T23:33:50.738+0800] {dag.py:3239} INFO - Sync 1 DAGs
[2025-04-07T23:33:50.745+0800] {logging_mixin.py:190} INFO - [2025-04-07T23:33:50.744+0800] {dag.py:4180} INFO - Setting next_dagrun for example_dynamic_task_mapping_with_no_taskflow_operators to None, run_after=None
[2025-04-07T23:33:50.754+0800] {processor.py:208} INFO - Processing /Users/ervinyeoh/Desktop/unimods/is3107/project/.venv/lib/python3.11/site-packages/airflow/example_dags/example_dynamic_task_mapping_with_no_taskflow_operators.py took 0.107 seconds
[2025-04-07T23:37:12.032+0800] {processor.py:186} INFO - Started process (PID=3261) to work on /Users/ervinyeoh/Desktop/unimods/is3107/project/.venv/lib/python3.11/site-packages/airflow/example_dags/example_dynamic_task_mapping_with_no_taskflow_operators.py
[2025-04-07T23:37:12.033+0800] {processor.py:914} INFO - Processing file /Users/ervinyeoh/Desktop/unimods/is3107/project/.venv/lib/python3.11/site-packages/airflow/example_dags/example_dynamic_task_mapping_with_no_taskflow_operators.py for tasks to queue
[2025-04-07T23:37:12.033+0800] {logging_mixin.py:190} INFO - [2025-04-07T23:37:12.033+0800] {dagbag.py:588} INFO - Filling up the DagBag from /Users/ervinyeoh/Desktop/unimods/is3107/project/.venv/lib/python3.11/site-packages/airflow/example_dags/example_dynamic_task_mapping_with_no_taskflow_operators.py
[2025-04-07T23:37:12.038+0800] {processor.py:925} INFO - DAG(s) 'example_dynamic_task_mapping_with_no_taskflow_operators' retrieved from /Users/ervinyeoh/Desktop/unimods/is3107/project/.venv/lib/python3.11/site-packages/airflow/example_dags/example_dynamic_task_mapping_with_no_taskflow_operators.py
[2025-04-07T23:37:12.122+0800] {logging_mixin.py:190} INFO - [2025-04-07T23:37:12.122+0800] {dag.py:3239} INFO - Sync 1 DAGs
[2025-04-07T23:37:12.128+0800] {logging_mixin.py:190} INFO - [2025-04-07T23:37:12.128+0800] {dag.py:4180} INFO - Setting next_dagrun for example_dynamic_task_mapping_with_no_taskflow_operators to None, run_after=None
[2025-04-07T23:37:12.139+0800] {processor.py:208} INFO - Processing /Users/ervinyeoh/Desktop/unimods/is3107/project/.venv/lib/python3.11/site-packages/airflow/example_dags/example_dynamic_task_mapping_with_no_taskflow_operators.py took 0.109 seconds
[2025-04-07T23:40:28.774+0800] {processor.py:186} INFO - Started process (PID=3471) to work on /Users/ervinyeoh/Desktop/unimods/is3107/project/.venv/lib/python3.11/site-packages/airflow/example_dags/example_dynamic_task_mapping_with_no_taskflow_operators.py
[2025-04-07T23:40:28.774+0800] {processor.py:914} INFO - Processing file /Users/ervinyeoh/Desktop/unimods/is3107/project/.venv/lib/python3.11/site-packages/airflow/example_dags/example_dynamic_task_mapping_with_no_taskflow_operators.py for tasks to queue
[2025-04-07T23:40:28.775+0800] {logging_mixin.py:190} INFO - [2025-04-07T23:40:28.775+0800] {dagbag.py:588} INFO - Filling up the DagBag from /Users/ervinyeoh/Desktop/unimods/is3107/project/.venv/lib/python3.11/site-packages/airflow/example_dags/example_dynamic_task_mapping_with_no_taskflow_operators.py
[2025-04-07T23:40:28.779+0800] {processor.py:925} INFO - DAG(s) 'example_dynamic_task_mapping_with_no_taskflow_operators' retrieved from /Users/ervinyeoh/Desktop/unimods/is3107/project/.venv/lib/python3.11/site-packages/airflow/example_dags/example_dynamic_task_mapping_with_no_taskflow_operators.py
[2025-04-07T23:40:28.860+0800] {logging_mixin.py:190} INFO - [2025-04-07T23:40:28.860+0800] {dag.py:3239} INFO - Sync 1 DAGs
[2025-04-07T23:40:28.867+0800] {logging_mixin.py:190} INFO - [2025-04-07T23:40:28.866+0800] {dag.py:4180} INFO - Setting next_dagrun for example_dynamic_task_mapping_with_no_taskflow_operators to None, run_after=None
[2025-04-07T23:40:28.876+0800] {processor.py:208} INFO - Processing /Users/ervinyeoh/Desktop/unimods/is3107/project/.venv/lib/python3.11/site-packages/airflow/example_dags/example_dynamic_task_mapping_with_no_taskflow_operators.py took 0.104 seconds
[2025-04-07T23:43:47.156+0800] {processor.py:186} INFO - Started process (PID=3753) to work on /Users/ervinyeoh/Desktop/unimods/is3107/project/.venv/lib/python3.11/site-packages/airflow/example_dags/example_dynamic_task_mapping_with_no_taskflow_operators.py
[2025-04-07T23:43:47.157+0800] {processor.py:914} INFO - Processing file /Users/ervinyeoh/Desktop/unimods/is3107/project/.venv/lib/python3.11/site-packages/airflow/example_dags/example_dynamic_task_mapping_with_no_taskflow_operators.py for tasks to queue
[2025-04-07T23:43:47.158+0800] {logging_mixin.py:190} INFO - [2025-04-07T23:43:47.158+0800] {dagbag.py:588} INFO - Filling up the DagBag from /Users/ervinyeoh/Desktop/unimods/is3107/project/.venv/lib/python3.11/site-packages/airflow/example_dags/example_dynamic_task_mapping_with_no_taskflow_operators.py
[2025-04-07T23:43:47.162+0800] {processor.py:925} INFO - DAG(s) 'example_dynamic_task_mapping_with_no_taskflow_operators' retrieved from /Users/ervinyeoh/Desktop/unimods/is3107/project/.venv/lib/python3.11/site-packages/airflow/example_dags/example_dynamic_task_mapping_with_no_taskflow_operators.py
[2025-04-07T23:43:47.244+0800] {logging_mixin.py:190} INFO - [2025-04-07T23:43:47.244+0800] {dag.py:3239} INFO - Sync 1 DAGs
[2025-04-07T23:43:47.250+0800] {logging_mixin.py:190} INFO - [2025-04-07T23:43:47.250+0800] {dag.py:4180} INFO - Setting next_dagrun for example_dynamic_task_mapping_with_no_taskflow_operators to None, run_after=None
[2025-04-07T23:43:47.260+0800] {processor.py:208} INFO - Processing /Users/ervinyeoh/Desktop/unimods/is3107/project/.venv/lib/python3.11/site-packages/airflow/example_dags/example_dynamic_task_mapping_with_no_taskflow_operators.py took 0.105 seconds
[2025-04-07T23:47:03.493+0800] {processor.py:186} INFO - Started process (PID=3998) to work on /Users/ervinyeoh/Desktop/unimods/is3107/project/.venv/lib/python3.11/site-packages/airflow/example_dags/example_dynamic_task_mapping_with_no_taskflow_operators.py
[2025-04-07T23:47:03.493+0800] {processor.py:914} INFO - Processing file /Users/ervinyeoh/Desktop/unimods/is3107/project/.venv/lib/python3.11/site-packages/airflow/example_dags/example_dynamic_task_mapping_with_no_taskflow_operators.py for tasks to queue
[2025-04-07T23:47:03.494+0800] {logging_mixin.py:190} INFO - [2025-04-07T23:47:03.494+0800] {dagbag.py:588} INFO - Filling up the DagBag from /Users/ervinyeoh/Desktop/unimods/is3107/project/.venv/lib/python3.11/site-packages/airflow/example_dags/example_dynamic_task_mapping_with_no_taskflow_operators.py
[2025-04-07T23:47:03.498+0800] {processor.py:925} INFO - DAG(s) 'example_dynamic_task_mapping_with_no_taskflow_operators' retrieved from /Users/ervinyeoh/Desktop/unimods/is3107/project/.venv/lib/python3.11/site-packages/airflow/example_dags/example_dynamic_task_mapping_with_no_taskflow_operators.py
[2025-04-07T23:47:03.580+0800] {logging_mixin.py:190} INFO - [2025-04-07T23:47:03.580+0800] {dag.py:3239} INFO - Sync 1 DAGs
[2025-04-07T23:47:03.587+0800] {logging_mixin.py:190} INFO - [2025-04-07T23:47:03.587+0800] {dag.py:4180} INFO - Setting next_dagrun for example_dynamic_task_mapping_with_no_taskflow_operators to None, run_after=None
[2025-04-07T23:47:03.597+0800] {processor.py:208} INFO - Processing /Users/ervinyeoh/Desktop/unimods/is3107/project/.venv/lib/python3.11/site-packages/airflow/example_dags/example_dynamic_task_mapping_with_no_taskflow_operators.py took 0.106 seconds
[2025-04-07T23:50:17.762+0800] {processor.py:186} INFO - Started process (PID=4225) to work on /Users/ervinyeoh/Desktop/unimods/is3107/project/.venv/lib/python3.11/site-packages/airflow/example_dags/example_dynamic_task_mapping_with_no_taskflow_operators.py
[2025-04-07T23:50:17.763+0800] {processor.py:914} INFO - Processing file /Users/ervinyeoh/Desktop/unimods/is3107/project/.venv/lib/python3.11/site-packages/airflow/example_dags/example_dynamic_task_mapping_with_no_taskflow_operators.py for tasks to queue
[2025-04-07T23:50:17.764+0800] {logging_mixin.py:190} INFO - [2025-04-07T23:50:17.764+0800] {dagbag.py:588} INFO - Filling up the DagBag from /Users/ervinyeoh/Desktop/unimods/is3107/project/.venv/lib/python3.11/site-packages/airflow/example_dags/example_dynamic_task_mapping_with_no_taskflow_operators.py
[2025-04-07T23:50:17.768+0800] {processor.py:925} INFO - DAG(s) 'example_dynamic_task_mapping_with_no_taskflow_operators' retrieved from /Users/ervinyeoh/Desktop/unimods/is3107/project/.venv/lib/python3.11/site-packages/airflow/example_dags/example_dynamic_task_mapping_with_no_taskflow_operators.py
[2025-04-07T23:50:17.850+0800] {logging_mixin.py:190} INFO - [2025-04-07T23:50:17.850+0800] {dag.py:3239} INFO - Sync 1 DAGs
[2025-04-07T23:50:17.857+0800] {logging_mixin.py:190} INFO - [2025-04-07T23:50:17.857+0800] {dag.py:4180} INFO - Setting next_dagrun for example_dynamic_task_mapping_with_no_taskflow_operators to None, run_after=None
[2025-04-07T23:50:17.866+0800] {processor.py:208} INFO - Processing /Users/ervinyeoh/Desktop/unimods/is3107/project/.venv/lib/python3.11/site-packages/airflow/example_dags/example_dynamic_task_mapping_with_no_taskflow_operators.py took 0.106 seconds
[2025-04-07T23:53:32.125+0800] {processor.py:186} INFO - Started process (PID=4438) to work on /Users/ervinyeoh/Desktop/unimods/is3107/project/.venv/lib/python3.11/site-packages/airflow/example_dags/example_dynamic_task_mapping_with_no_taskflow_operators.py
[2025-04-07T23:53:32.127+0800] {processor.py:914} INFO - Processing file /Users/ervinyeoh/Desktop/unimods/is3107/project/.venv/lib/python3.11/site-packages/airflow/example_dags/example_dynamic_task_mapping_with_no_taskflow_operators.py for tasks to queue
[2025-04-07T23:53:32.127+0800] {logging_mixin.py:190} INFO - [2025-04-07T23:53:32.127+0800] {dagbag.py:588} INFO - Filling up the DagBag from /Users/ervinyeoh/Desktop/unimods/is3107/project/.venv/lib/python3.11/site-packages/airflow/example_dags/example_dynamic_task_mapping_with_no_taskflow_operators.py
[2025-04-07T23:53:32.131+0800] {processor.py:925} INFO - DAG(s) 'example_dynamic_task_mapping_with_no_taskflow_operators' retrieved from /Users/ervinyeoh/Desktop/unimods/is3107/project/.venv/lib/python3.11/site-packages/airflow/example_dags/example_dynamic_task_mapping_with_no_taskflow_operators.py
[2025-04-07T23:53:32.212+0800] {logging_mixin.py:190} INFO - [2025-04-07T23:53:32.212+0800] {dag.py:3239} INFO - Sync 1 DAGs
[2025-04-07T23:53:32.219+0800] {logging_mixin.py:190} INFO - [2025-04-07T23:53:32.219+0800] {dag.py:4180} INFO - Setting next_dagrun for example_dynamic_task_mapping_with_no_taskflow_operators to None, run_after=None
[2025-04-07T23:53:32.228+0800] {processor.py:208} INFO - Processing /Users/ervinyeoh/Desktop/unimods/is3107/project/.venv/lib/python3.11/site-packages/airflow/example_dags/example_dynamic_task_mapping_with_no_taskflow_operators.py took 0.105 seconds
[2025-04-07T23:56:48.010+0800] {processor.py:186} INFO - Started process (PID=4657) to work on /Users/ervinyeoh/Desktop/unimods/is3107/project/.venv/lib/python3.11/site-packages/airflow/example_dags/example_dynamic_task_mapping_with_no_taskflow_operators.py
[2025-04-07T23:56:48.011+0800] {processor.py:914} INFO - Processing file /Users/ervinyeoh/Desktop/unimods/is3107/project/.venv/lib/python3.11/site-packages/airflow/example_dags/example_dynamic_task_mapping_with_no_taskflow_operators.py for tasks to queue
[2025-04-07T23:56:48.012+0800] {logging_mixin.py:190} INFO - [2025-04-07T23:56:48.012+0800] {dagbag.py:588} INFO - Filling up the DagBag from /Users/ervinyeoh/Desktop/unimods/is3107/project/.venv/lib/python3.11/site-packages/airflow/example_dags/example_dynamic_task_mapping_with_no_taskflow_operators.py
[2025-04-07T23:56:48.016+0800] {processor.py:925} INFO - DAG(s) 'example_dynamic_task_mapping_with_no_taskflow_operators' retrieved from /Users/ervinyeoh/Desktop/unimods/is3107/project/.venv/lib/python3.11/site-packages/airflow/example_dags/example_dynamic_task_mapping_with_no_taskflow_operators.py
[2025-04-07T23:56:48.099+0800] {logging_mixin.py:190} INFO - [2025-04-07T23:56:48.099+0800] {dag.py:3239} INFO - Sync 1 DAGs
[2025-04-07T23:56:48.105+0800] {logging_mixin.py:190} INFO - [2025-04-07T23:56:48.105+0800] {dag.py:4180} INFO - Setting next_dagrun for example_dynamic_task_mapping_with_no_taskflow_operators to None, run_after=None
[2025-04-07T23:56:48.115+0800] {processor.py:208} INFO - Processing /Users/ervinyeoh/Desktop/unimods/is3107/project/.venv/lib/python3.11/site-packages/airflow/example_dags/example_dynamic_task_mapping_with_no_taskflow_operators.py took 0.106 seconds
[2025-04-08T00:53:08.699+0800] {processor.py:186} INFO - Started process (PID=4952) to work on /Users/ervinyeoh/Desktop/unimods/is3107/project/.venv/lib/python3.11/site-packages/airflow/example_dags/example_dynamic_task_mapping_with_no_taskflow_operators.py
[2025-04-08T00:53:08.701+0800] {processor.py:914} INFO - Processing file /Users/ervinyeoh/Desktop/unimods/is3107/project/.venv/lib/python3.11/site-packages/airflow/example_dags/example_dynamic_task_mapping_with_no_taskflow_operators.py for tasks to queue
[2025-04-08T00:53:08.701+0800] {logging_mixin.py:190} INFO - [2025-04-08T00:53:08.701+0800] {dagbag.py:588} INFO - Filling up the DagBag from /Users/ervinyeoh/Desktop/unimods/is3107/project/.venv/lib/python3.11/site-packages/airflow/example_dags/example_dynamic_task_mapping_with_no_taskflow_operators.py
[2025-04-08T00:53:08.706+0800] {processor.py:925} INFO - DAG(s) 'example_dynamic_task_mapping_with_no_taskflow_operators' retrieved from /Users/ervinyeoh/Desktop/unimods/is3107/project/.venv/lib/python3.11/site-packages/airflow/example_dags/example_dynamic_task_mapping_with_no_taskflow_operators.py
[2025-04-08T00:53:08.793+0800] {logging_mixin.py:190} INFO - [2025-04-08T00:53:08.793+0800] {dag.py:3239} INFO - Sync 1 DAGs
[2025-04-08T00:53:08.800+0800] {logging_mixin.py:190} INFO - [2025-04-08T00:53:08.799+0800] {dag.py:4180} INFO - Setting next_dagrun for example_dynamic_task_mapping_with_no_taskflow_operators to None, run_after=None
[2025-04-08T00:53:08.809+0800] {processor.py:208} INFO - Processing /Users/ervinyeoh/Desktop/unimods/is3107/project/.venv/lib/python3.11/site-packages/airflow/example_dags/example_dynamic_task_mapping_with_no_taskflow_operators.py took 0.112 seconds
[2025-04-08T05:48:50.384+0800] {processor.py:186} INFO - Started process (PID=5425) to work on /Users/ervinyeoh/Desktop/unimods/is3107/project/.venv/lib/python3.11/site-packages/airflow/example_dags/example_dynamic_task_mapping_with_no_taskflow_operators.py
[2025-04-08T05:48:50.385+0800] {processor.py:914} INFO - Processing file /Users/ervinyeoh/Desktop/unimods/is3107/project/.venv/lib/python3.11/site-packages/airflow/example_dags/example_dynamic_task_mapping_with_no_taskflow_operators.py for tasks to queue
[2025-04-08T05:48:50.386+0800] {logging_mixin.py:190} INFO - [2025-04-08T05:48:50.386+0800] {dagbag.py:588} INFO - Filling up the DagBag from /Users/ervinyeoh/Desktop/unimods/is3107/project/.venv/lib/python3.11/site-packages/airflow/example_dags/example_dynamic_task_mapping_with_no_taskflow_operators.py
[2025-04-08T05:48:50.390+0800] {processor.py:925} INFO - DAG(s) 'example_dynamic_task_mapping_with_no_taskflow_operators' retrieved from /Users/ervinyeoh/Desktop/unimods/is3107/project/.venv/lib/python3.11/site-packages/airflow/example_dags/example_dynamic_task_mapping_with_no_taskflow_operators.py
[2025-04-08T05:48:50.470+0800] {logging_mixin.py:190} INFO - [2025-04-08T05:48:50.470+0800] {dag.py:3239} INFO - Sync 1 DAGs
[2025-04-08T05:48:50.476+0800] {logging_mixin.py:190} INFO - [2025-04-08T05:48:50.476+0800] {dag.py:4180} INFO - Setting next_dagrun for example_dynamic_task_mapping_with_no_taskflow_operators to None, run_after=None
[2025-04-08T05:48:50.486+0800] {processor.py:208} INFO - Processing /Users/ervinyeoh/Desktop/unimods/is3107/project/.venv/lib/python3.11/site-packages/airflow/example_dags/example_dynamic_task_mapping_with_no_taskflow_operators.py took 0.103 seconds
