[2025-04-07T09:05:14.269+0800] {processor.py:186} INFO - Started process (PID=92761) to work on /Users/ervinyeoh/Desktop/unimods/is3107/project/.venv/lib/python3.11/site-packages/airflow/example_dags/example_branch_operator.py
[2025-04-07T09:05:14.269+0800] {processor.py:914} INFO - Processing file /Users/ervinyeoh/Desktop/unimods/is3107/project/.venv/lib/python3.11/site-packages/airflow/example_dags/example_branch_operator.py for tasks to queue
[2025-04-07T09:05:14.270+0800] {logging_mixin.py:190} INFO - [2025-04-07T09:05:14.270+0800] {dagbag.py:588} INFO - Filling up the DagBag from /Users/ervinyeoh/Desktop/unimods/is3107/project/.venv/lib/python3.11/site-packages/airflow/example_dags/example_branch_operator.py
[2025-04-07T09:05:14.313+0800] {processor.py:927} WARNING - No viable dags retrieved from /Users/ervinyeoh/Desktop/unimods/is3107/project/.venv/lib/python3.11/site-packages/airflow/example_dags/example_branch_operator.py
[2025-04-07T09:05:14.358+0800] {processor.py:208} INFO - Processing /Users/ervinyeoh/Desktop/unimods/is3107/project/.venv/lib/python3.11/site-packages/airflow/example_dags/example_branch_operator.py took 0.091 seconds
[2025-04-07T12:20:56.024+0800] {processor.py:186} INFO - Started process (PID=93295) to work on /Users/ervinyeoh/Desktop/unimods/is3107/project/.venv/lib/python3.11/site-packages/airflow/example_dags/example_branch_operator.py
[2025-04-07T12:20:56.025+0800] {processor.py:914} INFO - Processing file /Users/ervinyeoh/Desktop/unimods/is3107/project/.venv/lib/python3.11/site-packages/airflow/example_dags/example_branch_operator.py for tasks to queue
[2025-04-07T12:20:56.025+0800] {logging_mixin.py:190} INFO - [2025-04-07T12:20:56.025+0800] {dagbag.py:588} INFO - Filling up the DagBag from /Users/ervinyeoh/Desktop/unimods/is3107/project/.venv/lib/python3.11/site-packages/airflow/example_dags/example_branch_operator.py
[2025-04-07T12:20:56.067+0800] {processor.py:927} WARNING - No viable dags retrieved from /Users/ervinyeoh/Desktop/unimods/is3107/project/.venv/lib/python3.11/site-packages/airflow/example_dags/example_branch_operator.py
[2025-04-07T12:20:56.112+0800] {processor.py:208} INFO - Processing /Users/ervinyeoh/Desktop/unimods/is3107/project/.venv/lib/python3.11/site-packages/airflow/example_dags/example_branch_operator.py took 0.090 seconds
[2025-04-07T17:19:59.173+0800] {processor.py:186} INFO - Started process (PID=93694) to work on /Users/ervinyeoh/Desktop/unimods/is3107/project/.venv/lib/python3.11/site-packages/airflow/example_dags/example_branch_operator.py
[2025-04-07T17:19:59.174+0800] {processor.py:914} INFO - Processing file /Users/ervinyeoh/Desktop/unimods/is3107/project/.venv/lib/python3.11/site-packages/airflow/example_dags/example_branch_operator.py for tasks to queue
[2025-04-07T17:19:59.174+0800] {logging_mixin.py:190} INFO - [2025-04-07T17:19:59.174+0800] {dagbag.py:588} INFO - Filling up the DagBag from /Users/ervinyeoh/Desktop/unimods/is3107/project/.venv/lib/python3.11/site-packages/airflow/example_dags/example_branch_operator.py
[2025-04-07T17:19:59.217+0800] {processor.py:927} WARNING - No viable dags retrieved from /Users/ervinyeoh/Desktop/unimods/is3107/project/.venv/lib/python3.11/site-packages/airflow/example_dags/example_branch_operator.py
[2025-04-07T17:19:59.263+0800] {processor.py:208} INFO - Processing /Users/ervinyeoh/Desktop/unimods/is3107/project/.venv/lib/python3.11/site-packages/airflow/example_dags/example_branch_operator.py took 0.091 seconds
[2025-04-07T18:08:53.098+0800] {processor.py:186} INFO - Started process (PID=94090) to work on /Users/ervinyeoh/Desktop/unimods/is3107/project/.venv/lib/python3.11/site-packages/airflow/example_dags/example_branch_operator.py
[2025-04-07T18:08:53.099+0800] {processor.py:914} INFO - Processing file /Users/ervinyeoh/Desktop/unimods/is3107/project/.venv/lib/python3.11/site-packages/airflow/example_dags/example_branch_operator.py for tasks to queue
[2025-04-07T18:08:53.100+0800] {logging_mixin.py:190} INFO - [2025-04-07T18:08:53.099+0800] {dagbag.py:588} INFO - Filling up the DagBag from /Users/ervinyeoh/Desktop/unimods/is3107/project/.venv/lib/python3.11/site-packages/airflow/example_dags/example_branch_operator.py
[2025-04-07T18:08:53.142+0800] {processor.py:927} WARNING - No viable dags retrieved from /Users/ervinyeoh/Desktop/unimods/is3107/project/.venv/lib/python3.11/site-packages/airflow/example_dags/example_branch_operator.py
[2025-04-07T18:08:53.187+0800] {processor.py:208} INFO - Processing /Users/ervinyeoh/Desktop/unimods/is3107/project/.venv/lib/python3.11/site-packages/airflow/example_dags/example_branch_operator.py took 0.091 seconds
[2025-04-07T18:30:37.045+0800] {processor.py:186} INFO - Started process (PID=94461) to work on /Users/ervinyeoh/Desktop/unimods/is3107/project/.venv/lib/python3.11/site-packages/airflow/example_dags/example_branch_operator.py
[2025-04-07T18:30:37.046+0800] {processor.py:914} INFO - Processing file /Users/ervinyeoh/Desktop/unimods/is3107/project/.venv/lib/python3.11/site-packages/airflow/example_dags/example_branch_operator.py for tasks to queue
[2025-04-07T18:30:37.046+0800] {logging_mixin.py:190} INFO - [2025-04-07T18:30:37.046+0800] {dagbag.py:588} INFO - Filling up the DagBag from /Users/ervinyeoh/Desktop/unimods/is3107/project/.venv/lib/python3.11/site-packages/airflow/example_dags/example_branch_operator.py
[2025-04-07T18:30:37.089+0800] {processor.py:927} WARNING - No viable dags retrieved from /Users/ervinyeoh/Desktop/unimods/is3107/project/.venv/lib/python3.11/site-packages/airflow/example_dags/example_branch_operator.py
[2025-04-07T18:30:37.135+0800] {processor.py:208} INFO - Processing /Users/ervinyeoh/Desktop/unimods/is3107/project/.venv/lib/python3.11/site-packages/airflow/example_dags/example_branch_operator.py took 0.091 seconds
[2025-04-07T18:34:00.368+0800] {processor.py:186} INFO - Started process (PID=94775) to work on /Users/ervinyeoh/Desktop/unimods/is3107/project/.venv/lib/python3.11/site-packages/airflow/example_dags/example_branch_operator.py
[2025-04-07T18:34:00.369+0800] {processor.py:914} INFO - Processing file /Users/ervinyeoh/Desktop/unimods/is3107/project/.venv/lib/python3.11/site-packages/airflow/example_dags/example_branch_operator.py for tasks to queue
[2025-04-07T18:34:00.370+0800] {logging_mixin.py:190} INFO - [2025-04-07T18:34:00.369+0800] {dagbag.py:588} INFO - Filling up the DagBag from /Users/ervinyeoh/Desktop/unimods/is3107/project/.venv/lib/python3.11/site-packages/airflow/example_dags/example_branch_operator.py
[2025-04-07T18:34:00.414+0800] {processor.py:927} WARNING - No viable dags retrieved from /Users/ervinyeoh/Desktop/unimods/is3107/project/.venv/lib/python3.11/site-packages/airflow/example_dags/example_branch_operator.py
[2025-04-07T18:34:00.459+0800] {processor.py:208} INFO - Processing /Users/ervinyeoh/Desktop/unimods/is3107/project/.venv/lib/python3.11/site-packages/airflow/example_dags/example_branch_operator.py took 0.092 seconds
[2025-04-07T18:37:19.360+0800] {processor.py:186} INFO - Started process (PID=95010) to work on /Users/ervinyeoh/Desktop/unimods/is3107/project/.venv/lib/python3.11/site-packages/airflow/example_dags/example_branch_operator.py
[2025-04-07T18:37:19.361+0800] {processor.py:914} INFO - Processing file /Users/ervinyeoh/Desktop/unimods/is3107/project/.venv/lib/python3.11/site-packages/airflow/example_dags/example_branch_operator.py for tasks to queue
[2025-04-07T18:37:19.362+0800] {logging_mixin.py:190} INFO - [2025-04-07T18:37:19.362+0800] {dagbag.py:588} INFO - Filling up the DagBag from /Users/ervinyeoh/Desktop/unimods/is3107/project/.venv/lib/python3.11/site-packages/airflow/example_dags/example_branch_operator.py
[2025-04-07T18:37:19.403+0800] {processor.py:927} WARNING - No viable dags retrieved from /Users/ervinyeoh/Desktop/unimods/is3107/project/.venv/lib/python3.11/site-packages/airflow/example_dags/example_branch_operator.py
[2025-04-07T18:37:19.448+0800] {processor.py:208} INFO - Processing /Users/ervinyeoh/Desktop/unimods/is3107/project/.venv/lib/python3.11/site-packages/airflow/example_dags/example_branch_operator.py took 0.090 seconds
[2025-04-07T18:40:39.252+0800] {processor.py:186} INFO - Started process (PID=95231) to work on /Users/ervinyeoh/Desktop/unimods/is3107/project/.venv/lib/python3.11/site-packages/airflow/example_dags/example_branch_operator.py
[2025-04-07T18:40:39.254+0800] {processor.py:914} INFO - Processing file /Users/ervinyeoh/Desktop/unimods/is3107/project/.venv/lib/python3.11/site-packages/airflow/example_dags/example_branch_operator.py for tasks to queue
[2025-04-07T18:40:39.254+0800] {logging_mixin.py:190} INFO - [2025-04-07T18:40:39.254+0800] {dagbag.py:588} INFO - Filling up the DagBag from /Users/ervinyeoh/Desktop/unimods/is3107/project/.venv/lib/python3.11/site-packages/airflow/example_dags/example_branch_operator.py
[2025-04-07T18:40:39.296+0800] {processor.py:927} WARNING - No viable dags retrieved from /Users/ervinyeoh/Desktop/unimods/is3107/project/.venv/lib/python3.11/site-packages/airflow/example_dags/example_branch_operator.py
[2025-04-07T18:40:39.341+0800] {processor.py:208} INFO - Processing /Users/ervinyeoh/Desktop/unimods/is3107/project/.venv/lib/python3.11/site-packages/airflow/example_dags/example_branch_operator.py took 0.091 seconds
[2025-04-07T18:43:58.297+0800] {processor.py:186} INFO - Started process (PID=95448) to work on /Users/ervinyeoh/Desktop/unimods/is3107/project/.venv/lib/python3.11/site-packages/airflow/example_dags/example_branch_operator.py
[2025-04-07T18:43:58.298+0800] {processor.py:914} INFO - Processing file /Users/ervinyeoh/Desktop/unimods/is3107/project/.venv/lib/python3.11/site-packages/airflow/example_dags/example_branch_operator.py for tasks to queue
[2025-04-07T18:43:58.298+0800] {logging_mixin.py:190} INFO - [2025-04-07T18:43:58.298+0800] {dagbag.py:588} INFO - Filling up the DagBag from /Users/ervinyeoh/Desktop/unimods/is3107/project/.venv/lib/python3.11/site-packages/airflow/example_dags/example_branch_operator.py
[2025-04-07T18:43:58.342+0800] {processor.py:927} WARNING - No viable dags retrieved from /Users/ervinyeoh/Desktop/unimods/is3107/project/.venv/lib/python3.11/site-packages/airflow/example_dags/example_branch_operator.py
[2025-04-07T18:43:58.388+0800] {processor.py:208} INFO - Processing /Users/ervinyeoh/Desktop/unimods/is3107/project/.venv/lib/python3.11/site-packages/airflow/example_dags/example_branch_operator.py took 0.093 seconds
[2025-04-07T18:47:19.033+0800] {processor.py:186} INFO - Started process (PID=95684) to work on /Users/ervinyeoh/Desktop/unimods/is3107/project/.venv/lib/python3.11/site-packages/airflow/example_dags/example_branch_operator.py
[2025-04-07T18:47:19.034+0800] {processor.py:914} INFO - Processing file /Users/ervinyeoh/Desktop/unimods/is3107/project/.venv/lib/python3.11/site-packages/airflow/example_dags/example_branch_operator.py for tasks to queue
[2025-04-07T18:47:19.035+0800] {logging_mixin.py:190} INFO - [2025-04-07T18:47:19.035+0800] {dagbag.py:588} INFO - Filling up the DagBag from /Users/ervinyeoh/Desktop/unimods/is3107/project/.venv/lib/python3.11/site-packages/airflow/example_dags/example_branch_operator.py
[2025-04-07T18:47:19.076+0800] {processor.py:927} WARNING - No viable dags retrieved from /Users/ervinyeoh/Desktop/unimods/is3107/project/.venv/lib/python3.11/site-packages/airflow/example_dags/example_branch_operator.py
[2025-04-07T18:47:19.121+0800] {processor.py:208} INFO - Processing /Users/ervinyeoh/Desktop/unimods/is3107/project/.venv/lib/python3.11/site-packages/airflow/example_dags/example_branch_operator.py took 0.090 seconds
[2025-04-07T18:50:36.969+0800] {processor.py:186} INFO - Started process (PID=95915) to work on /Users/ervinyeoh/Desktop/unimods/is3107/project/.venv/lib/python3.11/site-packages/airflow/example_dags/example_branch_operator.py
[2025-04-07T18:50:36.970+0800] {processor.py:914} INFO - Processing file /Users/ervinyeoh/Desktop/unimods/is3107/project/.venv/lib/python3.11/site-packages/airflow/example_dags/example_branch_operator.py for tasks to queue
[2025-04-07T18:50:36.971+0800] {logging_mixin.py:190} INFO - [2025-04-07T18:50:36.971+0800] {dagbag.py:588} INFO - Filling up the DagBag from /Users/ervinyeoh/Desktop/unimods/is3107/project/.venv/lib/python3.11/site-packages/airflow/example_dags/example_branch_operator.py
[2025-04-07T18:50:37.014+0800] {processor.py:927} WARNING - No viable dags retrieved from /Users/ervinyeoh/Desktop/unimods/is3107/project/.venv/lib/python3.11/site-packages/airflow/example_dags/example_branch_operator.py
[2025-04-07T18:50:37.059+0800] {processor.py:208} INFO - Processing /Users/ervinyeoh/Desktop/unimods/is3107/project/.venv/lib/python3.11/site-packages/airflow/example_dags/example_branch_operator.py took 0.091 seconds
[2025-04-07T18:53:56.095+0800] {processor.py:186} INFO - Started process (PID=96134) to work on /Users/ervinyeoh/Desktop/unimods/is3107/project/.venv/lib/python3.11/site-packages/airflow/example_dags/example_branch_operator.py
[2025-04-07T18:53:56.096+0800] {processor.py:914} INFO - Processing file /Users/ervinyeoh/Desktop/unimods/is3107/project/.venv/lib/python3.11/site-packages/airflow/example_dags/example_branch_operator.py for tasks to queue
[2025-04-07T18:53:56.097+0800] {logging_mixin.py:190} INFO - [2025-04-07T18:53:56.097+0800] {dagbag.py:588} INFO - Filling up the DagBag from /Users/ervinyeoh/Desktop/unimods/is3107/project/.venv/lib/python3.11/site-packages/airflow/example_dags/example_branch_operator.py
[2025-04-07T18:53:56.138+0800] {processor.py:927} WARNING - No viable dags retrieved from /Users/ervinyeoh/Desktop/unimods/is3107/project/.venv/lib/python3.11/site-packages/airflow/example_dags/example_branch_operator.py
[2025-04-07T18:53:56.184+0800] {processor.py:208} INFO - Processing /Users/ervinyeoh/Desktop/unimods/is3107/project/.venv/lib/python3.11/site-packages/airflow/example_dags/example_branch_operator.py took 0.091 seconds
[2025-04-07T19:43:26.793+0800] {processor.py:186} INFO - Started process (PID=96453) to work on /Users/ervinyeoh/Desktop/unimods/is3107/project/.venv/lib/python3.11/site-packages/airflow/example_dags/example_branch_operator.py
[2025-04-07T19:43:26.794+0800] {processor.py:914} INFO - Processing file /Users/ervinyeoh/Desktop/unimods/is3107/project/.venv/lib/python3.11/site-packages/airflow/example_dags/example_branch_operator.py for tasks to queue
[2025-04-07T19:43:26.794+0800] {logging_mixin.py:190} INFO - [2025-04-07T19:43:26.794+0800] {dagbag.py:588} INFO - Filling up the DagBag from /Users/ervinyeoh/Desktop/unimods/is3107/project/.venv/lib/python3.11/site-packages/airflow/example_dags/example_branch_operator.py
[2025-04-07T19:43:26.836+0800] {processor.py:927} WARNING - No viable dags retrieved from /Users/ervinyeoh/Desktop/unimods/is3107/project/.venv/lib/python3.11/site-packages/airflow/example_dags/example_branch_operator.py
[2025-04-07T19:43:26.881+0800] {processor.py:208} INFO - Processing /Users/ervinyeoh/Desktop/unimods/is3107/project/.venv/lib/python3.11/site-packages/airflow/example_dags/example_branch_operator.py took 0.090 seconds
[2025-04-07T19:57:42.000+0800] {processor.py:186} INFO - Started process (PID=96738) to work on /Users/ervinyeoh/Desktop/unimods/is3107/project/.venv/lib/python3.11/site-packages/airflow/example_dags/example_branch_operator.py
[2025-04-07T19:57:42.001+0800] {processor.py:914} INFO - Processing file /Users/ervinyeoh/Desktop/unimods/is3107/project/.venv/lib/python3.11/site-packages/airflow/example_dags/example_branch_operator.py for tasks to queue
[2025-04-07T19:57:42.002+0800] {logging_mixin.py:190} INFO - [2025-04-07T19:57:42.002+0800] {dagbag.py:588} INFO - Filling up the DagBag from /Users/ervinyeoh/Desktop/unimods/is3107/project/.venv/lib/python3.11/site-packages/airflow/example_dags/example_branch_operator.py
[2025-04-07T19:57:42.043+0800] {processor.py:927} WARNING - No viable dags retrieved from /Users/ervinyeoh/Desktop/unimods/is3107/project/.venv/lib/python3.11/site-packages/airflow/example_dags/example_branch_operator.py
[2025-04-07T19:57:42.089+0800] {processor.py:208} INFO - Processing /Users/ervinyeoh/Desktop/unimods/is3107/project/.venv/lib/python3.11/site-packages/airflow/example_dags/example_branch_operator.py took 0.090 seconds
[2025-04-07T20:03:56.249+0800] {processor.py:186} INFO - Started process (PID=97010) to work on /Users/ervinyeoh/Desktop/unimods/is3107/project/.venv/lib/python3.11/site-packages/airflow/example_dags/example_branch_operator.py
[2025-04-07T20:03:56.251+0800] {processor.py:914} INFO - Processing file /Users/ervinyeoh/Desktop/unimods/is3107/project/.venv/lib/python3.11/site-packages/airflow/example_dags/example_branch_operator.py for tasks to queue
[2025-04-07T20:03:56.251+0800] {logging_mixin.py:190} INFO - [2025-04-07T20:03:56.251+0800] {dagbag.py:588} INFO - Filling up the DagBag from /Users/ervinyeoh/Desktop/unimods/is3107/project/.venv/lib/python3.11/site-packages/airflow/example_dags/example_branch_operator.py
[2025-04-07T20:03:56.293+0800] {processor.py:927} WARNING - No viable dags retrieved from /Users/ervinyeoh/Desktop/unimods/is3107/project/.venv/lib/python3.11/site-packages/airflow/example_dags/example_branch_operator.py
[2025-04-07T20:03:56.339+0800] {processor.py:208} INFO - Processing /Users/ervinyeoh/Desktop/unimods/is3107/project/.venv/lib/python3.11/site-packages/airflow/example_dags/example_branch_operator.py took 0.091 seconds
[2025-04-07T20:07:18.478+0800] {processor.py:186} INFO - Started process (PID=97238) to work on /Users/ervinyeoh/Desktop/unimods/is3107/project/.venv/lib/python3.11/site-packages/airflow/example_dags/example_branch_operator.py
[2025-04-07T20:07:18.479+0800] {processor.py:914} INFO - Processing file /Users/ervinyeoh/Desktop/unimods/is3107/project/.venv/lib/python3.11/site-packages/airflow/example_dags/example_branch_operator.py for tasks to queue
[2025-04-07T20:07:18.480+0800] {logging_mixin.py:190} INFO - [2025-04-07T20:07:18.480+0800] {dagbag.py:588} INFO - Filling up the DagBag from /Users/ervinyeoh/Desktop/unimods/is3107/project/.venv/lib/python3.11/site-packages/airflow/example_dags/example_branch_operator.py
[2025-04-07T20:07:18.524+0800] {processor.py:927} WARNING - No viable dags retrieved from /Users/ervinyeoh/Desktop/unimods/is3107/project/.venv/lib/python3.11/site-packages/airflow/example_dags/example_branch_operator.py
[2025-04-07T20:07:18.569+0800] {processor.py:208} INFO - Processing /Users/ervinyeoh/Desktop/unimods/is3107/project/.venv/lib/python3.11/site-packages/airflow/example_dags/example_branch_operator.py took 0.093 seconds
[2025-04-07T20:10:37.769+0800] {processor.py:186} INFO - Started process (PID=97458) to work on /Users/ervinyeoh/Desktop/unimods/is3107/project/.venv/lib/python3.11/site-packages/airflow/example_dags/example_branch_operator.py
[2025-04-07T20:10:37.770+0800] {processor.py:914} INFO - Processing file /Users/ervinyeoh/Desktop/unimods/is3107/project/.venv/lib/python3.11/site-packages/airflow/example_dags/example_branch_operator.py for tasks to queue
[2025-04-07T20:10:37.770+0800] {logging_mixin.py:190} INFO - [2025-04-07T20:10:37.770+0800] {dagbag.py:588} INFO - Filling up the DagBag from /Users/ervinyeoh/Desktop/unimods/is3107/project/.venv/lib/python3.11/site-packages/airflow/example_dags/example_branch_operator.py
[2025-04-07T20:10:37.812+0800] {processor.py:927} WARNING - No viable dags retrieved from /Users/ervinyeoh/Desktop/unimods/is3107/project/.venv/lib/python3.11/site-packages/airflow/example_dags/example_branch_operator.py
[2025-04-07T20:10:37.858+0800] {processor.py:208} INFO - Processing /Users/ervinyeoh/Desktop/unimods/is3107/project/.venv/lib/python3.11/site-packages/airflow/example_dags/example_branch_operator.py took 0.091 seconds
[2025-04-07T20:13:53.311+0800] {processor.py:186} INFO - Started process (PID=97804) to work on /Users/ervinyeoh/Desktop/unimods/is3107/project/.venv/lib/python3.11/site-packages/airflow/example_dags/example_branch_operator.py
[2025-04-07T20:13:53.311+0800] {processor.py:914} INFO - Processing file /Users/ervinyeoh/Desktop/unimods/is3107/project/.venv/lib/python3.11/site-packages/airflow/example_dags/example_branch_operator.py for tasks to queue
[2025-04-07T20:13:53.312+0800] {logging_mixin.py:190} INFO - [2025-04-07T20:13:53.312+0800] {dagbag.py:588} INFO - Filling up the DagBag from /Users/ervinyeoh/Desktop/unimods/is3107/project/.venv/lib/python3.11/site-packages/airflow/example_dags/example_branch_operator.py
[2025-04-07T20:13:53.354+0800] {processor.py:927} WARNING - No viable dags retrieved from /Users/ervinyeoh/Desktop/unimods/is3107/project/.venv/lib/python3.11/site-packages/airflow/example_dags/example_branch_operator.py
[2025-04-07T20:13:53.400+0800] {processor.py:208} INFO - Processing /Users/ervinyeoh/Desktop/unimods/is3107/project/.venv/lib/python3.11/site-packages/airflow/example_dags/example_branch_operator.py took 0.091 seconds
[2025-04-07T20:17:09.486+0800] {processor.py:186} INFO - Started process (PID=98025) to work on /Users/ervinyeoh/Desktop/unimods/is3107/project/.venv/lib/python3.11/site-packages/airflow/example_dags/example_branch_operator.py
[2025-04-07T20:17:09.487+0800] {processor.py:914} INFO - Processing file /Users/ervinyeoh/Desktop/unimods/is3107/project/.venv/lib/python3.11/site-packages/airflow/example_dags/example_branch_operator.py for tasks to queue
[2025-04-07T20:17:09.488+0800] {logging_mixin.py:190} INFO - [2025-04-07T20:17:09.488+0800] {dagbag.py:588} INFO - Filling up the DagBag from /Users/ervinyeoh/Desktop/unimods/is3107/project/.venv/lib/python3.11/site-packages/airflow/example_dags/example_branch_operator.py
[2025-04-07T20:17:09.531+0800] {processor.py:927} WARNING - No viable dags retrieved from /Users/ervinyeoh/Desktop/unimods/is3107/project/.venv/lib/python3.11/site-packages/airflow/example_dags/example_branch_operator.py
[2025-04-07T20:17:09.576+0800] {processor.py:208} INFO - Processing /Users/ervinyeoh/Desktop/unimods/is3107/project/.venv/lib/python3.11/site-packages/airflow/example_dags/example_branch_operator.py took 0.092 seconds
[2025-04-07T20:20:29.019+0800] {processor.py:186} INFO - Started process (PID=98312) to work on /Users/ervinyeoh/Desktop/unimods/is3107/project/.venv/lib/python3.11/site-packages/airflow/example_dags/example_branch_operator.py
[2025-04-07T20:20:29.020+0800] {processor.py:914} INFO - Processing file /Users/ervinyeoh/Desktop/unimods/is3107/project/.venv/lib/python3.11/site-packages/airflow/example_dags/example_branch_operator.py for tasks to queue
[2025-04-07T20:20:29.021+0800] {logging_mixin.py:190} INFO - [2025-04-07T20:20:29.021+0800] {dagbag.py:588} INFO - Filling up the DagBag from /Users/ervinyeoh/Desktop/unimods/is3107/project/.venv/lib/python3.11/site-packages/airflow/example_dags/example_branch_operator.py
[2025-04-07T20:20:29.064+0800] {processor.py:927} WARNING - No viable dags retrieved from /Users/ervinyeoh/Desktop/unimods/is3107/project/.venv/lib/python3.11/site-packages/airflow/example_dags/example_branch_operator.py
[2025-04-07T20:20:29.109+0800] {processor.py:208} INFO - Processing /Users/ervinyeoh/Desktop/unimods/is3107/project/.venv/lib/python3.11/site-packages/airflow/example_dags/example_branch_operator.py took 0.091 seconds
[2025-04-07T20:23:47.908+0800] {processor.py:186} INFO - Started process (PID=98542) to work on /Users/ervinyeoh/Desktop/unimods/is3107/project/.venv/lib/python3.11/site-packages/airflow/example_dags/example_branch_operator.py
[2025-04-07T20:23:47.909+0800] {processor.py:914} INFO - Processing file /Users/ervinyeoh/Desktop/unimods/is3107/project/.venv/lib/python3.11/site-packages/airflow/example_dags/example_branch_operator.py for tasks to queue
[2025-04-07T20:23:47.910+0800] {logging_mixin.py:190} INFO - [2025-04-07T20:23:47.909+0800] {dagbag.py:588} INFO - Filling up the DagBag from /Users/ervinyeoh/Desktop/unimods/is3107/project/.venv/lib/python3.11/site-packages/airflow/example_dags/example_branch_operator.py
[2025-04-07T20:23:47.951+0800] {processor.py:927} WARNING - No viable dags retrieved from /Users/ervinyeoh/Desktop/unimods/is3107/project/.venv/lib/python3.11/site-packages/airflow/example_dags/example_branch_operator.py
[2025-04-07T20:23:47.997+0800] {processor.py:208} INFO - Processing /Users/ervinyeoh/Desktop/unimods/is3107/project/.venv/lib/python3.11/site-packages/airflow/example_dags/example_branch_operator.py took 0.090 seconds
[2025-04-07T20:27:02.517+0800] {processor.py:186} INFO - Started process (PID=98763) to work on /Users/ervinyeoh/Desktop/unimods/is3107/project/.venv/lib/python3.11/site-packages/airflow/example_dags/example_branch_operator.py
[2025-04-07T20:27:02.518+0800] {processor.py:914} INFO - Processing file /Users/ervinyeoh/Desktop/unimods/is3107/project/.venv/lib/python3.11/site-packages/airflow/example_dags/example_branch_operator.py for tasks to queue
[2025-04-07T20:27:02.519+0800] {logging_mixin.py:190} INFO - [2025-04-07T20:27:02.519+0800] {dagbag.py:588} INFO - Filling up the DagBag from /Users/ervinyeoh/Desktop/unimods/is3107/project/.venv/lib/python3.11/site-packages/airflow/example_dags/example_branch_operator.py
[2025-04-07T20:27:02.561+0800] {processor.py:927} WARNING - No viable dags retrieved from /Users/ervinyeoh/Desktop/unimods/is3107/project/.venv/lib/python3.11/site-packages/airflow/example_dags/example_branch_operator.py
[2025-04-07T20:27:02.606+0800] {processor.py:208} INFO - Processing /Users/ervinyeoh/Desktop/unimods/is3107/project/.venv/lib/python3.11/site-packages/airflow/example_dags/example_branch_operator.py took 0.091 seconds
[2025-04-07T20:30:21.691+0800] {processor.py:186} INFO - Started process (PID=98999) to work on /Users/ervinyeoh/Desktop/unimods/is3107/project/.venv/lib/python3.11/site-packages/airflow/example_dags/example_branch_operator.py
[2025-04-07T20:30:21.692+0800] {processor.py:914} INFO - Processing file /Users/ervinyeoh/Desktop/unimods/is3107/project/.venv/lib/python3.11/site-packages/airflow/example_dags/example_branch_operator.py for tasks to queue
[2025-04-07T20:30:21.692+0800] {logging_mixin.py:190} INFO - [2025-04-07T20:30:21.692+0800] {dagbag.py:588} INFO - Filling up the DagBag from /Users/ervinyeoh/Desktop/unimods/is3107/project/.venv/lib/python3.11/site-packages/airflow/example_dags/example_branch_operator.py
[2025-04-07T20:30:21.733+0800] {processor.py:927} WARNING - No viable dags retrieved from /Users/ervinyeoh/Desktop/unimods/is3107/project/.venv/lib/python3.11/site-packages/airflow/example_dags/example_branch_operator.py
[2025-04-07T20:30:21.778+0800] {processor.py:208} INFO - Processing /Users/ervinyeoh/Desktop/unimods/is3107/project/.venv/lib/python3.11/site-packages/airflow/example_dags/example_branch_operator.py took 0.089 seconds
[2025-04-07T20:33:40.724+0800] {processor.py:186} INFO - Started process (PID=99216) to work on /Users/ervinyeoh/Desktop/unimods/is3107/project/.venv/lib/python3.11/site-packages/airflow/example_dags/example_branch_operator.py
[2025-04-07T20:33:40.726+0800] {processor.py:914} INFO - Processing file /Users/ervinyeoh/Desktop/unimods/is3107/project/.venv/lib/python3.11/site-packages/airflow/example_dags/example_branch_operator.py for tasks to queue
[2025-04-07T20:33:40.726+0800] {logging_mixin.py:190} INFO - [2025-04-07T20:33:40.726+0800] {dagbag.py:588} INFO - Filling up the DagBag from /Users/ervinyeoh/Desktop/unimods/is3107/project/.venv/lib/python3.11/site-packages/airflow/example_dags/example_branch_operator.py
[2025-04-07T20:33:40.768+0800] {processor.py:927} WARNING - No viable dags retrieved from /Users/ervinyeoh/Desktop/unimods/is3107/project/.venv/lib/python3.11/site-packages/airflow/example_dags/example_branch_operator.py
[2025-04-07T20:33:40.813+0800] {processor.py:208} INFO - Processing /Users/ervinyeoh/Desktop/unimods/is3107/project/.venv/lib/python3.11/site-packages/airflow/example_dags/example_branch_operator.py took 0.090 seconds
[2025-04-07T20:36:55.315+0800] {processor.py:186} INFO - Started process (PID=99436) to work on /Users/ervinyeoh/Desktop/unimods/is3107/project/.venv/lib/python3.11/site-packages/airflow/example_dags/example_branch_operator.py
[2025-04-07T20:36:55.317+0800] {processor.py:914} INFO - Processing file /Users/ervinyeoh/Desktop/unimods/is3107/project/.venv/lib/python3.11/site-packages/airflow/example_dags/example_branch_operator.py for tasks to queue
[2025-04-07T20:36:55.317+0800] {logging_mixin.py:190} INFO - [2025-04-07T20:36:55.317+0800] {dagbag.py:588} INFO - Filling up the DagBag from /Users/ervinyeoh/Desktop/unimods/is3107/project/.venv/lib/python3.11/site-packages/airflow/example_dags/example_branch_operator.py
[2025-04-07T20:36:55.359+0800] {processor.py:927} WARNING - No viable dags retrieved from /Users/ervinyeoh/Desktop/unimods/is3107/project/.venv/lib/python3.11/site-packages/airflow/example_dags/example_branch_operator.py
[2025-04-07T20:36:55.405+0800] {processor.py:208} INFO - Processing /Users/ervinyeoh/Desktop/unimods/is3107/project/.venv/lib/python3.11/site-packages/airflow/example_dags/example_branch_operator.py took 0.091 seconds
[2025-04-07T20:40:13.358+0800] {processor.py:186} INFO - Started process (PID=99674) to work on /Users/ervinyeoh/Desktop/unimods/is3107/project/.venv/lib/python3.11/site-packages/airflow/example_dags/example_branch_operator.py
[2025-04-07T20:40:13.359+0800] {processor.py:914} INFO - Processing file /Users/ervinyeoh/Desktop/unimods/is3107/project/.venv/lib/python3.11/site-packages/airflow/example_dags/example_branch_operator.py for tasks to queue
[2025-04-07T20:40:13.360+0800] {logging_mixin.py:190} INFO - [2025-04-07T20:40:13.360+0800] {dagbag.py:588} INFO - Filling up the DagBag from /Users/ervinyeoh/Desktop/unimods/is3107/project/.venv/lib/python3.11/site-packages/airflow/example_dags/example_branch_operator.py
[2025-04-07T20:40:13.402+0800] {processor.py:927} WARNING - No viable dags retrieved from /Users/ervinyeoh/Desktop/unimods/is3107/project/.venv/lib/python3.11/site-packages/airflow/example_dags/example_branch_operator.py
[2025-04-07T20:40:13.448+0800] {processor.py:208} INFO - Processing /Users/ervinyeoh/Desktop/unimods/is3107/project/.venv/lib/python3.11/site-packages/airflow/example_dags/example_branch_operator.py took 0.091 seconds
[2025-04-07T20:43:34.115+0800] {processor.py:186} INFO - Started process (PID=99917) to work on /Users/ervinyeoh/Desktop/unimods/is3107/project/.venv/lib/python3.11/site-packages/airflow/example_dags/example_branch_operator.py
[2025-04-07T20:43:34.116+0800] {processor.py:914} INFO - Processing file /Users/ervinyeoh/Desktop/unimods/is3107/project/.venv/lib/python3.11/site-packages/airflow/example_dags/example_branch_operator.py for tasks to queue
[2025-04-07T20:43:34.117+0800] {logging_mixin.py:190} INFO - [2025-04-07T20:43:34.117+0800] {dagbag.py:588} INFO - Filling up the DagBag from /Users/ervinyeoh/Desktop/unimods/is3107/project/.venv/lib/python3.11/site-packages/airflow/example_dags/example_branch_operator.py
[2025-04-07T20:43:34.158+0800] {processor.py:927} WARNING - No viable dags retrieved from /Users/ervinyeoh/Desktop/unimods/is3107/project/.venv/lib/python3.11/site-packages/airflow/example_dags/example_branch_operator.py
[2025-04-07T20:43:34.204+0800] {processor.py:208} INFO - Processing /Users/ervinyeoh/Desktop/unimods/is3107/project/.venv/lib/python3.11/site-packages/airflow/example_dags/example_branch_operator.py took 0.090 seconds
[2025-04-07T20:52:34.679+0800] {processor.py:186} INFO - Started process (PID=300) to work on /Users/ervinyeoh/Desktop/unimods/is3107/project/.venv/lib/python3.11/site-packages/airflow/example_dags/example_branch_operator.py
[2025-04-07T20:52:34.680+0800] {processor.py:914} INFO - Processing file /Users/ervinyeoh/Desktop/unimods/is3107/project/.venv/lib/python3.11/site-packages/airflow/example_dags/example_branch_operator.py for tasks to queue
[2025-04-07T20:52:34.681+0800] {logging_mixin.py:190} INFO - [2025-04-07T20:52:34.681+0800] {dagbag.py:588} INFO - Filling up the DagBag from /Users/ervinyeoh/Desktop/unimods/is3107/project/.venv/lib/python3.11/site-packages/airflow/example_dags/example_branch_operator.py
[2025-04-07T20:52:34.723+0800] {processor.py:927} WARNING - No viable dags retrieved from /Users/ervinyeoh/Desktop/unimods/is3107/project/.venv/lib/python3.11/site-packages/airflow/example_dags/example_branch_operator.py
[2025-04-07T20:52:34.768+0800] {processor.py:208} INFO - Processing /Users/ervinyeoh/Desktop/unimods/is3107/project/.venv/lib/python3.11/site-packages/airflow/example_dags/example_branch_operator.py took 0.091 seconds
[2025-04-07T20:55:55.371+0800] {processor.py:186} INFO - Started process (PID=610) to work on /Users/ervinyeoh/Desktop/unimods/is3107/project/.venv/lib/python3.11/site-packages/airflow/example_dags/example_branch_operator.py
[2025-04-07T20:55:55.373+0800] {processor.py:914} INFO - Processing file /Users/ervinyeoh/Desktop/unimods/is3107/project/.venv/lib/python3.11/site-packages/airflow/example_dags/example_branch_operator.py for tasks to queue
[2025-04-07T20:55:55.373+0800] {logging_mixin.py:190} INFO - [2025-04-07T20:55:55.373+0800] {dagbag.py:588} INFO - Filling up the DagBag from /Users/ervinyeoh/Desktop/unimods/is3107/project/.venv/lib/python3.11/site-packages/airflow/example_dags/example_branch_operator.py
[2025-04-07T20:55:55.415+0800] {processor.py:927} WARNING - No viable dags retrieved from /Users/ervinyeoh/Desktop/unimods/is3107/project/.venv/lib/python3.11/site-packages/airflow/example_dags/example_branch_operator.py
[2025-04-07T20:55:55.460+0800] {processor.py:208} INFO - Processing /Users/ervinyeoh/Desktop/unimods/is3107/project/.venv/lib/python3.11/site-packages/airflow/example_dags/example_branch_operator.py took 0.090 seconds
[2025-04-07T20:59:16.880+0800] {processor.py:186} INFO - Started process (PID=914) to work on /Users/ervinyeoh/Desktop/unimods/is3107/project/.venv/lib/python3.11/site-packages/airflow/example_dags/example_branch_operator.py
[2025-04-07T20:59:16.881+0800] {processor.py:914} INFO - Processing file /Users/ervinyeoh/Desktop/unimods/is3107/project/.venv/lib/python3.11/site-packages/airflow/example_dags/example_branch_operator.py for tasks to queue
[2025-04-07T20:59:16.882+0800] {logging_mixin.py:190} INFO - [2025-04-07T20:59:16.882+0800] {dagbag.py:588} INFO - Filling up the DagBag from /Users/ervinyeoh/Desktop/unimods/is3107/project/.venv/lib/python3.11/site-packages/airflow/example_dags/example_branch_operator.py
[2025-04-07T20:59:16.924+0800] {processor.py:927} WARNING - No viable dags retrieved from /Users/ervinyeoh/Desktop/unimods/is3107/project/.venv/lib/python3.11/site-packages/airflow/example_dags/example_branch_operator.py
[2025-04-07T20:59:16.969+0800] {processor.py:208} INFO - Processing /Users/ervinyeoh/Desktop/unimods/is3107/project/.venv/lib/python3.11/site-packages/airflow/example_dags/example_branch_operator.py took 0.091 seconds
[2025-04-07T21:02:40.153+0800] {processor.py:186} INFO - Started process (PID=1164) to work on /Users/ervinyeoh/Desktop/unimods/is3107/project/.venv/lib/python3.11/site-packages/airflow/example_dags/example_branch_operator.py
[2025-04-07T21:02:40.154+0800] {processor.py:914} INFO - Processing file /Users/ervinyeoh/Desktop/unimods/is3107/project/.venv/lib/python3.11/site-packages/airflow/example_dags/example_branch_operator.py for tasks to queue
[2025-04-07T21:02:40.155+0800] {logging_mixin.py:190} INFO - [2025-04-07T21:02:40.155+0800] {dagbag.py:588} INFO - Filling up the DagBag from /Users/ervinyeoh/Desktop/unimods/is3107/project/.venv/lib/python3.11/site-packages/airflow/example_dags/example_branch_operator.py
[2025-04-07T21:02:40.201+0800] {processor.py:927} WARNING - No viable dags retrieved from /Users/ervinyeoh/Desktop/unimods/is3107/project/.venv/lib/python3.11/site-packages/airflow/example_dags/example_branch_operator.py
[2025-04-07T21:02:40.248+0800] {processor.py:208} INFO - Processing /Users/ervinyeoh/Desktop/unimods/is3107/project/.venv/lib/python3.11/site-packages/airflow/example_dags/example_branch_operator.py took 0.097 seconds
[2025-04-07T21:06:02.781+0800] {processor.py:186} INFO - Started process (PID=1390) to work on /Users/ervinyeoh/Desktop/unimods/is3107/project/.venv/lib/python3.11/site-packages/airflow/example_dags/example_branch_operator.py
[2025-04-07T21:06:02.781+0800] {processor.py:914} INFO - Processing file /Users/ervinyeoh/Desktop/unimods/is3107/project/.venv/lib/python3.11/site-packages/airflow/example_dags/example_branch_operator.py for tasks to queue
[2025-04-07T21:06:02.782+0800] {logging_mixin.py:190} INFO - [2025-04-07T21:06:02.782+0800] {dagbag.py:588} INFO - Filling up the DagBag from /Users/ervinyeoh/Desktop/unimods/is3107/project/.venv/lib/python3.11/site-packages/airflow/example_dags/example_branch_operator.py
[2025-04-07T21:06:02.826+0800] {processor.py:927} WARNING - No viable dags retrieved from /Users/ervinyeoh/Desktop/unimods/is3107/project/.venv/lib/python3.11/site-packages/airflow/example_dags/example_branch_operator.py
[2025-04-07T21:06:02.871+0800] {processor.py:208} INFO - Processing /Users/ervinyeoh/Desktop/unimods/is3107/project/.venv/lib/python3.11/site-packages/airflow/example_dags/example_branch_operator.py took 0.092 seconds
[2025-04-07T21:09:23.978+0800] {processor.py:186} INFO - Started process (PID=1609) to work on /Users/ervinyeoh/Desktop/unimods/is3107/project/.venv/lib/python3.11/site-packages/airflow/example_dags/example_branch_operator.py
[2025-04-07T21:09:23.979+0800] {processor.py:914} INFO - Processing file /Users/ervinyeoh/Desktop/unimods/is3107/project/.venv/lib/python3.11/site-packages/airflow/example_dags/example_branch_operator.py for tasks to queue
[2025-04-07T21:09:23.980+0800] {logging_mixin.py:190} INFO - [2025-04-07T21:09:23.980+0800] {dagbag.py:588} INFO - Filling up the DagBag from /Users/ervinyeoh/Desktop/unimods/is3107/project/.venv/lib/python3.11/site-packages/airflow/example_dags/example_branch_operator.py
[2025-04-07T21:09:24.022+0800] {processor.py:927} WARNING - No viable dags retrieved from /Users/ervinyeoh/Desktop/unimods/is3107/project/.venv/lib/python3.11/site-packages/airflow/example_dags/example_branch_operator.py
[2025-04-07T21:09:24.068+0800] {processor.py:208} INFO - Processing /Users/ervinyeoh/Desktop/unimods/is3107/project/.venv/lib/python3.11/site-packages/airflow/example_dags/example_branch_operator.py took 0.092 seconds
[2025-04-07T21:12:45.483+0800] {processor.py:186} INFO - Started process (PID=1841) to work on /Users/ervinyeoh/Desktop/unimods/is3107/project/.venv/lib/python3.11/site-packages/airflow/example_dags/example_branch_operator.py
[2025-04-07T21:12:45.484+0800] {processor.py:914} INFO - Processing file /Users/ervinyeoh/Desktop/unimods/is3107/project/.venv/lib/python3.11/site-packages/airflow/example_dags/example_branch_operator.py for tasks to queue
[2025-04-07T21:12:45.485+0800] {logging_mixin.py:190} INFO - [2025-04-07T21:12:45.485+0800] {dagbag.py:588} INFO - Filling up the DagBag from /Users/ervinyeoh/Desktop/unimods/is3107/project/.venv/lib/python3.11/site-packages/airflow/example_dags/example_branch_operator.py
[2025-04-07T21:12:45.528+0800] {processor.py:927} WARNING - No viable dags retrieved from /Users/ervinyeoh/Desktop/unimods/is3107/project/.venv/lib/python3.11/site-packages/airflow/example_dags/example_branch_operator.py
[2025-04-07T21:12:45.573+0800] {processor.py:208} INFO - Processing /Users/ervinyeoh/Desktop/unimods/is3107/project/.venv/lib/python3.11/site-packages/airflow/example_dags/example_branch_operator.py took 0.092 seconds
[2025-04-07T21:16:07.113+0800] {processor.py:186} INFO - Started process (PID=2056) to work on /Users/ervinyeoh/Desktop/unimods/is3107/project/.venv/lib/python3.11/site-packages/airflow/example_dags/example_branch_operator.py
[2025-04-07T21:16:07.115+0800] {processor.py:914} INFO - Processing file /Users/ervinyeoh/Desktop/unimods/is3107/project/.venv/lib/python3.11/site-packages/airflow/example_dags/example_branch_operator.py for tasks to queue
[2025-04-07T21:16:07.115+0800] {logging_mixin.py:190} INFO - [2025-04-07T21:16:07.115+0800] {dagbag.py:588} INFO - Filling up the DagBag from /Users/ervinyeoh/Desktop/unimods/is3107/project/.venv/lib/python3.11/site-packages/airflow/example_dags/example_branch_operator.py
[2025-04-07T21:16:07.158+0800] {processor.py:927} WARNING - No viable dags retrieved from /Users/ervinyeoh/Desktop/unimods/is3107/project/.venv/lib/python3.11/site-packages/airflow/example_dags/example_branch_operator.py
[2025-04-07T21:16:07.205+0800] {processor.py:208} INFO - Processing /Users/ervinyeoh/Desktop/unimods/is3107/project/.venv/lib/python3.11/site-packages/airflow/example_dags/example_branch_operator.py took 0.093 seconds
[2025-04-07T21:19:30.087+0800] {processor.py:186} INFO - Started process (PID=2302) to work on /Users/ervinyeoh/Desktop/unimods/is3107/project/.venv/lib/python3.11/site-packages/airflow/example_dags/example_branch_operator.py
[2025-04-07T21:19:30.088+0800] {processor.py:914} INFO - Processing file /Users/ervinyeoh/Desktop/unimods/is3107/project/.venv/lib/python3.11/site-packages/airflow/example_dags/example_branch_operator.py for tasks to queue
[2025-04-07T21:19:30.088+0800] {logging_mixin.py:190} INFO - [2025-04-07T21:19:30.088+0800] {dagbag.py:588} INFO - Filling up the DagBag from /Users/ervinyeoh/Desktop/unimods/is3107/project/.venv/lib/python3.11/site-packages/airflow/example_dags/example_branch_operator.py
[2025-04-07T21:19:30.130+0800] {processor.py:927} WARNING - No viable dags retrieved from /Users/ervinyeoh/Desktop/unimods/is3107/project/.venv/lib/python3.11/site-packages/airflow/example_dags/example_branch_operator.py
[2025-04-07T21:19:30.175+0800] {processor.py:208} INFO - Processing /Users/ervinyeoh/Desktop/unimods/is3107/project/.venv/lib/python3.11/site-packages/airflow/example_dags/example_branch_operator.py took 0.090 seconds
[2025-04-07T21:22:52.340+0800] {processor.py:186} INFO - Started process (PID=2527) to work on /Users/ervinyeoh/Desktop/unimods/is3107/project/.venv/lib/python3.11/site-packages/airflow/example_dags/example_branch_operator.py
[2025-04-07T21:22:52.341+0800] {processor.py:914} INFO - Processing file /Users/ervinyeoh/Desktop/unimods/is3107/project/.venv/lib/python3.11/site-packages/airflow/example_dags/example_branch_operator.py for tasks to queue
[2025-04-07T21:22:52.342+0800] {logging_mixin.py:190} INFO - [2025-04-07T21:22:52.342+0800] {dagbag.py:588} INFO - Filling up the DagBag from /Users/ervinyeoh/Desktop/unimods/is3107/project/.venv/lib/python3.11/site-packages/airflow/example_dags/example_branch_operator.py
[2025-04-07T21:22:52.385+0800] {processor.py:927} WARNING - No viable dags retrieved from /Users/ervinyeoh/Desktop/unimods/is3107/project/.venv/lib/python3.11/site-packages/airflow/example_dags/example_branch_operator.py
[2025-04-07T21:22:52.430+0800] {processor.py:208} INFO - Processing /Users/ervinyeoh/Desktop/unimods/is3107/project/.venv/lib/python3.11/site-packages/airflow/example_dags/example_branch_operator.py took 0.092 seconds
[2025-04-07T23:34:08.911+0800] {processor.py:186} INFO - Started process (PID=3048) to work on /Users/ervinyeoh/Desktop/unimods/is3107/project/.venv/lib/python3.11/site-packages/airflow/example_dags/example_branch_operator.py
[2025-04-07T23:34:08.911+0800] {processor.py:914} INFO - Processing file /Users/ervinyeoh/Desktop/unimods/is3107/project/.venv/lib/python3.11/site-packages/airflow/example_dags/example_branch_operator.py for tasks to queue
[2025-04-07T23:34:08.912+0800] {logging_mixin.py:190} INFO - [2025-04-07T23:34:08.912+0800] {dagbag.py:588} INFO - Filling up the DagBag from /Users/ervinyeoh/Desktop/unimods/is3107/project/.venv/lib/python3.11/site-packages/airflow/example_dags/example_branch_operator.py
[2025-04-07T23:34:08.955+0800] {processor.py:927} WARNING - No viable dags retrieved from /Users/ervinyeoh/Desktop/unimods/is3107/project/.venv/lib/python3.11/site-packages/airflow/example_dags/example_branch_operator.py
[2025-04-07T23:34:09.001+0800] {processor.py:208} INFO - Processing /Users/ervinyeoh/Desktop/unimods/is3107/project/.venv/lib/python3.11/site-packages/airflow/example_dags/example_branch_operator.py took 0.092 seconds
[2025-04-07T23:37:30.183+0800] {processor.py:186} INFO - Started process (PID=3279) to work on /Users/ervinyeoh/Desktop/unimods/is3107/project/.venv/lib/python3.11/site-packages/airflow/example_dags/example_branch_operator.py
[2025-04-07T23:37:30.184+0800] {processor.py:914} INFO - Processing file /Users/ervinyeoh/Desktop/unimods/is3107/project/.venv/lib/python3.11/site-packages/airflow/example_dags/example_branch_operator.py for tasks to queue
[2025-04-07T23:37:30.184+0800] {logging_mixin.py:190} INFO - [2025-04-07T23:37:30.184+0800] {dagbag.py:588} INFO - Filling up the DagBag from /Users/ervinyeoh/Desktop/unimods/is3107/project/.venv/lib/python3.11/site-packages/airflow/example_dags/example_branch_operator.py
[2025-04-07T23:37:30.228+0800] {processor.py:927} WARNING - No viable dags retrieved from /Users/ervinyeoh/Desktop/unimods/is3107/project/.venv/lib/python3.11/site-packages/airflow/example_dags/example_branch_operator.py
[2025-04-07T23:37:30.275+0800] {processor.py:208} INFO - Processing /Users/ervinyeoh/Desktop/unimods/is3107/project/.venv/lib/python3.11/site-packages/airflow/example_dags/example_branch_operator.py took 0.094 seconds
[2025-04-07T23:40:46.782+0800] {processor.py:186} INFO - Started process (PID=3494) to work on /Users/ervinyeoh/Desktop/unimods/is3107/project/.venv/lib/python3.11/site-packages/airflow/example_dags/example_branch_operator.py
[2025-04-07T23:40:46.784+0800] {processor.py:914} INFO - Processing file /Users/ervinyeoh/Desktop/unimods/is3107/project/.venv/lib/python3.11/site-packages/airflow/example_dags/example_branch_operator.py for tasks to queue
[2025-04-07T23:40:46.784+0800] {logging_mixin.py:190} INFO - [2025-04-07T23:40:46.784+0800] {dagbag.py:588} INFO - Filling up the DagBag from /Users/ervinyeoh/Desktop/unimods/is3107/project/.venv/lib/python3.11/site-packages/airflow/example_dags/example_branch_operator.py
[2025-04-07T23:40:46.826+0800] {processor.py:927} WARNING - No viable dags retrieved from /Users/ervinyeoh/Desktop/unimods/is3107/project/.venv/lib/python3.11/site-packages/airflow/example_dags/example_branch_operator.py
[2025-04-07T23:40:46.871+0800] {processor.py:208} INFO - Processing /Users/ervinyeoh/Desktop/unimods/is3107/project/.venv/lib/python3.11/site-packages/airflow/example_dags/example_branch_operator.py took 0.091 seconds
[2025-04-07T23:44:04.932+0800] {processor.py:186} INFO - Started process (PID=3775) to work on /Users/ervinyeoh/Desktop/unimods/is3107/project/.venv/lib/python3.11/site-packages/airflow/example_dags/example_branch_operator.py
[2025-04-07T23:44:04.932+0800] {processor.py:914} INFO - Processing file /Users/ervinyeoh/Desktop/unimods/is3107/project/.venv/lib/python3.11/site-packages/airflow/example_dags/example_branch_operator.py for tasks to queue
[2025-04-07T23:44:04.933+0800] {logging_mixin.py:190} INFO - [2025-04-07T23:44:04.933+0800] {dagbag.py:588} INFO - Filling up the DagBag from /Users/ervinyeoh/Desktop/unimods/is3107/project/.venv/lib/python3.11/site-packages/airflow/example_dags/example_branch_operator.py
[2025-04-07T23:44:04.976+0800] {processor.py:927} WARNING - No viable dags retrieved from /Users/ervinyeoh/Desktop/unimods/is3107/project/.venv/lib/python3.11/site-packages/airflow/example_dags/example_branch_operator.py
[2025-04-07T23:44:05.022+0800] {processor.py:208} INFO - Processing /Users/ervinyeoh/Desktop/unimods/is3107/project/.venv/lib/python3.11/site-packages/airflow/example_dags/example_branch_operator.py took 0.092 seconds
[2025-04-07T23:47:21.560+0800] {processor.py:186} INFO - Started process (PID=4018) to work on /Users/ervinyeoh/Desktop/unimods/is3107/project/.venv/lib/python3.11/site-packages/airflow/example_dags/example_branch_operator.py
[2025-04-07T23:47:21.562+0800] {processor.py:914} INFO - Processing file /Users/ervinyeoh/Desktop/unimods/is3107/project/.venv/lib/python3.11/site-packages/airflow/example_dags/example_branch_operator.py for tasks to queue
[2025-04-07T23:47:21.563+0800] {logging_mixin.py:190} INFO - [2025-04-07T23:47:21.562+0800] {dagbag.py:588} INFO - Filling up the DagBag from /Users/ervinyeoh/Desktop/unimods/is3107/project/.venv/lib/python3.11/site-packages/airflow/example_dags/example_branch_operator.py
[2025-04-07T23:47:21.604+0800] {processor.py:927} WARNING - No viable dags retrieved from /Users/ervinyeoh/Desktop/unimods/is3107/project/.venv/lib/python3.11/site-packages/airflow/example_dags/example_branch_operator.py
[2025-04-07T23:47:21.649+0800] {processor.py:208} INFO - Processing /Users/ervinyeoh/Desktop/unimods/is3107/project/.venv/lib/python3.11/site-packages/airflow/example_dags/example_branch_operator.py took 0.090 seconds
[2025-04-07T23:50:35.043+0800] {processor.py:186} INFO - Started process (PID=4245) to work on /Users/ervinyeoh/Desktop/unimods/is3107/project/.venv/lib/python3.11/site-packages/airflow/example_dags/example_branch_operator.py
[2025-04-07T23:50:35.045+0800] {processor.py:914} INFO - Processing file /Users/ervinyeoh/Desktop/unimods/is3107/project/.venv/lib/python3.11/site-packages/airflow/example_dags/example_branch_operator.py for tasks to queue
[2025-04-07T23:50:35.045+0800] {logging_mixin.py:190} INFO - [2025-04-07T23:50:35.045+0800] {dagbag.py:588} INFO - Filling up the DagBag from /Users/ervinyeoh/Desktop/unimods/is3107/project/.venv/lib/python3.11/site-packages/airflow/example_dags/example_branch_operator.py
[2025-04-07T23:50:35.086+0800] {processor.py:927} WARNING - No viable dags retrieved from /Users/ervinyeoh/Desktop/unimods/is3107/project/.venv/lib/python3.11/site-packages/airflow/example_dags/example_branch_operator.py
[2025-04-07T23:50:35.132+0800] {processor.py:208} INFO - Processing /Users/ervinyeoh/Desktop/unimods/is3107/project/.venv/lib/python3.11/site-packages/airflow/example_dags/example_branch_operator.py took 0.090 seconds
[2025-04-07T23:53:49.975+0800] {processor.py:186} INFO - Started process (PID=4458) to work on /Users/ervinyeoh/Desktop/unimods/is3107/project/.venv/lib/python3.11/site-packages/airflow/example_dags/example_branch_operator.py
[2025-04-07T23:53:49.976+0800] {processor.py:914} INFO - Processing file /Users/ervinyeoh/Desktop/unimods/is3107/project/.venv/lib/python3.11/site-packages/airflow/example_dags/example_branch_operator.py for tasks to queue
[2025-04-07T23:53:49.977+0800] {logging_mixin.py:190} INFO - [2025-04-07T23:53:49.977+0800] {dagbag.py:588} INFO - Filling up the DagBag from /Users/ervinyeoh/Desktop/unimods/is3107/project/.venv/lib/python3.11/site-packages/airflow/example_dags/example_branch_operator.py
[2025-04-07T23:53:50.018+0800] {processor.py:927} WARNING - No viable dags retrieved from /Users/ervinyeoh/Desktop/unimods/is3107/project/.venv/lib/python3.11/site-packages/airflow/example_dags/example_branch_operator.py
[2025-04-07T23:53:50.063+0800] {processor.py:208} INFO - Processing /Users/ervinyeoh/Desktop/unimods/is3107/project/.venv/lib/python3.11/site-packages/airflow/example_dags/example_branch_operator.py took 0.089 seconds
[2025-04-07T23:57:06.056+0800] {processor.py:186} INFO - Started process (PID=4684) to work on /Users/ervinyeoh/Desktop/unimods/is3107/project/.venv/lib/python3.11/site-packages/airflow/example_dags/example_branch_operator.py
[2025-04-07T23:57:06.058+0800] {processor.py:914} INFO - Processing file /Users/ervinyeoh/Desktop/unimods/is3107/project/.venv/lib/python3.11/site-packages/airflow/example_dags/example_branch_operator.py for tasks to queue
[2025-04-07T23:57:06.058+0800] {logging_mixin.py:190} INFO - [2025-04-07T23:57:06.058+0800] {dagbag.py:588} INFO - Filling up the DagBag from /Users/ervinyeoh/Desktop/unimods/is3107/project/.venv/lib/python3.11/site-packages/airflow/example_dags/example_branch_operator.py
[2025-04-07T23:57:06.100+0800] {processor.py:927} WARNING - No viable dags retrieved from /Users/ervinyeoh/Desktop/unimods/is3107/project/.venv/lib/python3.11/site-packages/airflow/example_dags/example_branch_operator.py
[2025-04-07T23:57:06.145+0800] {processor.py:208} INFO - Processing /Users/ervinyeoh/Desktop/unimods/is3107/project/.venv/lib/python3.11/site-packages/airflow/example_dags/example_branch_operator.py took 0.090 seconds
[2025-04-08T01:24:15.535+0800] {processor.py:186} INFO - Started process (PID=4995) to work on /Users/ervinyeoh/Desktop/unimods/is3107/project/.venv/lib/python3.11/site-packages/airflow/example_dags/example_branch_operator.py
[2025-04-08T01:24:15.536+0800] {processor.py:914} INFO - Processing file /Users/ervinyeoh/Desktop/unimods/is3107/project/.venv/lib/python3.11/site-packages/airflow/example_dags/example_branch_operator.py for tasks to queue
[2025-04-08T01:24:15.537+0800] {logging_mixin.py:190} INFO - [2025-04-08T01:24:15.537+0800] {dagbag.py:588} INFO - Filling up the DagBag from /Users/ervinyeoh/Desktop/unimods/is3107/project/.venv/lib/python3.11/site-packages/airflow/example_dags/example_branch_operator.py
[2025-04-08T01:24:15.579+0800] {processor.py:927} WARNING - No viable dags retrieved from /Users/ervinyeoh/Desktop/unimods/is3107/project/.venv/lib/python3.11/site-packages/airflow/example_dags/example_branch_operator.py
[2025-04-08T01:24:15.624+0800] {processor.py:208} INFO - Processing /Users/ervinyeoh/Desktop/unimods/is3107/project/.venv/lib/python3.11/site-packages/airflow/example_dags/example_branch_operator.py took 0.091 seconds
[2025-04-08T06:52:34.597+0800] {processor.py:186} INFO - Started process (PID=5482) to work on /Users/ervinyeoh/Desktop/unimods/is3107/project/.venv/lib/python3.11/site-packages/airflow/example_dags/example_branch_operator.py
[2025-04-08T06:52:34.598+0800] {processor.py:914} INFO - Processing file /Users/ervinyeoh/Desktop/unimods/is3107/project/.venv/lib/python3.11/site-packages/airflow/example_dags/example_branch_operator.py for tasks to queue
[2025-04-08T06:52:34.598+0800] {logging_mixin.py:190} INFO - [2025-04-08T06:52:34.598+0800] {dagbag.py:588} INFO - Filling up the DagBag from /Users/ervinyeoh/Desktop/unimods/is3107/project/.venv/lib/python3.11/site-packages/airflow/example_dags/example_branch_operator.py
[2025-04-08T06:52:34.641+0800] {processor.py:927} WARNING - No viable dags retrieved from /Users/ervinyeoh/Desktop/unimods/is3107/project/.venv/lib/python3.11/site-packages/airflow/example_dags/example_branch_operator.py
[2025-04-08T06:52:34.687+0800] {processor.py:208} INFO - Processing /Users/ervinyeoh/Desktop/unimods/is3107/project/.venv/lib/python3.11/site-packages/airflow/example_dags/example_branch_operator.py took 0.092 seconds
