[2025-04-07T08:55:58.374+0800] {processor.py:186} INFO - Started process (PID=92696) to work on /Users/ervinyeoh/Desktop/unimods/is3107/project/.venv/lib/python3.11/site-packages/airflow/example_dags/example_inlet_event_extra.py
[2025-04-07T08:55:58.375+0800] {processor.py:914} INFO - Processing file /Users/ervinyeoh/Desktop/unimods/is3107/project/.venv/lib/python3.11/site-packages/airflow/example_dags/example_inlet_event_extra.py for tasks to queue
[2025-04-07T08:55:58.375+0800] {logging_mixin.py:190} INFO - [2025-04-07T08:55:58.375+0800] {dagbag.py:588} INFO - Filling up the DagBag from /Users/ervinyeoh/Desktop/unimods/is3107/project/.venv/lib/python3.11/site-packages/airflow/example_dags/example_inlet_event_extra.py
[2025-04-07T08:55:58.656+0800] {processor.py:925} INFO - DAG(s) 'read_dataset_event_from_classic', 'read_dataset_event' retrieved from /Users/ervinyeoh/Desktop/unimods/is3107/project/.venv/lib/python3.11/site-packages/airflow/example_dags/example_inlet_event_extra.py
[2025-04-07T08:55:58.707+0800] {logging_mixin.py:190} INFO - [2025-04-07T08:55:58.707+0800] {dag.py:3239} INFO - Sync 2 DAGs
[2025-04-07T08:55:58.717+0800] {logging_mixin.py:190} INFO - [2025-04-07T08:55:58.717+0800] {dag.py:4180} INFO - Setting next_dagrun for read_dataset_event to 2025-04-06 00:00:00+00:00, run_after=2025-04-07 00:00:00+00:00
[2025-04-07T08:55:58.720+0800] {logging_mixin.py:190} INFO - [2025-04-07T08:55:58.720+0800] {dag.py:4180} INFO - Setting next_dagrun for read_dataset_event_from_classic to 2025-04-06 00:00:00+00:00, run_after=2025-04-07 00:00:00+00:00
[2025-04-07T08:55:58.729+0800] {processor.py:208} INFO - Processing /Users/ervinyeoh/Desktop/unimods/is3107/project/.venv/lib/python3.11/site-packages/airflow/example_dags/example_inlet_event_extra.py took 0.356 seconds
[2025-04-07T09:53:41.074+0800] {processor.py:186} INFO - Started process (PID=92983) to work on /Users/ervinyeoh/Desktop/unimods/is3107/project/.venv/lib/python3.11/site-packages/airflow/example_dags/example_inlet_event_extra.py
[2025-04-07T09:53:41.075+0800] {processor.py:914} INFO - Processing file /Users/ervinyeoh/Desktop/unimods/is3107/project/.venv/lib/python3.11/site-packages/airflow/example_dags/example_inlet_event_extra.py for tasks to queue
[2025-04-07T09:53:41.076+0800] {logging_mixin.py:190} INFO - [2025-04-07T09:53:41.076+0800] {dagbag.py:588} INFO - Filling up the DagBag from /Users/ervinyeoh/Desktop/unimods/is3107/project/.venv/lib/python3.11/site-packages/airflow/example_dags/example_inlet_event_extra.py
[2025-04-07T09:53:41.355+0800] {processor.py:925} INFO - DAG(s) 'read_dataset_event', 'read_dataset_event_from_classic' retrieved from /Users/ervinyeoh/Desktop/unimods/is3107/project/.venv/lib/python3.11/site-packages/airflow/example_dags/example_inlet_event_extra.py
[2025-04-07T09:53:41.405+0800] {logging_mixin.py:190} INFO - [2025-04-07T09:53:41.405+0800] {dag.py:3239} INFO - Sync 2 DAGs
[2025-04-07T09:53:41.416+0800] {logging_mixin.py:190} INFO - [2025-04-07T09:53:41.416+0800] {dag.py:4180} INFO - Setting next_dagrun for read_dataset_event to 2025-04-06 00:00:00+00:00, run_after=2025-04-07 00:00:00+00:00
[2025-04-07T09:53:41.419+0800] {logging_mixin.py:190} INFO - [2025-04-07T09:53:41.419+0800] {dag.py:4180} INFO - Setting next_dagrun for read_dataset_event_from_classic to 2025-04-06 00:00:00+00:00, run_after=2025-04-07 00:00:00+00:00
[2025-04-07T09:53:41.428+0800] {processor.py:208} INFO - Processing /Users/ervinyeoh/Desktop/unimods/is3107/project/.venv/lib/python3.11/site-packages/airflow/example_dags/example_inlet_event_extra.py took 0.355 seconds
[2025-04-07T16:13:30.281+0800] {processor.py:186} INFO - Started process (PID=93612) to work on /Users/ervinyeoh/Desktop/unimods/is3107/project/.venv/lib/python3.11/site-packages/airflow/example_dags/example_inlet_event_extra.py
[2025-04-07T16:13:30.282+0800] {processor.py:914} INFO - Processing file /Users/ervinyeoh/Desktop/unimods/is3107/project/.venv/lib/python3.11/site-packages/airflow/example_dags/example_inlet_event_extra.py for tasks to queue
[2025-04-07T16:13:30.283+0800] {logging_mixin.py:190} INFO - [2025-04-07T16:13:30.283+0800] {dagbag.py:588} INFO - Filling up the DagBag from /Users/ervinyeoh/Desktop/unimods/is3107/project/.venv/lib/python3.11/site-packages/airflow/example_dags/example_inlet_event_extra.py
[2025-04-07T16:13:30.563+0800] {processor.py:925} INFO - DAG(s) 'read_dataset_event', 'read_dataset_event_from_classic' retrieved from /Users/ervinyeoh/Desktop/unimods/is3107/project/.venv/lib/python3.11/site-packages/airflow/example_dags/example_inlet_event_extra.py
[2025-04-07T16:13:30.613+0800] {logging_mixin.py:190} INFO - [2025-04-07T16:13:30.613+0800] {dag.py:3239} INFO - Sync 2 DAGs
[2025-04-07T16:13:30.625+0800] {logging_mixin.py:190} INFO - [2025-04-07T16:13:30.624+0800] {dag.py:4180} INFO - Setting next_dagrun for read_dataset_event to 2025-04-06 00:00:00+00:00, run_after=2025-04-07 00:00:00+00:00
[2025-04-07T16:13:30.627+0800] {logging_mixin.py:190} INFO - [2025-04-07T16:13:30.627+0800] {dag.py:4180} INFO - Setting next_dagrun for read_dataset_event_from_classic to 2025-04-06 00:00:00+00:00, run_after=2025-04-07 00:00:00+00:00
[2025-04-07T16:13:30.636+0800] {processor.py:208} INFO - Processing /Users/ervinyeoh/Desktop/unimods/is3107/project/.venv/lib/python3.11/site-packages/airflow/example_dags/example_inlet_event_extra.py took 0.356 seconds
[2025-04-07T17:58:10.490+0800] {processor.py:186} INFO - Started process (PID=93903) to work on /Users/ervinyeoh/Desktop/unimods/is3107/project/.venv/lib/python3.11/site-packages/airflow/example_dags/example_inlet_event_extra.py
[2025-04-07T17:58:10.491+0800] {processor.py:914} INFO - Processing file /Users/ervinyeoh/Desktop/unimods/is3107/project/.venv/lib/python3.11/site-packages/airflow/example_dags/example_inlet_event_extra.py for tasks to queue
[2025-04-07T17:58:10.492+0800] {logging_mixin.py:190} INFO - [2025-04-07T17:58:10.492+0800] {dagbag.py:588} INFO - Filling up the DagBag from /Users/ervinyeoh/Desktop/unimods/is3107/project/.venv/lib/python3.11/site-packages/airflow/example_dags/example_inlet_event_extra.py
[2025-04-07T17:58:10.769+0800] {processor.py:925} INFO - DAG(s) 'read_dataset_event_from_classic', 'read_dataset_event' retrieved from /Users/ervinyeoh/Desktop/unimods/is3107/project/.venv/lib/python3.11/site-packages/airflow/example_dags/example_inlet_event_extra.py
[2025-04-07T17:58:10.819+0800] {logging_mixin.py:190} INFO - [2025-04-07T17:58:10.819+0800] {dag.py:3239} INFO - Sync 2 DAGs
[2025-04-07T17:58:10.832+0800] {logging_mixin.py:190} INFO - [2025-04-07T17:58:10.832+0800] {dag.py:4180} INFO - Setting next_dagrun for read_dataset_event to 2025-04-06 00:00:00+00:00, run_after=2025-04-07 00:00:00+00:00
[2025-04-07T17:58:10.834+0800] {logging_mixin.py:190} INFO - [2025-04-07T17:58:10.834+0800] {dag.py:4180} INFO - Setting next_dagrun for read_dataset_event_from_classic to 2025-04-06 00:00:00+00:00, run_after=2025-04-07 00:00:00+00:00
[2025-04-07T17:58:10.844+0800] {processor.py:208} INFO - Processing /Users/ervinyeoh/Desktop/unimods/is3107/project/.venv/lib/python3.11/site-packages/airflow/example_dags/example_inlet_event_extra.py took 0.356 seconds
[2025-04-07T18:16:33.747+0800] {processor.py:186} INFO - Started process (PID=94250) to work on /Users/ervinyeoh/Desktop/unimods/is3107/project/.venv/lib/python3.11/site-packages/airflow/example_dags/example_inlet_event_extra.py
[2025-04-07T18:16:33.748+0800] {processor.py:914} INFO - Processing file /Users/ervinyeoh/Desktop/unimods/is3107/project/.venv/lib/python3.11/site-packages/airflow/example_dags/example_inlet_event_extra.py for tasks to queue
[2025-04-07T18:16:33.748+0800] {logging_mixin.py:190} INFO - [2025-04-07T18:16:33.748+0800] {dagbag.py:588} INFO - Filling up the DagBag from /Users/ervinyeoh/Desktop/unimods/is3107/project/.venv/lib/python3.11/site-packages/airflow/example_dags/example_inlet_event_extra.py
[2025-04-07T18:16:34.060+0800] {processor.py:925} INFO - DAG(s) 'read_dataset_event', 'read_dataset_event_from_classic' retrieved from /Users/ervinyeoh/Desktop/unimods/is3107/project/.venv/lib/python3.11/site-packages/airflow/example_dags/example_inlet_event_extra.py
[2025-04-07T18:16:34.111+0800] {logging_mixin.py:190} INFO - [2025-04-07T18:16:34.111+0800] {dag.py:3239} INFO - Sync 2 DAGs
[2025-04-07T18:16:34.122+0800] {logging_mixin.py:190} INFO - [2025-04-07T18:16:34.122+0800] {dag.py:4180} INFO - Setting next_dagrun for read_dataset_event to 2025-04-06 00:00:00+00:00, run_after=2025-04-07 00:00:00+00:00
[2025-04-07T18:16:34.125+0800] {logging_mixin.py:190} INFO - [2025-04-07T18:16:34.125+0800] {dag.py:4180} INFO - Setting next_dagrun for read_dataset_event_from_classic to 2025-04-06 00:00:00+00:00, run_after=2025-04-07 00:00:00+00:00
[2025-04-07T18:16:34.134+0800] {processor.py:208} INFO - Processing /Users/ervinyeoh/Desktop/unimods/is3107/project/.venv/lib/python3.11/site-packages/airflow/example_dags/example_inlet_event_extra.py took 0.388 seconds
[2025-04-07T18:31:59.228+0800] {processor.py:186} INFO - Started process (PID=94572) to work on /Users/ervinyeoh/Desktop/unimods/is3107/project/.venv/lib/python3.11/site-packages/airflow/example_dags/example_inlet_event_extra.py
[2025-04-07T18:31:59.229+0800] {processor.py:914} INFO - Processing file /Users/ervinyeoh/Desktop/unimods/is3107/project/.venv/lib/python3.11/site-packages/airflow/example_dags/example_inlet_event_extra.py for tasks to queue
[2025-04-07T18:31:59.230+0800] {logging_mixin.py:190} INFO - [2025-04-07T18:31:59.229+0800] {dagbag.py:588} INFO - Filling up the DagBag from /Users/ervinyeoh/Desktop/unimods/is3107/project/.venv/lib/python3.11/site-packages/airflow/example_dags/example_inlet_event_extra.py
[2025-04-07T18:31:59.549+0800] {processor.py:925} INFO - DAG(s) 'read_dataset_event_from_classic', 'read_dataset_event' retrieved from /Users/ervinyeoh/Desktop/unimods/is3107/project/.venv/lib/python3.11/site-packages/airflow/example_dags/example_inlet_event_extra.py
[2025-04-07T18:31:59.599+0800] {logging_mixin.py:190} INFO - [2025-04-07T18:31:59.599+0800] {dag.py:3239} INFO - Sync 2 DAGs
[2025-04-07T18:31:59.613+0800] {logging_mixin.py:190} INFO - [2025-04-07T18:31:59.613+0800] {dag.py:4180} INFO - Setting next_dagrun for read_dataset_event to 2025-04-06 00:00:00+00:00, run_after=2025-04-07 00:00:00+00:00
[2025-04-07T18:31:59.616+0800] {logging_mixin.py:190} INFO - [2025-04-07T18:31:59.616+0800] {dag.py:4180} INFO - Setting next_dagrun for read_dataset_event_from_classic to 2025-04-06 00:00:00+00:00, run_after=2025-04-07 00:00:00+00:00
[2025-04-07T18:31:59.625+0800] {processor.py:208} INFO - Processing /Users/ervinyeoh/Desktop/unimods/is3107/project/.venv/lib/python3.11/site-packages/airflow/example_dags/example_inlet_event_extra.py took 0.399 seconds
[2025-04-07T18:35:21.182+0800] {processor.py:186} INFO - Started process (PID=94874) to work on /Users/ervinyeoh/Desktop/unimods/is3107/project/.venv/lib/python3.11/site-packages/airflow/example_dags/example_inlet_event_extra.py
[2025-04-07T18:35:21.182+0800] {processor.py:914} INFO - Processing file /Users/ervinyeoh/Desktop/unimods/is3107/project/.venv/lib/python3.11/site-packages/airflow/example_dags/example_inlet_event_extra.py for tasks to queue
[2025-04-07T18:35:21.183+0800] {logging_mixin.py:190} INFO - [2025-04-07T18:35:21.183+0800] {dagbag.py:588} INFO - Filling up the DagBag from /Users/ervinyeoh/Desktop/unimods/is3107/project/.venv/lib/python3.11/site-packages/airflow/example_dags/example_inlet_event_extra.py
[2025-04-07T18:35:21.466+0800] {processor.py:925} INFO - DAG(s) 'read_dataset_event', 'read_dataset_event_from_classic' retrieved from /Users/ervinyeoh/Desktop/unimods/is3107/project/.venv/lib/python3.11/site-packages/airflow/example_dags/example_inlet_event_extra.py
[2025-04-07T18:35:21.517+0800] {logging_mixin.py:190} INFO - [2025-04-07T18:35:21.517+0800] {dag.py:3239} INFO - Sync 2 DAGs
[2025-04-07T18:35:21.528+0800] {logging_mixin.py:190} INFO - [2025-04-07T18:35:21.528+0800] {dag.py:4180} INFO - Setting next_dagrun for read_dataset_event to 2025-04-06 00:00:00+00:00, run_after=2025-04-07 00:00:00+00:00
[2025-04-07T18:35:21.530+0800] {logging_mixin.py:190} INFO - [2025-04-07T18:35:21.530+0800] {dag.py:4180} INFO - Setting next_dagrun for read_dataset_event_from_classic to 2025-04-06 00:00:00+00:00, run_after=2025-04-07 00:00:00+00:00
[2025-04-07T18:35:21.539+0800] {processor.py:208} INFO - Processing /Users/ervinyeoh/Desktop/unimods/is3107/project/.venv/lib/python3.11/site-packages/airflow/example_dags/example_inlet_event_extra.py took 0.359 seconds
[2025-04-07T18:38:40.767+0800] {processor.py:186} INFO - Started process (PID=95093) to work on /Users/ervinyeoh/Desktop/unimods/is3107/project/.venv/lib/python3.11/site-packages/airflow/example_dags/example_inlet_event_extra.py
[2025-04-07T18:38:40.769+0800] {processor.py:914} INFO - Processing file /Users/ervinyeoh/Desktop/unimods/is3107/project/.venv/lib/python3.11/site-packages/airflow/example_dags/example_inlet_event_extra.py for tasks to queue
[2025-04-07T18:38:40.769+0800] {logging_mixin.py:190} INFO - [2025-04-07T18:38:40.769+0800] {dagbag.py:588} INFO - Filling up the DagBag from /Users/ervinyeoh/Desktop/unimods/is3107/project/.venv/lib/python3.11/site-packages/airflow/example_dags/example_inlet_event_extra.py
[2025-04-07T18:38:41.044+0800] {processor.py:925} INFO - DAG(s) 'read_dataset_event', 'read_dataset_event_from_classic' retrieved from /Users/ervinyeoh/Desktop/unimods/is3107/project/.venv/lib/python3.11/site-packages/airflow/example_dags/example_inlet_event_extra.py
[2025-04-07T18:38:41.095+0800] {logging_mixin.py:190} INFO - [2025-04-07T18:38:41.095+0800] {dag.py:3239} INFO - Sync 2 DAGs
[2025-04-07T18:38:41.106+0800] {logging_mixin.py:190} INFO - [2025-04-07T18:38:41.106+0800] {dag.py:4180} INFO - Setting next_dagrun for read_dataset_event to 2025-04-06 00:00:00+00:00, run_after=2025-04-07 00:00:00+00:00
[2025-04-07T18:38:41.109+0800] {logging_mixin.py:190} INFO - [2025-04-07T18:38:41.109+0800] {dag.py:4180} INFO - Setting next_dagrun for read_dataset_event_from_classic to 2025-04-06 00:00:00+00:00, run_after=2025-04-07 00:00:00+00:00
[2025-04-07T18:38:41.117+0800] {processor.py:208} INFO - Processing /Users/ervinyeoh/Desktop/unimods/is3107/project/.venv/lib/python3.11/site-packages/airflow/example_dags/example_inlet_event_extra.py took 0.352 seconds
[2025-04-07T18:41:58.969+0800] {processor.py:186} INFO - Started process (PID=95320) to work on /Users/ervinyeoh/Desktop/unimods/is3107/project/.venv/lib/python3.11/site-packages/airflow/example_dags/example_inlet_event_extra.py
[2025-04-07T18:41:58.970+0800] {processor.py:914} INFO - Processing file /Users/ervinyeoh/Desktop/unimods/is3107/project/.venv/lib/python3.11/site-packages/airflow/example_dags/example_inlet_event_extra.py for tasks to queue
[2025-04-07T18:41:58.971+0800] {logging_mixin.py:190} INFO - [2025-04-07T18:41:58.970+0800] {dagbag.py:588} INFO - Filling up the DagBag from /Users/ervinyeoh/Desktop/unimods/is3107/project/.venv/lib/python3.11/site-packages/airflow/example_dags/example_inlet_event_extra.py
[2025-04-07T18:41:59.246+0800] {processor.py:925} INFO - DAG(s) 'read_dataset_event_from_classic', 'read_dataset_event' retrieved from /Users/ervinyeoh/Desktop/unimods/is3107/project/.venv/lib/python3.11/site-packages/airflow/example_dags/example_inlet_event_extra.py
[2025-04-07T18:41:59.296+0800] {logging_mixin.py:190} INFO - [2025-04-07T18:41:59.295+0800] {dag.py:3239} INFO - Sync 2 DAGs
[2025-04-07T18:41:59.306+0800] {logging_mixin.py:190} INFO - [2025-04-07T18:41:59.306+0800] {dag.py:4180} INFO - Setting next_dagrun for read_dataset_event to 2025-04-06 00:00:00+00:00, run_after=2025-04-07 00:00:00+00:00
[2025-04-07T18:41:59.308+0800] {logging_mixin.py:190} INFO - [2025-04-07T18:41:59.308+0800] {dag.py:4180} INFO - Setting next_dagrun for read_dataset_event_from_classic to 2025-04-06 00:00:00+00:00, run_after=2025-04-07 00:00:00+00:00
[2025-04-07T18:41:59.317+0800] {processor.py:208} INFO - Processing /Users/ervinyeoh/Desktop/unimods/is3107/project/.venv/lib/python3.11/site-packages/airflow/example_dags/example_inlet_event_extra.py took 0.350 seconds
[2025-04-07T18:45:19.659+0800] {processor.py:186} INFO - Started process (PID=95549) to work on /Users/ervinyeoh/Desktop/unimods/is3107/project/.venv/lib/python3.11/site-packages/airflow/example_dags/example_inlet_event_extra.py
[2025-04-07T18:45:19.661+0800] {processor.py:914} INFO - Processing file /Users/ervinyeoh/Desktop/unimods/is3107/project/.venv/lib/python3.11/site-packages/airflow/example_dags/example_inlet_event_extra.py for tasks to queue
[2025-04-07T18:45:19.661+0800] {logging_mixin.py:190} INFO - [2025-04-07T18:45:19.661+0800] {dagbag.py:588} INFO - Filling up the DagBag from /Users/ervinyeoh/Desktop/unimods/is3107/project/.venv/lib/python3.11/site-packages/airflow/example_dags/example_inlet_event_extra.py
[2025-04-07T18:45:19.937+0800] {processor.py:925} INFO - DAG(s) 'read_dataset_event', 'read_dataset_event_from_classic' retrieved from /Users/ervinyeoh/Desktop/unimods/is3107/project/.venv/lib/python3.11/site-packages/airflow/example_dags/example_inlet_event_extra.py
[2025-04-07T18:45:19.989+0800] {logging_mixin.py:190} INFO - [2025-04-07T18:45:19.988+0800] {dag.py:3239} INFO - Sync 2 DAGs
[2025-04-07T18:45:20.000+0800] {logging_mixin.py:190} INFO - [2025-04-07T18:45:19.999+0800] {dag.py:4180} INFO - Setting next_dagrun for read_dataset_event to 2025-04-06 00:00:00+00:00, run_after=2025-04-07 00:00:00+00:00
[2025-04-07T18:45:20.002+0800] {logging_mixin.py:190} INFO - [2025-04-07T18:45:20.002+0800] {dag.py:4180} INFO - Setting next_dagrun for read_dataset_event_from_classic to 2025-04-06 00:00:00+00:00, run_after=2025-04-07 00:00:00+00:00
[2025-04-07T18:45:20.011+0800] {processor.py:208} INFO - Processing /Users/ervinyeoh/Desktop/unimods/is3107/project/.venv/lib/python3.11/site-packages/airflow/example_dags/example_inlet_event_extra.py took 0.354 seconds
[2025-04-07T18:48:39.977+0800] {processor.py:186} INFO - Started process (PID=95779) to work on /Users/ervinyeoh/Desktop/unimods/is3107/project/.venv/lib/python3.11/site-packages/airflow/example_dags/example_inlet_event_extra.py
[2025-04-07T18:48:39.978+0800] {processor.py:914} INFO - Processing file /Users/ervinyeoh/Desktop/unimods/is3107/project/.venv/lib/python3.11/site-packages/airflow/example_dags/example_inlet_event_extra.py for tasks to queue
[2025-04-07T18:48:39.979+0800] {logging_mixin.py:190} INFO - [2025-04-07T18:48:39.979+0800] {dagbag.py:588} INFO - Filling up the DagBag from /Users/ervinyeoh/Desktop/unimods/is3107/project/.venv/lib/python3.11/site-packages/airflow/example_dags/example_inlet_event_extra.py
[2025-04-07T18:48:40.254+0800] {processor.py:925} INFO - DAG(s) 'read_dataset_event', 'read_dataset_event_from_classic' retrieved from /Users/ervinyeoh/Desktop/unimods/is3107/project/.venv/lib/python3.11/site-packages/airflow/example_dags/example_inlet_event_extra.py
[2025-04-07T18:48:40.304+0800] {logging_mixin.py:190} INFO - [2025-04-07T18:48:40.304+0800] {dag.py:3239} INFO - Sync 2 DAGs
[2025-04-07T18:48:40.314+0800] {logging_mixin.py:190} INFO - [2025-04-07T18:48:40.314+0800] {dag.py:4180} INFO - Setting next_dagrun for read_dataset_event to 2025-04-06 00:00:00+00:00, run_after=2025-04-07 00:00:00+00:00
[2025-04-07T18:48:40.317+0800] {logging_mixin.py:190} INFO - [2025-04-07T18:48:40.316+0800] {dag.py:4180} INFO - Setting next_dagrun for read_dataset_event_from_classic to 2025-04-06 00:00:00+00:00, run_after=2025-04-07 00:00:00+00:00
[2025-04-07T18:48:40.326+0800] {processor.py:208} INFO - Processing /Users/ervinyeoh/Desktop/unimods/is3107/project/.venv/lib/python3.11/site-packages/airflow/example_dags/example_inlet_event_extra.py took 0.351 seconds
[2025-04-07T18:51:57.207+0800] {processor.py:186} INFO - Started process (PID=96005) to work on /Users/ervinyeoh/Desktop/unimods/is3107/project/.venv/lib/python3.11/site-packages/airflow/example_dags/example_inlet_event_extra.py
[2025-04-07T18:51:57.207+0800] {processor.py:914} INFO - Processing file /Users/ervinyeoh/Desktop/unimods/is3107/project/.venv/lib/python3.11/site-packages/airflow/example_dags/example_inlet_event_extra.py for tasks to queue
[2025-04-07T18:51:57.208+0800] {logging_mixin.py:190} INFO - [2025-04-07T18:51:57.208+0800] {dagbag.py:588} INFO - Filling up the DagBag from /Users/ervinyeoh/Desktop/unimods/is3107/project/.venv/lib/python3.11/site-packages/airflow/example_dags/example_inlet_event_extra.py
[2025-04-07T18:51:57.484+0800] {processor.py:925} INFO - DAG(s) 'read_dataset_event', 'read_dataset_event_from_classic' retrieved from /Users/ervinyeoh/Desktop/unimods/is3107/project/.venv/lib/python3.11/site-packages/airflow/example_dags/example_inlet_event_extra.py
[2025-04-07T18:51:57.537+0800] {logging_mixin.py:190} INFO - [2025-04-07T18:51:57.537+0800] {dag.py:3239} INFO - Sync 2 DAGs
[2025-04-07T18:51:57.548+0800] {logging_mixin.py:190} INFO - [2025-04-07T18:51:57.547+0800] {dag.py:4180} INFO - Setting next_dagrun for read_dataset_event to 2025-04-06 00:00:00+00:00, run_after=2025-04-07 00:00:00+00:00
[2025-04-07T18:51:57.550+0800] {logging_mixin.py:190} INFO - [2025-04-07T18:51:57.550+0800] {dag.py:4180} INFO - Setting next_dagrun for read_dataset_event_from_classic to 2025-04-06 00:00:00+00:00, run_after=2025-04-07 00:00:00+00:00
[2025-04-07T18:51:57.559+0800] {processor.py:208} INFO - Processing /Users/ervinyeoh/Desktop/unimods/is3107/project/.venv/lib/python3.11/site-packages/airflow/example_dags/example_inlet_event_extra.py took 0.354 seconds
[2025-04-07T18:55:17.259+0800] {processor.py:186} INFO - Started process (PID=96220) to work on /Users/ervinyeoh/Desktop/unimods/is3107/project/.venv/lib/python3.11/site-packages/airflow/example_dags/example_inlet_event_extra.py
[2025-04-07T18:55:17.260+0800] {processor.py:914} INFO - Processing file /Users/ervinyeoh/Desktop/unimods/is3107/project/.venv/lib/python3.11/site-packages/airflow/example_dags/example_inlet_event_extra.py for tasks to queue
[2025-04-07T18:55:17.261+0800] {logging_mixin.py:190} INFO - [2025-04-07T18:55:17.261+0800] {dagbag.py:588} INFO - Filling up the DagBag from /Users/ervinyeoh/Desktop/unimods/is3107/project/.venv/lib/python3.11/site-packages/airflow/example_dags/example_inlet_event_extra.py
[2025-04-07T18:55:17.537+0800] {processor.py:925} INFO - DAG(s) 'read_dataset_event', 'read_dataset_event_from_classic' retrieved from /Users/ervinyeoh/Desktop/unimods/is3107/project/.venv/lib/python3.11/site-packages/airflow/example_dags/example_inlet_event_extra.py
[2025-04-07T18:55:17.588+0800] {logging_mixin.py:190} INFO - [2025-04-07T18:55:17.588+0800] {dag.py:3239} INFO - Sync 2 DAGs
[2025-04-07T18:55:17.598+0800] {logging_mixin.py:190} INFO - [2025-04-07T18:55:17.598+0800] {dag.py:4180} INFO - Setting next_dagrun for read_dataset_event to 2025-04-06 00:00:00+00:00, run_after=2025-04-07 00:00:00+00:00
[2025-04-07T18:55:17.600+0800] {logging_mixin.py:190} INFO - [2025-04-07T18:55:17.600+0800] {dag.py:4180} INFO - Setting next_dagrun for read_dataset_event_from_classic to 2025-04-06 00:00:00+00:00, run_after=2025-04-07 00:00:00+00:00
[2025-04-07T18:55:17.609+0800] {processor.py:208} INFO - Processing /Users/ervinyeoh/Desktop/unimods/is3107/project/.venv/lib/python3.11/site-packages/airflow/example_dags/example_inlet_event_extra.py took 0.352 seconds
[2025-04-07T19:45:03.251+0800] {processor.py:186} INFO - Started process (PID=96575) to work on /Users/ervinyeoh/Desktop/unimods/is3107/project/.venv/lib/python3.11/site-packages/airflow/example_dags/example_inlet_event_extra.py
[2025-04-07T19:45:03.252+0800] {processor.py:914} INFO - Processing file /Users/ervinyeoh/Desktop/unimods/is3107/project/.venv/lib/python3.11/site-packages/airflow/example_dags/example_inlet_event_extra.py for tasks to queue
[2025-04-07T19:45:03.252+0800] {logging_mixin.py:190} INFO - [2025-04-07T19:45:03.252+0800] {dagbag.py:588} INFO - Filling up the DagBag from /Users/ervinyeoh/Desktop/unimods/is3107/project/.venv/lib/python3.11/site-packages/airflow/example_dags/example_inlet_event_extra.py
[2025-04-07T19:45:03.533+0800] {processor.py:925} INFO - DAG(s) 'read_dataset_event', 'read_dataset_event_from_classic' retrieved from /Users/ervinyeoh/Desktop/unimods/is3107/project/.venv/lib/python3.11/site-packages/airflow/example_dags/example_inlet_event_extra.py
[2025-04-07T19:45:03.584+0800] {logging_mixin.py:190} INFO - [2025-04-07T19:45:03.584+0800] {dag.py:3239} INFO - Sync 2 DAGs
[2025-04-07T19:45:03.596+0800] {logging_mixin.py:190} INFO - [2025-04-07T19:45:03.596+0800] {dag.py:4180} INFO - Setting next_dagrun for read_dataset_event to 2025-04-06 00:00:00+00:00, run_after=2025-04-07 00:00:00+00:00
[2025-04-07T19:45:03.599+0800] {logging_mixin.py:190} INFO - [2025-04-07T19:45:03.599+0800] {dag.py:4180} INFO - Setting next_dagrun for read_dataset_event_from_classic to 2025-04-06 00:00:00+00:00, run_after=2025-04-07 00:00:00+00:00
[2025-04-07T19:45:03.607+0800] {processor.py:208} INFO - Processing /Users/ervinyeoh/Desktop/unimods/is3107/project/.venv/lib/python3.11/site-packages/airflow/example_dags/example_inlet_event_extra.py took 0.358 seconds
[2025-04-07T20:01:56.264+0800] {processor.py:186} INFO - Started process (PID=96882) to work on /Users/ervinyeoh/Desktop/unimods/is3107/project/.venv/lib/python3.11/site-packages/airflow/example_dags/example_inlet_event_extra.py
[2025-04-07T20:01:56.264+0800] {processor.py:914} INFO - Processing file /Users/ervinyeoh/Desktop/unimods/is3107/project/.venv/lib/python3.11/site-packages/airflow/example_dags/example_inlet_event_extra.py for tasks to queue
[2025-04-07T20:01:56.265+0800] {logging_mixin.py:190} INFO - [2025-04-07T20:01:56.265+0800] {dagbag.py:588} INFO - Filling up the DagBag from /Users/ervinyeoh/Desktop/unimods/is3107/project/.venv/lib/python3.11/site-packages/airflow/example_dags/example_inlet_event_extra.py
[2025-04-07T20:01:56.577+0800] {processor.py:925} INFO - DAG(s) 'read_dataset_event', 'read_dataset_event_from_classic' retrieved from /Users/ervinyeoh/Desktop/unimods/is3107/project/.venv/lib/python3.11/site-packages/airflow/example_dags/example_inlet_event_extra.py
[2025-04-07T20:01:56.628+0800] {logging_mixin.py:190} INFO - [2025-04-07T20:01:56.628+0800] {dag.py:3239} INFO - Sync 2 DAGs
[2025-04-07T20:01:56.639+0800] {logging_mixin.py:190} INFO - [2025-04-07T20:01:56.639+0800] {dag.py:4180} INFO - Setting next_dagrun for read_dataset_event to 2025-04-06 00:00:00+00:00, run_after=2025-04-07 00:00:00+00:00
[2025-04-07T20:01:56.642+0800] {logging_mixin.py:190} INFO - [2025-04-07T20:01:56.642+0800] {dag.py:4180} INFO - Setting next_dagrun for read_dataset_event_from_classic to 2025-04-06 00:00:00+00:00, run_after=2025-04-07 00:00:00+00:00
[2025-04-07T20:01:56.651+0800] {processor.py:208} INFO - Processing /Users/ervinyeoh/Desktop/unimods/is3107/project/.venv/lib/python3.11/site-packages/airflow/example_dags/example_inlet_event_extra.py took 0.389 seconds
[2025-04-07T20:05:18.352+0800] {processor.py:186} INFO - Started process (PID=97100) to work on /Users/ervinyeoh/Desktop/unimods/is3107/project/.venv/lib/python3.11/site-packages/airflow/example_dags/example_inlet_event_extra.py
[2025-04-07T20:05:18.354+0800] {processor.py:914} INFO - Processing file /Users/ervinyeoh/Desktop/unimods/is3107/project/.venv/lib/python3.11/site-packages/airflow/example_dags/example_inlet_event_extra.py for tasks to queue
[2025-04-07T20:05:18.354+0800] {logging_mixin.py:190} INFO - [2025-04-07T20:05:18.354+0800] {dagbag.py:588} INFO - Filling up the DagBag from /Users/ervinyeoh/Desktop/unimods/is3107/project/.venv/lib/python3.11/site-packages/airflow/example_dags/example_inlet_event_extra.py
[2025-04-07T20:05:18.639+0800] {processor.py:925} INFO - DAG(s) 'read_dataset_event_from_classic', 'read_dataset_event' retrieved from /Users/ervinyeoh/Desktop/unimods/is3107/project/.venv/lib/python3.11/site-packages/airflow/example_dags/example_inlet_event_extra.py
[2025-04-07T20:05:18.690+0800] {logging_mixin.py:190} INFO - [2025-04-07T20:05:18.690+0800] {dag.py:3239} INFO - Sync 2 DAGs
[2025-04-07T20:05:18.700+0800] {logging_mixin.py:190} INFO - [2025-04-07T20:05:18.700+0800] {dag.py:4180} INFO - Setting next_dagrun for read_dataset_event to 2025-04-06 00:00:00+00:00, run_after=2025-04-07 00:00:00+00:00
[2025-04-07T20:05:18.703+0800] {logging_mixin.py:190} INFO - [2025-04-07T20:05:18.702+0800] {dag.py:4180} INFO - Setting next_dagrun for read_dataset_event_from_classic to 2025-04-06 00:00:00+00:00, run_after=2025-04-07 00:00:00+00:00
[2025-04-07T20:05:18.711+0800] {processor.py:208} INFO - Processing /Users/ervinyeoh/Desktop/unimods/is3107/project/.venv/lib/python3.11/site-packages/airflow/example_dags/example_inlet_event_extra.py took 0.361 seconds
[2025-04-07T20:08:39.380+0800] {processor.py:186} INFO - Started process (PID=97322) to work on /Users/ervinyeoh/Desktop/unimods/is3107/project/.venv/lib/python3.11/site-packages/airflow/example_dags/example_inlet_event_extra.py
[2025-04-07T20:08:39.381+0800] {processor.py:914} INFO - Processing file /Users/ervinyeoh/Desktop/unimods/is3107/project/.venv/lib/python3.11/site-packages/airflow/example_dags/example_inlet_event_extra.py for tasks to queue
[2025-04-07T20:08:39.382+0800] {logging_mixin.py:190} INFO - [2025-04-07T20:08:39.382+0800] {dagbag.py:588} INFO - Filling up the DagBag from /Users/ervinyeoh/Desktop/unimods/is3107/project/.venv/lib/python3.11/site-packages/airflow/example_dags/example_inlet_event_extra.py
[2025-04-07T20:08:39.658+0800] {processor.py:925} INFO - DAG(s) 'read_dataset_event', 'read_dataset_event_from_classic' retrieved from /Users/ervinyeoh/Desktop/unimods/is3107/project/.venv/lib/python3.11/site-packages/airflow/example_dags/example_inlet_event_extra.py
[2025-04-07T20:08:39.708+0800] {logging_mixin.py:190} INFO - [2025-04-07T20:08:39.708+0800] {dag.py:3239} INFO - Sync 2 DAGs
[2025-04-07T20:08:39.718+0800] {logging_mixin.py:190} INFO - [2025-04-07T20:08:39.718+0800] {dag.py:4180} INFO - Setting next_dagrun for read_dataset_event to 2025-04-06 00:00:00+00:00, run_after=2025-04-07 00:00:00+00:00
[2025-04-07T20:08:39.721+0800] {logging_mixin.py:190} INFO - [2025-04-07T20:08:39.720+0800] {dag.py:4180} INFO - Setting next_dagrun for read_dataset_event_from_classic to 2025-04-06 00:00:00+00:00, run_after=2025-04-07 00:00:00+00:00
[2025-04-07T20:08:39.729+0800] {processor.py:208} INFO - Processing /Users/ervinyeoh/Desktop/unimods/is3107/project/.venv/lib/python3.11/site-packages/airflow/example_dags/example_inlet_event_extra.py took 0.351 seconds
[2025-04-07T20:11:57.680+0800] {processor.py:186} INFO - Started process (PID=97548) to work on /Users/ervinyeoh/Desktop/unimods/is3107/project/.venv/lib/python3.11/site-packages/airflow/example_dags/example_inlet_event_extra.py
[2025-04-07T20:11:57.682+0800] {processor.py:914} INFO - Processing file /Users/ervinyeoh/Desktop/unimods/is3107/project/.venv/lib/python3.11/site-packages/airflow/example_dags/example_inlet_event_extra.py for tasks to queue
[2025-04-07T20:11:57.682+0800] {logging_mixin.py:190} INFO - [2025-04-07T20:11:57.682+0800] {dagbag.py:588} INFO - Filling up the DagBag from /Users/ervinyeoh/Desktop/unimods/is3107/project/.venv/lib/python3.11/site-packages/airflow/example_dags/example_inlet_event_extra.py
[2025-04-07T20:11:57.967+0800] {processor.py:925} INFO - DAG(s) 'read_dataset_event_from_classic', 'read_dataset_event' retrieved from /Users/ervinyeoh/Desktop/unimods/is3107/project/.venv/lib/python3.11/site-packages/airflow/example_dags/example_inlet_event_extra.py
[2025-04-07T20:11:58.018+0800] {logging_mixin.py:190} INFO - [2025-04-07T20:11:58.018+0800] {dag.py:3239} INFO - Sync 2 DAGs
[2025-04-07T20:11:58.029+0800] {logging_mixin.py:190} INFO - [2025-04-07T20:11:58.028+0800] {dag.py:4180} INFO - Setting next_dagrun for read_dataset_event to 2025-04-06 00:00:00+00:00, run_after=2025-04-07 00:00:00+00:00
[2025-04-07T20:11:58.031+0800] {logging_mixin.py:190} INFO - [2025-04-07T20:11:58.031+0800] {dag.py:4180} INFO - Setting next_dagrun for read_dataset_event_from_classic to 2025-04-06 00:00:00+00:00, run_after=2025-04-07 00:00:00+00:00
[2025-04-07T20:11:58.040+0800] {processor.py:208} INFO - Processing /Users/ervinyeoh/Desktop/unimods/is3107/project/.venv/lib/python3.11/site-packages/airflow/example_dags/example_inlet_event_extra.py took 0.361 seconds
[2025-04-07T20:15:13.947+0800] {processor.py:186} INFO - Started process (PID=97895) to work on /Users/ervinyeoh/Desktop/unimods/is3107/project/.venv/lib/python3.11/site-packages/airflow/example_dags/example_inlet_event_extra.py
[2025-04-07T20:15:13.949+0800] {processor.py:914} INFO - Processing file /Users/ervinyeoh/Desktop/unimods/is3107/project/.venv/lib/python3.11/site-packages/airflow/example_dags/example_inlet_event_extra.py for tasks to queue
[2025-04-07T20:15:13.949+0800] {logging_mixin.py:190} INFO - [2025-04-07T20:15:13.949+0800] {dagbag.py:588} INFO - Filling up the DagBag from /Users/ervinyeoh/Desktop/unimods/is3107/project/.venv/lib/python3.11/site-packages/airflow/example_dags/example_inlet_event_extra.py
[2025-04-07T20:15:14.226+0800] {processor.py:925} INFO - DAG(s) 'read_dataset_event_from_classic', 'read_dataset_event' retrieved from /Users/ervinyeoh/Desktop/unimods/is3107/project/.venv/lib/python3.11/site-packages/airflow/example_dags/example_inlet_event_extra.py
[2025-04-07T20:15:14.276+0800] {logging_mixin.py:190} INFO - [2025-04-07T20:15:14.275+0800] {dag.py:3239} INFO - Sync 2 DAGs
[2025-04-07T20:15:14.286+0800] {logging_mixin.py:190} INFO - [2025-04-07T20:15:14.286+0800] {dag.py:4180} INFO - Setting next_dagrun for read_dataset_event to 2025-04-06 00:00:00+00:00, run_after=2025-04-07 00:00:00+00:00
[2025-04-07T20:15:14.288+0800] {logging_mixin.py:190} INFO - [2025-04-07T20:15:14.288+0800] {dag.py:4180} INFO - Setting next_dagrun for read_dataset_event_from_classic to 2025-04-06 00:00:00+00:00, run_after=2025-04-07 00:00:00+00:00
[2025-04-07T20:15:14.297+0800] {processor.py:208} INFO - Processing /Users/ervinyeoh/Desktop/unimods/is3107/project/.venv/lib/python3.11/site-packages/airflow/example_dags/example_inlet_event_extra.py took 0.351 seconds
[2025-04-07T20:18:28.416+0800] {processor.py:186} INFO - Started process (PID=98175) to work on /Users/ervinyeoh/Desktop/unimods/is3107/project/.venv/lib/python3.11/site-packages/airflow/example_dags/example_inlet_event_extra.py
[2025-04-07T20:18:28.417+0800] {processor.py:914} INFO - Processing file /Users/ervinyeoh/Desktop/unimods/is3107/project/.venv/lib/python3.11/site-packages/airflow/example_dags/example_inlet_event_extra.py for tasks to queue
[2025-04-07T20:18:28.418+0800] {logging_mixin.py:190} INFO - [2025-04-07T20:18:28.418+0800] {dagbag.py:588} INFO - Filling up the DagBag from /Users/ervinyeoh/Desktop/unimods/is3107/project/.venv/lib/python3.11/site-packages/airflow/example_dags/example_inlet_event_extra.py
[2025-04-07T20:18:28.731+0800] {processor.py:925} INFO - DAG(s) 'read_dataset_event', 'read_dataset_event_from_classic' retrieved from /Users/ervinyeoh/Desktop/unimods/is3107/project/.venv/lib/python3.11/site-packages/airflow/example_dags/example_inlet_event_extra.py
[2025-04-07T20:18:28.781+0800] {logging_mixin.py:190} INFO - [2025-04-07T20:18:28.781+0800] {dag.py:3239} INFO - Sync 2 DAGs
[2025-04-07T20:18:28.792+0800] {logging_mixin.py:190} INFO - [2025-04-07T20:18:28.792+0800] {dag.py:4180} INFO - Setting next_dagrun for read_dataset_event to 2025-04-06 00:00:00+00:00, run_after=2025-04-07 00:00:00+00:00
[2025-04-07T20:18:28.794+0800] {logging_mixin.py:190} INFO - [2025-04-07T20:18:28.794+0800] {dag.py:4180} INFO - Setting next_dagrun for read_dataset_event_from_classic to 2025-04-06 00:00:00+00:00, run_after=2025-04-07 00:00:00+00:00
[2025-04-07T20:18:28.803+0800] {processor.py:208} INFO - Processing /Users/ervinyeoh/Desktop/unimods/is3107/project/.venv/lib/python3.11/site-packages/airflow/example_dags/example_inlet_event_extra.py took 0.388 seconds
[2025-04-07T20:21:50.675+0800] {processor.py:186} INFO - Started process (PID=98409) to work on /Users/ervinyeoh/Desktop/unimods/is3107/project/.venv/lib/python3.11/site-packages/airflow/example_dags/example_inlet_event_extra.py
[2025-04-07T20:21:50.675+0800] {processor.py:914} INFO - Processing file /Users/ervinyeoh/Desktop/unimods/is3107/project/.venv/lib/python3.11/site-packages/airflow/example_dags/example_inlet_event_extra.py for tasks to queue
[2025-04-07T20:21:50.676+0800] {logging_mixin.py:190} INFO - [2025-04-07T20:21:50.676+0800] {dagbag.py:588} INFO - Filling up the DagBag from /Users/ervinyeoh/Desktop/unimods/is3107/project/.venv/lib/python3.11/site-packages/airflow/example_dags/example_inlet_event_extra.py
[2025-04-07T20:21:50.988+0800] {processor.py:925} INFO - DAG(s) 'read_dataset_event', 'read_dataset_event_from_classic' retrieved from /Users/ervinyeoh/Desktop/unimods/is3107/project/.venv/lib/python3.11/site-packages/airflow/example_dags/example_inlet_event_extra.py
[2025-04-07T20:21:51.039+0800] {logging_mixin.py:190} INFO - [2025-04-07T20:21:51.038+0800] {dag.py:3239} INFO - Sync 2 DAGs
[2025-04-07T20:21:51.049+0800] {logging_mixin.py:190} INFO - [2025-04-07T20:21:51.049+0800] {dag.py:4180} INFO - Setting next_dagrun for read_dataset_event to 2025-04-06 00:00:00+00:00, run_after=2025-04-07 00:00:00+00:00
[2025-04-07T20:21:51.052+0800] {logging_mixin.py:190} INFO - [2025-04-07T20:21:51.052+0800] {dag.py:4180} INFO - Setting next_dagrun for read_dataset_event_from_classic to 2025-04-06 00:00:00+00:00, run_after=2025-04-07 00:00:00+00:00
[2025-04-07T20:21:51.061+0800] {processor.py:208} INFO - Processing /Users/ervinyeoh/Desktop/unimods/is3107/project/.venv/lib/python3.11/site-packages/airflow/example_dags/example_inlet_event_extra.py took 0.388 seconds
[2025-04-07T20:25:04.766+0800] {processor.py:186} INFO - Started process (PID=98630) to work on /Users/ervinyeoh/Desktop/unimods/is3107/project/.venv/lib/python3.11/site-packages/airflow/example_dags/example_inlet_event_extra.py
[2025-04-07T20:25:04.767+0800] {processor.py:914} INFO - Processing file /Users/ervinyeoh/Desktop/unimods/is3107/project/.venv/lib/python3.11/site-packages/airflow/example_dags/example_inlet_event_extra.py for tasks to queue
[2025-04-07T20:25:04.768+0800] {logging_mixin.py:190} INFO - [2025-04-07T20:25:04.768+0800] {dagbag.py:588} INFO - Filling up the DagBag from /Users/ervinyeoh/Desktop/unimods/is3107/project/.venv/lib/python3.11/site-packages/airflow/example_dags/example_inlet_event_extra.py
[2025-04-07T20:25:05.008+0800] {processor.py:925} INFO - DAG(s) 'read_dataset_event', 'read_dataset_event_from_classic' retrieved from /Users/ervinyeoh/Desktop/unimods/is3107/project/.venv/lib/python3.11/site-packages/airflow/example_dags/example_inlet_event_extra.py
[2025-04-07T20:25:05.058+0800] {logging_mixin.py:190} INFO - [2025-04-07T20:25:05.057+0800] {dag.py:3239} INFO - Sync 2 DAGs
[2025-04-07T20:25:05.068+0800] {logging_mixin.py:190} INFO - [2025-04-07T20:25:05.068+0800] {dag.py:4180} INFO - Setting next_dagrun for read_dataset_event to 2025-04-06 00:00:00+00:00, run_after=2025-04-07 00:00:00+00:00
[2025-04-07T20:25:05.070+0800] {logging_mixin.py:190} INFO - [2025-04-07T20:25:05.070+0800] {dag.py:4180} INFO - Setting next_dagrun for read_dataset_event_from_classic to 2025-04-06 00:00:00+00:00, run_after=2025-04-07 00:00:00+00:00
[2025-04-07T20:25:05.079+0800] {processor.py:208} INFO - Processing /Users/ervinyeoh/Desktop/unimods/is3107/project/.venv/lib/python3.11/site-packages/airflow/example_dags/example_inlet_event_extra.py took 0.314 seconds
[2025-04-07T20:28:23.311+0800] {processor.py:186} INFO - Started process (PID=98869) to work on /Users/ervinyeoh/Desktop/unimods/is3107/project/.venv/lib/python3.11/site-packages/airflow/example_dags/example_inlet_event_extra.py
[2025-04-07T20:28:23.312+0800] {processor.py:914} INFO - Processing file /Users/ervinyeoh/Desktop/unimods/is3107/project/.venv/lib/python3.11/site-packages/airflow/example_dags/example_inlet_event_extra.py for tasks to queue
[2025-04-07T20:28:23.312+0800] {logging_mixin.py:190} INFO - [2025-04-07T20:28:23.312+0800] {dagbag.py:588} INFO - Filling up the DagBag from /Users/ervinyeoh/Desktop/unimods/is3107/project/.venv/lib/python3.11/site-packages/airflow/example_dags/example_inlet_event_extra.py
[2025-04-07T20:28:23.602+0800] {processor.py:925} INFO - DAG(s) 'read_dataset_event', 'read_dataset_event_from_classic' retrieved from /Users/ervinyeoh/Desktop/unimods/is3107/project/.venv/lib/python3.11/site-packages/airflow/example_dags/example_inlet_event_extra.py
[2025-04-07T20:28:23.651+0800] {logging_mixin.py:190} INFO - [2025-04-07T20:28:23.651+0800] {dag.py:3239} INFO - Sync 2 DAGs
[2025-04-07T20:28:23.662+0800] {logging_mixin.py:190} INFO - [2025-04-07T20:28:23.662+0800] {dag.py:4180} INFO - Setting next_dagrun for read_dataset_event to 2025-04-06 00:00:00+00:00, run_after=2025-04-07 00:00:00+00:00
[2025-04-07T20:28:23.664+0800] {logging_mixin.py:190} INFO - [2025-04-07T20:28:23.664+0800] {dag.py:4180} INFO - Setting next_dagrun for read_dataset_event_from_classic to 2025-04-06 00:00:00+00:00, run_after=2025-04-07 00:00:00+00:00
[2025-04-07T20:28:23.673+0800] {processor.py:208} INFO - Processing /Users/ervinyeoh/Desktop/unimods/is3107/project/.venv/lib/python3.11/site-packages/airflow/example_dags/example_inlet_event_extra.py took 0.364 seconds
[2025-04-07T20:31:43.004+0800] {processor.py:186} INFO - Started process (PID=99091) to work on /Users/ervinyeoh/Desktop/unimods/is3107/project/.venv/lib/python3.11/site-packages/airflow/example_dags/example_inlet_event_extra.py
[2025-04-07T20:31:43.006+0800] {processor.py:914} INFO - Processing file /Users/ervinyeoh/Desktop/unimods/is3107/project/.venv/lib/python3.11/site-packages/airflow/example_dags/example_inlet_event_extra.py for tasks to queue
[2025-04-07T20:31:43.006+0800] {logging_mixin.py:190} INFO - [2025-04-07T20:31:43.006+0800] {dagbag.py:588} INFO - Filling up the DagBag from /Users/ervinyeoh/Desktop/unimods/is3107/project/.venv/lib/python3.11/site-packages/airflow/example_dags/example_inlet_event_extra.py
[2025-04-07T20:31:43.282+0800] {processor.py:925} INFO - DAG(s) 'read_dataset_event', 'read_dataset_event_from_classic' retrieved from /Users/ervinyeoh/Desktop/unimods/is3107/project/.venv/lib/python3.11/site-packages/airflow/example_dags/example_inlet_event_extra.py
[2025-04-07T20:31:43.332+0800] {logging_mixin.py:190} INFO - [2025-04-07T20:31:43.332+0800] {dag.py:3239} INFO - Sync 2 DAGs
[2025-04-07T20:31:43.342+0800] {logging_mixin.py:190} INFO - [2025-04-07T20:31:43.342+0800] {dag.py:4180} INFO - Setting next_dagrun for read_dataset_event to 2025-04-06 00:00:00+00:00, run_after=2025-04-07 00:00:00+00:00
[2025-04-07T20:31:43.345+0800] {logging_mixin.py:190} INFO - [2025-04-07T20:31:43.345+0800] {dag.py:4180} INFO - Setting next_dagrun for read_dataset_event_from_classic to 2025-04-06 00:00:00+00:00, run_after=2025-04-07 00:00:00+00:00
[2025-04-07T20:31:43.353+0800] {processor.py:208} INFO - Processing /Users/ervinyeoh/Desktop/unimods/is3107/project/.venv/lib/python3.11/site-packages/airflow/example_dags/example_inlet_event_extra.py took 0.351 seconds
[2025-04-07T20:34:59.868+0800] {processor.py:186} INFO - Started process (PID=99303) to work on /Users/ervinyeoh/Desktop/unimods/is3107/project/.venv/lib/python3.11/site-packages/airflow/example_dags/example_inlet_event_extra.py
[2025-04-07T20:34:59.869+0800] {processor.py:914} INFO - Processing file /Users/ervinyeoh/Desktop/unimods/is3107/project/.venv/lib/python3.11/site-packages/airflow/example_dags/example_inlet_event_extra.py for tasks to queue
[2025-04-07T20:34:59.870+0800] {logging_mixin.py:190} INFO - [2025-04-07T20:34:59.870+0800] {dagbag.py:588} INFO - Filling up the DagBag from /Users/ervinyeoh/Desktop/unimods/is3107/project/.venv/lib/python3.11/site-packages/airflow/example_dags/example_inlet_event_extra.py
[2025-04-07T20:35:00.173+0800] {processor.py:925} INFO - DAG(s) 'read_dataset_event', 'read_dataset_event_from_classic' retrieved from /Users/ervinyeoh/Desktop/unimods/is3107/project/.venv/lib/python3.11/site-packages/airflow/example_dags/example_inlet_event_extra.py
[2025-04-07T20:35:00.225+0800] {logging_mixin.py:190} INFO - [2025-04-07T20:35:00.224+0800] {dag.py:3239} INFO - Sync 2 DAGs
[2025-04-07T20:35:00.235+0800] {logging_mixin.py:190} INFO - [2025-04-07T20:35:00.235+0800] {dag.py:4180} INFO - Setting next_dagrun for read_dataset_event to 2025-04-06 00:00:00+00:00, run_after=2025-04-07 00:00:00+00:00
[2025-04-07T20:35:00.238+0800] {logging_mixin.py:190} INFO - [2025-04-07T20:35:00.238+0800] {dag.py:4180} INFO - Setting next_dagrun for read_dataset_event_from_classic to 2025-04-06 00:00:00+00:00, run_after=2025-04-07 00:00:00+00:00
[2025-04-07T20:35:00.247+0800] {processor.py:208} INFO - Processing /Users/ervinyeoh/Desktop/unimods/is3107/project/.venv/lib/python3.11/site-packages/airflow/example_dags/example_inlet_event_extra.py took 0.381 seconds
[2025-04-07T20:38:14.511+0800] {processor.py:186} INFO - Started process (PID=99533) to work on /Users/ervinyeoh/Desktop/unimods/is3107/project/.venv/lib/python3.11/site-packages/airflow/example_dags/example_inlet_event_extra.py
[2025-04-07T20:38:14.513+0800] {processor.py:914} INFO - Processing file /Users/ervinyeoh/Desktop/unimods/is3107/project/.venv/lib/python3.11/site-packages/airflow/example_dags/example_inlet_event_extra.py for tasks to queue
[2025-04-07T20:38:14.513+0800] {logging_mixin.py:190} INFO - [2025-04-07T20:38:14.513+0800] {dagbag.py:588} INFO - Filling up the DagBag from /Users/ervinyeoh/Desktop/unimods/is3107/project/.venv/lib/python3.11/site-packages/airflow/example_dags/example_inlet_event_extra.py
[2025-04-07T20:38:14.795+0800] {processor.py:925} INFO - DAG(s) 'read_dataset_event', 'read_dataset_event_from_classic' retrieved from /Users/ervinyeoh/Desktop/unimods/is3107/project/.venv/lib/python3.11/site-packages/airflow/example_dags/example_inlet_event_extra.py
[2025-04-07T20:38:14.845+0800] {logging_mixin.py:190} INFO - [2025-04-07T20:38:14.845+0800] {dag.py:3239} INFO - Sync 2 DAGs
[2025-04-07T20:38:14.856+0800] {logging_mixin.py:190} INFO - [2025-04-07T20:38:14.856+0800] {dag.py:4180} INFO - Setting next_dagrun for read_dataset_event to 2025-04-06 00:00:00+00:00, run_after=2025-04-07 00:00:00+00:00
[2025-04-07T20:38:14.858+0800] {logging_mixin.py:190} INFO - [2025-04-07T20:38:14.858+0800] {dag.py:4180} INFO - Setting next_dagrun for read_dataset_event_from_classic to 2025-04-06 00:00:00+00:00, run_after=2025-04-07 00:00:00+00:00
[2025-04-07T20:38:14.867+0800] {processor.py:208} INFO - Processing /Users/ervinyeoh/Desktop/unimods/is3107/project/.venv/lib/python3.11/site-packages/airflow/example_dags/example_inlet_event_extra.py took 0.357 seconds
[2025-04-07T20:41:33.814+0800] {processor.py:186} INFO - Started process (PID=99776) to work on /Users/ervinyeoh/Desktop/unimods/is3107/project/.venv/lib/python3.11/site-packages/airflow/example_dags/example_inlet_event_extra.py
[2025-04-07T20:41:33.815+0800] {processor.py:914} INFO - Processing file /Users/ervinyeoh/Desktop/unimods/is3107/project/.venv/lib/python3.11/site-packages/airflow/example_dags/example_inlet_event_extra.py for tasks to queue
[2025-04-07T20:41:33.816+0800] {logging_mixin.py:190} INFO - [2025-04-07T20:41:33.815+0800] {dagbag.py:588} INFO - Filling up the DagBag from /Users/ervinyeoh/Desktop/unimods/is3107/project/.venv/lib/python3.11/site-packages/airflow/example_dags/example_inlet_event_extra.py
[2025-04-07T20:41:34.128+0800] {processor.py:925} INFO - DAG(s) 'read_dataset_event_from_classic', 'read_dataset_event' retrieved from /Users/ervinyeoh/Desktop/unimods/is3107/project/.venv/lib/python3.11/site-packages/airflow/example_dags/example_inlet_event_extra.py
[2025-04-07T20:41:34.178+0800] {logging_mixin.py:190} INFO - [2025-04-07T20:41:34.178+0800] {dag.py:3239} INFO - Sync 2 DAGs
[2025-04-07T20:41:34.189+0800] {logging_mixin.py:190} INFO - [2025-04-07T20:41:34.189+0800] {dag.py:4180} INFO - Setting next_dagrun for read_dataset_event to 2025-04-06 00:00:00+00:00, run_after=2025-04-07 00:00:00+00:00
[2025-04-07T20:41:34.192+0800] {logging_mixin.py:190} INFO - [2025-04-07T20:41:34.191+0800] {dag.py:4180} INFO - Setting next_dagrun for read_dataset_event_from_classic to 2025-04-06 00:00:00+00:00, run_after=2025-04-07 00:00:00+00:00
[2025-04-07T20:41:34.200+0800] {processor.py:208} INFO - Processing /Users/ervinyeoh/Desktop/unimods/is3107/project/.venv/lib/python3.11/site-packages/airflow/example_dags/example_inlet_event_extra.py took 0.388 seconds
[2025-04-07T20:50:36.171+0800] {processor.py:186} INFO - Started process (PID=158) to work on /Users/ervinyeoh/Desktop/unimods/is3107/project/.venv/lib/python3.11/site-packages/airflow/example_dags/example_inlet_event_extra.py
[2025-04-07T20:50:36.172+0800] {processor.py:914} INFO - Processing file /Users/ervinyeoh/Desktop/unimods/is3107/project/.venv/lib/python3.11/site-packages/airflow/example_dags/example_inlet_event_extra.py for tasks to queue
[2025-04-07T20:50:36.172+0800] {logging_mixin.py:190} INFO - [2025-04-07T20:50:36.172+0800] {dagbag.py:588} INFO - Filling up the DagBag from /Users/ervinyeoh/Desktop/unimods/is3107/project/.venv/lib/python3.11/site-packages/airflow/example_dags/example_inlet_event_extra.py
[2025-04-07T20:50:36.484+0800] {processor.py:925} INFO - DAG(s) 'read_dataset_event_from_classic', 'read_dataset_event' retrieved from /Users/ervinyeoh/Desktop/unimods/is3107/project/.venv/lib/python3.11/site-packages/airflow/example_dags/example_inlet_event_extra.py
[2025-04-07T20:50:36.534+0800] {logging_mixin.py:190} INFO - [2025-04-07T20:50:36.534+0800] {dag.py:3239} INFO - Sync 2 DAGs
[2025-04-07T20:50:36.561+0800] {logging_mixin.py:190} INFO - [2025-04-07T20:50:36.561+0800] {dag.py:4180} INFO - Setting next_dagrun for read_dataset_event to 2025-04-06 00:00:00+00:00, run_after=2025-04-07 00:00:00+00:00
[2025-04-07T20:50:36.563+0800] {logging_mixin.py:190} INFO - [2025-04-07T20:50:36.563+0800] {dag.py:4180} INFO - Setting next_dagrun for read_dataset_event_from_classic to 2025-04-06 00:00:00+00:00, run_after=2025-04-07 00:00:00+00:00
[2025-04-07T20:50:36.573+0800] {processor.py:208} INFO - Processing /Users/ervinyeoh/Desktop/unimods/is3107/project/.venv/lib/python3.11/site-packages/airflow/example_dags/example_inlet_event_extra.py took 0.404 seconds
[2025-04-07T20:53:55.887+0800] {processor.py:186} INFO - Started process (PID=437) to work on /Users/ervinyeoh/Desktop/unimods/is3107/project/.venv/lib/python3.11/site-packages/airflow/example_dags/example_inlet_event_extra.py
[2025-04-07T20:53:55.888+0800] {processor.py:914} INFO - Processing file /Users/ervinyeoh/Desktop/unimods/is3107/project/.venv/lib/python3.11/site-packages/airflow/example_dags/example_inlet_event_extra.py for tasks to queue
[2025-04-07T20:53:55.889+0800] {logging_mixin.py:190} INFO - [2025-04-07T20:53:55.889+0800] {dagbag.py:588} INFO - Filling up the DagBag from /Users/ervinyeoh/Desktop/unimods/is3107/project/.venv/lib/python3.11/site-packages/airflow/example_dags/example_inlet_event_extra.py
[2025-04-07T20:53:56.165+0800] {processor.py:925} INFO - DAG(s) 'read_dataset_event_from_classic', 'read_dataset_event' retrieved from /Users/ervinyeoh/Desktop/unimods/is3107/project/.venv/lib/python3.11/site-packages/airflow/example_dags/example_inlet_event_extra.py
[2025-04-07T20:53:56.216+0800] {logging_mixin.py:190} INFO - [2025-04-07T20:53:56.216+0800] {dag.py:3239} INFO - Sync 2 DAGs
[2025-04-07T20:53:56.227+0800] {logging_mixin.py:190} INFO - [2025-04-07T20:53:56.227+0800] {dag.py:4180} INFO - Setting next_dagrun for read_dataset_event to 2025-04-06 00:00:00+00:00, run_after=2025-04-07 00:00:00+00:00
[2025-04-07T20:53:56.229+0800] {logging_mixin.py:190} INFO - [2025-04-07T20:53:56.229+0800] {dag.py:4180} INFO - Setting next_dagrun for read_dataset_event_from_classic to 2025-04-06 00:00:00+00:00, run_after=2025-04-07 00:00:00+00:00
[2025-04-07T20:53:56.238+0800] {processor.py:208} INFO - Processing /Users/ervinyeoh/Desktop/unimods/is3107/project/.venv/lib/python3.11/site-packages/airflow/example_dags/example_inlet_event_extra.py took 0.352 seconds
[2025-04-07T20:57:17.623+0800] {processor.py:186} INFO - Started process (PID=751) to work on /Users/ervinyeoh/Desktop/unimods/is3107/project/.venv/lib/python3.11/site-packages/airflow/example_dags/example_inlet_event_extra.py
[2025-04-07T20:57:17.623+0800] {processor.py:914} INFO - Processing file /Users/ervinyeoh/Desktop/unimods/is3107/project/.venv/lib/python3.11/site-packages/airflow/example_dags/example_inlet_event_extra.py for tasks to queue
[2025-04-07T20:57:17.624+0800] {logging_mixin.py:190} INFO - [2025-04-07T20:57:17.624+0800] {dagbag.py:588} INFO - Filling up the DagBag from /Users/ervinyeoh/Desktop/unimods/is3107/project/.venv/lib/python3.11/site-packages/airflow/example_dags/example_inlet_event_extra.py
[2025-04-07T20:57:17.919+0800] {processor.py:925} INFO - DAG(s) 'read_dataset_event', 'read_dataset_event_from_classic' retrieved from /Users/ervinyeoh/Desktop/unimods/is3107/project/.venv/lib/python3.11/site-packages/airflow/example_dags/example_inlet_event_extra.py
[2025-04-07T20:57:17.969+0800] {logging_mixin.py:190} INFO - [2025-04-07T20:57:17.969+0800] {dag.py:3239} INFO - Sync 2 DAGs
[2025-04-07T20:57:17.980+0800] {logging_mixin.py:190} INFO - [2025-04-07T20:57:17.980+0800] {dag.py:4180} INFO - Setting next_dagrun for read_dataset_event to 2025-04-06 00:00:00+00:00, run_after=2025-04-07 00:00:00+00:00
[2025-04-07T20:57:17.982+0800] {logging_mixin.py:190} INFO - [2025-04-07T20:57:17.982+0800] {dag.py:4180} INFO - Setting next_dagrun for read_dataset_event_from_classic to 2025-04-06 00:00:00+00:00, run_after=2025-04-07 00:00:00+00:00
[2025-04-07T20:57:17.991+0800] {processor.py:208} INFO - Processing /Users/ervinyeoh/Desktop/unimods/is3107/project/.venv/lib/python3.11/site-packages/airflow/example_dags/example_inlet_event_extra.py took 0.370 seconds
[2025-04-07T21:00:38.472+0800] {processor.py:186} INFO - Started process (PID=1028) to work on /Users/ervinyeoh/Desktop/unimods/is3107/project/.venv/lib/python3.11/site-packages/airflow/example_dags/example_inlet_event_extra.py
[2025-04-07T21:00:38.473+0800] {processor.py:914} INFO - Processing file /Users/ervinyeoh/Desktop/unimods/is3107/project/.venv/lib/python3.11/site-packages/airflow/example_dags/example_inlet_event_extra.py for tasks to queue
[2025-04-07T21:00:38.474+0800] {logging_mixin.py:190} INFO - [2025-04-07T21:00:38.474+0800] {dagbag.py:588} INFO - Filling up the DagBag from /Users/ervinyeoh/Desktop/unimods/is3107/project/.venv/lib/python3.11/site-packages/airflow/example_dags/example_inlet_event_extra.py
[2025-04-07T21:00:38.809+0800] {processor.py:925} INFO - DAG(s) 'read_dataset_event', 'read_dataset_event_from_classic' retrieved from /Users/ervinyeoh/Desktop/unimods/is3107/project/.venv/lib/python3.11/site-packages/airflow/example_dags/example_inlet_event_extra.py
[2025-04-07T21:00:38.863+0800] {logging_mixin.py:190} INFO - [2025-04-07T21:00:38.863+0800] {dag.py:3239} INFO - Sync 2 DAGs
[2025-04-07T21:00:38.875+0800] {logging_mixin.py:190} INFO - [2025-04-07T21:00:38.875+0800] {dag.py:4180} INFO - Setting next_dagrun for read_dataset_event to 2025-04-06 00:00:00+00:00, run_after=2025-04-07 00:00:00+00:00
[2025-04-07T21:00:38.878+0800] {logging_mixin.py:190} INFO - [2025-04-07T21:00:38.878+0800] {dag.py:4180} INFO - Setting next_dagrun for read_dataset_event_from_classic to 2025-04-06 00:00:00+00:00, run_after=2025-04-07 00:00:00+00:00
[2025-04-07T21:00:38.887+0800] {processor.py:208} INFO - Processing /Users/ervinyeoh/Desktop/unimods/is3107/project/.venv/lib/python3.11/site-packages/airflow/example_dags/example_inlet_event_extra.py took 0.417 seconds
[2025-04-07T21:04:02.921+0800] {processor.py:186} INFO - Started process (PID=1256) to work on /Users/ervinyeoh/Desktop/unimods/is3107/project/.venv/lib/python3.11/site-packages/airflow/example_dags/example_inlet_event_extra.py
[2025-04-07T21:04:02.922+0800] {processor.py:914} INFO - Processing file /Users/ervinyeoh/Desktop/unimods/is3107/project/.venv/lib/python3.11/site-packages/airflow/example_dags/example_inlet_event_extra.py for tasks to queue
[2025-04-07T21:04:02.923+0800] {logging_mixin.py:190} INFO - [2025-04-07T21:04:02.923+0800] {dagbag.py:588} INFO - Filling up the DagBag from /Users/ervinyeoh/Desktop/unimods/is3107/project/.venv/lib/python3.11/site-packages/airflow/example_dags/example_inlet_event_extra.py
[2025-04-07T21:04:03.239+0800] {processor.py:925} INFO - DAG(s) 'read_dataset_event_from_classic', 'read_dataset_event' retrieved from /Users/ervinyeoh/Desktop/unimods/is3107/project/.venv/lib/python3.11/site-packages/airflow/example_dags/example_inlet_event_extra.py
[2025-04-07T21:04:03.289+0800] {logging_mixin.py:190} INFO - [2025-04-07T21:04:03.289+0800] {dag.py:3239} INFO - Sync 2 DAGs
[2025-04-07T21:04:03.300+0800] {logging_mixin.py:190} INFO - [2025-04-07T21:04:03.300+0800] {dag.py:4180} INFO - Setting next_dagrun for read_dataset_event to 2025-04-06 00:00:00+00:00, run_after=2025-04-07 00:00:00+00:00
[2025-04-07T21:04:03.302+0800] {logging_mixin.py:190} INFO - [2025-04-07T21:04:03.302+0800] {dag.py:4180} INFO - Setting next_dagrun for read_dataset_event_from_classic to 2025-04-06 00:00:00+00:00, run_after=2025-04-07 00:00:00+00:00
[2025-04-07T21:04:03.311+0800] {processor.py:208} INFO - Processing /Users/ervinyeoh/Desktop/unimods/is3107/project/.venv/lib/python3.11/site-packages/airflow/example_dags/example_inlet_event_extra.py took 0.392 seconds
[2025-04-07T21:07:24.444+0800] {processor.py:186} INFO - Started process (PID=1476) to work on /Users/ervinyeoh/Desktop/unimods/is3107/project/.venv/lib/python3.11/site-packages/airflow/example_dags/example_inlet_event_extra.py
[2025-04-07T21:07:24.446+0800] {processor.py:914} INFO - Processing file /Users/ervinyeoh/Desktop/unimods/is3107/project/.venv/lib/python3.11/site-packages/airflow/example_dags/example_inlet_event_extra.py for tasks to queue
[2025-04-07T21:07:24.446+0800] {logging_mixin.py:190} INFO - [2025-04-07T21:07:24.446+0800] {dagbag.py:588} INFO - Filling up the DagBag from /Users/ervinyeoh/Desktop/unimods/is3107/project/.venv/lib/python3.11/site-packages/airflow/example_dags/example_inlet_event_extra.py
[2025-04-07T21:07:24.687+0800] {processor.py:925} INFO - DAG(s) 'read_dataset_event', 'read_dataset_event_from_classic' retrieved from /Users/ervinyeoh/Desktop/unimods/is3107/project/.venv/lib/python3.11/site-packages/airflow/example_dags/example_inlet_event_extra.py
[2025-04-07T21:07:24.738+0800] {logging_mixin.py:190} INFO - [2025-04-07T21:07:24.738+0800] {dag.py:3239} INFO - Sync 2 DAGs
[2025-04-07T21:07:24.748+0800] {logging_mixin.py:190} INFO - [2025-04-07T21:07:24.748+0800] {dag.py:4180} INFO - Setting next_dagrun for read_dataset_event to 2025-04-06 00:00:00+00:00, run_after=2025-04-07 00:00:00+00:00
[2025-04-07T21:07:24.751+0800] {logging_mixin.py:190} INFO - [2025-04-07T21:07:24.751+0800] {dag.py:4180} INFO - Setting next_dagrun for read_dataset_event_from_classic to 2025-04-06 00:00:00+00:00, run_after=2025-04-07 00:00:00+00:00
[2025-04-07T21:07:24.759+0800] {processor.py:208} INFO - Processing /Users/ervinyeoh/Desktop/unimods/is3107/project/.venv/lib/python3.11/site-packages/airflow/example_dags/example_inlet_event_extra.py took 0.317 seconds
[2025-04-07T21:10:45.385+0800] {processor.py:186} INFO - Started process (PID=1697) to work on /Users/ervinyeoh/Desktop/unimods/is3107/project/.venv/lib/python3.11/site-packages/airflow/example_dags/example_inlet_event_extra.py
[2025-04-07T21:10:45.386+0800] {processor.py:914} INFO - Processing file /Users/ervinyeoh/Desktop/unimods/is3107/project/.venv/lib/python3.11/site-packages/airflow/example_dags/example_inlet_event_extra.py for tasks to queue
[2025-04-07T21:10:45.387+0800] {logging_mixin.py:190} INFO - [2025-04-07T21:10:45.387+0800] {dagbag.py:588} INFO - Filling up the DagBag from /Users/ervinyeoh/Desktop/unimods/is3107/project/.venv/lib/python3.11/site-packages/airflow/example_dags/example_inlet_event_extra.py
[2025-04-07T21:10:45.630+0800] {processor.py:925} INFO - DAG(s) 'read_dataset_event', 'read_dataset_event_from_classic' retrieved from /Users/ervinyeoh/Desktop/unimods/is3107/project/.venv/lib/python3.11/site-packages/airflow/example_dags/example_inlet_event_extra.py
[2025-04-07T21:10:45.683+0800] {logging_mixin.py:190} INFO - [2025-04-07T21:10:45.683+0800] {dag.py:3239} INFO - Sync 2 DAGs
[2025-04-07T21:10:45.694+0800] {logging_mixin.py:190} INFO - [2025-04-07T21:10:45.694+0800] {dag.py:4180} INFO - Setting next_dagrun for read_dataset_event to 2025-04-06 00:00:00+00:00, run_after=2025-04-07 00:00:00+00:00
[2025-04-07T21:10:45.696+0800] {logging_mixin.py:190} INFO - [2025-04-07T21:10:45.696+0800] {dag.py:4180} INFO - Setting next_dagrun for read_dataset_event_from_classic to 2025-04-06 00:00:00+00:00, run_after=2025-04-07 00:00:00+00:00
[2025-04-07T21:10:45.706+0800] {processor.py:208} INFO - Processing /Users/ervinyeoh/Desktop/unimods/is3107/project/.venv/lib/python3.11/site-packages/airflow/example_dags/example_inlet_event_extra.py took 0.322 seconds
[2025-04-07T21:14:07.661+0800] {processor.py:186} INFO - Started process (PID=1928) to work on /Users/ervinyeoh/Desktop/unimods/is3107/project/.venv/lib/python3.11/site-packages/airflow/example_dags/example_inlet_event_extra.py
[2025-04-07T21:14:07.662+0800] {processor.py:914} INFO - Processing file /Users/ervinyeoh/Desktop/unimods/is3107/project/.venv/lib/python3.11/site-packages/airflow/example_dags/example_inlet_event_extra.py for tasks to queue
[2025-04-07T21:14:07.663+0800] {logging_mixin.py:190} INFO - [2025-04-07T21:14:07.663+0800] {dagbag.py:588} INFO - Filling up the DagBag from /Users/ervinyeoh/Desktop/unimods/is3107/project/.venv/lib/python3.11/site-packages/airflow/example_dags/example_inlet_event_extra.py
[2025-04-07T21:14:07.939+0800] {processor.py:925} INFO - DAG(s) 'read_dataset_event_from_classic', 'read_dataset_event' retrieved from /Users/ervinyeoh/Desktop/unimods/is3107/project/.venv/lib/python3.11/site-packages/airflow/example_dags/example_inlet_event_extra.py
[2025-04-07T21:14:07.989+0800] {logging_mixin.py:190} INFO - [2025-04-07T21:14:07.989+0800] {dag.py:3239} INFO - Sync 2 DAGs
[2025-04-07T21:14:07.999+0800] {logging_mixin.py:190} INFO - [2025-04-07T21:14:07.999+0800] {dag.py:4180} INFO - Setting next_dagrun for read_dataset_event to 2025-04-06 00:00:00+00:00, run_after=2025-04-07 00:00:00+00:00
[2025-04-07T21:14:08.002+0800] {logging_mixin.py:190} INFO - [2025-04-07T21:14:08.002+0800] {dag.py:4180} INFO - Setting next_dagrun for read_dataset_event_from_classic to 2025-04-06 00:00:00+00:00, run_after=2025-04-07 00:00:00+00:00
[2025-04-07T21:14:08.010+0800] {processor.py:208} INFO - Processing /Users/ervinyeoh/Desktop/unimods/is3107/project/.venv/lib/python3.11/site-packages/airflow/example_dags/example_inlet_event_extra.py took 0.351 seconds
[2025-04-07T21:17:29.240+0800] {processor.py:186} INFO - Started process (PID=2145) to work on /Users/ervinyeoh/Desktop/unimods/is3107/project/.venv/lib/python3.11/site-packages/airflow/example_dags/example_inlet_event_extra.py
[2025-04-07T21:17:29.241+0800] {processor.py:914} INFO - Processing file /Users/ervinyeoh/Desktop/unimods/is3107/project/.venv/lib/python3.11/site-packages/airflow/example_dags/example_inlet_event_extra.py for tasks to queue
[2025-04-07T21:17:29.242+0800] {logging_mixin.py:190} INFO - [2025-04-07T21:17:29.242+0800] {dagbag.py:588} INFO - Filling up the DagBag from /Users/ervinyeoh/Desktop/unimods/is3107/project/.venv/lib/python3.11/site-packages/airflow/example_dags/example_inlet_event_extra.py
[2025-04-07T21:17:29.567+0800] {processor.py:925} INFO - DAG(s) 'read_dataset_event_from_classic', 'read_dataset_event' retrieved from /Users/ervinyeoh/Desktop/unimods/is3107/project/.venv/lib/python3.11/site-packages/airflow/example_dags/example_inlet_event_extra.py
[2025-04-07T21:17:29.618+0800] {logging_mixin.py:190} INFO - [2025-04-07T21:17:29.618+0800] {dag.py:3239} INFO - Sync 2 DAGs
[2025-04-07T21:17:29.629+0800] {logging_mixin.py:190} INFO - [2025-04-07T21:17:29.629+0800] {dag.py:4180} INFO - Setting next_dagrun for read_dataset_event to 2025-04-06 00:00:00+00:00, run_after=2025-04-07 00:00:00+00:00
[2025-04-07T21:17:29.633+0800] {logging_mixin.py:190} INFO - [2025-04-07T21:17:29.632+0800] {dag.py:4180} INFO - Setting next_dagrun for read_dataset_event_from_classic to 2025-04-06 00:00:00+00:00, run_after=2025-04-07 00:00:00+00:00
[2025-04-07T21:17:29.641+0800] {processor.py:208} INFO - Processing /Users/ervinyeoh/Desktop/unimods/is3107/project/.venv/lib/python3.11/site-packages/airflow/example_dags/example_inlet_event_extra.py took 0.403 seconds
[2025-04-07T21:20:51.323+0800] {processor.py:186} INFO - Started process (PID=2392) to work on /Users/ervinyeoh/Desktop/unimods/is3107/project/.venv/lib/python3.11/site-packages/airflow/example_dags/example_inlet_event_extra.py
[2025-04-07T21:20:51.324+0800] {processor.py:914} INFO - Processing file /Users/ervinyeoh/Desktop/unimods/is3107/project/.venv/lib/python3.11/site-packages/airflow/example_dags/example_inlet_event_extra.py for tasks to queue
[2025-04-07T21:20:51.325+0800] {logging_mixin.py:190} INFO - [2025-04-07T21:20:51.325+0800] {dagbag.py:588} INFO - Filling up the DagBag from /Users/ervinyeoh/Desktop/unimods/is3107/project/.venv/lib/python3.11/site-packages/airflow/example_dags/example_inlet_event_extra.py
[2025-04-07T21:20:51.634+0800] {processor.py:925} INFO - DAG(s) 'read_dataset_event_from_classic', 'read_dataset_event' retrieved from /Users/ervinyeoh/Desktop/unimods/is3107/project/.venv/lib/python3.11/site-packages/airflow/example_dags/example_inlet_event_extra.py
[2025-04-07T21:20:51.684+0800] {logging_mixin.py:190} INFO - [2025-04-07T21:20:51.684+0800] {dag.py:3239} INFO - Sync 2 DAGs
[2025-04-07T21:20:51.695+0800] {logging_mixin.py:190} INFO - [2025-04-07T21:20:51.694+0800] {dag.py:4180} INFO - Setting next_dagrun for read_dataset_event to 2025-04-06 00:00:00+00:00, run_after=2025-04-07 00:00:00+00:00
[2025-04-07T21:20:51.697+0800] {logging_mixin.py:190} INFO - [2025-04-07T21:20:51.697+0800] {dag.py:4180} INFO - Setting next_dagrun for read_dataset_event_from_classic to 2025-04-06 00:00:00+00:00, run_after=2025-04-07 00:00:00+00:00
[2025-04-07T21:20:51.705+0800] {processor.py:208} INFO - Processing /Users/ervinyeoh/Desktop/unimods/is3107/project/.venv/lib/python3.11/site-packages/airflow/example_dags/example_inlet_event_extra.py took 0.385 seconds
[2025-04-07T21:40:28.653+0800] {processor.py:186} INFO - Started process (PID=2720) to work on /Users/ervinyeoh/Desktop/unimods/is3107/project/.venv/lib/python3.11/site-packages/airflow/example_dags/example_inlet_event_extra.py
[2025-04-07T21:40:28.654+0800] {processor.py:914} INFO - Processing file /Users/ervinyeoh/Desktop/unimods/is3107/project/.venv/lib/python3.11/site-packages/airflow/example_dags/example_inlet_event_extra.py for tasks to queue
[2025-04-07T21:40:28.655+0800] {logging_mixin.py:190} INFO - [2025-04-07T21:40:28.654+0800] {dagbag.py:588} INFO - Filling up the DagBag from /Users/ervinyeoh/Desktop/unimods/is3107/project/.venv/lib/python3.11/site-packages/airflow/example_dags/example_inlet_event_extra.py
[2025-04-07T21:40:28.961+0800] {processor.py:925} INFO - DAG(s) 'read_dataset_event', 'read_dataset_event_from_classic' retrieved from /Users/ervinyeoh/Desktop/unimods/is3107/project/.venv/lib/python3.11/site-packages/airflow/example_dags/example_inlet_event_extra.py
[2025-04-07T21:40:29.011+0800] {logging_mixin.py:190} INFO - [2025-04-07T21:40:29.011+0800] {dag.py:3239} INFO - Sync 2 DAGs
[2025-04-07T21:40:29.022+0800] {logging_mixin.py:190} INFO - [2025-04-07T21:40:29.022+0800] {dag.py:4180} INFO - Setting next_dagrun for read_dataset_event to 2025-04-06 00:00:00+00:00, run_after=2025-04-07 00:00:00+00:00
[2025-04-07T21:40:29.024+0800] {logging_mixin.py:190} INFO - [2025-04-07T21:40:29.024+0800] {dag.py:4180} INFO - Setting next_dagrun for read_dataset_event_from_classic to 2025-04-06 00:00:00+00:00, run_after=2025-04-07 00:00:00+00:00
[2025-04-07T21:40:29.033+0800] {processor.py:208} INFO - Processing /Users/ervinyeoh/Desktop/unimods/is3107/project/.venv/lib/python3.11/site-packages/airflow/example_dags/example_inlet_event_extra.py took 0.381 seconds
[2025-04-07T23:33:45.139+0800] {processor.py:186} INFO - Started process (PID=3025) to work on /Users/ervinyeoh/Desktop/unimods/is3107/project/.venv/lib/python3.11/site-packages/airflow/example_dags/example_inlet_event_extra.py
[2025-04-07T23:33:45.141+0800] {processor.py:914} INFO - Processing file /Users/ervinyeoh/Desktop/unimods/is3107/project/.venv/lib/python3.11/site-packages/airflow/example_dags/example_inlet_event_extra.py for tasks to queue
[2025-04-07T23:33:45.141+0800] {logging_mixin.py:190} INFO - [2025-04-07T23:33:45.141+0800] {dagbag.py:588} INFO - Filling up the DagBag from /Users/ervinyeoh/Desktop/unimods/is3107/project/.venv/lib/python3.11/site-packages/airflow/example_dags/example_inlet_event_extra.py
[2025-04-07T23:33:45.425+0800] {processor.py:925} INFO - DAG(s) 'read_dataset_event', 'read_dataset_event_from_classic' retrieved from /Users/ervinyeoh/Desktop/unimods/is3107/project/.venv/lib/python3.11/site-packages/airflow/example_dags/example_inlet_event_extra.py
[2025-04-07T23:33:45.476+0800] {logging_mixin.py:190} INFO - [2025-04-07T23:33:45.476+0800] {dag.py:3239} INFO - Sync 2 DAGs
[2025-04-07T23:33:45.487+0800] {logging_mixin.py:190} INFO - [2025-04-07T23:33:45.486+0800] {dag.py:4180} INFO - Setting next_dagrun for read_dataset_event to 2025-04-06 00:00:00+00:00, run_after=2025-04-07 00:00:00+00:00
[2025-04-07T23:33:45.489+0800] {logging_mixin.py:190} INFO - [2025-04-07T23:33:45.489+0800] {dag.py:4180} INFO - Setting next_dagrun for read_dataset_event_from_classic to 2025-04-06 00:00:00+00:00, run_after=2025-04-07 00:00:00+00:00
[2025-04-07T23:33:45.498+0800] {processor.py:208} INFO - Processing /Users/ervinyeoh/Desktop/unimods/is3107/project/.venv/lib/python3.11/site-packages/airflow/example_dags/example_inlet_event_extra.py took 0.360 seconds
[2025-04-07T23:35:49.290+0800] {processor.py:186} INFO - Started process (PID=3167) to work on /Users/ervinyeoh/Desktop/unimods/is3107/project/.venv/lib/python3.11/site-packages/airflow/example_dags/example_inlet_event_extra.py
[2025-04-07T23:35:49.291+0800] {processor.py:914} INFO - Processing file /Users/ervinyeoh/Desktop/unimods/is3107/project/.venv/lib/python3.11/site-packages/airflow/example_dags/example_inlet_event_extra.py for tasks to queue
[2025-04-07T23:35:49.292+0800] {logging_mixin.py:190} INFO - [2025-04-07T23:35:49.292+0800] {dagbag.py:588} INFO - Filling up the DagBag from /Users/ervinyeoh/Desktop/unimods/is3107/project/.venv/lib/python3.11/site-packages/airflow/example_dags/example_inlet_event_extra.py
[2025-04-07T23:35:49.525+0800] {processor.py:925} INFO - DAG(s) 'read_dataset_event_from_classic', 'read_dataset_event' retrieved from /Users/ervinyeoh/Desktop/unimods/is3107/project/.venv/lib/python3.11/site-packages/airflow/example_dags/example_inlet_event_extra.py
[2025-04-07T23:35:49.576+0800] {logging_mixin.py:190} INFO - [2025-04-07T23:35:49.575+0800] {dag.py:3239} INFO - Sync 2 DAGs
[2025-04-07T23:35:49.586+0800] {logging_mixin.py:190} INFO - [2025-04-07T23:35:49.586+0800] {dag.py:4180} INFO - Setting next_dagrun for read_dataset_event to 2025-04-06 00:00:00+00:00, run_after=2025-04-07 00:00:00+00:00
[2025-04-07T23:35:49.588+0800] {logging_mixin.py:190} INFO - [2025-04-07T23:35:49.588+0800] {dag.py:4180} INFO - Setting next_dagrun for read_dataset_event_from_classic to 2025-04-06 00:00:00+00:00, run_after=2025-04-07 00:00:00+00:00
[2025-04-07T23:35:49.597+0800] {processor.py:208} INFO - Processing /Users/ervinyeoh/Desktop/unimods/is3107/project/.venv/lib/python3.11/site-packages/airflow/example_dags/example_inlet_event_extra.py took 0.309 seconds
[2025-04-07T23:39:07.699+0800] {processor.py:186} INFO - Started process (PID=3383) to work on /Users/ervinyeoh/Desktop/unimods/is3107/project/.venv/lib/python3.11/site-packages/airflow/example_dags/example_inlet_event_extra.py
[2025-04-07T23:39:07.700+0800] {processor.py:914} INFO - Processing file /Users/ervinyeoh/Desktop/unimods/is3107/project/.venv/lib/python3.11/site-packages/airflow/example_dags/example_inlet_event_extra.py for tasks to queue
[2025-04-07T23:39:07.701+0800] {logging_mixin.py:190} INFO - [2025-04-07T23:39:07.701+0800] {dagbag.py:588} INFO - Filling up the DagBag from /Users/ervinyeoh/Desktop/unimods/is3107/project/.venv/lib/python3.11/site-packages/airflow/example_dags/example_inlet_event_extra.py
[2025-04-07T23:39:07.978+0800] {processor.py:925} INFO - DAG(s) 'read_dataset_event', 'read_dataset_event_from_classic' retrieved from /Users/ervinyeoh/Desktop/unimods/is3107/project/.venv/lib/python3.11/site-packages/airflow/example_dags/example_inlet_event_extra.py
[2025-04-07T23:39:08.029+0800] {logging_mixin.py:190} INFO - [2025-04-07T23:39:08.029+0800] {dag.py:3239} INFO - Sync 2 DAGs
[2025-04-07T23:39:08.039+0800] {logging_mixin.py:190} INFO - [2025-04-07T23:39:08.039+0800] {dag.py:4180} INFO - Setting next_dagrun for read_dataset_event to 2025-04-06 00:00:00+00:00, run_after=2025-04-07 00:00:00+00:00
[2025-04-07T23:39:08.042+0800] {logging_mixin.py:190} INFO - [2025-04-07T23:39:08.042+0800] {dag.py:4180} INFO - Setting next_dagrun for read_dataset_event_from_classic to 2025-04-06 00:00:00+00:00, run_after=2025-04-07 00:00:00+00:00
[2025-04-07T23:39:08.051+0800] {processor.py:208} INFO - Processing /Users/ervinyeoh/Desktop/unimods/is3107/project/.venv/lib/python3.11/site-packages/airflow/example_dags/example_inlet_event_extra.py took 0.354 seconds
[2025-04-07T23:42:26.040+0800] {processor.py:186} INFO - Started process (PID=3654) to work on /Users/ervinyeoh/Desktop/unimods/is3107/project/.venv/lib/python3.11/site-packages/airflow/example_dags/example_inlet_event_extra.py
[2025-04-07T23:42:26.041+0800] {processor.py:914} INFO - Processing file /Users/ervinyeoh/Desktop/unimods/is3107/project/.venv/lib/python3.11/site-packages/airflow/example_dags/example_inlet_event_extra.py for tasks to queue
[2025-04-07T23:42:26.041+0800] {logging_mixin.py:190} INFO - [2025-04-07T23:42:26.041+0800] {dagbag.py:588} INFO - Filling up the DagBag from /Users/ervinyeoh/Desktop/unimods/is3107/project/.venv/lib/python3.11/site-packages/airflow/example_dags/example_inlet_event_extra.py
[2025-04-07T23:42:26.354+0800] {processor.py:925} INFO - DAG(s) 'read_dataset_event', 'read_dataset_event_from_classic' retrieved from /Users/ervinyeoh/Desktop/unimods/is3107/project/.venv/lib/python3.11/site-packages/airflow/example_dags/example_inlet_event_extra.py
[2025-04-07T23:42:26.407+0800] {logging_mixin.py:190} INFO - [2025-04-07T23:42:26.406+0800] {dag.py:3239} INFO - Sync 2 DAGs
[2025-04-07T23:42:26.418+0800] {logging_mixin.py:190} INFO - [2025-04-07T23:42:26.417+0800] {dag.py:4180} INFO - Setting next_dagrun for read_dataset_event to 2025-04-06 00:00:00+00:00, run_after=2025-04-07 00:00:00+00:00
[2025-04-07T23:42:26.420+0800] {logging_mixin.py:190} INFO - [2025-04-07T23:42:26.420+0800] {dag.py:4180} INFO - Setting next_dagrun for read_dataset_event_from_classic to 2025-04-06 00:00:00+00:00, run_after=2025-04-07 00:00:00+00:00
[2025-04-07T23:42:26.429+0800] {processor.py:208} INFO - Processing /Users/ervinyeoh/Desktop/unimods/is3107/project/.venv/lib/python3.11/site-packages/airflow/example_dags/example_inlet_event_extra.py took 0.391 seconds
[2025-04-07T23:45:42.304+0800] {processor.py:186} INFO - Started process (PID=3909) to work on /Users/ervinyeoh/Desktop/unimods/is3107/project/.venv/lib/python3.11/site-packages/airflow/example_dags/example_inlet_event_extra.py
[2025-04-07T23:45:42.305+0800] {processor.py:914} INFO - Processing file /Users/ervinyeoh/Desktop/unimods/is3107/project/.venv/lib/python3.11/site-packages/airflow/example_dags/example_inlet_event_extra.py for tasks to queue
[2025-04-07T23:45:42.306+0800] {logging_mixin.py:190} INFO - [2025-04-07T23:45:42.306+0800] {dagbag.py:588} INFO - Filling up the DagBag from /Users/ervinyeoh/Desktop/unimods/is3107/project/.venv/lib/python3.11/site-packages/airflow/example_dags/example_inlet_event_extra.py
[2025-04-07T23:45:42.538+0800] {processor.py:925} INFO - DAG(s) 'read_dataset_event', 'read_dataset_event_from_classic' retrieved from /Users/ervinyeoh/Desktop/unimods/is3107/project/.venv/lib/python3.11/site-packages/airflow/example_dags/example_inlet_event_extra.py
[2025-04-07T23:45:42.589+0800] {logging_mixin.py:190} INFO - [2025-04-07T23:45:42.589+0800] {dag.py:3239} INFO - Sync 2 DAGs
[2025-04-07T23:45:42.599+0800] {logging_mixin.py:190} INFO - [2025-04-07T23:45:42.599+0800] {dag.py:4180} INFO - Setting next_dagrun for read_dataset_event to 2025-04-06 00:00:00+00:00, run_after=2025-04-07 00:00:00+00:00
[2025-04-07T23:45:42.601+0800] {logging_mixin.py:190} INFO - [2025-04-07T23:45:42.601+0800] {dag.py:4180} INFO - Setting next_dagrun for read_dataset_event_from_classic to 2025-04-06 00:00:00+00:00, run_after=2025-04-07 00:00:00+00:00
[2025-04-07T23:45:42.610+0800] {processor.py:208} INFO - Processing /Users/ervinyeoh/Desktop/unimods/is3107/project/.venv/lib/python3.11/site-packages/airflow/example_dags/example_inlet_event_extra.py took 0.308 seconds
[2025-04-07T23:48:58.471+0800] {processor.py:186} INFO - Started process (PID=4128) to work on /Users/ervinyeoh/Desktop/unimods/is3107/project/.venv/lib/python3.11/site-packages/airflow/example_dags/example_inlet_event_extra.py
[2025-04-07T23:48:58.472+0800] {processor.py:914} INFO - Processing file /Users/ervinyeoh/Desktop/unimods/is3107/project/.venv/lib/python3.11/site-packages/airflow/example_dags/example_inlet_event_extra.py for tasks to queue
[2025-04-07T23:48:58.473+0800] {logging_mixin.py:190} INFO - [2025-04-07T23:48:58.473+0800] {dagbag.py:588} INFO - Filling up the DagBag from /Users/ervinyeoh/Desktop/unimods/is3107/project/.venv/lib/python3.11/site-packages/airflow/example_dags/example_inlet_event_extra.py
[2025-04-07T23:48:58.707+0800] {processor.py:925} INFO - DAG(s) 'read_dataset_event_from_classic', 'read_dataset_event' retrieved from /Users/ervinyeoh/Desktop/unimods/is3107/project/.venv/lib/python3.11/site-packages/airflow/example_dags/example_inlet_event_extra.py
[2025-04-07T23:48:58.758+0800] {logging_mixin.py:190} INFO - [2025-04-07T23:48:58.758+0800] {dag.py:3239} INFO - Sync 2 DAGs
[2025-04-07T23:48:58.768+0800] {logging_mixin.py:190} INFO - [2025-04-07T23:48:58.768+0800] {dag.py:4180} INFO - Setting next_dagrun for read_dataset_event to 2025-04-06 00:00:00+00:00, run_after=2025-04-07 00:00:00+00:00
[2025-04-07T23:48:58.770+0800] {logging_mixin.py:190} INFO - [2025-04-07T23:48:58.770+0800] {dag.py:4180} INFO - Setting next_dagrun for read_dataset_event_from_classic to 2025-04-06 00:00:00+00:00, run_after=2025-04-07 00:00:00+00:00
[2025-04-07T23:48:58.779+0800] {processor.py:208} INFO - Processing /Users/ervinyeoh/Desktop/unimods/is3107/project/.venv/lib/python3.11/site-packages/airflow/example_dags/example_inlet_event_extra.py took 0.310 seconds
[2025-04-07T23:52:11.028+0800] {processor.py:186} INFO - Started process (PID=4352) to work on /Users/ervinyeoh/Desktop/unimods/is3107/project/.venv/lib/python3.11/site-packages/airflow/example_dags/example_inlet_event_extra.py
[2025-04-07T23:52:11.029+0800] {processor.py:914} INFO - Processing file /Users/ervinyeoh/Desktop/unimods/is3107/project/.venv/lib/python3.11/site-packages/airflow/example_dags/example_inlet_event_extra.py for tasks to queue
[2025-04-07T23:52:11.030+0800] {logging_mixin.py:190} INFO - [2025-04-07T23:52:11.030+0800] {dagbag.py:588} INFO - Filling up the DagBag from /Users/ervinyeoh/Desktop/unimods/is3107/project/.venv/lib/python3.11/site-packages/airflow/example_dags/example_inlet_event_extra.py
[2025-04-07T23:52:11.263+0800] {processor.py:925} INFO - DAG(s) 'read_dataset_event', 'read_dataset_event_from_classic' retrieved from /Users/ervinyeoh/Desktop/unimods/is3107/project/.venv/lib/python3.11/site-packages/airflow/example_dags/example_inlet_event_extra.py
[2025-04-07T23:52:11.313+0800] {logging_mixin.py:190} INFO - [2025-04-07T23:52:11.313+0800] {dag.py:3239} INFO - Sync 2 DAGs
[2025-04-07T23:52:11.324+0800] {logging_mixin.py:190} INFO - [2025-04-07T23:52:11.324+0800] {dag.py:4180} INFO - Setting next_dagrun for read_dataset_event to 2025-04-06 00:00:00+00:00, run_after=2025-04-07 00:00:00+00:00
[2025-04-07T23:52:11.326+0800] {logging_mixin.py:190} INFO - [2025-04-07T23:52:11.326+0800] {dag.py:4180} INFO - Setting next_dagrun for read_dataset_event_from_classic to 2025-04-06 00:00:00+00:00, run_after=2025-04-07 00:00:00+00:00
[2025-04-07T23:52:11.334+0800] {processor.py:208} INFO - Processing /Users/ervinyeoh/Desktop/unimods/is3107/project/.venv/lib/python3.11/site-packages/airflow/example_dags/example_inlet_event_extra.py took 0.308 seconds
[2025-04-07T23:55:26.991+0800] {processor.py:186} INFO - Started process (PID=4567) to work on /Users/ervinyeoh/Desktop/unimods/is3107/project/.venv/lib/python3.11/site-packages/airflow/example_dags/example_inlet_event_extra.py
[2025-04-07T23:55:26.993+0800] {processor.py:914} INFO - Processing file /Users/ervinyeoh/Desktop/unimods/is3107/project/.venv/lib/python3.11/site-packages/airflow/example_dags/example_inlet_event_extra.py for tasks to queue
[2025-04-07T23:55:26.994+0800] {logging_mixin.py:190} INFO - [2025-04-07T23:55:26.993+0800] {dagbag.py:588} INFO - Filling up the DagBag from /Users/ervinyeoh/Desktop/unimods/is3107/project/.venv/lib/python3.11/site-packages/airflow/example_dags/example_inlet_event_extra.py
[2025-04-07T23:55:27.228+0800] {processor.py:925} INFO - DAG(s) 'read_dataset_event_from_classic', 'read_dataset_event' retrieved from /Users/ervinyeoh/Desktop/unimods/is3107/project/.venv/lib/python3.11/site-packages/airflow/example_dags/example_inlet_event_extra.py
[2025-04-07T23:55:27.278+0800] {logging_mixin.py:190} INFO - [2025-04-07T23:55:27.278+0800] {dag.py:3239} INFO - Sync 2 DAGs
[2025-04-07T23:55:27.289+0800] {logging_mixin.py:190} INFO - [2025-04-07T23:55:27.289+0800] {dag.py:4180} INFO - Setting next_dagrun for read_dataset_event to 2025-04-06 00:00:00+00:00, run_after=2025-04-07 00:00:00+00:00
[2025-04-07T23:55:27.291+0800] {logging_mixin.py:190} INFO - [2025-04-07T23:55:27.291+0800] {dag.py:4180} INFO - Setting next_dagrun for read_dataset_event_from_classic to 2025-04-06 00:00:00+00:00, run_after=2025-04-07 00:00:00+00:00
[2025-04-07T23:55:27.300+0800] {processor.py:208} INFO - Processing /Users/ervinyeoh/Desktop/unimods/is3107/project/.venv/lib/python3.11/site-packages/airflow/example_dags/example_inlet_event_extra.py took 0.310 seconds
[2025-04-07T23:58:44.413+0800] {processor.py:186} INFO - Started process (PID=4795) to work on /Users/ervinyeoh/Desktop/unimods/is3107/project/.venv/lib/python3.11/site-packages/airflow/example_dags/example_inlet_event_extra.py
[2025-04-07T23:58:44.415+0800] {processor.py:914} INFO - Processing file /Users/ervinyeoh/Desktop/unimods/is3107/project/.venv/lib/python3.11/site-packages/airflow/example_dags/example_inlet_event_extra.py for tasks to queue
[2025-04-07T23:58:44.416+0800] {logging_mixin.py:190} INFO - [2025-04-07T23:58:44.416+0800] {dagbag.py:588} INFO - Filling up the DagBag from /Users/ervinyeoh/Desktop/unimods/is3107/project/.venv/lib/python3.11/site-packages/airflow/example_dags/example_inlet_event_extra.py
[2025-04-07T23:58:44.698+0800] {processor.py:925} INFO - DAG(s) 'read_dataset_event_from_classic', 'read_dataset_event' retrieved from /Users/ervinyeoh/Desktop/unimods/is3107/project/.venv/lib/python3.11/site-packages/airflow/example_dags/example_inlet_event_extra.py
[2025-04-07T23:58:44.749+0800] {logging_mixin.py:190} INFO - [2025-04-07T23:58:44.749+0800] {dag.py:3239} INFO - Sync 2 DAGs
[2025-04-07T23:58:44.760+0800] {logging_mixin.py:190} INFO - [2025-04-07T23:58:44.760+0800] {dag.py:4180} INFO - Setting next_dagrun for read_dataset_event to 2025-04-06 00:00:00+00:00, run_after=2025-04-07 00:00:00+00:00
[2025-04-07T23:58:44.763+0800] {logging_mixin.py:190} INFO - [2025-04-07T23:58:44.763+0800] {dag.py:4180} INFO - Setting next_dagrun for read_dataset_event_from_classic to 2025-04-06 00:00:00+00:00, run_after=2025-04-07 00:00:00+00:00
[2025-04-07T23:58:44.771+0800] {processor.py:208} INFO - Processing /Users/ervinyeoh/Desktop/unimods/is3107/project/.venv/lib/python3.11/site-packages/airflow/example_dags/example_inlet_event_extra.py took 0.360 seconds
[2025-04-08T05:32:22.703+0800] {processor.py:186} INFO - Started process (PID=5406) to work on /Users/ervinyeoh/Desktop/unimods/is3107/project/.venv/lib/python3.11/site-packages/airflow/example_dags/example_inlet_event_extra.py
[2025-04-08T05:32:22.704+0800] {processor.py:914} INFO - Processing file /Users/ervinyeoh/Desktop/unimods/is3107/project/.venv/lib/python3.11/site-packages/airflow/example_dags/example_inlet_event_extra.py for tasks to queue
[2025-04-08T05:32:22.704+0800] {logging_mixin.py:190} INFO - [2025-04-08T05:32:22.704+0800] {dagbag.py:588} INFO - Filling up the DagBag from /Users/ervinyeoh/Desktop/unimods/is3107/project/.venv/lib/python3.11/site-packages/airflow/example_dags/example_inlet_event_extra.py
[2025-04-08T05:32:22.976+0800] {processor.py:925} INFO - DAG(s) 'read_dataset_event_from_classic', 'read_dataset_event' retrieved from /Users/ervinyeoh/Desktop/unimods/is3107/project/.venv/lib/python3.11/site-packages/airflow/example_dags/example_inlet_event_extra.py
[2025-04-08T05:32:23.027+0800] {logging_mixin.py:190} INFO - [2025-04-08T05:32:23.026+0800] {dag.py:3239} INFO - Sync 2 DAGs
[2025-04-08T05:32:23.038+0800] {logging_mixin.py:190} INFO - [2025-04-08T05:32:23.037+0800] {dag.py:4180} INFO - Setting next_dagrun for read_dataset_event to 2025-04-06 00:00:00+00:00, run_after=2025-04-07 00:00:00+00:00
[2025-04-08T05:32:23.040+0800] {logging_mixin.py:190} INFO - [2025-04-08T05:32:23.040+0800] {dag.py:4180} INFO - Setting next_dagrun for read_dataset_event_from_classic to 2025-04-06 00:00:00+00:00, run_after=2025-04-07 00:00:00+00:00
[2025-04-08T05:32:23.049+0800] {processor.py:208} INFO - Processing /Users/ervinyeoh/Desktop/unimods/is3107/project/.venv/lib/python3.11/site-packages/airflow/example_dags/example_inlet_event_extra.py took 0.348 seconds
