[2025-04-19T19:38:47.159+0800] {local_task_job_runner.py:123} INFO - ::group::Pre task execution logs
[2025-04-19T19:38:47.166+0800] {taskinstance.py:2614} INFO - Dependencies all met for dep_context=non-requeueable deps ti=<TaskInstance: reddit_yf_scraper.preprocess_and_aggregate manual__2025-04-19T11:34:31.938331+00:00 [queued]>
[2025-04-19T19:38:47.169+0800] {taskinstance.py:2614} INFO - Dependencies all met for dep_context=requeueable deps ti=<TaskInstance: reddit_yf_scraper.preprocess_and_aggregate manual__2025-04-19T11:34:31.938331+00:00 [queued]>
[2025-04-19T19:38:47.169+0800] {taskinstance.py:2867} INFO - Starting attempt 1 of 2
[2025-04-19T19:38:47.174+0800] {taskinstance.py:2890} INFO - Executing <Task(_PythonDecoratedOperator): preprocess_and_aggregate> on 2025-04-19 11:34:31.938331+00:00
[2025-04-19T19:38:47.178+0800] {standard_task_runner.py:72} INFO - Started process 41360 to run task
[2025-04-19T19:38:47.182+0800] {standard_task_runner.py:104} INFO - Running: ['airflow', 'tasks', 'run', 'reddit_yf_scraper', 'preprocess_and_aggregate', 'manual__2025-04-19T11:34:31.938331+00:00', '--job-id', '787', '--raw', '--subdir', 'DAGS_FOLDER/dag.py', '--cfg-path', '/var/folders/2f/rw5w89ss6nl38qvq2cxrh29w0000gn/T/tmpsxd6zv6g']
[2025-04-19T19:38:47.183+0800] {standard_task_runner.py:105} INFO - Job 787: Subtask preprocess_and_aggregate
[2025-04-19T19:38:47.202+0800] {task_command.py:467} INFO - Running <TaskInstance: reddit_yf_scraper.preprocess_and_aggregate manual__2025-04-19T11:34:31.938331+00:00 [running]> on host yueyaos-macbook-pro.local
[2025-04-19T19:38:47.231+0800] {taskinstance.py:3134} INFO - Exporting env vars: AIRFLOW_CTX_DAG_OWNER='airflow' AIRFLOW_CTX_DAG_ID='reddit_yf_scraper' AIRFLOW_CTX_TASK_ID='preprocess_and_aggregate' AIRFLOW_CTX_EXECUTION_DATE='2025-04-19T11:34:31.938331+00:00' AIRFLOW_CTX_TRY_NUMBER='1' AIRFLOW_CTX_DAG_RUN_ID='manual__2025-04-19T11:34:31.938331+00:00'
[2025-04-19T19:38:47.232+0800] {logging_mixin.py:190} INFO - Task instance is in running state
[2025-04-19T19:38:47.232+0800] {logging_mixin.py:190} INFO -  Previous state of the Task instance: queued
[2025-04-19T19:38:47.232+0800] {logging_mixin.py:190} INFO - Current task name:preprocess_and_aggregate state:running start_date:2025-04-19 11:38:47.166441+00:00
[2025-04-19T19:38:47.232+0800] {logging_mixin.py:190} INFO - Dag name:reddit_yf_scraper and current dag run status:running
[2025-04-19T19:38:47.232+0800] {taskinstance.py:732} INFO - ::endgroup::
[2025-04-19T19:38:49.606+0800] {logging_mixin.py:190} WARNING - /Users/yueyaoz/Downloads/IS3107-FinSum/airflow/dags/dag.py:329 FutureWarning: The behavior of DataFrame concatenation with empty or all-NA entries is deprecated. In a future version, this will no longer exclude empty or all-NA columns when determining the result dtypes. To retain the old behavior, exclude the relevant entries before the concat operation.
[2025-04-19T19:38:49.624+0800] {logging_mixin.py:190} INFO - ✅ Processed and saved: /Users/yueyaoz/Downloads/IS3107-FinSum/airflow/processed/AAPL_processed_20250419.csv
[2025-04-19T19:38:50.974+0800] {logging_mixin.py:190} WARNING - /Users/yueyaoz/Downloads/IS3107-FinSum/airflow/dags/dag.py:329 FutureWarning: The behavior of DataFrame concatenation with empty or all-NA entries is deprecated. In a future version, this will no longer exclude empty or all-NA columns when determining the result dtypes. To retain the old behavior, exclude the relevant entries before the concat operation.
[2025-04-19T19:38:50.984+0800] {logging_mixin.py:190} INFO - ✅ Processed and saved: /Users/yueyaoz/Downloads/IS3107-FinSum/airflow/processed/AMZN_processed_20250419.csv
[2025-04-19T19:38:52.749+0800] {logging_mixin.py:190} WARNING - /Users/yueyaoz/Downloads/IS3107-FinSum/airflow/dags/dag.py:329 FutureWarning: The behavior of DataFrame concatenation with empty or all-NA entries is deprecated. In a future version, this will no longer exclude empty or all-NA columns when determining the result dtypes. To retain the old behavior, exclude the relevant entries before the concat operation.
[2025-04-19T19:38:52.758+0800] {logging_mixin.py:190} INFO - ✅ Processed and saved: /Users/yueyaoz/Downloads/IS3107-FinSum/airflow/processed/AVGO_processed_20250419.csv
[2025-04-19T19:38:54.141+0800] {logging_mixin.py:190} WARNING - /Users/yueyaoz/Downloads/IS3107-FinSum/airflow/dags/dag.py:329 FutureWarning: The behavior of DataFrame concatenation with empty or all-NA entries is deprecated. In a future version, this will no longer exclude empty or all-NA columns when determining the result dtypes. To retain the old behavior, exclude the relevant entries before the concat operation.
[2025-04-19T19:38:54.151+0800] {logging_mixin.py:190} INFO - ✅ Processed and saved: /Users/yueyaoz/Downloads/IS3107-FinSum/airflow/processed/GOOG_processed_20250419.csv
[2025-04-19T19:38:55.918+0800] {logging_mixin.py:190} WARNING - /Users/yueyaoz/Downloads/IS3107-FinSum/airflow/dags/dag.py:329 FutureWarning: The behavior of DataFrame concatenation with empty or all-NA entries is deprecated. In a future version, this will no longer exclude empty or all-NA columns when determining the result dtypes. To retain the old behavior, exclude the relevant entries before the concat operation.
[2025-04-19T19:38:55.929+0800] {logging_mixin.py:190} INFO - ✅ Processed and saved: /Users/yueyaoz/Downloads/IS3107-FinSum/airflow/processed/GOOGL_processed_20250419.csv
[2025-04-19T19:38:57.267+0800] {logging_mixin.py:190} WARNING - /Users/yueyaoz/Downloads/IS3107-FinSum/airflow/dags/dag.py:329 FutureWarning: The behavior of DataFrame concatenation with empty or all-NA entries is deprecated. In a future version, this will no longer exclude empty or all-NA columns when determining the result dtypes. To retain the old behavior, exclude the relevant entries before the concat operation.
[2025-04-19T19:38:57.276+0800] {logging_mixin.py:190} INFO - ✅ Processed and saved: /Users/yueyaoz/Downloads/IS3107-FinSum/airflow/processed/META_processed_20250419.csv
[2025-04-19T19:38:58.587+0800] {logging_mixin.py:190} WARNING - /Users/yueyaoz/Downloads/IS3107-FinSum/airflow/dags/dag.py:329 FutureWarning: The behavior of DataFrame concatenation with empty or all-NA entries is deprecated. In a future version, this will no longer exclude empty or all-NA columns when determining the result dtypes. To retain the old behavior, exclude the relevant entries before the concat operation.
[2025-04-19T19:38:58.598+0800] {logging_mixin.py:190} INFO - ✅ Processed and saved: /Users/yueyaoz/Downloads/IS3107-FinSum/airflow/processed/MSFT_processed_20250419.csv
[2025-04-19T19:39:00.089+0800] {logging_mixin.py:190} WARNING - /Users/yueyaoz/Downloads/IS3107-FinSum/airflow/dags/dag.py:329 FutureWarning: The behavior of DataFrame concatenation with empty or all-NA entries is deprecated. In a future version, this will no longer exclude empty or all-NA columns when determining the result dtypes. To retain the old behavior, exclude the relevant entries before the concat operation.
[2025-04-19T19:39:00.099+0800] {logging_mixin.py:190} INFO - ✅ Processed and saved: /Users/yueyaoz/Downloads/IS3107-FinSum/airflow/processed/NVDA_processed_20250419.csv
[2025-04-19T19:39:03.229+0800] {logging_mixin.py:190} WARNING - /Users/yueyaoz/Downloads/IS3107-FinSum/airflow/dags/dag.py:329 FutureWarning: The behavior of DataFrame concatenation with empty or all-NA entries is deprecated. In a future version, this will no longer exclude empty or all-NA columns when determining the result dtypes. To retain the old behavior, exclude the relevant entries before the concat operation.
[2025-04-19T19:39:03.239+0800] {logging_mixin.py:190} INFO - ✅ Processed and saved: /Users/yueyaoz/Downloads/IS3107-FinSum/airflow/processed/TSLA_processed_20250419.csv
[2025-04-19T19:39:03.239+0800] {python.py:240} INFO - Done. Returned value was: None
[2025-04-19T19:39:03.243+0800] {taskinstance.py:341} INFO - ::group::Post task execution logs
[2025-04-19T19:39:03.244+0800] {taskinstance.py:353} INFO - Marking task as SUCCESS. dag_id=reddit_yf_scraper, task_id=preprocess_and_aggregate, run_id=manual__2025-04-19T11:34:31.938331+00:00, execution_date=20250419T113431, start_date=20250419T113847, end_date=20250419T113903
[2025-04-19T19:39:03.254+0800] {logging_mixin.py:190} INFO - Task instance in success state
[2025-04-19T19:39:03.254+0800] {logging_mixin.py:190} INFO -  Previous state of the Task instance: running
[2025-04-19T19:39:03.254+0800] {logging_mixin.py:190} INFO - Dag name:reddit_yf_scraper queued_at:2025-04-19 11:34:31.950274+00:00
[2025-04-19T19:39:03.254+0800] {logging_mixin.py:190} INFO - Task hostname:yueyaos-macbook-pro.local operator:_PythonDecoratedOperator
[2025-04-19T19:39:03.293+0800] {local_task_job_runner.py:266} INFO - Task exited with return code 0
[2025-04-19T19:39:03.307+0800] {taskinstance.py:3901} INFO - 1 downstream tasks scheduled from follow-on schedule check
[2025-04-19T19:39:03.309+0800] {local_task_job_runner.py:245} INFO - ::endgroup::
