[2025-04-19T19:47:07.008+0800] {local_task_job_runner.py:123} INFO - ::group::Pre task execution logs
[2025-04-19T19:47:07.014+0800] {taskinstance.py:2614} INFO - Dependencies all met for dep_context=non-requeueable deps ti=<TaskInstance: reddit_yf_scraper.get_tickers manual__2025-04-19T11:47:03.399507+00:00 [queued]>
[2025-04-19T19:47:07.017+0800] {taskinstance.py:2614} INFO - Dependencies all met for dep_context=requeueable deps ti=<TaskInstance: reddit_yf_scraper.get_tickers manual__2025-04-19T11:47:03.399507+00:00 [queued]>
[2025-04-19T19:47:07.017+0800] {taskinstance.py:2867} INFO - Starting attempt 1 of 2
[2025-04-19T19:47:07.022+0800] {taskinstance.py:2890} INFO - Executing <Task(_PythonDecoratedOperator): get_tickers> on 2025-04-19 11:47:03.399507+00:00
[2025-04-19T19:47:07.026+0800] {standard_task_runner.py:72} INFO - Started process 41956 to run task
[2025-04-19T19:47:07.030+0800] {standard_task_runner.py:104} INFO - Running: ['airflow', 'tasks', 'run', 'reddit_yf_scraper', 'get_tickers', 'manual__2025-04-19T11:47:03.399507+00:00', '--job-id', '793', '--raw', '--subdir', 'DAGS_FOLDER/dag.py', '--cfg-path', '/var/folders/2f/rw5w89ss6nl38qvq2cxrh29w0000gn/T/tmp31_6lr5f']
[2025-04-19T19:47:07.032+0800] {standard_task_runner.py:105} INFO - Job 793: Subtask get_tickers
[2025-04-19T19:47:07.052+0800] {task_command.py:467} INFO - Running <TaskInstance: reddit_yf_scraper.get_tickers manual__2025-04-19T11:47:03.399507+00:00 [running]> on host yueyaos-macbook-pro.local
[2025-04-19T19:47:07.078+0800] {taskinstance.py:3134} INFO - Exporting env vars: AIRFLOW_CTX_DAG_OWNER='airflow' AIRFLOW_CTX_DAG_ID='reddit_yf_scraper' AIRFLOW_CTX_TASK_ID='get_tickers' AIRFLOW_CTX_EXECUTION_DATE='2025-04-19T11:47:03.399507+00:00' AIRFLOW_CTX_TRY_NUMBER='1' AIRFLOW_CTX_DAG_RUN_ID='manual__2025-04-19T11:47:03.399507+00:00'
[2025-04-19T19:47:07.078+0800] {logging_mixin.py:190} INFO - Task instance is in running state
[2025-04-19T19:47:07.079+0800] {logging_mixin.py:190} INFO -  Previous state of the Task instance: queued
[2025-04-19T19:47:07.079+0800] {logging_mixin.py:190} INFO - Current task name:get_tickers state:running start_date:2025-04-19 11:47:07.014722+00:00
[2025-04-19T19:47:07.079+0800] {logging_mixin.py:190} INFO - Dag name:reddit_yf_scraper and current dag run status:running
[2025-04-19T19:47:07.079+0800] {taskinstance.py:732} INFO - ::endgroup::
[2025-04-19T19:47:07.091+0800] {python.py:240} INFO - Done. Returned value was: ['AAPL', 'NVDA', 'MSFT', 'AMZN', 'GOOGL', 'GOOG', 'META', 'TSLA', 'AVGO', 'BRK-B', 'WMT', 'LLY', 'JPM', 'V', 'MA', 'ORCL', 'XOM', 'UNH', 'COST', 'PG', 'HD', 'NFLX', 'JNJ', 'BAC', 'CRM', 'ABBV', 'KO', 'TMUS', 'CVX', 'MRK', 'WFC', 'CSCO', 'ACN', 'NOW', 'AXP', 'MCD', 'PEP', 'BX', 'IBM', 'DIS', 'LIN', 'TMO', 'MS', 'ABT', 'ADBE', 'AMD', 'PM', 'ISRG', 'PLTR', 'GE', 'INTU', 'GS', 'CAT', 'TXN', 'QCOM', 'VZ', 'BKNG', 'DHR', 'T', 'BLK', 'RTX', 'SPGI', 'PFE', 'HON', 'NEE', 'CMCSA', 'ANET', 'AMGN', 'PGR', 'LOW', 'SYK', 'UNP', 'TJX', 'KKR', 'SCHW', 'ETN', 'AMAT', 'BA', 'BSX', 'C', 'UBER', 'COP', 'PANW', 'ADP', 'DE', 'FI', 'BMY', 'LMT', 'GILD', 'NKE', 'CB', 'UPS', 'ADI', 'MMC', 'MDT', 'VRTX', 'MU', 'SBUX', 'PLD', 'GEV']
[2025-04-19T19:47:07.097+0800] {taskinstance.py:341} INFO - ::group::Post task execution logs
[2025-04-19T19:47:07.097+0800] {taskinstance.py:353} INFO - Marking task as SUCCESS. dag_id=reddit_yf_scraper, task_id=get_tickers, run_id=manual__2025-04-19T11:47:03.399507+00:00, execution_date=20250419T114703, start_date=20250419T114707, end_date=20250419T114707
[2025-04-19T19:47:07.102+0800] {logging_mixin.py:190} INFO - Task instance in success state
[2025-04-19T19:47:07.102+0800] {logging_mixin.py:190} INFO -  Previous state of the Task instance: running
[2025-04-19T19:47:07.103+0800] {logging_mixin.py:190} INFO - Dag name:reddit_yf_scraper queued_at:2025-04-19 11:47:03.405038+00:00
[2025-04-19T19:47:07.103+0800] {logging_mixin.py:190} INFO - Task hostname:yueyaos-macbook-pro.local operator:_PythonDecoratedOperator
[2025-04-19T19:47:07.136+0800] {local_task_job_runner.py:266} INFO - Task exited with return code 0
[2025-04-19T19:47:07.151+0800] {taskinstance.py:3901} INFO - 2 downstream tasks scheduled from follow-on schedule check
[2025-04-19T19:47:07.151+0800] {local_task_job_runner.py:245} INFO - ::endgroup::
