[2025-03-28T08:26:49.769+0800] {processor.py:186} INFO - Started process (PID=57323) to work on /Users/ervinyeoh/Desktop/unimods/is3107/project/.venv/lib/python3.11/site-packages/airflow/example_dags/plugins/listener_plugin.py
[2025-03-28T08:26:49.769+0800] {processor.py:914} INFO - Processing file /Users/ervinyeoh/Desktop/unimods/is3107/project/.venv/lib/python3.11/site-packages/airflow/example_dags/plugins/listener_plugin.py for tasks to queue
[2025-03-28T08:26:49.770+0800] {logging_mixin.py:190} INFO - [2025-03-28T08:26:49.770+0800] {dagbag.py:588} INFO - Filling up the DagBag from /Users/ervinyeoh/Desktop/unimods/is3107/project/.venv/lib/python3.11/site-packages/airflow/example_dags/plugins/listener_plugin.py
[2025-03-28T08:26:49.772+0800] {processor.py:927} WARNING - No viable dags retrieved from /Users/ervinyeoh/Desktop/unimods/is3107/project/.venv/lib/python3.11/site-packages/airflow/example_dags/plugins/listener_plugin.py
[2025-03-28T08:26:49.849+0800] {processor.py:208} INFO - Processing /Users/ervinyeoh/Desktop/unimods/is3107/project/.venv/lib/python3.11/site-packages/airflow/example_dags/plugins/listener_plugin.py took 0.082 seconds
[2025-03-28T09:14:35.905+0800] {processor.py:186} INFO - Started process (PID=57591) to work on /Users/ervinyeoh/Desktop/unimods/is3107/project/.venv/lib/python3.11/site-packages/airflow/example_dags/plugins/listener_plugin.py
[2025-03-28T09:14:35.906+0800] {processor.py:914} INFO - Processing file /Users/ervinyeoh/Desktop/unimods/is3107/project/.venv/lib/python3.11/site-packages/airflow/example_dags/plugins/listener_plugin.py for tasks to queue
[2025-03-28T09:14:35.907+0800] {logging_mixin.py:190} INFO - [2025-03-28T09:14:35.907+0800] {dagbag.py:588} INFO - Filling up the DagBag from /Users/ervinyeoh/Desktop/unimods/is3107/project/.venv/lib/python3.11/site-packages/airflow/example_dags/plugins/listener_plugin.py
[2025-03-28T09:14:35.908+0800] {processor.py:927} WARNING - No viable dags retrieved from /Users/ervinyeoh/Desktop/unimods/is3107/project/.venv/lib/python3.11/site-packages/airflow/example_dags/plugins/listener_plugin.py
[2025-03-28T09:14:35.986+0800] {processor.py:208} INFO - Processing /Users/ervinyeoh/Desktop/unimods/is3107/project/.venv/lib/python3.11/site-packages/airflow/example_dags/plugins/listener_plugin.py took 0.082 seconds
[2025-03-28T13:19:57.079+0800] {processor.py:186} INFO - Started process (PID=58006) to work on /Users/ervinyeoh/Desktop/unimods/is3107/project/.venv/lib/python3.11/site-packages/airflow/example_dags/plugins/listener_plugin.py
[2025-03-28T13:19:57.080+0800] {processor.py:914} INFO - Processing file /Users/ervinyeoh/Desktop/unimods/is3107/project/.venv/lib/python3.11/site-packages/airflow/example_dags/plugins/listener_plugin.py for tasks to queue
[2025-03-28T13:19:57.081+0800] {logging_mixin.py:190} INFO - [2025-03-28T13:19:57.081+0800] {dagbag.py:588} INFO - Filling up the DagBag from /Users/ervinyeoh/Desktop/unimods/is3107/project/.venv/lib/python3.11/site-packages/airflow/example_dags/plugins/listener_plugin.py
[2025-03-28T13:19:57.082+0800] {processor.py:927} WARNING - No viable dags retrieved from /Users/ervinyeoh/Desktop/unimods/is3107/project/.venv/lib/python3.11/site-packages/airflow/example_dags/plugins/listener_plugin.py
[2025-03-28T13:19:57.175+0800] {processor.py:208} INFO - Processing /Users/ervinyeoh/Desktop/unimods/is3107/project/.venv/lib/python3.11/site-packages/airflow/example_dags/plugins/listener_plugin.py took 0.097 seconds
[2025-03-28T17:47:23.744+0800] {processor.py:186} INFO - Started process (PID=58412) to work on /Users/ervinyeoh/Desktop/unimods/is3107/project/.venv/lib/python3.11/site-packages/airflow/example_dags/plugins/listener_plugin.py
[2025-03-28T17:47:23.744+0800] {processor.py:914} INFO - Processing file /Users/ervinyeoh/Desktop/unimods/is3107/project/.venv/lib/python3.11/site-packages/airflow/example_dags/plugins/listener_plugin.py for tasks to queue
[2025-03-28T17:47:23.745+0800] {logging_mixin.py:190} INFO - [2025-03-28T17:47:23.745+0800] {dagbag.py:588} INFO - Filling up the DagBag from /Users/ervinyeoh/Desktop/unimods/is3107/project/.venv/lib/python3.11/site-packages/airflow/example_dags/plugins/listener_plugin.py
[2025-03-28T17:47:23.747+0800] {processor.py:927} WARNING - No viable dags retrieved from /Users/ervinyeoh/Desktop/unimods/is3107/project/.venv/lib/python3.11/site-packages/airflow/example_dags/plugins/listener_plugin.py
[2025-03-28T17:47:23.824+0800] {processor.py:208} INFO - Processing /Users/ervinyeoh/Desktop/unimods/is3107/project/.venv/lib/python3.11/site-packages/airflow/example_dags/plugins/listener_plugin.py took 0.082 seconds
[2025-03-28T17:57:41.021+0800] {processor.py:186} INFO - Started process (PID=58606) to work on /Users/ervinyeoh/Desktop/unimods/is3107/project/.venv/lib/python3.11/site-packages/airflow/example_dags/plugins/listener_plugin.py
[2025-03-28T17:57:41.022+0800] {processor.py:914} INFO - Processing file /Users/ervinyeoh/Desktop/unimods/is3107/project/.venv/lib/python3.11/site-packages/airflow/example_dags/plugins/listener_plugin.py for tasks to queue
[2025-03-28T17:57:41.023+0800] {logging_mixin.py:190} INFO - [2025-03-28T17:57:41.023+0800] {dagbag.py:588} INFO - Filling up the DagBag from /Users/ervinyeoh/Desktop/unimods/is3107/project/.venv/lib/python3.11/site-packages/airflow/example_dags/plugins/listener_plugin.py
[2025-03-28T17:57:41.024+0800] {processor.py:927} WARNING - No viable dags retrieved from /Users/ervinyeoh/Desktop/unimods/is3107/project/.venv/lib/python3.11/site-packages/airflow/example_dags/plugins/listener_plugin.py
[2025-03-28T17:57:41.101+0800] {processor.py:208} INFO - Processing /Users/ervinyeoh/Desktop/unimods/is3107/project/.venv/lib/python3.11/site-packages/airflow/example_dags/plugins/listener_plugin.py took 0.082 seconds
[2025-03-28T18:13:41.600+0800] {processor.py:186} INFO - Started process (PID=58846) to work on /Users/ervinyeoh/Desktop/unimods/is3107/project/.venv/lib/python3.11/site-packages/airflow/example_dags/plugins/listener_plugin.py
[2025-03-28T18:13:41.601+0800] {processor.py:914} INFO - Processing file /Users/ervinyeoh/Desktop/unimods/is3107/project/.venv/lib/python3.11/site-packages/airflow/example_dags/plugins/listener_plugin.py for tasks to queue
[2025-03-28T18:13:41.602+0800] {logging_mixin.py:190} INFO - [2025-03-28T18:13:41.602+0800] {dagbag.py:588} INFO - Filling up the DagBag from /Users/ervinyeoh/Desktop/unimods/is3107/project/.venv/lib/python3.11/site-packages/airflow/example_dags/plugins/listener_plugin.py
[2025-03-28T18:13:41.604+0800] {processor.py:927} WARNING - No viable dags retrieved from /Users/ervinyeoh/Desktop/unimods/is3107/project/.venv/lib/python3.11/site-packages/airflow/example_dags/plugins/listener_plugin.py
[2025-03-28T18:13:41.705+0800] {processor.py:208} INFO - Processing /Users/ervinyeoh/Desktop/unimods/is3107/project/.venv/lib/python3.11/site-packages/airflow/example_dags/plugins/listener_plugin.py took 0.106 seconds
[2025-03-28T23:48:58.458+0800] {processor.py:186} INFO - Started process (PID=59290) to work on /Users/ervinyeoh/Desktop/unimods/is3107/project/.venv/lib/python3.11/site-packages/airflow/example_dags/plugins/listener_plugin.py
[2025-03-28T23:48:58.459+0800] {processor.py:914} INFO - Processing file /Users/ervinyeoh/Desktop/unimods/is3107/project/.venv/lib/python3.11/site-packages/airflow/example_dags/plugins/listener_plugin.py for tasks to queue
[2025-03-28T23:48:58.460+0800] {logging_mixin.py:190} INFO - [2025-03-28T23:48:58.460+0800] {dagbag.py:588} INFO - Filling up the DagBag from /Users/ervinyeoh/Desktop/unimods/is3107/project/.venv/lib/python3.11/site-packages/airflow/example_dags/plugins/listener_plugin.py
[2025-03-28T23:48:58.464+0800] {processor.py:927} WARNING - No viable dags retrieved from /Users/ervinyeoh/Desktop/unimods/is3107/project/.venv/lib/python3.11/site-packages/airflow/example_dags/plugins/listener_plugin.py
[2025-03-28T23:48:58.557+0800] {processor.py:208} INFO - Processing /Users/ervinyeoh/Desktop/unimods/is3107/project/.venv/lib/python3.11/site-packages/airflow/example_dags/plugins/listener_plugin.py took 0.102 seconds
[2025-03-29T02:16:22.650+0800] {processor.py:186} INFO - Started process (PID=59790) to work on /Users/ervinyeoh/Desktop/unimods/is3107/project/.venv/lib/python3.11/site-packages/airflow/example_dags/plugins/listener_plugin.py
[2025-03-29T02:16:22.651+0800] {processor.py:914} INFO - Processing file /Users/ervinyeoh/Desktop/unimods/is3107/project/.venv/lib/python3.11/site-packages/airflow/example_dags/plugins/listener_plugin.py for tasks to queue
[2025-03-29T02:16:22.652+0800] {logging_mixin.py:190} INFO - [2025-03-29T02:16:22.652+0800] {dagbag.py:588} INFO - Filling up the DagBag from /Users/ervinyeoh/Desktop/unimods/is3107/project/.venv/lib/python3.11/site-packages/airflow/example_dags/plugins/listener_plugin.py
[2025-03-29T02:16:22.654+0800] {processor.py:927} WARNING - No viable dags retrieved from /Users/ervinyeoh/Desktop/unimods/is3107/project/.venv/lib/python3.11/site-packages/airflow/example_dags/plugins/listener_plugin.py
[2025-03-29T02:16:22.735+0800] {processor.py:208} INFO - Processing /Users/ervinyeoh/Desktop/unimods/is3107/project/.venv/lib/python3.11/site-packages/airflow/example_dags/plugins/listener_plugin.py took 0.086 seconds
[2025-03-29T02:32:14.132+0800] {processor.py:186} INFO - Started process (PID=60005) to work on /Users/ervinyeoh/Desktop/unimods/is3107/project/.venv/lib/python3.11/site-packages/airflow/example_dags/plugins/listener_plugin.py
[2025-03-29T02:32:14.133+0800] {processor.py:914} INFO - Processing file /Users/ervinyeoh/Desktop/unimods/is3107/project/.venv/lib/python3.11/site-packages/airflow/example_dags/plugins/listener_plugin.py for tasks to queue
[2025-03-29T02:32:14.134+0800] {logging_mixin.py:190} INFO - [2025-03-29T02:32:14.134+0800] {dagbag.py:588} INFO - Filling up the DagBag from /Users/ervinyeoh/Desktop/unimods/is3107/project/.venv/lib/python3.11/site-packages/airflow/example_dags/plugins/listener_plugin.py
[2025-03-29T02:32:14.135+0800] {processor.py:927} WARNING - No viable dags retrieved from /Users/ervinyeoh/Desktop/unimods/is3107/project/.venv/lib/python3.11/site-packages/airflow/example_dags/plugins/listener_plugin.py
[2025-03-29T02:32:14.213+0800] {processor.py:208} INFO - Processing /Users/ervinyeoh/Desktop/unimods/is3107/project/.venv/lib/python3.11/site-packages/airflow/example_dags/plugins/listener_plugin.py took 0.082 seconds
[2025-03-29T06:05:14.002+0800] {processor.py:186} INFO - Started process (PID=60361) to work on /Users/ervinyeoh/Desktop/unimods/is3107/project/.venv/lib/python3.11/site-packages/airflow/example_dags/plugins/listener_plugin.py
[2025-03-29T06:05:14.003+0800] {processor.py:914} INFO - Processing file /Users/ervinyeoh/Desktop/unimods/is3107/project/.venv/lib/python3.11/site-packages/airflow/example_dags/plugins/listener_plugin.py for tasks to queue
[2025-03-29T06:05:14.003+0800] {logging_mixin.py:190} INFO - [2025-03-29T06:05:14.003+0800] {dagbag.py:588} INFO - Filling up the DagBag from /Users/ervinyeoh/Desktop/unimods/is3107/project/.venv/lib/python3.11/site-packages/airflow/example_dags/plugins/listener_plugin.py
[2025-03-29T06:05:14.005+0800] {processor.py:927} WARNING - No viable dags retrieved from /Users/ervinyeoh/Desktop/unimods/is3107/project/.venv/lib/python3.11/site-packages/airflow/example_dags/plugins/listener_plugin.py
[2025-03-29T06:05:14.083+0800] {processor.py:208} INFO - Processing /Users/ervinyeoh/Desktop/unimods/is3107/project/.venv/lib/python3.11/site-packages/airflow/example_dags/plugins/listener_plugin.py took 0.083 seconds
