[2025-04-19T19:38:21.421+0800] {local_task_job_runner.py:123} INFO - ::group::Pre task execution logs
[2025-04-19T19:38:21.428+0800] {taskinstance.py:2614} INFO - Dependencies all met for dep_context=non-requeueable deps ti=<TaskInstance: reddit_yf_scraper.download_files_from_gcs manual__2025-04-19T11:34:31.938331+00:00 [queued]>
[2025-04-19T19:38:21.431+0800] {taskinstance.py:2614} INFO - Dependencies all met for dep_context=requeueable deps ti=<TaskInstance: reddit_yf_scraper.download_files_from_gcs manual__2025-04-19T11:34:31.938331+00:00 [queued]>
[2025-04-19T19:38:21.431+0800] {taskinstance.py:2867} INFO - Starting attempt 1 of 2
[2025-04-19T19:38:21.436+0800] {taskinstance.py:2890} INFO - Executing <Task(_PythonDecoratedOperator): download_files_from_gcs> on 2025-04-19 11:34:31.938331+00:00
[2025-04-19T19:38:21.440+0800] {standard_task_runner.py:72} INFO - Started process 41281 to run task
[2025-04-19T19:38:21.444+0800] {standard_task_runner.py:104} INFO - Running: ['airflow', 'tasks', 'run', 'reddit_yf_scraper', 'download_files_from_gcs', 'manual__2025-04-19T11:34:31.938331+00:00', '--job-id', '784', '--raw', '--subdir', 'DAGS_FOLDER/dag.py', '--cfg-path', '/var/folders/2f/rw5w89ss6nl38qvq2cxrh29w0000gn/T/tmp0ix90lb9']
[2025-04-19T19:38:21.445+0800] {standard_task_runner.py:105} INFO - Job 784: Subtask download_files_from_gcs
[2025-04-19T19:38:21.464+0800] {task_command.py:467} INFO - Running <TaskInstance: reddit_yf_scraper.download_files_from_gcs manual__2025-04-19T11:34:31.938331+00:00 [running]> on host yueyaos-macbook-pro.local
[2025-04-19T19:38:21.489+0800] {taskinstance.py:3134} INFO - Exporting env vars: AIRFLOW_CTX_DAG_OWNER='airflow' AIRFLOW_CTX_DAG_ID='reddit_yf_scraper' AIRFLOW_CTX_TASK_ID='download_files_from_gcs' AIRFLOW_CTX_EXECUTION_DATE='2025-04-19T11:34:31.938331+00:00' AIRFLOW_CTX_TRY_NUMBER='1' AIRFLOW_CTX_DAG_RUN_ID='manual__2025-04-19T11:34:31.938331+00:00'
[2025-04-19T19:38:21.490+0800] {logging_mixin.py:190} INFO - Task instance is in running state
[2025-04-19T19:38:21.490+0800] {logging_mixin.py:190} INFO -  Previous state of the Task instance: queued
[2025-04-19T19:38:21.490+0800] {logging_mixin.py:190} INFO - Current task name:download_files_from_gcs state:running start_date:2025-04-19 11:38:21.428672+00:00
[2025-04-19T19:38:21.490+0800] {logging_mixin.py:190} INFO - Dag name:reddit_yf_scraper and current dag run status:running
[2025-04-19T19:38:21.490+0800] {taskinstance.py:732} INFO - ::endgroup::
[2025-04-19T19:38:21.915+0800] {logging_mixin.py:190} INFO - 📥 Downloading: reddit-test/AAPL_reddit_20250419.csv to /Users/yueyaoz/Downloads/IS3107-FinSum/airflow/downloads/reddit/AAPL_reddit_20250419.csv
[2025-04-19T19:38:22.895+0800] {logging_mixin.py:190} INFO - ✅ Downloaded to: /Users/yueyaoz/Downloads/IS3107-FinSum/airflow/downloads/reddit/AAPL_reddit_20250419.csv
[2025-04-19T19:38:22.896+0800] {logging_mixin.py:190} INFO - 📥 Downloading: reddit-test/AMZN_reddit_20250419.csv to /Users/yueyaoz/Downloads/IS3107-FinSum/airflow/downloads/reddit/AMZN_reddit_20250419.csv
[2025-04-19T19:38:23.244+0800] {logging_mixin.py:190} INFO - ✅ Downloaded to: /Users/yueyaoz/Downloads/IS3107-FinSum/airflow/downloads/reddit/AMZN_reddit_20250419.csv
[2025-04-19T19:38:23.244+0800] {logging_mixin.py:190} INFO - 📥 Downloading: reddit-test/AVGO_reddit_20250419.csv to /Users/yueyaoz/Downloads/IS3107-FinSum/airflow/downloads/reddit/AVGO_reddit_20250419.csv
[2025-04-19T19:38:24.164+0800] {logging_mixin.py:190} INFO - ✅ Downloaded to: /Users/yueyaoz/Downloads/IS3107-FinSum/airflow/downloads/reddit/AVGO_reddit_20250419.csv
[2025-04-19T19:38:24.165+0800] {logging_mixin.py:190} INFO - 📥 Downloading: reddit-test/BRK-B_reddit_20250419.csv to /Users/yueyaoz/Downloads/IS3107-FinSum/airflow/downloads/reddit/BRK-B_reddit_20250419.csv
[2025-04-19T19:38:24.439+0800] {logging_mixin.py:190} INFO - ✅ Downloaded to: /Users/yueyaoz/Downloads/IS3107-FinSum/airflow/downloads/reddit/BRK-B_reddit_20250419.csv
[2025-04-19T19:38:24.440+0800] {logging_mixin.py:190} INFO - 📥 Downloading: reddit-test/GOOGL_reddit_20250419.csv to /Users/yueyaoz/Downloads/IS3107-FinSum/airflow/downloads/reddit/GOOGL_reddit_20250419.csv
[2025-04-19T19:38:25.481+0800] {logging_mixin.py:190} INFO - ✅ Downloaded to: /Users/yueyaoz/Downloads/IS3107-FinSum/airflow/downloads/reddit/GOOGL_reddit_20250419.csv
[2025-04-19T19:38:25.482+0800] {logging_mixin.py:190} INFO - 📥 Downloading: reddit-test/GOOG_reddit_20250419.csv to /Users/yueyaoz/Downloads/IS3107-FinSum/airflow/downloads/reddit/GOOG_reddit_20250419.csv
[2025-04-19T19:38:25.757+0800] {logging_mixin.py:190} INFO - ✅ Downloaded to: /Users/yueyaoz/Downloads/IS3107-FinSum/airflow/downloads/reddit/GOOG_reddit_20250419.csv
[2025-04-19T19:38:25.758+0800] {logging_mixin.py:190} INFO - 📥 Downloading: reddit-test/META_reddit_20250419.csv to /Users/yueyaoz/Downloads/IS3107-FinSum/airflow/downloads/reddit/META_reddit_20250419.csv
[2025-04-19T19:38:26.680+0800] {logging_mixin.py:190} INFO - ✅ Downloaded to: /Users/yueyaoz/Downloads/IS3107-FinSum/airflow/downloads/reddit/META_reddit_20250419.csv
[2025-04-19T19:38:26.681+0800] {logging_mixin.py:190} INFO - 📥 Downloading: reddit-test/MSFT_reddit_20250419.csv to /Users/yueyaoz/Downloads/IS3107-FinSum/airflow/downloads/reddit/MSFT_reddit_20250419.csv
[2025-04-19T19:38:27.141+0800] {logging_mixin.py:190} INFO - ✅ Downloaded to: /Users/yueyaoz/Downloads/IS3107-FinSum/airflow/downloads/reddit/MSFT_reddit_20250419.csv
[2025-04-19T19:38:27.142+0800] {logging_mixin.py:190} INFO - 📥 Downloading: reddit-test/NVDA_reddit_20250419.csv to /Users/yueyaoz/Downloads/IS3107-FinSum/airflow/downloads/reddit/NVDA_reddit_20250419.csv
[2025-04-19T19:38:27.882+0800] {logging_mixin.py:190} INFO - ✅ Downloaded to: /Users/yueyaoz/Downloads/IS3107-FinSum/airflow/downloads/reddit/NVDA_reddit_20250419.csv
[2025-04-19T19:38:27.885+0800] {logging_mixin.py:190} INFO - 📥 Downloading: reddit-test/TSLA_reddit_20250419.csv to /Users/yueyaoz/Downloads/IS3107-FinSum/airflow/downloads/reddit/TSLA_reddit_20250419.csv
[2025-04-19T19:38:28.317+0800] {logging_mixin.py:190} INFO - ✅ Downloaded to: /Users/yueyaoz/Downloads/IS3107-FinSum/airflow/downloads/reddit/TSLA_reddit_20250419.csv
[2025-04-19T19:38:28.318+0800] {python.py:240} INFO - Done. Returned value was: None
[2025-04-19T19:38:28.321+0800] {taskinstance.py:341} INFO - ::group::Post task execution logs
[2025-04-19T19:38:28.322+0800] {taskinstance.py:353} INFO - Marking task as SUCCESS. dag_id=reddit_yf_scraper, task_id=download_files_from_gcs, run_id=manual__2025-04-19T11:34:31.938331+00:00, execution_date=20250419T113431, start_date=20250419T113821, end_date=20250419T113828
[2025-04-19T19:38:28.329+0800] {logging_mixin.py:190} INFO - Task instance in success state
[2025-04-19T19:38:28.329+0800] {logging_mixin.py:190} INFO -  Previous state of the Task instance: running
[2025-04-19T19:38:28.329+0800] {logging_mixin.py:190} INFO - Dag name:reddit_yf_scraper queued_at:2025-04-19 11:34:31.950274+00:00
[2025-04-19T19:38:28.330+0800] {logging_mixin.py:190} INFO - Task hostname:yueyaos-macbook-pro.local operator:_PythonDecoratedOperator
[2025-04-19T19:38:28.340+0800] {local_task_job_runner.py:266} INFO - Task exited with return code 0
[2025-04-19T19:38:28.351+0800] {taskinstance.py:3901} INFO - 0 downstream tasks scheduled from follow-on schedule check
[2025-04-19T19:38:28.351+0800] {local_task_job_runner.py:245} INFO - ::endgroup::
