[2025-04-19T13:17:12.603+0800] {local_task_job_runner.py:123} INFO - ::group::Pre task execution logs
[2025-04-19T13:17:12.611+0800] {taskinstance.py:2614} INFO - Dependencies all met for dep_context=non-requeueable deps ti=<TaskInstance: reddit_yf_scraper.load_to_bigquery manual__2025-04-19T05:15:54.567533+00:00 [queued]>
[2025-04-19T13:17:12.615+0800] {taskinstance.py:2614} INFO - Dependencies all met for dep_context=requeueable deps ti=<TaskInstance: reddit_yf_scraper.load_to_bigquery manual__2025-04-19T05:15:54.567533+00:00 [queued]>
[2025-04-19T13:17:12.615+0800] {taskinstance.py:2867} INFO - Starting attempt 1 of 2
[2025-04-19T13:17:12.620+0800] {taskinstance.py:2890} INFO - Executing <Task(_PythonDecoratedOperator): load_to_bigquery> on 2025-04-19 05:15:54.567533+00:00
[2025-04-19T13:17:12.624+0800] {standard_task_runner.py:72} INFO - Started process 19612 to run task
[2025-04-19T13:17:12.628+0800] {standard_task_runner.py:104} INFO - Running: ['airflow', 'tasks', 'run', 'reddit_yf_scraper', 'load_to_bigquery', 'manual__2025-04-19T05:15:54.567533+00:00', '--job-id', '716', '--raw', '--subdir', 'DAGS_FOLDER/dag.py', '--cfg-path', '/var/folders/2f/rw5w89ss6nl38qvq2cxrh29w0000gn/T/tmpw5hx7dtn']
[2025-04-19T13:17:12.629+0800] {standard_task_runner.py:105} INFO - Job 716: Subtask load_to_bigquery
[2025-04-19T13:17:12.648+0800] {task_command.py:467} INFO - Running <TaskInstance: reddit_yf_scraper.load_to_bigquery manual__2025-04-19T05:15:54.567533+00:00 [running]> on host yueyaos-macbook-pro.local
[2025-04-19T13:17:12.674+0800] {taskinstance.py:3134} INFO - Exporting env vars: AIRFLOW_CTX_DAG_OWNER='airflow' AIRFLOW_CTX_DAG_ID='reddit_yf_scraper' AIRFLOW_CTX_TASK_ID='load_to_bigquery' AIRFLOW_CTX_EXECUTION_DATE='2025-04-19T05:15:54.567533+00:00' AIRFLOW_CTX_TRY_NUMBER='1' AIRFLOW_CTX_DAG_RUN_ID='manual__2025-04-19T05:15:54.567533+00:00'
[2025-04-19T13:17:12.675+0800] {logging_mixin.py:190} INFO - Task instance is in running state
[2025-04-19T13:17:12.675+0800] {logging_mixin.py:190} INFO -  Previous state of the Task instance: queued
[2025-04-19T13:17:12.675+0800] {logging_mixin.py:190} INFO - Current task name:load_to_bigquery state:running start_date:2025-04-19 05:17:12.611626+00:00
[2025-04-19T13:17:12.676+0800] {logging_mixin.py:190} INFO - Dag name:reddit_yf_scraper and current dag run status:running
[2025-04-19T13:17:12.676+0800] {taskinstance.py:732} INFO - ::endgroup::
[2025-04-19T13:17:12.813+0800] {logging_mixin.py:190} INFO - 📤 Uploading /Users/yueyaoz/Downloads/IS3107-FinSum/airflow/processed/AAPL_processed_20250419.csv to BigQuery...
[2025-04-19T13:17:13.432+0800] {logging_mixin.py:190} INFO - ❌ Failed to upload AAPL data: 403 POST https://bigquery.googleapis.com/upload/bigquery/v2/projects/is3107zyy/jobs?uploadType=resumable: Access Denied: Dataset test-62769:finance_project: Permission bigquery.tables.create denied on dataset test-62769:finance_project (or it may not exist).
[2025-04-19T13:17:13.433+0800] {python.py:240} INFO - Done. Returned value was: None
[2025-04-19T13:17:13.440+0800] {taskinstance.py:341} INFO - ::group::Post task execution logs
[2025-04-19T13:17:13.441+0800] {taskinstance.py:353} INFO - Marking task as SUCCESS. dag_id=reddit_yf_scraper, task_id=load_to_bigquery, run_id=manual__2025-04-19T05:15:54.567533+00:00, execution_date=20250419T051554, start_date=20250419T051712, end_date=20250419T051713
[2025-04-19T13:17:13.452+0800] {logging_mixin.py:190} INFO - Task instance in success state
[2025-04-19T13:17:13.453+0800] {logging_mixin.py:190} INFO -  Previous state of the Task instance: running
[2025-04-19T13:17:13.453+0800] {logging_mixin.py:190} INFO - Dag name:reddit_yf_scraper queued_at:2025-04-19 05:15:54.576544+00:00
[2025-04-19T13:17:13.453+0800] {logging_mixin.py:190} INFO - Task hostname:yueyaos-macbook-pro.local operator:_PythonDecoratedOperator
[2025-04-19T13:17:13.486+0800] {local_task_job_runner.py:266} INFO - Task exited with return code 0
[2025-04-19T13:17:13.506+0800] {taskinstance.py:3901} INFO - 1 downstream tasks scheduled from follow-on schedule check
[2025-04-19T13:17:13.507+0800] {local_task_job_runner.py:245} INFO - ::endgroup::
