[2025-04-24T23:50:15.941+0800] {local_task_job_runner.py:123} INFO - ::group::Pre task execution logs
[2025-04-24T23:50:15.948+0800] {taskinstance.py:2614} INFO - Dependencies all met for dep_context=non-requeueable deps ti=<TaskInstance: reddit_yf_scraper.list_gcs_folders scheduled__2025-04-22T19:00:00+00:00 [queued]>
[2025-04-24T23:50:15.952+0800] {taskinstance.py:2614} INFO - Dependencies all met for dep_context=requeueable deps ti=<TaskInstance: reddit_yf_scraper.list_gcs_folders scheduled__2025-04-22T19:00:00+00:00 [queued]>
[2025-04-24T23:50:15.952+0800] {taskinstance.py:2867} INFO - Starting attempt 1 of 2
[2025-04-24T23:50:15.957+0800] {taskinstance.py:2890} INFO - Executing <Task(_PythonDecoratedOperator): list_gcs_folders> on 2025-04-22 19:00:00+00:00
[2025-04-24T23:50:15.961+0800] {standard_task_runner.py:72} INFO - Started process 39974 to run task
[2025-04-24T23:50:15.965+0800] {standard_task_runner.py:104} INFO - Running: ['airflow', 'tasks', 'run', 'reddit_yf_scraper', 'list_gcs_folders', 'scheduled__2025-04-22T19:00:00+00:00', '--job-id', '919', '--raw', '--subdir', 'DAGS_FOLDER/dag.py', '--cfg-path', '/var/folders/2f/rw5w89ss6nl38qvq2cxrh29w0000gn/T/tmpn_uats4l']
[2025-04-24T23:50:15.966+0800] {standard_task_runner.py:105} INFO - Job 919: Subtask list_gcs_folders
[2025-04-24T23:50:15.988+0800] {task_command.py:467} INFO - Running <TaskInstance: reddit_yf_scraper.list_gcs_folders scheduled__2025-04-22T19:00:00+00:00 [running]> on host yueyaos-macbook-pro.local
[2025-04-24T23:50:16.015+0800] {taskinstance.py:3134} INFO - Exporting env vars: AIRFLOW_CTX_DAG_OWNER='airflow' AIRFLOW_CTX_DAG_ID='reddit_yf_scraper' AIRFLOW_CTX_TASK_ID='list_gcs_folders' AIRFLOW_CTX_EXECUTION_DATE='2025-04-22T19:00:00+00:00' AIRFLOW_CTX_TRY_NUMBER='1' AIRFLOW_CTX_DAG_RUN_ID='scheduled__2025-04-22T19:00:00+00:00'
[2025-04-24T23:50:16.016+0800] {logging_mixin.py:190} INFO - Task instance is in running state
[2025-04-24T23:50:16.016+0800] {logging_mixin.py:190} INFO -  Previous state of the Task instance: queued
[2025-04-24T23:50:16.016+0800] {logging_mixin.py:190} INFO - Current task name:list_gcs_folders state:running start_date:2025-04-24 15:50:15.948991+00:00
[2025-04-24T23:50:16.016+0800] {logging_mixin.py:190} INFO - Dag name:reddit_yf_scraper and current dag run status:running
[2025-04-24T23:50:16.016+0800] {taskinstance.py:732} INFO - ::endgroup::
[2025-04-24T23:50:16.020+0800] {connection.py:277} WARNING - Connection schemes (type: google_cloud_platform) shall not contain '_' according to RFC3986.
[2025-04-24T23:50:16.022+0800] {base.py:84} INFO - Retrieving connection 'google_cloud_default'
[2025-04-24T23:50:16.767+0800] {logging_mixin.py:190} INFO - Found folders: ['yf-test', 'reddit-test']
[2025-04-24T23:50:16.768+0800] {python.py:240} INFO - Done. Returned value was: ['yf-test', 'reddit-test']
[2025-04-24T23:50:16.781+0800] {taskinstance.py:341} INFO - ::group::Post task execution logs
[2025-04-24T23:50:16.782+0800] {taskinstance.py:353} INFO - Marking task as SUCCESS. dag_id=reddit_yf_scraper, task_id=list_gcs_folders, run_id=scheduled__2025-04-22T19:00:00+00:00, execution_date=20250422T190000, start_date=20250424T155015, end_date=20250424T155016
[2025-04-24T23:50:16.791+0800] {logging_mixin.py:190} INFO - Task instance in success state
[2025-04-24T23:50:16.791+0800] {logging_mixin.py:190} INFO -  Previous state of the Task instance: running
[2025-04-24T23:50:16.791+0800] {logging_mixin.py:190} INFO - Dag name:reddit_yf_scraper queued_at:2025-04-23 19:16:43.831245+00:00
[2025-04-24T23:50:16.792+0800] {logging_mixin.py:190} INFO - Task hostname:yueyaos-macbook-pro.local operator:_PythonDecoratedOperator
[2025-04-24T23:50:16.812+0800] {local_task_job_runner.py:266} INFO - Task exited with return code 0
[2025-04-24T23:50:16.832+0800] {taskinstance.py:3901} INFO - 2 downstream tasks scheduled from follow-on schedule check
[2025-04-24T23:50:16.833+0800] {local_task_job_runner.py:245} INFO - ::endgroup::
