[2025-04-02T13:05:20.876+0800] {local_task_job_runner.py:123} INFO - ::group::Pre task execution logs
[2025-04-02T13:05:20.885+0800] {taskinstance.py:2614} INFO - Dependencies all met for dep_context=non-requeueable deps ti=<TaskInstance: reddit_yf_scraper.upload_reddit_to_gcs manual__2025-04-02T05:03:42.399550+00:00 [queued]>
[2025-04-02T13:05:20.889+0800] {taskinstance.py:2614} INFO - Dependencies all met for dep_context=requeueable deps ti=<TaskInstance: reddit_yf_scraper.upload_reddit_to_gcs manual__2025-04-02T05:03:42.399550+00:00 [queued]>
[2025-04-02T13:05:20.889+0800] {taskinstance.py:2867} INFO - Starting attempt 1 of 2
[2025-04-02T13:05:20.895+0800] {taskinstance.py:2890} INFO - Executing <Task(LocalFilesystemToGCSOperator): upload_reddit_to_gcs> on 2025-04-02 05:03:42.399550+00:00
[2025-04-02T13:05:20.897+0800] {standard_task_runner.py:72} INFO - Started process 26964 to run task
[2025-04-02T13:05:20.901+0800] {standard_task_runner.py:104} INFO - Running: ['airflow', 'tasks', 'run', 'reddit_yf_scraper', 'upload_reddit_to_gcs', 'manual__2025-04-02T05:03:42.399550+00:00', '--job-id', '235', '--raw', '--subdir', 'DAGS_FOLDER/dag.py', '--cfg-path', '/var/folders/xg/h9xj0trn3dxds251bj2q6hf80000gn/T/tmpyyp5fywd']
[2025-04-02T13:05:20.902+0800] {standard_task_runner.py:105} INFO - Job 235: Subtask upload_reddit_to_gcs
[2025-04-02T13:05:20.924+0800] {task_command.py:467} INFO - Running <TaskInstance: reddit_yf_scraper.upload_reddit_to_gcs manual__2025-04-02T05:03:42.399550+00:00 [running]> on host ervins-macbook-air-2.local
[2025-04-02T13:05:20.955+0800] {taskinstance.py:3134} INFO - Exporting env vars: AIRFLOW_CTX_DAG_OWNER='airflow' AIRFLOW_CTX_DAG_ID='reddit_yf_scraper' AIRFLOW_CTX_TASK_ID='upload_reddit_to_gcs' AIRFLOW_CTX_EXECUTION_DATE='2025-04-02T05:03:42.399550+00:00' AIRFLOW_CTX_TRY_NUMBER='1' AIRFLOW_CTX_DAG_RUN_ID='manual__2025-04-02T05:03:42.399550+00:00'
[2025-04-02T13:05:20.955+0800] {logging_mixin.py:190} INFO - Task instance is in running state
[2025-04-02T13:05:20.956+0800] {logging_mixin.py:190} INFO -  Previous state of the Task instance: queued
[2025-04-02T13:05:20.956+0800] {logging_mixin.py:190} INFO - Current task name:upload_reddit_to_gcs state:running start_date:2025-04-02 05:05:20.885659+00:00
[2025-04-02T13:05:20.956+0800] {logging_mixin.py:190} INFO - Dag name:reddit_yf_scraper and current dag run status:running
[2025-04-02T13:05:20.956+0800] {taskinstance.py:732} INFO - ::endgroup::
[2025-04-02T13:05:20.960+0800] {connection.py:277} WARNING - Connection schemes (type: google_cloud_platform) shall not contain '_' according to RFC3986.
[2025-04-02T13:05:20.962+0800] {base.py:84} INFO - Retrieving connection 'google_cloud_default'
[2025-04-02T13:05:21.645+0800] {gcs.py:579} INFO - File /Users/ervinyeoh/Desktop/unimods/is3107/project/airflow/snp500-reddit-test/NVDA_reddit_20250402.csv uploaded to reddit-test/NVDA_reddit_20250402.csv in my-data-is3107 bucket
[2025-04-02T13:05:21.646+0800] {hook.py:208} WARNING - Data lineage tracking is disabled. Register a hook lineage reader to start tracking hook lineage.
[2025-04-02T13:05:21.657+0800] {taskinstance.py:341} INFO - ::group::Post task execution logs
[2025-04-02T13:05:21.658+0800] {taskinstance.py:353} INFO - Marking task as SUCCESS. dag_id=reddit_yf_scraper, task_id=upload_reddit_to_gcs, run_id=manual__2025-04-02T05:03:42.399550+00:00, execution_date=20250402T050342, start_date=20250402T050520, end_date=20250402T050521
[2025-04-02T13:05:21.670+0800] {logging_mixin.py:190} INFO - Task instance in success state
[2025-04-02T13:05:21.670+0800] {logging_mixin.py:190} INFO -  Previous state of the Task instance: running
[2025-04-02T13:05:21.670+0800] {logging_mixin.py:190} INFO - Dag name:reddit_yf_scraper queued_at:2025-04-02 05:03:42.406757+00:00
[2025-04-02T13:05:21.670+0800] {logging_mixin.py:190} INFO - Task hostname:ervins-macbook-air-2.local operator:LocalFilesystemToGCSOperator
[2025-04-02T13:05:21.711+0800] {local_task_job_runner.py:266} INFO - Task exited with return code 0
[2025-04-02T13:05:21.727+0800] {taskinstance.py:3901} INFO - 0 downstream tasks scheduled from follow-on schedule check
[2025-04-02T13:05:21.728+0800] {local_task_job_runner.py:245} INFO - ::endgroup::
