[2025-03-21T21:36:04.506+0800] {local_task_job_runner.py:123} INFO - ::group::Pre task execution logs
[2025-03-21T21:36:04.511+0800] {taskinstance.py:2614} INFO - Dependencies all met for dep_context=non-requeueable deps ti=<TaskInstance: reddit_yf_scraper.run_yf manual__2025-03-21T13:29:33.265679+00:00 [queued]>
[2025-03-21T21:36:04.513+0800] {taskinstance.py:2614} INFO - Dependencies all met for dep_context=requeueable deps ti=<TaskInstance: reddit_yf_scraper.run_yf manual__2025-03-21T13:29:33.265679+00:00 [queued]>
[2025-03-21T21:36:04.513+0800] {taskinstance.py:2867} INFO - Starting attempt 2 of 2
[2025-03-21T21:36:04.516+0800] {taskinstance.py:2890} INFO - Executing <Task(_PythonDecoratedOperator): run_yf> on 2025-03-21 13:29:33.265679+00:00
[2025-03-21T21:36:04.518+0800] {standard_task_runner.py:72} INFO - Started process 51728 to run task
[2025-03-21T21:36:04.520+0800] {standard_task_runner.py:104} INFO - Running: ['airflow', 'tasks', 'run', 'reddit_yf_scraper', 'run_yf', 'manual__2025-03-21T13:29:33.265679+00:00', '--job-id', '46', '--raw', '--subdir', 'DAGS_FOLDER/dag.py', '--cfg-path', '/var/folders/xg/h9xj0trn3dxds251bj2q6hf80000gn/T/tmpr33i4cb3']
[2025-03-21T21:36:04.521+0800] {standard_task_runner.py:105} INFO - Job 46: Subtask run_yf
[2025-03-21T21:36:04.546+0800] {task_command.py:467} INFO - Running <TaskInstance: reddit_yf_scraper.run_yf manual__2025-03-21T13:29:33.265679+00:00 [running]> on host ervins-air-2
[2025-03-21T21:36:04.566+0800] {taskinstance.py:3134} INFO - Exporting env vars: AIRFLOW_CTX_DAG_OWNER='airflow' AIRFLOW_CTX_DAG_ID='reddit_yf_scraper' AIRFLOW_CTX_TASK_ID='run_yf' AIRFLOW_CTX_EXECUTION_DATE='2025-03-21T13:29:33.265679+00:00' AIRFLOW_CTX_TRY_NUMBER='2' AIRFLOW_CTX_DAG_RUN_ID='manual__2025-03-21T13:29:33.265679+00:00'
[2025-03-21T21:36:04.566+0800] {logging_mixin.py:190} INFO - Task instance is in running state
[2025-03-21T21:36:04.566+0800] {logging_mixin.py:190} INFO -  Previous state of the Task instance: queued
[2025-03-21T21:36:04.567+0800] {logging_mixin.py:190} INFO - Current task name:run_yf state:running start_date:2025-03-21 13:36:04.511527+00:00
[2025-03-21T21:36:04.567+0800] {logging_mixin.py:190} INFO - Dag name:reddit_yf_scraper and current dag run status:running
[2025-03-21T21:36:04.567+0800] {taskinstance.py:732} INFO - ::endgroup::
[2025-03-21T21:36:04.568+0800] {logging_mixin.py:190} INFO - 🔍 Fetching news for AAPL (1/3)...
[2025-03-21T21:36:05.410+0800] {logging_mixin.py:190} INFO - ✅ Saved 1 articles for AAPL
[2025-03-21T21:36:17.413+0800] {logging_mixin.py:190} INFO - 🔍 Fetching news for NVDA (2/3)...
[2025-03-21T21:36:18.322+0800] {logging_mixin.py:190} INFO - ✅ Saved 7 articles for NVDA
[2025-03-21T21:36:30.324+0800] {logging_mixin.py:190} INFO - 🔍 Fetching news for MSFT (3/3)...
[2025-03-21T21:36:31.143+0800] {logging_mixin.py:190} INFO - ✅ Saved 4 articles for MSFT
[2025-03-21T21:36:43.173+0800] {python.py:240} INFO - Done. Returned value was: None
[2025-03-21T21:36:43.214+0800] {taskinstance.py:341} INFO - ::group::Post task execution logs
[2025-03-21T21:36:43.216+0800] {taskinstance.py:353} INFO - Marking task as SUCCESS. dag_id=reddit_yf_scraper, task_id=run_yf, run_id=manual__2025-03-21T13:29:33.265679+00:00, execution_date=20250321T132933, start_date=20250321T133604, end_date=20250321T133643
[2025-03-21T21:36:43.234+0800] {logging_mixin.py:190} INFO - Task instance in success state
[2025-03-21T21:36:43.235+0800] {logging_mixin.py:190} INFO -  Previous state of the Task instance: running
[2025-03-21T21:36:43.235+0800] {logging_mixin.py:190} INFO - Dag name:reddit_yf_scraper queued_at:2025-03-21 13:29:33.270858+00:00
[2025-03-21T21:36:43.235+0800] {logging_mixin.py:190} INFO - Task hostname:ervins-air-2 operator:_PythonDecoratedOperator
[2025-03-21T21:36:43.270+0800] {local_task_job_runner.py:266} INFO - Task exited with return code 0
[2025-03-21T21:36:43.290+0800] {taskinstance.py:3901} INFO - 1 downstream tasks scheduled from follow-on schedule check
[2025-03-21T21:36:43.291+0800] {local_task_job_runner.py:245} INFO - ::endgroup::
