[2025-03-22T13:01:13.666+0800] {local_task_job_runner.py:123} INFO - ::group::Pre task execution logs
[2025-03-22T13:01:13.674+0800] {taskinstance.py:2614} INFO - Dependencies all met for dep_context=non-requeueable deps ti=<TaskInstance: reddit_yf_scraper.run_yf manual__2025-03-22T05:01:03.372028+00:00 [queued]>
[2025-03-22T13:01:13.677+0800] {taskinstance.py:2614} INFO - Dependencies all met for dep_context=requeueable deps ti=<TaskInstance: reddit_yf_scraper.run_yf manual__2025-03-22T05:01:03.372028+00:00 [queued]>
[2025-03-22T13:01:13.677+0800] {taskinstance.py:2867} INFO - Starting attempt 1 of 2
[2025-03-22T13:01:13.683+0800] {taskinstance.py:2890} INFO - Executing <Task(_PythonDecoratedOperator): run_yf> on 2025-03-22 05:01:03.372028+00:00
[2025-03-22T13:01:13.685+0800] {standard_task_runner.py:72} INFO - Started process 69136 to run task
[2025-03-22T13:01:13.689+0800] {standard_task_runner.py:104} INFO - Running: ['airflow', 'tasks', 'run', 'reddit_yf_scraper', 'run_yf', 'manual__2025-03-22T05:01:03.372028+00:00', '--job-id', '113', '--raw', '--subdir', 'DAGS_FOLDER/dag.py', '--cfg-path', '/var/folders/xg/h9xj0trn3dxds251bj2q6hf80000gn/T/tmp8pqcwibj']
[2025-03-22T13:01:13.690+0800] {standard_task_runner.py:105} INFO - Job 113: Subtask run_yf
[2025-03-22T13:01:13.720+0800] {task_command.py:467} INFO - Running <TaskInstance: reddit_yf_scraper.run_yf manual__2025-03-22T05:01:03.372028+00:00 [running]> on host ervins-air-2
[2025-03-22T13:01:13.757+0800] {taskinstance.py:3134} INFO - Exporting env vars: AIRFLOW_CTX_DAG_OWNER='airflow' AIRFLOW_CTX_DAG_ID='reddit_yf_scraper' AIRFLOW_CTX_TASK_ID='run_yf' AIRFLOW_CTX_EXECUTION_DATE='2025-03-22T05:01:03.372028+00:00' AIRFLOW_CTX_TRY_NUMBER='1' AIRFLOW_CTX_DAG_RUN_ID='manual__2025-03-22T05:01:03.372028+00:00'
[2025-03-22T13:01:13.758+0800] {logging_mixin.py:190} INFO - Task instance is in running state
[2025-03-22T13:01:13.758+0800] {logging_mixin.py:190} INFO -  Previous state of the Task instance: queued
[2025-03-22T13:01:13.758+0800] {logging_mixin.py:190} INFO - Current task name:run_yf state:running start_date:2025-03-22 05:01:13.674696+00:00
[2025-03-22T13:01:13.758+0800] {logging_mixin.py:190} INFO - Dag name:reddit_yf_scraper and current dag run status:running
[2025-03-22T13:01:13.759+0800] {taskinstance.py:732} INFO - ::endgroup::
[2025-03-22T13:01:13.759+0800] {logging_mixin.py:190} INFO - 🔍 Fetching news for AAPL (1/10)...
[2025-03-22T13:01:15.304+0800] {logging_mixin.py:190} INFO - ✅ Saved 2 articles for AAPL
[2025-03-22T13:01:27.308+0800] {logging_mixin.py:190} INFO - 🔍 Fetching news for NVDA (2/10)...
[2025-03-22T13:01:28.212+0800] {logging_mixin.py:190} INFO - ✅ Saved 10 articles for NVDA
[2025-03-22T13:01:40.216+0800] {logging_mixin.py:190} INFO - 🔍 Fetching news for MSFT (3/10)...
[2025-03-22T13:01:41.003+0800] {logging_mixin.py:190} INFO - ✅ Saved 5 articles for MSFT
[2025-03-22T13:01:53.006+0800] {logging_mixin.py:190} INFO - 🔍 Fetching news for AMZN (4/10)...
[2025-03-22T13:01:54.034+0800] {logging_mixin.py:190} INFO - ✅ Saved 10 articles for AMZN
[2025-03-22T13:02:06.037+0800] {logging_mixin.py:190} INFO - 🔍 Fetching news for GOOGL (5/10)...
[2025-03-22T13:02:06.809+0800] {logging_mixin.py:190} INFO - ✅ Saved 6 articles for GOOGL
[2025-03-22T13:02:18.813+0800] {logging_mixin.py:190} INFO - 🔍 Fetching news for GOOG (6/10)...
[2025-03-22T13:02:19.511+0800] {logging_mixin.py:190} INFO - ✅ Saved 6 articles for GOOG
[2025-03-22T13:02:31.516+0800] {logging_mixin.py:190} INFO - 🔍 Fetching news for META (7/10)...
[2025-03-22T13:02:32.512+0800] {logging_mixin.py:190} INFO - ✅ Saved 4 articles for META
[2025-03-22T13:02:44.517+0800] {logging_mixin.py:190} INFO - 🔍 Fetching news for TSLA (8/10)...
[2025-03-22T13:02:45.348+0800] {logging_mixin.py:190} INFO - ✅ Saved 9 articles for TSLA
[2025-03-22T13:02:57.353+0800] {logging_mixin.py:190} INFO - 🔍 Fetching news for AVGO (9/10)...
[2025-03-22T13:02:58.222+0800] {logging_mixin.py:190} INFO - ✅ Saved 4 articles for AVGO
[2025-03-22T13:03:10.226+0800] {logging_mixin.py:190} INFO - 🔍 Fetching news for BRK-B (10/10)...
[2025-03-22T13:03:22.965+0800] {python.py:240} INFO - Done. Returned value was: None
[2025-03-22T13:03:22.983+0800] {taskinstance.py:341} INFO - ::group::Post task execution logs
[2025-03-22T13:03:22.984+0800] {taskinstance.py:353} INFO - Marking task as SUCCESS. dag_id=reddit_yf_scraper, task_id=run_yf, run_id=manual__2025-03-22T05:01:03.372028+00:00, execution_date=20250322T050103, start_date=20250322T050113, end_date=20250322T050322
[2025-03-22T13:03:23.007+0800] {logging_mixin.py:190} INFO - Task instance in success state
[2025-03-22T13:03:23.008+0800] {logging_mixin.py:190} INFO -  Previous state of the Task instance: running
[2025-03-22T13:03:23.008+0800] {logging_mixin.py:190} INFO - Dag name:reddit_yf_scraper queued_at:2025-03-22 05:01:03.392781+00:00
[2025-03-22T13:03:23.008+0800] {logging_mixin.py:190} INFO - Task hostname:ervins-air-2 operator:_PythonDecoratedOperator
[2025-03-22T13:03:23.045+0800] {local_task_job_runner.py:266} INFO - Task exited with return code 0
[2025-03-22T13:03:23.062+0800] {taskinstance.py:3901} INFO - 1 downstream tasks scheduled from follow-on schedule check
[2025-03-22T13:03:23.063+0800] {local_task_job_runner.py:245} INFO - ::endgroup::
