[2025-04-18T23:06:36.924+0800] {local_task_job_runner.py:123} INFO - ::group::Pre task execution logs
[2025-04-18T23:06:36.930+0800] {taskinstance.py:2614} INFO - Dependencies all met for dep_context=non-requeueable deps ti=<TaskInstance: reddit_yf_scraper.download_files_from_gcs__1 manual__2025-04-18T15:05:36.966825+00:00 [queued]>
[2025-04-18T23:06:36.933+0800] {taskinstance.py:2614} INFO - Dependencies all met for dep_context=requeueable deps ti=<TaskInstance: reddit_yf_scraper.download_files_from_gcs__1 manual__2025-04-18T15:05:36.966825+00:00 [queued]>
[2025-04-18T23:06:36.933+0800] {taskinstance.py:2867} INFO - Starting attempt 1 of 2
[2025-04-18T23:06:36.938+0800] {taskinstance.py:2890} INFO - Executing <Task(_PythonDecoratedOperator): download_files_from_gcs__1> on 2025-04-18 15:05:36.966825+00:00
[2025-04-18T23:06:36.942+0800] {standard_task_runner.py:72} INFO - Started process 2289 to run task
[2025-04-18T23:06:36.945+0800] {standard_task_runner.py:104} INFO - Running: ['airflow', 'tasks', 'run', 'reddit_yf_scraper', 'download_files_from_gcs__1', 'manual__2025-04-18T15:05:36.966825+00:00', '--job-id', '594', '--raw', '--subdir', 'DAGS_FOLDER/dag.py', '--cfg-path', '/var/folders/2f/rw5w89ss6nl38qvq2cxrh29w0000gn/T/tmptwg1zfey']
[2025-04-18T23:06:36.946+0800] {standard_task_runner.py:105} INFO - Job 594: Subtask download_files_from_gcs__1
[2025-04-18T23:06:36.966+0800] {task_command.py:467} INFO - Running <TaskInstance: reddit_yf_scraper.download_files_from_gcs__1 manual__2025-04-18T15:05:36.966825+00:00 [running]> on host yueyaos-macbook-pro.local
[2025-04-18T23:06:37.031+0800] {taskinstance.py:3134} INFO - Exporting env vars: AIRFLOW_CTX_DAG_OWNER='airflow' AIRFLOW_CTX_DAG_ID='reddit_yf_scraper' AIRFLOW_CTX_TASK_ID='download_files_from_gcs__1' AIRFLOW_CTX_EXECUTION_DATE='2025-04-18T15:05:36.966825+00:00' AIRFLOW_CTX_TRY_NUMBER='1' AIRFLOW_CTX_DAG_RUN_ID='manual__2025-04-18T15:05:36.966825+00:00'
[2025-04-18T23:06:37.032+0800] {logging_mixin.py:190} INFO - Task instance is in running state
[2025-04-18T23:06:37.032+0800] {logging_mixin.py:190} INFO -  Previous state of the Task instance: queued
[2025-04-18T23:06:37.032+0800] {logging_mixin.py:190} INFO - Current task name:download_files_from_gcs__1 state:running start_date:2025-04-18 15:06:36.930670+00:00
[2025-04-18T23:06:37.032+0800] {logging_mixin.py:190} INFO - Dag name:reddit_yf_scraper and current dag run status:running
[2025-04-18T23:06:37.033+0800] {taskinstance.py:732} INFO - ::endgroup::
[2025-04-18T23:06:38.405+0800] {logging_mixin.py:190} INFO - 📥 Downloading: yf-test/AAPL_yf_20250418.csv to /Users/yueyaoz/Downloads/IS3107-FinSum/airflow/downloads/yf/AAPL_yf_20250418.csv
[2025-04-18T23:06:38.714+0800] {logging_mixin.py:190} INFO - ✅ Downloaded to: /Users/yueyaoz/Downloads/IS3107-FinSum/airflow/downloads/yf/AAPL_yf_20250418.csv
[2025-04-18T23:06:38.714+0800] {python.py:240} INFO - Done. Returned value was: None
[2025-04-18T23:06:38.719+0800] {taskinstance.py:341} INFO - ::group::Post task execution logs
[2025-04-18T23:06:38.720+0800] {taskinstance.py:353} INFO - Marking task as SUCCESS. dag_id=reddit_yf_scraper, task_id=download_files_from_gcs__1, run_id=manual__2025-04-18T15:05:36.966825+00:00, execution_date=20250418T150536, start_date=20250418T150636, end_date=20250418T150638
[2025-04-18T23:06:38.731+0800] {logging_mixin.py:190} INFO - Task instance in success state
[2025-04-18T23:06:38.731+0800] {logging_mixin.py:190} INFO -  Previous state of the Task instance: running
[2025-04-18T23:06:38.731+0800] {logging_mixin.py:190} INFO - Dag name:reddit_yf_scraper queued_at:2025-04-18 15:05:36.980196+00:00
[2025-04-18T23:06:38.732+0800] {logging_mixin.py:190} INFO - Task hostname:yueyaos-macbook-pro.local operator:_PythonDecoratedOperator
[2025-04-18T23:06:38.761+0800] {local_task_job_runner.py:266} INFO - Task exited with return code 0
[2025-04-18T23:06:38.780+0800] {taskinstance.py:3901} INFO - 0 downstream tasks scheduled from follow-on schedule check
[2025-04-18T23:06:38.781+0800] {local_task_job_runner.py:245} INFO - ::endgroup::
