[2025-04-21T16:34:59.714+0800] {local_task_job_runner.py:123} INFO - ::group::Pre task execution logs
[2025-04-21T16:34:59.720+0800] {taskinstance.py:2614} INFO - Dependencies all met for dep_context=non-requeueable deps ti=<TaskInstance: reddit_yf_scraper.preprocess_and_aggregate manual__2025-04-21T08:02:36.494628+00:00 [queued]>
[2025-04-21T16:34:59.723+0800] {taskinstance.py:2614} INFO - Dependencies all met for dep_context=requeueable deps ti=<TaskInstance: reddit_yf_scraper.preprocess_and_aggregate manual__2025-04-21T08:02:36.494628+00:00 [queued]>
[2025-04-21T16:34:59.723+0800] {taskinstance.py:2867} INFO - Starting attempt 1 of 2
[2025-04-21T16:34:59.728+0800] {taskinstance.py:2890} INFO - Executing <Task(_PythonDecoratedOperator): preprocess_and_aggregate> on 2025-04-21 08:02:36.494628+00:00
[2025-04-21T16:34:59.732+0800] {standard_task_runner.py:72} INFO - Started process 9010 to run task
[2025-04-21T16:34:59.736+0800] {standard_task_runner.py:104} INFO - Running: ['airflow', 'tasks', 'run', 'reddit_yf_scraper', 'preprocess_and_aggregate', 'manual__2025-04-21T08:02:36.494628+00:00', '--job-id', '854', '--raw', '--subdir', 'DAGS_FOLDER/dag.py', '--cfg-path', '/var/folders/2f/rw5w89ss6nl38qvq2cxrh29w0000gn/T/tmpl5mlf2xq']
[2025-04-21T16:34:59.737+0800] {standard_task_runner.py:105} INFO - Job 854: Subtask preprocess_and_aggregate
[2025-04-21T16:34:59.758+0800] {task_command.py:467} INFO - Running <TaskInstance: reddit_yf_scraper.preprocess_and_aggregate manual__2025-04-21T08:02:36.494628+00:00 [running]> on host yueyaos-macbook-pro.local
[2025-04-21T16:34:59.785+0800] {taskinstance.py:3134} INFO - Exporting env vars: AIRFLOW_CTX_DAG_OWNER='airflow' AIRFLOW_CTX_DAG_ID='reddit_yf_scraper' AIRFLOW_CTX_TASK_ID='preprocess_and_aggregate' AIRFLOW_CTX_EXECUTION_DATE='2025-04-21T08:02:36.494628+00:00' AIRFLOW_CTX_TRY_NUMBER='1' AIRFLOW_CTX_DAG_RUN_ID='manual__2025-04-21T08:02:36.494628+00:00'
[2025-04-21T16:34:59.786+0800] {logging_mixin.py:190} INFO - Task instance is in running state
[2025-04-21T16:34:59.786+0800] {logging_mixin.py:190} INFO -  Previous state of the Task instance: queued
[2025-04-21T16:34:59.786+0800] {logging_mixin.py:190} INFO - Current task name:preprocess_and_aggregate state:running start_date:2025-04-21 08:34:59.720766+00:00
[2025-04-21T16:34:59.786+0800] {logging_mixin.py:190} INFO - Dag name:reddit_yf_scraper and current dag run status:running
[2025-04-21T16:34:59.786+0800] {taskinstance.py:732} INFO - ::endgroup::
[2025-04-21T16:35:01.683+0800] {logging_mixin.py:190} INFO - ✅ Processed and saved: /Users/yueyaoz/Downloads/IS3107-FinSum/airflow/processed/ABNB_processed_20250421.csv
[2025-04-21T16:35:03.283+0800] {logging_mixin.py:190} INFO - ✅ Processed and saved: /Users/yueyaoz/Downloads/IS3107-FinSum/airflow/processed/ALB_processed_20250421.csv
[2025-04-21T16:35:04.848+0800] {logging_mixin.py:190} INFO - ✅ Processed and saved: /Users/yueyaoz/Downloads/IS3107-FinSum/airflow/processed/AMCR_processed_20250421.csv
[2025-04-21T16:35:06.490+0800] {logging_mixin.py:190} WARNING - /Users/yueyaoz/Downloads/IS3107-FinSum/airflow/dags/dag.py:330 FutureWarning: The behavior of DataFrame concatenation with empty or all-NA entries is deprecated. In a future version, this will no longer exclude empty or all-NA columns when determining the result dtypes. To retain the old behavior, exclude the relevant entries before the concat operation.
[2025-04-21T16:35:06.501+0800] {logging_mixin.py:190} INFO - ✅ Processed and saved: /Users/yueyaoz/Downloads/IS3107-FinSum/airflow/processed/AMZN_processed_20250421.csv
[2025-04-21T16:35:07.925+0800] {logging_mixin.py:190} INFO - ✅ Processed and saved: /Users/yueyaoz/Downloads/IS3107-FinSum/airflow/processed/APD_processed_20250421.csv
[2025-04-21T16:35:09.462+0800] {logging_mixin.py:190} INFO - ✅ Processed and saved: /Users/yueyaoz/Downloads/IS3107-FinSum/airflow/processed/APTV_processed_20250421.csv
[2025-04-21T16:35:11.100+0800] {logging_mixin.py:190} INFO - ✅ Processed and saved: /Users/yueyaoz/Downloads/IS3107-FinSum/airflow/processed/AVY_processed_20250421.csv
[2025-04-21T16:35:12.527+0800] {logging_mixin.py:190} WARNING - /Users/yueyaoz/Downloads/IS3107-FinSum/airflow/dags/dag.py:330 FutureWarning: The behavior of DataFrame concatenation with empty or all-NA entries is deprecated. In a future version, this will no longer exclude empty or all-NA columns when determining the result dtypes. To retain the old behavior, exclude the relevant entries before the concat operation.
[2025-04-21T16:35:12.537+0800] {logging_mixin.py:190} INFO - ✅ Processed and saved: /Users/yueyaoz/Downloads/IS3107-FinSum/airflow/processed/AZO_processed_20250421.csv
[2025-04-21T16:35:14.070+0800] {logging_mixin.py:190} INFO - ✅ Processed and saved: /Users/yueyaoz/Downloads/IS3107-FinSum/airflow/processed/BALL_processed_20250421.csv
[2025-04-21T16:35:15.606+0800] {logging_mixin.py:190} INFO - ✅ Processed and saved: /Users/yueyaoz/Downloads/IS3107-FinSum/airflow/processed/BBY_processed_20250421.csv
[2025-04-21T16:35:17.144+0800] {logging_mixin.py:190} INFO - ✅ Processed and saved: /Users/yueyaoz/Downloads/IS3107-FinSum/airflow/processed/BKNG_processed_20250421.csv
[2025-04-21T16:35:18.587+0800] {logging_mixin.py:190} INFO - ✅ Processed and saved: /Users/yueyaoz/Downloads/IS3107-FinSum/airflow/processed/BWA_processed_20250421.csv
[2025-04-21T16:35:19.881+0800] {logging_mixin.py:190} INFO - ✅ Processed and saved: /Users/yueyaoz/Downloads/IS3107-FinSum/airflow/processed/CCL_processed_20250421.csv
[2025-04-21T16:35:21.443+0800] {logging_mixin.py:190} INFO - ✅ Processed and saved: /Users/yueyaoz/Downloads/IS3107-FinSum/airflow/processed/CE_processed_20250421.csv
[2025-04-21T16:35:22.877+0800] {logging_mixin.py:190} INFO - ✅ Processed and saved: /Users/yueyaoz/Downloads/IS3107-FinSum/airflow/processed/CF_processed_20250421.csv
[2025-04-21T16:35:24.310+0800] {logging_mixin.py:190} INFO - ✅ Processed and saved: /Users/yueyaoz/Downloads/IS3107-FinSum/airflow/processed/CHTR_processed_20250421.csv
[2025-04-21T16:35:25.640+0800] {logging_mixin.py:190} INFO - ✅ Processed and saved: /Users/yueyaoz/Downloads/IS3107-FinSum/airflow/processed/CMCSA_processed_20250421.csv
[2025-04-21T16:35:27.074+0800] {logging_mixin.py:190} INFO - ✅ Processed and saved: /Users/yueyaoz/Downloads/IS3107-FinSum/airflow/processed/CMG_processed_20250421.csv
[2025-04-21T16:35:28.612+0800] {logging_mixin.py:190} INFO - ✅ Processed and saved: /Users/yueyaoz/Downloads/IS3107-FinSum/airflow/processed/CTVA_processed_20250421.csv
[2025-04-21T16:35:29.839+0800] {logging_mixin.py:190} INFO - ✅ Processed and saved: /Users/yueyaoz/Downloads/IS3107-FinSum/airflow/processed/CZR_processed_20250421.csv
[2025-04-21T16:35:33.109+0800] {logging_mixin.py:190} WARNING - /Users/yueyaoz/Downloads/IS3107-FinSum/airflow/dags/dag.py:330 FutureWarning: The behavior of DataFrame concatenation with empty or all-NA entries is deprecated. In a future version, this will no longer exclude empty or all-NA columns when determining the result dtypes. To retain the old behavior, exclude the relevant entries before the concat operation.
[2025-04-21T16:35:33.119+0800] {logging_mixin.py:190} INFO - ✅ Processed and saved: /Users/yueyaoz/Downloads/IS3107-FinSum/airflow/processed/DD_processed_20250421.csv
[2025-04-21T16:35:34.441+0800] {logging_mixin.py:190} INFO - ✅ Processed and saved: /Users/yueyaoz/Downloads/IS3107-FinSum/airflow/processed/DECK_processed_20250421.csv
[2025-04-21T16:35:35.653+0800] {logging_mixin.py:190} INFO - ✅ Processed and saved: /Users/yueyaoz/Downloads/IS3107-FinSum/airflow/processed/DHI_processed_20250421.csv
[2025-04-21T16:35:36.914+0800] {logging_mixin.py:190} INFO - ✅ Processed and saved: /Users/yueyaoz/Downloads/IS3107-FinSum/airflow/processed/DIS_processed_20250421.csv
[2025-04-21T16:35:38.235+0800] {logging_mixin.py:190} INFO - ✅ Processed and saved: /Users/yueyaoz/Downloads/IS3107-FinSum/airflow/processed/DOW_processed_20250421.csv
[2025-04-21T16:35:39.561+0800] {logging_mixin.py:190} INFO - ✅ Processed and saved: /Users/yueyaoz/Downloads/IS3107-FinSum/airflow/processed/DPZ_processed_20250421.csv
[2025-04-21T16:35:40.901+0800] {logging_mixin.py:190} INFO - ✅ Processed and saved: /Users/yueyaoz/Downloads/IS3107-FinSum/airflow/processed/DRI_processed_20250421.csv
[2025-04-21T16:35:42.229+0800] {logging_mixin.py:190} INFO - ✅ Processed and saved: /Users/yueyaoz/Downloads/IS3107-FinSum/airflow/processed/EA_processed_20250421.csv
[2025-04-21T16:35:43.643+0800] {logging_mixin.py:190} INFO - ✅ Processed and saved: /Users/yueyaoz/Downloads/IS3107-FinSum/airflow/processed/EBAY_processed_20250421.csv
[2025-04-21T16:35:44.872+0800] {logging_mixin.py:190} INFO - ✅ Processed and saved: /Users/yueyaoz/Downloads/IS3107-FinSum/airflow/processed/ECL_processed_20250421.csv
[2025-04-21T16:35:46.234+0800] {logging_mixin.py:190} INFO - ✅ Processed and saved: /Users/yueyaoz/Downloads/IS3107-FinSum/airflow/processed/EMN_processed_20250421.csv
[2025-04-21T16:35:47.555+0800] {logging_mixin.py:190} INFO - ✅ Processed and saved: /Users/yueyaoz/Downloads/IS3107-FinSum/airflow/processed/EXPE_processed_20250421.csv
[2025-04-21T16:35:48.989+0800] {logging_mixin.py:190} INFO - ✅ Processed and saved: /Users/yueyaoz/Downloads/IS3107-FinSum/airflow/processed/F_processed_20250421.csv
[2025-04-21T16:35:50.216+0800] {logging_mixin.py:190} INFO - ✅ Processed and saved: /Users/yueyaoz/Downloads/IS3107-FinSum/airflow/processed/FCX_processed_20250421.csv
[2025-04-21T16:35:51.567+0800] {logging_mixin.py:190} INFO - ✅ Processed and saved: /Users/yueyaoz/Downloads/IS3107-FinSum/airflow/processed/FMC_processed_20250421.csv
[2025-04-21T16:35:53.085+0800] {logging_mixin.py:190} INFO - ✅ Processed and saved: /Users/yueyaoz/Downloads/IS3107-FinSum/airflow/processed/FOX_processed_20250421.csv
[2025-04-21T16:35:54.518+0800] {logging_mixin.py:190} INFO - ✅ Processed and saved: /Users/yueyaoz/Downloads/IS3107-FinSum/airflow/processed/FOXA_processed_20250421.csv
[2025-04-21T16:35:55.951+0800] {logging_mixin.py:190} INFO - ✅ Processed and saved: /Users/yueyaoz/Downloads/IS3107-FinSum/airflow/processed/GM_processed_20250421.csv
[2025-04-21T16:35:57.385+0800] {logging_mixin.py:190} INFO - ✅ Processed and saved: /Users/yueyaoz/Downloads/IS3107-FinSum/airflow/processed/GOOG_processed_20250421.csv
[2025-04-21T16:35:58.808+0800] {logging_mixin.py:190} WARNING - /Users/yueyaoz/Downloads/IS3107-FinSum/airflow/dags/dag.py:330 FutureWarning: The behavior of DataFrame concatenation with empty or all-NA entries is deprecated. In a future version, this will no longer exclude empty or all-NA columns when determining the result dtypes. To retain the old behavior, exclude the relevant entries before the concat operation.
[2025-04-21T16:35:58.817+0800] {logging_mixin.py:190} INFO - ✅ Processed and saved: /Users/yueyaoz/Downloads/IS3107-FinSum/airflow/processed/GOOGL_processed_20250421.csv
[2025-04-21T16:36:00.257+0800] {logging_mixin.py:190} INFO - ✅ Processed and saved: /Users/yueyaoz/Downloads/IS3107-FinSum/airflow/processed/GPC_processed_20250421.csv
[2025-04-21T16:36:01.574+0800] {logging_mixin.py:190} WARNING - /Users/yueyaoz/Downloads/IS3107-FinSum/airflow/dags/dag.py:330 FutureWarning: The behavior of DataFrame concatenation with empty or all-NA entries is deprecated. In a future version, this will no longer exclude empty or all-NA columns when determining the result dtypes. To retain the old behavior, exclude the relevant entries before the concat operation.
[2025-04-21T16:36:01.583+0800] {logging_mixin.py:190} INFO - ✅ Processed and saved: /Users/yueyaoz/Downloads/IS3107-FinSum/airflow/processed/HAS_processed_20250421.csv
[2025-04-21T16:36:03.013+0800] {logging_mixin.py:190} INFO - ✅ Processed and saved: /Users/yueyaoz/Downloads/IS3107-FinSum/airflow/processed/HD_processed_20250421.csv
[2025-04-21T16:36:04.253+0800] {logging_mixin.py:190} INFO - ✅ Processed and saved: /Users/yueyaoz/Downloads/IS3107-FinSum/airflow/processed/HLT_processed_20250421.csv
[2025-04-21T16:36:05.678+0800] {logging_mixin.py:190} INFO - ✅ Processed and saved: /Users/yueyaoz/Downloads/IS3107-FinSum/airflow/processed/IFF_processed_20250421.csv
[2025-04-21T16:36:07.203+0800] {logging_mixin.py:190} WARNING - /Users/yueyaoz/Downloads/IS3107-FinSum/airflow/dags/dag.py:330 FutureWarning: The behavior of DataFrame concatenation with empty or all-NA entries is deprecated. In a future version, this will no longer exclude empty or all-NA columns when determining the result dtypes. To retain the old behavior, exclude the relevant entries before the concat operation.
[2025-04-21T16:36:07.212+0800] {logging_mixin.py:190} INFO - ✅ Processed and saved: /Users/yueyaoz/Downloads/IS3107-FinSum/airflow/processed/IP_processed_20250421.csv
[2025-04-21T16:36:08.647+0800] {logging_mixin.py:190} INFO - ✅ Processed and saved: /Users/yueyaoz/Downloads/IS3107-FinSum/airflow/processed/IPG_processed_20250421.csv
[2025-04-21T16:36:10.081+0800] {logging_mixin.py:190} INFO - ✅ Processed and saved: /Users/yueyaoz/Downloads/IS3107-FinSum/airflow/processed/KMX_processed_20250421.csv
[2025-04-21T16:36:11.415+0800] {logging_mixin.py:190} INFO - ✅ Processed and saved: /Users/yueyaoz/Downloads/IS3107-FinSum/airflow/processed/LEN_processed_20250421.csv
[2025-04-21T16:36:12.744+0800] {logging_mixin.py:190} INFO - ✅ Processed and saved: /Users/yueyaoz/Downloads/IS3107-FinSum/airflow/processed/LIN_processed_20250421.csv
[2025-04-21T16:36:14.276+0800] {logging_mixin.py:190} INFO - ✅ Processed and saved: /Users/yueyaoz/Downloads/IS3107-FinSum/airflow/processed/LKQ_processed_20250421.csv
[2025-04-21T16:36:16.014+0800] {logging_mixin.py:190} WARNING - /Users/yueyaoz/Downloads/IS3107-FinSum/airflow/dags/dag.py:330 FutureWarning: The behavior of DataFrame concatenation with empty or all-NA entries is deprecated. In a future version, this will no longer exclude empty or all-NA columns when determining the result dtypes. To retain the old behavior, exclude the relevant entries before the concat operation.
[2025-04-21T16:36:16.022+0800] {logging_mixin.py:190} INFO - ✅ Processed and saved: /Users/yueyaoz/Downloads/IS3107-FinSum/airflow/processed/LOW_processed_20250421.csv
[2025-04-21T16:36:17.448+0800] {logging_mixin.py:190} INFO - ✅ Processed and saved: /Users/yueyaoz/Downloads/IS3107-FinSum/airflow/processed/LULU_processed_20250421.csv
[2025-04-21T16:36:18.787+0800] {logging_mixin.py:190} INFO - ✅ Processed and saved: /Users/yueyaoz/Downloads/IS3107-FinSum/airflow/processed/LVS_processed_20250421.csv
[2025-04-21T16:36:20.115+0800] {logging_mixin.py:190} INFO - ✅ Processed and saved: /Users/yueyaoz/Downloads/IS3107-FinSum/airflow/processed/LYB_processed_20250421.csv
[2025-04-21T16:36:21.545+0800] {logging_mixin.py:190} INFO - ✅ Processed and saved: /Users/yueyaoz/Downloads/IS3107-FinSum/airflow/processed/LYV_processed_20250421.csv
[2025-04-21T16:36:22.984+0800] {logging_mixin.py:190} INFO - ✅ Processed and saved: /Users/yueyaoz/Downloads/IS3107-FinSum/airflow/processed/MAR_processed_20250421.csv
[2025-04-21T16:36:24.519+0800] {logging_mixin.py:190} INFO - ✅ Processed and saved: /Users/yueyaoz/Downloads/IS3107-FinSum/airflow/processed/MCD_processed_20250421.csv
[2025-04-21T16:36:25.739+0800] {logging_mixin.py:190} WARNING - /Users/yueyaoz/Downloads/IS3107-FinSum/airflow/dags/dag.py:330 FutureWarning: The behavior of DataFrame concatenation with empty or all-NA entries is deprecated. In a future version, this will no longer exclude empty or all-NA columns when determining the result dtypes. To retain the old behavior, exclude the relevant entries before the concat operation.
[2025-04-21T16:36:25.750+0800] {logging_mixin.py:190} INFO - ✅ Processed and saved: /Users/yueyaoz/Downloads/IS3107-FinSum/airflow/processed/META_processed_20250421.csv
[2025-04-21T16:36:27.188+0800] {logging_mixin.py:190} INFO - ✅ Processed and saved: /Users/yueyaoz/Downloads/IS3107-FinSum/airflow/processed/MGM_processed_20250421.csv
[2025-04-21T16:36:28.520+0800] {logging_mixin.py:190} INFO - ✅ Processed and saved: /Users/yueyaoz/Downloads/IS3107-FinSum/airflow/processed/MHK_processed_20250421.csv
[2025-04-21T16:36:30.152+0800] {logging_mixin.py:190} INFO - ✅ Processed and saved: /Users/yueyaoz/Downloads/IS3107-FinSum/airflow/processed/MLM_processed_20250421.csv
[2025-04-21T16:36:31.589+0800] {logging_mixin.py:190} INFO - ✅ Processed and saved: /Users/yueyaoz/Downloads/IS3107-FinSum/airflow/processed/MOS_processed_20250421.csv
[2025-04-21T16:36:32.917+0800] {logging_mixin.py:190} INFO - ✅ Processed and saved: /Users/yueyaoz/Downloads/IS3107-FinSum/airflow/processed/MTCH_processed_20250421.csv
[2025-04-21T16:36:34.451+0800] {logging_mixin.py:190} INFO - ✅ Processed and saved: /Users/yueyaoz/Downloads/IS3107-FinSum/airflow/processed/NCLH_processed_20250421.csv
[2025-04-21T16:36:35.879+0800] {logging_mixin.py:190} INFO - ✅ Processed and saved: /Users/yueyaoz/Downloads/IS3107-FinSum/airflow/processed/NEM_processed_20250421.csv
[2025-04-21T16:36:37.415+0800] {logging_mixin.py:190} WARNING - /Users/yueyaoz/Downloads/IS3107-FinSum/airflow/dags/dag.py:330 FutureWarning: The behavior of DataFrame concatenation with empty or all-NA entries is deprecated. In a future version, this will no longer exclude empty or all-NA columns when determining the result dtypes. To retain the old behavior, exclude the relevant entries before the concat operation.
[2025-04-21T16:36:37.425+0800] {logging_mixin.py:190} INFO - ✅ Processed and saved: /Users/yueyaoz/Downloads/IS3107-FinSum/airflow/processed/NFLX_processed_20250421.csv
[2025-04-21T16:36:38.754+0800] {logging_mixin.py:190} INFO - ✅ Processed and saved: /Users/yueyaoz/Downloads/IS3107-FinSum/airflow/processed/NKE_processed_20250421.csv
[2025-04-21T16:36:39.976+0800] {logging_mixin.py:190} INFO - ✅ Processed and saved: /Users/yueyaoz/Downloads/IS3107-FinSum/airflow/processed/NUE_processed_20250421.csv
[2025-04-21T16:36:41.315+0800] {logging_mixin.py:190} INFO - ✅ Processed and saved: /Users/yueyaoz/Downloads/IS3107-FinSum/airflow/processed/NVR_processed_20250421.csv
[2025-04-21T16:36:42.541+0800] {logging_mixin.py:190} INFO - ✅ Processed and saved: /Users/yueyaoz/Downloads/IS3107-FinSum/airflow/processed/NWS_processed_20250421.csv
[2025-04-21T16:36:43.836+0800] {logging_mixin.py:190} INFO - ✅ Processed and saved: /Users/yueyaoz/Downloads/IS3107-FinSum/airflow/processed/NWSA_processed_20250421.csv
[2025-04-21T16:36:45.097+0800] {logging_mixin.py:190} INFO - ✅ Processed and saved: /Users/yueyaoz/Downloads/IS3107-FinSum/airflow/processed/OMC_processed_20250421.csv
[2025-04-21T16:36:46.323+0800] {logging_mixin.py:190} WARNING - /Users/yueyaoz/Downloads/IS3107-FinSum/airflow/dags/dag.py:330 FutureWarning: The behavior of DataFrame concatenation with empty or all-NA entries is deprecated. In a future version, this will no longer exclude empty or all-NA columns when determining the result dtypes. To retain the old behavior, exclude the relevant entries before the concat operation.
[2025-04-21T16:36:46.333+0800] {logging_mixin.py:190} INFO - ✅ Processed and saved: /Users/yueyaoz/Downloads/IS3107-FinSum/airflow/processed/ORLY_processed_20250421.csv
[2025-04-21T16:36:47.662+0800] {logging_mixin.py:190} INFO - ✅ Processed and saved: /Users/yueyaoz/Downloads/IS3107-FinSum/airflow/processed/PARA_processed_20250421.csv
[2025-04-21T16:36:49.095+0800] {logging_mixin.py:190} INFO - ✅ Processed and saved: /Users/yueyaoz/Downloads/IS3107-FinSum/airflow/processed/PHM_processed_20250421.csv
[2025-04-21T16:36:50.427+0800] {logging_mixin.py:190} INFO - ✅ Processed and saved: /Users/yueyaoz/Downloads/IS3107-FinSum/airflow/processed/PKG_processed_20250421.csv
[2025-04-21T16:36:51.758+0800] {logging_mixin.py:190} INFO - ✅ Processed and saved: /Users/yueyaoz/Downloads/IS3107-FinSum/airflow/processed/PPG_processed_20250421.csv
[2025-04-21T16:36:53.089+0800] {logging_mixin.py:190} INFO - ✅ Processed and saved: /Users/yueyaoz/Downloads/IS3107-FinSum/airflow/processed/RCL_processed_20250421.csv
[2025-04-21T16:36:54.314+0800] {logging_mixin.py:190} INFO - ✅ Processed and saved: /Users/yueyaoz/Downloads/IS3107-FinSum/airflow/processed/RL_processed_20250421.csv
[2025-04-21T16:36:55.563+0800] {logging_mixin.py:190} INFO - ✅ Processed and saved: /Users/yueyaoz/Downloads/IS3107-FinSum/airflow/processed/ROL_processed_20250421.csv
[2025-04-21T16:36:56.829+0800] {logging_mixin.py:190} INFO - ✅ Processed and saved: /Users/yueyaoz/Downloads/IS3107-FinSum/airflow/processed/ROST_processed_20250421.csv
[2025-04-21T16:36:58.209+0800] {logging_mixin.py:190} INFO - ✅ Processed and saved: /Users/yueyaoz/Downloads/IS3107-FinSum/airflow/processed/SBUX_processed_20250421.csv
[2025-04-21T16:36:59.541+0800] {logging_mixin.py:190} INFO - ✅ Processed and saved: /Users/yueyaoz/Downloads/IS3107-FinSum/airflow/processed/SHW_processed_20250421.csv
[2025-04-21T16:37:00.669+0800] {logging_mixin.py:190} INFO - ✅ Processed and saved: /Users/yueyaoz/Downloads/IS3107-FinSum/airflow/processed/STLD_processed_20250421.csv
[2025-04-21T16:37:02.196+0800] {logging_mixin.py:190} WARNING - /Users/yueyaoz/Downloads/IS3107-FinSum/airflow/dags/dag.py:330 FutureWarning: The behavior of DataFrame concatenation with empty or all-NA entries is deprecated. In a future version, this will no longer exclude empty or all-NA columns when determining the result dtypes. To retain the old behavior, exclude the relevant entries before the concat operation.
[2025-04-21T16:37:02.205+0800] {logging_mixin.py:190} INFO - ✅ Processed and saved: /Users/yueyaoz/Downloads/IS3107-FinSum/airflow/processed/STZ_processed_20250421.csv
[2025-04-21T16:37:03.433+0800] {logging_mixin.py:190} INFO - ✅ Processed and saved: /Users/yueyaoz/Downloads/IS3107-FinSum/airflow/processed/SW_processed_20250421.csv
[2025-04-21T16:37:04.960+0800] {logging_mixin.py:190} WARNING - /Users/yueyaoz/Downloads/IS3107-FinSum/airflow/dags/dag.py:330 FutureWarning: The behavior of DataFrame concatenation with empty or all-NA entries is deprecated. In a future version, this will no longer exclude empty or all-NA columns when determining the result dtypes. To retain the old behavior, exclude the relevant entries before the concat operation.
[2025-04-21T16:37:04.970+0800] {logging_mixin.py:190} INFO - ✅ Processed and saved: /Users/yueyaoz/Downloads/IS3107-FinSum/airflow/processed/T_processed_20250421.csv
[2025-04-21T16:37:06.206+0800] {logging_mixin.py:190} INFO - ✅ Processed and saved: /Users/yueyaoz/Downloads/IS3107-FinSum/airflow/processed/TJX_processed_20250421.csv
[2025-04-21T16:37:07.628+0800] {logging_mixin.py:190} INFO - ✅ Processed and saved: /Users/yueyaoz/Downloads/IS3107-FinSum/airflow/processed/TMUS_processed_20250421.csv
[2025-04-21T16:37:08.858+0800] {logging_mixin.py:190} INFO - ✅ Processed and saved: /Users/yueyaoz/Downloads/IS3107-FinSum/airflow/processed/TPR_processed_20250421.csv
[2025-04-21T16:37:10.190+0800] {logging_mixin.py:190} INFO - ✅ Processed and saved: /Users/yueyaoz/Downloads/IS3107-FinSum/airflow/processed/TSCO_processed_20250421.csv
[2025-04-21T16:37:11.381+0800] {logging_mixin.py:190} INFO - ✅ Processed and saved: /Users/yueyaoz/Downloads/IS3107-FinSum/airflow/processed/TSLA_processed_20250421.csv
[2025-04-21T16:37:12.546+0800] {logging_mixin.py:190} INFO - ✅ Processed and saved: /Users/yueyaoz/Downloads/IS3107-FinSum/airflow/processed/TTWO_processed_20250421.csv
[2025-04-21T16:37:13.878+0800] {logging_mixin.py:190} INFO - ✅ Processed and saved: /Users/yueyaoz/Downloads/IS3107-FinSum/airflow/processed/ULTA_processed_20250421.csv
[2025-04-21T16:37:15.105+0800] {logging_mixin.py:190} INFO - ✅ Processed and saved: /Users/yueyaoz/Downloads/IS3107-FinSum/airflow/processed/VMC_processed_20250421.csv
[2025-04-21T16:37:16.425+0800] {logging_mixin.py:190} WARNING - /Users/yueyaoz/Downloads/IS3107-FinSum/airflow/dags/dag.py:330 FutureWarning: The behavior of DataFrame concatenation with empty or all-NA entries is deprecated. In a future version, this will no longer exclude empty or all-NA columns when determining the result dtypes. To retain the old behavior, exclude the relevant entries before the concat operation.
[2025-04-21T16:37:16.434+0800] {logging_mixin.py:190} INFO - ✅ Processed and saved: /Users/yueyaoz/Downloads/IS3107-FinSum/airflow/processed/VZ_processed_20250421.csv
[2025-04-21T16:37:17.665+0800] {logging_mixin.py:190} INFO - ✅ Processed and saved: /Users/yueyaoz/Downloads/IS3107-FinSum/airflow/processed/WBD_processed_20250421.csv
[2025-04-21T16:37:19.298+0800] {logging_mixin.py:190} INFO - ✅ Processed and saved: /Users/yueyaoz/Downloads/IS3107-FinSum/airflow/processed/WYNN_processed_20250421.csv
[2025-04-21T16:37:20.636+0800] {logging_mixin.py:190} INFO - ✅ Processed and saved: /Users/yueyaoz/Downloads/IS3107-FinSum/airflow/processed/YUM_processed_20250421.csv
[2025-04-21T16:37:20.637+0800] {python.py:240} INFO - Done. Returned value was: None
[2025-04-21T16:37:20.643+0800] {taskinstance.py:341} INFO - ::group::Post task execution logs
[2025-04-21T16:37:20.643+0800] {taskinstance.py:353} INFO - Marking task as SUCCESS. dag_id=reddit_yf_scraper, task_id=preprocess_and_aggregate, run_id=manual__2025-04-21T08:02:36.494628+00:00, execution_date=20250421T080236, start_date=20250421T083459, end_date=20250421T083720
[2025-04-21T16:37:20.655+0800] {logging_mixin.py:190} INFO - Task instance in success state
[2025-04-21T16:37:20.656+0800] {logging_mixin.py:190} INFO -  Previous state of the Task instance: running
[2025-04-21T16:37:20.656+0800] {logging_mixin.py:190} INFO - Dag name:reddit_yf_scraper queued_at:2025-04-21 08:02:36.503040+00:00
[2025-04-21T16:37:20.656+0800] {logging_mixin.py:190} INFO - Task hostname:yueyaos-macbook-pro.local operator:_PythonDecoratedOperator
[2025-04-21T16:37:20.713+0800] {local_task_job_runner.py:266} INFO - Task exited with return code 0
[2025-04-21T16:37:20.730+0800] {taskinstance.py:3901} INFO - 1 downstream tasks scheduled from follow-on schedule check
[2025-04-21T16:37:20.731+0800] {local_task_job_runner.py:245} INFO - ::endgroup::
