[2025-04-18T17:01:04.358+0800] {local_task_job_runner.py:123} INFO - ::group::Pre task execution logs
[2025-04-18T17:01:04.374+0800] {taskinstance.py:2614} INFO - Dependencies all met for dep_context=non-requeueable deps ti=<TaskInstance: reddit_yf_scraper.list_gcs_folders manual__2025-04-18T08:58:18.645579+00:00 [queued]>
[2025-04-18T17:01:04.386+0800] {taskinstance.py:2614} INFO - Dependencies all met for dep_context=requeueable deps ti=<TaskInstance: reddit_yf_scraper.list_gcs_folders manual__2025-04-18T08:58:18.645579+00:00 [queued]>
[2025-04-18T17:01:04.387+0800] {taskinstance.py:2867} INFO - Starting attempt 1 of 2
[2025-04-18T17:01:04.395+0800] {taskinstance.py:2890} INFO - Executing <Task(_PythonDecoratedOperator): list_gcs_folders> on 2025-04-18 08:58:18.645579+00:00
[2025-04-18T17:01:04.402+0800] {standard_task_runner.py:72} INFO - Started process 30902 to run task
[2025-04-18T17:01:04.419+0800] {standard_task_runner.py:104} INFO - Running: ['airflow', 'tasks', 'run', 'reddit_yf_scraper', 'list_gcs_folders', 'manual__2025-04-18T08:58:18.645579+00:00', '--job-id', '437', '--raw', '--subdir', 'DAGS_FOLDER/dag.py', '--cfg-path', '/var/folders/xg/h9xj0trn3dxds251bj2q6hf80000gn/T/tmpoorczb8o']
[2025-04-18T17:01:04.426+0800] {standard_task_runner.py:105} INFO - Job 437: Subtask list_gcs_folders
[2025-04-18T17:01:04.506+0800] {task_command.py:467} INFO - Running <TaskInstance: reddit_yf_scraper.list_gcs_folders manual__2025-04-18T08:58:18.645579+00:00 [running]> on host ervins-macbook-air-2.local
[2025-04-18T17:01:04.913+0800] {taskinstance.py:3134} INFO - Exporting env vars: AIRFLOW_CTX_DAG_OWNER='airflow' AIRFLOW_CTX_DAG_ID='reddit_yf_scraper' AIRFLOW_CTX_TASK_ID='list_gcs_folders' AIRFLOW_CTX_EXECUTION_DATE='2025-04-18T08:58:18.645579+00:00' AIRFLOW_CTX_TRY_NUMBER='1' AIRFLOW_CTX_DAG_RUN_ID='manual__2025-04-18T08:58:18.645579+00:00'
[2025-04-18T17:01:04.914+0800] {logging_mixin.py:190} INFO - Task instance is in running state
[2025-04-18T17:01:04.915+0800] {logging_mixin.py:190} INFO -  Previous state of the Task instance: queued
[2025-04-18T17:01:04.916+0800] {logging_mixin.py:190} INFO - Current task name:list_gcs_folders state:running start_date:2025-04-18 09:01:04.375214+00:00
[2025-04-18T17:01:04.916+0800] {logging_mixin.py:190} INFO - Dag name:reddit_yf_scraper and current dag run status:running
[2025-04-18T17:01:04.917+0800] {taskinstance.py:732} INFO - ::endgroup::
[2025-04-18T17:01:04.922+0800] {connection.py:277} WARNING - Connection schemes (type: google_cloud_platform) shall not contain '_' according to RFC3986.
[2025-04-18T17:01:04.923+0800] {base.py:84} INFO - Retrieving connection 'google_cloud_default'
[2025-04-18T17:01:06.889+0800] {logging_mixin.py:190} INFO - Found folders: ['reddit-test', 'reddit', 'yf-test', 'yf']
[2025-04-18T17:01:06.891+0800] {python.py:240} INFO - Done. Returned value was: ['reddit-test', 'reddit', 'yf-test', 'yf']
[2025-04-18T17:01:06.913+0800] {taskinstance.py:341} INFO - ::group::Post task execution logs
[2025-04-18T17:01:06.915+0800] {taskinstance.py:353} INFO - Marking task as SUCCESS. dag_id=reddit_yf_scraper, task_id=list_gcs_folders, run_id=manual__2025-04-18T08:58:18.645579+00:00, execution_date=20250418T085818, start_date=20250418T090104, end_date=20250418T090106
[2025-04-18T17:01:06.927+0800] {logging_mixin.py:190} INFO - Task instance in success state
[2025-04-18T17:01:06.928+0800] {logging_mixin.py:190} INFO -  Previous state of the Task instance: running
[2025-04-18T17:01:06.928+0800] {logging_mixin.py:190} INFO - Dag name:reddit_yf_scraper queued_at:2025-04-18 08:58:18.659274+00:00
[2025-04-18T17:01:06.928+0800] {logging_mixin.py:190} INFO - Task hostname:ervins-macbook-air-2.local operator:_PythonDecoratedOperator
[2025-04-18T17:01:06.984+0800] {local_task_job_runner.py:266} INFO - Task exited with return code 0
[2025-04-18T17:01:07.009+0800] {taskinstance.py:3901} INFO - 2 downstream tasks scheduled from follow-on schedule check
[2025-04-18T17:01:07.010+0800] {local_task_job_runner.py:245} INFO - ::endgroup::
