[2025-03-17T20:18:06.682+0800] {local_task_job_runner.py:123} INFO - ::group::Pre task execution logs
[2025-03-17T20:18:06.690+0800] {taskinstance.py:2614} INFO - Dependencies all met for dep_context=non-requeueable deps ti=<TaskInstance: reddit_yf_scraper.upload_yf_to_gcs manual__2025-03-17T12:17:09.405880+00:00 [queued]>
[2025-03-17T20:18:06.694+0800] {taskinstance.py:2614} INFO - Dependencies all met for dep_context=requeueable deps ti=<TaskInstance: reddit_yf_scraper.upload_yf_to_gcs manual__2025-03-17T12:17:09.405880+00:00 [queued]>
[2025-03-17T20:18:06.694+0800] {taskinstance.py:2867} INFO - Starting attempt 1 of 2
[2025-03-17T20:18:06.700+0800] {taskinstance.py:2890} INFO - Executing <Task(LocalFilesystemToGCSOperator): upload_yf_to_gcs> on 2025-03-17 12:17:09.405880+00:00
[2025-03-17T20:18:06.703+0800] {standard_task_runner.py:72} INFO - Started process 20321 to run task
[2025-03-17T20:18:06.706+0800] {standard_task_runner.py:104} INFO - Running: ['airflow', 'tasks', 'run', 'reddit_yf_scraper', 'upload_yf_to_gcs', 'manual__2025-03-17T12:17:09.405880+00:00', '--job-id', '32', '--raw', '--subdir', 'DAGS_FOLDER/dag.py', '--cfg-path', '/var/folders/xg/h9xj0trn3dxds251bj2q6hf80000gn/T/tmpov1opdsa']
[2025-03-17T20:18:06.707+0800] {standard_task_runner.py:105} INFO - Job 32: Subtask upload_yf_to_gcs
[2025-03-17T20:18:06.731+0800] {task_command.py:467} INFO - Running <TaskInstance: reddit_yf_scraper.upload_yf_to_gcs manual__2025-03-17T12:17:09.405880+00:00 [running]> on host ervins-air-2
[2025-03-17T20:18:06.762+0800] {taskinstance.py:3134} INFO - Exporting env vars: AIRFLOW_CTX_DAG_OWNER='airflow' AIRFLOW_CTX_DAG_ID='reddit_yf_scraper' AIRFLOW_CTX_TASK_ID='upload_yf_to_gcs' AIRFLOW_CTX_EXECUTION_DATE='2025-03-17T12:17:09.405880+00:00' AIRFLOW_CTX_TRY_NUMBER='1' AIRFLOW_CTX_DAG_RUN_ID='manual__2025-03-17T12:17:09.405880+00:00'
[2025-03-17T20:18:06.763+0800] {logging_mixin.py:190} INFO - Task instance is in running state
[2025-03-17T20:18:06.763+0800] {logging_mixin.py:190} INFO -  Previous state of the Task instance: queued
[2025-03-17T20:18:06.763+0800] {logging_mixin.py:190} INFO - Current task name:upload_yf_to_gcs state:running start_date:2025-03-17 12:18:06.691006+00:00
[2025-03-17T20:18:06.763+0800] {logging_mixin.py:190} INFO - Dag name:reddit_yf_scraper and current dag run status:running
[2025-03-17T20:18:06.764+0800] {taskinstance.py:732} INFO - ::endgroup::
[2025-03-17T20:18:06.767+0800] {connection.py:277} WARNING - Connection schemes (type: google_cloud_platform) shall not contain '_' according to RFC3986.
[2025-03-17T20:18:06.769+0800] {base.py:84} INFO - Retrieving connection 'google_cloud_default'
[2025-03-17T20:18:07.304+0800] {gcs.py:579} INFO - File /Users/ervinyeoh/Desktop/unimods/is3107/project/airflow/snp500-yf/MSFT_yf_last24hours.csv uploaded to yf/MSFT_yf_last24hours.csv in my-data-is3107 bucket
[2025-03-17T20:18:07.306+0800] {hook.py:208} WARNING - Data lineage tracking is disabled. Register a hook lineage reader to start tracking hook lineage.
[2025-03-17T20:18:08.484+0800] {hook.py:208} WARNING - Data lineage tracking is disabled. Register a hook lineage reader to start tracking hook lineage.
[2025-03-17T20:18:08.484+0800] {gcs.py:579} INFO - File /Users/ervinyeoh/Desktop/unimods/is3107/project/airflow/snp500-yf/NVDA_yf_last24hours.csv uploaded to yf/NVDA_yf_last24hours.csv in my-data-is3107 bucket
[2025-03-17T20:18:08.485+0800] {hook.py:208} WARNING - Data lineage tracking is disabled. Register a hook lineage reader to start tracking hook lineage.
[2025-03-17T20:18:08.851+0800] {hook.py:208} WARNING - Data lineage tracking is disabled. Register a hook lineage reader to start tracking hook lineage.
[2025-03-17T20:18:08.851+0800] {gcs.py:579} INFO - File /Users/ervinyeoh/Desktop/unimods/is3107/project/airflow/snp500-yf/AAPL_yf_last24hours.csv uploaded to yf/AAPL_yf_last24hours.csv in my-data-is3107 bucket
[2025-03-17T20:18:08.852+0800] {hook.py:208} WARNING - Data lineage tracking is disabled. Register a hook lineage reader to start tracking hook lineage.
[2025-03-17T20:18:08.856+0800] {taskinstance.py:341} INFO - ::group::Post task execution logs
[2025-03-17T20:18:08.857+0800] {taskinstance.py:353} INFO - Marking task as SUCCESS. dag_id=reddit_yf_scraper, task_id=upload_yf_to_gcs, run_id=manual__2025-03-17T12:17:09.405880+00:00, execution_date=20250317T121709, start_date=20250317T121806, end_date=20250317T121808
[2025-03-17T20:18:08.865+0800] {logging_mixin.py:190} INFO - Task instance in success state
[2025-03-17T20:18:08.865+0800] {logging_mixin.py:190} INFO -  Previous state of the Task instance: running
[2025-03-17T20:18:08.865+0800] {logging_mixin.py:190} INFO - Dag name:reddit_yf_scraper queued_at:2025-03-17 12:17:09.418984+00:00
[2025-03-17T20:18:08.866+0800] {logging_mixin.py:190} INFO - Task hostname:ervins-air-2 operator:LocalFilesystemToGCSOperator
[2025-03-17T20:18:08.908+0800] {local_task_job_runner.py:266} INFO - Task exited with return code 0
[2025-03-17T20:18:08.921+0800] {taskinstance.py:3901} INFO - 0 downstream tasks scheduled from follow-on schedule check
[2025-03-17T20:18:08.922+0800] {local_task_job_runner.py:245} INFO - ::endgroup::
