[2025-04-02T13:03:51.995+0800] {local_task_job_runner.py:123} INFO - ::group::Pre task execution logs
[2025-04-02T13:03:52.003+0800] {taskinstance.py:2614} INFO - Dependencies all met for dep_context=non-requeueable deps ti=<TaskInstance: reddit_yf_scraper.run_yf manual__2025-04-02T05:03:42.399550+00:00 [queued]>
[2025-04-02T13:03:52.007+0800] {taskinstance.py:2614} INFO - Dependencies all met for dep_context=requeueable deps ti=<TaskInstance: reddit_yf_scraper.run_yf manual__2025-04-02T05:03:42.399550+00:00 [queued]>
[2025-04-02T13:03:52.007+0800] {taskinstance.py:2867} INFO - Starting attempt 1 of 2
[2025-04-02T13:03:52.012+0800] {taskinstance.py:2890} INFO - Executing <Task(_PythonDecoratedOperator): run_yf> on 2025-04-02 05:03:42.399550+00:00
[2025-04-02T13:03:52.014+0800] {standard_task_runner.py:72} INFO - Started process 26814 to run task
[2025-04-02T13:03:52.018+0800] {standard_task_runner.py:104} INFO - Running: ['airflow', 'tasks', 'run', 'reddit_yf_scraper', 'run_yf', 'manual__2025-04-02T05:03:42.399550+00:00', '--job-id', '231', '--raw', '--subdir', 'DAGS_FOLDER/dag.py', '--cfg-path', '/var/folders/xg/h9xj0trn3dxds251bj2q6hf80000gn/T/tmprfq9qrbu']
[2025-04-02T13:03:52.019+0800] {standard_task_runner.py:105} INFO - Job 231: Subtask run_yf
[2025-04-02T13:03:52.044+0800] {task_command.py:467} INFO - Running <TaskInstance: reddit_yf_scraper.run_yf manual__2025-04-02T05:03:42.399550+00:00 [running]> on host ervins-macbook-air-2.local
[2025-04-02T13:03:52.084+0800] {taskinstance.py:3134} INFO - Exporting env vars: AIRFLOW_CTX_DAG_OWNER='airflow' AIRFLOW_CTX_DAG_ID='reddit_yf_scraper' AIRFLOW_CTX_TASK_ID='run_yf' AIRFLOW_CTX_EXECUTION_DATE='2025-04-02T05:03:42.399550+00:00' AIRFLOW_CTX_TRY_NUMBER='1' AIRFLOW_CTX_DAG_RUN_ID='manual__2025-04-02T05:03:42.399550+00:00'
[2025-04-02T13:03:52.084+0800] {logging_mixin.py:190} INFO - Task instance is in running state
[2025-04-02T13:03:52.085+0800] {logging_mixin.py:190} INFO -  Previous state of the Task instance: queued
[2025-04-02T13:03:52.085+0800] {logging_mixin.py:190} INFO - Current task name:run_yf state:running start_date:2025-04-02 05:03:52.003931+00:00
[2025-04-02T13:03:52.085+0800] {logging_mixin.py:190} INFO - Dag name:reddit_yf_scraper and current dag run status:running
[2025-04-02T13:03:52.085+0800] {taskinstance.py:732} INFO - ::endgroup::
[2025-04-02T13:03:52.086+0800] {logging_mixin.py:190} INFO - 🔍 Fetching news for AAPL (1/3)...
[2025-04-02T13:03:52.902+0800] {logging_mixin.py:190} INFO - ✅ Saved 4 articles for AAPL
[2025-04-02T13:04:04.904+0800] {logging_mixin.py:190} INFO - 🔍 Fetching news for NVDA (2/3)...
[2025-04-02T13:04:05.749+0800] {logging_mixin.py:190} INFO - ✅ Saved 7 articles for NVDA
[2025-04-02T13:04:17.751+0800] {logging_mixin.py:190} INFO - 🔍 Fetching news for MSFT (3/3)...
[2025-04-02T13:04:19.015+0800] {logging_mixin.py:190} INFO - ✅ Saved 2 articles for MSFT
[2025-04-02T13:04:31.022+0800] {python.py:240} INFO - Done. Returned value was: None
[2025-04-02T13:04:31.043+0800] {taskinstance.py:341} INFO - ::group::Post task execution logs
[2025-04-02T13:04:31.045+0800] {taskinstance.py:353} INFO - Marking task as SUCCESS. dag_id=reddit_yf_scraper, task_id=run_yf, run_id=manual__2025-04-02T05:03:42.399550+00:00, execution_date=20250402T050342, start_date=20250402T050352, end_date=20250402T050431
[2025-04-02T13:04:31.058+0800] {logging_mixin.py:190} INFO - Task instance in success state
[2025-04-02T13:04:31.058+0800] {logging_mixin.py:190} INFO -  Previous state of the Task instance: running
[2025-04-02T13:04:31.058+0800] {logging_mixin.py:190} INFO - Dag name:reddit_yf_scraper queued_at:2025-04-02 05:03:42.406757+00:00
[2025-04-02T13:04:31.058+0800] {logging_mixin.py:190} INFO - Task hostname:ervins-macbook-air-2.local operator:_PythonDecoratedOperator
[2025-04-02T13:04:31.081+0800] {local_task_job_runner.py:266} INFO - Task exited with return code 0
[2025-04-02T13:04:31.102+0800] {taskinstance.py:3901} INFO - 1 downstream tasks scheduled from follow-on schedule check
[2025-04-02T13:04:31.103+0800] {local_task_job_runner.py:245} INFO - ::endgroup::
