[2025-04-17T10:18:34.170+0800] {processor.py:186} INFO - Started process (PID=20096) to work on /Users/ervinyeoh/Desktop/unimods/is3107/project/.venv/lib/python3.11/site-packages/airflow/example_dags/example_xcom.py
[2025-04-17T10:18:34.171+0800] {processor.py:914} INFO - Processing file /Users/ervinyeoh/Desktop/unimods/is3107/project/.venv/lib/python3.11/site-packages/airflow/example_dags/example_xcom.py for tasks to queue
[2025-04-17T10:18:34.171+0800] {logging_mixin.py:190} INFO - [2025-04-17T10:18:34.171+0800] {dagbag.py:588} INFO - Filling up the DagBag from /Users/ervinyeoh/Desktop/unimods/is3107/project/.venv/lib/python3.11/site-packages/airflow/example_dags/example_xcom.py
[2025-04-17T10:18:34.223+0800] {processor.py:925} INFO - DAG(s) 'example_xcom' retrieved from /Users/ervinyeoh/Desktop/unimods/is3107/project/.venv/lib/python3.11/site-packages/airflow/example_dags/example_xcom.py
[2025-04-17T10:18:34.274+0800] {logging_mixin.py:190} INFO - [2025-04-17T10:18:34.274+0800] {dag.py:3239} INFO - Sync 1 DAGs
[2025-04-17T10:18:34.283+0800] {logging_mixin.py:190} INFO - [2025-04-17T10:18:34.283+0800] {dag.py:4180} INFO - Setting next_dagrun for example_xcom to 2021-01-01 00:00:00+00:00, run_after=2021-01-01 00:00:00+00:00
[2025-04-17T10:18:34.294+0800] {processor.py:208} INFO - Processing /Users/ervinyeoh/Desktop/unimods/is3107/project/.venv/lib/python3.11/site-packages/airflow/example_dags/example_xcom.py took 0.125 seconds
[2025-04-17T13:46:06.781+0800] {processor.py:186} INFO - Started process (PID=20375) to work on /Users/ervinyeoh/Desktop/unimods/is3107/project/.venv/lib/python3.11/site-packages/airflow/example_dags/example_xcom.py
[2025-04-17T13:46:06.782+0800] {processor.py:914} INFO - Processing file /Users/ervinyeoh/Desktop/unimods/is3107/project/.venv/lib/python3.11/site-packages/airflow/example_dags/example_xcom.py for tasks to queue
[2025-04-17T13:46:06.783+0800] {logging_mixin.py:190} INFO - [2025-04-17T13:46:06.782+0800] {dagbag.py:588} INFO - Filling up the DagBag from /Users/ervinyeoh/Desktop/unimods/is3107/project/.venv/lib/python3.11/site-packages/airflow/example_dags/example_xcom.py
[2025-04-17T13:46:06.834+0800] {processor.py:925} INFO - DAG(s) 'example_xcom' retrieved from /Users/ervinyeoh/Desktop/unimods/is3107/project/.venv/lib/python3.11/site-packages/airflow/example_dags/example_xcom.py
[2025-04-17T13:46:06.886+0800] {logging_mixin.py:190} INFO - [2025-04-17T13:46:06.886+0800] {dag.py:3239} INFO - Sync 1 DAGs
[2025-04-17T13:46:06.895+0800] {logging_mixin.py:190} INFO - [2025-04-17T13:46:06.895+0800] {dag.py:4180} INFO - Setting next_dagrun for example_xcom to 2021-01-01 00:00:00+00:00, run_after=2021-01-01 00:00:00+00:00
[2025-04-17T13:46:06.905+0800] {processor.py:208} INFO - Processing /Users/ervinyeoh/Desktop/unimods/is3107/project/.venv/lib/python3.11/site-packages/airflow/example_dags/example_xcom.py took 0.126 seconds
[2025-04-17T16:45:22.735+0800] {processor.py:186} INFO - Started process (PID=21307) to work on /Users/ervinyeoh/Desktop/unimods/is3107/project/.venv/lib/python3.11/site-packages/airflow/example_dags/example_xcom.py
[2025-04-17T16:45:22.736+0800] {processor.py:914} INFO - Processing file /Users/ervinyeoh/Desktop/unimods/is3107/project/.venv/lib/python3.11/site-packages/airflow/example_dags/example_xcom.py for tasks to queue
[2025-04-17T16:45:22.737+0800] {logging_mixin.py:190} INFO - [2025-04-17T16:45:22.737+0800] {dagbag.py:588} INFO - Filling up the DagBag from /Users/ervinyeoh/Desktop/unimods/is3107/project/.venv/lib/python3.11/site-packages/airflow/example_dags/example_xcom.py
[2025-04-17T16:45:22.790+0800] {processor.py:925} INFO - DAG(s) 'example_xcom' retrieved from /Users/ervinyeoh/Desktop/unimods/is3107/project/.venv/lib/python3.11/site-packages/airflow/example_dags/example_xcom.py
[2025-04-17T16:45:22.841+0800] {logging_mixin.py:190} INFO - [2025-04-17T16:45:22.841+0800] {dag.py:3239} INFO - Sync 1 DAGs
[2025-04-17T16:45:22.850+0800] {logging_mixin.py:190} INFO - [2025-04-17T16:45:22.850+0800] {dag.py:4180} INFO - Setting next_dagrun for example_xcom to 2021-01-01 00:00:00+00:00, run_after=2021-01-01 00:00:00+00:00
[2025-04-17T16:45:22.860+0800] {processor.py:208} INFO - Processing /Users/ervinyeoh/Desktop/unimods/is3107/project/.venv/lib/python3.11/site-packages/airflow/example_dags/example_xcom.py took 0.126 seconds
[2025-04-17T20:09:13.401+0800] {processor.py:186} INFO - Started process (PID=21643) to work on /Users/ervinyeoh/Desktop/unimods/is3107/project/.venv/lib/python3.11/site-packages/airflow/example_dags/example_xcom.py
[2025-04-17T20:09:13.403+0800] {processor.py:914} INFO - Processing file /Users/ervinyeoh/Desktop/unimods/is3107/project/.venv/lib/python3.11/site-packages/airflow/example_dags/example_xcom.py for tasks to queue
[2025-04-17T20:09:13.404+0800] {logging_mixin.py:190} INFO - [2025-04-17T20:09:13.403+0800] {dagbag.py:588} INFO - Filling up the DagBag from /Users/ervinyeoh/Desktop/unimods/is3107/project/.venv/lib/python3.11/site-packages/airflow/example_dags/example_xcom.py
[2025-04-17T20:09:13.455+0800] {processor.py:925} INFO - DAG(s) 'example_xcom' retrieved from /Users/ervinyeoh/Desktop/unimods/is3107/project/.venv/lib/python3.11/site-packages/airflow/example_dags/example_xcom.py
[2025-04-17T20:09:13.508+0800] {logging_mixin.py:190} INFO - [2025-04-17T20:09:13.508+0800] {dag.py:3239} INFO - Sync 1 DAGs
[2025-04-17T20:09:13.519+0800] {logging_mixin.py:190} INFO - [2025-04-17T20:09:13.519+0800] {dag.py:4180} INFO - Setting next_dagrun for example_xcom to 2021-01-01 00:00:00+00:00, run_after=2021-01-01 00:00:00+00:00
[2025-04-17T20:09:13.530+0800] {processor.py:208} INFO - Processing /Users/ervinyeoh/Desktop/unimods/is3107/project/.venv/lib/python3.11/site-packages/airflow/example_dags/example_xcom.py took 0.131 seconds
[2025-04-17T20:11:28.910+0800] {processor.py:186} INFO - Started process (PID=21873) to work on /Users/ervinyeoh/Desktop/unimods/is3107/project/.venv/lib/python3.11/site-packages/airflow/example_dags/example_xcom.py
[2025-04-17T20:11:28.911+0800] {processor.py:914} INFO - Processing file /Users/ervinyeoh/Desktop/unimods/is3107/project/.venv/lib/python3.11/site-packages/airflow/example_dags/example_xcom.py for tasks to queue
[2025-04-17T20:11:28.911+0800] {logging_mixin.py:190} INFO - [2025-04-17T20:11:28.911+0800] {dagbag.py:588} INFO - Filling up the DagBag from /Users/ervinyeoh/Desktop/unimods/is3107/project/.venv/lib/python3.11/site-packages/airflow/example_dags/example_xcom.py
[2025-04-17T20:11:28.965+0800] {processor.py:925} INFO - DAG(s) 'example_xcom' retrieved from /Users/ervinyeoh/Desktop/unimods/is3107/project/.venv/lib/python3.11/site-packages/airflow/example_dags/example_xcom.py
[2025-04-17T20:11:29.017+0800] {logging_mixin.py:190} INFO - [2025-04-17T20:11:29.017+0800] {dag.py:3239} INFO - Sync 1 DAGs
[2025-04-17T20:11:29.026+0800] {logging_mixin.py:190} INFO - [2025-04-17T20:11:29.025+0800] {dag.py:4180} INFO - Setting next_dagrun for example_xcom to 2021-01-01 00:00:00+00:00, run_after=2021-01-01 00:00:00+00:00
[2025-04-17T20:11:29.035+0800] {processor.py:208} INFO - Processing /Users/ervinyeoh/Desktop/unimods/is3107/project/.venv/lib/python3.11/site-packages/airflow/example_dags/example_xcom.py took 0.127 seconds
[2025-04-17T20:13:11.552+0800] {processor.py:186} INFO - Started process (PID=22209) to work on /Users/ervinyeoh/Desktop/unimods/is3107/project/.venv/lib/python3.11/site-packages/airflow/example_dags/example_xcom.py
[2025-04-17T20:13:11.553+0800] {processor.py:914} INFO - Processing file /Users/ervinyeoh/Desktop/unimods/is3107/project/.venv/lib/python3.11/site-packages/airflow/example_dags/example_xcom.py for tasks to queue
[2025-04-17T20:13:11.554+0800] {logging_mixin.py:190} INFO - [2025-04-17T20:13:11.554+0800] {dagbag.py:588} INFO - Filling up the DagBag from /Users/ervinyeoh/Desktop/unimods/is3107/project/.venv/lib/python3.11/site-packages/airflow/example_dags/example_xcom.py
[2025-04-17T20:13:11.605+0800] {processor.py:925} INFO - DAG(s) 'example_xcom' retrieved from /Users/ervinyeoh/Desktop/unimods/is3107/project/.venv/lib/python3.11/site-packages/airflow/example_dags/example_xcom.py
[2025-04-17T20:13:11.657+0800] {logging_mixin.py:190} INFO - [2025-04-17T20:13:11.657+0800] {dag.py:3239} INFO - Sync 1 DAGs
[2025-04-17T20:13:11.666+0800] {logging_mixin.py:190} INFO - [2025-04-17T20:13:11.666+0800] {dag.py:4180} INFO - Setting next_dagrun for example_xcom to 2021-01-01 00:00:00+00:00, run_after=2021-01-01 00:00:00+00:00
[2025-04-17T20:13:11.675+0800] {processor.py:208} INFO - Processing /Users/ervinyeoh/Desktop/unimods/is3107/project/.venv/lib/python3.11/site-packages/airflow/example_dags/example_xcom.py took 0.124 seconds
[2025-04-17T20:14:57.392+0800] {processor.py:186} INFO - Started process (PID=22355) to work on /Users/ervinyeoh/Desktop/unimods/is3107/project/.venv/lib/python3.11/site-packages/airflow/example_dags/example_xcom.py
[2025-04-17T20:14:57.393+0800] {processor.py:914} INFO - Processing file /Users/ervinyeoh/Desktop/unimods/is3107/project/.venv/lib/python3.11/site-packages/airflow/example_dags/example_xcom.py for tasks to queue
[2025-04-17T20:14:57.393+0800] {logging_mixin.py:190} INFO - [2025-04-17T20:14:57.393+0800] {dagbag.py:588} INFO - Filling up the DagBag from /Users/ervinyeoh/Desktop/unimods/is3107/project/.venv/lib/python3.11/site-packages/airflow/example_dags/example_xcom.py
[2025-04-17T20:14:57.449+0800] {processor.py:925} INFO - DAG(s) 'example_xcom' retrieved from /Users/ervinyeoh/Desktop/unimods/is3107/project/.venv/lib/python3.11/site-packages/airflow/example_dags/example_xcom.py
[2025-04-17T20:14:57.501+0800] {logging_mixin.py:190} INFO - [2025-04-17T20:14:57.501+0800] {dag.py:3239} INFO - Sync 1 DAGs
[2025-04-17T20:14:57.512+0800] {logging_mixin.py:190} INFO - [2025-04-17T20:14:57.512+0800] {dag.py:4180} INFO - Setting next_dagrun for example_xcom to 2021-01-01 00:00:00+00:00, run_after=2021-01-01 00:00:00+00:00
[2025-04-17T20:14:57.522+0800] {processor.py:208} INFO - Processing /Users/ervinyeoh/Desktop/unimods/is3107/project/.venv/lib/python3.11/site-packages/airflow/example_dags/example_xcom.py took 0.131 seconds
[2025-04-17T20:16:59.895+0800] {processor.py:186} INFO - Started process (PID=22704) to work on /Users/ervinyeoh/Desktop/unimods/is3107/project/.venv/lib/python3.11/site-packages/airflow/example_dags/example_xcom.py
[2025-04-17T20:16:59.895+0800] {processor.py:914} INFO - Processing file /Users/ervinyeoh/Desktop/unimods/is3107/project/.venv/lib/python3.11/site-packages/airflow/example_dags/example_xcom.py for tasks to queue
[2025-04-17T20:16:59.896+0800] {logging_mixin.py:190} INFO - [2025-04-17T20:16:59.896+0800] {dagbag.py:588} INFO - Filling up the DagBag from /Users/ervinyeoh/Desktop/unimods/is3107/project/.venv/lib/python3.11/site-packages/airflow/example_dags/example_xcom.py
[2025-04-17T20:16:59.948+0800] {processor.py:925} INFO - DAG(s) 'example_xcom' retrieved from /Users/ervinyeoh/Desktop/unimods/is3107/project/.venv/lib/python3.11/site-packages/airflow/example_dags/example_xcom.py
[2025-04-17T20:17:00.000+0800] {logging_mixin.py:190} INFO - [2025-04-17T20:17:00.000+0800] {dag.py:3239} INFO - Sync 1 DAGs
[2025-04-17T20:17:00.010+0800] {logging_mixin.py:190} INFO - [2025-04-17T20:17:00.010+0800] {dag.py:4180} INFO - Setting next_dagrun for example_xcom to 2021-01-01 00:00:00+00:00, run_after=2021-01-01 00:00:00+00:00
[2025-04-17T20:17:00.020+0800] {processor.py:208} INFO - Processing /Users/ervinyeoh/Desktop/unimods/is3107/project/.venv/lib/python3.11/site-packages/airflow/example_dags/example_xcom.py took 0.127 seconds
[2025-04-17T20:18:42.700+0800] {processor.py:186} INFO - Started process (PID=22917) to work on /Users/ervinyeoh/Desktop/unimods/is3107/project/.venv/lib/python3.11/site-packages/airflow/example_dags/example_xcom.py
[2025-04-17T20:18:42.701+0800] {processor.py:914} INFO - Processing file /Users/ervinyeoh/Desktop/unimods/is3107/project/.venv/lib/python3.11/site-packages/airflow/example_dags/example_xcom.py for tasks to queue
[2025-04-17T20:18:42.702+0800] {logging_mixin.py:190} INFO - [2025-04-17T20:18:42.702+0800] {dagbag.py:588} INFO - Filling up the DagBag from /Users/ervinyeoh/Desktop/unimods/is3107/project/.venv/lib/python3.11/site-packages/airflow/example_dags/example_xcom.py
[2025-04-17T20:18:42.756+0800] {processor.py:925} INFO - DAG(s) 'example_xcom' retrieved from /Users/ervinyeoh/Desktop/unimods/is3107/project/.venv/lib/python3.11/site-packages/airflow/example_dags/example_xcom.py
[2025-04-17T20:18:42.809+0800] {logging_mixin.py:190} INFO - [2025-04-17T20:18:42.808+0800] {dag.py:3239} INFO - Sync 1 DAGs
[2025-04-17T20:18:42.818+0800] {logging_mixin.py:190} INFO - [2025-04-17T20:18:42.818+0800] {dag.py:4180} INFO - Setting next_dagrun for example_xcom to 2021-01-01 00:00:00+00:00, run_after=2021-01-01 00:00:00+00:00
[2025-04-17T20:18:42.827+0800] {processor.py:208} INFO - Processing /Users/ervinyeoh/Desktop/unimods/is3107/project/.venv/lib/python3.11/site-packages/airflow/example_dags/example_xcom.py took 0.129 seconds
