[2025-04-17T08:44:46.456+0800] {processor.py:186} INFO - Started process (PID=19926) to work on /Users/ervinyeoh/Desktop/unimods/is3107/project/.venv/lib/python3.11/site-packages/airflow/example_dags/example_inlet_event_extra.py
[2025-04-17T08:44:46.457+0800] {processor.py:914} INFO - Processing file /Users/ervinyeoh/Desktop/unimods/is3107/project/.venv/lib/python3.11/site-packages/airflow/example_dags/example_inlet_event_extra.py for tasks to queue
[2025-04-17T08:44:46.457+0800] {logging_mixin.py:190} INFO - [2025-04-17T08:44:46.457+0800] {dagbag.py:588} INFO - Filling up the DagBag from /Users/ervinyeoh/Desktop/unimods/is3107/project/.venv/lib/python3.11/site-packages/airflow/example_dags/example_inlet_event_extra.py
[2025-04-17T08:44:46.736+0800] {processor.py:925} INFO - DAG(s) 'read_dataset_event', 'read_dataset_event_from_classic' retrieved from /Users/ervinyeoh/Desktop/unimods/is3107/project/.venv/lib/python3.11/site-packages/airflow/example_dags/example_inlet_event_extra.py
[2025-04-17T08:44:46.786+0800] {logging_mixin.py:190} INFO - [2025-04-17T08:44:46.786+0800] {dag.py:3239} INFO - Sync 2 DAGs
[2025-04-17T08:44:46.797+0800] {logging_mixin.py:190} INFO - [2025-04-17T08:44:46.797+0800] {dag.py:4180} INFO - Setting next_dagrun for read_dataset_event to 2025-04-16 00:00:00+00:00, run_after=2025-04-17 00:00:00+00:00
[2025-04-17T08:44:46.800+0800] {logging_mixin.py:190} INFO - [2025-04-17T08:44:46.800+0800] {dag.py:4180} INFO - Setting next_dagrun for read_dataset_event_from_classic to 2025-04-16 00:00:00+00:00, run_after=2025-04-17 00:00:00+00:00
[2025-04-17T08:44:46.810+0800] {processor.py:208} INFO - Processing /Users/ervinyeoh/Desktop/unimods/is3107/project/.venv/lib/python3.11/site-packages/airflow/example_dags/example_inlet_event_extra.py took 0.355 seconds
[2025-04-17T12:48:59.337+0800] {processor.py:186} INFO - Started process (PID=20251) to work on /Users/ervinyeoh/Desktop/unimods/is3107/project/.venv/lib/python3.11/site-packages/airflow/example_dags/example_inlet_event_extra.py
[2025-04-17T12:48:59.339+0800] {processor.py:914} INFO - Processing file /Users/ervinyeoh/Desktop/unimods/is3107/project/.venv/lib/python3.11/site-packages/airflow/example_dags/example_inlet_event_extra.py for tasks to queue
[2025-04-17T12:48:59.339+0800] {logging_mixin.py:190} INFO - [2025-04-17T12:48:59.339+0800] {dagbag.py:588} INFO - Filling up the DagBag from /Users/ervinyeoh/Desktop/unimods/is3107/project/.venv/lib/python3.11/site-packages/airflow/example_dags/example_inlet_event_extra.py
[2025-04-17T12:48:59.616+0800] {processor.py:925} INFO - DAG(s) 'read_dataset_event', 'read_dataset_event_from_classic' retrieved from /Users/ervinyeoh/Desktop/unimods/is3107/project/.venv/lib/python3.11/site-packages/airflow/example_dags/example_inlet_event_extra.py
[2025-04-17T12:48:59.666+0800] {logging_mixin.py:190} INFO - [2025-04-17T12:48:59.666+0800] {dag.py:3239} INFO - Sync 2 DAGs
[2025-04-17T12:48:59.678+0800] {logging_mixin.py:190} INFO - [2025-04-17T12:48:59.678+0800] {dag.py:4180} INFO - Setting next_dagrun for read_dataset_event to 2025-04-16 00:00:00+00:00, run_after=2025-04-17 00:00:00+00:00
[2025-04-17T12:48:59.680+0800] {logging_mixin.py:190} INFO - [2025-04-17T12:48:59.680+0800] {dag.py:4180} INFO - Setting next_dagrun for read_dataset_event_from_classic to 2025-04-16 00:00:00+00:00, run_after=2025-04-17 00:00:00+00:00
[2025-04-17T12:48:59.689+0800] {processor.py:208} INFO - Processing /Users/ervinyeoh/Desktop/unimods/is3107/project/.venv/lib/python3.11/site-packages/airflow/example_dags/example_inlet_event_extra.py took 0.353 seconds
[2025-04-17T14:40:29.803+0800] {processor.py:186} INFO - Started process (PID=20474) to work on /Users/ervinyeoh/Desktop/unimods/is3107/project/.venv/lib/python3.11/site-packages/airflow/example_dags/example_inlet_event_extra.py
[2025-04-17T14:40:29.804+0800] {processor.py:914} INFO - Processing file /Users/ervinyeoh/Desktop/unimods/is3107/project/.venv/lib/python3.11/site-packages/airflow/example_dags/example_inlet_event_extra.py for tasks to queue
[2025-04-17T14:40:29.805+0800] {logging_mixin.py:190} INFO - [2025-04-17T14:40:29.805+0800] {dagbag.py:588} INFO - Filling up the DagBag from /Users/ervinyeoh/Desktop/unimods/is3107/project/.venv/lib/python3.11/site-packages/airflow/example_dags/example_inlet_event_extra.py
[2025-04-17T14:40:30.076+0800] {processor.py:925} INFO - DAG(s) 'read_dataset_event_from_classic', 'read_dataset_event' retrieved from /Users/ervinyeoh/Desktop/unimods/is3107/project/.venv/lib/python3.11/site-packages/airflow/example_dags/example_inlet_event_extra.py
[2025-04-17T14:40:30.126+0800] {logging_mixin.py:190} INFO - [2025-04-17T14:40:30.126+0800] {dag.py:3239} INFO - Sync 2 DAGs
[2025-04-17T14:40:30.137+0800] {logging_mixin.py:190} INFO - [2025-04-17T14:40:30.137+0800] {dag.py:4180} INFO - Setting next_dagrun for read_dataset_event to 2025-04-16 00:00:00+00:00, run_after=2025-04-17 00:00:00+00:00
[2025-04-17T14:40:30.139+0800] {logging_mixin.py:190} INFO - [2025-04-17T14:40:30.139+0800] {dag.py:4180} INFO - Setting next_dagrun for read_dataset_event_from_classic to 2025-04-16 00:00:00+00:00, run_after=2025-04-17 00:00:00+00:00
[2025-04-17T14:40:30.148+0800] {processor.py:208} INFO - Processing /Users/ervinyeoh/Desktop/unimods/is3107/project/.venv/lib/python3.11/site-packages/airflow/example_dags/example_inlet_event_extra.py took 0.347 seconds
[2025-04-17T18:26:32.818+0800] {processor.py:186} INFO - Started process (PID=21450) to work on /Users/ervinyeoh/Desktop/unimods/is3107/project/.venv/lib/python3.11/site-packages/airflow/example_dags/example_inlet_event_extra.py
[2025-04-17T18:26:32.819+0800] {processor.py:914} INFO - Processing file /Users/ervinyeoh/Desktop/unimods/is3107/project/.venv/lib/python3.11/site-packages/airflow/example_dags/example_inlet_event_extra.py for tasks to queue
[2025-04-17T18:26:32.820+0800] {logging_mixin.py:190} INFO - [2025-04-17T18:26:32.820+0800] {dagbag.py:588} INFO - Filling up the DagBag from /Users/ervinyeoh/Desktop/unimods/is3107/project/.venv/lib/python3.11/site-packages/airflow/example_dags/example_inlet_event_extra.py
[2025-04-17T18:26:33.096+0800] {processor.py:925} INFO - DAG(s) 'read_dataset_event_from_classic', 'read_dataset_event' retrieved from /Users/ervinyeoh/Desktop/unimods/is3107/project/.venv/lib/python3.11/site-packages/airflow/example_dags/example_inlet_event_extra.py
[2025-04-17T18:26:33.148+0800] {logging_mixin.py:190} INFO - [2025-04-17T18:26:33.147+0800] {dag.py:3239} INFO - Sync 2 DAGs
[2025-04-17T18:26:33.158+0800] {logging_mixin.py:190} INFO - [2025-04-17T18:26:33.158+0800] {dag.py:4180} INFO - Setting next_dagrun for read_dataset_event to 2025-04-16 00:00:00+00:00, run_after=2025-04-17 00:00:00+00:00
[2025-04-17T18:26:33.161+0800] {logging_mixin.py:190} INFO - [2025-04-17T18:26:33.161+0800] {dag.py:4180} INFO - Setting next_dagrun for read_dataset_event_from_classic to 2025-04-16 00:00:00+00:00, run_after=2025-04-17 00:00:00+00:00
[2025-04-17T18:26:33.169+0800] {processor.py:208} INFO - Processing /Users/ervinyeoh/Desktop/unimods/is3107/project/.venv/lib/python3.11/site-packages/airflow/example_dags/example_inlet_event_extra.py took 0.353 seconds
[2025-04-17T20:10:18.460+0800] {processor.py:186} INFO - Started process (PID=21745) to work on /Users/ervinyeoh/Desktop/unimods/is3107/project/.venv/lib/python3.11/site-packages/airflow/example_dags/example_inlet_event_extra.py
[2025-04-17T20:10:18.461+0800] {processor.py:914} INFO - Processing file /Users/ervinyeoh/Desktop/unimods/is3107/project/.venv/lib/python3.11/site-packages/airflow/example_dags/example_inlet_event_extra.py for tasks to queue
[2025-04-17T20:10:18.461+0800] {logging_mixin.py:190} INFO - [2025-04-17T20:10:18.461+0800] {dagbag.py:588} INFO - Filling up the DagBag from /Users/ervinyeoh/Desktop/unimods/is3107/project/.venv/lib/python3.11/site-packages/airflow/example_dags/example_inlet_event_extra.py
[2025-04-17T20:10:18.762+0800] {processor.py:925} INFO - DAG(s) 'read_dataset_event_from_classic', 'read_dataset_event' retrieved from /Users/ervinyeoh/Desktop/unimods/is3107/project/.venv/lib/python3.11/site-packages/airflow/example_dags/example_inlet_event_extra.py
[2025-04-17T20:10:18.813+0800] {logging_mixin.py:190} INFO - [2025-04-17T20:10:18.813+0800] {dag.py:3239} INFO - Sync 2 DAGs
[2025-04-17T20:10:18.824+0800] {logging_mixin.py:190} INFO - [2025-04-17T20:10:18.824+0800] {dag.py:4180} INFO - Setting next_dagrun for read_dataset_event to 2025-04-16 00:00:00+00:00, run_after=2025-04-17 00:00:00+00:00
[2025-04-17T20:10:18.827+0800] {logging_mixin.py:190} INFO - [2025-04-17T20:10:18.827+0800] {dag.py:4180} INFO - Setting next_dagrun for read_dataset_event_from_classic to 2025-04-16 00:00:00+00:00, run_after=2025-04-17 00:00:00+00:00
[2025-04-17T20:10:18.836+0800] {processor.py:208} INFO - Processing /Users/ervinyeoh/Desktop/unimods/is3107/project/.venv/lib/python3.11/site-packages/airflow/example_dags/example_inlet_event_extra.py took 0.378 seconds
[2025-04-17T20:12:29.182+0800] {processor.py:186} INFO - Started process (PID=22058) to work on /Users/ervinyeoh/Desktop/unimods/is3107/project/.venv/lib/python3.11/site-packages/airflow/example_dags/example_inlet_event_extra.py
[2025-04-17T20:12:29.183+0800] {processor.py:914} INFO - Processing file /Users/ervinyeoh/Desktop/unimods/is3107/project/.venv/lib/python3.11/site-packages/airflow/example_dags/example_inlet_event_extra.py for tasks to queue
[2025-04-17T20:12:29.184+0800] {logging_mixin.py:190} INFO - [2025-04-17T20:12:29.184+0800] {dagbag.py:588} INFO - Filling up the DagBag from /Users/ervinyeoh/Desktop/unimods/is3107/project/.venv/lib/python3.11/site-packages/airflow/example_dags/example_inlet_event_extra.py
[2025-04-17T20:12:29.498+0800] {processor.py:925} INFO - DAG(s) 'read_dataset_event', 'read_dataset_event_from_classic' retrieved from /Users/ervinyeoh/Desktop/unimods/is3107/project/.venv/lib/python3.11/site-packages/airflow/example_dags/example_inlet_event_extra.py
[2025-04-17T20:12:29.552+0800] {logging_mixin.py:190} INFO - [2025-04-17T20:12:29.552+0800] {dag.py:3239} INFO - Sync 2 DAGs
[2025-04-17T20:12:29.563+0800] {logging_mixin.py:190} INFO - [2025-04-17T20:12:29.563+0800] {dag.py:4180} INFO - Setting next_dagrun for read_dataset_event to 2025-04-16 00:00:00+00:00, run_after=2025-04-17 00:00:00+00:00
[2025-04-17T20:12:29.565+0800] {logging_mixin.py:190} INFO - [2025-04-17T20:12:29.565+0800] {dag.py:4180} INFO - Setting next_dagrun for read_dataset_event_from_classic to 2025-04-16 00:00:00+00:00, run_after=2025-04-17 00:00:00+00:00
[2025-04-17T20:12:29.574+0800] {processor.py:208} INFO - Processing /Users/ervinyeoh/Desktop/unimods/is3107/project/.venv/lib/python3.11/site-packages/airflow/example_dags/example_inlet_event_extra.py took 0.393 seconds
[2025-04-17T20:16:16.223+0800] {processor.py:186} INFO - Started process (PID=22603) to work on /Users/ervinyeoh/Desktop/unimods/is3107/project/.venv/lib/python3.11/site-packages/airflow/example_dags/example_inlet_event_extra.py
[2025-04-17T20:16:16.225+0800] {processor.py:914} INFO - Processing file /Users/ervinyeoh/Desktop/unimods/is3107/project/.venv/lib/python3.11/site-packages/airflow/example_dags/example_inlet_event_extra.py for tasks to queue
[2025-04-17T20:16:16.225+0800] {logging_mixin.py:190} INFO - [2025-04-17T20:16:16.225+0800] {dagbag.py:588} INFO - Filling up the DagBag from /Users/ervinyeoh/Desktop/unimods/is3107/project/.venv/lib/python3.11/site-packages/airflow/example_dags/example_inlet_event_extra.py
[2025-04-17T20:16:16.516+0800] {processor.py:925} INFO - DAG(s) 'read_dataset_event_from_classic', 'read_dataset_event' retrieved from /Users/ervinyeoh/Desktop/unimods/is3107/project/.venv/lib/python3.11/site-packages/airflow/example_dags/example_inlet_event_extra.py
[2025-04-17T20:16:16.566+0800] {logging_mixin.py:190} INFO - [2025-04-17T20:16:16.566+0800] {dag.py:3239} INFO - Sync 2 DAGs
[2025-04-17T20:16:16.577+0800] {logging_mixin.py:190} INFO - [2025-04-17T20:16:16.576+0800] {dag.py:4180} INFO - Setting next_dagrun for read_dataset_event to 2025-04-16 00:00:00+00:00, run_after=2025-04-17 00:00:00+00:00
[2025-04-17T20:16:16.579+0800] {logging_mixin.py:190} INFO - [2025-04-17T20:16:16.579+0800] {dag.py:4180} INFO - Setting next_dagrun for read_dataset_event_from_classic to 2025-04-16 00:00:00+00:00, run_after=2025-04-17 00:00:00+00:00
[2025-04-17T20:16:16.587+0800] {processor.py:208} INFO - Processing /Users/ervinyeoh/Desktop/unimods/is3107/project/.venv/lib/python3.11/site-packages/airflow/example_dags/example_inlet_event_extra.py took 0.366 seconds
[2025-04-17T20:19:43.703+0800] {processor.py:186} INFO - Started process (PID=23038) to work on /Users/ervinyeoh/Desktop/unimods/is3107/project/.venv/lib/python3.11/site-packages/airflow/example_dags/example_inlet_event_extra.py
[2025-04-17T20:19:43.704+0800] {processor.py:914} INFO - Processing file /Users/ervinyeoh/Desktop/unimods/is3107/project/.venv/lib/python3.11/site-packages/airflow/example_dags/example_inlet_event_extra.py for tasks to queue
[2025-04-17T20:19:43.704+0800] {logging_mixin.py:190} INFO - [2025-04-17T20:19:43.704+0800] {dagbag.py:588} INFO - Filling up the DagBag from /Users/ervinyeoh/Desktop/unimods/is3107/project/.venv/lib/python3.11/site-packages/airflow/example_dags/example_inlet_event_extra.py
[2025-04-17T20:19:43.988+0800] {processor.py:925} INFO - DAG(s) 'read_dataset_event_from_classic', 'read_dataset_event' retrieved from /Users/ervinyeoh/Desktop/unimods/is3107/project/.venv/lib/python3.11/site-packages/airflow/example_dags/example_inlet_event_extra.py
[2025-04-17T20:19:44.038+0800] {logging_mixin.py:190} INFO - [2025-04-17T20:19:44.038+0800] {dag.py:3239} INFO - Sync 2 DAGs
[2025-04-17T20:19:44.049+0800] {logging_mixin.py:190} INFO - [2025-04-17T20:19:44.049+0800] {dag.py:4180} INFO - Setting next_dagrun for read_dataset_event to 2025-04-16 00:00:00+00:00, run_after=2025-04-17 00:00:00+00:00
[2025-04-17T20:19:44.051+0800] {logging_mixin.py:190} INFO - [2025-04-17T20:19:44.051+0800] {dag.py:4180} INFO - Setting next_dagrun for read_dataset_event_from_classic to 2025-04-16 00:00:00+00:00, run_after=2025-04-17 00:00:00+00:00
[2025-04-17T20:19:44.059+0800] {processor.py:208} INFO - Processing /Users/ervinyeoh/Desktop/unimods/is3107/project/.venv/lib/python3.11/site-packages/airflow/example_dags/example_inlet_event_extra.py took 0.358 seconds
