[2025-04-17T10:02:26.913+0800] {processor.py:186} INFO - Started process (PID=20058) to work on /Users/ervinyeoh/Desktop/unimods/is3107/project/.venv/lib/python3.11/site-packages/airflow/example_dags/tutorial_taskflow_api.py
[2025-04-17T10:02:26.913+0800] {processor.py:914} INFO - Processing file /Users/ervinyeoh/Desktop/unimods/is3107/project/.venv/lib/python3.11/site-packages/airflow/example_dags/tutorial_taskflow_api.py for tasks to queue
[2025-04-17T10:02:26.914+0800] {logging_mixin.py:190} INFO - [2025-04-17T10:02:26.914+0800] {dagbag.py:588} INFO - Filling up the DagBag from /Users/ervinyeoh/Desktop/unimods/is3107/project/.venv/lib/python3.11/site-packages/airflow/example_dags/tutorial_taskflow_api.py
[2025-04-17T10:02:26.970+0800] {processor.py:925} INFO - DAG(s) 'tutorial_taskflow_api' retrieved from /Users/ervinyeoh/Desktop/unimods/is3107/project/.venv/lib/python3.11/site-packages/airflow/example_dags/tutorial_taskflow_api.py
[2025-04-17T10:02:27.020+0800] {logging_mixin.py:190} INFO - [2025-04-17T10:02:27.020+0800] {dag.py:3239} INFO - Sync 1 DAGs
[2025-04-17T10:02:27.026+0800] {logging_mixin.py:190} INFO - [2025-04-17T10:02:27.026+0800] {dag.py:4180} INFO - Setting next_dagrun for tutorial_taskflow_api to None, run_after=None
[2025-04-17T10:02:27.035+0800] {processor.py:208} INFO - Processing /Users/ervinyeoh/Desktop/unimods/is3107/project/.venv/lib/python3.11/site-packages/airflow/example_dags/tutorial_taskflow_api.py took 0.125 seconds
[2025-04-17T13:45:56.345+0800] {processor.py:186} INFO - Started process (PID=20363) to work on /Users/ervinyeoh/Desktop/unimods/is3107/project/.venv/lib/python3.11/site-packages/airflow/example_dags/tutorial_taskflow_api.py
[2025-04-17T13:45:56.346+0800] {processor.py:914} INFO - Processing file /Users/ervinyeoh/Desktop/unimods/is3107/project/.venv/lib/python3.11/site-packages/airflow/example_dags/tutorial_taskflow_api.py for tasks to queue
[2025-04-17T13:45:56.346+0800] {logging_mixin.py:190} INFO - [2025-04-17T13:45:56.346+0800] {dagbag.py:588} INFO - Filling up the DagBag from /Users/ervinyeoh/Desktop/unimods/is3107/project/.venv/lib/python3.11/site-packages/airflow/example_dags/tutorial_taskflow_api.py
[2025-04-17T13:45:56.397+0800] {processor.py:925} INFO - DAG(s) 'tutorial_taskflow_api' retrieved from /Users/ervinyeoh/Desktop/unimods/is3107/project/.venv/lib/python3.11/site-packages/airflow/example_dags/tutorial_taskflow_api.py
[2025-04-17T13:45:56.449+0800] {logging_mixin.py:190} INFO - [2025-04-17T13:45:56.449+0800] {dag.py:3239} INFO - Sync 1 DAGs
[2025-04-17T13:45:56.455+0800] {logging_mixin.py:190} INFO - [2025-04-17T13:45:56.455+0800] {dag.py:4180} INFO - Setting next_dagrun for tutorial_taskflow_api to None, run_after=None
[2025-04-17T13:45:56.465+0800] {processor.py:208} INFO - Processing /Users/ervinyeoh/Desktop/unimods/is3107/project/.venv/lib/python3.11/site-packages/airflow/example_dags/tutorial_taskflow_api.py took 0.122 seconds
[2025-04-17T16:23:02.848+0800] {processor.py:186} INFO - Started process (PID=21285) to work on /Users/ervinyeoh/Desktop/unimods/is3107/project/.venv/lib/python3.11/site-packages/airflow/example_dags/tutorial_taskflow_api.py
[2025-04-17T16:23:02.849+0800] {processor.py:914} INFO - Processing file /Users/ervinyeoh/Desktop/unimods/is3107/project/.venv/lib/python3.11/site-packages/airflow/example_dags/tutorial_taskflow_api.py for tasks to queue
[2025-04-17T16:23:02.849+0800] {logging_mixin.py:190} INFO - [2025-04-17T16:23:02.849+0800] {dagbag.py:588} INFO - Filling up the DagBag from /Users/ervinyeoh/Desktop/unimods/is3107/project/.venv/lib/python3.11/site-packages/airflow/example_dags/tutorial_taskflow_api.py
[2025-04-17T16:23:02.900+0800] {processor.py:925} INFO - DAG(s) 'tutorial_taskflow_api' retrieved from /Users/ervinyeoh/Desktop/unimods/is3107/project/.venv/lib/python3.11/site-packages/airflow/example_dags/tutorial_taskflow_api.py
[2025-04-17T16:23:02.952+0800] {logging_mixin.py:190} INFO - [2025-04-17T16:23:02.952+0800] {dag.py:3239} INFO - Sync 1 DAGs
[2025-04-17T16:23:02.958+0800] {logging_mixin.py:190} INFO - [2025-04-17T16:23:02.958+0800] {dag.py:4180} INFO - Setting next_dagrun for tutorial_taskflow_api to None, run_after=None
[2025-04-17T16:23:02.968+0800] {processor.py:208} INFO - Processing /Users/ervinyeoh/Desktop/unimods/is3107/project/.venv/lib/python3.11/site-packages/airflow/example_dags/tutorial_taskflow_api.py took 0.122 seconds
[2025-04-17T20:09:03.155+0800] {processor.py:186} INFO - Started process (PID=21631) to work on /Users/ervinyeoh/Desktop/unimods/is3107/project/.venv/lib/python3.11/site-packages/airflow/example_dags/tutorial_taskflow_api.py
[2025-04-17T20:09:03.156+0800] {processor.py:914} INFO - Processing file /Users/ervinyeoh/Desktop/unimods/is3107/project/.venv/lib/python3.11/site-packages/airflow/example_dags/tutorial_taskflow_api.py for tasks to queue
[2025-04-17T20:09:03.157+0800] {logging_mixin.py:190} INFO - [2025-04-17T20:09:03.156+0800] {dagbag.py:588} INFO - Filling up the DagBag from /Users/ervinyeoh/Desktop/unimods/is3107/project/.venv/lib/python3.11/site-packages/airflow/example_dags/tutorial_taskflow_api.py
[2025-04-17T20:09:03.210+0800] {processor.py:925} INFO - DAG(s) 'tutorial_taskflow_api' retrieved from /Users/ervinyeoh/Desktop/unimods/is3107/project/.venv/lib/python3.11/site-packages/airflow/example_dags/tutorial_taskflow_api.py
[2025-04-17T20:09:03.264+0800] {logging_mixin.py:190} INFO - [2025-04-17T20:09:03.263+0800] {dag.py:3239} INFO - Sync 1 DAGs
[2025-04-17T20:09:03.269+0800] {logging_mixin.py:190} INFO - [2025-04-17T20:09:03.269+0800] {dag.py:4180} INFO - Setting next_dagrun for tutorial_taskflow_api to None, run_after=None
[2025-04-17T20:09:03.280+0800] {processor.py:208} INFO - Processing /Users/ervinyeoh/Desktop/unimods/is3107/project/.venv/lib/python3.11/site-packages/airflow/example_dags/tutorial_taskflow_api.py took 0.127 seconds
[2025-04-17T20:11:17.876+0800] {processor.py:186} INFO - Started process (PID=21861) to work on /Users/ervinyeoh/Desktop/unimods/is3107/project/.venv/lib/python3.11/site-packages/airflow/example_dags/tutorial_taskflow_api.py
[2025-04-17T20:11:17.877+0800] {processor.py:914} INFO - Processing file /Users/ervinyeoh/Desktop/unimods/is3107/project/.venv/lib/python3.11/site-packages/airflow/example_dags/tutorial_taskflow_api.py for tasks to queue
[2025-04-17T20:11:17.877+0800] {logging_mixin.py:190} INFO - [2025-04-17T20:11:17.877+0800] {dagbag.py:588} INFO - Filling up the DagBag from /Users/ervinyeoh/Desktop/unimods/is3107/project/.venv/lib/python3.11/site-packages/airflow/example_dags/tutorial_taskflow_api.py
[2025-04-17T20:11:17.929+0800] {processor.py:925} INFO - DAG(s) 'tutorial_taskflow_api' retrieved from /Users/ervinyeoh/Desktop/unimods/is3107/project/.venv/lib/python3.11/site-packages/airflow/example_dags/tutorial_taskflow_api.py
[2025-04-17T20:11:17.980+0800] {logging_mixin.py:190} INFO - [2025-04-17T20:11:17.979+0800] {dag.py:3239} INFO - Sync 1 DAGs
[2025-04-17T20:11:17.986+0800] {logging_mixin.py:190} INFO - [2025-04-17T20:11:17.985+0800] {dag.py:4180} INFO - Setting next_dagrun for tutorial_taskflow_api to None, run_after=None
[2025-04-17T20:11:17.997+0800] {processor.py:208} INFO - Processing /Users/ervinyeoh/Desktop/unimods/is3107/project/.venv/lib/python3.11/site-packages/airflow/example_dags/tutorial_taskflow_api.py took 0.123 seconds
