[2025-04-19T11:29:04.433+0800] {local_task_job_runner.py:123} INFO - ::group::Pre task execution logs
[2025-04-19T11:29:04.440+0800] {taskinstance.py:2614} INFO - Dependencies all met for dep_context=non-requeueable deps ti=<TaskInstance: reddit_yf_scraper.run_yf manual__2025-04-19T03:28:54.867003+00:00 [queued]>
[2025-04-19T11:29:04.443+0800] {taskinstance.py:2614} INFO - Dependencies all met for dep_context=requeueable deps ti=<TaskInstance: reddit_yf_scraper.run_yf manual__2025-04-19T03:28:54.867003+00:00 [queued]>
[2025-04-19T11:29:04.443+0800] {taskinstance.py:2867} INFO - Starting attempt 1 of 2
[2025-04-19T11:29:04.449+0800] {taskinstance.py:2890} INFO - Executing <Task(_PythonDecoratedOperator): run_yf> on 2025-04-19 03:28:54.867003+00:00
[2025-04-19T11:29:04.453+0800] {standard_task_runner.py:72} INFO - Started process 14714 to run task
[2025-04-19T11:29:04.456+0800] {standard_task_runner.py:104} INFO - Running: ['airflow', 'tasks', 'run', 'reddit_yf_scraper', 'run_yf', 'manual__2025-04-19T03:28:54.867003+00:00', '--job-id', '653', '--raw', '--subdir', 'DAGS_FOLDER/dag.py', '--cfg-path', '/var/folders/2f/rw5w89ss6nl38qvq2cxrh29w0000gn/T/tmpunf25ere']
[2025-04-19T11:29:04.457+0800] {standard_task_runner.py:105} INFO - Job 653: Subtask run_yf
[2025-04-19T11:29:04.476+0800] {task_command.py:467} INFO - Running <TaskInstance: reddit_yf_scraper.run_yf manual__2025-04-19T03:28:54.867003+00:00 [running]> on host yueyaos-macbook-pro.local
[2025-04-19T11:29:04.508+0800] {taskinstance.py:3134} INFO - Exporting env vars: AIRFLOW_CTX_DAG_OWNER='airflow' AIRFLOW_CTX_DAG_ID='reddit_yf_scraper' AIRFLOW_CTX_TASK_ID='run_yf' AIRFLOW_CTX_EXECUTION_DATE='2025-04-19T03:28:54.867003+00:00' AIRFLOW_CTX_TRY_NUMBER='1' AIRFLOW_CTX_DAG_RUN_ID='manual__2025-04-19T03:28:54.867003+00:00'
[2025-04-19T11:29:04.509+0800] {logging_mixin.py:190} INFO - Task instance is in running state
[2025-04-19T11:29:04.509+0800] {logging_mixin.py:190} INFO -  Previous state of the Task instance: queued
[2025-04-19T11:29:04.509+0800] {logging_mixin.py:190} INFO - Current task name:run_yf state:running start_date:2025-04-19 03:29:04.440865+00:00
[2025-04-19T11:29:04.509+0800] {logging_mixin.py:190} INFO - Dag name:reddit_yf_scraper and current dag run status:running
[2025-04-19T11:29:04.510+0800] {taskinstance.py:732} INFO - ::endgroup::
[2025-04-19T11:29:04.510+0800] {logging_mixin.py:190} INFO - 🔍 Fetching news for AAPL (1/1)...
[2025-04-19T11:29:05.345+0800] {logging_mixin.py:190} INFO - ✅ Saved 6 articles for AAPL
[2025-04-19T11:29:17.349+0800] {python.py:240} INFO - Done. Returned value was: None
[2025-04-19T11:29:17.358+0800] {taskinstance.py:341} INFO - ::group::Post task execution logs
[2025-04-19T11:29:17.360+0800] {taskinstance.py:353} INFO - Marking task as SUCCESS. dag_id=reddit_yf_scraper, task_id=run_yf, run_id=manual__2025-04-19T03:28:54.867003+00:00, execution_date=20250419T032854, start_date=20250419T032904, end_date=20250419T032917
[2025-04-19T11:29:17.372+0800] {logging_mixin.py:190} INFO - Task instance in success state
[2025-04-19T11:29:17.372+0800] {logging_mixin.py:190} INFO -  Previous state of the Task instance: running
[2025-04-19T11:29:17.373+0800] {logging_mixin.py:190} INFO - Dag name:reddit_yf_scraper queued_at:2025-04-19 03:28:54.873189+00:00
[2025-04-19T11:29:17.373+0800] {logging_mixin.py:190} INFO - Task hostname:yueyaos-macbook-pro.local operator:_PythonDecoratedOperator
[2025-04-19T11:29:17.399+0800] {local_task_job_runner.py:266} INFO - Task exited with return code 0
[2025-04-19T11:29:17.419+0800] {taskinstance.py:3901} INFO - 1 downstream tasks scheduled from follow-on schedule check
[2025-04-19T11:29:17.421+0800] {local_task_job_runner.py:245} INFO - ::endgroup::
