[2025-03-27T08:36:12.129+0800] {processor.py:186} INFO - Started process (PID=52953) to work on /Users/ervinyeoh/Desktop/unimods/is3107/project/.venv/lib/python3.11/site-packages/airflow/example_dags/example_latest_only_with_trigger.py
[2025-03-27T08:36:12.129+0800] {processor.py:914} INFO - Processing file /Users/ervinyeoh/Desktop/unimods/is3107/project/.venv/lib/python3.11/site-packages/airflow/example_dags/example_latest_only_with_trigger.py for tasks to queue
[2025-03-27T08:36:12.130+0800] {logging_mixin.py:190} INFO - [2025-03-27T08:36:12.130+0800] {dagbag.py:588} INFO - Filling up the DagBag from /Users/ervinyeoh/Desktop/unimods/is3107/project/.venv/lib/python3.11/site-packages/airflow/example_dags/example_latest_only_with_trigger.py
[2025-03-27T08:36:12.136+0800] {processor.py:925} INFO - DAG(s) 'latest_only_with_trigger' retrieved from /Users/ervinyeoh/Desktop/unimods/is3107/project/.venv/lib/python3.11/site-packages/airflow/example_dags/example_latest_only_with_trigger.py
[2025-03-27T08:36:12.235+0800] {logging_mixin.py:190} INFO - [2025-03-27T08:36:12.235+0800] {dag.py:3239} INFO - Sync 1 DAGs
[2025-03-27T08:36:12.246+0800] {logging_mixin.py:190} INFO - [2025-03-27T08:36:12.246+0800] {dag.py:4180} INFO - Setting next_dagrun for latest_only_with_trigger to 2025-03-26 20:00:00+00:00, run_after=2025-03-27 00:00:00+00:00
[2025-03-27T08:36:12.256+0800] {processor.py:208} INFO - Processing /Users/ervinyeoh/Desktop/unimods/is3107/project/.venv/lib/python3.11/site-packages/airflow/example_dags/example_latest_only_with_trigger.py took 0.129 seconds
[2025-03-27T08:54:16.458+0800] {processor.py:186} INFO - Started process (PID=53232) to work on /Users/ervinyeoh/Desktop/unimods/is3107/project/.venv/lib/python3.11/site-packages/airflow/example_dags/example_latest_only_with_trigger.py
[2025-03-27T08:54:16.459+0800] {processor.py:914} INFO - Processing file /Users/ervinyeoh/Desktop/unimods/is3107/project/.venv/lib/python3.11/site-packages/airflow/example_dags/example_latest_only_with_trigger.py for tasks to queue
[2025-03-27T08:54:16.459+0800] {logging_mixin.py:190} INFO - [2025-03-27T08:54:16.459+0800] {dagbag.py:588} INFO - Filling up the DagBag from /Users/ervinyeoh/Desktop/unimods/is3107/project/.venv/lib/python3.11/site-packages/airflow/example_dags/example_latest_only_with_trigger.py
[2025-03-27T08:54:16.464+0800] {processor.py:925} INFO - DAG(s) 'latest_only_with_trigger' retrieved from /Users/ervinyeoh/Desktop/unimods/is3107/project/.venv/lib/python3.11/site-packages/airflow/example_dags/example_latest_only_with_trigger.py
[2025-03-27T08:54:16.547+0800] {logging_mixin.py:190} INFO - [2025-03-27T08:54:16.546+0800] {dag.py:3239} INFO - Sync 1 DAGs
[2025-03-27T08:54:16.557+0800] {logging_mixin.py:190} INFO - [2025-03-27T08:54:16.557+0800] {dag.py:4180} INFO - Setting next_dagrun for latest_only_with_trigger to 2025-03-26 20:00:00+00:00, run_after=2025-03-27 00:00:00+00:00
[2025-03-27T08:54:16.567+0800] {processor.py:208} INFO - Processing /Users/ervinyeoh/Desktop/unimods/is3107/project/.venv/lib/python3.11/site-packages/airflow/example_dags/example_latest_only_with_trigger.py took 0.111 seconds
[2025-03-27T11:09:08.280+0800] {processor.py:186} INFO - Started process (PID=53838) to work on /Users/ervinyeoh/Desktop/unimods/is3107/project/.venv/lib/python3.11/site-packages/airflow/example_dags/example_latest_only_with_trigger.py
[2025-03-27T11:09:08.281+0800] {processor.py:914} INFO - Processing file /Users/ervinyeoh/Desktop/unimods/is3107/project/.venv/lib/python3.11/site-packages/airflow/example_dags/example_latest_only_with_trigger.py for tasks to queue
[2025-03-27T11:09:08.282+0800] {logging_mixin.py:190} INFO - [2025-03-27T11:09:08.281+0800] {dagbag.py:588} INFO - Filling up the DagBag from /Users/ervinyeoh/Desktop/unimods/is3107/project/.venv/lib/python3.11/site-packages/airflow/example_dags/example_latest_only_with_trigger.py
[2025-03-27T11:09:08.286+0800] {processor.py:925} INFO - DAG(s) 'latest_only_with_trigger' retrieved from /Users/ervinyeoh/Desktop/unimods/is3107/project/.venv/lib/python3.11/site-packages/airflow/example_dags/example_latest_only_with_trigger.py
[2025-03-27T11:09:08.370+0800] {logging_mixin.py:190} INFO - [2025-03-27T11:09:08.370+0800] {dag.py:3239} INFO - Sync 1 DAGs
[2025-03-27T11:09:08.381+0800] {logging_mixin.py:190} INFO - [2025-03-27T11:09:08.381+0800] {dag.py:4180} INFO - Setting next_dagrun for latest_only_with_trigger to 2025-03-26 20:00:00+00:00, run_after=2025-03-27 00:00:00+00:00
[2025-03-27T11:09:08.392+0800] {processor.py:208} INFO - Processing /Users/ervinyeoh/Desktop/unimods/is3107/project/.venv/lib/python3.11/site-packages/airflow/example_dags/example_latest_only_with_trigger.py took 0.113 seconds
[2025-03-27T12:40:44.330+0800] {processor.py:186} INFO - Started process (PID=54362) to work on /Users/ervinyeoh/Desktop/unimods/is3107/project/.venv/lib/python3.11/site-packages/airflow/example_dags/example_latest_only_with_trigger.py
[2025-03-27T12:40:44.331+0800] {processor.py:914} INFO - Processing file /Users/ervinyeoh/Desktop/unimods/is3107/project/.venv/lib/python3.11/site-packages/airflow/example_dags/example_latest_only_with_trigger.py for tasks to queue
[2025-03-27T12:40:44.332+0800] {logging_mixin.py:190} INFO - [2025-03-27T12:40:44.331+0800] {dagbag.py:588} INFO - Filling up the DagBag from /Users/ervinyeoh/Desktop/unimods/is3107/project/.venv/lib/python3.11/site-packages/airflow/example_dags/example_latest_only_with_trigger.py
[2025-03-27T12:40:44.336+0800] {processor.py:925} INFO - DAG(s) 'latest_only_with_trigger' retrieved from /Users/ervinyeoh/Desktop/unimods/is3107/project/.venv/lib/python3.11/site-packages/airflow/example_dags/example_latest_only_with_trigger.py
[2025-03-27T12:40:44.420+0800] {logging_mixin.py:190} INFO - [2025-03-27T12:40:44.420+0800] {dag.py:3239} INFO - Sync 1 DAGs
[2025-03-27T12:40:44.431+0800] {logging_mixin.py:190} INFO - [2025-03-27T12:40:44.431+0800] {dag.py:4180} INFO - Setting next_dagrun for latest_only_with_trigger to 2025-03-27 00:00:00+00:00, run_after=2025-03-27 04:00:00+00:00
[2025-03-27T12:40:44.442+0800] {processor.py:208} INFO - Processing /Users/ervinyeoh/Desktop/unimods/is3107/project/.venv/lib/python3.11/site-packages/airflow/example_dags/example_latest_only_with_trigger.py took 0.114 seconds
[2025-03-27T15:59:16.919+0800] {processor.py:186} INFO - Started process (PID=54746) to work on /Users/ervinyeoh/Desktop/unimods/is3107/project/.venv/lib/python3.11/site-packages/airflow/example_dags/example_latest_only_with_trigger.py
[2025-03-27T15:59:16.920+0800] {processor.py:914} INFO - Processing file /Users/ervinyeoh/Desktop/unimods/is3107/project/.venv/lib/python3.11/site-packages/airflow/example_dags/example_latest_only_with_trigger.py for tasks to queue
[2025-03-27T15:59:16.921+0800] {logging_mixin.py:190} INFO - [2025-03-27T15:59:16.920+0800] {dagbag.py:588} INFO - Filling up the DagBag from /Users/ervinyeoh/Desktop/unimods/is3107/project/.venv/lib/python3.11/site-packages/airflow/example_dags/example_latest_only_with_trigger.py
[2025-03-27T15:59:16.926+0800] {processor.py:925} INFO - DAG(s) 'latest_only_with_trigger' retrieved from /Users/ervinyeoh/Desktop/unimods/is3107/project/.venv/lib/python3.11/site-packages/airflow/example_dags/example_latest_only_with_trigger.py
[2025-03-27T15:59:17.010+0800] {logging_mixin.py:190} INFO - [2025-03-27T15:59:17.010+0800] {dag.py:3239} INFO - Sync 1 DAGs
[2025-03-27T15:59:17.021+0800] {logging_mixin.py:190} INFO - [2025-03-27T15:59:17.021+0800] {dag.py:4180} INFO - Setting next_dagrun for latest_only_with_trigger to 2025-03-27 00:00:00+00:00, run_after=2025-03-27 04:00:00+00:00
[2025-03-27T15:59:17.031+0800] {processor.py:208} INFO - Processing /Users/ervinyeoh/Desktop/unimods/is3107/project/.venv/lib/python3.11/site-packages/airflow/example_dags/example_latest_only_with_trigger.py took 0.114 seconds
[2025-03-27T17:50:42.410+0800] {processor.py:186} INFO - Started process (PID=55064) to work on /Users/ervinyeoh/Desktop/unimods/is3107/project/.venv/lib/python3.11/site-packages/airflow/example_dags/example_latest_only_with_trigger.py
[2025-03-27T17:50:42.411+0800] {processor.py:914} INFO - Processing file /Users/ervinyeoh/Desktop/unimods/is3107/project/.venv/lib/python3.11/site-packages/airflow/example_dags/example_latest_only_with_trigger.py for tasks to queue
[2025-03-27T17:50:42.412+0800] {logging_mixin.py:190} INFO - [2025-03-27T17:50:42.411+0800] {dagbag.py:588} INFO - Filling up the DagBag from /Users/ervinyeoh/Desktop/unimods/is3107/project/.venv/lib/python3.11/site-packages/airflow/example_dags/example_latest_only_with_trigger.py
[2025-03-27T17:50:42.416+0800] {processor.py:925} INFO - DAG(s) 'latest_only_with_trigger' retrieved from /Users/ervinyeoh/Desktop/unimods/is3107/project/.venv/lib/python3.11/site-packages/airflow/example_dags/example_latest_only_with_trigger.py
[2025-03-27T17:50:42.501+0800] {logging_mixin.py:190} INFO - [2025-03-27T17:50:42.501+0800] {dag.py:3239} INFO - Sync 1 DAGs
[2025-03-27T18:06:33.803+0800] {logging_mixin.py:190} INFO - [2025-03-27T18:06:33.803+0800] {dag.py:4180} INFO - Setting next_dagrun for latest_only_with_trigger to 2025-03-27 04:00:00+00:00, run_after=2025-03-27 08:00:00+00:00
[2025-03-27T18:06:33.824+0800] {processor.py:208} INFO - Processing /Users/ervinyeoh/Desktop/unimods/is3107/project/.venv/lib/python3.11/site-packages/airflow/example_dags/example_latest_only_with_trigger.py took 0.385 seconds
[2025-03-27T23:36:29.896+0800] {processor.py:186} INFO - Started process (PID=55476) to work on /Users/ervinyeoh/Desktop/unimods/is3107/project/.venv/lib/python3.11/site-packages/airflow/example_dags/example_latest_only_with_trigger.py
[2025-03-27T23:36:29.897+0800] {processor.py:914} INFO - Processing file /Users/ervinyeoh/Desktop/unimods/is3107/project/.venv/lib/python3.11/site-packages/airflow/example_dags/example_latest_only_with_trigger.py for tasks to queue
[2025-03-27T23:36:29.898+0800] {logging_mixin.py:190} INFO - [2025-03-27T23:36:29.898+0800] {dagbag.py:588} INFO - Filling up the DagBag from /Users/ervinyeoh/Desktop/unimods/is3107/project/.venv/lib/python3.11/site-packages/airflow/example_dags/example_latest_only_with_trigger.py
[2025-03-27T23:36:29.904+0800] {processor.py:925} INFO - DAG(s) 'latest_only_with_trigger' retrieved from /Users/ervinyeoh/Desktop/unimods/is3107/project/.venv/lib/python3.11/site-packages/airflow/example_dags/example_latest_only_with_trigger.py
[2025-03-27T23:36:30.095+0800] {logging_mixin.py:190} INFO - [2025-03-27T23:36:30.095+0800] {dag.py:3239} INFO - Sync 1 DAGs
[2025-03-27T23:36:30.111+0800] {logging_mixin.py:190} INFO - [2025-03-27T23:36:30.111+0800] {dag.py:4180} INFO - Setting next_dagrun for latest_only_with_trigger to 2025-03-27 08:00:00+00:00, run_after=2025-03-27 12:00:00+00:00
[2025-03-27T23:36:30.124+0800] {processor.py:208} INFO - Processing /Users/ervinyeoh/Desktop/unimods/is3107/project/.venv/lib/python3.11/site-packages/airflow/example_dags/example_latest_only_with_trigger.py took 0.230 seconds
[2025-03-28T03:25:20.203+0800] {processor.py:186} INFO - Started process (PID=55858) to work on /Users/ervinyeoh/Desktop/unimods/is3107/project/.venv/lib/python3.11/site-packages/airflow/example_dags/example_latest_only_with_trigger.py
[2025-03-28T03:25:20.204+0800] {processor.py:914} INFO - Processing file /Users/ervinyeoh/Desktop/unimods/is3107/project/.venv/lib/python3.11/site-packages/airflow/example_dags/example_latest_only_with_trigger.py for tasks to queue
[2025-03-28T03:25:20.204+0800] {logging_mixin.py:190} INFO - [2025-03-28T03:25:20.204+0800] {dagbag.py:588} INFO - Filling up the DagBag from /Users/ervinyeoh/Desktop/unimods/is3107/project/.venv/lib/python3.11/site-packages/airflow/example_dags/example_latest_only_with_trigger.py
[2025-03-28T03:25:20.209+0800] {processor.py:925} INFO - DAG(s) 'latest_only_with_trigger' retrieved from /Users/ervinyeoh/Desktop/unimods/is3107/project/.venv/lib/python3.11/site-packages/airflow/example_dags/example_latest_only_with_trigger.py
[2025-03-28T03:25:20.291+0800] {logging_mixin.py:190} INFO - [2025-03-28T03:25:20.290+0800] {dag.py:3239} INFO - Sync 1 DAGs
[2025-03-28T03:25:20.301+0800] {logging_mixin.py:190} INFO - [2025-03-28T03:25:20.301+0800] {dag.py:4180} INFO - Setting next_dagrun for latest_only_with_trigger to 2025-03-27 12:00:00+00:00, run_after=2025-03-27 16:00:00+00:00
[2025-03-28T03:25:20.312+0800] {processor.py:208} INFO - Processing /Users/ervinyeoh/Desktop/unimods/is3107/project/.venv/lib/python3.11/site-packages/airflow/example_dags/example_latest_only_with_trigger.py took 0.111 seconds
[2025-03-28T04:27:03.115+0800] {processor.py:186} INFO - Started process (PID=56176) to work on /Users/ervinyeoh/Desktop/unimods/is3107/project/.venv/lib/python3.11/site-packages/airflow/example_dags/example_latest_only_with_trigger.py
[2025-03-28T04:27:03.115+0800] {processor.py:914} INFO - Processing file /Users/ervinyeoh/Desktop/unimods/is3107/project/.venv/lib/python3.11/site-packages/airflow/example_dags/example_latest_only_with_trigger.py for tasks to queue
[2025-03-28T04:27:03.116+0800] {logging_mixin.py:190} INFO - [2025-03-28T04:27:03.116+0800] {dagbag.py:588} INFO - Filling up the DagBag from /Users/ervinyeoh/Desktop/unimods/is3107/project/.venv/lib/python3.11/site-packages/airflow/example_dags/example_latest_only_with_trigger.py
[2025-03-28T04:27:03.121+0800] {processor.py:925} INFO - DAG(s) 'latest_only_with_trigger' retrieved from /Users/ervinyeoh/Desktop/unimods/is3107/project/.venv/lib/python3.11/site-packages/airflow/example_dags/example_latest_only_with_trigger.py
[2025-03-28T04:27:03.204+0800] {logging_mixin.py:190} INFO - [2025-03-28T04:27:03.204+0800] {dag.py:3239} INFO - Sync 1 DAGs
[2025-03-28T04:27:03.215+0800] {logging_mixin.py:190} INFO - [2025-03-28T04:27:03.215+0800] {dag.py:4180} INFO - Setting next_dagrun for latest_only_with_trigger to 2025-03-27 16:00:00+00:00, run_after=2025-03-27 20:00:00+00:00
[2025-03-28T04:27:03.226+0800] {processor.py:208} INFO - Processing /Users/ervinyeoh/Desktop/unimods/is3107/project/.venv/lib/python3.11/site-packages/airflow/example_dags/example_latest_only_with_trigger.py took 0.113 seconds
[2025-03-28T05:10:15.023+0800] {processor.py:186} INFO - Started process (PID=56448) to work on /Users/ervinyeoh/Desktop/unimods/is3107/project/.venv/lib/python3.11/site-packages/airflow/example_dags/example_latest_only_with_trigger.py
[2025-03-28T05:10:15.024+0800] {processor.py:914} INFO - Processing file /Users/ervinyeoh/Desktop/unimods/is3107/project/.venv/lib/python3.11/site-packages/airflow/example_dags/example_latest_only_with_trigger.py for tasks to queue
[2025-03-28T05:10:15.024+0800] {logging_mixin.py:190} INFO - [2025-03-28T05:10:15.024+0800] {dagbag.py:588} INFO - Filling up the DagBag from /Users/ervinyeoh/Desktop/unimods/is3107/project/.venv/lib/python3.11/site-packages/airflow/example_dags/example_latest_only_with_trigger.py
[2025-03-28T05:10:15.029+0800] {processor.py:925} INFO - DAG(s) 'latest_only_with_trigger' retrieved from /Users/ervinyeoh/Desktop/unimods/is3107/project/.venv/lib/python3.11/site-packages/airflow/example_dags/example_latest_only_with_trigger.py
[2025-03-28T05:10:15.111+0800] {logging_mixin.py:190} INFO - [2025-03-28T05:10:15.111+0800] {dag.py:3239} INFO - Sync 1 DAGs
[2025-03-28T05:10:15.122+0800] {logging_mixin.py:190} INFO - [2025-03-28T05:10:15.122+0800] {dag.py:4180} INFO - Setting next_dagrun for latest_only_with_trigger to 2025-03-27 16:00:00+00:00, run_after=2025-03-27 20:00:00+00:00
[2025-03-28T05:10:15.132+0800] {processor.py:208} INFO - Processing /Users/ervinyeoh/Desktop/unimods/is3107/project/.venv/lib/python3.11/site-packages/airflow/example_dags/example_latest_only_with_trigger.py took 0.110 seconds
[2025-03-28T05:23:38.570+0800] {processor.py:186} INFO - Started process (PID=56666) to work on /Users/ervinyeoh/Desktop/unimods/is3107/project/.venv/lib/python3.11/site-packages/airflow/example_dags/example_latest_only_with_trigger.py
[2025-03-28T05:23:38.571+0800] {processor.py:914} INFO - Processing file /Users/ervinyeoh/Desktop/unimods/is3107/project/.venv/lib/python3.11/site-packages/airflow/example_dags/example_latest_only_with_trigger.py for tasks to queue
[2025-03-28T05:23:38.571+0800] {logging_mixin.py:190} INFO - [2025-03-28T05:23:38.571+0800] {dagbag.py:588} INFO - Filling up the DagBag from /Users/ervinyeoh/Desktop/unimods/is3107/project/.venv/lib/python3.11/site-packages/airflow/example_dags/example_latest_only_with_trigger.py
[2025-03-28T05:23:38.576+0800] {processor.py:925} INFO - DAG(s) 'latest_only_with_trigger' retrieved from /Users/ervinyeoh/Desktop/unimods/is3107/project/.venv/lib/python3.11/site-packages/airflow/example_dags/example_latest_only_with_trigger.py
[2025-03-28T05:23:38.680+0800] {logging_mixin.py:190} INFO - [2025-03-28T05:23:38.680+0800] {dag.py:3239} INFO - Sync 1 DAGs
[2025-03-28T05:23:38.691+0800] {logging_mixin.py:190} INFO - [2025-03-28T05:23:38.691+0800] {dag.py:4180} INFO - Setting next_dagrun for latest_only_with_trigger to 2025-03-27 16:00:00+00:00, run_after=2025-03-27 20:00:00+00:00
[2025-03-28T05:23:38.701+0800] {processor.py:208} INFO - Processing /Users/ervinyeoh/Desktop/unimods/is3107/project/.venv/lib/python3.11/site-packages/airflow/example_dags/example_latest_only_with_trigger.py took 0.133 seconds
[2025-03-28T05:39:50.923+0800] {processor.py:186} INFO - Started process (PID=56930) to work on /Users/ervinyeoh/Desktop/unimods/is3107/project/.venv/lib/python3.11/site-packages/airflow/example_dags/example_latest_only_with_trigger.py
[2025-03-28T05:39:50.924+0800] {processor.py:914} INFO - Processing file /Users/ervinyeoh/Desktop/unimods/is3107/project/.venv/lib/python3.11/site-packages/airflow/example_dags/example_latest_only_with_trigger.py for tasks to queue
[2025-03-28T05:39:50.924+0800] {logging_mixin.py:190} INFO - [2025-03-28T05:39:50.924+0800] {dagbag.py:588} INFO - Filling up the DagBag from /Users/ervinyeoh/Desktop/unimods/is3107/project/.venv/lib/python3.11/site-packages/airflow/example_dags/example_latest_only_with_trigger.py
[2025-03-28T05:39:50.930+0800] {processor.py:925} INFO - DAG(s) 'latest_only_with_trigger' retrieved from /Users/ervinyeoh/Desktop/unimods/is3107/project/.venv/lib/python3.11/site-packages/airflow/example_dags/example_latest_only_with_trigger.py
[2025-03-28T05:39:51.011+0800] {logging_mixin.py:190} INFO - [2025-03-28T05:39:51.011+0800] {dag.py:3239} INFO - Sync 1 DAGs
[2025-03-28T05:39:51.021+0800] {logging_mixin.py:190} INFO - [2025-03-28T05:39:51.021+0800] {dag.py:4180} INFO - Setting next_dagrun for latest_only_with_trigger to 2025-03-27 16:00:00+00:00, run_after=2025-03-27 20:00:00+00:00
[2025-03-28T05:39:51.031+0800] {processor.py:208} INFO - Processing /Users/ervinyeoh/Desktop/unimods/is3107/project/.venv/lib/python3.11/site-packages/airflow/example_dags/example_latest_only_with_trigger.py took 0.110 seconds
