[2025-03-27T08:36:16.989+0800] {processor.py:186} INFO - Started process (PID=52976) to work on /Users/ervinyeoh/Desktop/unimods/is3107/project/.venv/lib/python3.11/site-packages/airflow/example_dags/example_kubernetes_executor.py
[2025-03-27T08:36:16.990+0800] {processor.py:914} INFO - Processing file /Users/ervinyeoh/Desktop/unimods/is3107/project/.venv/lib/python3.11/site-packages/airflow/example_dags/example_kubernetes_executor.py for tasks to queue
[2025-03-27T08:36:16.992+0800] {logging_mixin.py:190} INFO - [2025-03-27T08:36:16.991+0800] {dagbag.py:588} INFO - Filling up the DagBag from /Users/ervinyeoh/Desktop/unimods/is3107/project/.venv/lib/python3.11/site-packages/airflow/example_dags/example_kubernetes_executor.py
[2025-03-27T08:36:17.043+0800] {logging_mixin.py:190} INFO - [2025-03-27T08:36:17.043+0800] {example_kubernetes_executor.py:39} WARNING - The example_kubernetes_executor example DAG requires the kubernetes provider. Please install it with: pip install apache-airflow[cncf.kubernetes]
[2025-03-27T08:36:17.043+0800] {processor.py:927} WARNING - No viable dags retrieved from /Users/ervinyeoh/Desktop/unimods/is3107/project/.venv/lib/python3.11/site-packages/airflow/example_dags/example_kubernetes_executor.py
[2025-03-27T08:36:17.092+0800] {processor.py:208} INFO - Processing /Users/ervinyeoh/Desktop/unimods/is3107/project/.venv/lib/python3.11/site-packages/airflow/example_dags/example_kubernetes_executor.py took 0.104 seconds
[2025-03-27T08:54:21.071+0800] {processor.py:186} INFO - Started process (PID=53239) to work on /Users/ervinyeoh/Desktop/unimods/is3107/project/.venv/lib/python3.11/site-packages/airflow/example_dags/example_kubernetes_executor.py
[2025-03-27T08:54:21.072+0800] {processor.py:914} INFO - Processing file /Users/ervinyeoh/Desktop/unimods/is3107/project/.venv/lib/python3.11/site-packages/airflow/example_dags/example_kubernetes_executor.py for tasks to queue
[2025-03-27T08:54:21.073+0800] {logging_mixin.py:190} INFO - [2025-03-27T08:54:21.073+0800] {dagbag.py:588} INFO - Filling up the DagBag from /Users/ervinyeoh/Desktop/unimods/is3107/project/.venv/lib/python3.11/site-packages/airflow/example_dags/example_kubernetes_executor.py
[2025-03-27T08:54:21.123+0800] {logging_mixin.py:190} INFO - [2025-03-27T08:54:21.123+0800] {example_kubernetes_executor.py:39} WARNING - The example_kubernetes_executor example DAG requires the kubernetes provider. Please install it with: pip install apache-airflow[cncf.kubernetes]
[2025-03-27T08:54:21.124+0800] {processor.py:927} WARNING - No viable dags retrieved from /Users/ervinyeoh/Desktop/unimods/is3107/project/.venv/lib/python3.11/site-packages/airflow/example_dags/example_kubernetes_executor.py
[2025-03-27T08:54:21.181+0800] {processor.py:208} INFO - Processing /Users/ervinyeoh/Desktop/unimods/is3107/project/.venv/lib/python3.11/site-packages/airflow/example_dags/example_kubernetes_executor.py took 0.111 seconds
[2025-03-27T11:09:13.074+0800] {processor.py:186} INFO - Started process (PID=53845) to work on /Users/ervinyeoh/Desktop/unimods/is3107/project/.venv/lib/python3.11/site-packages/airflow/example_dags/example_kubernetes_executor.py
[2025-03-27T11:09:13.075+0800] {processor.py:914} INFO - Processing file /Users/ervinyeoh/Desktop/unimods/is3107/project/.venv/lib/python3.11/site-packages/airflow/example_dags/example_kubernetes_executor.py for tasks to queue
[2025-03-27T11:09:13.075+0800] {logging_mixin.py:190} INFO - [2025-03-27T11:09:13.075+0800] {dagbag.py:588} INFO - Filling up the DagBag from /Users/ervinyeoh/Desktop/unimods/is3107/project/.venv/lib/python3.11/site-packages/airflow/example_dags/example_kubernetes_executor.py
[2025-03-27T11:09:13.130+0800] {logging_mixin.py:190} INFO - [2025-03-27T11:09:13.130+0800] {example_kubernetes_executor.py:39} WARNING - The example_kubernetes_executor example DAG requires the kubernetes provider. Please install it with: pip install apache-airflow[cncf.kubernetes]
[2025-03-27T11:09:13.130+0800] {processor.py:927} WARNING - No viable dags retrieved from /Users/ervinyeoh/Desktop/unimods/is3107/project/.venv/lib/python3.11/site-packages/airflow/example_dags/example_kubernetes_executor.py
[2025-03-27T11:09:13.176+0800] {processor.py:208} INFO - Processing /Users/ervinyeoh/Desktop/unimods/is3107/project/.venv/lib/python3.11/site-packages/airflow/example_dags/example_kubernetes_executor.py took 0.104 seconds
[2025-03-27T12:56:50.200+0800] {processor.py:186} INFO - Started process (PID=54397) to work on /Users/ervinyeoh/Desktop/unimods/is3107/project/.venv/lib/python3.11/site-packages/airflow/example_dags/example_kubernetes_executor.py
[2025-03-27T12:56:50.201+0800] {processor.py:914} INFO - Processing file /Users/ervinyeoh/Desktop/unimods/is3107/project/.venv/lib/python3.11/site-packages/airflow/example_dags/example_kubernetes_executor.py for tasks to queue
[2025-03-27T12:56:50.201+0800] {logging_mixin.py:190} INFO - [2025-03-27T12:56:50.201+0800] {dagbag.py:588} INFO - Filling up the DagBag from /Users/ervinyeoh/Desktop/unimods/is3107/project/.venv/lib/python3.11/site-packages/airflow/example_dags/example_kubernetes_executor.py
[2025-03-27T12:56:50.285+0800] {logging_mixin.py:190} INFO - [2025-03-27T12:56:50.285+0800] {example_kubernetes_executor.py:39} WARNING - The example_kubernetes_executor example DAG requires the kubernetes provider. Please install it with: pip install apache-airflow[cncf.kubernetes]
[2025-03-27T12:56:50.286+0800] {processor.py:927} WARNING - No viable dags retrieved from /Users/ervinyeoh/Desktop/unimods/is3107/project/.venv/lib/python3.11/site-packages/airflow/example_dags/example_kubernetes_executor.py
[2025-03-27T12:56:50.337+0800] {processor.py:208} INFO - Processing /Users/ervinyeoh/Desktop/unimods/is3107/project/.venv/lib/python3.11/site-packages/airflow/example_dags/example_kubernetes_executor.py took 0.139 seconds
[2025-03-27T18:06:39.015+0800] {processor.py:186} INFO - Started process (PID=55087) to work on /Users/ervinyeoh/Desktop/unimods/is3107/project/.venv/lib/python3.11/site-packages/airflow/example_dags/example_kubernetes_executor.py
[2025-03-27T18:06:39.016+0800] {processor.py:914} INFO - Processing file /Users/ervinyeoh/Desktop/unimods/is3107/project/.venv/lib/python3.11/site-packages/airflow/example_dags/example_kubernetes_executor.py for tasks to queue
[2025-03-27T18:06:39.017+0800] {logging_mixin.py:190} INFO - [2025-03-27T18:06:39.016+0800] {dagbag.py:588} INFO - Filling up the DagBag from /Users/ervinyeoh/Desktop/unimods/is3107/project/.venv/lib/python3.11/site-packages/airflow/example_dags/example_kubernetes_executor.py
[2025-03-27T18:06:39.082+0800] {logging_mixin.py:190} INFO - [2025-03-27T18:06:39.082+0800] {example_kubernetes_executor.py:39} WARNING - The example_kubernetes_executor example DAG requires the kubernetes provider. Please install it with: pip install apache-airflow[cncf.kubernetes]
[2025-03-27T18:06:39.082+0800] {processor.py:927} WARNING - No viable dags retrieved from /Users/ervinyeoh/Desktop/unimods/is3107/project/.venv/lib/python3.11/site-packages/airflow/example_dags/example_kubernetes_executor.py
[2025-03-27T18:06:39.130+0800] {processor.py:208} INFO - Processing /Users/ervinyeoh/Desktop/unimods/is3107/project/.venv/lib/python3.11/site-packages/airflow/example_dags/example_kubernetes_executor.py took 0.117 seconds
[2025-03-27T23:36:35.578+0800] {processor.py:186} INFO - Started process (PID=55488) to work on /Users/ervinyeoh/Desktop/unimods/is3107/project/.venv/lib/python3.11/site-packages/airflow/example_dags/example_kubernetes_executor.py
[2025-03-27T23:36:35.579+0800] {processor.py:914} INFO - Processing file /Users/ervinyeoh/Desktop/unimods/is3107/project/.venv/lib/python3.11/site-packages/airflow/example_dags/example_kubernetes_executor.py for tasks to queue
[2025-03-27T23:36:35.580+0800] {logging_mixin.py:190} INFO - [2025-03-27T23:36:35.580+0800] {dagbag.py:588} INFO - Filling up the DagBag from /Users/ervinyeoh/Desktop/unimods/is3107/project/.venv/lib/python3.11/site-packages/airflow/example_dags/example_kubernetes_executor.py
[2025-03-27T23:36:35.637+0800] {logging_mixin.py:190} INFO - [2025-03-27T23:36:35.637+0800] {example_kubernetes_executor.py:39} WARNING - The example_kubernetes_executor example DAG requires the kubernetes provider. Please install it with: pip install apache-airflow[cncf.kubernetes]
[2025-03-27T23:36:35.637+0800] {processor.py:927} WARNING - No viable dags retrieved from /Users/ervinyeoh/Desktop/unimods/is3107/project/.venv/lib/python3.11/site-packages/airflow/example_dags/example_kubernetes_executor.py
[2025-03-27T23:36:35.684+0800] {processor.py:208} INFO - Processing /Users/ervinyeoh/Desktop/unimods/is3107/project/.venv/lib/python3.11/site-packages/airflow/example_dags/example_kubernetes_executor.py took 0.108 seconds
[2025-03-28T03:25:24.854+0800] {processor.py:186} INFO - Started process (PID=55862) to work on /Users/ervinyeoh/Desktop/unimods/is3107/project/.venv/lib/python3.11/site-packages/airflow/example_dags/example_kubernetes_executor.py
[2025-03-28T03:25:24.856+0800] {processor.py:914} INFO - Processing file /Users/ervinyeoh/Desktop/unimods/is3107/project/.venv/lib/python3.11/site-packages/airflow/example_dags/example_kubernetes_executor.py for tasks to queue
[2025-03-28T03:25:24.858+0800] {logging_mixin.py:190} INFO - [2025-03-28T03:25:24.858+0800] {dagbag.py:588} INFO - Filling up the DagBag from /Users/ervinyeoh/Desktop/unimods/is3107/project/.venv/lib/python3.11/site-packages/airflow/example_dags/example_kubernetes_executor.py
[2025-03-28T03:25:24.912+0800] {logging_mixin.py:190} INFO - [2025-03-28T03:25:24.912+0800] {example_kubernetes_executor.py:39} WARNING - The example_kubernetes_executor example DAG requires the kubernetes provider. Please install it with: pip install apache-airflow[cncf.kubernetes]
[2025-03-28T03:25:24.912+0800] {processor.py:927} WARNING - No viable dags retrieved from /Users/ervinyeoh/Desktop/unimods/is3107/project/.venv/lib/python3.11/site-packages/airflow/example_dags/example_kubernetes_executor.py
[2025-03-28T03:25:24.958+0800] {processor.py:208} INFO - Processing /Users/ervinyeoh/Desktop/unimods/is3107/project/.venv/lib/python3.11/site-packages/airflow/example_dags/example_kubernetes_executor.py took 0.105 seconds
[2025-03-28T04:42:37.541+0800] {processor.py:186} INFO - Started process (PID=56180) to work on /Users/ervinyeoh/Desktop/unimods/is3107/project/.venv/lib/python3.11/site-packages/airflow/example_dags/example_kubernetes_executor.py
[2025-03-28T04:42:37.543+0800] {processor.py:914} INFO - Processing file /Users/ervinyeoh/Desktop/unimods/is3107/project/.venv/lib/python3.11/site-packages/airflow/example_dags/example_kubernetes_executor.py for tasks to queue
[2025-03-28T04:42:37.544+0800] {logging_mixin.py:190} INFO - [2025-03-28T04:42:37.544+0800] {dagbag.py:588} INFO - Filling up the DagBag from /Users/ervinyeoh/Desktop/unimods/is3107/project/.venv/lib/python3.11/site-packages/airflow/example_dags/example_kubernetes_executor.py
[2025-03-28T04:42:37.633+0800] {logging_mixin.py:190} INFO - [2025-03-28T04:42:37.633+0800] {example_kubernetes_executor.py:39} WARNING - The example_kubernetes_executor example DAG requires the kubernetes provider. Please install it with: pip install apache-airflow[cncf.kubernetes]
[2025-03-28T04:42:37.633+0800] {processor.py:927} WARNING - No viable dags retrieved from /Users/ervinyeoh/Desktop/unimods/is3107/project/.venv/lib/python3.11/site-packages/airflow/example_dags/example_kubernetes_executor.py
[2025-03-28T04:42:37.681+0800] {processor.py:208} INFO - Processing /Users/ervinyeoh/Desktop/unimods/is3107/project/.venv/lib/python3.11/site-packages/airflow/example_dags/example_kubernetes_executor.py took 0.143 seconds
[2025-03-28T05:28:27.004+0800] {processor.py:186} INFO - Started process (PID=56691) to work on /Users/ervinyeoh/Desktop/unimods/is3107/project/.venv/lib/python3.11/site-packages/airflow/example_dags/example_kubernetes_executor.py
[2025-03-28T05:28:27.005+0800] {processor.py:914} INFO - Processing file /Users/ervinyeoh/Desktop/unimods/is3107/project/.venv/lib/python3.11/site-packages/airflow/example_dags/example_kubernetes_executor.py for tasks to queue
[2025-03-28T05:28:27.006+0800] {logging_mixin.py:190} INFO - [2025-03-28T05:28:27.006+0800] {dagbag.py:588} INFO - Filling up the DagBag from /Users/ervinyeoh/Desktop/unimods/is3107/project/.venv/lib/python3.11/site-packages/airflow/example_dags/example_kubernetes_executor.py
[2025-03-28T05:28:27.063+0800] {logging_mixin.py:190} INFO - [2025-03-28T05:28:27.063+0800] {example_kubernetes_executor.py:39} WARNING - The example_kubernetes_executor example DAG requires the kubernetes provider. Please install it with: pip install apache-airflow[cncf.kubernetes]
[2025-03-28T05:28:27.063+0800] {processor.py:927} WARNING - No viable dags retrieved from /Users/ervinyeoh/Desktop/unimods/is3107/project/.venv/lib/python3.11/site-packages/airflow/example_dags/example_kubernetes_executor.py
[2025-03-28T05:28:27.109+0800] {processor.py:208} INFO - Processing /Users/ervinyeoh/Desktop/unimods/is3107/project/.venv/lib/python3.11/site-packages/airflow/example_dags/example_kubernetes_executor.py took 0.106 seconds
[2025-03-28T05:39:55.662+0800] {processor.py:186} INFO - Started process (PID=56939) to work on /Users/ervinyeoh/Desktop/unimods/is3107/project/.venv/lib/python3.11/site-packages/airflow/example_dags/example_kubernetes_executor.py
[2025-03-28T05:39:55.663+0800] {processor.py:914} INFO - Processing file /Users/ervinyeoh/Desktop/unimods/is3107/project/.venv/lib/python3.11/site-packages/airflow/example_dags/example_kubernetes_executor.py for tasks to queue
[2025-03-28T05:39:55.663+0800] {logging_mixin.py:190} INFO - [2025-03-28T05:39:55.663+0800] {dagbag.py:588} INFO - Filling up the DagBag from /Users/ervinyeoh/Desktop/unimods/is3107/project/.venv/lib/python3.11/site-packages/airflow/example_dags/example_kubernetes_executor.py
[2025-03-28T05:39:55.713+0800] {logging_mixin.py:190} INFO - [2025-03-28T05:39:55.713+0800] {example_kubernetes_executor.py:39} WARNING - The example_kubernetes_executor example DAG requires the kubernetes provider. Please install it with: pip install apache-airflow[cncf.kubernetes]
[2025-03-28T05:39:55.713+0800] {processor.py:927} WARNING - No viable dags retrieved from /Users/ervinyeoh/Desktop/unimods/is3107/project/.venv/lib/python3.11/site-packages/airflow/example_dags/example_kubernetes_executor.py
[2025-03-28T05:39:55.759+0800] {processor.py:208} INFO - Processing /Users/ervinyeoh/Desktop/unimods/is3107/project/.venv/lib/python3.11/site-packages/airflow/example_dags/example_kubernetes_executor.py took 0.099 seconds
