[2025-03-27T08:40:37.399+0800] {processor.py:186} INFO - Started process (PID=53035) to work on /Users/ervinyeoh/Desktop/unimods/is3107/project/.venv/lib/python3.11/site-packages/airflow/example_dags/example_dataset_alias.py
[2025-03-27T08:40:37.400+0800] {processor.py:914} INFO - Processing file /Users/ervinyeoh/Desktop/unimods/is3107/project/.venv/lib/python3.11/site-packages/airflow/example_dags/example_dataset_alias.py for tasks to queue
[2025-03-27T08:40:37.400+0800] {logging_mixin.py:190} INFO - [2025-03-27T08:40:37.400+0800] {dagbag.py:588} INFO - Filling up the DagBag from /Users/ervinyeoh/Desktop/unimods/is3107/project/.venv/lib/python3.11/site-packages/airflow/example_dags/example_dataset_alias.py
[2025-03-27T08:40:37.678+0800] {processor.py:925} INFO - DAG(s) 'dataset_alias_example_alias_producer', 'dataset_s3_bucket_consumer', 'dataset_alias_example_alias_consumer', 'dataset_s3_bucket_producer' retrieved from /Users/ervinyeoh/Desktop/unimods/is3107/project/.venv/lib/python3.11/site-packages/airflow/example_dags/example_dataset_alias.py
[2025-03-27T08:40:37.691+0800] {logging_mixin.py:190} INFO - [2025-03-27T08:40:37.691+0800] {dag.py:3239} INFO - Sync 4 DAGs
[2025-03-27T08:40:37.700+0800] {logging_mixin.py:190} INFO - [2025-03-27T08:40:37.700+0800] {dag.py:4180} INFO - Setting next_dagrun for dataset_alias_example_alias_consumer to None, run_after=None
[2025-03-27T08:40:37.701+0800] {logging_mixin.py:190} INFO - [2025-03-27T08:40:37.701+0800] {dag.py:4180} INFO - Setting next_dagrun for dataset_alias_example_alias_producer to None, run_after=None
[2025-03-27T08:40:37.702+0800] {logging_mixin.py:190} INFO - [2025-03-27T08:40:37.702+0800] {dag.py:4180} INFO - Setting next_dagrun for dataset_s3_bucket_consumer to None, run_after=None
[2025-03-27T08:40:37.702+0800] {logging_mixin.py:190} INFO - [2025-03-27T08:40:37.702+0800] {dag.py:4180} INFO - Setting next_dagrun for dataset_s3_bucket_producer to None, run_after=None
[2025-03-27T08:40:37.713+0800] {processor.py:208} INFO - Processing /Users/ervinyeoh/Desktop/unimods/is3107/project/.venv/lib/python3.11/site-packages/airflow/example_dags/example_dataset_alias.py took 0.316 seconds
[2025-03-27T11:05:55.588+0800] {processor.py:186} INFO - Started process (PID=53619) to work on /Users/ervinyeoh/Desktop/unimods/is3107/project/.venv/lib/python3.11/site-packages/airflow/example_dags/example_dataset_alias.py
[2025-03-27T11:05:55.589+0800] {processor.py:914} INFO - Processing file /Users/ervinyeoh/Desktop/unimods/is3107/project/.venv/lib/python3.11/site-packages/airflow/example_dags/example_dataset_alias.py for tasks to queue
[2025-03-27T11:05:55.590+0800] {logging_mixin.py:190} INFO - [2025-03-27T11:05:55.589+0800] {dagbag.py:588} INFO - Filling up the DagBag from /Users/ervinyeoh/Desktop/unimods/is3107/project/.venv/lib/python3.11/site-packages/airflow/example_dags/example_dataset_alias.py
[2025-03-27T11:05:55.871+0800] {processor.py:925} INFO - DAG(s) 'dataset_s3_bucket_consumer', 'dataset_alias_example_alias_producer', 'dataset_alias_example_alias_consumer', 'dataset_s3_bucket_producer' retrieved from /Users/ervinyeoh/Desktop/unimods/is3107/project/.venv/lib/python3.11/site-packages/airflow/example_dags/example_dataset_alias.py
[2025-03-27T11:05:55.884+0800] {logging_mixin.py:190} INFO - [2025-03-27T11:05:55.883+0800] {dag.py:3239} INFO - Sync 4 DAGs
[2025-03-27T11:05:55.893+0800] {logging_mixin.py:190} INFO - [2025-03-27T11:05:55.892+0800] {dag.py:4180} INFO - Setting next_dagrun for dataset_alias_example_alias_consumer to None, run_after=None
[2025-03-27T11:05:55.894+0800] {logging_mixin.py:190} INFO - [2025-03-27T11:05:55.894+0800] {dag.py:4180} INFO - Setting next_dagrun for dataset_alias_example_alias_producer to None, run_after=None
[2025-03-27T11:05:55.894+0800] {logging_mixin.py:190} INFO - [2025-03-27T11:05:55.894+0800] {dag.py:4180} INFO - Setting next_dagrun for dataset_s3_bucket_consumer to None, run_after=None
[2025-03-27T11:05:55.895+0800] {logging_mixin.py:190} INFO - [2025-03-27T11:05:55.895+0800] {dag.py:4180} INFO - Setting next_dagrun for dataset_s3_bucket_producer to None, run_after=None
[2025-03-27T11:05:55.905+0800] {processor.py:208} INFO - Processing /Users/ervinyeoh/Desktop/unimods/is3107/project/.venv/lib/python3.11/site-packages/airflow/example_dags/example_dataset_alias.py took 0.319 seconds
[2025-03-27T11:14:37.325+0800] {processor.py:186} INFO - Started process (PID=54069) to work on /Users/ervinyeoh/Desktop/unimods/is3107/project/.venv/lib/python3.11/site-packages/airflow/example_dags/example_dataset_alias.py
[2025-03-27T11:14:37.326+0800] {processor.py:914} INFO - Processing file /Users/ervinyeoh/Desktop/unimods/is3107/project/.venv/lib/python3.11/site-packages/airflow/example_dags/example_dataset_alias.py for tasks to queue
[2025-03-27T11:14:37.326+0800] {logging_mixin.py:190} INFO - [2025-03-27T11:14:37.326+0800] {dagbag.py:588} INFO - Filling up the DagBag from /Users/ervinyeoh/Desktop/unimods/is3107/project/.venv/lib/python3.11/site-packages/airflow/example_dags/example_dataset_alias.py
[2025-03-27T11:14:37.615+0800] {processor.py:925} INFO - DAG(s) 'dataset_alias_example_alias_producer', 'dataset_s3_bucket_producer', 'dataset_alias_example_alias_consumer', 'dataset_s3_bucket_consumer' retrieved from /Users/ervinyeoh/Desktop/unimods/is3107/project/.venv/lib/python3.11/site-packages/airflow/example_dags/example_dataset_alias.py
[2025-03-27T11:14:37.629+0800] {logging_mixin.py:190} INFO - [2025-03-27T11:14:37.629+0800] {dag.py:3239} INFO - Sync 4 DAGs
[2025-03-27T11:14:37.641+0800] {logging_mixin.py:190} INFO - [2025-03-27T11:14:37.641+0800] {dag.py:4180} INFO - Setting next_dagrun for dataset_alias_example_alias_consumer to None, run_after=None
[2025-03-27T11:14:37.644+0800] {logging_mixin.py:190} INFO - [2025-03-27T11:14:37.644+0800] {dag.py:4180} INFO - Setting next_dagrun for dataset_alias_example_alias_producer to None, run_after=None
[2025-03-27T11:14:37.644+0800] {logging_mixin.py:190} INFO - [2025-03-27T11:14:37.644+0800] {dag.py:4180} INFO - Setting next_dagrun for dataset_s3_bucket_consumer to None, run_after=None
[2025-03-27T11:14:37.645+0800] {logging_mixin.py:190} INFO - [2025-03-27T11:14:37.645+0800] {dag.py:4180} INFO - Setting next_dagrun for dataset_s3_bucket_producer to None, run_after=None
[2025-03-27T11:14:37.656+0800] {processor.py:208} INFO - Processing /Users/ervinyeoh/Desktop/unimods/is3107/project/.venv/lib/python3.11/site-packages/airflow/example_dags/example_dataset_alias.py took 0.333 seconds
[2025-03-27T16:31:16.544+0800] {processor.py:186} INFO - Started process (PID=54782) to work on /Users/ervinyeoh/Desktop/unimods/is3107/project/.venv/lib/python3.11/site-packages/airflow/example_dags/example_dataset_alias.py
[2025-03-27T16:31:16.544+0800] {processor.py:914} INFO - Processing file /Users/ervinyeoh/Desktop/unimods/is3107/project/.venv/lib/python3.11/site-packages/airflow/example_dags/example_dataset_alias.py for tasks to queue
[2025-03-27T16:31:16.545+0800] {logging_mixin.py:190} INFO - [2025-03-27T16:31:16.545+0800] {dagbag.py:588} INFO - Filling up the DagBag from /Users/ervinyeoh/Desktop/unimods/is3107/project/.venv/lib/python3.11/site-packages/airflow/example_dags/example_dataset_alias.py
[2025-03-27T16:31:16.854+0800] {processor.py:925} INFO - DAG(s) 'dataset_s3_bucket_consumer', 'dataset_s3_bucket_producer', 'dataset_alias_example_alias_consumer', 'dataset_alias_example_alias_producer' retrieved from /Users/ervinyeoh/Desktop/unimods/is3107/project/.venv/lib/python3.11/site-packages/airflow/example_dags/example_dataset_alias.py
[2025-03-27T16:31:16.868+0800] {logging_mixin.py:190} INFO - [2025-03-27T16:31:16.867+0800] {dag.py:3239} INFO - Sync 4 DAGs
[2025-03-27T16:31:16.877+0800] {logging_mixin.py:190} INFO - [2025-03-27T16:31:16.877+0800] {dag.py:4180} INFO - Setting next_dagrun for dataset_alias_example_alias_consumer to None, run_after=None
[2025-03-27T16:31:16.878+0800] {logging_mixin.py:190} INFO - [2025-03-27T16:31:16.878+0800] {dag.py:4180} INFO - Setting next_dagrun for dataset_alias_example_alias_producer to None, run_after=None
[2025-03-27T16:31:16.879+0800] {logging_mixin.py:190} INFO - [2025-03-27T16:31:16.879+0800] {dag.py:4180} INFO - Setting next_dagrun for dataset_s3_bucket_consumer to None, run_after=None
[2025-03-27T16:31:16.879+0800] {logging_mixin.py:190} INFO - [2025-03-27T16:31:16.879+0800] {dag.py:4180} INFO - Setting next_dagrun for dataset_s3_bucket_producer to None, run_after=None
[2025-03-27T16:31:16.891+0800] {processor.py:208} INFO - Processing /Users/ervinyeoh/Desktop/unimods/is3107/project/.venv/lib/python3.11/site-packages/airflow/example_dags/example_dataset_alias.py took 0.350 seconds
[2025-03-27T19:11:43.455+0800] {processor.py:186} INFO - Started process (PID=55155) to work on /Users/ervinyeoh/Desktop/unimods/is3107/project/.venv/lib/python3.11/site-packages/airflow/example_dags/example_dataset_alias.py
[2025-03-27T19:11:43.456+0800] {processor.py:914} INFO - Processing file /Users/ervinyeoh/Desktop/unimods/is3107/project/.venv/lib/python3.11/site-packages/airflow/example_dags/example_dataset_alias.py for tasks to queue
[2025-03-27T19:11:43.456+0800] {logging_mixin.py:190} INFO - [2025-03-27T19:11:43.456+0800] {dagbag.py:588} INFO - Filling up the DagBag from /Users/ervinyeoh/Desktop/unimods/is3107/project/.venv/lib/python3.11/site-packages/airflow/example_dags/example_dataset_alias.py
[2025-03-27T19:11:43.774+0800] {processor.py:925} INFO - DAG(s) 'dataset_s3_bucket_producer', 'dataset_s3_bucket_consumer', 'dataset_alias_example_alias_consumer', 'dataset_alias_example_alias_producer' retrieved from /Users/ervinyeoh/Desktop/unimods/is3107/project/.venv/lib/python3.11/site-packages/airflow/example_dags/example_dataset_alias.py
[2025-03-27T19:11:43.786+0800] {logging_mixin.py:190} INFO - [2025-03-27T19:11:43.786+0800] {dag.py:3239} INFO - Sync 4 DAGs
[2025-03-27T19:11:43.796+0800] {logging_mixin.py:190} INFO - [2025-03-27T19:11:43.796+0800] {dag.py:4180} INFO - Setting next_dagrun for dataset_alias_example_alias_consumer to None, run_after=None
[2025-03-27T19:11:43.798+0800] {logging_mixin.py:190} INFO - [2025-03-27T19:11:43.798+0800] {dag.py:4180} INFO - Setting next_dagrun for dataset_alias_example_alias_producer to None, run_after=None
[2025-03-27T19:11:43.798+0800] {logging_mixin.py:190} INFO - [2025-03-27T19:11:43.798+0800] {dag.py:4180} INFO - Setting next_dagrun for dataset_s3_bucket_consumer to None, run_after=None
[2025-03-27T19:11:43.799+0800] {logging_mixin.py:190} INFO - [2025-03-27T19:11:43.799+0800] {dag.py:4180} INFO - Setting next_dagrun for dataset_s3_bucket_producer to None, run_after=None
[2025-03-27T19:11:43.810+0800] {processor.py:208} INFO - Processing /Users/ervinyeoh/Desktop/unimods/is3107/project/.venv/lib/python3.11/site-packages/airflow/example_dags/example_dataset_alias.py took 0.357 seconds
[2025-03-28T00:41:18.379+0800] {processor.py:186} INFO - Started process (PID=55561) to work on /Users/ervinyeoh/Desktop/unimods/is3107/project/.venv/lib/python3.11/site-packages/airflow/example_dags/example_dataset_alias.py
[2025-03-28T00:41:18.380+0800] {processor.py:914} INFO - Processing file /Users/ervinyeoh/Desktop/unimods/is3107/project/.venv/lib/python3.11/site-packages/airflow/example_dags/example_dataset_alias.py for tasks to queue
[2025-03-28T00:41:18.380+0800] {logging_mixin.py:190} INFO - [2025-03-28T00:41:18.380+0800] {dagbag.py:588} INFO - Filling up the DagBag from /Users/ervinyeoh/Desktop/unimods/is3107/project/.venv/lib/python3.11/site-packages/airflow/example_dags/example_dataset_alias.py
[2025-03-28T00:41:18.701+0800] {processor.py:925} INFO - DAG(s) 'dataset_s3_bucket_consumer', 'dataset_alias_example_alias_consumer', 'dataset_s3_bucket_producer', 'dataset_alias_example_alias_producer' retrieved from /Users/ervinyeoh/Desktop/unimods/is3107/project/.venv/lib/python3.11/site-packages/airflow/example_dags/example_dataset_alias.py
[2025-03-28T00:41:18.714+0800] {logging_mixin.py:190} INFO - [2025-03-28T00:41:18.713+0800] {dag.py:3239} INFO - Sync 4 DAGs
[2025-03-28T00:41:18.723+0800] {logging_mixin.py:190} INFO - [2025-03-28T00:41:18.723+0800] {dag.py:4180} INFO - Setting next_dagrun for dataset_alias_example_alias_consumer to None, run_after=None
[2025-03-28T00:41:18.724+0800] {logging_mixin.py:190} INFO - [2025-03-28T00:41:18.724+0800] {dag.py:4180} INFO - Setting next_dagrun for dataset_alias_example_alias_producer to None, run_after=None
[2025-03-28T00:41:18.725+0800] {logging_mixin.py:190} INFO - [2025-03-28T00:41:18.725+0800] {dag.py:4180} INFO - Setting next_dagrun for dataset_s3_bucket_consumer to None, run_after=None
[2025-03-28T00:41:18.725+0800] {logging_mixin.py:190} INFO - [2025-03-28T00:41:18.725+0800] {dag.py:4180} INFO - Setting next_dagrun for dataset_s3_bucket_producer to None, run_after=None
[2025-03-28T00:41:18.736+0800] {processor.py:208} INFO - Processing /Users/ervinyeoh/Desktop/unimods/is3107/project/.venv/lib/python3.11/site-packages/airflow/example_dags/example_dataset_alias.py took 0.358 seconds
[2025-03-28T03:25:43.174+0800] {processor.py:186} INFO - Started process (PID=55888) to work on /Users/ervinyeoh/Desktop/unimods/is3107/project/.venv/lib/python3.11/site-packages/airflow/example_dags/example_dataset_alias.py
[2025-03-28T03:25:43.175+0800] {processor.py:914} INFO - Processing file /Users/ervinyeoh/Desktop/unimods/is3107/project/.venv/lib/python3.11/site-packages/airflow/example_dags/example_dataset_alias.py for tasks to queue
[2025-03-28T03:25:43.176+0800] {logging_mixin.py:190} INFO - [2025-03-28T03:25:43.176+0800] {dagbag.py:588} INFO - Filling up the DagBag from /Users/ervinyeoh/Desktop/unimods/is3107/project/.venv/lib/python3.11/site-packages/airflow/example_dags/example_dataset_alias.py
[2025-03-28T03:25:43.449+0800] {processor.py:925} INFO - DAG(s) 'dataset_s3_bucket_consumer', 'dataset_alias_example_alias_consumer', 'dataset_alias_example_alias_producer', 'dataset_s3_bucket_producer' retrieved from /Users/ervinyeoh/Desktop/unimods/is3107/project/.venv/lib/python3.11/site-packages/airflow/example_dags/example_dataset_alias.py
[2025-03-28T03:25:43.462+0800] {logging_mixin.py:190} INFO - [2025-03-28T03:25:43.462+0800] {dag.py:3239} INFO - Sync 4 DAGs
[2025-03-28T03:25:43.471+0800] {logging_mixin.py:190} INFO - [2025-03-28T03:25:43.471+0800] {dag.py:4180} INFO - Setting next_dagrun for dataset_alias_example_alias_consumer to None, run_after=None
[2025-03-28T03:25:43.472+0800] {logging_mixin.py:190} INFO - [2025-03-28T03:25:43.472+0800] {dag.py:4180} INFO - Setting next_dagrun for dataset_alias_example_alias_producer to None, run_after=None
[2025-03-28T03:25:43.473+0800] {logging_mixin.py:190} INFO - [2025-03-28T03:25:43.473+0800] {dag.py:4180} INFO - Setting next_dagrun for dataset_s3_bucket_consumer to None, run_after=None
[2025-03-28T03:25:43.473+0800] {logging_mixin.py:190} INFO - [2025-03-28T03:25:43.473+0800] {dag.py:4180} INFO - Setting next_dagrun for dataset_s3_bucket_producer to None, run_after=None
[2025-03-28T03:25:43.484+0800] {processor.py:208} INFO - Processing /Users/ervinyeoh/Desktop/unimods/is3107/project/.venv/lib/python3.11/site-packages/airflow/example_dags/example_dataset_alias.py took 0.311 seconds
[2025-03-28T04:42:57.305+0800] {processor.py:186} INFO - Started process (PID=56250) to work on /Users/ervinyeoh/Desktop/unimods/is3107/project/.venv/lib/python3.11/site-packages/airflow/example_dags/example_dataset_alias.py
[2025-03-28T04:42:57.305+0800] {processor.py:914} INFO - Processing file /Users/ervinyeoh/Desktop/unimods/is3107/project/.venv/lib/python3.11/site-packages/airflow/example_dags/example_dataset_alias.py for tasks to queue
[2025-03-28T04:42:57.306+0800] {logging_mixin.py:190} INFO - [2025-03-28T04:42:57.306+0800] {dagbag.py:588} INFO - Filling up the DagBag from /Users/ervinyeoh/Desktop/unimods/is3107/project/.venv/lib/python3.11/site-packages/airflow/example_dags/example_dataset_alias.py
[2025-03-28T04:42:57.616+0800] {processor.py:925} INFO - DAG(s) 'dataset_s3_bucket_consumer', 'dataset_s3_bucket_producer', 'dataset_alias_example_alias_producer', 'dataset_alias_example_alias_consumer' retrieved from /Users/ervinyeoh/Desktop/unimods/is3107/project/.venv/lib/python3.11/site-packages/airflow/example_dags/example_dataset_alias.py
[2025-03-28T04:42:57.629+0800] {logging_mixin.py:190} INFO - [2025-03-28T04:42:57.629+0800] {dag.py:3239} INFO - Sync 4 DAGs
[2025-03-28T04:42:57.639+0800] {logging_mixin.py:190} INFO - [2025-03-28T04:42:57.639+0800] {dag.py:4180} INFO - Setting next_dagrun for dataset_alias_example_alias_consumer to None, run_after=None
[2025-03-28T04:42:57.640+0800] {logging_mixin.py:190} INFO - [2025-03-28T04:42:57.640+0800] {dag.py:4180} INFO - Setting next_dagrun for dataset_alias_example_alias_producer to None, run_after=None
[2025-03-28T04:42:57.640+0800] {logging_mixin.py:190} INFO - [2025-03-28T04:42:57.640+0800] {dag.py:4180} INFO - Setting next_dagrun for dataset_s3_bucket_consumer to None, run_after=None
[2025-03-28T04:42:57.641+0800] {logging_mixin.py:190} INFO - [2025-03-28T04:42:57.641+0800] {dag.py:4180} INFO - Setting next_dagrun for dataset_s3_bucket_producer to None, run_after=None
[2025-03-28T04:42:57.652+0800] {processor.py:208} INFO - Processing /Users/ervinyeoh/Desktop/unimods/is3107/project/.venv/lib/python3.11/site-packages/airflow/example_dags/example_dataset_alias.py took 0.349 seconds
[2025-03-28T05:28:45.160+0800] {processor.py:186} INFO - Started process (PID=56733) to work on /Users/ervinyeoh/Desktop/unimods/is3107/project/.venv/lib/python3.11/site-packages/airflow/example_dags/example_dataset_alias.py
[2025-03-28T05:28:45.161+0800] {processor.py:914} INFO - Processing file /Users/ervinyeoh/Desktop/unimods/is3107/project/.venv/lib/python3.11/site-packages/airflow/example_dags/example_dataset_alias.py for tasks to queue
[2025-03-28T05:28:45.162+0800] {logging_mixin.py:190} INFO - [2025-03-28T05:28:45.162+0800] {dagbag.py:588} INFO - Filling up the DagBag from /Users/ervinyeoh/Desktop/unimods/is3107/project/.venv/lib/python3.11/site-packages/airflow/example_dags/example_dataset_alias.py
[2025-03-28T05:28:45.461+0800] {processor.py:925} INFO - DAG(s) 'dataset_alias_example_alias_consumer', 'dataset_s3_bucket_producer', 'dataset_alias_example_alias_producer', 'dataset_s3_bucket_consumer' retrieved from /Users/ervinyeoh/Desktop/unimods/is3107/project/.venv/lib/python3.11/site-packages/airflow/example_dags/example_dataset_alias.py
[2025-03-28T05:28:45.474+0800] {logging_mixin.py:190} INFO - [2025-03-28T05:28:45.474+0800] {dag.py:3239} INFO - Sync 4 DAGs
[2025-03-28T05:28:45.484+0800] {logging_mixin.py:190} INFO - [2025-03-28T05:28:45.484+0800] {dag.py:4180} INFO - Setting next_dagrun for dataset_alias_example_alias_consumer to None, run_after=None
[2025-03-28T05:28:45.485+0800] {logging_mixin.py:190} INFO - [2025-03-28T05:28:45.485+0800] {dag.py:4180} INFO - Setting next_dagrun for dataset_alias_example_alias_producer to None, run_after=None
[2025-03-28T05:28:45.485+0800] {logging_mixin.py:190} INFO - [2025-03-28T05:28:45.485+0800] {dag.py:4180} INFO - Setting next_dagrun for dataset_s3_bucket_consumer to None, run_after=None
[2025-03-28T05:28:45.486+0800] {logging_mixin.py:190} INFO - [2025-03-28T05:28:45.486+0800] {dag.py:4180} INFO - Setting next_dagrun for dataset_s3_bucket_producer to None, run_after=None
[2025-03-28T05:28:45.496+0800] {processor.py:208} INFO - Processing /Users/ervinyeoh/Desktop/unimods/is3107/project/.venv/lib/python3.11/site-packages/airflow/example_dags/example_dataset_alias.py took 0.338 seconds
