[2025-03-27T08:54:01.745+0800] {processor.py:186} INFO - Started process (PID=53209) to work on /Users/ervinyeoh/Desktop/unimods/is3107/project/.venv/lib/python3.11/site-packages/airflow/example_dags/example_python_decorator.py
[2025-03-27T08:54:01.745+0800] {processor.py:914} INFO - Processing file /Users/ervinyeoh/Desktop/unimods/is3107/project/.venv/lib/python3.11/site-packages/airflow/example_dags/example_python_decorator.py for tasks to queue
[2025-03-27T08:54:01.746+0800] {logging_mixin.py:190} INFO - [2025-03-27T08:54:01.746+0800] {dagbag.py:588} INFO - Filling up the DagBag from /Users/ervinyeoh/Desktop/unimods/is3107/project/.venv/lib/python3.11/site-packages/airflow/example_dags/example_python_decorator.py
[2025-03-27T08:54:01.797+0800] {logging_mixin.py:190} INFO - [2025-03-27T08:54:01.797+0800] {example_python_decorator.py:80} WARNING - The virtalenv_python example task requires virtualenv, please install it.
[2025-03-27T08:54:01.799+0800] {processor.py:925} INFO - DAG(s) 'example_python_decorator' retrieved from /Users/ervinyeoh/Desktop/unimods/is3107/project/.venv/lib/python3.11/site-packages/airflow/example_dags/example_python_decorator.py
[2025-03-27T08:54:01.851+0800] {logging_mixin.py:190} INFO - [2025-03-27T08:54:01.851+0800] {dag.py:3239} INFO - Sync 1 DAGs
[2025-03-27T08:54:01.857+0800] {logging_mixin.py:190} INFO - [2025-03-27T08:54:01.857+0800] {dag.py:4180} INFO - Setting next_dagrun for example_python_decorator to None, run_after=None
[2025-03-27T08:54:01.867+0800] {processor.py:208} INFO - Processing /Users/ervinyeoh/Desktop/unimods/is3107/project/.venv/lib/python3.11/site-packages/airflow/example_dags/example_python_decorator.py took 0.124 seconds
[2025-03-27T11:05:42.453+0800] {processor.py:186} INFO - Started process (PID=53581) to work on /Users/ervinyeoh/Desktop/unimods/is3107/project/.venv/lib/python3.11/site-packages/airflow/example_dags/example_python_decorator.py
[2025-03-27T11:05:42.454+0800] {processor.py:914} INFO - Processing file /Users/ervinyeoh/Desktop/unimods/is3107/project/.venv/lib/python3.11/site-packages/airflow/example_dags/example_python_decorator.py for tasks to queue
[2025-03-27T11:05:42.455+0800] {logging_mixin.py:190} INFO - [2025-03-27T11:05:42.455+0800] {dagbag.py:588} INFO - Filling up the DagBag from /Users/ervinyeoh/Desktop/unimods/is3107/project/.venv/lib/python3.11/site-packages/airflow/example_dags/example_python_decorator.py
[2025-03-27T11:05:42.506+0800] {logging_mixin.py:190} INFO - [2025-03-27T11:05:42.506+0800] {example_python_decorator.py:80} WARNING - The virtalenv_python example task requires virtualenv, please install it.
[2025-03-27T11:05:42.508+0800] {processor.py:925} INFO - DAG(s) 'example_python_decorator' retrieved from /Users/ervinyeoh/Desktop/unimods/is3107/project/.venv/lib/python3.11/site-packages/airflow/example_dags/example_python_decorator.py
[2025-03-27T11:05:42.560+0800] {logging_mixin.py:190} INFO - [2025-03-27T11:05:42.559+0800] {dag.py:3239} INFO - Sync 1 DAGs
[2025-03-27T11:05:42.565+0800] {logging_mixin.py:190} INFO - [2025-03-27T11:05:42.565+0800] {dag.py:4180} INFO - Setting next_dagrun for example_python_decorator to None, run_after=None
[2025-03-27T11:05:42.575+0800] {processor.py:208} INFO - Processing /Users/ervinyeoh/Desktop/unimods/is3107/project/.venv/lib/python3.11/site-packages/airflow/example_dags/example_python_decorator.py took 0.123 seconds
[2025-03-27T11:14:20.482+0800] {processor.py:186} INFO - Started process (PID=54032) to work on /Users/ervinyeoh/Desktop/unimods/is3107/project/.venv/lib/python3.11/site-packages/airflow/example_dags/example_python_decorator.py
[2025-03-27T11:14:20.483+0800] {processor.py:914} INFO - Processing file /Users/ervinyeoh/Desktop/unimods/is3107/project/.venv/lib/python3.11/site-packages/airflow/example_dags/example_python_decorator.py for tasks to queue
[2025-03-27T11:14:20.484+0800] {logging_mixin.py:190} INFO - [2025-03-27T11:14:20.483+0800] {dagbag.py:588} INFO - Filling up the DagBag from /Users/ervinyeoh/Desktop/unimods/is3107/project/.venv/lib/python3.11/site-packages/airflow/example_dags/example_python_decorator.py
[2025-03-27T11:14:20.535+0800] {logging_mixin.py:190} INFO - [2025-03-27T11:14:20.535+0800] {example_python_decorator.py:80} WARNING - The virtalenv_python example task requires virtualenv, please install it.
[2025-03-27T11:14:20.537+0800] {processor.py:925} INFO - DAG(s) 'example_python_decorator' retrieved from /Users/ervinyeoh/Desktop/unimods/is3107/project/.venv/lib/python3.11/site-packages/airflow/example_dags/example_python_decorator.py
[2025-03-27T11:14:20.588+0800] {logging_mixin.py:190} INFO - [2025-03-27T11:14:20.588+0800] {dag.py:3239} INFO - Sync 1 DAGs
[2025-03-27T11:14:20.594+0800] {logging_mixin.py:190} INFO - [2025-03-27T11:14:20.594+0800] {dag.py:4180} INFO - Setting next_dagrun for example_python_decorator to None, run_after=None
[2025-03-27T11:14:20.605+0800] {processor.py:208} INFO - Processing /Users/ervinyeoh/Desktop/unimods/is3107/project/.venv/lib/python3.11/site-packages/airflow/example_dags/example_python_decorator.py took 0.124 seconds
[2025-03-27T12:09:45.435+0800] {processor.py:186} INFO - Started process (PID=54290) to work on /Users/ervinyeoh/Desktop/unimods/is3107/project/.venv/lib/python3.11/site-packages/airflow/example_dags/example_python_decorator.py
[2025-03-27T12:09:45.436+0800] {processor.py:914} INFO - Processing file /Users/ervinyeoh/Desktop/unimods/is3107/project/.venv/lib/python3.11/site-packages/airflow/example_dags/example_python_decorator.py for tasks to queue
[2025-03-27T12:09:45.437+0800] {logging_mixin.py:190} INFO - [2025-03-27T12:09:45.437+0800] {dagbag.py:588} INFO - Filling up the DagBag from /Users/ervinyeoh/Desktop/unimods/is3107/project/.venv/lib/python3.11/site-packages/airflow/example_dags/example_python_decorator.py
[2025-03-27T12:09:45.490+0800] {logging_mixin.py:190} INFO - [2025-03-27T12:09:45.490+0800] {example_python_decorator.py:80} WARNING - The virtalenv_python example task requires virtualenv, please install it.
[2025-03-27T12:09:45.492+0800] {processor.py:925} INFO - DAG(s) 'example_python_decorator' retrieved from /Users/ervinyeoh/Desktop/unimods/is3107/project/.venv/lib/python3.11/site-packages/airflow/example_dags/example_python_decorator.py
[2025-03-27T12:09:45.544+0800] {logging_mixin.py:190} INFO - [2025-03-27T12:09:45.544+0800] {dag.py:3239} INFO - Sync 1 DAGs
[2025-03-27T12:09:45.549+0800] {logging_mixin.py:190} INFO - [2025-03-27T12:09:45.549+0800] {dag.py:4180} INFO - Setting next_dagrun for example_python_decorator to None, run_after=None
[2025-03-27T12:09:45.559+0800] {processor.py:208} INFO - Processing /Users/ervinyeoh/Desktop/unimods/is3107/project/.venv/lib/python3.11/site-packages/airflow/example_dags/example_python_decorator.py took 0.126 seconds
[2025-03-27T15:10:56.315+0800] {processor.py:186} INFO - Started process (PID=54689) to work on /Users/ervinyeoh/Desktop/unimods/is3107/project/.venv/lib/python3.11/site-packages/airflow/example_dags/example_python_decorator.py
[2025-03-27T15:10:56.320+0800] {processor.py:914} INFO - Processing file /Users/ervinyeoh/Desktop/unimods/is3107/project/.venv/lib/python3.11/site-packages/airflow/example_dags/example_python_decorator.py for tasks to queue
[2025-03-27T15:10:56.320+0800] {logging_mixin.py:190} INFO - [2025-03-27T15:10:56.320+0800] {dagbag.py:588} INFO - Filling up the DagBag from /Users/ervinyeoh/Desktop/unimods/is3107/project/.venv/lib/python3.11/site-packages/airflow/example_dags/example_python_decorator.py
[2025-03-27T15:10:56.394+0800] {logging_mixin.py:190} INFO - [2025-03-27T15:10:56.394+0800] {example_python_decorator.py:80} WARNING - The virtalenv_python example task requires virtualenv, please install it.
[2025-03-27T15:10:56.396+0800] {processor.py:925} INFO - DAG(s) 'example_python_decorator' retrieved from /Users/ervinyeoh/Desktop/unimods/is3107/project/.venv/lib/python3.11/site-packages/airflow/example_dags/example_python_decorator.py
[2025-03-27T15:10:56.471+0800] {logging_mixin.py:190} INFO - [2025-03-27T15:10:56.471+0800] {dag.py:3239} INFO - Sync 1 DAGs
[2025-03-27T15:10:56.479+0800] {logging_mixin.py:190} INFO - [2025-03-27T15:10:56.478+0800] {dag.py:4180} INFO - Setting next_dagrun for example_python_decorator to None, run_after=None
[2025-03-27T15:10:56.498+0800] {processor.py:208} INFO - Processing /Users/ervinyeoh/Desktop/unimods/is3107/project/.venv/lib/python3.11/site-packages/airflow/example_dags/example_python_decorator.py took 0.186 seconds
[2025-03-27T17:18:55.251+0800] {processor.py:186} INFO - Started process (PID=54999) to work on /Users/ervinyeoh/Desktop/unimods/is3107/project/.venv/lib/python3.11/site-packages/airflow/example_dags/example_python_decorator.py
[2025-03-27T17:18:55.252+0800] {processor.py:914} INFO - Processing file /Users/ervinyeoh/Desktop/unimods/is3107/project/.venv/lib/python3.11/site-packages/airflow/example_dags/example_python_decorator.py for tasks to queue
[2025-03-27T17:18:55.253+0800] {logging_mixin.py:190} INFO - [2025-03-27T17:18:55.252+0800] {dagbag.py:588} INFO - Filling up the DagBag from /Users/ervinyeoh/Desktop/unimods/is3107/project/.venv/lib/python3.11/site-packages/airflow/example_dags/example_python_decorator.py
[2025-03-27T17:18:55.304+0800] {logging_mixin.py:190} INFO - [2025-03-27T17:18:55.304+0800] {example_python_decorator.py:80} WARNING - The virtalenv_python example task requires virtualenv, please install it.
[2025-03-27T17:18:55.306+0800] {processor.py:925} INFO - DAG(s) 'example_python_decorator' retrieved from /Users/ervinyeoh/Desktop/unimods/is3107/project/.venv/lib/python3.11/site-packages/airflow/example_dags/example_python_decorator.py
[2025-03-27T17:18:55.359+0800] {logging_mixin.py:190} INFO - [2025-03-27T17:18:55.359+0800] {dag.py:3239} INFO - Sync 1 DAGs
[2025-03-27T17:18:55.364+0800] {logging_mixin.py:190} INFO - [2025-03-27T17:18:55.364+0800] {dag.py:4180} INFO - Setting next_dagrun for example_python_decorator to None, run_after=None
[2025-03-27T17:18:55.374+0800] {processor.py:208} INFO - Processing /Users/ervinyeoh/Desktop/unimods/is3107/project/.venv/lib/python3.11/site-packages/airflow/example_dags/example_python_decorator.py took 0.125 seconds
[2025-03-27T22:45:43.522+0800] {processor.py:186} INFO - Started process (PID=55417) to work on /Users/ervinyeoh/Desktop/unimods/is3107/project/.venv/lib/python3.11/site-packages/airflow/example_dags/example_python_decorator.py
[2025-03-27T22:45:43.522+0800] {processor.py:914} INFO - Processing file /Users/ervinyeoh/Desktop/unimods/is3107/project/.venv/lib/python3.11/site-packages/airflow/example_dags/example_python_decorator.py for tasks to queue
[2025-03-27T22:45:43.523+0800] {logging_mixin.py:190} INFO - [2025-03-27T22:45:43.523+0800] {dagbag.py:588} INFO - Filling up the DagBag from /Users/ervinyeoh/Desktop/unimods/is3107/project/.venv/lib/python3.11/site-packages/airflow/example_dags/example_python_decorator.py
[2025-03-27T22:45:43.574+0800] {logging_mixin.py:190} INFO - [2025-03-27T22:45:43.574+0800] {example_python_decorator.py:80} WARNING - The virtalenv_python example task requires virtualenv, please install it.
[2025-03-27T22:45:43.576+0800] {processor.py:925} INFO - DAG(s) 'example_python_decorator' retrieved from /Users/ervinyeoh/Desktop/unimods/is3107/project/.venv/lib/python3.11/site-packages/airflow/example_dags/example_python_decorator.py
[2025-03-27T22:45:43.626+0800] {logging_mixin.py:190} INFO - [2025-03-27T22:45:43.626+0800] {dag.py:3239} INFO - Sync 1 DAGs
[2025-03-27T22:45:43.632+0800] {logging_mixin.py:190} INFO - [2025-03-27T22:45:43.632+0800] {dag.py:4180} INFO - Setting next_dagrun for example_python_decorator to None, run_after=None
[2025-03-27T22:45:43.642+0800] {processor.py:208} INFO - Processing /Users/ervinyeoh/Desktop/unimods/is3107/project/.venv/lib/python3.11/site-packages/airflow/example_dags/example_python_decorator.py took 0.122 seconds
[2025-03-28T03:25:05.590+0800] {processor.py:186} INFO - Started process (PID=55834) to work on /Users/ervinyeoh/Desktop/unimods/is3107/project/.venv/lib/python3.11/site-packages/airflow/example_dags/example_python_decorator.py
[2025-03-28T03:25:05.591+0800] {processor.py:914} INFO - Processing file /Users/ervinyeoh/Desktop/unimods/is3107/project/.venv/lib/python3.11/site-packages/airflow/example_dags/example_python_decorator.py for tasks to queue
[2025-03-28T03:25:05.592+0800] {logging_mixin.py:190} INFO - [2025-03-28T03:25:05.592+0800] {dagbag.py:588} INFO - Filling up the DagBag from /Users/ervinyeoh/Desktop/unimods/is3107/project/.venv/lib/python3.11/site-packages/airflow/example_dags/example_python_decorator.py
[2025-03-28T03:25:05.643+0800] {logging_mixin.py:190} INFO - [2025-03-28T03:25:05.642+0800] {example_python_decorator.py:80} WARNING - The virtalenv_python example task requires virtualenv, please install it.
[2025-03-28T03:25:05.644+0800] {processor.py:925} INFO - DAG(s) 'example_python_decorator' retrieved from /Users/ervinyeoh/Desktop/unimods/is3107/project/.venv/lib/python3.11/site-packages/airflow/example_dags/example_python_decorator.py
[2025-03-28T03:25:05.696+0800] {logging_mixin.py:190} INFO - [2025-03-28T03:25:05.696+0800] {dag.py:3239} INFO - Sync 1 DAGs
[2025-03-28T03:25:05.703+0800] {logging_mixin.py:190} INFO - [2025-03-28T03:25:05.703+0800] {dag.py:4180} INFO - Setting next_dagrun for example_python_decorator to None, run_after=None
[2025-03-28T03:25:05.713+0800] {processor.py:208} INFO - Processing /Users/ervinyeoh/Desktop/unimods/is3107/project/.venv/lib/python3.11/site-packages/airflow/example_dags/example_python_decorator.py took 0.125 seconds
[2025-03-28T04:26:48.203+0800] {processor.py:186} INFO - Started process (PID=56154) to work on /Users/ervinyeoh/Desktop/unimods/is3107/project/.venv/lib/python3.11/site-packages/airflow/example_dags/example_python_decorator.py
[2025-03-28T04:26:48.205+0800] {processor.py:914} INFO - Processing file /Users/ervinyeoh/Desktop/unimods/is3107/project/.venv/lib/python3.11/site-packages/airflow/example_dags/example_python_decorator.py for tasks to queue
[2025-03-28T04:26:48.205+0800] {logging_mixin.py:190} INFO - [2025-03-28T04:26:48.205+0800] {dagbag.py:588} INFO - Filling up the DagBag from /Users/ervinyeoh/Desktop/unimods/is3107/project/.venv/lib/python3.11/site-packages/airflow/example_dags/example_python_decorator.py
[2025-03-28T04:26:48.257+0800] {logging_mixin.py:190} INFO - [2025-03-28T04:26:48.257+0800] {example_python_decorator.py:80} WARNING - The virtalenv_python example task requires virtualenv, please install it.
[2025-03-28T04:26:48.258+0800] {processor.py:925} INFO - DAG(s) 'example_python_decorator' retrieved from /Users/ervinyeoh/Desktop/unimods/is3107/project/.venv/lib/python3.11/site-packages/airflow/example_dags/example_python_decorator.py
[2025-03-28T04:26:48.310+0800] {logging_mixin.py:190} INFO - [2025-03-28T04:26:48.309+0800] {dag.py:3239} INFO - Sync 1 DAGs
[2025-03-28T04:26:48.315+0800] {logging_mixin.py:190} INFO - [2025-03-28T04:26:48.315+0800] {dag.py:4180} INFO - Setting next_dagrun for example_python_decorator to None, run_after=None
[2025-03-28T04:26:48.325+0800] {processor.py:208} INFO - Processing /Users/ervinyeoh/Desktop/unimods/is3107/project/.venv/lib/python3.11/site-packages/airflow/example_dags/example_python_decorator.py took 0.123 seconds
[2025-03-28T05:09:59.955+0800] {processor.py:186} INFO - Started process (PID=56421) to work on /Users/ervinyeoh/Desktop/unimods/is3107/project/.venv/lib/python3.11/site-packages/airflow/example_dags/example_python_decorator.py
[2025-03-28T05:09:59.955+0800] {processor.py:914} INFO - Processing file /Users/ervinyeoh/Desktop/unimods/is3107/project/.venv/lib/python3.11/site-packages/airflow/example_dags/example_python_decorator.py for tasks to queue
[2025-03-28T05:09:59.956+0800] {logging_mixin.py:190} INFO - [2025-03-28T05:09:59.956+0800] {dagbag.py:588} INFO - Filling up the DagBag from /Users/ervinyeoh/Desktop/unimods/is3107/project/.venv/lib/python3.11/site-packages/airflow/example_dags/example_python_decorator.py
[2025-03-28T05:10:00.031+0800] {logging_mixin.py:190} INFO - [2025-03-28T05:10:00.031+0800] {example_python_decorator.py:80} WARNING - The virtalenv_python example task requires virtualenv, please install it.
[2025-03-28T05:10:00.033+0800] {processor.py:925} INFO - DAG(s) 'example_python_decorator' retrieved from /Users/ervinyeoh/Desktop/unimods/is3107/project/.venv/lib/python3.11/site-packages/airflow/example_dags/example_python_decorator.py
[2025-03-28T05:10:00.085+0800] {logging_mixin.py:190} INFO - [2025-03-28T05:10:00.085+0800] {dag.py:3239} INFO - Sync 1 DAGs
[2025-03-28T05:10:00.092+0800] {logging_mixin.py:190} INFO - [2025-03-28T05:10:00.092+0800] {dag.py:4180} INFO - Setting next_dagrun for example_python_decorator to None, run_after=None
[2025-03-28T05:10:00.102+0800] {processor.py:208} INFO - Processing /Users/ervinyeoh/Desktop/unimods/is3107/project/.venv/lib/python3.11/site-packages/airflow/example_dags/example_python_decorator.py took 0.149 seconds
[2025-03-28T05:23:23.840+0800] {processor.py:186} INFO - Started process (PID=56644) to work on /Users/ervinyeoh/Desktop/unimods/is3107/project/.venv/lib/python3.11/site-packages/airflow/example_dags/example_python_decorator.py
[2025-03-28T05:23:23.842+0800] {processor.py:914} INFO - Processing file /Users/ervinyeoh/Desktop/unimods/is3107/project/.venv/lib/python3.11/site-packages/airflow/example_dags/example_python_decorator.py for tasks to queue
[2025-03-28T05:23:23.843+0800] {logging_mixin.py:190} INFO - [2025-03-28T05:23:23.842+0800] {dagbag.py:588} INFO - Filling up the DagBag from /Users/ervinyeoh/Desktop/unimods/is3107/project/.venv/lib/python3.11/site-packages/airflow/example_dags/example_python_decorator.py
[2025-03-28T05:23:23.894+0800] {logging_mixin.py:190} INFO - [2025-03-28T05:23:23.893+0800] {example_python_decorator.py:80} WARNING - The virtalenv_python example task requires virtualenv, please install it.
[2025-03-28T05:23:23.895+0800] {processor.py:925} INFO - DAG(s) 'example_python_decorator' retrieved from /Users/ervinyeoh/Desktop/unimods/is3107/project/.venv/lib/python3.11/site-packages/airflow/example_dags/example_python_decorator.py
[2025-03-28T05:23:23.946+0800] {logging_mixin.py:190} INFO - [2025-03-28T05:23:23.945+0800] {dag.py:3239} INFO - Sync 1 DAGs
[2025-03-28T05:23:23.951+0800] {logging_mixin.py:190} INFO - [2025-03-28T05:23:23.951+0800] {dag.py:4180} INFO - Setting next_dagrun for example_python_decorator to None, run_after=None
[2025-03-28T05:23:23.961+0800] {processor.py:208} INFO - Processing /Users/ervinyeoh/Desktop/unimods/is3107/project/.venv/lib/python3.11/site-packages/airflow/example_dags/example_python_decorator.py took 0.123 seconds
[2025-03-28T05:39:36.207+0800] {processor.py:186} INFO - Started process (PID=56910) to work on /Users/ervinyeoh/Desktop/unimods/is3107/project/.venv/lib/python3.11/site-packages/airflow/example_dags/example_python_decorator.py
[2025-03-28T05:39:36.208+0800] {processor.py:914} INFO - Processing file /Users/ervinyeoh/Desktop/unimods/is3107/project/.venv/lib/python3.11/site-packages/airflow/example_dags/example_python_decorator.py for tasks to queue
[2025-03-28T05:39:36.209+0800] {logging_mixin.py:190} INFO - [2025-03-28T05:39:36.209+0800] {dagbag.py:588} INFO - Filling up the DagBag from /Users/ervinyeoh/Desktop/unimods/is3107/project/.venv/lib/python3.11/site-packages/airflow/example_dags/example_python_decorator.py
[2025-03-28T05:39:36.260+0800] {logging_mixin.py:190} INFO - [2025-03-28T05:39:36.260+0800] {example_python_decorator.py:80} WARNING - The virtalenv_python example task requires virtualenv, please install it.
[2025-03-28T05:39:36.262+0800] {processor.py:925} INFO - DAG(s) 'example_python_decorator' retrieved from /Users/ervinyeoh/Desktop/unimods/is3107/project/.venv/lib/python3.11/site-packages/airflow/example_dags/example_python_decorator.py
[2025-03-28T05:39:36.313+0800] {logging_mixin.py:190} INFO - [2025-03-28T05:39:36.313+0800] {dag.py:3239} INFO - Sync 1 DAGs
[2025-03-28T05:39:36.319+0800] {logging_mixin.py:190} INFO - [2025-03-28T05:39:36.319+0800] {dag.py:4180} INFO - Setting next_dagrun for example_python_decorator to None, run_after=None
[2025-03-28T05:39:36.329+0800] {processor.py:208} INFO - Processing /Users/ervinyeoh/Desktop/unimods/is3107/project/.venv/lib/python3.11/site-packages/airflow/example_dags/example_python_decorator.py took 0.124 seconds
