[2025-03-27T08:41:58.906+0800] {processor.py:186} INFO - Started process (PID=53095) to work on /Users/ervinyeoh/Desktop/unimods/is3107/project/.venv/lib/python3.11/site-packages/airflow/example_dags/tutorial_taskflow_templates.py
[2025-03-27T08:41:58.907+0800] {processor.py:914} INFO - Processing file /Users/ervinyeoh/Desktop/unimods/is3107/project/.venv/lib/python3.11/site-packages/airflow/example_dags/tutorial_taskflow_templates.py for tasks to queue
[2025-03-27T08:41:58.907+0800] {logging_mixin.py:190} INFO - [2025-03-27T08:41:58.907+0800] {dagbag.py:588} INFO - Filling up the DagBag from /Users/ervinyeoh/Desktop/unimods/is3107/project/.venv/lib/python3.11/site-packages/airflow/example_dags/tutorial_taskflow_templates.py
[2025-03-27T08:41:58.969+0800] {processor.py:925} INFO - DAG(s) 'tutorial_taskflow_templates' retrieved from /Users/ervinyeoh/Desktop/unimods/is3107/project/.venv/lib/python3.11/site-packages/airflow/example_dags/tutorial_taskflow_templates.py
[2025-03-27T08:41:59.023+0800] {logging_mixin.py:190} INFO - [2025-03-27T08:41:59.022+0800] {dag.py:3239} INFO - Sync 1 DAGs
[2025-03-27T08:41:59.032+0800] {logging_mixin.py:190} INFO - [2025-03-27T08:41:59.032+0800] {dag.py:4180} INFO - Setting next_dagrun for tutorial_taskflow_templates to 2025-03-26 00:00:00+00:00, run_after=2025-03-27 00:00:00+00:00
[2025-03-27T08:41:59.042+0800] {processor.py:208} INFO - Processing /Users/ervinyeoh/Desktop/unimods/is3107/project/.venv/lib/python3.11/site-packages/airflow/example_dags/tutorial_taskflow_templates.py took 0.138 seconds
[2025-03-27T09:22:17.815+0800] {processor.py:186} INFO - Started process (PID=53320) to work on /Users/ervinyeoh/Desktop/unimods/is3107/project/.venv/lib/python3.11/site-packages/airflow/example_dags/tutorial_taskflow_templates.py
[2025-03-27T09:22:17.815+0800] {processor.py:914} INFO - Processing file /Users/ervinyeoh/Desktop/unimods/is3107/project/.venv/lib/python3.11/site-packages/airflow/example_dags/tutorial_taskflow_templates.py for tasks to queue
[2025-03-27T09:22:17.816+0800] {logging_mixin.py:190} INFO - [2025-03-27T09:22:17.816+0800] {dagbag.py:588} INFO - Filling up the DagBag from /Users/ervinyeoh/Desktop/unimods/is3107/project/.venv/lib/python3.11/site-packages/airflow/example_dags/tutorial_taskflow_templates.py
[2025-03-27T09:22:17.881+0800] {processor.py:925} INFO - DAG(s) 'tutorial_taskflow_templates' retrieved from /Users/ervinyeoh/Desktop/unimods/is3107/project/.venv/lib/python3.11/site-packages/airflow/example_dags/tutorial_taskflow_templates.py
[2025-03-27T09:22:17.933+0800] {logging_mixin.py:190} INFO - [2025-03-27T09:22:17.933+0800] {dag.py:3239} INFO - Sync 1 DAGs
[2025-03-27T09:22:17.943+0800] {logging_mixin.py:190} INFO - [2025-03-27T09:22:17.943+0800] {dag.py:4180} INFO - Setting next_dagrun for tutorial_taskflow_templates to 2025-03-26 00:00:00+00:00, run_after=2025-03-27 00:00:00+00:00
[2025-03-27T09:22:17.953+0800] {processor.py:208} INFO - Processing /Users/ervinyeoh/Desktop/unimods/is3107/project/.venv/lib/python3.11/site-packages/airflow/example_dags/tutorial_taskflow_templates.py took 0.140 seconds
[2025-03-27T11:06:52.876+0800] {processor.py:186} INFO - Started process (PID=53685) to work on /Users/ervinyeoh/Desktop/unimods/is3107/project/.venv/lib/python3.11/site-packages/airflow/example_dags/tutorial_taskflow_templates.py
[2025-03-27T11:06:52.877+0800] {processor.py:914} INFO - Processing file /Users/ervinyeoh/Desktop/unimods/is3107/project/.venv/lib/python3.11/site-packages/airflow/example_dags/tutorial_taskflow_templates.py for tasks to queue
[2025-03-27T11:06:52.877+0800] {logging_mixin.py:190} INFO - [2025-03-27T11:06:52.877+0800] {dagbag.py:588} INFO - Filling up the DagBag from /Users/ervinyeoh/Desktop/unimods/is3107/project/.venv/lib/python3.11/site-packages/airflow/example_dags/tutorial_taskflow_templates.py
[2025-03-27T11:06:52.940+0800] {processor.py:925} INFO - DAG(s) 'tutorial_taskflow_templates' retrieved from /Users/ervinyeoh/Desktop/unimods/is3107/project/.venv/lib/python3.11/site-packages/airflow/example_dags/tutorial_taskflow_templates.py
[2025-03-27T11:06:52.993+0800] {logging_mixin.py:190} INFO - [2025-03-27T11:06:52.993+0800] {dag.py:3239} INFO - Sync 1 DAGs
[2025-03-27T11:06:53.003+0800] {logging_mixin.py:190} INFO - [2025-03-27T11:06:53.003+0800] {dag.py:4180} INFO - Setting next_dagrun for tutorial_taskflow_templates to 2025-03-26 00:00:00+00:00, run_after=2025-03-27 00:00:00+00:00
[2025-03-27T11:06:53.013+0800] {processor.py:208} INFO - Processing /Users/ervinyeoh/Desktop/unimods/is3107/project/.venv/lib/python3.11/site-packages/airflow/example_dags/tutorial_taskflow_templates.py took 0.139 seconds
[2025-03-27T11:11:26.954+0800] {processor.py:186} INFO - Started process (PID=53917) to work on /Users/ervinyeoh/Desktop/unimods/is3107/project/.venv/lib/python3.11/site-packages/airflow/example_dags/tutorial_taskflow_templates.py
[2025-03-27T11:11:26.955+0800] {processor.py:914} INFO - Processing file /Users/ervinyeoh/Desktop/unimods/is3107/project/.venv/lib/python3.11/site-packages/airflow/example_dags/tutorial_taskflow_templates.py for tasks to queue
[2025-03-27T11:11:26.956+0800] {logging_mixin.py:190} INFO - [2025-03-27T11:11:26.956+0800] {dagbag.py:588} INFO - Filling up the DagBag from /Users/ervinyeoh/Desktop/unimods/is3107/project/.venv/lib/python3.11/site-packages/airflow/example_dags/tutorial_taskflow_templates.py
[2025-03-27T11:11:27.014+0800] {processor.py:925} INFO - DAG(s) 'tutorial_taskflow_templates' retrieved from /Users/ervinyeoh/Desktop/unimods/is3107/project/.venv/lib/python3.11/site-packages/airflow/example_dags/tutorial_taskflow_templates.py
[2025-03-27T11:11:27.067+0800] {logging_mixin.py:190} INFO - [2025-03-27T11:11:27.066+0800] {dag.py:3239} INFO - Sync 1 DAGs
[2025-03-27T11:11:27.077+0800] {logging_mixin.py:190} INFO - [2025-03-27T11:11:27.076+0800] {dag.py:4180} INFO - Setting next_dagrun for tutorial_taskflow_templates to 2025-03-26 00:00:00+00:00, run_after=2025-03-27 00:00:00+00:00
[2025-03-27T11:11:27.087+0800] {processor.py:208} INFO - Processing /Users/ervinyeoh/Desktop/unimods/is3107/project/.venv/lib/python3.11/site-packages/airflow/example_dags/tutorial_taskflow_templates.py took 0.134 seconds
[2025-03-27T11:18:11.419+0800] {processor.py:186} INFO - Started process (PID=54134) to work on /Users/ervinyeoh/Desktop/unimods/is3107/project/.venv/lib/python3.11/site-packages/airflow/example_dags/tutorial_taskflow_templates.py
[2025-03-27T11:18:11.420+0800] {processor.py:914} INFO - Processing file /Users/ervinyeoh/Desktop/unimods/is3107/project/.venv/lib/python3.11/site-packages/airflow/example_dags/tutorial_taskflow_templates.py for tasks to queue
[2025-03-27T11:18:11.421+0800] {logging_mixin.py:190} INFO - [2025-03-27T11:18:11.421+0800] {dagbag.py:588} INFO - Filling up the DagBag from /Users/ervinyeoh/Desktop/unimods/is3107/project/.venv/lib/python3.11/site-packages/airflow/example_dags/tutorial_taskflow_templates.py
[2025-03-27T11:18:11.479+0800] {processor.py:925} INFO - DAG(s) 'tutorial_taskflow_templates' retrieved from /Users/ervinyeoh/Desktop/unimods/is3107/project/.venv/lib/python3.11/site-packages/airflow/example_dags/tutorial_taskflow_templates.py
[2025-03-27T11:18:11.532+0800] {logging_mixin.py:190} INFO - [2025-03-27T11:18:11.532+0800] {dag.py:3239} INFO - Sync 1 DAGs
[2025-03-27T11:18:11.542+0800] {logging_mixin.py:190} INFO - [2025-03-27T11:18:11.542+0800] {dag.py:4180} INFO - Setting next_dagrun for tutorial_taskflow_templates to 2025-03-26 00:00:00+00:00, run_after=2025-03-27 00:00:00+00:00
[2025-03-27T11:18:11.552+0800] {processor.py:208} INFO - Processing /Users/ervinyeoh/Desktop/unimods/is3107/project/.venv/lib/python3.11/site-packages/airflow/example_dags/tutorial_taskflow_templates.py took 0.135 seconds
[2025-03-27T13:12:45.785+0800] {processor.py:186} INFO - Started process (PID=54506) to work on /Users/ervinyeoh/Desktop/unimods/is3107/project/.venv/lib/python3.11/site-packages/airflow/example_dags/tutorial_taskflow_templates.py
[2025-03-27T13:12:45.786+0800] {processor.py:914} INFO - Processing file /Users/ervinyeoh/Desktop/unimods/is3107/project/.venv/lib/python3.11/site-packages/airflow/example_dags/tutorial_taskflow_templates.py for tasks to queue
[2025-03-27T13:12:45.786+0800] {logging_mixin.py:190} INFO - [2025-03-27T13:12:45.786+0800] {dagbag.py:588} INFO - Filling up the DagBag from /Users/ervinyeoh/Desktop/unimods/is3107/project/.venv/lib/python3.11/site-packages/airflow/example_dags/tutorial_taskflow_templates.py
[2025-03-27T13:12:45.847+0800] {processor.py:925} INFO - DAG(s) 'tutorial_taskflow_templates' retrieved from /Users/ervinyeoh/Desktop/unimods/is3107/project/.venv/lib/python3.11/site-packages/airflow/example_dags/tutorial_taskflow_templates.py
[2025-03-27T13:12:45.900+0800] {logging_mixin.py:190} INFO - [2025-03-27T13:12:45.900+0800] {dag.py:3239} INFO - Sync 1 DAGs
[2025-03-27T13:12:45.910+0800] {logging_mixin.py:190} INFO - [2025-03-27T13:12:45.910+0800] {dag.py:4180} INFO - Setting next_dagrun for tutorial_taskflow_templates to 2025-03-26 00:00:00+00:00, run_after=2025-03-27 00:00:00+00:00
[2025-03-27T13:12:45.920+0800] {processor.py:208} INFO - Processing /Users/ervinyeoh/Desktop/unimods/is3107/project/.venv/lib/python3.11/site-packages/airflow/example_dags/tutorial_taskflow_templates.py took 0.137 seconds
[2025-03-27T16:52:35.692+0800] {processor.py:186} INFO - Started process (PID=54875) to work on /Users/ervinyeoh/Desktop/unimods/is3107/project/.venv/lib/python3.11/site-packages/airflow/example_dags/tutorial_taskflow_templates.py
[2025-03-27T16:52:35.693+0800] {processor.py:914} INFO - Processing file /Users/ervinyeoh/Desktop/unimods/is3107/project/.venv/lib/python3.11/site-packages/airflow/example_dags/tutorial_taskflow_templates.py for tasks to queue
[2025-03-27T16:52:35.694+0800] {logging_mixin.py:190} INFO - [2025-03-27T16:52:35.694+0800] {dagbag.py:588} INFO - Filling up the DagBag from /Users/ervinyeoh/Desktop/unimods/is3107/project/.venv/lib/python3.11/site-packages/airflow/example_dags/tutorial_taskflow_templates.py
[2025-03-27T16:52:35.759+0800] {processor.py:925} INFO - DAG(s) 'tutorial_taskflow_templates' retrieved from /Users/ervinyeoh/Desktop/unimods/is3107/project/.venv/lib/python3.11/site-packages/airflow/example_dags/tutorial_taskflow_templates.py
[2025-03-27T16:52:35.814+0800] {logging_mixin.py:190} INFO - [2025-03-27T16:52:35.814+0800] {dag.py:3239} INFO - Sync 1 DAGs
[2025-03-27T16:52:35.824+0800] {logging_mixin.py:190} INFO - [2025-03-27T16:52:35.824+0800] {dag.py:4180} INFO - Setting next_dagrun for tutorial_taskflow_templates to 2025-03-26 00:00:00+00:00, run_after=2025-03-27 00:00:00+00:00
[2025-03-27T16:52:35.835+0800] {processor.py:208} INFO - Processing /Users/ervinyeoh/Desktop/unimods/is3107/project/.venv/lib/python3.11/site-packages/airflow/example_dags/tutorial_taskflow_templates.py took 0.144 seconds
[2025-03-27T20:17:02.818+0800] {processor.py:186} INFO - Started process (PID=55251) to work on /Users/ervinyeoh/Desktop/unimods/is3107/project/.venv/lib/python3.11/site-packages/airflow/example_dags/tutorial_taskflow_templates.py
[2025-03-27T20:17:02.819+0800] {processor.py:914} INFO - Processing file /Users/ervinyeoh/Desktop/unimods/is3107/project/.venv/lib/python3.11/site-packages/airflow/example_dags/tutorial_taskflow_templates.py for tasks to queue
[2025-03-27T20:17:02.820+0800] {logging_mixin.py:190} INFO - [2025-03-27T20:17:02.820+0800] {dagbag.py:588} INFO - Filling up the DagBag from /Users/ervinyeoh/Desktop/unimods/is3107/project/.venv/lib/python3.11/site-packages/airflow/example_dags/tutorial_taskflow_templates.py
[2025-03-27T20:17:02.888+0800] {processor.py:925} INFO - DAG(s) 'tutorial_taskflow_templates' retrieved from /Users/ervinyeoh/Desktop/unimods/is3107/project/.venv/lib/python3.11/site-packages/airflow/example_dags/tutorial_taskflow_templates.py
[2025-03-27T20:17:02.958+0800] {logging_mixin.py:190} INFO - [2025-03-27T20:17:02.957+0800] {dag.py:3239} INFO - Sync 1 DAGs
[2025-03-27T20:17:02.969+0800] {logging_mixin.py:190} INFO - [2025-03-27T20:17:02.969+0800] {dag.py:4180} INFO - Setting next_dagrun for tutorial_taskflow_templates to 2025-03-26 00:00:00+00:00, run_after=2025-03-27 00:00:00+00:00
[2025-03-27T20:17:02.983+0800] {processor.py:208} INFO - Processing /Users/ervinyeoh/Desktop/unimods/is3107/project/.venv/lib/python3.11/site-packages/airflow/example_dags/tutorial_taskflow_templates.py took 0.167 seconds
[2025-03-28T01:48:58.598+0800] {processor.py:186} INFO - Started process (PID=55644) to work on /Users/ervinyeoh/Desktop/unimods/is3107/project/.venv/lib/python3.11/site-packages/airflow/example_dags/tutorial_taskflow_templates.py
[2025-03-28T01:48:58.598+0800] {processor.py:914} INFO - Processing file /Users/ervinyeoh/Desktop/unimods/is3107/project/.venv/lib/python3.11/site-packages/airflow/example_dags/tutorial_taskflow_templates.py for tasks to queue
[2025-03-28T01:48:58.599+0800] {logging_mixin.py:190} INFO - [2025-03-28T01:48:58.599+0800] {dagbag.py:588} INFO - Filling up the DagBag from /Users/ervinyeoh/Desktop/unimods/is3107/project/.venv/lib/python3.11/site-packages/airflow/example_dags/tutorial_taskflow_templates.py
[2025-03-28T01:48:58.662+0800] {processor.py:925} INFO - DAG(s) 'tutorial_taskflow_templates' retrieved from /Users/ervinyeoh/Desktop/unimods/is3107/project/.venv/lib/python3.11/site-packages/airflow/example_dags/tutorial_taskflow_templates.py
[2025-03-28T01:48:58.717+0800] {logging_mixin.py:190} INFO - [2025-03-28T01:48:58.716+0800] {dag.py:3239} INFO - Sync 1 DAGs
[2025-03-28T01:48:58.727+0800] {logging_mixin.py:190} INFO - [2025-03-28T01:48:58.727+0800] {dag.py:4180} INFO - Setting next_dagrun for tutorial_taskflow_templates to 2025-03-26 00:00:00+00:00, run_after=2025-03-27 00:00:00+00:00
[2025-03-28T01:48:58.738+0800] {processor.py:208} INFO - Processing /Users/ervinyeoh/Desktop/unimods/is3107/project/.venv/lib/python3.11/site-packages/airflow/example_dags/tutorial_taskflow_templates.py took 0.142 seconds
[2025-03-28T03:42:29.788+0800] {processor.py:186} INFO - Started process (PID=56022) to work on /Users/ervinyeoh/Desktop/unimods/is3107/project/.venv/lib/python3.11/site-packages/airflow/example_dags/tutorial_taskflow_templates.py
[2025-03-28T03:42:29.789+0800] {processor.py:914} INFO - Processing file /Users/ervinyeoh/Desktop/unimods/is3107/project/.venv/lib/python3.11/site-packages/airflow/example_dags/tutorial_taskflow_templates.py for tasks to queue
[2025-03-28T03:42:29.790+0800] {logging_mixin.py:190} INFO - [2025-03-28T03:42:29.790+0800] {dagbag.py:588} INFO - Filling up the DagBag from /Users/ervinyeoh/Desktop/unimods/is3107/project/.venv/lib/python3.11/site-packages/airflow/example_dags/tutorial_taskflow_templates.py
[2025-03-28T03:42:29.850+0800] {processor.py:925} INFO - DAG(s) 'tutorial_taskflow_templates' retrieved from /Users/ervinyeoh/Desktop/unimods/is3107/project/.venv/lib/python3.11/site-packages/airflow/example_dags/tutorial_taskflow_templates.py
[2025-03-28T03:42:29.904+0800] {logging_mixin.py:190} INFO - [2025-03-28T03:42:29.904+0800] {dag.py:3239} INFO - Sync 1 DAGs
[2025-03-28T03:42:29.914+0800] {logging_mixin.py:190} INFO - [2025-03-28T03:42:29.914+0800] {dag.py:4180} INFO - Setting next_dagrun for tutorial_taskflow_templates to 2025-03-26 00:00:00+00:00, run_after=2025-03-27 00:00:00+00:00
[2025-03-28T03:42:29.925+0800] {processor.py:208} INFO - Processing /Users/ervinyeoh/Desktop/unimods/is3107/project/.venv/lib/python3.11/site-packages/airflow/example_dags/tutorial_taskflow_templates.py took 0.138 seconds
[2025-03-28T04:58:46.188+0800] {processor.py:186} INFO - Started process (PID=56316) to work on /Users/ervinyeoh/Desktop/unimods/is3107/project/.venv/lib/python3.11/site-packages/airflow/example_dags/tutorial_taskflow_templates.py
[2025-03-28T04:58:46.189+0800] {processor.py:914} INFO - Processing file /Users/ervinyeoh/Desktop/unimods/is3107/project/.venv/lib/python3.11/site-packages/airflow/example_dags/tutorial_taskflow_templates.py for tasks to queue
[2025-03-28T04:58:46.189+0800] {logging_mixin.py:190} INFO - [2025-03-28T04:58:46.189+0800] {dagbag.py:588} INFO - Filling up the DagBag from /Users/ervinyeoh/Desktop/unimods/is3107/project/.venv/lib/python3.11/site-packages/airflow/example_dags/tutorial_taskflow_templates.py
[2025-03-28T04:58:46.282+0800] {processor.py:925} INFO - DAG(s) 'tutorial_taskflow_templates' retrieved from /Users/ervinyeoh/Desktop/unimods/is3107/project/.venv/lib/python3.11/site-packages/airflow/example_dags/tutorial_taskflow_templates.py
[2025-03-28T04:58:46.367+0800] {logging_mixin.py:190} INFO - [2025-03-28T04:58:46.366+0800] {dag.py:3239} INFO - Sync 1 DAGs
[2025-03-28T04:58:46.378+0800] {logging_mixin.py:190} INFO - [2025-03-28T04:58:46.378+0800] {dag.py:4180} INFO - Setting next_dagrun for tutorial_taskflow_templates to 2025-03-26 00:00:00+00:00, run_after=2025-03-27 00:00:00+00:00
[2025-03-28T04:58:46.388+0800] {processor.py:208} INFO - Processing /Users/ervinyeoh/Desktop/unimods/is3107/project/.venv/lib/python3.11/site-packages/airflow/example_dags/tutorial_taskflow_templates.py took 0.203 seconds
[2025-03-28T05:17:46.694+0800] {processor.py:186} INFO - Started process (PID=56532) to work on /Users/ervinyeoh/Desktop/unimods/is3107/project/.venv/lib/python3.11/site-packages/airflow/example_dags/tutorial_taskflow_templates.py
[2025-03-28T05:17:46.696+0800] {processor.py:914} INFO - Processing file /Users/ervinyeoh/Desktop/unimods/is3107/project/.venv/lib/python3.11/site-packages/airflow/example_dags/tutorial_taskflow_templates.py for tasks to queue
[2025-03-28T05:17:46.696+0800] {logging_mixin.py:190} INFO - [2025-03-28T05:17:46.696+0800] {dagbag.py:588} INFO - Filling up the DagBag from /Users/ervinyeoh/Desktop/unimods/is3107/project/.venv/lib/python3.11/site-packages/airflow/example_dags/tutorial_taskflow_templates.py
[2025-03-28T05:17:46.762+0800] {processor.py:925} INFO - DAG(s) 'tutorial_taskflow_templates' retrieved from /Users/ervinyeoh/Desktop/unimods/is3107/project/.venv/lib/python3.11/site-packages/airflow/example_dags/tutorial_taskflow_templates.py
[2025-03-28T05:17:46.814+0800] {logging_mixin.py:190} INFO - [2025-03-28T05:17:46.814+0800] {dag.py:3239} INFO - Sync 1 DAGs
[2025-03-28T05:17:46.824+0800] {logging_mixin.py:190} INFO - [2025-03-28T05:17:46.824+0800] {dag.py:4180} INFO - Setting next_dagrun for tutorial_taskflow_templates to 2025-03-26 00:00:00+00:00, run_after=2025-03-27 00:00:00+00:00
[2025-03-28T05:17:46.835+0800] {processor.py:208} INFO - Processing /Users/ervinyeoh/Desktop/unimods/is3107/project/.venv/lib/python3.11/site-packages/airflow/example_dags/tutorial_taskflow_templates.py took 0.142 seconds
[2025-03-28T05:33:58.989+0800] {processor.py:186} INFO - Started process (PID=56801) to work on /Users/ervinyeoh/Desktop/unimods/is3107/project/.venv/lib/python3.11/site-packages/airflow/example_dags/tutorial_taskflow_templates.py
[2025-03-28T05:33:58.990+0800] {processor.py:914} INFO - Processing file /Users/ervinyeoh/Desktop/unimods/is3107/project/.venv/lib/python3.11/site-packages/airflow/example_dags/tutorial_taskflow_templates.py for tasks to queue
[2025-03-28T05:33:58.991+0800] {logging_mixin.py:190} INFO - [2025-03-28T05:33:58.991+0800] {dagbag.py:588} INFO - Filling up the DagBag from /Users/ervinyeoh/Desktop/unimods/is3107/project/.venv/lib/python3.11/site-packages/airflow/example_dags/tutorial_taskflow_templates.py
[2025-03-28T05:33:59.050+0800] {processor.py:925} INFO - DAG(s) 'tutorial_taskflow_templates' retrieved from /Users/ervinyeoh/Desktop/unimods/is3107/project/.venv/lib/python3.11/site-packages/airflow/example_dags/tutorial_taskflow_templates.py
[2025-03-28T05:33:59.104+0800] {logging_mixin.py:190} INFO - [2025-03-28T05:33:59.104+0800] {dag.py:3239} INFO - Sync 1 DAGs
[2025-03-28T05:33:59.114+0800] {logging_mixin.py:190} INFO - [2025-03-28T05:33:59.114+0800] {dag.py:4180} INFO - Setting next_dagrun for tutorial_taskflow_templates to 2025-03-26 00:00:00+00:00, run_after=2025-03-27 00:00:00+00:00
[2025-03-28T05:33:59.125+0800] {processor.py:208} INFO - Processing /Users/ervinyeoh/Desktop/unimods/is3107/project/.venv/lib/python3.11/site-packages/airflow/example_dags/tutorial_taskflow_templates.py took 0.137 seconds
[2025-03-28T05:45:03.105+0800] {processor.py:186} INFO - Started process (PID=56997) to work on /Users/ervinyeoh/Desktop/unimods/is3107/project/.venv/lib/python3.11/site-packages/airflow/example_dags/tutorial_taskflow_templates.py
[2025-03-28T05:45:03.105+0800] {processor.py:914} INFO - Processing file /Users/ervinyeoh/Desktop/unimods/is3107/project/.venv/lib/python3.11/site-packages/airflow/example_dags/tutorial_taskflow_templates.py for tasks to queue
[2025-03-28T05:45:03.106+0800] {logging_mixin.py:190} INFO - [2025-03-28T05:45:03.106+0800] {dagbag.py:588} INFO - Filling up the DagBag from /Users/ervinyeoh/Desktop/unimods/is3107/project/.venv/lib/python3.11/site-packages/airflow/example_dags/tutorial_taskflow_templates.py
[2025-03-28T05:45:03.201+0800] {processor.py:925} INFO - DAG(s) 'tutorial_taskflow_templates' retrieved from /Users/ervinyeoh/Desktop/unimods/is3107/project/.venv/lib/python3.11/site-packages/airflow/example_dags/tutorial_taskflow_templates.py
[2025-03-28T05:45:03.280+0800] {logging_mixin.py:190} INFO - [2025-03-28T05:45:03.279+0800] {dag.py:3239} INFO - Sync 1 DAGs
[2025-03-28T05:45:03.289+0800] {logging_mixin.py:190} INFO - [2025-03-28T05:45:03.289+0800] {dag.py:4180} INFO - Setting next_dagrun for tutorial_taskflow_templates to 2025-03-26 00:00:00+00:00, run_after=2025-03-27 00:00:00+00:00
[2025-03-28T05:45:03.302+0800] {processor.py:208} INFO - Processing /Users/ervinyeoh/Desktop/unimods/is3107/project/.venv/lib/python3.11/site-packages/airflow/example_dags/tutorial_taskflow_templates.py took 0.199 seconds
