[2025-03-27T08:42:09.962+0800] {processor.py:186} INFO - Started process (PID=53130) to work on /Users/ervinyeoh/Desktop/unimods/is3107/project/.venv/lib/python3.11/site-packages/airflow/example_dags/tutorial.py
[2025-03-27T08:42:09.962+0800] {processor.py:914} INFO - Processing file /Users/ervinyeoh/Desktop/unimods/is3107/project/.venv/lib/python3.11/site-packages/airflow/example_dags/tutorial.py for tasks to queue
[2025-03-27T08:42:09.963+0800] {logging_mixin.py:190} INFO - [2025-03-27T08:42:09.963+0800] {dagbag.py:588} INFO - Filling up the DagBag from /Users/ervinyeoh/Desktop/unimods/is3107/project/.venv/lib/python3.11/site-packages/airflow/example_dags/tutorial.py
[2025-03-27T08:42:09.967+0800] {processor.py:925} INFO - DAG(s) 'tutorial' retrieved from /Users/ervinyeoh/Desktop/unimods/is3107/project/.venv/lib/python3.11/site-packages/airflow/example_dags/tutorial.py
[2025-03-27T08:42:10.054+0800] {logging_mixin.py:190} INFO - [2025-03-27T08:42:10.054+0800] {dag.py:3239} INFO - Sync 1 DAGs
[2025-03-27T08:42:10.065+0800] {logging_mixin.py:190} INFO - [2025-03-27T08:42:10.065+0800] {dag.py:4180} INFO - Setting next_dagrun for tutorial to 2025-03-26 00:00:00+00:00, run_after=2025-03-27 00:00:00+00:00
[2025-03-27T08:42:10.075+0800] {processor.py:208} INFO - Processing /Users/ervinyeoh/Desktop/unimods/is3107/project/.venv/lib/python3.11/site-packages/airflow/example_dags/tutorial.py took 0.115 seconds
[2025-03-27T09:56:08.734+0800] {processor.py:186} INFO - Started process (PID=53368) to work on /Users/ervinyeoh/Desktop/unimods/is3107/project/.venv/lib/python3.11/site-packages/airflow/example_dags/tutorial.py
[2025-03-27T09:56:08.735+0800] {processor.py:914} INFO - Processing file /Users/ervinyeoh/Desktop/unimods/is3107/project/.venv/lib/python3.11/site-packages/airflow/example_dags/tutorial.py for tasks to queue
[2025-03-27T09:56:08.736+0800] {logging_mixin.py:190} INFO - [2025-03-27T09:56:08.736+0800] {dagbag.py:588} INFO - Filling up the DagBag from /Users/ervinyeoh/Desktop/unimods/is3107/project/.venv/lib/python3.11/site-packages/airflow/example_dags/tutorial.py
[2025-03-27T09:56:08.740+0800] {processor.py:925} INFO - DAG(s) 'tutorial' retrieved from /Users/ervinyeoh/Desktop/unimods/is3107/project/.venv/lib/python3.11/site-packages/airflow/example_dags/tutorial.py
[2025-03-27T09:56:08.824+0800] {logging_mixin.py:190} INFO - [2025-03-27T09:56:08.824+0800] {dag.py:3239} INFO - Sync 1 DAGs
[2025-03-27T09:56:08.835+0800] {logging_mixin.py:190} INFO - [2025-03-27T09:56:08.835+0800] {dag.py:4180} INFO - Setting next_dagrun for tutorial to 2025-03-26 00:00:00+00:00, run_after=2025-03-27 00:00:00+00:00
[2025-03-27T09:56:08.845+0800] {processor.py:208} INFO - Processing /Users/ervinyeoh/Desktop/unimods/is3107/project/.venv/lib/python3.11/site-packages/airflow/example_dags/tutorial.py took 0.112 seconds
[2025-03-27T11:07:45.509+0800] {processor.py:186} INFO - Started process (PID=53736) to work on /Users/ervinyeoh/Desktop/unimods/is3107/project/.venv/lib/python3.11/site-packages/airflow/example_dags/tutorial.py
[2025-03-27T11:07:45.510+0800] {processor.py:914} INFO - Processing file /Users/ervinyeoh/Desktop/unimods/is3107/project/.venv/lib/python3.11/site-packages/airflow/example_dags/tutorial.py for tasks to queue
[2025-03-27T11:07:45.510+0800] {logging_mixin.py:190} INFO - [2025-03-27T11:07:45.510+0800] {dagbag.py:588} INFO - Filling up the DagBag from /Users/ervinyeoh/Desktop/unimods/is3107/project/.venv/lib/python3.11/site-packages/airflow/example_dags/tutorial.py
[2025-03-27T11:07:45.515+0800] {processor.py:925} INFO - DAG(s) 'tutorial' retrieved from /Users/ervinyeoh/Desktop/unimods/is3107/project/.venv/lib/python3.11/site-packages/airflow/example_dags/tutorial.py
[2025-03-27T11:07:45.598+0800] {logging_mixin.py:190} INFO - [2025-03-27T11:07:45.598+0800] {dag.py:3239} INFO - Sync 1 DAGs
[2025-03-27T11:07:45.609+0800] {logging_mixin.py:190} INFO - [2025-03-27T11:07:45.609+0800] {dag.py:4180} INFO - Setting next_dagrun for tutorial to 2025-03-26 00:00:00+00:00, run_after=2025-03-27 00:00:00+00:00
[2025-03-27T11:07:45.619+0800] {processor.py:208} INFO - Processing /Users/ervinyeoh/Desktop/unimods/is3107/project/.venv/lib/python3.11/site-packages/airflow/example_dags/tutorial.py took 0.112 seconds
[2025-03-27T11:11:36.222+0800] {processor.py:186} INFO - Started process (PID=53957) to work on /Users/ervinyeoh/Desktop/unimods/is3107/project/.venv/lib/python3.11/site-packages/airflow/example_dags/tutorial.py
[2025-03-27T11:11:36.222+0800] {processor.py:914} INFO - Processing file /Users/ervinyeoh/Desktop/unimods/is3107/project/.venv/lib/python3.11/site-packages/airflow/example_dags/tutorial.py for tasks to queue
[2025-03-27T11:11:36.223+0800] {logging_mixin.py:190} INFO - [2025-03-27T11:11:36.223+0800] {dagbag.py:588} INFO - Filling up the DagBag from /Users/ervinyeoh/Desktop/unimods/is3107/project/.venv/lib/python3.11/site-packages/airflow/example_dags/tutorial.py
[2025-03-27T11:11:36.235+0800] {processor.py:925} INFO - DAG(s) 'tutorial' retrieved from /Users/ervinyeoh/Desktop/unimods/is3107/project/.venv/lib/python3.11/site-packages/airflow/example_dags/tutorial.py
[2025-03-27T11:11:36.357+0800] {logging_mixin.py:190} INFO - [2025-03-27T11:11:36.357+0800] {dag.py:3239} INFO - Sync 1 DAGs
[2025-03-27T11:11:36.368+0800] {logging_mixin.py:190} INFO - [2025-03-27T11:11:36.368+0800] {dag.py:4180} INFO - Setting next_dagrun for tutorial to 2025-03-26 00:00:00+00:00, run_after=2025-03-27 00:00:00+00:00
[2025-03-27T11:11:36.377+0800] {processor.py:208} INFO - Processing /Users/ervinyeoh/Desktop/unimods/is3107/project/.venv/lib/python3.11/site-packages/airflow/example_dags/tutorial.py took 0.157 seconds
[2025-03-27T11:18:22.183+0800] {processor.py:186} INFO - Started process (PID=54158) to work on /Users/ervinyeoh/Desktop/unimods/is3107/project/.venv/lib/python3.11/site-packages/airflow/example_dags/tutorial.py
[2025-03-27T11:18:22.185+0800] {processor.py:914} INFO - Processing file /Users/ervinyeoh/Desktop/unimods/is3107/project/.venv/lib/python3.11/site-packages/airflow/example_dags/tutorial.py for tasks to queue
[2025-03-27T11:18:22.185+0800] {logging_mixin.py:190} INFO - [2025-03-27T11:18:22.185+0800] {dagbag.py:588} INFO - Filling up the DagBag from /Users/ervinyeoh/Desktop/unimods/is3107/project/.venv/lib/python3.11/site-packages/airflow/example_dags/tutorial.py
[2025-03-27T11:18:22.190+0800] {processor.py:925} INFO - DAG(s) 'tutorial' retrieved from /Users/ervinyeoh/Desktop/unimods/is3107/project/.venv/lib/python3.11/site-packages/airflow/example_dags/tutorial.py
[2025-03-27T11:18:22.272+0800] {logging_mixin.py:190} INFO - [2025-03-27T11:18:22.272+0800] {dag.py:3239} INFO - Sync 1 DAGs
[2025-03-27T11:18:22.283+0800] {logging_mixin.py:190} INFO - [2025-03-27T11:18:22.283+0800] {dag.py:4180} INFO - Setting next_dagrun for tutorial to 2025-03-26 00:00:00+00:00, run_after=2025-03-27 00:00:00+00:00
[2025-03-27T11:18:22.294+0800] {processor.py:208} INFO - Processing /Users/ervinyeoh/Desktop/unimods/is3107/project/.venv/lib/python3.11/site-packages/airflow/example_dags/tutorial.py took 0.112 seconds
[2025-03-27T13:12:55.785+0800] {processor.py:186} INFO - Started process (PID=54524) to work on /Users/ervinyeoh/Desktop/unimods/is3107/project/.venv/lib/python3.11/site-packages/airflow/example_dags/tutorial.py
[2025-03-27T13:12:55.786+0800] {processor.py:914} INFO - Processing file /Users/ervinyeoh/Desktop/unimods/is3107/project/.venv/lib/python3.11/site-packages/airflow/example_dags/tutorial.py for tasks to queue
[2025-03-27T13:12:55.786+0800] {logging_mixin.py:190} INFO - [2025-03-27T13:12:55.786+0800] {dagbag.py:588} INFO - Filling up the DagBag from /Users/ervinyeoh/Desktop/unimods/is3107/project/.venv/lib/python3.11/site-packages/airflow/example_dags/tutorial.py
[2025-03-27T13:12:55.791+0800] {processor.py:925} INFO - DAG(s) 'tutorial' retrieved from /Users/ervinyeoh/Desktop/unimods/is3107/project/.venv/lib/python3.11/site-packages/airflow/example_dags/tutorial.py
[2025-03-27T13:12:55.873+0800] {logging_mixin.py:190} INFO - [2025-03-27T13:12:55.873+0800] {dag.py:3239} INFO - Sync 1 DAGs
[2025-03-27T13:12:55.884+0800] {logging_mixin.py:190} INFO - [2025-03-27T13:12:55.884+0800] {dag.py:4180} INFO - Setting next_dagrun for tutorial to 2025-03-26 00:00:00+00:00, run_after=2025-03-27 00:00:00+00:00
[2025-03-27T13:12:55.894+0800] {processor.py:208} INFO - Processing /Users/ervinyeoh/Desktop/unimods/is3107/project/.venv/lib/python3.11/site-packages/airflow/example_dags/tutorial.py took 0.111 seconds
[2025-03-27T17:18:11.889+0800] {processor.py:186} INFO - Started process (PID=54912) to work on /Users/ervinyeoh/Desktop/unimods/is3107/project/.venv/lib/python3.11/site-packages/airflow/example_dags/tutorial.py
[2025-03-27T17:18:11.891+0800] {processor.py:914} INFO - Processing file /Users/ervinyeoh/Desktop/unimods/is3107/project/.venv/lib/python3.11/site-packages/airflow/example_dags/tutorial.py for tasks to queue
[2025-03-27T17:18:11.891+0800] {logging_mixin.py:190} INFO - [2025-03-27T17:18:11.891+0800] {dagbag.py:588} INFO - Filling up the DagBag from /Users/ervinyeoh/Desktop/unimods/is3107/project/.venv/lib/python3.11/site-packages/airflow/example_dags/tutorial.py
[2025-03-27T17:18:11.896+0800] {processor.py:925} INFO - DAG(s) 'tutorial' retrieved from /Users/ervinyeoh/Desktop/unimods/is3107/project/.venv/lib/python3.11/site-packages/airflow/example_dags/tutorial.py
[2025-03-27T17:18:11.978+0800] {logging_mixin.py:190} INFO - [2025-03-27T17:18:11.977+0800] {dag.py:3239} INFO - Sync 1 DAGs
[2025-03-27T17:18:11.988+0800] {logging_mixin.py:190} INFO - [2025-03-27T17:18:11.988+0800] {dag.py:4180} INFO - Setting next_dagrun for tutorial to 2025-03-26 00:00:00+00:00, run_after=2025-03-27 00:00:00+00:00
[2025-03-27T17:18:11.999+0800] {processor.py:208} INFO - Processing /Users/ervinyeoh/Desktop/unimods/is3107/project/.venv/lib/python3.11/site-packages/airflow/example_dags/tutorial.py took 0.111 seconds
[2025-03-27T20:34:07.310+0800] {processor.py:186} INFO - Started process (PID=55279) to work on /Users/ervinyeoh/Desktop/unimods/is3107/project/.venv/lib/python3.11/site-packages/airflow/example_dags/tutorial.py
[2025-03-27T20:34:07.310+0800] {processor.py:914} INFO - Processing file /Users/ervinyeoh/Desktop/unimods/is3107/project/.venv/lib/python3.11/site-packages/airflow/example_dags/tutorial.py for tasks to queue
[2025-03-27T20:34:07.311+0800] {logging_mixin.py:190} INFO - [2025-03-27T20:34:07.311+0800] {dagbag.py:588} INFO - Filling up the DagBag from /Users/ervinyeoh/Desktop/unimods/is3107/project/.venv/lib/python3.11/site-packages/airflow/example_dags/tutorial.py
[2025-03-27T20:34:07.316+0800] {processor.py:925} INFO - DAG(s) 'tutorial' retrieved from /Users/ervinyeoh/Desktop/unimods/is3107/project/.venv/lib/python3.11/site-packages/airflow/example_dags/tutorial.py
[2025-03-27T20:34:07.400+0800] {logging_mixin.py:190} INFO - [2025-03-27T20:34:07.399+0800] {dag.py:3239} INFO - Sync 1 DAGs
[2025-03-27T20:34:07.410+0800] {logging_mixin.py:190} INFO - [2025-03-27T20:34:07.410+0800] {dag.py:4180} INFO - Setting next_dagrun for tutorial to 2025-03-26 00:00:00+00:00, run_after=2025-03-27 00:00:00+00:00
[2025-03-27T20:34:07.420+0800] {processor.py:208} INFO - Processing /Users/ervinyeoh/Desktop/unimods/is3107/project/.venv/lib/python3.11/site-packages/airflow/example_dags/tutorial.py took 0.112 seconds
[2025-03-28T02:20:32.274+0800] {processor.py:186} INFO - Started process (PID=55678) to work on /Users/ervinyeoh/Desktop/unimods/is3107/project/.venv/lib/python3.11/site-packages/airflow/example_dags/tutorial.py
[2025-03-28T02:20:32.275+0800] {processor.py:914} INFO - Processing file /Users/ervinyeoh/Desktop/unimods/is3107/project/.venv/lib/python3.11/site-packages/airflow/example_dags/tutorial.py for tasks to queue
[2025-03-28T02:20:32.276+0800] {logging_mixin.py:190} INFO - [2025-03-28T02:20:32.276+0800] {dagbag.py:588} INFO - Filling up the DagBag from /Users/ervinyeoh/Desktop/unimods/is3107/project/.venv/lib/python3.11/site-packages/airflow/example_dags/tutorial.py
[2025-03-28T02:20:32.282+0800] {processor.py:925} INFO - DAG(s) 'tutorial' retrieved from /Users/ervinyeoh/Desktop/unimods/is3107/project/.venv/lib/python3.11/site-packages/airflow/example_dags/tutorial.py
[2025-03-28T02:20:32.367+0800] {logging_mixin.py:190} INFO - [2025-03-28T02:20:32.366+0800] {dag.py:3239} INFO - Sync 1 DAGs
[2025-03-28T02:20:32.377+0800] {logging_mixin.py:190} INFO - [2025-03-28T02:20:32.377+0800] {dag.py:4180} INFO - Setting next_dagrun for tutorial to 2025-03-26 00:00:00+00:00, run_after=2025-03-27 00:00:00+00:00
[2025-03-28T02:20:32.387+0800] {processor.py:208} INFO - Processing /Users/ervinyeoh/Desktop/unimods/is3107/project/.venv/lib/python3.11/site-packages/airflow/example_dags/tutorial.py took 0.114 seconds
[2025-03-28T03:42:39.825+0800] {processor.py:186} INFO - Started process (PID=56037) to work on /Users/ervinyeoh/Desktop/unimods/is3107/project/.venv/lib/python3.11/site-packages/airflow/example_dags/tutorial.py
[2025-03-28T03:42:39.826+0800] {processor.py:914} INFO - Processing file /Users/ervinyeoh/Desktop/unimods/is3107/project/.venv/lib/python3.11/site-packages/airflow/example_dags/tutorial.py for tasks to queue
[2025-03-28T03:42:39.827+0800] {logging_mixin.py:190} INFO - [2025-03-28T03:42:39.826+0800] {dagbag.py:588} INFO - Filling up the DagBag from /Users/ervinyeoh/Desktop/unimods/is3107/project/.venv/lib/python3.11/site-packages/airflow/example_dags/tutorial.py
[2025-03-28T03:42:39.831+0800] {processor.py:925} INFO - DAG(s) 'tutorial' retrieved from /Users/ervinyeoh/Desktop/unimods/is3107/project/.venv/lib/python3.11/site-packages/airflow/example_dags/tutorial.py
[2025-03-28T03:42:39.918+0800] {logging_mixin.py:190} INFO - [2025-03-28T03:42:39.918+0800] {dag.py:3239} INFO - Sync 1 DAGs
[2025-03-28T03:42:39.929+0800] {logging_mixin.py:190} INFO - [2025-03-28T03:42:39.928+0800] {dag.py:4180} INFO - Setting next_dagrun for tutorial to 2025-03-26 00:00:00+00:00, run_after=2025-03-27 00:00:00+00:00
[2025-03-28T03:42:39.938+0800] {processor.py:208} INFO - Processing /Users/ervinyeoh/Desktop/unimods/is3107/project/.venv/lib/python3.11/site-packages/airflow/example_dags/tutorial.py took 0.115 seconds
[2025-03-28T04:58:57.399+0800] {processor.py:186} INFO - Started process (PID=56344) to work on /Users/ervinyeoh/Desktop/unimods/is3107/project/.venv/lib/python3.11/site-packages/airflow/example_dags/tutorial.py
[2025-03-28T04:58:57.400+0800] {processor.py:914} INFO - Processing file /Users/ervinyeoh/Desktop/unimods/is3107/project/.venv/lib/python3.11/site-packages/airflow/example_dags/tutorial.py for tasks to queue
[2025-03-28T04:58:57.401+0800] {logging_mixin.py:190} INFO - [2025-03-28T04:58:57.401+0800] {dagbag.py:588} INFO - Filling up the DagBag from /Users/ervinyeoh/Desktop/unimods/is3107/project/.venv/lib/python3.11/site-packages/airflow/example_dags/tutorial.py
[2025-03-28T04:58:57.405+0800] {processor.py:925} INFO - DAG(s) 'tutorial' retrieved from /Users/ervinyeoh/Desktop/unimods/is3107/project/.venv/lib/python3.11/site-packages/airflow/example_dags/tutorial.py
[2025-03-28T04:58:57.489+0800] {logging_mixin.py:190} INFO - [2025-03-28T04:58:57.489+0800] {dag.py:3239} INFO - Sync 1 DAGs
[2025-03-28T04:58:57.499+0800] {logging_mixin.py:190} INFO - [2025-03-28T04:58:57.499+0800] {dag.py:4180} INFO - Setting next_dagrun for tutorial to 2025-03-26 00:00:00+00:00, run_after=2025-03-27 00:00:00+00:00
[2025-03-28T04:58:57.510+0800] {processor.py:208} INFO - Processing /Users/ervinyeoh/Desktop/unimods/is3107/project/.venv/lib/python3.11/site-packages/airflow/example_dags/tutorial.py took 0.112 seconds
[2025-03-28T05:17:56.836+0800] {processor.py:186} INFO - Started process (PID=56550) to work on /Users/ervinyeoh/Desktop/unimods/is3107/project/.venv/lib/python3.11/site-packages/airflow/example_dags/tutorial.py
[2025-03-28T05:17:56.838+0800] {processor.py:914} INFO - Processing file /Users/ervinyeoh/Desktop/unimods/is3107/project/.venv/lib/python3.11/site-packages/airflow/example_dags/tutorial.py for tasks to queue
[2025-03-28T05:17:56.839+0800] {logging_mixin.py:190} INFO - [2025-03-28T05:17:56.839+0800] {dagbag.py:588} INFO - Filling up the DagBag from /Users/ervinyeoh/Desktop/unimods/is3107/project/.venv/lib/python3.11/site-packages/airflow/example_dags/tutorial.py
[2025-03-28T05:17:56.844+0800] {processor.py:925} INFO - DAG(s) 'tutorial' retrieved from /Users/ervinyeoh/Desktop/unimods/is3107/project/.venv/lib/python3.11/site-packages/airflow/example_dags/tutorial.py
[2025-03-28T05:17:56.927+0800] {logging_mixin.py:190} INFO - [2025-03-28T05:17:56.927+0800] {dag.py:3239} INFO - Sync 1 DAGs
[2025-03-28T05:17:56.937+0800] {logging_mixin.py:190} INFO - [2025-03-28T05:17:56.937+0800] {dag.py:4180} INFO - Setting next_dagrun for tutorial to 2025-03-26 00:00:00+00:00, run_after=2025-03-27 00:00:00+00:00
[2025-03-28T05:17:56.948+0800] {processor.py:208} INFO - Processing /Users/ervinyeoh/Desktop/unimods/is3107/project/.venv/lib/python3.11/site-packages/airflow/example_dags/tutorial.py took 0.113 seconds
[2025-03-28T05:34:10.051+0800] {processor.py:186} INFO - Started process (PID=56824) to work on /Users/ervinyeoh/Desktop/unimods/is3107/project/.venv/lib/python3.11/site-packages/airflow/example_dags/tutorial.py
[2025-03-28T05:34:10.052+0800] {processor.py:914} INFO - Processing file /Users/ervinyeoh/Desktop/unimods/is3107/project/.venv/lib/python3.11/site-packages/airflow/example_dags/tutorial.py for tasks to queue
[2025-03-28T05:34:10.053+0800] {logging_mixin.py:190} INFO - [2025-03-28T05:34:10.053+0800] {dagbag.py:588} INFO - Filling up the DagBag from /Users/ervinyeoh/Desktop/unimods/is3107/project/.venv/lib/python3.11/site-packages/airflow/example_dags/tutorial.py
[2025-03-28T05:34:10.058+0800] {processor.py:925} INFO - DAG(s) 'tutorial' retrieved from /Users/ervinyeoh/Desktop/unimods/is3107/project/.venv/lib/python3.11/site-packages/airflow/example_dags/tutorial.py
[2025-03-28T05:34:10.139+0800] {logging_mixin.py:190} INFO - [2025-03-28T05:34:10.139+0800] {dag.py:3239} INFO - Sync 1 DAGs
[2025-03-28T05:34:10.150+0800] {logging_mixin.py:190} INFO - [2025-03-28T05:34:10.150+0800] {dag.py:4180} INFO - Setting next_dagrun for tutorial to 2025-03-26 00:00:00+00:00, run_after=2025-03-27 00:00:00+00:00
[2025-03-28T05:34:10.159+0800] {processor.py:208} INFO - Processing /Users/ervinyeoh/Desktop/unimods/is3107/project/.venv/lib/python3.11/site-packages/airflow/example_dags/tutorial.py took 0.110 seconds
[2025-03-28T05:45:13.533+0800] {processor.py:186} INFO - Started process (PID=57013) to work on /Users/ervinyeoh/Desktop/unimods/is3107/project/.venv/lib/python3.11/site-packages/airflow/example_dags/tutorial.py
[2025-03-28T05:45:13.540+0800] {processor.py:914} INFO - Processing file /Users/ervinyeoh/Desktop/unimods/is3107/project/.venv/lib/python3.11/site-packages/airflow/example_dags/tutorial.py for tasks to queue
[2025-03-28T05:45:13.541+0800] {logging_mixin.py:190} INFO - [2025-03-28T05:45:13.541+0800] {dagbag.py:588} INFO - Filling up the DagBag from /Users/ervinyeoh/Desktop/unimods/is3107/project/.venv/lib/python3.11/site-packages/airflow/example_dags/tutorial.py
[2025-03-28T05:45:13.546+0800] {processor.py:925} INFO - DAG(s) 'tutorial' retrieved from /Users/ervinyeoh/Desktop/unimods/is3107/project/.venv/lib/python3.11/site-packages/airflow/example_dags/tutorial.py
[2025-03-28T05:45:13.629+0800] {logging_mixin.py:190} INFO - [2025-03-28T05:45:13.629+0800] {dag.py:3239} INFO - Sync 1 DAGs
[2025-03-28T05:45:13.640+0800] {logging_mixin.py:190} INFO - [2025-03-28T05:45:13.640+0800] {dag.py:4180} INFO - Setting next_dagrun for tutorial to 2025-03-26 00:00:00+00:00, run_after=2025-03-27 00:00:00+00:00
[2025-03-28T05:45:13.649+0800] {processor.py:208} INFO - Processing /Users/ervinyeoh/Desktop/unimods/is3107/project/.venv/lib/python3.11/site-packages/airflow/example_dags/tutorial.py took 0.119 seconds
