[2025-04-21T08:28:15.273+0800] {processor.py:186} INFO - Started process (PID=688) to work on /Users/yueyaoz/Downloads/IS3107-FinSum/.airflow/lib/python3.10/site-packages/airflow/example_dags/example_bash_operator.py
[2025-04-21T08:28:15.273+0800] {processor.py:914} INFO - Processing file /Users/yueyaoz/Downloads/IS3107-FinSum/.airflow/lib/python3.10/site-packages/airflow/example_dags/example_bash_operator.py for tasks to queue
[2025-04-21T08:28:15.274+0800] {logging_mixin.py:190} INFO - [2025-04-21T08:28:15.274+0800] {dagbag.py:588} INFO - Filling up the DagBag from /Users/yueyaoz/Downloads/IS3107-FinSum/.airflow/lib/python3.10/site-packages/airflow/example_dags/example_bash_operator.py
[2025-04-21T08:28:15.279+0800] {processor.py:925} INFO - DAG(s) 'example_bash_operator' retrieved from /Users/yueyaoz/Downloads/IS3107-FinSum/.airflow/lib/python3.10/site-packages/airflow/example_dags/example_bash_operator.py
[2025-04-21T08:28:15.325+0800] {logging_mixin.py:190} INFO - [2025-04-21T08:28:15.325+0800] {dag.py:3239} INFO - Sync 1 DAGs
[2025-04-21T08:28:15.333+0800] {logging_mixin.py:190} INFO - [2025-04-21T08:28:15.333+0800] {dag.py:4180} INFO - Setting next_dagrun for example_bash_operator to 2025-04-20 00:00:00+00:00, run_after=2025-04-21 00:00:00+00:00
[2025-04-21T08:28:15.340+0800] {processor.py:208} INFO - Processing /Users/yueyaoz/Downloads/IS3107-FinSum/.airflow/lib/python3.10/site-packages/airflow/example_dags/example_bash_operator.py took 0.069 seconds
[2025-04-21T08:31:08.304+0800] {processor.py:186} INFO - Started process (PID=931) to work on /Users/yueyaoz/Downloads/IS3107-FinSum/.airflow/lib/python3.10/site-packages/airflow/example_dags/example_bash_operator.py
[2025-04-21T08:31:08.305+0800] {processor.py:914} INFO - Processing file /Users/yueyaoz/Downloads/IS3107-FinSum/.airflow/lib/python3.10/site-packages/airflow/example_dags/example_bash_operator.py for tasks to queue
[2025-04-21T08:31:08.305+0800] {logging_mixin.py:190} INFO - [2025-04-21T08:31:08.305+0800] {dagbag.py:588} INFO - Filling up the DagBag from /Users/yueyaoz/Downloads/IS3107-FinSum/.airflow/lib/python3.10/site-packages/airflow/example_dags/example_bash_operator.py
[2025-04-21T08:31:08.311+0800] {processor.py:925} INFO - DAG(s) 'example_bash_operator' retrieved from /Users/yueyaoz/Downloads/IS3107-FinSum/.airflow/lib/python3.10/site-packages/airflow/example_dags/example_bash_operator.py
[2025-04-21T08:31:08.356+0800] {logging_mixin.py:190} INFO - [2025-04-21T08:31:08.356+0800] {dag.py:3239} INFO - Sync 1 DAGs
[2025-04-21T08:31:08.363+0800] {logging_mixin.py:190} INFO - [2025-04-21T08:31:08.363+0800] {dag.py:4180} INFO - Setting next_dagrun for example_bash_operator to 2025-04-20 00:00:00+00:00, run_after=2025-04-21 00:00:00+00:00
[2025-04-21T08:31:08.371+0800] {processor.py:208} INFO - Processing /Users/yueyaoz/Downloads/IS3107-FinSum/.airflow/lib/python3.10/site-packages/airflow/example_dags/example_bash_operator.py took 0.069 seconds
[2025-04-21T09:16:27.647+0800] {processor.py:186} INFO - Started process (PID=1174) to work on /Users/yueyaoz/Downloads/IS3107-FinSum/.airflow/lib/python3.10/site-packages/airflow/example_dags/example_bash_operator.py
[2025-04-21T09:16:27.647+0800] {processor.py:914} INFO - Processing file /Users/yueyaoz/Downloads/IS3107-FinSum/.airflow/lib/python3.10/site-packages/airflow/example_dags/example_bash_operator.py for tasks to queue
[2025-04-21T09:16:27.648+0800] {logging_mixin.py:190} INFO - [2025-04-21T09:16:27.648+0800] {dagbag.py:588} INFO - Filling up the DagBag from /Users/yueyaoz/Downloads/IS3107-FinSum/.airflow/lib/python3.10/site-packages/airflow/example_dags/example_bash_operator.py
[2025-04-21T09:16:27.654+0800] {processor.py:925} INFO - DAG(s) 'example_bash_operator' retrieved from /Users/yueyaoz/Downloads/IS3107-FinSum/.airflow/lib/python3.10/site-packages/airflow/example_dags/example_bash_operator.py
[2025-04-21T09:16:27.707+0800] {logging_mixin.py:190} INFO - [2025-04-21T09:16:27.707+0800] {dag.py:3239} INFO - Sync 1 DAGs
[2025-04-21T09:16:27.715+0800] {logging_mixin.py:190} INFO - [2025-04-21T09:16:27.715+0800] {dag.py:4180} INFO - Setting next_dagrun for example_bash_operator to 2025-04-20 00:00:00+00:00, run_after=2025-04-21 00:00:00+00:00
[2025-04-21T09:16:27.723+0800] {processor.py:208} INFO - Processing /Users/yueyaoz/Downloads/IS3107-FinSum/.airflow/lib/python3.10/site-packages/airflow/example_dags/example_bash_operator.py took 0.078 seconds
[2025-04-21T09:19:14.277+0800] {processor.py:186} INFO - Started process (PID=1441) to work on /Users/yueyaoz/Downloads/IS3107-FinSum/.airflow/lib/python3.10/site-packages/airflow/example_dags/example_bash_operator.py
[2025-04-21T09:19:14.278+0800] {processor.py:914} INFO - Processing file /Users/yueyaoz/Downloads/IS3107-FinSum/.airflow/lib/python3.10/site-packages/airflow/example_dags/example_bash_operator.py for tasks to queue
[2025-04-21T09:19:14.279+0800] {logging_mixin.py:190} INFO - [2025-04-21T09:19:14.278+0800] {dagbag.py:588} INFO - Filling up the DagBag from /Users/yueyaoz/Downloads/IS3107-FinSum/.airflow/lib/python3.10/site-packages/airflow/example_dags/example_bash_operator.py
[2025-04-21T09:19:14.285+0800] {processor.py:925} INFO - DAG(s) 'example_bash_operator' retrieved from /Users/yueyaoz/Downloads/IS3107-FinSum/.airflow/lib/python3.10/site-packages/airflow/example_dags/example_bash_operator.py
[2025-04-21T09:19:14.337+0800] {logging_mixin.py:190} INFO - [2025-04-21T09:19:14.337+0800] {dag.py:3239} INFO - Sync 1 DAGs
[2025-04-21T09:19:14.345+0800] {logging_mixin.py:190} INFO - [2025-04-21T09:19:14.345+0800] {dag.py:4180} INFO - Setting next_dagrun for example_bash_operator to 2025-04-20 00:00:00+00:00, run_after=2025-04-21 00:00:00+00:00
[2025-04-21T09:19:14.354+0800] {processor.py:208} INFO - Processing /Users/yueyaoz/Downloads/IS3107-FinSum/.airflow/lib/python3.10/site-packages/airflow/example_dags/example_bash_operator.py took 0.079 seconds
[2025-04-21T09:21:42.579+0800] {processor.py:186} INFO - Started process (PID=1633) to work on /Users/yueyaoz/Downloads/IS3107-FinSum/.airflow/lib/python3.10/site-packages/airflow/example_dags/example_bash_operator.py
[2025-04-21T09:21:42.580+0800] {processor.py:914} INFO - Processing file /Users/yueyaoz/Downloads/IS3107-FinSum/.airflow/lib/python3.10/site-packages/airflow/example_dags/example_bash_operator.py for tasks to queue
[2025-04-21T09:21:42.581+0800] {logging_mixin.py:190} INFO - [2025-04-21T09:21:42.581+0800] {dagbag.py:588} INFO - Filling up the DagBag from /Users/yueyaoz/Downloads/IS3107-FinSum/.airflow/lib/python3.10/site-packages/airflow/example_dags/example_bash_operator.py
[2025-04-21T09:21:42.586+0800] {processor.py:925} INFO - DAG(s) 'example_bash_operator' retrieved from /Users/yueyaoz/Downloads/IS3107-FinSum/.airflow/lib/python3.10/site-packages/airflow/example_dags/example_bash_operator.py
[2025-04-21T09:21:42.631+0800] {logging_mixin.py:190} INFO - [2025-04-21T09:21:42.631+0800] {dag.py:3239} INFO - Sync 1 DAGs
[2025-04-21T09:21:42.638+0800] {logging_mixin.py:190} INFO - [2025-04-21T09:21:42.638+0800] {dag.py:4180} INFO - Setting next_dagrun for example_bash_operator to 2025-04-20 00:00:00+00:00, run_after=2025-04-21 00:00:00+00:00
[2025-04-21T09:21:42.645+0800] {processor.py:208} INFO - Processing /Users/yueyaoz/Downloads/IS3107-FinSum/.airflow/lib/python3.10/site-packages/airflow/example_dags/example_bash_operator.py took 0.067 seconds
[2025-04-21T09:24:11.609+0800] {processor.py:186} INFO - Started process (PID=1823) to work on /Users/yueyaoz/Downloads/IS3107-FinSum/.airflow/lib/python3.10/site-packages/airflow/example_dags/example_bash_operator.py
[2025-04-21T09:24:11.610+0800] {processor.py:914} INFO - Processing file /Users/yueyaoz/Downloads/IS3107-FinSum/.airflow/lib/python3.10/site-packages/airflow/example_dags/example_bash_operator.py for tasks to queue
[2025-04-21T09:24:11.610+0800] {logging_mixin.py:190} INFO - [2025-04-21T09:24:11.610+0800] {dagbag.py:588} INFO - Filling up the DagBag from /Users/yueyaoz/Downloads/IS3107-FinSum/.airflow/lib/python3.10/site-packages/airflow/example_dags/example_bash_operator.py
[2025-04-21T09:24:11.615+0800] {processor.py:925} INFO - DAG(s) 'example_bash_operator' retrieved from /Users/yueyaoz/Downloads/IS3107-FinSum/.airflow/lib/python3.10/site-packages/airflow/example_dags/example_bash_operator.py
[2025-04-21T09:24:11.660+0800] {logging_mixin.py:190} INFO - [2025-04-21T09:24:11.660+0800] {dag.py:3239} INFO - Sync 1 DAGs
[2025-04-21T09:24:11.667+0800] {logging_mixin.py:190} INFO - [2025-04-21T09:24:11.667+0800] {dag.py:4180} INFO - Setting next_dagrun for example_bash_operator to 2025-04-20 00:00:00+00:00, run_after=2025-04-21 00:00:00+00:00
[2025-04-21T09:24:11.674+0800] {processor.py:208} INFO - Processing /Users/yueyaoz/Downloads/IS3107-FinSum/.airflow/lib/python3.10/site-packages/airflow/example_dags/example_bash_operator.py took 0.066 seconds
[2025-04-21T09:26:43.590+0800] {processor.py:186} INFO - Started process (PID=2016) to work on /Users/yueyaoz/Downloads/IS3107-FinSum/.airflow/lib/python3.10/site-packages/airflow/example_dags/example_bash_operator.py
[2025-04-21T09:26:43.591+0800] {processor.py:914} INFO - Processing file /Users/yueyaoz/Downloads/IS3107-FinSum/.airflow/lib/python3.10/site-packages/airflow/example_dags/example_bash_operator.py for tasks to queue
[2025-04-21T09:26:43.591+0800] {logging_mixin.py:190} INFO - [2025-04-21T09:26:43.591+0800] {dagbag.py:588} INFO - Filling up the DagBag from /Users/yueyaoz/Downloads/IS3107-FinSum/.airflow/lib/python3.10/site-packages/airflow/example_dags/example_bash_operator.py
[2025-04-21T09:26:43.597+0800] {processor.py:925} INFO - DAG(s) 'example_bash_operator' retrieved from /Users/yueyaoz/Downloads/IS3107-FinSum/.airflow/lib/python3.10/site-packages/airflow/example_dags/example_bash_operator.py
[2025-04-21T09:26:43.642+0800] {logging_mixin.py:190} INFO - [2025-04-21T09:26:43.642+0800] {dag.py:3239} INFO - Sync 1 DAGs
[2025-04-21T09:26:43.649+0800] {logging_mixin.py:190} INFO - [2025-04-21T09:26:43.649+0800] {dag.py:4180} INFO - Setting next_dagrun for example_bash_operator to 2025-04-20 00:00:00+00:00, run_after=2025-04-21 00:00:00+00:00
[2025-04-21T09:26:43.656+0800] {processor.py:208} INFO - Processing /Users/yueyaoz/Downloads/IS3107-FinSum/.airflow/lib/python3.10/site-packages/airflow/example_dags/example_bash_operator.py took 0.068 seconds
[2025-04-21T09:29:21.829+0800] {processor.py:186} INFO - Started process (PID=2218) to work on /Users/yueyaoz/Downloads/IS3107-FinSum/.airflow/lib/python3.10/site-packages/airflow/example_dags/example_bash_operator.py
[2025-04-21T09:29:21.830+0800] {processor.py:914} INFO - Processing file /Users/yueyaoz/Downloads/IS3107-FinSum/.airflow/lib/python3.10/site-packages/airflow/example_dags/example_bash_operator.py for tasks to queue
[2025-04-21T09:29:21.831+0800] {logging_mixin.py:190} INFO - [2025-04-21T09:29:21.830+0800] {dagbag.py:588} INFO - Filling up the DagBag from /Users/yueyaoz/Downloads/IS3107-FinSum/.airflow/lib/python3.10/site-packages/airflow/example_dags/example_bash_operator.py
[2025-04-21T09:29:21.836+0800] {processor.py:925} INFO - DAG(s) 'example_bash_operator' retrieved from /Users/yueyaoz/Downloads/IS3107-FinSum/.airflow/lib/python3.10/site-packages/airflow/example_dags/example_bash_operator.py
[2025-04-21T09:29:21.882+0800] {logging_mixin.py:190} INFO - [2025-04-21T09:29:21.882+0800] {dag.py:3239} INFO - Sync 1 DAGs
[2025-04-21T09:29:21.890+0800] {logging_mixin.py:190} INFO - [2025-04-21T09:29:21.890+0800] {dag.py:4180} INFO - Setting next_dagrun for example_bash_operator to 2025-04-20 00:00:00+00:00, run_after=2025-04-21 00:00:00+00:00
[2025-04-21T09:29:21.897+0800] {processor.py:208} INFO - Processing /Users/yueyaoz/Downloads/IS3107-FinSum/.airflow/lib/python3.10/site-packages/airflow/example_dags/example_bash_operator.py took 0.069 seconds
[2025-04-21T09:31:51.861+0800] {processor.py:186} INFO - Started process (PID=2409) to work on /Users/yueyaoz/Downloads/IS3107-FinSum/.airflow/lib/python3.10/site-packages/airflow/example_dags/example_bash_operator.py
[2025-04-21T09:31:51.861+0800] {processor.py:914} INFO - Processing file /Users/yueyaoz/Downloads/IS3107-FinSum/.airflow/lib/python3.10/site-packages/airflow/example_dags/example_bash_operator.py for tasks to queue
[2025-04-21T09:31:51.862+0800] {logging_mixin.py:190} INFO - [2025-04-21T09:31:51.861+0800] {dagbag.py:588} INFO - Filling up the DagBag from /Users/yueyaoz/Downloads/IS3107-FinSum/.airflow/lib/python3.10/site-packages/airflow/example_dags/example_bash_operator.py
[2025-04-21T09:31:51.867+0800] {processor.py:925} INFO - DAG(s) 'example_bash_operator' retrieved from /Users/yueyaoz/Downloads/IS3107-FinSum/.airflow/lib/python3.10/site-packages/airflow/example_dags/example_bash_operator.py
[2025-04-21T09:31:51.914+0800] {logging_mixin.py:190} INFO - [2025-04-21T09:31:51.914+0800] {dag.py:3239} INFO - Sync 1 DAGs
[2025-04-21T09:31:51.921+0800] {logging_mixin.py:190} INFO - [2025-04-21T09:31:51.921+0800] {dag.py:4180} INFO - Setting next_dagrun for example_bash_operator to 2025-04-20 00:00:00+00:00, run_after=2025-04-21 00:00:00+00:00
[2025-04-21T09:31:51.929+0800] {processor.py:208} INFO - Processing /Users/yueyaoz/Downloads/IS3107-FinSum/.airflow/lib/python3.10/site-packages/airflow/example_dags/example_bash_operator.py took 0.070 seconds
[2025-04-21T09:34:19.241+0800] {processor.py:186} INFO - Started process (PID=2603) to work on /Users/yueyaoz/Downloads/IS3107-FinSum/.airflow/lib/python3.10/site-packages/airflow/example_dags/example_bash_operator.py
[2025-04-21T09:34:19.241+0800] {processor.py:914} INFO - Processing file /Users/yueyaoz/Downloads/IS3107-FinSum/.airflow/lib/python3.10/site-packages/airflow/example_dags/example_bash_operator.py for tasks to queue
[2025-04-21T09:34:19.242+0800] {logging_mixin.py:190} INFO - [2025-04-21T09:34:19.241+0800] {dagbag.py:588} INFO - Filling up the DagBag from /Users/yueyaoz/Downloads/IS3107-FinSum/.airflow/lib/python3.10/site-packages/airflow/example_dags/example_bash_operator.py
[2025-04-21T09:34:19.247+0800] {processor.py:925} INFO - DAG(s) 'example_bash_operator' retrieved from /Users/yueyaoz/Downloads/IS3107-FinSum/.airflow/lib/python3.10/site-packages/airflow/example_dags/example_bash_operator.py
[2025-04-21T09:34:19.295+0800] {logging_mixin.py:190} INFO - [2025-04-21T09:34:19.295+0800] {dag.py:3239} INFO - Sync 1 DAGs
[2025-04-21T09:34:19.303+0800] {logging_mixin.py:190} INFO - [2025-04-21T09:34:19.302+0800] {dag.py:4180} INFO - Setting next_dagrun for example_bash_operator to 2025-04-20 00:00:00+00:00, run_after=2025-04-21 00:00:00+00:00
[2025-04-21T09:34:19.309+0800] {processor.py:208} INFO - Processing /Users/yueyaoz/Downloads/IS3107-FinSum/.airflow/lib/python3.10/site-packages/airflow/example_dags/example_bash_operator.py took 0.070 seconds
[2025-04-21T09:36:46.414+0800] {processor.py:186} INFO - Started process (PID=2799) to work on /Users/yueyaoz/Downloads/IS3107-FinSum/.airflow/lib/python3.10/site-packages/airflow/example_dags/example_bash_operator.py
[2025-04-21T09:36:46.416+0800] {processor.py:914} INFO - Processing file /Users/yueyaoz/Downloads/IS3107-FinSum/.airflow/lib/python3.10/site-packages/airflow/example_dags/example_bash_operator.py for tasks to queue
[2025-04-21T09:36:46.416+0800] {logging_mixin.py:190} INFO - [2025-04-21T09:36:46.416+0800] {dagbag.py:588} INFO - Filling up the DagBag from /Users/yueyaoz/Downloads/IS3107-FinSum/.airflow/lib/python3.10/site-packages/airflow/example_dags/example_bash_operator.py
[2025-04-21T09:36:46.422+0800] {processor.py:925} INFO - DAG(s) 'example_bash_operator' retrieved from /Users/yueyaoz/Downloads/IS3107-FinSum/.airflow/lib/python3.10/site-packages/airflow/example_dags/example_bash_operator.py
[2025-04-21T09:36:46.467+0800] {logging_mixin.py:190} INFO - [2025-04-21T09:36:46.467+0800] {dag.py:3239} INFO - Sync 1 DAGs
[2025-04-21T09:36:46.474+0800] {logging_mixin.py:190} INFO - [2025-04-21T09:36:46.474+0800] {dag.py:4180} INFO - Setting next_dagrun for example_bash_operator to 2025-04-20 00:00:00+00:00, run_after=2025-04-21 00:00:00+00:00
[2025-04-21T09:36:46.481+0800] {processor.py:208} INFO - Processing /Users/yueyaoz/Downloads/IS3107-FinSum/.airflow/lib/python3.10/site-packages/airflow/example_dags/example_bash_operator.py took 0.068 seconds
[2025-04-21T09:39:11.564+0800] {processor.py:186} INFO - Started process (PID=2987) to work on /Users/yueyaoz/Downloads/IS3107-FinSum/.airflow/lib/python3.10/site-packages/airflow/example_dags/example_bash_operator.py
[2025-04-21T09:39:11.566+0800] {processor.py:914} INFO - Processing file /Users/yueyaoz/Downloads/IS3107-FinSum/.airflow/lib/python3.10/site-packages/airflow/example_dags/example_bash_operator.py for tasks to queue
[2025-04-21T09:39:11.566+0800] {logging_mixin.py:190} INFO - [2025-04-21T09:39:11.566+0800] {dagbag.py:588} INFO - Filling up the DagBag from /Users/yueyaoz/Downloads/IS3107-FinSum/.airflow/lib/python3.10/site-packages/airflow/example_dags/example_bash_operator.py
[2025-04-21T09:39:11.572+0800] {processor.py:925} INFO - DAG(s) 'example_bash_operator' retrieved from /Users/yueyaoz/Downloads/IS3107-FinSum/.airflow/lib/python3.10/site-packages/airflow/example_dags/example_bash_operator.py
[2025-04-21T09:39:11.618+0800] {logging_mixin.py:190} INFO - [2025-04-21T09:39:11.618+0800] {dag.py:3239} INFO - Sync 1 DAGs
[2025-04-21T09:39:11.625+0800] {logging_mixin.py:190} INFO - [2025-04-21T09:39:11.625+0800] {dag.py:4180} INFO - Setting next_dagrun for example_bash_operator to 2025-04-20 00:00:00+00:00, run_after=2025-04-21 00:00:00+00:00
[2025-04-21T09:39:11.633+0800] {processor.py:208} INFO - Processing /Users/yueyaoz/Downloads/IS3107-FinSum/.airflow/lib/python3.10/site-packages/airflow/example_dags/example_bash_operator.py took 0.070 seconds
[2025-04-21T09:41:40.174+0800] {processor.py:186} INFO - Started process (PID=3184) to work on /Users/yueyaoz/Downloads/IS3107-FinSum/.airflow/lib/python3.10/site-packages/airflow/example_dags/example_bash_operator.py
[2025-04-21T09:41:40.175+0800] {processor.py:914} INFO - Processing file /Users/yueyaoz/Downloads/IS3107-FinSum/.airflow/lib/python3.10/site-packages/airflow/example_dags/example_bash_operator.py for tasks to queue
[2025-04-21T09:41:40.176+0800] {logging_mixin.py:190} INFO - [2025-04-21T09:41:40.176+0800] {dagbag.py:588} INFO - Filling up the DagBag from /Users/yueyaoz/Downloads/IS3107-FinSum/.airflow/lib/python3.10/site-packages/airflow/example_dags/example_bash_operator.py
[2025-04-21T09:41:40.181+0800] {processor.py:925} INFO - DAG(s) 'example_bash_operator' retrieved from /Users/yueyaoz/Downloads/IS3107-FinSum/.airflow/lib/python3.10/site-packages/airflow/example_dags/example_bash_operator.py
[2025-04-21T09:41:40.227+0800] {logging_mixin.py:190} INFO - [2025-04-21T09:41:40.226+0800] {dag.py:3239} INFO - Sync 1 DAGs
[2025-04-21T09:41:40.234+0800] {logging_mixin.py:190} INFO - [2025-04-21T09:41:40.234+0800] {dag.py:4180} INFO - Setting next_dagrun for example_bash_operator to 2025-04-20 00:00:00+00:00, run_after=2025-04-21 00:00:00+00:00
[2025-04-21T09:41:40.241+0800] {processor.py:208} INFO - Processing /Users/yueyaoz/Downloads/IS3107-FinSum/.airflow/lib/python3.10/site-packages/airflow/example_dags/example_bash_operator.py took 0.068 seconds
[2025-04-21T09:44:12.572+0800] {processor.py:186} INFO - Started process (PID=3375) to work on /Users/yueyaoz/Downloads/IS3107-FinSum/.airflow/lib/python3.10/site-packages/airflow/example_dags/example_bash_operator.py
[2025-04-21T09:44:12.573+0800] {processor.py:914} INFO - Processing file /Users/yueyaoz/Downloads/IS3107-FinSum/.airflow/lib/python3.10/site-packages/airflow/example_dags/example_bash_operator.py for tasks to queue
[2025-04-21T09:44:12.574+0800] {logging_mixin.py:190} INFO - [2025-04-21T09:44:12.574+0800] {dagbag.py:588} INFO - Filling up the DagBag from /Users/yueyaoz/Downloads/IS3107-FinSum/.airflow/lib/python3.10/site-packages/airflow/example_dags/example_bash_operator.py
[2025-04-21T09:44:12.579+0800] {processor.py:925} INFO - DAG(s) 'example_bash_operator' retrieved from /Users/yueyaoz/Downloads/IS3107-FinSum/.airflow/lib/python3.10/site-packages/airflow/example_dags/example_bash_operator.py
[2025-04-21T09:44:12.624+0800] {logging_mixin.py:190} INFO - [2025-04-21T09:44:12.624+0800] {dag.py:3239} INFO - Sync 1 DAGs
[2025-04-21T09:44:12.631+0800] {logging_mixin.py:190} INFO - [2025-04-21T09:44:12.631+0800] {dag.py:4180} INFO - Setting next_dagrun for example_bash_operator to 2025-04-20 00:00:00+00:00, run_after=2025-04-21 00:00:00+00:00
[2025-04-21T09:44:12.638+0800] {processor.py:208} INFO - Processing /Users/yueyaoz/Downloads/IS3107-FinSum/.airflow/lib/python3.10/site-packages/airflow/example_dags/example_bash_operator.py took 0.068 seconds
[2025-04-21T09:46:43.085+0800] {processor.py:186} INFO - Started process (PID=3583) to work on /Users/yueyaoz/Downloads/IS3107-FinSum/.airflow/lib/python3.10/site-packages/airflow/example_dags/example_bash_operator.py
[2025-04-21T09:46:43.086+0800] {processor.py:914} INFO - Processing file /Users/yueyaoz/Downloads/IS3107-FinSum/.airflow/lib/python3.10/site-packages/airflow/example_dags/example_bash_operator.py for tasks to queue
[2025-04-21T09:46:43.087+0800] {logging_mixin.py:190} INFO - [2025-04-21T09:46:43.086+0800] {dagbag.py:588} INFO - Filling up the DagBag from /Users/yueyaoz/Downloads/IS3107-FinSum/.airflow/lib/python3.10/site-packages/airflow/example_dags/example_bash_operator.py
[2025-04-21T09:46:43.092+0800] {processor.py:925} INFO - DAG(s) 'example_bash_operator' retrieved from /Users/yueyaoz/Downloads/IS3107-FinSum/.airflow/lib/python3.10/site-packages/airflow/example_dags/example_bash_operator.py
[2025-04-21T09:46:43.138+0800] {logging_mixin.py:190} INFO - [2025-04-21T09:46:43.138+0800] {dag.py:3239} INFO - Sync 1 DAGs
[2025-04-21T09:46:43.145+0800] {logging_mixin.py:190} INFO - [2025-04-21T09:46:43.145+0800] {dag.py:4180} INFO - Setting next_dagrun for example_bash_operator to 2025-04-20 00:00:00+00:00, run_after=2025-04-21 00:00:00+00:00
[2025-04-21T09:46:43.152+0800] {processor.py:208} INFO - Processing /Users/yueyaoz/Downloads/IS3107-FinSum/.airflow/lib/python3.10/site-packages/airflow/example_dags/example_bash_operator.py took 0.069 seconds
[2025-04-21T09:49:04.678+0800] {processor.py:186} INFO - Started process (PID=3767) to work on /Users/yueyaoz/Downloads/IS3107-FinSum/.airflow/lib/python3.10/site-packages/airflow/example_dags/example_bash_operator.py
[2025-04-21T09:49:04.678+0800] {processor.py:914} INFO - Processing file /Users/yueyaoz/Downloads/IS3107-FinSum/.airflow/lib/python3.10/site-packages/airflow/example_dags/example_bash_operator.py for tasks to queue
[2025-04-21T09:49:04.679+0800] {logging_mixin.py:190} INFO - [2025-04-21T09:49:04.679+0800] {dagbag.py:588} INFO - Filling up the DagBag from /Users/yueyaoz/Downloads/IS3107-FinSum/.airflow/lib/python3.10/site-packages/airflow/example_dags/example_bash_operator.py
[2025-04-21T09:49:04.684+0800] {processor.py:925} INFO - DAG(s) 'example_bash_operator' retrieved from /Users/yueyaoz/Downloads/IS3107-FinSum/.airflow/lib/python3.10/site-packages/airflow/example_dags/example_bash_operator.py
[2025-04-21T09:49:04.729+0800] {logging_mixin.py:190} INFO - [2025-04-21T09:49:04.729+0800] {dag.py:3239} INFO - Sync 1 DAGs
[2025-04-21T09:49:04.736+0800] {logging_mixin.py:190} INFO - [2025-04-21T09:49:04.736+0800] {dag.py:4180} INFO - Setting next_dagrun for example_bash_operator to 2025-04-20 00:00:00+00:00, run_after=2025-04-21 00:00:00+00:00
[2025-04-21T09:49:04.744+0800] {processor.py:208} INFO - Processing /Users/yueyaoz/Downloads/IS3107-FinSum/.airflow/lib/python3.10/site-packages/airflow/example_dags/example_bash_operator.py took 0.067 seconds
[2025-04-21T09:51:36.244+0800] {processor.py:186} INFO - Started process (PID=3960) to work on /Users/yueyaoz/Downloads/IS3107-FinSum/.airflow/lib/python3.10/site-packages/airflow/example_dags/example_bash_operator.py
[2025-04-21T09:51:36.245+0800] {processor.py:914} INFO - Processing file /Users/yueyaoz/Downloads/IS3107-FinSum/.airflow/lib/python3.10/site-packages/airflow/example_dags/example_bash_operator.py for tasks to queue
[2025-04-21T09:51:36.246+0800] {logging_mixin.py:190} INFO - [2025-04-21T09:51:36.246+0800] {dagbag.py:588} INFO - Filling up the DagBag from /Users/yueyaoz/Downloads/IS3107-FinSum/.airflow/lib/python3.10/site-packages/airflow/example_dags/example_bash_operator.py
[2025-04-21T09:51:36.251+0800] {processor.py:925} INFO - DAG(s) 'example_bash_operator' retrieved from /Users/yueyaoz/Downloads/IS3107-FinSum/.airflow/lib/python3.10/site-packages/airflow/example_dags/example_bash_operator.py
[2025-04-21T09:51:36.297+0800] {logging_mixin.py:190} INFO - [2025-04-21T09:51:36.297+0800] {dag.py:3239} INFO - Sync 1 DAGs
[2025-04-21T09:51:36.304+0800] {logging_mixin.py:190} INFO - [2025-04-21T09:51:36.304+0800] {dag.py:4180} INFO - Setting next_dagrun for example_bash_operator to 2025-04-20 00:00:00+00:00, run_after=2025-04-21 00:00:00+00:00
[2025-04-21T09:51:36.311+0800] {processor.py:208} INFO - Processing /Users/yueyaoz/Downloads/IS3107-FinSum/.airflow/lib/python3.10/site-packages/airflow/example_dags/example_bash_operator.py took 0.069 seconds
[2025-04-21T09:54:13.980+0800] {processor.py:186} INFO - Started process (PID=4159) to work on /Users/yueyaoz/Downloads/IS3107-FinSum/.airflow/lib/python3.10/site-packages/airflow/example_dags/example_bash_operator.py
[2025-04-21T09:54:13.981+0800] {processor.py:914} INFO - Processing file /Users/yueyaoz/Downloads/IS3107-FinSum/.airflow/lib/python3.10/site-packages/airflow/example_dags/example_bash_operator.py for tasks to queue
[2025-04-21T09:54:13.982+0800] {logging_mixin.py:190} INFO - [2025-04-21T09:54:13.982+0800] {dagbag.py:588} INFO - Filling up the DagBag from /Users/yueyaoz/Downloads/IS3107-FinSum/.airflow/lib/python3.10/site-packages/airflow/example_dags/example_bash_operator.py
[2025-04-21T09:54:13.987+0800] {processor.py:925} INFO - DAG(s) 'example_bash_operator' retrieved from /Users/yueyaoz/Downloads/IS3107-FinSum/.airflow/lib/python3.10/site-packages/airflow/example_dags/example_bash_operator.py
[2025-04-21T09:54:14.035+0800] {logging_mixin.py:190} INFO - [2025-04-21T09:54:14.035+0800] {dag.py:3239} INFO - Sync 1 DAGs
[2025-04-21T09:54:14.043+0800] {logging_mixin.py:190} INFO - [2025-04-21T09:54:14.043+0800] {dag.py:4180} INFO - Setting next_dagrun for example_bash_operator to 2025-04-20 00:00:00+00:00, run_after=2025-04-21 00:00:00+00:00
[2025-04-21T09:54:14.052+0800] {processor.py:208} INFO - Processing /Users/yueyaoz/Downloads/IS3107-FinSum/.airflow/lib/python3.10/site-packages/airflow/example_dags/example_bash_operator.py took 0.073 seconds
[2025-04-21T09:56:48.417+0800] {processor.py:186} INFO - Started process (PID=4357) to work on /Users/yueyaoz/Downloads/IS3107-FinSum/.airflow/lib/python3.10/site-packages/airflow/example_dags/example_bash_operator.py
[2025-04-21T09:56:48.417+0800] {processor.py:914} INFO - Processing file /Users/yueyaoz/Downloads/IS3107-FinSum/.airflow/lib/python3.10/site-packages/airflow/example_dags/example_bash_operator.py for tasks to queue
[2025-04-21T09:56:48.418+0800] {logging_mixin.py:190} INFO - [2025-04-21T09:56:48.418+0800] {dagbag.py:588} INFO - Filling up the DagBag from /Users/yueyaoz/Downloads/IS3107-FinSum/.airflow/lib/python3.10/site-packages/airflow/example_dags/example_bash_operator.py
[2025-04-21T09:56:48.424+0800] {processor.py:925} INFO - DAG(s) 'example_bash_operator' retrieved from /Users/yueyaoz/Downloads/IS3107-FinSum/.airflow/lib/python3.10/site-packages/airflow/example_dags/example_bash_operator.py
[2025-04-21T09:56:48.476+0800] {logging_mixin.py:190} INFO - [2025-04-21T09:56:48.475+0800] {dag.py:3239} INFO - Sync 1 DAGs
[2025-04-21T09:56:48.483+0800] {logging_mixin.py:190} INFO - [2025-04-21T09:56:48.483+0800] {dag.py:4180} INFO - Setting next_dagrun for example_bash_operator to 2025-04-20 00:00:00+00:00, run_after=2025-04-21 00:00:00+00:00
[2025-04-21T09:56:48.492+0800] {processor.py:208} INFO - Processing /Users/yueyaoz/Downloads/IS3107-FinSum/.airflow/lib/python3.10/site-packages/airflow/example_dags/example_bash_operator.py took 0.077 seconds
[2025-04-21T09:59:26.950+0800] {processor.py:186} INFO - Started process (PID=4555) to work on /Users/yueyaoz/Downloads/IS3107-FinSum/.airflow/lib/python3.10/site-packages/airflow/example_dags/example_bash_operator.py
[2025-04-21T09:59:26.950+0800] {processor.py:914} INFO - Processing file /Users/yueyaoz/Downloads/IS3107-FinSum/.airflow/lib/python3.10/site-packages/airflow/example_dags/example_bash_operator.py for tasks to queue
[2025-04-21T09:59:26.951+0800] {logging_mixin.py:190} INFO - [2025-04-21T09:59:26.951+0800] {dagbag.py:588} INFO - Filling up the DagBag from /Users/yueyaoz/Downloads/IS3107-FinSum/.airflow/lib/python3.10/site-packages/airflow/example_dags/example_bash_operator.py
[2025-04-21T09:59:26.957+0800] {processor.py:925} INFO - DAG(s) 'example_bash_operator' retrieved from /Users/yueyaoz/Downloads/IS3107-FinSum/.airflow/lib/python3.10/site-packages/airflow/example_dags/example_bash_operator.py
[2025-04-21T09:59:27.004+0800] {logging_mixin.py:190} INFO - [2025-04-21T09:59:27.004+0800] {dag.py:3239} INFO - Sync 1 DAGs
[2025-04-21T09:59:27.011+0800] {logging_mixin.py:190} INFO - [2025-04-21T09:59:27.011+0800] {dag.py:4180} INFO - Setting next_dagrun for example_bash_operator to 2025-04-20 00:00:00+00:00, run_after=2025-04-21 00:00:00+00:00
[2025-04-21T09:59:27.019+0800] {processor.py:208} INFO - Processing /Users/yueyaoz/Downloads/IS3107-FinSum/.airflow/lib/python3.10/site-packages/airflow/example_dags/example_bash_operator.py took 0.071 seconds
[2025-04-21T10:01:57.676+0800] {processor.py:186} INFO - Started process (PID=4744) to work on /Users/yueyaoz/Downloads/IS3107-FinSum/.airflow/lib/python3.10/site-packages/airflow/example_dags/example_bash_operator.py
[2025-04-21T10:01:57.677+0800] {processor.py:914} INFO - Processing file /Users/yueyaoz/Downloads/IS3107-FinSum/.airflow/lib/python3.10/site-packages/airflow/example_dags/example_bash_operator.py for tasks to queue
[2025-04-21T10:01:57.677+0800] {logging_mixin.py:190} INFO - [2025-04-21T10:01:57.677+0800] {dagbag.py:588} INFO - Filling up the DagBag from /Users/yueyaoz/Downloads/IS3107-FinSum/.airflow/lib/python3.10/site-packages/airflow/example_dags/example_bash_operator.py
[2025-04-21T10:01:57.683+0800] {processor.py:925} INFO - DAG(s) 'example_bash_operator' retrieved from /Users/yueyaoz/Downloads/IS3107-FinSum/.airflow/lib/python3.10/site-packages/airflow/example_dags/example_bash_operator.py
[2025-04-21T10:01:57.728+0800] {logging_mixin.py:190} INFO - [2025-04-21T10:01:57.727+0800] {dag.py:3239} INFO - Sync 1 DAGs
[2025-04-21T10:01:57.735+0800] {logging_mixin.py:190} INFO - [2025-04-21T10:01:57.735+0800] {dag.py:4180} INFO - Setting next_dagrun for example_bash_operator to 2025-04-20 00:00:00+00:00, run_after=2025-04-21 00:00:00+00:00
[2025-04-21T10:01:57.742+0800] {processor.py:208} INFO - Processing /Users/yueyaoz/Downloads/IS3107-FinSum/.airflow/lib/python3.10/site-packages/airflow/example_dags/example_bash_operator.py took 0.067 seconds
[2025-04-21T10:04:29.369+0800] {processor.py:186} INFO - Started process (PID=4937) to work on /Users/yueyaoz/Downloads/IS3107-FinSum/.airflow/lib/python3.10/site-packages/airflow/example_dags/example_bash_operator.py
[2025-04-21T10:04:29.370+0800] {processor.py:914} INFO - Processing file /Users/yueyaoz/Downloads/IS3107-FinSum/.airflow/lib/python3.10/site-packages/airflow/example_dags/example_bash_operator.py for tasks to queue
[2025-04-21T10:04:29.371+0800] {logging_mixin.py:190} INFO - [2025-04-21T10:04:29.371+0800] {dagbag.py:588} INFO - Filling up the DagBag from /Users/yueyaoz/Downloads/IS3107-FinSum/.airflow/lib/python3.10/site-packages/airflow/example_dags/example_bash_operator.py
[2025-04-21T10:04:29.377+0800] {processor.py:925} INFO - DAG(s) 'example_bash_operator' retrieved from /Users/yueyaoz/Downloads/IS3107-FinSum/.airflow/lib/python3.10/site-packages/airflow/example_dags/example_bash_operator.py
[2025-04-21T10:04:29.423+0800] {logging_mixin.py:190} INFO - [2025-04-21T10:04:29.423+0800] {dag.py:3239} INFO - Sync 1 DAGs
[2025-04-21T10:04:29.430+0800] {logging_mixin.py:190} INFO - [2025-04-21T10:04:29.430+0800] {dag.py:4180} INFO - Setting next_dagrun for example_bash_operator to 2025-04-20 00:00:00+00:00, run_after=2025-04-21 00:00:00+00:00
[2025-04-21T10:04:29.437+0800] {processor.py:208} INFO - Processing /Users/yueyaoz/Downloads/IS3107-FinSum/.airflow/lib/python3.10/site-packages/airflow/example_dags/example_bash_operator.py took 0.070 seconds
[2025-04-21T10:06:58.374+0800] {processor.py:186} INFO - Started process (PID=5133) to work on /Users/yueyaoz/Downloads/IS3107-FinSum/.airflow/lib/python3.10/site-packages/airflow/example_dags/example_bash_operator.py
[2025-04-21T10:06:58.375+0800] {processor.py:914} INFO - Processing file /Users/yueyaoz/Downloads/IS3107-FinSum/.airflow/lib/python3.10/site-packages/airflow/example_dags/example_bash_operator.py for tasks to queue
[2025-04-21T10:06:58.376+0800] {logging_mixin.py:190} INFO - [2025-04-21T10:06:58.376+0800] {dagbag.py:588} INFO - Filling up the DagBag from /Users/yueyaoz/Downloads/IS3107-FinSum/.airflow/lib/python3.10/site-packages/airflow/example_dags/example_bash_operator.py
[2025-04-21T10:06:58.381+0800] {processor.py:925} INFO - DAG(s) 'example_bash_operator' retrieved from /Users/yueyaoz/Downloads/IS3107-FinSum/.airflow/lib/python3.10/site-packages/airflow/example_dags/example_bash_operator.py
[2025-04-21T10:06:58.426+0800] {logging_mixin.py:190} INFO - [2025-04-21T10:06:58.426+0800] {dag.py:3239} INFO - Sync 1 DAGs
[2025-04-21T10:06:58.433+0800] {logging_mixin.py:190} INFO - [2025-04-21T10:06:58.433+0800] {dag.py:4180} INFO - Setting next_dagrun for example_bash_operator to 2025-04-20 00:00:00+00:00, run_after=2025-04-21 00:00:00+00:00
[2025-04-21T10:06:58.440+0800] {processor.py:208} INFO - Processing /Users/yueyaoz/Downloads/IS3107-FinSum/.airflow/lib/python3.10/site-packages/airflow/example_dags/example_bash_operator.py took 0.067 seconds
[2025-04-21T10:09:28.793+0800] {processor.py:186} INFO - Started process (PID=5329) to work on /Users/yueyaoz/Downloads/IS3107-FinSum/.airflow/lib/python3.10/site-packages/airflow/example_dags/example_bash_operator.py
[2025-04-21T10:09:28.794+0800] {processor.py:914} INFO - Processing file /Users/yueyaoz/Downloads/IS3107-FinSum/.airflow/lib/python3.10/site-packages/airflow/example_dags/example_bash_operator.py for tasks to queue
[2025-04-21T10:09:28.794+0800] {logging_mixin.py:190} INFO - [2025-04-21T10:09:28.794+0800] {dagbag.py:588} INFO - Filling up the DagBag from /Users/yueyaoz/Downloads/IS3107-FinSum/.airflow/lib/python3.10/site-packages/airflow/example_dags/example_bash_operator.py
[2025-04-21T10:09:28.800+0800] {processor.py:925} INFO - DAG(s) 'example_bash_operator' retrieved from /Users/yueyaoz/Downloads/IS3107-FinSum/.airflow/lib/python3.10/site-packages/airflow/example_dags/example_bash_operator.py
[2025-04-21T10:09:28.845+0800] {logging_mixin.py:190} INFO - [2025-04-21T10:09:28.845+0800] {dag.py:3239} INFO - Sync 1 DAGs
[2025-04-21T10:09:28.852+0800] {logging_mixin.py:190} INFO - [2025-04-21T10:09:28.852+0800] {dag.py:4180} INFO - Setting next_dagrun for example_bash_operator to 2025-04-20 00:00:00+00:00, run_after=2025-04-21 00:00:00+00:00
[2025-04-21T10:09:28.859+0800] {processor.py:208} INFO - Processing /Users/yueyaoz/Downloads/IS3107-FinSum/.airflow/lib/python3.10/site-packages/airflow/example_dags/example_bash_operator.py took 0.067 seconds
[2025-04-21T10:11:59.323+0800] {processor.py:186} INFO - Started process (PID=5520) to work on /Users/yueyaoz/Downloads/IS3107-FinSum/.airflow/lib/python3.10/site-packages/airflow/example_dags/example_bash_operator.py
[2025-04-21T10:11:59.324+0800] {processor.py:914} INFO - Processing file /Users/yueyaoz/Downloads/IS3107-FinSum/.airflow/lib/python3.10/site-packages/airflow/example_dags/example_bash_operator.py for tasks to queue
[2025-04-21T10:11:59.324+0800] {logging_mixin.py:190} INFO - [2025-04-21T10:11:59.324+0800] {dagbag.py:588} INFO - Filling up the DagBag from /Users/yueyaoz/Downloads/IS3107-FinSum/.airflow/lib/python3.10/site-packages/airflow/example_dags/example_bash_operator.py
[2025-04-21T10:11:59.330+0800] {processor.py:925} INFO - DAG(s) 'example_bash_operator' retrieved from /Users/yueyaoz/Downloads/IS3107-FinSum/.airflow/lib/python3.10/site-packages/airflow/example_dags/example_bash_operator.py
[2025-04-21T10:11:59.376+0800] {logging_mixin.py:190} INFO - [2025-04-21T10:11:59.376+0800] {dag.py:3239} INFO - Sync 1 DAGs
[2025-04-21T10:11:59.383+0800] {logging_mixin.py:190} INFO - [2025-04-21T10:11:59.383+0800] {dag.py:4180} INFO - Setting next_dagrun for example_bash_operator to 2025-04-20 00:00:00+00:00, run_after=2025-04-21 00:00:00+00:00
[2025-04-21T10:11:59.390+0800] {processor.py:208} INFO - Processing /Users/yueyaoz/Downloads/IS3107-FinSum/.airflow/lib/python3.10/site-packages/airflow/example_dags/example_bash_operator.py took 0.068 seconds
[2025-04-21T10:14:29.394+0800] {processor.py:186} INFO - Started process (PID=5710) to work on /Users/yueyaoz/Downloads/IS3107-FinSum/.airflow/lib/python3.10/site-packages/airflow/example_dags/example_bash_operator.py
[2025-04-21T10:14:29.396+0800] {processor.py:914} INFO - Processing file /Users/yueyaoz/Downloads/IS3107-FinSum/.airflow/lib/python3.10/site-packages/airflow/example_dags/example_bash_operator.py for tasks to queue
[2025-04-21T10:14:29.396+0800] {logging_mixin.py:190} INFO - [2025-04-21T10:14:29.396+0800] {dagbag.py:588} INFO - Filling up the DagBag from /Users/yueyaoz/Downloads/IS3107-FinSum/.airflow/lib/python3.10/site-packages/airflow/example_dags/example_bash_operator.py
[2025-04-21T10:14:29.402+0800] {processor.py:925} INFO - DAG(s) 'example_bash_operator' retrieved from /Users/yueyaoz/Downloads/IS3107-FinSum/.airflow/lib/python3.10/site-packages/airflow/example_dags/example_bash_operator.py
[2025-04-21T10:14:29.447+0800] {logging_mixin.py:190} INFO - [2025-04-21T10:14:29.447+0800] {dag.py:3239} INFO - Sync 1 DAGs
[2025-04-21T10:14:29.454+0800] {logging_mixin.py:190} INFO - [2025-04-21T10:14:29.454+0800] {dag.py:4180} INFO - Setting next_dagrun for example_bash_operator to 2025-04-20 00:00:00+00:00, run_after=2025-04-21 00:00:00+00:00
[2025-04-21T10:14:29.461+0800] {processor.py:208} INFO - Processing /Users/yueyaoz/Downloads/IS3107-FinSum/.airflow/lib/python3.10/site-packages/airflow/example_dags/example_bash_operator.py took 0.068 seconds
[2025-04-21T10:16:57.568+0800] {processor.py:186} INFO - Started process (PID=5895) to work on /Users/yueyaoz/Downloads/IS3107-FinSum/.airflow/lib/python3.10/site-packages/airflow/example_dags/example_bash_operator.py
[2025-04-21T10:16:57.569+0800] {processor.py:914} INFO - Processing file /Users/yueyaoz/Downloads/IS3107-FinSum/.airflow/lib/python3.10/site-packages/airflow/example_dags/example_bash_operator.py for tasks to queue
[2025-04-21T10:16:57.570+0800] {logging_mixin.py:190} INFO - [2025-04-21T10:16:57.570+0800] {dagbag.py:588} INFO - Filling up the DagBag from /Users/yueyaoz/Downloads/IS3107-FinSum/.airflow/lib/python3.10/site-packages/airflow/example_dags/example_bash_operator.py
[2025-04-21T10:16:57.575+0800] {processor.py:925} INFO - DAG(s) 'example_bash_operator' retrieved from /Users/yueyaoz/Downloads/IS3107-FinSum/.airflow/lib/python3.10/site-packages/airflow/example_dags/example_bash_operator.py
[2025-04-21T10:16:57.622+0800] {logging_mixin.py:190} INFO - [2025-04-21T10:16:57.622+0800] {dag.py:3239} INFO - Sync 1 DAGs
[2025-04-21T10:16:57.629+0800] {logging_mixin.py:190} INFO - [2025-04-21T10:16:57.629+0800] {dag.py:4180} INFO - Setting next_dagrun for example_bash_operator to 2025-04-20 00:00:00+00:00, run_after=2025-04-21 00:00:00+00:00
[2025-04-21T10:16:57.636+0800] {processor.py:208} INFO - Processing /Users/yueyaoz/Downloads/IS3107-FinSum/.airflow/lib/python3.10/site-packages/airflow/example_dags/example_bash_operator.py took 0.070 seconds
[2025-04-21T10:19:27.286+0800] {processor.py:186} INFO - Started process (PID=6087) to work on /Users/yueyaoz/Downloads/IS3107-FinSum/.airflow/lib/python3.10/site-packages/airflow/example_dags/example_bash_operator.py
[2025-04-21T10:19:27.287+0800] {processor.py:914} INFO - Processing file /Users/yueyaoz/Downloads/IS3107-FinSum/.airflow/lib/python3.10/site-packages/airflow/example_dags/example_bash_operator.py for tasks to queue
[2025-04-21T10:19:27.288+0800] {logging_mixin.py:190} INFO - [2025-04-21T10:19:27.288+0800] {dagbag.py:588} INFO - Filling up the DagBag from /Users/yueyaoz/Downloads/IS3107-FinSum/.airflow/lib/python3.10/site-packages/airflow/example_dags/example_bash_operator.py
[2025-04-21T10:19:27.294+0800] {processor.py:925} INFO - DAG(s) 'example_bash_operator' retrieved from /Users/yueyaoz/Downloads/IS3107-FinSum/.airflow/lib/python3.10/site-packages/airflow/example_dags/example_bash_operator.py
[2025-04-21T10:19:27.340+0800] {logging_mixin.py:190} INFO - [2025-04-21T10:19:27.340+0800] {dag.py:3239} INFO - Sync 1 DAGs
[2025-04-21T10:19:27.347+0800] {logging_mixin.py:190} INFO - [2025-04-21T10:19:27.347+0800] {dag.py:4180} INFO - Setting next_dagrun for example_bash_operator to 2025-04-20 00:00:00+00:00, run_after=2025-04-21 00:00:00+00:00
[2025-04-21T10:19:27.354+0800] {processor.py:208} INFO - Processing /Users/yueyaoz/Downloads/IS3107-FinSum/.airflow/lib/python3.10/site-packages/airflow/example_dags/example_bash_operator.py took 0.070 seconds
[2025-04-21T10:22:01.456+0800] {processor.py:186} INFO - Started process (PID=6275) to work on /Users/yueyaoz/Downloads/IS3107-FinSum/.airflow/lib/python3.10/site-packages/airflow/example_dags/example_bash_operator.py
[2025-04-21T10:22:01.458+0800] {processor.py:914} INFO - Processing file /Users/yueyaoz/Downloads/IS3107-FinSum/.airflow/lib/python3.10/site-packages/airflow/example_dags/example_bash_operator.py for tasks to queue
[2025-04-21T10:22:01.458+0800] {logging_mixin.py:190} INFO - [2025-04-21T10:22:01.458+0800] {dagbag.py:588} INFO - Filling up the DagBag from /Users/yueyaoz/Downloads/IS3107-FinSum/.airflow/lib/python3.10/site-packages/airflow/example_dags/example_bash_operator.py
[2025-04-21T10:22:01.464+0800] {processor.py:925} INFO - DAG(s) 'example_bash_operator' retrieved from /Users/yueyaoz/Downloads/IS3107-FinSum/.airflow/lib/python3.10/site-packages/airflow/example_dags/example_bash_operator.py
[2025-04-21T10:22:01.509+0800] {logging_mixin.py:190} INFO - [2025-04-21T10:22:01.509+0800] {dag.py:3239} INFO - Sync 1 DAGs
[2025-04-21T10:22:01.517+0800] {logging_mixin.py:190} INFO - [2025-04-21T10:22:01.516+0800] {dag.py:4180} INFO - Setting next_dagrun for example_bash_operator to 2025-04-20 00:00:00+00:00, run_after=2025-04-21 00:00:00+00:00
[2025-04-21T10:22:01.524+0800] {processor.py:208} INFO - Processing /Users/yueyaoz/Downloads/IS3107-FinSum/.airflow/lib/python3.10/site-packages/airflow/example_dags/example_bash_operator.py took 0.069 seconds
[2025-04-21T10:24:30.486+0800] {processor.py:186} INFO - Started process (PID=6465) to work on /Users/yueyaoz/Downloads/IS3107-FinSum/.airflow/lib/python3.10/site-packages/airflow/example_dags/example_bash_operator.py
[2025-04-21T10:24:30.487+0800] {processor.py:914} INFO - Processing file /Users/yueyaoz/Downloads/IS3107-FinSum/.airflow/lib/python3.10/site-packages/airflow/example_dags/example_bash_operator.py for tasks to queue
[2025-04-21T10:24:30.488+0800] {logging_mixin.py:190} INFO - [2025-04-21T10:24:30.488+0800] {dagbag.py:588} INFO - Filling up the DagBag from /Users/yueyaoz/Downloads/IS3107-FinSum/.airflow/lib/python3.10/site-packages/airflow/example_dags/example_bash_operator.py
[2025-04-21T10:24:30.494+0800] {processor.py:925} INFO - DAG(s) 'example_bash_operator' retrieved from /Users/yueyaoz/Downloads/IS3107-FinSum/.airflow/lib/python3.10/site-packages/airflow/example_dags/example_bash_operator.py
[2025-04-21T10:24:30.539+0800] {logging_mixin.py:190} INFO - [2025-04-21T10:24:30.539+0800] {dag.py:3239} INFO - Sync 1 DAGs
[2025-04-21T10:24:30.546+0800] {logging_mixin.py:190} INFO - [2025-04-21T10:24:30.546+0800] {dag.py:4180} INFO - Setting next_dagrun for example_bash_operator to 2025-04-20 00:00:00+00:00, run_after=2025-04-21 00:00:00+00:00
[2025-04-21T10:24:30.553+0800] {processor.py:208} INFO - Processing /Users/yueyaoz/Downloads/IS3107-FinSum/.airflow/lib/python3.10/site-packages/airflow/example_dags/example_bash_operator.py took 0.068 seconds
[2025-04-21T10:27:06.514+0800] {processor.py:186} INFO - Started process (PID=6658) to work on /Users/yueyaoz/Downloads/IS3107-FinSum/.airflow/lib/python3.10/site-packages/airflow/example_dags/example_bash_operator.py
[2025-04-21T10:27:06.516+0800] {processor.py:914} INFO - Processing file /Users/yueyaoz/Downloads/IS3107-FinSum/.airflow/lib/python3.10/site-packages/airflow/example_dags/example_bash_operator.py for tasks to queue
[2025-04-21T10:27:06.516+0800] {logging_mixin.py:190} INFO - [2025-04-21T10:27:06.516+0800] {dagbag.py:588} INFO - Filling up the DagBag from /Users/yueyaoz/Downloads/IS3107-FinSum/.airflow/lib/python3.10/site-packages/airflow/example_dags/example_bash_operator.py
[2025-04-21T10:27:06.522+0800] {processor.py:925} INFO - DAG(s) 'example_bash_operator' retrieved from /Users/yueyaoz/Downloads/IS3107-FinSum/.airflow/lib/python3.10/site-packages/airflow/example_dags/example_bash_operator.py
[2025-04-21T10:27:06.566+0800] {logging_mixin.py:190} INFO - [2025-04-21T10:27:06.566+0800] {dag.py:3239} INFO - Sync 1 DAGs
[2025-04-21T10:27:06.574+0800] {logging_mixin.py:190} INFO - [2025-04-21T10:27:06.573+0800] {dag.py:4180} INFO - Setting next_dagrun for example_bash_operator to 2025-04-20 00:00:00+00:00, run_after=2025-04-21 00:00:00+00:00
[2025-04-21T10:27:06.581+0800] {processor.py:208} INFO - Processing /Users/yueyaoz/Downloads/IS3107-FinSum/.airflow/lib/python3.10/site-packages/airflow/example_dags/example_bash_operator.py took 0.067 seconds
[2025-04-21T10:29:39.031+0800] {processor.py:186} INFO - Started process (PID=6851) to work on /Users/yueyaoz/Downloads/IS3107-FinSum/.airflow/lib/python3.10/site-packages/airflow/example_dags/example_bash_operator.py
[2025-04-21T10:29:39.033+0800] {processor.py:914} INFO - Processing file /Users/yueyaoz/Downloads/IS3107-FinSum/.airflow/lib/python3.10/site-packages/airflow/example_dags/example_bash_operator.py for tasks to queue
[2025-04-21T10:29:39.033+0800] {logging_mixin.py:190} INFO - [2025-04-21T10:29:39.033+0800] {dagbag.py:588} INFO - Filling up the DagBag from /Users/yueyaoz/Downloads/IS3107-FinSum/.airflow/lib/python3.10/site-packages/airflow/example_dags/example_bash_operator.py
[2025-04-21T10:29:39.039+0800] {processor.py:925} INFO - DAG(s) 'example_bash_operator' retrieved from /Users/yueyaoz/Downloads/IS3107-FinSum/.airflow/lib/python3.10/site-packages/airflow/example_dags/example_bash_operator.py
[2025-04-21T10:29:39.086+0800] {logging_mixin.py:190} INFO - [2025-04-21T10:29:39.086+0800] {dag.py:3239} INFO - Sync 1 DAGs
[2025-04-21T10:29:39.093+0800] {logging_mixin.py:190} INFO - [2025-04-21T10:29:39.093+0800] {dag.py:4180} INFO - Setting next_dagrun for example_bash_operator to 2025-04-20 00:00:00+00:00, run_after=2025-04-21 00:00:00+00:00
[2025-04-21T10:29:39.100+0800] {processor.py:208} INFO - Processing /Users/yueyaoz/Downloads/IS3107-FinSum/.airflow/lib/python3.10/site-packages/airflow/example_dags/example_bash_operator.py took 0.071 seconds
[2025-04-21T11:26:15.025+0800] {processor.py:186} INFO - Started process (PID=7100) to work on /Users/yueyaoz/Downloads/IS3107-FinSum/.airflow/lib/python3.10/site-packages/airflow/example_dags/example_bash_operator.py
[2025-04-21T11:26:15.026+0800] {processor.py:914} INFO - Processing file /Users/yueyaoz/Downloads/IS3107-FinSum/.airflow/lib/python3.10/site-packages/airflow/example_dags/example_bash_operator.py for tasks to queue
[2025-04-21T11:26:15.027+0800] {logging_mixin.py:190} INFO - [2025-04-21T11:26:15.026+0800] {dagbag.py:588} INFO - Filling up the DagBag from /Users/yueyaoz/Downloads/IS3107-FinSum/.airflow/lib/python3.10/site-packages/airflow/example_dags/example_bash_operator.py
[2025-04-21T11:26:15.033+0800] {processor.py:925} INFO - DAG(s) 'example_bash_operator' retrieved from /Users/yueyaoz/Downloads/IS3107-FinSum/.airflow/lib/python3.10/site-packages/airflow/example_dags/example_bash_operator.py
[2025-04-21T11:26:15.084+0800] {logging_mixin.py:190} INFO - [2025-04-21T11:26:15.083+0800] {dag.py:3239} INFO - Sync 1 DAGs
[2025-04-21T11:26:15.092+0800] {logging_mixin.py:190} INFO - [2025-04-21T11:26:15.092+0800] {dag.py:4180} INFO - Setting next_dagrun for example_bash_operator to 2025-04-20 00:00:00+00:00, run_after=2025-04-21 00:00:00+00:00
[2025-04-21T11:26:15.101+0800] {processor.py:208} INFO - Processing /Users/yueyaoz/Downloads/IS3107-FinSum/.airflow/lib/python3.10/site-packages/airflow/example_dags/example_bash_operator.py took 0.078 seconds
[2025-04-21T11:28:58.893+0800] {processor.py:186} INFO - Started process (PID=7297) to work on /Users/yueyaoz/Downloads/IS3107-FinSum/.airflow/lib/python3.10/site-packages/airflow/example_dags/example_bash_operator.py
[2025-04-21T11:28:58.894+0800] {processor.py:914} INFO - Processing file /Users/yueyaoz/Downloads/IS3107-FinSum/.airflow/lib/python3.10/site-packages/airflow/example_dags/example_bash_operator.py for tasks to queue
[2025-04-21T11:28:58.894+0800] {logging_mixin.py:190} INFO - [2025-04-21T11:28:58.894+0800] {dagbag.py:588} INFO - Filling up the DagBag from /Users/yueyaoz/Downloads/IS3107-FinSum/.airflow/lib/python3.10/site-packages/airflow/example_dags/example_bash_operator.py
[2025-04-21T11:28:58.900+0800] {processor.py:925} INFO - DAG(s) 'example_bash_operator' retrieved from /Users/yueyaoz/Downloads/IS3107-FinSum/.airflow/lib/python3.10/site-packages/airflow/example_dags/example_bash_operator.py
[2025-04-21T11:28:58.947+0800] {logging_mixin.py:190} INFO - [2025-04-21T11:28:58.947+0800] {dag.py:3239} INFO - Sync 1 DAGs
[2025-04-21T11:28:58.955+0800] {logging_mixin.py:190} INFO - [2025-04-21T11:28:58.955+0800] {dag.py:4180} INFO - Setting next_dagrun for example_bash_operator to 2025-04-20 00:00:00+00:00, run_after=2025-04-21 00:00:00+00:00
[2025-04-21T11:28:58.963+0800] {processor.py:208} INFO - Processing /Users/yueyaoz/Downloads/IS3107-FinSum/.airflow/lib/python3.10/site-packages/airflow/example_dags/example_bash_operator.py took 0.072 seconds
[2025-04-21T11:48:55.987+0800] {processor.py:186} INFO - Started process (PID=7541) to work on /Users/yueyaoz/Downloads/IS3107-FinSum/.airflow/lib/python3.10/site-packages/airflow/example_dags/example_bash_operator.py
[2025-04-21T11:48:55.988+0800] {processor.py:914} INFO - Processing file /Users/yueyaoz/Downloads/IS3107-FinSum/.airflow/lib/python3.10/site-packages/airflow/example_dags/example_bash_operator.py for tasks to queue
[2025-04-21T11:48:55.989+0800] {logging_mixin.py:190} INFO - [2025-04-21T11:48:55.989+0800] {dagbag.py:588} INFO - Filling up the DagBag from /Users/yueyaoz/Downloads/IS3107-FinSum/.airflow/lib/python3.10/site-packages/airflow/example_dags/example_bash_operator.py
[2025-04-21T11:48:55.994+0800] {processor.py:925} INFO - DAG(s) 'example_bash_operator' retrieved from /Users/yueyaoz/Downloads/IS3107-FinSum/.airflow/lib/python3.10/site-packages/airflow/example_dags/example_bash_operator.py
[2025-04-21T11:48:56.039+0800] {logging_mixin.py:190} INFO - [2025-04-21T11:48:56.039+0800] {dag.py:3239} INFO - Sync 1 DAGs
[2025-04-21T11:48:56.047+0800] {logging_mixin.py:190} INFO - [2025-04-21T11:48:56.047+0800] {dag.py:4180} INFO - Setting next_dagrun for example_bash_operator to 2025-04-20 00:00:00+00:00, run_after=2025-04-21 00:00:00+00:00
[2025-04-21T11:48:56.054+0800] {processor.py:208} INFO - Processing /Users/yueyaoz/Downloads/IS3107-FinSum/.airflow/lib/python3.10/site-packages/airflow/example_dags/example_bash_operator.py took 0.068 seconds
[2025-04-21T14:32:21.341+0800] {processor.py:186} INFO - Started process (PID=7834) to work on /Users/yueyaoz/Downloads/IS3107-FinSum/.airflow/lib/python3.10/site-packages/airflow/example_dags/example_bash_operator.py
[2025-04-21T14:32:21.342+0800] {processor.py:914} INFO - Processing file /Users/yueyaoz/Downloads/IS3107-FinSum/.airflow/lib/python3.10/site-packages/airflow/example_dags/example_bash_operator.py for tasks to queue
[2025-04-21T14:32:21.343+0800] {logging_mixin.py:190} INFO - [2025-04-21T14:32:21.343+0800] {dagbag.py:588} INFO - Filling up the DagBag from /Users/yueyaoz/Downloads/IS3107-FinSum/.airflow/lib/python3.10/site-packages/airflow/example_dags/example_bash_operator.py
[2025-04-21T14:32:21.349+0800] {processor.py:925} INFO - DAG(s) 'example_bash_operator' retrieved from /Users/yueyaoz/Downloads/IS3107-FinSum/.airflow/lib/python3.10/site-packages/airflow/example_dags/example_bash_operator.py
[2025-04-21T14:32:21.394+0800] {logging_mixin.py:190} INFO - [2025-04-21T14:32:21.394+0800] {dag.py:3239} INFO - Sync 1 DAGs
[2025-04-21T14:32:21.401+0800] {logging_mixin.py:190} INFO - [2025-04-21T14:32:21.401+0800] {dag.py:4180} INFO - Setting next_dagrun for example_bash_operator to 2025-04-20 00:00:00+00:00, run_after=2025-04-21 00:00:00+00:00
[2025-04-21T14:32:21.408+0800] {processor.py:208} INFO - Processing /Users/yueyaoz/Downloads/IS3107-FinSum/.airflow/lib/python3.10/site-packages/airflow/example_dags/example_bash_operator.py took 0.069 seconds
[2025-04-21T15:06:43.477+0800] {processor.py:186} INFO - Started process (PID=8065) to work on /Users/yueyaoz/Downloads/IS3107-FinSum/.airflow/lib/python3.10/site-packages/airflow/example_dags/example_bash_operator.py
[2025-04-21T15:06:43.478+0800] {processor.py:914} INFO - Processing file /Users/yueyaoz/Downloads/IS3107-FinSum/.airflow/lib/python3.10/site-packages/airflow/example_dags/example_bash_operator.py for tasks to queue
[2025-04-21T15:06:43.478+0800] {logging_mixin.py:190} INFO - [2025-04-21T15:06:43.478+0800] {dagbag.py:588} INFO - Filling up the DagBag from /Users/yueyaoz/Downloads/IS3107-FinSum/.airflow/lib/python3.10/site-packages/airflow/example_dags/example_bash_operator.py
[2025-04-21T15:06:43.484+0800] {processor.py:925} INFO - DAG(s) 'example_bash_operator' retrieved from /Users/yueyaoz/Downloads/IS3107-FinSum/.airflow/lib/python3.10/site-packages/airflow/example_dags/example_bash_operator.py
[2025-04-21T15:06:43.529+0800] {logging_mixin.py:190} INFO - [2025-04-21T15:06:43.529+0800] {dag.py:3239} INFO - Sync 1 DAGs
[2025-04-21T15:06:43.536+0800] {logging_mixin.py:190} INFO - [2025-04-21T15:06:43.536+0800] {dag.py:4180} INFO - Setting next_dagrun for example_bash_operator to 2025-04-20 00:00:00+00:00, run_after=2025-04-21 00:00:00+00:00
[2025-04-21T15:06:43.542+0800] {processor.py:208} INFO - Processing /Users/yueyaoz/Downloads/IS3107-FinSum/.airflow/lib/python3.10/site-packages/airflow/example_dags/example_bash_operator.py took 0.067 seconds
[2025-04-21T16:02:28.296+0800] {processor.py:186} INFO - Started process (PID=8290) to work on /Users/yueyaoz/Downloads/IS3107-FinSum/.airflow/lib/python3.10/site-packages/airflow/example_dags/example_bash_operator.py
[2025-04-21T16:02:28.297+0800] {processor.py:914} INFO - Processing file /Users/yueyaoz/Downloads/IS3107-FinSum/.airflow/lib/python3.10/site-packages/airflow/example_dags/example_bash_operator.py for tasks to queue
[2025-04-21T16:02:28.297+0800] {logging_mixin.py:190} INFO - [2025-04-21T16:02:28.297+0800] {dagbag.py:588} INFO - Filling up the DagBag from /Users/yueyaoz/Downloads/IS3107-FinSum/.airflow/lib/python3.10/site-packages/airflow/example_dags/example_bash_operator.py
[2025-04-21T16:02:28.304+0800] {processor.py:925} INFO - DAG(s) 'example_bash_operator' retrieved from /Users/yueyaoz/Downloads/IS3107-FinSum/.airflow/lib/python3.10/site-packages/airflow/example_dags/example_bash_operator.py
[2025-04-21T16:02:28.349+0800] {logging_mixin.py:190} INFO - [2025-04-21T16:02:28.349+0800] {dag.py:3239} INFO - Sync 1 DAGs
[2025-04-21T16:02:28.357+0800] {logging_mixin.py:190} INFO - [2025-04-21T16:02:28.357+0800] {dag.py:4180} INFO - Setting next_dagrun for example_bash_operator to 2025-04-20 00:00:00+00:00, run_after=2025-04-21 00:00:00+00:00
[2025-04-21T16:02:28.364+0800] {processor.py:208} INFO - Processing /Users/yueyaoz/Downloads/IS3107-FinSum/.airflow/lib/python3.10/site-packages/airflow/example_dags/example_bash_operator.py took 0.070 seconds
[2025-04-21T16:50:52.030+0800] {processor.py:186} INFO - Started process (PID=9534) to work on /Users/yueyaoz/Downloads/IS3107-FinSum/.airflow/lib/python3.10/site-packages/airflow/example_dags/example_bash_operator.py
[2025-04-21T16:50:52.031+0800] {processor.py:914} INFO - Processing file /Users/yueyaoz/Downloads/IS3107-FinSum/.airflow/lib/python3.10/site-packages/airflow/example_dags/example_bash_operator.py for tasks to queue
[2025-04-21T16:50:52.031+0800] {logging_mixin.py:190} INFO - [2025-04-21T16:50:52.031+0800] {dagbag.py:588} INFO - Filling up the DagBag from /Users/yueyaoz/Downloads/IS3107-FinSum/.airflow/lib/python3.10/site-packages/airflow/example_dags/example_bash_operator.py
[2025-04-21T16:50:52.037+0800] {processor.py:925} INFO - DAG(s) 'example_bash_operator' retrieved from /Users/yueyaoz/Downloads/IS3107-FinSum/.airflow/lib/python3.10/site-packages/airflow/example_dags/example_bash_operator.py
[2025-04-21T16:50:52.082+0800] {logging_mixin.py:190} INFO - [2025-04-21T16:50:52.082+0800] {dag.py:3239} INFO - Sync 1 DAGs
[2025-04-21T16:50:52.090+0800] {logging_mixin.py:190} INFO - [2025-04-21T16:50:52.090+0800] {dag.py:4180} INFO - Setting next_dagrun for example_bash_operator to 2025-04-20 00:00:00+00:00, run_after=2025-04-21 00:00:00+00:00
[2025-04-21T16:50:52.097+0800] {processor.py:208} INFO - Processing /Users/yueyaoz/Downloads/IS3107-FinSum/.airflow/lib/python3.10/site-packages/airflow/example_dags/example_bash_operator.py took 0.068 seconds
[2025-04-21T16:53:31.369+0800] {processor.py:186} INFO - Started process (PID=9759) to work on /Users/yueyaoz/Downloads/IS3107-FinSum/.airflow/lib/python3.10/site-packages/airflow/example_dags/example_bash_operator.py
[2025-04-21T16:53:31.370+0800] {processor.py:914} INFO - Processing file /Users/yueyaoz/Downloads/IS3107-FinSum/.airflow/lib/python3.10/site-packages/airflow/example_dags/example_bash_operator.py for tasks to queue
[2025-04-21T16:53:31.370+0800] {logging_mixin.py:190} INFO - [2025-04-21T16:53:31.370+0800] {dagbag.py:588} INFO - Filling up the DagBag from /Users/yueyaoz/Downloads/IS3107-FinSum/.airflow/lib/python3.10/site-packages/airflow/example_dags/example_bash_operator.py
[2025-04-21T16:53:31.376+0800] {processor.py:925} INFO - DAG(s) 'example_bash_operator' retrieved from /Users/yueyaoz/Downloads/IS3107-FinSum/.airflow/lib/python3.10/site-packages/airflow/example_dags/example_bash_operator.py
[2025-04-21T16:53:31.421+0800] {logging_mixin.py:190} INFO - [2025-04-21T16:53:31.421+0800] {dag.py:3239} INFO - Sync 1 DAGs
[2025-04-21T16:53:31.428+0800] {logging_mixin.py:190} INFO - [2025-04-21T16:53:31.428+0800] {dag.py:4180} INFO - Setting next_dagrun for example_bash_operator to 2025-04-20 00:00:00+00:00, run_after=2025-04-21 00:00:00+00:00
[2025-04-21T16:53:31.435+0800] {processor.py:208} INFO - Processing /Users/yueyaoz/Downloads/IS3107-FinSum/.airflow/lib/python3.10/site-packages/airflow/example_dags/example_bash_operator.py took 0.067 seconds
[2025-04-21T16:55:57.732+0800] {processor.py:186} INFO - Started process (PID=9977) to work on /Users/yueyaoz/Downloads/IS3107-FinSum/.airflow/lib/python3.10/site-packages/airflow/example_dags/example_bash_operator.py
[2025-04-21T16:55:57.732+0800] {processor.py:914} INFO - Processing file /Users/yueyaoz/Downloads/IS3107-FinSum/.airflow/lib/python3.10/site-packages/airflow/example_dags/example_bash_operator.py for tasks to queue
[2025-04-21T16:55:57.733+0800] {logging_mixin.py:190} INFO - [2025-04-21T16:55:57.733+0800] {dagbag.py:588} INFO - Filling up the DagBag from /Users/yueyaoz/Downloads/IS3107-FinSum/.airflow/lib/python3.10/site-packages/airflow/example_dags/example_bash_operator.py
[2025-04-21T16:55:57.738+0800] {processor.py:925} INFO - DAG(s) 'example_bash_operator' retrieved from /Users/yueyaoz/Downloads/IS3107-FinSum/.airflow/lib/python3.10/site-packages/airflow/example_dags/example_bash_operator.py
[2025-04-21T16:55:57.785+0800] {logging_mixin.py:190} INFO - [2025-04-21T16:55:57.785+0800] {dag.py:3239} INFO - Sync 1 DAGs
[2025-04-21T16:55:57.792+0800] {logging_mixin.py:190} INFO - [2025-04-21T16:55:57.792+0800] {dag.py:4180} INFO - Setting next_dagrun for example_bash_operator to 2025-04-20 00:00:00+00:00, run_after=2025-04-21 00:00:00+00:00
[2025-04-21T16:55:57.799+0800] {processor.py:208} INFO - Processing /Users/yueyaoz/Downloads/IS3107-FinSum/.airflow/lib/python3.10/site-packages/airflow/example_dags/example_bash_operator.py took 0.069 seconds
[2025-04-21T16:58:24.969+0800] {processor.py:186} INFO - Started process (PID=10174) to work on /Users/yueyaoz/Downloads/IS3107-FinSum/.airflow/lib/python3.10/site-packages/airflow/example_dags/example_bash_operator.py
[2025-04-21T16:58:24.970+0800] {processor.py:914} INFO - Processing file /Users/yueyaoz/Downloads/IS3107-FinSum/.airflow/lib/python3.10/site-packages/airflow/example_dags/example_bash_operator.py for tasks to queue
[2025-04-21T16:58:24.971+0800] {logging_mixin.py:190} INFO - [2025-04-21T16:58:24.971+0800] {dagbag.py:588} INFO - Filling up the DagBag from /Users/yueyaoz/Downloads/IS3107-FinSum/.airflow/lib/python3.10/site-packages/airflow/example_dags/example_bash_operator.py
[2025-04-21T16:58:24.976+0800] {processor.py:925} INFO - DAG(s) 'example_bash_operator' retrieved from /Users/yueyaoz/Downloads/IS3107-FinSum/.airflow/lib/python3.10/site-packages/airflow/example_dags/example_bash_operator.py
[2025-04-21T16:58:25.022+0800] {logging_mixin.py:190} INFO - [2025-04-21T16:58:25.022+0800] {dag.py:3239} INFO - Sync 1 DAGs
[2025-04-21T16:58:25.030+0800] {logging_mixin.py:190} INFO - [2025-04-21T16:58:25.030+0800] {dag.py:4180} INFO - Setting next_dagrun for example_bash_operator to 2025-04-20 00:00:00+00:00, run_after=2025-04-21 00:00:00+00:00
[2025-04-21T16:58:25.037+0800] {processor.py:208} INFO - Processing /Users/yueyaoz/Downloads/IS3107-FinSum/.airflow/lib/python3.10/site-packages/airflow/example_dags/example_bash_operator.py took 0.069 seconds
[2025-04-21T17:01:05.689+0800] {processor.py:186} INFO - Started process (PID=10374) to work on /Users/yueyaoz/Downloads/IS3107-FinSum/.airflow/lib/python3.10/site-packages/airflow/example_dags/example_bash_operator.py
[2025-04-21T17:01:05.691+0800] {processor.py:914} INFO - Processing file /Users/yueyaoz/Downloads/IS3107-FinSum/.airflow/lib/python3.10/site-packages/airflow/example_dags/example_bash_operator.py for tasks to queue
[2025-04-21T17:01:05.691+0800] {logging_mixin.py:190} INFO - [2025-04-21T17:01:05.691+0800] {dagbag.py:588} INFO - Filling up the DagBag from /Users/yueyaoz/Downloads/IS3107-FinSum/.airflow/lib/python3.10/site-packages/airflow/example_dags/example_bash_operator.py
[2025-04-21T17:01:05.699+0800] {processor.py:925} INFO - DAG(s) 'example_bash_operator' retrieved from /Users/yueyaoz/Downloads/IS3107-FinSum/.airflow/lib/python3.10/site-packages/airflow/example_dags/example_bash_operator.py
[2025-04-21T17:01:05.750+0800] {logging_mixin.py:190} INFO - [2025-04-21T17:01:05.750+0800] {dag.py:3239} INFO - Sync 1 DAGs
[2025-04-21T17:01:05.759+0800] {logging_mixin.py:190} INFO - [2025-04-21T17:01:05.759+0800] {dag.py:4180} INFO - Setting next_dagrun for example_bash_operator to 2025-04-20 00:00:00+00:00, run_after=2025-04-21 00:00:00+00:00
[2025-04-21T17:01:05.767+0800] {processor.py:208} INFO - Processing /Users/yueyaoz/Downloads/IS3107-FinSum/.airflow/lib/python3.10/site-packages/airflow/example_dags/example_bash_operator.py took 0.079 seconds
[2025-04-21T17:03:51.845+0800] {processor.py:186} INFO - Started process (PID=10599) to work on /Users/yueyaoz/Downloads/IS3107-FinSum/.airflow/lib/python3.10/site-packages/airflow/example_dags/example_bash_operator.py
[2025-04-21T17:03:51.846+0800] {processor.py:914} INFO - Processing file /Users/yueyaoz/Downloads/IS3107-FinSum/.airflow/lib/python3.10/site-packages/airflow/example_dags/example_bash_operator.py for tasks to queue
[2025-04-21T17:03:51.846+0800] {logging_mixin.py:190} INFO - [2025-04-21T17:03:51.846+0800] {dagbag.py:588} INFO - Filling up the DagBag from /Users/yueyaoz/Downloads/IS3107-FinSum/.airflow/lib/python3.10/site-packages/airflow/example_dags/example_bash_operator.py
[2025-04-21T17:03:51.853+0800] {processor.py:925} INFO - DAG(s) 'example_bash_operator' retrieved from /Users/yueyaoz/Downloads/IS3107-FinSum/.airflow/lib/python3.10/site-packages/airflow/example_dags/example_bash_operator.py
[2025-04-21T17:03:51.899+0800] {logging_mixin.py:190} INFO - [2025-04-21T17:03:51.899+0800] {dag.py:3239} INFO - Sync 1 DAGs
[2025-04-21T17:03:51.906+0800] {logging_mixin.py:190} INFO - [2025-04-21T17:03:51.906+0800] {dag.py:4180} INFO - Setting next_dagrun for example_bash_operator to 2025-04-20 00:00:00+00:00, run_after=2025-04-21 00:00:00+00:00
[2025-04-21T17:03:51.913+0800] {processor.py:208} INFO - Processing /Users/yueyaoz/Downloads/IS3107-FinSum/.airflow/lib/python3.10/site-packages/airflow/example_dags/example_bash_operator.py took 0.070 seconds
[2025-04-21T17:06:22.460+0800] {processor.py:186} INFO - Started process (PID=10801) to work on /Users/yueyaoz/Downloads/IS3107-FinSum/.airflow/lib/python3.10/site-packages/airflow/example_dags/example_bash_operator.py
[2025-04-21T17:06:22.460+0800] {processor.py:914} INFO - Processing file /Users/yueyaoz/Downloads/IS3107-FinSum/.airflow/lib/python3.10/site-packages/airflow/example_dags/example_bash_operator.py for tasks to queue
[2025-04-21T17:06:22.460+0800] {logging_mixin.py:190} INFO - [2025-04-21T17:06:22.460+0800] {dagbag.py:588} INFO - Filling up the DagBag from /Users/yueyaoz/Downloads/IS3107-FinSum/.airflow/lib/python3.10/site-packages/airflow/example_dags/example_bash_operator.py
[2025-04-21T17:06:22.466+0800] {processor.py:925} INFO - DAG(s) 'example_bash_operator' retrieved from /Users/yueyaoz/Downloads/IS3107-FinSum/.airflow/lib/python3.10/site-packages/airflow/example_dags/example_bash_operator.py
[2025-04-21T17:06:22.513+0800] {logging_mixin.py:190} INFO - [2025-04-21T17:06:22.513+0800] {dag.py:3239} INFO - Sync 1 DAGs
[2025-04-21T17:06:22.520+0800] {logging_mixin.py:190} INFO - [2025-04-21T17:06:22.520+0800] {dag.py:4180} INFO - Setting next_dagrun for example_bash_operator to 2025-04-20 00:00:00+00:00, run_after=2025-04-21 00:00:00+00:00
[2025-04-21T17:06:22.527+0800] {processor.py:208} INFO - Processing /Users/yueyaoz/Downloads/IS3107-FinSum/.airflow/lib/python3.10/site-packages/airflow/example_dags/example_bash_operator.py took 0.069 seconds
[2025-04-21T17:26:02.420+0800] {processor.py:186} INFO - Started process (PID=11018) to work on /Users/yueyaoz/Downloads/IS3107-FinSum/.airflow/lib/python3.10/site-packages/airflow/example_dags/example_bash_operator.py
[2025-04-21T17:26:02.422+0800] {processor.py:914} INFO - Processing file /Users/yueyaoz/Downloads/IS3107-FinSum/.airflow/lib/python3.10/site-packages/airflow/example_dags/example_bash_operator.py for tasks to queue
[2025-04-21T17:26:02.422+0800] {logging_mixin.py:190} INFO - [2025-04-21T17:26:02.422+0800] {dagbag.py:588} INFO - Filling up the DagBag from /Users/yueyaoz/Downloads/IS3107-FinSum/.airflow/lib/python3.10/site-packages/airflow/example_dags/example_bash_operator.py
[2025-04-21T17:26:02.427+0800] {processor.py:925} INFO - DAG(s) 'example_bash_operator' retrieved from /Users/yueyaoz/Downloads/IS3107-FinSum/.airflow/lib/python3.10/site-packages/airflow/example_dags/example_bash_operator.py
[2025-04-21T17:26:02.473+0800] {logging_mixin.py:190} INFO - [2025-04-21T17:26:02.473+0800] {dag.py:3239} INFO - Sync 1 DAGs
[2025-04-21T17:26:02.481+0800] {logging_mixin.py:190} INFO - [2025-04-21T17:26:02.481+0800] {dag.py:4180} INFO - Setting next_dagrun for example_bash_operator to 2025-04-20 00:00:00+00:00, run_after=2025-04-21 00:00:00+00:00
[2025-04-21T17:26:02.488+0800] {processor.py:208} INFO - Processing /Users/yueyaoz/Downloads/IS3107-FinSum/.airflow/lib/python3.10/site-packages/airflow/example_dags/example_bash_operator.py took 0.070 seconds
[2025-04-21T19:07:36.068+0800] {processor.py:186} INFO - Started process (PID=11247) to work on /Users/yueyaoz/Downloads/IS3107-FinSum/.airflow/lib/python3.10/site-packages/airflow/example_dags/example_bash_operator.py
[2025-04-21T19:07:36.068+0800] {processor.py:914} INFO - Processing file /Users/yueyaoz/Downloads/IS3107-FinSum/.airflow/lib/python3.10/site-packages/airflow/example_dags/example_bash_operator.py for tasks to queue
[2025-04-21T19:07:36.069+0800] {logging_mixin.py:190} INFO - [2025-04-21T19:07:36.069+0800] {dagbag.py:588} INFO - Filling up the DagBag from /Users/yueyaoz/Downloads/IS3107-FinSum/.airflow/lib/python3.10/site-packages/airflow/example_dags/example_bash_operator.py
[2025-04-21T19:07:36.075+0800] {processor.py:925} INFO - DAG(s) 'example_bash_operator' retrieved from /Users/yueyaoz/Downloads/IS3107-FinSum/.airflow/lib/python3.10/site-packages/airflow/example_dags/example_bash_operator.py
[2025-04-21T19:07:36.122+0800] {logging_mixin.py:190} INFO - [2025-04-21T19:07:36.122+0800] {dag.py:3239} INFO - Sync 1 DAGs
[2025-04-21T19:07:36.130+0800] {logging_mixin.py:190} INFO - [2025-04-21T19:07:36.129+0800] {dag.py:4180} INFO - Setting next_dagrun for example_bash_operator to 2025-04-20 00:00:00+00:00, run_after=2025-04-21 00:00:00+00:00
[2025-04-21T19:07:36.137+0800] {processor.py:208} INFO - Processing /Users/yueyaoz/Downloads/IS3107-FinSum/.airflow/lib/python3.10/site-packages/airflow/example_dags/example_bash_operator.py took 0.071 seconds
[2025-04-21T21:10:59.687+0800] {processor.py:186} INFO - Started process (PID=11460) to work on /Users/yueyaoz/Downloads/IS3107-FinSum/.airflow/lib/python3.10/site-packages/airflow/example_dags/example_bash_operator.py
[2025-04-21T21:10:59.689+0800] {processor.py:914} INFO - Processing file /Users/yueyaoz/Downloads/IS3107-FinSum/.airflow/lib/python3.10/site-packages/airflow/example_dags/example_bash_operator.py for tasks to queue
[2025-04-21T21:10:59.689+0800] {logging_mixin.py:190} INFO - [2025-04-21T21:10:59.689+0800] {dagbag.py:588} INFO - Filling up the DagBag from /Users/yueyaoz/Downloads/IS3107-FinSum/.airflow/lib/python3.10/site-packages/airflow/example_dags/example_bash_operator.py
[2025-04-21T21:10:59.694+0800] {processor.py:925} INFO - DAG(s) 'example_bash_operator' retrieved from /Users/yueyaoz/Downloads/IS3107-FinSum/.airflow/lib/python3.10/site-packages/airflow/example_dags/example_bash_operator.py
[2025-04-21T21:10:59.739+0800] {logging_mixin.py:190} INFO - [2025-04-21T21:10:59.739+0800] {dag.py:3239} INFO - Sync 1 DAGs
[2025-04-21T21:10:59.746+0800] {logging_mixin.py:190} INFO - [2025-04-21T21:10:59.746+0800] {dag.py:4180} INFO - Setting next_dagrun for example_bash_operator to 2025-04-20 00:00:00+00:00, run_after=2025-04-21 00:00:00+00:00
[2025-04-21T21:10:59.753+0800] {processor.py:208} INFO - Processing /Users/yueyaoz/Downloads/IS3107-FinSum/.airflow/lib/python3.10/site-packages/airflow/example_dags/example_bash_operator.py took 0.067 seconds
[2025-04-21T21:49:12.573+0800] {processor.py:186} INFO - Started process (PID=11709) to work on /Users/yueyaoz/Downloads/IS3107-FinSum/.airflow/lib/python3.10/site-packages/airflow/example_dags/example_bash_operator.py
[2025-04-21T21:49:12.574+0800] {processor.py:914} INFO - Processing file /Users/yueyaoz/Downloads/IS3107-FinSum/.airflow/lib/python3.10/site-packages/airflow/example_dags/example_bash_operator.py for tasks to queue
[2025-04-21T21:49:12.575+0800] {logging_mixin.py:190} INFO - [2025-04-21T21:49:12.575+0800] {dagbag.py:588} INFO - Filling up the DagBag from /Users/yueyaoz/Downloads/IS3107-FinSum/.airflow/lib/python3.10/site-packages/airflow/example_dags/example_bash_operator.py
[2025-04-21T21:49:12.581+0800] {processor.py:925} INFO - DAG(s) 'example_bash_operator' retrieved from /Users/yueyaoz/Downloads/IS3107-FinSum/.airflow/lib/python3.10/site-packages/airflow/example_dags/example_bash_operator.py
[2025-04-21T21:49:12.669+0800] {logging_mixin.py:190} INFO - [2025-04-21T21:49:12.669+0800] {dag.py:3239} INFO - Sync 1 DAGs
[2025-04-21T21:49:12.678+0800] {logging_mixin.py:190} INFO - [2025-04-21T21:49:12.678+0800] {dag.py:4180} INFO - Setting next_dagrun for example_bash_operator to 2025-04-20 00:00:00+00:00, run_after=2025-04-21 00:00:00+00:00
[2025-04-21T21:49:12.687+0800] {processor.py:208} INFO - Processing /Users/yueyaoz/Downloads/IS3107-FinSum/.airflow/lib/python3.10/site-packages/airflow/example_dags/example_bash_operator.py took 0.115 seconds
[2025-04-22T00:15:38.964+0800] {processor.py:186} INFO - Started process (PID=12035) to work on /Users/yueyaoz/Downloads/IS3107-FinSum/.airflow/lib/python3.10/site-packages/airflow/example_dags/example_bash_operator.py
[2025-04-22T00:15:38.966+0800] {processor.py:914} INFO - Processing file /Users/yueyaoz/Downloads/IS3107-FinSum/.airflow/lib/python3.10/site-packages/airflow/example_dags/example_bash_operator.py for tasks to queue
[2025-04-22T00:15:38.966+0800] {logging_mixin.py:190} INFO - [2025-04-22T00:15:38.966+0800] {dagbag.py:588} INFO - Filling up the DagBag from /Users/yueyaoz/Downloads/IS3107-FinSum/.airflow/lib/python3.10/site-packages/airflow/example_dags/example_bash_operator.py
[2025-04-22T00:15:38.972+0800] {processor.py:925} INFO - DAG(s) 'example_bash_operator' retrieved from /Users/yueyaoz/Downloads/IS3107-FinSum/.airflow/lib/python3.10/site-packages/airflow/example_dags/example_bash_operator.py
[2025-04-22T00:15:39.017+0800] {logging_mixin.py:190} INFO - [2025-04-22T00:15:39.017+0800] {dag.py:3239} INFO - Sync 1 DAGs
[2025-04-22T00:15:39.024+0800] {logging_mixin.py:190} INFO - [2025-04-22T00:15:39.024+0800] {dag.py:4180} INFO - Setting next_dagrun for example_bash_operator to 2025-04-20 00:00:00+00:00, run_after=2025-04-21 00:00:00+00:00
[2025-04-22T00:15:39.032+0800] {processor.py:208} INFO - Processing /Users/yueyaoz/Downloads/IS3107-FinSum/.airflow/lib/python3.10/site-packages/airflow/example_dags/example_bash_operator.py took 0.069 seconds
[2025-04-22T02:54:06.262+0800] {processor.py:186} INFO - Started process (PID=12337) to work on /Users/yueyaoz/Downloads/IS3107-FinSum/.airflow/lib/python3.10/site-packages/airflow/example_dags/example_bash_operator.py
[2025-04-22T02:54:06.263+0800] {processor.py:914} INFO - Processing file /Users/yueyaoz/Downloads/IS3107-FinSum/.airflow/lib/python3.10/site-packages/airflow/example_dags/example_bash_operator.py for tasks to queue
[2025-04-22T02:54:06.263+0800] {logging_mixin.py:190} INFO - [2025-04-22T02:54:06.263+0800] {dagbag.py:588} INFO - Filling up the DagBag from /Users/yueyaoz/Downloads/IS3107-FinSum/.airflow/lib/python3.10/site-packages/airflow/example_dags/example_bash_operator.py
[2025-04-22T02:54:06.269+0800] {processor.py:925} INFO - DAG(s) 'example_bash_operator' retrieved from /Users/yueyaoz/Downloads/IS3107-FinSum/.airflow/lib/python3.10/site-packages/airflow/example_dags/example_bash_operator.py
[2025-04-22T02:54:06.316+0800] {logging_mixin.py:190} INFO - [2025-04-22T02:54:06.316+0800] {dag.py:3239} INFO - Sync 1 DAGs
[2025-04-22T02:54:06.323+0800] {logging_mixin.py:190} INFO - [2025-04-22T02:54:06.323+0800] {dag.py:4180} INFO - Setting next_dagrun for example_bash_operator to 2025-04-20 00:00:00+00:00, run_after=2025-04-21 00:00:00+00:00
[2025-04-22T02:54:06.331+0800] {processor.py:208} INFO - Processing /Users/yueyaoz/Downloads/IS3107-FinSum/.airflow/lib/python3.10/site-packages/airflow/example_dags/example_bash_operator.py took 0.070 seconds
[2025-04-22T03:13:34.613+0800] {processor.py:186} INFO - Started process (PID=12526) to work on /Users/yueyaoz/Downloads/IS3107-FinSum/.airflow/lib/python3.10/site-packages/airflow/example_dags/example_bash_operator.py
[2025-04-22T03:13:34.613+0800] {processor.py:914} INFO - Processing file /Users/yueyaoz/Downloads/IS3107-FinSum/.airflow/lib/python3.10/site-packages/airflow/example_dags/example_bash_operator.py for tasks to queue
[2025-04-22T03:13:34.613+0800] {logging_mixin.py:190} INFO - [2025-04-22T03:13:34.613+0800] {dagbag.py:588} INFO - Filling up the DagBag from /Users/yueyaoz/Downloads/IS3107-FinSum/.airflow/lib/python3.10/site-packages/airflow/example_dags/example_bash_operator.py
[2025-04-22T03:13:34.619+0800] {processor.py:925} INFO - DAG(s) 'example_bash_operator' retrieved from /Users/yueyaoz/Downloads/IS3107-FinSum/.airflow/lib/python3.10/site-packages/airflow/example_dags/example_bash_operator.py
[2025-04-22T03:13:34.668+0800] {logging_mixin.py:190} INFO - [2025-04-22T03:13:34.668+0800] {dag.py:3239} INFO - Sync 1 DAGs
[2025-04-22T03:13:34.676+0800] {logging_mixin.py:190} INFO - [2025-04-22T03:13:34.676+0800] {dag.py:4180} INFO - Setting next_dagrun for example_bash_operator to 2025-04-20 00:00:00+00:00, run_after=2025-04-21 00:00:00+00:00
[2025-04-22T03:13:34.684+0800] {processor.py:208} INFO - Processing /Users/yueyaoz/Downloads/IS3107-FinSum/.airflow/lib/python3.10/site-packages/airflow/example_dags/example_bash_operator.py took 0.072 seconds
