[2025-04-21T08:28:09.686+0800] {processor.py:186} INFO - Started process (PID=677) to work on /Users/yueyaoz/Downloads/IS3107-FinSum/.airflow/lib/python3.10/site-packages/airflow/example_dags/example_branch_operator.py
[2025-04-21T08:28:09.687+0800] {processor.py:914} INFO - Processing file /Users/yueyaoz/Downloads/IS3107-FinSum/.airflow/lib/python3.10/site-packages/airflow/example_dags/example_branch_operator.py for tasks to queue
[2025-04-21T08:28:09.687+0800] {logging_mixin.py:190} INFO - [2025-04-21T08:28:09.687+0800] {dagbag.py:588} INFO - Filling up the DagBag from /Users/yueyaoz/Downloads/IS3107-FinSum/.airflow/lib/python3.10/site-packages/airflow/example_dags/example_branch_operator.py
[2025-04-21T08:28:09.696+0800] {processor.py:927} WARNING - No viable dags retrieved from /Users/yueyaoz/Downloads/IS3107-FinSum/.airflow/lib/python3.10/site-packages/airflow/example_dags/example_branch_operator.py
[2025-04-21T08:28:09.734+0800] {processor.py:208} INFO - Processing /Users/yueyaoz/Downloads/IS3107-FinSum/.airflow/lib/python3.10/site-packages/airflow/example_dags/example_branch_operator.py took 0.049 seconds
[2025-04-21T08:31:03.519+0800] {processor.py:186} INFO - Started process (PID=920) to work on /Users/yueyaoz/Downloads/IS3107-FinSum/.airflow/lib/python3.10/site-packages/airflow/example_dags/example_branch_operator.py
[2025-04-21T08:31:03.520+0800] {processor.py:914} INFO - Processing file /Users/yueyaoz/Downloads/IS3107-FinSum/.airflow/lib/python3.10/site-packages/airflow/example_dags/example_branch_operator.py for tasks to queue
[2025-04-21T08:31:03.520+0800] {logging_mixin.py:190} INFO - [2025-04-21T08:31:03.520+0800] {dagbag.py:588} INFO - Filling up the DagBag from /Users/yueyaoz/Downloads/IS3107-FinSum/.airflow/lib/python3.10/site-packages/airflow/example_dags/example_branch_operator.py
[2025-04-21T08:31:03.529+0800] {processor.py:927} WARNING - No viable dags retrieved from /Users/yueyaoz/Downloads/IS3107-FinSum/.airflow/lib/python3.10/site-packages/airflow/example_dags/example_branch_operator.py
[2025-04-21T08:31:03.565+0800] {processor.py:208} INFO - Processing /Users/yueyaoz/Downloads/IS3107-FinSum/.airflow/lib/python3.10/site-packages/airflow/example_dags/example_branch_operator.py took 0.048 seconds
[2025-04-21T09:16:21.637+0800] {processor.py:186} INFO - Started process (PID=1150) to work on /Users/yueyaoz/Downloads/IS3107-FinSum/.airflow/lib/python3.10/site-packages/airflow/example_dags/example_branch_operator.py
[2025-04-21T09:16:21.638+0800] {processor.py:914} INFO - Processing file /Users/yueyaoz/Downloads/IS3107-FinSum/.airflow/lib/python3.10/site-packages/airflow/example_dags/example_branch_operator.py for tasks to queue
[2025-04-21T09:16:21.638+0800] {logging_mixin.py:190} INFO - [2025-04-21T09:16:21.638+0800] {dagbag.py:588} INFO - Filling up the DagBag from /Users/yueyaoz/Downloads/IS3107-FinSum/.airflow/lib/python3.10/site-packages/airflow/example_dags/example_branch_operator.py
[2025-04-21T09:16:21.648+0800] {processor.py:927} WARNING - No viable dags retrieved from /Users/yueyaoz/Downloads/IS3107-FinSum/.airflow/lib/python3.10/site-packages/airflow/example_dags/example_branch_operator.py
[2025-04-21T09:16:21.689+0800] {processor.py:208} INFO - Processing /Users/yueyaoz/Downloads/IS3107-FinSum/.airflow/lib/python3.10/site-packages/airflow/example_dags/example_branch_operator.py took 0.053 seconds
[2025-04-21T09:19:08.296+0800] {processor.py:186} INFO - Started process (PID=1432) to work on /Users/yueyaoz/Downloads/IS3107-FinSum/.airflow/lib/python3.10/site-packages/airflow/example_dags/example_branch_operator.py
[2025-04-21T09:19:08.297+0800] {processor.py:914} INFO - Processing file /Users/yueyaoz/Downloads/IS3107-FinSum/.airflow/lib/python3.10/site-packages/airflow/example_dags/example_branch_operator.py for tasks to queue
[2025-04-21T09:19:08.298+0800] {logging_mixin.py:190} INFO - [2025-04-21T09:19:08.298+0800] {dagbag.py:588} INFO - Filling up the DagBag from /Users/yueyaoz/Downloads/IS3107-FinSum/.airflow/lib/python3.10/site-packages/airflow/example_dags/example_branch_operator.py
[2025-04-21T09:19:08.307+0800] {processor.py:927} WARNING - No viable dags retrieved from /Users/yueyaoz/Downloads/IS3107-FinSum/.airflow/lib/python3.10/site-packages/airflow/example_dags/example_branch_operator.py
[2025-04-21T09:19:08.350+0800] {processor.py:208} INFO - Processing /Users/yueyaoz/Downloads/IS3107-FinSum/.airflow/lib/python3.10/site-packages/airflow/example_dags/example_branch_operator.py took 0.055 seconds
[2025-04-21T09:21:37.961+0800] {processor.py:186} INFO - Started process (PID=1625) to work on /Users/yueyaoz/Downloads/IS3107-FinSum/.airflow/lib/python3.10/site-packages/airflow/example_dags/example_branch_operator.py
[2025-04-21T09:21:37.962+0800] {processor.py:914} INFO - Processing file /Users/yueyaoz/Downloads/IS3107-FinSum/.airflow/lib/python3.10/site-packages/airflow/example_dags/example_branch_operator.py for tasks to queue
[2025-04-21T09:21:37.962+0800] {logging_mixin.py:190} INFO - [2025-04-21T09:21:37.962+0800] {dagbag.py:588} INFO - Filling up the DagBag from /Users/yueyaoz/Downloads/IS3107-FinSum/.airflow/lib/python3.10/site-packages/airflow/example_dags/example_branch_operator.py
[2025-04-21T09:21:37.971+0800] {processor.py:927} WARNING - No viable dags retrieved from /Users/yueyaoz/Downloads/IS3107-FinSum/.airflow/lib/python3.10/site-packages/airflow/example_dags/example_branch_operator.py
[2025-04-21T09:21:38.009+0800] {processor.py:208} INFO - Processing /Users/yueyaoz/Downloads/IS3107-FinSum/.airflow/lib/python3.10/site-packages/airflow/example_dags/example_branch_operator.py took 0.049 seconds
[2025-04-21T09:24:06.005+0800] {processor.py:186} INFO - Started process (PID=1815) to work on /Users/yueyaoz/Downloads/IS3107-FinSum/.airflow/lib/python3.10/site-packages/airflow/example_dags/example_branch_operator.py
[2025-04-21T09:24:06.006+0800] {processor.py:914} INFO - Processing file /Users/yueyaoz/Downloads/IS3107-FinSum/.airflow/lib/python3.10/site-packages/airflow/example_dags/example_branch_operator.py for tasks to queue
[2025-04-21T09:24:06.006+0800] {logging_mixin.py:190} INFO - [2025-04-21T09:24:06.006+0800] {dagbag.py:588} INFO - Filling up the DagBag from /Users/yueyaoz/Downloads/IS3107-FinSum/.airflow/lib/python3.10/site-packages/airflow/example_dags/example_branch_operator.py
[2025-04-21T09:24:06.015+0800] {processor.py:927} WARNING - No viable dags retrieved from /Users/yueyaoz/Downloads/IS3107-FinSum/.airflow/lib/python3.10/site-packages/airflow/example_dags/example_branch_operator.py
[2025-04-21T09:24:06.052+0800] {processor.py:208} INFO - Processing /Users/yueyaoz/Downloads/IS3107-FinSum/.airflow/lib/python3.10/site-packages/airflow/example_dags/example_branch_operator.py took 0.048 seconds
[2025-04-21T09:26:39.016+0800] {processor.py:186} INFO - Started process (PID=2009) to work on /Users/yueyaoz/Downloads/IS3107-FinSum/.airflow/lib/python3.10/site-packages/airflow/example_dags/example_branch_operator.py
[2025-04-21T09:26:39.017+0800] {processor.py:914} INFO - Processing file /Users/yueyaoz/Downloads/IS3107-FinSum/.airflow/lib/python3.10/site-packages/airflow/example_dags/example_branch_operator.py for tasks to queue
[2025-04-21T09:26:39.017+0800] {logging_mixin.py:190} INFO - [2025-04-21T09:26:39.017+0800] {dagbag.py:588} INFO - Filling up the DagBag from /Users/yueyaoz/Downloads/IS3107-FinSum/.airflow/lib/python3.10/site-packages/airflow/example_dags/example_branch_operator.py
[2025-04-21T09:26:39.025+0800] {processor.py:927} WARNING - No viable dags retrieved from /Users/yueyaoz/Downloads/IS3107-FinSum/.airflow/lib/python3.10/site-packages/airflow/example_dags/example_branch_operator.py
[2025-04-21T09:26:39.062+0800] {processor.py:208} INFO - Processing /Users/yueyaoz/Downloads/IS3107-FinSum/.airflow/lib/python3.10/site-packages/airflow/example_dags/example_branch_operator.py took 0.048 seconds
[2025-04-21T09:29:16.563+0800] {processor.py:186} INFO - Started process (PID=2212) to work on /Users/yueyaoz/Downloads/IS3107-FinSum/.airflow/lib/python3.10/site-packages/airflow/example_dags/example_branch_operator.py
[2025-04-21T09:29:16.565+0800] {processor.py:914} INFO - Processing file /Users/yueyaoz/Downloads/IS3107-FinSum/.airflow/lib/python3.10/site-packages/airflow/example_dags/example_branch_operator.py for tasks to queue
[2025-04-21T09:29:16.565+0800] {logging_mixin.py:190} INFO - [2025-04-21T09:29:16.565+0800] {dagbag.py:588} INFO - Filling up the DagBag from /Users/yueyaoz/Downloads/IS3107-FinSum/.airflow/lib/python3.10/site-packages/airflow/example_dags/example_branch_operator.py
[2025-04-21T09:29:16.574+0800] {processor.py:927} WARNING - No viable dags retrieved from /Users/yueyaoz/Downloads/IS3107-FinSum/.airflow/lib/python3.10/site-packages/airflow/example_dags/example_branch_operator.py
[2025-04-21T09:29:16.611+0800] {processor.py:208} INFO - Processing /Users/yueyaoz/Downloads/IS3107-FinSum/.airflow/lib/python3.10/site-packages/airflow/example_dags/example_branch_operator.py took 0.049 seconds
[2025-04-21T09:31:46.616+0800] {processor.py:186} INFO - Started process (PID=2402) to work on /Users/yueyaoz/Downloads/IS3107-FinSum/.airflow/lib/python3.10/site-packages/airflow/example_dags/example_branch_operator.py
[2025-04-21T09:31:46.617+0800] {processor.py:914} INFO - Processing file /Users/yueyaoz/Downloads/IS3107-FinSum/.airflow/lib/python3.10/site-packages/airflow/example_dags/example_branch_operator.py for tasks to queue
[2025-04-21T09:31:46.617+0800] {logging_mixin.py:190} INFO - [2025-04-21T09:31:46.617+0800] {dagbag.py:588} INFO - Filling up the DagBag from /Users/yueyaoz/Downloads/IS3107-FinSum/.airflow/lib/python3.10/site-packages/airflow/example_dags/example_branch_operator.py
[2025-04-21T09:31:46.625+0800] {processor.py:927} WARNING - No viable dags retrieved from /Users/yueyaoz/Downloads/IS3107-FinSum/.airflow/lib/python3.10/site-packages/airflow/example_dags/example_branch_operator.py
[2025-04-21T09:31:46.662+0800] {processor.py:208} INFO - Processing /Users/yueyaoz/Downloads/IS3107-FinSum/.airflow/lib/python3.10/site-packages/airflow/example_dags/example_branch_operator.py took 0.047 seconds
[2025-04-21T09:34:14.619+0800] {processor.py:186} INFO - Started process (PID=2596) to work on /Users/yueyaoz/Downloads/IS3107-FinSum/.airflow/lib/python3.10/site-packages/airflow/example_dags/example_branch_operator.py
[2025-04-21T09:34:14.619+0800] {processor.py:914} INFO - Processing file /Users/yueyaoz/Downloads/IS3107-FinSum/.airflow/lib/python3.10/site-packages/airflow/example_dags/example_branch_operator.py for tasks to queue
[2025-04-21T09:34:14.619+0800] {logging_mixin.py:190} INFO - [2025-04-21T09:34:14.619+0800] {dagbag.py:588} INFO - Filling up the DagBag from /Users/yueyaoz/Downloads/IS3107-FinSum/.airflow/lib/python3.10/site-packages/airflow/example_dags/example_branch_operator.py
[2025-04-21T09:34:14.628+0800] {processor.py:927} WARNING - No viable dags retrieved from /Users/yueyaoz/Downloads/IS3107-FinSum/.airflow/lib/python3.10/site-packages/airflow/example_dags/example_branch_operator.py
[2025-04-21T09:34:14.668+0800] {processor.py:208} INFO - Processing /Users/yueyaoz/Downloads/IS3107-FinSum/.airflow/lib/python3.10/site-packages/airflow/example_dags/example_branch_operator.py took 0.051 seconds
[2025-04-21T09:36:41.166+0800] {processor.py:186} INFO - Started process (PID=2792) to work on /Users/yueyaoz/Downloads/IS3107-FinSum/.airflow/lib/python3.10/site-packages/airflow/example_dags/example_branch_operator.py
[2025-04-21T09:36:41.167+0800] {processor.py:914} INFO - Processing file /Users/yueyaoz/Downloads/IS3107-FinSum/.airflow/lib/python3.10/site-packages/airflow/example_dags/example_branch_operator.py for tasks to queue
[2025-04-21T09:36:41.168+0800] {logging_mixin.py:190} INFO - [2025-04-21T09:36:41.168+0800] {dagbag.py:588} INFO - Filling up the DagBag from /Users/yueyaoz/Downloads/IS3107-FinSum/.airflow/lib/python3.10/site-packages/airflow/example_dags/example_branch_operator.py
[2025-04-21T09:36:41.176+0800] {processor.py:927} WARNING - No viable dags retrieved from /Users/yueyaoz/Downloads/IS3107-FinSum/.airflow/lib/python3.10/site-packages/airflow/example_dags/example_branch_operator.py
[2025-04-21T09:36:41.213+0800] {processor.py:208} INFO - Processing /Users/yueyaoz/Downloads/IS3107-FinSum/.airflow/lib/python3.10/site-packages/airflow/example_dags/example_branch_operator.py took 0.049 seconds
[2025-04-21T09:39:06.848+0800] {processor.py:186} INFO - Started process (PID=2981) to work on /Users/yueyaoz/Downloads/IS3107-FinSum/.airflow/lib/python3.10/site-packages/airflow/example_dags/example_branch_operator.py
[2025-04-21T09:39:06.850+0800] {processor.py:914} INFO - Processing file /Users/yueyaoz/Downloads/IS3107-FinSum/.airflow/lib/python3.10/site-packages/airflow/example_dags/example_branch_operator.py for tasks to queue
[2025-04-21T09:39:06.850+0800] {logging_mixin.py:190} INFO - [2025-04-21T09:39:06.850+0800] {dagbag.py:588} INFO - Filling up the DagBag from /Users/yueyaoz/Downloads/IS3107-FinSum/.airflow/lib/python3.10/site-packages/airflow/example_dags/example_branch_operator.py
[2025-04-21T09:39:06.859+0800] {processor.py:927} WARNING - No viable dags retrieved from /Users/yueyaoz/Downloads/IS3107-FinSum/.airflow/lib/python3.10/site-packages/airflow/example_dags/example_branch_operator.py
[2025-04-21T09:39:06.896+0800] {processor.py:208} INFO - Processing /Users/yueyaoz/Downloads/IS3107-FinSum/.airflow/lib/python3.10/site-packages/airflow/example_dags/example_branch_operator.py took 0.049 seconds
[2025-04-21T09:41:36.100+0800] {processor.py:186} INFO - Started process (PID=3178) to work on /Users/yueyaoz/Downloads/IS3107-FinSum/.airflow/lib/python3.10/site-packages/airflow/example_dags/example_branch_operator.py
[2025-04-21T09:41:36.102+0800] {processor.py:914} INFO - Processing file /Users/yueyaoz/Downloads/IS3107-FinSum/.airflow/lib/python3.10/site-packages/airflow/example_dags/example_branch_operator.py for tasks to queue
[2025-04-21T09:41:36.102+0800] {logging_mixin.py:190} INFO - [2025-04-21T09:41:36.102+0800] {dagbag.py:588} INFO - Filling up the DagBag from /Users/yueyaoz/Downloads/IS3107-FinSum/.airflow/lib/python3.10/site-packages/airflow/example_dags/example_branch_operator.py
[2025-04-21T09:41:36.111+0800] {processor.py:927} WARNING - No viable dags retrieved from /Users/yueyaoz/Downloads/IS3107-FinSum/.airflow/lib/python3.10/site-packages/airflow/example_dags/example_branch_operator.py
[2025-04-21T09:41:36.147+0800] {processor.py:208} INFO - Processing /Users/yueyaoz/Downloads/IS3107-FinSum/.airflow/lib/python3.10/site-packages/airflow/example_dags/example_branch_operator.py took 0.049 seconds
[2025-04-21T09:44:06.956+0800] {processor.py:186} INFO - Started process (PID=3369) to work on /Users/yueyaoz/Downloads/IS3107-FinSum/.airflow/lib/python3.10/site-packages/airflow/example_dags/example_branch_operator.py
[2025-04-21T09:44:06.957+0800] {processor.py:914} INFO - Processing file /Users/yueyaoz/Downloads/IS3107-FinSum/.airflow/lib/python3.10/site-packages/airflow/example_dags/example_branch_operator.py for tasks to queue
[2025-04-21T09:44:06.958+0800] {logging_mixin.py:190} INFO - [2025-04-21T09:44:06.958+0800] {dagbag.py:588} INFO - Filling up the DagBag from /Users/yueyaoz/Downloads/IS3107-FinSum/.airflow/lib/python3.10/site-packages/airflow/example_dags/example_branch_operator.py
[2025-04-21T09:44:06.966+0800] {processor.py:927} WARNING - No viable dags retrieved from /Users/yueyaoz/Downloads/IS3107-FinSum/.airflow/lib/python3.10/site-packages/airflow/example_dags/example_branch_operator.py
[2025-04-21T09:44:07.003+0800] {processor.py:208} INFO - Processing /Users/yueyaoz/Downloads/IS3107-FinSum/.airflow/lib/python3.10/site-packages/airflow/example_dags/example_branch_operator.py took 0.049 seconds
[2025-04-21T09:46:38.879+0800] {processor.py:186} INFO - Started process (PID=3577) to work on /Users/yueyaoz/Downloads/IS3107-FinSum/.airflow/lib/python3.10/site-packages/airflow/example_dags/example_branch_operator.py
[2025-04-21T09:46:38.880+0800] {processor.py:914} INFO - Processing file /Users/yueyaoz/Downloads/IS3107-FinSum/.airflow/lib/python3.10/site-packages/airflow/example_dags/example_branch_operator.py for tasks to queue
[2025-04-21T09:46:38.880+0800] {logging_mixin.py:190} INFO - [2025-04-21T09:46:38.880+0800] {dagbag.py:588} INFO - Filling up the DagBag from /Users/yueyaoz/Downloads/IS3107-FinSum/.airflow/lib/python3.10/site-packages/airflow/example_dags/example_branch_operator.py
[2025-04-21T09:46:38.888+0800] {processor.py:927} WARNING - No viable dags retrieved from /Users/yueyaoz/Downloads/IS3107-FinSum/.airflow/lib/python3.10/site-packages/airflow/example_dags/example_branch_operator.py
[2025-04-21T09:46:38.925+0800] {processor.py:208} INFO - Processing /Users/yueyaoz/Downloads/IS3107-FinSum/.airflow/lib/python3.10/site-packages/airflow/example_dags/example_branch_operator.py took 0.048 seconds
[2025-04-21T09:48:59.862+0800] {processor.py:186} INFO - Started process (PID=3761) to work on /Users/yueyaoz/Downloads/IS3107-FinSum/.airflow/lib/python3.10/site-packages/airflow/example_dags/example_branch_operator.py
[2025-04-21T09:48:59.863+0800] {processor.py:914} INFO - Processing file /Users/yueyaoz/Downloads/IS3107-FinSum/.airflow/lib/python3.10/site-packages/airflow/example_dags/example_branch_operator.py for tasks to queue
[2025-04-21T09:48:59.863+0800] {logging_mixin.py:190} INFO - [2025-04-21T09:48:59.863+0800] {dagbag.py:588} INFO - Filling up the DagBag from /Users/yueyaoz/Downloads/IS3107-FinSum/.airflow/lib/python3.10/site-packages/airflow/example_dags/example_branch_operator.py
[2025-04-21T09:48:59.871+0800] {processor.py:927} WARNING - No viable dags retrieved from /Users/yueyaoz/Downloads/IS3107-FinSum/.airflow/lib/python3.10/site-packages/airflow/example_dags/example_branch_operator.py
[2025-04-21T09:48:59.909+0800] {processor.py:208} INFO - Processing /Users/yueyaoz/Downloads/IS3107-FinSum/.airflow/lib/python3.10/site-packages/airflow/example_dags/example_branch_operator.py took 0.047 seconds
[2025-04-21T09:51:31.391+0800] {processor.py:186} INFO - Started process (PID=3953) to work on /Users/yueyaoz/Downloads/IS3107-FinSum/.airflow/lib/python3.10/site-packages/airflow/example_dags/example_branch_operator.py
[2025-04-21T09:51:31.392+0800] {processor.py:914} INFO - Processing file /Users/yueyaoz/Downloads/IS3107-FinSum/.airflow/lib/python3.10/site-packages/airflow/example_dags/example_branch_operator.py for tasks to queue
[2025-04-21T09:51:31.392+0800] {logging_mixin.py:190} INFO - [2025-04-21T09:51:31.392+0800] {dagbag.py:588} INFO - Filling up the DagBag from /Users/yueyaoz/Downloads/IS3107-FinSum/.airflow/lib/python3.10/site-packages/airflow/example_dags/example_branch_operator.py
[2025-04-21T09:51:31.401+0800] {processor.py:927} WARNING - No viable dags retrieved from /Users/yueyaoz/Downloads/IS3107-FinSum/.airflow/lib/python3.10/site-packages/airflow/example_dags/example_branch_operator.py
[2025-04-21T09:51:31.438+0800] {processor.py:208} INFO - Processing /Users/yueyaoz/Downloads/IS3107-FinSum/.airflow/lib/python3.10/site-packages/airflow/example_dags/example_branch_operator.py took 0.049 seconds
[2025-04-21T09:54:08.049+0800] {processor.py:186} INFO - Started process (PID=4153) to work on /Users/yueyaoz/Downloads/IS3107-FinSum/.airflow/lib/python3.10/site-packages/airflow/example_dags/example_branch_operator.py
[2025-04-21T09:54:08.050+0800] {processor.py:914} INFO - Processing file /Users/yueyaoz/Downloads/IS3107-FinSum/.airflow/lib/python3.10/site-packages/airflow/example_dags/example_branch_operator.py for tasks to queue
[2025-04-21T09:54:08.051+0800] {logging_mixin.py:190} INFO - [2025-04-21T09:54:08.051+0800] {dagbag.py:588} INFO - Filling up the DagBag from /Users/yueyaoz/Downloads/IS3107-FinSum/.airflow/lib/python3.10/site-packages/airflow/example_dags/example_branch_operator.py
[2025-04-21T09:54:08.061+0800] {processor.py:927} WARNING - No viable dags retrieved from /Users/yueyaoz/Downloads/IS3107-FinSum/.airflow/lib/python3.10/site-packages/airflow/example_dags/example_branch_operator.py
[2025-04-21T09:54:08.105+0800] {processor.py:208} INFO - Processing /Users/yueyaoz/Downloads/IS3107-FinSum/.airflow/lib/python3.10/site-packages/airflow/example_dags/example_branch_operator.py took 0.058 seconds
[2025-04-21T09:56:43.238+0800] {processor.py:186} INFO - Started process (PID=4350) to work on /Users/yueyaoz/Downloads/IS3107-FinSum/.airflow/lib/python3.10/site-packages/airflow/example_dags/example_branch_operator.py
[2025-04-21T09:56:43.239+0800] {processor.py:914} INFO - Processing file /Users/yueyaoz/Downloads/IS3107-FinSum/.airflow/lib/python3.10/site-packages/airflow/example_dags/example_branch_operator.py for tasks to queue
[2025-04-21T09:56:43.239+0800] {logging_mixin.py:190} INFO - [2025-04-21T09:56:43.239+0800] {dagbag.py:588} INFO - Filling up the DagBag from /Users/yueyaoz/Downloads/IS3107-FinSum/.airflow/lib/python3.10/site-packages/airflow/example_dags/example_branch_operator.py
[2025-04-21T09:56:43.248+0800] {processor.py:927} WARNING - No viable dags retrieved from /Users/yueyaoz/Downloads/IS3107-FinSum/.airflow/lib/python3.10/site-packages/airflow/example_dags/example_branch_operator.py
[2025-04-21T09:56:43.287+0800] {processor.py:208} INFO - Processing /Users/yueyaoz/Downloads/IS3107-FinSum/.airflow/lib/python3.10/site-packages/airflow/example_dags/example_branch_operator.py took 0.050 seconds
[2025-04-21T09:59:21.003+0800] {processor.py:186} INFO - Started process (PID=4547) to work on /Users/yueyaoz/Downloads/IS3107-FinSum/.airflow/lib/python3.10/site-packages/airflow/example_dags/example_branch_operator.py
[2025-04-21T09:59:21.004+0800] {processor.py:914} INFO - Processing file /Users/yueyaoz/Downloads/IS3107-FinSum/.airflow/lib/python3.10/site-packages/airflow/example_dags/example_branch_operator.py for tasks to queue
[2025-04-21T09:59:21.004+0800] {logging_mixin.py:190} INFO - [2025-04-21T09:59:21.004+0800] {dagbag.py:588} INFO - Filling up the DagBag from /Users/yueyaoz/Downloads/IS3107-FinSum/.airflow/lib/python3.10/site-packages/airflow/example_dags/example_branch_operator.py
[2025-04-21T09:59:21.013+0800] {processor.py:927} WARNING - No viable dags retrieved from /Users/yueyaoz/Downloads/IS3107-FinSum/.airflow/lib/python3.10/site-packages/airflow/example_dags/example_branch_operator.py
[2025-04-21T09:59:21.052+0800] {processor.py:208} INFO - Processing /Users/yueyaoz/Downloads/IS3107-FinSum/.airflow/lib/python3.10/site-packages/airflow/example_dags/example_branch_operator.py took 0.051 seconds
[2025-04-21T10:01:52.935+0800] {processor.py:186} INFO - Started process (PID=4736) to work on /Users/yueyaoz/Downloads/IS3107-FinSum/.airflow/lib/python3.10/site-packages/airflow/example_dags/example_branch_operator.py
[2025-04-21T10:01:52.936+0800] {processor.py:914} INFO - Processing file /Users/yueyaoz/Downloads/IS3107-FinSum/.airflow/lib/python3.10/site-packages/airflow/example_dags/example_branch_operator.py for tasks to queue
[2025-04-21T10:01:52.937+0800] {logging_mixin.py:190} INFO - [2025-04-21T10:01:52.936+0800] {dagbag.py:588} INFO - Filling up the DagBag from /Users/yueyaoz/Downloads/IS3107-FinSum/.airflow/lib/python3.10/site-packages/airflow/example_dags/example_branch_operator.py
[2025-04-21T10:01:52.945+0800] {processor.py:927} WARNING - No viable dags retrieved from /Users/yueyaoz/Downloads/IS3107-FinSum/.airflow/lib/python3.10/site-packages/airflow/example_dags/example_branch_operator.py
[2025-04-21T10:01:52.981+0800] {processor.py:208} INFO - Processing /Users/yueyaoz/Downloads/IS3107-FinSum/.airflow/lib/python3.10/site-packages/airflow/example_dags/example_branch_operator.py took 0.048 seconds
[2025-04-21T10:04:24.710+0800] {processor.py:186} INFO - Started process (PID=4930) to work on /Users/yueyaoz/Downloads/IS3107-FinSum/.airflow/lib/python3.10/site-packages/airflow/example_dags/example_branch_operator.py
[2025-04-21T10:04:24.711+0800] {processor.py:914} INFO - Processing file /Users/yueyaoz/Downloads/IS3107-FinSum/.airflow/lib/python3.10/site-packages/airflow/example_dags/example_branch_operator.py for tasks to queue
[2025-04-21T10:04:24.712+0800] {logging_mixin.py:190} INFO - [2025-04-21T10:04:24.712+0800] {dagbag.py:588} INFO - Filling up the DagBag from /Users/yueyaoz/Downloads/IS3107-FinSum/.airflow/lib/python3.10/site-packages/airflow/example_dags/example_branch_operator.py
[2025-04-21T10:04:24.720+0800] {processor.py:927} WARNING - No viable dags retrieved from /Users/yueyaoz/Downloads/IS3107-FinSum/.airflow/lib/python3.10/site-packages/airflow/example_dags/example_branch_operator.py
[2025-04-21T10:04:24.757+0800] {processor.py:208} INFO - Processing /Users/yueyaoz/Downloads/IS3107-FinSum/.airflow/lib/python3.10/site-packages/airflow/example_dags/example_branch_operator.py took 0.049 seconds
[2025-04-21T10:06:53.463+0800] {processor.py:186} INFO - Started process (PID=5125) to work on /Users/yueyaoz/Downloads/IS3107-FinSum/.airflow/lib/python3.10/site-packages/airflow/example_dags/example_branch_operator.py
[2025-04-21T10:06:53.465+0800] {processor.py:914} INFO - Processing file /Users/yueyaoz/Downloads/IS3107-FinSum/.airflow/lib/python3.10/site-packages/airflow/example_dags/example_branch_operator.py for tasks to queue
[2025-04-21T10:06:53.465+0800] {logging_mixin.py:190} INFO - [2025-04-21T10:06:53.465+0800] {dagbag.py:588} INFO - Filling up the DagBag from /Users/yueyaoz/Downloads/IS3107-FinSum/.airflow/lib/python3.10/site-packages/airflow/example_dags/example_branch_operator.py
[2025-04-21T10:06:53.474+0800] {processor.py:927} WARNING - No viable dags retrieved from /Users/yueyaoz/Downloads/IS3107-FinSum/.airflow/lib/python3.10/site-packages/airflow/example_dags/example_branch_operator.py
[2025-04-21T10:06:53.511+0800] {processor.py:208} INFO - Processing /Users/yueyaoz/Downloads/IS3107-FinSum/.airflow/lib/python3.10/site-packages/airflow/example_dags/example_branch_operator.py took 0.049 seconds
[2025-04-21T10:09:24.141+0800] {processor.py:186} INFO - Started process (PID=5322) to work on /Users/yueyaoz/Downloads/IS3107-FinSum/.airflow/lib/python3.10/site-packages/airflow/example_dags/example_branch_operator.py
[2025-04-21T10:09:24.143+0800] {processor.py:914} INFO - Processing file /Users/yueyaoz/Downloads/IS3107-FinSum/.airflow/lib/python3.10/site-packages/airflow/example_dags/example_branch_operator.py for tasks to queue
[2025-04-21T10:09:24.143+0800] {logging_mixin.py:190} INFO - [2025-04-21T10:09:24.143+0800] {dagbag.py:588} INFO - Filling up the DagBag from /Users/yueyaoz/Downloads/IS3107-FinSum/.airflow/lib/python3.10/site-packages/airflow/example_dags/example_branch_operator.py
[2025-04-21T10:09:24.152+0800] {processor.py:927} WARNING - No viable dags retrieved from /Users/yueyaoz/Downloads/IS3107-FinSum/.airflow/lib/python3.10/site-packages/airflow/example_dags/example_branch_operator.py
[2025-04-21T10:09:24.189+0800] {processor.py:208} INFO - Processing /Users/yueyaoz/Downloads/IS3107-FinSum/.airflow/lib/python3.10/site-packages/airflow/example_dags/example_branch_operator.py took 0.049 seconds
[2025-04-21T10:11:54.981+0800] {processor.py:186} INFO - Started process (PID=5512) to work on /Users/yueyaoz/Downloads/IS3107-FinSum/.airflow/lib/python3.10/site-packages/airflow/example_dags/example_branch_operator.py
[2025-04-21T10:11:54.981+0800] {processor.py:914} INFO - Processing file /Users/yueyaoz/Downloads/IS3107-FinSum/.airflow/lib/python3.10/site-packages/airflow/example_dags/example_branch_operator.py for tasks to queue
[2025-04-21T10:11:54.982+0800] {logging_mixin.py:190} INFO - [2025-04-21T10:11:54.982+0800] {dagbag.py:588} INFO - Filling up the DagBag from /Users/yueyaoz/Downloads/IS3107-FinSum/.airflow/lib/python3.10/site-packages/airflow/example_dags/example_branch_operator.py
[2025-04-21T10:11:54.990+0800] {processor.py:927} WARNING - No viable dags retrieved from /Users/yueyaoz/Downloads/IS3107-FinSum/.airflow/lib/python3.10/site-packages/airflow/example_dags/example_branch_operator.py
[2025-04-21T10:11:55.027+0800] {processor.py:208} INFO - Processing /Users/yueyaoz/Downloads/IS3107-FinSum/.airflow/lib/python3.10/site-packages/airflow/example_dags/example_branch_operator.py took 0.048 seconds
[2025-04-21T10:14:24.714+0800] {processor.py:186} INFO - Started process (PID=5702) to work on /Users/yueyaoz/Downloads/IS3107-FinSum/.airflow/lib/python3.10/site-packages/airflow/example_dags/example_branch_operator.py
[2025-04-21T10:14:24.716+0800] {processor.py:914} INFO - Processing file /Users/yueyaoz/Downloads/IS3107-FinSum/.airflow/lib/python3.10/site-packages/airflow/example_dags/example_branch_operator.py for tasks to queue
[2025-04-21T10:14:24.716+0800] {logging_mixin.py:190} INFO - [2025-04-21T10:14:24.716+0800] {dagbag.py:588} INFO - Filling up the DagBag from /Users/yueyaoz/Downloads/IS3107-FinSum/.airflow/lib/python3.10/site-packages/airflow/example_dags/example_branch_operator.py
[2025-04-21T10:14:24.725+0800] {processor.py:927} WARNING - No viable dags retrieved from /Users/yueyaoz/Downloads/IS3107-FinSum/.airflow/lib/python3.10/site-packages/airflow/example_dags/example_branch_operator.py
[2025-04-21T10:14:24.762+0800] {processor.py:208} INFO - Processing /Users/yueyaoz/Downloads/IS3107-FinSum/.airflow/lib/python3.10/site-packages/airflow/example_dags/example_branch_operator.py took 0.049 seconds
[2025-04-21T10:16:52.840+0800] {processor.py:186} INFO - Started process (PID=5888) to work on /Users/yueyaoz/Downloads/IS3107-FinSum/.airflow/lib/python3.10/site-packages/airflow/example_dags/example_branch_operator.py
[2025-04-21T10:16:52.842+0800] {processor.py:914} INFO - Processing file /Users/yueyaoz/Downloads/IS3107-FinSum/.airflow/lib/python3.10/site-packages/airflow/example_dags/example_branch_operator.py for tasks to queue
[2025-04-21T10:16:52.842+0800] {logging_mixin.py:190} INFO - [2025-04-21T10:16:52.842+0800] {dagbag.py:588} INFO - Filling up the DagBag from /Users/yueyaoz/Downloads/IS3107-FinSum/.airflow/lib/python3.10/site-packages/airflow/example_dags/example_branch_operator.py
[2025-04-21T10:16:52.850+0800] {processor.py:927} WARNING - No viable dags retrieved from /Users/yueyaoz/Downloads/IS3107-FinSum/.airflow/lib/python3.10/site-packages/airflow/example_dags/example_branch_operator.py
[2025-04-21T10:16:52.887+0800] {processor.py:208} INFO - Processing /Users/yueyaoz/Downloads/IS3107-FinSum/.airflow/lib/python3.10/site-packages/airflow/example_dags/example_branch_operator.py took 0.049 seconds
[2025-04-21T10:19:22.272+0800] {processor.py:186} INFO - Started process (PID=6081) to work on /Users/yueyaoz/Downloads/IS3107-FinSum/.airflow/lib/python3.10/site-packages/airflow/example_dags/example_branch_operator.py
[2025-04-21T10:19:22.273+0800] {processor.py:914} INFO - Processing file /Users/yueyaoz/Downloads/IS3107-FinSum/.airflow/lib/python3.10/site-packages/airflow/example_dags/example_branch_operator.py for tasks to queue
[2025-04-21T10:19:22.273+0800] {logging_mixin.py:190} INFO - [2025-04-21T10:19:22.273+0800] {dagbag.py:588} INFO - Filling up the DagBag from /Users/yueyaoz/Downloads/IS3107-FinSum/.airflow/lib/python3.10/site-packages/airflow/example_dags/example_branch_operator.py
[2025-04-21T10:19:22.282+0800] {processor.py:927} WARNING - No viable dags retrieved from /Users/yueyaoz/Downloads/IS3107-FinSum/.airflow/lib/python3.10/site-packages/airflow/example_dags/example_branch_operator.py
[2025-04-21T10:19:22.318+0800] {processor.py:208} INFO - Processing /Users/yueyaoz/Downloads/IS3107-FinSum/.airflow/lib/python3.10/site-packages/airflow/example_dags/example_branch_operator.py took 0.048 seconds
[2025-04-21T10:21:56.251+0800] {processor.py:186} INFO - Started process (PID=6268) to work on /Users/yueyaoz/Downloads/IS3107-FinSum/.airflow/lib/python3.10/site-packages/airflow/example_dags/example_branch_operator.py
[2025-04-21T10:21:56.252+0800] {processor.py:914} INFO - Processing file /Users/yueyaoz/Downloads/IS3107-FinSum/.airflow/lib/python3.10/site-packages/airflow/example_dags/example_branch_operator.py for tasks to queue
[2025-04-21T10:21:56.253+0800] {logging_mixin.py:190} INFO - [2025-04-21T10:21:56.252+0800] {dagbag.py:588} INFO - Filling up the DagBag from /Users/yueyaoz/Downloads/IS3107-FinSum/.airflow/lib/python3.10/site-packages/airflow/example_dags/example_branch_operator.py
[2025-04-21T10:21:56.261+0800] {processor.py:927} WARNING - No viable dags retrieved from /Users/yueyaoz/Downloads/IS3107-FinSum/.airflow/lib/python3.10/site-packages/airflow/example_dags/example_branch_operator.py
[2025-04-21T10:21:56.298+0800] {processor.py:208} INFO - Processing /Users/yueyaoz/Downloads/IS3107-FinSum/.airflow/lib/python3.10/site-packages/airflow/example_dags/example_branch_operator.py took 0.048 seconds
[2025-04-21T10:24:25.482+0800] {processor.py:186} INFO - Started process (PID=6458) to work on /Users/yueyaoz/Downloads/IS3107-FinSum/.airflow/lib/python3.10/site-packages/airflow/example_dags/example_branch_operator.py
[2025-04-21T10:24:25.484+0800] {processor.py:914} INFO - Processing file /Users/yueyaoz/Downloads/IS3107-FinSum/.airflow/lib/python3.10/site-packages/airflow/example_dags/example_branch_operator.py for tasks to queue
[2025-04-21T10:24:25.484+0800] {logging_mixin.py:190} INFO - [2025-04-21T10:24:25.484+0800] {dagbag.py:588} INFO - Filling up the DagBag from /Users/yueyaoz/Downloads/IS3107-FinSum/.airflow/lib/python3.10/site-packages/airflow/example_dags/example_branch_operator.py
[2025-04-21T10:24:25.493+0800] {processor.py:927} WARNING - No viable dags retrieved from /Users/yueyaoz/Downloads/IS3107-FinSum/.airflow/lib/python3.10/site-packages/airflow/example_dags/example_branch_operator.py
[2025-04-21T10:24:25.531+0800] {processor.py:208} INFO - Processing /Users/yueyaoz/Downloads/IS3107-FinSum/.airflow/lib/python3.10/site-packages/airflow/example_dags/example_branch_operator.py took 0.050 seconds
[2025-04-21T10:27:00.912+0800] {processor.py:186} INFO - Started process (PID=6652) to work on /Users/yueyaoz/Downloads/IS3107-FinSum/.airflow/lib/python3.10/site-packages/airflow/example_dags/example_branch_operator.py
[2025-04-21T10:27:00.914+0800] {processor.py:914} INFO - Processing file /Users/yueyaoz/Downloads/IS3107-FinSum/.airflow/lib/python3.10/site-packages/airflow/example_dags/example_branch_operator.py for tasks to queue
[2025-04-21T10:27:00.914+0800] {logging_mixin.py:190} INFO - [2025-04-21T10:27:00.914+0800] {dagbag.py:588} INFO - Filling up the DagBag from /Users/yueyaoz/Downloads/IS3107-FinSum/.airflow/lib/python3.10/site-packages/airflow/example_dags/example_branch_operator.py
[2025-04-21T10:27:00.922+0800] {processor.py:927} WARNING - No viable dags retrieved from /Users/yueyaoz/Downloads/IS3107-FinSum/.airflow/lib/python3.10/site-packages/airflow/example_dags/example_branch_operator.py
[2025-04-21T10:27:00.959+0800] {processor.py:208} INFO - Processing /Users/yueyaoz/Downloads/IS3107-FinSum/.airflow/lib/python3.10/site-packages/airflow/example_dags/example_branch_operator.py took 0.048 seconds
[2025-04-21T10:29:33.323+0800] {processor.py:186} INFO - Started process (PID=6845) to work on /Users/yueyaoz/Downloads/IS3107-FinSum/.airflow/lib/python3.10/site-packages/airflow/example_dags/example_branch_operator.py
[2025-04-21T10:29:33.324+0800] {processor.py:914} INFO - Processing file /Users/yueyaoz/Downloads/IS3107-FinSum/.airflow/lib/python3.10/site-packages/airflow/example_dags/example_branch_operator.py for tasks to queue
[2025-04-21T10:29:33.325+0800] {logging_mixin.py:190} INFO - [2025-04-21T10:29:33.325+0800] {dagbag.py:588} INFO - Filling up the DagBag from /Users/yueyaoz/Downloads/IS3107-FinSum/.airflow/lib/python3.10/site-packages/airflow/example_dags/example_branch_operator.py
[2025-04-21T10:29:33.333+0800] {processor.py:927} WARNING - No viable dags retrieved from /Users/yueyaoz/Downloads/IS3107-FinSum/.airflow/lib/python3.10/site-packages/airflow/example_dags/example_branch_operator.py
[2025-04-21T10:29:33.370+0800] {processor.py:208} INFO - Processing /Users/yueyaoz/Downloads/IS3107-FinSum/.airflow/lib/python3.10/site-packages/airflow/example_dags/example_branch_operator.py took 0.048 seconds
[2025-04-21T11:26:09.234+0800] {processor.py:186} INFO - Started process (PID=7091) to work on /Users/yueyaoz/Downloads/IS3107-FinSum/.airflow/lib/python3.10/site-packages/airflow/example_dags/example_branch_operator.py
[2025-04-21T11:26:09.235+0800] {processor.py:914} INFO - Processing file /Users/yueyaoz/Downloads/IS3107-FinSum/.airflow/lib/python3.10/site-packages/airflow/example_dags/example_branch_operator.py for tasks to queue
[2025-04-21T11:26:09.235+0800] {logging_mixin.py:190} INFO - [2025-04-21T11:26:09.235+0800] {dagbag.py:588} INFO - Filling up the DagBag from /Users/yueyaoz/Downloads/IS3107-FinSum/.airflow/lib/python3.10/site-packages/airflow/example_dags/example_branch_operator.py
[2025-04-21T11:26:09.246+0800] {processor.py:927} WARNING - No viable dags retrieved from /Users/yueyaoz/Downloads/IS3107-FinSum/.airflow/lib/python3.10/site-packages/airflow/example_dags/example_branch_operator.py
[2025-04-21T11:26:09.287+0800] {processor.py:208} INFO - Processing /Users/yueyaoz/Downloads/IS3107-FinSum/.airflow/lib/python3.10/site-packages/airflow/example_dags/example_branch_operator.py took 0.055 seconds
[2025-04-21T11:28:53.052+0800] {processor.py:186} INFO - Started process (PID=7290) to work on /Users/yueyaoz/Downloads/IS3107-FinSum/.airflow/lib/python3.10/site-packages/airflow/example_dags/example_branch_operator.py
[2025-04-21T11:28:53.054+0800] {processor.py:914} INFO - Processing file /Users/yueyaoz/Downloads/IS3107-FinSum/.airflow/lib/python3.10/site-packages/airflow/example_dags/example_branch_operator.py for tasks to queue
[2025-04-21T11:28:53.054+0800] {logging_mixin.py:190} INFO - [2025-04-21T11:28:53.054+0800] {dagbag.py:588} INFO - Filling up the DagBag from /Users/yueyaoz/Downloads/IS3107-FinSum/.airflow/lib/python3.10/site-packages/airflow/example_dags/example_branch_operator.py
[2025-04-21T11:28:53.064+0800] {processor.py:927} WARNING - No viable dags retrieved from /Users/yueyaoz/Downloads/IS3107-FinSum/.airflow/lib/python3.10/site-packages/airflow/example_dags/example_branch_operator.py
[2025-04-21T11:28:53.103+0800] {processor.py:208} INFO - Processing /Users/yueyaoz/Downloads/IS3107-FinSum/.airflow/lib/python3.10/site-packages/airflow/example_dags/example_branch_operator.py took 0.052 seconds
[2025-04-21T11:48:51.154+0800] {processor.py:186} INFO - Started process (PID=7532) to work on /Users/yueyaoz/Downloads/IS3107-FinSum/.airflow/lib/python3.10/site-packages/airflow/example_dags/example_branch_operator.py
[2025-04-21T11:48:51.155+0800] {processor.py:914} INFO - Processing file /Users/yueyaoz/Downloads/IS3107-FinSum/.airflow/lib/python3.10/site-packages/airflow/example_dags/example_branch_operator.py for tasks to queue
[2025-04-21T11:48:51.156+0800] {logging_mixin.py:190} INFO - [2025-04-21T11:48:51.156+0800] {dagbag.py:588} INFO - Filling up the DagBag from /Users/yueyaoz/Downloads/IS3107-FinSum/.airflow/lib/python3.10/site-packages/airflow/example_dags/example_branch_operator.py
[2025-04-21T11:48:51.164+0800] {processor.py:927} WARNING - No viable dags retrieved from /Users/yueyaoz/Downloads/IS3107-FinSum/.airflow/lib/python3.10/site-packages/airflow/example_dags/example_branch_operator.py
[2025-04-21T11:48:51.201+0800] {processor.py:208} INFO - Processing /Users/yueyaoz/Downloads/IS3107-FinSum/.airflow/lib/python3.10/site-packages/airflow/example_dags/example_branch_operator.py took 0.049 seconds
[2025-04-21T14:32:16.330+0800] {processor.py:186} INFO - Started process (PID=7828) to work on /Users/yueyaoz/Downloads/IS3107-FinSum/.airflow/lib/python3.10/site-packages/airflow/example_dags/example_branch_operator.py
[2025-04-21T14:32:16.331+0800] {processor.py:914} INFO - Processing file /Users/yueyaoz/Downloads/IS3107-FinSum/.airflow/lib/python3.10/site-packages/airflow/example_dags/example_branch_operator.py for tasks to queue
[2025-04-21T14:32:16.332+0800] {logging_mixin.py:190} INFO - [2025-04-21T14:32:16.331+0800] {dagbag.py:588} INFO - Filling up the DagBag from /Users/yueyaoz/Downloads/IS3107-FinSum/.airflow/lib/python3.10/site-packages/airflow/example_dags/example_branch_operator.py
[2025-04-21T14:32:16.340+0800] {processor.py:927} WARNING - No viable dags retrieved from /Users/yueyaoz/Downloads/IS3107-FinSum/.airflow/lib/python3.10/site-packages/airflow/example_dags/example_branch_operator.py
[2025-04-21T14:32:16.377+0800] {processor.py:208} INFO - Processing /Users/yueyaoz/Downloads/IS3107-FinSum/.airflow/lib/python3.10/site-packages/airflow/example_dags/example_branch_operator.py took 0.048 seconds
[2025-04-21T14:51:15.649+0800] {processor.py:186} INFO - Started process (PID=8045) to work on /Users/yueyaoz/Downloads/IS3107-FinSum/.airflow/lib/python3.10/site-packages/airflow/example_dags/example_branch_operator.py
[2025-04-21T14:51:15.651+0800] {processor.py:914} INFO - Processing file /Users/yueyaoz/Downloads/IS3107-FinSum/.airflow/lib/python3.10/site-packages/airflow/example_dags/example_branch_operator.py for tasks to queue
[2025-04-21T14:51:15.651+0800] {logging_mixin.py:190} INFO - [2025-04-21T14:51:15.651+0800] {dagbag.py:588} INFO - Filling up the DagBag from /Users/yueyaoz/Downloads/IS3107-FinSum/.airflow/lib/python3.10/site-packages/airflow/example_dags/example_branch_operator.py
[2025-04-21T14:51:15.659+0800] {processor.py:927} WARNING - No viable dags retrieved from /Users/yueyaoz/Downloads/IS3107-FinSum/.airflow/lib/python3.10/site-packages/airflow/example_dags/example_branch_operator.py
[2025-04-21T14:51:15.697+0800] {processor.py:208} INFO - Processing /Users/yueyaoz/Downloads/IS3107-FinSum/.airflow/lib/python3.10/site-packages/airflow/example_dags/example_branch_operator.py took 0.049 seconds
[2025-04-21T16:02:21.434+0800] {processor.py:186} INFO - Started process (PID=8282) to work on /Users/yueyaoz/Downloads/IS3107-FinSum/.airflow/lib/python3.10/site-packages/airflow/example_dags/example_branch_operator.py
[2025-04-21T16:02:21.435+0800] {processor.py:914} INFO - Processing file /Users/yueyaoz/Downloads/IS3107-FinSum/.airflow/lib/python3.10/site-packages/airflow/example_dags/example_branch_operator.py for tasks to queue
[2025-04-21T16:02:21.435+0800] {logging_mixin.py:190} INFO - [2025-04-21T16:02:21.435+0800] {dagbag.py:588} INFO - Filling up the DagBag from /Users/yueyaoz/Downloads/IS3107-FinSum/.airflow/lib/python3.10/site-packages/airflow/example_dags/example_branch_operator.py
[2025-04-21T16:02:21.445+0800] {processor.py:927} WARNING - No viable dags retrieved from /Users/yueyaoz/Downloads/IS3107-FinSum/.airflow/lib/python3.10/site-packages/airflow/example_dags/example_branch_operator.py
[2025-04-21T16:02:21.486+0800] {processor.py:208} INFO - Processing /Users/yueyaoz/Downloads/IS3107-FinSum/.airflow/lib/python3.10/site-packages/airflow/example_dags/example_branch_operator.py took 0.054 seconds
[2025-04-21T16:50:44.187+0800] {processor.py:186} INFO - Started process (PID=9509) to work on /Users/yueyaoz/Downloads/IS3107-FinSum/.airflow/lib/python3.10/site-packages/airflow/example_dags/example_branch_operator.py
[2025-04-21T16:50:44.187+0800] {processor.py:914} INFO - Processing file /Users/yueyaoz/Downloads/IS3107-FinSum/.airflow/lib/python3.10/site-packages/airflow/example_dags/example_branch_operator.py for tasks to queue
[2025-04-21T16:50:44.188+0800] {logging_mixin.py:190} INFO - [2025-04-21T16:50:44.188+0800] {dagbag.py:588} INFO - Filling up the DagBag from /Users/yueyaoz/Downloads/IS3107-FinSum/.airflow/lib/python3.10/site-packages/airflow/example_dags/example_branch_operator.py
[2025-04-21T16:50:44.198+0800] {processor.py:927} WARNING - No viable dags retrieved from /Users/yueyaoz/Downloads/IS3107-FinSum/.airflow/lib/python3.10/site-packages/airflow/example_dags/example_branch_operator.py
[2025-04-21T16:50:44.235+0800] {processor.py:208} INFO - Processing /Users/yueyaoz/Downloads/IS3107-FinSum/.airflow/lib/python3.10/site-packages/airflow/example_dags/example_branch_operator.py took 0.050 seconds
[2025-04-21T16:53:24.499+0800] {processor.py:186} INFO - Started process (PID=9750) to work on /Users/yueyaoz/Downloads/IS3107-FinSum/.airflow/lib/python3.10/site-packages/airflow/example_dags/example_branch_operator.py
[2025-04-21T16:53:24.500+0800] {processor.py:914} INFO - Processing file /Users/yueyaoz/Downloads/IS3107-FinSum/.airflow/lib/python3.10/site-packages/airflow/example_dags/example_branch_operator.py for tasks to queue
[2025-04-21T16:53:24.501+0800] {logging_mixin.py:190} INFO - [2025-04-21T16:53:24.501+0800] {dagbag.py:588} INFO - Filling up the DagBag from /Users/yueyaoz/Downloads/IS3107-FinSum/.airflow/lib/python3.10/site-packages/airflow/example_dags/example_branch_operator.py
[2025-04-21T16:53:24.509+0800] {processor.py:927} WARNING - No viable dags retrieved from /Users/yueyaoz/Downloads/IS3107-FinSum/.airflow/lib/python3.10/site-packages/airflow/example_dags/example_branch_operator.py
[2025-04-21T16:53:24.546+0800] {processor.py:208} INFO - Processing /Users/yueyaoz/Downloads/IS3107-FinSum/.airflow/lib/python3.10/site-packages/airflow/example_dags/example_branch_operator.py took 0.048 seconds
[2025-04-21T16:55:51.410+0800] {processor.py:186} INFO - Started process (PID=9968) to work on /Users/yueyaoz/Downloads/IS3107-FinSum/.airflow/lib/python3.10/site-packages/airflow/example_dags/example_branch_operator.py
[2025-04-21T16:55:51.411+0800] {processor.py:914} INFO - Processing file /Users/yueyaoz/Downloads/IS3107-FinSum/.airflow/lib/python3.10/site-packages/airflow/example_dags/example_branch_operator.py for tasks to queue
[2025-04-21T16:55:51.411+0800] {logging_mixin.py:190} INFO - [2025-04-21T16:55:51.411+0800] {dagbag.py:588} INFO - Filling up the DagBag from /Users/yueyaoz/Downloads/IS3107-FinSum/.airflow/lib/python3.10/site-packages/airflow/example_dags/example_branch_operator.py
[2025-04-21T16:55:51.419+0800] {processor.py:927} WARNING - No viable dags retrieved from /Users/yueyaoz/Downloads/IS3107-FinSum/.airflow/lib/python3.10/site-packages/airflow/example_dags/example_branch_operator.py
[2025-04-21T16:55:51.457+0800] {processor.py:208} INFO - Processing /Users/yueyaoz/Downloads/IS3107-FinSum/.airflow/lib/python3.10/site-packages/airflow/example_dags/example_branch_operator.py took 0.048 seconds
[2025-04-21T16:58:18.281+0800] {processor.py:186} INFO - Started process (PID=10166) to work on /Users/yueyaoz/Downloads/IS3107-FinSum/.airflow/lib/python3.10/site-packages/airflow/example_dags/example_branch_operator.py
[2025-04-21T16:58:18.283+0800] {processor.py:914} INFO - Processing file /Users/yueyaoz/Downloads/IS3107-FinSum/.airflow/lib/python3.10/site-packages/airflow/example_dags/example_branch_operator.py for tasks to queue
[2025-04-21T16:58:18.283+0800] {logging_mixin.py:190} INFO - [2025-04-21T16:58:18.283+0800] {dagbag.py:588} INFO - Filling up the DagBag from /Users/yueyaoz/Downloads/IS3107-FinSum/.airflow/lib/python3.10/site-packages/airflow/example_dags/example_branch_operator.py
[2025-04-21T16:58:18.291+0800] {processor.py:927} WARNING - No viable dags retrieved from /Users/yueyaoz/Downloads/IS3107-FinSum/.airflow/lib/python3.10/site-packages/airflow/example_dags/example_branch_operator.py
[2025-04-21T16:58:18.328+0800] {processor.py:208} INFO - Processing /Users/yueyaoz/Downloads/IS3107-FinSum/.airflow/lib/python3.10/site-packages/airflow/example_dags/example_branch_operator.py took 0.048 seconds
[2025-04-21T17:00:57.670+0800] {processor.py:186} INFO - Started process (PID=10364) to work on /Users/yueyaoz/Downloads/IS3107-FinSum/.airflow/lib/python3.10/site-packages/airflow/example_dags/example_branch_operator.py
[2025-04-21T17:00:57.671+0800] {processor.py:914} INFO - Processing file /Users/yueyaoz/Downloads/IS3107-FinSum/.airflow/lib/python3.10/site-packages/airflow/example_dags/example_branch_operator.py for tasks to queue
[2025-04-21T17:00:57.671+0800] {logging_mixin.py:190} INFO - [2025-04-21T17:00:57.671+0800] {dagbag.py:588} INFO - Filling up the DagBag from /Users/yueyaoz/Downloads/IS3107-FinSum/.airflow/lib/python3.10/site-packages/airflow/example_dags/example_branch_operator.py
[2025-04-21T17:00:57.680+0800] {processor.py:927} WARNING - No viable dags retrieved from /Users/yueyaoz/Downloads/IS3107-FinSum/.airflow/lib/python3.10/site-packages/airflow/example_dags/example_branch_operator.py
[2025-04-21T17:00:57.723+0800] {processor.py:208} INFO - Processing /Users/yueyaoz/Downloads/IS3107-FinSum/.airflow/lib/python3.10/site-packages/airflow/example_dags/example_branch_operator.py took 0.054 seconds
[2025-04-21T17:03:44.252+0800] {processor.py:186} INFO - Started process (PID=10590) to work on /Users/yueyaoz/Downloads/IS3107-FinSum/.airflow/lib/python3.10/site-packages/airflow/example_dags/example_branch_operator.py
[2025-04-21T17:03:44.253+0800] {processor.py:914} INFO - Processing file /Users/yueyaoz/Downloads/IS3107-FinSum/.airflow/lib/python3.10/site-packages/airflow/example_dags/example_branch_operator.py for tasks to queue
[2025-04-21T17:03:44.253+0800] {logging_mixin.py:190} INFO - [2025-04-21T17:03:44.253+0800] {dagbag.py:588} INFO - Filling up the DagBag from /Users/yueyaoz/Downloads/IS3107-FinSum/.airflow/lib/python3.10/site-packages/airflow/example_dags/example_branch_operator.py
[2025-04-21T17:03:44.262+0800] {processor.py:927} WARNING - No viable dags retrieved from /Users/yueyaoz/Downloads/IS3107-FinSum/.airflow/lib/python3.10/site-packages/airflow/example_dags/example_branch_operator.py
[2025-04-21T17:03:44.300+0800] {processor.py:208} INFO - Processing /Users/yueyaoz/Downloads/IS3107-FinSum/.airflow/lib/python3.10/site-packages/airflow/example_dags/example_branch_operator.py took 0.050 seconds
[2025-04-21T17:06:14.846+0800] {processor.py:186} INFO - Started process (PID=10789) to work on /Users/yueyaoz/Downloads/IS3107-FinSum/.airflow/lib/python3.10/site-packages/airflow/example_dags/example_branch_operator.py
[2025-04-21T17:06:14.847+0800] {processor.py:914} INFO - Processing file /Users/yueyaoz/Downloads/IS3107-FinSum/.airflow/lib/python3.10/site-packages/airflow/example_dags/example_branch_operator.py for tasks to queue
[2025-04-21T17:06:14.847+0800] {logging_mixin.py:190} INFO - [2025-04-21T17:06:14.847+0800] {dagbag.py:588} INFO - Filling up the DagBag from /Users/yueyaoz/Downloads/IS3107-FinSum/.airflow/lib/python3.10/site-packages/airflow/example_dags/example_branch_operator.py
[2025-04-21T17:06:14.856+0800] {processor.py:927} WARNING - No viable dags retrieved from /Users/yueyaoz/Downloads/IS3107-FinSum/.airflow/lib/python3.10/site-packages/airflow/example_dags/example_branch_operator.py
[2025-04-21T17:06:14.896+0800] {processor.py:208} INFO - Processing /Users/yueyaoz/Downloads/IS3107-FinSum/.airflow/lib/python3.10/site-packages/airflow/example_dags/example_branch_operator.py took 0.051 seconds
[2025-04-21T17:25:55.185+0800] {processor.py:186} INFO - Started process (PID=11009) to work on /Users/yueyaoz/Downloads/IS3107-FinSum/.airflow/lib/python3.10/site-packages/airflow/example_dags/example_branch_operator.py
[2025-04-21T17:25:55.187+0800] {processor.py:914} INFO - Processing file /Users/yueyaoz/Downloads/IS3107-FinSum/.airflow/lib/python3.10/site-packages/airflow/example_dags/example_branch_operator.py for tasks to queue
[2025-04-21T17:25:55.187+0800] {logging_mixin.py:190} INFO - [2025-04-21T17:25:55.187+0800] {dagbag.py:588} INFO - Filling up the DagBag from /Users/yueyaoz/Downloads/IS3107-FinSum/.airflow/lib/python3.10/site-packages/airflow/example_dags/example_branch_operator.py
[2025-04-21T17:25:55.195+0800] {processor.py:927} WARNING - No viable dags retrieved from /Users/yueyaoz/Downloads/IS3107-FinSum/.airflow/lib/python3.10/site-packages/airflow/example_dags/example_branch_operator.py
[2025-04-21T17:25:55.232+0800] {processor.py:208} INFO - Processing /Users/yueyaoz/Downloads/IS3107-FinSum/.airflow/lib/python3.10/site-packages/airflow/example_dags/example_branch_operator.py took 0.048 seconds
[2025-04-21T18:51:27.769+0800] {processor.py:186} INFO - Started process (PID=11226) to work on /Users/yueyaoz/Downloads/IS3107-FinSum/.airflow/lib/python3.10/site-packages/airflow/example_dags/example_branch_operator.py
[2025-04-21T18:51:27.769+0800] {processor.py:914} INFO - Processing file /Users/yueyaoz/Downloads/IS3107-FinSum/.airflow/lib/python3.10/site-packages/airflow/example_dags/example_branch_operator.py for tasks to queue
[2025-04-21T18:51:27.770+0800] {logging_mixin.py:190} INFO - [2025-04-21T18:51:27.770+0800] {dagbag.py:588} INFO - Filling up the DagBag from /Users/yueyaoz/Downloads/IS3107-FinSum/.airflow/lib/python3.10/site-packages/airflow/example_dags/example_branch_operator.py
[2025-04-21T18:51:27.780+0800] {processor.py:927} WARNING - No viable dags retrieved from /Users/yueyaoz/Downloads/IS3107-FinSum/.airflow/lib/python3.10/site-packages/airflow/example_dags/example_branch_operator.py
[2025-04-21T18:51:27.817+0800] {processor.py:208} INFO - Processing /Users/yueyaoz/Downloads/IS3107-FinSum/.airflow/lib/python3.10/site-packages/airflow/example_dags/example_branch_operator.py took 0.050 seconds
[2025-04-21T21:10:52.204+0800] {processor.py:186} INFO - Started process (PID=11437) to work on /Users/yueyaoz/Downloads/IS3107-FinSum/.airflow/lib/python3.10/site-packages/airflow/example_dags/example_branch_operator.py
[2025-04-21T21:10:52.205+0800] {processor.py:914} INFO - Processing file /Users/yueyaoz/Downloads/IS3107-FinSum/.airflow/lib/python3.10/site-packages/airflow/example_dags/example_branch_operator.py for tasks to queue
[2025-04-21T21:10:52.205+0800] {logging_mixin.py:190} INFO - [2025-04-21T21:10:52.205+0800] {dagbag.py:588} INFO - Filling up the DagBag from /Users/yueyaoz/Downloads/IS3107-FinSum/.airflow/lib/python3.10/site-packages/airflow/example_dags/example_branch_operator.py
[2025-04-21T21:10:52.215+0800] {processor.py:927} WARNING - No viable dags retrieved from /Users/yueyaoz/Downloads/IS3107-FinSum/.airflow/lib/python3.10/site-packages/airflow/example_dags/example_branch_operator.py
[2025-04-21T21:10:52.252+0800] {processor.py:208} INFO - Processing /Users/yueyaoz/Downloads/IS3107-FinSum/.airflow/lib/python3.10/site-packages/airflow/example_dags/example_branch_operator.py took 0.050 seconds
[2025-04-21T21:30:19.937+0800] {processor.py:186} INFO - Started process (PID=11602) to work on /Users/yueyaoz/Downloads/IS3107-FinSum/.airflow/lib/python3.10/site-packages/airflow/example_dags/example_branch_operator.py
[2025-04-21T21:30:19.937+0800] {processor.py:914} INFO - Processing file /Users/yueyaoz/Downloads/IS3107-FinSum/.airflow/lib/python3.10/site-packages/airflow/example_dags/example_branch_operator.py for tasks to queue
[2025-04-21T21:30:19.938+0800] {logging_mixin.py:190} INFO - [2025-04-21T21:30:19.938+0800] {dagbag.py:588} INFO - Filling up the DagBag from /Users/yueyaoz/Downloads/IS3107-FinSum/.airflow/lib/python3.10/site-packages/airflow/example_dags/example_branch_operator.py
[2025-04-21T21:30:19.946+0800] {processor.py:927} WARNING - No viable dags retrieved from /Users/yueyaoz/Downloads/IS3107-FinSum/.airflow/lib/python3.10/site-packages/airflow/example_dags/example_branch_operator.py
[2025-04-21T21:30:19.983+0800] {processor.py:208} INFO - Processing /Users/yueyaoz/Downloads/IS3107-FinSum/.airflow/lib/python3.10/site-packages/airflow/example_dags/example_branch_operator.py took 0.047 seconds
[2025-04-22T00:14:05.623+0800] {processor.py:186} INFO - Started process (PID=11917) to work on /Users/yueyaoz/Downloads/IS3107-FinSum/.airflow/lib/python3.10/site-packages/airflow/example_dags/example_branch_operator.py
[2025-04-22T00:14:05.625+0800] {processor.py:914} INFO - Processing file /Users/yueyaoz/Downloads/IS3107-FinSum/.airflow/lib/python3.10/site-packages/airflow/example_dags/example_branch_operator.py for tasks to queue
[2025-04-22T00:14:05.625+0800] {logging_mixin.py:190} INFO - [2025-04-22T00:14:05.625+0800] {dagbag.py:588} INFO - Filling up the DagBag from /Users/yueyaoz/Downloads/IS3107-FinSum/.airflow/lib/python3.10/site-packages/airflow/example_dags/example_branch_operator.py
[2025-04-22T00:14:05.634+0800] {processor.py:927} WARNING - No viable dags retrieved from /Users/yueyaoz/Downloads/IS3107-FinSum/.airflow/lib/python3.10/site-packages/airflow/example_dags/example_branch_operator.py
[2025-04-22T00:14:05.671+0800] {processor.py:208} INFO - Processing /Users/yueyaoz/Downloads/IS3107-FinSum/.airflow/lib/python3.10/site-packages/airflow/example_dags/example_branch_operator.py took 0.050 seconds
[2025-04-22T00:16:50.342+0800] {processor.py:186} INFO - Started process (PID=12124) to work on /Users/yueyaoz/Downloads/IS3107-FinSum/.airflow/lib/python3.10/site-packages/airflow/example_dags/example_branch_operator.py
[2025-04-22T00:16:50.342+0800] {processor.py:914} INFO - Processing file /Users/yueyaoz/Downloads/IS3107-FinSum/.airflow/lib/python3.10/site-packages/airflow/example_dags/example_branch_operator.py for tasks to queue
[2025-04-22T00:16:50.343+0800] {logging_mixin.py:190} INFO - [2025-04-22T00:16:50.343+0800] {dagbag.py:588} INFO - Filling up the DagBag from /Users/yueyaoz/Downloads/IS3107-FinSum/.airflow/lib/python3.10/site-packages/airflow/example_dags/example_branch_operator.py
[2025-04-22T00:16:50.352+0800] {processor.py:927} WARNING - No viable dags retrieved from /Users/yueyaoz/Downloads/IS3107-FinSum/.airflow/lib/python3.10/site-packages/airflow/example_dags/example_branch_operator.py
[2025-04-22T00:16:50.391+0800] {processor.py:208} INFO - Processing /Users/yueyaoz/Downloads/IS3107-FinSum/.airflow/lib/python3.10/site-packages/airflow/example_dags/example_branch_operator.py took 0.050 seconds
[2025-04-22T02:53:59.524+0800] {processor.py:186} INFO - Started process (PID=12327) to work on /Users/yueyaoz/Downloads/IS3107-FinSum/.airflow/lib/python3.10/site-packages/airflow/example_dags/example_branch_operator.py
[2025-04-22T02:53:59.524+0800] {processor.py:914} INFO - Processing file /Users/yueyaoz/Downloads/IS3107-FinSum/.airflow/lib/python3.10/site-packages/airflow/example_dags/example_branch_operator.py for tasks to queue
[2025-04-22T02:53:59.524+0800] {logging_mixin.py:190} INFO - [2025-04-22T02:53:59.524+0800] {dagbag.py:588} INFO - Filling up the DagBag from /Users/yueyaoz/Downloads/IS3107-FinSum/.airflow/lib/python3.10/site-packages/airflow/example_dags/example_branch_operator.py
[2025-04-22T02:53:59.533+0800] {processor.py:927} WARNING - No viable dags retrieved from /Users/yueyaoz/Downloads/IS3107-FinSum/.airflow/lib/python3.10/site-packages/airflow/example_dags/example_branch_operator.py
[2025-04-22T02:53:59.571+0800] {processor.py:208} INFO - Processing /Users/yueyaoz/Downloads/IS3107-FinSum/.airflow/lib/python3.10/site-packages/airflow/example_dags/example_branch_operator.py took 0.049 seconds
[2025-04-22T02:56:27.739+0800] {processor.py:186} INFO - Started process (PID=12515) to work on /Users/yueyaoz/Downloads/IS3107-FinSum/.airflow/lib/python3.10/site-packages/airflow/example_dags/example_branch_operator.py
[2025-04-22T02:56:27.739+0800] {processor.py:914} INFO - Processing file /Users/yueyaoz/Downloads/IS3107-FinSum/.airflow/lib/python3.10/site-packages/airflow/example_dags/example_branch_operator.py for tasks to queue
[2025-04-22T02:56:27.740+0800] {logging_mixin.py:190} INFO - [2025-04-22T02:56:27.740+0800] {dagbag.py:588} INFO - Filling up the DagBag from /Users/yueyaoz/Downloads/IS3107-FinSum/.airflow/lib/python3.10/site-packages/airflow/example_dags/example_branch_operator.py
[2025-04-22T02:56:27.749+0800] {processor.py:927} WARNING - No viable dags retrieved from /Users/yueyaoz/Downloads/IS3107-FinSum/.airflow/lib/python3.10/site-packages/airflow/example_dags/example_branch_operator.py
[2025-04-22T02:56:27.785+0800] {processor.py:208} INFO - Processing /Users/yueyaoz/Downloads/IS3107-FinSum/.airflow/lib/python3.10/site-packages/airflow/example_dags/example_branch_operator.py took 0.048 seconds
