[2025-04-22T17:18:52.162+0800] {local_task_job_runner.py:123} INFO - ::group::Pre task execution logs
[2025-04-22T17:18:52.168+0800] {taskinstance.py:2614} INFO - Dependencies all met for dep_context=non-requeueable deps ti=<TaskInstance: reddit_yf_scraper.upload_reddit_to_gcs scheduled__2025-04-20T19:00:00+00:00 [queued]>
[2025-04-22T17:18:52.171+0800] {taskinstance.py:2614} INFO - Dependencies all met for dep_context=requeueable deps ti=<TaskInstance: reddit_yf_scraper.upload_reddit_to_gcs scheduled__2025-04-20T19:00:00+00:00 [queued]>
[2025-04-22T17:18:52.171+0800] {taskinstance.py:2867} INFO - Starting attempt 1 of 2
[2025-04-22T17:18:52.179+0800] {taskinstance.py:2890} INFO - Executing <Task(LocalFilesystemToGCSOperator): upload_reddit_to_gcs> on 2025-04-20 19:00:00+00:00
[2025-04-22T17:18:52.183+0800] {standard_task_runner.py:72} INFO - Started process 13400 to run task
[2025-04-22T17:18:52.187+0800] {standard_task_runner.py:104} INFO - Running: ['airflow', 'tasks', 'run', 'reddit_yf_scraper', 'upload_reddit_to_gcs', 'scheduled__2025-04-20T19:00:00+00:00', '--job-id', '865', '--raw', '--subdir', 'DAGS_FOLDER/dag.py', '--cfg-path', '/var/folders/2f/rw5w89ss6nl38qvq2cxrh29w0000gn/T/tmpevjwt9_f']
[2025-04-22T17:18:52.187+0800] {standard_task_runner.py:105} INFO - Job 865: Subtask upload_reddit_to_gcs
[2025-04-22T17:18:52.207+0800] {task_command.py:467} INFO - Running <TaskInstance: reddit_yf_scraper.upload_reddit_to_gcs scheduled__2025-04-20T19:00:00+00:00 [running]> on host yueyaos-macbook-pro.local
[2025-04-22T17:18:52.231+0800] {taskinstance.py:3134} INFO - Exporting env vars: AIRFLOW_CTX_DAG_OWNER='airflow' AIRFLOW_CTX_DAG_ID='reddit_yf_scraper' AIRFLOW_CTX_TASK_ID='upload_reddit_to_gcs' AIRFLOW_CTX_EXECUTION_DATE='2025-04-20T19:00:00+00:00' AIRFLOW_CTX_TRY_NUMBER='1' AIRFLOW_CTX_DAG_RUN_ID='scheduled__2025-04-20T19:00:00+00:00'
[2025-04-22T17:18:52.232+0800] {logging_mixin.py:190} INFO - Task instance is in running state
[2025-04-22T17:18:52.232+0800] {logging_mixin.py:190} INFO -  Previous state of the Task instance: queued
[2025-04-22T17:18:52.232+0800] {logging_mixin.py:190} INFO - Current task name:upload_reddit_to_gcs state:running start_date:2025-04-22 09:18:52.168942+00:00
[2025-04-22T17:18:52.233+0800] {logging_mixin.py:190} INFO - Dag name:reddit_yf_scraper and current dag run status:running
[2025-04-22T17:18:52.233+0800] {taskinstance.py:732} INFO - ::endgroup::
[2025-04-22T17:18:52.235+0800] {connection.py:277} WARNING - Connection schemes (type: google_cloud_platform) shall not contain '_' according to RFC3986.
[2025-04-22T17:18:52.237+0800] {base.py:84} INFO - Retrieving connection 'google_cloud_default'
[2025-04-22T17:18:52.817+0800] {gcs.py:579} INFO - File /Users/yueyaoz/Downloads/IS3107-FinSum/airflow/snp500-reddit-test/HD_reddit_20250422.csv uploaded to reddit-test/HD_reddit_20250422.csv in is3107_bucket bucket
[2025-04-22T17:18:52.818+0800] {hook.py:208} WARNING - Data lineage tracking is disabled. Register a hook lineage reader to start tracking hook lineage.
[2025-04-22T17:18:53.734+0800] {hook.py:208} WARNING - Data lineage tracking is disabled. Register a hook lineage reader to start tracking hook lineage.
[2025-04-22T17:18:53.736+0800] {gcs.py:579} INFO - File /Users/yueyaoz/Downloads/IS3107-FinSum/airflow/snp500-reddit-test/LYB_reddit_20250422.csv uploaded to reddit-test/LYB_reddit_20250422.csv in is3107_bucket bucket
[2025-04-22T17:18:53.737+0800] {hook.py:208} WARNING - Data lineage tracking is disabled. Register a hook lineage reader to start tracking hook lineage.
[2025-04-22T17:18:54.065+0800] {hook.py:208} WARNING - Data lineage tracking is disabled. Register a hook lineage reader to start tracking hook lineage.
[2025-04-22T17:18:54.067+0800] {gcs.py:579} INFO - File /Users/yueyaoz/Downloads/IS3107-FinSum/airflow/snp500-reddit-test/FOXA_reddit_20250422.csv uploaded to reddit-test/FOXA_reddit_20250422.csv in is3107_bucket bucket
[2025-04-22T17:18:54.069+0800] {hook.py:208} WARNING - Data lineage tracking is disabled. Register a hook lineage reader to start tracking hook lineage.
[2025-04-22T17:18:55.010+0800] {hook.py:208} WARNING - Data lineage tracking is disabled. Register a hook lineage reader to start tracking hook lineage.
[2025-04-22T17:18:55.013+0800] {gcs.py:579} INFO - File /Users/yueyaoz/Downloads/IS3107-FinSum/airflow/snp500-reddit-test/CZR_reddit_20250422.csv uploaded to reddit-test/CZR_reddit_20250422.csv in is3107_bucket bucket
[2025-04-22T17:18:55.014+0800] {hook.py:208} WARNING - Data lineage tracking is disabled. Register a hook lineage reader to start tracking hook lineage.
[2025-04-22T17:18:55.345+0800] {hook.py:208} WARNING - Data lineage tracking is disabled. Register a hook lineage reader to start tracking hook lineage.
[2025-04-22T17:18:55.347+0800] {gcs.py:579} INFO - File /Users/yueyaoz/Downloads/IS3107-FinSum/airflow/snp500-reddit-test/APD_reddit_20250422.csv uploaded to reddit-test/APD_reddit_20250422.csv in is3107_bucket bucket
[2025-04-22T17:18:55.348+0800] {hook.py:208} WARNING - Data lineage tracking is disabled. Register a hook lineage reader to start tracking hook lineage.
[2025-04-22T17:18:56.288+0800] {hook.py:208} WARNING - Data lineage tracking is disabled. Register a hook lineage reader to start tracking hook lineage.
[2025-04-22T17:18:56.289+0800] {gcs.py:579} INFO - File /Users/yueyaoz/Downloads/IS3107-FinSum/airflow/snp500-reddit-test/LIN_reddit_20250422.csv uploaded to reddit-test/LIN_reddit_20250422.csv in is3107_bucket bucket
[2025-04-22T17:18:56.289+0800] {hook.py:208} WARNING - Data lineage tracking is disabled. Register a hook lineage reader to start tracking hook lineage.
[2025-04-22T17:18:56.615+0800] {hook.py:208} WARNING - Data lineage tracking is disabled. Register a hook lineage reader to start tracking hook lineage.
[2025-04-22T17:18:56.617+0800] {gcs.py:579} INFO - File /Users/yueyaoz/Downloads/IS3107-FinSum/airflow/snp500-reddit-test/DECK_reddit_20250422.csv uploaded to reddit-test/DECK_reddit_20250422.csv in is3107_bucket bucket
[2025-04-22T17:18:56.618+0800] {hook.py:208} WARNING - Data lineage tracking is disabled. Register a hook lineage reader to start tracking hook lineage.
[2025-04-22T17:18:57.623+0800] {hook.py:208} WARNING - Data lineage tracking is disabled. Register a hook lineage reader to start tracking hook lineage.
[2025-04-22T17:18:57.624+0800] {gcs.py:579} INFO - File /Users/yueyaoz/Downloads/IS3107-FinSum/airflow/snp500-reddit-test/IPG_reddit_20250422.csv uploaded to reddit-test/IPG_reddit_20250422.csv in is3107_bucket bucket
[2025-04-22T17:18:57.624+0800] {hook.py:208} WARNING - Data lineage tracking is disabled. Register a hook lineage reader to start tracking hook lineage.
[2025-04-22T17:18:58.036+0800] {hook.py:208} WARNING - Data lineage tracking is disabled. Register a hook lineage reader to start tracking hook lineage.
[2025-04-22T17:18:58.039+0800] {gcs.py:579} INFO - File /Users/yueyaoz/Downloads/IS3107-FinSum/airflow/snp500-reddit-test/ORLY_reddit_20250422.csv uploaded to reddit-test/ORLY_reddit_20250422.csv in is3107_bucket bucket
[2025-04-22T17:18:58.040+0800] {hook.py:208} WARNING - Data lineage tracking is disabled. Register a hook lineage reader to start tracking hook lineage.
[2025-04-22T17:18:58.915+0800] {hook.py:208} WARNING - Data lineage tracking is disabled. Register a hook lineage reader to start tracking hook lineage.
[2025-04-22T17:18:58.917+0800] {gcs.py:579} INFO - File /Users/yueyaoz/Downloads/IS3107-FinSum/airflow/snp500-reddit-test/PPG_reddit_20250422.csv uploaded to reddit-test/PPG_reddit_20250422.csv in is3107_bucket bucket
[2025-04-22T17:18:58.918+0800] {hook.py:208} WARNING - Data lineage tracking is disabled. Register a hook lineage reader to start tracking hook lineage.
[2025-04-22T17:18:59.386+0800] {hook.py:208} WARNING - Data lineage tracking is disabled. Register a hook lineage reader to start tracking hook lineage.
[2025-04-22T17:18:59.386+0800] {gcs.py:579} INFO - File /Users/yueyaoz/Downloads/IS3107-FinSum/airflow/snp500-reddit-test/ROL_reddit_20250422.csv uploaded to reddit-test/ROL_reddit_20250422.csv in is3107_bucket bucket
[2025-04-22T17:18:59.387+0800] {hook.py:208} WARNING - Data lineage tracking is disabled. Register a hook lineage reader to start tracking hook lineage.
[2025-04-22T17:19:00.382+0800] {hook.py:208} WARNING - Data lineage tracking is disabled. Register a hook lineage reader to start tracking hook lineage.
[2025-04-22T17:19:00.385+0800] {gcs.py:579} INFO - File /Users/yueyaoz/Downloads/IS3107-FinSum/airflow/snp500-reddit-test/DRI_reddit_20250422.csv uploaded to reddit-test/DRI_reddit_20250422.csv in is3107_bucket bucket
[2025-04-22T17:19:00.386+0800] {hook.py:208} WARNING - Data lineage tracking is disabled. Register a hook lineage reader to start tracking hook lineage.
[2025-04-22T17:19:00.738+0800] {hook.py:208} WARNING - Data lineage tracking is disabled. Register a hook lineage reader to start tracking hook lineage.
[2025-04-22T17:19:00.739+0800] {gcs.py:579} INFO - File /Users/yueyaoz/Downloads/IS3107-FinSum/airflow/snp500-reddit-test/FCX_reddit_20250422.csv uploaded to reddit-test/FCX_reddit_20250422.csv in is3107_bucket bucket
[2025-04-22T17:19:00.740+0800] {hook.py:208} WARNING - Data lineage tracking is disabled. Register a hook lineage reader to start tracking hook lineage.
[2025-04-22T17:19:01.694+0800] {hook.py:208} WARNING - Data lineage tracking is disabled. Register a hook lineage reader to start tracking hook lineage.
[2025-04-22T17:19:01.696+0800] {gcs.py:579} INFO - File /Users/yueyaoz/Downloads/IS3107-FinSum/airflow/snp500-reddit-test/LVS_reddit_20250422.csv uploaded to reddit-test/LVS_reddit_20250422.csv in is3107_bucket bucket
[2025-04-22T17:19:01.698+0800] {hook.py:208} WARNING - Data lineage tracking is disabled. Register a hook lineage reader to start tracking hook lineage.
[2025-04-22T17:19:02.098+0800] {hook.py:208} WARNING - Data lineage tracking is disabled. Register a hook lineage reader to start tracking hook lineage.
[2025-04-22T17:19:02.100+0800] {gcs.py:579} INFO - File /Users/yueyaoz/Downloads/IS3107-FinSum/airflow/snp500-reddit-test/AMCR_reddit_20250422.csv uploaded to reddit-test/AMCR_reddit_20250422.csv in is3107_bucket bucket
[2025-04-22T17:19:02.101+0800] {hook.py:208} WARNING - Data lineage tracking is disabled. Register a hook lineage reader to start tracking hook lineage.
[2025-04-22T17:19:02.987+0800] {hook.py:208} WARNING - Data lineage tracking is disabled. Register a hook lineage reader to start tracking hook lineage.
[2025-04-22T17:19:02.990+0800] {gcs.py:579} INFO - File /Users/yueyaoz/Downloads/IS3107-FinSum/airflow/snp500-reddit-test/HLT_reddit_20250422.csv uploaded to reddit-test/HLT_reddit_20250422.csv in is3107_bucket bucket
[2025-04-22T17:19:02.991+0800] {hook.py:208} WARNING - Data lineage tracking is disabled. Register a hook lineage reader to start tracking hook lineage.
[2025-04-22T17:19:03.466+0800] {hook.py:208} WARNING - Data lineage tracking is disabled. Register a hook lineage reader to start tracking hook lineage.
[2025-04-22T17:19:03.468+0800] {gcs.py:579} INFO - File /Users/yueyaoz/Downloads/IS3107-FinSum/airflow/snp500-reddit-test/FMC_reddit_20250422.csv uploaded to reddit-test/FMC_reddit_20250422.csv in is3107_bucket bucket
[2025-04-22T17:19:03.470+0800] {hook.py:208} WARNING - Data lineage tracking is disabled. Register a hook lineage reader to start tracking hook lineage.
[2025-04-22T17:19:04.353+0800] {hook.py:208} WARNING - Data lineage tracking is disabled. Register a hook lineage reader to start tracking hook lineage.
[2025-04-22T17:19:04.356+0800] {gcs.py:579} INFO - File /Users/yueyaoz/Downloads/IS3107-FinSum/airflow/snp500-reddit-test/BALL_reddit_20250422.csv uploaded to reddit-test/BALL_reddit_20250422.csv in is3107_bucket bucket
[2025-04-22T17:19:04.357+0800] {hook.py:208} WARNING - Data lineage tracking is disabled. Register a hook lineage reader to start tracking hook lineage.
[2025-04-22T17:19:04.742+0800] {hook.py:208} WARNING - Data lineage tracking is disabled. Register a hook lineage reader to start tracking hook lineage.
[2025-04-22T17:19:04.744+0800] {gcs.py:579} INFO - File /Users/yueyaoz/Downloads/IS3107-FinSum/airflow/snp500-reddit-test/MOS_reddit_20250422.csv uploaded to reddit-test/MOS_reddit_20250422.csv in is3107_bucket bucket
[2025-04-22T17:19:04.745+0800] {hook.py:208} WARNING - Data lineage tracking is disabled. Register a hook lineage reader to start tracking hook lineage.
[2025-04-22T17:19:05.648+0800] {hook.py:208} WARNING - Data lineage tracking is disabled. Register a hook lineage reader to start tracking hook lineage.
[2025-04-22T17:19:05.650+0800] {gcs.py:579} INFO - File /Users/yueyaoz/Downloads/IS3107-FinSum/airflow/snp500-reddit-test/BBY_reddit_20250422.csv uploaded to reddit-test/BBY_reddit_20250422.csv in is3107_bucket bucket
[2025-04-22T17:19:05.651+0800] {hook.py:208} WARNING - Data lineage tracking is disabled. Register a hook lineage reader to start tracking hook lineage.
[2025-04-22T17:19:06.020+0800] {hook.py:208} WARNING - Data lineage tracking is disabled. Register a hook lineage reader to start tracking hook lineage.
[2025-04-22T17:19:06.022+0800] {gcs.py:579} INFO - File /Users/yueyaoz/Downloads/IS3107-FinSum/airflow/snp500-reddit-test/PKG_reddit_20250422.csv uploaded to reddit-test/PKG_reddit_20250422.csv in is3107_bucket bucket
[2025-04-22T17:19:06.023+0800] {hook.py:208} WARNING - Data lineage tracking is disabled. Register a hook lineage reader to start tracking hook lineage.
[2025-04-22T17:19:06.941+0800] {hook.py:208} WARNING - Data lineage tracking is disabled. Register a hook lineage reader to start tracking hook lineage.
[2025-04-22T17:19:06.942+0800] {gcs.py:579} INFO - File /Users/yueyaoz/Downloads/IS3107-FinSum/airflow/snp500-reddit-test/EBAY_reddit_20250422.csv uploaded to reddit-test/EBAY_reddit_20250422.csv in is3107_bucket bucket
[2025-04-22T17:19:06.943+0800] {hook.py:208} WARNING - Data lineage tracking is disabled. Register a hook lineage reader to start tracking hook lineage.
[2025-04-22T17:19:07.277+0800] {hook.py:208} WARNING - Data lineage tracking is disabled. Register a hook lineage reader to start tracking hook lineage.
[2025-04-22T17:19:07.278+0800] {gcs.py:579} INFO - File /Users/yueyaoz/Downloads/IS3107-FinSum/airflow/snp500-reddit-test/TSLA_reddit_20250422.csv uploaded to reddit-test/TSLA_reddit_20250422.csv in is3107_bucket bucket
[2025-04-22T17:19:07.278+0800] {hook.py:208} WARNING - Data lineage tracking is disabled. Register a hook lineage reader to start tracking hook lineage.
[2025-04-22T17:19:08.280+0800] {hook.py:208} WARNING - Data lineage tracking is disabled. Register a hook lineage reader to start tracking hook lineage.
[2025-04-22T17:19:08.281+0800] {gcs.py:579} INFO - File /Users/yueyaoz/Downloads/IS3107-FinSum/airflow/snp500-reddit-test/CTVA_reddit_20250422.csv uploaded to reddit-test/CTVA_reddit_20250422.csv in is3107_bucket bucket
[2025-04-22T17:19:08.282+0800] {hook.py:208} WARNING - Data lineage tracking is disabled. Register a hook lineage reader to start tracking hook lineage.
[2025-04-22T17:19:08.662+0800] {hook.py:208} WARNING - Data lineage tracking is disabled. Register a hook lineage reader to start tracking hook lineage.
[2025-04-22T17:19:08.663+0800] {gcs.py:579} INFO - File /Users/yueyaoz/Downloads/IS3107-FinSum/airflow/snp500-reddit-test/SW_reddit_20250422.csv uploaded to reddit-test/SW_reddit_20250422.csv in is3107_bucket bucket
[2025-04-22T17:19:08.663+0800] {hook.py:208} WARNING - Data lineage tracking is disabled. Register a hook lineage reader to start tracking hook lineage.
[2025-04-22T17:19:09.547+0800] {hook.py:208} WARNING - Data lineage tracking is disabled. Register a hook lineage reader to start tracking hook lineage.
[2025-04-22T17:19:09.549+0800] {gcs.py:579} INFO - File /Users/yueyaoz/Downloads/IS3107-FinSum/airflow/snp500-reddit-test/LYV_reddit_20250422.csv uploaded to reddit-test/LYV_reddit_20250422.csv in is3107_bucket bucket
[2025-04-22T17:19:09.550+0800] {hook.py:208} WARNING - Data lineage tracking is disabled. Register a hook lineage reader to start tracking hook lineage.
[2025-04-22T17:19:10.031+0800] {hook.py:208} WARNING - Data lineage tracking is disabled. Register a hook lineage reader to start tracking hook lineage.
[2025-04-22T17:19:10.032+0800] {gcs.py:579} INFO - File /Users/yueyaoz/Downloads/IS3107-FinSum/airflow/snp500-reddit-test/MTCH_reddit_20250422.csv uploaded to reddit-test/MTCH_reddit_20250422.csv in is3107_bucket bucket
[2025-04-22T17:19:10.032+0800] {hook.py:208} WARNING - Data lineage tracking is disabled. Register a hook lineage reader to start tracking hook lineage.
[2025-04-22T17:19:10.812+0800] {hook.py:208} WARNING - Data lineage tracking is disabled. Register a hook lineage reader to start tracking hook lineage.
[2025-04-22T17:19:10.814+0800] {gcs.py:579} INFO - File /Users/yueyaoz/Downloads/IS3107-FinSum/airflow/snp500-reddit-test/NVR_reddit_20250422.csv uploaded to reddit-test/NVR_reddit_20250422.csv in is3107_bucket bucket
[2025-04-22T17:19:10.815+0800] {hook.py:208} WARNING - Data lineage tracking is disabled. Register a hook lineage reader to start tracking hook lineage.
[2025-04-22T17:19:11.300+0800] {hook.py:208} WARNING - Data lineage tracking is disabled. Register a hook lineage reader to start tracking hook lineage.
[2025-04-22T17:19:11.302+0800] {gcs.py:579} INFO - File /Users/yueyaoz/Downloads/IS3107-FinSum/airflow/snp500-reddit-test/BWA_reddit_20250422.csv uploaded to reddit-test/BWA_reddit_20250422.csv in is3107_bucket bucket
[2025-04-22T17:19:11.303+0800] {hook.py:208} WARNING - Data lineage tracking is disabled. Register a hook lineage reader to start tracking hook lineage.
[2025-04-22T17:19:12.168+0800] {hook.py:208} WARNING - Data lineage tracking is disabled. Register a hook lineage reader to start tracking hook lineage.
[2025-04-22T17:19:12.169+0800] {gcs.py:579} INFO - File /Users/yueyaoz/Downloads/IS3107-FinSum/airflow/snp500-reddit-test/WBD_reddit_20250422.csv uploaded to reddit-test/WBD_reddit_20250422.csv in is3107_bucket bucket
[2025-04-22T17:19:12.169+0800] {hook.py:208} WARNING - Data lineage tracking is disabled. Register a hook lineage reader to start tracking hook lineage.
[2025-04-22T17:19:12.682+0800] {hook.py:208} WARNING - Data lineage tracking is disabled. Register a hook lineage reader to start tracking hook lineage.
[2025-04-22T17:19:12.684+0800] {gcs.py:579} INFO - File /Users/yueyaoz/Downloads/IS3107-FinSum/airflow/snp500-reddit-test/RL_reddit_20250422.csv uploaded to reddit-test/RL_reddit_20250422.csv in is3107_bucket bucket
[2025-04-22T17:19:12.684+0800] {hook.py:208} WARNING - Data lineage tracking is disabled. Register a hook lineage reader to start tracking hook lineage.
[2025-04-22T17:19:13.502+0800] {hook.py:208} WARNING - Data lineage tracking is disabled. Register a hook lineage reader to start tracking hook lineage.
[2025-04-22T17:19:13.504+0800] {gcs.py:579} INFO - File /Users/yueyaoz/Downloads/IS3107-FinSum/airflow/snp500-reddit-test/CHTR_reddit_20250422.csv uploaded to reddit-test/CHTR_reddit_20250422.csv in is3107_bucket bucket
[2025-04-22T17:19:13.505+0800] {hook.py:208} WARNING - Data lineage tracking is disabled. Register a hook lineage reader to start tracking hook lineage.
[2025-04-22T17:19:13.951+0800] {hook.py:208} WARNING - Data lineage tracking is disabled. Register a hook lineage reader to start tracking hook lineage.
[2025-04-22T17:19:13.953+0800] {gcs.py:579} INFO - File /Users/yueyaoz/Downloads/IS3107-FinSum/airflow/snp500-reddit-test/CE_reddit_20250422.csv uploaded to reddit-test/CE_reddit_20250422.csv in is3107_bucket bucket
[2025-04-22T17:19:13.954+0800] {hook.py:208} WARNING - Data lineage tracking is disabled. Register a hook lineage reader to start tracking hook lineage.
[2025-04-22T17:19:14.832+0800] {hook.py:208} WARNING - Data lineage tracking is disabled. Register a hook lineage reader to start tracking hook lineage.
[2025-04-22T17:19:14.834+0800] {gcs.py:579} INFO - File /Users/yueyaoz/Downloads/IS3107-FinSum/airflow/snp500-reddit-test/TJX_reddit_20250422.csv uploaded to reddit-test/TJX_reddit_20250422.csv in is3107_bucket bucket
[2025-04-22T17:19:14.834+0800] {hook.py:208} WARNING - Data lineage tracking is disabled. Register a hook lineage reader to start tracking hook lineage.
[2025-04-22T17:19:15.206+0800] {hook.py:208} WARNING - Data lineage tracking is disabled. Register a hook lineage reader to start tracking hook lineage.
[2025-04-22T17:19:15.207+0800] {gcs.py:579} INFO - File /Users/yueyaoz/Downloads/IS3107-FinSum/airflow/snp500-reddit-test/GPC_reddit_20250422.csv uploaded to reddit-test/GPC_reddit_20250422.csv in is3107_bucket bucket
[2025-04-22T17:19:15.207+0800] {hook.py:208} WARNING - Data lineage tracking is disabled. Register a hook lineage reader to start tracking hook lineage.
[2025-04-22T17:19:16.110+0800] {hook.py:208} WARNING - Data lineage tracking is disabled. Register a hook lineage reader to start tracking hook lineage.
[2025-04-22T17:19:16.112+0800] {gcs.py:579} INFO - File /Users/yueyaoz/Downloads/IS3107-FinSum/airflow/snp500-reddit-test/GM_reddit_20250422.csv uploaded to reddit-test/GM_reddit_20250422.csv in is3107_bucket bucket
[2025-04-22T17:19:16.113+0800] {hook.py:208} WARNING - Data lineage tracking is disabled. Register a hook lineage reader to start tracking hook lineage.
[2025-04-22T17:19:16.475+0800] {hook.py:208} WARNING - Data lineage tracking is disabled. Register a hook lineage reader to start tracking hook lineage.
[2025-04-22T17:19:16.477+0800] {gcs.py:579} INFO - File /Users/yueyaoz/Downloads/IS3107-FinSum/airflow/snp500-reddit-test/AZO_reddit_20250422.csv uploaded to reddit-test/AZO_reddit_20250422.csv in is3107_bucket bucket
[2025-04-22T17:19:16.478+0800] {hook.py:208} WARNING - Data lineage tracking is disabled. Register a hook lineage reader to start tracking hook lineage.
[2025-04-22T17:19:17.499+0800] {hook.py:208} WARNING - Data lineage tracking is disabled. Register a hook lineage reader to start tracking hook lineage.
[2025-04-22T17:19:17.501+0800] {gcs.py:579} INFO - File /Users/yueyaoz/Downloads/IS3107-FinSum/airflow/snp500-reddit-test/CF_reddit_20250422.csv uploaded to reddit-test/CF_reddit_20250422.csv in is3107_bucket bucket
[2025-04-22T17:19:17.502+0800] {hook.py:208} WARNING - Data lineage tracking is disabled. Register a hook lineage reader to start tracking hook lineage.
[2025-04-22T17:19:17.825+0800] {hook.py:208} WARNING - Data lineage tracking is disabled. Register a hook lineage reader to start tracking hook lineage.
[2025-04-22T17:19:17.827+0800] {gcs.py:579} INFO - File /Users/yueyaoz/Downloads/IS3107-FinSum/airflow/snp500-reddit-test/TMUS_reddit_20250422.csv uploaded to reddit-test/TMUS_reddit_20250422.csv in is3107_bucket bucket
[2025-04-22T17:19:17.828+0800] {hook.py:208} WARNING - Data lineage tracking is disabled. Register a hook lineage reader to start tracking hook lineage.
[2025-04-22T17:19:18.760+0800] {hook.py:208} WARNING - Data lineage tracking is disabled. Register a hook lineage reader to start tracking hook lineage.
[2025-04-22T17:19:18.762+0800] {gcs.py:579} INFO - File /Users/yueyaoz/Downloads/IS3107-FinSum/airflow/snp500-reddit-test/TSCO_reddit_20250422.csv uploaded to reddit-test/TSCO_reddit_20250422.csv in is3107_bucket bucket
[2025-04-22T17:19:18.763+0800] {hook.py:208} WARNING - Data lineage tracking is disabled. Register a hook lineage reader to start tracking hook lineage.
[2025-04-22T17:19:19.089+0800] {hook.py:208} WARNING - Data lineage tracking is disabled. Register a hook lineage reader to start tracking hook lineage.
[2025-04-22T17:19:19.091+0800] {gcs.py:579} INFO - File /Users/yueyaoz/Downloads/IS3107-FinSum/airflow/snp500-reddit-test/MAR_reddit_20250422.csv uploaded to reddit-test/MAR_reddit_20250422.csv in is3107_bucket bucket
[2025-04-22T17:19:19.092+0800] {hook.py:208} WARNING - Data lineage tracking is disabled. Register a hook lineage reader to start tracking hook lineage.
[2025-04-22T17:19:20.036+0800] {hook.py:208} WARNING - Data lineage tracking is disabled. Register a hook lineage reader to start tracking hook lineage.
[2025-04-22T17:19:20.038+0800] {gcs.py:579} INFO - File /Users/yueyaoz/Downloads/IS3107-FinSum/airflow/snp500-reddit-test/VZ_reddit_20250422.csv uploaded to reddit-test/VZ_reddit_20250422.csv in is3107_bucket bucket
[2025-04-22T17:19:20.038+0800] {hook.py:208} WARNING - Data lineage tracking is disabled. Register a hook lineage reader to start tracking hook lineage.
[2025-04-22T17:19:20.367+0800] {hook.py:208} WARNING - Data lineage tracking is disabled. Register a hook lineage reader to start tracking hook lineage.
[2025-04-22T17:19:20.370+0800] {gcs.py:579} INFO - File /Users/yueyaoz/Downloads/IS3107-FinSum/airflow/snp500-reddit-test/ABNB_reddit_20250422.csv uploaded to reddit-test/ABNB_reddit_20250422.csv in is3107_bucket bucket
[2025-04-22T17:19:20.371+0800] {hook.py:208} WARNING - Data lineage tracking is disabled. Register a hook lineage reader to start tracking hook lineage.
[2025-04-22T17:19:21.387+0800] {hook.py:208} WARNING - Data lineage tracking is disabled. Register a hook lineage reader to start tracking hook lineage.
[2025-04-22T17:19:21.389+0800] {gcs.py:579} INFO - File /Users/yueyaoz/Downloads/IS3107-FinSum/airflow/snp500-reddit-test/SHW_reddit_20250422.csv uploaded to reddit-test/SHW_reddit_20250422.csv in is3107_bucket bucket
[2025-04-22T17:19:21.390+0800] {hook.py:208} WARNING - Data lineage tracking is disabled. Register a hook lineage reader to start tracking hook lineage.
[2025-04-22T17:19:21.799+0800] {hook.py:208} WARNING - Data lineage tracking is disabled. Register a hook lineage reader to start tracking hook lineage.
[2025-04-22T17:19:21.801+0800] {gcs.py:579} INFO - File /Users/yueyaoz/Downloads/IS3107-FinSum/airflow/snp500-reddit-test/TPR_reddit_20250422.csv uploaded to reddit-test/TPR_reddit_20250422.csv in is3107_bucket bucket
[2025-04-22T17:19:21.801+0800] {hook.py:208} WARNING - Data lineage tracking is disabled. Register a hook lineage reader to start tracking hook lineage.
[2025-04-22T17:19:22.719+0800] {hook.py:208} WARNING - Data lineage tracking is disabled. Register a hook lineage reader to start tracking hook lineage.
[2025-04-22T17:19:22.721+0800] {gcs.py:579} INFO - File /Users/yueyaoz/Downloads/IS3107-FinSum/airflow/snp500-reddit-test/DIS_reddit_20250422.csv uploaded to reddit-test/DIS_reddit_20250422.csv in is3107_bucket bucket
[2025-04-22T17:19:22.723+0800] {hook.py:208} WARNING - Data lineage tracking is disabled. Register a hook lineage reader to start tracking hook lineage.
[2025-04-22T17:19:23.127+0800] {hook.py:208} WARNING - Data lineage tracking is disabled. Register a hook lineage reader to start tracking hook lineage.
[2025-04-22T17:19:23.129+0800] {gcs.py:579} INFO - File /Users/yueyaoz/Downloads/IS3107-FinSum/airflow/snp500-reddit-test/NWS_reddit_20250422.csv uploaded to reddit-test/NWS_reddit_20250422.csv in is3107_bucket bucket
[2025-04-22T17:19:23.130+0800] {hook.py:208} WARNING - Data lineage tracking is disabled. Register a hook lineage reader to start tracking hook lineage.
[2025-04-22T17:19:23.984+0800] {hook.py:208} WARNING - Data lineage tracking is disabled. Register a hook lineage reader to start tracking hook lineage.
[2025-04-22T17:19:23.986+0800] {gcs.py:579} INFO - File /Users/yueyaoz/Downloads/IS3107-FinSum/airflow/snp500-reddit-test/NCLH_reddit_20250422.csv uploaded to reddit-test/NCLH_reddit_20250422.csv in is3107_bucket bucket
[2025-04-22T17:19:23.987+0800] {hook.py:208} WARNING - Data lineage tracking is disabled. Register a hook lineage reader to start tracking hook lineage.
[2025-04-22T17:19:24.459+0800] {hook.py:208} WARNING - Data lineage tracking is disabled. Register a hook lineage reader to start tracking hook lineage.
[2025-04-22T17:19:24.461+0800] {gcs.py:579} INFO - File /Users/yueyaoz/Downloads/IS3107-FinSum/airflow/snp500-reddit-test/DHI_reddit_20250422.csv uploaded to reddit-test/DHI_reddit_20250422.csv in is3107_bucket bucket
[2025-04-22T17:19:24.461+0800] {hook.py:208} WARNING - Data lineage tracking is disabled. Register a hook lineage reader to start tracking hook lineage.
[2025-04-22T17:19:25.271+0800] {hook.py:208} WARNING - Data lineage tracking is disabled. Register a hook lineage reader to start tracking hook lineage.
[2025-04-22T17:19:25.274+0800] {gcs.py:579} INFO - File /Users/yueyaoz/Downloads/IS3107-FinSum/airflow/snp500-reddit-test/IP_reddit_20250422.csv uploaded to reddit-test/IP_reddit_20250422.csv in is3107_bucket bucket
[2025-04-22T17:19:25.275+0800] {hook.py:208} WARNING - Data lineage tracking is disabled. Register a hook lineage reader to start tracking hook lineage.
[2025-04-22T17:19:25.738+0800] {hook.py:208} WARNING - Data lineage tracking is disabled. Register a hook lineage reader to start tracking hook lineage.
[2025-04-22T17:19:25.740+0800] {gcs.py:579} INFO - File /Users/yueyaoz/Downloads/IS3107-FinSum/airflow/snp500-reddit-test/ECL_reddit_20250422.csv uploaded to reddit-test/ECL_reddit_20250422.csv in is3107_bucket bucket
[2025-04-22T17:19:25.741+0800] {hook.py:208} WARNING - Data lineage tracking is disabled. Register a hook lineage reader to start tracking hook lineage.
[2025-04-22T17:19:26.543+0800] {hook.py:208} WARNING - Data lineage tracking is disabled. Register a hook lineage reader to start tracking hook lineage.
[2025-04-22T17:19:26.545+0800] {gcs.py:579} INFO - File /Users/yueyaoz/Downloads/IS3107-FinSum/airflow/snp500-reddit-test/MLM_reddit_20250422.csv uploaded to reddit-test/MLM_reddit_20250422.csv in is3107_bucket bucket
[2025-04-22T17:19:26.547+0800] {hook.py:208} WARNING - Data lineage tracking is disabled. Register a hook lineage reader to start tracking hook lineage.
[2025-04-22T17:19:27.004+0800] {hook.py:208} WARNING - Data lineage tracking is disabled. Register a hook lineage reader to start tracking hook lineage.
[2025-04-22T17:19:27.006+0800] {gcs.py:579} INFO - File /Users/yueyaoz/Downloads/IS3107-FinSum/airflow/snp500-reddit-test/NWSA_reddit_20250422.csv uploaded to reddit-test/NWSA_reddit_20250422.csv in is3107_bucket bucket
[2025-04-22T17:19:27.007+0800] {hook.py:208} WARNING - Data lineage tracking is disabled. Register a hook lineage reader to start tracking hook lineage.
[2025-04-22T17:19:27.838+0800] {hook.py:208} WARNING - Data lineage tracking is disabled. Register a hook lineage reader to start tracking hook lineage.
[2025-04-22T17:19:27.839+0800] {gcs.py:579} INFO - File /Users/yueyaoz/Downloads/IS3107-FinSum/airflow/snp500-reddit-test/VMC_reddit_20250422.csv uploaded to reddit-test/VMC_reddit_20250422.csv in is3107_bucket bucket
[2025-04-22T17:19:27.839+0800] {hook.py:208} WARNING - Data lineage tracking is disabled. Register a hook lineage reader to start tracking hook lineage.
[2025-04-22T17:19:28.282+0800] {hook.py:208} WARNING - Data lineage tracking is disabled. Register a hook lineage reader to start tracking hook lineage.
[2025-04-22T17:19:28.284+0800] {gcs.py:579} INFO - File /Users/yueyaoz/Downloads/IS3107-FinSum/airflow/snp500-reddit-test/IFF_reddit_20250422.csv uploaded to reddit-test/IFF_reddit_20250422.csv in is3107_bucket bucket
[2025-04-22T17:19:28.285+0800] {hook.py:208} WARNING - Data lineage tracking is disabled. Register a hook lineage reader to start tracking hook lineage.
[2025-04-22T17:19:29.101+0800] {hook.py:208} WARNING - Data lineage tracking is disabled. Register a hook lineage reader to start tracking hook lineage.
[2025-04-22T17:19:29.103+0800] {gcs.py:579} INFO - File /Users/yueyaoz/Downloads/IS3107-FinSum/airflow/snp500-reddit-test/KMX_reddit_20250422.csv uploaded to reddit-test/KMX_reddit_20250422.csv in is3107_bucket bucket
[2025-04-22T17:19:29.104+0800] {hook.py:208} WARNING - Data lineage tracking is disabled. Register a hook lineage reader to start tracking hook lineage.
[2025-04-22T17:19:29.543+0800] {hook.py:208} WARNING - Data lineage tracking is disabled. Register a hook lineage reader to start tracking hook lineage.
[2025-04-22T17:19:29.544+0800] {gcs.py:579} INFO - File /Users/yueyaoz/Downloads/IS3107-FinSum/airflow/snp500-reddit-test/STZ_reddit_20250422.csv uploaded to reddit-test/STZ_reddit_20250422.csv in is3107_bucket bucket
[2025-04-22T17:19:29.545+0800] {hook.py:208} WARNING - Data lineage tracking is disabled. Register a hook lineage reader to start tracking hook lineage.
[2025-04-22T17:19:30.398+0800] {hook.py:208} WARNING - Data lineage tracking is disabled. Register a hook lineage reader to start tracking hook lineage.
[2025-04-22T17:19:30.400+0800] {gcs.py:579} INFO - File /Users/yueyaoz/Downloads/IS3107-FinSum/airflow/snp500-reddit-test/AVY_reddit_20250422.csv uploaded to reddit-test/AVY_reddit_20250422.csv in is3107_bucket bucket
[2025-04-22T17:19:30.401+0800] {hook.py:208} WARNING - Data lineage tracking is disabled. Register a hook lineage reader to start tracking hook lineage.
[2025-04-22T17:19:30.911+0800] {hook.py:208} WARNING - Data lineage tracking is disabled. Register a hook lineage reader to start tracking hook lineage.
[2025-04-22T17:19:30.913+0800] {gcs.py:579} INFO - File /Users/yueyaoz/Downloads/IS3107-FinSum/airflow/snp500-reddit-test/PARA_reddit_20250422.csv uploaded to reddit-test/PARA_reddit_20250422.csv in is3107_bucket bucket
[2025-04-22T17:19:30.914+0800] {hook.py:208} WARNING - Data lineage tracking is disabled. Register a hook lineage reader to start tracking hook lineage.
[2025-04-22T17:19:31.693+0800] {hook.py:208} WARNING - Data lineage tracking is disabled. Register a hook lineage reader to start tracking hook lineage.
[2025-04-22T17:19:31.696+0800] {gcs.py:579} INFO - File /Users/yueyaoz/Downloads/IS3107-FinSum/airflow/snp500-reddit-test/GOOG_reddit_20250422.csv uploaded to reddit-test/GOOG_reddit_20250422.csv in is3107_bucket bucket
[2025-04-22T17:19:31.697+0800] {hook.py:208} WARNING - Data lineage tracking is disabled. Register a hook lineage reader to start tracking hook lineage.
[2025-04-22T17:19:32.243+0800] {hook.py:208} WARNING - Data lineage tracking is disabled. Register a hook lineage reader to start tracking hook lineage.
[2025-04-22T17:19:32.243+0800] {gcs.py:579} INFO - File /Users/yueyaoz/Downloads/IS3107-FinSum/airflow/snp500-reddit-test/EA_reddit_20250422.csv uploaded to reddit-test/EA_reddit_20250422.csv in is3107_bucket bucket
[2025-04-22T17:19:32.243+0800] {hook.py:208} WARNING - Data lineage tracking is disabled. Register a hook lineage reader to start tracking hook lineage.
[2025-04-22T17:19:33.063+0800] {hook.py:208} WARNING - Data lineage tracking is disabled. Register a hook lineage reader to start tracking hook lineage.
[2025-04-22T17:19:33.065+0800] {gcs.py:579} INFO - File /Users/yueyaoz/Downloads/IS3107-FinSum/airflow/snp500-reddit-test/HAS_reddit_20250422.csv uploaded to reddit-test/HAS_reddit_20250422.csv in is3107_bucket bucket
[2025-04-22T17:19:33.066+0800] {hook.py:208} WARNING - Data lineage tracking is disabled. Register a hook lineage reader to start tracking hook lineage.
[2025-04-22T17:19:33.571+0800] {hook.py:208} WARNING - Data lineage tracking is disabled. Register a hook lineage reader to start tracking hook lineage.
[2025-04-22T17:19:33.572+0800] {gcs.py:579} INFO - File /Users/yueyaoz/Downloads/IS3107-FinSum/airflow/snp500-reddit-test/PHM_reddit_20250422.csv uploaded to reddit-test/PHM_reddit_20250422.csv in is3107_bucket bucket
[2025-04-22T17:19:33.572+0800] {hook.py:208} WARNING - Data lineage tracking is disabled. Register a hook lineage reader to start tracking hook lineage.
[2025-04-22T17:19:34.393+0800] {hook.py:208} WARNING - Data lineage tracking is disabled. Register a hook lineage reader to start tracking hook lineage.
[2025-04-22T17:19:34.395+0800] {gcs.py:579} INFO - File /Users/yueyaoz/Downloads/IS3107-FinSum/airflow/snp500-reddit-test/OMC_reddit_20250422.csv uploaded to reddit-test/OMC_reddit_20250422.csv in is3107_bucket bucket
[2025-04-22T17:19:34.396+0800] {hook.py:208} WARNING - Data lineage tracking is disabled. Register a hook lineage reader to start tracking hook lineage.
[2025-04-22T17:19:34.904+0800] {hook.py:208} WARNING - Data lineage tracking is disabled. Register a hook lineage reader to start tracking hook lineage.
[2025-04-22T17:19:34.906+0800] {gcs.py:579} INFO - File /Users/yueyaoz/Downloads/IS3107-FinSum/airflow/snp500-reddit-test/TTWO_reddit_20250422.csv uploaded to reddit-test/TTWO_reddit_20250422.csv in is3107_bucket bucket
[2025-04-22T17:19:34.907+0800] {hook.py:208} WARNING - Data lineage tracking is disabled. Register a hook lineage reader to start tracking hook lineage.
[2025-04-22T17:19:35.722+0800] {hook.py:208} WARNING - Data lineage tracking is disabled. Register a hook lineage reader to start tracking hook lineage.
[2025-04-22T17:19:35.723+0800] {gcs.py:579} INFO - File /Users/yueyaoz/Downloads/IS3107-FinSum/airflow/snp500-reddit-test/LULU_reddit_20250422.csv uploaded to reddit-test/LULU_reddit_20250422.csv in is3107_bucket bucket
[2025-04-22T17:19:35.723+0800] {hook.py:208} WARNING - Data lineage tracking is disabled. Register a hook lineage reader to start tracking hook lineage.
[2025-04-22T17:19:36.235+0800] {hook.py:208} WARNING - Data lineage tracking is disabled. Register a hook lineage reader to start tracking hook lineage.
[2025-04-22T17:19:36.237+0800] {gcs.py:579} INFO - File /Users/yueyaoz/Downloads/IS3107-FinSum/airflow/snp500-reddit-test/LOW_reddit_20250422.csv uploaded to reddit-test/LOW_reddit_20250422.csv in is3107_bucket bucket
[2025-04-22T17:19:36.238+0800] {hook.py:208} WARNING - Data lineage tracking is disabled. Register a hook lineage reader to start tracking hook lineage.
[2025-04-22T17:19:37.055+0800] {hook.py:208} WARNING - Data lineage tracking is disabled. Register a hook lineage reader to start tracking hook lineage.
[2025-04-22T17:19:37.058+0800] {gcs.py:579} INFO - File /Users/yueyaoz/Downloads/IS3107-FinSum/airflow/snp500-reddit-test/META_reddit_20250422.csv uploaded to reddit-test/META_reddit_20250422.csv in is3107_bucket bucket
[2025-04-22T17:19:37.058+0800] {hook.py:208} WARNING - Data lineage tracking is disabled. Register a hook lineage reader to start tracking hook lineage.
[2025-04-22T17:19:37.565+0800] {hook.py:208} WARNING - Data lineage tracking is disabled. Register a hook lineage reader to start tracking hook lineage.
[2025-04-22T17:19:37.566+0800] {gcs.py:579} INFO - File /Users/yueyaoz/Downloads/IS3107-FinSum/airflow/snp500-reddit-test/DPZ_reddit_20250422.csv uploaded to reddit-test/DPZ_reddit_20250422.csv in is3107_bucket bucket
[2025-04-22T17:19:37.566+0800] {hook.py:208} WARNING - Data lineage tracking is disabled. Register a hook lineage reader to start tracking hook lineage.
[2025-04-22T17:19:38.079+0800] {hook.py:208} WARNING - Data lineage tracking is disabled. Register a hook lineage reader to start tracking hook lineage.
[2025-04-22T17:19:38.082+0800] {gcs.py:579} INFO - File /Users/yueyaoz/Downloads/IS3107-FinSum/airflow/snp500-reddit-test/APTV_reddit_20250422.csv uploaded to reddit-test/APTV_reddit_20250422.csv in is3107_bucket bucket
[2025-04-22T17:19:38.083+0800] {hook.py:208} WARNING - Data lineage tracking is disabled. Register a hook lineage reader to start tracking hook lineage.
[2025-04-22T17:19:38.487+0800] {hook.py:208} WARNING - Data lineage tracking is disabled. Register a hook lineage reader to start tracking hook lineage.
[2025-04-22T17:19:38.488+0800] {gcs.py:579} INFO - File /Users/yueyaoz/Downloads/IS3107-FinSum/airflow/snp500-reddit-test/ALB_reddit_20250422.csv uploaded to reddit-test/ALB_reddit_20250422.csv in is3107_bucket bucket
[2025-04-22T17:19:38.488+0800] {hook.py:208} WARNING - Data lineage tracking is disabled. Register a hook lineage reader to start tracking hook lineage.
[2025-04-22T17:19:38.809+0800] {hook.py:208} WARNING - Data lineage tracking is disabled. Register a hook lineage reader to start tracking hook lineage.
[2025-04-22T17:19:38.811+0800] {gcs.py:579} INFO - File /Users/yueyaoz/Downloads/IS3107-FinSum/airflow/snp500-reddit-test/GOOGL_reddit_20250422.csv uploaded to reddit-test/GOOGL_reddit_20250422.csv in is3107_bucket bucket
[2025-04-22T17:19:38.812+0800] {hook.py:208} WARNING - Data lineage tracking is disabled. Register a hook lineage reader to start tracking hook lineage.
[2025-04-22T17:19:39.207+0800] {hook.py:208} WARNING - Data lineage tracking is disabled. Register a hook lineage reader to start tracking hook lineage.
[2025-04-22T17:19:39.210+0800] {gcs.py:579} INFO - File /Users/yueyaoz/Downloads/IS3107-FinSum/airflow/snp500-reddit-test/DOW_reddit_20250422.csv uploaded to reddit-test/DOW_reddit_20250422.csv in is3107_bucket bucket
[2025-04-22T17:19:39.211+0800] {hook.py:208} WARNING - Data lineage tracking is disabled. Register a hook lineage reader to start tracking hook lineage.
[2025-04-22T17:19:39.615+0800] {hook.py:208} WARNING - Data lineage tracking is disabled. Register a hook lineage reader to start tracking hook lineage.
[2025-04-22T17:19:39.617+0800] {gcs.py:579} INFO - File /Users/yueyaoz/Downloads/IS3107-FinSum/airflow/snp500-reddit-test/NFLX_reddit_20250422.csv uploaded to reddit-test/NFLX_reddit_20250422.csv in is3107_bucket bucket
[2025-04-22T17:19:39.618+0800] {hook.py:208} WARNING - Data lineage tracking is disabled. Register a hook lineage reader to start tracking hook lineage.
[2025-04-22T17:19:39.949+0800] {hook.py:208} WARNING - Data lineage tracking is disabled. Register a hook lineage reader to start tracking hook lineage.
[2025-04-22T17:19:39.951+0800] {gcs.py:579} INFO - File /Users/yueyaoz/Downloads/IS3107-FinSum/airflow/snp500-reddit-test/LKQ_reddit_20250422.csv uploaded to reddit-test/LKQ_reddit_20250422.csv in is3107_bucket bucket
[2025-04-22T17:19:39.952+0800] {hook.py:208} WARNING - Data lineage tracking is disabled. Register a hook lineage reader to start tracking hook lineage.
[2025-04-22T17:19:40.330+0800] {hook.py:208} WARNING - Data lineage tracking is disabled. Register a hook lineage reader to start tracking hook lineage.
[2025-04-22T17:19:40.332+0800] {gcs.py:579} INFO - File /Users/yueyaoz/Downloads/IS3107-FinSum/airflow/snp500-reddit-test/MGM_reddit_20250422.csv uploaded to reddit-test/MGM_reddit_20250422.csv in is3107_bucket bucket
[2025-04-22T17:19:40.333+0800] {hook.py:208} WARNING - Data lineage tracking is disabled. Register a hook lineage reader to start tracking hook lineage.
[2025-04-22T17:19:40.741+0800] {hook.py:208} WARNING - Data lineage tracking is disabled. Register a hook lineage reader to start tracking hook lineage.
[2025-04-22T17:19:40.744+0800] {gcs.py:579} INFO - File /Users/yueyaoz/Downloads/IS3107-FinSum/airflow/snp500-reddit-test/NKE_reddit_20250422.csv uploaded to reddit-test/NKE_reddit_20250422.csv in is3107_bucket bucket
[2025-04-22T17:19:40.745+0800] {hook.py:208} WARNING - Data lineage tracking is disabled. Register a hook lineage reader to start tracking hook lineage.
[2025-04-22T17:19:41.152+0800] {hook.py:208} WARNING - Data lineage tracking is disabled. Register a hook lineage reader to start tracking hook lineage.
[2025-04-22T17:19:41.153+0800] {gcs.py:579} INFO - File /Users/yueyaoz/Downloads/IS3107-FinSum/airflow/snp500-reddit-test/MCD_reddit_20250422.csv uploaded to reddit-test/MCD_reddit_20250422.csv in is3107_bucket bucket
[2025-04-22T17:19:41.154+0800] {hook.py:208} WARNING - Data lineage tracking is disabled. Register a hook lineage reader to start tracking hook lineage.
[2025-04-22T17:19:41.559+0800] {hook.py:208} WARNING - Data lineage tracking is disabled. Register a hook lineage reader to start tracking hook lineage.
[2025-04-22T17:19:41.560+0800] {gcs.py:579} INFO - File /Users/yueyaoz/Downloads/IS3107-FinSum/airflow/snp500-reddit-test/BKNG_reddit_20250422.csv uploaded to reddit-test/BKNG_reddit_20250422.csv in is3107_bucket bucket
[2025-04-22T17:19:41.560+0800] {hook.py:208} WARNING - Data lineage tracking is disabled. Register a hook lineage reader to start tracking hook lineage.
[2025-04-22T17:19:41.892+0800] {hook.py:208} WARNING - Data lineage tracking is disabled. Register a hook lineage reader to start tracking hook lineage.
[2025-04-22T17:19:41.894+0800] {gcs.py:579} INFO - File /Users/yueyaoz/Downloads/IS3107-FinSum/airflow/snp500-reddit-test/F_reddit_20250422.csv uploaded to reddit-test/F_reddit_20250422.csv in is3107_bucket bucket
[2025-04-22T17:19:41.895+0800] {hook.py:208} WARNING - Data lineage tracking is disabled. Register a hook lineage reader to start tracking hook lineage.
[2025-04-22T17:19:42.280+0800] {hook.py:208} WARNING - Data lineage tracking is disabled. Register a hook lineage reader to start tracking hook lineage.
[2025-04-22T17:19:42.282+0800] {gcs.py:579} INFO - File /Users/yueyaoz/Downloads/IS3107-FinSum/airflow/snp500-reddit-test/EXPE_reddit_20250422.csv uploaded to reddit-test/EXPE_reddit_20250422.csv in is3107_bucket bucket
[2025-04-22T17:19:42.283+0800] {hook.py:208} WARNING - Data lineage tracking is disabled. Register a hook lineage reader to start tracking hook lineage.
[2025-04-22T17:19:42.612+0800] {hook.py:208} WARNING - Data lineage tracking is disabled. Register a hook lineage reader to start tracking hook lineage.
[2025-04-22T17:19:42.612+0800] {gcs.py:579} INFO - File /Users/yueyaoz/Downloads/IS3107-FinSum/airflow/snp500-reddit-test/YUM_reddit_20250422.csv uploaded to reddit-test/YUM_reddit_20250422.csv in is3107_bucket bucket
[2025-04-22T17:19:42.612+0800] {hook.py:208} WARNING - Data lineage tracking is disabled. Register a hook lineage reader to start tracking hook lineage.
[2025-04-22T17:19:42.995+0800] {hook.py:208} WARNING - Data lineage tracking is disabled. Register a hook lineage reader to start tracking hook lineage.
[2025-04-22T17:19:42.997+0800] {gcs.py:579} INFO - File /Users/yueyaoz/Downloads/IS3107-FinSum/airflow/snp500-reddit-test/NEM_reddit_20250422.csv uploaded to reddit-test/NEM_reddit_20250422.csv in is3107_bucket bucket
[2025-04-22T17:19:42.998+0800] {hook.py:208} WARNING - Data lineage tracking is disabled. Register a hook lineage reader to start tracking hook lineage.
[2025-04-22T17:19:43.403+0800] {hook.py:208} WARNING - Data lineage tracking is disabled. Register a hook lineage reader to start tracking hook lineage.
[2025-04-22T17:19:43.405+0800] {gcs.py:579} INFO - File /Users/yueyaoz/Downloads/IS3107-FinSum/airflow/snp500-reddit-test/EMN_reddit_20250422.csv uploaded to reddit-test/EMN_reddit_20250422.csv in is3107_bucket bucket
[2025-04-22T17:19:43.406+0800] {hook.py:208} WARNING - Data lineage tracking is disabled. Register a hook lineage reader to start tracking hook lineage.
[2025-04-22T17:19:43.812+0800] {hook.py:208} WARNING - Data lineage tracking is disabled. Register a hook lineage reader to start tracking hook lineage.
[2025-04-22T17:19:43.814+0800] {gcs.py:579} INFO - File /Users/yueyaoz/Downloads/IS3107-FinSum/airflow/snp500-reddit-test/CMCSA_reddit_20250422.csv uploaded to reddit-test/CMCSA_reddit_20250422.csv in is3107_bucket bucket
[2025-04-22T17:19:43.815+0800] {hook.py:208} WARNING - Data lineage tracking is disabled. Register a hook lineage reader to start tracking hook lineage.
[2025-04-22T17:19:44.222+0800] {hook.py:208} WARNING - Data lineage tracking is disabled. Register a hook lineage reader to start tracking hook lineage.
[2025-04-22T17:19:44.224+0800] {gcs.py:579} INFO - File /Users/yueyaoz/Downloads/IS3107-FinSum/airflow/snp500-reddit-test/T_reddit_20250422.csv uploaded to reddit-test/T_reddit_20250422.csv in is3107_bucket bucket
[2025-04-22T17:19:44.225+0800] {hook.py:208} WARNING - Data lineage tracking is disabled. Register a hook lineage reader to start tracking hook lineage.
[2025-04-22T17:19:44.546+0800] {hook.py:208} WARNING - Data lineage tracking is disabled. Register a hook lineage reader to start tracking hook lineage.
[2025-04-22T17:19:44.547+0800] {gcs.py:579} INFO - File /Users/yueyaoz/Downloads/IS3107-FinSum/airflow/snp500-reddit-test/ROST_reddit_20250422.csv uploaded to reddit-test/ROST_reddit_20250422.csv in is3107_bucket bucket
[2025-04-22T17:19:44.548+0800] {hook.py:208} WARNING - Data lineage tracking is disabled. Register a hook lineage reader to start tracking hook lineage.
[2025-04-22T17:19:44.938+0800] {hook.py:208} WARNING - Data lineage tracking is disabled. Register a hook lineage reader to start tracking hook lineage.
[2025-04-22T17:19:44.939+0800] {gcs.py:579} INFO - File /Users/yueyaoz/Downloads/IS3107-FinSum/airflow/snp500-reddit-test/LEN_reddit_20250422.csv uploaded to reddit-test/LEN_reddit_20250422.csv in is3107_bucket bucket
[2025-04-22T17:19:44.940+0800] {hook.py:208} WARNING - Data lineage tracking is disabled. Register a hook lineage reader to start tracking hook lineage.
[2025-04-22T17:19:45.350+0800] {hook.py:208} WARNING - Data lineage tracking is disabled. Register a hook lineage reader to start tracking hook lineage.
[2025-04-22T17:19:45.352+0800] {gcs.py:579} INFO - File /Users/yueyaoz/Downloads/IS3107-FinSum/airflow/snp500-reddit-test/MHK_reddit_20250422.csv uploaded to reddit-test/MHK_reddit_20250422.csv in is3107_bucket bucket
[2025-04-22T17:19:45.353+0800] {hook.py:208} WARNING - Data lineage tracking is disabled. Register a hook lineage reader to start tracking hook lineage.
[2025-04-22T17:19:45.758+0800] {hook.py:208} WARNING - Data lineage tracking is disabled. Register a hook lineage reader to start tracking hook lineage.
[2025-04-22T17:19:45.759+0800] {gcs.py:579} INFO - File /Users/yueyaoz/Downloads/IS3107-FinSum/airflow/snp500-reddit-test/DD_reddit_20250422.csv uploaded to reddit-test/DD_reddit_20250422.csv in is3107_bucket bucket
[2025-04-22T17:19:45.760+0800] {hook.py:208} WARNING - Data lineage tracking is disabled. Register a hook lineage reader to start tracking hook lineage.
[2025-04-22T17:19:46.077+0800] {hook.py:208} WARNING - Data lineage tracking is disabled. Register a hook lineage reader to start tracking hook lineage.
[2025-04-22T17:19:46.079+0800] {gcs.py:579} INFO - File /Users/yueyaoz/Downloads/IS3107-FinSum/airflow/snp500-reddit-test/WYNN_reddit_20250422.csv uploaded to reddit-test/WYNN_reddit_20250422.csv in is3107_bucket bucket
[2025-04-22T17:19:46.080+0800] {hook.py:208} WARNING - Data lineage tracking is disabled. Register a hook lineage reader to start tracking hook lineage.
[2025-04-22T17:19:46.475+0800] {hook.py:208} WARNING - Data lineage tracking is disabled. Register a hook lineage reader to start tracking hook lineage.
[2025-04-22T17:19:46.477+0800] {gcs.py:579} INFO - File /Users/yueyaoz/Downloads/IS3107-FinSum/airflow/snp500-reddit-test/CMG_reddit_20250422.csv uploaded to reddit-test/CMG_reddit_20250422.csv in is3107_bucket bucket
[2025-04-22T17:19:46.478+0800] {hook.py:208} WARNING - Data lineage tracking is disabled. Register a hook lineage reader to start tracking hook lineage.
[2025-04-22T17:19:46.884+0800] {hook.py:208} WARNING - Data lineage tracking is disabled. Register a hook lineage reader to start tracking hook lineage.
[2025-04-22T17:19:46.886+0800] {gcs.py:579} INFO - File /Users/yueyaoz/Downloads/IS3107-FinSum/airflow/snp500-reddit-test/RCL_reddit_20250422.csv uploaded to reddit-test/RCL_reddit_20250422.csv in is3107_bucket bucket
[2025-04-22T17:19:46.887+0800] {hook.py:208} WARNING - Data lineage tracking is disabled. Register a hook lineage reader to start tracking hook lineage.
[2025-04-22T17:19:47.295+0800] {hook.py:208} WARNING - Data lineage tracking is disabled. Register a hook lineage reader to start tracking hook lineage.
[2025-04-22T17:19:47.297+0800] {gcs.py:579} INFO - File /Users/yueyaoz/Downloads/IS3107-FinSum/airflow/snp500-reddit-test/FOX_reddit_20250422.csv uploaded to reddit-test/FOX_reddit_20250422.csv in is3107_bucket bucket
[2025-04-22T17:19:47.298+0800] {hook.py:208} WARNING - Data lineage tracking is disabled. Register a hook lineage reader to start tracking hook lineage.
[2025-04-22T17:19:47.703+0800] {hook.py:208} WARNING - Data lineage tracking is disabled. Register a hook lineage reader to start tracking hook lineage.
[2025-04-22T17:19:47.704+0800] {gcs.py:579} INFO - File /Users/yueyaoz/Downloads/IS3107-FinSum/airflow/snp500-reddit-test/ULTA_reddit_20250422.csv uploaded to reddit-test/ULTA_reddit_20250422.csv in is3107_bucket bucket
[2025-04-22T17:19:47.704+0800] {hook.py:208} WARNING - Data lineage tracking is disabled. Register a hook lineage reader to start tracking hook lineage.
[2025-04-22T17:19:48.113+0800] {hook.py:208} WARNING - Data lineage tracking is disabled. Register a hook lineage reader to start tracking hook lineage.
[2025-04-22T17:19:48.115+0800] {gcs.py:579} INFO - File /Users/yueyaoz/Downloads/IS3107-FinSum/airflow/snp500-reddit-test/SBUX_reddit_20250422.csv uploaded to reddit-test/SBUX_reddit_20250422.csv in is3107_bucket bucket
[2025-04-22T17:19:48.115+0800] {hook.py:208} WARNING - Data lineage tracking is disabled. Register a hook lineage reader to start tracking hook lineage.
[2025-04-22T17:19:48.524+0800] {hook.py:208} WARNING - Data lineage tracking is disabled. Register a hook lineage reader to start tracking hook lineage.
[2025-04-22T17:19:48.525+0800] {gcs.py:579} INFO - File /Users/yueyaoz/Downloads/IS3107-FinSum/airflow/snp500-reddit-test/CCL_reddit_20250422.csv uploaded to reddit-test/CCL_reddit_20250422.csv in is3107_bucket bucket
[2025-04-22T17:19:48.526+0800] {hook.py:208} WARNING - Data lineage tracking is disabled. Register a hook lineage reader to start tracking hook lineage.
[2025-04-22T17:19:48.934+0800] {hook.py:208} WARNING - Data lineage tracking is disabled. Register a hook lineage reader to start tracking hook lineage.
[2025-04-22T17:19:48.936+0800] {gcs.py:579} INFO - File /Users/yueyaoz/Downloads/IS3107-FinSum/airflow/snp500-reddit-test/STLD_reddit_20250422.csv uploaded to reddit-test/STLD_reddit_20250422.csv in is3107_bucket bucket
[2025-04-22T17:19:48.937+0800] {hook.py:208} WARNING - Data lineage tracking is disabled. Register a hook lineage reader to start tracking hook lineage.
[2025-04-22T17:19:49.343+0800] {hook.py:208} WARNING - Data lineage tracking is disabled. Register a hook lineage reader to start tracking hook lineage.
[2025-04-22T17:19:49.345+0800] {gcs.py:579} INFO - File /Users/yueyaoz/Downloads/IS3107-FinSum/airflow/snp500-reddit-test/AMZN_reddit_20250422.csv uploaded to reddit-test/AMZN_reddit_20250422.csv in is3107_bucket bucket
[2025-04-22T17:19:49.346+0800] {hook.py:208} WARNING - Data lineage tracking is disabled. Register a hook lineage reader to start tracking hook lineage.
[2025-04-22T17:19:49.752+0800] {hook.py:208} WARNING - Data lineage tracking is disabled. Register a hook lineage reader to start tracking hook lineage.
[2025-04-22T17:19:49.753+0800] {gcs.py:579} INFO - File /Users/yueyaoz/Downloads/IS3107-FinSum/airflow/snp500-reddit-test/NUE_reddit_20250422.csv uploaded to reddit-test/NUE_reddit_20250422.csv in is3107_bucket bucket
[2025-04-22T17:19:49.753+0800] {hook.py:208} WARNING - Data lineage tracking is disabled. Register a hook lineage reader to start tracking hook lineage.
[2025-04-22T17:19:49.759+0800] {taskinstance.py:341} INFO - ::group::Post task execution logs
[2025-04-22T17:19:49.760+0800] {taskinstance.py:353} INFO - Marking task as SUCCESS. dag_id=reddit_yf_scraper, task_id=upload_reddit_to_gcs, run_id=scheduled__2025-04-20T19:00:00+00:00, execution_date=20250420T190000, start_date=20250422T091852, end_date=20250422T091949
[2025-04-22T17:19:49.771+0800] {logging_mixin.py:190} INFO - Task instance in success state
[2025-04-22T17:19:49.771+0800] {logging_mixin.py:190} INFO -  Previous state of the Task instance: running
[2025-04-22T17:19:49.771+0800] {logging_mixin.py:190} INFO - Dag name:reddit_yf_scraper queued_at:2025-04-21 19:13:34.851036+00:00
[2025-04-22T17:19:49.771+0800] {logging_mixin.py:190} INFO - Task hostname:yueyaos-macbook-pro.local operator:LocalFilesystemToGCSOperator
[2025-04-22T17:19:49.806+0800] {local_task_job_runner.py:266} INFO - Task exited with return code 0
[2025-04-22T17:19:49.819+0800] {taskinstance.py:3901} INFO - 0 downstream tasks scheduled from follow-on schedule check
[2025-04-22T17:19:49.821+0800] {local_task_job_runner.py:245} INFO - ::endgroup::
