[2025-04-22T19:54:11.754+0800] {local_task_job_runner.py:123} INFO - ::group::Pre task execution logs
[2025-04-22T19:54:11.761+0800] {taskinstance.py:2614} INFO - Dependencies all met for dep_context=non-requeueable deps ti=<TaskInstance: reddit_yf_scraper.load_to_bigquery scheduled__2025-04-20T19:00:00+00:00 [queued]>
[2025-04-22T19:54:11.765+0800] {taskinstance.py:2614} INFO - Dependencies all met for dep_context=requeueable deps ti=<TaskInstance: reddit_yf_scraper.load_to_bigquery scheduled__2025-04-20T19:00:00+00:00 [queued]>
[2025-04-22T19:54:11.765+0800] {taskinstance.py:2867} INFO - Starting attempt 1 of 2
[2025-04-22T19:54:11.770+0800] {taskinstance.py:2890} INFO - Executing <Task(_PythonDecoratedOperator): load_to_bigquery> on 2025-04-20 19:00:00+00:00
[2025-04-22T19:54:11.775+0800] {standard_task_runner.py:72} INFO - Started process 15378 to run task
[2025-04-22T19:54:11.778+0800] {standard_task_runner.py:104} INFO - Running: ['airflow', 'tasks', 'run', 'reddit_yf_scraper', 'load_to_bigquery', 'scheduled__2025-04-20T19:00:00+00:00', '--job-id', '882', '--raw', '--subdir', 'DAGS_FOLDER/dag.py', '--cfg-path', '/var/folders/2f/rw5w89ss6nl38qvq2cxrh29w0000gn/T/tmp_whst51b']
[2025-04-22T19:54:11.779+0800] {standard_task_runner.py:105} INFO - Job 882: Subtask load_to_bigquery
[2025-04-22T19:54:11.802+0800] {task_command.py:467} INFO - Running <TaskInstance: reddit_yf_scraper.load_to_bigquery scheduled__2025-04-20T19:00:00+00:00 [running]> on host yueyaos-macbook-pro.local
[2025-04-22T19:54:11.829+0800] {taskinstance.py:3134} INFO - Exporting env vars: AIRFLOW_CTX_DAG_OWNER='airflow' AIRFLOW_CTX_DAG_ID='reddit_yf_scraper' AIRFLOW_CTX_TASK_ID='load_to_bigquery' AIRFLOW_CTX_EXECUTION_DATE='2025-04-20T19:00:00+00:00' AIRFLOW_CTX_TRY_NUMBER='1' AIRFLOW_CTX_DAG_RUN_ID='scheduled__2025-04-20T19:00:00+00:00'
[2025-04-22T19:54:11.830+0800] {logging_mixin.py:190} INFO - Task instance is in running state
[2025-04-22T19:54:11.830+0800] {logging_mixin.py:190} INFO -  Previous state of the Task instance: queued
[2025-04-22T19:54:11.830+0800] {logging_mixin.py:190} INFO - Current task name:load_to_bigquery state:running start_date:2025-04-22 11:54:11.761775+00:00
[2025-04-22T19:54:11.830+0800] {logging_mixin.py:190} INFO - Dag name:reddit_yf_scraper and current dag run status:running
[2025-04-22T19:54:11.830+0800] {taskinstance.py:732} INFO - ::endgroup::
[2025-04-22T19:54:11.969+0800] {logging_mixin.py:190} INFO - 📤 Uploading /Users/yueyaoz/Downloads/IS3107-FinSum/airflow/processed/ABNB_processed_20250422.csv to BigQuery...
[2025-04-22T19:54:17.559+0800] {logging_mixin.py:190} INFO - ✅ Successfully loaded ABNB data into BigQuery.
[2025-04-22T19:54:17.560+0800] {logging_mixin.py:190} INFO - 📤 Uploading /Users/yueyaoz/Downloads/IS3107-FinSum/airflow/processed/ALB_processed_20250422.csv to BigQuery...
[2025-04-22T19:54:22.678+0800] {logging_mixin.py:190} INFO - ✅ Successfully loaded ALB data into BigQuery.
[2025-04-22T19:54:22.679+0800] {logging_mixin.py:190} INFO - 📤 Uploading /Users/yueyaoz/Downloads/IS3107-FinSum/airflow/processed/AMCR_processed_20250422.csv to BigQuery...
[2025-04-22T19:54:27.492+0800] {logging_mixin.py:190} INFO - ✅ Successfully loaded AMCR data into BigQuery.
[2025-04-22T19:54:27.493+0800] {logging_mixin.py:190} INFO - 📤 Uploading /Users/yueyaoz/Downloads/IS3107-FinSum/airflow/processed/AMZN_processed_20250422.csv to BigQuery...
[2025-04-22T19:54:32.101+0800] {logging_mixin.py:190} INFO - ✅ Successfully loaded AMZN data into BigQuery.
[2025-04-22T19:54:32.104+0800] {logging_mixin.py:190} INFO - 📤 Uploading /Users/yueyaoz/Downloads/IS3107-FinSum/airflow/processed/APD_processed_20250422.csv to BigQuery...
[2025-04-22T19:54:36.673+0800] {logging_mixin.py:190} INFO - ✅ Successfully loaded APD data into BigQuery.
[2025-04-22T19:54:36.674+0800] {logging_mixin.py:190} INFO - 📤 Uploading /Users/yueyaoz/Downloads/IS3107-FinSum/airflow/processed/APTV_processed_20250422.csv to BigQuery...
[2025-04-22T19:54:40.596+0800] {logging_mixin.py:190} INFO - ✅ Successfully loaded APTV data into BigQuery.
[2025-04-22T19:54:40.597+0800] {logging_mixin.py:190} INFO - 📤 Uploading /Users/yueyaoz/Downloads/IS3107-FinSum/airflow/processed/AVY_processed_20250422.csv to BigQuery...
[2025-04-22T19:54:44.807+0800] {logging_mixin.py:190} INFO - ✅ Successfully loaded AVY data into BigQuery.
[2025-04-22T19:54:44.809+0800] {logging_mixin.py:190} INFO - 📤 Uploading /Users/yueyaoz/Downloads/IS3107-FinSum/airflow/processed/AZO_processed_20250422.csv to BigQuery...
[2025-04-22T19:54:49.817+0800] {logging_mixin.py:190} INFO - ✅ Successfully loaded AZO data into BigQuery.
[2025-04-22T19:54:49.819+0800] {logging_mixin.py:190} INFO - 📤 Uploading /Users/yueyaoz/Downloads/IS3107-FinSum/airflow/processed/BALL_processed_20250422.csv to BigQuery...
[2025-04-22T19:54:55.754+0800] {logging_mixin.py:190} INFO - ✅ Successfully loaded BALL data into BigQuery.
[2025-04-22T19:54:55.755+0800] {logging_mixin.py:190} INFO - 📤 Uploading /Users/yueyaoz/Downloads/IS3107-FinSum/airflow/processed/BBY_processed_20250422.csv to BigQuery...
[2025-04-22T19:55:01.185+0800] {logging_mixin.py:190} INFO - ✅ Successfully loaded BBY data into BigQuery.
[2025-04-22T19:55:01.188+0800] {logging_mixin.py:190} INFO - 📤 Uploading /Users/yueyaoz/Downloads/IS3107-FinSum/airflow/processed/BKNG_processed_20250422.csv to BigQuery...
[2025-04-22T19:55:06.810+0800] {logging_mixin.py:190} INFO - ✅ Successfully loaded BKNG data into BigQuery.
[2025-04-22T19:55:06.811+0800] {logging_mixin.py:190} INFO - 📤 Uploading /Users/yueyaoz/Downloads/IS3107-FinSum/airflow/processed/BWA_processed_20250422.csv to BigQuery...
[2025-04-22T19:55:10.887+0800] {logging_mixin.py:190} INFO - ✅ Successfully loaded BWA data into BigQuery.
[2025-04-22T19:55:10.888+0800] {logging_mixin.py:190} INFO - 📤 Uploading /Users/yueyaoz/Downloads/IS3107-FinSum/airflow/processed/CCL_processed_20250422.csv to BigQuery...
[2025-04-22T19:55:15.213+0800] {logging_mixin.py:190} INFO - ✅ Successfully loaded CCL data into BigQuery.
[2025-04-22T19:55:15.215+0800] {logging_mixin.py:190} INFO - 📤 Uploading /Users/yueyaoz/Downloads/IS3107-FinSum/airflow/processed/CE_processed_20250422.csv to BigQuery...
[2025-04-22T19:55:19.409+0800] {logging_mixin.py:190} INFO - ✅ Successfully loaded CE data into BigQuery.
[2025-04-22T19:55:19.412+0800] {logging_mixin.py:190} INFO - 📤 Uploading /Users/yueyaoz/Downloads/IS3107-FinSum/airflow/processed/CF_processed_20250422.csv to BigQuery...
[2025-04-22T19:55:23.607+0800] {logging_mixin.py:190} INFO - ✅ Successfully loaded CF data into BigQuery.
[2025-04-22T19:55:23.609+0800] {logging_mixin.py:190} INFO - 📤 Uploading /Users/yueyaoz/Downloads/IS3107-FinSum/airflow/processed/CHTR_processed_20250422.csv to BigQuery...
[2025-04-22T19:55:29.549+0800] {logging_mixin.py:190} INFO - ✅ Successfully loaded CHTR data into BigQuery.
[2025-04-22T19:55:29.550+0800] {logging_mixin.py:190} INFO - 📤 Uploading /Users/yueyaoz/Downloads/IS3107-FinSum/airflow/processed/CMCSA_processed_20250422.csv to BigQuery...
[2025-04-22T19:55:35.457+0800] {logging_mixin.py:190} INFO - ✅ Successfully loaded CMCSA data into BigQuery.
[2025-04-22T19:55:35.457+0800] {logging_mixin.py:190} INFO - 📤 Uploading /Users/yueyaoz/Downloads/IS3107-FinSum/airflow/processed/CMG_processed_20250422.csv to BigQuery...
[2025-04-22T19:55:39.481+0800] {logging_mixin.py:190} INFO - ✅ Successfully loaded CMG data into BigQuery.
[2025-04-22T19:55:39.483+0800] {logging_mixin.py:190} INFO - 📤 Uploading /Users/yueyaoz/Downloads/IS3107-FinSum/airflow/processed/CTVA_processed_20250422.csv to BigQuery...
[2025-04-22T19:55:44.192+0800] {logging_mixin.py:190} INFO - ✅ Successfully loaded CTVA data into BigQuery.
[2025-04-22T19:55:44.195+0800] {logging_mixin.py:190} INFO - 📤 Uploading /Users/yueyaoz/Downloads/IS3107-FinSum/airflow/processed/CZR_processed_20250422.csv to BigQuery...
[2025-04-22T19:55:48.902+0800] {logging_mixin.py:190} INFO - ✅ Successfully loaded CZR data into BigQuery.
[2025-04-22T19:55:48.903+0800] {logging_mixin.py:190} INFO - 📤 Uploading /Users/yueyaoz/Downloads/IS3107-FinSum/airflow/processed/DD_processed_20250422.csv to BigQuery...
[2025-04-22T19:55:53.610+0800] {logging_mixin.py:190} INFO - ✅ Successfully loaded DD data into BigQuery.
[2025-04-22T19:55:53.614+0800] {logging_mixin.py:190} INFO - 📤 Uploading /Users/yueyaoz/Downloads/IS3107-FinSum/airflow/processed/DECK_processed_20250422.csv to BigQuery...
[2025-04-22T19:55:58.323+0800] {logging_mixin.py:190} INFO - ✅ Successfully loaded DECK data into BigQuery.
[2025-04-22T19:55:58.325+0800] {logging_mixin.py:190} INFO - 📤 Uploading /Users/yueyaoz/Downloads/IS3107-FinSum/airflow/processed/DHI_processed_20250422.csv to BigQuery...
[2025-04-22T19:56:03.131+0800] {logging_mixin.py:190} INFO - ✅ Successfully loaded DHI data into BigQuery.
[2025-04-22T19:56:03.132+0800] {logging_mixin.py:190} INFO - 📤 Uploading /Users/yueyaoz/Downloads/IS3107-FinSum/airflow/processed/DIS_processed_20250422.csv to BigQuery...
[2025-04-22T19:56:07.539+0800] {logging_mixin.py:190} INFO - ✅ Successfully loaded DIS data into BigQuery.
[2025-04-22T19:56:07.540+0800] {logging_mixin.py:190} INFO - 📤 Uploading /Users/yueyaoz/Downloads/IS3107-FinSum/airflow/processed/DOW_processed_20250422.csv to BigQuery...
[2025-04-22T19:56:12.144+0800] {logging_mixin.py:190} INFO - ✅ Successfully loaded DOW data into BigQuery.
[2025-04-22T19:56:12.145+0800] {logging_mixin.py:190} INFO - 📤 Uploading /Users/yueyaoz/Downloads/IS3107-FinSum/airflow/processed/DPZ_processed_20250422.csv to BigQuery...
[2025-04-22T19:56:17.777+0800] {logging_mixin.py:190} INFO - ✅ Successfully loaded DPZ data into BigQuery.
[2025-04-22T19:56:17.780+0800] {logging_mixin.py:190} INFO - 📤 Uploading /Users/yueyaoz/Downloads/IS3107-FinSum/airflow/processed/DRI_processed_20250422.csv to BigQuery...
[2025-04-22T19:56:25.352+0800] {logging_mixin.py:190} INFO - ✅ Successfully loaded DRI data into BigQuery.
[2025-04-22T19:56:25.353+0800] {logging_mixin.py:190} INFO - 📤 Uploading /Users/yueyaoz/Downloads/IS3107-FinSum/airflow/processed/EA_processed_20250422.csv to BigQuery...
[2025-04-22T19:56:29.349+0800] {logging_mixin.py:190} INFO - ✅ Successfully loaded EA data into BigQuery.
[2025-04-22T19:56:29.351+0800] {logging_mixin.py:190} INFO - 📤 Uploading /Users/yueyaoz/Downloads/IS3107-FinSum/airflow/processed/EBAY_processed_20250422.csv to BigQuery...
[2025-04-22T19:56:33.544+0800] {logging_mixin.py:190} INFO - ✅ Successfully loaded EBAY data into BigQuery.
[2025-04-22T19:56:33.545+0800] {logging_mixin.py:190} INFO - 📤 Uploading /Users/yueyaoz/Downloads/IS3107-FinSum/airflow/processed/ECL_processed_20250422.csv to BigQuery...
[2025-04-22T19:56:37.947+0800] {logging_mixin.py:190} INFO - ✅ Successfully loaded ECL data into BigQuery.
[2025-04-22T19:56:37.948+0800] {logging_mixin.py:190} INFO - 📤 Uploading /Users/yueyaoz/Downloads/IS3107-FinSum/airflow/processed/EMN_processed_20250422.csv to BigQuery...
[2025-04-22T19:56:51.626+0800] {logging_mixin.py:190} INFO - ✅ Successfully loaded EMN data into BigQuery.
[2025-04-22T19:56:51.630+0800] {logging_mixin.py:190} INFO - 📤 Uploading /Users/yueyaoz/Downloads/IS3107-FinSum/airflow/processed/EXPE_processed_20250422.csv to BigQuery...
[2025-04-22T19:56:55.657+0800] {logging_mixin.py:190} INFO - ✅ Successfully loaded EXPE data into BigQuery.
[2025-04-22T19:56:55.658+0800] {logging_mixin.py:190} INFO - 📤 Uploading /Users/yueyaoz/Downloads/IS3107-FinSum/airflow/processed/F_processed_20250422.csv to BigQuery...
[2025-04-22T19:56:59.456+0800] {logging_mixin.py:190} INFO - ✅ Successfully loaded F data into BigQuery.
[2025-04-22T19:56:59.457+0800] {logging_mixin.py:190} INFO - 📤 Uploading /Users/yueyaoz/Downloads/IS3107-FinSum/airflow/processed/FCX_processed_20250422.csv to BigQuery...
[2025-04-22T19:57:03.857+0800] {logging_mixin.py:190} INFO - ✅ Successfully loaded FCX data into BigQuery.
[2025-04-22T19:57:03.858+0800] {logging_mixin.py:190} INFO - 📤 Uploading /Users/yueyaoz/Downloads/IS3107-FinSum/airflow/processed/FMC_processed_20250422.csv to BigQuery...
[2025-04-22T19:57:07.848+0800] {logging_mixin.py:190} INFO - ✅ Successfully loaded FMC data into BigQuery.
[2025-04-22T19:57:07.849+0800] {logging_mixin.py:190} INFO - 📤 Uploading /Users/yueyaoz/Downloads/IS3107-FinSum/airflow/processed/FOX_processed_20250422.csv to BigQuery...
[2025-04-22T19:57:12.357+0800] {logging_mixin.py:190} INFO - ✅ Successfully loaded FOX data into BigQuery.
[2025-04-22T19:57:12.358+0800] {logging_mixin.py:190} INFO - 📤 Uploading /Users/yueyaoz/Downloads/IS3107-FinSum/airflow/processed/FOXA_processed_20250422.csv to BigQuery...
[2025-04-22T19:57:17.681+0800] {logging_mixin.py:190} INFO - ✅ Successfully loaded FOXA data into BigQuery.
[2025-04-22T19:57:17.683+0800] {logging_mixin.py:190} INFO - 📤 Uploading /Users/yueyaoz/Downloads/IS3107-FinSum/airflow/processed/GM_processed_20250422.csv to BigQuery...
[2025-04-22T19:57:21.875+0800] {logging_mixin.py:190} INFO - ✅ Successfully loaded GM data into BigQuery.
[2025-04-22T19:57:21.876+0800] {logging_mixin.py:190} INFO - 📤 Uploading /Users/yueyaoz/Downloads/IS3107-FinSum/airflow/processed/GOOG_processed_20250422.csv to BigQuery...
[2025-04-22T19:57:26.132+0800] {logging_mixin.py:190} INFO - ✅ Successfully loaded GOOG data into BigQuery.
[2025-04-22T19:57:26.133+0800] {logging_mixin.py:190} INFO - 📤 Uploading /Users/yueyaoz/Downloads/IS3107-FinSum/airflow/processed/GOOGL_processed_20250422.csv to BigQuery...
[2025-04-22T19:57:31.197+0800] {logging_mixin.py:190} INFO - ✅ Successfully loaded GOOGL data into BigQuery.
[2025-04-22T19:57:31.199+0800] {logging_mixin.py:190} INFO - 📤 Uploading /Users/yueyaoz/Downloads/IS3107-FinSum/airflow/processed/GPC_processed_20250422.csv to BigQuery...
[2025-04-22T19:57:37.138+0800] {logging_mixin.py:190} INFO - ✅ Successfully loaded GPC data into BigQuery.
[2025-04-22T19:57:37.142+0800] {logging_mixin.py:190} INFO - 📤 Uploading /Users/yueyaoz/Downloads/IS3107-FinSum/airflow/processed/HAS_processed_20250422.csv to BigQuery...
[2025-04-22T19:57:42.359+0800] {logging_mixin.py:190} INFO - ✅ Successfully loaded HAS data into BigQuery.
[2025-04-22T19:57:42.363+0800] {logging_mixin.py:190} INFO - 📤 Uploading /Users/yueyaoz/Downloads/IS3107-FinSum/airflow/processed/HD_processed_20250422.csv to BigQuery...
[2025-04-22T19:57:46.661+0800] {logging_mixin.py:190} INFO - ✅ Successfully loaded HD data into BigQuery.
[2025-04-22T19:57:46.662+0800] {logging_mixin.py:190} INFO - 📤 Uploading /Users/yueyaoz/Downloads/IS3107-FinSum/airflow/processed/HLT_processed_20250422.csv to BigQuery...
[2025-04-22T19:57:51.684+0800] {logging_mixin.py:190} INFO - ✅ Successfully loaded HLT data into BigQuery.
[2025-04-22T19:57:51.685+0800] {logging_mixin.py:190} INFO - 📤 Uploading /Users/yueyaoz/Downloads/IS3107-FinSum/airflow/processed/IFF_processed_20250422.csv to BigQuery...
[2025-04-22T19:57:55.872+0800] {logging_mixin.py:190} INFO - ✅ Successfully loaded IFF data into BigQuery.
[2025-04-22T19:57:55.873+0800] {logging_mixin.py:190} INFO - 📤 Uploading /Users/yueyaoz/Downloads/IS3107-FinSum/airflow/processed/IP_processed_20250422.csv to BigQuery...
[2025-04-22T19:58:00.445+0800] {logging_mixin.py:190} INFO - ✅ Successfully loaded IP data into BigQuery.
[2025-04-22T19:58:00.449+0800] {logging_mixin.py:190} INFO - 📤 Uploading /Users/yueyaoz/Downloads/IS3107-FinSum/airflow/processed/IPG_processed_20250422.csv to BigQuery...
[2025-04-22T19:58:05.121+0800] {logging_mixin.py:190} INFO - ✅ Successfully loaded IPG data into BigQuery.
[2025-04-22T19:58:05.122+0800] {logging_mixin.py:190} INFO - 📤 Uploading /Users/yueyaoz/Downloads/IS3107-FinSum/airflow/processed/KMX_processed_20250422.csv to BigQuery...
[2025-04-22T19:58:09.821+0800] {logging_mixin.py:190} INFO - ✅ Successfully loaded KMX data into BigQuery.
[2025-04-22T19:58:09.826+0800] {logging_mixin.py:190} INFO - 📤 Uploading /Users/yueyaoz/Downloads/IS3107-FinSum/airflow/processed/LEN_processed_20250422.csv to BigQuery...
[2025-04-22T19:58:14.570+0800] {logging_mixin.py:190} INFO - ✅ Successfully loaded LEN data into BigQuery.
[2025-04-22T19:58:14.571+0800] {logging_mixin.py:190} INFO - 📤 Uploading /Users/yueyaoz/Downloads/IS3107-FinSum/airflow/processed/LIN_processed_20250422.csv to BigQuery...
[2025-04-22T19:58:18.577+0800] {logging_mixin.py:190} INFO - ✅ Successfully loaded LIN data into BigQuery.
[2025-04-22T19:58:18.578+0800] {logging_mixin.py:190} INFO - 📤 Uploading /Users/yueyaoz/Downloads/IS3107-FinSum/airflow/processed/LKQ_processed_20250422.csv to BigQuery...
[2025-04-22T19:58:23.409+0800] {logging_mixin.py:190} INFO - ✅ Successfully loaded LKQ data into BigQuery.
[2025-04-22T19:58:23.410+0800] {logging_mixin.py:190} INFO - 📤 Uploading /Users/yueyaoz/Downloads/IS3107-FinSum/airflow/processed/LOW_processed_20250422.csv to BigQuery...
[2025-04-22T19:58:28.222+0800] {logging_mixin.py:190} INFO - ✅ Successfully loaded LOW data into BigQuery.
[2025-04-22T19:58:28.223+0800] {logging_mixin.py:190} INFO - 📤 Uploading /Users/yueyaoz/Downloads/IS3107-FinSum/airflow/processed/LULU_processed_20250422.csv to BigQuery...
[2025-04-22T19:58:33.556+0800] {logging_mixin.py:190} INFO - ✅ Successfully loaded LULU data into BigQuery.
[2025-04-22T19:58:33.558+0800] {logging_mixin.py:190} INFO - 📤 Uploading /Users/yueyaoz/Downloads/IS3107-FinSum/airflow/processed/LVS_processed_20250422.csv to BigQuery...
[2025-04-22T19:58:37.449+0800] {logging_mixin.py:190} INFO - ✅ Successfully loaded LVS data into BigQuery.
[2025-04-22T19:58:37.451+0800] {logging_mixin.py:190} INFO - 📤 Uploading /Users/yueyaoz/Downloads/IS3107-FinSum/airflow/processed/LYB_processed_20250422.csv to BigQuery...
[2025-04-22T19:58:42.005+0800] {logging_mixin.py:190} INFO - ✅ Successfully loaded LYB data into BigQuery.
[2025-04-22T19:58:42.006+0800] {logging_mixin.py:190} INFO - 📤 Uploading /Users/yueyaoz/Downloads/IS3107-FinSum/airflow/processed/LYV_processed_20250422.csv to BigQuery...
[2025-04-22T19:58:46.151+0800] {logging_mixin.py:190} INFO - ✅ Successfully loaded LYV data into BigQuery.
[2025-04-22T19:58:46.153+0800] {logging_mixin.py:190} INFO - 📤 Uploading /Users/yueyaoz/Downloads/IS3107-FinSum/airflow/processed/MAR_processed_20250422.csv to BigQuery...
[2025-04-22T19:58:51.482+0800] {logging_mixin.py:190} INFO - ✅ Successfully loaded MAR data into BigQuery.
[2025-04-22T19:58:51.482+0800] {logging_mixin.py:190} INFO - 📤 Uploading /Users/yueyaoz/Downloads/IS3107-FinSum/airflow/processed/MCD_processed_20250422.csv to BigQuery...
[2025-04-22T19:58:55.440+0800] {logging_mixin.py:190} INFO - ✅ Successfully loaded MCD data into BigQuery.
[2025-04-22T19:58:55.444+0800] {logging_mixin.py:190} INFO - 📤 Uploading /Users/yueyaoz/Downloads/IS3107-FinSum/airflow/processed/META_processed_20250422.csv to BigQuery...
[2025-04-22T19:58:59.670+0800] {logging_mixin.py:190} INFO - ✅ Successfully loaded META data into BigQuery.
[2025-04-22T19:58:59.671+0800] {logging_mixin.py:190} INFO - 📤 Uploading /Users/yueyaoz/Downloads/IS3107-FinSum/airflow/processed/MGM_processed_20250422.csv to BigQuery...
[2025-04-22T19:59:03.662+0800] {logging_mixin.py:190} INFO - ✅ Successfully loaded MGM data into BigQuery.
[2025-04-22T19:59:03.663+0800] {logging_mixin.py:190} INFO - 📤 Uploading /Users/yueyaoz/Downloads/IS3107-FinSum/airflow/processed/MHK_processed_20250422.csv to BigQuery...
[2025-04-22T19:59:09.523+0800] {logging_mixin.py:190} INFO - ✅ Successfully loaded MHK data into BigQuery.
[2025-04-22T19:59:09.526+0800] {logging_mixin.py:190} INFO - 📤 Uploading /Users/yueyaoz/Downloads/IS3107-FinSum/airflow/processed/MLM_processed_20250422.csv to BigQuery...
[2025-04-22T19:59:14.875+0800] {logging_mixin.py:190} INFO - ✅ Successfully loaded MLM data into BigQuery.
[2025-04-22T19:59:14.876+0800] {logging_mixin.py:190} INFO - 📤 Uploading /Users/yueyaoz/Downloads/IS3107-FinSum/airflow/processed/MOS_processed_20250422.csv to BigQuery...
[2025-04-22T19:59:19.530+0800] {logging_mixin.py:190} INFO - ✅ Successfully loaded MOS data into BigQuery.
[2025-04-22T19:59:19.532+0800] {logging_mixin.py:190} INFO - 📤 Uploading /Users/yueyaoz/Downloads/IS3107-FinSum/airflow/processed/MTCH_processed_20250422.csv to BigQuery...
[2025-04-22T19:59:27.809+0800] {logging_mixin.py:190} INFO - ✅ Successfully loaded MTCH data into BigQuery.
[2025-04-22T19:59:27.811+0800] {logging_mixin.py:190} INFO - 📤 Uploading /Users/yueyaoz/Downloads/IS3107-FinSum/airflow/processed/NCLH_processed_20250422.csv to BigQuery...
[2025-04-22T19:59:33.908+0800] {logging_mixin.py:190} INFO - ✅ Successfully loaded NCLH data into BigQuery.
[2025-04-22T19:59:33.914+0800] {logging_mixin.py:190} INFO - 📤 Uploading /Users/yueyaoz/Downloads/IS3107-FinSum/airflow/processed/NEM_processed_20250422.csv to BigQuery...
[2025-04-22T19:59:38.627+0800] {logging_mixin.py:190} INFO - ✅ Successfully loaded NEM data into BigQuery.
[2025-04-22T19:59:38.629+0800] {logging_mixin.py:190} INFO - 📤 Uploading /Users/yueyaoz/Downloads/IS3107-FinSum/airflow/processed/NFLX_processed_20250422.csv to BigQuery...
[2025-04-22T19:59:43.020+0800] {logging_mixin.py:190} INFO - ✅ Successfully loaded NFLX data into BigQuery.
[2025-04-22T19:59:43.022+0800] {logging_mixin.py:190} INFO - 📤 Uploading /Users/yueyaoz/Downloads/IS3107-FinSum/airflow/processed/NKE_processed_20250422.csv to BigQuery...
[2025-04-22T19:59:47.319+0800] {logging_mixin.py:190} INFO - ✅ Successfully loaded NKE data into BigQuery.
[2025-04-22T19:59:47.323+0800] {logging_mixin.py:190} INFO - 📤 Uploading /Users/yueyaoz/Downloads/IS3107-FinSum/airflow/processed/NUE_processed_20250422.csv to BigQuery...
[2025-04-22T19:59:52.304+0800] {logging_mixin.py:190} INFO - ✅ Successfully loaded NUE data into BigQuery.
[2025-04-22T19:59:52.306+0800] {logging_mixin.py:190} INFO - 📤 Uploading /Users/yueyaoz/Downloads/IS3107-FinSum/airflow/processed/NVR_processed_20250422.csv to BigQuery...
[2025-04-22T19:59:56.734+0800] {logging_mixin.py:190} INFO - ✅ Successfully loaded NVR data into BigQuery.
[2025-04-22T19:59:56.734+0800] {logging_mixin.py:190} INFO - 📤 Uploading /Users/yueyaoz/Downloads/IS3107-FinSum/airflow/processed/NWS_processed_20250422.csv to BigQuery...
[2025-04-22T20:00:00.699+0800] {logging_mixin.py:190} INFO - ✅ Successfully loaded NWS data into BigQuery.
[2025-04-22T20:00:00.703+0800] {logging_mixin.py:190} INFO - 📤 Uploading /Users/yueyaoz/Downloads/IS3107-FinSum/airflow/processed/NWSA_processed_20250422.csv to BigQuery...
[2025-04-22T20:00:05.005+0800] {logging_mixin.py:190} INFO - ✅ Successfully loaded NWSA data into BigQuery.
[2025-04-22T20:00:05.007+0800] {logging_mixin.py:190} INFO - 📤 Uploading /Users/yueyaoz/Downloads/IS3107-FinSum/airflow/processed/OMC_processed_20250422.csv to BigQuery...
[2025-04-22T20:00:11.349+0800] {logging_mixin.py:190} INFO - ✅ Successfully loaded OMC data into BigQuery.
[2025-04-22T20:00:11.351+0800] {logging_mixin.py:190} INFO - 📤 Uploading /Users/yueyaoz/Downloads/IS3107-FinSum/airflow/processed/ORLY_processed_20250422.csv to BigQuery...
[2025-04-22T20:00:15.343+0800] {logging_mixin.py:190} INFO - ✅ Successfully loaded ORLY data into BigQuery.
[2025-04-22T20:00:15.345+0800] {logging_mixin.py:190} INFO - 📤 Uploading /Users/yueyaoz/Downloads/IS3107-FinSum/airflow/processed/PARA_processed_20250422.csv to BigQuery...
[2025-04-22T20:00:19.853+0800] {logging_mixin.py:190} INFO - ✅ Successfully loaded PARA data into BigQuery.
[2025-04-22T20:00:19.855+0800] {logging_mixin.py:190} INFO - 📤 Uploading /Users/yueyaoz/Downloads/IS3107-FinSum/airflow/processed/PHM_processed_20250422.csv to BigQuery...
[2025-04-22T20:00:24.953+0800] {logging_mixin.py:190} INFO - ✅ Successfully loaded PHM data into BigQuery.
[2025-04-22T20:00:24.955+0800] {logging_mixin.py:190} INFO - 📤 Uploading /Users/yueyaoz/Downloads/IS3107-FinSum/airflow/processed/PKG_processed_20250422.csv to BigQuery...
[2025-04-22T20:00:30.813+0800] {logging_mixin.py:190} INFO - ✅ Successfully loaded PKG data into BigQuery.
[2025-04-22T20:00:30.815+0800] {logging_mixin.py:190} INFO - 📤 Uploading /Users/yueyaoz/Downloads/IS3107-FinSum/airflow/processed/PPG_processed_20250422.csv to BigQuery...
[2025-04-22T20:01:01.421+0800] {logging_mixin.py:190} INFO - ✅ Successfully loaded PPG data into BigQuery.
[2025-04-22T20:01:01.424+0800] {logging_mixin.py:190} INFO - 📤 Uploading /Users/yueyaoz/Downloads/IS3107-FinSum/airflow/processed/RCL_processed_20250422.csv to BigQuery...
[2025-04-22T20:01:06.307+0800] {logging_mixin.py:190} INFO - ✅ Successfully loaded RCL data into BigQuery.
[2025-04-22T20:01:06.310+0800] {logging_mixin.py:190} INFO - 📤 Uploading /Users/yueyaoz/Downloads/IS3107-FinSum/airflow/processed/RL_processed_20250422.csv to BigQuery...
[2025-04-22T20:01:12.832+0800] {logging_mixin.py:190} INFO - ✅ Successfully loaded RL data into BigQuery.
[2025-04-22T20:01:12.833+0800] {logging_mixin.py:190} INFO - 📤 Uploading /Users/yueyaoz/Downloads/IS3107-FinSum/airflow/processed/ROL_processed_20250422.csv to BigQuery...
[2025-04-22T20:01:17.581+0800] {logging_mixin.py:190} INFO - ✅ Successfully loaded ROL data into BigQuery.
[2025-04-22T20:01:17.584+0800] {logging_mixin.py:190} INFO - 📤 Uploading /Users/yueyaoz/Downloads/IS3107-FinSum/airflow/processed/ROST_processed_20250422.csv to BigQuery...
[2025-04-22T20:01:24.135+0800] {logging_mixin.py:190} INFO - ✅ Successfully loaded ROST data into BigQuery.
[2025-04-22T20:01:24.138+0800] {logging_mixin.py:190} INFO - 📤 Uploading /Users/yueyaoz/Downloads/IS3107-FinSum/airflow/processed/SBUX_processed_20250422.csv to BigQuery...
[2025-04-22T20:01:28.721+0800] {logging_mixin.py:190} INFO - ✅ Successfully loaded SBUX data into BigQuery.
[2025-04-22T20:01:28.724+0800] {logging_mixin.py:190} INFO - 📤 Uploading /Users/yueyaoz/Downloads/IS3107-FinSum/airflow/processed/SHW_processed_20250422.csv to BigQuery...
[2025-04-22T20:01:33.040+0800] {logging_mixin.py:190} INFO - ✅ Successfully loaded SHW data into BigQuery.
[2025-04-22T20:01:33.040+0800] {logging_mixin.py:190} INFO - 📤 Uploading /Users/yueyaoz/Downloads/IS3107-FinSum/airflow/processed/STLD_processed_20250422.csv to BigQuery...
[2025-04-22T20:01:37.856+0800] {logging_mixin.py:190} INFO - ✅ Successfully loaded STLD data into BigQuery.
[2025-04-22T20:01:37.858+0800] {logging_mixin.py:190} INFO - 📤 Uploading /Users/yueyaoz/Downloads/IS3107-FinSum/airflow/processed/STZ_processed_20250422.csv to BigQuery...
[2025-04-22T20:01:43.839+0800] {logging_mixin.py:190} INFO - ✅ Successfully loaded STZ data into BigQuery.
[2025-04-22T20:01:43.841+0800] {logging_mixin.py:190} INFO - 📤 Uploading /Users/yueyaoz/Downloads/IS3107-FinSum/airflow/processed/SW_processed_20250422.csv to BigQuery...
[2025-04-22T20:01:48.611+0800] {logging_mixin.py:190} INFO - ✅ Successfully loaded SW data into BigQuery.
[2025-04-22T20:01:48.614+0800] {logging_mixin.py:190} INFO - 📤 Uploading /Users/yueyaoz/Downloads/IS3107-FinSum/airflow/processed/T_processed_20250422.csv to BigQuery...
[2025-04-22T20:02:14.721+0800] {logging_mixin.py:190} INFO - ✅ Successfully loaded T data into BigQuery.
[2025-04-22T20:02:14.723+0800] {logging_mixin.py:190} INFO - 📤 Uploading /Users/yueyaoz/Downloads/IS3107-FinSum/airflow/processed/TJX_processed_20250422.csv to BigQuery...
[2025-04-22T20:02:18.917+0800] {logging_mixin.py:190} INFO - ✅ Successfully loaded TJX data into BigQuery.
[2025-04-22T20:02:18.920+0800] {logging_mixin.py:190} INFO - 📤 Uploading /Users/yueyaoz/Downloads/IS3107-FinSum/airflow/processed/TMUS_processed_20250422.csv to BigQuery...
[2025-04-22T20:02:23.635+0800] {logging_mixin.py:190} INFO - ✅ Successfully loaded TMUS data into BigQuery.
[2025-04-22T20:02:23.637+0800] {logging_mixin.py:190} INFO - 📤 Uploading /Users/yueyaoz/Downloads/IS3107-FinSum/airflow/processed/TPR_processed_20250422.csv to BigQuery...
[2025-04-22T20:02:27.931+0800] {logging_mixin.py:190} INFO - ✅ Successfully loaded TPR data into BigQuery.
[2025-04-22T20:02:27.934+0800] {logging_mixin.py:190} INFO - 📤 Uploading /Users/yueyaoz/Downloads/IS3107-FinSum/airflow/processed/TSCO_processed_20250422.csv to BigQuery...
[2025-04-22T20:02:33.465+0800] {logging_mixin.py:190} INFO - ✅ Successfully loaded TSCO data into BigQuery.
[2025-04-22T20:02:33.468+0800] {logging_mixin.py:190} INFO - 📤 Uploading /Users/yueyaoz/Downloads/IS3107-FinSum/airflow/processed/TSLA_processed_20250422.csv to BigQuery...
[2025-04-22T20:02:39.710+0800] {logging_mixin.py:190} INFO - ✅ Successfully loaded TSLA data into BigQuery.
[2025-04-22T20:02:39.713+0800] {logging_mixin.py:190} INFO - 📤 Uploading /Users/yueyaoz/Downloads/IS3107-FinSum/airflow/processed/TTWO_processed_20250422.csv to BigQuery...
[2025-04-22T20:02:45.136+0800] {logging_mixin.py:190} INFO - ✅ Successfully loaded TTWO data into BigQuery.
[2025-04-22T20:02:45.138+0800] {logging_mixin.py:190} INFO - 📤 Uploading /Users/yueyaoz/Downloads/IS3107-FinSum/airflow/processed/ULTA_processed_20250422.csv to BigQuery...
[2025-04-22T20:02:49.846+0800] {logging_mixin.py:190} INFO - ✅ Successfully loaded ULTA data into BigQuery.
[2025-04-22T20:02:49.849+0800] {logging_mixin.py:190} INFO - 📤 Uploading /Users/yueyaoz/Downloads/IS3107-FinSum/airflow/processed/VMC_processed_20250422.csv to BigQuery...
[2025-04-22T20:03:06.332+0800] {logging_mixin.py:190} INFO - ✅ Successfully loaded VMC data into BigQuery.
[2025-04-22T20:03:06.335+0800] {logging_mixin.py:190} INFO - 📤 Uploading /Users/yueyaoz/Downloads/IS3107-FinSum/airflow/processed/VZ_processed_20250422.csv to BigQuery...
[2025-04-22T20:03:33.061+0800] {logging_mixin.py:190} INFO - ✅ Successfully loaded VZ data into BigQuery.
[2025-04-22T20:03:33.064+0800] {logging_mixin.py:190} INFO - 📤 Uploading /Users/yueyaoz/Downloads/IS3107-FinSum/airflow/processed/WBD_processed_20250422.csv to BigQuery...
[2025-04-22T20:03:37.463+0800] {logging_mixin.py:190} INFO - ✅ Successfully loaded WBD data into BigQuery.
[2025-04-22T20:03:37.466+0800] {logging_mixin.py:190} INFO - 📤 Uploading /Users/yueyaoz/Downloads/IS3107-FinSum/airflow/processed/WYNN_processed_20250422.csv to BigQuery...
[2025-04-22T20:03:41.660+0800] {logging_mixin.py:190} INFO - ✅ Successfully loaded WYNN data into BigQuery.
[2025-04-22T20:03:41.663+0800] {logging_mixin.py:190} INFO - 📤 Uploading /Users/yueyaoz/Downloads/IS3107-FinSum/airflow/processed/YUM_processed_20250422.csv to BigQuery...
[2025-04-22T20:03:47.186+0800] {logging_mixin.py:190} INFO - ✅ Successfully loaded YUM data into BigQuery.
[2025-04-22T20:03:47.188+0800] {python.py:240} INFO - Done. Returned value was: None
[2025-04-22T20:03:47.202+0800] {taskinstance.py:341} INFO - ::group::Post task execution logs
[2025-04-22T20:03:47.204+0800] {taskinstance.py:353} INFO - Marking task as SUCCESS. dag_id=reddit_yf_scraper, task_id=load_to_bigquery, run_id=scheduled__2025-04-20T19:00:00+00:00, execution_date=20250420T190000, start_date=20250422T115411, end_date=20250422T120347
[2025-04-22T20:03:47.219+0800] {logging_mixin.py:190} INFO - Task instance in success state
[2025-04-22T20:03:47.219+0800] {logging_mixin.py:190} INFO -  Previous state of the Task instance: running
[2025-04-22T20:03:47.219+0800] {logging_mixin.py:190} INFO - Dag name:reddit_yf_scraper queued_at:2025-04-22 11:23:57.885261+00:00
[2025-04-22T20:03:47.220+0800] {logging_mixin.py:190} INFO - Task hostname:yueyaos-macbook-pro.local operator:_PythonDecoratedOperator
[2025-04-22T20:03:47.260+0800] {local_task_job_runner.py:266} INFO - Task exited with return code 0
[2025-04-22T20:03:47.279+0800] {taskinstance.py:3901} INFO - 1 downstream tasks scheduled from follow-on schedule check
[2025-04-22T20:03:47.280+0800] {local_task_job_runner.py:245} INFO - ::endgroup::
