[2025-03-26T08:37:49.154+0800] {processor.py:186} INFO - Started process (PID=45742) to work on /Users/ervinyeoh/Desktop/unimods/is3107/project/.venv/lib/python3.11/site-packages/airflow/example_dags/example_task_group.py
[2025-03-26T08:37:49.154+0800] {processor.py:914} INFO - Processing file /Users/ervinyeoh/Desktop/unimods/is3107/project/.venv/lib/python3.11/site-packages/airflow/example_dags/example_task_group.py for tasks to queue
[2025-03-26T08:37:49.155+0800] {logging_mixin.py:190} INFO - [2025-03-26T08:37:49.155+0800] {dagbag.py:588} INFO - Filling up the DagBag from /Users/ervinyeoh/Desktop/unimods/is3107/project/.venv/lib/python3.11/site-packages/airflow/example_dags/example_task_group.py
[2025-03-26T08:37:49.160+0800] {processor.py:925} INFO - DAG(s) 'example_task_group' retrieved from /Users/ervinyeoh/Desktop/unimods/is3107/project/.venv/lib/python3.11/site-packages/airflow/example_dags/example_task_group.py
[2025-03-26T08:37:49.245+0800] {logging_mixin.py:190} INFO - [2025-03-26T08:37:49.245+0800] {dag.py:3239} INFO - Sync 1 DAGs
[2025-03-26T08:37:49.252+0800] {logging_mixin.py:190} INFO - [2025-03-26T08:37:49.252+0800] {dag.py:4180} INFO - Setting next_dagrun for example_task_group to None, run_after=None
[2025-03-26T08:37:49.263+0800] {processor.py:208} INFO - Processing /Users/ervinyeoh/Desktop/unimods/is3107/project/.venv/lib/python3.11/site-packages/airflow/example_dags/example_task_group.py took 0.111 seconds
[2025-03-26T09:33:49.679+0800] {processor.py:186} INFO - Started process (PID=46145) to work on /Users/ervinyeoh/Desktop/unimods/is3107/project/.venv/lib/python3.11/site-packages/airflow/example_dags/example_task_group.py
[2025-03-26T09:33:49.680+0800] {processor.py:914} INFO - Processing file /Users/ervinyeoh/Desktop/unimods/is3107/project/.venv/lib/python3.11/site-packages/airflow/example_dags/example_task_group.py for tasks to queue
[2025-03-26T09:33:49.680+0800] {logging_mixin.py:190} INFO - [2025-03-26T09:33:49.680+0800] {dagbag.py:588} INFO - Filling up the DagBag from /Users/ervinyeoh/Desktop/unimods/is3107/project/.venv/lib/python3.11/site-packages/airflow/example_dags/example_task_group.py
[2025-03-26T09:33:49.686+0800] {processor.py:925} INFO - DAG(s) 'example_task_group' retrieved from /Users/ervinyeoh/Desktop/unimods/is3107/project/.venv/lib/python3.11/site-packages/airflow/example_dags/example_task_group.py
[2025-03-26T09:33:49.772+0800] {logging_mixin.py:190} INFO - [2025-03-26T09:33:49.772+0800] {dag.py:3239} INFO - Sync 1 DAGs
[2025-03-26T09:33:49.779+0800] {logging_mixin.py:190} INFO - [2025-03-26T09:33:49.778+0800] {dag.py:4180} INFO - Setting next_dagrun for example_task_group to None, run_after=None
[2025-03-26T09:33:49.789+0800] {processor.py:208} INFO - Processing /Users/ervinyeoh/Desktop/unimods/is3107/project/.venv/lib/python3.11/site-packages/airflow/example_dags/example_task_group.py took 0.112 seconds
[2025-03-26T12:05:29.765+0800] {processor.py:186} INFO - Started process (PID=46487) to work on /Users/ervinyeoh/Desktop/unimods/is3107/project/.venv/lib/python3.11/site-packages/airflow/example_dags/example_task_group.py
[2025-03-26T12:05:29.766+0800] {processor.py:914} INFO - Processing file /Users/ervinyeoh/Desktop/unimods/is3107/project/.venv/lib/python3.11/site-packages/airflow/example_dags/example_task_group.py for tasks to queue
[2025-03-26T12:05:29.766+0800] {logging_mixin.py:190} INFO - [2025-03-26T12:05:29.766+0800] {dagbag.py:588} INFO - Filling up the DagBag from /Users/ervinyeoh/Desktop/unimods/is3107/project/.venv/lib/python3.11/site-packages/airflow/example_dags/example_task_group.py
[2025-03-26T12:05:29.772+0800] {processor.py:925} INFO - DAG(s) 'example_task_group' retrieved from /Users/ervinyeoh/Desktop/unimods/is3107/project/.venv/lib/python3.11/site-packages/airflow/example_dags/example_task_group.py
[2025-03-26T12:05:29.855+0800] {logging_mixin.py:190} INFO - [2025-03-26T12:05:29.854+0800] {dag.py:3239} INFO - Sync 1 DAGs
[2025-03-26T12:05:29.861+0800] {logging_mixin.py:190} INFO - [2025-03-26T12:05:29.861+0800] {dag.py:4180} INFO - Setting next_dagrun for example_task_group to None, run_after=None
[2025-03-26T12:05:29.871+0800] {processor.py:208} INFO - Processing /Users/ervinyeoh/Desktop/unimods/is3107/project/.venv/lib/python3.11/site-packages/airflow/example_dags/example_task_group.py took 0.107 seconds
[2025-03-26T14:17:25.552+0800] {processor.py:186} INFO - Started process (PID=46811) to work on /Users/ervinyeoh/Desktop/unimods/is3107/project/.venv/lib/python3.11/site-packages/airflow/example_dags/example_task_group.py
[2025-03-26T14:17:25.553+0800] {processor.py:914} INFO - Processing file /Users/ervinyeoh/Desktop/unimods/is3107/project/.venv/lib/python3.11/site-packages/airflow/example_dags/example_task_group.py for tasks to queue
[2025-03-26T14:17:25.554+0800] {logging_mixin.py:190} INFO - [2025-03-26T14:17:25.554+0800] {dagbag.py:588} INFO - Filling up the DagBag from /Users/ervinyeoh/Desktop/unimods/is3107/project/.venv/lib/python3.11/site-packages/airflow/example_dags/example_task_group.py
[2025-03-26T14:17:25.566+0800] {processor.py:925} INFO - DAG(s) 'example_task_group' retrieved from /Users/ervinyeoh/Desktop/unimods/is3107/project/.venv/lib/python3.11/site-packages/airflow/example_dags/example_task_group.py
[2025-03-26T14:17:25.665+0800] {logging_mixin.py:190} INFO - [2025-03-26T14:17:25.664+0800] {dag.py:3239} INFO - Sync 1 DAGs
[2025-03-26T14:17:25.671+0800] {logging_mixin.py:190} INFO - [2025-03-26T14:17:25.671+0800] {dag.py:4180} INFO - Setting next_dagrun for example_task_group to None, run_after=None
[2025-03-26T14:17:25.681+0800] {processor.py:208} INFO - Processing /Users/ervinyeoh/Desktop/unimods/is3107/project/.venv/lib/python3.11/site-packages/airflow/example_dags/example_task_group.py took 0.131 seconds
[2025-03-26T14:20:58.890+0800] {processor.py:186} INFO - Started process (PID=47037) to work on /Users/ervinyeoh/Desktop/unimods/is3107/project/.venv/lib/python3.11/site-packages/airflow/example_dags/example_task_group.py
[2025-03-26T14:20:58.892+0800] {processor.py:914} INFO - Processing file /Users/ervinyeoh/Desktop/unimods/is3107/project/.venv/lib/python3.11/site-packages/airflow/example_dags/example_task_group.py for tasks to queue
[2025-03-26T14:20:58.892+0800] {logging_mixin.py:190} INFO - [2025-03-26T14:20:58.892+0800] {dagbag.py:588} INFO - Filling up the DagBag from /Users/ervinyeoh/Desktop/unimods/is3107/project/.venv/lib/python3.11/site-packages/airflow/example_dags/example_task_group.py
[2025-03-26T14:20:58.898+0800] {processor.py:925} INFO - DAG(s) 'example_task_group' retrieved from /Users/ervinyeoh/Desktop/unimods/is3107/project/.venv/lib/python3.11/site-packages/airflow/example_dags/example_task_group.py
[2025-03-26T14:20:58.981+0800] {logging_mixin.py:190} INFO - [2025-03-26T14:20:58.981+0800] {dag.py:3239} INFO - Sync 1 DAGs
[2025-03-26T14:20:58.987+0800] {logging_mixin.py:190} INFO - [2025-03-26T14:20:58.987+0800] {dag.py:4180} INFO - Setting next_dagrun for example_task_group to None, run_after=None
[2025-03-26T14:20:58.997+0800] {processor.py:208} INFO - Processing /Users/ervinyeoh/Desktop/unimods/is3107/project/.venv/lib/python3.11/site-packages/airflow/example_dags/example_task_group.py took 0.109 seconds
[2025-03-26T14:32:49.897+0800] {processor.py:186} INFO - Started process (PID=47307) to work on /Users/ervinyeoh/Desktop/unimods/is3107/project/.venv/lib/python3.11/site-packages/airflow/example_dags/example_task_group.py
[2025-03-26T14:32:49.897+0800] {processor.py:914} INFO - Processing file /Users/ervinyeoh/Desktop/unimods/is3107/project/.venv/lib/python3.11/site-packages/airflow/example_dags/example_task_group.py for tasks to queue
[2025-03-26T14:32:49.898+0800] {logging_mixin.py:190} INFO - [2025-03-26T14:32:49.898+0800] {dagbag.py:588} INFO - Filling up the DagBag from /Users/ervinyeoh/Desktop/unimods/is3107/project/.venv/lib/python3.11/site-packages/airflow/example_dags/example_task_group.py
[2025-03-26T14:32:49.903+0800] {processor.py:925} INFO - DAG(s) 'example_task_group' retrieved from /Users/ervinyeoh/Desktop/unimods/is3107/project/.venv/lib/python3.11/site-packages/airflow/example_dags/example_task_group.py
[2025-03-26T14:32:49.987+0800] {logging_mixin.py:190} INFO - [2025-03-26T14:32:49.987+0800] {dag.py:3239} INFO - Sync 1 DAGs
[2025-03-26T14:32:49.993+0800] {logging_mixin.py:190} INFO - [2025-03-26T14:32:49.993+0800] {dag.py:4180} INFO - Setting next_dagrun for example_task_group to None, run_after=None
[2025-03-26T14:32:50.003+0800] {processor.py:208} INFO - Processing /Users/ervinyeoh/Desktop/unimods/is3107/project/.venv/lib/python3.11/site-packages/airflow/example_dags/example_task_group.py took 0.108 seconds
[2025-03-26T15:32:30.348+0800] {processor.py:186} INFO - Started process (PID=47596) to work on /Users/ervinyeoh/Desktop/unimods/is3107/project/.venv/lib/python3.11/site-packages/airflow/example_dags/example_task_group.py
[2025-03-26T15:32:30.349+0800] {processor.py:914} INFO - Processing file /Users/ervinyeoh/Desktop/unimods/is3107/project/.venv/lib/python3.11/site-packages/airflow/example_dags/example_task_group.py for tasks to queue
[2025-03-26T15:32:30.349+0800] {logging_mixin.py:190} INFO - [2025-03-26T15:32:30.349+0800] {dagbag.py:588} INFO - Filling up the DagBag from /Users/ervinyeoh/Desktop/unimods/is3107/project/.venv/lib/python3.11/site-packages/airflow/example_dags/example_task_group.py
[2025-03-26T15:32:30.355+0800] {processor.py:925} INFO - DAG(s) 'example_task_group' retrieved from /Users/ervinyeoh/Desktop/unimods/is3107/project/.venv/lib/python3.11/site-packages/airflow/example_dags/example_task_group.py
[2025-03-26T15:32:30.438+0800] {logging_mixin.py:190} INFO - [2025-03-26T15:32:30.437+0800] {dag.py:3239} INFO - Sync 1 DAGs
[2025-03-26T15:32:30.444+0800] {logging_mixin.py:190} INFO - [2025-03-26T15:32:30.444+0800] {dag.py:4180} INFO - Setting next_dagrun for example_task_group to None, run_after=None
[2025-03-26T15:32:30.454+0800] {processor.py:208} INFO - Processing /Users/ervinyeoh/Desktop/unimods/is3107/project/.venv/lib/python3.11/site-packages/airflow/example_dags/example_task_group.py took 0.108 seconds
[2025-03-26T15:46:37.609+0800] {processor.py:186} INFO - Started process (PID=47957) to work on /Users/ervinyeoh/Desktop/unimods/is3107/project/.venv/lib/python3.11/site-packages/airflow/example_dags/example_task_group.py
[2025-03-26T15:46:37.609+0800] {processor.py:914} INFO - Processing file /Users/ervinyeoh/Desktop/unimods/is3107/project/.venv/lib/python3.11/site-packages/airflow/example_dags/example_task_group.py for tasks to queue
[2025-03-26T15:46:37.610+0800] {logging_mixin.py:190} INFO - [2025-03-26T15:46:37.610+0800] {dagbag.py:588} INFO - Filling up the DagBag from /Users/ervinyeoh/Desktop/unimods/is3107/project/.venv/lib/python3.11/site-packages/airflow/example_dags/example_task_group.py
[2025-03-26T15:46:37.615+0800] {processor.py:925} INFO - DAG(s) 'example_task_group' retrieved from /Users/ervinyeoh/Desktop/unimods/is3107/project/.venv/lib/python3.11/site-packages/airflow/example_dags/example_task_group.py
[2025-03-26T15:46:37.697+0800] {logging_mixin.py:190} INFO - [2025-03-26T15:46:37.697+0800] {dag.py:3239} INFO - Sync 1 DAGs
[2025-03-26T15:46:37.704+0800] {logging_mixin.py:190} INFO - [2025-03-26T15:46:37.704+0800] {dag.py:4180} INFO - Setting next_dagrun for example_task_group to None, run_after=None
[2025-03-26T15:46:37.714+0800] {processor.py:208} INFO - Processing /Users/ervinyeoh/Desktop/unimods/is3107/project/.venv/lib/python3.11/site-packages/airflow/example_dags/example_task_group.py took 0.107 seconds
[2025-03-26T15:49:27.288+0800] {processor.py:186} INFO - Started process (PID=48312) to work on /Users/ervinyeoh/Desktop/unimods/is3107/project/.venv/lib/python3.11/site-packages/airflow/example_dags/example_task_group.py
[2025-03-26T15:49:27.288+0800] {processor.py:914} INFO - Processing file /Users/ervinyeoh/Desktop/unimods/is3107/project/.venv/lib/python3.11/site-packages/airflow/example_dags/example_task_group.py for tasks to queue
[2025-03-26T15:49:27.289+0800] {logging_mixin.py:190} INFO - [2025-03-26T15:49:27.289+0800] {dagbag.py:588} INFO - Filling up the DagBag from /Users/ervinyeoh/Desktop/unimods/is3107/project/.venv/lib/python3.11/site-packages/airflow/example_dags/example_task_group.py
[2025-03-26T15:49:27.295+0800] {processor.py:925} INFO - DAG(s) 'example_task_group' retrieved from /Users/ervinyeoh/Desktop/unimods/is3107/project/.venv/lib/python3.11/site-packages/airflow/example_dags/example_task_group.py
[2025-03-26T15:49:27.377+0800] {logging_mixin.py:190} INFO - [2025-03-26T15:49:27.377+0800] {dag.py:3239} INFO - Sync 1 DAGs
[2025-03-26T15:49:27.383+0800] {logging_mixin.py:190} INFO - [2025-03-26T15:49:27.383+0800] {dag.py:4180} INFO - Setting next_dagrun for example_task_group to None, run_after=None
[2025-03-26T15:49:27.393+0800] {processor.py:208} INFO - Processing /Users/ervinyeoh/Desktop/unimods/is3107/project/.venv/lib/python3.11/site-packages/airflow/example_dags/example_task_group.py took 0.107 seconds
[2025-03-26T16:08:32.858+0800] {processor.py:186} INFO - Started process (PID=48630) to work on /Users/ervinyeoh/Desktop/unimods/is3107/project/.venv/lib/python3.11/site-packages/airflow/example_dags/example_task_group.py
[2025-03-26T16:08:32.859+0800] {processor.py:914} INFO - Processing file /Users/ervinyeoh/Desktop/unimods/is3107/project/.venv/lib/python3.11/site-packages/airflow/example_dags/example_task_group.py for tasks to queue
[2025-03-26T16:08:32.860+0800] {logging_mixin.py:190} INFO - [2025-03-26T16:08:32.859+0800] {dagbag.py:588} INFO - Filling up the DagBag from /Users/ervinyeoh/Desktop/unimods/is3107/project/.venv/lib/python3.11/site-packages/airflow/example_dags/example_task_group.py
[2025-03-26T16:08:32.866+0800] {processor.py:925} INFO - DAG(s) 'example_task_group' retrieved from /Users/ervinyeoh/Desktop/unimods/is3107/project/.venv/lib/python3.11/site-packages/airflow/example_dags/example_task_group.py
[2025-03-26T16:08:32.949+0800] {logging_mixin.py:190} INFO - [2025-03-26T16:08:32.949+0800] {dag.py:3239} INFO - Sync 1 DAGs
[2025-03-26T16:08:32.955+0800] {logging_mixin.py:190} INFO - [2025-03-26T16:08:32.955+0800] {dag.py:4180} INFO - Setting next_dagrun for example_task_group to None, run_after=None
[2025-03-26T16:08:32.965+0800] {processor.py:208} INFO - Processing /Users/ervinyeoh/Desktop/unimods/is3107/project/.venv/lib/python3.11/site-packages/airflow/example_dags/example_task_group.py took 0.109 seconds
[2025-03-26T16:34:03.711+0800] {processor.py:186} INFO - Started process (PID=48888) to work on /Users/ervinyeoh/Desktop/unimods/is3107/project/.venv/lib/python3.11/site-packages/airflow/example_dags/example_task_group.py
[2025-03-26T16:34:03.712+0800] {processor.py:914} INFO - Processing file /Users/ervinyeoh/Desktop/unimods/is3107/project/.venv/lib/python3.11/site-packages/airflow/example_dags/example_task_group.py for tasks to queue
[2025-03-26T16:34:03.713+0800] {logging_mixin.py:190} INFO - [2025-03-26T16:34:03.713+0800] {dagbag.py:588} INFO - Filling up the DagBag from /Users/ervinyeoh/Desktop/unimods/is3107/project/.venv/lib/python3.11/site-packages/airflow/example_dags/example_task_group.py
[2025-03-26T16:34:03.719+0800] {processor.py:925} INFO - DAG(s) 'example_task_group' retrieved from /Users/ervinyeoh/Desktop/unimods/is3107/project/.venv/lib/python3.11/site-packages/airflow/example_dags/example_task_group.py
[2025-03-26T16:34:03.806+0800] {logging_mixin.py:190} INFO - [2025-03-26T16:34:03.806+0800] {dag.py:3239} INFO - Sync 1 DAGs
[2025-03-26T16:34:03.813+0800] {logging_mixin.py:190} INFO - [2025-03-26T16:34:03.813+0800] {dag.py:4180} INFO - Setting next_dagrun for example_task_group to None, run_after=None
[2025-03-26T16:34:03.823+0800] {processor.py:208} INFO - Processing /Users/ervinyeoh/Desktop/unimods/is3107/project/.venv/lib/python3.11/site-packages/airflow/example_dags/example_task_group.py took 0.114 seconds
[2025-03-26T18:50:10.570+0800] {processor.py:186} INFO - Started process (PID=49226) to work on /Users/ervinyeoh/Desktop/unimods/is3107/project/.venv/lib/python3.11/site-packages/airflow/example_dags/example_task_group.py
[2025-03-26T18:50:10.571+0800] {processor.py:914} INFO - Processing file /Users/ervinyeoh/Desktop/unimods/is3107/project/.venv/lib/python3.11/site-packages/airflow/example_dags/example_task_group.py for tasks to queue
[2025-03-26T18:50:10.572+0800] {logging_mixin.py:190} INFO - [2025-03-26T18:50:10.572+0800] {dagbag.py:588} INFO - Filling up the DagBag from /Users/ervinyeoh/Desktop/unimods/is3107/project/.venv/lib/python3.11/site-packages/airflow/example_dags/example_task_group.py
[2025-03-26T18:50:10.577+0800] {processor.py:925} INFO - DAG(s) 'example_task_group' retrieved from /Users/ervinyeoh/Desktop/unimods/is3107/project/.venv/lib/python3.11/site-packages/airflow/example_dags/example_task_group.py
[2025-03-26T18:50:10.675+0800] {logging_mixin.py:190} INFO - [2025-03-26T18:50:10.675+0800] {dag.py:3239} INFO - Sync 1 DAGs
[2025-03-26T18:50:10.682+0800] {logging_mixin.py:190} INFO - [2025-03-26T18:50:10.681+0800] {dag.py:4180} INFO - Setting next_dagrun for example_task_group to None, run_after=None
[2025-03-26T18:50:10.692+0800] {processor.py:208} INFO - Processing /Users/ervinyeoh/Desktop/unimods/is3107/project/.venv/lib/python3.11/site-packages/airflow/example_dags/example_task_group.py took 0.124 seconds
[2025-03-26T23:34:23.708+0800] {processor.py:186} INFO - Started process (PID=51274) to work on /Users/ervinyeoh/Desktop/unimods/is3107/project/.venv/lib/python3.11/site-packages/airflow/example_dags/example_task_group.py
[2025-03-26T23:34:23.709+0800] {processor.py:914} INFO - Processing file /Users/ervinyeoh/Desktop/unimods/is3107/project/.venv/lib/python3.11/site-packages/airflow/example_dags/example_task_group.py for tasks to queue
[2025-03-26T23:34:23.709+0800] {logging_mixin.py:190} INFO - [2025-03-26T23:34:23.709+0800] {dagbag.py:588} INFO - Filling up the DagBag from /Users/ervinyeoh/Desktop/unimods/is3107/project/.venv/lib/python3.11/site-packages/airflow/example_dags/example_task_group.py
[2025-03-26T23:34:23.715+0800] {processor.py:925} INFO - DAG(s) 'example_task_group' retrieved from /Users/ervinyeoh/Desktop/unimods/is3107/project/.venv/lib/python3.11/site-packages/airflow/example_dags/example_task_group.py
[2025-03-26T23:34:23.797+0800] {logging_mixin.py:190} INFO - [2025-03-26T23:34:23.797+0800] {dag.py:3239} INFO - Sync 1 DAGs
[2025-03-26T23:34:23.804+0800] {logging_mixin.py:190} INFO - [2025-03-26T23:34:23.804+0800] {dag.py:4180} INFO - Setting next_dagrun for example_task_group to None, run_after=None
[2025-03-26T23:34:23.814+0800] {processor.py:208} INFO - Processing /Users/ervinyeoh/Desktop/unimods/is3107/project/.venv/lib/python3.11/site-packages/airflow/example_dags/example_task_group.py took 0.108 seconds
[2025-03-27T02:35:53.464+0800] {processor.py:186} INFO - Started process (PID=51629) to work on /Users/ervinyeoh/Desktop/unimods/is3107/project/.venv/lib/python3.11/site-packages/airflow/example_dags/example_task_group.py
[2025-03-27T02:35:53.465+0800] {processor.py:914} INFO - Processing file /Users/ervinyeoh/Desktop/unimods/is3107/project/.venv/lib/python3.11/site-packages/airflow/example_dags/example_task_group.py for tasks to queue
[2025-03-27T02:35:53.466+0800] {logging_mixin.py:190} INFO - [2025-03-27T02:35:53.466+0800] {dagbag.py:588} INFO - Filling up the DagBag from /Users/ervinyeoh/Desktop/unimods/is3107/project/.venv/lib/python3.11/site-packages/airflow/example_dags/example_task_group.py
[2025-03-27T02:35:53.471+0800] {processor.py:925} INFO - DAG(s) 'example_task_group' retrieved from /Users/ervinyeoh/Desktop/unimods/is3107/project/.venv/lib/python3.11/site-packages/airflow/example_dags/example_task_group.py
[2025-03-27T02:35:53.556+0800] {logging_mixin.py:190} INFO - [2025-03-27T02:35:53.556+0800] {dag.py:3239} INFO - Sync 1 DAGs
[2025-03-27T02:35:53.563+0800] {logging_mixin.py:190} INFO - [2025-03-27T02:35:53.563+0800] {dag.py:4180} INFO - Setting next_dagrun for example_task_group to None, run_after=None
[2025-03-27T02:35:53.572+0800] {processor.py:208} INFO - Processing /Users/ervinyeoh/Desktop/unimods/is3107/project/.venv/lib/python3.11/site-packages/airflow/example_dags/example_task_group.py took 0.110 seconds
[2025-03-27T06:29:35.969+0800] {processor.py:186} INFO - Started process (PID=52133) to work on /Users/ervinyeoh/Desktop/unimods/is3107/project/.venv/lib/python3.11/site-packages/airflow/example_dags/example_task_group.py
[2025-03-27T06:29:35.970+0800] {processor.py:914} INFO - Processing file /Users/ervinyeoh/Desktop/unimods/is3107/project/.venv/lib/python3.11/site-packages/airflow/example_dags/example_task_group.py for tasks to queue
[2025-03-27T06:29:35.971+0800] {logging_mixin.py:190} INFO - [2025-03-27T06:29:35.971+0800] {dagbag.py:588} INFO - Filling up the DagBag from /Users/ervinyeoh/Desktop/unimods/is3107/project/.venv/lib/python3.11/site-packages/airflow/example_dags/example_task_group.py
[2025-03-27T06:29:35.976+0800] {processor.py:925} INFO - DAG(s) 'example_task_group' retrieved from /Users/ervinyeoh/Desktop/unimods/is3107/project/.venv/lib/python3.11/site-packages/airflow/example_dags/example_task_group.py
[2025-03-27T06:29:36.059+0800] {logging_mixin.py:190} INFO - [2025-03-27T06:29:36.059+0800] {dag.py:3239} INFO - Sync 1 DAGs
[2025-03-27T06:29:36.065+0800] {logging_mixin.py:190} INFO - [2025-03-27T06:29:36.065+0800] {dag.py:4180} INFO - Setting next_dagrun for example_task_group to None, run_after=None
[2025-03-27T06:29:36.075+0800] {processor.py:208} INFO - Processing /Users/ervinyeoh/Desktop/unimods/is3107/project/.venv/lib/python3.11/site-packages/airflow/example_dags/example_task_group.py took 0.108 seconds
[2025-03-27T06:36:11.647+0800] {processor.py:186} INFO - Started process (PID=52479) to work on /Users/ervinyeoh/Desktop/unimods/is3107/project/.venv/lib/python3.11/site-packages/airflow/example_dags/example_task_group.py
[2025-03-27T06:36:11.648+0800] {processor.py:914} INFO - Processing file /Users/ervinyeoh/Desktop/unimods/is3107/project/.venv/lib/python3.11/site-packages/airflow/example_dags/example_task_group.py for tasks to queue
[2025-03-27T06:36:11.648+0800] {logging_mixin.py:190} INFO - [2025-03-27T06:36:11.648+0800] {dagbag.py:588} INFO - Filling up the DagBag from /Users/ervinyeoh/Desktop/unimods/is3107/project/.venv/lib/python3.11/site-packages/airflow/example_dags/example_task_group.py
[2025-03-27T06:36:11.654+0800] {processor.py:925} INFO - DAG(s) 'example_task_group' retrieved from /Users/ervinyeoh/Desktop/unimods/is3107/project/.venv/lib/python3.11/site-packages/airflow/example_dags/example_task_group.py
[2025-03-27T06:36:11.736+0800] {logging_mixin.py:190} INFO - [2025-03-27T06:36:11.736+0800] {dag.py:3239} INFO - Sync 1 DAGs
[2025-03-27T06:36:11.743+0800] {logging_mixin.py:190} INFO - [2025-03-27T06:36:11.742+0800] {dag.py:4180} INFO - Setting next_dagrun for example_task_group to None, run_after=None
[2025-03-27T06:36:11.752+0800] {processor.py:208} INFO - Processing /Users/ervinyeoh/Desktop/unimods/is3107/project/.venv/lib/python3.11/site-packages/airflow/example_dags/example_task_group.py took 0.107 seconds
[2025-03-27T07:29:34.027+0800] {processor.py:186} INFO - Started process (PID=52831) to work on /Users/ervinyeoh/Desktop/unimods/is3107/project/.venv/lib/python3.11/site-packages/airflow/example_dags/example_task_group.py
[2025-03-27T07:29:34.028+0800] {processor.py:914} INFO - Processing file /Users/ervinyeoh/Desktop/unimods/is3107/project/.venv/lib/python3.11/site-packages/airflow/example_dags/example_task_group.py for tasks to queue
[2025-03-27T07:29:34.029+0800] {logging_mixin.py:190} INFO - [2025-03-27T07:29:34.029+0800] {dagbag.py:588} INFO - Filling up the DagBag from /Users/ervinyeoh/Desktop/unimods/is3107/project/.venv/lib/python3.11/site-packages/airflow/example_dags/example_task_group.py
[2025-03-27T07:29:34.034+0800] {processor.py:925} INFO - DAG(s) 'example_task_group' retrieved from /Users/ervinyeoh/Desktop/unimods/is3107/project/.venv/lib/python3.11/site-packages/airflow/example_dags/example_task_group.py
[2025-03-27T07:29:34.118+0800] {logging_mixin.py:190} INFO - [2025-03-27T07:29:34.118+0800] {dag.py:3239} INFO - Sync 1 DAGs
[2025-03-27T07:29:34.125+0800] {logging_mixin.py:190} INFO - [2025-03-27T07:29:34.124+0800] {dag.py:4180} INFO - Setting next_dagrun for example_task_group to None, run_after=None
[2025-03-27T07:29:34.134+0800] {processor.py:208} INFO - Processing /Users/ervinyeoh/Desktop/unimods/is3107/project/.venv/lib/python3.11/site-packages/airflow/example_dags/example_task_group.py took 0.109 seconds
