[2025-03-26T08:37:46.797+0800] {processor.py:186} INFO - Started process (PID=45737) to work on /Users/ervinyeoh/Desktop/unimods/is3107/project/.venv/lib/python3.11/site-packages/airflow/example_dags/example_task_group_decorator.py
[2025-03-26T08:37:46.798+0800] {processor.py:914} INFO - Processing file /Users/ervinyeoh/Desktop/unimods/is3107/project/.venv/lib/python3.11/site-packages/airflow/example_dags/example_task_group_decorator.py for tasks to queue
[2025-03-26T08:37:46.798+0800] {logging_mixin.py:190} INFO - [2025-03-26T08:37:46.798+0800] {dagbag.py:588} INFO - Filling up the DagBag from /Users/ervinyeoh/Desktop/unimods/is3107/project/.venv/lib/python3.11/site-packages/airflow/example_dags/example_task_group_decorator.py
[2025-03-26T08:37:46.855+0800] {processor.py:925} INFO - DAG(s) 'example_task_group_decorator' retrieved from /Users/ervinyeoh/Desktop/unimods/is3107/project/.venv/lib/python3.11/site-packages/airflow/example_dags/example_task_group_decorator.py
[2025-03-26T08:37:46.909+0800] {logging_mixin.py:190} INFO - [2025-03-26T08:37:46.909+0800] {dag.py:3239} INFO - Sync 1 DAGs
[2025-03-26T08:37:46.914+0800] {logging_mixin.py:190} INFO - [2025-03-26T08:37:46.914+0800] {dag.py:4180} INFO - Setting next_dagrun for example_task_group_decorator to None, run_after=None
[2025-03-26T08:37:46.924+0800] {processor.py:208} INFO - Processing /Users/ervinyeoh/Desktop/unimods/is3107/project/.venv/lib/python3.11/site-packages/airflow/example_dags/example_task_group_decorator.py took 0.129 seconds
[2025-03-26T09:33:47.232+0800] {processor.py:186} INFO - Started process (PID=46142) to work on /Users/ervinyeoh/Desktop/unimods/is3107/project/.venv/lib/python3.11/site-packages/airflow/example_dags/example_task_group_decorator.py
[2025-03-26T09:33:47.233+0800] {processor.py:914} INFO - Processing file /Users/ervinyeoh/Desktop/unimods/is3107/project/.venv/lib/python3.11/site-packages/airflow/example_dags/example_task_group_decorator.py for tasks to queue
[2025-03-26T09:33:47.234+0800] {logging_mixin.py:190} INFO - [2025-03-26T09:33:47.233+0800] {dagbag.py:588} INFO - Filling up the DagBag from /Users/ervinyeoh/Desktop/unimods/is3107/project/.venv/lib/python3.11/site-packages/airflow/example_dags/example_task_group_decorator.py
[2025-03-26T09:33:47.288+0800] {processor.py:925} INFO - DAG(s) 'example_task_group_decorator' retrieved from /Users/ervinyeoh/Desktop/unimods/is3107/project/.venv/lib/python3.11/site-packages/airflow/example_dags/example_task_group_decorator.py
[2025-03-26T09:33:47.343+0800] {logging_mixin.py:190} INFO - [2025-03-26T09:33:47.343+0800] {dag.py:3239} INFO - Sync 1 DAGs
[2025-03-26T09:33:47.348+0800] {logging_mixin.py:190} INFO - [2025-03-26T09:33:47.348+0800] {dag.py:4180} INFO - Setting next_dagrun for example_task_group_decorator to None, run_after=None
[2025-03-26T09:33:47.358+0800] {processor.py:208} INFO - Processing /Users/ervinyeoh/Desktop/unimods/is3107/project/.venv/lib/python3.11/site-packages/airflow/example_dags/example_task_group_decorator.py took 0.128 seconds
[2025-03-26T11:50:19.655+0800] {processor.py:186} INFO - Started process (PID=46477) to work on /Users/ervinyeoh/Desktop/unimods/is3107/project/.venv/lib/python3.11/site-packages/airflow/example_dags/example_task_group_decorator.py
[2025-03-26T11:50:19.656+0800] {processor.py:914} INFO - Processing file /Users/ervinyeoh/Desktop/unimods/is3107/project/.venv/lib/python3.11/site-packages/airflow/example_dags/example_task_group_decorator.py for tasks to queue
[2025-03-26T11:50:19.656+0800] {logging_mixin.py:190} INFO - [2025-03-26T11:50:19.656+0800] {dagbag.py:588} INFO - Filling up the DagBag from /Users/ervinyeoh/Desktop/unimods/is3107/project/.venv/lib/python3.11/site-packages/airflow/example_dags/example_task_group_decorator.py
[2025-03-26T11:50:19.715+0800] {processor.py:925} INFO - DAG(s) 'example_task_group_decorator' retrieved from /Users/ervinyeoh/Desktop/unimods/is3107/project/.venv/lib/python3.11/site-packages/airflow/example_dags/example_task_group_decorator.py
[2025-03-26T11:50:19.769+0800] {logging_mixin.py:190} INFO - [2025-03-26T11:50:19.769+0800] {dag.py:3239} INFO - Sync 1 DAGs
[2025-03-26T11:50:19.776+0800] {logging_mixin.py:190} INFO - [2025-03-26T11:50:19.775+0800] {dag.py:4180} INFO - Setting next_dagrun for example_task_group_decorator to None, run_after=None
[2025-03-26T11:50:19.786+0800] {processor.py:208} INFO - Processing /Users/ervinyeoh/Desktop/unimods/is3107/project/.venv/lib/python3.11/site-packages/airflow/example_dags/example_task_group_decorator.py took 0.133 seconds
[2025-03-26T14:17:23.883+0800] {processor.py:186} INFO - Started process (PID=46805) to work on /Users/ervinyeoh/Desktop/unimods/is3107/project/.venv/lib/python3.11/site-packages/airflow/example_dags/example_task_group_decorator.py
[2025-03-26T14:17:23.884+0800] {processor.py:914} INFO - Processing file /Users/ervinyeoh/Desktop/unimods/is3107/project/.venv/lib/python3.11/site-packages/airflow/example_dags/example_task_group_decorator.py for tasks to queue
[2025-03-26T14:17:23.884+0800] {logging_mixin.py:190} INFO - [2025-03-26T14:17:23.884+0800] {dagbag.py:588} INFO - Filling up the DagBag from /Users/ervinyeoh/Desktop/unimods/is3107/project/.venv/lib/python3.11/site-packages/airflow/example_dags/example_task_group_decorator.py
[2025-03-26T14:17:23.939+0800] {processor.py:925} INFO - DAG(s) 'example_task_group_decorator' retrieved from /Users/ervinyeoh/Desktop/unimods/is3107/project/.venv/lib/python3.11/site-packages/airflow/example_dags/example_task_group_decorator.py
[2025-03-26T14:17:24.058+0800] {logging_mixin.py:190} INFO - [2025-03-26T14:17:24.058+0800] {dag.py:3239} INFO - Sync 1 DAGs
[2025-03-26T14:17:24.063+0800] {logging_mixin.py:190} INFO - [2025-03-26T14:17:24.063+0800] {dag.py:4180} INFO - Setting next_dagrun for example_task_group_decorator to None, run_after=None
[2025-03-26T14:17:24.074+0800] {processor.py:208} INFO - Processing /Users/ervinyeoh/Desktop/unimods/is3107/project/.venv/lib/python3.11/site-packages/airflow/example_dags/example_task_group_decorator.py took 0.193 seconds
[2025-03-26T14:20:56.516+0800] {processor.py:186} INFO - Started process (PID=47032) to work on /Users/ervinyeoh/Desktop/unimods/is3107/project/.venv/lib/python3.11/site-packages/airflow/example_dags/example_task_group_decorator.py
[2025-03-26T14:20:56.516+0800] {processor.py:914} INFO - Processing file /Users/ervinyeoh/Desktop/unimods/is3107/project/.venv/lib/python3.11/site-packages/airflow/example_dags/example_task_group_decorator.py for tasks to queue
[2025-03-26T14:20:56.517+0800] {logging_mixin.py:190} INFO - [2025-03-26T14:20:56.517+0800] {dagbag.py:588} INFO - Filling up the DagBag from /Users/ervinyeoh/Desktop/unimods/is3107/project/.venv/lib/python3.11/site-packages/airflow/example_dags/example_task_group_decorator.py
[2025-03-26T14:20:56.586+0800] {processor.py:925} INFO - DAG(s) 'example_task_group_decorator' retrieved from /Users/ervinyeoh/Desktop/unimods/is3107/project/.venv/lib/python3.11/site-packages/airflow/example_dags/example_task_group_decorator.py
[2025-03-26T14:20:56.641+0800] {logging_mixin.py:190} INFO - [2025-03-26T14:20:56.641+0800] {dag.py:3239} INFO - Sync 1 DAGs
[2025-03-26T14:20:56.647+0800] {logging_mixin.py:190} INFO - [2025-03-26T14:20:56.647+0800] {dag.py:4180} INFO - Setting next_dagrun for example_task_group_decorator to None, run_after=None
[2025-03-26T14:20:56.658+0800] {processor.py:208} INFO - Processing /Users/ervinyeoh/Desktop/unimods/is3107/project/.venv/lib/python3.11/site-packages/airflow/example_dags/example_task_group_decorator.py took 0.144 seconds
[2025-03-26T14:32:47.511+0800] {processor.py:186} INFO - Started process (PID=47302) to work on /Users/ervinyeoh/Desktop/unimods/is3107/project/.venv/lib/python3.11/site-packages/airflow/example_dags/example_task_group_decorator.py
[2025-03-26T14:32:47.511+0800] {processor.py:914} INFO - Processing file /Users/ervinyeoh/Desktop/unimods/is3107/project/.venv/lib/python3.11/site-packages/airflow/example_dags/example_task_group_decorator.py for tasks to queue
[2025-03-26T14:32:47.512+0800] {logging_mixin.py:190} INFO - [2025-03-26T14:32:47.512+0800] {dagbag.py:588} INFO - Filling up the DagBag from /Users/ervinyeoh/Desktop/unimods/is3107/project/.venv/lib/python3.11/site-packages/airflow/example_dags/example_task_group_decorator.py
[2025-03-26T14:32:47.572+0800] {processor.py:925} INFO - DAG(s) 'example_task_group_decorator' retrieved from /Users/ervinyeoh/Desktop/unimods/is3107/project/.venv/lib/python3.11/site-packages/airflow/example_dags/example_task_group_decorator.py
[2025-03-26T14:32:47.627+0800] {logging_mixin.py:190} INFO - [2025-03-26T14:32:47.627+0800] {dag.py:3239} INFO - Sync 1 DAGs
[2025-03-26T14:32:47.633+0800] {logging_mixin.py:190} INFO - [2025-03-26T14:32:47.632+0800] {dag.py:4180} INFO - Setting next_dagrun for example_task_group_decorator to None, run_after=None
[2025-03-26T14:32:47.644+0800] {processor.py:208} INFO - Processing /Users/ervinyeoh/Desktop/unimods/is3107/project/.venv/lib/python3.11/site-packages/airflow/example_dags/example_task_group_decorator.py took 0.135 seconds
[2025-03-26T15:32:27.974+0800] {processor.py:186} INFO - Started process (PID=47594) to work on /Users/ervinyeoh/Desktop/unimods/is3107/project/.venv/lib/python3.11/site-packages/airflow/example_dags/example_task_group_decorator.py
[2025-03-26T15:32:27.975+0800] {processor.py:914} INFO - Processing file /Users/ervinyeoh/Desktop/unimods/is3107/project/.venv/lib/python3.11/site-packages/airflow/example_dags/example_task_group_decorator.py for tasks to queue
[2025-03-26T15:32:27.975+0800] {logging_mixin.py:190} INFO - [2025-03-26T15:32:27.975+0800] {dagbag.py:588} INFO - Filling up the DagBag from /Users/ervinyeoh/Desktop/unimods/is3107/project/.venv/lib/python3.11/site-packages/airflow/example_dags/example_task_group_decorator.py
[2025-03-26T15:32:28.033+0800] {processor.py:925} INFO - DAG(s) 'example_task_group_decorator' retrieved from /Users/ervinyeoh/Desktop/unimods/is3107/project/.venv/lib/python3.11/site-packages/airflow/example_dags/example_task_group_decorator.py
[2025-03-26T15:32:28.104+0800] {logging_mixin.py:190} INFO - [2025-03-26T15:32:28.103+0800] {dag.py:3239} INFO - Sync 1 DAGs
[2025-03-26T15:32:28.110+0800] {logging_mixin.py:190} INFO - [2025-03-26T15:32:28.110+0800] {dag.py:4180} INFO - Setting next_dagrun for example_task_group_decorator to None, run_after=None
[2025-03-26T15:32:28.122+0800] {processor.py:208} INFO - Processing /Users/ervinyeoh/Desktop/unimods/is3107/project/.venv/lib/python3.11/site-packages/airflow/example_dags/example_task_group_decorator.py took 0.150 seconds
[2025-03-26T15:46:35.236+0800] {processor.py:186} INFO - Started process (PID=47952) to work on /Users/ervinyeoh/Desktop/unimods/is3107/project/.venv/lib/python3.11/site-packages/airflow/example_dags/example_task_group_decorator.py
[2025-03-26T15:46:35.237+0800] {processor.py:914} INFO - Processing file /Users/ervinyeoh/Desktop/unimods/is3107/project/.venv/lib/python3.11/site-packages/airflow/example_dags/example_task_group_decorator.py for tasks to queue
[2025-03-26T15:46:35.237+0800] {logging_mixin.py:190} INFO - [2025-03-26T15:46:35.237+0800] {dagbag.py:588} INFO - Filling up the DagBag from /Users/ervinyeoh/Desktop/unimods/is3107/project/.venv/lib/python3.11/site-packages/airflow/example_dags/example_task_group_decorator.py
[2025-03-26T15:46:35.296+0800] {processor.py:925} INFO - DAG(s) 'example_task_group_decorator' retrieved from /Users/ervinyeoh/Desktop/unimods/is3107/project/.venv/lib/python3.11/site-packages/airflow/example_dags/example_task_group_decorator.py
[2025-03-26T15:46:35.350+0800] {logging_mixin.py:190} INFO - [2025-03-26T15:46:35.350+0800] {dag.py:3239} INFO - Sync 1 DAGs
[2025-03-26T15:46:35.356+0800] {logging_mixin.py:190} INFO - [2025-03-26T15:46:35.356+0800] {dag.py:4180} INFO - Setting next_dagrun for example_task_group_decorator to None, run_after=None
[2025-03-26T15:46:35.367+0800] {processor.py:208} INFO - Processing /Users/ervinyeoh/Desktop/unimods/is3107/project/.venv/lib/python3.11/site-packages/airflow/example_dags/example_task_group_decorator.py took 0.133 seconds
[2025-03-26T15:49:24.943+0800] {processor.py:186} INFO - Started process (PID=48298) to work on /Users/ervinyeoh/Desktop/unimods/is3107/project/.venv/lib/python3.11/site-packages/airflow/example_dags/example_task_group_decorator.py
[2025-03-26T15:49:24.944+0800] {processor.py:914} INFO - Processing file /Users/ervinyeoh/Desktop/unimods/is3107/project/.venv/lib/python3.11/site-packages/airflow/example_dags/example_task_group_decorator.py for tasks to queue
[2025-03-26T15:49:24.944+0800] {logging_mixin.py:190} INFO - [2025-03-26T15:49:24.944+0800] {dagbag.py:588} INFO - Filling up the DagBag from /Users/ervinyeoh/Desktop/unimods/is3107/project/.venv/lib/python3.11/site-packages/airflow/example_dags/example_task_group_decorator.py
[2025-03-26T15:49:24.999+0800] {processor.py:925} INFO - DAG(s) 'example_task_group_decorator' retrieved from /Users/ervinyeoh/Desktop/unimods/is3107/project/.venv/lib/python3.11/site-packages/airflow/example_dags/example_task_group_decorator.py
[2025-03-26T15:49:25.054+0800] {logging_mixin.py:190} INFO - [2025-03-26T15:49:25.054+0800] {dag.py:3239} INFO - Sync 1 DAGs
[2025-03-26T15:49:25.059+0800] {logging_mixin.py:190} INFO - [2025-03-26T15:49:25.059+0800] {dag.py:4180} INFO - Setting next_dagrun for example_task_group_decorator to None, run_after=None
[2025-03-26T15:49:25.070+0800] {processor.py:208} INFO - Processing /Users/ervinyeoh/Desktop/unimods/is3107/project/.venv/lib/python3.11/site-packages/airflow/example_dags/example_task_group_decorator.py took 0.129 seconds
[2025-03-26T16:08:30.516+0800] {processor.py:186} INFO - Started process (PID=48624) to work on /Users/ervinyeoh/Desktop/unimods/is3107/project/.venv/lib/python3.11/site-packages/airflow/example_dags/example_task_group_decorator.py
[2025-03-26T16:08:30.517+0800] {processor.py:914} INFO - Processing file /Users/ervinyeoh/Desktop/unimods/is3107/project/.venv/lib/python3.11/site-packages/airflow/example_dags/example_task_group_decorator.py for tasks to queue
[2025-03-26T16:08:30.518+0800] {logging_mixin.py:190} INFO - [2025-03-26T16:08:30.518+0800] {dagbag.py:588} INFO - Filling up the DagBag from /Users/ervinyeoh/Desktop/unimods/is3107/project/.venv/lib/python3.11/site-packages/airflow/example_dags/example_task_group_decorator.py
[2025-03-26T16:08:30.579+0800] {processor.py:925} INFO - DAG(s) 'example_task_group_decorator' retrieved from /Users/ervinyeoh/Desktop/unimods/is3107/project/.venv/lib/python3.11/site-packages/airflow/example_dags/example_task_group_decorator.py
[2025-03-26T16:08:30.634+0800] {logging_mixin.py:190} INFO - [2025-03-26T16:08:30.633+0800] {dag.py:3239} INFO - Sync 1 DAGs
[2025-03-26T16:08:30.639+0800] {logging_mixin.py:190} INFO - [2025-03-26T16:08:30.639+0800] {dag.py:4180} INFO - Setting next_dagrun for example_task_group_decorator to None, run_after=None
[2025-03-26T16:08:30.649+0800] {processor.py:208} INFO - Processing /Users/ervinyeoh/Desktop/unimods/is3107/project/.venv/lib/python3.11/site-packages/airflow/example_dags/example_task_group_decorator.py took 0.134 seconds
[2025-03-26T16:34:01.235+0800] {processor.py:186} INFO - Started process (PID=48880) to work on /Users/ervinyeoh/Desktop/unimods/is3107/project/.venv/lib/python3.11/site-packages/airflow/example_dags/example_task_group_decorator.py
[2025-03-26T16:34:01.235+0800] {processor.py:914} INFO - Processing file /Users/ervinyeoh/Desktop/unimods/is3107/project/.venv/lib/python3.11/site-packages/airflow/example_dags/example_task_group_decorator.py for tasks to queue
[2025-03-26T16:34:01.236+0800] {logging_mixin.py:190} INFO - [2025-03-26T16:34:01.236+0800] {dagbag.py:588} INFO - Filling up the DagBag from /Users/ervinyeoh/Desktop/unimods/is3107/project/.venv/lib/python3.11/site-packages/airflow/example_dags/example_task_group_decorator.py
[2025-03-26T16:34:01.323+0800] {processor.py:925} INFO - DAG(s) 'example_task_group_decorator' retrieved from /Users/ervinyeoh/Desktop/unimods/is3107/project/.venv/lib/python3.11/site-packages/airflow/example_dags/example_task_group_decorator.py
[2025-03-26T16:34:01.377+0800] {logging_mixin.py:190} INFO - [2025-03-26T16:34:01.377+0800] {dag.py:3239} INFO - Sync 1 DAGs
[2025-03-26T16:34:01.384+0800] {logging_mixin.py:190} INFO - [2025-03-26T16:34:01.383+0800] {dag.py:4180} INFO - Setting next_dagrun for example_task_group_decorator to None, run_after=None
[2025-03-26T16:34:01.394+0800] {processor.py:208} INFO - Processing /Users/ervinyeoh/Desktop/unimods/is3107/project/.venv/lib/python3.11/site-packages/airflow/example_dags/example_task_group_decorator.py took 0.161 seconds
[2025-03-26T18:32:36.719+0800] {processor.py:186} INFO - Started process (PID=49213) to work on /Users/ervinyeoh/Desktop/unimods/is3107/project/.venv/lib/python3.11/site-packages/airflow/example_dags/example_task_group_decorator.py
[2025-03-26T18:32:36.720+0800] {processor.py:914} INFO - Processing file /Users/ervinyeoh/Desktop/unimods/is3107/project/.venv/lib/python3.11/site-packages/airflow/example_dags/example_task_group_decorator.py for tasks to queue
[2025-03-26T18:32:36.720+0800] {logging_mixin.py:190} INFO - [2025-03-26T18:32:36.720+0800] {dagbag.py:588} INFO - Filling up the DagBag from /Users/ervinyeoh/Desktop/unimods/is3107/project/.venv/lib/python3.11/site-packages/airflow/example_dags/example_task_group_decorator.py
[2025-03-26T18:32:36.777+0800] {processor.py:925} INFO - DAG(s) 'example_task_group_decorator' retrieved from /Users/ervinyeoh/Desktop/unimods/is3107/project/.venv/lib/python3.11/site-packages/airflow/example_dags/example_task_group_decorator.py
[2025-03-26T18:32:36.837+0800] {logging_mixin.py:190} INFO - [2025-03-26T18:32:36.837+0800] {dag.py:3239} INFO - Sync 1 DAGs
[2025-03-26T18:32:36.844+0800] {logging_mixin.py:190} INFO - [2025-03-26T18:32:36.844+0800] {dag.py:4180} INFO - Setting next_dagrun for example_task_group_decorator to None, run_after=None
[2025-03-26T18:32:36.854+0800] {processor.py:208} INFO - Processing /Users/ervinyeoh/Desktop/unimods/is3107/project/.venv/lib/python3.11/site-packages/airflow/example_dags/example_task_group_decorator.py took 0.137 seconds
[2025-03-26T23:16:43.287+0800] {processor.py:186} INFO - Started process (PID=51266) to work on /Users/ervinyeoh/Desktop/unimods/is3107/project/.venv/lib/python3.11/site-packages/airflow/example_dags/example_task_group_decorator.py
[2025-03-26T23:16:43.287+0800] {processor.py:914} INFO - Processing file /Users/ervinyeoh/Desktop/unimods/is3107/project/.venv/lib/python3.11/site-packages/airflow/example_dags/example_task_group_decorator.py for tasks to queue
[2025-03-26T23:16:43.288+0800] {logging_mixin.py:190} INFO - [2025-03-26T23:16:43.288+0800] {dagbag.py:588} INFO - Filling up the DagBag from /Users/ervinyeoh/Desktop/unimods/is3107/project/.venv/lib/python3.11/site-packages/airflow/example_dags/example_task_group_decorator.py
[2025-03-26T23:16:43.343+0800] {processor.py:925} INFO - DAG(s) 'example_task_group_decorator' retrieved from /Users/ervinyeoh/Desktop/unimods/is3107/project/.venv/lib/python3.11/site-packages/airflow/example_dags/example_task_group_decorator.py
[2025-03-26T23:16:43.398+0800] {logging_mixin.py:190} INFO - [2025-03-26T23:16:43.398+0800] {dag.py:3239} INFO - Sync 1 DAGs
[2025-03-26T23:16:43.404+0800] {logging_mixin.py:190} INFO - [2025-03-26T23:16:43.403+0800] {dag.py:4180} INFO - Setting next_dagrun for example_task_group_decorator to None, run_after=None
[2025-03-26T23:16:43.414+0800] {processor.py:208} INFO - Processing /Users/ervinyeoh/Desktop/unimods/is3107/project/.venv/lib/python3.11/site-packages/airflow/example_dags/example_task_group_decorator.py took 0.129 seconds
[2025-03-27T02:35:51.084+0800] {processor.py:186} INFO - Started process (PID=51626) to work on /Users/ervinyeoh/Desktop/unimods/is3107/project/.venv/lib/python3.11/site-packages/airflow/example_dags/example_task_group_decorator.py
[2025-03-27T02:35:51.085+0800] {processor.py:914} INFO - Processing file /Users/ervinyeoh/Desktop/unimods/is3107/project/.venv/lib/python3.11/site-packages/airflow/example_dags/example_task_group_decorator.py for tasks to queue
[2025-03-27T02:35:51.086+0800] {logging_mixin.py:190} INFO - [2025-03-27T02:35:51.086+0800] {dagbag.py:588} INFO - Filling up the DagBag from /Users/ervinyeoh/Desktop/unimods/is3107/project/.venv/lib/python3.11/site-packages/airflow/example_dags/example_task_group_decorator.py
[2025-03-27T02:35:51.142+0800] {processor.py:925} INFO - DAG(s) 'example_task_group_decorator' retrieved from /Users/ervinyeoh/Desktop/unimods/is3107/project/.venv/lib/python3.11/site-packages/airflow/example_dags/example_task_group_decorator.py
[2025-03-27T02:35:51.196+0800] {logging_mixin.py:190} INFO - [2025-03-27T02:35:51.196+0800] {dag.py:3239} INFO - Sync 1 DAGs
[2025-03-27T02:35:51.201+0800] {logging_mixin.py:190} INFO - [2025-03-27T02:35:51.201+0800] {dag.py:4180} INFO - Setting next_dagrun for example_task_group_decorator to None, run_after=None
[2025-03-27T02:35:51.211+0800] {processor.py:208} INFO - Processing /Users/ervinyeoh/Desktop/unimods/is3107/project/.venv/lib/python3.11/site-packages/airflow/example_dags/example_task_group_decorator.py took 0.128 seconds
[2025-03-27T06:29:34.148+0800] {processor.py:186} INFO - Started process (PID=52129) to work on /Users/ervinyeoh/Desktop/unimods/is3107/project/.venv/lib/python3.11/site-packages/airflow/example_dags/example_task_group_decorator.py
[2025-03-27T06:29:34.149+0800] {processor.py:914} INFO - Processing file /Users/ervinyeoh/Desktop/unimods/is3107/project/.venv/lib/python3.11/site-packages/airflow/example_dags/example_task_group_decorator.py for tasks to queue
[2025-03-27T06:29:34.149+0800] {logging_mixin.py:190} INFO - [2025-03-27T06:29:34.149+0800] {dagbag.py:588} INFO - Filling up the DagBag from /Users/ervinyeoh/Desktop/unimods/is3107/project/.venv/lib/python3.11/site-packages/airflow/example_dags/example_task_group_decorator.py
[2025-03-27T06:29:34.205+0800] {processor.py:925} INFO - DAG(s) 'example_task_group_decorator' retrieved from /Users/ervinyeoh/Desktop/unimods/is3107/project/.venv/lib/python3.11/site-packages/airflow/example_dags/example_task_group_decorator.py
[2025-03-27T06:29:34.259+0800] {logging_mixin.py:190} INFO - [2025-03-27T06:29:34.259+0800] {dag.py:3239} INFO - Sync 1 DAGs
[2025-03-27T06:29:34.264+0800] {logging_mixin.py:190} INFO - [2025-03-27T06:29:34.264+0800] {dag.py:4180} INFO - Setting next_dagrun for example_task_group_decorator to None, run_after=None
[2025-03-27T06:29:34.274+0800] {processor.py:208} INFO - Processing /Users/ervinyeoh/Desktop/unimods/is3107/project/.venv/lib/python3.11/site-packages/airflow/example_dags/example_task_group_decorator.py took 0.128 seconds
[2025-03-27T06:36:09.420+0800] {processor.py:186} INFO - Started process (PID=52477) to work on /Users/ervinyeoh/Desktop/unimods/is3107/project/.venv/lib/python3.11/site-packages/airflow/example_dags/example_task_group_decorator.py
[2025-03-27T06:36:09.421+0800] {processor.py:914} INFO - Processing file /Users/ervinyeoh/Desktop/unimods/is3107/project/.venv/lib/python3.11/site-packages/airflow/example_dags/example_task_group_decorator.py for tasks to queue
[2025-03-27T06:36:09.422+0800] {logging_mixin.py:190} INFO - [2025-03-27T06:36:09.422+0800] {dagbag.py:588} INFO - Filling up the DagBag from /Users/ervinyeoh/Desktop/unimods/is3107/project/.venv/lib/python3.11/site-packages/airflow/example_dags/example_task_group_decorator.py
[2025-03-27T06:36:09.476+0800] {processor.py:925} INFO - DAG(s) 'example_task_group_decorator' retrieved from /Users/ervinyeoh/Desktop/unimods/is3107/project/.venv/lib/python3.11/site-packages/airflow/example_dags/example_task_group_decorator.py
[2025-03-27T06:36:09.535+0800] {logging_mixin.py:190} INFO - [2025-03-27T06:36:09.535+0800] {dag.py:3239} INFO - Sync 1 DAGs
[2025-03-27T06:36:09.541+0800] {logging_mixin.py:190} INFO - [2025-03-27T06:36:09.541+0800] {dag.py:4180} INFO - Setting next_dagrun for example_task_group_decorator to None, run_after=None
[2025-03-27T06:36:09.552+0800] {processor.py:208} INFO - Processing /Users/ervinyeoh/Desktop/unimods/is3107/project/.venv/lib/python3.11/site-packages/airflow/example_dags/example_task_group_decorator.py took 0.134 seconds
[2025-03-27T07:29:31.663+0800] {processor.py:186} INFO - Started process (PID=52829) to work on /Users/ervinyeoh/Desktop/unimods/is3107/project/.venv/lib/python3.11/site-packages/airflow/example_dags/example_task_group_decorator.py
[2025-03-27T07:29:31.664+0800] {processor.py:914} INFO - Processing file /Users/ervinyeoh/Desktop/unimods/is3107/project/.venv/lib/python3.11/site-packages/airflow/example_dags/example_task_group_decorator.py for tasks to queue
[2025-03-27T07:29:31.664+0800] {logging_mixin.py:190} INFO - [2025-03-27T07:29:31.664+0800] {dagbag.py:588} INFO - Filling up the DagBag from /Users/ervinyeoh/Desktop/unimods/is3107/project/.venv/lib/python3.11/site-packages/airflow/example_dags/example_task_group_decorator.py
[2025-03-27T07:29:31.720+0800] {processor.py:925} INFO - DAG(s) 'example_task_group_decorator' retrieved from /Users/ervinyeoh/Desktop/unimods/is3107/project/.venv/lib/python3.11/site-packages/airflow/example_dags/example_task_group_decorator.py
[2025-03-27T07:29:31.775+0800] {logging_mixin.py:190} INFO - [2025-03-27T07:29:31.774+0800] {dag.py:3239} INFO - Sync 1 DAGs
[2025-03-27T07:29:31.781+0800] {logging_mixin.py:190} INFO - [2025-03-27T07:29:31.781+0800] {dag.py:4180} INFO - Setting next_dagrun for example_task_group_decorator to None, run_after=None
[2025-03-27T07:29:31.793+0800] {processor.py:208} INFO - Processing /Users/ervinyeoh/Desktop/unimods/is3107/project/.venv/lib/python3.11/site-packages/airflow/example_dags/example_task_group_decorator.py took 0.132 seconds
