[2025-03-26T08:20:56.371+0800] {processor.py:186} INFO - Started process (PID=45573) to work on /Users/ervinyeoh/Desktop/unimods/is3107/project/.venv/lib/python3.11/site-packages/airflow/example_dags/example_external_task_marker_dag.py
[2025-03-26T08:20:56.372+0800] {processor.py:914} INFO - Processing file /Users/ervinyeoh/Desktop/unimods/is3107/project/.venv/lib/python3.11/site-packages/airflow/example_dags/example_external_task_marker_dag.py for tasks to queue
[2025-03-26T08:20:56.372+0800] {logging_mixin.py:190} INFO - [2025-03-26T08:20:56.372+0800] {dagbag.py:588} INFO - Filling up the DagBag from /Users/ervinyeoh/Desktop/unimods/is3107/project/.venv/lib/python3.11/site-packages/airflow/example_dags/example_external_task_marker_dag.py
[2025-03-26T08:20:56.380+0800] {processor.py:925} INFO - DAG(s) 'example_external_task_marker_parent', 'example_external_task_marker_child' retrieved from /Users/ervinyeoh/Desktop/unimods/is3107/project/.venv/lib/python3.11/site-packages/airflow/example_dags/example_external_task_marker_dag.py
[2025-03-26T08:20:56.877+0800] {logging_mixin.py:190} INFO - [2025-03-26T08:20:56.877+0800] {dag.py:3239} INFO - Sync 2 DAGs
[2025-03-26T08:20:56.883+0800] {logging_mixin.py:190} INFO - [2025-03-26T08:20:56.883+0800] {dag.py:4180} INFO - Setting next_dagrun for example_external_task_marker_child to None, run_after=None
[2025-03-26T08:20:56.885+0800] {logging_mixin.py:190} INFO - [2025-03-26T08:20:56.885+0800] {dag.py:4180} INFO - Setting next_dagrun for example_external_task_marker_parent to None, run_after=None
[2025-03-26T08:20:56.895+0800] {processor.py:208} INFO - Processing /Users/ervinyeoh/Desktop/unimods/is3107/project/.venv/lib/python3.11/site-packages/airflow/example_dags/example_external_task_marker_dag.py took 0.525 seconds
[2025-03-26T09:13:22.371+0800] {processor.py:186} INFO - Started process (PID=45944) to work on /Users/ervinyeoh/Desktop/unimods/is3107/project/.venv/lib/python3.11/site-packages/airflow/example_dags/example_external_task_marker_dag.py
[2025-03-26T09:13:22.372+0800] {processor.py:914} INFO - Processing file /Users/ervinyeoh/Desktop/unimods/is3107/project/.venv/lib/python3.11/site-packages/airflow/example_dags/example_external_task_marker_dag.py for tasks to queue
[2025-03-26T09:13:22.372+0800] {logging_mixin.py:190} INFO - [2025-03-26T09:13:22.372+0800] {dagbag.py:588} INFO - Filling up the DagBag from /Users/ervinyeoh/Desktop/unimods/is3107/project/.venv/lib/python3.11/site-packages/airflow/example_dags/example_external_task_marker_dag.py
[2025-03-26T09:13:22.380+0800] {processor.py:925} INFO - DAG(s) 'example_external_task_marker_child', 'example_external_task_marker_parent' retrieved from /Users/ervinyeoh/Desktop/unimods/is3107/project/.venv/lib/python3.11/site-packages/airflow/example_dags/example_external_task_marker_dag.py
[2025-03-26T09:13:23.132+0800] {logging_mixin.py:190} INFO - [2025-03-26T09:13:23.132+0800] {dag.py:3239} INFO - Sync 2 DAGs
[2025-03-26T09:13:23.138+0800] {logging_mixin.py:190} INFO - [2025-03-26T09:13:23.138+0800] {dag.py:4180} INFO - Setting next_dagrun for example_external_task_marker_child to None, run_after=None
[2025-03-26T09:13:23.140+0800] {logging_mixin.py:190} INFO - [2025-03-26T09:13:23.140+0800] {dag.py:4180} INFO - Setting next_dagrun for example_external_task_marker_parent to None, run_after=None
[2025-03-26T09:13:23.149+0800] {processor.py:208} INFO - Processing /Users/ervinyeoh/Desktop/unimods/is3107/project/.venv/lib/python3.11/site-packages/airflow/example_dags/example_external_task_marker_dag.py took 0.780 seconds
[2025-03-26T09:36:17.392+0800] {processor.py:186} INFO - Started process (PID=46268) to work on /Users/ervinyeoh/Desktop/unimods/is3107/project/.venv/lib/python3.11/site-packages/airflow/example_dags/example_external_task_marker_dag.py
[2025-03-26T09:36:17.393+0800] {processor.py:914} INFO - Processing file /Users/ervinyeoh/Desktop/unimods/is3107/project/.venv/lib/python3.11/site-packages/airflow/example_dags/example_external_task_marker_dag.py for tasks to queue
[2025-03-26T09:36:17.393+0800] {logging_mixin.py:190} INFO - [2025-03-26T09:36:17.393+0800] {dagbag.py:588} INFO - Filling up the DagBag from /Users/ervinyeoh/Desktop/unimods/is3107/project/.venv/lib/python3.11/site-packages/airflow/example_dags/example_external_task_marker_dag.py
[2025-03-26T09:36:17.401+0800] {processor.py:925} INFO - DAG(s) 'example_external_task_marker_parent', 'example_external_task_marker_child' retrieved from /Users/ervinyeoh/Desktop/unimods/is3107/project/.venv/lib/python3.11/site-packages/airflow/example_dags/example_external_task_marker_dag.py
[2025-03-26T09:36:17.869+0800] {logging_mixin.py:190} INFO - [2025-03-26T09:36:17.869+0800] {dag.py:3239} INFO - Sync 2 DAGs
[2025-03-26T09:36:17.875+0800] {logging_mixin.py:190} INFO - [2025-03-26T09:36:17.875+0800] {dag.py:4180} INFO - Setting next_dagrun for example_external_task_marker_child to None, run_after=None
[2025-03-26T09:36:17.877+0800] {logging_mixin.py:190} INFO - [2025-03-26T09:36:17.877+0800] {dag.py:4180} INFO - Setting next_dagrun for example_external_task_marker_parent to None, run_after=None
[2025-03-26T09:36:17.885+0800] {processor.py:208} INFO - Processing /Users/ervinyeoh/Desktop/unimods/is3107/project/.venv/lib/python3.11/site-packages/airflow/example_dags/example_external_task_marker_dag.py took 0.495 seconds
[2025-03-26T14:03:30.256+0800] {processor.py:186} INFO - Started process (PID=46635) to work on /Users/ervinyeoh/Desktop/unimods/is3107/project/.venv/lib/python3.11/site-packages/airflow/example_dags/example_external_task_marker_dag.py
[2025-03-26T14:03:30.257+0800] {processor.py:914} INFO - Processing file /Users/ervinyeoh/Desktop/unimods/is3107/project/.venv/lib/python3.11/site-packages/airflow/example_dags/example_external_task_marker_dag.py for tasks to queue
[2025-03-26T14:03:30.258+0800] {logging_mixin.py:190} INFO - [2025-03-26T14:03:30.258+0800] {dagbag.py:588} INFO - Filling up the DagBag from /Users/ervinyeoh/Desktop/unimods/is3107/project/.venv/lib/python3.11/site-packages/airflow/example_dags/example_external_task_marker_dag.py
[2025-03-26T14:03:30.270+0800] {processor.py:925} INFO - DAG(s) 'example_external_task_marker_parent', 'example_external_task_marker_child' retrieved from /Users/ervinyeoh/Desktop/unimods/is3107/project/.venv/lib/python3.11/site-packages/airflow/example_dags/example_external_task_marker_dag.py
[2025-03-26T14:03:31.126+0800] {logging_mixin.py:190} INFO - [2025-03-26T14:03:31.126+0800] {dag.py:3239} INFO - Sync 2 DAGs
[2025-03-26T14:03:31.133+0800] {logging_mixin.py:190} INFO - [2025-03-26T14:03:31.133+0800] {dag.py:4180} INFO - Setting next_dagrun for example_external_task_marker_child to None, run_after=None
[2025-03-26T14:03:31.135+0800] {logging_mixin.py:190} INFO - [2025-03-26T14:03:31.135+0800] {dag.py:4180} INFO - Setting next_dagrun for example_external_task_marker_parent to None, run_after=None
[2025-03-26T14:03:31.145+0800] {processor.py:208} INFO - Processing /Users/ervinyeoh/Desktop/unimods/is3107/project/.venv/lib/python3.11/site-packages/airflow/example_dags/example_external_task_marker_dag.py took 0.889 seconds
[2025-03-26T14:18:25.583+0800] {processor.py:186} INFO - Started process (PID=46911) to work on /Users/ervinyeoh/Desktop/unimods/is3107/project/.venv/lib/python3.11/site-packages/airflow/example_dags/example_external_task_marker_dag.py
[2025-03-26T14:18:25.584+0800] {processor.py:914} INFO - Processing file /Users/ervinyeoh/Desktop/unimods/is3107/project/.venv/lib/python3.11/site-packages/airflow/example_dags/example_external_task_marker_dag.py for tasks to queue
[2025-03-26T14:18:25.585+0800] {logging_mixin.py:190} INFO - [2025-03-26T14:18:25.585+0800] {dagbag.py:588} INFO - Filling up the DagBag from /Users/ervinyeoh/Desktop/unimods/is3107/project/.venv/lib/python3.11/site-packages/airflow/example_dags/example_external_task_marker_dag.py
[2025-03-26T14:18:25.592+0800] {processor.py:925} INFO - DAG(s) 'example_external_task_marker_parent', 'example_external_task_marker_child' retrieved from /Users/ervinyeoh/Desktop/unimods/is3107/project/.venv/lib/python3.11/site-packages/airflow/example_dags/example_external_task_marker_dag.py
[2025-03-26T14:18:26.083+0800] {logging_mixin.py:190} INFO - [2025-03-26T14:18:26.083+0800] {dag.py:3239} INFO - Sync 2 DAGs
[2025-03-26T14:18:26.090+0800] {logging_mixin.py:190} INFO - [2025-03-26T14:18:26.089+0800] {dag.py:4180} INFO - Setting next_dagrun for example_external_task_marker_child to None, run_after=None
[2025-03-26T14:18:26.091+0800] {logging_mixin.py:190} INFO - [2025-03-26T14:18:26.091+0800] {dag.py:4180} INFO - Setting next_dagrun for example_external_task_marker_parent to None, run_after=None
[2025-03-26T14:18:26.101+0800] {processor.py:208} INFO - Processing /Users/ervinyeoh/Desktop/unimods/is3107/project/.venv/lib/python3.11/site-packages/airflow/example_dags/example_external_task_marker_dag.py took 0.519 seconds
[2025-03-26T14:49:12.540+0800] {processor.py:186} INFO - Started process (PID=47434) to work on /Users/ervinyeoh/Desktop/unimods/is3107/project/.venv/lib/python3.11/site-packages/airflow/example_dags/example_external_task_marker_dag.py
[2025-03-26T14:49:12.541+0800] {processor.py:914} INFO - Processing file /Users/ervinyeoh/Desktop/unimods/is3107/project/.venv/lib/python3.11/site-packages/airflow/example_dags/example_external_task_marker_dag.py for tasks to queue
[2025-03-26T14:49:12.542+0800] {logging_mixin.py:190} INFO - [2025-03-26T14:49:12.542+0800] {dagbag.py:588} INFO - Filling up the DagBag from /Users/ervinyeoh/Desktop/unimods/is3107/project/.venv/lib/python3.11/site-packages/airflow/example_dags/example_external_task_marker_dag.py
[2025-03-26T14:49:12.549+0800] {processor.py:925} INFO - DAG(s) 'example_external_task_marker_child', 'example_external_task_marker_parent' retrieved from /Users/ervinyeoh/Desktop/unimods/is3107/project/.venv/lib/python3.11/site-packages/airflow/example_dags/example_external_task_marker_dag.py
[2025-03-26T14:49:13.037+0800] {logging_mixin.py:190} INFO - [2025-03-26T14:49:13.037+0800] {dag.py:3239} INFO - Sync 2 DAGs
[2025-03-26T14:49:13.043+0800] {logging_mixin.py:190} INFO - [2025-03-26T14:49:13.043+0800] {dag.py:4180} INFO - Setting next_dagrun for example_external_task_marker_child to None, run_after=None
[2025-03-26T14:49:13.045+0800] {logging_mixin.py:190} INFO - [2025-03-26T14:49:13.045+0800] {dag.py:4180} INFO - Setting next_dagrun for example_external_task_marker_parent to None, run_after=None
[2025-03-26T14:49:13.054+0800] {processor.py:208} INFO - Processing /Users/ervinyeoh/Desktop/unimods/is3107/project/.venv/lib/python3.11/site-packages/airflow/example_dags/example_external_task_marker_dag.py took 0.515 seconds
[2025-03-26T15:38:40.894+0800] {processor.py:186} INFO - Started process (PID=47704) to work on /Users/ervinyeoh/Desktop/unimods/is3107/project/.venv/lib/python3.11/site-packages/airflow/example_dags/example_external_task_marker_dag.py
[2025-03-26T15:38:40.895+0800] {processor.py:914} INFO - Processing file /Users/ervinyeoh/Desktop/unimods/is3107/project/.venv/lib/python3.11/site-packages/airflow/example_dags/example_external_task_marker_dag.py for tasks to queue
[2025-03-26T15:38:40.896+0800] {logging_mixin.py:190} INFO - [2025-03-26T15:38:40.895+0800] {dagbag.py:588} INFO - Filling up the DagBag from /Users/ervinyeoh/Desktop/unimods/is3107/project/.venv/lib/python3.11/site-packages/airflow/example_dags/example_external_task_marker_dag.py
[2025-03-26T15:38:40.903+0800] {processor.py:925} INFO - DAG(s) 'example_external_task_marker_child', 'example_external_task_marker_parent' retrieved from /Users/ervinyeoh/Desktop/unimods/is3107/project/.venv/lib/python3.11/site-packages/airflow/example_dags/example_external_task_marker_dag.py
[2025-03-26T15:38:41.371+0800] {logging_mixin.py:190} INFO - [2025-03-26T15:38:41.370+0800] {dag.py:3239} INFO - Sync 2 DAGs
[2025-03-26T15:38:41.377+0800] {logging_mixin.py:190} INFO - [2025-03-26T15:38:41.376+0800] {dag.py:4180} INFO - Setting next_dagrun for example_external_task_marker_child to None, run_after=None
[2025-03-26T15:38:41.379+0800] {logging_mixin.py:190} INFO - [2025-03-26T15:38:41.379+0800] {dag.py:4180} INFO - Setting next_dagrun for example_external_task_marker_parent to None, run_after=None
[2025-03-26T15:38:41.388+0800] {processor.py:208} INFO - Processing /Users/ervinyeoh/Desktop/unimods/is3107/project/.venv/lib/python3.11/site-packages/airflow/example_dags/example_external_task_marker_dag.py took 0.496 seconds
[2025-03-26T15:48:22.769+0800] {processor.py:186} INFO - Started process (PID=48139) to work on /Users/ervinyeoh/Desktop/unimods/is3107/project/.venv/lib/python3.11/site-packages/airflow/example_dags/example_external_task_marker_dag.py
[2025-03-26T15:48:22.770+0800] {processor.py:914} INFO - Processing file /Users/ervinyeoh/Desktop/unimods/is3107/project/.venv/lib/python3.11/site-packages/airflow/example_dags/example_external_task_marker_dag.py for tasks to queue
[2025-03-26T15:48:22.771+0800] {logging_mixin.py:190} INFO - [2025-03-26T15:48:22.771+0800] {dagbag.py:588} INFO - Filling up the DagBag from /Users/ervinyeoh/Desktop/unimods/is3107/project/.venv/lib/python3.11/site-packages/airflow/example_dags/example_external_task_marker_dag.py
[2025-03-26T15:48:22.778+0800] {processor.py:925} INFO - DAG(s) 'example_external_task_marker_child', 'example_external_task_marker_parent' retrieved from /Users/ervinyeoh/Desktop/unimods/is3107/project/.venv/lib/python3.11/site-packages/airflow/example_dags/example_external_task_marker_dag.py
[2025-03-26T15:48:23.707+0800] {logging_mixin.py:190} INFO - [2025-03-26T15:48:23.707+0800] {dag.py:3239} INFO - Sync 2 DAGs
[2025-03-26T15:48:23.713+0800] {logging_mixin.py:190} INFO - [2025-03-26T15:48:23.713+0800] {dag.py:4180} INFO - Setting next_dagrun for example_external_task_marker_child to None, run_after=None
[2025-03-26T15:48:23.715+0800] {logging_mixin.py:190} INFO - [2025-03-26T15:48:23.715+0800] {dag.py:4180} INFO - Setting next_dagrun for example_external_task_marker_parent to None, run_after=None
[2025-03-26T15:48:23.724+0800] {processor.py:208} INFO - Processing /Users/ervinyeoh/Desktop/unimods/is3107/project/.venv/lib/python3.11/site-packages/airflow/example_dags/example_external_task_marker_dag.py took 0.956 seconds
[2025-03-26T16:32:46.761+0800] {processor.py:186} INFO - Started process (PID=48754) to work on /Users/ervinyeoh/Desktop/unimods/is3107/project/.venv/lib/python3.11/site-packages/airflow/example_dags/example_external_task_marker_dag.py
[2025-03-26T16:32:46.764+0800] {processor.py:914} INFO - Processing file /Users/ervinyeoh/Desktop/unimods/is3107/project/.venv/lib/python3.11/site-packages/airflow/example_dags/example_external_task_marker_dag.py for tasks to queue
[2025-03-26T16:32:46.765+0800] {logging_mixin.py:190} INFO - [2025-03-26T16:32:46.765+0800] {dagbag.py:588} INFO - Filling up the DagBag from /Users/ervinyeoh/Desktop/unimods/is3107/project/.venv/lib/python3.11/site-packages/airflow/example_dags/example_external_task_marker_dag.py
[2025-03-26T16:32:46.774+0800] {processor.py:925} INFO - DAG(s) 'example_external_task_marker_parent', 'example_external_task_marker_child' retrieved from /Users/ervinyeoh/Desktop/unimods/is3107/project/.venv/lib/python3.11/site-packages/airflow/example_dags/example_external_task_marker_dag.py
[2025-03-26T16:32:47.714+0800] {logging_mixin.py:190} INFO - [2025-03-26T16:32:47.713+0800] {dag.py:3239} INFO - Sync 2 DAGs
[2025-03-26T16:32:47.720+0800] {logging_mixin.py:190} INFO - [2025-03-26T16:32:47.719+0800] {dag.py:4180} INFO - Setting next_dagrun for example_external_task_marker_child to None, run_after=None
[2025-03-26T16:32:47.721+0800] {logging_mixin.py:190} INFO - [2025-03-26T16:32:47.721+0800] {dag.py:4180} INFO - Setting next_dagrun for example_external_task_marker_parent to None, run_after=None
[2025-03-26T16:32:47.730+0800] {processor.py:208} INFO - Processing /Users/ervinyeoh/Desktop/unimods/is3107/project/.venv/lib/python3.11/site-packages/airflow/example_dags/example_external_task_marker_dag.py took 0.971 seconds
[2025-03-26T20:15:56.346+0800] {processor.py:186} INFO - Started process (PID=50993) to work on /Users/ervinyeoh/Desktop/unimods/is3107/project/.venv/lib/python3.11/site-packages/airflow/example_dags/example_external_task_marker_dag.py
[2025-03-26T20:15:56.347+0800] {processor.py:914} INFO - Processing file /Users/ervinyeoh/Desktop/unimods/is3107/project/.venv/lib/python3.11/site-packages/airflow/example_dags/example_external_task_marker_dag.py for tasks to queue
[2025-03-26T20:15:56.347+0800] {logging_mixin.py:190} INFO - [2025-03-26T20:15:56.347+0800] {dagbag.py:588} INFO - Filling up the DagBag from /Users/ervinyeoh/Desktop/unimods/is3107/project/.venv/lib/python3.11/site-packages/airflow/example_dags/example_external_task_marker_dag.py
[2025-03-26T20:15:56.357+0800] {processor.py:925} INFO - DAG(s) 'example_external_task_marker_child', 'example_external_task_marker_parent' retrieved from /Users/ervinyeoh/Desktop/unimods/is3107/project/.venv/lib/python3.11/site-packages/airflow/example_dags/example_external_task_marker_dag.py
[2025-03-26T20:15:56.947+0800] {logging_mixin.py:190} INFO - [2025-03-26T20:15:56.947+0800] {dag.py:3239} INFO - Sync 2 DAGs
[2025-03-26T20:15:56.954+0800] {logging_mixin.py:190} INFO - [2025-03-26T20:15:56.954+0800] {dag.py:4180} INFO - Setting next_dagrun for example_external_task_marker_child to None, run_after=None
[2025-03-26T20:15:56.956+0800] {logging_mixin.py:190} INFO - [2025-03-26T20:15:56.956+0800] {dag.py:4180} INFO - Setting next_dagrun for example_external_task_marker_parent to None, run_after=None
[2025-03-26T20:15:56.966+0800] {processor.py:208} INFO - Processing /Users/ervinyeoh/Desktop/unimods/is3107/project/.venv/lib/python3.11/site-packages/airflow/example_dags/example_external_task_marker_dag.py took 0.622 seconds
[2025-03-27T00:52:27.936+0800] {processor.py:186} INFO - Started process (PID=51406) to work on /Users/ervinyeoh/Desktop/unimods/is3107/project/.venv/lib/python3.11/site-packages/airflow/example_dags/example_external_task_marker_dag.py
[2025-03-27T00:52:27.936+0800] {processor.py:914} INFO - Processing file /Users/ervinyeoh/Desktop/unimods/is3107/project/.venv/lib/python3.11/site-packages/airflow/example_dags/example_external_task_marker_dag.py for tasks to queue
[2025-03-27T00:52:27.937+0800] {logging_mixin.py:190} INFO - [2025-03-27T00:52:27.937+0800] {dagbag.py:588} INFO - Filling up the DagBag from /Users/ervinyeoh/Desktop/unimods/is3107/project/.venv/lib/python3.11/site-packages/airflow/example_dags/example_external_task_marker_dag.py
[2025-03-27T00:52:27.944+0800] {processor.py:925} INFO - DAG(s) 'example_external_task_marker_child', 'example_external_task_marker_parent' retrieved from /Users/ervinyeoh/Desktop/unimods/is3107/project/.venv/lib/python3.11/site-packages/airflow/example_dags/example_external_task_marker_dag.py
[2025-03-27T00:52:28.681+0800] {logging_mixin.py:190} INFO - [2025-03-27T00:52:28.681+0800] {dag.py:3239} INFO - Sync 2 DAGs
[2025-03-27T00:52:28.687+0800] {logging_mixin.py:190} INFO - [2025-03-27T00:52:28.686+0800] {dag.py:4180} INFO - Setting next_dagrun for example_external_task_marker_child to None, run_after=None
[2025-03-27T00:52:28.688+0800] {logging_mixin.py:190} INFO - [2025-03-27T00:52:28.688+0800] {dag.py:4180} INFO - Setting next_dagrun for example_external_task_marker_parent to None, run_after=None
[2025-03-27T00:52:28.697+0800] {processor.py:208} INFO - Processing /Users/ervinyeoh/Desktop/unimods/is3107/project/.venv/lib/python3.11/site-packages/airflow/example_dags/example_external_task_marker_dag.py took 0.763 seconds
[2025-03-27T04:47:47.962+0800] {processor.py:186} INFO - Started process (PID=51881) to work on /Users/ervinyeoh/Desktop/unimods/is3107/project/.venv/lib/python3.11/site-packages/airflow/example_dags/example_external_task_marker_dag.py
[2025-03-27T04:47:47.963+0800] {processor.py:914} INFO - Processing file /Users/ervinyeoh/Desktop/unimods/is3107/project/.venv/lib/python3.11/site-packages/airflow/example_dags/example_external_task_marker_dag.py for tasks to queue
[2025-03-27T04:47:47.966+0800] {logging_mixin.py:190} INFO - [2025-03-27T04:47:47.965+0800] {dagbag.py:588} INFO - Filling up the DagBag from /Users/ervinyeoh/Desktop/unimods/is3107/project/.venv/lib/python3.11/site-packages/airflow/example_dags/example_external_task_marker_dag.py
[2025-03-27T04:47:47.979+0800] {processor.py:925} INFO - DAG(s) 'example_external_task_marker_child', 'example_external_task_marker_parent' retrieved from /Users/ervinyeoh/Desktop/unimods/is3107/project/.venv/lib/python3.11/site-packages/airflow/example_dags/example_external_task_marker_dag.py
[2025-03-27T04:47:48.600+0800] {logging_mixin.py:190} INFO - [2025-03-27T04:47:48.600+0800] {dag.py:3239} INFO - Sync 2 DAGs
[2025-03-27T04:47:48.606+0800] {logging_mixin.py:190} INFO - [2025-03-27T04:47:48.606+0800] {dag.py:4180} INFO - Setting next_dagrun for example_external_task_marker_child to None, run_after=None
[2025-03-27T04:47:48.608+0800] {logging_mixin.py:190} INFO - [2025-03-27T04:47:48.608+0800] {dag.py:4180} INFO - Setting next_dagrun for example_external_task_marker_parent to None, run_after=None
[2025-03-27T04:47:48.619+0800] {processor.py:208} INFO - Processing /Users/ervinyeoh/Desktop/unimods/is3107/project/.venv/lib/python3.11/site-packages/airflow/example_dags/example_external_task_marker_dag.py took 0.661 seconds
[2025-03-27T06:30:52.033+0800] {processor.py:186} INFO - Started process (PID=52249) to work on /Users/ervinyeoh/Desktop/unimods/is3107/project/.venv/lib/python3.11/site-packages/airflow/example_dags/example_external_task_marker_dag.py
[2025-03-27T06:30:52.034+0800] {processor.py:914} INFO - Processing file /Users/ervinyeoh/Desktop/unimods/is3107/project/.venv/lib/python3.11/site-packages/airflow/example_dags/example_external_task_marker_dag.py for tasks to queue
[2025-03-27T06:30:52.034+0800] {logging_mixin.py:190} INFO - [2025-03-27T06:30:52.034+0800] {dagbag.py:588} INFO - Filling up the DagBag from /Users/ervinyeoh/Desktop/unimods/is3107/project/.venv/lib/python3.11/site-packages/airflow/example_dags/example_external_task_marker_dag.py
[2025-03-27T06:30:52.042+0800] {processor.py:925} INFO - DAG(s) 'example_external_task_marker_child', 'example_external_task_marker_parent' retrieved from /Users/ervinyeoh/Desktop/unimods/is3107/project/.venv/lib/python3.11/site-packages/airflow/example_dags/example_external_task_marker_dag.py
[2025-03-27T06:30:52.521+0800] {logging_mixin.py:190} INFO - [2025-03-27T06:30:52.520+0800] {dag.py:3239} INFO - Sync 2 DAGs
[2025-03-27T06:30:52.526+0800] {logging_mixin.py:190} INFO - [2025-03-27T06:30:52.526+0800] {dag.py:4180} INFO - Setting next_dagrun for example_external_task_marker_child to None, run_after=None
[2025-03-27T06:30:52.528+0800] {logging_mixin.py:190} INFO - [2025-03-27T06:30:52.528+0800] {dag.py:4180} INFO - Setting next_dagrun for example_external_task_marker_parent to None, run_after=None
[2025-03-27T06:30:52.537+0800] {processor.py:208} INFO - Processing /Users/ervinyeoh/Desktop/unimods/is3107/project/.venv/lib/python3.11/site-packages/airflow/example_dags/example_external_task_marker_dag.py took 0.506 seconds
[2025-03-27T07:22:33.270+0800] {processor.py:186} INFO - Started process (PID=52614) to work on /Users/ervinyeoh/Desktop/unimods/is3107/project/.venv/lib/python3.11/site-packages/airflow/example_dags/example_external_task_marker_dag.py
[2025-03-27T07:22:33.271+0800] {processor.py:914} INFO - Processing file /Users/ervinyeoh/Desktop/unimods/is3107/project/.venv/lib/python3.11/site-packages/airflow/example_dags/example_external_task_marker_dag.py for tasks to queue
[2025-03-27T07:22:33.272+0800] {logging_mixin.py:190} INFO - [2025-03-27T07:22:33.272+0800] {dagbag.py:588} INFO - Filling up the DagBag from /Users/ervinyeoh/Desktop/unimods/is3107/project/.venv/lib/python3.11/site-packages/airflow/example_dags/example_external_task_marker_dag.py
[2025-03-27T07:22:33.280+0800] {processor.py:925} INFO - DAG(s) 'example_external_task_marker_parent', 'example_external_task_marker_child' retrieved from /Users/ervinyeoh/Desktop/unimods/is3107/project/.venv/lib/python3.11/site-packages/airflow/example_dags/example_external_task_marker_dag.py
[2025-03-27T07:22:33.736+0800] {logging_mixin.py:190} INFO - [2025-03-27T07:22:33.736+0800] {dag.py:3239} INFO - Sync 2 DAGs
[2025-03-27T07:22:33.742+0800] {logging_mixin.py:190} INFO - [2025-03-27T07:22:33.742+0800] {dag.py:4180} INFO - Setting next_dagrun for example_external_task_marker_child to None, run_after=None
[2025-03-27T07:22:33.744+0800] {logging_mixin.py:190} INFO - [2025-03-27T07:22:33.744+0800] {dag.py:4180} INFO - Setting next_dagrun for example_external_task_marker_parent to None, run_after=None
[2025-03-27T07:22:33.753+0800] {processor.py:208} INFO - Processing /Users/ervinyeoh/Desktop/unimods/is3107/project/.venv/lib/python3.11/site-packages/airflow/example_dags/example_external_task_marker_dag.py took 0.485 seconds
