[2025-03-26T09:13:51.344+0800] {processor.py:186} INFO - Started process (PID=45994) to work on /Users/ervinyeoh/Desktop/unimods/is3107/project/.venv/lib/python3.11/site-packages/airflow/example_dags/example_branch_labels.py
[2025-03-26T09:13:51.345+0800] {processor.py:914} INFO - Processing file /Users/ervinyeoh/Desktop/unimods/is3107/project/.venv/lib/python3.11/site-packages/airflow/example_dags/example_branch_labels.py for tasks to queue
[2025-03-26T09:13:51.345+0800] {logging_mixin.py:190} INFO - [2025-03-26T09:13:51.345+0800] {dagbag.py:588} INFO - Filling up the DagBag from /Users/ervinyeoh/Desktop/unimods/is3107/project/.venv/lib/python3.11/site-packages/airflow/example_dags/example_branch_labels.py
[2025-03-26T09:13:51.351+0800] {processor.py:925} INFO - DAG(s) 'example_branch_labels' retrieved from /Users/ervinyeoh/Desktop/unimods/is3107/project/.venv/lib/python3.11/site-packages/airflow/example_dags/example_branch_labels.py
[2025-03-26T09:13:51.447+0800] {logging_mixin.py:190} INFO - [2025-03-26T09:13:51.447+0800] {dag.py:3239} INFO - Sync 1 DAGs
[2025-03-26T09:13:51.460+0800] {logging_mixin.py:190} INFO - [2025-03-26T09:13:51.459+0800] {dag.py:4180} INFO - Setting next_dagrun for example_branch_labels to 2025-03-25 00:00:00+00:00, run_after=2025-03-26 00:00:00+00:00
[2025-03-26T09:13:51.470+0800] {processor.py:208} INFO - Processing /Users/ervinyeoh/Desktop/unimods/is3107/project/.venv/lib/python3.11/site-packages/airflow/example_dags/example_branch_labels.py took 0.127 seconds
[2025-03-26T09:52:52.546+0800] {processor.py:186} INFO - Started process (PID=46324) to work on /Users/ervinyeoh/Desktop/unimods/is3107/project/.venv/lib/python3.11/site-packages/airflow/example_dags/example_branch_labels.py
[2025-03-26T09:52:52.547+0800] {processor.py:914} INFO - Processing file /Users/ervinyeoh/Desktop/unimods/is3107/project/.venv/lib/python3.11/site-packages/airflow/example_dags/example_branch_labels.py for tasks to queue
[2025-03-26T09:52:52.547+0800] {logging_mixin.py:190} INFO - [2025-03-26T09:52:52.547+0800] {dagbag.py:588} INFO - Filling up the DagBag from /Users/ervinyeoh/Desktop/unimods/is3107/project/.venv/lib/python3.11/site-packages/airflow/example_dags/example_branch_labels.py
[2025-03-26T09:52:52.553+0800] {processor.py:925} INFO - DAG(s) 'example_branch_labels' retrieved from /Users/ervinyeoh/Desktop/unimods/is3107/project/.venv/lib/python3.11/site-packages/airflow/example_dags/example_branch_labels.py
[2025-03-26T09:52:52.638+0800] {logging_mixin.py:190} INFO - [2025-03-26T09:52:52.638+0800] {dag.py:3239} INFO - Sync 1 DAGs
[2025-03-26T09:52:52.650+0800] {logging_mixin.py:190} INFO - [2025-03-26T09:52:52.649+0800] {dag.py:4180} INFO - Setting next_dagrun for example_branch_labels to 2025-03-25 00:00:00+00:00, run_after=2025-03-26 00:00:00+00:00
[2025-03-26T09:52:52.660+0800] {processor.py:208} INFO - Processing /Users/ervinyeoh/Desktop/unimods/is3107/project/.venv/lib/python3.11/site-packages/airflow/example_dags/example_branch_labels.py took 0.116 seconds
[2025-03-26T14:03:58.548+0800] {processor.py:186} INFO - Started process (PID=46687) to work on /Users/ervinyeoh/Desktop/unimods/is3107/project/.venv/lib/python3.11/site-packages/airflow/example_dags/example_branch_labels.py
[2025-03-26T14:03:58.550+0800] {processor.py:914} INFO - Processing file /Users/ervinyeoh/Desktop/unimods/is3107/project/.venv/lib/python3.11/site-packages/airflow/example_dags/example_branch_labels.py for tasks to queue
[2025-03-26T14:03:58.550+0800] {logging_mixin.py:190} INFO - [2025-03-26T14:03:58.550+0800] {dagbag.py:588} INFO - Filling up the DagBag from /Users/ervinyeoh/Desktop/unimods/is3107/project/.venv/lib/python3.11/site-packages/airflow/example_dags/example_branch_labels.py
[2025-03-26T14:03:58.556+0800] {processor.py:925} INFO - DAG(s) 'example_branch_labels' retrieved from /Users/ervinyeoh/Desktop/unimods/is3107/project/.venv/lib/python3.11/site-packages/airflow/example_dags/example_branch_labels.py
[2025-03-26T14:03:58.638+0800] {logging_mixin.py:190} INFO - [2025-03-26T14:03:58.638+0800] {dag.py:3239} INFO - Sync 1 DAGs
[2025-03-26T14:03:58.648+0800] {logging_mixin.py:190} INFO - [2025-03-26T14:03:58.648+0800] {dag.py:4180} INFO - Setting next_dagrun for example_branch_labels to 2025-03-25 00:00:00+00:00, run_after=2025-03-26 00:00:00+00:00
[2025-03-26T14:03:58.659+0800] {processor.py:208} INFO - Processing /Users/ervinyeoh/Desktop/unimods/is3107/project/.venv/lib/python3.11/site-packages/airflow/example_dags/example_branch_labels.py took 0.112 seconds
[2025-03-26T14:31:46.970+0800] {processor.py:186} INFO - Started process (PID=47154) to work on /Users/ervinyeoh/Desktop/unimods/is3107/project/.venv/lib/python3.11/site-packages/airflow/example_dags/example_branch_labels.py
[2025-03-26T14:31:46.971+0800] {processor.py:914} INFO - Processing file /Users/ervinyeoh/Desktop/unimods/is3107/project/.venv/lib/python3.11/site-packages/airflow/example_dags/example_branch_labels.py for tasks to queue
[2025-03-26T14:31:46.972+0800] {logging_mixin.py:190} INFO - [2025-03-26T14:31:46.972+0800] {dagbag.py:588} INFO - Filling up the DagBag from /Users/ervinyeoh/Desktop/unimods/is3107/project/.venv/lib/python3.11/site-packages/airflow/example_dags/example_branch_labels.py
[2025-03-26T14:31:46.978+0800] {processor.py:925} INFO - DAG(s) 'example_branch_labels' retrieved from /Users/ervinyeoh/Desktop/unimods/is3107/project/.venv/lib/python3.11/site-packages/airflow/example_dags/example_branch_labels.py
[2025-03-26T14:31:47.063+0800] {logging_mixin.py:190} INFO - [2025-03-26T14:31:47.063+0800] {dag.py:3239} INFO - Sync 1 DAGs
[2025-03-26T14:31:47.074+0800] {logging_mixin.py:190} INFO - [2025-03-26T14:31:47.074+0800] {dag.py:4180} INFO - Setting next_dagrun for example_branch_labels to 2025-03-25 00:00:00+00:00, run_after=2025-03-26 00:00:00+00:00
[2025-03-26T14:31:47.083+0800] {processor.py:208} INFO - Processing /Users/ervinyeoh/Desktop/unimods/is3107/project/.venv/lib/python3.11/site-packages/airflow/example_dags/example_branch_labels.py took 0.115 seconds
[2025-03-26T15:45:07.006+0800] {processor.py:186} INFO - Started process (PID=47800) to work on /Users/ervinyeoh/Desktop/unimods/is3107/project/.venv/lib/python3.11/site-packages/airflow/example_dags/example_branch_labels.py
[2025-03-26T15:45:07.007+0800] {processor.py:914} INFO - Processing file /Users/ervinyeoh/Desktop/unimods/is3107/project/.venv/lib/python3.11/site-packages/airflow/example_dags/example_branch_labels.py for tasks to queue
[2025-03-26T15:45:07.007+0800] {logging_mixin.py:190} INFO - [2025-03-26T15:45:07.007+0800] {dagbag.py:588} INFO - Filling up the DagBag from /Users/ervinyeoh/Desktop/unimods/is3107/project/.venv/lib/python3.11/site-packages/airflow/example_dags/example_branch_labels.py
[2025-03-26T15:45:07.013+0800] {processor.py:925} INFO - DAG(s) 'example_branch_labels' retrieved from /Users/ervinyeoh/Desktop/unimods/is3107/project/.venv/lib/python3.11/site-packages/airflow/example_dags/example_branch_labels.py
[2025-03-26T15:45:07.095+0800] {logging_mixin.py:190} INFO - [2025-03-26T15:45:07.095+0800] {dag.py:3239} INFO - Sync 1 DAGs
[2025-03-26T15:45:07.106+0800] {logging_mixin.py:190} INFO - [2025-03-26T15:45:07.106+0800] {dag.py:4180} INFO - Setting next_dagrun for example_branch_labels to 2025-03-25 00:00:00+00:00, run_after=2025-03-26 00:00:00+00:00
[2025-03-26T15:45:07.117+0800] {processor.py:208} INFO - Processing /Users/ervinyeoh/Desktop/unimods/is3107/project/.venv/lib/python3.11/site-packages/airflow/example_dags/example_branch_labels.py took 0.112 seconds
[2025-03-26T15:54:07.312+0800] {processor.py:186} INFO - Started process (PID=48454) to work on /Users/ervinyeoh/Desktop/unimods/is3107/project/.venv/lib/python3.11/site-packages/airflow/example_dags/example_branch_labels.py
[2025-03-26T15:54:07.314+0800] {processor.py:914} INFO - Processing file /Users/ervinyeoh/Desktop/unimods/is3107/project/.venv/lib/python3.11/site-packages/airflow/example_dags/example_branch_labels.py for tasks to queue
[2025-03-26T15:54:07.314+0800] {logging_mixin.py:190} INFO - [2025-03-26T15:54:07.314+0800] {dagbag.py:588} INFO - Filling up the DagBag from /Users/ervinyeoh/Desktop/unimods/is3107/project/.venv/lib/python3.11/site-packages/airflow/example_dags/example_branch_labels.py
[2025-03-26T15:54:07.320+0800] {processor.py:925} INFO - DAG(s) 'example_branch_labels' retrieved from /Users/ervinyeoh/Desktop/unimods/is3107/project/.venv/lib/python3.11/site-packages/airflow/example_dags/example_branch_labels.py
[2025-03-26T15:54:07.403+0800] {logging_mixin.py:190} INFO - [2025-03-26T15:54:07.403+0800] {dag.py:3239} INFO - Sync 1 DAGs
[2025-03-26T15:54:07.414+0800] {logging_mixin.py:190} INFO - [2025-03-26T15:54:07.414+0800] {dag.py:4180} INFO - Setting next_dagrun for example_branch_labels to 2025-03-25 00:00:00+00:00, run_after=2025-03-26 00:00:00+00:00
[2025-03-26T15:54:07.424+0800] {processor.py:208} INFO - Processing /Users/ervinyeoh/Desktop/unimods/is3107/project/.venv/lib/python3.11/site-packages/airflow/example_dags/example_branch_labels.py took 0.113 seconds
[2025-03-26T16:33:16.285+0800] {processor.py:186} INFO - Started process (PID=48801) to work on /Users/ervinyeoh/Desktop/unimods/is3107/project/.venv/lib/python3.11/site-packages/airflow/example_dags/example_branch_labels.py
[2025-03-26T16:33:16.286+0800] {processor.py:914} INFO - Processing file /Users/ervinyeoh/Desktop/unimods/is3107/project/.venv/lib/python3.11/site-packages/airflow/example_dags/example_branch_labels.py for tasks to queue
[2025-03-26T16:33:16.286+0800] {logging_mixin.py:190} INFO - [2025-03-26T16:33:16.286+0800] {dagbag.py:588} INFO - Filling up the DagBag from /Users/ervinyeoh/Desktop/unimods/is3107/project/.venv/lib/python3.11/site-packages/airflow/example_dags/example_branch_labels.py
[2025-03-26T16:33:16.292+0800] {processor.py:925} INFO - DAG(s) 'example_branch_labels' retrieved from /Users/ervinyeoh/Desktop/unimods/is3107/project/.venv/lib/python3.11/site-packages/airflow/example_dags/example_branch_labels.py
[2025-03-26T16:33:16.377+0800] {logging_mixin.py:190} INFO - [2025-03-26T16:33:16.377+0800] {dag.py:3239} INFO - Sync 1 DAGs
[2025-03-26T16:33:16.388+0800] {logging_mixin.py:190} INFO - [2025-03-26T16:33:16.387+0800] {dag.py:4180} INFO - Setting next_dagrun for example_branch_labels to 2025-03-25 00:00:00+00:00, run_after=2025-03-26 00:00:00+00:00
[2025-03-26T16:33:16.398+0800] {processor.py:208} INFO - Processing /Users/ervinyeoh/Desktop/unimods/is3107/project/.venv/lib/python3.11/site-packages/airflow/example_dags/example_branch_labels.py took 0.114 seconds
[2025-03-26T21:21:51.533+0800] {processor.py:186} INFO - Started process (PID=51126) to work on /Users/ervinyeoh/Desktop/unimods/is3107/project/.venv/lib/python3.11/site-packages/airflow/example_dags/example_branch_labels.py
[2025-03-26T21:21:51.534+0800] {processor.py:914} INFO - Processing file /Users/ervinyeoh/Desktop/unimods/is3107/project/.venv/lib/python3.11/site-packages/airflow/example_dags/example_branch_labels.py for tasks to queue
[2025-03-26T21:21:51.534+0800] {logging_mixin.py:190} INFO - [2025-03-26T21:21:51.534+0800] {dagbag.py:588} INFO - Filling up the DagBag from /Users/ervinyeoh/Desktop/unimods/is3107/project/.venv/lib/python3.11/site-packages/airflow/example_dags/example_branch_labels.py
[2025-03-26T21:21:51.541+0800] {processor.py:925} INFO - DAG(s) 'example_branch_labels' retrieved from /Users/ervinyeoh/Desktop/unimods/is3107/project/.venv/lib/python3.11/site-packages/airflow/example_dags/example_branch_labels.py
[2025-03-26T21:21:51.627+0800] {logging_mixin.py:190} INFO - [2025-03-26T21:21:51.627+0800] {dag.py:3239} INFO - Sync 1 DAGs
[2025-03-26T21:21:51.639+0800] {logging_mixin.py:190} INFO - [2025-03-26T21:21:51.638+0800] {dag.py:4180} INFO - Setting next_dagrun for example_branch_labels to 2025-03-25 00:00:00+00:00, run_after=2025-03-26 00:00:00+00:00
[2025-03-26T21:21:51.649+0800] {processor.py:208} INFO - Processing /Users/ervinyeoh/Desktop/unimods/is3107/project/.venv/lib/python3.11/site-packages/airflow/example_dags/example_branch_labels.py took 0.117 seconds
[2025-03-27T01:10:03.885+0800] {processor.py:186} INFO - Started process (PID=51454) to work on /Users/ervinyeoh/Desktop/unimods/is3107/project/.venv/lib/python3.11/site-packages/airflow/example_dags/example_branch_labels.py
[2025-03-27T01:10:03.886+0800] {processor.py:914} INFO - Processing file /Users/ervinyeoh/Desktop/unimods/is3107/project/.venv/lib/python3.11/site-packages/airflow/example_dags/example_branch_labels.py for tasks to queue
[2025-03-27T01:10:03.886+0800] {logging_mixin.py:190} INFO - [2025-03-27T01:10:03.886+0800] {dagbag.py:588} INFO - Filling up the DagBag from /Users/ervinyeoh/Desktop/unimods/is3107/project/.venv/lib/python3.11/site-packages/airflow/example_dags/example_branch_labels.py
[2025-03-27T01:10:03.892+0800] {processor.py:925} INFO - DAG(s) 'example_branch_labels' retrieved from /Users/ervinyeoh/Desktop/unimods/is3107/project/.venv/lib/python3.11/site-packages/airflow/example_dags/example_branch_labels.py
[2025-03-27T01:10:03.974+0800] {logging_mixin.py:190} INFO - [2025-03-27T01:10:03.974+0800] {dag.py:3239} INFO - Sync 1 DAGs
[2025-03-27T01:10:03.985+0800] {logging_mixin.py:190} INFO - [2025-03-27T01:10:03.985+0800] {dag.py:4180} INFO - Setting next_dagrun for example_branch_labels to 2025-03-25 00:00:00+00:00, run_after=2025-03-26 00:00:00+00:00
[2025-03-27T01:10:03.994+0800] {processor.py:208} INFO - Processing /Users/ervinyeoh/Desktop/unimods/is3107/project/.venv/lib/python3.11/site-packages/airflow/example_dags/example_branch_labels.py took 0.111 seconds
[2025-03-27T05:53:54.621+0800] {processor.py:186} INFO - Started process (PID=51984) to work on /Users/ervinyeoh/Desktop/unimods/is3107/project/.venv/lib/python3.11/site-packages/airflow/example_dags/example_branch_labels.py
[2025-03-27T05:53:54.621+0800] {processor.py:914} INFO - Processing file /Users/ervinyeoh/Desktop/unimods/is3107/project/.venv/lib/python3.11/site-packages/airflow/example_dags/example_branch_labels.py for tasks to queue
[2025-03-27T05:53:54.622+0800] {logging_mixin.py:190} INFO - [2025-03-27T05:53:54.622+0800] {dagbag.py:588} INFO - Filling up the DagBag from /Users/ervinyeoh/Desktop/unimods/is3107/project/.venv/lib/python3.11/site-packages/airflow/example_dags/example_branch_labels.py
[2025-03-27T05:53:54.629+0800] {processor.py:925} INFO - DAG(s) 'example_branch_labels' retrieved from /Users/ervinyeoh/Desktop/unimods/is3107/project/.venv/lib/python3.11/site-packages/airflow/example_dags/example_branch_labels.py
[2025-03-27T05:53:54.730+0800] {logging_mixin.py:190} INFO - [2025-03-27T05:53:54.730+0800] {dag.py:3239} INFO - Sync 1 DAGs
[2025-03-27T05:53:54.742+0800] {logging_mixin.py:190} INFO - [2025-03-27T05:53:54.741+0800] {dag.py:4180} INFO - Setting next_dagrun for example_branch_labels to 2025-03-25 00:00:00+00:00, run_after=2025-03-26 00:00:00+00:00
[2025-03-27T05:53:54.752+0800] {processor.py:208} INFO - Processing /Users/ervinyeoh/Desktop/unimods/is3107/project/.venv/lib/python3.11/site-packages/airflow/example_dags/example_branch_labels.py took 0.133 seconds
[2025-03-27T06:35:03.564+0800] {processor.py:186} INFO - Started process (PID=52304) to work on /Users/ervinyeoh/Desktop/unimods/is3107/project/.venv/lib/python3.11/site-packages/airflow/example_dags/example_branch_labels.py
[2025-03-27T06:35:03.565+0800] {processor.py:914} INFO - Processing file /Users/ervinyeoh/Desktop/unimods/is3107/project/.venv/lib/python3.11/site-packages/airflow/example_dags/example_branch_labels.py for tasks to queue
[2025-03-27T06:35:03.565+0800] {logging_mixin.py:190} INFO - [2025-03-27T06:35:03.565+0800] {dagbag.py:588} INFO - Filling up the DagBag from /Users/ervinyeoh/Desktop/unimods/is3107/project/.venv/lib/python3.11/site-packages/airflow/example_dags/example_branch_labels.py
[2025-03-27T06:35:03.571+0800] {processor.py:925} INFO - DAG(s) 'example_branch_labels' retrieved from /Users/ervinyeoh/Desktop/unimods/is3107/project/.venv/lib/python3.11/site-packages/airflow/example_dags/example_branch_labels.py
[2025-03-27T06:35:03.668+0800] {logging_mixin.py:190} INFO - [2025-03-27T06:35:03.668+0800] {dag.py:3239} INFO - Sync 1 DAGs
[2025-03-27T06:35:03.680+0800] {logging_mixin.py:190} INFO - [2025-03-27T06:35:03.680+0800] {dag.py:4180} INFO - Setting next_dagrun for example_branch_labels to 2025-03-25 00:00:00+00:00, run_after=2025-03-26 00:00:00+00:00
[2025-03-27T06:35:03.690+0800] {processor.py:208} INFO - Processing /Users/ervinyeoh/Desktop/unimods/is3107/project/.venv/lib/python3.11/site-packages/airflow/example_dags/example_branch_labels.py took 0.128 seconds
