[2025-03-26T08:37:53.488+0800] {processor.py:186} INFO - Started process (PID=45747) to work on /Users/ervinyeoh/Desktop/unimods/is3107/project/.venv/lib/python3.11/site-packages/airflow/example_dags/example_sla_dag.py
[2025-03-26T08:37:53.489+0800] {processor.py:914} INFO - Processing file /Users/ervinyeoh/Desktop/unimods/is3107/project/.venv/lib/python3.11/site-packages/airflow/example_dags/example_sla_dag.py for tasks to queue
[2025-03-26T08:37:53.490+0800] {logging_mixin.py:190} INFO - [2025-03-26T08:37:53.489+0800] {dagbag.py:588} INFO - Filling up the DagBag from /Users/ervinyeoh/Desktop/unimods/is3107/project/.venv/lib/python3.11/site-packages/airflow/example_dags/example_sla_dag.py
[2025-03-26T08:37:53.542+0800] {processor.py:925} INFO - DAG(s) 'example_sla_dag' retrieved from /Users/ervinyeoh/Desktop/unimods/is3107/project/.venv/lib/python3.11/site-packages/airflow/example_dags/example_sla_dag.py
[2025-03-26T08:37:53.593+0800] {logging_mixin.py:190} INFO - [2025-03-26T08:37:53.593+0800] {dag.py:3239} INFO - Sync 1 DAGs
[2025-03-26T08:37:53.606+0800] {logging_mixin.py:190} INFO - [2025-03-26T08:37:53.605+0800] {dag.py:4180} INFO - Setting next_dagrun for example_sla_dag to 2025-03-26 00:34:00+00:00, run_after=2025-03-26 00:36:00+00:00
[2025-03-26T08:37:53.616+0800] {processor.py:208} INFO - Processing /Users/ervinyeoh/Desktop/unimods/is3107/project/.venv/lib/python3.11/site-packages/airflow/example_dags/example_sla_dag.py took 0.129 seconds
[2025-03-26T09:33:54.030+0800] {processor.py:186} INFO - Started process (PID=46152) to work on /Users/ervinyeoh/Desktop/unimods/is3107/project/.venv/lib/python3.11/site-packages/airflow/example_dags/example_sla_dag.py
[2025-03-26T09:33:54.031+0800] {processor.py:914} INFO - Processing file /Users/ervinyeoh/Desktop/unimods/is3107/project/.venv/lib/python3.11/site-packages/airflow/example_dags/example_sla_dag.py for tasks to queue
[2025-03-26T09:33:54.032+0800] {logging_mixin.py:190} INFO - [2025-03-26T09:33:54.032+0800] {dagbag.py:588} INFO - Filling up the DagBag from /Users/ervinyeoh/Desktop/unimods/is3107/project/.venv/lib/python3.11/site-packages/airflow/example_dags/example_sla_dag.py
[2025-03-26T09:33:54.087+0800] {processor.py:925} INFO - DAG(s) 'example_sla_dag' retrieved from /Users/ervinyeoh/Desktop/unimods/is3107/project/.venv/lib/python3.11/site-packages/airflow/example_dags/example_sla_dag.py
[2025-03-26T09:33:54.137+0800] {logging_mixin.py:190} INFO - [2025-03-26T09:33:54.137+0800] {dag.py:3239} INFO - Sync 1 DAGs
[2025-03-26T09:33:54.148+0800] {logging_mixin.py:190} INFO - [2025-03-26T09:33:54.148+0800] {dag.py:4180} INFO - Setting next_dagrun for example_sla_dag to 2025-03-26 01:30:00+00:00, run_after=2025-03-26 01:32:00+00:00
[2025-03-26T09:33:54.158+0800] {processor.py:208} INFO - Processing /Users/ervinyeoh/Desktop/unimods/is3107/project/.venv/lib/python3.11/site-packages/airflow/example_dags/example_sla_dag.py took 0.129 seconds
[2025-03-26T12:23:08.547+0800] {processor.py:186} INFO - Started process (PID=46496) to work on /Users/ervinyeoh/Desktop/unimods/is3107/project/.venv/lib/python3.11/site-packages/airflow/example_dags/example_sla_dag.py
[2025-03-26T12:23:08.548+0800] {processor.py:914} INFO - Processing file /Users/ervinyeoh/Desktop/unimods/is3107/project/.venv/lib/python3.11/site-packages/airflow/example_dags/example_sla_dag.py for tasks to queue
[2025-03-26T12:23:08.549+0800] {logging_mixin.py:190} INFO - [2025-03-26T12:23:08.549+0800] {dagbag.py:588} INFO - Filling up the DagBag from /Users/ervinyeoh/Desktop/unimods/is3107/project/.venv/lib/python3.11/site-packages/airflow/example_dags/example_sla_dag.py
[2025-03-26T12:23:08.641+0800] {processor.py:925} INFO - DAG(s) 'example_sla_dag' retrieved from /Users/ervinyeoh/Desktop/unimods/is3107/project/.venv/lib/python3.11/site-packages/airflow/example_dags/example_sla_dag.py
[2025-03-26T12:23:08.713+0800] {logging_mixin.py:190} INFO - [2025-03-26T12:23:08.712+0800] {dag.py:3239} INFO - Sync 1 DAGs
[2025-03-26T12:23:08.726+0800] {logging_mixin.py:190} INFO - [2025-03-26T12:23:08.726+0800] {dag.py:4180} INFO - Setting next_dagrun for example_sla_dag to 2025-03-26 04:20:00+00:00, run_after=2025-03-26 04:22:00+00:00
[2025-03-26T12:23:08.738+0800] {processor.py:208} INFO - Processing /Users/ervinyeoh/Desktop/unimods/is3107/project/.venv/lib/python3.11/site-packages/airflow/example_dags/example_sla_dag.py took 0.194 seconds
[2025-03-26T14:17:30.699+0800] {processor.py:186} INFO - Started process (PID=46821) to work on /Users/ervinyeoh/Desktop/unimods/is3107/project/.venv/lib/python3.11/site-packages/airflow/example_dags/example_sla_dag.py
[2025-03-26T14:17:30.700+0800] {processor.py:914} INFO - Processing file /Users/ervinyeoh/Desktop/unimods/is3107/project/.venv/lib/python3.11/site-packages/airflow/example_dags/example_sla_dag.py for tasks to queue
[2025-03-26T14:17:30.701+0800] {logging_mixin.py:190} INFO - [2025-03-26T14:17:30.701+0800] {dagbag.py:588} INFO - Filling up the DagBag from /Users/ervinyeoh/Desktop/unimods/is3107/project/.venv/lib/python3.11/site-packages/airflow/example_dags/example_sla_dag.py
[2025-03-26T14:17:30.753+0800] {processor.py:925} INFO - DAG(s) 'example_sla_dag' retrieved from /Users/ervinyeoh/Desktop/unimods/is3107/project/.venv/lib/python3.11/site-packages/airflow/example_dags/example_sla_dag.py
[2025-03-26T14:17:30.803+0800] {logging_mixin.py:190} INFO - [2025-03-26T14:17:30.803+0800] {dag.py:3239} INFO - Sync 1 DAGs
[2025-03-26T14:17:30.815+0800] {logging_mixin.py:190} INFO - [2025-03-26T14:17:30.814+0800] {dag.py:4180} INFO - Setting next_dagrun for example_sla_dag to 2025-03-26 06:14:00+00:00, run_after=2025-03-26 06:16:00+00:00
[2025-03-26T14:17:30.824+0800] {processor.py:208} INFO - Processing /Users/ervinyeoh/Desktop/unimods/is3107/project/.venv/lib/python3.11/site-packages/airflow/example_dags/example_sla_dag.py took 0.126 seconds
[2025-03-26T14:21:03.612+0800] {processor.py:186} INFO - Started process (PID=47041) to work on /Users/ervinyeoh/Desktop/unimods/is3107/project/.venv/lib/python3.11/site-packages/airflow/example_dags/example_sla_dag.py
[2025-03-26T14:21:03.613+0800] {processor.py:914} INFO - Processing file /Users/ervinyeoh/Desktop/unimods/is3107/project/.venv/lib/python3.11/site-packages/airflow/example_dags/example_sla_dag.py for tasks to queue
[2025-03-26T14:21:03.613+0800] {logging_mixin.py:190} INFO - [2025-03-26T14:21:03.613+0800] {dagbag.py:588} INFO - Filling up the DagBag from /Users/ervinyeoh/Desktop/unimods/is3107/project/.venv/lib/python3.11/site-packages/airflow/example_dags/example_sla_dag.py
[2025-03-26T14:21:03.675+0800] {processor.py:925} INFO - DAG(s) 'example_sla_dag' retrieved from /Users/ervinyeoh/Desktop/unimods/is3107/project/.venv/lib/python3.11/site-packages/airflow/example_dags/example_sla_dag.py
[2025-03-26T14:21:03.727+0800] {logging_mixin.py:190} INFO - [2025-03-26T14:21:03.727+0800] {dag.py:3239} INFO - Sync 1 DAGs
[2025-03-26T14:21:03.746+0800] {logging_mixin.py:190} INFO - [2025-03-26T14:21:03.746+0800] {dag.py:4180} INFO - Setting next_dagrun for example_sla_dag to 2025-03-26 06:18:00+00:00, run_after=2025-03-26 06:20:00+00:00
[2025-03-26T14:21:03.769+0800] {processor.py:208} INFO - Processing /Users/ervinyeoh/Desktop/unimods/is3107/project/.venv/lib/python3.11/site-packages/airflow/example_dags/example_sla_dag.py took 0.159 seconds
[2025-03-26T14:32:54.388+0800] {processor.py:186} INFO - Started process (PID=47311) to work on /Users/ervinyeoh/Desktop/unimods/is3107/project/.venv/lib/python3.11/site-packages/airflow/example_dags/example_sla_dag.py
[2025-03-26T14:32:54.389+0800] {processor.py:914} INFO - Processing file /Users/ervinyeoh/Desktop/unimods/is3107/project/.venv/lib/python3.11/site-packages/airflow/example_dags/example_sla_dag.py for tasks to queue
[2025-03-26T14:32:54.389+0800] {logging_mixin.py:190} INFO - [2025-03-26T14:32:54.389+0800] {dagbag.py:588} INFO - Filling up the DagBag from /Users/ervinyeoh/Desktop/unimods/is3107/project/.venv/lib/python3.11/site-packages/airflow/example_dags/example_sla_dag.py
[2025-03-26T14:32:54.445+0800] {processor.py:925} INFO - DAG(s) 'example_sla_dag' retrieved from /Users/ervinyeoh/Desktop/unimods/is3107/project/.venv/lib/python3.11/site-packages/airflow/example_dags/example_sla_dag.py
[2025-03-26T14:32:54.496+0800] {logging_mixin.py:190} INFO - [2025-03-26T14:32:54.496+0800] {dag.py:3239} INFO - Sync 1 DAGs
[2025-03-26T14:32:54.507+0800] {logging_mixin.py:190} INFO - [2025-03-26T14:32:54.507+0800] {dag.py:4180} INFO - Setting next_dagrun for example_sla_dag to 2025-03-26 06:30:00+00:00, run_after=2025-03-26 06:32:00+00:00
[2025-03-26T14:32:54.518+0800] {processor.py:208} INFO - Processing /Users/ervinyeoh/Desktop/unimods/is3107/project/.venv/lib/python3.11/site-packages/airflow/example_dags/example_sla_dag.py took 0.131 seconds
[2025-03-26T15:32:34.895+0800] {processor.py:186} INFO - Started process (PID=47601) to work on /Users/ervinyeoh/Desktop/unimods/is3107/project/.venv/lib/python3.11/site-packages/airflow/example_dags/example_sla_dag.py
[2025-03-26T15:32:34.896+0800] {processor.py:914} INFO - Processing file /Users/ervinyeoh/Desktop/unimods/is3107/project/.venv/lib/python3.11/site-packages/airflow/example_dags/example_sla_dag.py for tasks to queue
[2025-03-26T15:32:34.897+0800] {logging_mixin.py:190} INFO - [2025-03-26T15:32:34.897+0800] {dagbag.py:588} INFO - Filling up the DagBag from /Users/ervinyeoh/Desktop/unimods/is3107/project/.venv/lib/python3.11/site-packages/airflow/example_dags/example_sla_dag.py
[2025-03-26T15:32:34.950+0800] {processor.py:925} INFO - DAG(s) 'example_sla_dag' retrieved from /Users/ervinyeoh/Desktop/unimods/is3107/project/.venv/lib/python3.11/site-packages/airflow/example_dags/example_sla_dag.py
[2025-03-26T15:32:35.001+0800] {logging_mixin.py:190} INFO - [2025-03-26T15:32:35.001+0800] {dag.py:3239} INFO - Sync 1 DAGs
[2025-03-26T15:32:35.013+0800] {logging_mixin.py:190} INFO - [2025-03-26T15:32:35.013+0800] {dag.py:4180} INFO - Setting next_dagrun for example_sla_dag to 2025-03-26 07:30:00+00:00, run_after=2025-03-26 07:32:00+00:00
[2025-03-26T15:32:35.024+0800] {processor.py:208} INFO - Processing /Users/ervinyeoh/Desktop/unimods/is3107/project/.venv/lib/python3.11/site-packages/airflow/example_dags/example_sla_dag.py took 0.131 seconds
[2025-03-26T15:46:42.693+0800] {processor.py:186} INFO - Started process (PID=47971) to work on /Users/ervinyeoh/Desktop/unimods/is3107/project/.venv/lib/python3.11/site-packages/airflow/example_dags/example_sla_dag.py
[2025-03-26T15:46:42.694+0800] {processor.py:914} INFO - Processing file /Users/ervinyeoh/Desktop/unimods/is3107/project/.venv/lib/python3.11/site-packages/airflow/example_dags/example_sla_dag.py for tasks to queue
[2025-03-26T15:46:42.694+0800] {logging_mixin.py:190} INFO - [2025-03-26T15:46:42.694+0800] {dagbag.py:588} INFO - Filling up the DagBag from /Users/ervinyeoh/Desktop/unimods/is3107/project/.venv/lib/python3.11/site-packages/airflow/example_dags/example_sla_dag.py
[2025-03-26T15:46:42.747+0800] {processor.py:925} INFO - DAG(s) 'example_sla_dag' retrieved from /Users/ervinyeoh/Desktop/unimods/is3107/project/.venv/lib/python3.11/site-packages/airflow/example_dags/example_sla_dag.py
[2025-03-26T15:46:42.799+0800] {logging_mixin.py:190} INFO - [2025-03-26T15:46:42.799+0800] {dag.py:3239} INFO - Sync 1 DAGs
[2025-03-26T15:46:42.810+0800] {logging_mixin.py:190} INFO - [2025-03-26T15:46:42.810+0800] {dag.py:4180} INFO - Setting next_dagrun for example_sla_dag to 2025-03-26 07:44:00+00:00, run_after=2025-03-26 07:46:00+00:00
[2025-03-26T15:46:42.819+0800] {processor.py:208} INFO - Processing /Users/ervinyeoh/Desktop/unimods/is3107/project/.venv/lib/python3.11/site-packages/airflow/example_dags/example_sla_dag.py took 0.128 seconds
[2025-03-26T15:49:31.658+0800] {processor.py:186} INFO - Started process (PID=48327) to work on /Users/ervinyeoh/Desktop/unimods/is3107/project/.venv/lib/python3.11/site-packages/airflow/example_dags/example_sla_dag.py
[2025-03-26T15:49:31.659+0800] {processor.py:914} INFO - Processing file /Users/ervinyeoh/Desktop/unimods/is3107/project/.venv/lib/python3.11/site-packages/airflow/example_dags/example_sla_dag.py for tasks to queue
[2025-03-26T15:49:31.659+0800] {logging_mixin.py:190} INFO - [2025-03-26T15:49:31.659+0800] {dagbag.py:588} INFO - Filling up the DagBag from /Users/ervinyeoh/Desktop/unimods/is3107/project/.venv/lib/python3.11/site-packages/airflow/example_dags/example_sla_dag.py
[2025-03-26T15:49:31.710+0800] {processor.py:925} INFO - DAG(s) 'example_sla_dag' retrieved from /Users/ervinyeoh/Desktop/unimods/is3107/project/.venv/lib/python3.11/site-packages/airflow/example_dags/example_sla_dag.py
[2025-03-26T15:49:31.760+0800] {logging_mixin.py:190} INFO - [2025-03-26T15:49:31.760+0800] {dag.py:3239} INFO - Sync 1 DAGs
[2025-03-26T15:49:31.772+0800] {logging_mixin.py:190} INFO - [2025-03-26T15:49:31.772+0800] {dag.py:4180} INFO - Setting next_dagrun for example_sla_dag to 2025-03-26 07:46:00+00:00, run_after=2025-03-26 07:48:00+00:00
[2025-03-26T15:49:31.781+0800] {processor.py:208} INFO - Processing /Users/ervinyeoh/Desktop/unimods/is3107/project/.venv/lib/python3.11/site-packages/airflow/example_dags/example_sla_dag.py took 0.125 seconds
[2025-03-26T16:08:37.954+0800] {processor.py:186} INFO - Started process (PID=48636) to work on /Users/ervinyeoh/Desktop/unimods/is3107/project/.venv/lib/python3.11/site-packages/airflow/example_dags/example_sla_dag.py
[2025-03-26T16:08:37.955+0800] {processor.py:914} INFO - Processing file /Users/ervinyeoh/Desktop/unimods/is3107/project/.venv/lib/python3.11/site-packages/airflow/example_dags/example_sla_dag.py for tasks to queue
[2025-03-26T16:08:37.956+0800] {logging_mixin.py:190} INFO - [2025-03-26T16:08:37.955+0800] {dagbag.py:588} INFO - Filling up the DagBag from /Users/ervinyeoh/Desktop/unimods/is3107/project/.venv/lib/python3.11/site-packages/airflow/example_dags/example_sla_dag.py
[2025-03-26T16:08:38.011+0800] {processor.py:925} INFO - DAG(s) 'example_sla_dag' retrieved from /Users/ervinyeoh/Desktop/unimods/is3107/project/.venv/lib/python3.11/site-packages/airflow/example_dags/example_sla_dag.py
[2025-03-26T16:08:38.062+0800] {logging_mixin.py:190} INFO - [2025-03-26T16:08:38.062+0800] {dag.py:3239} INFO - Sync 1 DAGs
[2025-03-26T16:08:38.074+0800] {logging_mixin.py:190} INFO - [2025-03-26T16:08:38.074+0800] {dag.py:4180} INFO - Setting next_dagrun for example_sla_dag to 2025-03-26 08:06:00+00:00, run_after=2025-03-26 08:08:00+00:00
[2025-03-26T16:08:38.083+0800] {processor.py:208} INFO - Processing /Users/ervinyeoh/Desktop/unimods/is3107/project/.venv/lib/python3.11/site-packages/airflow/example_dags/example_sla_dag.py took 0.131 seconds
[2025-03-26T16:34:10.888+0800] {processor.py:186} INFO - Started process (PID=48895) to work on /Users/ervinyeoh/Desktop/unimods/is3107/project/.venv/lib/python3.11/site-packages/airflow/example_dags/example_sla_dag.py
[2025-03-26T16:34:10.889+0800] {processor.py:914} INFO - Processing file /Users/ervinyeoh/Desktop/unimods/is3107/project/.venv/lib/python3.11/site-packages/airflow/example_dags/example_sla_dag.py for tasks to queue
[2025-03-26T16:34:10.889+0800] {logging_mixin.py:190} INFO - [2025-03-26T16:34:10.889+0800] {dagbag.py:588} INFO - Filling up the DagBag from /Users/ervinyeoh/Desktop/unimods/is3107/project/.venv/lib/python3.11/site-packages/airflow/example_dags/example_sla_dag.py
[2025-03-26T16:34:10.965+0800] {processor.py:925} INFO - DAG(s) 'example_sla_dag' retrieved from /Users/ervinyeoh/Desktop/unimods/is3107/project/.venv/lib/python3.11/site-packages/airflow/example_dags/example_sla_dag.py
[2025-03-26T16:34:11.023+0800] {logging_mixin.py:190} INFO - [2025-03-26T16:34:11.023+0800] {dag.py:3239} INFO - Sync 1 DAGs
[2025-03-26T16:34:11.035+0800] {logging_mixin.py:190} INFO - [2025-03-26T16:34:11.035+0800] {dag.py:4180} INFO - Setting next_dagrun for example_sla_dag to 2025-03-26 08:32:00+00:00, run_after=2025-03-26 08:34:00+00:00
[2025-03-26T16:34:11.046+0800] {processor.py:208} INFO - Processing /Users/ervinyeoh/Desktop/unimods/is3107/project/.venv/lib/python3.11/site-packages/airflow/example_dags/example_sla_dag.py took 0.160 seconds
[2025-03-26T19:08:03.004+0800] {processor.py:186} INFO - Started process (PID=49332) to work on /Users/ervinyeoh/Desktop/unimods/is3107/project/.venv/lib/python3.11/site-packages/airflow/example_dags/example_sla_dag.py
[2025-03-26T19:08:03.005+0800] {processor.py:914} INFO - Processing file /Users/ervinyeoh/Desktop/unimods/is3107/project/.venv/lib/python3.11/site-packages/airflow/example_dags/example_sla_dag.py for tasks to queue
[2025-03-26T19:08:03.006+0800] {logging_mixin.py:190} INFO - [2025-03-26T19:08:03.006+0800] {dagbag.py:588} INFO - Filling up the DagBag from /Users/ervinyeoh/Desktop/unimods/is3107/project/.venv/lib/python3.11/site-packages/airflow/example_dags/example_sla_dag.py
[2025-03-26T19:08:03.072+0800] {processor.py:925} INFO - DAG(s) 'example_sla_dag' retrieved from /Users/ervinyeoh/Desktop/unimods/is3107/project/.venv/lib/python3.11/site-packages/airflow/example_dags/example_sla_dag.py
[2025-03-26T19:08:03.127+0800] {logging_mixin.py:190} INFO - [2025-03-26T19:08:03.127+0800] {dag.py:3239} INFO - Sync 1 DAGs
[2025-03-26T19:08:03.141+0800] {logging_mixin.py:190} INFO - [2025-03-26T19:08:03.140+0800] {dag.py:4180} INFO - Setting next_dagrun for example_sla_dag to 2025-03-26 11:06:00+00:00, run_after=2025-03-26 11:08:00+00:00
[2025-03-26T19:08:03.151+0800] {processor.py:208} INFO - Processing /Users/ervinyeoh/Desktop/unimods/is3107/project/.venv/lib/python3.11/site-packages/airflow/example_dags/example_sla_dag.py took 0.150 seconds
[2025-03-26T23:34:28.196+0800] {processor.py:186} INFO - Started process (PID=51281) to work on /Users/ervinyeoh/Desktop/unimods/is3107/project/.venv/lib/python3.11/site-packages/airflow/example_dags/example_sla_dag.py
[2025-03-26T23:34:28.197+0800] {processor.py:914} INFO - Processing file /Users/ervinyeoh/Desktop/unimods/is3107/project/.venv/lib/python3.11/site-packages/airflow/example_dags/example_sla_dag.py for tasks to queue
[2025-03-26T23:34:28.198+0800] {logging_mixin.py:190} INFO - [2025-03-26T23:34:28.198+0800] {dagbag.py:588} INFO - Filling up the DagBag from /Users/ervinyeoh/Desktop/unimods/is3107/project/.venv/lib/python3.11/site-packages/airflow/example_dags/example_sla_dag.py
[2025-03-26T23:34:28.249+0800] {processor.py:925} INFO - DAG(s) 'example_sla_dag' retrieved from /Users/ervinyeoh/Desktop/unimods/is3107/project/.venv/lib/python3.11/site-packages/airflow/example_dags/example_sla_dag.py
[2025-03-26T23:34:28.302+0800] {logging_mixin.py:190} INFO - [2025-03-26T23:34:28.302+0800] {dag.py:3239} INFO - Sync 1 DAGs
[2025-03-26T23:34:28.315+0800] {logging_mixin.py:190} INFO - [2025-03-26T23:34:28.315+0800] {dag.py:4180} INFO - Setting next_dagrun for example_sla_dag to 2025-03-26 15:32:00+00:00, run_after=2025-03-26 15:34:00+00:00
[2025-03-26T23:34:28.326+0800] {processor.py:208} INFO - Processing /Users/ervinyeoh/Desktop/unimods/is3107/project/.venv/lib/python3.11/site-packages/airflow/example_dags/example_sla_dag.py took 0.132 seconds
[2025-03-27T02:52:17.203+0800] {processor.py:186} INFO - Started process (PID=51634) to work on /Users/ervinyeoh/Desktop/unimods/is3107/project/.venv/lib/python3.11/site-packages/airflow/example_dags/example_sla_dag.py
[2025-03-27T02:52:17.204+0800] {processor.py:914} INFO - Processing file /Users/ervinyeoh/Desktop/unimods/is3107/project/.venv/lib/python3.11/site-packages/airflow/example_dags/example_sla_dag.py for tasks to queue
[2025-03-27T02:52:17.205+0800] {logging_mixin.py:190} INFO - [2025-03-27T02:52:17.205+0800] {dagbag.py:588} INFO - Filling up the DagBag from /Users/ervinyeoh/Desktop/unimods/is3107/project/.venv/lib/python3.11/site-packages/airflow/example_dags/example_sla_dag.py
[2025-03-27T02:52:17.262+0800] {processor.py:925} INFO - DAG(s) 'example_sla_dag' retrieved from /Users/ervinyeoh/Desktop/unimods/is3107/project/.venv/lib/python3.11/site-packages/airflow/example_dags/example_sla_dag.py
[2025-03-27T02:52:17.313+0800] {logging_mixin.py:190} INFO - [2025-03-27T02:52:17.312+0800] {dag.py:3239} INFO - Sync 1 DAGs
[2025-03-27T02:52:17.324+0800] {logging_mixin.py:190} INFO - [2025-03-27T02:52:17.324+0800] {dag.py:4180} INFO - Setting next_dagrun for example_sla_dag to 2025-03-26 18:50:00+00:00, run_after=2025-03-26 18:52:00+00:00
[2025-03-27T02:52:17.333+0800] {processor.py:208} INFO - Processing /Users/ervinyeoh/Desktop/unimods/is3107/project/.venv/lib/python3.11/site-packages/airflow/example_dags/example_sla_dag.py took 0.132 seconds
[2025-03-27T06:29:41.212+0800] {processor.py:186} INFO - Started process (PID=52141) to work on /Users/ervinyeoh/Desktop/unimods/is3107/project/.venv/lib/python3.11/site-packages/airflow/example_dags/example_sla_dag.py
[2025-03-27T06:29:41.212+0800] {processor.py:914} INFO - Processing file /Users/ervinyeoh/Desktop/unimods/is3107/project/.venv/lib/python3.11/site-packages/airflow/example_dags/example_sla_dag.py for tasks to queue
[2025-03-27T06:29:41.213+0800] {logging_mixin.py:190} INFO - [2025-03-27T06:29:41.213+0800] {dagbag.py:588} INFO - Filling up the DagBag from /Users/ervinyeoh/Desktop/unimods/is3107/project/.venv/lib/python3.11/site-packages/airflow/example_dags/example_sla_dag.py
[2025-03-27T06:29:41.266+0800] {processor.py:925} INFO - DAG(s) 'example_sla_dag' retrieved from /Users/ervinyeoh/Desktop/unimods/is3107/project/.venv/lib/python3.11/site-packages/airflow/example_dags/example_sla_dag.py
[2025-03-27T06:29:41.318+0800] {logging_mixin.py:190} INFO - [2025-03-27T06:29:41.318+0800] {dag.py:3239} INFO - Sync 1 DAGs
[2025-03-27T06:29:41.329+0800] {logging_mixin.py:190} INFO - [2025-03-27T06:29:41.329+0800] {dag.py:4180} INFO - Setting next_dagrun for example_sla_dag to 2025-03-26 22:26:00+00:00, run_after=2025-03-26 22:28:00+00:00
[2025-03-27T06:29:41.339+0800] {processor.py:208} INFO - Processing /Users/ervinyeoh/Desktop/unimods/is3107/project/.venv/lib/python3.11/site-packages/airflow/example_dags/example_sla_dag.py took 0.129 seconds
[2025-03-27T06:36:16.045+0800] {processor.py:186} INFO - Started process (PID=52483) to work on /Users/ervinyeoh/Desktop/unimods/is3107/project/.venv/lib/python3.11/site-packages/airflow/example_dags/example_sla_dag.py
[2025-03-27T06:36:16.046+0800] {processor.py:914} INFO - Processing file /Users/ervinyeoh/Desktop/unimods/is3107/project/.venv/lib/python3.11/site-packages/airflow/example_dags/example_sla_dag.py for tasks to queue
[2025-03-27T06:36:16.047+0800] {logging_mixin.py:190} INFO - [2025-03-27T06:36:16.047+0800] {dagbag.py:588} INFO - Filling up the DagBag from /Users/ervinyeoh/Desktop/unimods/is3107/project/.venv/lib/python3.11/site-packages/airflow/example_dags/example_sla_dag.py
[2025-03-27T06:36:16.099+0800] {processor.py:925} INFO - DAG(s) 'example_sla_dag' retrieved from /Users/ervinyeoh/Desktop/unimods/is3107/project/.venv/lib/python3.11/site-packages/airflow/example_dags/example_sla_dag.py
[2025-03-27T06:36:16.149+0800] {logging_mixin.py:190} INFO - [2025-03-27T06:36:16.149+0800] {dag.py:3239} INFO - Sync 1 DAGs
[2025-03-27T06:36:16.161+0800] {logging_mixin.py:190} INFO - [2025-03-27T06:36:16.161+0800] {dag.py:4180} INFO - Setting next_dagrun for example_sla_dag to 2025-03-26 22:34:00+00:00, run_after=2025-03-26 22:36:00+00:00
[2025-03-27T06:36:16.170+0800] {processor.py:208} INFO - Processing /Users/ervinyeoh/Desktop/unimods/is3107/project/.venv/lib/python3.11/site-packages/airflow/example_dags/example_sla_dag.py took 0.127 seconds
[2025-03-27T07:29:38.413+0800] {processor.py:186} INFO - Started process (PID=52835) to work on /Users/ervinyeoh/Desktop/unimods/is3107/project/.venv/lib/python3.11/site-packages/airflow/example_dags/example_sla_dag.py
[2025-03-27T07:29:38.414+0800] {processor.py:914} INFO - Processing file /Users/ervinyeoh/Desktop/unimods/is3107/project/.venv/lib/python3.11/site-packages/airflow/example_dags/example_sla_dag.py for tasks to queue
[2025-03-27T07:29:38.415+0800] {logging_mixin.py:190} INFO - [2025-03-27T07:29:38.415+0800] {dagbag.py:588} INFO - Filling up the DagBag from /Users/ervinyeoh/Desktop/unimods/is3107/project/.venv/lib/python3.11/site-packages/airflow/example_dags/example_sla_dag.py
[2025-03-27T07:29:38.467+0800] {processor.py:925} INFO - DAG(s) 'example_sla_dag' retrieved from /Users/ervinyeoh/Desktop/unimods/is3107/project/.venv/lib/python3.11/site-packages/airflow/example_dags/example_sla_dag.py
[2025-03-27T07:29:38.517+0800] {logging_mixin.py:190} INFO - [2025-03-27T07:29:38.517+0800] {dag.py:3239} INFO - Sync 1 DAGs
[2025-03-27T07:29:38.532+0800] {logging_mixin.py:190} INFO - [2025-03-27T07:29:38.532+0800] {dag.py:4180} INFO - Setting next_dagrun for example_sla_dag to 2025-03-26 23:26:00+00:00, run_after=2025-03-26 23:28:00+00:00
[2025-03-27T07:29:38.542+0800] {processor.py:208} INFO - Processing /Users/ervinyeoh/Desktop/unimods/is3107/project/.venv/lib/python3.11/site-packages/airflow/example_dags/example_sla_dag.py took 0.131 seconds
