[2025-03-26T08:20:49.741+0800] {processor.py:186} INFO - Started process (PID=45567) to work on /Users/ervinyeoh/Desktop/unimods/is3107/project/.venv/lib/python3.11/site-packages/airflow/example_dags/example_latest_only.py
[2025-03-26T08:20:49.741+0800] {processor.py:914} INFO - Processing file /Users/ervinyeoh/Desktop/unimods/is3107/project/.venv/lib/python3.11/site-packages/airflow/example_dags/example_latest_only.py for tasks to queue
[2025-03-26T08:20:49.742+0800] {logging_mixin.py:190} INFO - [2025-03-26T08:20:49.742+0800] {dagbag.py:588} INFO - Filling up the DagBag from /Users/ervinyeoh/Desktop/unimods/is3107/project/.venv/lib/python3.11/site-packages/airflow/example_dags/example_latest_only.py
[2025-03-26T08:20:49.751+0800] {processor.py:925} INFO - DAG(s) 'latest_only' retrieved from /Users/ervinyeoh/Desktop/unimods/is3107/project/.venv/lib/python3.11/site-packages/airflow/example_dags/example_latest_only.py
[2025-03-26T08:20:49.836+0800] {logging_mixin.py:190} INFO - [2025-03-26T08:20:49.836+0800] {dag.py:3239} INFO - Sync 1 DAGs
[2025-03-26T08:20:49.847+0800] {logging_mixin.py:190} INFO - [2025-03-26T08:20:49.847+0800] {dag.py:4180} INFO - Setting next_dagrun for latest_only to 2025-03-25 20:00:00+00:00, run_after=2025-03-26 00:00:00+00:00
[2025-03-26T08:20:49.857+0800] {processor.py:208} INFO - Processing /Users/ervinyeoh/Desktop/unimods/is3107/project/.venv/lib/python3.11/site-packages/airflow/example_dags/example_latest_only.py took 0.118 seconds
[2025-03-26T09:13:16.127+0800] {processor.py:186} INFO - Started process (PID=45933) to work on /Users/ervinyeoh/Desktop/unimods/is3107/project/.venv/lib/python3.11/site-packages/airflow/example_dags/example_latest_only.py
[2025-03-26T09:13:16.128+0800] {processor.py:914} INFO - Processing file /Users/ervinyeoh/Desktop/unimods/is3107/project/.venv/lib/python3.11/site-packages/airflow/example_dags/example_latest_only.py for tasks to queue
[2025-03-26T09:13:16.128+0800] {logging_mixin.py:190} INFO - [2025-03-26T09:13:16.128+0800] {dagbag.py:588} INFO - Filling up the DagBag from /Users/ervinyeoh/Desktop/unimods/is3107/project/.venv/lib/python3.11/site-packages/airflow/example_dags/example_latest_only.py
[2025-03-26T09:13:16.133+0800] {processor.py:925} INFO - DAG(s) 'latest_only' retrieved from /Users/ervinyeoh/Desktop/unimods/is3107/project/.venv/lib/python3.11/site-packages/airflow/example_dags/example_latest_only.py
[2025-03-26T09:13:16.216+0800] {logging_mixin.py:190} INFO - [2025-03-26T09:13:16.216+0800] {dag.py:3239} INFO - Sync 1 DAGs
[2025-03-26T09:13:16.226+0800] {logging_mixin.py:190} INFO - [2025-03-26T09:13:16.226+0800] {dag.py:4180} INFO - Setting next_dagrun for latest_only to 2025-03-25 20:00:00+00:00, run_after=2025-03-26 00:00:00+00:00
[2025-03-26T09:13:16.238+0800] {processor.py:208} INFO - Processing /Users/ervinyeoh/Desktop/unimods/is3107/project/.venv/lib/python3.11/site-packages/airflow/example_dags/example_latest_only.py took 0.112 seconds
[2025-03-26T09:36:10.535+0800] {processor.py:186} INFO - Started process (PID=46247) to work on /Users/ervinyeoh/Desktop/unimods/is3107/project/.venv/lib/python3.11/site-packages/airflow/example_dags/example_latest_only.py
[2025-03-26T09:36:10.536+0800] {processor.py:914} INFO - Processing file /Users/ervinyeoh/Desktop/unimods/is3107/project/.venv/lib/python3.11/site-packages/airflow/example_dags/example_latest_only.py for tasks to queue
[2025-03-26T09:36:10.537+0800] {logging_mixin.py:190} INFO - [2025-03-26T09:36:10.536+0800] {dagbag.py:588} INFO - Filling up the DagBag from /Users/ervinyeoh/Desktop/unimods/is3107/project/.venv/lib/python3.11/site-packages/airflow/example_dags/example_latest_only.py
[2025-03-26T09:36:10.541+0800] {processor.py:925} INFO - DAG(s) 'latest_only' retrieved from /Users/ervinyeoh/Desktop/unimods/is3107/project/.venv/lib/python3.11/site-packages/airflow/example_dags/example_latest_only.py
[2025-03-26T09:36:10.630+0800] {logging_mixin.py:190} INFO - [2025-03-26T09:36:10.630+0800] {dag.py:3239} INFO - Sync 1 DAGs
[2025-03-26T09:36:10.640+0800] {logging_mixin.py:190} INFO - [2025-03-26T09:36:10.640+0800] {dag.py:4180} INFO - Setting next_dagrun for latest_only to 2025-03-25 20:00:00+00:00, run_after=2025-03-26 00:00:00+00:00
[2025-03-26T09:36:10.650+0800] {processor.py:208} INFO - Processing /Users/ervinyeoh/Desktop/unimods/is3107/project/.venv/lib/python3.11/site-packages/airflow/example_dags/example_latest_only.py took 0.117 seconds
[2025-03-26T14:00:11.717+0800] {processor.py:186} INFO - Started process (PID=46620) to work on /Users/ervinyeoh/Desktop/unimods/is3107/project/.venv/lib/python3.11/site-packages/airflow/example_dags/example_latest_only.py
[2025-03-26T14:00:11.718+0800] {processor.py:914} INFO - Processing file /Users/ervinyeoh/Desktop/unimods/is3107/project/.venv/lib/python3.11/site-packages/airflow/example_dags/example_latest_only.py for tasks to queue
[2025-03-26T14:00:11.718+0800] {logging_mixin.py:190} INFO - [2025-03-26T14:00:11.718+0800] {dagbag.py:588} INFO - Filling up the DagBag from /Users/ervinyeoh/Desktop/unimods/is3107/project/.venv/lib/python3.11/site-packages/airflow/example_dags/example_latest_only.py
[2025-03-26T14:00:11.723+0800] {processor.py:925} INFO - DAG(s) 'latest_only' retrieved from /Users/ervinyeoh/Desktop/unimods/is3107/project/.venv/lib/python3.11/site-packages/airflow/example_dags/example_latest_only.py
[2025-03-26T14:00:11.809+0800] {logging_mixin.py:190} INFO - [2025-03-26T14:00:11.809+0800] {dag.py:3239} INFO - Sync 1 DAGs
[2025-03-26T14:00:11.820+0800] {logging_mixin.py:190} INFO - [2025-03-26T14:00:11.819+0800] {dag.py:4180} INFO - Setting next_dagrun for latest_only to 2025-03-26 00:00:00+00:00, run_after=2025-03-26 04:00:00+00:00
[2025-03-26T14:00:11.830+0800] {processor.py:208} INFO - Processing /Users/ervinyeoh/Desktop/unimods/is3107/project/.venv/lib/python3.11/site-packages/airflow/example_dags/example_latest_only.py took 0.114 seconds
[2025-03-26T14:18:18.801+0800] {processor.py:186} INFO - Started process (PID=46901) to work on /Users/ervinyeoh/Desktop/unimods/is3107/project/.venv/lib/python3.11/site-packages/airflow/example_dags/example_latest_only.py
[2025-03-26T14:18:18.802+0800] {processor.py:914} INFO - Processing file /Users/ervinyeoh/Desktop/unimods/is3107/project/.venv/lib/python3.11/site-packages/airflow/example_dags/example_latest_only.py for tasks to queue
[2025-03-26T14:18:18.803+0800] {logging_mixin.py:190} INFO - [2025-03-26T14:18:18.803+0800] {dagbag.py:588} INFO - Filling up the DagBag from /Users/ervinyeoh/Desktop/unimods/is3107/project/.venv/lib/python3.11/site-packages/airflow/example_dags/example_latest_only.py
[2025-03-26T14:18:18.808+0800] {processor.py:925} INFO - DAG(s) 'latest_only' retrieved from /Users/ervinyeoh/Desktop/unimods/is3107/project/.venv/lib/python3.11/site-packages/airflow/example_dags/example_latest_only.py
[2025-03-26T14:18:18.892+0800] {logging_mixin.py:190} INFO - [2025-03-26T14:18:18.892+0800] {dag.py:3239} INFO - Sync 1 DAGs
[2025-03-26T14:18:18.902+0800] {logging_mixin.py:190} INFO - [2025-03-26T14:18:18.902+0800] {dag.py:4180} INFO - Setting next_dagrun for latest_only to 2025-03-26 00:00:00+00:00, run_after=2025-03-26 04:00:00+00:00
[2025-03-26T14:18:18.913+0800] {processor.py:208} INFO - Processing /Users/ervinyeoh/Desktop/unimods/is3107/project/.venv/lib/python3.11/site-packages/airflow/example_dags/example_latest_only.py took 0.114 seconds
[2025-03-26T14:49:06.210+0800] {processor.py:186} INFO - Started process (PID=47421) to work on /Users/ervinyeoh/Desktop/unimods/is3107/project/.venv/lib/python3.11/site-packages/airflow/example_dags/example_latest_only.py
[2025-03-26T14:49:06.210+0800] {processor.py:914} INFO - Processing file /Users/ervinyeoh/Desktop/unimods/is3107/project/.venv/lib/python3.11/site-packages/airflow/example_dags/example_latest_only.py for tasks to queue
[2025-03-26T14:49:06.211+0800] {logging_mixin.py:190} INFO - [2025-03-26T14:49:06.211+0800] {dagbag.py:588} INFO - Filling up the DagBag from /Users/ervinyeoh/Desktop/unimods/is3107/project/.venv/lib/python3.11/site-packages/airflow/example_dags/example_latest_only.py
[2025-03-26T14:49:06.215+0800] {processor.py:925} INFO - DAG(s) 'latest_only' retrieved from /Users/ervinyeoh/Desktop/unimods/is3107/project/.venv/lib/python3.11/site-packages/airflow/example_dags/example_latest_only.py
[2025-03-26T14:49:06.298+0800] {logging_mixin.py:190} INFO - [2025-03-26T14:49:06.298+0800] {dag.py:3239} INFO - Sync 1 DAGs
[2025-03-26T14:49:06.309+0800] {logging_mixin.py:190} INFO - [2025-03-26T14:49:06.308+0800] {dag.py:4180} INFO - Setting next_dagrun for latest_only to 2025-03-26 00:00:00+00:00, run_after=2025-03-26 04:00:00+00:00
[2025-03-26T14:49:06.318+0800] {processor.py:208} INFO - Processing /Users/ervinyeoh/Desktop/unimods/is3107/project/.venv/lib/python3.11/site-packages/airflow/example_dags/example_latest_only.py took 0.110 seconds
[2025-03-26T15:38:34.256+0800] {processor.py:186} INFO - Started process (PID=47693) to work on /Users/ervinyeoh/Desktop/unimods/is3107/project/.venv/lib/python3.11/site-packages/airflow/example_dags/example_latest_only.py
[2025-03-26T15:38:34.258+0800] {processor.py:914} INFO - Processing file /Users/ervinyeoh/Desktop/unimods/is3107/project/.venv/lib/python3.11/site-packages/airflow/example_dags/example_latest_only.py for tasks to queue
[2025-03-26T15:38:34.258+0800] {logging_mixin.py:190} INFO - [2025-03-26T15:38:34.258+0800] {dagbag.py:588} INFO - Filling up the DagBag from /Users/ervinyeoh/Desktop/unimods/is3107/project/.venv/lib/python3.11/site-packages/airflow/example_dags/example_latest_only.py
[2025-03-26T15:38:34.262+0800] {processor.py:925} INFO - DAG(s) 'latest_only' retrieved from /Users/ervinyeoh/Desktop/unimods/is3107/project/.venv/lib/python3.11/site-packages/airflow/example_dags/example_latest_only.py
[2025-03-26T15:38:34.346+0800] {logging_mixin.py:190} INFO - [2025-03-26T15:38:34.346+0800] {dag.py:3239} INFO - Sync 1 DAGs
[2025-03-26T15:38:34.356+0800] {logging_mixin.py:190} INFO - [2025-03-26T15:38:34.356+0800] {dag.py:4180} INFO - Setting next_dagrun for latest_only to 2025-03-26 00:00:00+00:00, run_after=2025-03-26 04:00:00+00:00
[2025-03-26T15:38:34.366+0800] {processor.py:208} INFO - Processing /Users/ervinyeoh/Desktop/unimods/is3107/project/.venv/lib/python3.11/site-packages/airflow/example_dags/example_latest_only.py took 0.112 seconds
[2025-03-26T15:48:15.978+0800] {processor.py:186} INFO - Started process (PID=48103) to work on /Users/ervinyeoh/Desktop/unimods/is3107/project/.venv/lib/python3.11/site-packages/airflow/example_dags/example_latest_only.py
[2025-03-26T15:48:15.979+0800] {processor.py:914} INFO - Processing file /Users/ervinyeoh/Desktop/unimods/is3107/project/.venv/lib/python3.11/site-packages/airflow/example_dags/example_latest_only.py for tasks to queue
[2025-03-26T15:48:15.980+0800] {logging_mixin.py:190} INFO - [2025-03-26T15:48:15.980+0800] {dagbag.py:588} INFO - Filling up the DagBag from /Users/ervinyeoh/Desktop/unimods/is3107/project/.venv/lib/python3.11/site-packages/airflow/example_dags/example_latest_only.py
[2025-03-26T15:48:15.984+0800] {processor.py:925} INFO - DAG(s) 'latest_only' retrieved from /Users/ervinyeoh/Desktop/unimods/is3107/project/.venv/lib/python3.11/site-packages/airflow/example_dags/example_latest_only.py
[2025-03-26T15:48:16.066+0800] {logging_mixin.py:190} INFO - [2025-03-26T15:48:16.066+0800] {dag.py:3239} INFO - Sync 1 DAGs
[2025-03-26T15:48:16.077+0800] {logging_mixin.py:190} INFO - [2025-03-26T15:48:16.077+0800] {dag.py:4180} INFO - Setting next_dagrun for latest_only to 2025-03-26 00:00:00+00:00, run_after=2025-03-26 04:00:00+00:00
[2025-03-26T15:48:16.087+0800] {processor.py:208} INFO - Processing /Users/ervinyeoh/Desktop/unimods/is3107/project/.venv/lib/python3.11/site-packages/airflow/example_dags/example_latest_only.py took 0.110 seconds
[2025-03-26T16:32:38.924+0800] {processor.py:186} INFO - Started process (PID=48744) to work on /Users/ervinyeoh/Desktop/unimods/is3107/project/.venv/lib/python3.11/site-packages/airflow/example_dags/example_latest_only.py
[2025-03-26T16:32:38.925+0800] {processor.py:914} INFO - Processing file /Users/ervinyeoh/Desktop/unimods/is3107/project/.venv/lib/python3.11/site-packages/airflow/example_dags/example_latest_only.py for tasks to queue
[2025-03-26T16:32:38.925+0800] {logging_mixin.py:190} INFO - [2025-03-26T16:32:38.925+0800] {dagbag.py:588} INFO - Filling up the DagBag from /Users/ervinyeoh/Desktop/unimods/is3107/project/.venv/lib/python3.11/site-packages/airflow/example_dags/example_latest_only.py
[2025-03-26T16:32:38.930+0800] {processor.py:925} INFO - DAG(s) 'latest_only' retrieved from /Users/ervinyeoh/Desktop/unimods/is3107/project/.venv/lib/python3.11/site-packages/airflow/example_dags/example_latest_only.py
[2025-03-26T16:32:39.016+0800] {logging_mixin.py:190} INFO - [2025-03-26T16:32:39.016+0800] {dag.py:3239} INFO - Sync 1 DAGs
[2025-03-26T16:32:39.027+0800] {logging_mixin.py:190} INFO - [2025-03-26T16:32:39.027+0800] {dag.py:4180} INFO - Setting next_dagrun for latest_only to 2025-03-26 04:00:00+00:00, run_after=2025-03-26 08:00:00+00:00
[2025-03-26T16:32:39.036+0800] {processor.py:208} INFO - Processing /Users/ervinyeoh/Desktop/unimods/is3107/project/.venv/lib/python3.11/site-packages/airflow/example_dags/example_latest_only.py took 0.114 seconds
[2025-03-26T16:39:40.893+0800] {processor.py:186} INFO - Started process (PID=48999) to work on /Users/ervinyeoh/Desktop/unimods/is3107/project/.venv/lib/python3.11/site-packages/airflow/example_dags/example_latest_only.py
[2025-03-26T16:39:40.894+0800] {processor.py:914} INFO - Processing file /Users/ervinyeoh/Desktop/unimods/is3107/project/.venv/lib/python3.11/site-packages/airflow/example_dags/example_latest_only.py for tasks to queue
[2025-03-26T16:39:40.895+0800] {logging_mixin.py:190} INFO - [2025-03-26T16:39:40.894+0800] {dagbag.py:588} INFO - Filling up the DagBag from /Users/ervinyeoh/Desktop/unimods/is3107/project/.venv/lib/python3.11/site-packages/airflow/example_dags/example_latest_only.py
[2025-03-26T16:39:40.899+0800] {processor.py:925} INFO - DAG(s) 'latest_only' retrieved from /Users/ervinyeoh/Desktop/unimods/is3107/project/.venv/lib/python3.11/site-packages/airflow/example_dags/example_latest_only.py
[2025-03-26T16:39:40.995+0800] {logging_mixin.py:190} INFO - [2025-03-26T16:39:40.995+0800] {dag.py:3239} INFO - Sync 1 DAGs
[2025-03-26T16:39:41.007+0800] {logging_mixin.py:190} INFO - [2025-03-26T16:39:41.007+0800] {dag.py:4180} INFO - Setting next_dagrun for latest_only to 2025-03-26 04:00:00+00:00, run_after=2025-03-26 08:00:00+00:00
[2025-03-26T16:39:41.020+0800] {processor.py:208} INFO - Processing /Users/ervinyeoh/Desktop/unimods/is3107/project/.venv/lib/python3.11/site-packages/airflow/example_dags/example_latest_only.py took 0.128 seconds
[2025-03-27T00:52:21.293+0800] {processor.py:186} INFO - Started process (PID=51399) to work on /Users/ervinyeoh/Desktop/unimods/is3107/project/.venv/lib/python3.11/site-packages/airflow/example_dags/example_latest_only.py
[2025-03-27T00:52:21.294+0800] {processor.py:914} INFO - Processing file /Users/ervinyeoh/Desktop/unimods/is3107/project/.venv/lib/python3.11/site-packages/airflow/example_dags/example_latest_only.py for tasks to queue
[2025-03-27T00:52:21.294+0800] {logging_mixin.py:190} INFO - [2025-03-27T00:52:21.294+0800] {dagbag.py:588} INFO - Filling up the DagBag from /Users/ervinyeoh/Desktop/unimods/is3107/project/.venv/lib/python3.11/site-packages/airflow/example_dags/example_latest_only.py
[2025-03-27T00:52:21.298+0800] {processor.py:925} INFO - DAG(s) 'latest_only' retrieved from /Users/ervinyeoh/Desktop/unimods/is3107/project/.venv/lib/python3.11/site-packages/airflow/example_dags/example_latest_only.py
[2025-03-27T00:52:21.383+0800] {logging_mixin.py:190} INFO - [2025-03-27T00:52:21.383+0800] {dag.py:3239} INFO - Sync 1 DAGs
[2025-03-27T00:52:21.394+0800] {logging_mixin.py:190} INFO - [2025-03-27T00:52:21.394+0800] {dag.py:4180} INFO - Setting next_dagrun for latest_only to 2025-03-26 12:00:00+00:00, run_after=2025-03-26 16:00:00+00:00
[2025-03-27T00:52:21.404+0800] {processor.py:208} INFO - Processing /Users/ervinyeoh/Desktop/unimods/is3107/project/.venv/lib/python3.11/site-packages/airflow/example_dags/example_latest_only.py took 0.113 seconds
[2025-03-27T04:32:19.115+0800] {processor.py:186} INFO - Started process (PID=51860) to work on /Users/ervinyeoh/Desktop/unimods/is3107/project/.venv/lib/python3.11/site-packages/airflow/example_dags/example_latest_only.py
[2025-03-27T04:32:19.116+0800] {processor.py:914} INFO - Processing file /Users/ervinyeoh/Desktop/unimods/is3107/project/.venv/lib/python3.11/site-packages/airflow/example_dags/example_latest_only.py for tasks to queue
[2025-03-27T04:32:19.116+0800] {logging_mixin.py:190} INFO - [2025-03-27T04:32:19.116+0800] {dagbag.py:588} INFO - Filling up the DagBag from /Users/ervinyeoh/Desktop/unimods/is3107/project/.venv/lib/python3.11/site-packages/airflow/example_dags/example_latest_only.py
[2025-03-27T04:32:19.121+0800] {processor.py:925} INFO - DAG(s) 'latest_only' retrieved from /Users/ervinyeoh/Desktop/unimods/is3107/project/.venv/lib/python3.11/site-packages/airflow/example_dags/example_latest_only.py
[2025-03-27T04:32:19.212+0800] {logging_mixin.py:190} INFO - [2025-03-27T04:32:19.211+0800] {dag.py:3239} INFO - Sync 1 DAGs
[2025-03-27T04:32:19.222+0800] {logging_mixin.py:190} INFO - [2025-03-27T04:32:19.222+0800] {dag.py:4180} INFO - Setting next_dagrun for latest_only to 2025-03-26 16:00:00+00:00, run_after=2025-03-26 20:00:00+00:00
[2025-03-27T04:32:19.234+0800] {processor.py:208} INFO - Processing /Users/ervinyeoh/Desktop/unimods/is3107/project/.venv/lib/python3.11/site-packages/airflow/example_dags/example_latest_only.py took 0.120 seconds
[2025-03-27T06:30:44.390+0800] {processor.py:186} INFO - Started process (PID=52225) to work on /Users/ervinyeoh/Desktop/unimods/is3107/project/.venv/lib/python3.11/site-packages/airflow/example_dags/example_latest_only.py
[2025-03-27T06:30:44.391+0800] {processor.py:914} INFO - Processing file /Users/ervinyeoh/Desktop/unimods/is3107/project/.venv/lib/python3.11/site-packages/airflow/example_dags/example_latest_only.py for tasks to queue
[2025-03-27T06:30:44.392+0800] {logging_mixin.py:190} INFO - [2025-03-27T06:30:44.391+0800] {dagbag.py:588} INFO - Filling up the DagBag from /Users/ervinyeoh/Desktop/unimods/is3107/project/.venv/lib/python3.11/site-packages/airflow/example_dags/example_latest_only.py
[2025-03-27T06:30:44.396+0800] {processor.py:925} INFO - DAG(s) 'latest_only' retrieved from /Users/ervinyeoh/Desktop/unimods/is3107/project/.venv/lib/python3.11/site-packages/airflow/example_dags/example_latest_only.py
[2025-03-27T06:30:44.487+0800] {logging_mixin.py:190} INFO - [2025-03-27T06:30:44.487+0800] {dag.py:3239} INFO - Sync 1 DAGs
[2025-03-27T06:30:44.498+0800] {logging_mixin.py:190} INFO - [2025-03-27T06:30:44.498+0800] {dag.py:4180} INFO - Setting next_dagrun for latest_only to 2025-03-26 16:00:00+00:00, run_after=2025-03-26 20:00:00+00:00
[2025-03-27T06:30:44.507+0800] {processor.py:208} INFO - Processing /Users/ervinyeoh/Desktop/unimods/is3107/project/.venv/lib/python3.11/site-packages/airflow/example_dags/example_latest_only.py took 0.119 seconds
[2025-03-27T07:22:25.885+0800] {processor.py:186} INFO - Started process (PID=52593) to work on /Users/ervinyeoh/Desktop/unimods/is3107/project/.venv/lib/python3.11/site-packages/airflow/example_dags/example_latest_only.py
[2025-03-27T07:22:25.886+0800] {processor.py:914} INFO - Processing file /Users/ervinyeoh/Desktop/unimods/is3107/project/.venv/lib/python3.11/site-packages/airflow/example_dags/example_latest_only.py for tasks to queue
[2025-03-27T07:22:25.887+0800] {logging_mixin.py:190} INFO - [2025-03-27T07:22:25.886+0800] {dagbag.py:588} INFO - Filling up the DagBag from /Users/ervinyeoh/Desktop/unimods/is3107/project/.venv/lib/python3.11/site-packages/airflow/example_dags/example_latest_only.py
[2025-03-27T07:22:25.891+0800] {processor.py:925} INFO - DAG(s) 'latest_only' retrieved from /Users/ervinyeoh/Desktop/unimods/is3107/project/.venv/lib/python3.11/site-packages/airflow/example_dags/example_latest_only.py
[2025-03-27T07:22:25.973+0800] {logging_mixin.py:190} INFO - [2025-03-27T07:22:25.973+0800] {dag.py:3239} INFO - Sync 1 DAGs
[2025-03-27T07:22:25.983+0800] {logging_mixin.py:190} INFO - [2025-03-27T07:22:25.982+0800] {dag.py:4180} INFO - Setting next_dagrun for latest_only to 2025-03-26 16:00:00+00:00, run_after=2025-03-26 20:00:00+00:00
[2025-03-27T07:22:25.992+0800] {processor.py:208} INFO - Processing /Users/ervinyeoh/Desktop/unimods/is3107/project/.venv/lib/python3.11/site-packages/airflow/example_dags/example_latest_only.py took 0.109 seconds
