[2025-03-26T08:37:27.494+0800] {processor.py:186} INFO - Started process (PID=45701) to work on /Users/ervinyeoh/Desktop/unimods/is3107/project/.venv/lib/python3.11/site-packages/airflow/example_dags/tutorial_dag.py
[2025-03-26T08:37:27.495+0800] {processor.py:914} INFO - Processing file /Users/ervinyeoh/Desktop/unimods/is3107/project/.venv/lib/python3.11/site-packages/airflow/example_dags/tutorial_dag.py for tasks to queue
[2025-03-26T08:37:27.495+0800] {logging_mixin.py:190} INFO - [2025-03-26T08:37:27.495+0800] {dagbag.py:588} INFO - Filling up the DagBag from /Users/ervinyeoh/Desktop/unimods/is3107/project/.venv/lib/python3.11/site-packages/airflow/example_dags/tutorial_dag.py
[2025-03-26T08:37:27.546+0800] {processor.py:925} INFO - DAG(s) 'tutorial_dag' retrieved from /Users/ervinyeoh/Desktop/unimods/is3107/project/.venv/lib/python3.11/site-packages/airflow/example_dags/tutorial_dag.py
[2025-03-26T08:37:27.601+0800] {logging_mixin.py:190} INFO - [2025-03-26T08:37:27.601+0800] {dag.py:3239} INFO - Sync 1 DAGs
[2025-03-26T08:37:27.607+0800] {logging_mixin.py:190} INFO - [2025-03-26T08:37:27.607+0800] {dag.py:4180} INFO - Setting next_dagrun for tutorial_dag to None, run_after=None
[2025-03-26T08:37:27.618+0800] {processor.py:208} INFO - Processing /Users/ervinyeoh/Desktop/unimods/is3107/project/.venv/lib/python3.11/site-packages/airflow/example_dags/tutorial_dag.py took 0.125 seconds
[2025-03-26T09:33:29.235+0800] {processor.py:186} INFO - Started process (PID=46082) to work on /Users/ervinyeoh/Desktop/unimods/is3107/project/.venv/lib/python3.11/site-packages/airflow/example_dags/tutorial_dag.py
[2025-03-26T09:33:29.236+0800] {processor.py:914} INFO - Processing file /Users/ervinyeoh/Desktop/unimods/is3107/project/.venv/lib/python3.11/site-packages/airflow/example_dags/tutorial_dag.py for tasks to queue
[2025-03-26T09:33:29.236+0800] {logging_mixin.py:190} INFO - [2025-03-26T09:33:29.236+0800] {dagbag.py:588} INFO - Filling up the DagBag from /Users/ervinyeoh/Desktop/unimods/is3107/project/.venv/lib/python3.11/site-packages/airflow/example_dags/tutorial_dag.py
[2025-03-26T09:33:29.284+0800] {processor.py:925} INFO - DAG(s) 'tutorial_dag' retrieved from /Users/ervinyeoh/Desktop/unimods/is3107/project/.venv/lib/python3.11/site-packages/airflow/example_dags/tutorial_dag.py
[2025-03-26T09:33:29.337+0800] {logging_mixin.py:190} INFO - [2025-03-26T09:33:29.337+0800] {dag.py:3239} INFO - Sync 1 DAGs
[2025-03-26T09:33:29.343+0800] {logging_mixin.py:190} INFO - [2025-03-26T09:33:29.343+0800] {dag.py:4180} INFO - Setting next_dagrun for tutorial_dag to None, run_after=None
[2025-03-26T09:33:29.354+0800] {processor.py:208} INFO - Processing /Users/ervinyeoh/Desktop/unimods/is3107/project/.venv/lib/python3.11/site-packages/airflow/example_dags/tutorial_dag.py took 0.120 seconds
[2025-03-26T11:00:21.477+0800] {processor.py:186} INFO - Started process (PID=46407) to work on /Users/ervinyeoh/Desktop/unimods/is3107/project/.venv/lib/python3.11/site-packages/airflow/example_dags/tutorial_dag.py
[2025-03-26T11:00:21.478+0800] {processor.py:914} INFO - Processing file /Users/ervinyeoh/Desktop/unimods/is3107/project/.venv/lib/python3.11/site-packages/airflow/example_dags/tutorial_dag.py for tasks to queue
[2025-03-26T11:00:21.478+0800] {logging_mixin.py:190} INFO - [2025-03-26T11:00:21.478+0800] {dagbag.py:588} INFO - Filling up the DagBag from /Users/ervinyeoh/Desktop/unimods/is3107/project/.venv/lib/python3.11/site-packages/airflow/example_dags/tutorial_dag.py
[2025-03-26T11:00:21.525+0800] {processor.py:925} INFO - DAG(s) 'tutorial_dag' retrieved from /Users/ervinyeoh/Desktop/unimods/is3107/project/.venv/lib/python3.11/site-packages/airflow/example_dags/tutorial_dag.py
[2025-03-26T11:00:21.577+0800] {logging_mixin.py:190} INFO - [2025-03-26T11:00:21.577+0800] {dag.py:3239} INFO - Sync 1 DAGs
[2025-03-26T11:00:21.583+0800] {logging_mixin.py:190} INFO - [2025-03-26T11:00:21.583+0800] {dag.py:4180} INFO - Setting next_dagrun for tutorial_dag to None, run_after=None
[2025-03-26T11:00:21.594+0800] {processor.py:208} INFO - Processing /Users/ervinyeoh/Desktop/unimods/is3107/project/.venv/lib/python3.11/site-packages/airflow/example_dags/tutorial_dag.py took 0.119 seconds
[2025-03-26T14:17:06.103+0800] {processor.py:186} INFO - Started process (PID=46731) to work on /Users/ervinyeoh/Desktop/unimods/is3107/project/.venv/lib/python3.11/site-packages/airflow/example_dags/tutorial_dag.py
[2025-03-26T14:17:06.103+0800] {processor.py:914} INFO - Processing file /Users/ervinyeoh/Desktop/unimods/is3107/project/.venv/lib/python3.11/site-packages/airflow/example_dags/tutorial_dag.py for tasks to queue
[2025-03-26T14:17:06.104+0800] {logging_mixin.py:190} INFO - [2025-03-26T14:17:06.104+0800] {dagbag.py:588} INFO - Filling up the DagBag from /Users/ervinyeoh/Desktop/unimods/is3107/project/.venv/lib/python3.11/site-packages/airflow/example_dags/tutorial_dag.py
[2025-03-26T14:17:06.153+0800] {processor.py:925} INFO - DAG(s) 'tutorial_dag' retrieved from /Users/ervinyeoh/Desktop/unimods/is3107/project/.venv/lib/python3.11/site-packages/airflow/example_dags/tutorial_dag.py
[2025-03-26T14:17:06.205+0800] {logging_mixin.py:190} INFO - [2025-03-26T14:17:06.205+0800] {dag.py:3239} INFO - Sync 1 DAGs
[2025-03-26T14:17:06.210+0800] {logging_mixin.py:190} INFO - [2025-03-26T14:17:06.210+0800] {dag.py:4180} INFO - Setting next_dagrun for tutorial_dag to None, run_after=None
[2025-03-26T14:17:06.221+0800] {processor.py:208} INFO - Processing /Users/ervinyeoh/Desktop/unimods/is3107/project/.venv/lib/python3.11/site-packages/airflow/example_dags/tutorial_dag.py took 0.120 seconds
[2025-03-26T14:20:38.454+0800] {processor.py:186} INFO - Started process (PID=46998) to work on /Users/ervinyeoh/Desktop/unimods/is3107/project/.venv/lib/python3.11/site-packages/airflow/example_dags/tutorial_dag.py
[2025-03-26T14:20:38.455+0800] {processor.py:914} INFO - Processing file /Users/ervinyeoh/Desktop/unimods/is3107/project/.venv/lib/python3.11/site-packages/airflow/example_dags/tutorial_dag.py for tasks to queue
[2025-03-26T14:20:38.455+0800] {logging_mixin.py:190} INFO - [2025-03-26T14:20:38.455+0800] {dagbag.py:588} INFO - Filling up the DagBag from /Users/ervinyeoh/Desktop/unimods/is3107/project/.venv/lib/python3.11/site-packages/airflow/example_dags/tutorial_dag.py
[2025-03-26T14:20:38.500+0800] {processor.py:925} INFO - DAG(s) 'tutorial_dag' retrieved from /Users/ervinyeoh/Desktop/unimods/is3107/project/.venv/lib/python3.11/site-packages/airflow/example_dags/tutorial_dag.py
[2025-03-26T14:20:38.551+0800] {logging_mixin.py:190} INFO - [2025-03-26T14:20:38.551+0800] {dag.py:3239} INFO - Sync 1 DAGs
[2025-03-26T14:20:38.556+0800] {logging_mixin.py:190} INFO - [2025-03-26T14:20:38.556+0800] {dag.py:4180} INFO - Setting next_dagrun for tutorial_dag to None, run_after=None
[2025-03-26T14:20:38.566+0800] {processor.py:208} INFO - Processing /Users/ervinyeoh/Desktop/unimods/is3107/project/.venv/lib/python3.11/site-packages/airflow/example_dags/tutorial_dag.py took 0.114 seconds
[2025-03-26T14:32:29.816+0800] {processor.py:186} INFO - Started process (PID=47270) to work on /Users/ervinyeoh/Desktop/unimods/is3107/project/.venv/lib/python3.11/site-packages/airflow/example_dags/tutorial_dag.py
[2025-03-26T14:32:29.817+0800] {processor.py:914} INFO - Processing file /Users/ervinyeoh/Desktop/unimods/is3107/project/.venv/lib/python3.11/site-packages/airflow/example_dags/tutorial_dag.py for tasks to queue
[2025-03-26T14:32:29.818+0800] {logging_mixin.py:190} INFO - [2025-03-26T14:32:29.818+0800] {dagbag.py:588} INFO - Filling up the DagBag from /Users/ervinyeoh/Desktop/unimods/is3107/project/.venv/lib/python3.11/site-packages/airflow/example_dags/tutorial_dag.py
[2025-03-26T14:32:29.864+0800] {processor.py:925} INFO - DAG(s) 'tutorial_dag' retrieved from /Users/ervinyeoh/Desktop/unimods/is3107/project/.venv/lib/python3.11/site-packages/airflow/example_dags/tutorial_dag.py
[2025-03-26T14:32:29.917+0800] {logging_mixin.py:190} INFO - [2025-03-26T14:32:29.916+0800] {dag.py:3239} INFO - Sync 1 DAGs
[2025-03-26T14:32:29.923+0800] {logging_mixin.py:190} INFO - [2025-03-26T14:32:29.922+0800] {dag.py:4180} INFO - Setting next_dagrun for tutorial_dag to None, run_after=None
[2025-03-26T14:32:29.932+0800] {processor.py:208} INFO - Processing /Users/ervinyeoh/Desktop/unimods/is3107/project/.venv/lib/python3.11/site-packages/airflow/example_dags/tutorial_dag.py took 0.118 seconds
[2025-03-26T15:32:10.134+0800] {processor.py:186} INFO - Started process (PID=47564) to work on /Users/ervinyeoh/Desktop/unimods/is3107/project/.venv/lib/python3.11/site-packages/airflow/example_dags/tutorial_dag.py
[2025-03-26T15:32:10.135+0800] {processor.py:914} INFO - Processing file /Users/ervinyeoh/Desktop/unimods/is3107/project/.venv/lib/python3.11/site-packages/airflow/example_dags/tutorial_dag.py for tasks to queue
[2025-03-26T15:32:10.135+0800] {logging_mixin.py:190} INFO - [2025-03-26T15:32:10.135+0800] {dagbag.py:588} INFO - Filling up the DagBag from /Users/ervinyeoh/Desktop/unimods/is3107/project/.venv/lib/python3.11/site-packages/airflow/example_dags/tutorial_dag.py
[2025-03-26T15:32:10.181+0800] {processor.py:925} INFO - DAG(s) 'tutorial_dag' retrieved from /Users/ervinyeoh/Desktop/unimods/is3107/project/.venv/lib/python3.11/site-packages/airflow/example_dags/tutorial_dag.py
[2025-03-26T15:32:10.233+0800] {logging_mixin.py:190} INFO - [2025-03-26T15:32:10.233+0800] {dag.py:3239} INFO - Sync 1 DAGs
[2025-03-26T15:32:10.239+0800] {logging_mixin.py:190} INFO - [2025-03-26T15:32:10.239+0800] {dag.py:4180} INFO - Setting next_dagrun for tutorial_dag to None, run_after=None
[2025-03-26T15:32:10.249+0800] {processor.py:208} INFO - Processing /Users/ervinyeoh/Desktop/unimods/is3107/project/.venv/lib/python3.11/site-packages/airflow/example_dags/tutorial_dag.py took 0.116 seconds
[2025-03-26T15:45:49.011+0800] {processor.py:186} INFO - Started process (PID=47885) to work on /Users/ervinyeoh/Desktop/unimods/is3107/project/.venv/lib/python3.11/site-packages/airflow/example_dags/tutorial_dag.py
[2025-03-26T15:45:49.012+0800] {processor.py:914} INFO - Processing file /Users/ervinyeoh/Desktop/unimods/is3107/project/.venv/lib/python3.11/site-packages/airflow/example_dags/tutorial_dag.py for tasks to queue
[2025-03-26T15:45:49.012+0800] {logging_mixin.py:190} INFO - [2025-03-26T15:45:49.012+0800] {dagbag.py:588} INFO - Filling up the DagBag from /Users/ervinyeoh/Desktop/unimods/is3107/project/.venv/lib/python3.11/site-packages/airflow/example_dags/tutorial_dag.py
[2025-03-26T15:45:49.063+0800] {processor.py:925} INFO - DAG(s) 'tutorial_dag' retrieved from /Users/ervinyeoh/Desktop/unimods/is3107/project/.venv/lib/python3.11/site-packages/airflow/example_dags/tutorial_dag.py
[2025-03-26T15:45:49.114+0800] {logging_mixin.py:190} INFO - [2025-03-26T15:45:49.114+0800] {dag.py:3239} INFO - Sync 1 DAGs
[2025-03-26T15:45:49.119+0800] {logging_mixin.py:190} INFO - [2025-03-26T15:45:49.119+0800] {dag.py:4180} INFO - Setting next_dagrun for tutorial_dag to None, run_after=None
[2025-03-26T15:45:49.130+0800] {processor.py:208} INFO - Processing /Users/ervinyeoh/Desktop/unimods/is3107/project/.venv/lib/python3.11/site-packages/airflow/example_dags/tutorial_dag.py took 0.121 seconds
[2025-03-26T15:49:07.343+0800] {processor.py:186} INFO - Started process (PID=48240) to work on /Users/ervinyeoh/Desktop/unimods/is3107/project/.venv/lib/python3.11/site-packages/airflow/example_dags/tutorial_dag.py
[2025-03-26T15:49:07.344+0800] {processor.py:914} INFO - Processing file /Users/ervinyeoh/Desktop/unimods/is3107/project/.venv/lib/python3.11/site-packages/airflow/example_dags/tutorial_dag.py for tasks to queue
[2025-03-26T15:49:07.345+0800] {logging_mixin.py:190} INFO - [2025-03-26T15:49:07.345+0800] {dagbag.py:588} INFO - Filling up the DagBag from /Users/ervinyeoh/Desktop/unimods/is3107/project/.venv/lib/python3.11/site-packages/airflow/example_dags/tutorial_dag.py
[2025-03-26T15:49:07.390+0800] {processor.py:925} INFO - DAG(s) 'tutorial_dag' retrieved from /Users/ervinyeoh/Desktop/unimods/is3107/project/.venv/lib/python3.11/site-packages/airflow/example_dags/tutorial_dag.py
[2025-03-26T15:49:07.440+0800] {logging_mixin.py:190} INFO - [2025-03-26T15:49:07.440+0800] {dag.py:3239} INFO - Sync 1 DAGs
[2025-03-26T15:49:07.446+0800] {logging_mixin.py:190} INFO - [2025-03-26T15:49:07.446+0800] {dag.py:4180} INFO - Setting next_dagrun for tutorial_dag to None, run_after=None
[2025-03-26T15:49:07.456+0800] {processor.py:208} INFO - Processing /Users/ervinyeoh/Desktop/unimods/is3107/project/.venv/lib/python3.11/site-packages/airflow/example_dags/tutorial_dag.py took 0.114 seconds
[2025-03-26T16:08:10.751+0800] {processor.py:186} INFO - Started process (PID=48564) to work on /Users/ervinyeoh/Desktop/unimods/is3107/project/.venv/lib/python3.11/site-packages/airflow/example_dags/tutorial_dag.py
[2025-03-26T16:08:10.752+0800] {processor.py:914} INFO - Processing file /Users/ervinyeoh/Desktop/unimods/is3107/project/.venv/lib/python3.11/site-packages/airflow/example_dags/tutorial_dag.py for tasks to queue
[2025-03-26T16:08:10.753+0800] {logging_mixin.py:190} INFO - [2025-03-26T16:08:10.753+0800] {dagbag.py:588} INFO - Filling up the DagBag from /Users/ervinyeoh/Desktop/unimods/is3107/project/.venv/lib/python3.11/site-packages/airflow/example_dags/tutorial_dag.py
[2025-03-26T16:08:10.802+0800] {processor.py:925} INFO - DAG(s) 'tutorial_dag' retrieved from /Users/ervinyeoh/Desktop/unimods/is3107/project/.venv/lib/python3.11/site-packages/airflow/example_dags/tutorial_dag.py
[2025-03-26T16:08:10.857+0800] {logging_mixin.py:190} INFO - [2025-03-26T16:08:10.857+0800] {dag.py:3239} INFO - Sync 1 DAGs
[2025-03-26T16:08:10.864+0800] {logging_mixin.py:190} INFO - [2025-03-26T16:08:10.864+0800] {dag.py:4180} INFO - Setting next_dagrun for tutorial_dag to None, run_after=None
[2025-03-26T16:08:10.875+0800] {processor.py:208} INFO - Processing /Users/ervinyeoh/Desktop/unimods/is3107/project/.venv/lib/python3.11/site-packages/airflow/example_dags/tutorial_dag.py took 0.125 seconds
[2025-03-26T16:33:42.004+0800] {processor.py:186} INFO - Started process (PID=48848) to work on /Users/ervinyeoh/Desktop/unimods/is3107/project/.venv/lib/python3.11/site-packages/airflow/example_dags/tutorial_dag.py
[2025-03-26T16:33:42.005+0800] {processor.py:914} INFO - Processing file /Users/ervinyeoh/Desktop/unimods/is3107/project/.venv/lib/python3.11/site-packages/airflow/example_dags/tutorial_dag.py for tasks to queue
[2025-03-26T16:33:42.005+0800] {logging_mixin.py:190} INFO - [2025-03-26T16:33:42.005+0800] {dagbag.py:588} INFO - Filling up the DagBag from /Users/ervinyeoh/Desktop/unimods/is3107/project/.venv/lib/python3.11/site-packages/airflow/example_dags/tutorial_dag.py
[2025-03-26T16:33:42.050+0800] {processor.py:925} INFO - DAG(s) 'tutorial_dag' retrieved from /Users/ervinyeoh/Desktop/unimods/is3107/project/.venv/lib/python3.11/site-packages/airflow/example_dags/tutorial_dag.py
[2025-03-26T16:33:42.101+0800] {logging_mixin.py:190} INFO - [2025-03-26T16:33:42.101+0800] {dag.py:3239} INFO - Sync 1 DAGs
[2025-03-26T16:33:42.107+0800] {logging_mixin.py:190} INFO - [2025-03-26T16:33:42.107+0800] {dag.py:4180} INFO - Setting next_dagrun for tutorial_dag to None, run_after=None
[2025-03-26T16:33:42.116+0800] {processor.py:208} INFO - Processing /Users/ervinyeoh/Desktop/unimods/is3107/project/.venv/lib/python3.11/site-packages/airflow/example_dags/tutorial_dag.py took 0.114 seconds
[2025-03-26T17:43:55.806+0800] {processor.py:186} INFO - Started process (PID=49113) to work on /Users/ervinyeoh/Desktop/unimods/is3107/project/.venv/lib/python3.11/site-packages/airflow/example_dags/tutorial_dag.py
[2025-03-26T17:43:55.807+0800] {processor.py:914} INFO - Processing file /Users/ervinyeoh/Desktop/unimods/is3107/project/.venv/lib/python3.11/site-packages/airflow/example_dags/tutorial_dag.py for tasks to queue
[2025-03-26T17:43:55.808+0800] {logging_mixin.py:190} INFO - [2025-03-26T17:43:55.808+0800] {dagbag.py:588} INFO - Filling up the DagBag from /Users/ervinyeoh/Desktop/unimods/is3107/project/.venv/lib/python3.11/site-packages/airflow/example_dags/tutorial_dag.py
[2025-03-26T17:43:55.853+0800] {processor.py:925} INFO - DAG(s) 'tutorial_dag' retrieved from /Users/ervinyeoh/Desktop/unimods/is3107/project/.venv/lib/python3.11/site-packages/airflow/example_dags/tutorial_dag.py
[2025-03-26T17:43:55.904+0800] {logging_mixin.py:190} INFO - [2025-03-26T17:43:55.904+0800] {dag.py:3239} INFO - Sync 1 DAGs
[2025-03-26T17:43:55.911+0800] {logging_mixin.py:190} INFO - [2025-03-26T17:43:55.911+0800] {dag.py:4180} INFO - Setting next_dagrun for tutorial_dag to None, run_after=None
[2025-03-26T17:43:55.921+0800] {processor.py:208} INFO - Processing /Users/ervinyeoh/Desktop/unimods/is3107/project/.venv/lib/python3.11/site-packages/airflow/example_dags/tutorial_dag.py took 0.117 seconds
[2025-03-26T22:43:12.069+0800] {processor.py:186} INFO - Started process (PID=51198) to work on /Users/ervinyeoh/Desktop/unimods/is3107/project/.venv/lib/python3.11/site-packages/airflow/example_dags/tutorial_dag.py
[2025-03-26T22:43:12.077+0800] {processor.py:914} INFO - Processing file /Users/ervinyeoh/Desktop/unimods/is3107/project/.venv/lib/python3.11/site-packages/airflow/example_dags/tutorial_dag.py for tasks to queue
[2025-03-26T22:43:12.078+0800] {logging_mixin.py:190} INFO - [2025-03-26T22:43:12.078+0800] {dagbag.py:588} INFO - Filling up the DagBag from /Users/ervinyeoh/Desktop/unimods/is3107/project/.venv/lib/python3.11/site-packages/airflow/example_dags/tutorial_dag.py
[2025-03-26T22:43:12.192+0800] {processor.py:925} INFO - DAG(s) 'tutorial_dag' retrieved from /Users/ervinyeoh/Desktop/unimods/is3107/project/.venv/lib/python3.11/site-packages/airflow/example_dags/tutorial_dag.py
[2025-03-26T22:43:12.246+0800] {logging_mixin.py:190} INFO - [2025-03-26T22:43:12.245+0800] {dag.py:3239} INFO - Sync 1 DAGs
[2025-03-26T22:43:12.252+0800] {logging_mixin.py:190} INFO - [2025-03-26T22:43:12.252+0800] {dag.py:4180} INFO - Setting next_dagrun for tutorial_dag to None, run_after=None
[2025-03-26T22:43:12.262+0800] {processor.py:208} INFO - Processing /Users/ervinyeoh/Desktop/unimods/is3107/project/.venv/lib/python3.11/site-packages/airflow/example_dags/tutorial_dag.py took 0.195 seconds
[2025-03-27T02:35:32.393+0800] {processor.py:186} INFO - Started process (PID=51587) to work on /Users/ervinyeoh/Desktop/unimods/is3107/project/.venv/lib/python3.11/site-packages/airflow/example_dags/tutorial_dag.py
[2025-03-27T02:35:32.394+0800] {processor.py:914} INFO - Processing file /Users/ervinyeoh/Desktop/unimods/is3107/project/.venv/lib/python3.11/site-packages/airflow/example_dags/tutorial_dag.py for tasks to queue
[2025-03-27T02:35:32.394+0800] {logging_mixin.py:190} INFO - [2025-03-27T02:35:32.394+0800] {dagbag.py:588} INFO - Filling up the DagBag from /Users/ervinyeoh/Desktop/unimods/is3107/project/.venv/lib/python3.11/site-packages/airflow/example_dags/tutorial_dag.py
[2025-03-27T02:35:32.440+0800] {processor.py:925} INFO - DAG(s) 'tutorial_dag' retrieved from /Users/ervinyeoh/Desktop/unimods/is3107/project/.venv/lib/python3.11/site-packages/airflow/example_dags/tutorial_dag.py
[2025-03-27T02:35:32.490+0800] {logging_mixin.py:190} INFO - [2025-03-27T02:35:32.490+0800] {dag.py:3239} INFO - Sync 1 DAGs
[2025-03-27T02:35:32.496+0800] {logging_mixin.py:190} INFO - [2025-03-27T02:35:32.496+0800] {dag.py:4180} INFO - Setting next_dagrun for tutorial_dag to None, run_after=None
[2025-03-27T02:35:32.506+0800] {processor.py:208} INFO - Processing /Users/ervinyeoh/Desktop/unimods/is3107/project/.venv/lib/python3.11/site-packages/airflow/example_dags/tutorial_dag.py took 0.114 seconds
[2025-03-27T06:29:15.213+0800] {processor.py:186} INFO - Started process (PID=52090) to work on /Users/ervinyeoh/Desktop/unimods/is3107/project/.venv/lib/python3.11/site-packages/airflow/example_dags/tutorial_dag.py
[2025-03-27T06:29:15.214+0800] {processor.py:914} INFO - Processing file /Users/ervinyeoh/Desktop/unimods/is3107/project/.venv/lib/python3.11/site-packages/airflow/example_dags/tutorial_dag.py for tasks to queue
[2025-03-27T06:29:15.215+0800] {logging_mixin.py:190} INFO - [2025-03-27T06:29:15.214+0800] {dagbag.py:588} INFO - Filling up the DagBag from /Users/ervinyeoh/Desktop/unimods/is3107/project/.venv/lib/python3.11/site-packages/airflow/example_dags/tutorial_dag.py
[2025-03-27T06:29:15.264+0800] {processor.py:925} INFO - DAG(s) 'tutorial_dag' retrieved from /Users/ervinyeoh/Desktop/unimods/is3107/project/.venv/lib/python3.11/site-packages/airflow/example_dags/tutorial_dag.py
[2025-03-27T06:29:15.345+0800] {logging_mixin.py:190} INFO - [2025-03-27T06:29:15.345+0800] {dag.py:3239} INFO - Sync 1 DAGs
[2025-03-27T06:29:15.351+0800] {logging_mixin.py:190} INFO - [2025-03-27T06:29:15.351+0800] {dag.py:4180} INFO - Setting next_dagrun for tutorial_dag to None, run_after=None
[2025-03-27T06:29:15.360+0800] {processor.py:208} INFO - Processing /Users/ervinyeoh/Desktop/unimods/is3107/project/.venv/lib/python3.11/site-packages/airflow/example_dags/tutorial_dag.py took 0.149 seconds
[2025-03-27T06:35:50.946+0800] {processor.py:186} INFO - Started process (PID=52439) to work on /Users/ervinyeoh/Desktop/unimods/is3107/project/.venv/lib/python3.11/site-packages/airflow/example_dags/tutorial_dag.py
[2025-03-27T06:35:50.947+0800] {processor.py:914} INFO - Processing file /Users/ervinyeoh/Desktop/unimods/is3107/project/.venv/lib/python3.11/site-packages/airflow/example_dags/tutorial_dag.py for tasks to queue
[2025-03-27T06:35:50.948+0800] {logging_mixin.py:190} INFO - [2025-03-27T06:35:50.948+0800] {dagbag.py:588} INFO - Filling up the DagBag from /Users/ervinyeoh/Desktop/unimods/is3107/project/.venv/lib/python3.11/site-packages/airflow/example_dags/tutorial_dag.py
[2025-03-27T06:35:51.001+0800] {processor.py:925} INFO - DAG(s) 'tutorial_dag' retrieved from /Users/ervinyeoh/Desktop/unimods/is3107/project/.venv/lib/python3.11/site-packages/airflow/example_dags/tutorial_dag.py
[2025-03-27T06:35:51.057+0800] {logging_mixin.py:190} INFO - [2025-03-27T06:35:51.057+0800] {dag.py:3239} INFO - Sync 1 DAGs
[2025-03-27T06:35:51.063+0800] {logging_mixin.py:190} INFO - [2025-03-27T06:35:51.063+0800] {dag.py:4180} INFO - Setting next_dagrun for tutorial_dag to None, run_after=None
[2025-03-27T06:35:51.081+0800] {processor.py:208} INFO - Processing /Users/ervinyeoh/Desktop/unimods/is3107/project/.venv/lib/python3.11/site-packages/airflow/example_dags/tutorial_dag.py took 0.136 seconds
[2025-03-27T07:29:14.221+0800] {processor.py:186} INFO - Started process (PID=52803) to work on /Users/ervinyeoh/Desktop/unimods/is3107/project/.venv/lib/python3.11/site-packages/airflow/example_dags/tutorial_dag.py
[2025-03-27T07:29:14.222+0800] {processor.py:914} INFO - Processing file /Users/ervinyeoh/Desktop/unimods/is3107/project/.venv/lib/python3.11/site-packages/airflow/example_dags/tutorial_dag.py for tasks to queue
[2025-03-27T07:29:14.223+0800] {logging_mixin.py:190} INFO - [2025-03-27T07:29:14.223+0800] {dagbag.py:588} INFO - Filling up the DagBag from /Users/ervinyeoh/Desktop/unimods/is3107/project/.venv/lib/python3.11/site-packages/airflow/example_dags/tutorial_dag.py
[2025-03-27T07:29:14.267+0800] {processor.py:925} INFO - DAG(s) 'tutorial_dag' retrieved from /Users/ervinyeoh/Desktop/unimods/is3107/project/.venv/lib/python3.11/site-packages/airflow/example_dags/tutorial_dag.py
[2025-03-27T07:29:14.318+0800] {logging_mixin.py:190} INFO - [2025-03-27T07:29:14.318+0800] {dag.py:3239} INFO - Sync 1 DAGs
[2025-03-27T07:29:14.324+0800] {logging_mixin.py:190} INFO - [2025-03-27T07:29:14.323+0800] {dag.py:4180} INFO - Setting next_dagrun for tutorial_dag to None, run_after=None
[2025-03-27T07:29:14.333+0800] {processor.py:208} INFO - Processing /Users/ervinyeoh/Desktop/unimods/is3107/project/.venv/lib/python3.11/site-packages/airflow/example_dags/tutorial_dag.py took 0.114 seconds
