[2025-04-17T09:31:02.988+0800] {processor.py:186} INFO - Started process (PID=20027) to work on /Users/ervinyeoh/Desktop/unimods/is3107/project/.venv/lib/python3.11/site-packages/airflow/example_dags/plugins/listener_plugin.py
[2025-04-17T09:31:02.988+0800] {processor.py:914} INFO - Processing file /Users/ervinyeoh/Desktop/unimods/is3107/project/.venv/lib/python3.11/site-packages/airflow/example_dags/plugins/listener_plugin.py for tasks to queue
[2025-04-17T09:31:02.989+0800] {logging_mixin.py:190} INFO - [2025-04-17T09:31:02.989+0800] {dagbag.py:588} INFO - Filling up the DagBag from /Users/ervinyeoh/Desktop/unimods/is3107/project/.venv/lib/python3.11/site-packages/airflow/example_dags/plugins/listener_plugin.py
[2025-04-17T09:31:02.991+0800] {processor.py:927} WARNING - No viable dags retrieved from /Users/ervinyeoh/Desktop/unimods/is3107/project/.venv/lib/python3.11/site-packages/airflow/example_dags/plugins/listener_plugin.py
[2025-04-17T09:31:03.076+0800] {processor.py:208} INFO - Processing /Users/ervinyeoh/Desktop/unimods/is3107/project/.venv/lib/python3.11/site-packages/airflow/example_dags/plugins/listener_plugin.py took 0.090 seconds
[2025-04-17T13:30:38.370+0800] {processor.py:186} INFO - Started process (PID=20345) to work on /Users/ervinyeoh/Desktop/unimods/is3107/project/.venv/lib/python3.11/site-packages/airflow/example_dags/plugins/listener_plugin.py
[2025-04-17T13:30:38.371+0800] {processor.py:914} INFO - Processing file /Users/ervinyeoh/Desktop/unimods/is3107/project/.venv/lib/python3.11/site-packages/airflow/example_dags/plugins/listener_plugin.py for tasks to queue
[2025-04-17T13:30:38.372+0800] {logging_mixin.py:190} INFO - [2025-04-17T13:30:38.372+0800] {dagbag.py:588} INFO - Filling up the DagBag from /Users/ervinyeoh/Desktop/unimods/is3107/project/.venv/lib/python3.11/site-packages/airflow/example_dags/plugins/listener_plugin.py
[2025-04-17T13:30:38.374+0800] {processor.py:927} WARNING - No viable dags retrieved from /Users/ervinyeoh/Desktop/unimods/is3107/project/.venv/lib/python3.11/site-packages/airflow/example_dags/plugins/listener_plugin.py
[2025-04-17T13:30:38.452+0800] {processor.py:208} INFO - Processing /Users/ervinyeoh/Desktop/unimods/is3107/project/.venv/lib/python3.11/site-packages/airflow/example_dags/plugins/listener_plugin.py took 0.083 seconds
[2025-04-17T15:51:22.106+0800] {processor.py:186} INFO - Started process (PID=20660) to work on /Users/ervinyeoh/Desktop/unimods/is3107/project/.venv/lib/python3.11/site-packages/airflow/example_dags/plugins/listener_plugin.py
[2025-04-17T15:51:22.107+0800] {processor.py:914} INFO - Processing file /Users/ervinyeoh/Desktop/unimods/is3107/project/.venv/lib/python3.11/site-packages/airflow/example_dags/plugins/listener_plugin.py for tasks to queue
[2025-04-17T15:51:22.108+0800] {logging_mixin.py:190} INFO - [2025-04-17T15:51:22.108+0800] {dagbag.py:588} INFO - Filling up the DagBag from /Users/ervinyeoh/Desktop/unimods/is3107/project/.venv/lib/python3.11/site-packages/airflow/example_dags/plugins/listener_plugin.py
[2025-04-17T15:51:22.109+0800] {processor.py:927} WARNING - No viable dags retrieved from /Users/ervinyeoh/Desktop/unimods/is3107/project/.venv/lib/python3.11/site-packages/airflow/example_dags/plugins/listener_plugin.py
[2025-04-17T16:07:19.429+0800] {processor.py:208} INFO - Processing /Users/ervinyeoh/Desktop/unimods/is3107/project/.venv/lib/python3.11/site-packages/airflow/example_dags/plugins/listener_plugin.py took 0.219 seconds
[2025-04-17T20:08:48.736+0800] {processor.py:186} INFO - Started process (PID=21584) to work on /Users/ervinyeoh/Desktop/unimods/is3107/project/.venv/lib/python3.11/site-packages/airflow/example_dags/plugins/listener_plugin.py
[2025-04-17T20:08:48.738+0800] {processor.py:914} INFO - Processing file /Users/ervinyeoh/Desktop/unimods/is3107/project/.venv/lib/python3.11/site-packages/airflow/example_dags/plugins/listener_plugin.py for tasks to queue
[2025-04-17T20:08:48.739+0800] {logging_mixin.py:190} INFO - [2025-04-17T20:08:48.738+0800] {dagbag.py:588} INFO - Filling up the DagBag from /Users/ervinyeoh/Desktop/unimods/is3107/project/.venv/lib/python3.11/site-packages/airflow/example_dags/plugins/listener_plugin.py
[2025-04-17T20:08:48.742+0800] {processor.py:927} WARNING - No viable dags retrieved from /Users/ervinyeoh/Desktop/unimods/is3107/project/.venv/lib/python3.11/site-packages/airflow/example_dags/plugins/listener_plugin.py
[2025-04-17T20:08:48.856+0800] {processor.py:208} INFO - Processing /Users/ervinyeoh/Desktop/unimods/is3107/project/.venv/lib/python3.11/site-packages/airflow/example_dags/plugins/listener_plugin.py took 0.122 seconds
[2025-04-17T20:11:07.578+0800] {processor.py:186} INFO - Started process (PID=21849) to work on /Users/ervinyeoh/Desktop/unimods/is3107/project/.venv/lib/python3.11/site-packages/airflow/example_dags/plugins/listener_plugin.py
[2025-04-17T20:11:07.579+0800] {processor.py:914} INFO - Processing file /Users/ervinyeoh/Desktop/unimods/is3107/project/.venv/lib/python3.11/site-packages/airflow/example_dags/plugins/listener_plugin.py for tasks to queue
[2025-04-17T20:11:07.579+0800] {logging_mixin.py:190} INFO - [2025-04-17T20:11:07.579+0800] {dagbag.py:588} INFO - Filling up the DagBag from /Users/ervinyeoh/Desktop/unimods/is3107/project/.venv/lib/python3.11/site-packages/airflow/example_dags/plugins/listener_plugin.py
[2025-04-17T20:11:07.582+0800] {processor.py:927} WARNING - No viable dags retrieved from /Users/ervinyeoh/Desktop/unimods/is3107/project/.venv/lib/python3.11/site-packages/airflow/example_dags/plugins/listener_plugin.py
[2025-04-17T20:11:07.660+0800] {processor.py:208} INFO - Processing /Users/ervinyeoh/Desktop/unimods/is3107/project/.venv/lib/python3.11/site-packages/airflow/example_dags/plugins/listener_plugin.py took 0.083 seconds
[2025-04-17T20:12:50.553+0800] {processor.py:186} INFO - Started process (PID=22137) to work on /Users/ervinyeoh/Desktop/unimods/is3107/project/.venv/lib/python3.11/site-packages/airflow/example_dags/plugins/listener_plugin.py
[2025-04-17T20:12:50.554+0800] {processor.py:914} INFO - Processing file /Users/ervinyeoh/Desktop/unimods/is3107/project/.venv/lib/python3.11/site-packages/airflow/example_dags/plugins/listener_plugin.py for tasks to queue
[2025-04-17T20:12:50.555+0800] {logging_mixin.py:190} INFO - [2025-04-17T20:12:50.554+0800] {dagbag.py:588} INFO - Filling up the DagBag from /Users/ervinyeoh/Desktop/unimods/is3107/project/.venv/lib/python3.11/site-packages/airflow/example_dags/plugins/listener_plugin.py
[2025-04-17T20:12:50.556+0800] {processor.py:927} WARNING - No viable dags retrieved from /Users/ervinyeoh/Desktop/unimods/is3107/project/.venv/lib/python3.11/site-packages/airflow/example_dags/plugins/listener_plugin.py
[2025-04-17T20:12:50.638+0800] {processor.py:208} INFO - Processing /Users/ervinyeoh/Desktop/unimods/is3107/project/.venv/lib/python3.11/site-packages/airflow/example_dags/plugins/listener_plugin.py took 0.086 seconds
[2025-04-17T20:14:35.657+0800] {processor.py:186} INFO - Started process (PID=22321) to work on /Users/ervinyeoh/Desktop/unimods/is3107/project/.venv/lib/python3.11/site-packages/airflow/example_dags/plugins/listener_plugin.py
[2025-04-17T20:14:35.658+0800] {processor.py:914} INFO - Processing file /Users/ervinyeoh/Desktop/unimods/is3107/project/.venv/lib/python3.11/site-packages/airflow/example_dags/plugins/listener_plugin.py for tasks to queue
[2025-04-17T20:14:35.659+0800] {logging_mixin.py:190} INFO - [2025-04-17T20:14:35.659+0800] {dagbag.py:588} INFO - Filling up the DagBag from /Users/ervinyeoh/Desktop/unimods/is3107/project/.venv/lib/python3.11/site-packages/airflow/example_dags/plugins/listener_plugin.py
[2025-04-17T20:14:35.661+0800] {processor.py:927} WARNING - No viable dags retrieved from /Users/ervinyeoh/Desktop/unimods/is3107/project/.venv/lib/python3.11/site-packages/airflow/example_dags/plugins/listener_plugin.py
[2025-04-17T20:14:35.740+0800] {processor.py:208} INFO - Processing /Users/ervinyeoh/Desktop/unimods/is3107/project/.venv/lib/python3.11/site-packages/airflow/example_dags/plugins/listener_plugin.py took 0.084 seconds
[2025-04-17T20:16:37.641+0800] {processor.py:186} INFO - Started process (PID=22654) to work on /Users/ervinyeoh/Desktop/unimods/is3107/project/.venv/lib/python3.11/site-packages/airflow/example_dags/plugins/listener_plugin.py
[2025-04-17T20:16:37.642+0800] {processor.py:914} INFO - Processing file /Users/ervinyeoh/Desktop/unimods/is3107/project/.venv/lib/python3.11/site-packages/airflow/example_dags/plugins/listener_plugin.py for tasks to queue
[2025-04-17T20:16:37.642+0800] {logging_mixin.py:190} INFO - [2025-04-17T20:16:37.642+0800] {dagbag.py:588} INFO - Filling up the DagBag from /Users/ervinyeoh/Desktop/unimods/is3107/project/.venv/lib/python3.11/site-packages/airflow/example_dags/plugins/listener_plugin.py
[2025-04-17T20:16:37.645+0800] {processor.py:927} WARNING - No viable dags retrieved from /Users/ervinyeoh/Desktop/unimods/is3107/project/.venv/lib/python3.11/site-packages/airflow/example_dags/plugins/listener_plugin.py
[2025-04-17T20:16:37.724+0800] {processor.py:208} INFO - Processing /Users/ervinyeoh/Desktop/unimods/is3107/project/.venv/lib/python3.11/site-packages/airflow/example_dags/plugins/listener_plugin.py took 0.084 seconds
[2025-04-17T20:18:21.610+0800] {processor.py:186} INFO - Started process (PID=22858) to work on /Users/ervinyeoh/Desktop/unimods/is3107/project/.venv/lib/python3.11/site-packages/airflow/example_dags/plugins/listener_plugin.py
[2025-04-17T20:18:21.611+0800] {processor.py:914} INFO - Processing file /Users/ervinyeoh/Desktop/unimods/is3107/project/.venv/lib/python3.11/site-packages/airflow/example_dags/plugins/listener_plugin.py for tasks to queue
[2025-04-17T20:18:21.611+0800] {logging_mixin.py:190} INFO - [2025-04-17T20:18:21.611+0800] {dagbag.py:588} INFO - Filling up the DagBag from /Users/ervinyeoh/Desktop/unimods/is3107/project/.venv/lib/python3.11/site-packages/airflow/example_dags/plugins/listener_plugin.py
[2025-04-17T20:18:21.613+0800] {processor.py:927} WARNING - No viable dags retrieved from /Users/ervinyeoh/Desktop/unimods/is3107/project/.venv/lib/python3.11/site-packages/airflow/example_dags/plugins/listener_plugin.py
[2025-04-17T20:18:21.691+0800] {processor.py:208} INFO - Processing /Users/ervinyeoh/Desktop/unimods/is3107/project/.venv/lib/python3.11/site-packages/airflow/example_dags/plugins/listener_plugin.py took 0.083 seconds
