[2025-04-17T09:31:00.796+0800] {processor.py:186} INFO - Started process (PID=20014) to work on /Users/ervinyeoh/Desktop/unimods/is3107/project/.venv/lib/python3.11/site-packages/airflow/example_dags/plugins/workday.py
[2025-04-17T09:31:00.796+0800] {processor.py:914} INFO - Processing file /Users/ervinyeoh/Desktop/unimods/is3107/project/.venv/lib/python3.11/site-packages/airflow/example_dags/plugins/workday.py for tasks to queue
[2025-04-17T09:31:00.797+0800] {logging_mixin.py:190} INFO - [2025-04-17T09:31:00.797+0800] {dagbag.py:588} INFO - Filling up the DagBag from /Users/ervinyeoh/Desktop/unimods/is3107/project/.venv/lib/python3.11/site-packages/airflow/example_dags/plugins/workday.py
[2025-04-17T09:31:01.198+0800] {processor.py:927} WARNING - No viable dags retrieved from /Users/ervinyeoh/Desktop/unimods/is3107/project/.venv/lib/python3.11/site-packages/airflow/example_dags/plugins/workday.py
[2025-04-17T09:31:01.245+0800] {processor.py:208} INFO - Processing /Users/ervinyeoh/Desktop/unimods/is3107/project/.venv/lib/python3.11/site-packages/airflow/example_dags/plugins/workday.py took 0.451 seconds
[2025-04-17T13:30:35.653+0800] {processor.py:186} INFO - Started process (PID=20331) to work on /Users/ervinyeoh/Desktop/unimods/is3107/project/.venv/lib/python3.11/site-packages/airflow/example_dags/plugins/workday.py
[2025-04-17T13:30:35.655+0800] {processor.py:914} INFO - Processing file /Users/ervinyeoh/Desktop/unimods/is3107/project/.venv/lib/python3.11/site-packages/airflow/example_dags/plugins/workday.py for tasks to queue
[2025-04-17T13:30:35.655+0800] {logging_mixin.py:190} INFO - [2025-04-17T13:30:35.655+0800] {dagbag.py:588} INFO - Filling up the DagBag from /Users/ervinyeoh/Desktop/unimods/is3107/project/.venv/lib/python3.11/site-packages/airflow/example_dags/plugins/workday.py
[2025-04-17T13:30:36.033+0800] {processor.py:927} WARNING - No viable dags retrieved from /Users/ervinyeoh/Desktop/unimods/is3107/project/.venv/lib/python3.11/site-packages/airflow/example_dags/plugins/workday.py
[2025-04-17T13:30:36.081+0800] {processor.py:208} INFO - Processing /Users/ervinyeoh/Desktop/unimods/is3107/project/.venv/lib/python3.11/site-packages/airflow/example_dags/plugins/workday.py took 0.430 seconds
[2025-04-17T15:51:19.369+0800] {processor.py:186} INFO - Started process (PID=20555) to work on /Users/ervinyeoh/Desktop/unimods/is3107/project/.venv/lib/python3.11/site-packages/airflow/example_dags/plugins/workday.py
[2025-04-17T15:51:19.370+0800] {processor.py:914} INFO - Processing file /Users/ervinyeoh/Desktop/unimods/is3107/project/.venv/lib/python3.11/site-packages/airflow/example_dags/plugins/workday.py for tasks to queue
[2025-04-17T15:51:19.371+0800] {logging_mixin.py:190} INFO - [2025-04-17T15:51:19.371+0800] {dagbag.py:588} INFO - Filling up the DagBag from /Users/ervinyeoh/Desktop/unimods/is3107/project/.venv/lib/python3.11/site-packages/airflow/example_dags/plugins/workday.py
[2025-04-17T15:51:19.770+0800] {processor.py:927} WARNING - No viable dags retrieved from /Users/ervinyeoh/Desktop/unimods/is3107/project/.venv/lib/python3.11/site-packages/airflow/example_dags/plugins/workday.py
[2025-04-17T15:51:19.817+0800] {processor.py:208} INFO - Processing /Users/ervinyeoh/Desktop/unimods/is3107/project/.venv/lib/python3.11/site-packages/airflow/example_dags/plugins/workday.py took 0.449 seconds
[2025-04-17T19:55:14.565+0800] {processor.py:186} INFO - Started process (PID=21557) to work on /Users/ervinyeoh/Desktop/unimods/is3107/project/.venv/lib/python3.11/site-packages/airflow/example_dags/plugins/workday.py
[2025-04-17T19:55:14.567+0800] {processor.py:914} INFO - Processing file /Users/ervinyeoh/Desktop/unimods/is3107/project/.venv/lib/python3.11/site-packages/airflow/example_dags/plugins/workday.py for tasks to queue
[2025-04-17T19:55:14.567+0800] {logging_mixin.py:190} INFO - [2025-04-17T19:55:14.567+0800] {dagbag.py:588} INFO - Filling up the DagBag from /Users/ervinyeoh/Desktop/unimods/is3107/project/.venv/lib/python3.11/site-packages/airflow/example_dags/plugins/workday.py
[2025-04-17T20:08:40.635+0800] {processor.py:927} WARNING - No viable dags retrieved from /Users/ervinyeoh/Desktop/unimods/is3107/project/.venv/lib/python3.11/site-packages/airflow/example_dags/plugins/workday.py
[2025-04-17T20:08:40.933+0800] {processor.py:208} INFO - Processing /Users/ervinyeoh/Desktop/unimods/is3107/project/.venv/lib/python3.11/site-packages/airflow/example_dags/plugins/workday.py took 3.596 seconds
[2025-04-17T20:11:04.862+0800] {processor.py:186} INFO - Started process (PID=21844) to work on /Users/ervinyeoh/Desktop/unimods/is3107/project/.venv/lib/python3.11/site-packages/airflow/example_dags/plugins/workday.py
[2025-04-17T20:11:04.864+0800] {processor.py:914} INFO - Processing file /Users/ervinyeoh/Desktop/unimods/is3107/project/.venv/lib/python3.11/site-packages/airflow/example_dags/plugins/workday.py for tasks to queue
[2025-04-17T20:11:04.864+0800] {logging_mixin.py:190} INFO - [2025-04-17T20:11:04.864+0800] {dagbag.py:588} INFO - Filling up the DagBag from /Users/ervinyeoh/Desktop/unimods/is3107/project/.venv/lib/python3.11/site-packages/airflow/example_dags/plugins/workday.py
[2025-04-17T20:11:05.248+0800] {processor.py:927} WARNING - No viable dags retrieved from /Users/ervinyeoh/Desktop/unimods/is3107/project/.venv/lib/python3.11/site-packages/airflow/example_dags/plugins/workday.py
[2025-04-17T20:11:05.295+0800] {processor.py:208} INFO - Processing /Users/ervinyeoh/Desktop/unimods/is3107/project/.venv/lib/python3.11/site-packages/airflow/example_dags/plugins/workday.py took 0.435 seconds
[2025-04-17T20:12:47.842+0800] {processor.py:186} INFO - Started process (PID=22129) to work on /Users/ervinyeoh/Desktop/unimods/is3107/project/.venv/lib/python3.11/site-packages/airflow/example_dags/plugins/workday.py
[2025-04-17T20:12:47.843+0800] {processor.py:914} INFO - Processing file /Users/ervinyeoh/Desktop/unimods/is3107/project/.venv/lib/python3.11/site-packages/airflow/example_dags/plugins/workday.py for tasks to queue
[2025-04-17T20:12:47.843+0800] {logging_mixin.py:190} INFO - [2025-04-17T20:12:47.843+0800] {dagbag.py:588} INFO - Filling up the DagBag from /Users/ervinyeoh/Desktop/unimods/is3107/project/.venv/lib/python3.11/site-packages/airflow/example_dags/plugins/workday.py
[2025-04-17T20:12:48.241+0800] {processor.py:927} WARNING - No viable dags retrieved from /Users/ervinyeoh/Desktop/unimods/is3107/project/.venv/lib/python3.11/site-packages/airflow/example_dags/plugins/workday.py
[2025-04-17T20:12:48.288+0800] {processor.py:208} INFO - Processing /Users/ervinyeoh/Desktop/unimods/is3107/project/.venv/lib/python3.11/site-packages/airflow/example_dags/plugins/workday.py took 0.447 seconds
[2025-04-17T20:14:32.942+0800] {processor.py:186} INFO - Started process (PID=22319) to work on /Users/ervinyeoh/Desktop/unimods/is3107/project/.venv/lib/python3.11/site-packages/airflow/example_dags/plugins/workday.py
[2025-04-17T20:14:32.943+0800] {processor.py:914} INFO - Processing file /Users/ervinyeoh/Desktop/unimods/is3107/project/.venv/lib/python3.11/site-packages/airflow/example_dags/plugins/workday.py for tasks to queue
[2025-04-17T20:14:32.944+0800] {logging_mixin.py:190} INFO - [2025-04-17T20:14:32.944+0800] {dagbag.py:588} INFO - Filling up the DagBag from /Users/ervinyeoh/Desktop/unimods/is3107/project/.venv/lib/python3.11/site-packages/airflow/example_dags/plugins/workday.py
[2025-04-17T20:14:33.311+0800] {processor.py:927} WARNING - No viable dags retrieved from /Users/ervinyeoh/Desktop/unimods/is3107/project/.venv/lib/python3.11/site-packages/airflow/example_dags/plugins/workday.py
[2025-04-17T20:14:33.411+0800] {processor.py:208} INFO - Processing /Users/ervinyeoh/Desktop/unimods/is3107/project/.venv/lib/python3.11/site-packages/airflow/example_dags/plugins/workday.py took 0.470 seconds
[2025-04-17T20:16:35.205+0800] {processor.py:186} INFO - Started process (PID=22647) to work on /Users/ervinyeoh/Desktop/unimods/is3107/project/.venv/lib/python3.11/site-packages/airflow/example_dags/plugins/workday.py
[2025-04-17T20:16:35.205+0800] {processor.py:914} INFO - Processing file /Users/ervinyeoh/Desktop/unimods/is3107/project/.venv/lib/python3.11/site-packages/airflow/example_dags/plugins/workday.py for tasks to queue
[2025-04-17T20:16:35.206+0800] {logging_mixin.py:190} INFO - [2025-04-17T20:16:35.206+0800] {dagbag.py:588} INFO - Filling up the DagBag from /Users/ervinyeoh/Desktop/unimods/is3107/project/.venv/lib/python3.11/site-packages/airflow/example_dags/plugins/workday.py
[2025-04-17T20:16:35.599+0800] {processor.py:927} WARNING - No viable dags retrieved from /Users/ervinyeoh/Desktop/unimods/is3107/project/.venv/lib/python3.11/site-packages/airflow/example_dags/plugins/workday.py
[2025-04-17T20:16:35.650+0800] {processor.py:208} INFO - Processing /Users/ervinyeoh/Desktop/unimods/is3107/project/.venv/lib/python3.11/site-packages/airflow/example_dags/plugins/workday.py took 0.447 seconds
[2025-04-17T20:18:19.958+0800] {processor.py:186} INFO - Started process (PID=22856) to work on /Users/ervinyeoh/Desktop/unimods/is3107/project/.venv/lib/python3.11/site-packages/airflow/example_dags/plugins/workday.py
[2025-04-17T20:18:19.960+0800] {processor.py:914} INFO - Processing file /Users/ervinyeoh/Desktop/unimods/is3107/project/.venv/lib/python3.11/site-packages/airflow/example_dags/plugins/workday.py for tasks to queue
[2025-04-17T20:18:19.961+0800] {logging_mixin.py:190} INFO - [2025-04-17T20:18:19.961+0800] {dagbag.py:588} INFO - Filling up the DagBag from /Users/ervinyeoh/Desktop/unimods/is3107/project/.venv/lib/python3.11/site-packages/airflow/example_dags/plugins/workday.py
[2025-04-17T20:18:20.318+0800] {processor.py:927} WARNING - No viable dags retrieved from /Users/ervinyeoh/Desktop/unimods/is3107/project/.venv/lib/python3.11/site-packages/airflow/example_dags/plugins/workday.py
[2025-04-17T20:18:20.365+0800] {processor.py:208} INFO - Processing /Users/ervinyeoh/Desktop/unimods/is3107/project/.venv/lib/python3.11/site-packages/airflow/example_dags/plugins/workday.py took 0.408 seconds
