[2025-04-02T12:10:07.255+0800] {local_task_job_runner.py:123} INFO - ::group::Pre task execution logs
[2025-04-02T12:10:07.263+0800] {taskinstance.py:2614} INFO - Dependencies all met for dep_context=non-requeueable deps ti=<TaskInstance: reddit_yf_scraper.run_reddit manual__2025-04-02T04:09:14.636937+00:00 [queued]>
[2025-04-02T12:10:07.266+0800] {taskinstance.py:2614} INFO - Dependencies all met for dep_context=requeueable deps ti=<TaskInstance: reddit_yf_scraper.run_reddit manual__2025-04-02T04:09:14.636937+00:00 [queued]>
[2025-04-02T12:10:07.267+0800] {taskinstance.py:2867} INFO - Starting attempt 1 of 2
[2025-04-02T12:10:07.272+0800] {taskinstance.py:2890} INFO - Executing <Task(_PythonDecoratedOperator): run_reddit> on 2025-04-02 04:09:14.636937+00:00
[2025-04-02T12:10:07.274+0800] {standard_task_runner.py:72} INFO - Started process 24112 to run task
[2025-04-02T12:10:07.277+0800] {standard_task_runner.py:104} INFO - Running: ['airflow', 'tasks', 'run', 'reddit_yf_scraper', 'run_reddit', 'manual__2025-04-02T04:09:14.636937+00:00', '--job-id', '210', '--raw', '--subdir', 'DAGS_FOLDER/dag.py', '--cfg-path', '/var/folders/xg/h9xj0trn3dxds251bj2q6hf80000gn/T/tmp992s56b8']
[2025-04-02T12:10:07.278+0800] {standard_task_runner.py:105} INFO - Job 210: Subtask run_reddit
[2025-04-02T12:10:07.299+0800] {task_command.py:467} INFO - Running <TaskInstance: reddit_yf_scraper.run_reddit manual__2025-04-02T04:09:14.636937+00:00 [running]> on host ervins-macbook-air-2.local
[2025-04-02T12:10:07.336+0800] {taskinstance.py:3134} INFO - Exporting env vars: AIRFLOW_CTX_DAG_OWNER='airflow' AIRFLOW_CTX_DAG_ID='reddit_yf_scraper' AIRFLOW_CTX_TASK_ID='run_reddit' AIRFLOW_CTX_EXECUTION_DATE='2025-04-02T04:09:14.636937+00:00' AIRFLOW_CTX_TRY_NUMBER='1' AIRFLOW_CTX_DAG_RUN_ID='manual__2025-04-02T04:09:14.636937+00:00'
[2025-04-02T12:10:07.337+0800] {logging_mixin.py:190} INFO - Task instance is in running state
[2025-04-02T12:10:07.337+0800] {logging_mixin.py:190} INFO -  Previous state of the Task instance: queued
[2025-04-02T12:10:07.337+0800] {logging_mixin.py:190} INFO - Current task name:run_reddit state:running start_date:2025-04-02 04:10:07.263484+00:00
[2025-04-02T12:10:07.337+0800] {logging_mixin.py:190} INFO - Dag name:reddit_yf_scraper and current dag run status:running
[2025-04-02T12:10:07.337+0800] {taskinstance.py:732} INFO - ::endgroup::
[2025-04-02T12:10:08.102+0800] {patcher.py:346} INFO - patching driver executable /Users/ervinyeoh/Library/Application Support/undetected_chromedriver/undetected_chromedriver
[2025-04-02T12:10:13.167+0800] {logging_mixin.py:190} INFO - 🔍 Searching Reddit for AAPL...
[2025-04-02T12:10:17.868+0800] {logging_mixin.py:190} INFO - ✅ All posts for AAPL have been processed.
[2025-04-02T12:10:17.869+0800] {logging_mixin.py:190} INFO - 🔍 Searching Reddit for NVDA...
[2025-04-02T12:10:22.198+0800] {logging_mixin.py:190} INFO - ✅ Clicked on post 1 for NVDA successfully!
[2025-04-02T12:10:25.917+0800] {logging_mixin.py:190} INFO - 🔙 Navigated back to search results!
[2025-04-02T12:10:29.701+0800] {logging_mixin.py:190} INFO - ✅ Clicked on post 2 for NVDA successfully!
[2025-04-02T12:10:33.503+0800] {logging_mixin.py:190} INFO - 🔙 Navigated back to search results!
[2025-04-02T12:10:35.516+0800] {logging_mixin.py:190} INFO - ✅ All posts for NVDA have been processed.
[2025-04-02T12:10:35.538+0800] {logging_mixin.py:190} INFO - 📁 Saved: /Users/ervinyeoh/Desktop/unimods/is3107/project/airflow/snp500-reddit-test/NVDA_reddit_20250402.csv
[2025-04-02T12:10:35.538+0800] {logging_mixin.py:190} INFO - 🔍 Searching Reddit for MSFT...
[2025-04-02T12:10:39.934+0800] {logging_mixin.py:190} INFO - ✅ All posts for MSFT have been processed.
[2025-04-02T12:10:40.139+0800] {logging_mixin.py:190} INFO - ✅ Done scraping Reddit posts for all S&P 500 tickers.
[2025-04-02T12:10:40.139+0800] {python.py:240} INFO - Done. Returned value was: None
[2025-04-02T12:10:40.148+0800] {taskinstance.py:341} INFO - ::group::Post task execution logs
[2025-04-02T12:10:40.149+0800] {taskinstance.py:353} INFO - Marking task as SUCCESS. dag_id=reddit_yf_scraper, task_id=run_reddit, run_id=manual__2025-04-02T04:09:14.636937+00:00, execution_date=20250402T040914, start_date=20250402T041007, end_date=20250402T041040
[2025-04-02T12:10:40.159+0800] {logging_mixin.py:190} INFO - Task instance in success state
[2025-04-02T12:10:40.160+0800] {logging_mixin.py:190} INFO -  Previous state of the Task instance: running
[2025-04-02T12:10:40.160+0800] {logging_mixin.py:190} INFO - Dag name:reddit_yf_scraper queued_at:2025-04-02 04:09:14.644448+00:00
[2025-04-02T12:10:40.160+0800] {logging_mixin.py:190} INFO - Task hostname:ervins-macbook-air-2.local operator:_PythonDecoratedOperator
[2025-04-02T12:10:40.192+0800] {local_task_job_runner.py:266} INFO - Task exited with return code 0
[2025-04-02T12:10:40.213+0800] {taskinstance.py:3901} INFO - 1 downstream tasks scheduled from follow-on schedule check
[2025-04-02T12:10:40.213+0800] {local_task_job_runner.py:245} INFO - ::endgroup::
