[2025-04-22T17:20:57.328+0800] {processor.py:186} INFO - Started process (PID=13508) to work on /Users/yueyaoz/Downloads/IS3107-FinSum/.airflow/lib/python3.10/site-packages/airflow/example_dags/example_nested_branch_dag.py
[2025-04-22T17:20:57.328+0800] {processor.py:914} INFO - Processing file /Users/yueyaoz/Downloads/IS3107-FinSum/.airflow/lib/python3.10/site-packages/airflow/example_dags/example_nested_branch_dag.py for tasks to queue
[2025-04-22T17:20:57.329+0800] {logging_mixin.py:190} INFO - [2025-04-22T17:20:57.329+0800] {dagbag.py:588} INFO - Filling up the DagBag from /Users/yueyaoz/Downloads/IS3107-FinSum/.airflow/lib/python3.10/site-packages/airflow/example_dags/example_nested_branch_dag.py
[2025-04-22T17:20:57.346+0800] {processor.py:925} INFO - DAG(s) 'example_nested_branch_dag' retrieved from /Users/yueyaoz/Downloads/IS3107-FinSum/.airflow/lib/python3.10/site-packages/airflow/example_dags/example_nested_branch_dag.py
[2025-04-22T17:20:57.388+0800] {logging_mixin.py:190} INFO - [2025-04-22T17:20:57.388+0800] {dag.py:3239} INFO - Sync 1 DAGs
[2025-04-22T17:20:57.396+0800] {logging_mixin.py:190} INFO - [2025-04-22T17:20:57.396+0800] {dag.py:4180} INFO - Setting next_dagrun for example_nested_branch_dag to 2025-04-21 00:00:00+00:00, run_after=2025-04-22 00:00:00+00:00
[2025-04-22T17:20:57.403+0800] {processor.py:208} INFO - Processing /Users/yueyaoz/Downloads/IS3107-FinSum/.airflow/lib/python3.10/site-packages/airflow/example_dags/example_nested_branch_dag.py took 0.076 seconds
[2025-04-22T19:20:51.468+0800] {processor.py:186} INFO - Started process (PID=13691) to work on /Users/yueyaoz/Downloads/IS3107-FinSum/.airflow/lib/python3.10/site-packages/airflow/example_dags/example_nested_branch_dag.py
[2025-04-22T19:20:51.468+0800] {processor.py:914} INFO - Processing file /Users/yueyaoz/Downloads/IS3107-FinSum/.airflow/lib/python3.10/site-packages/airflow/example_dags/example_nested_branch_dag.py for tasks to queue
[2025-04-22T19:20:51.468+0800] {logging_mixin.py:190} INFO - [2025-04-22T19:20:51.468+0800] {dagbag.py:588} INFO - Filling up the DagBag from /Users/yueyaoz/Downloads/IS3107-FinSum/.airflow/lib/python3.10/site-packages/airflow/example_dags/example_nested_branch_dag.py
[2025-04-22T19:20:51.485+0800] {processor.py:925} INFO - DAG(s) 'example_nested_branch_dag' retrieved from /Users/yueyaoz/Downloads/IS3107-FinSum/.airflow/lib/python3.10/site-packages/airflow/example_dags/example_nested_branch_dag.py
[2025-04-22T19:20:51.527+0800] {logging_mixin.py:190} INFO - [2025-04-22T19:20:51.527+0800] {dag.py:3239} INFO - Sync 1 DAGs
[2025-04-22T19:20:51.535+0800] {logging_mixin.py:190} INFO - [2025-04-22T19:20:51.534+0800] {dag.py:4180} INFO - Setting next_dagrun for example_nested_branch_dag to 2025-04-21 00:00:00+00:00, run_after=2025-04-22 00:00:00+00:00
[2025-04-22T19:20:51.542+0800] {processor.py:208} INFO - Processing /Users/yueyaoz/Downloads/IS3107-FinSum/.airflow/lib/python3.10/site-packages/airflow/example_dags/example_nested_branch_dag.py took 0.076 seconds
[2025-04-22T20:10:06.231+0800] {processor.py:186} INFO - Started process (PID=16085) to work on /Users/yueyaoz/Downloads/IS3107-FinSum/.airflow/lib/python3.10/site-packages/airflow/example_dags/example_nested_branch_dag.py
[2025-04-22T20:10:06.232+0800] {processor.py:914} INFO - Processing file /Users/yueyaoz/Downloads/IS3107-FinSum/.airflow/lib/python3.10/site-packages/airflow/example_dags/example_nested_branch_dag.py for tasks to queue
[2025-04-22T20:10:06.232+0800] {logging_mixin.py:190} INFO - [2025-04-22T20:10:06.232+0800] {dagbag.py:588} INFO - Filling up the DagBag from /Users/yueyaoz/Downloads/IS3107-FinSum/.airflow/lib/python3.10/site-packages/airflow/example_dags/example_nested_branch_dag.py
[2025-04-22T20:10:06.249+0800] {processor.py:925} INFO - DAG(s) 'example_nested_branch_dag' retrieved from /Users/yueyaoz/Downloads/IS3107-FinSum/.airflow/lib/python3.10/site-packages/airflow/example_dags/example_nested_branch_dag.py
[2025-04-22T20:10:06.290+0800] {logging_mixin.py:190} INFO - [2025-04-22T20:10:06.290+0800] {dag.py:3239} INFO - Sync 1 DAGs
[2025-04-22T20:10:06.298+0800] {logging_mixin.py:190} INFO - [2025-04-22T20:10:06.297+0800] {dag.py:4180} INFO - Setting next_dagrun for example_nested_branch_dag to 2025-04-21 00:00:00+00:00, run_after=2025-04-22 00:00:00+00:00
[2025-04-22T20:10:06.305+0800] {processor.py:208} INFO - Processing /Users/yueyaoz/Downloads/IS3107-FinSum/.airflow/lib/python3.10/site-packages/airflow/example_dags/example_nested_branch_dag.py took 0.075 seconds
[2025-04-22T20:11:50.821+0800] {processor.py:186} INFO - Started process (PID=16219) to work on /Users/yueyaoz/Downloads/IS3107-FinSum/.airflow/lib/python3.10/site-packages/airflow/example_dags/example_nested_branch_dag.py
[2025-04-22T20:11:50.822+0800] {processor.py:914} INFO - Processing file /Users/yueyaoz/Downloads/IS3107-FinSum/.airflow/lib/python3.10/site-packages/airflow/example_dags/example_nested_branch_dag.py for tasks to queue
[2025-04-22T20:11:50.823+0800] {logging_mixin.py:190} INFO - [2025-04-22T20:11:50.822+0800] {dagbag.py:588} INFO - Filling up the DagBag from /Users/yueyaoz/Downloads/IS3107-FinSum/.airflow/lib/python3.10/site-packages/airflow/example_dags/example_nested_branch_dag.py
[2025-04-22T20:11:50.839+0800] {processor.py:925} INFO - DAG(s) 'example_nested_branch_dag' retrieved from /Users/yueyaoz/Downloads/IS3107-FinSum/.airflow/lib/python3.10/site-packages/airflow/example_dags/example_nested_branch_dag.py
[2025-04-22T20:11:50.881+0800] {logging_mixin.py:190} INFO - [2025-04-22T20:11:50.881+0800] {dag.py:3239} INFO - Sync 1 DAGs
[2025-04-22T20:11:50.888+0800] {logging_mixin.py:190} INFO - [2025-04-22T20:11:50.888+0800] {dag.py:4180} INFO - Setting next_dagrun for example_nested_branch_dag to 2025-04-21 00:00:00+00:00, run_after=2025-04-22 00:00:00+00:00
[2025-04-22T20:11:50.895+0800] {processor.py:208} INFO - Processing /Users/yueyaoz/Downloads/IS3107-FinSum/.airflow/lib/python3.10/site-packages/airflow/example_dags/example_nested_branch_dag.py took 0.076 seconds
[2025-04-22T20:14:22.571+0800] {processor.py:186} INFO - Started process (PID=16411) to work on /Users/yueyaoz/Downloads/IS3107-FinSum/.airflow/lib/python3.10/site-packages/airflow/example_dags/example_nested_branch_dag.py
[2025-04-22T20:14:22.572+0800] {processor.py:914} INFO - Processing file /Users/yueyaoz/Downloads/IS3107-FinSum/.airflow/lib/python3.10/site-packages/airflow/example_dags/example_nested_branch_dag.py for tasks to queue
[2025-04-22T20:14:22.572+0800] {logging_mixin.py:190} INFO - [2025-04-22T20:14:22.572+0800] {dagbag.py:588} INFO - Filling up the DagBag from /Users/yueyaoz/Downloads/IS3107-FinSum/.airflow/lib/python3.10/site-packages/airflow/example_dags/example_nested_branch_dag.py
[2025-04-22T20:14:22.587+0800] {processor.py:925} INFO - DAG(s) 'example_nested_branch_dag' retrieved from /Users/yueyaoz/Downloads/IS3107-FinSum/.airflow/lib/python3.10/site-packages/airflow/example_dags/example_nested_branch_dag.py
[2025-04-22T20:14:22.629+0800] {logging_mixin.py:190} INFO - [2025-04-22T20:14:22.629+0800] {dag.py:3239} INFO - Sync 1 DAGs
[2025-04-22T20:14:22.636+0800] {logging_mixin.py:190} INFO - [2025-04-22T20:14:22.636+0800] {dag.py:4180} INFO - Setting next_dagrun for example_nested_branch_dag to 2025-04-21 00:00:00+00:00, run_after=2025-04-22 00:00:00+00:00
[2025-04-22T20:14:22.643+0800] {processor.py:208} INFO - Processing /Users/yueyaoz/Downloads/IS3107-FinSum/.airflow/lib/python3.10/site-packages/airflow/example_dags/example_nested_branch_dag.py took 0.073 seconds
[2025-04-22T20:16:48.658+0800] {processor.py:186} INFO - Started process (PID=16601) to work on /Users/yueyaoz/Downloads/IS3107-FinSum/.airflow/lib/python3.10/site-packages/airflow/example_dags/example_nested_branch_dag.py
[2025-04-22T20:16:48.658+0800] {processor.py:914} INFO - Processing file /Users/yueyaoz/Downloads/IS3107-FinSum/.airflow/lib/python3.10/site-packages/airflow/example_dags/example_nested_branch_dag.py for tasks to queue
[2025-04-22T20:16:48.658+0800] {logging_mixin.py:190} INFO - [2025-04-22T20:16:48.658+0800] {dagbag.py:588} INFO - Filling up the DagBag from /Users/yueyaoz/Downloads/IS3107-FinSum/.airflow/lib/python3.10/site-packages/airflow/example_dags/example_nested_branch_dag.py
[2025-04-22T20:16:48.674+0800] {processor.py:925} INFO - DAG(s) 'example_nested_branch_dag' retrieved from /Users/yueyaoz/Downloads/IS3107-FinSum/.airflow/lib/python3.10/site-packages/airflow/example_dags/example_nested_branch_dag.py
[2025-04-22T20:16:48.716+0800] {logging_mixin.py:190} INFO - [2025-04-22T20:16:48.715+0800] {dag.py:3239} INFO - Sync 1 DAGs
[2025-04-22T20:16:48.723+0800] {logging_mixin.py:190} INFO - [2025-04-22T20:16:48.723+0800] {dag.py:4180} INFO - Setting next_dagrun for example_nested_branch_dag to 2025-04-21 00:00:00+00:00, run_after=2025-04-22 00:00:00+00:00
[2025-04-22T20:16:48.730+0800] {processor.py:208} INFO - Processing /Users/yueyaoz/Downloads/IS3107-FinSum/.airflow/lib/python3.10/site-packages/airflow/example_dags/example_nested_branch_dag.py took 0.074 seconds
[2025-04-22T20:19:22.180+0800] {processor.py:186} INFO - Started process (PID=16797) to work on /Users/yueyaoz/Downloads/IS3107-FinSum/.airflow/lib/python3.10/site-packages/airflow/example_dags/example_nested_branch_dag.py
[2025-04-22T20:19:22.180+0800] {processor.py:914} INFO - Processing file /Users/yueyaoz/Downloads/IS3107-FinSum/.airflow/lib/python3.10/site-packages/airflow/example_dags/example_nested_branch_dag.py for tasks to queue
[2025-04-22T20:19:22.180+0800] {logging_mixin.py:190} INFO - [2025-04-22T20:19:22.180+0800] {dagbag.py:588} INFO - Filling up the DagBag from /Users/yueyaoz/Downloads/IS3107-FinSum/.airflow/lib/python3.10/site-packages/airflow/example_dags/example_nested_branch_dag.py
[2025-04-22T20:19:22.196+0800] {processor.py:925} INFO - DAG(s) 'example_nested_branch_dag' retrieved from /Users/yueyaoz/Downloads/IS3107-FinSum/.airflow/lib/python3.10/site-packages/airflow/example_dags/example_nested_branch_dag.py
[2025-04-22T20:19:22.237+0800] {logging_mixin.py:190} INFO - [2025-04-22T20:19:22.236+0800] {dag.py:3239} INFO - Sync 1 DAGs
[2025-04-22T20:19:22.244+0800] {logging_mixin.py:190} INFO - [2025-04-22T20:19:22.244+0800] {dag.py:4180} INFO - Setting next_dagrun for example_nested_branch_dag to 2025-04-21 00:00:00+00:00, run_after=2025-04-22 00:00:00+00:00
[2025-04-22T20:19:22.251+0800] {processor.py:208} INFO - Processing /Users/yueyaoz/Downloads/IS3107-FinSum/.airflow/lib/python3.10/site-packages/airflow/example_dags/example_nested_branch_dag.py took 0.073 seconds
[2025-04-22T20:21:53.558+0800] {processor.py:186} INFO - Started process (PID=16996) to work on /Users/yueyaoz/Downloads/IS3107-FinSum/.airflow/lib/python3.10/site-packages/airflow/example_dags/example_nested_branch_dag.py
[2025-04-22T20:21:53.558+0800] {processor.py:914} INFO - Processing file /Users/yueyaoz/Downloads/IS3107-FinSum/.airflow/lib/python3.10/site-packages/airflow/example_dags/example_nested_branch_dag.py for tasks to queue
[2025-04-22T20:21:53.559+0800] {logging_mixin.py:190} INFO - [2025-04-22T20:21:53.559+0800] {dagbag.py:588} INFO - Filling up the DagBag from /Users/yueyaoz/Downloads/IS3107-FinSum/.airflow/lib/python3.10/site-packages/airflow/example_dags/example_nested_branch_dag.py
[2025-04-22T20:21:53.574+0800] {processor.py:925} INFO - DAG(s) 'example_nested_branch_dag' retrieved from /Users/yueyaoz/Downloads/IS3107-FinSum/.airflow/lib/python3.10/site-packages/airflow/example_dags/example_nested_branch_dag.py
[2025-04-22T20:21:53.615+0800] {logging_mixin.py:190} INFO - [2025-04-22T20:21:53.615+0800] {dag.py:3239} INFO - Sync 1 DAGs
[2025-04-22T20:21:53.623+0800] {logging_mixin.py:190} INFO - [2025-04-22T20:21:53.623+0800] {dag.py:4180} INFO - Setting next_dagrun for example_nested_branch_dag to 2025-04-21 00:00:00+00:00, run_after=2025-04-22 00:00:00+00:00
[2025-04-22T20:21:53.630+0800] {processor.py:208} INFO - Processing /Users/yueyaoz/Downloads/IS3107-FinSum/.airflow/lib/python3.10/site-packages/airflow/example_dags/example_nested_branch_dag.py took 0.073 seconds
[2025-04-22T20:24:24.796+0800] {processor.py:186} INFO - Started process (PID=17209) to work on /Users/yueyaoz/Downloads/IS3107-FinSum/.airflow/lib/python3.10/site-packages/airflow/example_dags/example_nested_branch_dag.py
[2025-04-22T20:24:24.796+0800] {processor.py:914} INFO - Processing file /Users/yueyaoz/Downloads/IS3107-FinSum/.airflow/lib/python3.10/site-packages/airflow/example_dags/example_nested_branch_dag.py for tasks to queue
[2025-04-22T20:24:24.796+0800] {logging_mixin.py:190} INFO - [2025-04-22T20:24:24.796+0800] {dagbag.py:588} INFO - Filling up the DagBag from /Users/yueyaoz/Downloads/IS3107-FinSum/.airflow/lib/python3.10/site-packages/airflow/example_dags/example_nested_branch_dag.py
[2025-04-22T20:24:24.813+0800] {processor.py:925} INFO - DAG(s) 'example_nested_branch_dag' retrieved from /Users/yueyaoz/Downloads/IS3107-FinSum/.airflow/lib/python3.10/site-packages/airflow/example_dags/example_nested_branch_dag.py
[2025-04-22T20:24:24.856+0800] {logging_mixin.py:190} INFO - [2025-04-22T20:24:24.856+0800] {dag.py:3239} INFO - Sync 1 DAGs
[2025-04-22T20:24:24.863+0800] {logging_mixin.py:190} INFO - [2025-04-22T20:24:24.863+0800] {dag.py:4180} INFO - Setting next_dagrun for example_nested_branch_dag to 2025-04-21 00:00:00+00:00, run_after=2025-04-22 00:00:00+00:00
[2025-04-22T20:24:24.870+0800] {processor.py:208} INFO - Processing /Users/yueyaoz/Downloads/IS3107-FinSum/.airflow/lib/python3.10/site-packages/airflow/example_dags/example_nested_branch_dag.py took 0.076 seconds
[2025-04-22T20:27:01.081+0800] {processor.py:186} INFO - Started process (PID=17418) to work on /Users/yueyaoz/Downloads/IS3107-FinSum/.airflow/lib/python3.10/site-packages/airflow/example_dags/example_nested_branch_dag.py
[2025-04-22T20:27:01.082+0800] {processor.py:914} INFO - Processing file /Users/yueyaoz/Downloads/IS3107-FinSum/.airflow/lib/python3.10/site-packages/airflow/example_dags/example_nested_branch_dag.py for tasks to queue
[2025-04-22T20:27:01.083+0800] {logging_mixin.py:190} INFO - [2025-04-22T20:27:01.083+0800] {dagbag.py:588} INFO - Filling up the DagBag from /Users/yueyaoz/Downloads/IS3107-FinSum/.airflow/lib/python3.10/site-packages/airflow/example_dags/example_nested_branch_dag.py
[2025-04-22T20:27:01.099+0800] {processor.py:925} INFO - DAG(s) 'example_nested_branch_dag' retrieved from /Users/yueyaoz/Downloads/IS3107-FinSum/.airflow/lib/python3.10/site-packages/airflow/example_dags/example_nested_branch_dag.py
[2025-04-22T20:27:01.141+0800] {logging_mixin.py:190} INFO - [2025-04-22T20:27:01.141+0800] {dag.py:3239} INFO - Sync 1 DAGs
[2025-04-22T20:27:01.148+0800] {logging_mixin.py:190} INFO - [2025-04-22T20:27:01.148+0800] {dag.py:4180} INFO - Setting next_dagrun for example_nested_branch_dag to 2025-04-21 00:00:00+00:00, run_after=2025-04-22 00:00:00+00:00
[2025-04-22T20:27:01.155+0800] {processor.py:208} INFO - Processing /Users/yueyaoz/Downloads/IS3107-FinSum/.airflow/lib/python3.10/site-packages/airflow/example_dags/example_nested_branch_dag.py took 0.075 seconds
[2025-04-22T20:29:34.287+0800] {processor.py:186} INFO - Started process (PID=17624) to work on /Users/yueyaoz/Downloads/IS3107-FinSum/.airflow/lib/python3.10/site-packages/airflow/example_dags/example_nested_branch_dag.py
[2025-04-22T20:29:34.287+0800] {processor.py:914} INFO - Processing file /Users/yueyaoz/Downloads/IS3107-FinSum/.airflow/lib/python3.10/site-packages/airflow/example_dags/example_nested_branch_dag.py for tasks to queue
[2025-04-22T20:29:34.288+0800] {logging_mixin.py:190} INFO - [2025-04-22T20:29:34.288+0800] {dagbag.py:588} INFO - Filling up the DagBag from /Users/yueyaoz/Downloads/IS3107-FinSum/.airflow/lib/python3.10/site-packages/airflow/example_dags/example_nested_branch_dag.py
[2025-04-22T20:29:34.304+0800] {processor.py:925} INFO - DAG(s) 'example_nested_branch_dag' retrieved from /Users/yueyaoz/Downloads/IS3107-FinSum/.airflow/lib/python3.10/site-packages/airflow/example_dags/example_nested_branch_dag.py
[2025-04-22T20:29:34.347+0800] {logging_mixin.py:190} INFO - [2025-04-22T20:29:34.346+0800] {dag.py:3239} INFO - Sync 1 DAGs
[2025-04-22T20:29:34.354+0800] {logging_mixin.py:190} INFO - [2025-04-22T20:29:34.354+0800] {dag.py:4180} INFO - Setting next_dagrun for example_nested_branch_dag to 2025-04-21 00:00:00+00:00, run_after=2025-04-22 00:00:00+00:00
[2025-04-22T20:29:34.361+0800] {processor.py:208} INFO - Processing /Users/yueyaoz/Downloads/IS3107-FinSum/.airflow/lib/python3.10/site-packages/airflow/example_dags/example_nested_branch_dag.py took 0.076 seconds
[2025-04-22T20:32:06.419+0800] {processor.py:186} INFO - Started process (PID=17838) to work on /Users/yueyaoz/Downloads/IS3107-FinSum/.airflow/lib/python3.10/site-packages/airflow/example_dags/example_nested_branch_dag.py
[2025-04-22T20:32:06.420+0800] {processor.py:914} INFO - Processing file /Users/yueyaoz/Downloads/IS3107-FinSum/.airflow/lib/python3.10/site-packages/airflow/example_dags/example_nested_branch_dag.py for tasks to queue
[2025-04-22T20:32:06.421+0800] {logging_mixin.py:190} INFO - [2025-04-22T20:32:06.421+0800] {dagbag.py:588} INFO - Filling up the DagBag from /Users/yueyaoz/Downloads/IS3107-FinSum/.airflow/lib/python3.10/site-packages/airflow/example_dags/example_nested_branch_dag.py
[2025-04-22T20:32:06.437+0800] {processor.py:925} INFO - DAG(s) 'example_nested_branch_dag' retrieved from /Users/yueyaoz/Downloads/IS3107-FinSum/.airflow/lib/python3.10/site-packages/airflow/example_dags/example_nested_branch_dag.py
[2025-04-22T20:32:06.480+0800] {logging_mixin.py:190} INFO - [2025-04-22T20:32:06.479+0800] {dag.py:3239} INFO - Sync 1 DAGs
[2025-04-22T20:32:06.487+0800] {logging_mixin.py:190} INFO - [2025-04-22T20:32:06.487+0800] {dag.py:4180} INFO - Setting next_dagrun for example_nested_branch_dag to 2025-04-21 00:00:00+00:00, run_after=2025-04-22 00:00:00+00:00
[2025-04-22T20:32:06.495+0800] {processor.py:208} INFO - Processing /Users/yueyaoz/Downloads/IS3107-FinSum/.airflow/lib/python3.10/site-packages/airflow/example_dags/example_nested_branch_dag.py took 0.077 seconds
[2025-04-22T20:34:37.872+0800] {processor.py:186} INFO - Started process (PID=18036) to work on /Users/yueyaoz/Downloads/IS3107-FinSum/.airflow/lib/python3.10/site-packages/airflow/example_dags/example_nested_branch_dag.py
[2025-04-22T20:34:37.873+0800] {processor.py:914} INFO - Processing file /Users/yueyaoz/Downloads/IS3107-FinSum/.airflow/lib/python3.10/site-packages/airflow/example_dags/example_nested_branch_dag.py for tasks to queue
[2025-04-22T20:34:37.874+0800] {logging_mixin.py:190} INFO - [2025-04-22T20:34:37.873+0800] {dagbag.py:588} INFO - Filling up the DagBag from /Users/yueyaoz/Downloads/IS3107-FinSum/.airflow/lib/python3.10/site-packages/airflow/example_dags/example_nested_branch_dag.py
[2025-04-22T20:34:37.890+0800] {processor.py:925} INFO - DAG(s) 'example_nested_branch_dag' retrieved from /Users/yueyaoz/Downloads/IS3107-FinSum/.airflow/lib/python3.10/site-packages/airflow/example_dags/example_nested_branch_dag.py
[2025-04-22T20:34:37.932+0800] {logging_mixin.py:190} INFO - [2025-04-22T20:34:37.932+0800] {dag.py:3239} INFO - Sync 1 DAGs
[2025-04-22T20:34:37.940+0800] {logging_mixin.py:190} INFO - [2025-04-22T20:34:37.940+0800] {dag.py:4180} INFO - Setting next_dagrun for example_nested_branch_dag to 2025-04-21 00:00:00+00:00, run_after=2025-04-22 00:00:00+00:00
[2025-04-22T20:34:37.947+0800] {processor.py:208} INFO - Processing /Users/yueyaoz/Downloads/IS3107-FinSum/.airflow/lib/python3.10/site-packages/airflow/example_dags/example_nested_branch_dag.py took 0.077 seconds
[2025-04-22T20:37:13.217+0800] {processor.py:186} INFO - Started process (PID=18247) to work on /Users/yueyaoz/Downloads/IS3107-FinSum/.airflow/lib/python3.10/site-packages/airflow/example_dags/example_nested_branch_dag.py
[2025-04-22T20:37:13.219+0800] {processor.py:914} INFO - Processing file /Users/yueyaoz/Downloads/IS3107-FinSum/.airflow/lib/python3.10/site-packages/airflow/example_dags/example_nested_branch_dag.py for tasks to queue
[2025-04-22T20:37:13.219+0800] {logging_mixin.py:190} INFO - [2025-04-22T20:37:13.219+0800] {dagbag.py:588} INFO - Filling up the DagBag from /Users/yueyaoz/Downloads/IS3107-FinSum/.airflow/lib/python3.10/site-packages/airflow/example_dags/example_nested_branch_dag.py
[2025-04-22T20:37:13.235+0800] {processor.py:925} INFO - DAG(s) 'example_nested_branch_dag' retrieved from /Users/yueyaoz/Downloads/IS3107-FinSum/.airflow/lib/python3.10/site-packages/airflow/example_dags/example_nested_branch_dag.py
[2025-04-22T20:37:13.278+0800] {logging_mixin.py:190} INFO - [2025-04-22T20:37:13.278+0800] {dag.py:3239} INFO - Sync 1 DAGs
[2025-04-22T20:37:13.285+0800] {logging_mixin.py:190} INFO - [2025-04-22T20:37:13.285+0800] {dag.py:4180} INFO - Setting next_dagrun for example_nested_branch_dag to 2025-04-21 00:00:00+00:00, run_after=2025-04-22 00:00:00+00:00
[2025-04-22T20:37:13.293+0800] {processor.py:208} INFO - Processing /Users/yueyaoz/Downloads/IS3107-FinSum/.airflow/lib/python3.10/site-packages/airflow/example_dags/example_nested_branch_dag.py took 0.077 seconds
[2025-04-22T20:39:45.362+0800] {processor.py:186} INFO - Started process (PID=18437) to work on /Users/yueyaoz/Downloads/IS3107-FinSum/.airflow/lib/python3.10/site-packages/airflow/example_dags/example_nested_branch_dag.py
[2025-04-22T20:39:45.362+0800] {processor.py:914} INFO - Processing file /Users/yueyaoz/Downloads/IS3107-FinSum/.airflow/lib/python3.10/site-packages/airflow/example_dags/example_nested_branch_dag.py for tasks to queue
[2025-04-22T20:39:45.363+0800] {logging_mixin.py:190} INFO - [2025-04-22T20:39:45.363+0800] {dagbag.py:588} INFO - Filling up the DagBag from /Users/yueyaoz/Downloads/IS3107-FinSum/.airflow/lib/python3.10/site-packages/airflow/example_dags/example_nested_branch_dag.py
[2025-04-22T20:39:45.379+0800] {processor.py:925} INFO - DAG(s) 'example_nested_branch_dag' retrieved from /Users/yueyaoz/Downloads/IS3107-FinSum/.airflow/lib/python3.10/site-packages/airflow/example_dags/example_nested_branch_dag.py
[2025-04-22T20:39:45.421+0800] {logging_mixin.py:190} INFO - [2025-04-22T20:39:45.421+0800] {dag.py:3239} INFO - Sync 1 DAGs
[2025-04-22T20:39:45.429+0800] {logging_mixin.py:190} INFO - [2025-04-22T20:39:45.428+0800] {dag.py:4180} INFO - Setting next_dagrun for example_nested_branch_dag to 2025-04-21 00:00:00+00:00, run_after=2025-04-22 00:00:00+00:00
[2025-04-22T20:39:45.435+0800] {processor.py:208} INFO - Processing /Users/yueyaoz/Downloads/IS3107-FinSum/.airflow/lib/python3.10/site-packages/airflow/example_dags/example_nested_branch_dag.py took 0.075 seconds
[2025-04-22T20:42:22.647+0800] {processor.py:186} INFO - Started process (PID=18643) to work on /Users/yueyaoz/Downloads/IS3107-FinSum/.airflow/lib/python3.10/site-packages/airflow/example_dags/example_nested_branch_dag.py
[2025-04-22T20:42:22.648+0800] {processor.py:914} INFO - Processing file /Users/yueyaoz/Downloads/IS3107-FinSum/.airflow/lib/python3.10/site-packages/airflow/example_dags/example_nested_branch_dag.py for tasks to queue
[2025-04-22T20:42:22.649+0800] {logging_mixin.py:190} INFO - [2025-04-22T20:42:22.649+0800] {dagbag.py:588} INFO - Filling up the DagBag from /Users/yueyaoz/Downloads/IS3107-FinSum/.airflow/lib/python3.10/site-packages/airflow/example_dags/example_nested_branch_dag.py
[2025-04-22T20:42:22.665+0800] {processor.py:925} INFO - DAG(s) 'example_nested_branch_dag' retrieved from /Users/yueyaoz/Downloads/IS3107-FinSum/.airflow/lib/python3.10/site-packages/airflow/example_dags/example_nested_branch_dag.py
[2025-04-22T20:42:22.709+0800] {logging_mixin.py:190} INFO - [2025-04-22T20:42:22.709+0800] {dag.py:3239} INFO - Sync 1 DAGs
[2025-04-22T20:42:22.717+0800] {logging_mixin.py:190} INFO - [2025-04-22T20:42:22.717+0800] {dag.py:4180} INFO - Setting next_dagrun for example_nested_branch_dag to 2025-04-21 00:00:00+00:00, run_after=2025-04-22 00:00:00+00:00
[2025-04-22T20:42:22.724+0800] {processor.py:208} INFO - Processing /Users/yueyaoz/Downloads/IS3107-FinSum/.airflow/lib/python3.10/site-packages/airflow/example_dags/example_nested_branch_dag.py took 0.079 seconds
[2025-04-22T20:44:57.278+0800] {processor.py:186} INFO - Started process (PID=18838) to work on /Users/yueyaoz/Downloads/IS3107-FinSum/.airflow/lib/python3.10/site-packages/airflow/example_dags/example_nested_branch_dag.py
[2025-04-22T20:44:57.279+0800] {processor.py:914} INFO - Processing file /Users/yueyaoz/Downloads/IS3107-FinSum/.airflow/lib/python3.10/site-packages/airflow/example_dags/example_nested_branch_dag.py for tasks to queue
[2025-04-22T20:44:57.280+0800] {logging_mixin.py:190} INFO - [2025-04-22T20:44:57.280+0800] {dagbag.py:588} INFO - Filling up the DagBag from /Users/yueyaoz/Downloads/IS3107-FinSum/.airflow/lib/python3.10/site-packages/airflow/example_dags/example_nested_branch_dag.py
[2025-04-22T20:44:57.296+0800] {processor.py:925} INFO - DAG(s) 'example_nested_branch_dag' retrieved from /Users/yueyaoz/Downloads/IS3107-FinSum/.airflow/lib/python3.10/site-packages/airflow/example_dags/example_nested_branch_dag.py
[2025-04-22T20:44:57.339+0800] {logging_mixin.py:190} INFO - [2025-04-22T20:44:57.339+0800] {dag.py:3239} INFO - Sync 1 DAGs
[2025-04-22T20:44:57.346+0800] {logging_mixin.py:190} INFO - [2025-04-22T20:44:57.346+0800] {dag.py:4180} INFO - Setting next_dagrun for example_nested_branch_dag to 2025-04-21 00:00:00+00:00, run_after=2025-04-22 00:00:00+00:00
[2025-04-22T20:44:57.353+0800] {processor.py:208} INFO - Processing /Users/yueyaoz/Downloads/IS3107-FinSum/.airflow/lib/python3.10/site-packages/airflow/example_dags/example_nested_branch_dag.py took 0.077 seconds
[2025-04-22T20:47:31.116+0800] {processor.py:186} INFO - Started process (PID=19029) to work on /Users/yueyaoz/Downloads/IS3107-FinSum/.airflow/lib/python3.10/site-packages/airflow/example_dags/example_nested_branch_dag.py
[2025-04-22T20:47:31.117+0800] {processor.py:914} INFO - Processing file /Users/yueyaoz/Downloads/IS3107-FinSum/.airflow/lib/python3.10/site-packages/airflow/example_dags/example_nested_branch_dag.py for tasks to queue
[2025-04-22T20:47:31.117+0800] {logging_mixin.py:190} INFO - [2025-04-22T20:47:31.117+0800] {dagbag.py:588} INFO - Filling up the DagBag from /Users/yueyaoz/Downloads/IS3107-FinSum/.airflow/lib/python3.10/site-packages/airflow/example_dags/example_nested_branch_dag.py
[2025-04-22T20:47:31.133+0800] {processor.py:925} INFO - DAG(s) 'example_nested_branch_dag' retrieved from /Users/yueyaoz/Downloads/IS3107-FinSum/.airflow/lib/python3.10/site-packages/airflow/example_dags/example_nested_branch_dag.py
[2025-04-22T20:47:31.175+0800] {logging_mixin.py:190} INFO - [2025-04-22T20:47:31.175+0800] {dag.py:3239} INFO - Sync 1 DAGs
[2025-04-22T20:47:31.183+0800] {logging_mixin.py:190} INFO - [2025-04-22T20:47:31.183+0800] {dag.py:4180} INFO - Setting next_dagrun for example_nested_branch_dag to 2025-04-21 00:00:00+00:00, run_after=2025-04-22 00:00:00+00:00
[2025-04-22T20:47:31.190+0800] {processor.py:208} INFO - Processing /Users/yueyaoz/Downloads/IS3107-FinSum/.airflow/lib/python3.10/site-packages/airflow/example_dags/example_nested_branch_dag.py took 0.076 seconds
[2025-04-22T20:50:06.077+0800] {processor.py:186} INFO - Started process (PID=19224) to work on /Users/yueyaoz/Downloads/IS3107-FinSum/.airflow/lib/python3.10/site-packages/airflow/example_dags/example_nested_branch_dag.py
[2025-04-22T20:50:06.078+0800] {processor.py:914} INFO - Processing file /Users/yueyaoz/Downloads/IS3107-FinSum/.airflow/lib/python3.10/site-packages/airflow/example_dags/example_nested_branch_dag.py for tasks to queue
[2025-04-22T20:50:06.079+0800] {logging_mixin.py:190} INFO - [2025-04-22T20:50:06.079+0800] {dagbag.py:588} INFO - Filling up the DagBag from /Users/yueyaoz/Downloads/IS3107-FinSum/.airflow/lib/python3.10/site-packages/airflow/example_dags/example_nested_branch_dag.py
[2025-04-22T20:50:06.095+0800] {processor.py:925} INFO - DAG(s) 'example_nested_branch_dag' retrieved from /Users/yueyaoz/Downloads/IS3107-FinSum/.airflow/lib/python3.10/site-packages/airflow/example_dags/example_nested_branch_dag.py
[2025-04-22T20:50:06.137+0800] {logging_mixin.py:190} INFO - [2025-04-22T20:50:06.137+0800] {dag.py:3239} INFO - Sync 1 DAGs
[2025-04-22T20:50:06.145+0800] {logging_mixin.py:190} INFO - [2025-04-22T20:50:06.145+0800] {dag.py:4180} INFO - Setting next_dagrun for example_nested_branch_dag to 2025-04-21 00:00:00+00:00, run_after=2025-04-22 00:00:00+00:00
[2025-04-22T20:50:06.152+0800] {processor.py:208} INFO - Processing /Users/yueyaoz/Downloads/IS3107-FinSum/.airflow/lib/python3.10/site-packages/airflow/example_dags/example_nested_branch_dag.py took 0.076 seconds
[2025-04-22T20:52:39.730+0800] {processor.py:186} INFO - Started process (PID=19425) to work on /Users/yueyaoz/Downloads/IS3107-FinSum/.airflow/lib/python3.10/site-packages/airflow/example_dags/example_nested_branch_dag.py
[2025-04-22T20:52:39.732+0800] {processor.py:914} INFO - Processing file /Users/yueyaoz/Downloads/IS3107-FinSum/.airflow/lib/python3.10/site-packages/airflow/example_dags/example_nested_branch_dag.py for tasks to queue
[2025-04-22T20:52:39.732+0800] {logging_mixin.py:190} INFO - [2025-04-22T20:52:39.732+0800] {dagbag.py:588} INFO - Filling up the DagBag from /Users/yueyaoz/Downloads/IS3107-FinSum/.airflow/lib/python3.10/site-packages/airflow/example_dags/example_nested_branch_dag.py
[2025-04-22T20:52:39.748+0800] {processor.py:925} INFO - DAG(s) 'example_nested_branch_dag' retrieved from /Users/yueyaoz/Downloads/IS3107-FinSum/.airflow/lib/python3.10/site-packages/airflow/example_dags/example_nested_branch_dag.py
[2025-04-22T20:52:39.790+0800] {logging_mixin.py:190} INFO - [2025-04-22T20:52:39.790+0800] {dag.py:3239} INFO - Sync 1 DAGs
[2025-04-22T20:52:39.798+0800] {logging_mixin.py:190} INFO - [2025-04-22T20:52:39.798+0800] {dag.py:4180} INFO - Setting next_dagrun for example_nested_branch_dag to 2025-04-21 00:00:00+00:00, run_after=2025-04-22 00:00:00+00:00
[2025-04-22T20:52:39.805+0800] {processor.py:208} INFO - Processing /Users/yueyaoz/Downloads/IS3107-FinSum/.airflow/lib/python3.10/site-packages/airflow/example_dags/example_nested_branch_dag.py took 0.076 seconds
[2025-04-22T20:55:11.705+0800] {processor.py:186} INFO - Started process (PID=19617) to work on /Users/yueyaoz/Downloads/IS3107-FinSum/.airflow/lib/python3.10/site-packages/airflow/example_dags/example_nested_branch_dag.py
[2025-04-22T20:55:11.706+0800] {processor.py:914} INFO - Processing file /Users/yueyaoz/Downloads/IS3107-FinSum/.airflow/lib/python3.10/site-packages/airflow/example_dags/example_nested_branch_dag.py for tasks to queue
[2025-04-22T20:55:11.706+0800] {logging_mixin.py:190} INFO - [2025-04-22T20:55:11.706+0800] {dagbag.py:588} INFO - Filling up the DagBag from /Users/yueyaoz/Downloads/IS3107-FinSum/.airflow/lib/python3.10/site-packages/airflow/example_dags/example_nested_branch_dag.py
[2025-04-22T20:55:11.722+0800] {processor.py:925} INFO - DAG(s) 'example_nested_branch_dag' retrieved from /Users/yueyaoz/Downloads/IS3107-FinSum/.airflow/lib/python3.10/site-packages/airflow/example_dags/example_nested_branch_dag.py
[2025-04-22T20:55:11.764+0800] {logging_mixin.py:190} INFO - [2025-04-22T20:55:11.764+0800] {dag.py:3239} INFO - Sync 1 DAGs
[2025-04-22T20:55:11.772+0800] {logging_mixin.py:190} INFO - [2025-04-22T20:55:11.772+0800] {dag.py:4180} INFO - Setting next_dagrun for example_nested_branch_dag to 2025-04-21 00:00:00+00:00, run_after=2025-04-22 00:00:00+00:00
[2025-04-22T20:55:11.779+0800] {processor.py:208} INFO - Processing /Users/yueyaoz/Downloads/IS3107-FinSum/.airflow/lib/python3.10/site-packages/airflow/example_dags/example_nested_branch_dag.py took 0.076 seconds
[2025-04-22T20:57:41.596+0800] {processor.py:186} INFO - Started process (PID=19812) to work on /Users/yueyaoz/Downloads/IS3107-FinSum/.airflow/lib/python3.10/site-packages/airflow/example_dags/example_nested_branch_dag.py
[2025-04-22T20:57:41.597+0800] {processor.py:914} INFO - Processing file /Users/yueyaoz/Downloads/IS3107-FinSum/.airflow/lib/python3.10/site-packages/airflow/example_dags/example_nested_branch_dag.py for tasks to queue
[2025-04-22T20:57:41.597+0800] {logging_mixin.py:190} INFO - [2025-04-22T20:57:41.597+0800] {dagbag.py:588} INFO - Filling up the DagBag from /Users/yueyaoz/Downloads/IS3107-FinSum/.airflow/lib/python3.10/site-packages/airflow/example_dags/example_nested_branch_dag.py
[2025-04-22T20:57:41.613+0800] {processor.py:925} INFO - DAG(s) 'example_nested_branch_dag' retrieved from /Users/yueyaoz/Downloads/IS3107-FinSum/.airflow/lib/python3.10/site-packages/airflow/example_dags/example_nested_branch_dag.py
[2025-04-22T20:57:41.656+0800] {logging_mixin.py:190} INFO - [2025-04-22T20:57:41.656+0800] {dag.py:3239} INFO - Sync 1 DAGs
[2025-04-22T20:57:41.663+0800] {logging_mixin.py:190} INFO - [2025-04-22T20:57:41.663+0800] {dag.py:4180} INFO - Setting next_dagrun for example_nested_branch_dag to 2025-04-21 00:00:00+00:00, run_after=2025-04-22 00:00:00+00:00
[2025-04-22T20:57:41.671+0800] {processor.py:208} INFO - Processing /Users/yueyaoz/Downloads/IS3107-FinSum/.airflow/lib/python3.10/site-packages/airflow/example_dags/example_nested_branch_dag.py took 0.076 seconds
[2025-04-22T21:00:22.718+0800] {processor.py:186} INFO - Started process (PID=20040) to work on /Users/yueyaoz/Downloads/IS3107-FinSum/.airflow/lib/python3.10/site-packages/airflow/example_dags/example_nested_branch_dag.py
[2025-04-22T21:00:22.719+0800] {processor.py:914} INFO - Processing file /Users/yueyaoz/Downloads/IS3107-FinSum/.airflow/lib/python3.10/site-packages/airflow/example_dags/example_nested_branch_dag.py for tasks to queue
[2025-04-22T21:00:22.719+0800] {logging_mixin.py:190} INFO - [2025-04-22T21:00:22.719+0800] {dagbag.py:588} INFO - Filling up the DagBag from /Users/yueyaoz/Downloads/IS3107-FinSum/.airflow/lib/python3.10/site-packages/airflow/example_dags/example_nested_branch_dag.py
[2025-04-22T21:00:22.735+0800] {processor.py:925} INFO - DAG(s) 'example_nested_branch_dag' retrieved from /Users/yueyaoz/Downloads/IS3107-FinSum/.airflow/lib/python3.10/site-packages/airflow/example_dags/example_nested_branch_dag.py
[2025-04-22T21:00:22.777+0800] {logging_mixin.py:190} INFO - [2025-04-22T21:00:22.777+0800] {dag.py:3239} INFO - Sync 1 DAGs
[2025-04-22T21:00:22.784+0800] {logging_mixin.py:190} INFO - [2025-04-22T21:00:22.784+0800] {dag.py:4180} INFO - Setting next_dagrun for example_nested_branch_dag to 2025-04-21 00:00:00+00:00, run_after=2025-04-22 00:00:00+00:00
[2025-04-22T21:00:22.791+0800] {processor.py:208} INFO - Processing /Users/yueyaoz/Downloads/IS3107-FinSum/.airflow/lib/python3.10/site-packages/airflow/example_dags/example_nested_branch_dag.py took 0.075 seconds
[2025-04-22T21:02:54.411+0800] {processor.py:186} INFO - Started process (PID=20325) to work on /Users/yueyaoz/Downloads/IS3107-FinSum/.airflow/lib/python3.10/site-packages/airflow/example_dags/example_nested_branch_dag.py
[2025-04-22T21:02:54.413+0800] {processor.py:914} INFO - Processing file /Users/yueyaoz/Downloads/IS3107-FinSum/.airflow/lib/python3.10/site-packages/airflow/example_dags/example_nested_branch_dag.py for tasks to queue
[2025-04-22T21:02:54.413+0800] {logging_mixin.py:190} INFO - [2025-04-22T21:02:54.413+0800] {dagbag.py:588} INFO - Filling up the DagBag from /Users/yueyaoz/Downloads/IS3107-FinSum/.airflow/lib/python3.10/site-packages/airflow/example_dags/example_nested_branch_dag.py
[2025-04-22T21:02:54.429+0800] {processor.py:925} INFO - DAG(s) 'example_nested_branch_dag' retrieved from /Users/yueyaoz/Downloads/IS3107-FinSum/.airflow/lib/python3.10/site-packages/airflow/example_dags/example_nested_branch_dag.py
[2025-04-22T21:02:54.470+0800] {logging_mixin.py:190} INFO - [2025-04-22T21:02:54.470+0800] {dag.py:3239} INFO - Sync 1 DAGs
[2025-04-22T21:02:54.478+0800] {logging_mixin.py:190} INFO - [2025-04-22T21:02:54.478+0800] {dag.py:4180} INFO - Setting next_dagrun for example_nested_branch_dag to 2025-04-21 00:00:00+00:00, run_after=2025-04-22 00:00:00+00:00
[2025-04-22T21:02:54.485+0800] {processor.py:208} INFO - Processing /Users/yueyaoz/Downloads/IS3107-FinSum/.airflow/lib/python3.10/site-packages/airflow/example_dags/example_nested_branch_dag.py took 0.074 seconds
[2025-04-22T21:05:28.738+0800] {processor.py:186} INFO - Started process (PID=20519) to work on /Users/yueyaoz/Downloads/IS3107-FinSum/.airflow/lib/python3.10/site-packages/airflow/example_dags/example_nested_branch_dag.py
[2025-04-22T21:05:28.739+0800] {processor.py:914} INFO - Processing file /Users/yueyaoz/Downloads/IS3107-FinSum/.airflow/lib/python3.10/site-packages/airflow/example_dags/example_nested_branch_dag.py for tasks to queue
[2025-04-22T21:05:28.739+0800] {logging_mixin.py:190} INFO - [2025-04-22T21:05:28.739+0800] {dagbag.py:588} INFO - Filling up the DagBag from /Users/yueyaoz/Downloads/IS3107-FinSum/.airflow/lib/python3.10/site-packages/airflow/example_dags/example_nested_branch_dag.py
[2025-04-22T21:05:28.755+0800] {processor.py:925} INFO - DAG(s) 'example_nested_branch_dag' retrieved from /Users/yueyaoz/Downloads/IS3107-FinSum/.airflow/lib/python3.10/site-packages/airflow/example_dags/example_nested_branch_dag.py
[2025-04-22T21:05:28.796+0800] {logging_mixin.py:190} INFO - [2025-04-22T21:05:28.796+0800] {dag.py:3239} INFO - Sync 1 DAGs
[2025-04-22T21:05:28.804+0800] {logging_mixin.py:190} INFO - [2025-04-22T21:05:28.804+0800] {dag.py:4180} INFO - Setting next_dagrun for example_nested_branch_dag to 2025-04-21 00:00:00+00:00, run_after=2025-04-22 00:00:00+00:00
[2025-04-22T21:05:28.811+0800] {processor.py:208} INFO - Processing /Users/yueyaoz/Downloads/IS3107-FinSum/.airflow/lib/python3.10/site-packages/airflow/example_dags/example_nested_branch_dag.py took 0.074 seconds
[2025-04-22T21:08:03.722+0800] {processor.py:186} INFO - Started process (PID=20715) to work on /Users/yueyaoz/Downloads/IS3107-FinSum/.airflow/lib/python3.10/site-packages/airflow/example_dags/example_nested_branch_dag.py
[2025-04-22T21:08:03.724+0800] {processor.py:914} INFO - Processing file /Users/yueyaoz/Downloads/IS3107-FinSum/.airflow/lib/python3.10/site-packages/airflow/example_dags/example_nested_branch_dag.py for tasks to queue
[2025-04-22T21:08:03.724+0800] {logging_mixin.py:190} INFO - [2025-04-22T21:08:03.724+0800] {dagbag.py:588} INFO - Filling up the DagBag from /Users/yueyaoz/Downloads/IS3107-FinSum/.airflow/lib/python3.10/site-packages/airflow/example_dags/example_nested_branch_dag.py
[2025-04-22T21:08:03.740+0800] {processor.py:925} INFO - DAG(s) 'example_nested_branch_dag' retrieved from /Users/yueyaoz/Downloads/IS3107-FinSum/.airflow/lib/python3.10/site-packages/airflow/example_dags/example_nested_branch_dag.py
[2025-04-22T21:08:03.782+0800] {logging_mixin.py:190} INFO - [2025-04-22T21:08:03.782+0800] {dag.py:3239} INFO - Sync 1 DAGs
[2025-04-22T21:08:03.790+0800] {logging_mixin.py:190} INFO - [2025-04-22T21:08:03.790+0800] {dag.py:4180} INFO - Setting next_dagrun for example_nested_branch_dag to 2025-04-21 00:00:00+00:00, run_after=2025-04-22 00:00:00+00:00
[2025-04-22T21:08:03.797+0800] {processor.py:208} INFO - Processing /Users/yueyaoz/Downloads/IS3107-FinSum/.airflow/lib/python3.10/site-packages/airflow/example_dags/example_nested_branch_dag.py took 0.075 seconds
[2025-04-22T21:10:33.691+0800] {processor.py:186} INFO - Started process (PID=20912) to work on /Users/yueyaoz/Downloads/IS3107-FinSum/.airflow/lib/python3.10/site-packages/airflow/example_dags/example_nested_branch_dag.py
[2025-04-22T21:10:33.692+0800] {processor.py:914} INFO - Processing file /Users/yueyaoz/Downloads/IS3107-FinSum/.airflow/lib/python3.10/site-packages/airflow/example_dags/example_nested_branch_dag.py for tasks to queue
[2025-04-22T21:10:33.693+0800] {logging_mixin.py:190} INFO - [2025-04-22T21:10:33.693+0800] {dagbag.py:588} INFO - Filling up the DagBag from /Users/yueyaoz/Downloads/IS3107-FinSum/.airflow/lib/python3.10/site-packages/airflow/example_dags/example_nested_branch_dag.py
[2025-04-22T21:10:33.709+0800] {processor.py:925} INFO - DAG(s) 'example_nested_branch_dag' retrieved from /Users/yueyaoz/Downloads/IS3107-FinSum/.airflow/lib/python3.10/site-packages/airflow/example_dags/example_nested_branch_dag.py
[2025-04-22T21:10:33.751+0800] {logging_mixin.py:190} INFO - [2025-04-22T21:10:33.751+0800] {dag.py:3239} INFO - Sync 1 DAGs
[2025-04-22T21:10:33.759+0800] {logging_mixin.py:190} INFO - [2025-04-22T21:10:33.759+0800] {dag.py:4180} INFO - Setting next_dagrun for example_nested_branch_dag to 2025-04-21 00:00:00+00:00, run_after=2025-04-22 00:00:00+00:00
[2025-04-22T21:10:33.766+0800] {processor.py:208} INFO - Processing /Users/yueyaoz/Downloads/IS3107-FinSum/.airflow/lib/python3.10/site-packages/airflow/example_dags/example_nested_branch_dag.py took 0.076 seconds
[2025-04-22T21:13:05.298+0800] {processor.py:186} INFO - Started process (PID=21109) to work on /Users/yueyaoz/Downloads/IS3107-FinSum/.airflow/lib/python3.10/site-packages/airflow/example_dags/example_nested_branch_dag.py
[2025-04-22T21:13:05.300+0800] {processor.py:914} INFO - Processing file /Users/yueyaoz/Downloads/IS3107-FinSum/.airflow/lib/python3.10/site-packages/airflow/example_dags/example_nested_branch_dag.py for tasks to queue
[2025-04-22T21:13:05.300+0800] {logging_mixin.py:190} INFO - [2025-04-22T21:13:05.300+0800] {dagbag.py:588} INFO - Filling up the DagBag from /Users/yueyaoz/Downloads/IS3107-FinSum/.airflow/lib/python3.10/site-packages/airflow/example_dags/example_nested_branch_dag.py
[2025-04-22T21:13:05.316+0800] {processor.py:925} INFO - DAG(s) 'example_nested_branch_dag' retrieved from /Users/yueyaoz/Downloads/IS3107-FinSum/.airflow/lib/python3.10/site-packages/airflow/example_dags/example_nested_branch_dag.py
[2025-04-22T21:13:05.359+0800] {logging_mixin.py:190} INFO - [2025-04-22T21:13:05.358+0800] {dag.py:3239} INFO - Sync 1 DAGs
[2025-04-22T21:13:05.366+0800] {logging_mixin.py:190} INFO - [2025-04-22T21:13:05.366+0800] {dag.py:4180} INFO - Setting next_dagrun for example_nested_branch_dag to 2025-04-21 00:00:00+00:00, run_after=2025-04-22 00:00:00+00:00
[2025-04-22T21:13:05.373+0800] {processor.py:208} INFO - Processing /Users/yueyaoz/Downloads/IS3107-FinSum/.airflow/lib/python3.10/site-packages/airflow/example_dags/example_nested_branch_dag.py took 0.076 seconds
[2025-04-22T21:15:33.252+0800] {processor.py:186} INFO - Started process (PID=21301) to work on /Users/yueyaoz/Downloads/IS3107-FinSum/.airflow/lib/python3.10/site-packages/airflow/example_dags/example_nested_branch_dag.py
[2025-04-22T21:15:33.253+0800] {processor.py:914} INFO - Processing file /Users/yueyaoz/Downloads/IS3107-FinSum/.airflow/lib/python3.10/site-packages/airflow/example_dags/example_nested_branch_dag.py for tasks to queue
[2025-04-22T21:15:33.253+0800] {logging_mixin.py:190} INFO - [2025-04-22T21:15:33.253+0800] {dagbag.py:588} INFO - Filling up the DagBag from /Users/yueyaoz/Downloads/IS3107-FinSum/.airflow/lib/python3.10/site-packages/airflow/example_dags/example_nested_branch_dag.py
[2025-04-22T21:15:33.269+0800] {processor.py:925} INFO - DAG(s) 'example_nested_branch_dag' retrieved from /Users/yueyaoz/Downloads/IS3107-FinSum/.airflow/lib/python3.10/site-packages/airflow/example_dags/example_nested_branch_dag.py
[2025-04-22T21:15:33.311+0800] {logging_mixin.py:190} INFO - [2025-04-22T21:15:33.311+0800] {dag.py:3239} INFO - Sync 1 DAGs
[2025-04-22T21:15:33.318+0800] {logging_mixin.py:190} INFO - [2025-04-22T21:15:33.318+0800] {dag.py:4180} INFO - Setting next_dagrun for example_nested_branch_dag to 2025-04-21 00:00:00+00:00, run_after=2025-04-22 00:00:00+00:00
[2025-04-22T21:15:33.325+0800] {processor.py:208} INFO - Processing /Users/yueyaoz/Downloads/IS3107-FinSum/.airflow/lib/python3.10/site-packages/airflow/example_dags/example_nested_branch_dag.py took 0.075 seconds
[2025-04-22T21:18:06.348+0800] {processor.py:186} INFO - Started process (PID=21499) to work on /Users/yueyaoz/Downloads/IS3107-FinSum/.airflow/lib/python3.10/site-packages/airflow/example_dags/example_nested_branch_dag.py
[2025-04-22T21:18:06.350+0800] {processor.py:914} INFO - Processing file /Users/yueyaoz/Downloads/IS3107-FinSum/.airflow/lib/python3.10/site-packages/airflow/example_dags/example_nested_branch_dag.py for tasks to queue
[2025-04-22T21:18:06.350+0800] {logging_mixin.py:190} INFO - [2025-04-22T21:18:06.350+0800] {dagbag.py:588} INFO - Filling up the DagBag from /Users/yueyaoz/Downloads/IS3107-FinSum/.airflow/lib/python3.10/site-packages/airflow/example_dags/example_nested_branch_dag.py
[2025-04-22T21:18:06.367+0800] {processor.py:925} INFO - DAG(s) 'example_nested_branch_dag' retrieved from /Users/yueyaoz/Downloads/IS3107-FinSum/.airflow/lib/python3.10/site-packages/airflow/example_dags/example_nested_branch_dag.py
[2025-04-22T21:18:06.409+0800] {logging_mixin.py:190} INFO - [2025-04-22T21:18:06.408+0800] {dag.py:3239} INFO - Sync 1 DAGs
[2025-04-22T21:18:06.416+0800] {logging_mixin.py:190} INFO - [2025-04-22T21:18:06.416+0800] {dag.py:4180} INFO - Setting next_dagrun for example_nested_branch_dag to 2025-04-21 00:00:00+00:00, run_after=2025-04-22 00:00:00+00:00
[2025-04-22T21:18:06.423+0800] {processor.py:208} INFO - Processing /Users/yueyaoz/Downloads/IS3107-FinSum/.airflow/lib/python3.10/site-packages/airflow/example_dags/example_nested_branch_dag.py took 0.076 seconds
[2025-04-22T21:20:46.065+0800] {processor.py:186} INFO - Started process (PID=21697) to work on /Users/yueyaoz/Downloads/IS3107-FinSum/.airflow/lib/python3.10/site-packages/airflow/example_dags/example_nested_branch_dag.py
[2025-04-22T21:20:46.066+0800] {processor.py:914} INFO - Processing file /Users/yueyaoz/Downloads/IS3107-FinSum/.airflow/lib/python3.10/site-packages/airflow/example_dags/example_nested_branch_dag.py for tasks to queue
[2025-04-22T21:20:46.066+0800] {logging_mixin.py:190} INFO - [2025-04-22T21:20:46.066+0800] {dagbag.py:588} INFO - Filling up the DagBag from /Users/yueyaoz/Downloads/IS3107-FinSum/.airflow/lib/python3.10/site-packages/airflow/example_dags/example_nested_branch_dag.py
[2025-04-22T21:20:46.082+0800] {processor.py:925} INFO - DAG(s) 'example_nested_branch_dag' retrieved from /Users/yueyaoz/Downloads/IS3107-FinSum/.airflow/lib/python3.10/site-packages/airflow/example_dags/example_nested_branch_dag.py
[2025-04-22T21:20:46.124+0800] {logging_mixin.py:190} INFO - [2025-04-22T21:20:46.124+0800] {dag.py:3239} INFO - Sync 1 DAGs
[2025-04-22T21:20:46.132+0800] {logging_mixin.py:190} INFO - [2025-04-22T21:20:46.132+0800] {dag.py:4180} INFO - Setting next_dagrun for example_nested_branch_dag to 2025-04-21 00:00:00+00:00, run_after=2025-04-22 00:00:00+00:00
[2025-04-22T21:20:46.139+0800] {processor.py:208} INFO - Processing /Users/yueyaoz/Downloads/IS3107-FinSum/.airflow/lib/python3.10/site-packages/airflow/example_dags/example_nested_branch_dag.py took 0.075 seconds
[2025-04-22T21:23:20.419+0800] {processor.py:186} INFO - Started process (PID=21893) to work on /Users/yueyaoz/Downloads/IS3107-FinSum/.airflow/lib/python3.10/site-packages/airflow/example_dags/example_nested_branch_dag.py
[2025-04-22T21:23:20.419+0800] {processor.py:914} INFO - Processing file /Users/yueyaoz/Downloads/IS3107-FinSum/.airflow/lib/python3.10/site-packages/airflow/example_dags/example_nested_branch_dag.py for tasks to queue
[2025-04-22T21:23:20.420+0800] {logging_mixin.py:190} INFO - [2025-04-22T21:23:20.420+0800] {dagbag.py:588} INFO - Filling up the DagBag from /Users/yueyaoz/Downloads/IS3107-FinSum/.airflow/lib/python3.10/site-packages/airflow/example_dags/example_nested_branch_dag.py
[2025-04-22T21:23:20.437+0800] {processor.py:925} INFO - DAG(s) 'example_nested_branch_dag' retrieved from /Users/yueyaoz/Downloads/IS3107-FinSum/.airflow/lib/python3.10/site-packages/airflow/example_dags/example_nested_branch_dag.py
[2025-04-22T21:23:20.480+0800] {logging_mixin.py:190} INFO - [2025-04-22T21:23:20.480+0800] {dag.py:3239} INFO - Sync 1 DAGs
[2025-04-22T21:23:20.488+0800] {logging_mixin.py:190} INFO - [2025-04-22T21:23:20.488+0800] {dag.py:4180} INFO - Setting next_dagrun for example_nested_branch_dag to 2025-04-21 00:00:00+00:00, run_after=2025-04-22 00:00:00+00:00
[2025-04-22T21:23:20.495+0800] {processor.py:208} INFO - Processing /Users/yueyaoz/Downloads/IS3107-FinSum/.airflow/lib/python3.10/site-packages/airflow/example_dags/example_nested_branch_dag.py took 0.078 seconds
[2025-04-22T21:25:58.480+0800] {processor.py:186} INFO - Started process (PID=22103) to work on /Users/yueyaoz/Downloads/IS3107-FinSum/.airflow/lib/python3.10/site-packages/airflow/example_dags/example_nested_branch_dag.py
[2025-04-22T21:25:58.481+0800] {processor.py:914} INFO - Processing file /Users/yueyaoz/Downloads/IS3107-FinSum/.airflow/lib/python3.10/site-packages/airflow/example_dags/example_nested_branch_dag.py for tasks to queue
[2025-04-22T21:25:58.481+0800] {logging_mixin.py:190} INFO - [2025-04-22T21:25:58.481+0800] {dagbag.py:588} INFO - Filling up the DagBag from /Users/yueyaoz/Downloads/IS3107-FinSum/.airflow/lib/python3.10/site-packages/airflow/example_dags/example_nested_branch_dag.py
[2025-04-22T21:25:58.497+0800] {processor.py:925} INFO - DAG(s) 'example_nested_branch_dag' retrieved from /Users/yueyaoz/Downloads/IS3107-FinSum/.airflow/lib/python3.10/site-packages/airflow/example_dags/example_nested_branch_dag.py
[2025-04-22T21:25:58.539+0800] {logging_mixin.py:190} INFO - [2025-04-22T21:25:58.539+0800] {dag.py:3239} INFO - Sync 1 DAGs
[2025-04-22T21:25:58.547+0800] {logging_mixin.py:190} INFO - [2025-04-22T21:25:58.547+0800] {dag.py:4180} INFO - Setting next_dagrun for example_nested_branch_dag to 2025-04-21 00:00:00+00:00, run_after=2025-04-22 00:00:00+00:00
[2025-04-22T21:25:58.554+0800] {processor.py:208} INFO - Processing /Users/yueyaoz/Downloads/IS3107-FinSum/.airflow/lib/python3.10/site-packages/airflow/example_dags/example_nested_branch_dag.py took 0.075 seconds
[2025-04-22T21:28:33.991+0800] {processor.py:186} INFO - Started process (PID=22300) to work on /Users/yueyaoz/Downloads/IS3107-FinSum/.airflow/lib/python3.10/site-packages/airflow/example_dags/example_nested_branch_dag.py
[2025-04-22T21:28:33.992+0800] {processor.py:914} INFO - Processing file /Users/yueyaoz/Downloads/IS3107-FinSum/.airflow/lib/python3.10/site-packages/airflow/example_dags/example_nested_branch_dag.py for tasks to queue
[2025-04-22T21:28:33.993+0800] {logging_mixin.py:190} INFO - [2025-04-22T21:28:33.993+0800] {dagbag.py:588} INFO - Filling up the DagBag from /Users/yueyaoz/Downloads/IS3107-FinSum/.airflow/lib/python3.10/site-packages/airflow/example_dags/example_nested_branch_dag.py
[2025-04-22T21:28:34.008+0800] {processor.py:925} INFO - DAG(s) 'example_nested_branch_dag' retrieved from /Users/yueyaoz/Downloads/IS3107-FinSum/.airflow/lib/python3.10/site-packages/airflow/example_dags/example_nested_branch_dag.py
[2025-04-22T21:28:34.050+0800] {logging_mixin.py:190} INFO - [2025-04-22T21:28:34.050+0800] {dag.py:3239} INFO - Sync 1 DAGs
[2025-04-22T21:28:34.058+0800] {logging_mixin.py:190} INFO - [2025-04-22T21:28:34.058+0800] {dag.py:4180} INFO - Setting next_dagrun for example_nested_branch_dag to 2025-04-21 00:00:00+00:00, run_after=2025-04-22 00:00:00+00:00
[2025-04-22T21:28:34.065+0800] {processor.py:208} INFO - Processing /Users/yueyaoz/Downloads/IS3107-FinSum/.airflow/lib/python3.10/site-packages/airflow/example_dags/example_nested_branch_dag.py took 0.075 seconds
[2025-04-22T21:31:09.119+0800] {processor.py:186} INFO - Started process (PID=22576) to work on /Users/yueyaoz/Downloads/IS3107-FinSum/.airflow/lib/python3.10/site-packages/airflow/example_dags/example_nested_branch_dag.py
[2025-04-22T21:31:09.120+0800] {processor.py:914} INFO - Processing file /Users/yueyaoz/Downloads/IS3107-FinSum/.airflow/lib/python3.10/site-packages/airflow/example_dags/example_nested_branch_dag.py for tasks to queue
[2025-04-22T21:31:09.120+0800] {logging_mixin.py:190} INFO - [2025-04-22T21:31:09.120+0800] {dagbag.py:588} INFO - Filling up the DagBag from /Users/yueyaoz/Downloads/IS3107-FinSum/.airflow/lib/python3.10/site-packages/airflow/example_dags/example_nested_branch_dag.py
[2025-04-22T21:31:09.137+0800] {processor.py:925} INFO - DAG(s) 'example_nested_branch_dag' retrieved from /Users/yueyaoz/Downloads/IS3107-FinSum/.airflow/lib/python3.10/site-packages/airflow/example_dags/example_nested_branch_dag.py
[2025-04-22T21:31:09.179+0800] {logging_mixin.py:190} INFO - [2025-04-22T21:31:09.179+0800] {dag.py:3239} INFO - Sync 1 DAGs
[2025-04-22T21:31:09.189+0800] {logging_mixin.py:190} INFO - [2025-04-22T21:31:09.188+0800] {dag.py:4180} INFO - Setting next_dagrun for example_nested_branch_dag to 2025-04-21 00:00:00+00:00, run_after=2025-04-22 00:00:00+00:00
[2025-04-22T21:31:09.195+0800] {processor.py:208} INFO - Processing /Users/yueyaoz/Downloads/IS3107-FinSum/.airflow/lib/python3.10/site-packages/airflow/example_dags/example_nested_branch_dag.py took 0.078 seconds
[2025-04-22T21:33:43.252+0800] {processor.py:186} INFO - Started process (PID=22787) to work on /Users/yueyaoz/Downloads/IS3107-FinSum/.airflow/lib/python3.10/site-packages/airflow/example_dags/example_nested_branch_dag.py
[2025-04-22T21:33:43.252+0800] {processor.py:914} INFO - Processing file /Users/yueyaoz/Downloads/IS3107-FinSum/.airflow/lib/python3.10/site-packages/airflow/example_dags/example_nested_branch_dag.py for tasks to queue
[2025-04-22T21:33:43.253+0800] {logging_mixin.py:190} INFO - [2025-04-22T21:33:43.253+0800] {dagbag.py:588} INFO - Filling up the DagBag from /Users/yueyaoz/Downloads/IS3107-FinSum/.airflow/lib/python3.10/site-packages/airflow/example_dags/example_nested_branch_dag.py
[2025-04-22T21:33:43.269+0800] {processor.py:925} INFO - DAG(s) 'example_nested_branch_dag' retrieved from /Users/yueyaoz/Downloads/IS3107-FinSum/.airflow/lib/python3.10/site-packages/airflow/example_dags/example_nested_branch_dag.py
[2025-04-22T21:33:43.311+0800] {logging_mixin.py:190} INFO - [2025-04-22T21:33:43.311+0800] {dag.py:3239} INFO - Sync 1 DAGs
[2025-04-22T21:33:43.319+0800] {logging_mixin.py:190} INFO - [2025-04-22T21:33:43.319+0800] {dag.py:4180} INFO - Setting next_dagrun for example_nested_branch_dag to 2025-04-21 00:00:00+00:00, run_after=2025-04-22 00:00:00+00:00
[2025-04-22T21:33:43.326+0800] {processor.py:208} INFO - Processing /Users/yueyaoz/Downloads/IS3107-FinSum/.airflow/lib/python3.10/site-packages/airflow/example_dags/example_nested_branch_dag.py took 0.076 seconds
[2025-04-22T21:36:21.506+0800] {processor.py:186} INFO - Started process (PID=23044) to work on /Users/yueyaoz/Downloads/IS3107-FinSum/.airflow/lib/python3.10/site-packages/airflow/example_dags/example_nested_branch_dag.py
[2025-04-22T21:36:21.507+0800] {processor.py:914} INFO - Processing file /Users/yueyaoz/Downloads/IS3107-FinSum/.airflow/lib/python3.10/site-packages/airflow/example_dags/example_nested_branch_dag.py for tasks to queue
[2025-04-22T21:36:21.508+0800] {logging_mixin.py:190} INFO - [2025-04-22T21:36:21.508+0800] {dagbag.py:588} INFO - Filling up the DagBag from /Users/yueyaoz/Downloads/IS3107-FinSum/.airflow/lib/python3.10/site-packages/airflow/example_dags/example_nested_branch_dag.py
[2025-04-22T21:36:21.524+0800] {processor.py:925} INFO - DAG(s) 'example_nested_branch_dag' retrieved from /Users/yueyaoz/Downloads/IS3107-FinSum/.airflow/lib/python3.10/site-packages/airflow/example_dags/example_nested_branch_dag.py
[2025-04-22T21:36:21.566+0800] {logging_mixin.py:190} INFO - [2025-04-22T21:36:21.566+0800] {dag.py:3239} INFO - Sync 1 DAGs
[2025-04-22T21:36:21.574+0800] {logging_mixin.py:190} INFO - [2025-04-22T21:36:21.573+0800] {dag.py:4180} INFO - Setting next_dagrun for example_nested_branch_dag to 2025-04-21 00:00:00+00:00, run_after=2025-04-22 00:00:00+00:00
[2025-04-22T21:36:21.586+0800] {processor.py:208} INFO - Processing /Users/yueyaoz/Downloads/IS3107-FinSum/.airflow/lib/python3.10/site-packages/airflow/example_dags/example_nested_branch_dag.py took 0.082 seconds
[2025-04-22T22:59:00.087+0800] {processor.py:186} INFO - Started process (PID=23196) to work on /Users/yueyaoz/Downloads/IS3107-FinSum/.airflow/lib/python3.10/site-packages/airflow/example_dags/example_nested_branch_dag.py
[2025-04-22T22:59:00.088+0800] {processor.py:914} INFO - Processing file /Users/yueyaoz/Downloads/IS3107-FinSum/.airflow/lib/python3.10/site-packages/airflow/example_dags/example_nested_branch_dag.py for tasks to queue
[2025-04-22T22:59:00.088+0800] {logging_mixin.py:190} INFO - [2025-04-22T22:59:00.088+0800] {dagbag.py:588} INFO - Filling up the DagBag from /Users/yueyaoz/Downloads/IS3107-FinSum/.airflow/lib/python3.10/site-packages/airflow/example_dags/example_nested_branch_dag.py
[2025-04-22T22:59:00.104+0800] {processor.py:925} INFO - DAG(s) 'example_nested_branch_dag' retrieved from /Users/yueyaoz/Downloads/IS3107-FinSum/.airflow/lib/python3.10/site-packages/airflow/example_dags/example_nested_branch_dag.py
[2025-04-22T22:59:00.146+0800] {logging_mixin.py:190} INFO - [2025-04-22T22:59:00.146+0800] {dag.py:3239} INFO - Sync 1 DAGs
[2025-04-22T22:59:00.154+0800] {logging_mixin.py:190} INFO - [2025-04-22T22:59:00.154+0800] {dag.py:4180} INFO - Setting next_dagrun for example_nested_branch_dag to 2025-04-21 00:00:00+00:00, run_after=2025-04-22 00:00:00+00:00
[2025-04-22T22:59:00.161+0800] {processor.py:208} INFO - Processing /Users/yueyaoz/Downloads/IS3107-FinSum/.airflow/lib/python3.10/site-packages/airflow/example_dags/example_nested_branch_dag.py took 0.076 seconds
[2025-04-22T23:00:36.826+0800] {processor.py:186} INFO - Started process (PID=23320) to work on /Users/yueyaoz/Downloads/IS3107-FinSum/.airflow/lib/python3.10/site-packages/airflow/example_dags/example_nested_branch_dag.py
[2025-04-22T23:00:36.827+0800] {processor.py:914} INFO - Processing file /Users/yueyaoz/Downloads/IS3107-FinSum/.airflow/lib/python3.10/site-packages/airflow/example_dags/example_nested_branch_dag.py for tasks to queue
[2025-04-22T23:00:36.827+0800] {logging_mixin.py:190} INFO - [2025-04-22T23:00:36.827+0800] {dagbag.py:588} INFO - Filling up the DagBag from /Users/yueyaoz/Downloads/IS3107-FinSum/.airflow/lib/python3.10/site-packages/airflow/example_dags/example_nested_branch_dag.py
[2025-04-22T23:00:36.843+0800] {processor.py:925} INFO - DAG(s) 'example_nested_branch_dag' retrieved from /Users/yueyaoz/Downloads/IS3107-FinSum/.airflow/lib/python3.10/site-packages/airflow/example_dags/example_nested_branch_dag.py
[2025-04-22T23:00:36.885+0800] {logging_mixin.py:190} INFO - [2025-04-22T23:00:36.884+0800] {dag.py:3239} INFO - Sync 1 DAGs
[2025-04-22T23:00:36.892+0800] {logging_mixin.py:190} INFO - [2025-04-22T23:00:36.892+0800] {dag.py:4180} INFO - Setting next_dagrun for example_nested_branch_dag to 2025-04-21 00:00:00+00:00, run_after=2025-04-22 00:00:00+00:00
[2025-04-22T23:00:36.900+0800] {processor.py:208} INFO - Processing /Users/yueyaoz/Downloads/IS3107-FinSum/.airflow/lib/python3.10/site-packages/airflow/example_dags/example_nested_branch_dag.py took 0.075 seconds
[2025-04-23T01:44:07.774+0800] {processor.py:186} INFO - Started process (PID=23587) to work on /Users/yueyaoz/Downloads/IS3107-FinSum/.airflow/lib/python3.10/site-packages/airflow/example_dags/example_nested_branch_dag.py
[2025-04-23T01:44:07.775+0800] {processor.py:914} INFO - Processing file /Users/yueyaoz/Downloads/IS3107-FinSum/.airflow/lib/python3.10/site-packages/airflow/example_dags/example_nested_branch_dag.py for tasks to queue
[2025-04-23T01:44:07.775+0800] {logging_mixin.py:190} INFO - [2025-04-23T01:44:07.775+0800] {dagbag.py:588} INFO - Filling up the DagBag from /Users/yueyaoz/Downloads/IS3107-FinSum/.airflow/lib/python3.10/site-packages/airflow/example_dags/example_nested_branch_dag.py
[2025-04-23T01:44:07.792+0800] {processor.py:925} INFO - DAG(s) 'example_nested_branch_dag' retrieved from /Users/yueyaoz/Downloads/IS3107-FinSum/.airflow/lib/python3.10/site-packages/airflow/example_dags/example_nested_branch_dag.py
[2025-04-23T01:44:07.835+0800] {logging_mixin.py:190} INFO - [2025-04-23T01:44:07.835+0800] {dag.py:3239} INFO - Sync 1 DAGs
[2025-04-23T01:44:07.843+0800] {logging_mixin.py:190} INFO - [2025-04-23T01:44:07.842+0800] {dag.py:4180} INFO - Setting next_dagrun for example_nested_branch_dag to 2025-04-21 00:00:00+00:00, run_after=2025-04-22 00:00:00+00:00
[2025-04-23T01:44:07.850+0800] {processor.py:208} INFO - Processing /Users/yueyaoz/Downloads/IS3107-FinSum/.airflow/lib/python3.10/site-packages/airflow/example_dags/example_nested_branch_dag.py took 0.077 seconds
[2025-04-23T01:45:57.347+0800] {processor.py:186} INFO - Started process (PID=23732) to work on /Users/yueyaoz/Downloads/IS3107-FinSum/.airflow/lib/python3.10/site-packages/airflow/example_dags/example_nested_branch_dag.py
[2025-04-23T01:45:57.348+0800] {processor.py:914} INFO - Processing file /Users/yueyaoz/Downloads/IS3107-FinSum/.airflow/lib/python3.10/site-packages/airflow/example_dags/example_nested_branch_dag.py for tasks to queue
[2025-04-23T01:45:57.348+0800] {logging_mixin.py:190} INFO - [2025-04-23T01:45:57.348+0800] {dagbag.py:588} INFO - Filling up the DagBag from /Users/yueyaoz/Downloads/IS3107-FinSum/.airflow/lib/python3.10/site-packages/airflow/example_dags/example_nested_branch_dag.py
[2025-04-23T01:45:57.364+0800] {processor.py:925} INFO - DAG(s) 'example_nested_branch_dag' retrieved from /Users/yueyaoz/Downloads/IS3107-FinSum/.airflow/lib/python3.10/site-packages/airflow/example_dags/example_nested_branch_dag.py
[2025-04-23T01:45:57.406+0800] {logging_mixin.py:190} INFO - [2025-04-23T01:45:57.406+0800] {dag.py:3239} INFO - Sync 1 DAGs
[2025-04-23T01:45:57.414+0800] {logging_mixin.py:190} INFO - [2025-04-23T01:45:57.414+0800] {dag.py:4180} INFO - Setting next_dagrun for example_nested_branch_dag to 2025-04-21 00:00:00+00:00, run_after=2025-04-22 00:00:00+00:00
[2025-04-23T01:45:57.421+0800] {processor.py:208} INFO - Processing /Users/yueyaoz/Downloads/IS3107-FinSum/.airflow/lib/python3.10/site-packages/airflow/example_dags/example_nested_branch_dag.py took 0.076 seconds
