[2025-04-22T17:21:27.737+0800] {processor.py:186} INFO - Started process (PID=13544) to work on /Users/yueyaoz/Downloads/IS3107-FinSum/.airflow/lib/python3.10/site-packages/airflow/example_dags/example_branch_operator_decorator.py
[2025-04-22T17:21:27.737+0800] {processor.py:914} INFO - Processing file /Users/yueyaoz/Downloads/IS3107-FinSum/.airflow/lib/python3.10/site-packages/airflow/example_dags/example_branch_operator_decorator.py for tasks to queue
[2025-04-22T17:21:27.738+0800] {logging_mixin.py:190} INFO - [2025-04-22T17:21:27.738+0800] {dagbag.py:588} INFO - Filling up the DagBag from /Users/yueyaoz/Downloads/IS3107-FinSum/.airflow/lib/python3.10/site-packages/airflow/example_dags/example_branch_operator_decorator.py
[2025-04-22T17:21:27.747+0800] {processor.py:927} WARNING - No viable dags retrieved from /Users/yueyaoz/Downloads/IS3107-FinSum/.airflow/lib/python3.10/site-packages/airflow/example_dags/example_branch_operator_decorator.py
[2025-04-22T17:21:27.785+0800] {processor.py:208} INFO - Processing /Users/yueyaoz/Downloads/IS3107-FinSum/.airflow/lib/python3.10/site-packages/airflow/example_dags/example_branch_operator_decorator.py took 0.050 seconds
[2025-04-22T19:23:05.781+0800] {processor.py:186} INFO - Started process (PID=13745) to work on /Users/yueyaoz/Downloads/IS3107-FinSum/.airflow/lib/python3.10/site-packages/airflow/example_dags/example_branch_operator_decorator.py
[2025-04-22T19:23:05.782+0800] {processor.py:914} INFO - Processing file /Users/yueyaoz/Downloads/IS3107-FinSum/.airflow/lib/python3.10/site-packages/airflow/example_dags/example_branch_operator_decorator.py for tasks to queue
[2025-04-22T19:23:05.782+0800] {logging_mixin.py:190} INFO - [2025-04-22T19:23:05.782+0800] {dagbag.py:588} INFO - Filling up the DagBag from /Users/yueyaoz/Downloads/IS3107-FinSum/.airflow/lib/python3.10/site-packages/airflow/example_dags/example_branch_operator_decorator.py
[2025-04-22T19:23:05.798+0800] {processor.py:927} WARNING - No viable dags retrieved from /Users/yueyaoz/Downloads/IS3107-FinSum/.airflow/lib/python3.10/site-packages/airflow/example_dags/example_branch_operator_decorator.py
[2025-04-22T19:23:05.838+0800] {processor.py:208} INFO - Processing /Users/yueyaoz/Downloads/IS3107-FinSum/.airflow/lib/python3.10/site-packages/airflow/example_dags/example_branch_operator_decorator.py took 0.059 seconds
[2025-04-22T20:10:34.491+0800] {processor.py:186} INFO - Started process (PID=16122) to work on /Users/yueyaoz/Downloads/IS3107-FinSum/.airflow/lib/python3.10/site-packages/airflow/example_dags/example_branch_operator_decorator.py
[2025-04-22T20:10:34.491+0800] {processor.py:914} INFO - Processing file /Users/yueyaoz/Downloads/IS3107-FinSum/.airflow/lib/python3.10/site-packages/airflow/example_dags/example_branch_operator_decorator.py for tasks to queue
[2025-04-22T20:10:34.492+0800] {logging_mixin.py:190} INFO - [2025-04-22T20:10:34.492+0800] {dagbag.py:588} INFO - Filling up the DagBag from /Users/yueyaoz/Downloads/IS3107-FinSum/.airflow/lib/python3.10/site-packages/airflow/example_dags/example_branch_operator_decorator.py
[2025-04-22T20:10:34.500+0800] {processor.py:927} WARNING - No viable dags retrieved from /Users/yueyaoz/Downloads/IS3107-FinSum/.airflow/lib/python3.10/site-packages/airflow/example_dags/example_branch_operator_decorator.py
[2025-04-22T20:10:34.537+0800] {processor.py:208} INFO - Processing /Users/yueyaoz/Downloads/IS3107-FinSum/.airflow/lib/python3.10/site-packages/airflow/example_dags/example_branch_operator_decorator.py took 0.048 seconds
[2025-04-22T20:13:04.508+0800] {processor.py:186} INFO - Started process (PID=16311) to work on /Users/yueyaoz/Downloads/IS3107-FinSum/.airflow/lib/python3.10/site-packages/airflow/example_dags/example_branch_operator_decorator.py
[2025-04-22T20:13:04.508+0800] {processor.py:914} INFO - Processing file /Users/yueyaoz/Downloads/IS3107-FinSum/.airflow/lib/python3.10/site-packages/airflow/example_dags/example_branch_operator_decorator.py for tasks to queue
[2025-04-22T20:13:04.509+0800] {logging_mixin.py:190} INFO - [2025-04-22T20:13:04.509+0800] {dagbag.py:588} INFO - Filling up the DagBag from /Users/yueyaoz/Downloads/IS3107-FinSum/.airflow/lib/python3.10/site-packages/airflow/example_dags/example_branch_operator_decorator.py
[2025-04-22T20:13:04.518+0800] {processor.py:927} WARNING - No viable dags retrieved from /Users/yueyaoz/Downloads/IS3107-FinSum/.airflow/lib/python3.10/site-packages/airflow/example_dags/example_branch_operator_decorator.py
[2025-04-22T20:13:04.555+0800] {processor.py:208} INFO - Processing /Users/yueyaoz/Downloads/IS3107-FinSum/.airflow/lib/python3.10/site-packages/airflow/example_dags/example_branch_operator_decorator.py took 0.048 seconds
[2025-04-22T20:15:36.768+0800] {processor.py:186} INFO - Started process (PID=16505) to work on /Users/yueyaoz/Downloads/IS3107-FinSum/.airflow/lib/python3.10/site-packages/airflow/example_dags/example_branch_operator_decorator.py
[2025-04-22T20:15:36.768+0800] {processor.py:914} INFO - Processing file /Users/yueyaoz/Downloads/IS3107-FinSum/.airflow/lib/python3.10/site-packages/airflow/example_dags/example_branch_operator_decorator.py for tasks to queue
[2025-04-22T20:15:36.769+0800] {logging_mixin.py:190} INFO - [2025-04-22T20:15:36.769+0800] {dagbag.py:588} INFO - Filling up the DagBag from /Users/yueyaoz/Downloads/IS3107-FinSum/.airflow/lib/python3.10/site-packages/airflow/example_dags/example_branch_operator_decorator.py
[2025-04-22T20:15:36.777+0800] {processor.py:927} WARNING - No viable dags retrieved from /Users/yueyaoz/Downloads/IS3107-FinSum/.airflow/lib/python3.10/site-packages/airflow/example_dags/example_branch_operator_decorator.py
[2025-04-22T20:15:36.815+0800] {processor.py:208} INFO - Processing /Users/yueyaoz/Downloads/IS3107-FinSum/.airflow/lib/python3.10/site-packages/airflow/example_dags/example_branch_operator_decorator.py took 0.048 seconds
[2025-04-22T20:18:03.073+0800] {processor.py:186} INFO - Started process (PID=16696) to work on /Users/yueyaoz/Downloads/IS3107-FinSum/.airflow/lib/python3.10/site-packages/airflow/example_dags/example_branch_operator_decorator.py
[2025-04-22T20:18:03.073+0800] {processor.py:914} INFO - Processing file /Users/yueyaoz/Downloads/IS3107-FinSum/.airflow/lib/python3.10/site-packages/airflow/example_dags/example_branch_operator_decorator.py for tasks to queue
[2025-04-22T20:18:03.074+0800] {logging_mixin.py:190} INFO - [2025-04-22T20:18:03.074+0800] {dagbag.py:588} INFO - Filling up the DagBag from /Users/yueyaoz/Downloads/IS3107-FinSum/.airflow/lib/python3.10/site-packages/airflow/example_dags/example_branch_operator_decorator.py
[2025-04-22T20:18:03.082+0800] {processor.py:927} WARNING - No viable dags retrieved from /Users/yueyaoz/Downloads/IS3107-FinSum/.airflow/lib/python3.10/site-packages/airflow/example_dags/example_branch_operator_decorator.py
[2025-04-22T20:18:03.119+0800] {processor.py:208} INFO - Processing /Users/yueyaoz/Downloads/IS3107-FinSum/.airflow/lib/python3.10/site-packages/airflow/example_dags/example_branch_operator_decorator.py took 0.047 seconds
[2025-04-22T20:20:35.221+0800] {processor.py:186} INFO - Started process (PID=16890) to work on /Users/yueyaoz/Downloads/IS3107-FinSum/.airflow/lib/python3.10/site-packages/airflow/example_dags/example_branch_operator_decorator.py
[2025-04-22T20:20:35.222+0800] {processor.py:914} INFO - Processing file /Users/yueyaoz/Downloads/IS3107-FinSum/.airflow/lib/python3.10/site-packages/airflow/example_dags/example_branch_operator_decorator.py for tasks to queue
[2025-04-22T20:20:35.222+0800] {logging_mixin.py:190} INFO - [2025-04-22T20:20:35.222+0800] {dagbag.py:588} INFO - Filling up the DagBag from /Users/yueyaoz/Downloads/IS3107-FinSum/.airflow/lib/python3.10/site-packages/airflow/example_dags/example_branch_operator_decorator.py
[2025-04-22T20:20:35.230+0800] {processor.py:927} WARNING - No viable dags retrieved from /Users/yueyaoz/Downloads/IS3107-FinSum/.airflow/lib/python3.10/site-packages/airflow/example_dags/example_branch_operator_decorator.py
[2025-04-22T20:20:35.267+0800] {processor.py:208} INFO - Processing /Users/yueyaoz/Downloads/IS3107-FinSum/.airflow/lib/python3.10/site-packages/airflow/example_dags/example_branch_operator_decorator.py took 0.047 seconds
[2025-04-22T20:23:10.517+0800] {processor.py:186} INFO - Started process (PID=17110) to work on /Users/yueyaoz/Downloads/IS3107-FinSum/.airflow/lib/python3.10/site-packages/airflow/example_dags/example_branch_operator_decorator.py
[2025-04-22T20:23:10.518+0800] {processor.py:914} INFO - Processing file /Users/yueyaoz/Downloads/IS3107-FinSum/.airflow/lib/python3.10/site-packages/airflow/example_dags/example_branch_operator_decorator.py for tasks to queue
[2025-04-22T20:23:10.518+0800] {logging_mixin.py:190} INFO - [2025-04-22T20:23:10.518+0800] {dagbag.py:588} INFO - Filling up the DagBag from /Users/yueyaoz/Downloads/IS3107-FinSum/.airflow/lib/python3.10/site-packages/airflow/example_dags/example_branch_operator_decorator.py
[2025-04-22T20:23:10.526+0800] {processor.py:927} WARNING - No viable dags retrieved from /Users/yueyaoz/Downloads/IS3107-FinSum/.airflow/lib/python3.10/site-packages/airflow/example_dags/example_branch_operator_decorator.py
[2025-04-22T20:23:10.563+0800] {processor.py:208} INFO - Processing /Users/yueyaoz/Downloads/IS3107-FinSum/.airflow/lib/python3.10/site-packages/airflow/example_dags/example_branch_operator_decorator.py took 0.047 seconds
[2025-04-22T20:25:44.437+0800] {processor.py:186} INFO - Started process (PID=17316) to work on /Users/yueyaoz/Downloads/IS3107-FinSum/.airflow/lib/python3.10/site-packages/airflow/example_dags/example_branch_operator_decorator.py
[2025-04-22T20:25:44.438+0800] {processor.py:914} INFO - Processing file /Users/yueyaoz/Downloads/IS3107-FinSum/.airflow/lib/python3.10/site-packages/airflow/example_dags/example_branch_operator_decorator.py for tasks to queue
[2025-04-22T20:25:44.439+0800] {logging_mixin.py:190} INFO - [2025-04-22T20:25:44.439+0800] {dagbag.py:588} INFO - Filling up the DagBag from /Users/yueyaoz/Downloads/IS3107-FinSum/.airflow/lib/python3.10/site-packages/airflow/example_dags/example_branch_operator_decorator.py
[2025-04-22T20:25:44.447+0800] {processor.py:927} WARNING - No viable dags retrieved from /Users/yueyaoz/Downloads/IS3107-FinSum/.airflow/lib/python3.10/site-packages/airflow/example_dags/example_branch_operator_decorator.py
[2025-04-22T20:25:44.484+0800] {processor.py:208} INFO - Processing /Users/yueyaoz/Downloads/IS3107-FinSum/.airflow/lib/python3.10/site-packages/airflow/example_dags/example_branch_operator_decorator.py took 0.048 seconds
[2025-04-22T20:28:18.825+0800] {processor.py:186} INFO - Started process (PID=17523) to work on /Users/yueyaoz/Downloads/IS3107-FinSum/.airflow/lib/python3.10/site-packages/airflow/example_dags/example_branch_operator_decorator.py
[2025-04-22T20:28:18.827+0800] {processor.py:914} INFO - Processing file /Users/yueyaoz/Downloads/IS3107-FinSum/.airflow/lib/python3.10/site-packages/airflow/example_dags/example_branch_operator_decorator.py for tasks to queue
[2025-04-22T20:28:18.827+0800] {logging_mixin.py:190} INFO - [2025-04-22T20:28:18.827+0800] {dagbag.py:588} INFO - Filling up the DagBag from /Users/yueyaoz/Downloads/IS3107-FinSum/.airflow/lib/python3.10/site-packages/airflow/example_dags/example_branch_operator_decorator.py
[2025-04-22T20:28:18.836+0800] {processor.py:927} WARNING - No viable dags retrieved from /Users/yueyaoz/Downloads/IS3107-FinSum/.airflow/lib/python3.10/site-packages/airflow/example_dags/example_branch_operator_decorator.py
[2025-04-22T20:28:18.874+0800] {processor.py:208} INFO - Processing /Users/yueyaoz/Downloads/IS3107-FinSum/.airflow/lib/python3.10/site-packages/airflow/example_dags/example_branch_operator_decorator.py took 0.050 seconds
[2025-04-22T20:30:51.876+0800] {processor.py:186} INFO - Started process (PID=17742) to work on /Users/yueyaoz/Downloads/IS3107-FinSum/.airflow/lib/python3.10/site-packages/airflow/example_dags/example_branch_operator_decorator.py
[2025-04-22T20:30:51.877+0800] {processor.py:914} INFO - Processing file /Users/yueyaoz/Downloads/IS3107-FinSum/.airflow/lib/python3.10/site-packages/airflow/example_dags/example_branch_operator_decorator.py for tasks to queue
[2025-04-22T20:30:51.877+0800] {logging_mixin.py:190} INFO - [2025-04-22T20:30:51.877+0800] {dagbag.py:588} INFO - Filling up the DagBag from /Users/yueyaoz/Downloads/IS3107-FinSum/.airflow/lib/python3.10/site-packages/airflow/example_dags/example_branch_operator_decorator.py
[2025-04-22T20:30:51.887+0800] {processor.py:927} WARNING - No viable dags retrieved from /Users/yueyaoz/Downloads/IS3107-FinSum/.airflow/lib/python3.10/site-packages/airflow/example_dags/example_branch_operator_decorator.py
[2025-04-22T20:30:51.924+0800] {processor.py:208} INFO - Processing /Users/yueyaoz/Downloads/IS3107-FinSum/.airflow/lib/python3.10/site-packages/airflow/example_dags/example_branch_operator_decorator.py took 0.050 seconds
[2025-04-22T20:33:20.521+0800] {processor.py:186} INFO - Started process (PID=17936) to work on /Users/yueyaoz/Downloads/IS3107-FinSum/.airflow/lib/python3.10/site-packages/airflow/example_dags/example_branch_operator_decorator.py
[2025-04-22T20:33:20.522+0800] {processor.py:914} INFO - Processing file /Users/yueyaoz/Downloads/IS3107-FinSum/.airflow/lib/python3.10/site-packages/airflow/example_dags/example_branch_operator_decorator.py for tasks to queue
[2025-04-22T20:33:20.522+0800] {logging_mixin.py:190} INFO - [2025-04-22T20:33:20.522+0800] {dagbag.py:588} INFO - Filling up the DagBag from /Users/yueyaoz/Downloads/IS3107-FinSum/.airflow/lib/python3.10/site-packages/airflow/example_dags/example_branch_operator_decorator.py
[2025-04-22T20:33:20.531+0800] {processor.py:927} WARNING - No viable dags retrieved from /Users/yueyaoz/Downloads/IS3107-FinSum/.airflow/lib/python3.10/site-packages/airflow/example_dags/example_branch_operator_decorator.py
[2025-04-22T20:33:20.569+0800] {processor.py:208} INFO - Processing /Users/yueyaoz/Downloads/IS3107-FinSum/.airflow/lib/python3.10/site-packages/airflow/example_dags/example_branch_operator_decorator.py took 0.050 seconds
[2025-04-22T20:35:53.170+0800] {processor.py:186} INFO - Started process (PID=18149) to work on /Users/yueyaoz/Downloads/IS3107-FinSum/.airflow/lib/python3.10/site-packages/airflow/example_dags/example_branch_operator_decorator.py
[2025-04-22T20:35:53.170+0800] {processor.py:914} INFO - Processing file /Users/yueyaoz/Downloads/IS3107-FinSum/.airflow/lib/python3.10/site-packages/airflow/example_dags/example_branch_operator_decorator.py for tasks to queue
[2025-04-22T20:35:53.171+0800] {logging_mixin.py:190} INFO - [2025-04-22T20:35:53.171+0800] {dagbag.py:588} INFO - Filling up the DagBag from /Users/yueyaoz/Downloads/IS3107-FinSum/.airflow/lib/python3.10/site-packages/airflow/example_dags/example_branch_operator_decorator.py
[2025-04-22T20:35:53.179+0800] {processor.py:927} WARNING - No viable dags retrieved from /Users/yueyaoz/Downloads/IS3107-FinSum/.airflow/lib/python3.10/site-packages/airflow/example_dags/example_branch_operator_decorator.py
[2025-04-22T20:35:53.217+0800] {processor.py:208} INFO - Processing /Users/yueyaoz/Downloads/IS3107-FinSum/.airflow/lib/python3.10/site-packages/airflow/example_dags/example_branch_operator_decorator.py took 0.049 seconds
[2025-04-22T20:38:30.742+0800] {processor.py:186} INFO - Started process (PID=18342) to work on /Users/yueyaoz/Downloads/IS3107-FinSum/.airflow/lib/python3.10/site-packages/airflow/example_dags/example_branch_operator_decorator.py
[2025-04-22T20:38:30.743+0800] {processor.py:914} INFO - Processing file /Users/yueyaoz/Downloads/IS3107-FinSum/.airflow/lib/python3.10/site-packages/airflow/example_dags/example_branch_operator_decorator.py for tasks to queue
[2025-04-22T20:38:30.744+0800] {logging_mixin.py:190} INFO - [2025-04-22T20:38:30.743+0800] {dagbag.py:588} INFO - Filling up the DagBag from /Users/yueyaoz/Downloads/IS3107-FinSum/.airflow/lib/python3.10/site-packages/airflow/example_dags/example_branch_operator_decorator.py
[2025-04-22T20:38:30.752+0800] {processor.py:927} WARNING - No viable dags retrieved from /Users/yueyaoz/Downloads/IS3107-FinSum/.airflow/lib/python3.10/site-packages/airflow/example_dags/example_branch_operator_decorator.py
[2025-04-22T20:38:30.790+0800] {processor.py:208} INFO - Processing /Users/yueyaoz/Downloads/IS3107-FinSum/.airflow/lib/python3.10/site-packages/airflow/example_dags/example_branch_operator_decorator.py took 0.049 seconds
[2025-04-22T20:41:04.391+0800] {processor.py:186} INFO - Started process (PID=18541) to work on /Users/yueyaoz/Downloads/IS3107-FinSum/.airflow/lib/python3.10/site-packages/airflow/example_dags/example_branch_operator_decorator.py
[2025-04-22T20:41:04.391+0800] {processor.py:914} INFO - Processing file /Users/yueyaoz/Downloads/IS3107-FinSum/.airflow/lib/python3.10/site-packages/airflow/example_dags/example_branch_operator_decorator.py for tasks to queue
[2025-04-22T20:41:04.392+0800] {logging_mixin.py:190} INFO - [2025-04-22T20:41:04.392+0800] {dagbag.py:588} INFO - Filling up the DagBag from /Users/yueyaoz/Downloads/IS3107-FinSum/.airflow/lib/python3.10/site-packages/airflow/example_dags/example_branch_operator_decorator.py
[2025-04-22T20:41:04.400+0800] {processor.py:927} WARNING - No viable dags retrieved from /Users/yueyaoz/Downloads/IS3107-FinSum/.airflow/lib/python3.10/site-packages/airflow/example_dags/example_branch_operator_decorator.py
[2025-04-22T20:41:04.439+0800] {processor.py:208} INFO - Processing /Users/yueyaoz/Downloads/IS3107-FinSum/.airflow/lib/python3.10/site-packages/airflow/example_dags/example_branch_operator_decorator.py took 0.049 seconds
[2025-04-22T20:43:40.743+0800] {processor.py:186} INFO - Started process (PID=18743) to work on /Users/yueyaoz/Downloads/IS3107-FinSum/.airflow/lib/python3.10/site-packages/airflow/example_dags/example_branch_operator_decorator.py
[2025-04-22T20:43:40.744+0800] {processor.py:914} INFO - Processing file /Users/yueyaoz/Downloads/IS3107-FinSum/.airflow/lib/python3.10/site-packages/airflow/example_dags/example_branch_operator_decorator.py for tasks to queue
[2025-04-22T20:43:40.744+0800] {logging_mixin.py:190} INFO - [2025-04-22T20:43:40.744+0800] {dagbag.py:588} INFO - Filling up the DagBag from /Users/yueyaoz/Downloads/IS3107-FinSum/.airflow/lib/python3.10/site-packages/airflow/example_dags/example_branch_operator_decorator.py
[2025-04-22T20:43:40.753+0800] {processor.py:927} WARNING - No viable dags retrieved from /Users/yueyaoz/Downloads/IS3107-FinSum/.airflow/lib/python3.10/site-packages/airflow/example_dags/example_branch_operator_decorator.py
[2025-04-22T20:43:40.790+0800] {processor.py:208} INFO - Processing /Users/yueyaoz/Downloads/IS3107-FinSum/.airflow/lib/python3.10/site-packages/airflow/example_dags/example_branch_operator_decorator.py took 0.049 seconds
[2025-04-22T20:46:16.187+0800] {processor.py:186} INFO - Started process (PID=18935) to work on /Users/yueyaoz/Downloads/IS3107-FinSum/.airflow/lib/python3.10/site-packages/airflow/example_dags/example_branch_operator_decorator.py
[2025-04-22T20:46:16.189+0800] {processor.py:914} INFO - Processing file /Users/yueyaoz/Downloads/IS3107-FinSum/.airflow/lib/python3.10/site-packages/airflow/example_dags/example_branch_operator_decorator.py for tasks to queue
[2025-04-22T20:46:16.189+0800] {logging_mixin.py:190} INFO - [2025-04-22T20:46:16.189+0800] {dagbag.py:588} INFO - Filling up the DagBag from /Users/yueyaoz/Downloads/IS3107-FinSum/.airflow/lib/python3.10/site-packages/airflow/example_dags/example_branch_operator_decorator.py
[2025-04-22T20:46:16.197+0800] {processor.py:927} WARNING - No viable dags retrieved from /Users/yueyaoz/Downloads/IS3107-FinSum/.airflow/lib/python3.10/site-packages/airflow/example_dags/example_branch_operator_decorator.py
[2025-04-22T20:46:16.234+0800] {processor.py:208} INFO - Processing /Users/yueyaoz/Downloads/IS3107-FinSum/.airflow/lib/python3.10/site-packages/airflow/example_dags/example_branch_operator_decorator.py took 0.049 seconds
[2025-04-22T20:48:49.223+0800] {processor.py:186} INFO - Started process (PID=19126) to work on /Users/yueyaoz/Downloads/IS3107-FinSum/.airflow/lib/python3.10/site-packages/airflow/example_dags/example_branch_operator_decorator.py
[2025-04-22T20:48:49.224+0800] {processor.py:914} INFO - Processing file /Users/yueyaoz/Downloads/IS3107-FinSum/.airflow/lib/python3.10/site-packages/airflow/example_dags/example_branch_operator_decorator.py for tasks to queue
[2025-04-22T20:48:49.225+0800] {logging_mixin.py:190} INFO - [2025-04-22T20:48:49.224+0800] {dagbag.py:588} INFO - Filling up the DagBag from /Users/yueyaoz/Downloads/IS3107-FinSum/.airflow/lib/python3.10/site-packages/airflow/example_dags/example_branch_operator_decorator.py
[2025-04-22T20:48:49.233+0800] {processor.py:927} WARNING - No viable dags retrieved from /Users/yueyaoz/Downloads/IS3107-FinSum/.airflow/lib/python3.10/site-packages/airflow/example_dags/example_branch_operator_decorator.py
[2025-04-22T20:48:49.271+0800] {processor.py:208} INFO - Processing /Users/yueyaoz/Downloads/IS3107-FinSum/.airflow/lib/python3.10/site-packages/airflow/example_dags/example_branch_operator_decorator.py took 0.050 seconds
[2025-04-22T20:51:20.669+0800] {processor.py:186} INFO - Started process (PID=19319) to work on /Users/yueyaoz/Downloads/IS3107-FinSum/.airflow/lib/python3.10/site-packages/airflow/example_dags/example_branch_operator_decorator.py
[2025-04-22T20:51:20.670+0800] {processor.py:914} INFO - Processing file /Users/yueyaoz/Downloads/IS3107-FinSum/.airflow/lib/python3.10/site-packages/airflow/example_dags/example_branch_operator_decorator.py for tasks to queue
[2025-04-22T20:51:20.671+0800] {logging_mixin.py:190} INFO - [2025-04-22T20:51:20.671+0800] {dagbag.py:588} INFO - Filling up the DagBag from /Users/yueyaoz/Downloads/IS3107-FinSum/.airflow/lib/python3.10/site-packages/airflow/example_dags/example_branch_operator_decorator.py
[2025-04-22T20:51:20.679+0800] {processor.py:927} WARNING - No viable dags retrieved from /Users/yueyaoz/Downloads/IS3107-FinSum/.airflow/lib/python3.10/site-packages/airflow/example_dags/example_branch_operator_decorator.py
[2025-04-22T20:51:20.717+0800] {processor.py:208} INFO - Processing /Users/yueyaoz/Downloads/IS3107-FinSum/.airflow/lib/python3.10/site-packages/airflow/example_dags/example_branch_operator_decorator.py took 0.049 seconds
[2025-04-22T20:53:56.197+0800] {processor.py:186} INFO - Started process (PID=19519) to work on /Users/yueyaoz/Downloads/IS3107-FinSum/.airflow/lib/python3.10/site-packages/airflow/example_dags/example_branch_operator_decorator.py
[2025-04-22T20:53:56.198+0800] {processor.py:914} INFO - Processing file /Users/yueyaoz/Downloads/IS3107-FinSum/.airflow/lib/python3.10/site-packages/airflow/example_dags/example_branch_operator_decorator.py for tasks to queue
[2025-04-22T20:53:56.198+0800] {logging_mixin.py:190} INFO - [2025-04-22T20:53:56.198+0800] {dagbag.py:588} INFO - Filling up the DagBag from /Users/yueyaoz/Downloads/IS3107-FinSum/.airflow/lib/python3.10/site-packages/airflow/example_dags/example_branch_operator_decorator.py
[2025-04-22T20:53:56.207+0800] {processor.py:927} WARNING - No viable dags retrieved from /Users/yueyaoz/Downloads/IS3107-FinSum/.airflow/lib/python3.10/site-packages/airflow/example_dags/example_branch_operator_decorator.py
[2025-04-22T20:53:56.246+0800] {processor.py:208} INFO - Processing /Users/yueyaoz/Downloads/IS3107-FinSum/.airflow/lib/python3.10/site-packages/airflow/example_dags/example_branch_operator_decorator.py took 0.050 seconds
[2025-04-22T20:56:27.888+0800] {processor.py:186} INFO - Started process (PID=19718) to work on /Users/yueyaoz/Downloads/IS3107-FinSum/.airflow/lib/python3.10/site-packages/airflow/example_dags/example_branch_operator_decorator.py
[2025-04-22T20:56:27.889+0800] {processor.py:914} INFO - Processing file /Users/yueyaoz/Downloads/IS3107-FinSum/.airflow/lib/python3.10/site-packages/airflow/example_dags/example_branch_operator_decorator.py for tasks to queue
[2025-04-22T20:56:27.889+0800] {logging_mixin.py:190} INFO - [2025-04-22T20:56:27.889+0800] {dagbag.py:588} INFO - Filling up the DagBag from /Users/yueyaoz/Downloads/IS3107-FinSum/.airflow/lib/python3.10/site-packages/airflow/example_dags/example_branch_operator_decorator.py
[2025-04-22T20:56:27.898+0800] {processor.py:927} WARNING - No viable dags retrieved from /Users/yueyaoz/Downloads/IS3107-FinSum/.airflow/lib/python3.10/site-packages/airflow/example_dags/example_branch_operator_decorator.py
[2025-04-22T20:56:27.936+0800] {processor.py:208} INFO - Processing /Users/yueyaoz/Downloads/IS3107-FinSum/.airflow/lib/python3.10/site-packages/airflow/example_dags/example_branch_operator_decorator.py took 0.049 seconds
[2025-04-22T20:59:03.376+0800] {processor.py:186} INFO - Started process (PID=19910) to work on /Users/yueyaoz/Downloads/IS3107-FinSum/.airflow/lib/python3.10/site-packages/airflow/example_dags/example_branch_operator_decorator.py
[2025-04-22T20:59:03.377+0800] {processor.py:914} INFO - Processing file /Users/yueyaoz/Downloads/IS3107-FinSum/.airflow/lib/python3.10/site-packages/airflow/example_dags/example_branch_operator_decorator.py for tasks to queue
[2025-04-22T20:59:03.377+0800] {logging_mixin.py:190} INFO - [2025-04-22T20:59:03.377+0800] {dagbag.py:588} INFO - Filling up the DagBag from /Users/yueyaoz/Downloads/IS3107-FinSum/.airflow/lib/python3.10/site-packages/airflow/example_dags/example_branch_operator_decorator.py
[2025-04-22T20:59:03.386+0800] {processor.py:927} WARNING - No viable dags retrieved from /Users/yueyaoz/Downloads/IS3107-FinSum/.airflow/lib/python3.10/site-packages/airflow/example_dags/example_branch_operator_decorator.py
[2025-04-22T20:59:03.422+0800] {processor.py:208} INFO - Processing /Users/yueyaoz/Downloads/IS3107-FinSum/.airflow/lib/python3.10/site-packages/airflow/example_dags/example_branch_operator_decorator.py took 0.048 seconds
[2025-04-22T21:01:40.562+0800] {processor.py:186} INFO - Started process (PID=20228) to work on /Users/yueyaoz/Downloads/IS3107-FinSum/.airflow/lib/python3.10/site-packages/airflow/example_dags/example_branch_operator_decorator.py
[2025-04-22T21:01:40.563+0800] {processor.py:914} INFO - Processing file /Users/yueyaoz/Downloads/IS3107-FinSum/.airflow/lib/python3.10/site-packages/airflow/example_dags/example_branch_operator_decorator.py for tasks to queue
[2025-04-22T21:01:40.564+0800] {logging_mixin.py:190} INFO - [2025-04-22T21:01:40.563+0800] {dagbag.py:588} INFO - Filling up the DagBag from /Users/yueyaoz/Downloads/IS3107-FinSum/.airflow/lib/python3.10/site-packages/airflow/example_dags/example_branch_operator_decorator.py
[2025-04-22T21:01:40.572+0800] {processor.py:927} WARNING - No viable dags retrieved from /Users/yueyaoz/Downloads/IS3107-FinSum/.airflow/lib/python3.10/site-packages/airflow/example_dags/example_branch_operator_decorator.py
[2025-04-22T21:01:40.611+0800] {processor.py:208} INFO - Processing /Users/yueyaoz/Downloads/IS3107-FinSum/.airflow/lib/python3.10/site-packages/airflow/example_dags/example_branch_operator_decorator.py took 0.050 seconds
[2025-04-22T21:04:12.353+0800] {processor.py:186} INFO - Started process (PID=20427) to work on /Users/yueyaoz/Downloads/IS3107-FinSum/.airflow/lib/python3.10/site-packages/airflow/example_dags/example_branch_operator_decorator.py
[2025-04-22T21:04:12.354+0800] {processor.py:914} INFO - Processing file /Users/yueyaoz/Downloads/IS3107-FinSum/.airflow/lib/python3.10/site-packages/airflow/example_dags/example_branch_operator_decorator.py for tasks to queue
[2025-04-22T21:04:12.354+0800] {logging_mixin.py:190} INFO - [2025-04-22T21:04:12.354+0800] {dagbag.py:588} INFO - Filling up the DagBag from /Users/yueyaoz/Downloads/IS3107-FinSum/.airflow/lib/python3.10/site-packages/airflow/example_dags/example_branch_operator_decorator.py
[2025-04-22T21:04:12.362+0800] {processor.py:927} WARNING - No viable dags retrieved from /Users/yueyaoz/Downloads/IS3107-FinSum/.airflow/lib/python3.10/site-packages/airflow/example_dags/example_branch_operator_decorator.py
[2025-04-22T21:04:12.399+0800] {processor.py:208} INFO - Processing /Users/yueyaoz/Downloads/IS3107-FinSum/.airflow/lib/python3.10/site-packages/airflow/example_dags/example_branch_operator_decorator.py took 0.048 seconds
[2025-04-22T21:06:45.931+0800] {processor.py:186} INFO - Started process (PID=20615) to work on /Users/yueyaoz/Downloads/IS3107-FinSum/.airflow/lib/python3.10/site-packages/airflow/example_dags/example_branch_operator_decorator.py
[2025-04-22T21:06:45.933+0800] {processor.py:914} INFO - Processing file /Users/yueyaoz/Downloads/IS3107-FinSum/.airflow/lib/python3.10/site-packages/airflow/example_dags/example_branch_operator_decorator.py for tasks to queue
[2025-04-22T21:06:45.933+0800] {logging_mixin.py:190} INFO - [2025-04-22T21:06:45.933+0800] {dagbag.py:588} INFO - Filling up the DagBag from /Users/yueyaoz/Downloads/IS3107-FinSum/.airflow/lib/python3.10/site-packages/airflow/example_dags/example_branch_operator_decorator.py
[2025-04-22T21:06:45.941+0800] {processor.py:927} WARNING - No viable dags retrieved from /Users/yueyaoz/Downloads/IS3107-FinSum/.airflow/lib/python3.10/site-packages/airflow/example_dags/example_branch_operator_decorator.py
[2025-04-22T21:06:45.979+0800] {processor.py:208} INFO - Processing /Users/yueyaoz/Downloads/IS3107-FinSum/.airflow/lib/python3.10/site-packages/airflow/example_dags/example_branch_operator_decorator.py took 0.049 seconds
[2025-04-22T21:09:20.088+0800] {processor.py:186} INFO - Started process (PID=20814) to work on /Users/yueyaoz/Downloads/IS3107-FinSum/.airflow/lib/python3.10/site-packages/airflow/example_dags/example_branch_operator_decorator.py
[2025-04-22T21:09:20.089+0800] {processor.py:914} INFO - Processing file /Users/yueyaoz/Downloads/IS3107-FinSum/.airflow/lib/python3.10/site-packages/airflow/example_dags/example_branch_operator_decorator.py for tasks to queue
[2025-04-22T21:09:20.090+0800] {logging_mixin.py:190} INFO - [2025-04-22T21:09:20.090+0800] {dagbag.py:588} INFO - Filling up the DagBag from /Users/yueyaoz/Downloads/IS3107-FinSum/.airflow/lib/python3.10/site-packages/airflow/example_dags/example_branch_operator_decorator.py
[2025-04-22T21:09:20.098+0800] {processor.py:927} WARNING - No viable dags retrieved from /Users/yueyaoz/Downloads/IS3107-FinSum/.airflow/lib/python3.10/site-packages/airflow/example_dags/example_branch_operator_decorator.py
[2025-04-22T21:09:20.135+0800] {processor.py:208} INFO - Processing /Users/yueyaoz/Downloads/IS3107-FinSum/.airflow/lib/python3.10/site-packages/airflow/example_dags/example_branch_operator_decorator.py took 0.048 seconds
[2025-04-22T21:11:48.355+0800] {processor.py:186} INFO - Started process (PID=21015) to work on /Users/yueyaoz/Downloads/IS3107-FinSum/.airflow/lib/python3.10/site-packages/airflow/example_dags/example_branch_operator_decorator.py
[2025-04-22T21:11:48.357+0800] {processor.py:914} INFO - Processing file /Users/yueyaoz/Downloads/IS3107-FinSum/.airflow/lib/python3.10/site-packages/airflow/example_dags/example_branch_operator_decorator.py for tasks to queue
[2025-04-22T21:11:48.357+0800] {logging_mixin.py:190} INFO - [2025-04-22T21:11:48.357+0800] {dagbag.py:588} INFO - Filling up the DagBag from /Users/yueyaoz/Downloads/IS3107-FinSum/.airflow/lib/python3.10/site-packages/airflow/example_dags/example_branch_operator_decorator.py
[2025-04-22T21:11:48.366+0800] {processor.py:927} WARNING - No viable dags retrieved from /Users/yueyaoz/Downloads/IS3107-FinSum/.airflow/lib/python3.10/site-packages/airflow/example_dags/example_branch_operator_decorator.py
[2025-04-22T21:11:48.403+0800] {processor.py:208} INFO - Processing /Users/yueyaoz/Downloads/IS3107-FinSum/.airflow/lib/python3.10/site-packages/airflow/example_dags/example_branch_operator_decorator.py took 0.049 seconds
[2025-04-22T21:14:17.166+0800] {processor.py:186} INFO - Started process (PID=21205) to work on /Users/yueyaoz/Downloads/IS3107-FinSum/.airflow/lib/python3.10/site-packages/airflow/example_dags/example_branch_operator_decorator.py
[2025-04-22T21:14:17.167+0800] {processor.py:914} INFO - Processing file /Users/yueyaoz/Downloads/IS3107-FinSum/.airflow/lib/python3.10/site-packages/airflow/example_dags/example_branch_operator_decorator.py for tasks to queue
[2025-04-22T21:14:17.167+0800] {logging_mixin.py:190} INFO - [2025-04-22T21:14:17.167+0800] {dagbag.py:588} INFO - Filling up the DagBag from /Users/yueyaoz/Downloads/IS3107-FinSum/.airflow/lib/python3.10/site-packages/airflow/example_dags/example_branch_operator_decorator.py
[2025-04-22T21:14:17.175+0800] {processor.py:927} WARNING - No viable dags retrieved from /Users/yueyaoz/Downloads/IS3107-FinSum/.airflow/lib/python3.10/site-packages/airflow/example_dags/example_branch_operator_decorator.py
[2025-04-22T21:14:17.213+0800] {processor.py:208} INFO - Processing /Users/yueyaoz/Downloads/IS3107-FinSum/.airflow/lib/python3.10/site-packages/airflow/example_dags/example_branch_operator_decorator.py took 0.049 seconds
[2025-04-22T21:16:51.430+0800] {processor.py:186} INFO - Started process (PID=21403) to work on /Users/yueyaoz/Downloads/IS3107-FinSum/.airflow/lib/python3.10/site-packages/airflow/example_dags/example_branch_operator_decorator.py
[2025-04-22T21:16:51.431+0800] {processor.py:914} INFO - Processing file /Users/yueyaoz/Downloads/IS3107-FinSum/.airflow/lib/python3.10/site-packages/airflow/example_dags/example_branch_operator_decorator.py for tasks to queue
[2025-04-22T21:16:51.432+0800] {logging_mixin.py:190} INFO - [2025-04-22T21:16:51.431+0800] {dagbag.py:588} INFO - Filling up the DagBag from /Users/yueyaoz/Downloads/IS3107-FinSum/.airflow/lib/python3.10/site-packages/airflow/example_dags/example_branch_operator_decorator.py
[2025-04-22T21:16:51.440+0800] {processor.py:927} WARNING - No viable dags retrieved from /Users/yueyaoz/Downloads/IS3107-FinSum/.airflow/lib/python3.10/site-packages/airflow/example_dags/example_branch_operator_decorator.py
[2025-04-22T21:16:51.478+0800] {processor.py:208} INFO - Processing /Users/yueyaoz/Downloads/IS3107-FinSum/.airflow/lib/python3.10/site-packages/airflow/example_dags/example_branch_operator_decorator.py took 0.049 seconds
[2025-04-22T21:19:26.875+0800] {processor.py:186} INFO - Started process (PID=21600) to work on /Users/yueyaoz/Downloads/IS3107-FinSum/.airflow/lib/python3.10/site-packages/airflow/example_dags/example_branch_operator_decorator.py
[2025-04-22T21:19:26.876+0800] {processor.py:914} INFO - Processing file /Users/yueyaoz/Downloads/IS3107-FinSum/.airflow/lib/python3.10/site-packages/airflow/example_dags/example_branch_operator_decorator.py for tasks to queue
[2025-04-22T21:19:26.876+0800] {logging_mixin.py:190} INFO - [2025-04-22T21:19:26.876+0800] {dagbag.py:588} INFO - Filling up the DagBag from /Users/yueyaoz/Downloads/IS3107-FinSum/.airflow/lib/python3.10/site-packages/airflow/example_dags/example_branch_operator_decorator.py
[2025-04-22T21:19:26.884+0800] {processor.py:927} WARNING - No viable dags retrieved from /Users/yueyaoz/Downloads/IS3107-FinSum/.airflow/lib/python3.10/site-packages/airflow/example_dags/example_branch_operator_decorator.py
[2025-04-22T21:19:26.921+0800] {processor.py:208} INFO - Processing /Users/yueyaoz/Downloads/IS3107-FinSum/.airflow/lib/python3.10/site-packages/airflow/example_dags/example_branch_operator_decorator.py took 0.048 seconds
[2025-04-22T21:22:04.384+0800] {processor.py:186} INFO - Started process (PID=21799) to work on /Users/yueyaoz/Downloads/IS3107-FinSum/.airflow/lib/python3.10/site-packages/airflow/example_dags/example_branch_operator_decorator.py
[2025-04-22T21:22:04.385+0800] {processor.py:914} INFO - Processing file /Users/yueyaoz/Downloads/IS3107-FinSum/.airflow/lib/python3.10/site-packages/airflow/example_dags/example_branch_operator_decorator.py for tasks to queue
[2025-04-22T21:22:04.385+0800] {logging_mixin.py:190} INFO - [2025-04-22T21:22:04.385+0800] {dagbag.py:588} INFO - Filling up the DagBag from /Users/yueyaoz/Downloads/IS3107-FinSum/.airflow/lib/python3.10/site-packages/airflow/example_dags/example_branch_operator_decorator.py
[2025-04-22T21:22:04.394+0800] {processor.py:927} WARNING - No viable dags retrieved from /Users/yueyaoz/Downloads/IS3107-FinSum/.airflow/lib/python3.10/site-packages/airflow/example_dags/example_branch_operator_decorator.py
[2025-04-22T21:22:04.431+0800] {processor.py:208} INFO - Processing /Users/yueyaoz/Downloads/IS3107-FinSum/.airflow/lib/python3.10/site-packages/airflow/example_dags/example_branch_operator_decorator.py took 0.049 seconds
[2025-04-22T21:24:38.627+0800] {processor.py:186} INFO - Started process (PID=21999) to work on /Users/yueyaoz/Downloads/IS3107-FinSum/.airflow/lib/python3.10/site-packages/airflow/example_dags/example_branch_operator_decorator.py
[2025-04-22T21:24:38.628+0800] {processor.py:914} INFO - Processing file /Users/yueyaoz/Downloads/IS3107-FinSum/.airflow/lib/python3.10/site-packages/airflow/example_dags/example_branch_operator_decorator.py for tasks to queue
[2025-04-22T21:24:38.629+0800] {logging_mixin.py:190} INFO - [2025-04-22T21:24:38.629+0800] {dagbag.py:588} INFO - Filling up the DagBag from /Users/yueyaoz/Downloads/IS3107-FinSum/.airflow/lib/python3.10/site-packages/airflow/example_dags/example_branch_operator_decorator.py
[2025-04-22T21:24:38.637+0800] {processor.py:927} WARNING - No viable dags retrieved from /Users/yueyaoz/Downloads/IS3107-FinSum/.airflow/lib/python3.10/site-packages/airflow/example_dags/example_branch_operator_decorator.py
[2025-04-22T21:24:38.675+0800] {processor.py:208} INFO - Processing /Users/yueyaoz/Downloads/IS3107-FinSum/.airflow/lib/python3.10/site-packages/airflow/example_dags/example_branch_operator_decorator.py took 0.050 seconds
[2025-04-22T21:27:19.053+0800] {processor.py:186} INFO - Started process (PID=22201) to work on /Users/yueyaoz/Downloads/IS3107-FinSum/.airflow/lib/python3.10/site-packages/airflow/example_dags/example_branch_operator_decorator.py
[2025-04-22T21:27:19.054+0800] {processor.py:914} INFO - Processing file /Users/yueyaoz/Downloads/IS3107-FinSum/.airflow/lib/python3.10/site-packages/airflow/example_dags/example_branch_operator_decorator.py for tasks to queue
[2025-04-22T21:27:19.055+0800] {logging_mixin.py:190} INFO - [2025-04-22T21:27:19.055+0800] {dagbag.py:588} INFO - Filling up the DagBag from /Users/yueyaoz/Downloads/IS3107-FinSum/.airflow/lib/python3.10/site-packages/airflow/example_dags/example_branch_operator_decorator.py
[2025-04-22T21:27:19.063+0800] {processor.py:927} WARNING - No viable dags retrieved from /Users/yueyaoz/Downloads/IS3107-FinSum/.airflow/lib/python3.10/site-packages/airflow/example_dags/example_branch_operator_decorator.py
[2025-04-22T21:27:19.100+0800] {processor.py:208} INFO - Processing /Users/yueyaoz/Downloads/IS3107-FinSum/.airflow/lib/python3.10/site-packages/airflow/example_dags/example_branch_operator_decorator.py took 0.048 seconds
[2025-04-22T21:29:52.564+0800] {processor.py:186} INFO - Started process (PID=22436) to work on /Users/yueyaoz/Downloads/IS3107-FinSum/.airflow/lib/python3.10/site-packages/airflow/example_dags/example_branch_operator_decorator.py
[2025-04-22T21:29:52.564+0800] {processor.py:914} INFO - Processing file /Users/yueyaoz/Downloads/IS3107-FinSum/.airflow/lib/python3.10/site-packages/airflow/example_dags/example_branch_operator_decorator.py for tasks to queue
[2025-04-22T21:29:52.565+0800] {logging_mixin.py:190} INFO - [2025-04-22T21:29:52.565+0800] {dagbag.py:588} INFO - Filling up the DagBag from /Users/yueyaoz/Downloads/IS3107-FinSum/.airflow/lib/python3.10/site-packages/airflow/example_dags/example_branch_operator_decorator.py
[2025-04-22T21:29:52.573+0800] {processor.py:927} WARNING - No viable dags retrieved from /Users/yueyaoz/Downloads/IS3107-FinSum/.airflow/lib/python3.10/site-packages/airflow/example_dags/example_branch_operator_decorator.py
[2025-04-22T21:29:52.610+0800] {processor.py:208} INFO - Processing /Users/yueyaoz/Downloads/IS3107-FinSum/.airflow/lib/python3.10/site-packages/airflow/example_dags/example_branch_operator_decorator.py took 0.047 seconds
[2025-04-22T21:32:27.748+0800] {processor.py:186} INFO - Started process (PID=22687) to work on /Users/yueyaoz/Downloads/IS3107-FinSum/.airflow/lib/python3.10/site-packages/airflow/example_dags/example_branch_operator_decorator.py
[2025-04-22T21:32:27.750+0800] {processor.py:914} INFO - Processing file /Users/yueyaoz/Downloads/IS3107-FinSum/.airflow/lib/python3.10/site-packages/airflow/example_dags/example_branch_operator_decorator.py for tasks to queue
[2025-04-22T21:32:27.750+0800] {logging_mixin.py:190} INFO - [2025-04-22T21:32:27.750+0800] {dagbag.py:588} INFO - Filling up the DagBag from /Users/yueyaoz/Downloads/IS3107-FinSum/.airflow/lib/python3.10/site-packages/airflow/example_dags/example_branch_operator_decorator.py
[2025-04-22T21:32:27.759+0800] {processor.py:927} WARNING - No viable dags retrieved from /Users/yueyaoz/Downloads/IS3107-FinSum/.airflow/lib/python3.10/site-packages/airflow/example_dags/example_branch_operator_decorator.py
[2025-04-22T21:32:27.796+0800] {processor.py:208} INFO - Processing /Users/yueyaoz/Downloads/IS3107-FinSum/.airflow/lib/python3.10/site-packages/airflow/example_dags/example_branch_operator_decorator.py took 0.049 seconds
[2025-04-22T21:35:02.387+0800] {processor.py:186} INFO - Started process (PID=22919) to work on /Users/yueyaoz/Downloads/IS3107-FinSum/.airflow/lib/python3.10/site-packages/airflow/example_dags/example_branch_operator_decorator.py
[2025-04-22T21:35:02.390+0800] {processor.py:914} INFO - Processing file /Users/yueyaoz/Downloads/IS3107-FinSum/.airflow/lib/python3.10/site-packages/airflow/example_dags/example_branch_operator_decorator.py for tasks to queue
[2025-04-22T21:35:02.391+0800] {logging_mixin.py:190} INFO - [2025-04-22T21:35:02.391+0800] {dagbag.py:588} INFO - Filling up the DagBag from /Users/yueyaoz/Downloads/IS3107-FinSum/.airflow/lib/python3.10/site-packages/airflow/example_dags/example_branch_operator_decorator.py
[2025-04-22T21:35:02.400+0800] {processor.py:927} WARNING - No viable dags retrieved from /Users/yueyaoz/Downloads/IS3107-FinSum/.airflow/lib/python3.10/site-packages/airflow/example_dags/example_branch_operator_decorator.py
[2025-04-22T21:35:02.439+0800] {processor.py:208} INFO - Processing /Users/yueyaoz/Downloads/IS3107-FinSum/.airflow/lib/python3.10/site-packages/airflow/example_dags/example_branch_operator_decorator.py took 0.054 seconds
[2025-04-22T22:59:18.882+0800] {processor.py:186} INFO - Started process (PID=23223) to work on /Users/yueyaoz/Downloads/IS3107-FinSum/.airflow/lib/python3.10/site-packages/airflow/example_dags/example_branch_operator_decorator.py
[2025-04-22T22:59:18.883+0800] {processor.py:914} INFO - Processing file /Users/yueyaoz/Downloads/IS3107-FinSum/.airflow/lib/python3.10/site-packages/airflow/example_dags/example_branch_operator_decorator.py for tasks to queue
[2025-04-22T22:59:18.883+0800] {logging_mixin.py:190} INFO - [2025-04-22T22:59:18.883+0800] {dagbag.py:588} INFO - Filling up the DagBag from /Users/yueyaoz/Downloads/IS3107-FinSum/.airflow/lib/python3.10/site-packages/airflow/example_dags/example_branch_operator_decorator.py
[2025-04-22T22:59:18.892+0800] {processor.py:927} WARNING - No viable dags retrieved from /Users/yueyaoz/Downloads/IS3107-FinSum/.airflow/lib/python3.10/site-packages/airflow/example_dags/example_branch_operator_decorator.py
[2025-04-22T22:59:18.929+0800] {processor.py:208} INFO - Processing /Users/yueyaoz/Downloads/IS3107-FinSum/.airflow/lib/python3.10/site-packages/airflow/example_dags/example_branch_operator_decorator.py took 0.049 seconds
[2025-04-22T23:33:24.396+0800] {processor.py:186} INFO - Started process (PID=23424) to work on /Users/yueyaoz/Downloads/IS3107-FinSum/.airflow/lib/python3.10/site-packages/airflow/example_dags/example_branch_operator_decorator.py
[2025-04-22T23:33:24.396+0800] {processor.py:914} INFO - Processing file /Users/yueyaoz/Downloads/IS3107-FinSum/.airflow/lib/python3.10/site-packages/airflow/example_dags/example_branch_operator_decorator.py for tasks to queue
[2025-04-22T23:33:24.397+0800] {logging_mixin.py:190} INFO - [2025-04-22T23:33:24.396+0800] {dagbag.py:588} INFO - Filling up the DagBag from /Users/yueyaoz/Downloads/IS3107-FinSum/.airflow/lib/python3.10/site-packages/airflow/example_dags/example_branch_operator_decorator.py
[2025-04-22T23:33:24.407+0800] {processor.py:927} WARNING - No viable dags retrieved from /Users/yueyaoz/Downloads/IS3107-FinSum/.airflow/lib/python3.10/site-packages/airflow/example_dags/example_branch_operator_decorator.py
[2025-04-22T23:33:24.448+0800] {processor.py:208} INFO - Processing /Users/yueyaoz/Downloads/IS3107-FinSum/.airflow/lib/python3.10/site-packages/airflow/example_dags/example_branch_operator_decorator.py took 0.053 seconds
[2025-04-23T01:44:38.509+0800] {processor.py:186} INFO - Started process (PID=23635) to work on /Users/yueyaoz/Downloads/IS3107-FinSum/.airflow/lib/python3.10/site-packages/airflow/example_dags/example_branch_operator_decorator.py
[2025-04-23T01:44:38.510+0800] {processor.py:914} INFO - Processing file /Users/yueyaoz/Downloads/IS3107-FinSum/.airflow/lib/python3.10/site-packages/airflow/example_dags/example_branch_operator_decorator.py for tasks to queue
[2025-04-23T01:44:38.511+0800] {logging_mixin.py:190} INFO - [2025-04-23T01:44:38.511+0800] {dagbag.py:588} INFO - Filling up the DagBag from /Users/yueyaoz/Downloads/IS3107-FinSum/.airflow/lib/python3.10/site-packages/airflow/example_dags/example_branch_operator_decorator.py
[2025-04-23T01:44:38.519+0800] {processor.py:927} WARNING - No viable dags retrieved from /Users/yueyaoz/Downloads/IS3107-FinSum/.airflow/lib/python3.10/site-packages/airflow/example_dags/example_branch_operator_decorator.py
[2025-04-23T01:44:38.557+0800] {processor.py:208} INFO - Processing /Users/yueyaoz/Downloads/IS3107-FinSum/.airflow/lib/python3.10/site-packages/airflow/example_dags/example_branch_operator_decorator.py took 0.049 seconds
[2025-04-23T02:20:13.516+0800] {processor.py:186} INFO - Started process (PID=23836) to work on /Users/yueyaoz/Downloads/IS3107-FinSum/.airflow/lib/python3.10/site-packages/airflow/example_dags/example_branch_operator_decorator.py
[2025-04-23T02:20:13.517+0800] {processor.py:914} INFO - Processing file /Users/yueyaoz/Downloads/IS3107-FinSum/.airflow/lib/python3.10/site-packages/airflow/example_dags/example_branch_operator_decorator.py for tasks to queue
[2025-04-23T02:20:13.518+0800] {logging_mixin.py:190} INFO - [2025-04-23T02:20:13.518+0800] {dagbag.py:588} INFO - Filling up the DagBag from /Users/yueyaoz/Downloads/IS3107-FinSum/.airflow/lib/python3.10/site-packages/airflow/example_dags/example_branch_operator_decorator.py
[2025-04-23T02:20:13.527+0800] {processor.py:927} WARNING - No viable dags retrieved from /Users/yueyaoz/Downloads/IS3107-FinSum/.airflow/lib/python3.10/site-packages/airflow/example_dags/example_branch_operator_decorator.py
[2025-04-23T02:20:13.563+0800] {processor.py:208} INFO - Processing /Users/yueyaoz/Downloads/IS3107-FinSum/.airflow/lib/python3.10/site-packages/airflow/example_dags/example_branch_operator_decorator.py took 0.049 seconds
