[2025-04-22T17:21:29.644+0800] {processor.py:186} INFO - Started process (PID=13547) to work on /Users/yueyaoz/Downloads/IS3107-FinSum/.airflow/lib/python3.10/site-packages/airflow/example_dags/example_branch_operator.py
[2025-04-22T17:21:29.644+0800] {processor.py:914} INFO - Processing file /Users/yueyaoz/Downloads/IS3107-FinSum/.airflow/lib/python3.10/site-packages/airflow/example_dags/example_branch_operator.py for tasks to queue
[2025-04-22T17:21:29.645+0800] {logging_mixin.py:190} INFO - [2025-04-22T17:21:29.645+0800] {dagbag.py:588} INFO - Filling up the DagBag from /Users/yueyaoz/Downloads/IS3107-FinSum/.airflow/lib/python3.10/site-packages/airflow/example_dags/example_branch_operator.py
[2025-04-22T17:21:29.654+0800] {processor.py:927} WARNING - No viable dags retrieved from /Users/yueyaoz/Downloads/IS3107-FinSum/.airflow/lib/python3.10/site-packages/airflow/example_dags/example_branch_operator.py
[2025-04-22T17:21:29.693+0800] {processor.py:208} INFO - Processing /Users/yueyaoz/Downloads/IS3107-FinSum/.airflow/lib/python3.10/site-packages/airflow/example_dags/example_branch_operator.py took 0.050 seconds
[2025-04-22T19:23:07.747+0800] {processor.py:186} INFO - Started process (PID=13751) to work on /Users/yueyaoz/Downloads/IS3107-FinSum/.airflow/lib/python3.10/site-packages/airflow/example_dags/example_branch_operator.py
[2025-04-22T19:23:07.748+0800] {processor.py:914} INFO - Processing file /Users/yueyaoz/Downloads/IS3107-FinSum/.airflow/lib/python3.10/site-packages/airflow/example_dags/example_branch_operator.py for tasks to queue
[2025-04-22T19:23:07.749+0800] {logging_mixin.py:190} INFO - [2025-04-22T19:23:07.748+0800] {dagbag.py:588} INFO - Filling up the DagBag from /Users/yueyaoz/Downloads/IS3107-FinSum/.airflow/lib/python3.10/site-packages/airflow/example_dags/example_branch_operator.py
[2025-04-22T19:23:07.757+0800] {processor.py:927} WARNING - No viable dags retrieved from /Users/yueyaoz/Downloads/IS3107-FinSum/.airflow/lib/python3.10/site-packages/airflow/example_dags/example_branch_operator.py
[2025-04-22T19:23:07.796+0800] {processor.py:208} INFO - Processing /Users/yueyaoz/Downloads/IS3107-FinSum/.airflow/lib/python3.10/site-packages/airflow/example_dags/example_branch_operator.py took 0.051 seconds
[2025-04-22T20:10:36.356+0800] {processor.py:186} INFO - Started process (PID=16124) to work on /Users/yueyaoz/Downloads/IS3107-FinSum/.airflow/lib/python3.10/site-packages/airflow/example_dags/example_branch_operator.py
[2025-04-22T20:10:36.357+0800] {processor.py:914} INFO - Processing file /Users/yueyaoz/Downloads/IS3107-FinSum/.airflow/lib/python3.10/site-packages/airflow/example_dags/example_branch_operator.py for tasks to queue
[2025-04-22T20:10:36.357+0800] {logging_mixin.py:190} INFO - [2025-04-22T20:10:36.357+0800] {dagbag.py:588} INFO - Filling up the DagBag from /Users/yueyaoz/Downloads/IS3107-FinSum/.airflow/lib/python3.10/site-packages/airflow/example_dags/example_branch_operator.py
[2025-04-22T20:10:36.365+0800] {processor.py:927} WARNING - No viable dags retrieved from /Users/yueyaoz/Downloads/IS3107-FinSum/.airflow/lib/python3.10/site-packages/airflow/example_dags/example_branch_operator.py
[2025-04-22T20:10:36.403+0800] {processor.py:208} INFO - Processing /Users/yueyaoz/Downloads/IS3107-FinSum/.airflow/lib/python3.10/site-packages/airflow/example_dags/example_branch_operator.py took 0.048 seconds
[2025-04-22T20:13:06.390+0800] {processor.py:186} INFO - Started process (PID=16314) to work on /Users/yueyaoz/Downloads/IS3107-FinSum/.airflow/lib/python3.10/site-packages/airflow/example_dags/example_branch_operator.py
[2025-04-22T20:13:06.390+0800] {processor.py:914} INFO - Processing file /Users/yueyaoz/Downloads/IS3107-FinSum/.airflow/lib/python3.10/site-packages/airflow/example_dags/example_branch_operator.py for tasks to queue
[2025-04-22T20:13:06.391+0800] {logging_mixin.py:190} INFO - [2025-04-22T20:13:06.391+0800] {dagbag.py:588} INFO - Filling up the DagBag from /Users/yueyaoz/Downloads/IS3107-FinSum/.airflow/lib/python3.10/site-packages/airflow/example_dags/example_branch_operator.py
[2025-04-22T20:13:06.399+0800] {processor.py:927} WARNING - No viable dags retrieved from /Users/yueyaoz/Downloads/IS3107-FinSum/.airflow/lib/python3.10/site-packages/airflow/example_dags/example_branch_operator.py
[2025-04-22T20:13:06.437+0800] {processor.py:208} INFO - Processing /Users/yueyaoz/Downloads/IS3107-FinSum/.airflow/lib/python3.10/site-packages/airflow/example_dags/example_branch_operator.py took 0.049 seconds
[2025-04-22T20:15:38.628+0800] {processor.py:186} INFO - Started process (PID=16507) to work on /Users/yueyaoz/Downloads/IS3107-FinSum/.airflow/lib/python3.10/site-packages/airflow/example_dags/example_branch_operator.py
[2025-04-22T20:15:38.629+0800] {processor.py:914} INFO - Processing file /Users/yueyaoz/Downloads/IS3107-FinSum/.airflow/lib/python3.10/site-packages/airflow/example_dags/example_branch_operator.py for tasks to queue
[2025-04-22T20:15:38.629+0800] {logging_mixin.py:190} INFO - [2025-04-22T20:15:38.629+0800] {dagbag.py:588} INFO - Filling up the DagBag from /Users/yueyaoz/Downloads/IS3107-FinSum/.airflow/lib/python3.10/site-packages/airflow/example_dags/example_branch_operator.py
[2025-04-22T20:15:38.638+0800] {processor.py:927} WARNING - No viable dags retrieved from /Users/yueyaoz/Downloads/IS3107-FinSum/.airflow/lib/python3.10/site-packages/airflow/example_dags/example_branch_operator.py
[2025-04-22T20:15:38.676+0800] {processor.py:208} INFO - Processing /Users/yueyaoz/Downloads/IS3107-FinSum/.airflow/lib/python3.10/site-packages/airflow/example_dags/example_branch_operator.py took 0.049 seconds
[2025-04-22T20:18:04.947+0800] {processor.py:186} INFO - Started process (PID=16700) to work on /Users/yueyaoz/Downloads/IS3107-FinSum/.airflow/lib/python3.10/site-packages/airflow/example_dags/example_branch_operator.py
[2025-04-22T20:18:04.947+0800] {processor.py:914} INFO - Processing file /Users/yueyaoz/Downloads/IS3107-FinSum/.airflow/lib/python3.10/site-packages/airflow/example_dags/example_branch_operator.py for tasks to queue
[2025-04-22T20:18:04.948+0800] {logging_mixin.py:190} INFO - [2025-04-22T20:18:04.948+0800] {dagbag.py:588} INFO - Filling up the DagBag from /Users/yueyaoz/Downloads/IS3107-FinSum/.airflow/lib/python3.10/site-packages/airflow/example_dags/example_branch_operator.py
[2025-04-22T20:18:04.956+0800] {processor.py:927} WARNING - No viable dags retrieved from /Users/yueyaoz/Downloads/IS3107-FinSum/.airflow/lib/python3.10/site-packages/airflow/example_dags/example_branch_operator.py
[2025-04-22T20:18:04.994+0800] {processor.py:208} INFO - Processing /Users/yueyaoz/Downloads/IS3107-FinSum/.airflow/lib/python3.10/site-packages/airflow/example_dags/example_branch_operator.py took 0.049 seconds
[2025-04-22T20:20:37.085+0800] {processor.py:186} INFO - Started process (PID=16893) to work on /Users/yueyaoz/Downloads/IS3107-FinSum/.airflow/lib/python3.10/site-packages/airflow/example_dags/example_branch_operator.py
[2025-04-22T20:20:37.085+0800] {processor.py:914} INFO - Processing file /Users/yueyaoz/Downloads/IS3107-FinSum/.airflow/lib/python3.10/site-packages/airflow/example_dags/example_branch_operator.py for tasks to queue
[2025-04-22T20:20:37.085+0800] {logging_mixin.py:190} INFO - [2025-04-22T20:20:37.085+0800] {dagbag.py:588} INFO - Filling up the DagBag from /Users/yueyaoz/Downloads/IS3107-FinSum/.airflow/lib/python3.10/site-packages/airflow/example_dags/example_branch_operator.py
[2025-04-22T20:20:37.094+0800] {processor.py:927} WARNING - No viable dags retrieved from /Users/yueyaoz/Downloads/IS3107-FinSum/.airflow/lib/python3.10/site-packages/airflow/example_dags/example_branch_operator.py
[2025-04-22T20:20:37.131+0800] {processor.py:208} INFO - Processing /Users/yueyaoz/Downloads/IS3107-FinSum/.airflow/lib/python3.10/site-packages/airflow/example_dags/example_branch_operator.py took 0.048 seconds
[2025-04-22T20:23:11.705+0800] {processor.py:186} INFO - Started process (PID=17112) to work on /Users/yueyaoz/Downloads/IS3107-FinSum/.airflow/lib/python3.10/site-packages/airflow/example_dags/example_branch_operator.py
[2025-04-22T20:23:11.705+0800] {processor.py:914} INFO - Processing file /Users/yueyaoz/Downloads/IS3107-FinSum/.airflow/lib/python3.10/site-packages/airflow/example_dags/example_branch_operator.py for tasks to queue
[2025-04-22T20:23:11.705+0800] {logging_mixin.py:190} INFO - [2025-04-22T20:23:11.705+0800] {dagbag.py:588} INFO - Filling up the DagBag from /Users/yueyaoz/Downloads/IS3107-FinSum/.airflow/lib/python3.10/site-packages/airflow/example_dags/example_branch_operator.py
[2025-04-22T20:23:11.714+0800] {processor.py:927} WARNING - No viable dags retrieved from /Users/yueyaoz/Downloads/IS3107-FinSum/.airflow/lib/python3.10/site-packages/airflow/example_dags/example_branch_operator.py
[2025-04-22T20:23:11.752+0800] {processor.py:208} INFO - Processing /Users/yueyaoz/Downloads/IS3107-FinSum/.airflow/lib/python3.10/site-packages/airflow/example_dags/example_branch_operator.py took 0.049 seconds
[2025-04-22T20:25:46.332+0800] {processor.py:186} INFO - Started process (PID=17319) to work on /Users/yueyaoz/Downloads/IS3107-FinSum/.airflow/lib/python3.10/site-packages/airflow/example_dags/example_branch_operator.py
[2025-04-22T20:25:46.333+0800] {processor.py:914} INFO - Processing file /Users/yueyaoz/Downloads/IS3107-FinSum/.airflow/lib/python3.10/site-packages/airflow/example_dags/example_branch_operator.py for tasks to queue
[2025-04-22T20:25:46.334+0800] {logging_mixin.py:190} INFO - [2025-04-22T20:25:46.334+0800] {dagbag.py:588} INFO - Filling up the DagBag from /Users/yueyaoz/Downloads/IS3107-FinSum/.airflow/lib/python3.10/site-packages/airflow/example_dags/example_branch_operator.py
[2025-04-22T20:25:46.343+0800] {processor.py:927} WARNING - No viable dags retrieved from /Users/yueyaoz/Downloads/IS3107-FinSum/.airflow/lib/python3.10/site-packages/airflow/example_dags/example_branch_operator.py
[2025-04-22T20:25:46.380+0800] {processor.py:208} INFO - Processing /Users/yueyaoz/Downloads/IS3107-FinSum/.airflow/lib/python3.10/site-packages/airflow/example_dags/example_branch_operator.py took 0.049 seconds
[2025-04-22T20:28:19.709+0800] {processor.py:186} INFO - Started process (PID=17525) to work on /Users/yueyaoz/Downloads/IS3107-FinSum/.airflow/lib/python3.10/site-packages/airflow/example_dags/example_branch_operator.py
[2025-04-22T20:28:19.710+0800] {processor.py:914} INFO - Processing file /Users/yueyaoz/Downloads/IS3107-FinSum/.airflow/lib/python3.10/site-packages/airflow/example_dags/example_branch_operator.py for tasks to queue
[2025-04-22T20:28:19.711+0800] {logging_mixin.py:190} INFO - [2025-04-22T20:28:19.711+0800] {dagbag.py:588} INFO - Filling up the DagBag from /Users/yueyaoz/Downloads/IS3107-FinSum/.airflow/lib/python3.10/site-packages/airflow/example_dags/example_branch_operator.py
[2025-04-22T20:28:19.719+0800] {processor.py:927} WARNING - No viable dags retrieved from /Users/yueyaoz/Downloads/IS3107-FinSum/.airflow/lib/python3.10/site-packages/airflow/example_dags/example_branch_operator.py
[2025-04-22T20:28:19.756+0800] {processor.py:208} INFO - Processing /Users/yueyaoz/Downloads/IS3107-FinSum/.airflow/lib/python3.10/site-packages/airflow/example_dags/example_branch_operator.py took 0.049 seconds
[2025-04-22T20:30:53.788+0800] {processor.py:186} INFO - Started process (PID=17744) to work on /Users/yueyaoz/Downloads/IS3107-FinSum/.airflow/lib/python3.10/site-packages/airflow/example_dags/example_branch_operator.py
[2025-04-22T20:30:53.789+0800] {processor.py:914} INFO - Processing file /Users/yueyaoz/Downloads/IS3107-FinSum/.airflow/lib/python3.10/site-packages/airflow/example_dags/example_branch_operator.py for tasks to queue
[2025-04-22T20:30:53.790+0800] {logging_mixin.py:190} INFO - [2025-04-22T20:30:53.789+0800] {dagbag.py:588} INFO - Filling up the DagBag from /Users/yueyaoz/Downloads/IS3107-FinSum/.airflow/lib/python3.10/site-packages/airflow/example_dags/example_branch_operator.py
[2025-04-22T20:30:53.799+0800] {processor.py:927} WARNING - No viable dags retrieved from /Users/yueyaoz/Downloads/IS3107-FinSum/.airflow/lib/python3.10/site-packages/airflow/example_dags/example_branch_operator.py
[2025-04-22T20:30:53.838+0800] {processor.py:208} INFO - Processing /Users/yueyaoz/Downloads/IS3107-FinSum/.airflow/lib/python3.10/site-packages/airflow/example_dags/example_branch_operator.py took 0.052 seconds
[2025-04-22T20:33:22.405+0800] {processor.py:186} INFO - Started process (PID=17938) to work on /Users/yueyaoz/Downloads/IS3107-FinSum/.airflow/lib/python3.10/site-packages/airflow/example_dags/example_branch_operator.py
[2025-04-22T20:33:22.407+0800] {processor.py:914} INFO - Processing file /Users/yueyaoz/Downloads/IS3107-FinSum/.airflow/lib/python3.10/site-packages/airflow/example_dags/example_branch_operator.py for tasks to queue
[2025-04-22T20:33:22.407+0800] {logging_mixin.py:190} INFO - [2025-04-22T20:33:22.407+0800] {dagbag.py:588} INFO - Filling up the DagBag from /Users/yueyaoz/Downloads/IS3107-FinSum/.airflow/lib/python3.10/site-packages/airflow/example_dags/example_branch_operator.py
[2025-04-22T20:33:22.416+0800] {processor.py:927} WARNING - No viable dags retrieved from /Users/yueyaoz/Downloads/IS3107-FinSum/.airflow/lib/python3.10/site-packages/airflow/example_dags/example_branch_operator.py
[2025-04-22T20:33:22.453+0800] {processor.py:208} INFO - Processing /Users/yueyaoz/Downloads/IS3107-FinSum/.airflow/lib/python3.10/site-packages/airflow/example_dags/example_branch_operator.py took 0.050 seconds
[2025-04-22T20:35:55.060+0800] {processor.py:186} INFO - Started process (PID=18151) to work on /Users/yueyaoz/Downloads/IS3107-FinSum/.airflow/lib/python3.10/site-packages/airflow/example_dags/example_branch_operator.py
[2025-04-22T20:35:55.062+0800] {processor.py:914} INFO - Processing file /Users/yueyaoz/Downloads/IS3107-FinSum/.airflow/lib/python3.10/site-packages/airflow/example_dags/example_branch_operator.py for tasks to queue
[2025-04-22T20:35:55.062+0800] {logging_mixin.py:190} INFO - [2025-04-22T20:35:55.062+0800] {dagbag.py:588} INFO - Filling up the DagBag from /Users/yueyaoz/Downloads/IS3107-FinSum/.airflow/lib/python3.10/site-packages/airflow/example_dags/example_branch_operator.py
[2025-04-22T20:35:55.071+0800] {processor.py:927} WARNING - No viable dags retrieved from /Users/yueyaoz/Downloads/IS3107-FinSum/.airflow/lib/python3.10/site-packages/airflow/example_dags/example_branch_operator.py
[2025-04-22T20:35:55.108+0800] {processor.py:208} INFO - Processing /Users/yueyaoz/Downloads/IS3107-FinSum/.airflow/lib/python3.10/site-packages/airflow/example_dags/example_branch_operator.py took 0.048 seconds
[2025-04-22T20:38:31.853+0800] {processor.py:186} INFO - Started process (PID=18344) to work on /Users/yueyaoz/Downloads/IS3107-FinSum/.airflow/lib/python3.10/site-packages/airflow/example_dags/example_branch_operator.py
[2025-04-22T20:38:31.854+0800] {processor.py:914} INFO - Processing file /Users/yueyaoz/Downloads/IS3107-FinSum/.airflow/lib/python3.10/site-packages/airflow/example_dags/example_branch_operator.py for tasks to queue
[2025-04-22T20:38:31.855+0800] {logging_mixin.py:190} INFO - [2025-04-22T20:38:31.854+0800] {dagbag.py:588} INFO - Filling up the DagBag from /Users/yueyaoz/Downloads/IS3107-FinSum/.airflow/lib/python3.10/site-packages/airflow/example_dags/example_branch_operator.py
[2025-04-22T20:38:31.863+0800] {processor.py:927} WARNING - No viable dags retrieved from /Users/yueyaoz/Downloads/IS3107-FinSum/.airflow/lib/python3.10/site-packages/airflow/example_dags/example_branch_operator.py
[2025-04-22T20:38:31.900+0800] {processor.py:208} INFO - Processing /Users/yueyaoz/Downloads/IS3107-FinSum/.airflow/lib/python3.10/site-packages/airflow/example_dags/example_branch_operator.py took 0.049 seconds
[2025-04-22T20:41:06.295+0800] {processor.py:186} INFO - Started process (PID=18543) to work on /Users/yueyaoz/Downloads/IS3107-FinSum/.airflow/lib/python3.10/site-packages/airflow/example_dags/example_branch_operator.py
[2025-04-22T20:41:06.295+0800] {processor.py:914} INFO - Processing file /Users/yueyaoz/Downloads/IS3107-FinSum/.airflow/lib/python3.10/site-packages/airflow/example_dags/example_branch_operator.py for tasks to queue
[2025-04-22T20:41:06.296+0800] {logging_mixin.py:190} INFO - [2025-04-22T20:41:06.296+0800] {dagbag.py:588} INFO - Filling up the DagBag from /Users/yueyaoz/Downloads/IS3107-FinSum/.airflow/lib/python3.10/site-packages/airflow/example_dags/example_branch_operator.py
[2025-04-22T20:41:06.304+0800] {processor.py:927} WARNING - No viable dags retrieved from /Users/yueyaoz/Downloads/IS3107-FinSum/.airflow/lib/python3.10/site-packages/airflow/example_dags/example_branch_operator.py
[2025-04-22T20:41:06.341+0800] {processor.py:208} INFO - Processing /Users/yueyaoz/Downloads/IS3107-FinSum/.airflow/lib/python3.10/site-packages/airflow/example_dags/example_branch_operator.py took 0.048 seconds
[2025-04-22T20:43:42.623+0800] {processor.py:186} INFO - Started process (PID=18745) to work on /Users/yueyaoz/Downloads/IS3107-FinSum/.airflow/lib/python3.10/site-packages/airflow/example_dags/example_branch_operator.py
[2025-04-22T20:43:42.624+0800] {processor.py:914} INFO - Processing file /Users/yueyaoz/Downloads/IS3107-FinSum/.airflow/lib/python3.10/site-packages/airflow/example_dags/example_branch_operator.py for tasks to queue
[2025-04-22T20:43:42.625+0800] {logging_mixin.py:190} INFO - [2025-04-22T20:43:42.625+0800] {dagbag.py:588} INFO - Filling up the DagBag from /Users/yueyaoz/Downloads/IS3107-FinSum/.airflow/lib/python3.10/site-packages/airflow/example_dags/example_branch_operator.py
[2025-04-22T20:43:42.634+0800] {processor.py:927} WARNING - No viable dags retrieved from /Users/yueyaoz/Downloads/IS3107-FinSum/.airflow/lib/python3.10/site-packages/airflow/example_dags/example_branch_operator.py
[2025-04-22T20:43:42.671+0800] {processor.py:208} INFO - Processing /Users/yueyaoz/Downloads/IS3107-FinSum/.airflow/lib/python3.10/site-packages/airflow/example_dags/example_branch_operator.py took 0.050 seconds
[2025-04-22T20:46:18.073+0800] {processor.py:186} INFO - Started process (PID=18937) to work on /Users/yueyaoz/Downloads/IS3107-FinSum/.airflow/lib/python3.10/site-packages/airflow/example_dags/example_branch_operator.py
[2025-04-22T20:46:18.074+0800] {processor.py:914} INFO - Processing file /Users/yueyaoz/Downloads/IS3107-FinSum/.airflow/lib/python3.10/site-packages/airflow/example_dags/example_branch_operator.py for tasks to queue
[2025-04-22T20:46:18.075+0800] {logging_mixin.py:190} INFO - [2025-04-22T20:46:18.075+0800] {dagbag.py:588} INFO - Filling up the DagBag from /Users/yueyaoz/Downloads/IS3107-FinSum/.airflow/lib/python3.10/site-packages/airflow/example_dags/example_branch_operator.py
[2025-04-22T20:46:18.083+0800] {processor.py:927} WARNING - No viable dags retrieved from /Users/yueyaoz/Downloads/IS3107-FinSum/.airflow/lib/python3.10/site-packages/airflow/example_dags/example_branch_operator.py
[2025-04-22T20:46:18.120+0800] {processor.py:208} INFO - Processing /Users/yueyaoz/Downloads/IS3107-FinSum/.airflow/lib/python3.10/site-packages/airflow/example_dags/example_branch_operator.py took 0.048 seconds
[2025-04-22T20:48:51.113+0800] {processor.py:186} INFO - Started process (PID=19129) to work on /Users/yueyaoz/Downloads/IS3107-FinSum/.airflow/lib/python3.10/site-packages/airflow/example_dags/example_branch_operator.py
[2025-04-22T20:48:51.115+0800] {processor.py:914} INFO - Processing file /Users/yueyaoz/Downloads/IS3107-FinSum/.airflow/lib/python3.10/site-packages/airflow/example_dags/example_branch_operator.py for tasks to queue
[2025-04-22T20:48:51.115+0800] {logging_mixin.py:190} INFO - [2025-04-22T20:48:51.115+0800] {dagbag.py:588} INFO - Filling up the DagBag from /Users/yueyaoz/Downloads/IS3107-FinSum/.airflow/lib/python3.10/site-packages/airflow/example_dags/example_branch_operator.py
[2025-04-22T20:48:51.124+0800] {processor.py:927} WARNING - No viable dags retrieved from /Users/yueyaoz/Downloads/IS3107-FinSum/.airflow/lib/python3.10/site-packages/airflow/example_dags/example_branch_operator.py
[2025-04-22T20:48:51.161+0800] {processor.py:208} INFO - Processing /Users/yueyaoz/Downloads/IS3107-FinSum/.airflow/lib/python3.10/site-packages/airflow/example_dags/example_branch_operator.py took 0.049 seconds
[2025-04-22T20:51:22.524+0800] {processor.py:186} INFO - Started process (PID=19321) to work on /Users/yueyaoz/Downloads/IS3107-FinSum/.airflow/lib/python3.10/site-packages/airflow/example_dags/example_branch_operator.py
[2025-04-22T20:51:22.524+0800] {processor.py:914} INFO - Processing file /Users/yueyaoz/Downloads/IS3107-FinSum/.airflow/lib/python3.10/site-packages/airflow/example_dags/example_branch_operator.py for tasks to queue
[2025-04-22T20:51:22.525+0800] {logging_mixin.py:190} INFO - [2025-04-22T20:51:22.525+0800] {dagbag.py:588} INFO - Filling up the DagBag from /Users/yueyaoz/Downloads/IS3107-FinSum/.airflow/lib/python3.10/site-packages/airflow/example_dags/example_branch_operator.py
[2025-04-22T20:51:22.534+0800] {processor.py:927} WARNING - No viable dags retrieved from /Users/yueyaoz/Downloads/IS3107-FinSum/.airflow/lib/python3.10/site-packages/airflow/example_dags/example_branch_operator.py
[2025-04-22T20:51:22.571+0800] {processor.py:208} INFO - Processing /Users/yueyaoz/Downloads/IS3107-FinSum/.airflow/lib/python3.10/site-packages/airflow/example_dags/example_branch_operator.py took 0.049 seconds
[2025-04-22T20:53:57.301+0800] {processor.py:186} INFO - Started process (PID=19521) to work on /Users/yueyaoz/Downloads/IS3107-FinSum/.airflow/lib/python3.10/site-packages/airflow/example_dags/example_branch_operator.py
[2025-04-22T20:53:57.302+0800] {processor.py:914} INFO - Processing file /Users/yueyaoz/Downloads/IS3107-FinSum/.airflow/lib/python3.10/site-packages/airflow/example_dags/example_branch_operator.py for tasks to queue
[2025-04-22T20:53:57.303+0800] {logging_mixin.py:190} INFO - [2025-04-22T20:53:57.302+0800] {dagbag.py:588} INFO - Filling up the DagBag from /Users/yueyaoz/Downloads/IS3107-FinSum/.airflow/lib/python3.10/site-packages/airflow/example_dags/example_branch_operator.py
[2025-04-22T20:53:57.311+0800] {processor.py:927} WARNING - No viable dags retrieved from /Users/yueyaoz/Downloads/IS3107-FinSum/.airflow/lib/python3.10/site-packages/airflow/example_dags/example_branch_operator.py
[2025-04-22T20:53:57.348+0800] {processor.py:208} INFO - Processing /Users/yueyaoz/Downloads/IS3107-FinSum/.airflow/lib/python3.10/site-packages/airflow/example_dags/example_branch_operator.py took 0.049 seconds
[2025-04-22T20:56:29.000+0800] {processor.py:186} INFO - Started process (PID=19721) to work on /Users/yueyaoz/Downloads/IS3107-FinSum/.airflow/lib/python3.10/site-packages/airflow/example_dags/example_branch_operator.py
[2025-04-22T20:56:29.001+0800] {processor.py:914} INFO - Processing file /Users/yueyaoz/Downloads/IS3107-FinSum/.airflow/lib/python3.10/site-packages/airflow/example_dags/example_branch_operator.py for tasks to queue
[2025-04-22T20:56:29.002+0800] {logging_mixin.py:190} INFO - [2025-04-22T20:56:29.002+0800] {dagbag.py:588} INFO - Filling up the DagBag from /Users/yueyaoz/Downloads/IS3107-FinSum/.airflow/lib/python3.10/site-packages/airflow/example_dags/example_branch_operator.py
[2025-04-22T20:56:29.010+0800] {processor.py:927} WARNING - No viable dags retrieved from /Users/yueyaoz/Downloads/IS3107-FinSum/.airflow/lib/python3.10/site-packages/airflow/example_dags/example_branch_operator.py
[2025-04-22T20:56:29.047+0800] {processor.py:208} INFO - Processing /Users/yueyaoz/Downloads/IS3107-FinSum/.airflow/lib/python3.10/site-packages/airflow/example_dags/example_branch_operator.py took 0.049 seconds
[2025-04-22T20:59:05.267+0800] {processor.py:186} INFO - Started process (PID=19914) to work on /Users/yueyaoz/Downloads/IS3107-FinSum/.airflow/lib/python3.10/site-packages/airflow/example_dags/example_branch_operator.py
[2025-04-22T20:59:05.268+0800] {processor.py:914} INFO - Processing file /Users/yueyaoz/Downloads/IS3107-FinSum/.airflow/lib/python3.10/site-packages/airflow/example_dags/example_branch_operator.py for tasks to queue
[2025-04-22T20:59:05.269+0800] {logging_mixin.py:190} INFO - [2025-04-22T20:59:05.269+0800] {dagbag.py:588} INFO - Filling up the DagBag from /Users/yueyaoz/Downloads/IS3107-FinSum/.airflow/lib/python3.10/site-packages/airflow/example_dags/example_branch_operator.py
[2025-04-22T20:59:05.277+0800] {processor.py:927} WARNING - No viable dags retrieved from /Users/yueyaoz/Downloads/IS3107-FinSum/.airflow/lib/python3.10/site-packages/airflow/example_dags/example_branch_operator.py
[2025-04-22T20:59:05.315+0800] {processor.py:208} INFO - Processing /Users/yueyaoz/Downloads/IS3107-FinSum/.airflow/lib/python3.10/site-packages/airflow/example_dags/example_branch_operator.py took 0.050 seconds
[2025-04-22T21:01:41.666+0800] {processor.py:186} INFO - Started process (PID=20231) to work on /Users/yueyaoz/Downloads/IS3107-FinSum/.airflow/lib/python3.10/site-packages/airflow/example_dags/example_branch_operator.py
[2025-04-22T21:01:41.666+0800] {processor.py:914} INFO - Processing file /Users/yueyaoz/Downloads/IS3107-FinSum/.airflow/lib/python3.10/site-packages/airflow/example_dags/example_branch_operator.py for tasks to queue
[2025-04-22T21:01:41.667+0800] {logging_mixin.py:190} INFO - [2025-04-22T21:01:41.667+0800] {dagbag.py:588} INFO - Filling up the DagBag from /Users/yueyaoz/Downloads/IS3107-FinSum/.airflow/lib/python3.10/site-packages/airflow/example_dags/example_branch_operator.py
[2025-04-22T21:01:41.675+0800] {processor.py:927} WARNING - No viable dags retrieved from /Users/yueyaoz/Downloads/IS3107-FinSum/.airflow/lib/python3.10/site-packages/airflow/example_dags/example_branch_operator.py
[2025-04-22T21:01:41.712+0800] {processor.py:208} INFO - Processing /Users/yueyaoz/Downloads/IS3107-FinSum/.airflow/lib/python3.10/site-packages/airflow/example_dags/example_branch_operator.py took 0.048 seconds
[2025-04-22T21:04:14.262+0800] {processor.py:186} INFO - Started process (PID=20429) to work on /Users/yueyaoz/Downloads/IS3107-FinSum/.airflow/lib/python3.10/site-packages/airflow/example_dags/example_branch_operator.py
[2025-04-22T21:04:14.264+0800] {processor.py:914} INFO - Processing file /Users/yueyaoz/Downloads/IS3107-FinSum/.airflow/lib/python3.10/site-packages/airflow/example_dags/example_branch_operator.py for tasks to queue
[2025-04-22T21:04:14.264+0800] {logging_mixin.py:190} INFO - [2025-04-22T21:04:14.264+0800] {dagbag.py:588} INFO - Filling up the DagBag from /Users/yueyaoz/Downloads/IS3107-FinSum/.airflow/lib/python3.10/site-packages/airflow/example_dags/example_branch_operator.py
[2025-04-22T21:04:14.272+0800] {processor.py:927} WARNING - No viable dags retrieved from /Users/yueyaoz/Downloads/IS3107-FinSum/.airflow/lib/python3.10/site-packages/airflow/example_dags/example_branch_operator.py
[2025-04-22T21:04:14.309+0800] {processor.py:208} INFO - Processing /Users/yueyaoz/Downloads/IS3107-FinSum/.airflow/lib/python3.10/site-packages/airflow/example_dags/example_branch_operator.py took 0.048 seconds
[2025-04-22T21:06:47.820+0800] {processor.py:186} INFO - Started process (PID=20617) to work on /Users/yueyaoz/Downloads/IS3107-FinSum/.airflow/lib/python3.10/site-packages/airflow/example_dags/example_branch_operator.py
[2025-04-22T21:06:47.822+0800] {processor.py:914} INFO - Processing file /Users/yueyaoz/Downloads/IS3107-FinSum/.airflow/lib/python3.10/site-packages/airflow/example_dags/example_branch_operator.py for tasks to queue
[2025-04-22T21:06:47.822+0800] {logging_mixin.py:190} INFO - [2025-04-22T21:06:47.822+0800] {dagbag.py:588} INFO - Filling up the DagBag from /Users/yueyaoz/Downloads/IS3107-FinSum/.airflow/lib/python3.10/site-packages/airflow/example_dags/example_branch_operator.py
[2025-04-22T21:06:47.831+0800] {processor.py:927} WARNING - No viable dags retrieved from /Users/yueyaoz/Downloads/IS3107-FinSum/.airflow/lib/python3.10/site-packages/airflow/example_dags/example_branch_operator.py
[2025-04-22T21:06:47.867+0800] {processor.py:208} INFO - Processing /Users/yueyaoz/Downloads/IS3107-FinSum/.airflow/lib/python3.10/site-packages/airflow/example_dags/example_branch_operator.py took 0.048 seconds
[2025-04-22T21:09:21.969+0800] {processor.py:186} INFO - Started process (PID=20816) to work on /Users/yueyaoz/Downloads/IS3107-FinSum/.airflow/lib/python3.10/site-packages/airflow/example_dags/example_branch_operator.py
[2025-04-22T21:09:21.970+0800] {processor.py:914} INFO - Processing file /Users/yueyaoz/Downloads/IS3107-FinSum/.airflow/lib/python3.10/site-packages/airflow/example_dags/example_branch_operator.py for tasks to queue
[2025-04-22T21:09:21.971+0800] {logging_mixin.py:190} INFO - [2025-04-22T21:09:21.971+0800] {dagbag.py:588} INFO - Filling up the DagBag from /Users/yueyaoz/Downloads/IS3107-FinSum/.airflow/lib/python3.10/site-packages/airflow/example_dags/example_branch_operator.py
[2025-04-22T21:09:21.979+0800] {processor.py:927} WARNING - No viable dags retrieved from /Users/yueyaoz/Downloads/IS3107-FinSum/.airflow/lib/python3.10/site-packages/airflow/example_dags/example_branch_operator.py
[2025-04-22T21:09:22.016+0800] {processor.py:208} INFO - Processing /Users/yueyaoz/Downloads/IS3107-FinSum/.airflow/lib/python3.10/site-packages/airflow/example_dags/example_branch_operator.py took 0.048 seconds
[2025-04-22T21:11:50.036+0800] {processor.py:186} INFO - Started process (PID=21018) to work on /Users/yueyaoz/Downloads/IS3107-FinSum/.airflow/lib/python3.10/site-packages/airflow/example_dags/example_branch_operator.py
[2025-04-22T21:11:50.037+0800] {processor.py:914} INFO - Processing file /Users/yueyaoz/Downloads/IS3107-FinSum/.airflow/lib/python3.10/site-packages/airflow/example_dags/example_branch_operator.py for tasks to queue
[2025-04-22T21:11:50.037+0800] {logging_mixin.py:190} INFO - [2025-04-22T21:11:50.037+0800] {dagbag.py:588} INFO - Filling up the DagBag from /Users/yueyaoz/Downloads/IS3107-FinSum/.airflow/lib/python3.10/site-packages/airflow/example_dags/example_branch_operator.py
[2025-04-22T21:11:50.046+0800] {processor.py:927} WARNING - No viable dags retrieved from /Users/yueyaoz/Downloads/IS3107-FinSum/.airflow/lib/python3.10/site-packages/airflow/example_dags/example_branch_operator.py
[2025-04-22T21:11:50.082+0800] {processor.py:208} INFO - Processing /Users/yueyaoz/Downloads/IS3107-FinSum/.airflow/lib/python3.10/site-packages/airflow/example_dags/example_branch_operator.py took 0.048 seconds
[2025-04-22T21:14:19.045+0800] {processor.py:186} INFO - Started process (PID=21207) to work on /Users/yueyaoz/Downloads/IS3107-FinSum/.airflow/lib/python3.10/site-packages/airflow/example_dags/example_branch_operator.py
[2025-04-22T21:14:19.047+0800] {processor.py:914} INFO - Processing file /Users/yueyaoz/Downloads/IS3107-FinSum/.airflow/lib/python3.10/site-packages/airflow/example_dags/example_branch_operator.py for tasks to queue
[2025-04-22T21:14:19.047+0800] {logging_mixin.py:190} INFO - [2025-04-22T21:14:19.047+0800] {dagbag.py:588} INFO - Filling up the DagBag from /Users/yueyaoz/Downloads/IS3107-FinSum/.airflow/lib/python3.10/site-packages/airflow/example_dags/example_branch_operator.py
[2025-04-22T21:14:19.055+0800] {processor.py:927} WARNING - No viable dags retrieved from /Users/yueyaoz/Downloads/IS3107-FinSum/.airflow/lib/python3.10/site-packages/airflow/example_dags/example_branch_operator.py
[2025-04-22T21:14:19.092+0800] {processor.py:208} INFO - Processing /Users/yueyaoz/Downloads/IS3107-FinSum/.airflow/lib/python3.10/site-packages/airflow/example_dags/example_branch_operator.py took 0.048 seconds
[2025-04-22T21:16:52.571+0800] {processor.py:186} INFO - Started process (PID=21405) to work on /Users/yueyaoz/Downloads/IS3107-FinSum/.airflow/lib/python3.10/site-packages/airflow/example_dags/example_branch_operator.py
[2025-04-22T21:16:52.573+0800] {processor.py:914} INFO - Processing file /Users/yueyaoz/Downloads/IS3107-FinSum/.airflow/lib/python3.10/site-packages/airflow/example_dags/example_branch_operator.py for tasks to queue
[2025-04-22T21:16:52.573+0800] {logging_mixin.py:190} INFO - [2025-04-22T21:16:52.573+0800] {dagbag.py:588} INFO - Filling up the DagBag from /Users/yueyaoz/Downloads/IS3107-FinSum/.airflow/lib/python3.10/site-packages/airflow/example_dags/example_branch_operator.py
[2025-04-22T21:16:52.581+0800] {processor.py:927} WARNING - No viable dags retrieved from /Users/yueyaoz/Downloads/IS3107-FinSum/.airflow/lib/python3.10/site-packages/airflow/example_dags/example_branch_operator.py
[2025-04-22T21:16:52.619+0800] {processor.py:208} INFO - Processing /Users/yueyaoz/Downloads/IS3107-FinSum/.airflow/lib/python3.10/site-packages/airflow/example_dags/example_branch_operator.py took 0.049 seconds
[2025-04-22T21:19:28.755+0800] {processor.py:186} INFO - Started process (PID=21602) to work on /Users/yueyaoz/Downloads/IS3107-FinSum/.airflow/lib/python3.10/site-packages/airflow/example_dags/example_branch_operator.py
[2025-04-22T21:19:28.756+0800] {processor.py:914} INFO - Processing file /Users/yueyaoz/Downloads/IS3107-FinSum/.airflow/lib/python3.10/site-packages/airflow/example_dags/example_branch_operator.py for tasks to queue
[2025-04-22T21:19:28.756+0800] {logging_mixin.py:190} INFO - [2025-04-22T21:19:28.756+0800] {dagbag.py:588} INFO - Filling up the DagBag from /Users/yueyaoz/Downloads/IS3107-FinSum/.airflow/lib/python3.10/site-packages/airflow/example_dags/example_branch_operator.py
[2025-04-22T21:19:28.764+0800] {processor.py:927} WARNING - No viable dags retrieved from /Users/yueyaoz/Downloads/IS3107-FinSum/.airflow/lib/python3.10/site-packages/airflow/example_dags/example_branch_operator.py
[2025-04-22T21:19:28.801+0800] {processor.py:208} INFO - Processing /Users/yueyaoz/Downloads/IS3107-FinSum/.airflow/lib/python3.10/site-packages/airflow/example_dags/example_branch_operator.py took 0.048 seconds
[2025-04-22T21:22:05.579+0800] {processor.py:186} INFO - Started process (PID=21801) to work on /Users/yueyaoz/Downloads/IS3107-FinSum/.airflow/lib/python3.10/site-packages/airflow/example_dags/example_branch_operator.py
[2025-04-22T21:22:05.580+0800] {processor.py:914} INFO - Processing file /Users/yueyaoz/Downloads/IS3107-FinSum/.airflow/lib/python3.10/site-packages/airflow/example_dags/example_branch_operator.py for tasks to queue
[2025-04-22T21:22:05.580+0800] {logging_mixin.py:190} INFO - [2025-04-22T21:22:05.580+0800] {dagbag.py:588} INFO - Filling up the DagBag from /Users/yueyaoz/Downloads/IS3107-FinSum/.airflow/lib/python3.10/site-packages/airflow/example_dags/example_branch_operator.py
[2025-04-22T21:22:05.589+0800] {processor.py:927} WARNING - No viable dags retrieved from /Users/yueyaoz/Downloads/IS3107-FinSum/.airflow/lib/python3.10/site-packages/airflow/example_dags/example_branch_operator.py
[2025-04-22T21:22:05.626+0800] {processor.py:208} INFO - Processing /Users/yueyaoz/Downloads/IS3107-FinSum/.airflow/lib/python3.10/site-packages/airflow/example_dags/example_branch_operator.py took 0.049 seconds
[2025-04-22T21:24:40.511+0800] {processor.py:186} INFO - Started process (PID=22001) to work on /Users/yueyaoz/Downloads/IS3107-FinSum/.airflow/lib/python3.10/site-packages/airflow/example_dags/example_branch_operator.py
[2025-04-22T21:24:40.512+0800] {processor.py:914} INFO - Processing file /Users/yueyaoz/Downloads/IS3107-FinSum/.airflow/lib/python3.10/site-packages/airflow/example_dags/example_branch_operator.py for tasks to queue
[2025-04-22T21:24:40.512+0800] {logging_mixin.py:190} INFO - [2025-04-22T21:24:40.512+0800] {dagbag.py:588} INFO - Filling up the DagBag from /Users/yueyaoz/Downloads/IS3107-FinSum/.airflow/lib/python3.10/site-packages/airflow/example_dags/example_branch_operator.py
[2025-04-22T21:24:40.520+0800] {processor.py:927} WARNING - No viable dags retrieved from /Users/yueyaoz/Downloads/IS3107-FinSum/.airflow/lib/python3.10/site-packages/airflow/example_dags/example_branch_operator.py
[2025-04-22T21:24:40.558+0800] {processor.py:208} INFO - Processing /Users/yueyaoz/Downloads/IS3107-FinSum/.airflow/lib/python3.10/site-packages/airflow/example_dags/example_branch_operator.py took 0.048 seconds
[2025-04-22T21:27:20.936+0800] {processor.py:186} INFO - Started process (PID=22203) to work on /Users/yueyaoz/Downloads/IS3107-FinSum/.airflow/lib/python3.10/site-packages/airflow/example_dags/example_branch_operator.py
[2025-04-22T21:27:20.936+0800] {processor.py:914} INFO - Processing file /Users/yueyaoz/Downloads/IS3107-FinSum/.airflow/lib/python3.10/site-packages/airflow/example_dags/example_branch_operator.py for tasks to queue
[2025-04-22T21:27:20.937+0800] {logging_mixin.py:190} INFO - [2025-04-22T21:27:20.937+0800] {dagbag.py:588} INFO - Filling up the DagBag from /Users/yueyaoz/Downloads/IS3107-FinSum/.airflow/lib/python3.10/site-packages/airflow/example_dags/example_branch_operator.py
[2025-04-22T21:27:20.945+0800] {processor.py:927} WARNING - No viable dags retrieved from /Users/yueyaoz/Downloads/IS3107-FinSum/.airflow/lib/python3.10/site-packages/airflow/example_dags/example_branch_operator.py
[2025-04-22T21:27:20.982+0800] {processor.py:208} INFO - Processing /Users/yueyaoz/Downloads/IS3107-FinSum/.airflow/lib/python3.10/site-packages/airflow/example_dags/example_branch_operator.py took 0.048 seconds
[2025-04-22T21:29:53.486+0800] {processor.py:186} INFO - Started process (PID=22438) to work on /Users/yueyaoz/Downloads/IS3107-FinSum/.airflow/lib/python3.10/site-packages/airflow/example_dags/example_branch_operator.py
[2025-04-22T21:29:53.488+0800] {processor.py:914} INFO - Processing file /Users/yueyaoz/Downloads/IS3107-FinSum/.airflow/lib/python3.10/site-packages/airflow/example_dags/example_branch_operator.py for tasks to queue
[2025-04-22T21:29:53.488+0800] {logging_mixin.py:190} INFO - [2025-04-22T21:29:53.488+0800] {dagbag.py:588} INFO - Filling up the DagBag from /Users/yueyaoz/Downloads/IS3107-FinSum/.airflow/lib/python3.10/site-packages/airflow/example_dags/example_branch_operator.py
[2025-04-22T21:29:53.496+0800] {processor.py:927} WARNING - No viable dags retrieved from /Users/yueyaoz/Downloads/IS3107-FinSum/.airflow/lib/python3.10/site-packages/airflow/example_dags/example_branch_operator.py
[2025-04-22T21:29:53.533+0800] {processor.py:208} INFO - Processing /Users/yueyaoz/Downloads/IS3107-FinSum/.airflow/lib/python3.10/site-packages/airflow/example_dags/example_branch_operator.py took 0.048 seconds
[2025-04-22T21:32:29.629+0800] {processor.py:186} INFO - Started process (PID=22689) to work on /Users/yueyaoz/Downloads/IS3107-FinSum/.airflow/lib/python3.10/site-packages/airflow/example_dags/example_branch_operator.py
[2025-04-22T21:32:29.629+0800] {processor.py:914} INFO - Processing file /Users/yueyaoz/Downloads/IS3107-FinSum/.airflow/lib/python3.10/site-packages/airflow/example_dags/example_branch_operator.py for tasks to queue
[2025-04-22T21:32:29.630+0800] {logging_mixin.py:190} INFO - [2025-04-22T21:32:29.630+0800] {dagbag.py:588} INFO - Filling up the DagBag from /Users/yueyaoz/Downloads/IS3107-FinSum/.airflow/lib/python3.10/site-packages/airflow/example_dags/example_branch_operator.py
[2025-04-22T21:32:29.638+0800] {processor.py:927} WARNING - No viable dags retrieved from /Users/yueyaoz/Downloads/IS3107-FinSum/.airflow/lib/python3.10/site-packages/airflow/example_dags/example_branch_operator.py
[2025-04-22T21:32:29.675+0800] {processor.py:208} INFO - Processing /Users/yueyaoz/Downloads/IS3107-FinSum/.airflow/lib/python3.10/site-packages/airflow/example_dags/example_branch_operator.py took 0.047 seconds
[2025-04-22T21:35:04.339+0800] {processor.py:186} INFO - Started process (PID=22921) to work on /Users/yueyaoz/Downloads/IS3107-FinSum/.airflow/lib/python3.10/site-packages/airflow/example_dags/example_branch_operator.py
[2025-04-22T21:35:04.339+0800] {processor.py:914} INFO - Processing file /Users/yueyaoz/Downloads/IS3107-FinSum/.airflow/lib/python3.10/site-packages/airflow/example_dags/example_branch_operator.py for tasks to queue
[2025-04-22T21:35:04.340+0800] {logging_mixin.py:190} INFO - [2025-04-22T21:35:04.340+0800] {dagbag.py:588} INFO - Filling up the DagBag from /Users/yueyaoz/Downloads/IS3107-FinSum/.airflow/lib/python3.10/site-packages/airflow/example_dags/example_branch_operator.py
[2025-04-22T21:35:04.349+0800] {processor.py:927} WARNING - No viable dags retrieved from /Users/yueyaoz/Downloads/IS3107-FinSum/.airflow/lib/python3.10/site-packages/airflow/example_dags/example_branch_operator.py
[2025-04-22T21:35:04.391+0800] {processor.py:208} INFO - Processing /Users/yueyaoz/Downloads/IS3107-FinSum/.airflow/lib/python3.10/site-packages/airflow/example_dags/example_branch_operator.py took 0.054 seconds
[2025-04-22T22:59:20.329+0800] {processor.py:186} INFO - Started process (PID=23225) to work on /Users/yueyaoz/Downloads/IS3107-FinSum/.airflow/lib/python3.10/site-packages/airflow/example_dags/example_branch_operator.py
[2025-04-22T22:59:20.331+0800] {processor.py:914} INFO - Processing file /Users/yueyaoz/Downloads/IS3107-FinSum/.airflow/lib/python3.10/site-packages/airflow/example_dags/example_branch_operator.py for tasks to queue
[2025-04-22T22:59:20.331+0800] {logging_mixin.py:190} INFO - [2025-04-22T22:59:20.331+0800] {dagbag.py:588} INFO - Filling up the DagBag from /Users/yueyaoz/Downloads/IS3107-FinSum/.airflow/lib/python3.10/site-packages/airflow/example_dags/example_branch_operator.py
[2025-04-22T22:59:20.339+0800] {processor.py:927} WARNING - No viable dags retrieved from /Users/yueyaoz/Downloads/IS3107-FinSum/.airflow/lib/python3.10/site-packages/airflow/example_dags/example_branch_operator.py
[2025-04-22T22:59:20.376+0800] {processor.py:208} INFO - Processing /Users/yueyaoz/Downloads/IS3107-FinSum/.airflow/lib/python3.10/site-packages/airflow/example_dags/example_branch_operator.py took 0.048 seconds
[2025-04-22T23:33:26.298+0800] {processor.py:186} INFO - Started process (PID=23429) to work on /Users/yueyaoz/Downloads/IS3107-FinSum/.airflow/lib/python3.10/site-packages/airflow/example_dags/example_branch_operator.py
[2025-04-22T23:33:26.298+0800] {processor.py:914} INFO - Processing file /Users/yueyaoz/Downloads/IS3107-FinSum/.airflow/lib/python3.10/site-packages/airflow/example_dags/example_branch_operator.py for tasks to queue
[2025-04-22T23:33:26.299+0800] {logging_mixin.py:190} INFO - [2025-04-22T23:33:26.299+0800] {dagbag.py:588} INFO - Filling up the DagBag from /Users/yueyaoz/Downloads/IS3107-FinSum/.airflow/lib/python3.10/site-packages/airflow/example_dags/example_branch_operator.py
[2025-04-22T23:33:26.307+0800] {processor.py:927} WARNING - No viable dags retrieved from /Users/yueyaoz/Downloads/IS3107-FinSum/.airflow/lib/python3.10/site-packages/airflow/example_dags/example_branch_operator.py
[2025-04-22T23:33:26.345+0800] {processor.py:208} INFO - Processing /Users/yueyaoz/Downloads/IS3107-FinSum/.airflow/lib/python3.10/site-packages/airflow/example_dags/example_branch_operator.py took 0.049 seconds
[2025-04-23T01:44:40.387+0800] {processor.py:186} INFO - Started process (PID=23638) to work on /Users/yueyaoz/Downloads/IS3107-FinSum/.airflow/lib/python3.10/site-packages/airflow/example_dags/example_branch_operator.py
[2025-04-23T01:44:40.389+0800] {processor.py:914} INFO - Processing file /Users/yueyaoz/Downloads/IS3107-FinSum/.airflow/lib/python3.10/site-packages/airflow/example_dags/example_branch_operator.py for tasks to queue
[2025-04-23T01:44:40.389+0800] {logging_mixin.py:190} INFO - [2025-04-23T01:44:40.389+0800] {dagbag.py:588} INFO - Filling up the DagBag from /Users/yueyaoz/Downloads/IS3107-FinSum/.airflow/lib/python3.10/site-packages/airflow/example_dags/example_branch_operator.py
[2025-04-23T01:44:40.398+0800] {processor.py:927} WARNING - No viable dags retrieved from /Users/yueyaoz/Downloads/IS3107-FinSum/.airflow/lib/python3.10/site-packages/airflow/example_dags/example_branch_operator.py
[2025-04-23T01:44:40.434+0800] {processor.py:208} INFO - Processing /Users/yueyaoz/Downloads/IS3107-FinSum/.airflow/lib/python3.10/site-packages/airflow/example_dags/example_branch_operator.py took 0.048 seconds
[2025-04-23T02:20:15.420+0800] {processor.py:186} INFO - Started process (PID=23841) to work on /Users/yueyaoz/Downloads/IS3107-FinSum/.airflow/lib/python3.10/site-packages/airflow/example_dags/example_branch_operator.py
[2025-04-23T02:20:15.421+0800] {processor.py:914} INFO - Processing file /Users/yueyaoz/Downloads/IS3107-FinSum/.airflow/lib/python3.10/site-packages/airflow/example_dags/example_branch_operator.py for tasks to queue
[2025-04-23T02:20:15.421+0800] {logging_mixin.py:190} INFO - [2025-04-23T02:20:15.421+0800] {dagbag.py:588} INFO - Filling up the DagBag from /Users/yueyaoz/Downloads/IS3107-FinSum/.airflow/lib/python3.10/site-packages/airflow/example_dags/example_branch_operator.py
[2025-04-23T02:20:15.429+0800] {processor.py:927} WARNING - No viable dags retrieved from /Users/yueyaoz/Downloads/IS3107-FinSum/.airflow/lib/python3.10/site-packages/airflow/example_dags/example_branch_operator.py
[2025-04-23T02:20:15.467+0800] {processor.py:208} INFO - Processing /Users/yueyaoz/Downloads/IS3107-FinSum/.airflow/lib/python3.10/site-packages/airflow/example_dags/example_branch_operator.py took 0.048 seconds
