[2025-04-22T17:21:03.084+0800] {processor.py:186} INFO - Started process (PID=13516) to work on /Users/yueyaoz/Downloads/IS3107-FinSum/.airflow/lib/python3.10/site-packages/airflow/example_dags/example_latest_only.py
[2025-04-22T17:21:03.084+0800] {processor.py:914} INFO - Processing file /Users/yueyaoz/Downloads/IS3107-FinSum/.airflow/lib/python3.10/site-packages/airflow/example_dags/example_latest_only.py for tasks to queue
[2025-04-22T17:21:03.085+0800] {logging_mixin.py:190} INFO - [2025-04-22T17:21:03.085+0800] {dagbag.py:588} INFO - Filling up the DagBag from /Users/yueyaoz/Downloads/IS3107-FinSum/.airflow/lib/python3.10/site-packages/airflow/example_dags/example_latest_only.py
[2025-04-22T17:21:03.088+0800] {processor.py:925} INFO - DAG(s) 'latest_only' retrieved from /Users/yueyaoz/Downloads/IS3107-FinSum/.airflow/lib/python3.10/site-packages/airflow/example_dags/example_latest_only.py
[2025-04-22T17:21:03.131+0800] {logging_mixin.py:190} INFO - [2025-04-22T17:21:03.131+0800] {dag.py:3239} INFO - Sync 1 DAGs
[2025-04-22T17:21:03.138+0800] {logging_mixin.py:190} INFO - [2025-04-22T17:21:03.138+0800] {dag.py:4180} INFO - Setting next_dagrun for latest_only to 2025-04-22 04:00:00+00:00, run_after=2025-04-22 08:00:00+00:00
[2025-04-22T17:21:03.146+0800] {processor.py:208} INFO - Processing /Users/yueyaoz/Downloads/IS3107-FinSum/.airflow/lib/python3.10/site-packages/airflow/example_dags/example_latest_only.py took 0.063 seconds
[2025-04-22T19:20:56.463+0800] {processor.py:186} INFO - Started process (PID=13699) to work on /Users/yueyaoz/Downloads/IS3107-FinSum/.airflow/lib/python3.10/site-packages/airflow/example_dags/example_latest_only.py
[2025-04-22T19:20:56.464+0800] {processor.py:914} INFO - Processing file /Users/yueyaoz/Downloads/IS3107-FinSum/.airflow/lib/python3.10/site-packages/airflow/example_dags/example_latest_only.py for tasks to queue
[2025-04-22T19:20:56.464+0800] {logging_mixin.py:190} INFO - [2025-04-22T19:20:56.464+0800] {dagbag.py:588} INFO - Filling up the DagBag from /Users/yueyaoz/Downloads/IS3107-FinSum/.airflow/lib/python3.10/site-packages/airflow/example_dags/example_latest_only.py
[2025-04-22T19:20:56.468+0800] {processor.py:925} INFO - DAG(s) 'latest_only' retrieved from /Users/yueyaoz/Downloads/IS3107-FinSum/.airflow/lib/python3.10/site-packages/airflow/example_dags/example_latest_only.py
[2025-04-22T19:20:56.511+0800] {logging_mixin.py:190} INFO - [2025-04-22T19:20:56.511+0800] {dag.py:3239} INFO - Sync 1 DAGs
[2025-04-22T19:20:56.518+0800] {logging_mixin.py:190} INFO - [2025-04-22T19:20:56.518+0800] {dag.py:4180} INFO - Setting next_dagrun for latest_only to 2025-04-22 04:00:00+00:00, run_after=2025-04-22 08:00:00+00:00
[2025-04-22T19:20:56.525+0800] {processor.py:208} INFO - Processing /Users/yueyaoz/Downloads/IS3107-FinSum/.airflow/lib/python3.10/site-packages/airflow/example_dags/example_latest_only.py took 0.064 seconds
[2025-04-22T20:10:11.852+0800] {processor.py:186} INFO - Started process (PID=16091) to work on /Users/yueyaoz/Downloads/IS3107-FinSum/.airflow/lib/python3.10/site-packages/airflow/example_dags/example_latest_only.py
[2025-04-22T20:10:11.853+0800] {processor.py:914} INFO - Processing file /Users/yueyaoz/Downloads/IS3107-FinSum/.airflow/lib/python3.10/site-packages/airflow/example_dags/example_latest_only.py for tasks to queue
[2025-04-22T20:10:11.854+0800] {logging_mixin.py:190} INFO - [2025-04-22T20:10:11.853+0800] {dagbag.py:588} INFO - Filling up the DagBag from /Users/yueyaoz/Downloads/IS3107-FinSum/.airflow/lib/python3.10/site-packages/airflow/example_dags/example_latest_only.py
[2025-04-22T20:10:11.857+0800] {processor.py:925} INFO - DAG(s) 'latest_only' retrieved from /Users/yueyaoz/Downloads/IS3107-FinSum/.airflow/lib/python3.10/site-packages/airflow/example_dags/example_latest_only.py
[2025-04-22T20:10:11.899+0800] {logging_mixin.py:190} INFO - [2025-04-22T20:10:11.899+0800] {dag.py:3239} INFO - Sync 1 DAGs
[2025-04-22T20:10:11.906+0800] {logging_mixin.py:190} INFO - [2025-04-22T20:10:11.906+0800] {dag.py:4180} INFO - Setting next_dagrun for latest_only to 2025-04-22 08:00:00+00:00, run_after=2025-04-22 12:00:00+00:00
[2025-04-22T20:10:11.913+0800] {processor.py:208} INFO - Processing /Users/yueyaoz/Downloads/IS3107-FinSum/.airflow/lib/python3.10/site-packages/airflow/example_dags/example_latest_only.py took 0.063 seconds
[2025-04-22T20:11:56.475+0800] {processor.py:186} INFO - Started process (PID=16226) to work on /Users/yueyaoz/Downloads/IS3107-FinSum/.airflow/lib/python3.10/site-packages/airflow/example_dags/example_latest_only.py
[2025-04-22T20:11:56.477+0800] {processor.py:914} INFO - Processing file /Users/yueyaoz/Downloads/IS3107-FinSum/.airflow/lib/python3.10/site-packages/airflow/example_dags/example_latest_only.py for tasks to queue
[2025-04-22T20:11:56.477+0800] {logging_mixin.py:190} INFO - [2025-04-22T20:11:56.477+0800] {dagbag.py:588} INFO - Filling up the DagBag from /Users/yueyaoz/Downloads/IS3107-FinSum/.airflow/lib/python3.10/site-packages/airflow/example_dags/example_latest_only.py
[2025-04-22T20:11:56.480+0800] {processor.py:925} INFO - DAG(s) 'latest_only' retrieved from /Users/yueyaoz/Downloads/IS3107-FinSum/.airflow/lib/python3.10/site-packages/airflow/example_dags/example_latest_only.py
[2025-04-22T20:11:56.521+0800] {logging_mixin.py:190} INFO - [2025-04-22T20:11:56.521+0800] {dag.py:3239} INFO - Sync 1 DAGs
[2025-04-22T20:11:56.528+0800] {logging_mixin.py:190} INFO - [2025-04-22T20:11:56.528+0800] {dag.py:4180} INFO - Setting next_dagrun for latest_only to 2025-04-22 08:00:00+00:00, run_after=2025-04-22 12:00:00+00:00
[2025-04-22T20:11:56.535+0800] {processor.py:208} INFO - Processing /Users/yueyaoz/Downloads/IS3107-FinSum/.airflow/lib/python3.10/site-packages/airflow/example_dags/example_latest_only.py took 0.061 seconds
[2025-04-22T20:14:27.506+0800] {processor.py:186} INFO - Started process (PID=16418) to work on /Users/yueyaoz/Downloads/IS3107-FinSum/.airflow/lib/python3.10/site-packages/airflow/example_dags/example_latest_only.py
[2025-04-22T20:14:27.507+0800] {processor.py:914} INFO - Processing file /Users/yueyaoz/Downloads/IS3107-FinSum/.airflow/lib/python3.10/site-packages/airflow/example_dags/example_latest_only.py for tasks to queue
[2025-04-22T20:14:27.507+0800] {logging_mixin.py:190} INFO - [2025-04-22T20:14:27.507+0800] {dagbag.py:588} INFO - Filling up the DagBag from /Users/yueyaoz/Downloads/IS3107-FinSum/.airflow/lib/python3.10/site-packages/airflow/example_dags/example_latest_only.py
[2025-04-22T20:14:27.510+0800] {processor.py:925} INFO - DAG(s) 'latest_only' retrieved from /Users/yueyaoz/Downloads/IS3107-FinSum/.airflow/lib/python3.10/site-packages/airflow/example_dags/example_latest_only.py
[2025-04-22T20:14:27.552+0800] {logging_mixin.py:190} INFO - [2025-04-22T20:14:27.552+0800] {dag.py:3239} INFO - Sync 1 DAGs
[2025-04-22T20:14:27.559+0800] {logging_mixin.py:190} INFO - [2025-04-22T20:14:27.559+0800] {dag.py:4180} INFO - Setting next_dagrun for latest_only to 2025-04-22 08:00:00+00:00, run_after=2025-04-22 12:00:00+00:00
[2025-04-22T20:14:27.565+0800] {processor.py:208} INFO - Processing /Users/yueyaoz/Downloads/IS3107-FinSum/.airflow/lib/python3.10/site-packages/airflow/example_dags/example_latest_only.py took 0.060 seconds
[2025-04-22T20:16:54.317+0800] {processor.py:186} INFO - Started process (PID=16607) to work on /Users/yueyaoz/Downloads/IS3107-FinSum/.airflow/lib/python3.10/site-packages/airflow/example_dags/example_latest_only.py
[2025-04-22T20:16:54.318+0800] {processor.py:914} INFO - Processing file /Users/yueyaoz/Downloads/IS3107-FinSum/.airflow/lib/python3.10/site-packages/airflow/example_dags/example_latest_only.py for tasks to queue
[2025-04-22T20:16:54.318+0800] {logging_mixin.py:190} INFO - [2025-04-22T20:16:54.318+0800] {dagbag.py:588} INFO - Filling up the DagBag from /Users/yueyaoz/Downloads/IS3107-FinSum/.airflow/lib/python3.10/site-packages/airflow/example_dags/example_latest_only.py
[2025-04-22T20:16:54.322+0800] {processor.py:925} INFO - DAG(s) 'latest_only' retrieved from /Users/yueyaoz/Downloads/IS3107-FinSum/.airflow/lib/python3.10/site-packages/airflow/example_dags/example_latest_only.py
[2025-04-22T20:16:54.364+0800] {logging_mixin.py:190} INFO - [2025-04-22T20:16:54.364+0800] {dag.py:3239} INFO - Sync 1 DAGs
[2025-04-22T20:16:54.371+0800] {logging_mixin.py:190} INFO - [2025-04-22T20:16:54.371+0800] {dag.py:4180} INFO - Setting next_dagrun for latest_only to 2025-04-22 08:00:00+00:00, run_after=2025-04-22 12:00:00+00:00
[2025-04-22T20:16:54.378+0800] {processor.py:208} INFO - Processing /Users/yueyaoz/Downloads/IS3107-FinSum/.airflow/lib/python3.10/site-packages/airflow/example_dags/example_latest_only.py took 0.062 seconds
[2025-04-22T20:19:26.175+0800] {processor.py:186} INFO - Started process (PID=16804) to work on /Users/yueyaoz/Downloads/IS3107-FinSum/.airflow/lib/python3.10/site-packages/airflow/example_dags/example_latest_only.py
[2025-04-22T20:19:26.175+0800] {processor.py:914} INFO - Processing file /Users/yueyaoz/Downloads/IS3107-FinSum/.airflow/lib/python3.10/site-packages/airflow/example_dags/example_latest_only.py for tasks to queue
[2025-04-22T20:19:26.175+0800] {logging_mixin.py:190} INFO - [2025-04-22T20:19:26.175+0800] {dagbag.py:588} INFO - Filling up the DagBag from /Users/yueyaoz/Downloads/IS3107-FinSum/.airflow/lib/python3.10/site-packages/airflow/example_dags/example_latest_only.py
[2025-04-22T20:19:26.179+0800] {processor.py:925} INFO - DAG(s) 'latest_only' retrieved from /Users/yueyaoz/Downloads/IS3107-FinSum/.airflow/lib/python3.10/site-packages/airflow/example_dags/example_latest_only.py
[2025-04-22T20:19:26.220+0800] {logging_mixin.py:190} INFO - [2025-04-22T20:19:26.220+0800] {dag.py:3239} INFO - Sync 1 DAGs
[2025-04-22T20:19:26.227+0800] {logging_mixin.py:190} INFO - [2025-04-22T20:19:26.227+0800] {dag.py:4180} INFO - Setting next_dagrun for latest_only to 2025-04-22 08:00:00+00:00, run_after=2025-04-22 12:00:00+00:00
[2025-04-22T20:19:26.234+0800] {processor.py:208} INFO - Processing /Users/yueyaoz/Downloads/IS3107-FinSum/.airflow/lib/python3.10/site-packages/airflow/example_dags/example_latest_only.py took 0.060 seconds
[2025-04-22T20:21:57.539+0800] {processor.py:186} INFO - Started process (PID=17003) to work on /Users/yueyaoz/Downloads/IS3107-FinSum/.airflow/lib/python3.10/site-packages/airflow/example_dags/example_latest_only.py
[2025-04-22T20:21:57.539+0800] {processor.py:914} INFO - Processing file /Users/yueyaoz/Downloads/IS3107-FinSum/.airflow/lib/python3.10/site-packages/airflow/example_dags/example_latest_only.py for tasks to queue
[2025-04-22T20:21:57.540+0800] {logging_mixin.py:190} INFO - [2025-04-22T20:21:57.540+0800] {dagbag.py:588} INFO - Filling up the DagBag from /Users/yueyaoz/Downloads/IS3107-FinSum/.airflow/lib/python3.10/site-packages/airflow/example_dags/example_latest_only.py
[2025-04-22T20:21:57.543+0800] {processor.py:925} INFO - DAG(s) 'latest_only' retrieved from /Users/yueyaoz/Downloads/IS3107-FinSum/.airflow/lib/python3.10/site-packages/airflow/example_dags/example_latest_only.py
[2025-04-22T20:21:57.585+0800] {logging_mixin.py:190} INFO - [2025-04-22T20:21:57.584+0800] {dag.py:3239} INFO - Sync 1 DAGs
[2025-04-22T20:21:57.591+0800] {logging_mixin.py:190} INFO - [2025-04-22T20:21:57.591+0800] {dag.py:4180} INFO - Setting next_dagrun for latest_only to 2025-04-22 08:00:00+00:00, run_after=2025-04-22 12:00:00+00:00
[2025-04-22T20:21:57.598+0800] {processor.py:208} INFO - Processing /Users/yueyaoz/Downloads/IS3107-FinSum/.airflow/lib/python3.10/site-packages/airflow/example_dags/example_latest_only.py took 0.060 seconds
[2025-04-22T20:24:30.451+0800] {processor.py:186} INFO - Started process (PID=17216) to work on /Users/yueyaoz/Downloads/IS3107-FinSum/.airflow/lib/python3.10/site-packages/airflow/example_dags/example_latest_only.py
[2025-04-22T20:24:30.452+0800] {processor.py:914} INFO - Processing file /Users/yueyaoz/Downloads/IS3107-FinSum/.airflow/lib/python3.10/site-packages/airflow/example_dags/example_latest_only.py for tasks to queue
[2025-04-22T20:24:30.452+0800] {logging_mixin.py:190} INFO - [2025-04-22T20:24:30.452+0800] {dagbag.py:588} INFO - Filling up the DagBag from /Users/yueyaoz/Downloads/IS3107-FinSum/.airflow/lib/python3.10/site-packages/airflow/example_dags/example_latest_only.py
[2025-04-22T20:24:30.455+0800] {processor.py:925} INFO - DAG(s) 'latest_only' retrieved from /Users/yueyaoz/Downloads/IS3107-FinSum/.airflow/lib/python3.10/site-packages/airflow/example_dags/example_latest_only.py
[2025-04-22T20:24:30.497+0800] {logging_mixin.py:190} INFO - [2025-04-22T20:24:30.497+0800] {dag.py:3239} INFO - Sync 1 DAGs
[2025-04-22T20:24:30.504+0800] {logging_mixin.py:190} INFO - [2025-04-22T20:24:30.504+0800] {dag.py:4180} INFO - Setting next_dagrun for latest_only to 2025-04-22 08:00:00+00:00, run_after=2025-04-22 12:00:00+00:00
[2025-04-22T20:24:30.511+0800] {processor.py:208} INFO - Processing /Users/yueyaoz/Downloads/IS3107-FinSum/.airflow/lib/python3.10/site-packages/airflow/example_dags/example_latest_only.py took 0.061 seconds
[2025-04-22T20:27:06.204+0800] {processor.py:186} INFO - Started process (PID=17426) to work on /Users/yueyaoz/Downloads/IS3107-FinSum/.airflow/lib/python3.10/site-packages/airflow/example_dags/example_latest_only.py
[2025-04-22T20:27:06.205+0800] {processor.py:914} INFO - Processing file /Users/yueyaoz/Downloads/IS3107-FinSum/.airflow/lib/python3.10/site-packages/airflow/example_dags/example_latest_only.py for tasks to queue
[2025-04-22T20:27:06.205+0800] {logging_mixin.py:190} INFO - [2025-04-22T20:27:06.205+0800] {dagbag.py:588} INFO - Filling up the DagBag from /Users/yueyaoz/Downloads/IS3107-FinSum/.airflow/lib/python3.10/site-packages/airflow/example_dags/example_latest_only.py
[2025-04-22T20:27:06.209+0800] {processor.py:925} INFO - DAG(s) 'latest_only' retrieved from /Users/yueyaoz/Downloads/IS3107-FinSum/.airflow/lib/python3.10/site-packages/airflow/example_dags/example_latest_only.py
[2025-04-22T20:27:06.253+0800] {logging_mixin.py:190} INFO - [2025-04-22T20:27:06.253+0800] {dag.py:3239} INFO - Sync 1 DAGs
[2025-04-22T20:27:06.259+0800] {logging_mixin.py:190} INFO - [2025-04-22T20:27:06.259+0800] {dag.py:4180} INFO - Setting next_dagrun for latest_only to 2025-04-22 08:00:00+00:00, run_after=2025-04-22 12:00:00+00:00
[2025-04-22T20:27:06.267+0800] {processor.py:208} INFO - Processing /Users/yueyaoz/Downloads/IS3107-FinSum/.airflow/lib/python3.10/site-packages/airflow/example_dags/example_latest_only.py took 0.065 seconds
[2025-04-22T20:29:39.280+0800] {processor.py:186} INFO - Started process (PID=17632) to work on /Users/yueyaoz/Downloads/IS3107-FinSum/.airflow/lib/python3.10/site-packages/airflow/example_dags/example_latest_only.py
[2025-04-22T20:29:39.280+0800] {processor.py:914} INFO - Processing file /Users/yueyaoz/Downloads/IS3107-FinSum/.airflow/lib/python3.10/site-packages/airflow/example_dags/example_latest_only.py for tasks to queue
[2025-04-22T20:29:39.281+0800] {logging_mixin.py:190} INFO - [2025-04-22T20:29:39.281+0800] {dagbag.py:588} INFO - Filling up the DagBag from /Users/yueyaoz/Downloads/IS3107-FinSum/.airflow/lib/python3.10/site-packages/airflow/example_dags/example_latest_only.py
[2025-04-22T20:29:39.284+0800] {processor.py:925} INFO - DAG(s) 'latest_only' retrieved from /Users/yueyaoz/Downloads/IS3107-FinSum/.airflow/lib/python3.10/site-packages/airflow/example_dags/example_latest_only.py
[2025-04-22T20:29:39.326+0800] {logging_mixin.py:190} INFO - [2025-04-22T20:29:39.326+0800] {dag.py:3239} INFO - Sync 1 DAGs
[2025-04-22T20:29:39.333+0800] {logging_mixin.py:190} INFO - [2025-04-22T20:29:39.333+0800] {dag.py:4180} INFO - Setting next_dagrun for latest_only to 2025-04-22 08:00:00+00:00, run_after=2025-04-22 12:00:00+00:00
[2025-04-22T20:29:39.340+0800] {processor.py:208} INFO - Processing /Users/yueyaoz/Downloads/IS3107-FinSum/.airflow/lib/python3.10/site-packages/airflow/example_dags/example_latest_only.py took 0.062 seconds
[2025-04-22T20:32:11.175+0800] {processor.py:186} INFO - Started process (PID=17845) to work on /Users/yueyaoz/Downloads/IS3107-FinSum/.airflow/lib/python3.10/site-packages/airflow/example_dags/example_latest_only.py
[2025-04-22T20:32:11.177+0800] {processor.py:914} INFO - Processing file /Users/yueyaoz/Downloads/IS3107-FinSum/.airflow/lib/python3.10/site-packages/airflow/example_dags/example_latest_only.py for tasks to queue
[2025-04-22T20:32:11.177+0800] {logging_mixin.py:190} INFO - [2025-04-22T20:32:11.177+0800] {dagbag.py:588} INFO - Filling up the DagBag from /Users/yueyaoz/Downloads/IS3107-FinSum/.airflow/lib/python3.10/site-packages/airflow/example_dags/example_latest_only.py
[2025-04-22T20:32:11.181+0800] {processor.py:925} INFO - DAG(s) 'latest_only' retrieved from /Users/yueyaoz/Downloads/IS3107-FinSum/.airflow/lib/python3.10/site-packages/airflow/example_dags/example_latest_only.py
[2025-04-22T20:32:11.222+0800] {logging_mixin.py:190} INFO - [2025-04-22T20:32:11.222+0800] {dag.py:3239} INFO - Sync 1 DAGs
[2025-04-22T20:32:11.229+0800] {logging_mixin.py:190} INFO - [2025-04-22T20:32:11.229+0800] {dag.py:4180} INFO - Setting next_dagrun for latest_only to 2025-04-22 08:00:00+00:00, run_after=2025-04-22 12:00:00+00:00
[2025-04-22T20:32:11.236+0800] {processor.py:208} INFO - Processing /Users/yueyaoz/Downloads/IS3107-FinSum/.airflow/lib/python3.10/site-packages/airflow/example_dags/example_latest_only.py took 0.062 seconds
[2025-04-22T20:34:42.858+0800] {processor.py:186} INFO - Started process (PID=18042) to work on /Users/yueyaoz/Downloads/IS3107-FinSum/.airflow/lib/python3.10/site-packages/airflow/example_dags/example_latest_only.py
[2025-04-22T20:34:42.860+0800] {processor.py:914} INFO - Processing file /Users/yueyaoz/Downloads/IS3107-FinSum/.airflow/lib/python3.10/site-packages/airflow/example_dags/example_latest_only.py for tasks to queue
[2025-04-22T20:34:42.860+0800] {logging_mixin.py:190} INFO - [2025-04-22T20:34:42.860+0800] {dagbag.py:588} INFO - Filling up the DagBag from /Users/yueyaoz/Downloads/IS3107-FinSum/.airflow/lib/python3.10/site-packages/airflow/example_dags/example_latest_only.py
[2025-04-22T20:34:42.864+0800] {processor.py:925} INFO - DAG(s) 'latest_only' retrieved from /Users/yueyaoz/Downloads/IS3107-FinSum/.airflow/lib/python3.10/site-packages/airflow/example_dags/example_latest_only.py
[2025-04-22T20:34:42.906+0800] {logging_mixin.py:190} INFO - [2025-04-22T20:34:42.906+0800] {dag.py:3239} INFO - Sync 1 DAGs
[2025-04-22T20:34:42.913+0800] {logging_mixin.py:190} INFO - [2025-04-22T20:34:42.913+0800] {dag.py:4180} INFO - Setting next_dagrun for latest_only to 2025-04-22 08:00:00+00:00, run_after=2025-04-22 12:00:00+00:00
[2025-04-22T20:34:42.920+0800] {processor.py:208} INFO - Processing /Users/yueyaoz/Downloads/IS3107-FinSum/.airflow/lib/python3.10/site-packages/airflow/example_dags/example_latest_only.py took 0.063 seconds
[2025-04-22T20:37:18.454+0800] {processor.py:186} INFO - Started process (PID=18254) to work on /Users/yueyaoz/Downloads/IS3107-FinSum/.airflow/lib/python3.10/site-packages/airflow/example_dags/example_latest_only.py
[2025-04-22T20:37:18.456+0800] {processor.py:914} INFO - Processing file /Users/yueyaoz/Downloads/IS3107-FinSum/.airflow/lib/python3.10/site-packages/airflow/example_dags/example_latest_only.py for tasks to queue
[2025-04-22T20:37:18.456+0800] {logging_mixin.py:190} INFO - [2025-04-22T20:37:18.456+0800] {dagbag.py:588} INFO - Filling up the DagBag from /Users/yueyaoz/Downloads/IS3107-FinSum/.airflow/lib/python3.10/site-packages/airflow/example_dags/example_latest_only.py
[2025-04-22T20:37:18.460+0800] {processor.py:925} INFO - DAG(s) 'latest_only' retrieved from /Users/yueyaoz/Downloads/IS3107-FinSum/.airflow/lib/python3.10/site-packages/airflow/example_dags/example_latest_only.py
[2025-04-22T20:37:18.502+0800] {logging_mixin.py:190} INFO - [2025-04-22T20:37:18.502+0800] {dag.py:3239} INFO - Sync 1 DAGs
[2025-04-22T20:37:18.509+0800] {logging_mixin.py:190} INFO - [2025-04-22T20:37:18.509+0800] {dag.py:4180} INFO - Setting next_dagrun for latest_only to 2025-04-22 08:00:00+00:00, run_after=2025-04-22 12:00:00+00:00
[2025-04-22T20:37:18.516+0800] {processor.py:208} INFO - Processing /Users/yueyaoz/Downloads/IS3107-FinSum/.airflow/lib/python3.10/site-packages/airflow/example_dags/example_latest_only.py took 0.063 seconds
[2025-04-22T20:39:51.088+0800] {processor.py:186} INFO - Started process (PID=18446) to work on /Users/yueyaoz/Downloads/IS3107-FinSum/.airflow/lib/python3.10/site-packages/airflow/example_dags/example_latest_only.py
[2025-04-22T20:39:51.089+0800] {processor.py:914} INFO - Processing file /Users/yueyaoz/Downloads/IS3107-FinSum/.airflow/lib/python3.10/site-packages/airflow/example_dags/example_latest_only.py for tasks to queue
[2025-04-22T20:39:51.089+0800] {logging_mixin.py:190} INFO - [2025-04-22T20:39:51.089+0800] {dagbag.py:588} INFO - Filling up the DagBag from /Users/yueyaoz/Downloads/IS3107-FinSum/.airflow/lib/python3.10/site-packages/airflow/example_dags/example_latest_only.py
[2025-04-22T20:39:51.093+0800] {processor.py:925} INFO - DAG(s) 'latest_only' retrieved from /Users/yueyaoz/Downloads/IS3107-FinSum/.airflow/lib/python3.10/site-packages/airflow/example_dags/example_latest_only.py
[2025-04-22T20:39:51.136+0800] {logging_mixin.py:190} INFO - [2025-04-22T20:39:51.136+0800] {dag.py:3239} INFO - Sync 1 DAGs
[2025-04-22T20:39:51.143+0800] {logging_mixin.py:190} INFO - [2025-04-22T20:39:51.143+0800] {dag.py:4180} INFO - Setting next_dagrun for latest_only to 2025-04-22 08:00:00+00:00, run_after=2025-04-22 12:00:00+00:00
[2025-04-22T20:39:51.150+0800] {processor.py:208} INFO - Processing /Users/yueyaoz/Downloads/IS3107-FinSum/.airflow/lib/python3.10/site-packages/airflow/example_dags/example_latest_only.py took 0.063 seconds
[2025-04-22T20:42:26.847+0800] {processor.py:186} INFO - Started process (PID=18649) to work on /Users/yueyaoz/Downloads/IS3107-FinSum/.airflow/lib/python3.10/site-packages/airflow/example_dags/example_latest_only.py
[2025-04-22T20:42:26.848+0800] {processor.py:914} INFO - Processing file /Users/yueyaoz/Downloads/IS3107-FinSum/.airflow/lib/python3.10/site-packages/airflow/example_dags/example_latest_only.py for tasks to queue
[2025-04-22T20:42:26.848+0800] {logging_mixin.py:190} INFO - [2025-04-22T20:42:26.848+0800] {dagbag.py:588} INFO - Filling up the DagBag from /Users/yueyaoz/Downloads/IS3107-FinSum/.airflow/lib/python3.10/site-packages/airflow/example_dags/example_latest_only.py
[2025-04-22T20:42:26.852+0800] {processor.py:925} INFO - DAG(s) 'latest_only' retrieved from /Users/yueyaoz/Downloads/IS3107-FinSum/.airflow/lib/python3.10/site-packages/airflow/example_dags/example_latest_only.py
[2025-04-22T20:42:26.895+0800] {logging_mixin.py:190} INFO - [2025-04-22T20:42:26.895+0800] {dag.py:3239} INFO - Sync 1 DAGs
[2025-04-22T20:42:26.901+0800] {logging_mixin.py:190} INFO - [2025-04-22T20:42:26.901+0800] {dag.py:4180} INFO - Setting next_dagrun for latest_only to 2025-04-22 08:00:00+00:00, run_after=2025-04-22 12:00:00+00:00
[2025-04-22T20:42:26.908+0800] {processor.py:208} INFO - Processing /Users/yueyaoz/Downloads/IS3107-FinSum/.airflow/lib/python3.10/site-packages/airflow/example_dags/example_latest_only.py took 0.063 seconds
[2025-04-22T20:45:03.014+0800] {processor.py:186} INFO - Started process (PID=18845) to work on /Users/yueyaoz/Downloads/IS3107-FinSum/.airflow/lib/python3.10/site-packages/airflow/example_dags/example_latest_only.py
[2025-04-22T20:45:03.015+0800] {processor.py:914} INFO - Processing file /Users/yueyaoz/Downloads/IS3107-FinSum/.airflow/lib/python3.10/site-packages/airflow/example_dags/example_latest_only.py for tasks to queue
[2025-04-22T20:45:03.015+0800] {logging_mixin.py:190} INFO - [2025-04-22T20:45:03.015+0800] {dagbag.py:588} INFO - Filling up the DagBag from /Users/yueyaoz/Downloads/IS3107-FinSum/.airflow/lib/python3.10/site-packages/airflow/example_dags/example_latest_only.py
[2025-04-22T20:45:03.019+0800] {processor.py:925} INFO - DAG(s) 'latest_only' retrieved from /Users/yueyaoz/Downloads/IS3107-FinSum/.airflow/lib/python3.10/site-packages/airflow/example_dags/example_latest_only.py
[2025-04-22T20:45:03.061+0800] {logging_mixin.py:190} INFO - [2025-04-22T20:45:03.061+0800] {dag.py:3239} INFO - Sync 1 DAGs
[2025-04-22T20:45:03.068+0800] {logging_mixin.py:190} INFO - [2025-04-22T20:45:03.068+0800] {dag.py:4180} INFO - Setting next_dagrun for latest_only to 2025-04-22 08:00:00+00:00, run_after=2025-04-22 12:00:00+00:00
[2025-04-22T20:45:03.075+0800] {processor.py:208} INFO - Processing /Users/yueyaoz/Downloads/IS3107-FinSum/.airflow/lib/python3.10/site-packages/airflow/example_dags/example_latest_only.py took 0.062 seconds
[2025-04-22T20:47:36.837+0800] {processor.py:186} INFO - Started process (PID=19035) to work on /Users/yueyaoz/Downloads/IS3107-FinSum/.airflow/lib/python3.10/site-packages/airflow/example_dags/example_latest_only.py
[2025-04-22T20:47:36.838+0800] {processor.py:914} INFO - Processing file /Users/yueyaoz/Downloads/IS3107-FinSum/.airflow/lib/python3.10/site-packages/airflow/example_dags/example_latest_only.py for tasks to queue
[2025-04-22T20:47:36.838+0800] {logging_mixin.py:190} INFO - [2025-04-22T20:47:36.838+0800] {dagbag.py:588} INFO - Filling up the DagBag from /Users/yueyaoz/Downloads/IS3107-FinSum/.airflow/lib/python3.10/site-packages/airflow/example_dags/example_latest_only.py
[2025-04-22T20:47:36.842+0800] {processor.py:925} INFO - DAG(s) 'latest_only' retrieved from /Users/yueyaoz/Downloads/IS3107-FinSum/.airflow/lib/python3.10/site-packages/airflow/example_dags/example_latest_only.py
[2025-04-22T20:47:36.883+0800] {logging_mixin.py:190} INFO - [2025-04-22T20:47:36.883+0800] {dag.py:3239} INFO - Sync 1 DAGs
[2025-04-22T20:47:36.890+0800] {logging_mixin.py:190} INFO - [2025-04-22T20:47:36.890+0800] {dag.py:4180} INFO - Setting next_dagrun for latest_only to 2025-04-22 08:00:00+00:00, run_after=2025-04-22 12:00:00+00:00
[2025-04-22T20:47:36.897+0800] {processor.py:208} INFO - Processing /Users/yueyaoz/Downloads/IS3107-FinSum/.airflow/lib/python3.10/site-packages/airflow/example_dags/example_latest_only.py took 0.061 seconds
[2025-04-22T20:50:10.990+0800] {processor.py:186} INFO - Started process (PID=19232) to work on /Users/yueyaoz/Downloads/IS3107-FinSum/.airflow/lib/python3.10/site-packages/airflow/example_dags/example_latest_only.py
[2025-04-22T20:50:10.992+0800] {processor.py:914} INFO - Processing file /Users/yueyaoz/Downloads/IS3107-FinSum/.airflow/lib/python3.10/site-packages/airflow/example_dags/example_latest_only.py for tasks to queue
[2025-04-22T20:50:10.992+0800] {logging_mixin.py:190} INFO - [2025-04-22T20:50:10.992+0800] {dagbag.py:588} INFO - Filling up the DagBag from /Users/yueyaoz/Downloads/IS3107-FinSum/.airflow/lib/python3.10/site-packages/airflow/example_dags/example_latest_only.py
[2025-04-22T20:50:10.996+0800] {processor.py:925} INFO - DAG(s) 'latest_only' retrieved from /Users/yueyaoz/Downloads/IS3107-FinSum/.airflow/lib/python3.10/site-packages/airflow/example_dags/example_latest_only.py
[2025-04-22T20:50:11.038+0800] {logging_mixin.py:190} INFO - [2025-04-22T20:50:11.038+0800] {dag.py:3239} INFO - Sync 1 DAGs
[2025-04-22T20:50:11.045+0800] {logging_mixin.py:190} INFO - [2025-04-22T20:50:11.045+0800] {dag.py:4180} INFO - Setting next_dagrun for latest_only to 2025-04-22 08:00:00+00:00, run_after=2025-04-22 12:00:00+00:00
[2025-04-22T20:50:11.052+0800] {processor.py:208} INFO - Processing /Users/yueyaoz/Downloads/IS3107-FinSum/.airflow/lib/python3.10/site-packages/airflow/example_dags/example_latest_only.py took 0.063 seconds
[2025-04-22T20:52:44.767+0800] {processor.py:186} INFO - Started process (PID=19432) to work on /Users/yueyaoz/Downloads/IS3107-FinSum/.airflow/lib/python3.10/site-packages/airflow/example_dags/example_latest_only.py
[2025-04-22T20:52:44.768+0800] {processor.py:914} INFO - Processing file /Users/yueyaoz/Downloads/IS3107-FinSum/.airflow/lib/python3.10/site-packages/airflow/example_dags/example_latest_only.py for tasks to queue
[2025-04-22T20:52:44.769+0800] {logging_mixin.py:190} INFO - [2025-04-22T20:52:44.769+0800] {dagbag.py:588} INFO - Filling up the DagBag from /Users/yueyaoz/Downloads/IS3107-FinSum/.airflow/lib/python3.10/site-packages/airflow/example_dags/example_latest_only.py
[2025-04-22T20:52:44.773+0800] {processor.py:925} INFO - DAG(s) 'latest_only' retrieved from /Users/yueyaoz/Downloads/IS3107-FinSum/.airflow/lib/python3.10/site-packages/airflow/example_dags/example_latest_only.py
[2025-04-22T20:52:44.815+0800] {logging_mixin.py:190} INFO - [2025-04-22T20:52:44.815+0800] {dag.py:3239} INFO - Sync 1 DAGs
[2025-04-22T20:52:44.822+0800] {logging_mixin.py:190} INFO - [2025-04-22T20:52:44.822+0800] {dag.py:4180} INFO - Setting next_dagrun for latest_only to 2025-04-22 08:00:00+00:00, run_after=2025-04-22 12:00:00+00:00
[2025-04-22T20:52:44.829+0800] {processor.py:208} INFO - Processing /Users/yueyaoz/Downloads/IS3107-FinSum/.airflow/lib/python3.10/site-packages/airflow/example_dags/example_latest_only.py took 0.063 seconds
[2025-04-22T20:55:17.422+0800] {processor.py:186} INFO - Started process (PID=19630) to work on /Users/yueyaoz/Downloads/IS3107-FinSum/.airflow/lib/python3.10/site-packages/airflow/example_dags/example_latest_only.py
[2025-04-22T20:55:17.423+0800] {processor.py:914} INFO - Processing file /Users/yueyaoz/Downloads/IS3107-FinSum/.airflow/lib/python3.10/site-packages/airflow/example_dags/example_latest_only.py for tasks to queue
[2025-04-22T20:55:17.423+0800] {logging_mixin.py:190} INFO - [2025-04-22T20:55:17.423+0800] {dagbag.py:588} INFO - Filling up the DagBag from /Users/yueyaoz/Downloads/IS3107-FinSum/.airflow/lib/python3.10/site-packages/airflow/example_dags/example_latest_only.py
[2025-04-22T20:55:17.427+0800] {processor.py:925} INFO - DAG(s) 'latest_only' retrieved from /Users/yueyaoz/Downloads/IS3107-FinSum/.airflow/lib/python3.10/site-packages/airflow/example_dags/example_latest_only.py
[2025-04-22T20:55:17.469+0800] {logging_mixin.py:190} INFO - [2025-04-22T20:55:17.469+0800] {dag.py:3239} INFO - Sync 1 DAGs
[2025-04-22T20:55:17.476+0800] {logging_mixin.py:190} INFO - [2025-04-22T20:55:17.476+0800] {dag.py:4180} INFO - Setting next_dagrun for latest_only to 2025-04-22 08:00:00+00:00, run_after=2025-04-22 12:00:00+00:00
[2025-04-22T20:55:17.483+0800] {processor.py:208} INFO - Processing /Users/yueyaoz/Downloads/IS3107-FinSum/.airflow/lib/python3.10/site-packages/airflow/example_dags/example_latest_only.py took 0.062 seconds
[2025-04-22T20:57:47.126+0800] {processor.py:186} INFO - Started process (PID=19818) to work on /Users/yueyaoz/Downloads/IS3107-FinSum/.airflow/lib/python3.10/site-packages/airflow/example_dags/example_latest_only.py
[2025-04-22T20:57:47.127+0800] {processor.py:914} INFO - Processing file /Users/yueyaoz/Downloads/IS3107-FinSum/.airflow/lib/python3.10/site-packages/airflow/example_dags/example_latest_only.py for tasks to queue
[2025-04-22T20:57:47.127+0800] {logging_mixin.py:190} INFO - [2025-04-22T20:57:47.127+0800] {dagbag.py:588} INFO - Filling up the DagBag from /Users/yueyaoz/Downloads/IS3107-FinSum/.airflow/lib/python3.10/site-packages/airflow/example_dags/example_latest_only.py
[2025-04-22T20:57:47.131+0800] {processor.py:925} INFO - DAG(s) 'latest_only' retrieved from /Users/yueyaoz/Downloads/IS3107-FinSum/.airflow/lib/python3.10/site-packages/airflow/example_dags/example_latest_only.py
[2025-04-22T20:57:47.174+0800] {logging_mixin.py:190} INFO - [2025-04-22T20:57:47.174+0800] {dag.py:3239} INFO - Sync 1 DAGs
[2025-04-22T20:57:47.181+0800] {logging_mixin.py:190} INFO - [2025-04-22T20:57:47.181+0800] {dag.py:4180} INFO - Setting next_dagrun for latest_only to 2025-04-22 08:00:00+00:00, run_after=2025-04-22 12:00:00+00:00
[2025-04-22T20:57:47.189+0800] {processor.py:208} INFO - Processing /Users/yueyaoz/Downloads/IS3107-FinSum/.airflow/lib/python3.10/site-packages/airflow/example_dags/example_latest_only.py took 0.064 seconds
[2025-04-22T21:00:26.702+0800] {processor.py:186} INFO - Started process (PID=20049) to work on /Users/yueyaoz/Downloads/IS3107-FinSum/.airflow/lib/python3.10/site-packages/airflow/example_dags/example_latest_only.py
[2025-04-22T21:00:26.703+0800] {processor.py:914} INFO - Processing file /Users/yueyaoz/Downloads/IS3107-FinSum/.airflow/lib/python3.10/site-packages/airflow/example_dags/example_latest_only.py for tasks to queue
[2025-04-22T21:00:26.703+0800] {logging_mixin.py:190} INFO - [2025-04-22T21:00:26.703+0800] {dagbag.py:588} INFO - Filling up the DagBag from /Users/yueyaoz/Downloads/IS3107-FinSum/.airflow/lib/python3.10/site-packages/airflow/example_dags/example_latest_only.py
[2025-04-22T21:00:26.707+0800] {processor.py:925} INFO - DAG(s) 'latest_only' retrieved from /Users/yueyaoz/Downloads/IS3107-FinSum/.airflow/lib/python3.10/site-packages/airflow/example_dags/example_latest_only.py
[2025-04-22T21:00:26.750+0800] {logging_mixin.py:190} INFO - [2025-04-22T21:00:26.750+0800] {dag.py:3239} INFO - Sync 1 DAGs
[2025-04-22T21:00:26.756+0800] {logging_mixin.py:190} INFO - [2025-04-22T21:00:26.756+0800] {dag.py:4180} INFO - Setting next_dagrun for latest_only to 2025-04-22 08:00:00+00:00, run_after=2025-04-22 12:00:00+00:00
[2025-04-22T21:00:26.763+0800] {processor.py:208} INFO - Processing /Users/yueyaoz/Downloads/IS3107-FinSum/.airflow/lib/python3.10/site-packages/airflow/example_dags/example_latest_only.py took 0.063 seconds
[2025-04-22T21:02:59.353+0800] {processor.py:186} INFO - Started process (PID=20331) to work on /Users/yueyaoz/Downloads/IS3107-FinSum/.airflow/lib/python3.10/site-packages/airflow/example_dags/example_latest_only.py
[2025-04-22T21:02:59.355+0800] {processor.py:914} INFO - Processing file /Users/yueyaoz/Downloads/IS3107-FinSum/.airflow/lib/python3.10/site-packages/airflow/example_dags/example_latest_only.py for tasks to queue
[2025-04-22T21:02:59.355+0800] {logging_mixin.py:190} INFO - [2025-04-22T21:02:59.355+0800] {dagbag.py:588} INFO - Filling up the DagBag from /Users/yueyaoz/Downloads/IS3107-FinSum/.airflow/lib/python3.10/site-packages/airflow/example_dags/example_latest_only.py
[2025-04-22T21:02:59.359+0800] {processor.py:925} INFO - DAG(s) 'latest_only' retrieved from /Users/yueyaoz/Downloads/IS3107-FinSum/.airflow/lib/python3.10/site-packages/airflow/example_dags/example_latest_only.py
[2025-04-22T21:02:59.400+0800] {logging_mixin.py:190} INFO - [2025-04-22T21:02:59.400+0800] {dag.py:3239} INFO - Sync 1 DAGs
[2025-04-22T21:02:59.407+0800] {logging_mixin.py:190} INFO - [2025-04-22T21:02:59.407+0800] {dag.py:4180} INFO - Setting next_dagrun for latest_only to 2025-04-22 08:00:00+00:00, run_after=2025-04-22 12:00:00+00:00
[2025-04-22T21:02:59.414+0800] {processor.py:208} INFO - Processing /Users/yueyaoz/Downloads/IS3107-FinSum/.airflow/lib/python3.10/site-packages/airflow/example_dags/example_latest_only.py took 0.062 seconds
[2025-04-22T21:05:33.550+0800] {processor.py:186} INFO - Started process (PID=20526) to work on /Users/yueyaoz/Downloads/IS3107-FinSum/.airflow/lib/python3.10/site-packages/airflow/example_dags/example_latest_only.py
[2025-04-22T21:05:33.551+0800] {processor.py:914} INFO - Processing file /Users/yueyaoz/Downloads/IS3107-FinSum/.airflow/lib/python3.10/site-packages/airflow/example_dags/example_latest_only.py for tasks to queue
[2025-04-22T21:05:33.552+0800] {logging_mixin.py:190} INFO - [2025-04-22T21:05:33.552+0800] {dagbag.py:588} INFO - Filling up the DagBag from /Users/yueyaoz/Downloads/IS3107-FinSum/.airflow/lib/python3.10/site-packages/airflow/example_dags/example_latest_only.py
[2025-04-22T21:05:33.556+0800] {processor.py:925} INFO - DAG(s) 'latest_only' retrieved from /Users/yueyaoz/Downloads/IS3107-FinSum/.airflow/lib/python3.10/site-packages/airflow/example_dags/example_latest_only.py
[2025-04-22T21:05:33.598+0800] {logging_mixin.py:190} INFO - [2025-04-22T21:05:33.598+0800] {dag.py:3239} INFO - Sync 1 DAGs
[2025-04-22T21:05:33.604+0800] {logging_mixin.py:190} INFO - [2025-04-22T21:05:33.604+0800] {dag.py:4180} INFO - Setting next_dagrun for latest_only to 2025-04-22 08:00:00+00:00, run_after=2025-04-22 12:00:00+00:00
[2025-04-22T21:05:33.611+0800] {processor.py:208} INFO - Processing /Users/yueyaoz/Downloads/IS3107-FinSum/.airflow/lib/python3.10/site-packages/airflow/example_dags/example_latest_only.py took 0.063 seconds
[2025-04-22T21:08:09.442+0800] {processor.py:186} INFO - Started process (PID=20723) to work on /Users/yueyaoz/Downloads/IS3107-FinSum/.airflow/lib/python3.10/site-packages/airflow/example_dags/example_latest_only.py
[2025-04-22T21:08:09.444+0800] {processor.py:914} INFO - Processing file /Users/yueyaoz/Downloads/IS3107-FinSum/.airflow/lib/python3.10/site-packages/airflow/example_dags/example_latest_only.py for tasks to queue
[2025-04-22T21:08:09.444+0800] {logging_mixin.py:190} INFO - [2025-04-22T21:08:09.444+0800] {dagbag.py:588} INFO - Filling up the DagBag from /Users/yueyaoz/Downloads/IS3107-FinSum/.airflow/lib/python3.10/site-packages/airflow/example_dags/example_latest_only.py
[2025-04-22T21:08:09.448+0800] {processor.py:925} INFO - DAG(s) 'latest_only' retrieved from /Users/yueyaoz/Downloads/IS3107-FinSum/.airflow/lib/python3.10/site-packages/airflow/example_dags/example_latest_only.py
[2025-04-22T21:08:09.489+0800] {logging_mixin.py:190} INFO - [2025-04-22T21:08:09.488+0800] {dag.py:3239} INFO - Sync 1 DAGs
[2025-04-22T21:08:09.495+0800] {logging_mixin.py:190} INFO - [2025-04-22T21:08:09.495+0800] {dag.py:4180} INFO - Setting next_dagrun for latest_only to 2025-04-22 08:00:00+00:00, run_after=2025-04-22 12:00:00+00:00
[2025-04-22T21:08:09.502+0800] {processor.py:208} INFO - Processing /Users/yueyaoz/Downloads/IS3107-FinSum/.airflow/lib/python3.10/site-packages/airflow/example_dags/example_latest_only.py took 0.061 seconds
[2025-04-22T21:10:38.648+0800] {processor.py:186} INFO - Started process (PID=20925) to work on /Users/yueyaoz/Downloads/IS3107-FinSum/.airflow/lib/python3.10/site-packages/airflow/example_dags/example_latest_only.py
[2025-04-22T21:10:38.649+0800] {processor.py:914} INFO - Processing file /Users/yueyaoz/Downloads/IS3107-FinSum/.airflow/lib/python3.10/site-packages/airflow/example_dags/example_latest_only.py for tasks to queue
[2025-04-22T21:10:38.649+0800] {logging_mixin.py:190} INFO - [2025-04-22T21:10:38.649+0800] {dagbag.py:588} INFO - Filling up the DagBag from /Users/yueyaoz/Downloads/IS3107-FinSum/.airflow/lib/python3.10/site-packages/airflow/example_dags/example_latest_only.py
[2025-04-22T21:10:38.652+0800] {processor.py:925} INFO - DAG(s) 'latest_only' retrieved from /Users/yueyaoz/Downloads/IS3107-FinSum/.airflow/lib/python3.10/site-packages/airflow/example_dags/example_latest_only.py
[2025-04-22T21:10:38.695+0800] {logging_mixin.py:190} INFO - [2025-04-22T21:10:38.695+0800] {dag.py:3239} INFO - Sync 1 DAGs
[2025-04-22T21:10:38.702+0800] {logging_mixin.py:190} INFO - [2025-04-22T21:10:38.702+0800] {dag.py:4180} INFO - Setting next_dagrun for latest_only to 2025-04-22 08:00:00+00:00, run_after=2025-04-22 12:00:00+00:00
[2025-04-22T21:10:38.708+0800] {processor.py:208} INFO - Processing /Users/yueyaoz/Downloads/IS3107-FinSum/.airflow/lib/python3.10/site-packages/airflow/example_dags/example_latest_only.py took 0.062 seconds
[2025-04-22T21:13:10.313+0800] {processor.py:186} INFO - Started process (PID=21117) to work on /Users/yueyaoz/Downloads/IS3107-FinSum/.airflow/lib/python3.10/site-packages/airflow/example_dags/example_latest_only.py
[2025-04-22T21:13:10.314+0800] {processor.py:914} INFO - Processing file /Users/yueyaoz/Downloads/IS3107-FinSum/.airflow/lib/python3.10/site-packages/airflow/example_dags/example_latest_only.py for tasks to queue
[2025-04-22T21:13:10.315+0800] {logging_mixin.py:190} INFO - [2025-04-22T21:13:10.315+0800] {dagbag.py:588} INFO - Filling up the DagBag from /Users/yueyaoz/Downloads/IS3107-FinSum/.airflow/lib/python3.10/site-packages/airflow/example_dags/example_latest_only.py
[2025-04-22T21:13:10.318+0800] {processor.py:925} INFO - DAG(s) 'latest_only' retrieved from /Users/yueyaoz/Downloads/IS3107-FinSum/.airflow/lib/python3.10/site-packages/airflow/example_dags/example_latest_only.py
[2025-04-22T21:13:10.360+0800] {logging_mixin.py:190} INFO - [2025-04-22T21:13:10.360+0800] {dag.py:3239} INFO - Sync 1 DAGs
[2025-04-22T21:13:10.367+0800] {logging_mixin.py:190} INFO - [2025-04-22T21:13:10.367+0800] {dag.py:4180} INFO - Setting next_dagrun for latest_only to 2025-04-22 08:00:00+00:00, run_after=2025-04-22 12:00:00+00:00
[2025-04-22T21:13:10.373+0800] {processor.py:208} INFO - Processing /Users/yueyaoz/Downloads/IS3107-FinSum/.airflow/lib/python3.10/site-packages/airflow/example_dags/example_latest_only.py took 0.061 seconds
[2025-04-22T21:15:38.359+0800] {processor.py:186} INFO - Started process (PID=21307) to work on /Users/yueyaoz/Downloads/IS3107-FinSum/.airflow/lib/python3.10/site-packages/airflow/example_dags/example_latest_only.py
[2025-04-22T21:15:38.361+0800] {processor.py:914} INFO - Processing file /Users/yueyaoz/Downloads/IS3107-FinSum/.airflow/lib/python3.10/site-packages/airflow/example_dags/example_latest_only.py for tasks to queue
[2025-04-22T21:15:38.361+0800] {logging_mixin.py:190} INFO - [2025-04-22T21:15:38.361+0800] {dagbag.py:588} INFO - Filling up the DagBag from /Users/yueyaoz/Downloads/IS3107-FinSum/.airflow/lib/python3.10/site-packages/airflow/example_dags/example_latest_only.py
[2025-04-22T21:15:38.364+0800] {processor.py:925} INFO - DAG(s) 'latest_only' retrieved from /Users/yueyaoz/Downloads/IS3107-FinSum/.airflow/lib/python3.10/site-packages/airflow/example_dags/example_latest_only.py
[2025-04-22T21:15:38.406+0800] {logging_mixin.py:190} INFO - [2025-04-22T21:15:38.406+0800] {dag.py:3239} INFO - Sync 1 DAGs
[2025-04-22T21:15:38.413+0800] {logging_mixin.py:190} INFO - [2025-04-22T21:15:38.413+0800] {dag.py:4180} INFO - Setting next_dagrun for latest_only to 2025-04-22 08:00:00+00:00, run_after=2025-04-22 12:00:00+00:00
[2025-04-22T21:15:38.420+0800] {processor.py:208} INFO - Processing /Users/yueyaoz/Downloads/IS3107-FinSum/.airflow/lib/python3.10/site-packages/airflow/example_dags/example_latest_only.py took 0.062 seconds
[2025-04-22T21:18:12.055+0800] {processor.py:186} INFO - Started process (PID=21507) to work on /Users/yueyaoz/Downloads/IS3107-FinSum/.airflow/lib/python3.10/site-packages/airflow/example_dags/example_latest_only.py
[2025-04-22T21:18:12.057+0800] {processor.py:914} INFO - Processing file /Users/yueyaoz/Downloads/IS3107-FinSum/.airflow/lib/python3.10/site-packages/airflow/example_dags/example_latest_only.py for tasks to queue
[2025-04-22T21:18:12.057+0800] {logging_mixin.py:190} INFO - [2025-04-22T21:18:12.057+0800] {dagbag.py:588} INFO - Filling up the DagBag from /Users/yueyaoz/Downloads/IS3107-FinSum/.airflow/lib/python3.10/site-packages/airflow/example_dags/example_latest_only.py
[2025-04-22T21:18:12.061+0800] {processor.py:925} INFO - DAG(s) 'latest_only' retrieved from /Users/yueyaoz/Downloads/IS3107-FinSum/.airflow/lib/python3.10/site-packages/airflow/example_dags/example_latest_only.py
[2025-04-22T21:18:12.103+0800] {logging_mixin.py:190} INFO - [2025-04-22T21:18:12.103+0800] {dag.py:3239} INFO - Sync 1 DAGs
[2025-04-22T21:18:12.110+0800] {logging_mixin.py:190} INFO - [2025-04-22T21:18:12.110+0800] {dag.py:4180} INFO - Setting next_dagrun for latest_only to 2025-04-22 08:00:00+00:00, run_after=2025-04-22 12:00:00+00:00
[2025-04-22T21:18:12.117+0800] {processor.py:208} INFO - Processing /Users/yueyaoz/Downloads/IS3107-FinSum/.airflow/lib/python3.10/site-packages/airflow/example_dags/example_latest_only.py took 0.063 seconds
[2025-04-22T21:20:50.717+0800] {processor.py:186} INFO - Started process (PID=21704) to work on /Users/yueyaoz/Downloads/IS3107-FinSum/.airflow/lib/python3.10/site-packages/airflow/example_dags/example_latest_only.py
[2025-04-22T21:20:50.718+0800] {processor.py:914} INFO - Processing file /Users/yueyaoz/Downloads/IS3107-FinSum/.airflow/lib/python3.10/site-packages/airflow/example_dags/example_latest_only.py for tasks to queue
[2025-04-22T21:20:50.718+0800] {logging_mixin.py:190} INFO - [2025-04-22T21:20:50.718+0800] {dagbag.py:588} INFO - Filling up the DagBag from /Users/yueyaoz/Downloads/IS3107-FinSum/.airflow/lib/python3.10/site-packages/airflow/example_dags/example_latest_only.py
[2025-04-22T21:20:50.722+0800] {processor.py:925} INFO - DAG(s) 'latest_only' retrieved from /Users/yueyaoz/Downloads/IS3107-FinSum/.airflow/lib/python3.10/site-packages/airflow/example_dags/example_latest_only.py
[2025-04-22T21:20:50.765+0800] {logging_mixin.py:190} INFO - [2025-04-22T21:20:50.764+0800] {dag.py:3239} INFO - Sync 1 DAGs
[2025-04-22T21:20:50.772+0800] {logging_mixin.py:190} INFO - [2025-04-22T21:20:50.771+0800] {dag.py:4180} INFO - Setting next_dagrun for latest_only to 2025-04-22 08:00:00+00:00, run_after=2025-04-22 12:00:00+00:00
[2025-04-22T21:20:50.779+0800] {processor.py:208} INFO - Processing /Users/yueyaoz/Downloads/IS3107-FinSum/.airflow/lib/python3.10/site-packages/airflow/example_dags/example_latest_only.py took 0.063 seconds
[2025-04-22T21:23:25.441+0800] {processor.py:186} INFO - Started process (PID=21900) to work on /Users/yueyaoz/Downloads/IS3107-FinSum/.airflow/lib/python3.10/site-packages/airflow/example_dags/example_latest_only.py
[2025-04-22T21:23:25.443+0800] {processor.py:914} INFO - Processing file /Users/yueyaoz/Downloads/IS3107-FinSum/.airflow/lib/python3.10/site-packages/airflow/example_dags/example_latest_only.py for tasks to queue
[2025-04-22T21:23:25.443+0800] {logging_mixin.py:190} INFO - [2025-04-22T21:23:25.443+0800] {dagbag.py:588} INFO - Filling up the DagBag from /Users/yueyaoz/Downloads/IS3107-FinSum/.airflow/lib/python3.10/site-packages/airflow/example_dags/example_latest_only.py
[2025-04-22T21:23:25.447+0800] {processor.py:925} INFO - DAG(s) 'latest_only' retrieved from /Users/yueyaoz/Downloads/IS3107-FinSum/.airflow/lib/python3.10/site-packages/airflow/example_dags/example_latest_only.py
[2025-04-22T21:23:25.488+0800] {logging_mixin.py:190} INFO - [2025-04-22T21:23:25.488+0800] {dag.py:3239} INFO - Sync 1 DAGs
[2025-04-22T21:23:25.495+0800] {logging_mixin.py:190} INFO - [2025-04-22T21:23:25.495+0800] {dag.py:4180} INFO - Setting next_dagrun for latest_only to 2025-04-22 08:00:00+00:00, run_after=2025-04-22 12:00:00+00:00
[2025-04-22T21:23:25.502+0800] {processor.py:208} INFO - Processing /Users/yueyaoz/Downloads/IS3107-FinSum/.airflow/lib/python3.10/site-packages/airflow/example_dags/example_latest_only.py took 0.062 seconds
[2025-04-22T21:26:04.181+0800] {processor.py:186} INFO - Started process (PID=22109) to work on /Users/yueyaoz/Downloads/IS3107-FinSum/.airflow/lib/python3.10/site-packages/airflow/example_dags/example_latest_only.py
[2025-04-22T21:26:04.182+0800] {processor.py:914} INFO - Processing file /Users/yueyaoz/Downloads/IS3107-FinSum/.airflow/lib/python3.10/site-packages/airflow/example_dags/example_latest_only.py for tasks to queue
[2025-04-22T21:26:04.183+0800] {logging_mixin.py:190} INFO - [2025-04-22T21:26:04.183+0800] {dagbag.py:588} INFO - Filling up the DagBag from /Users/yueyaoz/Downloads/IS3107-FinSum/.airflow/lib/python3.10/site-packages/airflow/example_dags/example_latest_only.py
[2025-04-22T21:26:04.186+0800] {processor.py:925} INFO - DAG(s) 'latest_only' retrieved from /Users/yueyaoz/Downloads/IS3107-FinSum/.airflow/lib/python3.10/site-packages/airflow/example_dags/example_latest_only.py
[2025-04-22T21:26:04.229+0800] {logging_mixin.py:190} INFO - [2025-04-22T21:26:04.229+0800] {dag.py:3239} INFO - Sync 1 DAGs
[2025-04-22T21:26:04.236+0800] {logging_mixin.py:190} INFO - [2025-04-22T21:26:04.236+0800] {dag.py:4180} INFO - Setting next_dagrun for latest_only to 2025-04-22 08:00:00+00:00, run_after=2025-04-22 12:00:00+00:00
[2025-04-22T21:26:04.244+0800] {processor.py:208} INFO - Processing /Users/yueyaoz/Downloads/IS3107-FinSum/.airflow/lib/python3.10/site-packages/airflow/example_dags/example_latest_only.py took 0.065 seconds
[2025-04-22T21:28:39.599+0800] {processor.py:186} INFO - Started process (PID=22307) to work on /Users/yueyaoz/Downloads/IS3107-FinSum/.airflow/lib/python3.10/site-packages/airflow/example_dags/example_latest_only.py
[2025-04-22T21:28:39.600+0800] {processor.py:914} INFO - Processing file /Users/yueyaoz/Downloads/IS3107-FinSum/.airflow/lib/python3.10/site-packages/airflow/example_dags/example_latest_only.py for tasks to queue
[2025-04-22T21:28:39.601+0800] {logging_mixin.py:190} INFO - [2025-04-22T21:28:39.600+0800] {dagbag.py:588} INFO - Filling up the DagBag from /Users/yueyaoz/Downloads/IS3107-FinSum/.airflow/lib/python3.10/site-packages/airflow/example_dags/example_latest_only.py
[2025-04-22T21:28:39.604+0800] {processor.py:925} INFO - DAG(s) 'latest_only' retrieved from /Users/yueyaoz/Downloads/IS3107-FinSum/.airflow/lib/python3.10/site-packages/airflow/example_dags/example_latest_only.py
[2025-04-22T21:28:39.646+0800] {logging_mixin.py:190} INFO - [2025-04-22T21:28:39.646+0800] {dag.py:3239} INFO - Sync 1 DAGs
[2025-04-22T21:28:39.653+0800] {logging_mixin.py:190} INFO - [2025-04-22T21:28:39.653+0800] {dag.py:4180} INFO - Setting next_dagrun for latest_only to 2025-04-22 08:00:00+00:00, run_after=2025-04-22 12:00:00+00:00
[2025-04-22T21:28:39.660+0800] {processor.py:208} INFO - Processing /Users/yueyaoz/Downloads/IS3107-FinSum/.airflow/lib/python3.10/site-packages/airflow/example_dags/example_latest_only.py took 0.062 seconds
[2025-04-22T21:31:13.558+0800] {processor.py:186} INFO - Started process (PID=22585) to work on /Users/yueyaoz/Downloads/IS3107-FinSum/.airflow/lib/python3.10/site-packages/airflow/example_dags/example_latest_only.py
[2025-04-22T21:31:13.559+0800] {processor.py:914} INFO - Processing file /Users/yueyaoz/Downloads/IS3107-FinSum/.airflow/lib/python3.10/site-packages/airflow/example_dags/example_latest_only.py for tasks to queue
[2025-04-22T21:31:13.559+0800] {logging_mixin.py:190} INFO - [2025-04-22T21:31:13.559+0800] {dagbag.py:588} INFO - Filling up the DagBag from /Users/yueyaoz/Downloads/IS3107-FinSum/.airflow/lib/python3.10/site-packages/airflow/example_dags/example_latest_only.py
[2025-04-22T21:31:13.563+0800] {processor.py:925} INFO - DAG(s) 'latest_only' retrieved from /Users/yueyaoz/Downloads/IS3107-FinSum/.airflow/lib/python3.10/site-packages/airflow/example_dags/example_latest_only.py
[2025-04-22T21:31:13.605+0800] {logging_mixin.py:190} INFO - [2025-04-22T21:31:13.605+0800] {dag.py:3239} INFO - Sync 1 DAGs
[2025-04-22T21:31:13.612+0800] {logging_mixin.py:190} INFO - [2025-04-22T21:31:13.611+0800] {dag.py:4180} INFO - Setting next_dagrun for latest_only to 2025-04-22 08:00:00+00:00, run_after=2025-04-22 12:00:00+00:00
[2025-04-22T21:31:13.619+0800] {processor.py:208} INFO - Processing /Users/yueyaoz/Downloads/IS3107-FinSum/.airflow/lib/python3.10/site-packages/airflow/example_dags/example_latest_only.py took 0.062 seconds
[2025-04-22T21:33:48.983+0800] {processor.py:186} INFO - Started process (PID=22795) to work on /Users/yueyaoz/Downloads/IS3107-FinSum/.airflow/lib/python3.10/site-packages/airflow/example_dags/example_latest_only.py
[2025-04-22T21:33:48.983+0800] {processor.py:914} INFO - Processing file /Users/yueyaoz/Downloads/IS3107-FinSum/.airflow/lib/python3.10/site-packages/airflow/example_dags/example_latest_only.py for tasks to queue
[2025-04-22T21:33:48.984+0800] {logging_mixin.py:190} INFO - [2025-04-22T21:33:48.984+0800] {dagbag.py:588} INFO - Filling up the DagBag from /Users/yueyaoz/Downloads/IS3107-FinSum/.airflow/lib/python3.10/site-packages/airflow/example_dags/example_latest_only.py
[2025-04-22T21:33:48.987+0800] {processor.py:925} INFO - DAG(s) 'latest_only' retrieved from /Users/yueyaoz/Downloads/IS3107-FinSum/.airflow/lib/python3.10/site-packages/airflow/example_dags/example_latest_only.py
[2025-04-22T21:33:49.029+0800] {logging_mixin.py:190} INFO - [2025-04-22T21:33:49.029+0800] {dag.py:3239} INFO - Sync 1 DAGs
[2025-04-22T21:33:49.036+0800] {logging_mixin.py:190} INFO - [2025-04-22T21:33:49.036+0800] {dag.py:4180} INFO - Setting next_dagrun for latest_only to 2025-04-22 08:00:00+00:00, run_after=2025-04-22 12:00:00+00:00
[2025-04-22T21:33:49.043+0800] {processor.py:208} INFO - Processing /Users/yueyaoz/Downloads/IS3107-FinSum/.airflow/lib/python3.10/site-packages/airflow/example_dags/example_latest_only.py took 0.061 seconds
[2025-04-22T21:52:00.343+0800] {processor.py:186} INFO - Started process (PID=23057) to work on /Users/yueyaoz/Downloads/IS3107-FinSum/.airflow/lib/python3.10/site-packages/airflow/example_dags/example_latest_only.py
[2025-04-22T21:52:00.344+0800] {processor.py:914} INFO - Processing file /Users/yueyaoz/Downloads/IS3107-FinSum/.airflow/lib/python3.10/site-packages/airflow/example_dags/example_latest_only.py for tasks to queue
[2025-04-22T21:52:00.344+0800] {logging_mixin.py:190} INFO - [2025-04-22T21:52:00.344+0800] {dagbag.py:588} INFO - Filling up the DagBag from /Users/yueyaoz/Downloads/IS3107-FinSum/.airflow/lib/python3.10/site-packages/airflow/example_dags/example_latest_only.py
[2025-04-22T21:52:00.348+0800] {processor.py:925} INFO - DAG(s) 'latest_only' retrieved from /Users/yueyaoz/Downloads/IS3107-FinSum/.airflow/lib/python3.10/site-packages/airflow/example_dags/example_latest_only.py
[2025-04-22T21:52:00.390+0800] {logging_mixin.py:190} INFO - [2025-04-22T21:52:00.390+0800] {dag.py:3239} INFO - Sync 1 DAGs
[2025-04-22T21:52:00.397+0800] {logging_mixin.py:190} INFO - [2025-04-22T21:52:00.397+0800] {dag.py:4180} INFO - Setting next_dagrun for latest_only to 2025-04-22 08:00:00+00:00, run_after=2025-04-22 12:00:00+00:00
[2025-04-22T21:52:00.404+0800] {processor.py:208} INFO - Processing /Users/yueyaoz/Downloads/IS3107-FinSum/.airflow/lib/python3.10/site-packages/airflow/example_dags/example_latest_only.py took 0.062 seconds
[2025-04-22T23:00:40.548+0800] {processor.py:186} INFO - Started process (PID=23324) to work on /Users/yueyaoz/Downloads/IS3107-FinSum/.airflow/lib/python3.10/site-packages/airflow/example_dags/example_latest_only.py
[2025-04-22T23:00:40.550+0800] {processor.py:914} INFO - Processing file /Users/yueyaoz/Downloads/IS3107-FinSum/.airflow/lib/python3.10/site-packages/airflow/example_dags/example_latest_only.py for tasks to queue
[2025-04-22T23:00:40.550+0800] {logging_mixin.py:190} INFO - [2025-04-22T23:00:40.550+0800] {dagbag.py:588} INFO - Filling up the DagBag from /Users/yueyaoz/Downloads/IS3107-FinSum/.airflow/lib/python3.10/site-packages/airflow/example_dags/example_latest_only.py
[2025-04-22T23:00:40.554+0800] {processor.py:925} INFO - DAG(s) 'latest_only' retrieved from /Users/yueyaoz/Downloads/IS3107-FinSum/.airflow/lib/python3.10/site-packages/airflow/example_dags/example_latest_only.py
[2025-04-22T23:00:40.596+0800] {logging_mixin.py:190} INFO - [2025-04-22T23:00:40.595+0800] {dag.py:3239} INFO - Sync 1 DAGs
[2025-04-22T23:00:40.602+0800] {logging_mixin.py:190} INFO - [2025-04-22T23:00:40.602+0800] {dag.py:4180} INFO - Setting next_dagrun for latest_only to 2025-04-22 08:00:00+00:00, run_after=2025-04-22 12:00:00+00:00
[2025-04-22T23:00:40.610+0800] {processor.py:208} INFO - Processing /Users/yueyaoz/Downloads/IS3107-FinSum/.airflow/lib/python3.10/site-packages/airflow/example_dags/example_latest_only.py took 0.063 seconds
[2025-04-23T01:44:13.508+0800] {processor.py:186} INFO - Started process (PID=23602) to work on /Users/yueyaoz/Downloads/IS3107-FinSum/.airflow/lib/python3.10/site-packages/airflow/example_dags/example_latest_only.py
[2025-04-23T01:44:13.509+0800] {processor.py:914} INFO - Processing file /Users/yueyaoz/Downloads/IS3107-FinSum/.airflow/lib/python3.10/site-packages/airflow/example_dags/example_latest_only.py for tasks to queue
[2025-04-23T01:44:13.510+0800] {logging_mixin.py:190} INFO - [2025-04-23T01:44:13.510+0800] {dagbag.py:588} INFO - Filling up the DagBag from /Users/yueyaoz/Downloads/IS3107-FinSum/.airflow/lib/python3.10/site-packages/airflow/example_dags/example_latest_only.py
[2025-04-23T01:44:13.513+0800] {processor.py:925} INFO - DAG(s) 'latest_only' retrieved from /Users/yueyaoz/Downloads/IS3107-FinSum/.airflow/lib/python3.10/site-packages/airflow/example_dags/example_latest_only.py
[2025-04-23T01:44:13.556+0800] {logging_mixin.py:190} INFO - [2025-04-23T01:44:13.556+0800] {dag.py:3239} INFO - Sync 1 DAGs
[2025-04-23T01:44:13.563+0800] {logging_mixin.py:190} INFO - [2025-04-23T01:44:13.563+0800] {dag.py:4180} INFO - Setting next_dagrun for latest_only to 2025-04-22 12:00:00+00:00, run_after=2025-04-22 16:00:00+00:00
[2025-04-23T01:44:13.570+0800] {processor.py:208} INFO - Processing /Users/yueyaoz/Downloads/IS3107-FinSum/.airflow/lib/python3.10/site-packages/airflow/example_dags/example_latest_only.py took 0.064 seconds
[2025-04-23T01:46:02.796+0800] {processor.py:186} INFO - Started process (PID=23739) to work on /Users/yueyaoz/Downloads/IS3107-FinSum/.airflow/lib/python3.10/site-packages/airflow/example_dags/example_latest_only.py
[2025-04-23T01:46:02.798+0800] {processor.py:914} INFO - Processing file /Users/yueyaoz/Downloads/IS3107-FinSum/.airflow/lib/python3.10/site-packages/airflow/example_dags/example_latest_only.py for tasks to queue
[2025-04-23T01:46:02.798+0800] {logging_mixin.py:190} INFO - [2025-04-23T01:46:02.798+0800] {dagbag.py:588} INFO - Filling up the DagBag from /Users/yueyaoz/Downloads/IS3107-FinSum/.airflow/lib/python3.10/site-packages/airflow/example_dags/example_latest_only.py
[2025-04-23T01:46:02.802+0800] {processor.py:925} INFO - DAG(s) 'latest_only' retrieved from /Users/yueyaoz/Downloads/IS3107-FinSum/.airflow/lib/python3.10/site-packages/airflow/example_dags/example_latest_only.py
[2025-04-23T01:46:02.844+0800] {logging_mixin.py:190} INFO - [2025-04-23T01:46:02.843+0800] {dag.py:3239} INFO - Sync 1 DAGs
[2025-04-23T01:46:02.850+0800] {logging_mixin.py:190} INFO - [2025-04-23T01:46:02.850+0800] {dag.py:4180} INFO - Setting next_dagrun for latest_only to 2025-04-22 12:00:00+00:00, run_after=2025-04-22 16:00:00+00:00
[2025-04-23T01:46:02.857+0800] {processor.py:208} INFO - Processing /Users/yueyaoz/Downloads/IS3107-FinSum/.airflow/lib/python3.10/site-packages/airflow/example_dags/example_latest_only.py took 0.063 seconds
