[2025-04-25T22:20:18.336+0800] {processor.py:186} INFO - Started process (PID=46747) to work on /Users/yueyaoz/Downloads/IS3107-FinSum/.airflow/lib/python3.10/site-packages/airflow/example_dags/example_inlet_event_extra.py
[2025-04-25T22:20:18.336+0800] {processor.py:914} INFO - Processing file /Users/yueyaoz/Downloads/IS3107-FinSum/.airflow/lib/python3.10/site-packages/airflow/example_dags/example_inlet_event_extra.py for tasks to queue
[2025-04-25T22:20:18.337+0800] {logging_mixin.py:190} INFO - [2025-04-25T22:20:18.336+0800] {dagbag.py:588} INFO - Filling up the DagBag from /Users/yueyaoz/Downloads/IS3107-FinSum/.airflow/lib/python3.10/site-packages/airflow/example_dags/example_inlet_event_extra.py
[2025-04-25T22:20:18.483+0800] {processor.py:925} INFO - DAG(s) 'read_dataset_event_from_classic', 'read_dataset_event' retrieved from /Users/yueyaoz/Downloads/IS3107-FinSum/.airflow/lib/python3.10/site-packages/airflow/example_dags/example_inlet_event_extra.py
[2025-04-25T22:20:18.560+0800] {logging_mixin.py:190} INFO - [2025-04-25T22:20:18.559+0800] {dag.py:3239} INFO - Sync 2 DAGs
[2025-04-25T22:20:18.567+0800] {logging_mixin.py:190} INFO - [2025-04-25T22:20:18.567+0800] {dag.py:4180} INFO - Setting next_dagrun for read_dataset_event to 2025-04-24 00:00:00+00:00, run_after=2025-04-25 00:00:00+00:00
[2025-04-25T22:20:18.569+0800] {logging_mixin.py:190} INFO - [2025-04-25T22:20:18.569+0800] {dag.py:4180} INFO - Setting next_dagrun for read_dataset_event_from_classic to 2025-04-24 00:00:00+00:00, run_after=2025-04-25 00:00:00+00:00
[2025-04-25T22:20:18.577+0800] {processor.py:208} INFO - Processing /Users/yueyaoz/Downloads/IS3107-FinSum/.airflow/lib/python3.10/site-packages/airflow/example_dags/example_inlet_event_extra.py took 0.243 seconds
[2025-04-25T22:22:42.639+0800] {processor.py:186} INFO - Started process (PID=46939) to work on /Users/yueyaoz/Downloads/IS3107-FinSum/.airflow/lib/python3.10/site-packages/airflow/example_dags/example_inlet_event_extra.py
[2025-04-25T22:22:42.639+0800] {processor.py:914} INFO - Processing file /Users/yueyaoz/Downloads/IS3107-FinSum/.airflow/lib/python3.10/site-packages/airflow/example_dags/example_inlet_event_extra.py for tasks to queue
[2025-04-25T22:22:42.640+0800] {logging_mixin.py:190} INFO - [2025-04-25T22:22:42.640+0800] {dagbag.py:588} INFO - Filling up the DagBag from /Users/yueyaoz/Downloads/IS3107-FinSum/.airflow/lib/python3.10/site-packages/airflow/example_dags/example_inlet_event_extra.py
[2025-04-25T22:22:42.786+0800] {processor.py:925} INFO - DAG(s) 'read_dataset_event', 'read_dataset_event_from_classic' retrieved from /Users/yueyaoz/Downloads/IS3107-FinSum/.airflow/lib/python3.10/site-packages/airflow/example_dags/example_inlet_event_extra.py
[2025-04-25T22:22:42.860+0800] {logging_mixin.py:190} INFO - [2025-04-25T22:22:42.860+0800] {dag.py:3239} INFO - Sync 2 DAGs
[2025-04-25T22:22:42.868+0800] {logging_mixin.py:190} INFO - [2025-04-25T22:22:42.868+0800] {dag.py:4180} INFO - Setting next_dagrun for read_dataset_event to 2025-04-24 00:00:00+00:00, run_after=2025-04-25 00:00:00+00:00
[2025-04-25T22:22:42.869+0800] {logging_mixin.py:190} INFO - [2025-04-25T22:22:42.869+0800] {dag.py:4180} INFO - Setting next_dagrun for read_dataset_event_from_classic to 2025-04-24 00:00:00+00:00, run_after=2025-04-25 00:00:00+00:00
[2025-04-25T22:22:42.876+0800] {processor.py:208} INFO - Processing /Users/yueyaoz/Downloads/IS3107-FinSum/.airflow/lib/python3.10/site-packages/airflow/example_dags/example_inlet_event_extra.py took 0.238 seconds
[2025-04-25T22:25:07.163+0800] {processor.py:186} INFO - Started process (PID=47122) to work on /Users/yueyaoz/Downloads/IS3107-FinSum/.airflow/lib/python3.10/site-packages/airflow/example_dags/example_inlet_event_extra.py
[2025-04-25T22:25:07.163+0800] {processor.py:914} INFO - Processing file /Users/yueyaoz/Downloads/IS3107-FinSum/.airflow/lib/python3.10/site-packages/airflow/example_dags/example_inlet_event_extra.py for tasks to queue
[2025-04-25T22:25:07.163+0800] {logging_mixin.py:190} INFO - [2025-04-25T22:25:07.163+0800] {dagbag.py:588} INFO - Filling up the DagBag from /Users/yueyaoz/Downloads/IS3107-FinSum/.airflow/lib/python3.10/site-packages/airflow/example_dags/example_inlet_event_extra.py
[2025-04-25T22:25:07.311+0800] {processor.py:925} INFO - DAG(s) 'read_dataset_event', 'read_dataset_event_from_classic' retrieved from /Users/yueyaoz/Downloads/IS3107-FinSum/.airflow/lib/python3.10/site-packages/airflow/example_dags/example_inlet_event_extra.py
[2025-04-25T22:25:07.385+0800] {logging_mixin.py:190} INFO - [2025-04-25T22:25:07.385+0800] {dag.py:3239} INFO - Sync 2 DAGs
[2025-04-25T22:25:07.393+0800] {logging_mixin.py:190} INFO - [2025-04-25T22:25:07.392+0800] {dag.py:4180} INFO - Setting next_dagrun for read_dataset_event to 2025-04-24 00:00:00+00:00, run_after=2025-04-25 00:00:00+00:00
[2025-04-25T22:25:07.397+0800] {logging_mixin.py:190} INFO - [2025-04-25T22:25:07.397+0800] {dag.py:4180} INFO - Setting next_dagrun for read_dataset_event_from_classic to 2025-04-24 00:00:00+00:00, run_after=2025-04-25 00:00:00+00:00
[2025-04-25T22:25:07.406+0800] {processor.py:208} INFO - Processing /Users/yueyaoz/Downloads/IS3107-FinSum/.airflow/lib/python3.10/site-packages/airflow/example_dags/example_inlet_event_extra.py took 0.245 seconds
[2025-04-25T22:26:53.435+0800] {processor.py:186} INFO - Started process (PID=47254) to work on /Users/yueyaoz/Downloads/IS3107-FinSum/.airflow/lib/python3.10/site-packages/airflow/example_dags/example_inlet_event_extra.py
[2025-04-25T22:26:53.436+0800] {processor.py:914} INFO - Processing file /Users/yueyaoz/Downloads/IS3107-FinSum/.airflow/lib/python3.10/site-packages/airflow/example_dags/example_inlet_event_extra.py for tasks to queue
[2025-04-25T22:26:53.436+0800] {logging_mixin.py:190} INFO - [2025-04-25T22:26:53.436+0800] {dagbag.py:588} INFO - Filling up the DagBag from /Users/yueyaoz/Downloads/IS3107-FinSum/.airflow/lib/python3.10/site-packages/airflow/example_dags/example_inlet_event_extra.py
[2025-04-25T22:26:53.582+0800] {processor.py:925} INFO - DAG(s) 'read_dataset_event_from_classic', 'read_dataset_event' retrieved from /Users/yueyaoz/Downloads/IS3107-FinSum/.airflow/lib/python3.10/site-packages/airflow/example_dags/example_inlet_event_extra.py
[2025-04-25T22:26:53.656+0800] {logging_mixin.py:190} INFO - [2025-04-25T22:26:53.656+0800] {dag.py:3239} INFO - Sync 2 DAGs
[2025-04-25T22:26:53.664+0800] {logging_mixin.py:190} INFO - [2025-04-25T22:26:53.664+0800] {dag.py:4180} INFO - Setting next_dagrun for read_dataset_event to 2025-04-24 00:00:00+00:00, run_after=2025-04-25 00:00:00+00:00
[2025-04-25T22:26:53.666+0800] {logging_mixin.py:190} INFO - [2025-04-25T22:26:53.666+0800] {dag.py:4180} INFO - Setting next_dagrun for read_dataset_event_from_classic to 2025-04-24 00:00:00+00:00, run_after=2025-04-25 00:00:00+00:00
[2025-04-25T22:26:53.673+0800] {processor.py:208} INFO - Processing /Users/yueyaoz/Downloads/IS3107-FinSum/.airflow/lib/python3.10/site-packages/airflow/example_dags/example_inlet_event_extra.py took 0.239 seconds
[2025-04-25T22:29:24.858+0800] {processor.py:186} INFO - Started process (PID=47591) to work on /Users/yueyaoz/Downloads/IS3107-FinSum/.airflow/lib/python3.10/site-packages/airflow/example_dags/example_inlet_event_extra.py
[2025-04-25T22:29:24.859+0800] {processor.py:914} INFO - Processing file /Users/yueyaoz/Downloads/IS3107-FinSum/.airflow/lib/python3.10/site-packages/airflow/example_dags/example_inlet_event_extra.py for tasks to queue
[2025-04-25T22:29:24.860+0800] {logging_mixin.py:190} INFO - [2025-04-25T22:29:24.860+0800] {dagbag.py:588} INFO - Filling up the DagBag from /Users/yueyaoz/Downloads/IS3107-FinSum/.airflow/lib/python3.10/site-packages/airflow/example_dags/example_inlet_event_extra.py
[2025-04-25T22:29:25.068+0800] {processor.py:925} INFO - DAG(s) 'read_dataset_event_from_classic', 'read_dataset_event' retrieved from /Users/yueyaoz/Downloads/IS3107-FinSum/.airflow/lib/python3.10/site-packages/airflow/example_dags/example_inlet_event_extra.py
[2025-04-25T22:29:25.153+0800] {logging_mixin.py:190} INFO - [2025-04-25T22:29:25.153+0800] {dag.py:3239} INFO - Sync 2 DAGs
[2025-04-25T22:29:25.163+0800] {logging_mixin.py:190} INFO - [2025-04-25T22:29:25.163+0800] {dag.py:4180} INFO - Setting next_dagrun for read_dataset_event to 2025-04-24 00:00:00+00:00, run_after=2025-04-25 00:00:00+00:00
[2025-04-25T22:29:25.165+0800] {logging_mixin.py:190} INFO - [2025-04-25T22:29:25.165+0800] {dag.py:4180} INFO - Setting next_dagrun for read_dataset_event_from_classic to 2025-04-24 00:00:00+00:00, run_after=2025-04-25 00:00:00+00:00
[2025-04-25T22:29:25.173+0800] {processor.py:208} INFO - Processing /Users/yueyaoz/Downloads/IS3107-FinSum/.airflow/lib/python3.10/site-packages/airflow/example_dags/example_inlet_event_extra.py took 0.316 seconds
[2025-04-25T22:31:52.862+0800] {processor.py:186} INFO - Started process (PID=47838) to work on /Users/yueyaoz/Downloads/IS3107-FinSum/.airflow/lib/python3.10/site-packages/airflow/example_dags/example_inlet_event_extra.py
[2025-04-25T22:31:52.863+0800] {processor.py:914} INFO - Processing file /Users/yueyaoz/Downloads/IS3107-FinSum/.airflow/lib/python3.10/site-packages/airflow/example_dags/example_inlet_event_extra.py for tasks to queue
[2025-04-25T22:31:52.863+0800] {logging_mixin.py:190} INFO - [2025-04-25T22:31:52.863+0800] {dagbag.py:588} INFO - Filling up the DagBag from /Users/yueyaoz/Downloads/IS3107-FinSum/.airflow/lib/python3.10/site-packages/airflow/example_dags/example_inlet_event_extra.py
[2025-04-25T22:31:53.009+0800] {processor.py:925} INFO - DAG(s) 'read_dataset_event_from_classic', 'read_dataset_event' retrieved from /Users/yueyaoz/Downloads/IS3107-FinSum/.airflow/lib/python3.10/site-packages/airflow/example_dags/example_inlet_event_extra.py
[2025-04-25T22:31:53.083+0800] {logging_mixin.py:190} INFO - [2025-04-25T22:31:53.083+0800] {dag.py:3239} INFO - Sync 2 DAGs
[2025-04-25T22:31:53.091+0800] {logging_mixin.py:190} INFO - [2025-04-25T22:31:53.091+0800] {dag.py:4180} INFO - Setting next_dagrun for read_dataset_event to 2025-04-24 00:00:00+00:00, run_after=2025-04-25 00:00:00+00:00
[2025-04-25T22:31:53.092+0800] {logging_mixin.py:190} INFO - [2025-04-25T22:31:53.092+0800] {dag.py:4180} INFO - Setting next_dagrun for read_dataset_event_from_classic to 2025-04-24 00:00:00+00:00, run_after=2025-04-25 00:00:00+00:00
[2025-04-25T22:31:53.099+0800] {processor.py:208} INFO - Processing /Users/yueyaoz/Downloads/IS3107-FinSum/.airflow/lib/python3.10/site-packages/airflow/example_dags/example_inlet_event_extra.py took 0.239 seconds
[2025-04-25T22:34:21.190+0800] {processor.py:186} INFO - Started process (PID=48070) to work on /Users/yueyaoz/Downloads/IS3107-FinSum/.airflow/lib/python3.10/site-packages/airflow/example_dags/example_inlet_event_extra.py
[2025-04-25T22:34:21.191+0800] {processor.py:914} INFO - Processing file /Users/yueyaoz/Downloads/IS3107-FinSum/.airflow/lib/python3.10/site-packages/airflow/example_dags/example_inlet_event_extra.py for tasks to queue
[2025-04-25T22:34:21.191+0800] {logging_mixin.py:190} INFO - [2025-04-25T22:34:21.191+0800] {dagbag.py:588} INFO - Filling up the DagBag from /Users/yueyaoz/Downloads/IS3107-FinSum/.airflow/lib/python3.10/site-packages/airflow/example_dags/example_inlet_event_extra.py
[2025-04-25T22:34:21.337+0800] {processor.py:925} INFO - DAG(s) 'read_dataset_event_from_classic', 'read_dataset_event' retrieved from /Users/yueyaoz/Downloads/IS3107-FinSum/.airflow/lib/python3.10/site-packages/airflow/example_dags/example_inlet_event_extra.py
[2025-04-25T22:34:21.412+0800] {logging_mixin.py:190} INFO - [2025-04-25T22:34:21.412+0800] {dag.py:3239} INFO - Sync 2 DAGs
[2025-04-25T22:34:21.420+0800] {logging_mixin.py:190} INFO - [2025-04-25T22:34:21.419+0800] {dag.py:4180} INFO - Setting next_dagrun for read_dataset_event to 2025-04-24 00:00:00+00:00, run_after=2025-04-25 00:00:00+00:00
[2025-04-25T22:34:21.421+0800] {logging_mixin.py:190} INFO - [2025-04-25T22:34:21.421+0800] {dag.py:4180} INFO - Setting next_dagrun for read_dataset_event_from_classic to 2025-04-24 00:00:00+00:00, run_after=2025-04-25 00:00:00+00:00
[2025-04-25T22:34:21.428+0800] {processor.py:208} INFO - Processing /Users/yueyaoz/Downloads/IS3107-FinSum/.airflow/lib/python3.10/site-packages/airflow/example_dags/example_inlet_event_extra.py took 0.240 seconds
[2025-04-25T22:36:48.508+0800] {processor.py:186} INFO - Started process (PID=48264) to work on /Users/yueyaoz/Downloads/IS3107-FinSum/.airflow/lib/python3.10/site-packages/airflow/example_dags/example_inlet_event_extra.py
[2025-04-25T22:36:48.508+0800] {processor.py:914} INFO - Processing file /Users/yueyaoz/Downloads/IS3107-FinSum/.airflow/lib/python3.10/site-packages/airflow/example_dags/example_inlet_event_extra.py for tasks to queue
[2025-04-25T22:36:48.509+0800] {logging_mixin.py:190} INFO - [2025-04-25T22:36:48.509+0800] {dagbag.py:588} INFO - Filling up the DagBag from /Users/yueyaoz/Downloads/IS3107-FinSum/.airflow/lib/python3.10/site-packages/airflow/example_dags/example_inlet_event_extra.py
[2025-04-25T22:36:48.655+0800] {processor.py:925} INFO - DAG(s) 'read_dataset_event', 'read_dataset_event_from_classic' retrieved from /Users/yueyaoz/Downloads/IS3107-FinSum/.airflow/lib/python3.10/site-packages/airflow/example_dags/example_inlet_event_extra.py
[2025-04-25T22:36:48.729+0800] {logging_mixin.py:190} INFO - [2025-04-25T22:36:48.729+0800] {dag.py:3239} INFO - Sync 2 DAGs
[2025-04-25T22:36:48.737+0800] {logging_mixin.py:190} INFO - [2025-04-25T22:36:48.737+0800] {dag.py:4180} INFO - Setting next_dagrun for read_dataset_event to 2025-04-24 00:00:00+00:00, run_after=2025-04-25 00:00:00+00:00
[2025-04-25T22:36:48.739+0800] {logging_mixin.py:190} INFO - [2025-04-25T22:36:48.739+0800] {dag.py:4180} INFO - Setting next_dagrun for read_dataset_event_from_classic to 2025-04-24 00:00:00+00:00, run_after=2025-04-25 00:00:00+00:00
[2025-04-25T22:36:48.745+0800] {processor.py:208} INFO - Processing /Users/yueyaoz/Downloads/IS3107-FinSum/.airflow/lib/python3.10/site-packages/airflow/example_dags/example_inlet_event_extra.py took 0.239 seconds
[2025-04-25T22:39:22.094+0800] {processor.py:186} INFO - Started process (PID=48465) to work on /Users/yueyaoz/Downloads/IS3107-FinSum/.airflow/lib/python3.10/site-packages/airflow/example_dags/example_inlet_event_extra.py
[2025-04-25T22:39:22.095+0800] {processor.py:914} INFO - Processing file /Users/yueyaoz/Downloads/IS3107-FinSum/.airflow/lib/python3.10/site-packages/airflow/example_dags/example_inlet_event_extra.py for tasks to queue
[2025-04-25T22:39:22.095+0800] {logging_mixin.py:190} INFO - [2025-04-25T22:39:22.095+0800] {dagbag.py:588} INFO - Filling up the DagBag from /Users/yueyaoz/Downloads/IS3107-FinSum/.airflow/lib/python3.10/site-packages/airflow/example_dags/example_inlet_event_extra.py
[2025-04-25T22:39:22.238+0800] {processor.py:925} INFO - DAG(s) 'read_dataset_event_from_classic', 'read_dataset_event' retrieved from /Users/yueyaoz/Downloads/IS3107-FinSum/.airflow/lib/python3.10/site-packages/airflow/example_dags/example_inlet_event_extra.py
[2025-04-25T22:39:22.312+0800] {logging_mixin.py:190} INFO - [2025-04-25T22:39:22.312+0800] {dag.py:3239} INFO - Sync 2 DAGs
[2025-04-25T22:39:22.320+0800] {logging_mixin.py:190} INFO - [2025-04-25T22:39:22.319+0800] {dag.py:4180} INFO - Setting next_dagrun for read_dataset_event to 2025-04-24 00:00:00+00:00, run_after=2025-04-25 00:00:00+00:00
[2025-04-25T22:39:22.321+0800] {logging_mixin.py:190} INFO - [2025-04-25T22:39:22.321+0800] {dag.py:4180} INFO - Setting next_dagrun for read_dataset_event_from_classic to 2025-04-24 00:00:00+00:00, run_after=2025-04-25 00:00:00+00:00
[2025-04-25T22:39:22.328+0800] {processor.py:208} INFO - Processing /Users/yueyaoz/Downloads/IS3107-FinSum/.airflow/lib/python3.10/site-packages/airflow/example_dags/example_inlet_event_extra.py took 0.235 seconds
[2025-04-25T22:41:49.927+0800] {processor.py:186} INFO - Started process (PID=48657) to work on /Users/yueyaoz/Downloads/IS3107-FinSum/.airflow/lib/python3.10/site-packages/airflow/example_dags/example_inlet_event_extra.py
[2025-04-25T22:41:49.928+0800] {processor.py:914} INFO - Processing file /Users/yueyaoz/Downloads/IS3107-FinSum/.airflow/lib/python3.10/site-packages/airflow/example_dags/example_inlet_event_extra.py for tasks to queue
[2025-04-25T22:41:49.929+0800] {logging_mixin.py:190} INFO - [2025-04-25T22:41:49.929+0800] {dagbag.py:588} INFO - Filling up the DagBag from /Users/yueyaoz/Downloads/IS3107-FinSum/.airflow/lib/python3.10/site-packages/airflow/example_dags/example_inlet_event_extra.py
[2025-04-25T22:41:50.074+0800] {processor.py:925} INFO - DAG(s) 'read_dataset_event_from_classic', 'read_dataset_event' retrieved from /Users/yueyaoz/Downloads/IS3107-FinSum/.airflow/lib/python3.10/site-packages/airflow/example_dags/example_inlet_event_extra.py
[2025-04-25T22:41:50.149+0800] {logging_mixin.py:190} INFO - [2025-04-25T22:41:50.149+0800] {dag.py:3239} INFO - Sync 2 DAGs
[2025-04-25T22:41:50.157+0800] {logging_mixin.py:190} INFO - [2025-04-25T22:41:50.157+0800] {dag.py:4180} INFO - Setting next_dagrun for read_dataset_event to 2025-04-24 00:00:00+00:00, run_after=2025-04-25 00:00:00+00:00
[2025-04-25T22:41:50.158+0800] {logging_mixin.py:190} INFO - [2025-04-25T22:41:50.158+0800] {dag.py:4180} INFO - Setting next_dagrun for read_dataset_event_from_classic to 2025-04-24 00:00:00+00:00, run_after=2025-04-25 00:00:00+00:00
[2025-04-25T22:41:50.165+0800] {processor.py:208} INFO - Processing /Users/yueyaoz/Downloads/IS3107-FinSum/.airflow/lib/python3.10/site-packages/airflow/example_dags/example_inlet_event_extra.py took 0.240 seconds
[2025-04-25T22:44:22.791+0800] {processor.py:186} INFO - Started process (PID=48865) to work on /Users/yueyaoz/Downloads/IS3107-FinSum/.airflow/lib/python3.10/site-packages/airflow/example_dags/example_inlet_event_extra.py
[2025-04-25T22:44:22.792+0800] {processor.py:914} INFO - Processing file /Users/yueyaoz/Downloads/IS3107-FinSum/.airflow/lib/python3.10/site-packages/airflow/example_dags/example_inlet_event_extra.py for tasks to queue
[2025-04-25T22:44:22.792+0800] {logging_mixin.py:190} INFO - [2025-04-25T22:44:22.792+0800] {dagbag.py:588} INFO - Filling up the DagBag from /Users/yueyaoz/Downloads/IS3107-FinSum/.airflow/lib/python3.10/site-packages/airflow/example_dags/example_inlet_event_extra.py
[2025-04-25T22:44:22.938+0800] {processor.py:925} INFO - DAG(s) 'read_dataset_event_from_classic', 'read_dataset_event' retrieved from /Users/yueyaoz/Downloads/IS3107-FinSum/.airflow/lib/python3.10/site-packages/airflow/example_dags/example_inlet_event_extra.py
[2025-04-25T22:44:23.012+0800] {logging_mixin.py:190} INFO - [2025-04-25T22:44:23.012+0800] {dag.py:3239} INFO - Sync 2 DAGs
[2025-04-25T22:44:23.020+0800] {logging_mixin.py:190} INFO - [2025-04-25T22:44:23.020+0800] {dag.py:4180} INFO - Setting next_dagrun for read_dataset_event to 2025-04-24 00:00:00+00:00, run_after=2025-04-25 00:00:00+00:00
[2025-04-25T22:44:23.021+0800] {logging_mixin.py:190} INFO - [2025-04-25T22:44:23.021+0800] {dag.py:4180} INFO - Setting next_dagrun for read_dataset_event_from_classic to 2025-04-24 00:00:00+00:00, run_after=2025-04-25 00:00:00+00:00
[2025-04-25T22:44:23.027+0800] {processor.py:208} INFO - Processing /Users/yueyaoz/Downloads/IS3107-FinSum/.airflow/lib/python3.10/site-packages/airflow/example_dags/example_inlet_event_extra.py took 0.238 seconds
[2025-04-25T23:02:27.623+0800] {processor.py:186} INFO - Started process (PID=49098) to work on /Users/yueyaoz/Downloads/IS3107-FinSum/.airflow/lib/python3.10/site-packages/airflow/example_dags/example_inlet_event_extra.py
[2025-04-25T23:02:27.624+0800] {processor.py:914} INFO - Processing file /Users/yueyaoz/Downloads/IS3107-FinSum/.airflow/lib/python3.10/site-packages/airflow/example_dags/example_inlet_event_extra.py for tasks to queue
[2025-04-25T23:02:27.624+0800] {logging_mixin.py:190} INFO - [2025-04-25T23:02:27.624+0800] {dagbag.py:588} INFO - Filling up the DagBag from /Users/yueyaoz/Downloads/IS3107-FinSum/.airflow/lib/python3.10/site-packages/airflow/example_dags/example_inlet_event_extra.py
[2025-04-25T23:02:27.771+0800] {processor.py:925} INFO - DAG(s) 'read_dataset_event_from_classic', 'read_dataset_event' retrieved from /Users/yueyaoz/Downloads/IS3107-FinSum/.airflow/lib/python3.10/site-packages/airflow/example_dags/example_inlet_event_extra.py
[2025-04-25T23:02:27.849+0800] {logging_mixin.py:190} INFO - [2025-04-25T23:02:27.849+0800] {dag.py:3239} INFO - Sync 2 DAGs
[2025-04-25T23:02:27.857+0800] {logging_mixin.py:190} INFO - [2025-04-25T23:02:27.857+0800] {dag.py:4180} INFO - Setting next_dagrun for read_dataset_event to 2025-04-24 00:00:00+00:00, run_after=2025-04-25 00:00:00+00:00
[2025-04-25T23:02:27.859+0800] {logging_mixin.py:190} INFO - [2025-04-25T23:02:27.859+0800] {dag.py:4180} INFO - Setting next_dagrun for read_dataset_event_from_classic to 2025-04-24 00:00:00+00:00, run_after=2025-04-25 00:00:00+00:00
[2025-04-25T23:02:27.866+0800] {processor.py:208} INFO - Processing /Users/yueyaoz/Downloads/IS3107-FinSum/.airflow/lib/python3.10/site-packages/airflow/example_dags/example_inlet_event_extra.py took 0.245 seconds
[2025-04-25T23:21:04.904+0800] {processor.py:186} INFO - Started process (PID=49324) to work on /Users/yueyaoz/Downloads/IS3107-FinSum/.airflow/lib/python3.10/site-packages/airflow/example_dags/example_inlet_event_extra.py
[2025-04-25T23:21:04.906+0800] {processor.py:914} INFO - Processing file /Users/yueyaoz/Downloads/IS3107-FinSum/.airflow/lib/python3.10/site-packages/airflow/example_dags/example_inlet_event_extra.py for tasks to queue
[2025-04-25T23:21:04.906+0800] {logging_mixin.py:190} INFO - [2025-04-25T23:21:04.906+0800] {dagbag.py:588} INFO - Filling up the DagBag from /Users/yueyaoz/Downloads/IS3107-FinSum/.airflow/lib/python3.10/site-packages/airflow/example_dags/example_inlet_event_extra.py
[2025-04-25T23:21:05.056+0800] {processor.py:925} INFO - DAG(s) 'read_dataset_event_from_classic', 'read_dataset_event' retrieved from /Users/yueyaoz/Downloads/IS3107-FinSum/.airflow/lib/python3.10/site-packages/airflow/example_dags/example_inlet_event_extra.py
[2025-04-25T23:21:05.141+0800] {logging_mixin.py:190} INFO - [2025-04-25T23:21:05.141+0800] {dag.py:3239} INFO - Sync 2 DAGs
[2025-04-25T23:21:05.149+0800] {logging_mixin.py:190} INFO - [2025-04-25T23:21:05.149+0800] {dag.py:4180} INFO - Setting next_dagrun for read_dataset_event to 2025-04-24 00:00:00+00:00, run_after=2025-04-25 00:00:00+00:00
[2025-04-25T23:21:05.151+0800] {logging_mixin.py:190} INFO - [2025-04-25T23:21:05.150+0800] {dag.py:4180} INFO - Setting next_dagrun for read_dataset_event_from_classic to 2025-04-24 00:00:00+00:00, run_after=2025-04-25 00:00:00+00:00
[2025-04-25T23:21:05.157+0800] {processor.py:208} INFO - Processing /Users/yueyaoz/Downloads/IS3107-FinSum/.airflow/lib/python3.10/site-packages/airflow/example_dags/example_inlet_event_extra.py took 0.254 seconds
[2025-04-25T23:23:42.277+0800] {processor.py:186} INFO - Started process (PID=49523) to work on /Users/yueyaoz/Downloads/IS3107-FinSum/.airflow/lib/python3.10/site-packages/airflow/example_dags/example_inlet_event_extra.py
[2025-04-25T23:23:42.278+0800] {processor.py:914} INFO - Processing file /Users/yueyaoz/Downloads/IS3107-FinSum/.airflow/lib/python3.10/site-packages/airflow/example_dags/example_inlet_event_extra.py for tasks to queue
[2025-04-25T23:23:42.279+0800] {logging_mixin.py:190} INFO - [2025-04-25T23:23:42.279+0800] {dagbag.py:588} INFO - Filling up the DagBag from /Users/yueyaoz/Downloads/IS3107-FinSum/.airflow/lib/python3.10/site-packages/airflow/example_dags/example_inlet_event_extra.py
[2025-04-25T23:23:42.426+0800] {processor.py:925} INFO - DAG(s) 'read_dataset_event', 'read_dataset_event_from_classic' retrieved from /Users/yueyaoz/Downloads/IS3107-FinSum/.airflow/lib/python3.10/site-packages/airflow/example_dags/example_inlet_event_extra.py
[2025-04-25T23:23:42.510+0800] {logging_mixin.py:190} INFO - [2025-04-25T23:23:42.510+0800] {dag.py:3239} INFO - Sync 2 DAGs
[2025-04-25T23:23:42.518+0800] {logging_mixin.py:190} INFO - [2025-04-25T23:23:42.518+0800] {dag.py:4180} INFO - Setting next_dagrun for read_dataset_event to 2025-04-24 00:00:00+00:00, run_after=2025-04-25 00:00:00+00:00
[2025-04-25T23:23:42.520+0800] {logging_mixin.py:190} INFO - [2025-04-25T23:23:42.520+0800] {dag.py:4180} INFO - Setting next_dagrun for read_dataset_event_from_classic to 2025-04-24 00:00:00+00:00, run_after=2025-04-25 00:00:00+00:00
[2025-04-25T23:23:42.527+0800] {processor.py:208} INFO - Processing /Users/yueyaoz/Downloads/IS3107-FinSum/.airflow/lib/python3.10/site-packages/airflow/example_dags/example_inlet_event_extra.py took 0.251 seconds
[2025-04-25T23:26:22.995+0800] {processor.py:186} INFO - Started process (PID=49728) to work on /Users/yueyaoz/Downloads/IS3107-FinSum/.airflow/lib/python3.10/site-packages/airflow/example_dags/example_inlet_event_extra.py
[2025-04-25T23:26:22.997+0800] {processor.py:914} INFO - Processing file /Users/yueyaoz/Downloads/IS3107-FinSum/.airflow/lib/python3.10/site-packages/airflow/example_dags/example_inlet_event_extra.py for tasks to queue
[2025-04-25T23:26:22.997+0800] {logging_mixin.py:190} INFO - [2025-04-25T23:26:22.997+0800] {dagbag.py:588} INFO - Filling up the DagBag from /Users/yueyaoz/Downloads/IS3107-FinSum/.airflow/lib/python3.10/site-packages/airflow/example_dags/example_inlet_event_extra.py
[2025-04-25T23:26:23.143+0800] {processor.py:925} INFO - DAG(s) 'read_dataset_event_from_classic', 'read_dataset_event' retrieved from /Users/yueyaoz/Downloads/IS3107-FinSum/.airflow/lib/python3.10/site-packages/airflow/example_dags/example_inlet_event_extra.py
[2025-04-25T23:26:23.225+0800] {logging_mixin.py:190} INFO - [2025-04-25T23:26:23.225+0800] {dag.py:3239} INFO - Sync 2 DAGs
[2025-04-25T23:26:23.233+0800] {logging_mixin.py:190} INFO - [2025-04-25T23:26:23.233+0800] {dag.py:4180} INFO - Setting next_dagrun for read_dataset_event to 2025-04-24 00:00:00+00:00, run_after=2025-04-25 00:00:00+00:00
[2025-04-25T23:26:23.235+0800] {logging_mixin.py:190} INFO - [2025-04-25T23:26:23.235+0800] {dag.py:4180} INFO - Setting next_dagrun for read_dataset_event_from_classic to 2025-04-24 00:00:00+00:00, run_after=2025-04-25 00:00:00+00:00
[2025-04-25T23:26:23.242+0800] {processor.py:208} INFO - Processing /Users/yueyaoz/Downloads/IS3107-FinSum/.airflow/lib/python3.10/site-packages/airflow/example_dags/example_inlet_event_extra.py took 0.247 seconds
[2025-04-25T23:56:43.372+0800] {processor.py:186} INFO - Started process (PID=49961) to work on /Users/yueyaoz/Downloads/IS3107-FinSum/.airflow/lib/python3.10/site-packages/airflow/example_dags/example_inlet_event_extra.py
[2025-04-25T23:56:43.372+0800] {processor.py:914} INFO - Processing file /Users/yueyaoz/Downloads/IS3107-FinSum/.airflow/lib/python3.10/site-packages/airflow/example_dags/example_inlet_event_extra.py for tasks to queue
[2025-04-25T23:56:43.373+0800] {logging_mixin.py:190} INFO - [2025-04-25T23:56:43.373+0800] {dagbag.py:588} INFO - Filling up the DagBag from /Users/yueyaoz/Downloads/IS3107-FinSum/.airflow/lib/python3.10/site-packages/airflow/example_dags/example_inlet_event_extra.py
[2025-04-25T23:56:43.516+0800] {processor.py:925} INFO - DAG(s) 'read_dataset_event_from_classic', 'read_dataset_event' retrieved from /Users/yueyaoz/Downloads/IS3107-FinSum/.airflow/lib/python3.10/site-packages/airflow/example_dags/example_inlet_event_extra.py
[2025-04-25T23:56:43.590+0800] {logging_mixin.py:190} INFO - [2025-04-25T23:56:43.590+0800] {dag.py:3239} INFO - Sync 2 DAGs
[2025-04-25T23:56:43.598+0800] {logging_mixin.py:190} INFO - [2025-04-25T23:56:43.598+0800] {dag.py:4180} INFO - Setting next_dagrun for read_dataset_event to 2025-04-24 00:00:00+00:00, run_after=2025-04-25 00:00:00+00:00
[2025-04-25T23:56:43.600+0800] {logging_mixin.py:190} INFO - [2025-04-25T23:56:43.600+0800] {dag.py:4180} INFO - Setting next_dagrun for read_dataset_event_from_classic to 2025-04-24 00:00:00+00:00, run_after=2025-04-25 00:00:00+00:00
[2025-04-25T23:56:43.606+0800] {processor.py:208} INFO - Processing /Users/yueyaoz/Downloads/IS3107-FinSum/.airflow/lib/python3.10/site-packages/airflow/example_dags/example_inlet_event_extra.py took 0.236 seconds
[2025-04-25T23:59:17.525+0800] {processor.py:186} INFO - Started process (PID=50162) to work on /Users/yueyaoz/Downloads/IS3107-FinSum/.airflow/lib/python3.10/site-packages/airflow/example_dags/example_inlet_event_extra.py
[2025-04-25T23:59:17.525+0800] {processor.py:914} INFO - Processing file /Users/yueyaoz/Downloads/IS3107-FinSum/.airflow/lib/python3.10/site-packages/airflow/example_dags/example_inlet_event_extra.py for tasks to queue
[2025-04-25T23:59:17.526+0800] {logging_mixin.py:190} INFO - [2025-04-25T23:59:17.526+0800] {dagbag.py:588} INFO - Filling up the DagBag from /Users/yueyaoz/Downloads/IS3107-FinSum/.airflow/lib/python3.10/site-packages/airflow/example_dags/example_inlet_event_extra.py
[2025-04-25T23:59:17.674+0800] {processor.py:925} INFO - DAG(s) 'read_dataset_event', 'read_dataset_event_from_classic' retrieved from /Users/yueyaoz/Downloads/IS3107-FinSum/.airflow/lib/python3.10/site-packages/airflow/example_dags/example_inlet_event_extra.py
[2025-04-25T23:59:17.757+0800] {logging_mixin.py:190} INFO - [2025-04-25T23:59:17.757+0800] {dag.py:3239} INFO - Sync 2 DAGs
[2025-04-25T23:59:17.765+0800] {logging_mixin.py:190} INFO - [2025-04-25T23:59:17.765+0800] {dag.py:4180} INFO - Setting next_dagrun for read_dataset_event to 2025-04-24 00:00:00+00:00, run_after=2025-04-25 00:00:00+00:00
[2025-04-25T23:59:17.767+0800] {logging_mixin.py:190} INFO - [2025-04-25T23:59:17.766+0800] {dag.py:4180} INFO - Setting next_dagrun for read_dataset_event_from_classic to 2025-04-24 00:00:00+00:00, run_after=2025-04-25 00:00:00+00:00
[2025-04-25T23:59:17.773+0800] {processor.py:208} INFO - Processing /Users/yueyaoz/Downloads/IS3107-FinSum/.airflow/lib/python3.10/site-packages/airflow/example_dags/example_inlet_event_extra.py took 0.249 seconds
[2025-04-26T00:01:56.676+0800] {processor.py:186} INFO - Started process (PID=50378) to work on /Users/yueyaoz/Downloads/IS3107-FinSum/.airflow/lib/python3.10/site-packages/airflow/example_dags/example_inlet_event_extra.py
[2025-04-26T00:01:56.678+0800] {processor.py:914} INFO - Processing file /Users/yueyaoz/Downloads/IS3107-FinSum/.airflow/lib/python3.10/site-packages/airflow/example_dags/example_inlet_event_extra.py for tasks to queue
[2025-04-26T00:01:56.678+0800] {logging_mixin.py:190} INFO - [2025-04-26T00:01:56.678+0800] {dagbag.py:588} INFO - Filling up the DagBag from /Users/yueyaoz/Downloads/IS3107-FinSum/.airflow/lib/python3.10/site-packages/airflow/example_dags/example_inlet_event_extra.py
[2025-04-26T00:01:56.825+0800] {processor.py:925} INFO - DAG(s) 'read_dataset_event', 'read_dataset_event_from_classic' retrieved from /Users/yueyaoz/Downloads/IS3107-FinSum/.airflow/lib/python3.10/site-packages/airflow/example_dags/example_inlet_event_extra.py
[2025-04-26T00:01:56.901+0800] {logging_mixin.py:190} INFO - [2025-04-26T00:01:56.901+0800] {dag.py:3239} INFO - Sync 2 DAGs
[2025-04-26T00:01:56.909+0800] {logging_mixin.py:190} INFO - [2025-04-26T00:01:56.909+0800] {dag.py:4180} INFO - Setting next_dagrun for read_dataset_event to 2025-04-24 00:00:00+00:00, run_after=2025-04-25 00:00:00+00:00
[2025-04-26T00:01:56.911+0800] {logging_mixin.py:190} INFO - [2025-04-26T00:01:56.911+0800] {dag.py:4180} INFO - Setting next_dagrun for read_dataset_event_from_classic to 2025-04-24 00:00:00+00:00, run_after=2025-04-25 00:00:00+00:00
[2025-04-26T00:01:56.918+0800] {processor.py:208} INFO - Processing /Users/yueyaoz/Downloads/IS3107-FinSum/.airflow/lib/python3.10/site-packages/airflow/example_dags/example_inlet_event_extra.py took 0.243 seconds
[2025-04-26T00:04:32.730+0800] {processor.py:186} INFO - Started process (PID=50581) to work on /Users/yueyaoz/Downloads/IS3107-FinSum/.airflow/lib/python3.10/site-packages/airflow/example_dags/example_inlet_event_extra.py
[2025-04-26T00:04:32.731+0800] {processor.py:914} INFO - Processing file /Users/yueyaoz/Downloads/IS3107-FinSum/.airflow/lib/python3.10/site-packages/airflow/example_dags/example_inlet_event_extra.py for tasks to queue
[2025-04-26T00:04:32.731+0800] {logging_mixin.py:190} INFO - [2025-04-26T00:04:32.731+0800] {dagbag.py:588} INFO - Filling up the DagBag from /Users/yueyaoz/Downloads/IS3107-FinSum/.airflow/lib/python3.10/site-packages/airflow/example_dags/example_inlet_event_extra.py
[2025-04-26T00:04:32.882+0800] {processor.py:925} INFO - DAG(s) 'read_dataset_event', 'read_dataset_event_from_classic' retrieved from /Users/yueyaoz/Downloads/IS3107-FinSum/.airflow/lib/python3.10/site-packages/airflow/example_dags/example_inlet_event_extra.py
[2025-04-26T00:04:32.965+0800] {logging_mixin.py:190} INFO - [2025-04-26T00:04:32.965+0800] {dag.py:3239} INFO - Sync 2 DAGs
[2025-04-26T00:04:32.973+0800] {logging_mixin.py:190} INFO - [2025-04-26T00:04:32.973+0800] {dag.py:4180} INFO - Setting next_dagrun for read_dataset_event to 2025-04-24 00:00:00+00:00, run_after=2025-04-25 00:00:00+00:00
[2025-04-26T00:04:32.975+0800] {logging_mixin.py:190} INFO - [2025-04-26T00:04:32.975+0800] {dag.py:4180} INFO - Setting next_dagrun for read_dataset_event_from_classic to 2025-04-24 00:00:00+00:00, run_after=2025-04-25 00:00:00+00:00
[2025-04-26T00:04:32.982+0800] {processor.py:208} INFO - Processing /Users/yueyaoz/Downloads/IS3107-FinSum/.airflow/lib/python3.10/site-packages/airflow/example_dags/example_inlet_event_extra.py took 0.253 seconds
[2025-04-26T00:07:08.719+0800] {processor.py:186} INFO - Started process (PID=50780) to work on /Users/yueyaoz/Downloads/IS3107-FinSum/.airflow/lib/python3.10/site-packages/airflow/example_dags/example_inlet_event_extra.py
[2025-04-26T00:07:08.720+0800] {processor.py:914} INFO - Processing file /Users/yueyaoz/Downloads/IS3107-FinSum/.airflow/lib/python3.10/site-packages/airflow/example_dags/example_inlet_event_extra.py for tasks to queue
[2025-04-26T00:07:08.720+0800] {logging_mixin.py:190} INFO - [2025-04-26T00:07:08.720+0800] {dagbag.py:588} INFO - Filling up the DagBag from /Users/yueyaoz/Downloads/IS3107-FinSum/.airflow/lib/python3.10/site-packages/airflow/example_dags/example_inlet_event_extra.py
[2025-04-26T00:07:08.868+0800] {processor.py:925} INFO - DAG(s) 'read_dataset_event_from_classic', 'read_dataset_event' retrieved from /Users/yueyaoz/Downloads/IS3107-FinSum/.airflow/lib/python3.10/site-packages/airflow/example_dags/example_inlet_event_extra.py
[2025-04-26T00:07:08.952+0800] {logging_mixin.py:190} INFO - [2025-04-26T00:07:08.952+0800] {dag.py:3239} INFO - Sync 2 DAGs
[2025-04-26T00:07:08.960+0800] {logging_mixin.py:190} INFO - [2025-04-26T00:07:08.960+0800] {dag.py:4180} INFO - Setting next_dagrun for read_dataset_event to 2025-04-24 00:00:00+00:00, run_after=2025-04-25 00:00:00+00:00
[2025-04-26T00:07:08.962+0800] {logging_mixin.py:190} INFO - [2025-04-26T00:07:08.962+0800] {dag.py:4180} INFO - Setting next_dagrun for read_dataset_event_from_classic to 2025-04-24 00:00:00+00:00, run_after=2025-04-25 00:00:00+00:00
[2025-04-26T00:07:08.968+0800] {processor.py:208} INFO - Processing /Users/yueyaoz/Downloads/IS3107-FinSum/.airflow/lib/python3.10/site-packages/airflow/example_dags/example_inlet_event_extra.py took 0.251 seconds
[2025-04-26T00:09:41.155+0800] {processor.py:186} INFO - Started process (PID=50976) to work on /Users/yueyaoz/Downloads/IS3107-FinSum/.airflow/lib/python3.10/site-packages/airflow/example_dags/example_inlet_event_extra.py
[2025-04-26T00:09:41.156+0800] {processor.py:914} INFO - Processing file /Users/yueyaoz/Downloads/IS3107-FinSum/.airflow/lib/python3.10/site-packages/airflow/example_dags/example_inlet_event_extra.py for tasks to queue
[2025-04-26T00:09:41.156+0800] {logging_mixin.py:190} INFO - [2025-04-26T00:09:41.156+0800] {dagbag.py:588} INFO - Filling up the DagBag from /Users/yueyaoz/Downloads/IS3107-FinSum/.airflow/lib/python3.10/site-packages/airflow/example_dags/example_inlet_event_extra.py
[2025-04-26T00:09:41.305+0800] {processor.py:925} INFO - DAG(s) 'read_dataset_event', 'read_dataset_event_from_classic' retrieved from /Users/yueyaoz/Downloads/IS3107-FinSum/.airflow/lib/python3.10/site-packages/airflow/example_dags/example_inlet_event_extra.py
[2025-04-26T00:09:41.387+0800] {logging_mixin.py:190} INFO - [2025-04-26T00:09:41.387+0800] {dag.py:3239} INFO - Sync 2 DAGs
[2025-04-26T00:09:41.395+0800] {logging_mixin.py:190} INFO - [2025-04-26T00:09:41.395+0800] {dag.py:4180} INFO - Setting next_dagrun for read_dataset_event to 2025-04-24 00:00:00+00:00, run_after=2025-04-25 00:00:00+00:00
[2025-04-26T00:09:41.397+0800] {logging_mixin.py:190} INFO - [2025-04-26T00:09:41.397+0800] {dag.py:4180} INFO - Setting next_dagrun for read_dataset_event_from_classic to 2025-04-24 00:00:00+00:00, run_after=2025-04-25 00:00:00+00:00
[2025-04-26T00:09:41.404+0800] {processor.py:208} INFO - Processing /Users/yueyaoz/Downloads/IS3107-FinSum/.airflow/lib/python3.10/site-packages/airflow/example_dags/example_inlet_event_extra.py took 0.250 seconds
[2025-04-26T00:12:14.658+0800] {processor.py:186} INFO - Started process (PID=51174) to work on /Users/yueyaoz/Downloads/IS3107-FinSum/.airflow/lib/python3.10/site-packages/airflow/example_dags/example_inlet_event_extra.py
[2025-04-26T00:12:14.659+0800] {processor.py:914} INFO - Processing file /Users/yueyaoz/Downloads/IS3107-FinSum/.airflow/lib/python3.10/site-packages/airflow/example_dags/example_inlet_event_extra.py for tasks to queue
[2025-04-26T00:12:14.659+0800] {logging_mixin.py:190} INFO - [2025-04-26T00:12:14.659+0800] {dagbag.py:588} INFO - Filling up the DagBag from /Users/yueyaoz/Downloads/IS3107-FinSum/.airflow/lib/python3.10/site-packages/airflow/example_dags/example_inlet_event_extra.py
[2025-04-26T00:12:14.808+0800] {processor.py:925} INFO - DAG(s) 'read_dataset_event_from_classic', 'read_dataset_event' retrieved from /Users/yueyaoz/Downloads/IS3107-FinSum/.airflow/lib/python3.10/site-packages/airflow/example_dags/example_inlet_event_extra.py
[2025-04-26T00:12:14.892+0800] {logging_mixin.py:190} INFO - [2025-04-26T00:12:14.892+0800] {dag.py:3239} INFO - Sync 2 DAGs
[2025-04-26T00:12:14.900+0800] {logging_mixin.py:190} INFO - [2025-04-26T00:12:14.900+0800] {dag.py:4180} INFO - Setting next_dagrun for read_dataset_event to 2025-04-24 00:00:00+00:00, run_after=2025-04-25 00:00:00+00:00
[2025-04-26T00:12:14.902+0800] {logging_mixin.py:190} INFO - [2025-04-26T00:12:14.902+0800] {dag.py:4180} INFO - Setting next_dagrun for read_dataset_event_from_classic to 2025-04-24 00:00:00+00:00, run_after=2025-04-25 00:00:00+00:00
[2025-04-26T00:12:14.909+0800] {processor.py:208} INFO - Processing /Users/yueyaoz/Downloads/IS3107-FinSum/.airflow/lib/python3.10/site-packages/airflow/example_dags/example_inlet_event_extra.py took 0.252 seconds
[2025-04-26T00:14:51.276+0800] {processor.py:186} INFO - Started process (PID=51376) to work on /Users/yueyaoz/Downloads/IS3107-FinSum/.airflow/lib/python3.10/site-packages/airflow/example_dags/example_inlet_event_extra.py
[2025-04-26T00:14:51.276+0800] {processor.py:914} INFO - Processing file /Users/yueyaoz/Downloads/IS3107-FinSum/.airflow/lib/python3.10/site-packages/airflow/example_dags/example_inlet_event_extra.py for tasks to queue
[2025-04-26T00:14:51.277+0800] {logging_mixin.py:190} INFO - [2025-04-26T00:14:51.277+0800] {dagbag.py:588} INFO - Filling up the DagBag from /Users/yueyaoz/Downloads/IS3107-FinSum/.airflow/lib/python3.10/site-packages/airflow/example_dags/example_inlet_event_extra.py
[2025-04-26T00:14:51.425+0800] {processor.py:925} INFO - DAG(s) 'read_dataset_event', 'read_dataset_event_from_classic' retrieved from /Users/yueyaoz/Downloads/IS3107-FinSum/.airflow/lib/python3.10/site-packages/airflow/example_dags/example_inlet_event_extra.py
[2025-04-26T00:14:51.507+0800] {logging_mixin.py:190} INFO - [2025-04-26T00:14:51.507+0800] {dag.py:3239} INFO - Sync 2 DAGs
[2025-04-26T00:14:51.515+0800] {logging_mixin.py:190} INFO - [2025-04-26T00:14:51.515+0800] {dag.py:4180} INFO - Setting next_dagrun for read_dataset_event to 2025-04-24 00:00:00+00:00, run_after=2025-04-25 00:00:00+00:00
[2025-04-26T00:14:51.517+0800] {logging_mixin.py:190} INFO - [2025-04-26T00:14:51.517+0800] {dag.py:4180} INFO - Setting next_dagrun for read_dataset_event_from_classic to 2025-04-24 00:00:00+00:00, run_after=2025-04-25 00:00:00+00:00
[2025-04-26T00:14:51.524+0800] {processor.py:208} INFO - Processing /Users/yueyaoz/Downloads/IS3107-FinSum/.airflow/lib/python3.10/site-packages/airflow/example_dags/example_inlet_event_extra.py took 0.249 seconds
[2025-04-26T00:17:26.554+0800] {processor.py:186} INFO - Started process (PID=51585) to work on /Users/yueyaoz/Downloads/IS3107-FinSum/.airflow/lib/python3.10/site-packages/airflow/example_dags/example_inlet_event_extra.py
[2025-04-26T00:17:26.555+0800] {processor.py:914} INFO - Processing file /Users/yueyaoz/Downloads/IS3107-FinSum/.airflow/lib/python3.10/site-packages/airflow/example_dags/example_inlet_event_extra.py for tasks to queue
[2025-04-26T00:17:26.555+0800] {logging_mixin.py:190} INFO - [2025-04-26T00:17:26.555+0800] {dagbag.py:588} INFO - Filling up the DagBag from /Users/yueyaoz/Downloads/IS3107-FinSum/.airflow/lib/python3.10/site-packages/airflow/example_dags/example_inlet_event_extra.py
[2025-04-26T00:17:26.703+0800] {processor.py:925} INFO - DAG(s) 'read_dataset_event_from_classic', 'read_dataset_event' retrieved from /Users/yueyaoz/Downloads/IS3107-FinSum/.airflow/lib/python3.10/site-packages/airflow/example_dags/example_inlet_event_extra.py
[2025-04-26T00:17:26.786+0800] {logging_mixin.py:190} INFO - [2025-04-26T00:17:26.786+0800] {dag.py:3239} INFO - Sync 2 DAGs
[2025-04-26T00:17:26.794+0800] {logging_mixin.py:190} INFO - [2025-04-26T00:17:26.794+0800] {dag.py:4180} INFO - Setting next_dagrun for read_dataset_event to 2025-04-24 00:00:00+00:00, run_after=2025-04-25 00:00:00+00:00
[2025-04-26T00:17:26.796+0800] {logging_mixin.py:190} INFO - [2025-04-26T00:17:26.796+0800] {dag.py:4180} INFO - Setting next_dagrun for read_dataset_event_from_classic to 2025-04-24 00:00:00+00:00, run_after=2025-04-25 00:00:00+00:00
[2025-04-26T00:17:26.803+0800] {processor.py:208} INFO - Processing /Users/yueyaoz/Downloads/IS3107-FinSum/.airflow/lib/python3.10/site-packages/airflow/example_dags/example_inlet_event_extra.py took 0.250 seconds
[2025-04-26T00:20:03.536+0800] {processor.py:186} INFO - Started process (PID=51792) to work on /Users/yueyaoz/Downloads/IS3107-FinSum/.airflow/lib/python3.10/site-packages/airflow/example_dags/example_inlet_event_extra.py
[2025-04-26T00:20:03.536+0800] {processor.py:914} INFO - Processing file /Users/yueyaoz/Downloads/IS3107-FinSum/.airflow/lib/python3.10/site-packages/airflow/example_dags/example_inlet_event_extra.py for tasks to queue
[2025-04-26T00:20:03.536+0800] {logging_mixin.py:190} INFO - [2025-04-26T00:20:03.536+0800] {dagbag.py:588} INFO - Filling up the DagBag from /Users/yueyaoz/Downloads/IS3107-FinSum/.airflow/lib/python3.10/site-packages/airflow/example_dags/example_inlet_event_extra.py
[2025-04-26T00:20:03.685+0800] {processor.py:925} INFO - DAG(s) 'read_dataset_event', 'read_dataset_event_from_classic' retrieved from /Users/yueyaoz/Downloads/IS3107-FinSum/.airflow/lib/python3.10/site-packages/airflow/example_dags/example_inlet_event_extra.py
[2025-04-26T00:20:03.764+0800] {logging_mixin.py:190} INFO - [2025-04-26T00:20:03.764+0800] {dag.py:3239} INFO - Sync 2 DAGs
[2025-04-26T00:20:03.772+0800] {logging_mixin.py:190} INFO - [2025-04-26T00:20:03.772+0800] {dag.py:4180} INFO - Setting next_dagrun for read_dataset_event to 2025-04-24 00:00:00+00:00, run_after=2025-04-25 00:00:00+00:00
[2025-04-26T00:20:03.774+0800] {logging_mixin.py:190} INFO - [2025-04-26T00:20:03.774+0800] {dag.py:4180} INFO - Setting next_dagrun for read_dataset_event_from_classic to 2025-04-24 00:00:00+00:00, run_after=2025-04-25 00:00:00+00:00
[2025-04-26T00:20:03.780+0800] {processor.py:208} INFO - Processing /Users/yueyaoz/Downloads/IS3107-FinSum/.airflow/lib/python3.10/site-packages/airflow/example_dags/example_inlet_event_extra.py took 0.246 seconds
[2025-04-26T00:22:40.592+0800] {processor.py:186} INFO - Started process (PID=51991) to work on /Users/yueyaoz/Downloads/IS3107-FinSum/.airflow/lib/python3.10/site-packages/airflow/example_dags/example_inlet_event_extra.py
[2025-04-26T00:22:40.592+0800] {processor.py:914} INFO - Processing file /Users/yueyaoz/Downloads/IS3107-FinSum/.airflow/lib/python3.10/site-packages/airflow/example_dags/example_inlet_event_extra.py for tasks to queue
[2025-04-26T00:22:40.593+0800] {logging_mixin.py:190} INFO - [2025-04-26T00:22:40.593+0800] {dagbag.py:588} INFO - Filling up the DagBag from /Users/yueyaoz/Downloads/IS3107-FinSum/.airflow/lib/python3.10/site-packages/airflow/example_dags/example_inlet_event_extra.py
[2025-04-26T00:22:40.743+0800] {processor.py:925} INFO - DAG(s) 'read_dataset_event_from_classic', 'read_dataset_event' retrieved from /Users/yueyaoz/Downloads/IS3107-FinSum/.airflow/lib/python3.10/site-packages/airflow/example_dags/example_inlet_event_extra.py
[2025-04-26T00:22:40.822+0800] {logging_mixin.py:190} INFO - [2025-04-26T00:22:40.822+0800] {dag.py:3239} INFO - Sync 2 DAGs
[2025-04-26T00:22:40.830+0800] {logging_mixin.py:190} INFO - [2025-04-26T00:22:40.829+0800] {dag.py:4180} INFO - Setting next_dagrun for read_dataset_event to 2025-04-24 00:00:00+00:00, run_after=2025-04-25 00:00:00+00:00
[2025-04-26T00:22:40.831+0800] {logging_mixin.py:190} INFO - [2025-04-26T00:22:40.831+0800] {dag.py:4180} INFO - Setting next_dagrun for read_dataset_event_from_classic to 2025-04-24 00:00:00+00:00, run_after=2025-04-25 00:00:00+00:00
[2025-04-26T00:22:40.837+0800] {processor.py:208} INFO - Processing /Users/yueyaoz/Downloads/IS3107-FinSum/.airflow/lib/python3.10/site-packages/airflow/example_dags/example_inlet_event_extra.py took 0.247 seconds
[2025-04-26T00:25:12.748+0800] {processor.py:186} INFO - Started process (PID=52188) to work on /Users/yueyaoz/Downloads/IS3107-FinSum/.airflow/lib/python3.10/site-packages/airflow/example_dags/example_inlet_event_extra.py
[2025-04-26T00:25:12.749+0800] {processor.py:914} INFO - Processing file /Users/yueyaoz/Downloads/IS3107-FinSum/.airflow/lib/python3.10/site-packages/airflow/example_dags/example_inlet_event_extra.py for tasks to queue
[2025-04-26T00:25:12.749+0800] {logging_mixin.py:190} INFO - [2025-04-26T00:25:12.749+0800] {dagbag.py:588} INFO - Filling up the DagBag from /Users/yueyaoz/Downloads/IS3107-FinSum/.airflow/lib/python3.10/site-packages/airflow/example_dags/example_inlet_event_extra.py
[2025-04-26T00:25:12.896+0800] {processor.py:925} INFO - DAG(s) 'read_dataset_event', 'read_dataset_event_from_classic' retrieved from /Users/yueyaoz/Downloads/IS3107-FinSum/.airflow/lib/python3.10/site-packages/airflow/example_dags/example_inlet_event_extra.py
[2025-04-26T00:25:12.979+0800] {logging_mixin.py:190} INFO - [2025-04-26T00:25:12.979+0800] {dag.py:3239} INFO - Sync 2 DAGs
[2025-04-26T00:25:12.988+0800] {logging_mixin.py:190} INFO - [2025-04-26T00:25:12.987+0800] {dag.py:4180} INFO - Setting next_dagrun for read_dataset_event to 2025-04-24 00:00:00+00:00, run_after=2025-04-25 00:00:00+00:00
[2025-04-26T00:25:12.989+0800] {logging_mixin.py:190} INFO - [2025-04-26T00:25:12.989+0800] {dag.py:4180} INFO - Setting next_dagrun for read_dataset_event_from_classic to 2025-04-24 00:00:00+00:00, run_after=2025-04-25 00:00:00+00:00
[2025-04-26T00:25:12.996+0800] {processor.py:208} INFO - Processing /Users/yueyaoz/Downloads/IS3107-FinSum/.airflow/lib/python3.10/site-packages/airflow/example_dags/example_inlet_event_extra.py took 0.250 seconds
[2025-04-26T00:47:38.527+0800] {processor.py:186} INFO - Started process (PID=52393) to work on /Users/yueyaoz/Downloads/IS3107-FinSum/.airflow/lib/python3.10/site-packages/airflow/example_dags/example_inlet_event_extra.py
[2025-04-26T00:47:38.528+0800] {processor.py:914} INFO - Processing file /Users/yueyaoz/Downloads/IS3107-FinSum/.airflow/lib/python3.10/site-packages/airflow/example_dags/example_inlet_event_extra.py for tasks to queue
[2025-04-26T00:47:38.528+0800] {logging_mixin.py:190} INFO - [2025-04-26T00:47:38.528+0800] {dagbag.py:588} INFO - Filling up the DagBag from /Users/yueyaoz/Downloads/IS3107-FinSum/.airflow/lib/python3.10/site-packages/airflow/example_dags/example_inlet_event_extra.py
[2025-04-26T00:47:38.677+0800] {processor.py:925} INFO - DAG(s) 'read_dataset_event', 'read_dataset_event_from_classic' retrieved from /Users/yueyaoz/Downloads/IS3107-FinSum/.airflow/lib/python3.10/site-packages/airflow/example_dags/example_inlet_event_extra.py
[2025-04-26T00:47:38.760+0800] {logging_mixin.py:190} INFO - [2025-04-26T00:47:38.760+0800] {dag.py:3239} INFO - Sync 2 DAGs
[2025-04-26T00:47:38.768+0800] {logging_mixin.py:190} INFO - [2025-04-26T00:47:38.768+0800] {dag.py:4180} INFO - Setting next_dagrun for read_dataset_event to 2025-04-24 00:00:00+00:00, run_after=2025-04-25 00:00:00+00:00
[2025-04-26T00:47:38.770+0800] {logging_mixin.py:190} INFO - [2025-04-26T00:47:38.770+0800] {dag.py:4180} INFO - Setting next_dagrun for read_dataset_event_from_classic to 2025-04-24 00:00:00+00:00, run_after=2025-04-25 00:00:00+00:00
[2025-04-26T00:47:38.777+0800] {processor.py:208} INFO - Processing /Users/yueyaoz/Downloads/IS3107-FinSum/.airflow/lib/python3.10/site-packages/airflow/example_dags/example_inlet_event_extra.py took 0.251 seconds
[2025-04-26T01:05:34.858+0800] {processor.py:186} INFO - Started process (PID=52629) to work on /Users/yueyaoz/Downloads/IS3107-FinSum/.airflow/lib/python3.10/site-packages/airflow/example_dags/example_inlet_event_extra.py
[2025-04-26T01:05:34.859+0800] {processor.py:914} INFO - Processing file /Users/yueyaoz/Downloads/IS3107-FinSum/.airflow/lib/python3.10/site-packages/airflow/example_dags/example_inlet_event_extra.py for tasks to queue
[2025-04-26T01:05:34.860+0800] {logging_mixin.py:190} INFO - [2025-04-26T01:05:34.860+0800] {dagbag.py:588} INFO - Filling up the DagBag from /Users/yueyaoz/Downloads/IS3107-FinSum/.airflow/lib/python3.10/site-packages/airflow/example_dags/example_inlet_event_extra.py
[2025-04-26T01:05:35.009+0800] {processor.py:925} INFO - DAG(s) 'read_dataset_event_from_classic', 'read_dataset_event' retrieved from /Users/yueyaoz/Downloads/IS3107-FinSum/.airflow/lib/python3.10/site-packages/airflow/example_dags/example_inlet_event_extra.py
[2025-04-26T01:05:35.093+0800] {logging_mixin.py:190} INFO - [2025-04-26T01:05:35.093+0800] {dag.py:3239} INFO - Sync 2 DAGs
[2025-04-26T01:05:35.101+0800] {logging_mixin.py:190} INFO - [2025-04-26T01:05:35.101+0800] {dag.py:4180} INFO - Setting next_dagrun for read_dataset_event to 2025-04-24 00:00:00+00:00, run_after=2025-04-25 00:00:00+00:00
[2025-04-26T01:05:35.103+0800] {logging_mixin.py:190} INFO - [2025-04-26T01:05:35.103+0800] {dag.py:4180} INFO - Setting next_dagrun for read_dataset_event_from_classic to 2025-04-24 00:00:00+00:00, run_after=2025-04-25 00:00:00+00:00
[2025-04-26T01:05:35.109+0800] {processor.py:208} INFO - Processing /Users/yueyaoz/Downloads/IS3107-FinSum/.airflow/lib/python3.10/site-packages/airflow/example_dags/example_inlet_event_extra.py took 0.253 seconds
[2025-04-26T01:23:10.284+0800] {processor.py:186} INFO - Started process (PID=52831) to work on /Users/yueyaoz/Downloads/IS3107-FinSum/.airflow/lib/python3.10/site-packages/airflow/example_dags/example_inlet_event_extra.py
[2025-04-26T01:23:10.286+0800] {processor.py:914} INFO - Processing file /Users/yueyaoz/Downloads/IS3107-FinSum/.airflow/lib/python3.10/site-packages/airflow/example_dags/example_inlet_event_extra.py for tasks to queue
[2025-04-26T01:23:10.286+0800] {logging_mixin.py:190} INFO - [2025-04-26T01:23:10.286+0800] {dagbag.py:588} INFO - Filling up the DagBag from /Users/yueyaoz/Downloads/IS3107-FinSum/.airflow/lib/python3.10/site-packages/airflow/example_dags/example_inlet_event_extra.py
[2025-04-26T01:23:10.433+0800] {processor.py:925} INFO - DAG(s) 'read_dataset_event_from_classic', 'read_dataset_event' retrieved from /Users/yueyaoz/Downloads/IS3107-FinSum/.airflow/lib/python3.10/site-packages/airflow/example_dags/example_inlet_event_extra.py
[2025-04-26T01:23:10.516+0800] {logging_mixin.py:190} INFO - [2025-04-26T01:23:10.516+0800] {dag.py:3239} INFO - Sync 2 DAGs
[2025-04-26T01:23:10.524+0800] {logging_mixin.py:190} INFO - [2025-04-26T01:23:10.524+0800] {dag.py:4180} INFO - Setting next_dagrun for read_dataset_event to 2025-04-24 00:00:00+00:00, run_after=2025-04-25 00:00:00+00:00
[2025-04-26T01:23:10.526+0800] {logging_mixin.py:190} INFO - [2025-04-26T01:23:10.526+0800] {dag.py:4180} INFO - Setting next_dagrun for read_dataset_event_from_classic to 2025-04-24 00:00:00+00:00, run_after=2025-04-25 00:00:00+00:00
[2025-04-26T01:23:10.533+0800] {processor.py:208} INFO - Processing /Users/yueyaoz/Downloads/IS3107-FinSum/.airflow/lib/python3.10/site-packages/airflow/example_dags/example_inlet_event_extra.py took 0.251 seconds
[2025-04-26T01:41:21.929+0800] {processor.py:186} INFO - Started process (PID=53074) to work on /Users/yueyaoz/Downloads/IS3107-FinSum/.airflow/lib/python3.10/site-packages/airflow/example_dags/example_inlet_event_extra.py
[2025-04-26T01:41:21.930+0800] {processor.py:914} INFO - Processing file /Users/yueyaoz/Downloads/IS3107-FinSum/.airflow/lib/python3.10/site-packages/airflow/example_dags/example_inlet_event_extra.py for tasks to queue
[2025-04-26T01:41:21.930+0800] {logging_mixin.py:190} INFO - [2025-04-26T01:41:21.930+0800] {dagbag.py:588} INFO - Filling up the DagBag from /Users/yueyaoz/Downloads/IS3107-FinSum/.airflow/lib/python3.10/site-packages/airflow/example_dags/example_inlet_event_extra.py
[2025-04-26T01:41:22.125+0800] {processor.py:925} INFO - DAG(s) 'read_dataset_event', 'read_dataset_event_from_classic' retrieved from /Users/yueyaoz/Downloads/IS3107-FinSum/.airflow/lib/python3.10/site-packages/airflow/example_dags/example_inlet_event_extra.py
[2025-04-26T01:41:22.198+0800] {logging_mixin.py:190} INFO - [2025-04-26T01:41:22.198+0800] {dag.py:3239} INFO - Sync 2 DAGs
[2025-04-26T01:41:22.206+0800] {logging_mixin.py:190} INFO - [2025-04-26T01:41:22.206+0800] {dag.py:4180} INFO - Setting next_dagrun for read_dataset_event to 2025-04-24 00:00:00+00:00, run_after=2025-04-25 00:00:00+00:00
[2025-04-26T01:41:22.207+0800] {logging_mixin.py:190} INFO - [2025-04-26T01:41:22.207+0800] {dag.py:4180} INFO - Setting next_dagrun for read_dataset_event_from_classic to 2025-04-24 00:00:00+00:00, run_after=2025-04-25 00:00:00+00:00
[2025-04-26T01:41:22.214+0800] {processor.py:208} INFO - Processing /Users/yueyaoz/Downloads/IS3107-FinSum/.airflow/lib/python3.10/site-packages/airflow/example_dags/example_inlet_event_extra.py took 0.286 seconds
[2025-04-26T01:48:46.145+0800] {processor.py:186} INFO - Started process (PID=53285) to work on /Users/yueyaoz/Downloads/IS3107-FinSum/.airflow/lib/python3.10/site-packages/airflow/example_dags/example_inlet_event_extra.py
[2025-04-26T01:48:46.145+0800] {processor.py:914} INFO - Processing file /Users/yueyaoz/Downloads/IS3107-FinSum/.airflow/lib/python3.10/site-packages/airflow/example_dags/example_inlet_event_extra.py for tasks to queue
[2025-04-26T01:48:46.146+0800] {logging_mixin.py:190} INFO - [2025-04-26T01:48:46.146+0800] {dagbag.py:588} INFO - Filling up the DagBag from /Users/yueyaoz/Downloads/IS3107-FinSum/.airflow/lib/python3.10/site-packages/airflow/example_dags/example_inlet_event_extra.py
[2025-04-26T01:48:46.326+0800] {processor.py:925} INFO - DAG(s) 'read_dataset_event', 'read_dataset_event_from_classic' retrieved from /Users/yueyaoz/Downloads/IS3107-FinSum/.airflow/lib/python3.10/site-packages/airflow/example_dags/example_inlet_event_extra.py
[2025-04-26T01:48:46.401+0800] {logging_mixin.py:190} INFO - [2025-04-26T01:48:46.401+0800] {dag.py:3239} INFO - Sync 2 DAGs
[2025-04-26T01:48:46.409+0800] {logging_mixin.py:190} INFO - [2025-04-26T01:48:46.409+0800] {dag.py:4180} INFO - Setting next_dagrun for read_dataset_event to 2025-04-24 00:00:00+00:00, run_after=2025-04-25 00:00:00+00:00
[2025-04-26T01:48:46.411+0800] {logging_mixin.py:190} INFO - [2025-04-26T01:48:46.411+0800] {dag.py:4180} INFO - Setting next_dagrun for read_dataset_event_from_classic to 2025-04-24 00:00:00+00:00, run_after=2025-04-25 00:00:00+00:00
[2025-04-26T01:48:46.418+0800] {processor.py:208} INFO - Processing /Users/yueyaoz/Downloads/IS3107-FinSum/.airflow/lib/python3.10/site-packages/airflow/example_dags/example_inlet_event_extra.py took 0.275 seconds
[2025-04-26T02:06:36.947+0800] {processor.py:186} INFO - Started process (PID=53508) to work on /Users/yueyaoz/Downloads/IS3107-FinSum/.airflow/lib/python3.10/site-packages/airflow/example_dags/example_inlet_event_extra.py
[2025-04-26T02:06:36.949+0800] {processor.py:914} INFO - Processing file /Users/yueyaoz/Downloads/IS3107-FinSum/.airflow/lib/python3.10/site-packages/airflow/example_dags/example_inlet_event_extra.py for tasks to queue
[2025-04-26T02:06:36.949+0800] {logging_mixin.py:190} INFO - [2025-04-26T02:06:36.949+0800] {dagbag.py:588} INFO - Filling up the DagBag from /Users/yueyaoz/Downloads/IS3107-FinSum/.airflow/lib/python3.10/site-packages/airflow/example_dags/example_inlet_event_extra.py
[2025-04-26T02:06:37.098+0800] {processor.py:925} INFO - DAG(s) 'read_dataset_event', 'read_dataset_event_from_classic' retrieved from /Users/yueyaoz/Downloads/IS3107-FinSum/.airflow/lib/python3.10/site-packages/airflow/example_dags/example_inlet_event_extra.py
[2025-04-26T02:06:37.180+0800] {logging_mixin.py:190} INFO - [2025-04-26T02:06:37.179+0800] {dag.py:3239} INFO - Sync 2 DAGs
[2025-04-26T02:06:37.188+0800] {logging_mixin.py:190} INFO - [2025-04-26T02:06:37.188+0800] {dag.py:4180} INFO - Setting next_dagrun for read_dataset_event to 2025-04-24 00:00:00+00:00, run_after=2025-04-25 00:00:00+00:00
[2025-04-26T02:06:37.189+0800] {logging_mixin.py:190} INFO - [2025-04-26T02:06:37.189+0800] {dag.py:4180} INFO - Setting next_dagrun for read_dataset_event_from_classic to 2025-04-24 00:00:00+00:00, run_after=2025-04-25 00:00:00+00:00
[2025-04-26T02:06:37.196+0800] {processor.py:208} INFO - Processing /Users/yueyaoz/Downloads/IS3107-FinSum/.airflow/lib/python3.10/site-packages/airflow/example_dags/example_inlet_event_extra.py took 0.250 seconds
[2025-04-26T02:26:48.782+0800] {processor.py:186} INFO - Started process (PID=53707) to work on /Users/yueyaoz/Downloads/IS3107-FinSum/.airflow/lib/python3.10/site-packages/airflow/example_dags/example_inlet_event_extra.py
[2025-04-26T02:26:48.784+0800] {processor.py:914} INFO - Processing file /Users/yueyaoz/Downloads/IS3107-FinSum/.airflow/lib/python3.10/site-packages/airflow/example_dags/example_inlet_event_extra.py for tasks to queue
[2025-04-26T02:26:48.784+0800] {logging_mixin.py:190} INFO - [2025-04-26T02:26:48.784+0800] {dagbag.py:588} INFO - Filling up the DagBag from /Users/yueyaoz/Downloads/IS3107-FinSum/.airflow/lib/python3.10/site-packages/airflow/example_dags/example_inlet_event_extra.py
[2025-04-26T02:26:48.931+0800] {processor.py:925} INFO - DAG(s) 'read_dataset_event_from_classic', 'read_dataset_event' retrieved from /Users/yueyaoz/Downloads/IS3107-FinSum/.airflow/lib/python3.10/site-packages/airflow/example_dags/example_inlet_event_extra.py
[2025-04-26T02:26:49.012+0800] {logging_mixin.py:190} INFO - [2025-04-26T02:26:49.011+0800] {dag.py:3239} INFO - Sync 2 DAGs
[2025-04-26T02:26:49.020+0800] {logging_mixin.py:190} INFO - [2025-04-26T02:26:49.020+0800] {dag.py:4180} INFO - Setting next_dagrun for read_dataset_event to 2025-04-24 00:00:00+00:00, run_after=2025-04-25 00:00:00+00:00
[2025-04-26T02:26:49.021+0800] {logging_mixin.py:190} INFO - [2025-04-26T02:26:49.021+0800] {dag.py:4180} INFO - Setting next_dagrun for read_dataset_event_from_classic to 2025-04-24 00:00:00+00:00, run_after=2025-04-25 00:00:00+00:00
[2025-04-26T02:26:49.028+0800] {processor.py:208} INFO - Processing /Users/yueyaoz/Downloads/IS3107-FinSum/.airflow/lib/python3.10/site-packages/airflow/example_dags/example_inlet_event_extra.py took 0.247 seconds
[2025-04-26T02:52:29.901+0800] {processor.py:186} INFO - Started process (PID=53846) to work on /Users/yueyaoz/Downloads/IS3107-FinSum/.airflow/lib/python3.10/site-packages/airflow/example_dags/example_inlet_event_extra.py
[2025-04-26T02:52:29.903+0800] {processor.py:914} INFO - Processing file /Users/yueyaoz/Downloads/IS3107-FinSum/.airflow/lib/python3.10/site-packages/airflow/example_dags/example_inlet_event_extra.py for tasks to queue
[2025-04-26T02:52:29.903+0800] {logging_mixin.py:190} INFO - [2025-04-26T02:52:29.903+0800] {dagbag.py:588} INFO - Filling up the DagBag from /Users/yueyaoz/Downloads/IS3107-FinSum/.airflow/lib/python3.10/site-packages/airflow/example_dags/example_inlet_event_extra.py
[2025-04-26T02:52:30.054+0800] {processor.py:925} INFO - DAG(s) 'read_dataset_event', 'read_dataset_event_from_classic' retrieved from /Users/yueyaoz/Downloads/IS3107-FinSum/.airflow/lib/python3.10/site-packages/airflow/example_dags/example_inlet_event_extra.py
[2025-04-26T02:52:30.130+0800] {logging_mixin.py:190} INFO - [2025-04-26T02:52:30.130+0800] {dag.py:3239} INFO - Sync 2 DAGs
[2025-04-26T02:52:30.138+0800] {logging_mixin.py:190} INFO - [2025-04-26T02:52:30.137+0800] {dag.py:4180} INFO - Setting next_dagrun for read_dataset_event to 2025-04-24 00:00:00+00:00, run_after=2025-04-25 00:00:00+00:00
[2025-04-26T02:52:30.139+0800] {logging_mixin.py:190} INFO - [2025-04-26T02:52:30.139+0800] {dag.py:4180} INFO - Setting next_dagrun for read_dataset_event_from_classic to 2025-04-24 00:00:00+00:00, run_after=2025-04-25 00:00:00+00:00
[2025-04-26T02:52:30.145+0800] {processor.py:208} INFO - Processing /Users/yueyaoz/Downloads/IS3107-FinSum/.airflow/lib/python3.10/site-packages/airflow/example_dags/example_inlet_event_extra.py took 0.246 seconds
