[2025-04-25T22:20:05.392+0800] {processor.py:186} INFO - Started process (PID=46731) to work on /Users/yueyaoz/Downloads/IS3107-FinSum/.airflow/lib/python3.10/site-packages/airflow/example_dags/example_params_trigger_ui.py
[2025-04-25T22:20:05.393+0800] {processor.py:914} INFO - Processing file /Users/yueyaoz/Downloads/IS3107-FinSum/.airflow/lib/python3.10/site-packages/airflow/example_dags/example_params_trigger_ui.py for tasks to queue
[2025-04-25T22:20:05.393+0800] {logging_mixin.py:190} INFO - [2025-04-25T22:20:05.393+0800] {dagbag.py:588} INFO - Filling up the DagBag from /Users/yueyaoz/Downloads/IS3107-FinSum/.airflow/lib/python3.10/site-packages/airflow/example_dags/example_params_trigger_ui.py
[2025-04-25T22:20:05.409+0800] {processor.py:925} INFO - DAG(s) 'example_params_trigger_ui' retrieved from /Users/yueyaoz/Downloads/IS3107-FinSum/.airflow/lib/python3.10/site-packages/airflow/example_dags/example_params_trigger_ui.py
[2025-04-25T22:20:05.462+0800] {logging_mixin.py:190} INFO - [2025-04-25T22:20:05.462+0800] {dag.py:3239} INFO - Sync 1 DAGs
[2025-04-25T22:20:05.467+0800] {logging_mixin.py:190} INFO - [2025-04-25T22:20:05.467+0800] {dag.py:4180} INFO - Setting next_dagrun for example_params_trigger_ui to None, run_after=None
[2025-04-25T22:20:05.474+0800] {processor.py:208} INFO - Processing /Users/yueyaoz/Downloads/IS3107-FinSum/.airflow/lib/python3.10/site-packages/airflow/example_dags/example_params_trigger_ui.py took 0.084 seconds
[2025-04-25T22:21:48.677+0800] {processor.py:186} INFO - Started process (PID=46866) to work on /Users/yueyaoz/Downloads/IS3107-FinSum/.airflow/lib/python3.10/site-packages/airflow/example_dags/example_params_trigger_ui.py
[2025-04-25T22:21:48.677+0800] {processor.py:914} INFO - Processing file /Users/yueyaoz/Downloads/IS3107-FinSum/.airflow/lib/python3.10/site-packages/airflow/example_dags/example_params_trigger_ui.py for tasks to queue
[2025-04-25T22:21:48.678+0800] {logging_mixin.py:190} INFO - [2025-04-25T22:21:48.678+0800] {dagbag.py:588} INFO - Filling up the DagBag from /Users/yueyaoz/Downloads/IS3107-FinSum/.airflow/lib/python3.10/site-packages/airflow/example_dags/example_params_trigger_ui.py
[2025-04-25T22:21:48.694+0800] {processor.py:925} INFO - DAG(s) 'example_params_trigger_ui' retrieved from /Users/yueyaoz/Downloads/IS3107-FinSum/.airflow/lib/python3.10/site-packages/airflow/example_dags/example_params_trigger_ui.py
[2025-04-25T22:21:48.747+0800] {logging_mixin.py:190} INFO - [2025-04-25T22:21:48.746+0800] {dag.py:3239} INFO - Sync 1 DAGs
[2025-04-25T22:21:48.751+0800] {logging_mixin.py:190} INFO - [2025-04-25T22:21:48.751+0800] {dag.py:4180} INFO - Setting next_dagrun for example_params_trigger_ui to None, run_after=None
[2025-04-25T22:21:48.759+0800] {processor.py:208} INFO - Processing /Users/yueyaoz/Downloads/IS3107-FinSum/.airflow/lib/python3.10/site-packages/airflow/example_dags/example_params_trigger_ui.py took 0.083 seconds
[2025-04-25T22:24:12.296+0800] {processor.py:186} INFO - Started process (PID=47053) to work on /Users/yueyaoz/Downloads/IS3107-FinSum/.airflow/lib/python3.10/site-packages/airflow/example_dags/example_params_trigger_ui.py
[2025-04-25T22:24:12.296+0800] {processor.py:914} INFO - Processing file /Users/yueyaoz/Downloads/IS3107-FinSum/.airflow/lib/python3.10/site-packages/airflow/example_dags/example_params_trigger_ui.py for tasks to queue
[2025-04-25T22:24:12.297+0800] {logging_mixin.py:190} INFO - [2025-04-25T22:24:12.297+0800] {dagbag.py:588} INFO - Filling up the DagBag from /Users/yueyaoz/Downloads/IS3107-FinSum/.airflow/lib/python3.10/site-packages/airflow/example_dags/example_params_trigger_ui.py
[2025-04-25T22:24:12.313+0800] {processor.py:925} INFO - DAG(s) 'example_params_trigger_ui' retrieved from /Users/yueyaoz/Downloads/IS3107-FinSum/.airflow/lib/python3.10/site-packages/airflow/example_dags/example_params_trigger_ui.py
[2025-04-25T22:24:12.366+0800] {logging_mixin.py:190} INFO - [2025-04-25T22:24:12.366+0800] {dag.py:3239} INFO - Sync 1 DAGs
[2025-04-25T22:24:12.371+0800] {logging_mixin.py:190} INFO - [2025-04-25T22:24:12.371+0800] {dag.py:4180} INFO - Setting next_dagrun for example_params_trigger_ui to None, run_after=None
[2025-04-25T22:24:12.378+0800] {processor.py:208} INFO - Processing /Users/yueyaoz/Downloads/IS3107-FinSum/.airflow/lib/python3.10/site-packages/airflow/example_dags/example_params_trigger_ui.py took 0.084 seconds
[2025-04-25T22:26:41.340+0800] {processor.py:186} INFO - Started process (PID=47239) to work on /Users/yueyaoz/Downloads/IS3107-FinSum/.airflow/lib/python3.10/site-packages/airflow/example_dags/example_params_trigger_ui.py
[2025-04-25T22:26:41.341+0800] {processor.py:914} INFO - Processing file /Users/yueyaoz/Downloads/IS3107-FinSum/.airflow/lib/python3.10/site-packages/airflow/example_dags/example_params_trigger_ui.py for tasks to queue
[2025-04-25T22:26:41.341+0800] {logging_mixin.py:190} INFO - [2025-04-25T22:26:41.341+0800] {dagbag.py:588} INFO - Filling up the DagBag from /Users/yueyaoz/Downloads/IS3107-FinSum/.airflow/lib/python3.10/site-packages/airflow/example_dags/example_params_trigger_ui.py
[2025-04-25T22:26:41.358+0800] {processor.py:925} INFO - DAG(s) 'example_params_trigger_ui' retrieved from /Users/yueyaoz/Downloads/IS3107-FinSum/.airflow/lib/python3.10/site-packages/airflow/example_dags/example_params_trigger_ui.py
[2025-04-25T22:26:41.410+0800] {logging_mixin.py:190} INFO - [2025-04-25T22:26:41.410+0800] {dag.py:3239} INFO - Sync 1 DAGs
[2025-04-25T22:26:41.415+0800] {logging_mixin.py:190} INFO - [2025-04-25T22:26:41.415+0800] {dag.py:4180} INFO - Setting next_dagrun for example_params_trigger_ui to None, run_after=None
[2025-04-25T22:26:41.422+0800] {processor.py:208} INFO - Processing /Users/yueyaoz/Downloads/IS3107-FinSum/.airflow/lib/python3.10/site-packages/airflow/example_dags/example_params_trigger_ui.py took 0.083 seconds
[2025-04-25T22:29:12.917+0800] {processor.py:186} INFO - Started process (PID=47523) to work on /Users/yueyaoz/Downloads/IS3107-FinSum/.airflow/lib/python3.10/site-packages/airflow/example_dags/example_params_trigger_ui.py
[2025-04-25T22:29:12.917+0800] {processor.py:914} INFO - Processing file /Users/yueyaoz/Downloads/IS3107-FinSum/.airflow/lib/python3.10/site-packages/airflow/example_dags/example_params_trigger_ui.py for tasks to queue
[2025-04-25T22:29:12.918+0800] {logging_mixin.py:190} INFO - [2025-04-25T22:29:12.918+0800] {dagbag.py:588} INFO - Filling up the DagBag from /Users/yueyaoz/Downloads/IS3107-FinSum/.airflow/lib/python3.10/site-packages/airflow/example_dags/example_params_trigger_ui.py
[2025-04-25T22:29:12.933+0800] {processor.py:925} INFO - DAG(s) 'example_params_trigger_ui' retrieved from /Users/yueyaoz/Downloads/IS3107-FinSum/.airflow/lib/python3.10/site-packages/airflow/example_dags/example_params_trigger_ui.py
[2025-04-25T22:29:12.988+0800] {logging_mixin.py:190} INFO - [2025-04-25T22:29:12.988+0800] {dag.py:3239} INFO - Sync 1 DAGs
[2025-04-25T22:29:12.993+0800] {logging_mixin.py:190} INFO - [2025-04-25T22:29:12.993+0800] {dag.py:4180} INFO - Setting next_dagrun for example_params_trigger_ui to None, run_after=None
[2025-04-25T22:29:13.001+0800] {processor.py:208} INFO - Processing /Users/yueyaoz/Downloads/IS3107-FinSum/.airflow/lib/python3.10/site-packages/airflow/example_dags/example_params_trigger_ui.py took 0.085 seconds
[2025-04-25T22:31:40.774+0800] {processor.py:186} INFO - Started process (PID=47823) to work on /Users/yueyaoz/Downloads/IS3107-FinSum/.airflow/lib/python3.10/site-packages/airflow/example_dags/example_params_trigger_ui.py
[2025-04-25T22:31:40.775+0800] {processor.py:914} INFO - Processing file /Users/yueyaoz/Downloads/IS3107-FinSum/.airflow/lib/python3.10/site-packages/airflow/example_dags/example_params_trigger_ui.py for tasks to queue
[2025-04-25T22:31:40.776+0800] {logging_mixin.py:190} INFO - [2025-04-25T22:31:40.776+0800] {dagbag.py:588} INFO - Filling up the DagBag from /Users/yueyaoz/Downloads/IS3107-FinSum/.airflow/lib/python3.10/site-packages/airflow/example_dags/example_params_trigger_ui.py
[2025-04-25T22:31:40.792+0800] {processor.py:925} INFO - DAG(s) 'example_params_trigger_ui' retrieved from /Users/yueyaoz/Downloads/IS3107-FinSum/.airflow/lib/python3.10/site-packages/airflow/example_dags/example_params_trigger_ui.py
[2025-04-25T22:31:40.844+0800] {logging_mixin.py:190} INFO - [2025-04-25T22:31:40.843+0800] {dag.py:3239} INFO - Sync 1 DAGs
[2025-04-25T22:31:40.848+0800] {logging_mixin.py:190} INFO - [2025-04-25T22:31:40.848+0800] {dag.py:4180} INFO - Setting next_dagrun for example_params_trigger_ui to None, run_after=None
[2025-04-25T22:31:40.856+0800] {processor.py:208} INFO - Processing /Users/yueyaoz/Downloads/IS3107-FinSum/.airflow/lib/python3.10/site-packages/airflow/example_dags/example_params_trigger_ui.py took 0.083 seconds
[2025-04-25T22:34:09.634+0800] {processor.py:186} INFO - Started process (PID=48044) to work on /Users/yueyaoz/Downloads/IS3107-FinSum/.airflow/lib/python3.10/site-packages/airflow/example_dags/example_params_trigger_ui.py
[2025-04-25T22:34:09.634+0800] {processor.py:914} INFO - Processing file /Users/yueyaoz/Downloads/IS3107-FinSum/.airflow/lib/python3.10/site-packages/airflow/example_dags/example_params_trigger_ui.py for tasks to queue
[2025-04-25T22:34:09.634+0800] {logging_mixin.py:190} INFO - [2025-04-25T22:34:09.634+0800] {dagbag.py:588} INFO - Filling up the DagBag from /Users/yueyaoz/Downloads/IS3107-FinSum/.airflow/lib/python3.10/site-packages/airflow/example_dags/example_params_trigger_ui.py
[2025-04-25T22:34:09.652+0800] {processor.py:925} INFO - DAG(s) 'example_params_trigger_ui' retrieved from /Users/yueyaoz/Downloads/IS3107-FinSum/.airflow/lib/python3.10/site-packages/airflow/example_dags/example_params_trigger_ui.py
[2025-04-25T22:34:09.705+0800] {logging_mixin.py:190} INFO - [2025-04-25T22:34:09.704+0800] {dag.py:3239} INFO - Sync 1 DAGs
[2025-04-25T22:34:09.709+0800] {logging_mixin.py:190} INFO - [2025-04-25T22:34:09.709+0800] {dag.py:4180} INFO - Setting next_dagrun for example_params_trigger_ui to None, run_after=None
[2025-04-25T22:34:09.716+0800] {processor.py:208} INFO - Processing /Users/yueyaoz/Downloads/IS3107-FinSum/.airflow/lib/python3.10/site-packages/airflow/example_dags/example_params_trigger_ui.py took 0.084 seconds
[2025-04-25T22:36:37.515+0800] {processor.py:186} INFO - Started process (PID=48247) to work on /Users/yueyaoz/Downloads/IS3107-FinSum/.airflow/lib/python3.10/site-packages/airflow/example_dags/example_params_trigger_ui.py
[2025-04-25T22:36:37.515+0800] {processor.py:914} INFO - Processing file /Users/yueyaoz/Downloads/IS3107-FinSum/.airflow/lib/python3.10/site-packages/airflow/example_dags/example_params_trigger_ui.py for tasks to queue
[2025-04-25T22:36:37.515+0800] {logging_mixin.py:190} INFO - [2025-04-25T22:36:37.515+0800] {dagbag.py:588} INFO - Filling up the DagBag from /Users/yueyaoz/Downloads/IS3107-FinSum/.airflow/lib/python3.10/site-packages/airflow/example_dags/example_params_trigger_ui.py
[2025-04-25T22:36:37.532+0800] {processor.py:925} INFO - DAG(s) 'example_params_trigger_ui' retrieved from /Users/yueyaoz/Downloads/IS3107-FinSum/.airflow/lib/python3.10/site-packages/airflow/example_dags/example_params_trigger_ui.py
[2025-04-25T22:36:37.585+0800] {logging_mixin.py:190} INFO - [2025-04-25T22:36:37.585+0800] {dag.py:3239} INFO - Sync 1 DAGs
[2025-04-25T22:36:37.590+0800] {logging_mixin.py:190} INFO - [2025-04-25T22:36:37.589+0800] {dag.py:4180} INFO - Setting next_dagrun for example_params_trigger_ui to None, run_after=None
[2025-04-25T22:36:37.597+0800] {processor.py:208} INFO - Processing /Users/yueyaoz/Downloads/IS3107-FinSum/.airflow/lib/python3.10/site-packages/airflow/example_dags/example_params_trigger_ui.py took 0.084 seconds
[2025-04-25T22:39:08.681+0800] {processor.py:186} INFO - Started process (PID=48447) to work on /Users/yueyaoz/Downloads/IS3107-FinSum/.airflow/lib/python3.10/site-packages/airflow/example_dags/example_params_trigger_ui.py
[2025-04-25T22:39:08.682+0800] {processor.py:914} INFO - Processing file /Users/yueyaoz/Downloads/IS3107-FinSum/.airflow/lib/python3.10/site-packages/airflow/example_dags/example_params_trigger_ui.py for tasks to queue
[2025-04-25T22:39:08.683+0800] {logging_mixin.py:190} INFO - [2025-04-25T22:39:08.682+0800] {dagbag.py:588} INFO - Filling up the DagBag from /Users/yueyaoz/Downloads/IS3107-FinSum/.airflow/lib/python3.10/site-packages/airflow/example_dags/example_params_trigger_ui.py
[2025-04-25T22:39:08.698+0800] {processor.py:925} INFO - DAG(s) 'example_params_trigger_ui' retrieved from /Users/yueyaoz/Downloads/IS3107-FinSum/.airflow/lib/python3.10/site-packages/airflow/example_dags/example_params_trigger_ui.py
[2025-04-25T22:39:08.750+0800] {logging_mixin.py:190} INFO - [2025-04-25T22:39:08.750+0800] {dag.py:3239} INFO - Sync 1 DAGs
[2025-04-25T22:39:08.755+0800] {logging_mixin.py:190} INFO - [2025-04-25T22:39:08.755+0800] {dag.py:4180} INFO - Setting next_dagrun for example_params_trigger_ui to None, run_after=None
[2025-04-25T22:39:08.762+0800] {processor.py:208} INFO - Processing /Users/yueyaoz/Downloads/IS3107-FinSum/.airflow/lib/python3.10/site-packages/airflow/example_dags/example_params_trigger_ui.py took 0.083 seconds
[2025-04-25T22:41:37.289+0800] {processor.py:186} INFO - Started process (PID=48642) to work on /Users/yueyaoz/Downloads/IS3107-FinSum/.airflow/lib/python3.10/site-packages/airflow/example_dags/example_params_trigger_ui.py
[2025-04-25T22:41:37.291+0800] {processor.py:914} INFO - Processing file /Users/yueyaoz/Downloads/IS3107-FinSum/.airflow/lib/python3.10/site-packages/airflow/example_dags/example_params_trigger_ui.py for tasks to queue
[2025-04-25T22:41:37.291+0800] {logging_mixin.py:190} INFO - [2025-04-25T22:41:37.291+0800] {dagbag.py:588} INFO - Filling up the DagBag from /Users/yueyaoz/Downloads/IS3107-FinSum/.airflow/lib/python3.10/site-packages/airflow/example_dags/example_params_trigger_ui.py
[2025-04-25T22:41:37.307+0800] {processor.py:925} INFO - DAG(s) 'example_params_trigger_ui' retrieved from /Users/yueyaoz/Downloads/IS3107-FinSum/.airflow/lib/python3.10/site-packages/airflow/example_dags/example_params_trigger_ui.py
[2025-04-25T22:41:37.359+0800] {logging_mixin.py:190} INFO - [2025-04-25T22:41:37.359+0800] {dag.py:3239} INFO - Sync 1 DAGs
[2025-04-25T22:41:37.363+0800] {logging_mixin.py:190} INFO - [2025-04-25T22:41:37.363+0800] {dag.py:4180} INFO - Setting next_dagrun for example_params_trigger_ui to None, run_after=None
[2025-04-25T22:41:37.371+0800] {processor.py:208} INFO - Processing /Users/yueyaoz/Downloads/IS3107-FinSum/.airflow/lib/python3.10/site-packages/airflow/example_dags/example_params_trigger_ui.py took 0.083 seconds
[2025-04-25T22:44:10.129+0800] {processor.py:186} INFO - Started process (PID=48847) to work on /Users/yueyaoz/Downloads/IS3107-FinSum/.airflow/lib/python3.10/site-packages/airflow/example_dags/example_params_trigger_ui.py
[2025-04-25T22:44:10.131+0800] {processor.py:914} INFO - Processing file /Users/yueyaoz/Downloads/IS3107-FinSum/.airflow/lib/python3.10/site-packages/airflow/example_dags/example_params_trigger_ui.py for tasks to queue
[2025-04-25T22:44:10.131+0800] {logging_mixin.py:190} INFO - [2025-04-25T22:44:10.131+0800] {dagbag.py:588} INFO - Filling up the DagBag from /Users/yueyaoz/Downloads/IS3107-FinSum/.airflow/lib/python3.10/site-packages/airflow/example_dags/example_params_trigger_ui.py
[2025-04-25T22:44:10.147+0800] {processor.py:925} INFO - DAG(s) 'example_params_trigger_ui' retrieved from /Users/yueyaoz/Downloads/IS3107-FinSum/.airflow/lib/python3.10/site-packages/airflow/example_dags/example_params_trigger_ui.py
[2025-04-25T22:44:10.198+0800] {logging_mixin.py:190} INFO - [2025-04-25T22:44:10.198+0800] {dag.py:3239} INFO - Sync 1 DAGs
[2025-04-25T22:44:10.203+0800] {logging_mixin.py:190} INFO - [2025-04-25T22:44:10.203+0800] {dag.py:4180} INFO - Setting next_dagrun for example_params_trigger_ui to None, run_after=None
[2025-04-25T22:44:10.210+0800] {processor.py:208} INFO - Processing /Users/yueyaoz/Downloads/IS3107-FinSum/.airflow/lib/python3.10/site-packages/airflow/example_dags/example_params_trigger_ui.py took 0.082 seconds
[2025-04-25T23:02:14.002+0800] {processor.py:186} INFO - Started process (PID=49081) to work on /Users/yueyaoz/Downloads/IS3107-FinSum/.airflow/lib/python3.10/site-packages/airflow/example_dags/example_params_trigger_ui.py
[2025-04-25T23:02:14.004+0800] {processor.py:914} INFO - Processing file /Users/yueyaoz/Downloads/IS3107-FinSum/.airflow/lib/python3.10/site-packages/airflow/example_dags/example_params_trigger_ui.py for tasks to queue
[2025-04-25T23:02:14.004+0800] {logging_mixin.py:190} INFO - [2025-04-25T23:02:14.004+0800] {dagbag.py:588} INFO - Filling up the DagBag from /Users/yueyaoz/Downloads/IS3107-FinSum/.airflow/lib/python3.10/site-packages/airflow/example_dags/example_params_trigger_ui.py
[2025-04-25T23:02:14.019+0800] {processor.py:925} INFO - DAG(s) 'example_params_trigger_ui' retrieved from /Users/yueyaoz/Downloads/IS3107-FinSum/.airflow/lib/python3.10/site-packages/airflow/example_dags/example_params_trigger_ui.py
[2025-04-25T23:02:14.071+0800] {logging_mixin.py:190} INFO - [2025-04-25T23:02:14.071+0800] {dag.py:3239} INFO - Sync 1 DAGs
[2025-04-25T23:02:14.075+0800] {logging_mixin.py:190} INFO - [2025-04-25T23:02:14.075+0800] {dag.py:4180} INFO - Setting next_dagrun for example_params_trigger_ui to None, run_after=None
[2025-04-25T23:02:14.082+0800] {processor.py:208} INFO - Processing /Users/yueyaoz/Downloads/IS3107-FinSum/.airflow/lib/python3.10/site-packages/airflow/example_dags/example_params_trigger_ui.py took 0.081 seconds
[2025-04-25T23:20:53.064+0800] {processor.py:186} INFO - Started process (PID=49309) to work on /Users/yueyaoz/Downloads/IS3107-FinSum/.airflow/lib/python3.10/site-packages/airflow/example_dags/example_params_trigger_ui.py
[2025-04-25T23:20:53.064+0800] {processor.py:914} INFO - Processing file /Users/yueyaoz/Downloads/IS3107-FinSum/.airflow/lib/python3.10/site-packages/airflow/example_dags/example_params_trigger_ui.py for tasks to queue
[2025-04-25T23:20:53.065+0800] {logging_mixin.py:190} INFO - [2025-04-25T23:20:53.065+0800] {dagbag.py:588} INFO - Filling up the DagBag from /Users/yueyaoz/Downloads/IS3107-FinSum/.airflow/lib/python3.10/site-packages/airflow/example_dags/example_params_trigger_ui.py
[2025-04-25T23:20:53.080+0800] {processor.py:925} INFO - DAG(s) 'example_params_trigger_ui' retrieved from /Users/yueyaoz/Downloads/IS3107-FinSum/.airflow/lib/python3.10/site-packages/airflow/example_dags/example_params_trigger_ui.py
[2025-04-25T23:20:53.132+0800] {logging_mixin.py:190} INFO - [2025-04-25T23:20:53.131+0800] {dag.py:3239} INFO - Sync 1 DAGs
[2025-04-25T23:20:53.136+0800] {logging_mixin.py:190} INFO - [2025-04-25T23:20:53.136+0800] {dag.py:4180} INFO - Setting next_dagrun for example_params_trigger_ui to None, run_after=None
[2025-04-25T23:20:53.143+0800] {processor.py:208} INFO - Processing /Users/yueyaoz/Downloads/IS3107-FinSum/.airflow/lib/python3.10/site-packages/airflow/example_dags/example_params_trigger_ui.py took 0.081 seconds
[2025-04-25T23:23:29.660+0800] {processor.py:186} INFO - Started process (PID=49505) to work on /Users/yueyaoz/Downloads/IS3107-FinSum/.airflow/lib/python3.10/site-packages/airflow/example_dags/example_params_trigger_ui.py
[2025-04-25T23:23:29.661+0800] {processor.py:914} INFO - Processing file /Users/yueyaoz/Downloads/IS3107-FinSum/.airflow/lib/python3.10/site-packages/airflow/example_dags/example_params_trigger_ui.py for tasks to queue
[2025-04-25T23:23:29.662+0800] {logging_mixin.py:190} INFO - [2025-04-25T23:23:29.662+0800] {dagbag.py:588} INFO - Filling up the DagBag from /Users/yueyaoz/Downloads/IS3107-FinSum/.airflow/lib/python3.10/site-packages/airflow/example_dags/example_params_trigger_ui.py
[2025-04-25T23:23:29.677+0800] {processor.py:925} INFO - DAG(s) 'example_params_trigger_ui' retrieved from /Users/yueyaoz/Downloads/IS3107-FinSum/.airflow/lib/python3.10/site-packages/airflow/example_dags/example_params_trigger_ui.py
[2025-04-25T23:23:29.728+0800] {logging_mixin.py:190} INFO - [2025-04-25T23:23:29.728+0800] {dag.py:3239} INFO - Sync 1 DAGs
[2025-04-25T23:23:29.733+0800] {logging_mixin.py:190} INFO - [2025-04-25T23:23:29.733+0800] {dag.py:4180} INFO - Setting next_dagrun for example_params_trigger_ui to None, run_after=None
[2025-04-25T23:23:29.740+0800] {processor.py:208} INFO - Processing /Users/yueyaoz/Downloads/IS3107-FinSum/.airflow/lib/python3.10/site-packages/airflow/example_dags/example_params_trigger_ui.py took 0.082 seconds
[2025-04-25T23:26:10.255+0800] {processor.py:186} INFO - Started process (PID=49712) to work on /Users/yueyaoz/Downloads/IS3107-FinSum/.airflow/lib/python3.10/site-packages/airflow/example_dags/example_params_trigger_ui.py
[2025-04-25T23:26:10.257+0800] {processor.py:914} INFO - Processing file /Users/yueyaoz/Downloads/IS3107-FinSum/.airflow/lib/python3.10/site-packages/airflow/example_dags/example_params_trigger_ui.py for tasks to queue
[2025-04-25T23:26:10.257+0800] {logging_mixin.py:190} INFO - [2025-04-25T23:26:10.257+0800] {dagbag.py:588} INFO - Filling up the DagBag from /Users/yueyaoz/Downloads/IS3107-FinSum/.airflow/lib/python3.10/site-packages/airflow/example_dags/example_params_trigger_ui.py
[2025-04-25T23:26:10.274+0800] {processor.py:925} INFO - DAG(s) 'example_params_trigger_ui' retrieved from /Users/yueyaoz/Downloads/IS3107-FinSum/.airflow/lib/python3.10/site-packages/airflow/example_dags/example_params_trigger_ui.py
[2025-04-25T23:26:10.325+0800] {logging_mixin.py:190} INFO - [2025-04-25T23:26:10.325+0800] {dag.py:3239} INFO - Sync 1 DAGs
[2025-04-25T23:26:10.330+0800] {logging_mixin.py:190} INFO - [2025-04-25T23:26:10.330+0800] {dag.py:4180} INFO - Setting next_dagrun for example_params_trigger_ui to None, run_after=None
[2025-04-25T23:26:10.337+0800] {processor.py:208} INFO - Processing /Users/yueyaoz/Downloads/IS3107-FinSum/.airflow/lib/python3.10/site-packages/airflow/example_dags/example_params_trigger_ui.py took 0.083 seconds
[2025-04-25T23:56:31.365+0800] {processor.py:186} INFO - Started process (PID=49945) to work on /Users/yueyaoz/Downloads/IS3107-FinSum/.airflow/lib/python3.10/site-packages/airflow/example_dags/example_params_trigger_ui.py
[2025-04-25T23:56:31.365+0800] {processor.py:914} INFO - Processing file /Users/yueyaoz/Downloads/IS3107-FinSum/.airflow/lib/python3.10/site-packages/airflow/example_dags/example_params_trigger_ui.py for tasks to queue
[2025-04-25T23:56:31.366+0800] {logging_mixin.py:190} INFO - [2025-04-25T23:56:31.366+0800] {dagbag.py:588} INFO - Filling up the DagBag from /Users/yueyaoz/Downloads/IS3107-FinSum/.airflow/lib/python3.10/site-packages/airflow/example_dags/example_params_trigger_ui.py
[2025-04-25T23:56:31.382+0800] {processor.py:925} INFO - DAG(s) 'example_params_trigger_ui' retrieved from /Users/yueyaoz/Downloads/IS3107-FinSum/.airflow/lib/python3.10/site-packages/airflow/example_dags/example_params_trigger_ui.py
[2025-04-25T23:56:31.433+0800] {logging_mixin.py:190} INFO - [2025-04-25T23:56:31.433+0800] {dag.py:3239} INFO - Sync 1 DAGs
[2025-04-25T23:56:31.438+0800] {logging_mixin.py:190} INFO - [2025-04-25T23:56:31.438+0800] {dag.py:4180} INFO - Setting next_dagrun for example_params_trigger_ui to None, run_after=None
[2025-04-25T23:56:31.445+0800] {processor.py:208} INFO - Processing /Users/yueyaoz/Downloads/IS3107-FinSum/.airflow/lib/python3.10/site-packages/airflow/example_dags/example_params_trigger_ui.py took 0.082 seconds
[2025-04-25T23:59:05.660+0800] {processor.py:186} INFO - Started process (PID=50147) to work on /Users/yueyaoz/Downloads/IS3107-FinSum/.airflow/lib/python3.10/site-packages/airflow/example_dags/example_params_trigger_ui.py
[2025-04-25T23:59:05.661+0800] {processor.py:914} INFO - Processing file /Users/yueyaoz/Downloads/IS3107-FinSum/.airflow/lib/python3.10/site-packages/airflow/example_dags/example_params_trigger_ui.py for tasks to queue
[2025-04-25T23:59:05.662+0800] {logging_mixin.py:190} INFO - [2025-04-25T23:59:05.662+0800] {dagbag.py:588} INFO - Filling up the DagBag from /Users/yueyaoz/Downloads/IS3107-FinSum/.airflow/lib/python3.10/site-packages/airflow/example_dags/example_params_trigger_ui.py
[2025-04-25T23:59:05.678+0800] {processor.py:925} INFO - DAG(s) 'example_params_trigger_ui' retrieved from /Users/yueyaoz/Downloads/IS3107-FinSum/.airflow/lib/python3.10/site-packages/airflow/example_dags/example_params_trigger_ui.py
[2025-04-25T23:59:05.729+0800] {logging_mixin.py:190} INFO - [2025-04-25T23:59:05.729+0800] {dag.py:3239} INFO - Sync 1 DAGs
[2025-04-25T23:59:05.734+0800] {logging_mixin.py:190} INFO - [2025-04-25T23:59:05.734+0800] {dag.py:4180} INFO - Setting next_dagrun for example_params_trigger_ui to None, run_after=None
[2025-04-25T23:59:05.741+0800] {processor.py:208} INFO - Processing /Users/yueyaoz/Downloads/IS3107-FinSum/.airflow/lib/python3.10/site-packages/airflow/example_dags/example_params_trigger_ui.py took 0.083 seconds
[2025-04-26T00:01:44.862+0800] {processor.py:186} INFO - Started process (PID=50356) to work on /Users/yueyaoz/Downloads/IS3107-FinSum/.airflow/lib/python3.10/site-packages/airflow/example_dags/example_params_trigger_ui.py
[2025-04-26T00:01:44.863+0800] {processor.py:914} INFO - Processing file /Users/yueyaoz/Downloads/IS3107-FinSum/.airflow/lib/python3.10/site-packages/airflow/example_dags/example_params_trigger_ui.py for tasks to queue
[2025-04-26T00:01:44.863+0800] {logging_mixin.py:190} INFO - [2025-04-26T00:01:44.863+0800] {dagbag.py:588} INFO - Filling up the DagBag from /Users/yueyaoz/Downloads/IS3107-FinSum/.airflow/lib/python3.10/site-packages/airflow/example_dags/example_params_trigger_ui.py
[2025-04-26T00:01:44.878+0800] {processor.py:925} INFO - DAG(s) 'example_params_trigger_ui' retrieved from /Users/yueyaoz/Downloads/IS3107-FinSum/.airflow/lib/python3.10/site-packages/airflow/example_dags/example_params_trigger_ui.py
[2025-04-26T00:01:44.930+0800] {logging_mixin.py:190} INFO - [2025-04-26T00:01:44.929+0800] {dag.py:3239} INFO - Sync 1 DAGs
[2025-04-26T00:01:44.934+0800] {logging_mixin.py:190} INFO - [2025-04-26T00:01:44.934+0800] {dag.py:4180} INFO - Setting next_dagrun for example_params_trigger_ui to None, run_after=None
[2025-04-26T00:01:44.942+0800] {processor.py:208} INFO - Processing /Users/yueyaoz/Downloads/IS3107-FinSum/.airflow/lib/python3.10/site-packages/airflow/example_dags/example_params_trigger_ui.py took 0.082 seconds
[2025-04-26T00:04:20.306+0800] {processor.py:186} INFO - Started process (PID=50566) to work on /Users/yueyaoz/Downloads/IS3107-FinSum/.airflow/lib/python3.10/site-packages/airflow/example_dags/example_params_trigger_ui.py
[2025-04-26T00:04:20.307+0800] {processor.py:914} INFO - Processing file /Users/yueyaoz/Downloads/IS3107-FinSum/.airflow/lib/python3.10/site-packages/airflow/example_dags/example_params_trigger_ui.py for tasks to queue
[2025-04-26T00:04:20.307+0800] {logging_mixin.py:190} INFO - [2025-04-26T00:04:20.307+0800] {dagbag.py:588} INFO - Filling up the DagBag from /Users/yueyaoz/Downloads/IS3107-FinSum/.airflow/lib/python3.10/site-packages/airflow/example_dags/example_params_trigger_ui.py
[2025-04-26T00:04:20.325+0800] {processor.py:925} INFO - DAG(s) 'example_params_trigger_ui' retrieved from /Users/yueyaoz/Downloads/IS3107-FinSum/.airflow/lib/python3.10/site-packages/airflow/example_dags/example_params_trigger_ui.py
[2025-04-26T00:04:20.378+0800] {logging_mixin.py:190} INFO - [2025-04-26T00:04:20.378+0800] {dag.py:3239} INFO - Sync 1 DAGs
[2025-04-26T00:04:20.383+0800] {logging_mixin.py:190} INFO - [2025-04-26T00:04:20.383+0800] {dag.py:4180} INFO - Setting next_dagrun for example_params_trigger_ui to None, run_after=None
[2025-04-26T00:04:20.390+0800] {processor.py:208} INFO - Processing /Users/yueyaoz/Downloads/IS3107-FinSum/.airflow/lib/python3.10/site-packages/airflow/example_dags/example_params_trigger_ui.py took 0.086 seconds
[2025-04-26T00:06:56.894+0800] {processor.py:186} INFO - Started process (PID=50764) to work on /Users/yueyaoz/Downloads/IS3107-FinSum/.airflow/lib/python3.10/site-packages/airflow/example_dags/example_params_trigger_ui.py
[2025-04-26T00:06:56.894+0800] {processor.py:914} INFO - Processing file /Users/yueyaoz/Downloads/IS3107-FinSum/.airflow/lib/python3.10/site-packages/airflow/example_dags/example_params_trigger_ui.py for tasks to queue
[2025-04-26T00:06:56.895+0800] {logging_mixin.py:190} INFO - [2025-04-26T00:06:56.895+0800] {dagbag.py:588} INFO - Filling up the DagBag from /Users/yueyaoz/Downloads/IS3107-FinSum/.airflow/lib/python3.10/site-packages/airflow/example_dags/example_params_trigger_ui.py
[2025-04-26T00:06:56.910+0800] {processor.py:925} INFO - DAG(s) 'example_params_trigger_ui' retrieved from /Users/yueyaoz/Downloads/IS3107-FinSum/.airflow/lib/python3.10/site-packages/airflow/example_dags/example_params_trigger_ui.py
[2025-04-26T00:06:56.962+0800] {logging_mixin.py:190} INFO - [2025-04-26T00:06:56.962+0800] {dag.py:3239} INFO - Sync 1 DAGs
[2025-04-26T00:06:56.967+0800] {logging_mixin.py:190} INFO - [2025-04-26T00:06:56.967+0800] {dag.py:4180} INFO - Setting next_dagrun for example_params_trigger_ui to None, run_after=None
[2025-04-26T00:06:56.975+0800] {processor.py:208} INFO - Processing /Users/yueyaoz/Downloads/IS3107-FinSum/.airflow/lib/python3.10/site-packages/airflow/example_dags/example_params_trigger_ui.py took 0.083 seconds
[2025-04-26T00:09:29.363+0800] {processor.py:186} INFO - Started process (PID=50961) to work on /Users/yueyaoz/Downloads/IS3107-FinSum/.airflow/lib/python3.10/site-packages/airflow/example_dags/example_params_trigger_ui.py
[2025-04-26T00:09:29.363+0800] {processor.py:914} INFO - Processing file /Users/yueyaoz/Downloads/IS3107-FinSum/.airflow/lib/python3.10/site-packages/airflow/example_dags/example_params_trigger_ui.py for tasks to queue
[2025-04-26T00:09:29.364+0800] {logging_mixin.py:190} INFO - [2025-04-26T00:09:29.364+0800] {dagbag.py:588} INFO - Filling up the DagBag from /Users/yueyaoz/Downloads/IS3107-FinSum/.airflow/lib/python3.10/site-packages/airflow/example_dags/example_params_trigger_ui.py
[2025-04-26T00:09:29.381+0800] {processor.py:925} INFO - DAG(s) 'example_params_trigger_ui' retrieved from /Users/yueyaoz/Downloads/IS3107-FinSum/.airflow/lib/python3.10/site-packages/airflow/example_dags/example_params_trigger_ui.py
[2025-04-26T00:09:29.434+0800] {logging_mixin.py:190} INFO - [2025-04-26T00:09:29.434+0800] {dag.py:3239} INFO - Sync 1 DAGs
[2025-04-26T00:09:29.439+0800] {logging_mixin.py:190} INFO - [2025-04-26T00:09:29.439+0800] {dag.py:4180} INFO - Setting next_dagrun for example_params_trigger_ui to None, run_after=None
[2025-04-26T00:09:29.447+0800] {processor.py:208} INFO - Processing /Users/yueyaoz/Downloads/IS3107-FinSum/.airflow/lib/python3.10/site-packages/airflow/example_dags/example_params_trigger_ui.py took 0.085 seconds
[2025-04-26T00:12:02.712+0800] {processor.py:186} INFO - Started process (PID=51159) to work on /Users/yueyaoz/Downloads/IS3107-FinSum/.airflow/lib/python3.10/site-packages/airflow/example_dags/example_params_trigger_ui.py
[2025-04-26T00:12:02.712+0800] {processor.py:914} INFO - Processing file /Users/yueyaoz/Downloads/IS3107-FinSum/.airflow/lib/python3.10/site-packages/airflow/example_dags/example_params_trigger_ui.py for tasks to queue
[2025-04-26T00:12:02.713+0800] {logging_mixin.py:190} INFO - [2025-04-26T00:12:02.713+0800] {dagbag.py:588} INFO - Filling up the DagBag from /Users/yueyaoz/Downloads/IS3107-FinSum/.airflow/lib/python3.10/site-packages/airflow/example_dags/example_params_trigger_ui.py
[2025-04-26T00:12:02.730+0800] {processor.py:925} INFO - DAG(s) 'example_params_trigger_ui' retrieved from /Users/yueyaoz/Downloads/IS3107-FinSum/.airflow/lib/python3.10/site-packages/airflow/example_dags/example_params_trigger_ui.py
[2025-04-26T00:12:02.784+0800] {logging_mixin.py:190} INFO - [2025-04-26T00:12:02.784+0800] {dag.py:3239} INFO - Sync 1 DAGs
[2025-04-26T00:12:02.789+0800] {logging_mixin.py:190} INFO - [2025-04-26T00:12:02.789+0800] {dag.py:4180} INFO - Setting next_dagrun for example_params_trigger_ui to None, run_after=None
[2025-04-26T00:12:02.797+0800] {processor.py:208} INFO - Processing /Users/yueyaoz/Downloads/IS3107-FinSum/.airflow/lib/python3.10/site-packages/airflow/example_dags/example_params_trigger_ui.py took 0.086 seconds
[2025-04-26T00:14:38.434+0800] {processor.py:186} INFO - Started process (PID=51359) to work on /Users/yueyaoz/Downloads/IS3107-FinSum/.airflow/lib/python3.10/site-packages/airflow/example_dags/example_params_trigger_ui.py
[2025-04-26T00:14:38.435+0800] {processor.py:914} INFO - Processing file /Users/yueyaoz/Downloads/IS3107-FinSum/.airflow/lib/python3.10/site-packages/airflow/example_dags/example_params_trigger_ui.py for tasks to queue
[2025-04-26T00:14:38.435+0800] {logging_mixin.py:190} INFO - [2025-04-26T00:14:38.435+0800] {dagbag.py:588} INFO - Filling up the DagBag from /Users/yueyaoz/Downloads/IS3107-FinSum/.airflow/lib/python3.10/site-packages/airflow/example_dags/example_params_trigger_ui.py
[2025-04-26T00:14:38.452+0800] {processor.py:925} INFO - DAG(s) 'example_params_trigger_ui' retrieved from /Users/yueyaoz/Downloads/IS3107-FinSum/.airflow/lib/python3.10/site-packages/airflow/example_dags/example_params_trigger_ui.py
[2025-04-26T00:14:38.503+0800] {logging_mixin.py:190} INFO - [2025-04-26T00:14:38.503+0800] {dag.py:3239} INFO - Sync 1 DAGs
[2025-04-26T00:14:38.508+0800] {logging_mixin.py:190} INFO - [2025-04-26T00:14:38.508+0800] {dag.py:4180} INFO - Setting next_dagrun for example_params_trigger_ui to None, run_after=None
[2025-04-26T00:14:38.515+0800] {processor.py:208} INFO - Processing /Users/yueyaoz/Downloads/IS3107-FinSum/.airflow/lib/python3.10/site-packages/airflow/example_dags/example_params_trigger_ui.py took 0.083 seconds
[2025-04-26T00:17:13.734+0800] {processor.py:186} INFO - Started process (PID=51570) to work on /Users/yueyaoz/Downloads/IS3107-FinSum/.airflow/lib/python3.10/site-packages/airflow/example_dags/example_params_trigger_ui.py
[2025-04-26T00:17:13.735+0800] {processor.py:914} INFO - Processing file /Users/yueyaoz/Downloads/IS3107-FinSum/.airflow/lib/python3.10/site-packages/airflow/example_dags/example_params_trigger_ui.py for tasks to queue
[2025-04-26T00:17:13.735+0800] {logging_mixin.py:190} INFO - [2025-04-26T00:17:13.735+0800] {dagbag.py:588} INFO - Filling up the DagBag from /Users/yueyaoz/Downloads/IS3107-FinSum/.airflow/lib/python3.10/site-packages/airflow/example_dags/example_params_trigger_ui.py
[2025-04-26T00:17:13.753+0800] {processor.py:925} INFO - DAG(s) 'example_params_trigger_ui' retrieved from /Users/yueyaoz/Downloads/IS3107-FinSum/.airflow/lib/python3.10/site-packages/airflow/example_dags/example_params_trigger_ui.py
[2025-04-26T00:17:13.807+0800] {logging_mixin.py:190} INFO - [2025-04-26T00:17:13.807+0800] {dag.py:3239} INFO - Sync 1 DAGs
[2025-04-26T00:17:13.812+0800] {logging_mixin.py:190} INFO - [2025-04-26T00:17:13.812+0800] {dag.py:4180} INFO - Setting next_dagrun for example_params_trigger_ui to None, run_after=None
[2025-04-26T00:17:13.820+0800] {processor.py:208} INFO - Processing /Users/yueyaoz/Downloads/IS3107-FinSum/.airflow/lib/python3.10/site-packages/airflow/example_dags/example_params_trigger_ui.py took 0.087 seconds
[2025-04-26T00:19:51.600+0800] {processor.py:186} INFO - Started process (PID=51769) to work on /Users/yueyaoz/Downloads/IS3107-FinSum/.airflow/lib/python3.10/site-packages/airflow/example_dags/example_params_trigger_ui.py
[2025-04-26T00:19:51.600+0800] {processor.py:914} INFO - Processing file /Users/yueyaoz/Downloads/IS3107-FinSum/.airflow/lib/python3.10/site-packages/airflow/example_dags/example_params_trigger_ui.py for tasks to queue
[2025-04-26T00:19:51.601+0800] {logging_mixin.py:190} INFO - [2025-04-26T00:19:51.601+0800] {dagbag.py:588} INFO - Filling up the DagBag from /Users/yueyaoz/Downloads/IS3107-FinSum/.airflow/lib/python3.10/site-packages/airflow/example_dags/example_params_trigger_ui.py
[2025-04-26T00:19:51.618+0800] {processor.py:925} INFO - DAG(s) 'example_params_trigger_ui' retrieved from /Users/yueyaoz/Downloads/IS3107-FinSum/.airflow/lib/python3.10/site-packages/airflow/example_dags/example_params_trigger_ui.py
[2025-04-26T00:19:51.672+0800] {logging_mixin.py:190} INFO - [2025-04-26T00:19:51.671+0800] {dag.py:3239} INFO - Sync 1 DAGs
[2025-04-26T00:19:51.676+0800] {logging_mixin.py:190} INFO - [2025-04-26T00:19:51.676+0800] {dag.py:4180} INFO - Setting next_dagrun for example_params_trigger_ui to None, run_after=None
[2025-04-26T00:19:51.684+0800] {processor.py:208} INFO - Processing /Users/yueyaoz/Downloads/IS3107-FinSum/.airflow/lib/python3.10/site-packages/airflow/example_dags/example_params_trigger_ui.py took 0.086 seconds
[2025-04-26T00:22:27.377+0800] {processor.py:186} INFO - Started process (PID=51975) to work on /Users/yueyaoz/Downloads/IS3107-FinSum/.airflow/lib/python3.10/site-packages/airflow/example_dags/example_params_trigger_ui.py
[2025-04-26T00:22:27.377+0800] {processor.py:914} INFO - Processing file /Users/yueyaoz/Downloads/IS3107-FinSum/.airflow/lib/python3.10/site-packages/airflow/example_dags/example_params_trigger_ui.py for tasks to queue
[2025-04-26T00:22:27.377+0800] {logging_mixin.py:190} INFO - [2025-04-26T00:22:27.377+0800] {dagbag.py:588} INFO - Filling up the DagBag from /Users/yueyaoz/Downloads/IS3107-FinSum/.airflow/lib/python3.10/site-packages/airflow/example_dags/example_params_trigger_ui.py
[2025-04-26T00:22:27.395+0800] {processor.py:925} INFO - DAG(s) 'example_params_trigger_ui' retrieved from /Users/yueyaoz/Downloads/IS3107-FinSum/.airflow/lib/python3.10/site-packages/airflow/example_dags/example_params_trigger_ui.py
[2025-04-26T00:22:27.448+0800] {logging_mixin.py:190} INFO - [2025-04-26T00:22:27.448+0800] {dag.py:3239} INFO - Sync 1 DAGs
[2025-04-26T00:22:27.453+0800] {logging_mixin.py:190} INFO - [2025-04-26T00:22:27.453+0800] {dag.py:4180} INFO - Setting next_dagrun for example_params_trigger_ui to None, run_after=None
[2025-04-26T00:22:27.460+0800] {processor.py:208} INFO - Processing /Users/yueyaoz/Downloads/IS3107-FinSum/.airflow/lib/python3.10/site-packages/airflow/example_dags/example_params_trigger_ui.py took 0.085 seconds
[2025-04-26T00:25:00.943+0800] {processor.py:186} INFO - Started process (PID=52171) to work on /Users/yueyaoz/Downloads/IS3107-FinSum/.airflow/lib/python3.10/site-packages/airflow/example_dags/example_params_trigger_ui.py
[2025-04-26T00:25:00.944+0800] {processor.py:914} INFO - Processing file /Users/yueyaoz/Downloads/IS3107-FinSum/.airflow/lib/python3.10/site-packages/airflow/example_dags/example_params_trigger_ui.py for tasks to queue
[2025-04-26T00:25:00.945+0800] {logging_mixin.py:190} INFO - [2025-04-26T00:25:00.945+0800] {dagbag.py:588} INFO - Filling up the DagBag from /Users/yueyaoz/Downloads/IS3107-FinSum/.airflow/lib/python3.10/site-packages/airflow/example_dags/example_params_trigger_ui.py
[2025-04-26T00:25:00.960+0800] {processor.py:925} INFO - DAG(s) 'example_params_trigger_ui' retrieved from /Users/yueyaoz/Downloads/IS3107-FinSum/.airflow/lib/python3.10/site-packages/airflow/example_dags/example_params_trigger_ui.py
[2025-04-26T00:25:01.012+0800] {logging_mixin.py:190} INFO - [2025-04-26T00:25:01.012+0800] {dag.py:3239} INFO - Sync 1 DAGs
[2025-04-26T00:25:01.017+0800] {logging_mixin.py:190} INFO - [2025-04-26T00:25:01.017+0800] {dag.py:4180} INFO - Setting next_dagrun for example_params_trigger_ui to None, run_after=None
[2025-04-26T00:25:01.024+0800] {processor.py:208} INFO - Processing /Users/yueyaoz/Downloads/IS3107-FinSum/.airflow/lib/python3.10/site-packages/airflow/example_dags/example_params_trigger_ui.py took 0.082 seconds
[2025-04-26T00:44:33.133+0800] {processor.py:186} INFO - Started process (PID=52374) to work on /Users/yueyaoz/Downloads/IS3107-FinSum/.airflow/lib/python3.10/site-packages/airflow/example_dags/example_params_trigger_ui.py
[2025-04-26T00:44:33.134+0800] {processor.py:914} INFO - Processing file /Users/yueyaoz/Downloads/IS3107-FinSum/.airflow/lib/python3.10/site-packages/airflow/example_dags/example_params_trigger_ui.py for tasks to queue
[2025-04-26T00:44:33.134+0800] {logging_mixin.py:190} INFO - [2025-04-26T00:44:33.134+0800] {dagbag.py:588} INFO - Filling up the DagBag from /Users/yueyaoz/Downloads/IS3107-FinSum/.airflow/lib/python3.10/site-packages/airflow/example_dags/example_params_trigger_ui.py
[2025-04-26T00:44:33.149+0800] {processor.py:925} INFO - DAG(s) 'example_params_trigger_ui' retrieved from /Users/yueyaoz/Downloads/IS3107-FinSum/.airflow/lib/python3.10/site-packages/airflow/example_dags/example_params_trigger_ui.py
[2025-04-26T00:44:33.201+0800] {logging_mixin.py:190} INFO - [2025-04-26T00:44:33.201+0800] {dag.py:3239} INFO - Sync 1 DAGs
[2025-04-26T00:44:33.206+0800] {logging_mixin.py:190} INFO - [2025-04-26T00:44:33.206+0800] {dag.py:4180} INFO - Setting next_dagrun for example_params_trigger_ui to None, run_after=None
[2025-04-26T00:44:33.213+0800] {processor.py:208} INFO - Processing /Users/yueyaoz/Downloads/IS3107-FinSum/.airflow/lib/python3.10/site-packages/airflow/example_dags/example_params_trigger_ui.py took 0.082 seconds
[2025-04-26T00:48:43.530+0800] {processor.py:186} INFO - Started process (PID=52483) to work on /Users/yueyaoz/Downloads/IS3107-FinSum/.airflow/lib/python3.10/site-packages/airflow/example_dags/example_params_trigger_ui.py
[2025-04-26T00:48:43.531+0800] {processor.py:914} INFO - Processing file /Users/yueyaoz/Downloads/IS3107-FinSum/.airflow/lib/python3.10/site-packages/airflow/example_dags/example_params_trigger_ui.py for tasks to queue
[2025-04-26T00:48:43.531+0800] {logging_mixin.py:190} INFO - [2025-04-26T00:48:43.531+0800] {dagbag.py:588} INFO - Filling up the DagBag from /Users/yueyaoz/Downloads/IS3107-FinSum/.airflow/lib/python3.10/site-packages/airflow/example_dags/example_params_trigger_ui.py
[2025-04-26T00:48:43.548+0800] {processor.py:925} INFO - DAG(s) 'example_params_trigger_ui' retrieved from /Users/yueyaoz/Downloads/IS3107-FinSum/.airflow/lib/python3.10/site-packages/airflow/example_dags/example_params_trigger_ui.py
[2025-04-26T00:48:43.602+0800] {logging_mixin.py:190} INFO - [2025-04-26T00:48:43.601+0800] {dag.py:3239} INFO - Sync 1 DAGs
[2025-04-26T00:48:43.606+0800] {logging_mixin.py:190} INFO - [2025-04-26T00:48:43.606+0800] {dag.py:4180} INFO - Setting next_dagrun for example_params_trigger_ui to None, run_after=None
[2025-04-26T00:48:43.613+0800] {processor.py:208} INFO - Processing /Users/yueyaoz/Downloads/IS3107-FinSum/.airflow/lib/python3.10/site-packages/airflow/example_dags/example_params_trigger_ui.py took 0.085 seconds
[2025-04-26T01:05:22.022+0800] {processor.py:186} INFO - Started process (PID=52614) to work on /Users/yueyaoz/Downloads/IS3107-FinSum/.airflow/lib/python3.10/site-packages/airflow/example_dags/example_params_trigger_ui.py
[2025-04-26T01:05:22.022+0800] {processor.py:914} INFO - Processing file /Users/yueyaoz/Downloads/IS3107-FinSum/.airflow/lib/python3.10/site-packages/airflow/example_dags/example_params_trigger_ui.py for tasks to queue
[2025-04-26T01:05:22.023+0800] {logging_mixin.py:190} INFO - [2025-04-26T01:05:22.023+0800] {dagbag.py:588} INFO - Filling up the DagBag from /Users/yueyaoz/Downloads/IS3107-FinSum/.airflow/lib/python3.10/site-packages/airflow/example_dags/example_params_trigger_ui.py
[2025-04-26T01:05:22.038+0800] {processor.py:925} INFO - DAG(s) 'example_params_trigger_ui' retrieved from /Users/yueyaoz/Downloads/IS3107-FinSum/.airflow/lib/python3.10/site-packages/airflow/example_dags/example_params_trigger_ui.py
[2025-04-26T01:05:22.090+0800] {logging_mixin.py:190} INFO - [2025-04-26T01:05:22.090+0800] {dag.py:3239} INFO - Sync 1 DAGs
[2025-04-26T01:05:22.095+0800] {logging_mixin.py:190} INFO - [2025-04-26T01:05:22.095+0800] {dag.py:4180} INFO - Setting next_dagrun for example_params_trigger_ui to None, run_after=None
[2025-04-26T01:05:22.101+0800] {processor.py:208} INFO - Processing /Users/yueyaoz/Downloads/IS3107-FinSum/.airflow/lib/python3.10/site-packages/airflow/example_dags/example_params_trigger_ui.py took 0.081 seconds
[2025-04-26T01:22:58.466+0800] {processor.py:186} INFO - Started process (PID=52813) to work on /Users/yueyaoz/Downloads/IS3107-FinSum/.airflow/lib/python3.10/site-packages/airflow/example_dags/example_params_trigger_ui.py
[2025-04-26T01:22:58.467+0800] {processor.py:914} INFO - Processing file /Users/yueyaoz/Downloads/IS3107-FinSum/.airflow/lib/python3.10/site-packages/airflow/example_dags/example_params_trigger_ui.py for tasks to queue
[2025-04-26T01:22:58.468+0800] {logging_mixin.py:190} INFO - [2025-04-26T01:22:58.467+0800] {dagbag.py:588} INFO - Filling up the DagBag from /Users/yueyaoz/Downloads/IS3107-FinSum/.airflow/lib/python3.10/site-packages/airflow/example_dags/example_params_trigger_ui.py
[2025-04-26T01:22:58.483+0800] {processor.py:925} INFO - DAG(s) 'example_params_trigger_ui' retrieved from /Users/yueyaoz/Downloads/IS3107-FinSum/.airflow/lib/python3.10/site-packages/airflow/example_dags/example_params_trigger_ui.py
[2025-04-26T01:22:58.534+0800] {logging_mixin.py:190} INFO - [2025-04-26T01:22:58.534+0800] {dag.py:3239} INFO - Sync 1 DAGs
[2025-04-26T01:22:58.538+0800] {logging_mixin.py:190} INFO - [2025-04-26T01:22:58.538+0800] {dag.py:4180} INFO - Setting next_dagrun for example_params_trigger_ui to None, run_after=None
[2025-04-26T01:22:58.545+0800] {processor.py:208} INFO - Processing /Users/yueyaoz/Downloads/IS3107-FinSum/.airflow/lib/python3.10/site-packages/airflow/example_dags/example_params_trigger_ui.py took 0.081 seconds
[2025-04-26T01:41:10.118+0800] {processor.py:186} INFO - Started process (PID=53056) to work on /Users/yueyaoz/Downloads/IS3107-FinSum/.airflow/lib/python3.10/site-packages/airflow/example_dags/example_params_trigger_ui.py
[2025-04-26T01:41:10.120+0800] {processor.py:914} INFO - Processing file /Users/yueyaoz/Downloads/IS3107-FinSum/.airflow/lib/python3.10/site-packages/airflow/example_dags/example_params_trigger_ui.py for tasks to queue
[2025-04-26T01:41:10.120+0800] {logging_mixin.py:190} INFO - [2025-04-26T01:41:10.120+0800] {dagbag.py:588} INFO - Filling up the DagBag from /Users/yueyaoz/Downloads/IS3107-FinSum/.airflow/lib/python3.10/site-packages/airflow/example_dags/example_params_trigger_ui.py
[2025-04-26T01:41:10.135+0800] {processor.py:925} INFO - DAG(s) 'example_params_trigger_ui' retrieved from /Users/yueyaoz/Downloads/IS3107-FinSum/.airflow/lib/python3.10/site-packages/airflow/example_dags/example_params_trigger_ui.py
[2025-04-26T01:41:10.186+0800] {logging_mixin.py:190} INFO - [2025-04-26T01:41:10.186+0800] {dag.py:3239} INFO - Sync 1 DAGs
[2025-04-26T01:41:10.191+0800] {logging_mixin.py:190} INFO - [2025-04-26T01:41:10.190+0800] {dag.py:4180} INFO - Setting next_dagrun for example_params_trigger_ui to None, run_after=None
[2025-04-26T01:41:10.197+0800] {processor.py:208} INFO - Processing /Users/yueyaoz/Downloads/IS3107-FinSum/.airflow/lib/python3.10/site-packages/airflow/example_dags/example_params_trigger_ui.py took 0.081 seconds
[2025-04-26T01:48:34.322+0800] {processor.py:186} INFO - Started process (PID=53267) to work on /Users/yueyaoz/Downloads/IS3107-FinSum/.airflow/lib/python3.10/site-packages/airflow/example_dags/example_params_trigger_ui.py
[2025-04-26T01:48:34.323+0800] {processor.py:914} INFO - Processing file /Users/yueyaoz/Downloads/IS3107-FinSum/.airflow/lib/python3.10/site-packages/airflow/example_dags/example_params_trigger_ui.py for tasks to queue
[2025-04-26T01:48:34.323+0800] {logging_mixin.py:190} INFO - [2025-04-26T01:48:34.323+0800] {dagbag.py:588} INFO - Filling up the DagBag from /Users/yueyaoz/Downloads/IS3107-FinSum/.airflow/lib/python3.10/site-packages/airflow/example_dags/example_params_trigger_ui.py
[2025-04-26T01:48:34.339+0800] {processor.py:925} INFO - DAG(s) 'example_params_trigger_ui' retrieved from /Users/yueyaoz/Downloads/IS3107-FinSum/.airflow/lib/python3.10/site-packages/airflow/example_dags/example_params_trigger_ui.py
[2025-04-26T01:48:34.391+0800] {logging_mixin.py:190} INFO - [2025-04-26T01:48:34.391+0800] {dag.py:3239} INFO - Sync 1 DAGs
[2025-04-26T01:48:34.396+0800] {logging_mixin.py:190} INFO - [2025-04-26T01:48:34.396+0800] {dag.py:4180} INFO - Setting next_dagrun for example_params_trigger_ui to None, run_after=None
[2025-04-26T01:48:34.403+0800] {processor.py:208} INFO - Processing /Users/yueyaoz/Downloads/IS3107-FinSum/.airflow/lib/python3.10/site-packages/airflow/example_dags/example_params_trigger_ui.py took 0.082 seconds
[2025-04-26T02:06:25.124+0800] {processor.py:186} INFO - Started process (PID=53492) to work on /Users/yueyaoz/Downloads/IS3107-FinSum/.airflow/lib/python3.10/site-packages/airflow/example_dags/example_params_trigger_ui.py
[2025-04-26T02:06:25.125+0800] {processor.py:914} INFO - Processing file /Users/yueyaoz/Downloads/IS3107-FinSum/.airflow/lib/python3.10/site-packages/airflow/example_dags/example_params_trigger_ui.py for tasks to queue
[2025-04-26T02:06:25.125+0800] {logging_mixin.py:190} INFO - [2025-04-26T02:06:25.125+0800] {dagbag.py:588} INFO - Filling up the DagBag from /Users/yueyaoz/Downloads/IS3107-FinSum/.airflow/lib/python3.10/site-packages/airflow/example_dags/example_params_trigger_ui.py
[2025-04-26T02:06:25.141+0800] {processor.py:925} INFO - DAG(s) 'example_params_trigger_ui' retrieved from /Users/yueyaoz/Downloads/IS3107-FinSum/.airflow/lib/python3.10/site-packages/airflow/example_dags/example_params_trigger_ui.py
[2025-04-26T02:06:25.193+0800] {logging_mixin.py:190} INFO - [2025-04-26T02:06:25.193+0800] {dag.py:3239} INFO - Sync 1 DAGs
[2025-04-26T02:06:25.197+0800] {logging_mixin.py:190} INFO - [2025-04-26T02:06:25.197+0800] {dag.py:4180} INFO - Setting next_dagrun for example_params_trigger_ui to None, run_after=None
[2025-04-26T02:06:25.204+0800] {processor.py:208} INFO - Processing /Users/yueyaoz/Downloads/IS3107-FinSum/.airflow/lib/python3.10/site-packages/airflow/example_dags/example_params_trigger_ui.py took 0.082 seconds
[2025-04-26T02:08:01.308+0800] {processor.py:186} INFO - Started process (PID=53605) to work on /Users/yueyaoz/Downloads/IS3107-FinSum/.airflow/lib/python3.10/site-packages/airflow/example_dags/example_params_trigger_ui.py
[2025-04-26T02:08:01.309+0800] {processor.py:914} INFO - Processing file /Users/yueyaoz/Downloads/IS3107-FinSum/.airflow/lib/python3.10/site-packages/airflow/example_dags/example_params_trigger_ui.py for tasks to queue
[2025-04-26T02:08:01.310+0800] {logging_mixin.py:190} INFO - [2025-04-26T02:08:01.309+0800] {dagbag.py:588} INFO - Filling up the DagBag from /Users/yueyaoz/Downloads/IS3107-FinSum/.airflow/lib/python3.10/site-packages/airflow/example_dags/example_params_trigger_ui.py
[2025-04-26T02:08:01.326+0800] {processor.py:925} INFO - DAG(s) 'example_params_trigger_ui' retrieved from /Users/yueyaoz/Downloads/IS3107-FinSum/.airflow/lib/python3.10/site-packages/airflow/example_dags/example_params_trigger_ui.py
[2025-04-26T02:08:01.380+0800] {logging_mixin.py:190} INFO - [2025-04-26T02:08:01.380+0800] {dag.py:3239} INFO - Sync 1 DAGs
[2025-04-26T02:08:01.385+0800] {logging_mixin.py:190} INFO - [2025-04-26T02:08:01.385+0800] {dag.py:4180} INFO - Setting next_dagrun for example_params_trigger_ui to None, run_after=None
[2025-04-26T02:08:01.394+0800] {processor.py:208} INFO - Processing /Users/yueyaoz/Downloads/IS3107-FinSum/.airflow/lib/python3.10/site-packages/airflow/example_dags/example_params_trigger_ui.py took 0.087 seconds
[2025-04-26T02:52:17.984+0800] {processor.py:186} INFO - Started process (PID=53828) to work on /Users/yueyaoz/Downloads/IS3107-FinSum/.airflow/lib/python3.10/site-packages/airflow/example_dags/example_params_trigger_ui.py
[2025-04-26T02:52:17.986+0800] {processor.py:914} INFO - Processing file /Users/yueyaoz/Downloads/IS3107-FinSum/.airflow/lib/python3.10/site-packages/airflow/example_dags/example_params_trigger_ui.py for tasks to queue
[2025-04-26T02:52:17.986+0800] {logging_mixin.py:190} INFO - [2025-04-26T02:52:17.986+0800] {dagbag.py:588} INFO - Filling up the DagBag from /Users/yueyaoz/Downloads/IS3107-FinSum/.airflow/lib/python3.10/site-packages/airflow/example_dags/example_params_trigger_ui.py
[2025-04-26T02:52:18.002+0800] {processor.py:925} INFO - DAG(s) 'example_params_trigger_ui' retrieved from /Users/yueyaoz/Downloads/IS3107-FinSum/.airflow/lib/python3.10/site-packages/airflow/example_dags/example_params_trigger_ui.py
[2025-04-26T02:52:18.055+0800] {logging_mixin.py:190} INFO - [2025-04-26T02:52:18.055+0800] {dag.py:3239} INFO - Sync 1 DAGs
[2025-04-26T02:52:18.060+0800] {logging_mixin.py:190} INFO - [2025-04-26T02:52:18.060+0800] {dag.py:4180} INFO - Setting next_dagrun for example_params_trigger_ui to None, run_after=None
[2025-04-26T02:52:18.067+0800] {processor.py:208} INFO - Processing /Users/yueyaoz/Downloads/IS3107-FinSum/.airflow/lib/python3.10/site-packages/airflow/example_dags/example_params_trigger_ui.py took 0.085 seconds
[2025-04-26T02:54:00.888+0800] {processor.py:186} INFO - Started process (PID=53956) to work on /Users/yueyaoz/Downloads/IS3107-FinSum/.airflow/lib/python3.10/site-packages/airflow/example_dags/example_params_trigger_ui.py
[2025-04-26T02:54:00.889+0800] {processor.py:914} INFO - Processing file /Users/yueyaoz/Downloads/IS3107-FinSum/.airflow/lib/python3.10/site-packages/airflow/example_dags/example_params_trigger_ui.py for tasks to queue
[2025-04-26T02:54:00.889+0800] {logging_mixin.py:190} INFO - [2025-04-26T02:54:00.889+0800] {dagbag.py:588} INFO - Filling up the DagBag from /Users/yueyaoz/Downloads/IS3107-FinSum/.airflow/lib/python3.10/site-packages/airflow/example_dags/example_params_trigger_ui.py
[2025-04-26T02:54:00.906+0800] {processor.py:925} INFO - DAG(s) 'example_params_trigger_ui' retrieved from /Users/yueyaoz/Downloads/IS3107-FinSum/.airflow/lib/python3.10/site-packages/airflow/example_dags/example_params_trigger_ui.py
[2025-04-26T02:54:00.960+0800] {logging_mixin.py:190} INFO - [2025-04-26T02:54:00.960+0800] {dag.py:3239} INFO - Sync 1 DAGs
[2025-04-26T02:54:00.964+0800] {logging_mixin.py:190} INFO - [2025-04-26T02:54:00.964+0800] {dag.py:4180} INFO - Setting next_dagrun for example_params_trigger_ui to None, run_after=None
[2025-04-26T02:54:00.972+0800] {processor.py:208} INFO - Processing /Users/yueyaoz/Downloads/IS3107-FinSum/.airflow/lib/python3.10/site-packages/airflow/example_dags/example_params_trigger_ui.py took 0.085 seconds
