[2025-04-19T11:20:22.782+0800] {local_task_job_runner.py:123} INFO - ::group::Pre task execution logs
[2025-04-19T11:20:22.789+0800] {taskinstance.py:2614} INFO - Dependencies all met for dep_context=non-requeueable deps ti=<TaskInstance: reddit_yf_scraper.upload_yf_to_gcs manual__2025-04-19T03:19:36.494006+00:00 [queued]>
[2025-04-19T11:20:22.792+0800] {taskinstance.py:2614} INFO - Dependencies all met for dep_context=requeueable deps ti=<TaskInstance: reddit_yf_scraper.upload_yf_to_gcs manual__2025-04-19T03:19:36.494006+00:00 [queued]>
[2025-04-19T11:20:22.793+0800] {taskinstance.py:2867} INFO - Starting attempt 1 of 2
[2025-04-19T11:20:22.798+0800] {taskinstance.py:2890} INFO - Executing <Task(LocalFilesystemToGCSOperator): upload_yf_to_gcs> on 2025-04-19 03:19:36.494006+00:00
[2025-04-19T11:20:22.802+0800] {standard_task_runner.py:72} INFO - Started process 13977 to run task
[2025-04-19T11:20:22.806+0800] {standard_task_runner.py:104} INFO - Running: ['airflow', 'tasks', 'run', 'reddit_yf_scraper', 'upload_yf_to_gcs', 'manual__2025-04-19T03:19:36.494006+00:00', '--job-id', '645', '--raw', '--subdir', 'DAGS_FOLDER/dag.py', '--cfg-path', '/var/folders/2f/rw5w89ss6nl38qvq2cxrh29w0000gn/T/tmpynv32eaa']
[2025-04-19T11:20:22.807+0800] {standard_task_runner.py:105} INFO - Job 645: Subtask upload_yf_to_gcs
[2025-04-19T11:20:22.826+0800] {task_command.py:467} INFO - Running <TaskInstance: reddit_yf_scraper.upload_yf_to_gcs manual__2025-04-19T03:19:36.494006+00:00 [running]> on host yueyaos-macbook-pro.local
[2025-04-19T11:20:22.851+0800] {taskinstance.py:3134} INFO - Exporting env vars: AIRFLOW_CTX_DAG_OWNER='airflow' AIRFLOW_CTX_DAG_ID='reddit_yf_scraper' AIRFLOW_CTX_TASK_ID='upload_yf_to_gcs' AIRFLOW_CTX_EXECUTION_DATE='2025-04-19T03:19:36.494006+00:00' AIRFLOW_CTX_TRY_NUMBER='1' AIRFLOW_CTX_DAG_RUN_ID='manual__2025-04-19T03:19:36.494006+00:00'
[2025-04-19T11:20:22.852+0800] {logging_mixin.py:190} INFO - Task instance is in running state
[2025-04-19T11:20:22.852+0800] {logging_mixin.py:190} INFO -  Previous state of the Task instance: queued
[2025-04-19T11:20:22.852+0800] {logging_mixin.py:190} INFO - Current task name:upload_yf_to_gcs state:running start_date:2025-04-19 03:20:22.790043+00:00
[2025-04-19T11:20:22.852+0800] {logging_mixin.py:190} INFO - Dag name:reddit_yf_scraper and current dag run status:running
[2025-04-19T11:20:22.852+0800] {taskinstance.py:732} INFO - ::endgroup::
[2025-04-19T11:20:22.854+0800] {connection.py:277} WARNING - Connection schemes (type: google_cloud_platform) shall not contain '_' according to RFC3986.
[2025-04-19T11:20:22.857+0800] {base.py:84} INFO - Retrieving connection 'google_cloud_default'
[2025-04-19T11:20:23.420+0800] {gcs.py:579} INFO - File /Users/yueyaoz/Downloads/IS3107-FinSum/airflow/snp500-yf-test/AAPL_yf_20250419.csv uploaded to yf-test/AAPL_yf_20250419.csv in is3107_bucket bucket
[2025-04-19T11:20:23.421+0800] {hook.py:208} WARNING - Data lineage tracking is disabled. Register a hook lineage reader to start tracking hook lineage.
[2025-04-19T11:20:24.339+0800] {hook.py:208} WARNING - Data lineage tracking is disabled. Register a hook lineage reader to start tracking hook lineage.
[2025-04-19T11:20:24.341+0800] {gcs.py:579} INFO - File /Users/yueyaoz/Downloads/IS3107-FinSum/airflow/snp500-yf-test/AAPL_yf_20250418.csv uploaded to yf-test/AAPL_yf_20250418.csv in is3107_bucket bucket
[2025-04-19T11:20:24.342+0800] {hook.py:208} WARNING - Data lineage tracking is disabled. Register a hook lineage reader to start tracking hook lineage.
[2025-04-19T11:20:24.349+0800] {taskinstance.py:341} INFO - ::group::Post task execution logs
[2025-04-19T11:20:24.350+0800] {taskinstance.py:353} INFO - Marking task as SUCCESS. dag_id=reddit_yf_scraper, task_id=upload_yf_to_gcs, run_id=manual__2025-04-19T03:19:36.494006+00:00, execution_date=20250419T031936, start_date=20250419T032022, end_date=20250419T032024
[2025-04-19T11:20:24.361+0800] {logging_mixin.py:190} INFO - Task instance in success state
[2025-04-19T11:20:24.362+0800] {logging_mixin.py:190} INFO -  Previous state of the Task instance: running
[2025-04-19T11:20:24.362+0800] {logging_mixin.py:190} INFO - Dag name:reddit_yf_scraper queued_at:2025-04-19 03:19:36.505740+00:00
[2025-04-19T11:20:24.363+0800] {logging_mixin.py:190} INFO - Task hostname:yueyaos-macbook-pro.local operator:LocalFilesystemToGCSOperator
[2025-04-19T11:20:24.401+0800] {local_task_job_runner.py:266} INFO - Task exited with return code 0
[2025-04-19T11:20:24.419+0800] {taskinstance.py:3901} INFO - 1 downstream tasks scheduled from follow-on schedule check
[2025-04-19T11:20:24.420+0800] {local_task_job_runner.py:245} INFO - ::endgroup::
