[2025-04-19T16:44:56.770+0800] {local_task_job_runner.py:123} INFO - ::group::Pre task execution logs
[2025-04-19T16:44:56.776+0800] {taskinstance.py:2614} INFO - Dependencies all met for dep_context=non-requeueable deps ti=<TaskInstance: reddit_yf_scraper.store_into_summary_table manual__2025-04-19T05:23:16.481934+00:00 [queued]>
[2025-04-19T16:44:56.779+0800] {taskinstance.py:2614} INFO - Dependencies all met for dep_context=requeueable deps ti=<TaskInstance: reddit_yf_scraper.store_into_summary_table manual__2025-04-19T05:23:16.481934+00:00 [queued]>
[2025-04-19T16:44:56.779+0800] {taskinstance.py:2867} INFO - Starting attempt 1 of 2
[2025-04-19T16:44:56.784+0800] {taskinstance.py:2890} INFO - Executing <Task(_PythonDecoratedOperator): store_into_summary_table> on 2025-04-19 05:23:16.481934+00:00
[2025-04-19T16:44:56.789+0800] {standard_task_runner.py:72} INFO - Started process 29011 to run task
[2025-04-19T16:44:56.792+0800] {standard_task_runner.py:104} INFO - Running: ['airflow', 'tasks', 'run', 'reddit_yf_scraper', 'store_into_summary_table', 'manual__2025-04-19T05:23:16.481934+00:00', '--job-id', '742', '--raw', '--subdir', 'DAGS_FOLDER/dag.py', '--cfg-path', '/var/folders/2f/rw5w89ss6nl38qvq2cxrh29w0000gn/T/tmpov7snmef']
[2025-04-19T16:44:56.793+0800] {standard_task_runner.py:105} INFO - Job 742: Subtask store_into_summary_table
[2025-04-19T16:44:56.813+0800] {task_command.py:467} INFO - Running <TaskInstance: reddit_yf_scraper.store_into_summary_table manual__2025-04-19T05:23:16.481934+00:00 [running]> on host yueyaos-macbook-pro.local
[2025-04-19T16:44:56.838+0800] {taskinstance.py:3134} INFO - Exporting env vars: AIRFLOW_CTX_DAG_OWNER='airflow' AIRFLOW_CTX_DAG_ID='reddit_yf_scraper' AIRFLOW_CTX_TASK_ID='store_into_summary_table' AIRFLOW_CTX_EXECUTION_DATE='2025-04-19T05:23:16.481934+00:00' AIRFLOW_CTX_TRY_NUMBER='1' AIRFLOW_CTX_DAG_RUN_ID='manual__2025-04-19T05:23:16.481934+00:00'
[2025-04-19T16:44:56.839+0800] {logging_mixin.py:190} INFO - Task instance is in running state
[2025-04-19T16:44:56.839+0800] {logging_mixin.py:190} INFO -  Previous state of the Task instance: queued
[2025-04-19T16:44:56.839+0800] {logging_mixin.py:190} INFO - Current task name:store_into_summary_table state:running start_date:2025-04-19 08:44:56.776846+00:00
[2025-04-19T16:44:56.839+0800] {logging_mixin.py:190} INFO - Dag name:reddit_yf_scraper and current dag run status:running
[2025-04-19T16:44:56.840+0800] {taskinstance.py:732} INFO - ::endgroup::
[2025-04-19T16:45:01.744+0800] {logging_mixin.py:190} INFO - ✅ CSV successfully uploaded to BigQuery
[2025-04-19T16:45:01.746+0800] {python.py:240} INFO - Done. Returned value was: None
[2025-04-19T16:45:01.752+0800] {taskinstance.py:341} INFO - ::group::Post task execution logs
[2025-04-19T16:45:01.753+0800] {taskinstance.py:353} INFO - Marking task as SUCCESS. dag_id=reddit_yf_scraper, task_id=store_into_summary_table, run_id=manual__2025-04-19T05:23:16.481934+00:00, execution_date=20250419T052316, start_date=20250419T084456, end_date=20250419T084501
[2025-04-19T16:45:01.764+0800] {logging_mixin.py:190} INFO - Task instance in success state
[2025-04-19T16:45:01.765+0800] {logging_mixin.py:190} INFO -  Previous state of the Task instance: running
[2025-04-19T16:45:01.765+0800] {logging_mixin.py:190} INFO - Dag name:reddit_yf_scraper queued_at:2025-04-19 08:16:05.284558+00:00
[2025-04-19T16:45:01.765+0800] {logging_mixin.py:190} INFO - Task hostname:yueyaos-macbook-pro.local operator:_PythonDecoratedOperator
[2025-04-19T16:45:01.793+0800] {standard_task_runner.py:217} INFO - Process not found (most likely exited), stop collecting metrics
[2025-04-19T16:45:01.809+0800] {local_task_job_runner.py:266} INFO - Task exited with return code 0
[2025-04-19T16:45:01.819+0800] {taskinstance.py:3901} INFO - 1 downstream tasks scheduled from follow-on schedule check
[2025-04-19T16:45:01.820+0800] {local_task_job_runner.py:245} INFO - ::endgroup::
