[2025-04-22T20:07:12.199+0800] {local_task_job_runner.py:123} INFO - ::group::Pre task execution logs
[2025-04-22T20:07:12.206+0800] {taskinstance.py:2614} INFO - Dependencies all met for dep_context=non-requeueable deps ti=<TaskInstance: reddit_yf_scraper.store_into_summary_table scheduled__2025-04-20T19:00:00+00:00 [queued]>
[2025-04-22T20:07:12.210+0800] {taskinstance.py:2614} INFO - Dependencies all met for dep_context=requeueable deps ti=<TaskInstance: reddit_yf_scraper.store_into_summary_table scheduled__2025-04-20T19:00:00+00:00 [queued]>
[2025-04-22T20:07:12.210+0800] {taskinstance.py:2867} INFO - Starting attempt 1 of 2
[2025-04-22T20:07:12.215+0800] {taskinstance.py:2890} INFO - Executing <Task(_PythonDecoratedOperator): store_into_summary_table> on 2025-04-20 19:00:00+00:00
[2025-04-22T20:07:12.220+0800] {standard_task_runner.py:72} INFO - Started process 15930 to run task
[2025-04-22T20:07:12.224+0800] {standard_task_runner.py:104} INFO - Running: ['airflow', 'tasks', 'run', 'reddit_yf_scraper', 'store_into_summary_table', 'scheduled__2025-04-20T19:00:00+00:00', '--job-id', '885', '--raw', '--subdir', 'DAGS_FOLDER/dag.py', '--cfg-path', '/var/folders/2f/rw5w89ss6nl38qvq2cxrh29w0000gn/T/tmpabc7r_iu']
[2025-04-22T20:07:12.226+0800] {standard_task_runner.py:105} INFO - Job 885: Subtask store_into_summary_table
[2025-04-22T20:07:12.250+0800] {task_command.py:467} INFO - Running <TaskInstance: reddit_yf_scraper.store_into_summary_table scheduled__2025-04-20T19:00:00+00:00 [running]> on host yueyaos-macbook-pro.local
[2025-04-22T20:07:12.275+0800] {taskinstance.py:3134} INFO - Exporting env vars: AIRFLOW_CTX_DAG_OWNER='airflow' AIRFLOW_CTX_DAG_ID='reddit_yf_scraper' AIRFLOW_CTX_TASK_ID='store_into_summary_table' AIRFLOW_CTX_EXECUTION_DATE='2025-04-20T19:00:00+00:00' AIRFLOW_CTX_TRY_NUMBER='1' AIRFLOW_CTX_DAG_RUN_ID='scheduled__2025-04-20T19:00:00+00:00'
[2025-04-22T20:07:12.276+0800] {logging_mixin.py:190} INFO - Task instance is in running state
[2025-04-22T20:07:12.276+0800] {logging_mixin.py:190} INFO -  Previous state of the Task instance: queued
[2025-04-22T20:07:12.276+0800] {logging_mixin.py:190} INFO - Current task name:store_into_summary_table state:running start_date:2025-04-22 12:07:12.207161+00:00
[2025-04-22T20:07:12.277+0800] {logging_mixin.py:190} INFO - Dag name:reddit_yf_scraper and current dag run status:running
[2025-04-22T20:07:12.277+0800] {taskinstance.py:732} INFO - ::endgroup::
[2025-04-22T20:07:17.063+0800] {logging_mixin.py:190} INFO - ✅ CSV successfully uploaded to BigQuery
[2025-04-22T20:07:17.064+0800] {python.py:240} INFO - Done. Returned value was: None
[2025-04-22T20:07:17.072+0800] {taskinstance.py:341} INFO - ::group::Post task execution logs
[2025-04-22T20:07:17.073+0800] {taskinstance.py:353} INFO - Marking task as SUCCESS. dag_id=reddit_yf_scraper, task_id=store_into_summary_table, run_id=scheduled__2025-04-20T19:00:00+00:00, execution_date=20250420T190000, start_date=20250422T120712, end_date=20250422T120717
[2025-04-22T20:07:17.082+0800] {logging_mixin.py:190} INFO - Task instance in success state
[2025-04-22T20:07:17.082+0800] {logging_mixin.py:190} INFO -  Previous state of the Task instance: running
[2025-04-22T20:07:17.082+0800] {logging_mixin.py:190} INFO - Dag name:reddit_yf_scraper queued_at:2025-04-22 11:23:57.885261+00:00
[2025-04-22T20:07:17.082+0800] {logging_mixin.py:190} INFO - Task hostname:yueyaos-macbook-pro.local operator:_PythonDecoratedOperator
[2025-04-22T20:07:17.089+0800] {local_task_job_runner.py:266} INFO - Task exited with return code 0
[2025-04-22T20:07:17.102+0800] {taskinstance.py:3901} INFO - 1 downstream tasks scheduled from follow-on schedule check
[2025-04-22T20:07:17.103+0800] {local_task_job_runner.py:245} INFO - ::endgroup::
