[2025-04-02T11:26:25.047+0800] {local_task_job_runner.py:123} INFO - ::group::Pre task execution logs
[2025-04-02T11:26:25.055+0800] {taskinstance.py:2614} INFO - Dependencies all met for dep_context=non-requeueable deps ti=<TaskInstance: reddit_yf_scraper.upload_yf_to_gcs scheduled__2025-03-31T16:00:00+00:00 [queued]>
[2025-04-02T11:26:25.058+0800] {taskinstance.py:2614} INFO - Dependencies all met for dep_context=requeueable deps ti=<TaskInstance: reddit_yf_scraper.upload_yf_to_gcs scheduled__2025-03-31T16:00:00+00:00 [queued]>
[2025-04-02T11:26:25.058+0800] {taskinstance.py:2867} INFO - Starting attempt 1 of 2
[2025-04-02T11:26:25.064+0800] {taskinstance.py:2890} INFO - Executing <Task(LocalFilesystemToGCSOperator): upload_yf_to_gcs> on 2025-03-31 16:00:00+00:00
[2025-04-02T11:26:25.066+0800] {standard_task_runner.py:72} INFO - Started process 20052 to run task
[2025-04-02T11:26:25.069+0800] {standard_task_runner.py:104} INFO - Running: ['airflow', 'tasks', 'run', 'reddit_yf_scraper', 'upload_yf_to_gcs', 'scheduled__2025-03-31T16:00:00+00:00', '--job-id', '161', '--raw', '--subdir', 'DAGS_FOLDER/dag.py', '--cfg-path', '/var/folders/xg/h9xj0trn3dxds251bj2q6hf80000gn/T/tmpikn505dh']
[2025-04-02T11:26:25.070+0800] {standard_task_runner.py:105} INFO - Job 161: Subtask upload_yf_to_gcs
[2025-04-02T11:26:25.096+0800] {task_command.py:467} INFO - Running <TaskInstance: reddit_yf_scraper.upload_yf_to_gcs scheduled__2025-03-31T16:00:00+00:00 [running]> on host ervins-macbook-air-2.local
[2025-04-02T11:26:25.126+0800] {taskinstance.py:3134} INFO - Exporting env vars: AIRFLOW_CTX_DAG_OWNER='airflow' AIRFLOW_CTX_DAG_ID='reddit_yf_scraper' AIRFLOW_CTX_TASK_ID='upload_yf_to_gcs' AIRFLOW_CTX_EXECUTION_DATE='2025-03-31T16:00:00+00:00' AIRFLOW_CTX_TRY_NUMBER='1' AIRFLOW_CTX_DAG_RUN_ID='scheduled__2025-03-31T16:00:00+00:00'
[2025-04-02T11:26:25.127+0800] {logging_mixin.py:190} INFO - Task instance is in running state
[2025-04-02T11:26:25.127+0800] {logging_mixin.py:190} INFO -  Previous state of the Task instance: queued
[2025-04-02T11:26:25.128+0800] {logging_mixin.py:190} INFO - Current task name:upload_yf_to_gcs state:running start_date:2025-04-02 03:26:25.055210+00:00
[2025-04-02T11:26:25.128+0800] {logging_mixin.py:190} INFO - Dag name:reddit_yf_scraper and current dag run status:running
[2025-04-02T11:26:25.128+0800] {taskinstance.py:732} INFO - ::endgroup::
[2025-04-02T11:26:25.132+0800] {connection.py:277} WARNING - Connection schemes (type: google_cloud_platform) shall not contain '_' according to RFC3986.
[2025-04-02T11:26:25.133+0800] {base.py:84} INFO - Retrieving connection 'google_cloud_default'
[2025-04-02T11:26:25.735+0800] {gcs.py:579} INFO - File /Users/ervinyeoh/Desktop/unimods/is3107/project/airflow/snp500-yf/HII_yf_20250323.csv uploaded to yf-test/HII_yf_20250323.csv in my-data-is3107 bucket
[2025-04-02T11:26:25.736+0800] {hook.py:208} WARNING - Data lineage tracking is disabled. Register a hook lineage reader to start tracking hook lineage.
[2025-04-02T11:26:26.861+0800] {hook.py:208} WARNING - Data lineage tracking is disabled. Register a hook lineage reader to start tracking hook lineage.
[2025-04-02T11:26:26.863+0800] {gcs.py:579} INFO - File /Users/ervinyeoh/Desktop/unimods/is3107/project/airflow/snp500-yf/TGT_yf_20250323.csv uploaded to yf-test/TGT_yf_20250323.csv in my-data-is3107 bucket
[2025-04-02T11:26:26.863+0800] {hook.py:208} WARNING - Data lineage tracking is disabled. Register a hook lineage reader to start tracking hook lineage.
[2025-04-02T11:26:27.181+0800] {hook.py:208} WARNING - Data lineage tracking is disabled. Register a hook lineage reader to start tracking hook lineage.
[2025-04-02T11:26:27.182+0800] {gcs.py:579} INFO - File /Users/ervinyeoh/Desktop/unimods/is3107/project/airflow/snp500-yf/NEM_yf_20250323.csv uploaded to yf-test/NEM_yf_20250323.csv in my-data-is3107 bucket
[2025-04-02T11:26:27.183+0800] {hook.py:208} WARNING - Data lineage tracking is disabled. Register a hook lineage reader to start tracking hook lineage.
[2025-04-02T11:26:28.294+0800] {hook.py:208} WARNING - Data lineage tracking is disabled. Register a hook lineage reader to start tracking hook lineage.
[2025-04-02T11:26:28.296+0800] {gcs.py:579} INFO - File /Users/ervinyeoh/Desktop/unimods/is3107/project/airflow/snp500-yf/WBA_yf_20250323.csv uploaded to yf-test/WBA_yf_20250323.csv in my-data-is3107 bucket
[2025-04-02T11:26:28.297+0800] {hook.py:208} WARNING - Data lineage tracking is disabled. Register a hook lineage reader to start tracking hook lineage.
[2025-04-02T11:26:28.704+0800] {hook.py:208} WARNING - Data lineage tracking is disabled. Register a hook lineage reader to start tracking hook lineage.
[2025-04-02T11:26:28.705+0800] {gcs.py:579} INFO - File /Users/ervinyeoh/Desktop/unimods/is3107/project/airflow/snp500-yf/AMD_yf_20250323.csv uploaded to yf-test/AMD_yf_20250323.csv in my-data-is3107 bucket
[2025-04-02T11:26:28.706+0800] {hook.py:208} WARNING - Data lineage tracking is disabled. Register a hook lineage reader to start tracking hook lineage.
[2025-04-02T11:26:29.727+0800] {hook.py:208} WARNING - Data lineage tracking is disabled. Register a hook lineage reader to start tracking hook lineage.
[2025-04-02T11:26:29.728+0800] {gcs.py:579} INFO - File /Users/ervinyeoh/Desktop/unimods/is3107/project/airflow/snp500-yf/AMZN_yf_20250402.csv uploaded to yf-test/AMZN_yf_20250402.csv in my-data-is3107 bucket
[2025-04-02T11:26:29.729+0800] {hook.py:208} WARNING - Data lineage tracking is disabled. Register a hook lineage reader to start tracking hook lineage.
[2025-04-02T11:26:30.085+0800] {hook.py:208} WARNING - Data lineage tracking is disabled. Register a hook lineage reader to start tracking hook lineage.
[2025-04-02T11:26:30.086+0800] {gcs.py:579} INFO - File /Users/ervinyeoh/Desktop/unimods/is3107/project/airflow/snp500-yf/MSFT_yf_20250402.csv uploaded to yf-test/MSFT_yf_20250402.csv in my-data-is3107 bucket
[2025-04-02T11:26:30.087+0800] {hook.py:208} WARNING - Data lineage tracking is disabled. Register a hook lineage reader to start tracking hook lineage.
[2025-04-02T11:26:31.160+0800] {hook.py:208} WARNING - Data lineage tracking is disabled. Register a hook lineage reader to start tracking hook lineage.
[2025-04-02T11:26:31.160+0800] {gcs.py:579} INFO - File /Users/ervinyeoh/Desktop/unimods/is3107/project/airflow/snp500-yf/NVDA_yf_20250323.csv uploaded to yf-test/NVDA_yf_20250323.csv in my-data-is3107 bucket
[2025-04-02T11:26:31.161+0800] {hook.py:208} WARNING - Data lineage tracking is disabled. Register a hook lineage reader to start tracking hook lineage.
[2025-04-02T11:26:31.570+0800] {hook.py:208} WARNING - Data lineage tracking is disabled. Register a hook lineage reader to start tracking hook lineage.
[2025-04-02T11:26:31.572+0800] {gcs.py:579} INFO - File /Users/ervinyeoh/Desktop/unimods/is3107/project/airflow/snp500-yf/CVX_yf_20250323.csv uploaded to yf-test/CVX_yf_20250323.csv in my-data-is3107 bucket
[2025-04-02T11:26:31.573+0800] {hook.py:208} WARNING - Data lineage tracking is disabled. Register a hook lineage reader to start tracking hook lineage.
[2025-04-02T11:26:32.594+0800] {hook.py:208} WARNING - Data lineage tracking is disabled. Register a hook lineage reader to start tracking hook lineage.
[2025-04-02T11:26:32.595+0800] {gcs.py:579} INFO - File /Users/ervinyeoh/Desktop/unimods/is3107/project/airflow/snp500-yf/PEP_yf_20250323.csv uploaded to yf-test/PEP_yf_20250323.csv in my-data-is3107 bucket
[2025-04-02T11:26:32.595+0800] {hook.py:208} WARNING - Data lineage tracking is disabled. Register a hook lineage reader to start tracking hook lineage.
[2025-04-02T11:26:33.004+0800] {hook.py:208} WARNING - Data lineage tracking is disabled. Register a hook lineage reader to start tracking hook lineage.
[2025-04-02T11:26:33.005+0800] {gcs.py:579} INFO - File /Users/ervinyeoh/Desktop/unimods/is3107/project/airflow/snp500-yf/AXP_yf_20250323.csv uploaded to yf-test/AXP_yf_20250323.csv in my-data-is3107 bucket
[2025-04-02T11:26:33.005+0800] {hook.py:208} WARNING - Data lineage tracking is disabled. Register a hook lineage reader to start tracking hook lineage.
[2025-04-02T11:26:34.029+0800] {hook.py:208} WARNING - Data lineage tracking is disabled. Register a hook lineage reader to start tracking hook lineage.
[2025-04-02T11:26:34.030+0800] {gcs.py:579} INFO - File /Users/ervinyeoh/Desktop/unimods/is3107/project/airflow/snp500-yf/WMT_yf_20250323.csv uploaded to yf-test/WMT_yf_20250323.csv in my-data-is3107 bucket
[2025-04-02T11:26:34.031+0800] {hook.py:208} WARNING - Data lineage tracking is disabled. Register a hook lineage reader to start tracking hook lineage.
[2025-04-02T11:26:34.540+0800] {hook.py:208} WARNING - Data lineage tracking is disabled. Register a hook lineage reader to start tracking hook lineage.
[2025-04-02T11:26:34.541+0800] {gcs.py:579} INFO - File /Users/ervinyeoh/Desktop/unimods/is3107/project/airflow/snp500-yf/INTC_yf_20250323.csv uploaded to yf-test/INTC_yf_20250323.csv in my-data-is3107 bucket
[2025-04-02T11:26:34.542+0800] {hook.py:208} WARNING - Data lineage tracking is disabled. Register a hook lineage reader to start tracking hook lineage.
[2025-04-02T11:26:35.463+0800] {hook.py:208} WARNING - Data lineage tracking is disabled. Register a hook lineage reader to start tracking hook lineage.
[2025-04-02T11:26:35.464+0800] {gcs.py:579} INFO - File /Users/ervinyeoh/Desktop/unimods/is3107/project/airflow/snp500-yf/UBER_yf_20250323.csv uploaded to yf-test/UBER_yf_20250323.csv in my-data-is3107 bucket
[2025-04-02T11:26:35.465+0800] {hook.py:208} WARNING - Data lineage tracking is disabled. Register a hook lineage reader to start tracking hook lineage.
[2025-04-02T11:26:35.973+0800] {hook.py:208} WARNING - Data lineage tracking is disabled. Register a hook lineage reader to start tracking hook lineage.
[2025-04-02T11:26:35.974+0800] {gcs.py:579} INFO - File /Users/ervinyeoh/Desktop/unimods/is3107/project/airflow/snp500-yf/GOOGL_yf_20250323.csv uploaded to yf-test/GOOGL_yf_20250323.csv in my-data-is3107 bucket
[2025-04-02T11:26:35.974+0800] {hook.py:208} WARNING - Data lineage tracking is disabled. Register a hook lineage reader to start tracking hook lineage.
[2025-04-02T11:26:36.856+0800] {hook.py:208} WARNING - Data lineage tracking is disabled. Register a hook lineage reader to start tracking hook lineage.
[2025-04-02T11:26:36.857+0800] {gcs.py:579} INFO - File /Users/ervinyeoh/Desktop/unimods/is3107/project/airflow/snp500-yf/AAPL_yf_20250402.csv uploaded to yf-test/AAPL_yf_20250402.csv in my-data-is3107 bucket
[2025-04-02T11:26:36.858+0800] {hook.py:208} WARNING - Data lineage tracking is disabled. Register a hook lineage reader to start tracking hook lineage.
[2025-04-02T11:26:37.409+0800] {hook.py:208} WARNING - Data lineage tracking is disabled. Register a hook lineage reader to start tracking hook lineage.
[2025-04-02T11:26:37.410+0800] {gcs.py:579} INFO - File /Users/ervinyeoh/Desktop/unimods/is3107/project/airflow/snp500-yf/MRNA_yf_20250323.csv uploaded to yf-test/MRNA_yf_20250323.csv in my-data-is3107 bucket
[2025-04-02T11:26:37.411+0800] {hook.py:208} WARNING - Data lineage tracking is disabled. Register a hook lineage reader to start tracking hook lineage.
[2025-04-02T11:26:38.329+0800] {hook.py:208} WARNING - Data lineage tracking is disabled. Register a hook lineage reader to start tracking hook lineage.
[2025-04-02T11:26:38.331+0800] {gcs.py:579} INFO - File /Users/ervinyeoh/Desktop/unimods/is3107/project/airflow/snp500-yf/FDX_yf_20250323.csv uploaded to yf-test/FDX_yf_20250323.csv in my-data-is3107 bucket
[2025-04-02T11:26:38.331+0800] {hook.py:208} WARNING - Data lineage tracking is disabled. Register a hook lineage reader to start tracking hook lineage.
[2025-04-02T11:26:38.844+0800] {hook.py:208} WARNING - Data lineage tracking is disabled. Register a hook lineage reader to start tracking hook lineage.
[2025-04-02T11:26:38.846+0800] {gcs.py:579} INFO - File /Users/ervinyeoh/Desktop/unimods/is3107/project/airflow/snp500-yf/XOM_yf_20250323.csv uploaded to yf-test/XOM_yf_20250323.csv in my-data-is3107 bucket
[2025-04-02T11:26:38.847+0800] {hook.py:208} WARNING - Data lineage tracking is disabled. Register a hook lineage reader to start tracking hook lineage.
[2025-04-02T11:26:39.713+0800] {hook.py:208} WARNING - Data lineage tracking is disabled. Register a hook lineage reader to start tracking hook lineage.
[2025-04-02T11:26:39.714+0800] {gcs.py:579} INFO - File /Users/ervinyeoh/Desktop/unimods/is3107/project/airflow/snp500-yf/MSFT_yf_20250323.csv uploaded to yf-test/MSFT_yf_20250323.csv in my-data-is3107 bucket
[2025-04-02T11:26:39.715+0800] {hook.py:208} WARNING - Data lineage tracking is disabled. Register a hook lineage reader to start tracking hook lineage.
[2025-04-02T11:26:40.342+0800] {hook.py:208} WARNING - Data lineage tracking is disabled. Register a hook lineage reader to start tracking hook lineage.
[2025-04-02T11:26:40.343+0800] {gcs.py:579} INFO - File /Users/ervinyeoh/Desktop/unimods/is3107/project/airflow/snp500-yf/GOOG_yf_20250323.csv uploaded to yf-test/GOOG_yf_20250323.csv in my-data-is3107 bucket
[2025-04-02T11:26:40.344+0800] {hook.py:208} WARNING - Data lineage tracking is disabled. Register a hook lineage reader to start tracking hook lineage.
[2025-04-02T11:26:41.196+0800] {hook.py:208} WARNING - Data lineage tracking is disabled. Register a hook lineage reader to start tracking hook lineage.
[2025-04-02T11:26:41.197+0800] {gcs.py:579} INFO - File /Users/ervinyeoh/Desktop/unimods/is3107/project/airflow/snp500-yf/NVDA_yf_20250402.csv uploaded to yf-test/NVDA_yf_20250402.csv in my-data-is3107 bucket
[2025-04-02T11:26:41.198+0800] {hook.py:208} WARNING - Data lineage tracking is disabled. Register a hook lineage reader to start tracking hook lineage.
[2025-04-02T11:26:41.812+0800] {hook.py:208} WARNING - Data lineage tracking is disabled. Register a hook lineage reader to start tracking hook lineage.
[2025-04-02T11:26:41.813+0800] {gcs.py:579} INFO - File /Users/ervinyeoh/Desktop/unimods/is3107/project/airflow/snp500-yf/AMZN_yf_20250323.csv uploaded to yf-test/AMZN_yf_20250323.csv in my-data-is3107 bucket
[2025-04-02T11:26:41.814+0800] {hook.py:208} WARNING - Data lineage tracking is disabled. Register a hook lineage reader to start tracking hook lineage.
[2025-04-02T11:26:42.551+0800] {hook.py:208} WARNING - Data lineage tracking is disabled. Register a hook lineage reader to start tracking hook lineage.
[2025-04-02T11:26:42.552+0800] {gcs.py:579} INFO - File /Users/ervinyeoh/Desktop/unimods/is3107/project/airflow/snp500-yf/IBM_yf_20250323.csv uploaded to yf-test/IBM_yf_20250323.csv in my-data-is3107 bucket
[2025-04-02T11:26:42.552+0800] {hook.py:208} WARNING - Data lineage tracking is disabled. Register a hook lineage reader to start tracking hook lineage.
[2025-04-02T11:26:43.245+0800] {hook.py:208} WARNING - Data lineage tracking is disabled. Register a hook lineage reader to start tracking hook lineage.
[2025-04-02T11:26:43.247+0800] {gcs.py:579} INFO - File /Users/ervinyeoh/Desktop/unimods/is3107/project/airflow/snp500-yf/MNST_yf_20250323.csv uploaded to yf-test/MNST_yf_20250323.csv in my-data-is3107 bucket
[2025-04-02T11:26:43.248+0800] {hook.py:208} WARNING - Data lineage tracking is disabled. Register a hook lineage reader to start tracking hook lineage.
[2025-04-02T11:26:43.965+0800] {hook.py:208} WARNING - Data lineage tracking is disabled. Register a hook lineage reader to start tracking hook lineage.
[2025-04-02T11:26:43.967+0800] {gcs.py:579} INFO - File /Users/ervinyeoh/Desktop/unimods/is3107/project/airflow/snp500-yf/BAC_yf_20250323.csv uploaded to yf-test/BAC_yf_20250323.csv in my-data-is3107 bucket
[2025-04-02T11:26:43.968+0800] {hook.py:208} WARNING - Data lineage tracking is disabled. Register a hook lineage reader to start tracking hook lineage.
[2025-04-02T11:26:44.680+0800] {hook.py:208} WARNING - Data lineage tracking is disabled. Register a hook lineage reader to start tracking hook lineage.
[2025-04-02T11:26:44.681+0800] {gcs.py:579} INFO - File /Users/ervinyeoh/Desktop/unimods/is3107/project/airflow/snp500-yf/ULTA_yf_20250323.csv uploaded to yf-test/ULTA_yf_20250323.csv in my-data-is3107 bucket
[2025-04-02T11:26:44.682+0800] {hook.py:208} WARNING - Data lineage tracking is disabled. Register a hook lineage reader to start tracking hook lineage.
[2025-04-02T11:26:45.354+0800] {hook.py:208} WARNING - Data lineage tracking is disabled. Register a hook lineage reader to start tracking hook lineage.
[2025-04-02T11:26:45.355+0800] {gcs.py:579} INFO - File /Users/ervinyeoh/Desktop/unimods/is3107/project/airflow/snp500-yf/AAPL_yf_20250323.csv uploaded to yf-test/AAPL_yf_20250323.csv in my-data-is3107 bucket
[2025-04-02T11:26:45.356+0800] {hook.py:208} WARNING - Data lineage tracking is disabled. Register a hook lineage reader to start tracking hook lineage.
[2025-04-02T11:26:46.037+0800] {hook.py:208} WARNING - Data lineage tracking is disabled. Register a hook lineage reader to start tracking hook lineage.
[2025-04-02T11:26:46.039+0800] {gcs.py:579} INFO - File /Users/ervinyeoh/Desktop/unimods/is3107/project/airflow/snp500-yf/DG_yf_20250323.csv uploaded to yf-test/DG_yf_20250323.csv in my-data-is3107 bucket
[2025-04-02T11:26:46.039+0800] {hook.py:208} WARNING - Data lineage tracking is disabled. Register a hook lineage reader to start tracking hook lineage.
[2025-04-02T11:26:46.736+0800] {hook.py:208} WARNING - Data lineage tracking is disabled. Register a hook lineage reader to start tracking hook lineage.
[2025-04-02T11:26:46.738+0800] {gcs.py:579} INFO - File /Users/ervinyeoh/Desktop/unimods/is3107/project/airflow/snp500-yf/PLTR_yf_20250323.csv uploaded to yf-test/PLTR_yf_20250323.csv in my-data-is3107 bucket
[2025-04-02T11:26:46.739+0800] {hook.py:208} WARNING - Data lineage tracking is disabled. Register a hook lineage reader to start tracking hook lineage.
[2025-04-02T11:26:47.444+0800] {hook.py:208} WARNING - Data lineage tracking is disabled. Register a hook lineage reader to start tracking hook lineage.
[2025-04-02T11:26:47.445+0800] {gcs.py:579} INFO - File /Users/ervinyeoh/Desktop/unimods/is3107/project/airflow/snp500-yf/PYPL_yf_20250323.csv uploaded to yf-test/PYPL_yf_20250323.csv in my-data-is3107 bucket
[2025-04-02T11:26:47.446+0800] {hook.py:208} WARNING - Data lineage tracking is disabled. Register a hook lineage reader to start tracking hook lineage.
[2025-04-02T11:26:48.133+0800] {hook.py:208} WARNING - Data lineage tracking is disabled. Register a hook lineage reader to start tracking hook lineage.
[2025-04-02T11:26:48.135+0800] {gcs.py:579} INFO - File /Users/ervinyeoh/Desktop/unimods/is3107/project/airflow/snp500-yf/DAL_yf_20250323.csv uploaded to yf-test/DAL_yf_20250323.csv in my-data-is3107 bucket
[2025-04-02T11:26:48.135+0800] {hook.py:208} WARNING - Data lineage tracking is disabled. Register a hook lineage reader to start tracking hook lineage.
[2025-04-02T11:26:48.877+0800] {hook.py:208} WARNING - Data lineage tracking is disabled. Register a hook lineage reader to start tracking hook lineage.
[2025-04-02T11:26:48.878+0800] {gcs.py:579} INFO - File /Users/ervinyeoh/Desktop/unimods/is3107/project/airflow/snp500-yf/PG_yf_20250323.csv uploaded to yf-test/PG_yf_20250323.csv in my-data-is3107 bucket
[2025-04-02T11:26:48.879+0800] {hook.py:208} WARNING - Data lineage tracking is disabled. Register a hook lineage reader to start tracking hook lineage.
[2025-04-02T11:26:49.505+0800] {hook.py:208} WARNING - Data lineage tracking is disabled. Register a hook lineage reader to start tracking hook lineage.
[2025-04-02T11:26:49.507+0800] {gcs.py:579} INFO - File /Users/ervinyeoh/Desktop/unimods/is3107/project/airflow/snp500-yf/HES_yf_20250323.csv uploaded to yf-test/HES_yf_20250323.csv in my-data-is3107 bucket
[2025-04-02T11:26:49.507+0800] {hook.py:208} WARNING - Data lineage tracking is disabled. Register a hook lineage reader to start tracking hook lineage.
[2025-04-02T11:26:50.275+0800] {hook.py:208} WARNING - Data lineage tracking is disabled. Register a hook lineage reader to start tracking hook lineage.
[2025-04-02T11:26:50.276+0800] {gcs.py:579} INFO - File /Users/ervinyeoh/Desktop/unimods/is3107/project/airflow/snp500-yf/META_yf_20250323.csv uploaded to yf-test/META_yf_20250323.csv in my-data-is3107 bucket
[2025-04-02T11:26:50.277+0800] {hook.py:208} WARNING - Data lineage tracking is disabled. Register a hook lineage reader to start tracking hook lineage.
[2025-04-02T11:26:50.881+0800] {hook.py:208} WARNING - Data lineage tracking is disabled. Register a hook lineage reader to start tracking hook lineage.
[2025-04-02T11:26:50.883+0800] {gcs.py:579} INFO - File /Users/ervinyeoh/Desktop/unimods/is3107/project/airflow/snp500-yf/GOOGL_yf_20250402.csv uploaded to yf-test/GOOGL_yf_20250402.csv in my-data-is3107 bucket
[2025-04-02T11:26:50.883+0800] {hook.py:208} WARNING - Data lineage tracking is disabled. Register a hook lineage reader to start tracking hook lineage.
[2025-04-02T11:26:51.845+0800] {hook.py:208} WARNING - Data lineage tracking is disabled. Register a hook lineage reader to start tracking hook lineage.
[2025-04-02T11:26:51.846+0800] {gcs.py:579} INFO - File /Users/ervinyeoh/Desktop/unimods/is3107/project/airflow/snp500-yf/PFE_yf_20250323.csv uploaded to yf-test/PFE_yf_20250323.csv in my-data-is3107 bucket
[2025-04-02T11:26:51.847+0800] {hook.py:208} WARNING - Data lineage tracking is disabled. Register a hook lineage reader to start tracking hook lineage.
[2025-04-02T11:26:52.359+0800] {hook.py:208} WARNING - Data lineage tracking is disabled. Register a hook lineage reader to start tracking hook lineage.
[2025-04-02T11:26:52.360+0800] {gcs.py:579} INFO - File /Users/ervinyeoh/Desktop/unimods/is3107/project/airflow/snp500-yf/NFLX_yf_20250323.csv uploaded to yf-test/NFLX_yf_20250323.csv in my-data-is3107 bucket
[2025-04-02T11:26:52.361+0800] {hook.py:208} WARNING - Data lineage tracking is disabled. Register a hook lineage reader to start tracking hook lineage.
[2025-04-02T11:26:53.226+0800] {hook.py:208} WARNING - Data lineage tracking is disabled. Register a hook lineage reader to start tracking hook lineage.
[2025-04-02T11:26:53.228+0800] {gcs.py:579} INFO - File /Users/ervinyeoh/Desktop/unimods/is3107/project/airflow/snp500-yf/TSLA_yf_20250323.csv uploaded to yf-test/TSLA_yf_20250323.csv in my-data-is3107 bucket
[2025-04-02T11:26:53.228+0800] {hook.py:208} WARNING - Data lineage tracking is disabled. Register a hook lineage reader to start tracking hook lineage.
[2025-04-02T11:26:53.244+0800] {taskinstance.py:341} INFO - ::group::Post task execution logs
[2025-04-02T11:26:53.245+0800] {taskinstance.py:353} INFO - Marking task as SUCCESS. dag_id=reddit_yf_scraper, task_id=upload_yf_to_gcs, run_id=scheduled__2025-03-31T16:00:00+00:00, execution_date=20250331T160000, start_date=20250402T032625, end_date=20250402T032653
[2025-04-02T11:26:53.259+0800] {logging_mixin.py:190} INFO - Task instance in success state
[2025-04-02T11:26:53.260+0800] {logging_mixin.py:190} INFO -  Previous state of the Task instance: running
[2025-04-02T11:26:53.260+0800] {logging_mixin.py:190} INFO - Dag name:reddit_yf_scraper queued_at:2025-04-02 03:23:33.127142+00:00
[2025-04-02T11:26:53.261+0800] {logging_mixin.py:190} INFO - Task hostname:ervins-macbook-air-2.local operator:LocalFilesystemToGCSOperator
[2025-04-02T11:26:53.272+0800] {local_task_job_runner.py:266} INFO - Task exited with return code 0
[2025-04-02T11:26:53.291+0800] {taskinstance.py:3901} INFO - 1 downstream tasks scheduled from follow-on schedule check
[2025-04-02T11:26:53.293+0800] {local_task_job_runner.py:245} INFO - ::endgroup::
