[2025-04-20T08:07:46.852+0800] {processor.py:186} INFO - Started process (PID=56237) to work on /Users/yueyaoz/Downloads/IS3107-FinSum/.airflow/lib/python3.10/site-packages/airflow/example_dags/example_branch_operator.py
[2025-04-20T08:07:46.852+0800] {processor.py:914} INFO - Processing file /Users/yueyaoz/Downloads/IS3107-FinSum/.airflow/lib/python3.10/site-packages/airflow/example_dags/example_branch_operator.py for tasks to queue
[2025-04-20T08:07:46.852+0800] {logging_mixin.py:190} INFO - [2025-04-20T08:07:46.852+0800] {dagbag.py:588} INFO - Filling up the DagBag from /Users/yueyaoz/Downloads/IS3107-FinSum/.airflow/lib/python3.10/site-packages/airflow/example_dags/example_branch_operator.py
[2025-04-20T08:07:46.861+0800] {processor.py:927} WARNING - No viable dags retrieved from /Users/yueyaoz/Downloads/IS3107-FinSum/.airflow/lib/python3.10/site-packages/airflow/example_dags/example_branch_operator.py
[2025-04-20T08:07:46.899+0800] {processor.py:208} INFO - Processing /Users/yueyaoz/Downloads/IS3107-FinSum/.airflow/lib/python3.10/site-packages/airflow/example_dags/example_branch_operator.py took 0.049 seconds
[2025-04-20T08:10:17.480+0800] {processor.py:186} INFO - Started process (PID=56442) to work on /Users/yueyaoz/Downloads/IS3107-FinSum/.airflow/lib/python3.10/site-packages/airflow/example_dags/example_branch_operator.py
[2025-04-20T08:10:17.482+0800] {processor.py:914} INFO - Processing file /Users/yueyaoz/Downloads/IS3107-FinSum/.airflow/lib/python3.10/site-packages/airflow/example_dags/example_branch_operator.py for tasks to queue
[2025-04-20T08:10:17.482+0800] {logging_mixin.py:190} INFO - [2025-04-20T08:10:17.482+0800] {dagbag.py:588} INFO - Filling up the DagBag from /Users/yueyaoz/Downloads/IS3107-FinSum/.airflow/lib/python3.10/site-packages/airflow/example_dags/example_branch_operator.py
[2025-04-20T08:10:17.491+0800] {processor.py:927} WARNING - No viable dags retrieved from /Users/yueyaoz/Downloads/IS3107-FinSum/.airflow/lib/python3.10/site-packages/airflow/example_dags/example_branch_operator.py
[2025-04-20T08:10:17.529+0800] {processor.py:208} INFO - Processing /Users/yueyaoz/Downloads/IS3107-FinSum/.airflow/lib/python3.10/site-packages/airflow/example_dags/example_branch_operator.py took 0.050 seconds
[2025-04-20T08:12:55.022+0800] {processor.py:186} INFO - Started process (PID=56642) to work on /Users/yueyaoz/Downloads/IS3107-FinSum/.airflow/lib/python3.10/site-packages/airflow/example_dags/example_branch_operator.py
[2025-04-20T08:12:55.023+0800] {processor.py:914} INFO - Processing file /Users/yueyaoz/Downloads/IS3107-FinSum/.airflow/lib/python3.10/site-packages/airflow/example_dags/example_branch_operator.py for tasks to queue
[2025-04-20T08:12:55.023+0800] {logging_mixin.py:190} INFO - [2025-04-20T08:12:55.023+0800] {dagbag.py:588} INFO - Filling up the DagBag from /Users/yueyaoz/Downloads/IS3107-FinSum/.airflow/lib/python3.10/site-packages/airflow/example_dags/example_branch_operator.py
[2025-04-20T08:12:55.033+0800] {processor.py:927} WARNING - No viable dags retrieved from /Users/yueyaoz/Downloads/IS3107-FinSum/.airflow/lib/python3.10/site-packages/airflow/example_dags/example_branch_operator.py
[2025-04-20T08:12:55.072+0800] {processor.py:208} INFO - Processing /Users/yueyaoz/Downloads/IS3107-FinSum/.airflow/lib/python3.10/site-packages/airflow/example_dags/example_branch_operator.py took 0.051 seconds
[2025-04-20T08:30:30.667+0800] {processor.py:186} INFO - Started process (PID=56846) to work on /Users/yueyaoz/Downloads/IS3107-FinSum/.airflow/lib/python3.10/site-packages/airflow/example_dags/example_branch_operator.py
[2025-04-20T08:30:30.668+0800] {processor.py:914} INFO - Processing file /Users/yueyaoz/Downloads/IS3107-FinSum/.airflow/lib/python3.10/site-packages/airflow/example_dags/example_branch_operator.py for tasks to queue
[2025-04-20T08:30:30.668+0800] {logging_mixin.py:190} INFO - [2025-04-20T08:30:30.668+0800] {dagbag.py:588} INFO - Filling up the DagBag from /Users/yueyaoz/Downloads/IS3107-FinSum/.airflow/lib/python3.10/site-packages/airflow/example_dags/example_branch_operator.py
[2025-04-20T08:30:30.677+0800] {processor.py:927} WARNING - No viable dags retrieved from /Users/yueyaoz/Downloads/IS3107-FinSum/.airflow/lib/python3.10/site-packages/airflow/example_dags/example_branch_operator.py
[2025-04-20T08:30:30.714+0800] {processor.py:208} INFO - Processing /Users/yueyaoz/Downloads/IS3107-FinSum/.airflow/lib/python3.10/site-packages/airflow/example_dags/example_branch_operator.py took 0.049 seconds
[2025-04-20T08:50:36.659+0800] {processor.py:186} INFO - Started process (PID=57087) to work on /Users/yueyaoz/Downloads/IS3107-FinSum/.airflow/lib/python3.10/site-packages/airflow/example_dags/example_branch_operator.py
[2025-04-20T08:50:36.660+0800] {processor.py:914} INFO - Processing file /Users/yueyaoz/Downloads/IS3107-FinSum/.airflow/lib/python3.10/site-packages/airflow/example_dags/example_branch_operator.py for tasks to queue
[2025-04-20T08:50:36.661+0800] {logging_mixin.py:190} INFO - [2025-04-20T08:50:36.661+0800] {dagbag.py:588} INFO - Filling up the DagBag from /Users/yueyaoz/Downloads/IS3107-FinSum/.airflow/lib/python3.10/site-packages/airflow/example_dags/example_branch_operator.py
[2025-04-20T08:50:36.669+0800] {processor.py:927} WARNING - No viable dags retrieved from /Users/yueyaoz/Downloads/IS3107-FinSum/.airflow/lib/python3.10/site-packages/airflow/example_dags/example_branch_operator.py
[2025-04-20T08:50:36.706+0800] {processor.py:208} INFO - Processing /Users/yueyaoz/Downloads/IS3107-FinSum/.airflow/lib/python3.10/site-packages/airflow/example_dags/example_branch_operator.py took 0.049 seconds
[2025-04-20T08:53:13.084+0800] {processor.py:186} INFO - Started process (PID=57280) to work on /Users/yueyaoz/Downloads/IS3107-FinSum/.airflow/lib/python3.10/site-packages/airflow/example_dags/example_branch_operator.py
[2025-04-20T08:53:13.086+0800] {processor.py:914} INFO - Processing file /Users/yueyaoz/Downloads/IS3107-FinSum/.airflow/lib/python3.10/site-packages/airflow/example_dags/example_branch_operator.py for tasks to queue
[2025-04-20T08:53:13.086+0800] {logging_mixin.py:190} INFO - [2025-04-20T08:53:13.086+0800] {dagbag.py:588} INFO - Filling up the DagBag from /Users/yueyaoz/Downloads/IS3107-FinSum/.airflow/lib/python3.10/site-packages/airflow/example_dags/example_branch_operator.py
[2025-04-20T08:53:13.095+0800] {processor.py:927} WARNING - No viable dags retrieved from /Users/yueyaoz/Downloads/IS3107-FinSum/.airflow/lib/python3.10/site-packages/airflow/example_dags/example_branch_operator.py
[2025-04-20T08:53:13.132+0800] {processor.py:208} INFO - Processing /Users/yueyaoz/Downloads/IS3107-FinSum/.airflow/lib/python3.10/site-packages/airflow/example_dags/example_branch_operator.py took 0.049 seconds
[2025-04-20T08:55:54.285+0800] {processor.py:186} INFO - Started process (PID=57472) to work on /Users/yueyaoz/Downloads/IS3107-FinSum/.airflow/lib/python3.10/site-packages/airflow/example_dags/example_branch_operator.py
[2025-04-20T08:55:54.286+0800] {processor.py:914} INFO - Processing file /Users/yueyaoz/Downloads/IS3107-FinSum/.airflow/lib/python3.10/site-packages/airflow/example_dags/example_branch_operator.py for tasks to queue
[2025-04-20T08:55:54.286+0800] {logging_mixin.py:190} INFO - [2025-04-20T08:55:54.286+0800] {dagbag.py:588} INFO - Filling up the DagBag from /Users/yueyaoz/Downloads/IS3107-FinSum/.airflow/lib/python3.10/site-packages/airflow/example_dags/example_branch_operator.py
[2025-04-20T08:55:54.295+0800] {processor.py:927} WARNING - No viable dags retrieved from /Users/yueyaoz/Downloads/IS3107-FinSum/.airflow/lib/python3.10/site-packages/airflow/example_dags/example_branch_operator.py
[2025-04-20T08:55:54.331+0800] {processor.py:208} INFO - Processing /Users/yueyaoz/Downloads/IS3107-FinSum/.airflow/lib/python3.10/site-packages/airflow/example_dags/example_branch_operator.py took 0.048 seconds
[2025-04-20T08:58:25.259+0800] {processor.py:186} INFO - Started process (PID=57665) to work on /Users/yueyaoz/Downloads/IS3107-FinSum/.airflow/lib/python3.10/site-packages/airflow/example_dags/example_branch_operator.py
[2025-04-20T08:58:25.261+0800] {processor.py:914} INFO - Processing file /Users/yueyaoz/Downloads/IS3107-FinSum/.airflow/lib/python3.10/site-packages/airflow/example_dags/example_branch_operator.py for tasks to queue
[2025-04-20T08:58:25.262+0800] {logging_mixin.py:190} INFO - [2025-04-20T08:58:25.261+0800] {dagbag.py:588} INFO - Filling up the DagBag from /Users/yueyaoz/Downloads/IS3107-FinSum/.airflow/lib/python3.10/site-packages/airflow/example_dags/example_branch_operator.py
[2025-04-20T08:58:25.270+0800] {processor.py:927} WARNING - No viable dags retrieved from /Users/yueyaoz/Downloads/IS3107-FinSum/.airflow/lib/python3.10/site-packages/airflow/example_dags/example_branch_operator.py
[2025-04-20T08:58:25.307+0800] {processor.py:208} INFO - Processing /Users/yueyaoz/Downloads/IS3107-FinSum/.airflow/lib/python3.10/site-packages/airflow/example_dags/example_branch_operator.py took 0.050 seconds
[2025-04-20T09:01:39.796+0800] {processor.py:186} INFO - Started process (PID=57896) to work on /Users/yueyaoz/Downloads/IS3107-FinSum/.airflow/lib/python3.10/site-packages/airflow/example_dags/example_branch_operator.py
[2025-04-20T09:01:39.797+0800] {processor.py:914} INFO - Processing file /Users/yueyaoz/Downloads/IS3107-FinSum/.airflow/lib/python3.10/site-packages/airflow/example_dags/example_branch_operator.py for tasks to queue
[2025-04-20T09:01:39.797+0800] {logging_mixin.py:190} INFO - [2025-04-20T09:01:39.797+0800] {dagbag.py:588} INFO - Filling up the DagBag from /Users/yueyaoz/Downloads/IS3107-FinSum/.airflow/lib/python3.10/site-packages/airflow/example_dags/example_branch_operator.py
[2025-04-20T09:01:39.806+0800] {processor.py:927} WARNING - No viable dags retrieved from /Users/yueyaoz/Downloads/IS3107-FinSum/.airflow/lib/python3.10/site-packages/airflow/example_dags/example_branch_operator.py
[2025-04-20T09:01:39.843+0800] {processor.py:208} INFO - Processing /Users/yueyaoz/Downloads/IS3107-FinSum/.airflow/lib/python3.10/site-packages/airflow/example_dags/example_branch_operator.py took 0.049 seconds
[2025-04-20T09:20:32.060+0800] {processor.py:186} INFO - Started process (PID=58129) to work on /Users/yueyaoz/Downloads/IS3107-FinSum/.airflow/lib/python3.10/site-packages/airflow/example_dags/example_branch_operator.py
[2025-04-20T09:20:32.062+0800] {processor.py:914} INFO - Processing file /Users/yueyaoz/Downloads/IS3107-FinSum/.airflow/lib/python3.10/site-packages/airflow/example_dags/example_branch_operator.py for tasks to queue
[2025-04-20T09:20:32.062+0800] {logging_mixin.py:190} INFO - [2025-04-20T09:20:32.062+0800] {dagbag.py:588} INFO - Filling up the DagBag from /Users/yueyaoz/Downloads/IS3107-FinSum/.airflow/lib/python3.10/site-packages/airflow/example_dags/example_branch_operator.py
[2025-04-20T09:20:32.071+0800] {processor.py:927} WARNING - No viable dags retrieved from /Users/yueyaoz/Downloads/IS3107-FinSum/.airflow/lib/python3.10/site-packages/airflow/example_dags/example_branch_operator.py
[2025-04-20T09:20:32.108+0800] {processor.py:208} INFO - Processing /Users/yueyaoz/Downloads/IS3107-FinSum/.airflow/lib/python3.10/site-packages/airflow/example_dags/example_branch_operator.py took 0.050 seconds
[2025-04-20T09:23:03.579+0800] {processor.py:186} INFO - Started process (PID=58331) to work on /Users/yueyaoz/Downloads/IS3107-FinSum/.airflow/lib/python3.10/site-packages/airflow/example_dags/example_branch_operator.py
[2025-04-20T09:23:03.579+0800] {processor.py:914} INFO - Processing file /Users/yueyaoz/Downloads/IS3107-FinSum/.airflow/lib/python3.10/site-packages/airflow/example_dags/example_branch_operator.py for tasks to queue
[2025-04-20T09:23:03.580+0800] {logging_mixin.py:190} INFO - [2025-04-20T09:23:03.580+0800] {dagbag.py:588} INFO - Filling up the DagBag from /Users/yueyaoz/Downloads/IS3107-FinSum/.airflow/lib/python3.10/site-packages/airflow/example_dags/example_branch_operator.py
[2025-04-20T09:23:03.588+0800] {processor.py:927} WARNING - No viable dags retrieved from /Users/yueyaoz/Downloads/IS3107-FinSum/.airflow/lib/python3.10/site-packages/airflow/example_dags/example_branch_operator.py
[2025-04-20T09:23:03.626+0800] {processor.py:208} INFO - Processing /Users/yueyaoz/Downloads/IS3107-FinSum/.airflow/lib/python3.10/site-packages/airflow/example_dags/example_branch_operator.py took 0.049 seconds
[2025-04-20T09:30:35.568+0800] {processor.py:186} INFO - Started process (PID=58597) to work on /Users/yueyaoz/Downloads/IS3107-FinSum/.airflow/lib/python3.10/site-packages/airflow/example_dags/example_branch_operator.py
[2025-04-20T09:30:35.569+0800] {processor.py:914} INFO - Processing file /Users/yueyaoz/Downloads/IS3107-FinSum/.airflow/lib/python3.10/site-packages/airflow/example_dags/example_branch_operator.py for tasks to queue
[2025-04-20T09:30:35.569+0800] {logging_mixin.py:190} INFO - [2025-04-20T09:30:35.569+0800] {dagbag.py:588} INFO - Filling up the DagBag from /Users/yueyaoz/Downloads/IS3107-FinSum/.airflow/lib/python3.10/site-packages/airflow/example_dags/example_branch_operator.py
[2025-04-20T09:30:35.578+0800] {processor.py:927} WARNING - No viable dags retrieved from /Users/yueyaoz/Downloads/IS3107-FinSum/.airflow/lib/python3.10/site-packages/airflow/example_dags/example_branch_operator.py
[2025-04-20T09:30:35.615+0800] {processor.py:208} INFO - Processing /Users/yueyaoz/Downloads/IS3107-FinSum/.airflow/lib/python3.10/site-packages/airflow/example_dags/example_branch_operator.py took 0.048 seconds
[2025-04-20T09:48:43.683+0800] {processor.py:186} INFO - Started process (PID=58807) to work on /Users/yueyaoz/Downloads/IS3107-FinSum/.airflow/lib/python3.10/site-packages/airflow/example_dags/example_branch_operator.py
[2025-04-20T09:48:43.685+0800] {processor.py:914} INFO - Processing file /Users/yueyaoz/Downloads/IS3107-FinSum/.airflow/lib/python3.10/site-packages/airflow/example_dags/example_branch_operator.py for tasks to queue
[2025-04-20T09:48:43.685+0800] {logging_mixin.py:190} INFO - [2025-04-20T09:48:43.685+0800] {dagbag.py:588} INFO - Filling up the DagBag from /Users/yueyaoz/Downloads/IS3107-FinSum/.airflow/lib/python3.10/site-packages/airflow/example_dags/example_branch_operator.py
[2025-04-20T09:48:43.693+0800] {processor.py:927} WARNING - No viable dags retrieved from /Users/yueyaoz/Downloads/IS3107-FinSum/.airflow/lib/python3.10/site-packages/airflow/example_dags/example_branch_operator.py
[2025-04-20T09:48:43.730+0800] {processor.py:208} INFO - Processing /Users/yueyaoz/Downloads/IS3107-FinSum/.airflow/lib/python3.10/site-packages/airflow/example_dags/example_branch_operator.py took 0.048 seconds
[2025-04-20T09:51:17.565+0800] {processor.py:186} INFO - Started process (PID=59012) to work on /Users/yueyaoz/Downloads/IS3107-FinSum/.airflow/lib/python3.10/site-packages/airflow/example_dags/example_branch_operator.py
[2025-04-20T09:51:17.566+0800] {processor.py:914} INFO - Processing file /Users/yueyaoz/Downloads/IS3107-FinSum/.airflow/lib/python3.10/site-packages/airflow/example_dags/example_branch_operator.py for tasks to queue
[2025-04-20T09:51:17.566+0800] {logging_mixin.py:190} INFO - [2025-04-20T09:51:17.566+0800] {dagbag.py:588} INFO - Filling up the DagBag from /Users/yueyaoz/Downloads/IS3107-FinSum/.airflow/lib/python3.10/site-packages/airflow/example_dags/example_branch_operator.py
[2025-04-20T09:51:17.575+0800] {processor.py:927} WARNING - No viable dags retrieved from /Users/yueyaoz/Downloads/IS3107-FinSum/.airflow/lib/python3.10/site-packages/airflow/example_dags/example_branch_operator.py
[2025-04-20T09:51:17.611+0800] {processor.py:208} INFO - Processing /Users/yueyaoz/Downloads/IS3107-FinSum/.airflow/lib/python3.10/site-packages/airflow/example_dags/example_branch_operator.py took 0.048 seconds
[2025-04-20T09:53:50.157+0800] {processor.py:186} INFO - Started process (PID=59203) to work on /Users/yueyaoz/Downloads/IS3107-FinSum/.airflow/lib/python3.10/site-packages/airflow/example_dags/example_branch_operator.py
[2025-04-20T09:53:50.157+0800] {processor.py:914} INFO - Processing file /Users/yueyaoz/Downloads/IS3107-FinSum/.airflow/lib/python3.10/site-packages/airflow/example_dags/example_branch_operator.py for tasks to queue
[2025-04-20T09:53:50.157+0800] {logging_mixin.py:190} INFO - [2025-04-20T09:53:50.157+0800] {dagbag.py:588} INFO - Filling up the DagBag from /Users/yueyaoz/Downloads/IS3107-FinSum/.airflow/lib/python3.10/site-packages/airflow/example_dags/example_branch_operator.py
[2025-04-20T09:53:50.167+0800] {processor.py:927} WARNING - No viable dags retrieved from /Users/yueyaoz/Downloads/IS3107-FinSum/.airflow/lib/python3.10/site-packages/airflow/example_dags/example_branch_operator.py
[2025-04-20T09:53:50.205+0800] {processor.py:208} INFO - Processing /Users/yueyaoz/Downloads/IS3107-FinSum/.airflow/lib/python3.10/site-packages/airflow/example_dags/example_branch_operator.py took 0.051 seconds
[2025-04-20T09:56:24.134+0800] {processor.py:186} INFO - Started process (PID=59405) to work on /Users/yueyaoz/Downloads/IS3107-FinSum/.airflow/lib/python3.10/site-packages/airflow/example_dags/example_branch_operator.py
[2025-04-20T09:56:24.136+0800] {processor.py:914} INFO - Processing file /Users/yueyaoz/Downloads/IS3107-FinSum/.airflow/lib/python3.10/site-packages/airflow/example_dags/example_branch_operator.py for tasks to queue
[2025-04-20T09:56:24.136+0800] {logging_mixin.py:190} INFO - [2025-04-20T09:56:24.136+0800] {dagbag.py:588} INFO - Filling up the DagBag from /Users/yueyaoz/Downloads/IS3107-FinSum/.airflow/lib/python3.10/site-packages/airflow/example_dags/example_branch_operator.py
[2025-04-20T09:56:24.145+0800] {processor.py:927} WARNING - No viable dags retrieved from /Users/yueyaoz/Downloads/IS3107-FinSum/.airflow/lib/python3.10/site-packages/airflow/example_dags/example_branch_operator.py
[2025-04-20T09:56:24.182+0800] {processor.py:208} INFO - Processing /Users/yueyaoz/Downloads/IS3107-FinSum/.airflow/lib/python3.10/site-packages/airflow/example_dags/example_branch_operator.py took 0.049 seconds
[2025-04-20T10:15:13.030+0800] {processor.py:186} INFO - Started process (PID=59611) to work on /Users/yueyaoz/Downloads/IS3107-FinSum/.airflow/lib/python3.10/site-packages/airflow/example_dags/example_branch_operator.py
[2025-04-20T10:15:13.030+0800] {processor.py:914} INFO - Processing file /Users/yueyaoz/Downloads/IS3107-FinSum/.airflow/lib/python3.10/site-packages/airflow/example_dags/example_branch_operator.py for tasks to queue
[2025-04-20T10:15:13.031+0800] {logging_mixin.py:190} INFO - [2025-04-20T10:15:13.031+0800] {dagbag.py:588} INFO - Filling up the DagBag from /Users/yueyaoz/Downloads/IS3107-FinSum/.airflow/lib/python3.10/site-packages/airflow/example_dags/example_branch_operator.py
[2025-04-20T10:15:13.039+0800] {processor.py:927} WARNING - No viable dags retrieved from /Users/yueyaoz/Downloads/IS3107-FinSum/.airflow/lib/python3.10/site-packages/airflow/example_dags/example_branch_operator.py
[2025-04-20T10:15:13.076+0800] {processor.py:208} INFO - Processing /Users/yueyaoz/Downloads/IS3107-FinSum/.airflow/lib/python3.10/site-packages/airflow/example_dags/example_branch_operator.py took 0.048 seconds
[2025-04-20T10:32:14.390+0800] {processor.py:186} INFO - Started process (PID=59828) to work on /Users/yueyaoz/Downloads/IS3107-FinSum/.airflow/lib/python3.10/site-packages/airflow/example_dags/example_branch_operator.py
[2025-04-20T10:32:14.392+0800] {processor.py:914} INFO - Processing file /Users/yueyaoz/Downloads/IS3107-FinSum/.airflow/lib/python3.10/site-packages/airflow/example_dags/example_branch_operator.py for tasks to queue
[2025-04-20T10:32:14.392+0800] {logging_mixin.py:190} INFO - [2025-04-20T10:32:14.392+0800] {dagbag.py:588} INFO - Filling up the DagBag from /Users/yueyaoz/Downloads/IS3107-FinSum/.airflow/lib/python3.10/site-packages/airflow/example_dags/example_branch_operator.py
[2025-04-20T10:32:14.401+0800] {processor.py:927} WARNING - No viable dags retrieved from /Users/yueyaoz/Downloads/IS3107-FinSum/.airflow/lib/python3.10/site-packages/airflow/example_dags/example_branch_operator.py
[2025-04-20T10:32:14.438+0800] {processor.py:208} INFO - Processing /Users/yueyaoz/Downloads/IS3107-FinSum/.airflow/lib/python3.10/site-packages/airflow/example_dags/example_branch_operator.py took 0.050 seconds
[2025-04-20T10:51:44.842+0800] {processor.py:186} INFO - Started process (PID=60040) to work on /Users/yueyaoz/Downloads/IS3107-FinSum/.airflow/lib/python3.10/site-packages/airflow/example_dags/example_branch_operator.py
[2025-04-20T10:51:44.843+0800] {processor.py:914} INFO - Processing file /Users/yueyaoz/Downloads/IS3107-FinSum/.airflow/lib/python3.10/site-packages/airflow/example_dags/example_branch_operator.py for tasks to queue
[2025-04-20T10:51:44.843+0800] {logging_mixin.py:190} INFO - [2025-04-20T10:51:44.843+0800] {dagbag.py:588} INFO - Filling up the DagBag from /Users/yueyaoz/Downloads/IS3107-FinSum/.airflow/lib/python3.10/site-packages/airflow/example_dags/example_branch_operator.py
[2025-04-20T10:51:44.852+0800] {processor.py:927} WARNING - No viable dags retrieved from /Users/yueyaoz/Downloads/IS3107-FinSum/.airflow/lib/python3.10/site-packages/airflow/example_dags/example_branch_operator.py
[2025-04-20T10:51:44.889+0800] {processor.py:208} INFO - Processing /Users/yueyaoz/Downloads/IS3107-FinSum/.airflow/lib/python3.10/site-packages/airflow/example_dags/example_branch_operator.py took 0.048 seconds
[2025-04-20T11:11:34.039+0800] {processor.py:186} INFO - Started process (PID=60257) to work on /Users/yueyaoz/Downloads/IS3107-FinSum/.airflow/lib/python3.10/site-packages/airflow/example_dags/example_branch_operator.py
[2025-04-20T11:11:34.040+0800] {processor.py:914} INFO - Processing file /Users/yueyaoz/Downloads/IS3107-FinSum/.airflow/lib/python3.10/site-packages/airflow/example_dags/example_branch_operator.py for tasks to queue
[2025-04-20T11:11:34.040+0800] {logging_mixin.py:190} INFO - [2025-04-20T11:11:34.040+0800] {dagbag.py:588} INFO - Filling up the DagBag from /Users/yueyaoz/Downloads/IS3107-FinSum/.airflow/lib/python3.10/site-packages/airflow/example_dags/example_branch_operator.py
[2025-04-20T11:11:34.049+0800] {processor.py:927} WARNING - No viable dags retrieved from /Users/yueyaoz/Downloads/IS3107-FinSum/.airflow/lib/python3.10/site-packages/airflow/example_dags/example_branch_operator.py
[2025-04-20T11:11:34.086+0800] {processor.py:208} INFO - Processing /Users/yueyaoz/Downloads/IS3107-FinSum/.airflow/lib/python3.10/site-packages/airflow/example_dags/example_branch_operator.py took 0.048 seconds
[2025-04-20T11:14:07.941+0800] {processor.py:186} INFO - Started process (PID=60444) to work on /Users/yueyaoz/Downloads/IS3107-FinSum/.airflow/lib/python3.10/site-packages/airflow/example_dags/example_branch_operator.py
[2025-04-20T11:14:07.943+0800] {processor.py:914} INFO - Processing file /Users/yueyaoz/Downloads/IS3107-FinSum/.airflow/lib/python3.10/site-packages/airflow/example_dags/example_branch_operator.py for tasks to queue
[2025-04-20T11:14:07.943+0800] {logging_mixin.py:190} INFO - [2025-04-20T11:14:07.943+0800] {dagbag.py:588} INFO - Filling up the DagBag from /Users/yueyaoz/Downloads/IS3107-FinSum/.airflow/lib/python3.10/site-packages/airflow/example_dags/example_branch_operator.py
[2025-04-20T11:14:07.952+0800] {processor.py:927} WARNING - No viable dags retrieved from /Users/yueyaoz/Downloads/IS3107-FinSum/.airflow/lib/python3.10/site-packages/airflow/example_dags/example_branch_operator.py
[2025-04-20T11:14:07.989+0800] {processor.py:208} INFO - Processing /Users/yueyaoz/Downloads/IS3107-FinSum/.airflow/lib/python3.10/site-packages/airflow/example_dags/example_branch_operator.py took 0.049 seconds
[2025-04-20T11:32:27.315+0800] {processor.py:186} INFO - Started process (PID=60597) to work on /Users/yueyaoz/Downloads/IS3107-FinSum/.airflow/lib/python3.10/site-packages/airflow/example_dags/example_branch_operator.py
[2025-04-20T11:32:27.316+0800] {processor.py:914} INFO - Processing file /Users/yueyaoz/Downloads/IS3107-FinSum/.airflow/lib/python3.10/site-packages/airflow/example_dags/example_branch_operator.py for tasks to queue
[2025-04-20T11:32:27.317+0800] {logging_mixin.py:190} INFO - [2025-04-20T11:32:27.317+0800] {dagbag.py:588} INFO - Filling up the DagBag from /Users/yueyaoz/Downloads/IS3107-FinSum/.airflow/lib/python3.10/site-packages/airflow/example_dags/example_branch_operator.py
[2025-04-20T11:32:27.325+0800] {processor.py:927} WARNING - No viable dags retrieved from /Users/yueyaoz/Downloads/IS3107-FinSum/.airflow/lib/python3.10/site-packages/airflow/example_dags/example_branch_operator.py
[2025-04-20T11:32:27.362+0800] {processor.py:208} INFO - Processing /Users/yueyaoz/Downloads/IS3107-FinSum/.airflow/lib/python3.10/site-packages/airflow/example_dags/example_branch_operator.py took 0.048 seconds
[2025-04-20T11:52:15.883+0800] {processor.py:186} INFO - Started process (PID=60812) to work on /Users/yueyaoz/Downloads/IS3107-FinSum/.airflow/lib/python3.10/site-packages/airflow/example_dags/example_branch_operator.py
[2025-04-20T11:52:15.884+0800] {processor.py:914} INFO - Processing file /Users/yueyaoz/Downloads/IS3107-FinSum/.airflow/lib/python3.10/site-packages/airflow/example_dags/example_branch_operator.py for tasks to queue
[2025-04-20T11:52:15.884+0800] {logging_mixin.py:190} INFO - [2025-04-20T11:52:15.884+0800] {dagbag.py:588} INFO - Filling up the DagBag from /Users/yueyaoz/Downloads/IS3107-FinSum/.airflow/lib/python3.10/site-packages/airflow/example_dags/example_branch_operator.py
[2025-04-20T11:52:15.893+0800] {processor.py:927} WARNING - No viable dags retrieved from /Users/yueyaoz/Downloads/IS3107-FinSum/.airflow/lib/python3.10/site-packages/airflow/example_dags/example_branch_operator.py
[2025-04-20T11:52:15.930+0800] {processor.py:208} INFO - Processing /Users/yueyaoz/Downloads/IS3107-FinSum/.airflow/lib/python3.10/site-packages/airflow/example_dags/example_branch_operator.py took 0.049 seconds
[2025-04-20T11:54:50.564+0800] {processor.py:186} INFO - Started process (PID=61008) to work on /Users/yueyaoz/Downloads/IS3107-FinSum/.airflow/lib/python3.10/site-packages/airflow/example_dags/example_branch_operator.py
[2025-04-20T11:54:50.566+0800] {processor.py:914} INFO - Processing file /Users/yueyaoz/Downloads/IS3107-FinSum/.airflow/lib/python3.10/site-packages/airflow/example_dags/example_branch_operator.py for tasks to queue
[2025-04-20T11:54:50.566+0800] {logging_mixin.py:190} INFO - [2025-04-20T11:54:50.566+0800] {dagbag.py:588} INFO - Filling up the DagBag from /Users/yueyaoz/Downloads/IS3107-FinSum/.airflow/lib/python3.10/site-packages/airflow/example_dags/example_branch_operator.py
[2025-04-20T11:54:50.575+0800] {processor.py:927} WARNING - No viable dags retrieved from /Users/yueyaoz/Downloads/IS3107-FinSum/.airflow/lib/python3.10/site-packages/airflow/example_dags/example_branch_operator.py
[2025-04-20T11:54:50.612+0800] {processor.py:208} INFO - Processing /Users/yueyaoz/Downloads/IS3107-FinSum/.airflow/lib/python3.10/site-packages/airflow/example_dags/example_branch_operator.py took 0.049 seconds
[2025-04-20T11:57:25.596+0800] {processor.py:186} INFO - Started process (PID=61207) to work on /Users/yueyaoz/Downloads/IS3107-FinSum/.airflow/lib/python3.10/site-packages/airflow/example_dags/example_branch_operator.py
[2025-04-20T11:57:25.596+0800] {processor.py:914} INFO - Processing file /Users/yueyaoz/Downloads/IS3107-FinSum/.airflow/lib/python3.10/site-packages/airflow/example_dags/example_branch_operator.py for tasks to queue
[2025-04-20T11:57:25.597+0800] {logging_mixin.py:190} INFO - [2025-04-20T11:57:25.596+0800] {dagbag.py:588} INFO - Filling up the DagBag from /Users/yueyaoz/Downloads/IS3107-FinSum/.airflow/lib/python3.10/site-packages/airflow/example_dags/example_branch_operator.py
[2025-04-20T11:57:25.606+0800] {processor.py:927} WARNING - No viable dags retrieved from /Users/yueyaoz/Downloads/IS3107-FinSum/.airflow/lib/python3.10/site-packages/airflow/example_dags/example_branch_operator.py
[2025-04-20T11:57:25.644+0800] {processor.py:208} INFO - Processing /Users/yueyaoz/Downloads/IS3107-FinSum/.airflow/lib/python3.10/site-packages/airflow/example_dags/example_branch_operator.py took 0.050 seconds
[2025-04-20T12:00:00.278+0800] {processor.py:186} INFO - Started process (PID=61401) to work on /Users/yueyaoz/Downloads/IS3107-FinSum/.airflow/lib/python3.10/site-packages/airflow/example_dags/example_branch_operator.py
[2025-04-20T12:00:00.279+0800] {processor.py:914} INFO - Processing file /Users/yueyaoz/Downloads/IS3107-FinSum/.airflow/lib/python3.10/site-packages/airflow/example_dags/example_branch_operator.py for tasks to queue
[2025-04-20T12:00:00.279+0800] {logging_mixin.py:190} INFO - [2025-04-20T12:00:00.279+0800] {dagbag.py:588} INFO - Filling up the DagBag from /Users/yueyaoz/Downloads/IS3107-FinSum/.airflow/lib/python3.10/site-packages/airflow/example_dags/example_branch_operator.py
[2025-04-20T12:00:00.288+0800] {processor.py:927} WARNING - No viable dags retrieved from /Users/yueyaoz/Downloads/IS3107-FinSum/.airflow/lib/python3.10/site-packages/airflow/example_dags/example_branch_operator.py
[2025-04-20T12:00:00.326+0800] {processor.py:208} INFO - Processing /Users/yueyaoz/Downloads/IS3107-FinSum/.airflow/lib/python3.10/site-packages/airflow/example_dags/example_branch_operator.py took 0.050 seconds
[2025-04-20T12:02:36.400+0800] {processor.py:186} INFO - Started process (PID=61606) to work on /Users/yueyaoz/Downloads/IS3107-FinSum/.airflow/lib/python3.10/site-packages/airflow/example_dags/example_branch_operator.py
[2025-04-20T12:02:36.402+0800] {processor.py:914} INFO - Processing file /Users/yueyaoz/Downloads/IS3107-FinSum/.airflow/lib/python3.10/site-packages/airflow/example_dags/example_branch_operator.py for tasks to queue
[2025-04-20T12:02:36.402+0800] {logging_mixin.py:190} INFO - [2025-04-20T12:02:36.402+0800] {dagbag.py:588} INFO - Filling up the DagBag from /Users/yueyaoz/Downloads/IS3107-FinSum/.airflow/lib/python3.10/site-packages/airflow/example_dags/example_branch_operator.py
[2025-04-20T12:02:36.411+0800] {processor.py:927} WARNING - No viable dags retrieved from /Users/yueyaoz/Downloads/IS3107-FinSum/.airflow/lib/python3.10/site-packages/airflow/example_dags/example_branch_operator.py
[2025-04-20T12:02:36.448+0800] {processor.py:208} INFO - Processing /Users/yueyaoz/Downloads/IS3107-FinSum/.airflow/lib/python3.10/site-packages/airflow/example_dags/example_branch_operator.py took 0.049 seconds
[2025-04-20T12:05:13.019+0800] {processor.py:186} INFO - Started process (PID=61800) to work on /Users/yueyaoz/Downloads/IS3107-FinSum/.airflow/lib/python3.10/site-packages/airflow/example_dags/example_branch_operator.py
[2025-04-20T12:05:13.020+0800] {processor.py:914} INFO - Processing file /Users/yueyaoz/Downloads/IS3107-FinSum/.airflow/lib/python3.10/site-packages/airflow/example_dags/example_branch_operator.py for tasks to queue
[2025-04-20T12:05:13.021+0800] {logging_mixin.py:190} INFO - [2025-04-20T12:05:13.021+0800] {dagbag.py:588} INFO - Filling up the DagBag from /Users/yueyaoz/Downloads/IS3107-FinSum/.airflow/lib/python3.10/site-packages/airflow/example_dags/example_branch_operator.py
[2025-04-20T12:05:13.029+0800] {processor.py:927} WARNING - No viable dags retrieved from /Users/yueyaoz/Downloads/IS3107-FinSum/.airflow/lib/python3.10/site-packages/airflow/example_dags/example_branch_operator.py
[2025-04-20T12:05:13.066+0800] {processor.py:208} INFO - Processing /Users/yueyaoz/Downloads/IS3107-FinSum/.airflow/lib/python3.10/site-packages/airflow/example_dags/example_branch_operator.py took 0.049 seconds
[2025-04-20T12:07:51.182+0800] {processor.py:186} INFO - Started process (PID=62001) to work on /Users/yueyaoz/Downloads/IS3107-FinSum/.airflow/lib/python3.10/site-packages/airflow/example_dags/example_branch_operator.py
[2025-04-20T12:07:51.184+0800] {processor.py:914} INFO - Processing file /Users/yueyaoz/Downloads/IS3107-FinSum/.airflow/lib/python3.10/site-packages/airflow/example_dags/example_branch_operator.py for tasks to queue
[2025-04-20T12:07:51.184+0800] {logging_mixin.py:190} INFO - [2025-04-20T12:07:51.184+0800] {dagbag.py:588} INFO - Filling up the DagBag from /Users/yueyaoz/Downloads/IS3107-FinSum/.airflow/lib/python3.10/site-packages/airflow/example_dags/example_branch_operator.py
[2025-04-20T12:07:51.193+0800] {processor.py:927} WARNING - No viable dags retrieved from /Users/yueyaoz/Downloads/IS3107-FinSum/.airflow/lib/python3.10/site-packages/airflow/example_dags/example_branch_operator.py
[2025-04-20T12:07:51.230+0800] {processor.py:208} INFO - Processing /Users/yueyaoz/Downloads/IS3107-FinSum/.airflow/lib/python3.10/site-packages/airflow/example_dags/example_branch_operator.py took 0.049 seconds
[2025-04-20T12:10:26.888+0800] {processor.py:186} INFO - Started process (PID=62218) to work on /Users/yueyaoz/Downloads/IS3107-FinSum/.airflow/lib/python3.10/site-packages/airflow/example_dags/example_branch_operator.py
[2025-04-20T12:10:26.889+0800] {processor.py:914} INFO - Processing file /Users/yueyaoz/Downloads/IS3107-FinSum/.airflow/lib/python3.10/site-packages/airflow/example_dags/example_branch_operator.py for tasks to queue
[2025-04-20T12:10:26.889+0800] {logging_mixin.py:190} INFO - [2025-04-20T12:10:26.889+0800] {dagbag.py:588} INFO - Filling up the DagBag from /Users/yueyaoz/Downloads/IS3107-FinSum/.airflow/lib/python3.10/site-packages/airflow/example_dags/example_branch_operator.py
[2025-04-20T12:10:26.898+0800] {processor.py:927} WARNING - No viable dags retrieved from /Users/yueyaoz/Downloads/IS3107-FinSum/.airflow/lib/python3.10/site-packages/airflow/example_dags/example_branch_operator.py
[2025-04-20T12:10:26.935+0800] {processor.py:208} INFO - Processing /Users/yueyaoz/Downloads/IS3107-FinSum/.airflow/lib/python3.10/site-packages/airflow/example_dags/example_branch_operator.py took 0.048 seconds
[2025-04-20T12:13:00.642+0800] {processor.py:186} INFO - Started process (PID=62416) to work on /Users/yueyaoz/Downloads/IS3107-FinSum/.airflow/lib/python3.10/site-packages/airflow/example_dags/example_branch_operator.py
[2025-04-20T12:13:00.643+0800] {processor.py:914} INFO - Processing file /Users/yueyaoz/Downloads/IS3107-FinSum/.airflow/lib/python3.10/site-packages/airflow/example_dags/example_branch_operator.py for tasks to queue
[2025-04-20T12:13:00.643+0800] {logging_mixin.py:190} INFO - [2025-04-20T12:13:00.643+0800] {dagbag.py:588} INFO - Filling up the DagBag from /Users/yueyaoz/Downloads/IS3107-FinSum/.airflow/lib/python3.10/site-packages/airflow/example_dags/example_branch_operator.py
[2025-04-20T12:13:00.653+0800] {processor.py:927} WARNING - No viable dags retrieved from /Users/yueyaoz/Downloads/IS3107-FinSum/.airflow/lib/python3.10/site-packages/airflow/example_dags/example_branch_operator.py
[2025-04-20T12:13:00.691+0800] {processor.py:208} INFO - Processing /Users/yueyaoz/Downloads/IS3107-FinSum/.airflow/lib/python3.10/site-packages/airflow/example_dags/example_branch_operator.py took 0.051 seconds
[2025-04-20T12:15:35.554+0800] {processor.py:186} INFO - Started process (PID=62629) to work on /Users/yueyaoz/Downloads/IS3107-FinSum/.airflow/lib/python3.10/site-packages/airflow/example_dags/example_branch_operator.py
[2025-04-20T12:15:35.555+0800] {processor.py:914} INFO - Processing file /Users/yueyaoz/Downloads/IS3107-FinSum/.airflow/lib/python3.10/site-packages/airflow/example_dags/example_branch_operator.py for tasks to queue
[2025-04-20T12:15:35.555+0800] {logging_mixin.py:190} INFO - [2025-04-20T12:15:35.555+0800] {dagbag.py:588} INFO - Filling up the DagBag from /Users/yueyaoz/Downloads/IS3107-FinSum/.airflow/lib/python3.10/site-packages/airflow/example_dags/example_branch_operator.py
[2025-04-20T12:15:35.564+0800] {processor.py:927} WARNING - No viable dags retrieved from /Users/yueyaoz/Downloads/IS3107-FinSum/.airflow/lib/python3.10/site-packages/airflow/example_dags/example_branch_operator.py
[2025-04-20T12:15:35.602+0800] {processor.py:208} INFO - Processing /Users/yueyaoz/Downloads/IS3107-FinSum/.airflow/lib/python3.10/site-packages/airflow/example_dags/example_branch_operator.py took 0.050 seconds
[2025-04-20T12:18:09.019+0800] {processor.py:186} INFO - Started process (PID=62832) to work on /Users/yueyaoz/Downloads/IS3107-FinSum/.airflow/lib/python3.10/site-packages/airflow/example_dags/example_branch_operator.py
[2025-04-20T12:18:09.020+0800] {processor.py:914} INFO - Processing file /Users/yueyaoz/Downloads/IS3107-FinSum/.airflow/lib/python3.10/site-packages/airflow/example_dags/example_branch_operator.py for tasks to queue
[2025-04-20T12:18:09.020+0800] {logging_mixin.py:190} INFO - [2025-04-20T12:18:09.020+0800] {dagbag.py:588} INFO - Filling up the DagBag from /Users/yueyaoz/Downloads/IS3107-FinSum/.airflow/lib/python3.10/site-packages/airflow/example_dags/example_branch_operator.py
[2025-04-20T12:18:09.029+0800] {processor.py:927} WARNING - No viable dags retrieved from /Users/yueyaoz/Downloads/IS3107-FinSum/.airflow/lib/python3.10/site-packages/airflow/example_dags/example_branch_operator.py
[2025-04-20T12:18:09.068+0800] {processor.py:208} INFO - Processing /Users/yueyaoz/Downloads/IS3107-FinSum/.airflow/lib/python3.10/site-packages/airflow/example_dags/example_branch_operator.py took 0.050 seconds
[2025-04-20T12:20:43.984+0800] {processor.py:186} INFO - Started process (PID=63027) to work on /Users/yueyaoz/Downloads/IS3107-FinSum/.airflow/lib/python3.10/site-packages/airflow/example_dags/example_branch_operator.py
[2025-04-20T12:20:43.984+0800] {processor.py:914} INFO - Processing file /Users/yueyaoz/Downloads/IS3107-FinSum/.airflow/lib/python3.10/site-packages/airflow/example_dags/example_branch_operator.py for tasks to queue
[2025-04-20T12:20:43.985+0800] {logging_mixin.py:190} INFO - [2025-04-20T12:20:43.985+0800] {dagbag.py:588} INFO - Filling up the DagBag from /Users/yueyaoz/Downloads/IS3107-FinSum/.airflow/lib/python3.10/site-packages/airflow/example_dags/example_branch_operator.py
[2025-04-20T12:20:43.994+0800] {processor.py:927} WARNING - No viable dags retrieved from /Users/yueyaoz/Downloads/IS3107-FinSum/.airflow/lib/python3.10/site-packages/airflow/example_dags/example_branch_operator.py
[2025-04-20T12:20:44.034+0800] {processor.py:208} INFO - Processing /Users/yueyaoz/Downloads/IS3107-FinSum/.airflow/lib/python3.10/site-packages/airflow/example_dags/example_branch_operator.py took 0.052 seconds
[2025-04-20T12:32:55.815+0800] {processor.py:186} INFO - Started process (PID=63287) to work on /Users/yueyaoz/Downloads/IS3107-FinSum/.airflow/lib/python3.10/site-packages/airflow/example_dags/example_branch_operator.py
[2025-04-20T12:32:55.816+0800] {processor.py:914} INFO - Processing file /Users/yueyaoz/Downloads/IS3107-FinSum/.airflow/lib/python3.10/site-packages/airflow/example_dags/example_branch_operator.py for tasks to queue
[2025-04-20T12:32:55.816+0800] {logging_mixin.py:190} INFO - [2025-04-20T12:32:55.816+0800] {dagbag.py:588} INFO - Filling up the DagBag from /Users/yueyaoz/Downloads/IS3107-FinSum/.airflow/lib/python3.10/site-packages/airflow/example_dags/example_branch_operator.py
[2025-04-20T12:32:55.825+0800] {processor.py:927} WARNING - No viable dags retrieved from /Users/yueyaoz/Downloads/IS3107-FinSum/.airflow/lib/python3.10/site-packages/airflow/example_dags/example_branch_operator.py
[2025-04-20T12:32:55.862+0800] {processor.py:208} INFO - Processing /Users/yueyaoz/Downloads/IS3107-FinSum/.airflow/lib/python3.10/site-packages/airflow/example_dags/example_branch_operator.py took 0.048 seconds
[2025-04-20T12:50:26.736+0800] {processor.py:186} INFO - Started process (PID=63491) to work on /Users/yueyaoz/Downloads/IS3107-FinSum/.airflow/lib/python3.10/site-packages/airflow/example_dags/example_branch_operator.py
[2025-04-20T12:50:26.737+0800] {processor.py:914} INFO - Processing file /Users/yueyaoz/Downloads/IS3107-FinSum/.airflow/lib/python3.10/site-packages/airflow/example_dags/example_branch_operator.py for tasks to queue
[2025-04-20T12:50:26.737+0800] {logging_mixin.py:190} INFO - [2025-04-20T12:50:26.737+0800] {dagbag.py:588} INFO - Filling up the DagBag from /Users/yueyaoz/Downloads/IS3107-FinSum/.airflow/lib/python3.10/site-packages/airflow/example_dags/example_branch_operator.py
[2025-04-20T12:50:26.746+0800] {processor.py:927} WARNING - No viable dags retrieved from /Users/yueyaoz/Downloads/IS3107-FinSum/.airflow/lib/python3.10/site-packages/airflow/example_dags/example_branch_operator.py
[2025-04-20T12:50:26.783+0800] {processor.py:208} INFO - Processing /Users/yueyaoz/Downloads/IS3107-FinSum/.airflow/lib/python3.10/site-packages/airflow/example_dags/example_branch_operator.py took 0.049 seconds
[2025-04-20T13:08:47.818+0800] {processor.py:186} INFO - Started process (PID=63725) to work on /Users/yueyaoz/Downloads/IS3107-FinSum/.airflow/lib/python3.10/site-packages/airflow/example_dags/example_branch_operator.py
[2025-04-20T13:08:47.820+0800] {processor.py:914} INFO - Processing file /Users/yueyaoz/Downloads/IS3107-FinSum/.airflow/lib/python3.10/site-packages/airflow/example_dags/example_branch_operator.py for tasks to queue
[2025-04-20T13:08:47.820+0800] {logging_mixin.py:190} INFO - [2025-04-20T13:08:47.820+0800] {dagbag.py:588} INFO - Filling up the DagBag from /Users/yueyaoz/Downloads/IS3107-FinSum/.airflow/lib/python3.10/site-packages/airflow/example_dags/example_branch_operator.py
[2025-04-20T13:08:47.829+0800] {processor.py:927} WARNING - No viable dags retrieved from /Users/yueyaoz/Downloads/IS3107-FinSum/.airflow/lib/python3.10/site-packages/airflow/example_dags/example_branch_operator.py
[2025-04-20T13:08:47.866+0800] {processor.py:208} INFO - Processing /Users/yueyaoz/Downloads/IS3107-FinSum/.airflow/lib/python3.10/site-packages/airflow/example_dags/example_branch_operator.py took 0.049 seconds
[2025-04-20T13:27:14.066+0800] {processor.py:186} INFO - Started process (PID=63965) to work on /Users/yueyaoz/Downloads/IS3107-FinSum/.airflow/lib/python3.10/site-packages/airflow/example_dags/example_branch_operator.py
[2025-04-20T13:27:14.067+0800] {processor.py:914} INFO - Processing file /Users/yueyaoz/Downloads/IS3107-FinSum/.airflow/lib/python3.10/site-packages/airflow/example_dags/example_branch_operator.py for tasks to queue
[2025-04-20T13:27:14.067+0800] {logging_mixin.py:190} INFO - [2025-04-20T13:27:14.067+0800] {dagbag.py:588} INFO - Filling up the DagBag from /Users/yueyaoz/Downloads/IS3107-FinSum/.airflow/lib/python3.10/site-packages/airflow/example_dags/example_branch_operator.py
[2025-04-20T13:27:14.077+0800] {processor.py:927} WARNING - No viable dags retrieved from /Users/yueyaoz/Downloads/IS3107-FinSum/.airflow/lib/python3.10/site-packages/airflow/example_dags/example_branch_operator.py
[2025-04-20T13:27:14.115+0800] {processor.py:208} INFO - Processing /Users/yueyaoz/Downloads/IS3107-FinSum/.airflow/lib/python3.10/site-packages/airflow/example_dags/example_branch_operator.py took 0.050 seconds
[2025-04-20T13:30:03.172+0800] {processor.py:186} INFO - Started process (PID=64193) to work on /Users/yueyaoz/Downloads/IS3107-FinSum/.airflow/lib/python3.10/site-packages/airflow/example_dags/example_branch_operator.py
[2025-04-20T13:30:03.173+0800] {processor.py:914} INFO - Processing file /Users/yueyaoz/Downloads/IS3107-FinSum/.airflow/lib/python3.10/site-packages/airflow/example_dags/example_branch_operator.py for tasks to queue
[2025-04-20T13:30:03.174+0800] {logging_mixin.py:190} INFO - [2025-04-20T13:30:03.174+0800] {dagbag.py:588} INFO - Filling up the DagBag from /Users/yueyaoz/Downloads/IS3107-FinSum/.airflow/lib/python3.10/site-packages/airflow/example_dags/example_branch_operator.py
[2025-04-20T13:30:03.182+0800] {processor.py:927} WARNING - No viable dags retrieved from /Users/yueyaoz/Downloads/IS3107-FinSum/.airflow/lib/python3.10/site-packages/airflow/example_dags/example_branch_operator.py
[2025-04-20T13:30:03.221+0800] {processor.py:208} INFO - Processing /Users/yueyaoz/Downloads/IS3107-FinSum/.airflow/lib/python3.10/site-packages/airflow/example_dags/example_branch_operator.py took 0.051 seconds
[2025-04-20T13:35:13.284+0800] {processor.py:186} INFO - Started process (PID=64393) to work on /Users/yueyaoz/Downloads/IS3107-FinSum/.airflow/lib/python3.10/site-packages/airflow/example_dags/example_branch_operator.py
[2025-04-20T13:35:13.285+0800] {processor.py:914} INFO - Processing file /Users/yueyaoz/Downloads/IS3107-FinSum/.airflow/lib/python3.10/site-packages/airflow/example_dags/example_branch_operator.py for tasks to queue
[2025-04-20T13:35:13.285+0800] {logging_mixin.py:190} INFO - [2025-04-20T13:35:13.285+0800] {dagbag.py:588} INFO - Filling up the DagBag from /Users/yueyaoz/Downloads/IS3107-FinSum/.airflow/lib/python3.10/site-packages/airflow/example_dags/example_branch_operator.py
[2025-04-20T13:35:13.293+0800] {processor.py:927} WARNING - No viable dags retrieved from /Users/yueyaoz/Downloads/IS3107-FinSum/.airflow/lib/python3.10/site-packages/airflow/example_dags/example_branch_operator.py
[2025-04-20T13:35:13.330+0800] {processor.py:208} INFO - Processing /Users/yueyaoz/Downloads/IS3107-FinSum/.airflow/lib/python3.10/site-packages/airflow/example_dags/example_branch_operator.py took 0.047 seconds
[2025-04-20T14:35:35.631+0800] {processor.py:186} INFO - Started process (PID=64611) to work on /Users/yueyaoz/Downloads/IS3107-FinSum/.airflow/lib/python3.10/site-packages/airflow/example_dags/example_branch_operator.py
[2025-04-20T14:35:35.633+0800] {processor.py:914} INFO - Processing file /Users/yueyaoz/Downloads/IS3107-FinSum/.airflow/lib/python3.10/site-packages/airflow/example_dags/example_branch_operator.py for tasks to queue
[2025-04-20T14:35:35.633+0800] {logging_mixin.py:190} INFO - [2025-04-20T14:35:35.633+0800] {dagbag.py:588} INFO - Filling up the DagBag from /Users/yueyaoz/Downloads/IS3107-FinSum/.airflow/lib/python3.10/site-packages/airflow/example_dags/example_branch_operator.py
[2025-04-20T14:35:35.642+0800] {processor.py:927} WARNING - No viable dags retrieved from /Users/yueyaoz/Downloads/IS3107-FinSum/.airflow/lib/python3.10/site-packages/airflow/example_dags/example_branch_operator.py
[2025-04-20T14:35:35.679+0800] {processor.py:208} INFO - Processing /Users/yueyaoz/Downloads/IS3107-FinSum/.airflow/lib/python3.10/site-packages/airflow/example_dags/example_branch_operator.py took 0.049 seconds
[2025-04-20T16:44:59.012+0800] {processor.py:186} INFO - Started process (PID=64924) to work on /Users/yueyaoz/Downloads/IS3107-FinSum/.airflow/lib/python3.10/site-packages/airflow/example_dags/example_branch_operator.py
[2025-04-20T16:44:59.013+0800] {processor.py:914} INFO - Processing file /Users/yueyaoz/Downloads/IS3107-FinSum/.airflow/lib/python3.10/site-packages/airflow/example_dags/example_branch_operator.py for tasks to queue
[2025-04-20T16:44:59.014+0800] {logging_mixin.py:190} INFO - [2025-04-20T16:44:59.014+0800] {dagbag.py:588} INFO - Filling up the DagBag from /Users/yueyaoz/Downloads/IS3107-FinSum/.airflow/lib/python3.10/site-packages/airflow/example_dags/example_branch_operator.py
[2025-04-20T16:44:59.023+0800] {processor.py:927} WARNING - No viable dags retrieved from /Users/yueyaoz/Downloads/IS3107-FinSum/.airflow/lib/python3.10/site-packages/airflow/example_dags/example_branch_operator.py
[2025-04-20T16:44:59.060+0800] {processor.py:208} INFO - Processing /Users/yueyaoz/Downloads/IS3107-FinSum/.airflow/lib/python3.10/site-packages/airflow/example_dags/example_branch_operator.py took 0.050 seconds
[2025-04-20T16:47:35.283+0800] {processor.py:186} INFO - Started process (PID=65245) to work on /Users/yueyaoz/Downloads/IS3107-FinSum/.airflow/lib/python3.10/site-packages/airflow/example_dags/example_branch_operator.py
[2025-04-20T16:47:35.284+0800] {processor.py:914} INFO - Processing file /Users/yueyaoz/Downloads/IS3107-FinSum/.airflow/lib/python3.10/site-packages/airflow/example_dags/example_branch_operator.py for tasks to queue
[2025-04-20T16:47:35.284+0800] {logging_mixin.py:190} INFO - [2025-04-20T16:47:35.284+0800] {dagbag.py:588} INFO - Filling up the DagBag from /Users/yueyaoz/Downloads/IS3107-FinSum/.airflow/lib/python3.10/site-packages/airflow/example_dags/example_branch_operator.py
[2025-04-20T16:47:35.293+0800] {processor.py:927} WARNING - No viable dags retrieved from /Users/yueyaoz/Downloads/IS3107-FinSum/.airflow/lib/python3.10/site-packages/airflow/example_dags/example_branch_operator.py
[2025-04-20T16:47:35.330+0800] {processor.py:208} INFO - Processing /Users/yueyaoz/Downloads/IS3107-FinSum/.airflow/lib/python3.10/site-packages/airflow/example_dags/example_branch_operator.py took 0.049 seconds
[2025-04-20T16:51:08.130+0800] {processor.py:186} INFO - Started process (PID=65492) to work on /Users/yueyaoz/Downloads/IS3107-FinSum/.airflow/lib/python3.10/site-packages/airflow/example_dags/example_branch_operator.py
[2025-04-20T16:51:08.132+0800] {processor.py:914} INFO - Processing file /Users/yueyaoz/Downloads/IS3107-FinSum/.airflow/lib/python3.10/site-packages/airflow/example_dags/example_branch_operator.py for tasks to queue
[2025-04-20T16:51:08.132+0800] {logging_mixin.py:190} INFO - [2025-04-20T16:51:08.132+0800] {dagbag.py:588} INFO - Filling up the DagBag from /Users/yueyaoz/Downloads/IS3107-FinSum/.airflow/lib/python3.10/site-packages/airflow/example_dags/example_branch_operator.py
[2025-04-20T16:51:08.141+0800] {processor.py:927} WARNING - No viable dags retrieved from /Users/yueyaoz/Downloads/IS3107-FinSum/.airflow/lib/python3.10/site-packages/airflow/example_dags/example_branch_operator.py
[2025-04-20T16:51:08.181+0800] {processor.py:208} INFO - Processing /Users/yueyaoz/Downloads/IS3107-FinSum/.airflow/lib/python3.10/site-packages/airflow/example_dags/example_branch_operator.py took 0.052 seconds
[2025-04-20T16:53:41.014+0800] {processor.py:186} INFO - Started process (PID=65697) to work on /Users/yueyaoz/Downloads/IS3107-FinSum/.airflow/lib/python3.10/site-packages/airflow/example_dags/example_branch_operator.py
[2025-04-20T16:53:41.015+0800] {processor.py:914} INFO - Processing file /Users/yueyaoz/Downloads/IS3107-FinSum/.airflow/lib/python3.10/site-packages/airflow/example_dags/example_branch_operator.py for tasks to queue
[2025-04-20T16:53:41.016+0800] {logging_mixin.py:190} INFO - [2025-04-20T16:53:41.016+0800] {dagbag.py:588} INFO - Filling up the DagBag from /Users/yueyaoz/Downloads/IS3107-FinSum/.airflow/lib/python3.10/site-packages/airflow/example_dags/example_branch_operator.py
[2025-04-20T16:53:41.026+0800] {processor.py:927} WARNING - No viable dags retrieved from /Users/yueyaoz/Downloads/IS3107-FinSum/.airflow/lib/python3.10/site-packages/airflow/example_dags/example_branch_operator.py
[2025-04-20T16:53:41.071+0800] {processor.py:208} INFO - Processing /Users/yueyaoz/Downloads/IS3107-FinSum/.airflow/lib/python3.10/site-packages/airflow/example_dags/example_branch_operator.py took 0.058 seconds
[2025-04-20T16:56:23.815+0800] {processor.py:186} INFO - Started process (PID=65923) to work on /Users/yueyaoz/Downloads/IS3107-FinSum/.airflow/lib/python3.10/site-packages/airflow/example_dags/example_branch_operator.py
[2025-04-20T16:56:23.816+0800] {processor.py:914} INFO - Processing file /Users/yueyaoz/Downloads/IS3107-FinSum/.airflow/lib/python3.10/site-packages/airflow/example_dags/example_branch_operator.py for tasks to queue
[2025-04-20T16:56:23.817+0800] {logging_mixin.py:190} INFO - [2025-04-20T16:56:23.817+0800] {dagbag.py:588} INFO - Filling up the DagBag from /Users/yueyaoz/Downloads/IS3107-FinSum/.airflow/lib/python3.10/site-packages/airflow/example_dags/example_branch_operator.py
[2025-04-20T16:56:23.826+0800] {processor.py:927} WARNING - No viable dags retrieved from /Users/yueyaoz/Downloads/IS3107-FinSum/.airflow/lib/python3.10/site-packages/airflow/example_dags/example_branch_operator.py
[2025-04-20T16:56:23.864+0800] {processor.py:208} INFO - Processing /Users/yueyaoz/Downloads/IS3107-FinSum/.airflow/lib/python3.10/site-packages/airflow/example_dags/example_branch_operator.py took 0.051 seconds
[2025-04-20T16:59:02.055+0800] {processor.py:186} INFO - Started process (PID=66122) to work on /Users/yueyaoz/Downloads/IS3107-FinSum/.airflow/lib/python3.10/site-packages/airflow/example_dags/example_branch_operator.py
[2025-04-20T16:59:02.057+0800] {processor.py:914} INFO - Processing file /Users/yueyaoz/Downloads/IS3107-FinSum/.airflow/lib/python3.10/site-packages/airflow/example_dags/example_branch_operator.py for tasks to queue
[2025-04-20T16:59:02.057+0800] {logging_mixin.py:190} INFO - [2025-04-20T16:59:02.057+0800] {dagbag.py:588} INFO - Filling up the DagBag from /Users/yueyaoz/Downloads/IS3107-FinSum/.airflow/lib/python3.10/site-packages/airflow/example_dags/example_branch_operator.py
[2025-04-20T16:59:02.066+0800] {processor.py:927} WARNING - No viable dags retrieved from /Users/yueyaoz/Downloads/IS3107-FinSum/.airflow/lib/python3.10/site-packages/airflow/example_dags/example_branch_operator.py
[2025-04-20T16:59:02.105+0800] {processor.py:208} INFO - Processing /Users/yueyaoz/Downloads/IS3107-FinSum/.airflow/lib/python3.10/site-packages/airflow/example_dags/example_branch_operator.py took 0.051 seconds
[2025-04-20T17:01:38.140+0800] {processor.py:186} INFO - Started process (PID=66316) to work on /Users/yueyaoz/Downloads/IS3107-FinSum/.airflow/lib/python3.10/site-packages/airflow/example_dags/example_branch_operator.py
[2025-04-20T17:01:38.141+0800] {processor.py:914} INFO - Processing file /Users/yueyaoz/Downloads/IS3107-FinSum/.airflow/lib/python3.10/site-packages/airflow/example_dags/example_branch_operator.py for tasks to queue
[2025-04-20T17:01:38.142+0800] {logging_mixin.py:190} INFO - [2025-04-20T17:01:38.141+0800] {dagbag.py:588} INFO - Filling up the DagBag from /Users/yueyaoz/Downloads/IS3107-FinSum/.airflow/lib/python3.10/site-packages/airflow/example_dags/example_branch_operator.py
[2025-04-20T17:01:38.150+0800] {processor.py:927} WARNING - No viable dags retrieved from /Users/yueyaoz/Downloads/IS3107-FinSum/.airflow/lib/python3.10/site-packages/airflow/example_dags/example_branch_operator.py
[2025-04-20T17:01:38.189+0800] {processor.py:208} INFO - Processing /Users/yueyaoz/Downloads/IS3107-FinSum/.airflow/lib/python3.10/site-packages/airflow/example_dags/example_branch_operator.py took 0.050 seconds
[2025-04-20T17:04:22.912+0800] {processor.py:186} INFO - Started process (PID=66532) to work on /Users/yueyaoz/Downloads/IS3107-FinSum/.airflow/lib/python3.10/site-packages/airflow/example_dags/example_branch_operator.py
[2025-04-20T17:04:22.913+0800] {processor.py:914} INFO - Processing file /Users/yueyaoz/Downloads/IS3107-FinSum/.airflow/lib/python3.10/site-packages/airflow/example_dags/example_branch_operator.py for tasks to queue
[2025-04-20T17:04:22.913+0800] {logging_mixin.py:190} INFO - [2025-04-20T17:04:22.913+0800] {dagbag.py:588} INFO - Filling up the DagBag from /Users/yueyaoz/Downloads/IS3107-FinSum/.airflow/lib/python3.10/site-packages/airflow/example_dags/example_branch_operator.py
[2025-04-20T17:04:22.923+0800] {processor.py:927} WARNING - No viable dags retrieved from /Users/yueyaoz/Downloads/IS3107-FinSum/.airflow/lib/python3.10/site-packages/airflow/example_dags/example_branch_operator.py
[2025-04-20T17:04:22.962+0800] {processor.py:208} INFO - Processing /Users/yueyaoz/Downloads/IS3107-FinSum/.airflow/lib/python3.10/site-packages/airflow/example_dags/example_branch_operator.py took 0.051 seconds
[2025-04-20T17:06:58.565+0800] {processor.py:186} INFO - Started process (PID=66737) to work on /Users/yueyaoz/Downloads/IS3107-FinSum/.airflow/lib/python3.10/site-packages/airflow/example_dags/example_branch_operator.py
[2025-04-20T17:06:58.566+0800] {processor.py:914} INFO - Processing file /Users/yueyaoz/Downloads/IS3107-FinSum/.airflow/lib/python3.10/site-packages/airflow/example_dags/example_branch_operator.py for tasks to queue
[2025-04-20T17:06:58.567+0800] {logging_mixin.py:190} INFO - [2025-04-20T17:06:58.566+0800] {dagbag.py:588} INFO - Filling up the DagBag from /Users/yueyaoz/Downloads/IS3107-FinSum/.airflow/lib/python3.10/site-packages/airflow/example_dags/example_branch_operator.py
[2025-04-20T17:06:58.575+0800] {processor.py:927} WARNING - No viable dags retrieved from /Users/yueyaoz/Downloads/IS3107-FinSum/.airflow/lib/python3.10/site-packages/airflow/example_dags/example_branch_operator.py
[2025-04-20T17:06:58.612+0800] {processor.py:208} INFO - Processing /Users/yueyaoz/Downloads/IS3107-FinSum/.airflow/lib/python3.10/site-packages/airflow/example_dags/example_branch_operator.py took 0.049 seconds
[2025-04-20T17:09:32.895+0800] {processor.py:186} INFO - Started process (PID=66944) to work on /Users/yueyaoz/Downloads/IS3107-FinSum/.airflow/lib/python3.10/site-packages/airflow/example_dags/example_branch_operator.py
[2025-04-20T17:09:32.896+0800] {processor.py:914} INFO - Processing file /Users/yueyaoz/Downloads/IS3107-FinSum/.airflow/lib/python3.10/site-packages/airflow/example_dags/example_branch_operator.py for tasks to queue
[2025-04-20T17:09:32.897+0800] {logging_mixin.py:190} INFO - [2025-04-20T17:09:32.896+0800] {dagbag.py:588} INFO - Filling up the DagBag from /Users/yueyaoz/Downloads/IS3107-FinSum/.airflow/lib/python3.10/site-packages/airflow/example_dags/example_branch_operator.py
[2025-04-20T17:09:32.905+0800] {processor.py:927} WARNING - No viable dags retrieved from /Users/yueyaoz/Downloads/IS3107-FinSum/.airflow/lib/python3.10/site-packages/airflow/example_dags/example_branch_operator.py
[2025-04-20T17:09:32.943+0800] {processor.py:208} INFO - Processing /Users/yueyaoz/Downloads/IS3107-FinSum/.airflow/lib/python3.10/site-packages/airflow/example_dags/example_branch_operator.py took 0.050 seconds
[2025-04-20T17:12:03.364+0800] {processor.py:186} INFO - Started process (PID=67135) to work on /Users/yueyaoz/Downloads/IS3107-FinSum/.airflow/lib/python3.10/site-packages/airflow/example_dags/example_branch_operator.py
[2025-04-20T17:12:03.366+0800] {processor.py:914} INFO - Processing file /Users/yueyaoz/Downloads/IS3107-FinSum/.airflow/lib/python3.10/site-packages/airflow/example_dags/example_branch_operator.py for tasks to queue
[2025-04-20T17:12:03.366+0800] {logging_mixin.py:190} INFO - [2025-04-20T17:12:03.366+0800] {dagbag.py:588} INFO - Filling up the DagBag from /Users/yueyaoz/Downloads/IS3107-FinSum/.airflow/lib/python3.10/site-packages/airflow/example_dags/example_branch_operator.py
[2025-04-20T17:12:03.375+0800] {processor.py:927} WARNING - No viable dags retrieved from /Users/yueyaoz/Downloads/IS3107-FinSum/.airflow/lib/python3.10/site-packages/airflow/example_dags/example_branch_operator.py
[2025-04-20T17:12:03.413+0800] {processor.py:208} INFO - Processing /Users/yueyaoz/Downloads/IS3107-FinSum/.airflow/lib/python3.10/site-packages/airflow/example_dags/example_branch_operator.py took 0.050 seconds
[2025-04-20T17:14:29.428+0800] {processor.py:186} INFO - Started process (PID=67325) to work on /Users/yueyaoz/Downloads/IS3107-FinSum/.airflow/lib/python3.10/site-packages/airflow/example_dags/example_branch_operator.py
[2025-04-20T17:14:29.429+0800] {processor.py:914} INFO - Processing file /Users/yueyaoz/Downloads/IS3107-FinSum/.airflow/lib/python3.10/site-packages/airflow/example_dags/example_branch_operator.py for tasks to queue
[2025-04-20T17:14:29.429+0800] {logging_mixin.py:190} INFO - [2025-04-20T17:14:29.429+0800] {dagbag.py:588} INFO - Filling up the DagBag from /Users/yueyaoz/Downloads/IS3107-FinSum/.airflow/lib/python3.10/site-packages/airflow/example_dags/example_branch_operator.py
[2025-04-20T17:14:29.438+0800] {processor.py:927} WARNING - No viable dags retrieved from /Users/yueyaoz/Downloads/IS3107-FinSum/.airflow/lib/python3.10/site-packages/airflow/example_dags/example_branch_operator.py
[2025-04-20T17:14:29.475+0800] {processor.py:208} INFO - Processing /Users/yueyaoz/Downloads/IS3107-FinSum/.airflow/lib/python3.10/site-packages/airflow/example_dags/example_branch_operator.py took 0.049 seconds
[2025-04-20T17:16:58.872+0800] {processor.py:186} INFO - Started process (PID=67521) to work on /Users/yueyaoz/Downloads/IS3107-FinSum/.airflow/lib/python3.10/site-packages/airflow/example_dags/example_branch_operator.py
[2025-04-20T17:16:58.873+0800] {processor.py:914} INFO - Processing file /Users/yueyaoz/Downloads/IS3107-FinSum/.airflow/lib/python3.10/site-packages/airflow/example_dags/example_branch_operator.py for tasks to queue
[2025-04-20T17:16:58.874+0800] {logging_mixin.py:190} INFO - [2025-04-20T17:16:58.873+0800] {dagbag.py:588} INFO - Filling up the DagBag from /Users/yueyaoz/Downloads/IS3107-FinSum/.airflow/lib/python3.10/site-packages/airflow/example_dags/example_branch_operator.py
[2025-04-20T17:16:58.883+0800] {processor.py:927} WARNING - No viable dags retrieved from /Users/yueyaoz/Downloads/IS3107-FinSum/.airflow/lib/python3.10/site-packages/airflow/example_dags/example_branch_operator.py
[2025-04-20T17:16:58.920+0800] {processor.py:208} INFO - Processing /Users/yueyaoz/Downloads/IS3107-FinSum/.airflow/lib/python3.10/site-packages/airflow/example_dags/example_branch_operator.py took 0.050 seconds
[2025-04-20T17:19:32.470+0800] {processor.py:186} INFO - Started process (PID=67727) to work on /Users/yueyaoz/Downloads/IS3107-FinSum/.airflow/lib/python3.10/site-packages/airflow/example_dags/example_branch_operator.py
[2025-04-20T17:19:32.472+0800] {processor.py:914} INFO - Processing file /Users/yueyaoz/Downloads/IS3107-FinSum/.airflow/lib/python3.10/site-packages/airflow/example_dags/example_branch_operator.py for tasks to queue
[2025-04-20T17:19:32.472+0800] {logging_mixin.py:190} INFO - [2025-04-20T17:19:32.472+0800] {dagbag.py:588} INFO - Filling up the DagBag from /Users/yueyaoz/Downloads/IS3107-FinSum/.airflow/lib/python3.10/site-packages/airflow/example_dags/example_branch_operator.py
[2025-04-20T17:19:32.480+0800] {processor.py:927} WARNING - No viable dags retrieved from /Users/yueyaoz/Downloads/IS3107-FinSum/.airflow/lib/python3.10/site-packages/airflow/example_dags/example_branch_operator.py
[2025-04-20T17:19:32.517+0800] {processor.py:208} INFO - Processing /Users/yueyaoz/Downloads/IS3107-FinSum/.airflow/lib/python3.10/site-packages/airflow/example_dags/example_branch_operator.py took 0.048 seconds
[2025-04-20T17:21:59.142+0800] {processor.py:186} INFO - Started process (PID=67945) to work on /Users/yueyaoz/Downloads/IS3107-FinSum/.airflow/lib/python3.10/site-packages/airflow/example_dags/example_branch_operator.py
[2025-04-20T17:21:59.144+0800] {processor.py:914} INFO - Processing file /Users/yueyaoz/Downloads/IS3107-FinSum/.airflow/lib/python3.10/site-packages/airflow/example_dags/example_branch_operator.py for tasks to queue
[2025-04-20T17:21:59.144+0800] {logging_mixin.py:190} INFO - [2025-04-20T17:21:59.144+0800] {dagbag.py:588} INFO - Filling up the DagBag from /Users/yueyaoz/Downloads/IS3107-FinSum/.airflow/lib/python3.10/site-packages/airflow/example_dags/example_branch_operator.py
[2025-04-20T17:21:59.153+0800] {processor.py:927} WARNING - No viable dags retrieved from /Users/yueyaoz/Downloads/IS3107-FinSum/.airflow/lib/python3.10/site-packages/airflow/example_dags/example_branch_operator.py
[2025-04-20T17:21:59.191+0800] {processor.py:208} INFO - Processing /Users/yueyaoz/Downloads/IS3107-FinSum/.airflow/lib/python3.10/site-packages/airflow/example_dags/example_branch_operator.py took 0.050 seconds
[2025-04-20T17:24:30.561+0800] {processor.py:186} INFO - Started process (PID=68142) to work on /Users/yueyaoz/Downloads/IS3107-FinSum/.airflow/lib/python3.10/site-packages/airflow/example_dags/example_branch_operator.py
[2025-04-20T17:24:30.561+0800] {processor.py:914} INFO - Processing file /Users/yueyaoz/Downloads/IS3107-FinSum/.airflow/lib/python3.10/site-packages/airflow/example_dags/example_branch_operator.py for tasks to queue
[2025-04-20T17:24:30.561+0800] {logging_mixin.py:190} INFO - [2025-04-20T17:24:30.561+0800] {dagbag.py:588} INFO - Filling up the DagBag from /Users/yueyaoz/Downloads/IS3107-FinSum/.airflow/lib/python3.10/site-packages/airflow/example_dags/example_branch_operator.py
[2025-04-20T17:24:30.569+0800] {processor.py:927} WARNING - No viable dags retrieved from /Users/yueyaoz/Downloads/IS3107-FinSum/.airflow/lib/python3.10/site-packages/airflow/example_dags/example_branch_operator.py
[2025-04-20T17:24:30.607+0800] {processor.py:208} INFO - Processing /Users/yueyaoz/Downloads/IS3107-FinSum/.airflow/lib/python3.10/site-packages/airflow/example_dags/example_branch_operator.py took 0.047 seconds
