[2025-04-20T08:07:52.983+0800] {processor.py:186} INFO - Started process (PID=56251) to work on /Users/yueyaoz/Downloads/IS3107-FinSum/.airflow/lib/python3.10/site-packages/airflow/example_dags/example_bash_operator.py
[2025-04-20T08:07:52.983+0800] {processor.py:914} INFO - Processing file /Users/yueyaoz/Downloads/IS3107-FinSum/.airflow/lib/python3.10/site-packages/airflow/example_dags/example_bash_operator.py for tasks to queue
[2025-04-20T08:07:52.984+0800] {logging_mixin.py:190} INFO - [2025-04-20T08:07:52.984+0800] {dagbag.py:588} INFO - Filling up the DagBag from /Users/yueyaoz/Downloads/IS3107-FinSum/.airflow/lib/python3.10/site-packages/airflow/example_dags/example_bash_operator.py
[2025-04-20T08:07:52.991+0800] {processor.py:925} INFO - DAG(s) 'example_bash_operator' retrieved from /Users/yueyaoz/Downloads/IS3107-FinSum/.airflow/lib/python3.10/site-packages/airflow/example_dags/example_bash_operator.py
[2025-04-20T08:07:53.037+0800] {logging_mixin.py:190} INFO - [2025-04-20T08:07:53.037+0800] {dag.py:3239} INFO - Sync 1 DAGs
[2025-04-20T08:07:53.044+0800] {logging_mixin.py:190} INFO - [2025-04-20T08:07:53.044+0800] {dag.py:4180} INFO - Setting next_dagrun for example_bash_operator to 2025-04-19 00:00:00+00:00, run_after=2025-04-20 00:00:00+00:00
[2025-04-20T08:07:53.051+0800] {processor.py:208} INFO - Processing /Users/yueyaoz/Downloads/IS3107-FinSum/.airflow/lib/python3.10/site-packages/airflow/example_dags/example_bash_operator.py took 0.070 seconds
[2025-04-20T08:10:24.561+0800] {processor.py:186} INFO - Started process (PID=56451) to work on /Users/yueyaoz/Downloads/IS3107-FinSum/.airflow/lib/python3.10/site-packages/airflow/example_dags/example_bash_operator.py
[2025-04-20T08:10:24.561+0800] {processor.py:914} INFO - Processing file /Users/yueyaoz/Downloads/IS3107-FinSum/.airflow/lib/python3.10/site-packages/airflow/example_dags/example_bash_operator.py for tasks to queue
[2025-04-20T08:10:24.562+0800] {logging_mixin.py:190} INFO - [2025-04-20T08:10:24.562+0800] {dagbag.py:588} INFO - Filling up the DagBag from /Users/yueyaoz/Downloads/IS3107-FinSum/.airflow/lib/python3.10/site-packages/airflow/example_dags/example_bash_operator.py
[2025-04-20T08:10:24.568+0800] {processor.py:925} INFO - DAG(s) 'example_bash_operator' retrieved from /Users/yueyaoz/Downloads/IS3107-FinSum/.airflow/lib/python3.10/site-packages/airflow/example_dags/example_bash_operator.py
[2025-04-20T08:10:24.613+0800] {logging_mixin.py:190} INFO - [2025-04-20T08:10:24.613+0800] {dag.py:3239} INFO - Sync 1 DAGs
[2025-04-20T08:10:24.621+0800] {logging_mixin.py:190} INFO - [2025-04-20T08:10:24.621+0800] {dag.py:4180} INFO - Setting next_dagrun for example_bash_operator to 2025-04-19 00:00:00+00:00, run_after=2025-04-20 00:00:00+00:00
[2025-04-20T08:10:24.629+0800] {processor.py:208} INFO - Processing /Users/yueyaoz/Downloads/IS3107-FinSum/.airflow/lib/python3.10/site-packages/airflow/example_dags/example_bash_operator.py took 0.069 seconds
[2025-04-20T08:13:02.275+0800] {processor.py:186} INFO - Started process (PID=56650) to work on /Users/yueyaoz/Downloads/IS3107-FinSum/.airflow/lib/python3.10/site-packages/airflow/example_dags/example_bash_operator.py
[2025-04-20T08:13:02.276+0800] {processor.py:914} INFO - Processing file /Users/yueyaoz/Downloads/IS3107-FinSum/.airflow/lib/python3.10/site-packages/airflow/example_dags/example_bash_operator.py for tasks to queue
[2025-04-20T08:13:02.276+0800] {logging_mixin.py:190} INFO - [2025-04-20T08:13:02.276+0800] {dagbag.py:588} INFO - Filling up the DagBag from /Users/yueyaoz/Downloads/IS3107-FinSum/.airflow/lib/python3.10/site-packages/airflow/example_dags/example_bash_operator.py
[2025-04-20T08:13:02.282+0800] {processor.py:925} INFO - DAG(s) 'example_bash_operator' retrieved from /Users/yueyaoz/Downloads/IS3107-FinSum/.airflow/lib/python3.10/site-packages/airflow/example_dags/example_bash_operator.py
[2025-04-20T08:13:02.329+0800] {logging_mixin.py:190} INFO - [2025-04-20T08:13:02.329+0800] {dag.py:3239} INFO - Sync 1 DAGs
[2025-04-20T08:13:02.336+0800] {logging_mixin.py:190} INFO - [2025-04-20T08:13:02.336+0800] {dag.py:4180} INFO - Setting next_dagrun for example_bash_operator to 2025-04-19 00:00:00+00:00, run_after=2025-04-20 00:00:00+00:00
[2025-04-20T08:13:02.344+0800] {processor.py:208} INFO - Processing /Users/yueyaoz/Downloads/IS3107-FinSum/.airflow/lib/python3.10/site-packages/airflow/example_dags/example_bash_operator.py took 0.070 seconds
[2025-04-20T08:30:37.787+0800] {processor.py:186} INFO - Started process (PID=56855) to work on /Users/yueyaoz/Downloads/IS3107-FinSum/.airflow/lib/python3.10/site-packages/airflow/example_dags/example_bash_operator.py
[2025-04-20T08:30:37.788+0800] {processor.py:914} INFO - Processing file /Users/yueyaoz/Downloads/IS3107-FinSum/.airflow/lib/python3.10/site-packages/airflow/example_dags/example_bash_operator.py for tasks to queue
[2025-04-20T08:30:37.789+0800] {logging_mixin.py:190} INFO - [2025-04-20T08:30:37.788+0800] {dagbag.py:588} INFO - Filling up the DagBag from /Users/yueyaoz/Downloads/IS3107-FinSum/.airflow/lib/python3.10/site-packages/airflow/example_dags/example_bash_operator.py
[2025-04-20T08:30:37.794+0800] {processor.py:925} INFO - DAG(s) 'example_bash_operator' retrieved from /Users/yueyaoz/Downloads/IS3107-FinSum/.airflow/lib/python3.10/site-packages/airflow/example_dags/example_bash_operator.py
[2025-04-20T08:30:37.840+0800] {logging_mixin.py:190} INFO - [2025-04-20T08:30:37.839+0800] {dag.py:3239} INFO - Sync 1 DAGs
[2025-04-20T08:30:37.847+0800] {logging_mixin.py:190} INFO - [2025-04-20T08:30:37.847+0800] {dag.py:4180} INFO - Setting next_dagrun for example_bash_operator to 2025-04-19 00:00:00+00:00, run_after=2025-04-20 00:00:00+00:00
[2025-04-20T08:30:37.854+0800] {processor.py:208} INFO - Processing /Users/yueyaoz/Downloads/IS3107-FinSum/.airflow/lib/python3.10/site-packages/airflow/example_dags/example_bash_operator.py took 0.069 seconds
[2025-04-20T08:50:43.819+0800] {processor.py:186} INFO - Started process (PID=57096) to work on /Users/yueyaoz/Downloads/IS3107-FinSum/.airflow/lib/python3.10/site-packages/airflow/example_dags/example_bash_operator.py
[2025-04-20T08:50:43.821+0800] {processor.py:914} INFO - Processing file /Users/yueyaoz/Downloads/IS3107-FinSum/.airflow/lib/python3.10/site-packages/airflow/example_dags/example_bash_operator.py for tasks to queue
[2025-04-20T08:50:43.821+0800] {logging_mixin.py:190} INFO - [2025-04-20T08:50:43.821+0800] {dagbag.py:588} INFO - Filling up the DagBag from /Users/yueyaoz/Downloads/IS3107-FinSum/.airflow/lib/python3.10/site-packages/airflow/example_dags/example_bash_operator.py
[2025-04-20T08:50:43.827+0800] {processor.py:925} INFO - DAG(s) 'example_bash_operator' retrieved from /Users/yueyaoz/Downloads/IS3107-FinSum/.airflow/lib/python3.10/site-packages/airflow/example_dags/example_bash_operator.py
[2025-04-20T08:50:43.872+0800] {logging_mixin.py:190} INFO - [2025-04-20T08:50:43.872+0800] {dag.py:3239} INFO - Sync 1 DAGs
[2025-04-20T08:50:43.879+0800] {logging_mixin.py:190} INFO - [2025-04-20T08:50:43.879+0800] {dag.py:4180} INFO - Setting next_dagrun for example_bash_operator to 2025-04-19 00:00:00+00:00, run_after=2025-04-20 00:00:00+00:00
[2025-04-20T08:50:43.887+0800] {processor.py:208} INFO - Processing /Users/yueyaoz/Downloads/IS3107-FinSum/.airflow/lib/python3.10/site-packages/airflow/example_dags/example_bash_operator.py took 0.070 seconds
[2025-04-20T08:53:20.171+0800] {processor.py:186} INFO - Started process (PID=57288) to work on /Users/yueyaoz/Downloads/IS3107-FinSum/.airflow/lib/python3.10/site-packages/airflow/example_dags/example_bash_operator.py
[2025-04-20T08:53:20.172+0800] {processor.py:914} INFO - Processing file /Users/yueyaoz/Downloads/IS3107-FinSum/.airflow/lib/python3.10/site-packages/airflow/example_dags/example_bash_operator.py for tasks to queue
[2025-04-20T08:53:20.173+0800] {logging_mixin.py:190} INFO - [2025-04-20T08:53:20.173+0800] {dagbag.py:588} INFO - Filling up the DagBag from /Users/yueyaoz/Downloads/IS3107-FinSum/.airflow/lib/python3.10/site-packages/airflow/example_dags/example_bash_operator.py
[2025-04-20T08:53:20.179+0800] {processor.py:925} INFO - DAG(s) 'example_bash_operator' retrieved from /Users/yueyaoz/Downloads/IS3107-FinSum/.airflow/lib/python3.10/site-packages/airflow/example_dags/example_bash_operator.py
[2025-04-20T08:53:20.224+0800] {logging_mixin.py:190} INFO - [2025-04-20T08:53:20.224+0800] {dag.py:3239} INFO - Sync 1 DAGs
[2025-04-20T08:53:20.231+0800] {logging_mixin.py:190} INFO - [2025-04-20T08:53:20.231+0800] {dag.py:4180} INFO - Setting next_dagrun for example_bash_operator to 2025-04-19 00:00:00+00:00, run_after=2025-04-20 00:00:00+00:00
[2025-04-20T08:53:20.238+0800] {processor.py:208} INFO - Processing /Users/yueyaoz/Downloads/IS3107-FinSum/.airflow/lib/python3.10/site-packages/airflow/example_dags/example_bash_operator.py took 0.069 seconds
[2025-04-20T08:56:01.429+0800] {processor.py:186} INFO - Started process (PID=57481) to work on /Users/yueyaoz/Downloads/IS3107-FinSum/.airflow/lib/python3.10/site-packages/airflow/example_dags/example_bash_operator.py
[2025-04-20T08:56:01.431+0800] {processor.py:914} INFO - Processing file /Users/yueyaoz/Downloads/IS3107-FinSum/.airflow/lib/python3.10/site-packages/airflow/example_dags/example_bash_operator.py for tasks to queue
[2025-04-20T08:56:01.431+0800] {logging_mixin.py:190} INFO - [2025-04-20T08:56:01.431+0800] {dagbag.py:588} INFO - Filling up the DagBag from /Users/yueyaoz/Downloads/IS3107-FinSum/.airflow/lib/python3.10/site-packages/airflow/example_dags/example_bash_operator.py
[2025-04-20T08:56:01.437+0800] {processor.py:925} INFO - DAG(s) 'example_bash_operator' retrieved from /Users/yueyaoz/Downloads/IS3107-FinSum/.airflow/lib/python3.10/site-packages/airflow/example_dags/example_bash_operator.py
[2025-04-20T08:56:01.483+0800] {logging_mixin.py:190} INFO - [2025-04-20T08:56:01.482+0800] {dag.py:3239} INFO - Sync 1 DAGs
[2025-04-20T08:56:01.490+0800] {logging_mixin.py:190} INFO - [2025-04-20T08:56:01.490+0800] {dag.py:4180} INFO - Setting next_dagrun for example_bash_operator to 2025-04-19 00:00:00+00:00, run_after=2025-04-20 00:00:00+00:00
[2025-04-20T08:56:01.497+0800] {processor.py:208} INFO - Processing /Users/yueyaoz/Downloads/IS3107-FinSum/.airflow/lib/python3.10/site-packages/airflow/example_dags/example_bash_operator.py took 0.070 seconds
[2025-04-20T08:58:31.123+0800] {processor.py:186} INFO - Started process (PID=57674) to work on /Users/yueyaoz/Downloads/IS3107-FinSum/.airflow/lib/python3.10/site-packages/airflow/example_dags/example_bash_operator.py
[2025-04-20T08:58:31.124+0800] {processor.py:914} INFO - Processing file /Users/yueyaoz/Downloads/IS3107-FinSum/.airflow/lib/python3.10/site-packages/airflow/example_dags/example_bash_operator.py for tasks to queue
[2025-04-20T08:58:31.124+0800] {logging_mixin.py:190} INFO - [2025-04-20T08:58:31.124+0800] {dagbag.py:588} INFO - Filling up the DagBag from /Users/yueyaoz/Downloads/IS3107-FinSum/.airflow/lib/python3.10/site-packages/airflow/example_dags/example_bash_operator.py
[2025-04-20T08:58:31.130+0800] {processor.py:925} INFO - DAG(s) 'example_bash_operator' retrieved from /Users/yueyaoz/Downloads/IS3107-FinSum/.airflow/lib/python3.10/site-packages/airflow/example_dags/example_bash_operator.py
[2025-04-20T08:58:31.175+0800] {logging_mixin.py:190} INFO - [2025-04-20T08:58:31.175+0800] {dag.py:3239} INFO - Sync 1 DAGs
[2025-04-20T08:58:31.182+0800] {logging_mixin.py:190} INFO - [2025-04-20T08:58:31.182+0800] {dag.py:4180} INFO - Setting next_dagrun for example_bash_operator to 2025-04-19 00:00:00+00:00, run_after=2025-04-20 00:00:00+00:00
[2025-04-20T08:58:31.190+0800] {processor.py:208} INFO - Processing /Users/yueyaoz/Downloads/IS3107-FinSum/.airflow/lib/python3.10/site-packages/airflow/example_dags/example_bash_operator.py took 0.068 seconds
[2025-04-20T09:01:46.265+0800] {processor.py:186} INFO - Started process (PID=57905) to work on /Users/yueyaoz/Downloads/IS3107-FinSum/.airflow/lib/python3.10/site-packages/airflow/example_dags/example_bash_operator.py
[2025-04-20T09:01:46.267+0800] {processor.py:914} INFO - Processing file /Users/yueyaoz/Downloads/IS3107-FinSum/.airflow/lib/python3.10/site-packages/airflow/example_dags/example_bash_operator.py for tasks to queue
[2025-04-20T09:01:46.267+0800] {logging_mixin.py:190} INFO - [2025-04-20T09:01:46.267+0800] {dagbag.py:588} INFO - Filling up the DagBag from /Users/yueyaoz/Downloads/IS3107-FinSum/.airflow/lib/python3.10/site-packages/airflow/example_dags/example_bash_operator.py
[2025-04-20T09:01:46.273+0800] {processor.py:925} INFO - DAG(s) 'example_bash_operator' retrieved from /Users/yueyaoz/Downloads/IS3107-FinSum/.airflow/lib/python3.10/site-packages/airflow/example_dags/example_bash_operator.py
[2025-04-20T09:01:46.319+0800] {logging_mixin.py:190} INFO - [2025-04-20T09:01:46.318+0800] {dag.py:3239} INFO - Sync 1 DAGs
[2025-04-20T09:01:46.326+0800] {logging_mixin.py:190} INFO - [2025-04-20T09:01:46.326+0800] {dag.py:4180} INFO - Setting next_dagrun for example_bash_operator to 2025-04-19 00:00:00+00:00, run_after=2025-04-20 00:00:00+00:00
[2025-04-20T09:01:46.332+0800] {processor.py:208} INFO - Processing /Users/yueyaoz/Downloads/IS3107-FinSum/.airflow/lib/python3.10/site-packages/airflow/example_dags/example_bash_operator.py took 0.069 seconds
[2025-04-20T09:20:39.210+0800] {processor.py:186} INFO - Started process (PID=58138) to work on /Users/yueyaoz/Downloads/IS3107-FinSum/.airflow/lib/python3.10/site-packages/airflow/example_dags/example_bash_operator.py
[2025-04-20T09:20:39.212+0800] {processor.py:914} INFO - Processing file /Users/yueyaoz/Downloads/IS3107-FinSum/.airflow/lib/python3.10/site-packages/airflow/example_dags/example_bash_operator.py for tasks to queue
[2025-04-20T09:20:39.212+0800] {logging_mixin.py:190} INFO - [2025-04-20T09:20:39.212+0800] {dagbag.py:588} INFO - Filling up the DagBag from /Users/yueyaoz/Downloads/IS3107-FinSum/.airflow/lib/python3.10/site-packages/airflow/example_dags/example_bash_operator.py
[2025-04-20T09:20:39.218+0800] {processor.py:925} INFO - DAG(s) 'example_bash_operator' retrieved from /Users/yueyaoz/Downloads/IS3107-FinSum/.airflow/lib/python3.10/site-packages/airflow/example_dags/example_bash_operator.py
[2025-04-20T09:20:39.263+0800] {logging_mixin.py:190} INFO - [2025-04-20T09:20:39.263+0800] {dag.py:3239} INFO - Sync 1 DAGs
[2025-04-20T09:20:39.271+0800] {logging_mixin.py:190} INFO - [2025-04-20T09:20:39.270+0800] {dag.py:4180} INFO - Setting next_dagrun for example_bash_operator to 2025-04-19 00:00:00+00:00, run_after=2025-04-20 00:00:00+00:00
[2025-04-20T09:20:39.278+0800] {processor.py:208} INFO - Processing /Users/yueyaoz/Downloads/IS3107-FinSum/.airflow/lib/python3.10/site-packages/airflow/example_dags/example_bash_operator.py took 0.069 seconds
[2025-04-20T09:23:11.160+0800] {processor.py:186} INFO - Started process (PID=58340) to work on /Users/yueyaoz/Downloads/IS3107-FinSum/.airflow/lib/python3.10/site-packages/airflow/example_dags/example_bash_operator.py
[2025-04-20T09:23:11.161+0800] {processor.py:914} INFO - Processing file /Users/yueyaoz/Downloads/IS3107-FinSum/.airflow/lib/python3.10/site-packages/airflow/example_dags/example_bash_operator.py for tasks to queue
[2025-04-20T09:23:11.161+0800] {logging_mixin.py:190} INFO - [2025-04-20T09:23:11.161+0800] {dagbag.py:588} INFO - Filling up the DagBag from /Users/yueyaoz/Downloads/IS3107-FinSum/.airflow/lib/python3.10/site-packages/airflow/example_dags/example_bash_operator.py
[2025-04-20T09:23:11.167+0800] {processor.py:925} INFO - DAG(s) 'example_bash_operator' retrieved from /Users/yueyaoz/Downloads/IS3107-FinSum/.airflow/lib/python3.10/site-packages/airflow/example_dags/example_bash_operator.py
[2025-04-20T09:23:11.216+0800] {logging_mixin.py:190} INFO - [2025-04-20T09:23:11.215+0800] {dag.py:3239} INFO - Sync 1 DAGs
[2025-04-20T09:23:11.223+0800] {logging_mixin.py:190} INFO - [2025-04-20T09:23:11.223+0800] {dag.py:4180} INFO - Setting next_dagrun for example_bash_operator to 2025-04-19 00:00:00+00:00, run_after=2025-04-20 00:00:00+00:00
[2025-04-20T09:23:11.230+0800] {processor.py:208} INFO - Processing /Users/yueyaoz/Downloads/IS3107-FinSum/.airflow/lib/python3.10/site-packages/airflow/example_dags/example_bash_operator.py took 0.071 seconds
[2025-04-20T09:30:42.228+0800] {processor.py:186} INFO - Started process (PID=58605) to work on /Users/yueyaoz/Downloads/IS3107-FinSum/.airflow/lib/python3.10/site-packages/airflow/example_dags/example_bash_operator.py
[2025-04-20T09:30:42.229+0800] {processor.py:914} INFO - Processing file /Users/yueyaoz/Downloads/IS3107-FinSum/.airflow/lib/python3.10/site-packages/airflow/example_dags/example_bash_operator.py for tasks to queue
[2025-04-20T09:30:42.230+0800] {logging_mixin.py:190} INFO - [2025-04-20T09:30:42.230+0800] {dagbag.py:588} INFO - Filling up the DagBag from /Users/yueyaoz/Downloads/IS3107-FinSum/.airflow/lib/python3.10/site-packages/airflow/example_dags/example_bash_operator.py
[2025-04-20T09:30:42.236+0800] {processor.py:925} INFO - DAG(s) 'example_bash_operator' retrieved from /Users/yueyaoz/Downloads/IS3107-FinSum/.airflow/lib/python3.10/site-packages/airflow/example_dags/example_bash_operator.py
[2025-04-20T09:30:42.283+0800] {logging_mixin.py:190} INFO - [2025-04-20T09:30:42.283+0800] {dag.py:3239} INFO - Sync 1 DAGs
[2025-04-20T09:30:42.290+0800] {logging_mixin.py:190} INFO - [2025-04-20T09:30:42.290+0800] {dag.py:4180} INFO - Setting next_dagrun for example_bash_operator to 2025-04-19 00:00:00+00:00, run_after=2025-04-20 00:00:00+00:00
[2025-04-20T09:30:42.297+0800] {processor.py:208} INFO - Processing /Users/yueyaoz/Downloads/IS3107-FinSum/.airflow/lib/python3.10/site-packages/airflow/example_dags/example_bash_operator.py took 0.070 seconds
[2025-04-20T09:48:50.774+0800] {processor.py:186} INFO - Started process (PID=58816) to work on /Users/yueyaoz/Downloads/IS3107-FinSum/.airflow/lib/python3.10/site-packages/airflow/example_dags/example_bash_operator.py
[2025-04-20T09:48:50.775+0800] {processor.py:914} INFO - Processing file /Users/yueyaoz/Downloads/IS3107-FinSum/.airflow/lib/python3.10/site-packages/airflow/example_dags/example_bash_operator.py for tasks to queue
[2025-04-20T09:48:50.776+0800] {logging_mixin.py:190} INFO - [2025-04-20T09:48:50.776+0800] {dagbag.py:588} INFO - Filling up the DagBag from /Users/yueyaoz/Downloads/IS3107-FinSum/.airflow/lib/python3.10/site-packages/airflow/example_dags/example_bash_operator.py
[2025-04-20T09:48:50.781+0800] {processor.py:925} INFO - DAG(s) 'example_bash_operator' retrieved from /Users/yueyaoz/Downloads/IS3107-FinSum/.airflow/lib/python3.10/site-packages/airflow/example_dags/example_bash_operator.py
[2025-04-20T09:48:50.826+0800] {logging_mixin.py:190} INFO - [2025-04-20T09:48:50.825+0800] {dag.py:3239} INFO - Sync 1 DAGs
[2025-04-20T09:48:50.832+0800] {logging_mixin.py:190} INFO - [2025-04-20T09:48:50.832+0800] {dag.py:4180} INFO - Setting next_dagrun for example_bash_operator to 2025-04-19 00:00:00+00:00, run_after=2025-04-20 00:00:00+00:00
[2025-04-20T09:48:50.839+0800] {processor.py:208} INFO - Processing /Users/yueyaoz/Downloads/IS3107-FinSum/.airflow/lib/python3.10/site-packages/airflow/example_dags/example_bash_operator.py took 0.066 seconds
[2025-04-20T09:51:24.698+0800] {processor.py:186} INFO - Started process (PID=59020) to work on /Users/yueyaoz/Downloads/IS3107-FinSum/.airflow/lib/python3.10/site-packages/airflow/example_dags/example_bash_operator.py
[2025-04-20T09:51:24.698+0800] {processor.py:914} INFO - Processing file /Users/yueyaoz/Downloads/IS3107-FinSum/.airflow/lib/python3.10/site-packages/airflow/example_dags/example_bash_operator.py for tasks to queue
[2025-04-20T09:51:24.699+0800] {logging_mixin.py:190} INFO - [2025-04-20T09:51:24.699+0800] {dagbag.py:588} INFO - Filling up the DagBag from /Users/yueyaoz/Downloads/IS3107-FinSum/.airflow/lib/python3.10/site-packages/airflow/example_dags/example_bash_operator.py
[2025-04-20T09:51:24.705+0800] {processor.py:925} INFO - DAG(s) 'example_bash_operator' retrieved from /Users/yueyaoz/Downloads/IS3107-FinSum/.airflow/lib/python3.10/site-packages/airflow/example_dags/example_bash_operator.py
[2025-04-20T09:51:24.751+0800] {logging_mixin.py:190} INFO - [2025-04-20T09:51:24.751+0800] {dag.py:3239} INFO - Sync 1 DAGs
[2025-04-20T09:51:24.759+0800] {logging_mixin.py:190} INFO - [2025-04-20T09:51:24.759+0800] {dag.py:4180} INFO - Setting next_dagrun for example_bash_operator to 2025-04-19 00:00:00+00:00, run_after=2025-04-20 00:00:00+00:00
[2025-04-20T09:51:24.766+0800] {processor.py:208} INFO - Processing /Users/yueyaoz/Downloads/IS3107-FinSum/.airflow/lib/python3.10/site-packages/airflow/example_dags/example_bash_operator.py took 0.070 seconds
[2025-04-20T09:53:59.397+0800] {processor.py:186} INFO - Started process (PID=59219) to work on /Users/yueyaoz/Downloads/IS3107-FinSum/.airflow/lib/python3.10/site-packages/airflow/example_dags/example_bash_operator.py
[2025-04-20T09:53:59.397+0800] {processor.py:914} INFO - Processing file /Users/yueyaoz/Downloads/IS3107-FinSum/.airflow/lib/python3.10/site-packages/airflow/example_dags/example_bash_operator.py for tasks to queue
[2025-04-20T09:53:59.397+0800] {logging_mixin.py:190} INFO - [2025-04-20T09:53:59.397+0800] {dagbag.py:588} INFO - Filling up the DagBag from /Users/yueyaoz/Downloads/IS3107-FinSum/.airflow/lib/python3.10/site-packages/airflow/example_dags/example_bash_operator.py
[2025-04-20T09:53:59.403+0800] {processor.py:925} INFO - DAG(s) 'example_bash_operator' retrieved from /Users/yueyaoz/Downloads/IS3107-FinSum/.airflow/lib/python3.10/site-packages/airflow/example_dags/example_bash_operator.py
[2025-04-20T09:53:59.450+0800] {logging_mixin.py:190} INFO - [2025-04-20T09:53:59.450+0800] {dag.py:3239} INFO - Sync 1 DAGs
[2025-04-20T09:53:59.457+0800] {logging_mixin.py:190} INFO - [2025-04-20T09:53:59.457+0800] {dag.py:4180} INFO - Setting next_dagrun for example_bash_operator to 2025-04-19 00:00:00+00:00, run_after=2025-04-20 00:00:00+00:00
[2025-04-20T09:53:59.465+0800] {processor.py:208} INFO - Processing /Users/yueyaoz/Downloads/IS3107-FinSum/.airflow/lib/python3.10/site-packages/airflow/example_dags/example_bash_operator.py took 0.069 seconds
[2025-04-20T09:56:31.356+0800] {processor.py:186} INFO - Started process (PID=59414) to work on /Users/yueyaoz/Downloads/IS3107-FinSum/.airflow/lib/python3.10/site-packages/airflow/example_dags/example_bash_operator.py
[2025-04-20T09:56:31.357+0800] {processor.py:914} INFO - Processing file /Users/yueyaoz/Downloads/IS3107-FinSum/.airflow/lib/python3.10/site-packages/airflow/example_dags/example_bash_operator.py for tasks to queue
[2025-04-20T09:56:31.358+0800] {logging_mixin.py:190} INFO - [2025-04-20T09:56:31.358+0800] {dagbag.py:588} INFO - Filling up the DagBag from /Users/yueyaoz/Downloads/IS3107-FinSum/.airflow/lib/python3.10/site-packages/airflow/example_dags/example_bash_operator.py
[2025-04-20T09:56:31.364+0800] {processor.py:925} INFO - DAG(s) 'example_bash_operator' retrieved from /Users/yueyaoz/Downloads/IS3107-FinSum/.airflow/lib/python3.10/site-packages/airflow/example_dags/example_bash_operator.py
[2025-04-20T09:56:31.410+0800] {logging_mixin.py:190} INFO - [2025-04-20T09:56:31.410+0800] {dag.py:3239} INFO - Sync 1 DAGs
[2025-04-20T09:56:31.417+0800] {logging_mixin.py:190} INFO - [2025-04-20T09:56:31.417+0800] {dag.py:4180} INFO - Setting next_dagrun for example_bash_operator to 2025-04-19 00:00:00+00:00, run_after=2025-04-20 00:00:00+00:00
[2025-04-20T09:56:31.424+0800] {processor.py:208} INFO - Processing /Users/yueyaoz/Downloads/IS3107-FinSum/.airflow/lib/python3.10/site-packages/airflow/example_dags/example_bash_operator.py took 0.070 seconds
[2025-04-20T10:15:19.990+0800] {processor.py:186} INFO - Started process (PID=59623) to work on /Users/yueyaoz/Downloads/IS3107-FinSum/.airflow/lib/python3.10/site-packages/airflow/example_dags/example_bash_operator.py
[2025-04-20T10:15:19.991+0800] {processor.py:914} INFO - Processing file /Users/yueyaoz/Downloads/IS3107-FinSum/.airflow/lib/python3.10/site-packages/airflow/example_dags/example_bash_operator.py for tasks to queue
[2025-04-20T10:15:19.992+0800] {logging_mixin.py:190} INFO - [2025-04-20T10:15:19.992+0800] {dagbag.py:588} INFO - Filling up the DagBag from /Users/yueyaoz/Downloads/IS3107-FinSum/.airflow/lib/python3.10/site-packages/airflow/example_dags/example_bash_operator.py
[2025-04-20T10:15:19.998+0800] {processor.py:925} INFO - DAG(s) 'example_bash_operator' retrieved from /Users/yueyaoz/Downloads/IS3107-FinSum/.airflow/lib/python3.10/site-packages/airflow/example_dags/example_bash_operator.py
[2025-04-20T10:15:20.043+0800] {logging_mixin.py:190} INFO - [2025-04-20T10:15:20.043+0800] {dag.py:3239} INFO - Sync 1 DAGs
[2025-04-20T10:15:20.050+0800] {logging_mixin.py:190} INFO - [2025-04-20T10:15:20.050+0800] {dag.py:4180} INFO - Setting next_dagrun for example_bash_operator to 2025-04-19 00:00:00+00:00, run_after=2025-04-20 00:00:00+00:00
[2025-04-20T10:15:20.057+0800] {processor.py:208} INFO - Processing /Users/yueyaoz/Downloads/IS3107-FinSum/.airflow/lib/python3.10/site-packages/airflow/example_dags/example_bash_operator.py took 0.069 seconds
[2025-04-20T10:32:20.331+0800] {processor.py:186} INFO - Started process (PID=59836) to work on /Users/yueyaoz/Downloads/IS3107-FinSum/.airflow/lib/python3.10/site-packages/airflow/example_dags/example_bash_operator.py
[2025-04-20T10:32:20.333+0800] {processor.py:914} INFO - Processing file /Users/yueyaoz/Downloads/IS3107-FinSum/.airflow/lib/python3.10/site-packages/airflow/example_dags/example_bash_operator.py for tasks to queue
[2025-04-20T10:32:20.333+0800] {logging_mixin.py:190} INFO - [2025-04-20T10:32:20.333+0800] {dagbag.py:588} INFO - Filling up the DagBag from /Users/yueyaoz/Downloads/IS3107-FinSum/.airflow/lib/python3.10/site-packages/airflow/example_dags/example_bash_operator.py
[2025-04-20T10:32:20.339+0800] {processor.py:925} INFO - DAG(s) 'example_bash_operator' retrieved from /Users/yueyaoz/Downloads/IS3107-FinSum/.airflow/lib/python3.10/site-packages/airflow/example_dags/example_bash_operator.py
[2025-04-20T10:32:20.384+0800] {logging_mixin.py:190} INFO - [2025-04-20T10:32:20.384+0800] {dag.py:3239} INFO - Sync 1 DAGs
[2025-04-20T10:32:20.392+0800] {logging_mixin.py:190} INFO - [2025-04-20T10:32:20.391+0800] {dag.py:4180} INFO - Setting next_dagrun for example_bash_operator to 2025-04-19 00:00:00+00:00, run_after=2025-04-20 00:00:00+00:00
[2025-04-20T10:32:20.399+0800] {processor.py:208} INFO - Processing /Users/yueyaoz/Downloads/IS3107-FinSum/.airflow/lib/python3.10/site-packages/airflow/example_dags/example_bash_operator.py took 0.069 seconds
[2025-04-20T10:51:51.499+0800] {processor.py:186} INFO - Started process (PID=60052) to work on /Users/yueyaoz/Downloads/IS3107-FinSum/.airflow/lib/python3.10/site-packages/airflow/example_dags/example_bash_operator.py
[2025-04-20T10:51:51.500+0800] {processor.py:914} INFO - Processing file /Users/yueyaoz/Downloads/IS3107-FinSum/.airflow/lib/python3.10/site-packages/airflow/example_dags/example_bash_operator.py for tasks to queue
[2025-04-20T10:51:51.501+0800] {logging_mixin.py:190} INFO - [2025-04-20T10:51:51.501+0800] {dagbag.py:588} INFO - Filling up the DagBag from /Users/yueyaoz/Downloads/IS3107-FinSum/.airflow/lib/python3.10/site-packages/airflow/example_dags/example_bash_operator.py
[2025-04-20T10:51:51.507+0800] {processor.py:925} INFO - DAG(s) 'example_bash_operator' retrieved from /Users/yueyaoz/Downloads/IS3107-FinSum/.airflow/lib/python3.10/site-packages/airflow/example_dags/example_bash_operator.py
[2025-04-20T10:51:51.551+0800] {logging_mixin.py:190} INFO - [2025-04-20T10:51:51.551+0800] {dag.py:3239} INFO - Sync 1 DAGs
[2025-04-20T10:51:51.559+0800] {logging_mixin.py:190} INFO - [2025-04-20T10:51:51.559+0800] {dag.py:4180} INFO - Setting next_dagrun for example_bash_operator to 2025-04-19 00:00:00+00:00, run_after=2025-04-20 00:00:00+00:00
[2025-04-20T10:51:51.566+0800] {processor.py:208} INFO - Processing /Users/yueyaoz/Downloads/IS3107-FinSum/.airflow/lib/python3.10/site-packages/airflow/example_dags/example_bash_operator.py took 0.069 seconds
[2025-04-20T11:11:41.262+0800] {processor.py:186} INFO - Started process (PID=60265) to work on /Users/yueyaoz/Downloads/IS3107-FinSum/.airflow/lib/python3.10/site-packages/airflow/example_dags/example_bash_operator.py
[2025-04-20T11:11:41.263+0800] {processor.py:914} INFO - Processing file /Users/yueyaoz/Downloads/IS3107-FinSum/.airflow/lib/python3.10/site-packages/airflow/example_dags/example_bash_operator.py for tasks to queue
[2025-04-20T11:11:41.264+0800] {logging_mixin.py:190} INFO - [2025-04-20T11:11:41.264+0800] {dagbag.py:588} INFO - Filling up the DagBag from /Users/yueyaoz/Downloads/IS3107-FinSum/.airflow/lib/python3.10/site-packages/airflow/example_dags/example_bash_operator.py
[2025-04-20T11:11:41.270+0800] {processor.py:925} INFO - DAG(s) 'example_bash_operator' retrieved from /Users/yueyaoz/Downloads/IS3107-FinSum/.airflow/lib/python3.10/site-packages/airflow/example_dags/example_bash_operator.py
[2025-04-20T11:11:41.315+0800] {logging_mixin.py:190} INFO - [2025-04-20T11:11:41.314+0800] {dag.py:3239} INFO - Sync 1 DAGs
[2025-04-20T11:11:41.322+0800] {logging_mixin.py:190} INFO - [2025-04-20T11:11:41.322+0800] {dag.py:4180} INFO - Setting next_dagrun for example_bash_operator to 2025-04-19 00:00:00+00:00, run_after=2025-04-20 00:00:00+00:00
[2025-04-20T11:11:41.329+0800] {processor.py:208} INFO - Processing /Users/yueyaoz/Downloads/IS3107-FinSum/.airflow/lib/python3.10/site-packages/airflow/example_dags/example_bash_operator.py took 0.069 seconds
[2025-04-20T11:30:45.276+0800] {processor.py:186} INFO - Started process (PID=60463) to work on /Users/yueyaoz/Downloads/IS3107-FinSum/.airflow/lib/python3.10/site-packages/airflow/example_dags/example_bash_operator.py
[2025-04-20T11:30:45.276+0800] {processor.py:914} INFO - Processing file /Users/yueyaoz/Downloads/IS3107-FinSum/.airflow/lib/python3.10/site-packages/airflow/example_dags/example_bash_operator.py for tasks to queue
[2025-04-20T11:30:45.277+0800] {logging_mixin.py:190} INFO - [2025-04-20T11:30:45.277+0800] {dagbag.py:588} INFO - Filling up the DagBag from /Users/yueyaoz/Downloads/IS3107-FinSum/.airflow/lib/python3.10/site-packages/airflow/example_dags/example_bash_operator.py
[2025-04-20T11:30:45.283+0800] {processor.py:925} INFO - DAG(s) 'example_bash_operator' retrieved from /Users/yueyaoz/Downloads/IS3107-FinSum/.airflow/lib/python3.10/site-packages/airflow/example_dags/example_bash_operator.py
[2025-04-20T11:30:45.332+0800] {logging_mixin.py:190} INFO - [2025-04-20T11:30:45.331+0800] {dag.py:3239} INFO - Sync 1 DAGs
[2025-04-20T11:30:45.339+0800] {logging_mixin.py:190} INFO - [2025-04-20T11:30:45.339+0800] {dag.py:4180} INFO - Setting next_dagrun for example_bash_operator to 2025-04-19 00:00:00+00:00, run_after=2025-04-20 00:00:00+00:00
[2025-04-20T11:30:45.347+0800] {processor.py:208} INFO - Processing /Users/yueyaoz/Downloads/IS3107-FinSum/.airflow/lib/python3.10/site-packages/airflow/example_dags/example_bash_operator.py took 0.073 seconds
[2025-04-20T11:50:47.329+0800] {processor.py:186} INFO - Started process (PID=60703) to work on /Users/yueyaoz/Downloads/IS3107-FinSum/.airflow/lib/python3.10/site-packages/airflow/example_dags/example_bash_operator.py
[2025-04-20T11:50:47.330+0800] {processor.py:914} INFO - Processing file /Users/yueyaoz/Downloads/IS3107-FinSum/.airflow/lib/python3.10/site-packages/airflow/example_dags/example_bash_operator.py for tasks to queue
[2025-04-20T11:50:47.331+0800] {logging_mixin.py:190} INFO - [2025-04-20T11:50:47.331+0800] {dagbag.py:588} INFO - Filling up the DagBag from /Users/yueyaoz/Downloads/IS3107-FinSum/.airflow/lib/python3.10/site-packages/airflow/example_dags/example_bash_operator.py
[2025-04-20T11:50:47.337+0800] {processor.py:925} INFO - DAG(s) 'example_bash_operator' retrieved from /Users/yueyaoz/Downloads/IS3107-FinSum/.airflow/lib/python3.10/site-packages/airflow/example_dags/example_bash_operator.py
[2025-04-20T11:50:47.382+0800] {logging_mixin.py:190} INFO - [2025-04-20T11:50:47.382+0800] {dag.py:3239} INFO - Sync 1 DAGs
[2025-04-20T11:50:47.389+0800] {logging_mixin.py:190} INFO - [2025-04-20T11:50:47.389+0800] {dag.py:4180} INFO - Setting next_dagrun for example_bash_operator to 2025-04-19 00:00:00+00:00, run_after=2025-04-20 00:00:00+00:00
[2025-04-20T11:50:47.397+0800] {processor.py:208} INFO - Processing /Users/yueyaoz/Downloads/IS3107-FinSum/.airflow/lib/python3.10/site-packages/airflow/example_dags/example_bash_operator.py took 0.069 seconds
[2025-04-20T11:53:30.636+0800] {processor.py:186} INFO - Started process (PID=60906) to work on /Users/yueyaoz/Downloads/IS3107-FinSum/.airflow/lib/python3.10/site-packages/airflow/example_dags/example_bash_operator.py
[2025-04-20T11:53:30.637+0800] {processor.py:914} INFO - Processing file /Users/yueyaoz/Downloads/IS3107-FinSum/.airflow/lib/python3.10/site-packages/airflow/example_dags/example_bash_operator.py for tasks to queue
[2025-04-20T11:53:30.637+0800] {logging_mixin.py:190} INFO - [2025-04-20T11:53:30.637+0800] {dagbag.py:588} INFO - Filling up the DagBag from /Users/yueyaoz/Downloads/IS3107-FinSum/.airflow/lib/python3.10/site-packages/airflow/example_dags/example_bash_operator.py
[2025-04-20T11:53:30.643+0800] {processor.py:925} INFO - DAG(s) 'example_bash_operator' retrieved from /Users/yueyaoz/Downloads/IS3107-FinSum/.airflow/lib/python3.10/site-packages/airflow/example_dags/example_bash_operator.py
[2025-04-20T11:53:30.688+0800] {logging_mixin.py:190} INFO - [2025-04-20T11:53:30.688+0800] {dag.py:3239} INFO - Sync 1 DAGs
[2025-04-20T11:53:30.696+0800] {logging_mixin.py:190} INFO - [2025-04-20T11:53:30.695+0800] {dag.py:4180} INFO - Setting next_dagrun for example_bash_operator to 2025-04-19 00:00:00+00:00, run_after=2025-04-20 00:00:00+00:00
[2025-04-20T11:53:30.703+0800] {processor.py:208} INFO - Processing /Users/yueyaoz/Downloads/IS3107-FinSum/.airflow/lib/python3.10/site-packages/airflow/example_dags/example_bash_operator.py took 0.069 seconds
[2025-04-20T11:56:06.008+0800] {processor.py:186} INFO - Started process (PID=61101) to work on /Users/yueyaoz/Downloads/IS3107-FinSum/.airflow/lib/python3.10/site-packages/airflow/example_dags/example_bash_operator.py
[2025-04-20T11:56:06.009+0800] {processor.py:914} INFO - Processing file /Users/yueyaoz/Downloads/IS3107-FinSum/.airflow/lib/python3.10/site-packages/airflow/example_dags/example_bash_operator.py for tasks to queue
[2025-04-20T11:56:06.009+0800] {logging_mixin.py:190} INFO - [2025-04-20T11:56:06.009+0800] {dagbag.py:588} INFO - Filling up the DagBag from /Users/yueyaoz/Downloads/IS3107-FinSum/.airflow/lib/python3.10/site-packages/airflow/example_dags/example_bash_operator.py
[2025-04-20T11:56:06.015+0800] {processor.py:925} INFO - DAG(s) 'example_bash_operator' retrieved from /Users/yueyaoz/Downloads/IS3107-FinSum/.airflow/lib/python3.10/site-packages/airflow/example_dags/example_bash_operator.py
[2025-04-20T11:56:06.061+0800] {logging_mixin.py:190} INFO - [2025-04-20T11:56:06.061+0800] {dag.py:3239} INFO - Sync 1 DAGs
[2025-04-20T11:56:06.069+0800] {logging_mixin.py:190} INFO - [2025-04-20T11:56:06.069+0800] {dag.py:4180} INFO - Setting next_dagrun for example_bash_operator to 2025-04-19 00:00:00+00:00, run_after=2025-04-20 00:00:00+00:00
[2025-04-20T11:56:06.077+0800] {processor.py:208} INFO - Processing /Users/yueyaoz/Downloads/IS3107-FinSum/.airflow/lib/python3.10/site-packages/airflow/example_dags/example_bash_operator.py took 0.070 seconds
[2025-04-20T11:58:40.992+0800] {processor.py:186} INFO - Started process (PID=61303) to work on /Users/yueyaoz/Downloads/IS3107-FinSum/.airflow/lib/python3.10/site-packages/airflow/example_dags/example_bash_operator.py
[2025-04-20T11:58:40.993+0800] {processor.py:914} INFO - Processing file /Users/yueyaoz/Downloads/IS3107-FinSum/.airflow/lib/python3.10/site-packages/airflow/example_dags/example_bash_operator.py for tasks to queue
[2025-04-20T11:58:40.994+0800] {logging_mixin.py:190} INFO - [2025-04-20T11:58:40.994+0800] {dagbag.py:588} INFO - Filling up the DagBag from /Users/yueyaoz/Downloads/IS3107-FinSum/.airflow/lib/python3.10/site-packages/airflow/example_dags/example_bash_operator.py
[2025-04-20T11:58:41.000+0800] {processor.py:925} INFO - DAG(s) 'example_bash_operator' retrieved from /Users/yueyaoz/Downloads/IS3107-FinSum/.airflow/lib/python3.10/site-packages/airflow/example_dags/example_bash_operator.py
[2025-04-20T11:58:41.045+0800] {logging_mixin.py:190} INFO - [2025-04-20T11:58:41.045+0800] {dag.py:3239} INFO - Sync 1 DAGs
[2025-04-20T11:58:41.052+0800] {logging_mixin.py:190} INFO - [2025-04-20T11:58:41.052+0800] {dag.py:4180} INFO - Setting next_dagrun for example_bash_operator to 2025-04-19 00:00:00+00:00, run_after=2025-04-20 00:00:00+00:00
[2025-04-20T11:58:41.060+0800] {processor.py:208} INFO - Processing /Users/yueyaoz/Downloads/IS3107-FinSum/.airflow/lib/python3.10/site-packages/airflow/example_dags/example_bash_operator.py took 0.070 seconds
[2025-04-20T12:01:17.452+0800] {processor.py:186} INFO - Started process (PID=61502) to work on /Users/yueyaoz/Downloads/IS3107-FinSum/.airflow/lib/python3.10/site-packages/airflow/example_dags/example_bash_operator.py
[2025-04-20T12:01:17.454+0800] {processor.py:914} INFO - Processing file /Users/yueyaoz/Downloads/IS3107-FinSum/.airflow/lib/python3.10/site-packages/airflow/example_dags/example_bash_operator.py for tasks to queue
[2025-04-20T12:01:17.454+0800] {logging_mixin.py:190} INFO - [2025-04-20T12:01:17.454+0800] {dagbag.py:588} INFO - Filling up the DagBag from /Users/yueyaoz/Downloads/IS3107-FinSum/.airflow/lib/python3.10/site-packages/airflow/example_dags/example_bash_operator.py
[2025-04-20T12:01:17.460+0800] {processor.py:925} INFO - DAG(s) 'example_bash_operator' retrieved from /Users/yueyaoz/Downloads/IS3107-FinSum/.airflow/lib/python3.10/site-packages/airflow/example_dags/example_bash_operator.py
[2025-04-20T12:01:17.505+0800] {logging_mixin.py:190} INFO - [2025-04-20T12:01:17.505+0800] {dag.py:3239} INFO - Sync 1 DAGs
[2025-04-20T12:01:17.512+0800] {logging_mixin.py:190} INFO - [2025-04-20T12:01:17.512+0800] {dag.py:4180} INFO - Setting next_dagrun for example_bash_operator to 2025-04-19 00:00:00+00:00, run_after=2025-04-20 00:00:00+00:00
[2025-04-20T12:01:17.520+0800] {processor.py:208} INFO - Processing /Users/yueyaoz/Downloads/IS3107-FinSum/.airflow/lib/python3.10/site-packages/airflow/example_dags/example_bash_operator.py took 0.069 seconds
[2025-04-20T12:03:51.806+0800] {processor.py:186} INFO - Started process (PID=61702) to work on /Users/yueyaoz/Downloads/IS3107-FinSum/.airflow/lib/python3.10/site-packages/airflow/example_dags/example_bash_operator.py
[2025-04-20T12:03:51.807+0800] {processor.py:914} INFO - Processing file /Users/yueyaoz/Downloads/IS3107-FinSum/.airflow/lib/python3.10/site-packages/airflow/example_dags/example_bash_operator.py for tasks to queue
[2025-04-20T12:03:51.808+0800] {logging_mixin.py:190} INFO - [2025-04-20T12:03:51.808+0800] {dagbag.py:588} INFO - Filling up the DagBag from /Users/yueyaoz/Downloads/IS3107-FinSum/.airflow/lib/python3.10/site-packages/airflow/example_dags/example_bash_operator.py
[2025-04-20T12:03:51.813+0800] {processor.py:925} INFO - DAG(s) 'example_bash_operator' retrieved from /Users/yueyaoz/Downloads/IS3107-FinSum/.airflow/lib/python3.10/site-packages/airflow/example_dags/example_bash_operator.py
[2025-04-20T12:03:51.858+0800] {logging_mixin.py:190} INFO - [2025-04-20T12:03:51.858+0800] {dag.py:3239} INFO - Sync 1 DAGs
[2025-04-20T12:03:51.865+0800] {logging_mixin.py:190} INFO - [2025-04-20T12:03:51.865+0800] {dag.py:4180} INFO - Setting next_dagrun for example_bash_operator to 2025-04-19 00:00:00+00:00, run_after=2025-04-20 00:00:00+00:00
[2025-04-20T12:03:51.872+0800] {processor.py:208} INFO - Processing /Users/yueyaoz/Downloads/IS3107-FinSum/.airflow/lib/python3.10/site-packages/airflow/example_dags/example_bash_operator.py took 0.068 seconds
[2025-04-20T12:06:30.784+0800] {processor.py:186} INFO - Started process (PID=61903) to work on /Users/yueyaoz/Downloads/IS3107-FinSum/.airflow/lib/python3.10/site-packages/airflow/example_dags/example_bash_operator.py
[2025-04-20T12:06:30.785+0800] {processor.py:914} INFO - Processing file /Users/yueyaoz/Downloads/IS3107-FinSum/.airflow/lib/python3.10/site-packages/airflow/example_dags/example_bash_operator.py for tasks to queue
[2025-04-20T12:06:30.785+0800] {logging_mixin.py:190} INFO - [2025-04-20T12:06:30.785+0800] {dagbag.py:588} INFO - Filling up the DagBag from /Users/yueyaoz/Downloads/IS3107-FinSum/.airflow/lib/python3.10/site-packages/airflow/example_dags/example_bash_operator.py
[2025-04-20T12:06:30.791+0800] {processor.py:925} INFO - DAG(s) 'example_bash_operator' retrieved from /Users/yueyaoz/Downloads/IS3107-FinSum/.airflow/lib/python3.10/site-packages/airflow/example_dags/example_bash_operator.py
[2025-04-20T12:06:30.838+0800] {logging_mixin.py:190} INFO - [2025-04-20T12:06:30.838+0800] {dag.py:3239} INFO - Sync 1 DAGs
[2025-04-20T12:06:30.845+0800] {logging_mixin.py:190} INFO - [2025-04-20T12:06:30.845+0800] {dag.py:4180} INFO - Setting next_dagrun for example_bash_operator to 2025-04-19 00:00:00+00:00, run_after=2025-04-20 00:00:00+00:00
[2025-04-20T12:06:30.853+0800] {processor.py:208} INFO - Processing /Users/yueyaoz/Downloads/IS3107-FinSum/.airflow/lib/python3.10/site-packages/airflow/example_dags/example_bash_operator.py took 0.070 seconds
[2025-04-20T12:09:07.611+0800] {processor.py:186} INFO - Started process (PID=62117) to work on /Users/yueyaoz/Downloads/IS3107-FinSum/.airflow/lib/python3.10/site-packages/airflow/example_dags/example_bash_operator.py
[2025-04-20T12:09:07.613+0800] {processor.py:914} INFO - Processing file /Users/yueyaoz/Downloads/IS3107-FinSum/.airflow/lib/python3.10/site-packages/airflow/example_dags/example_bash_operator.py for tasks to queue
[2025-04-20T12:09:07.613+0800] {logging_mixin.py:190} INFO - [2025-04-20T12:09:07.613+0800] {dagbag.py:588} INFO - Filling up the DagBag from /Users/yueyaoz/Downloads/IS3107-FinSum/.airflow/lib/python3.10/site-packages/airflow/example_dags/example_bash_operator.py
[2025-04-20T12:09:07.619+0800] {processor.py:925} INFO - DAG(s) 'example_bash_operator' retrieved from /Users/yueyaoz/Downloads/IS3107-FinSum/.airflow/lib/python3.10/site-packages/airflow/example_dags/example_bash_operator.py
[2025-04-20T12:09:07.663+0800] {logging_mixin.py:190} INFO - [2025-04-20T12:09:07.663+0800] {dag.py:3239} INFO - Sync 1 DAGs
[2025-04-20T12:09:07.670+0800] {logging_mixin.py:190} INFO - [2025-04-20T12:09:07.670+0800] {dag.py:4180} INFO - Setting next_dagrun for example_bash_operator to 2025-04-19 00:00:00+00:00, run_after=2025-04-20 00:00:00+00:00
[2025-04-20T12:09:07.678+0800] {processor.py:208} INFO - Processing /Users/yueyaoz/Downloads/IS3107-FinSum/.airflow/lib/python3.10/site-packages/airflow/example_dags/example_bash_operator.py took 0.068 seconds
[2025-04-20T12:11:41.620+0800] {processor.py:186} INFO - Started process (PID=62316) to work on /Users/yueyaoz/Downloads/IS3107-FinSum/.airflow/lib/python3.10/site-packages/airflow/example_dags/example_bash_operator.py
[2025-04-20T12:11:41.621+0800] {processor.py:914} INFO - Processing file /Users/yueyaoz/Downloads/IS3107-FinSum/.airflow/lib/python3.10/site-packages/airflow/example_dags/example_bash_operator.py for tasks to queue
[2025-04-20T12:11:41.621+0800] {logging_mixin.py:190} INFO - [2025-04-20T12:11:41.621+0800] {dagbag.py:588} INFO - Filling up the DagBag from /Users/yueyaoz/Downloads/IS3107-FinSum/.airflow/lib/python3.10/site-packages/airflow/example_dags/example_bash_operator.py
[2025-04-20T12:11:41.627+0800] {processor.py:925} INFO - DAG(s) 'example_bash_operator' retrieved from /Users/yueyaoz/Downloads/IS3107-FinSum/.airflow/lib/python3.10/site-packages/airflow/example_dags/example_bash_operator.py
[2025-04-20T12:11:41.674+0800] {logging_mixin.py:190} INFO - [2025-04-20T12:11:41.674+0800] {dag.py:3239} INFO - Sync 1 DAGs
[2025-04-20T12:11:41.682+0800] {logging_mixin.py:190} INFO - [2025-04-20T12:11:41.682+0800] {dag.py:4180} INFO - Setting next_dagrun for example_bash_operator to 2025-04-19 00:00:00+00:00, run_after=2025-04-20 00:00:00+00:00
[2025-04-20T12:11:41.689+0800] {processor.py:208} INFO - Processing /Users/yueyaoz/Downloads/IS3107-FinSum/.airflow/lib/python3.10/site-packages/airflow/example_dags/example_bash_operator.py took 0.071 seconds
[2025-04-20T12:14:15.899+0800] {processor.py:186} INFO - Started process (PID=62518) to work on /Users/yueyaoz/Downloads/IS3107-FinSum/.airflow/lib/python3.10/site-packages/airflow/example_dags/example_bash_operator.py
[2025-04-20T12:14:15.900+0800] {processor.py:914} INFO - Processing file /Users/yueyaoz/Downloads/IS3107-FinSum/.airflow/lib/python3.10/site-packages/airflow/example_dags/example_bash_operator.py for tasks to queue
[2025-04-20T12:14:15.900+0800] {logging_mixin.py:190} INFO - [2025-04-20T12:14:15.900+0800] {dagbag.py:588} INFO - Filling up the DagBag from /Users/yueyaoz/Downloads/IS3107-FinSum/.airflow/lib/python3.10/site-packages/airflow/example_dags/example_bash_operator.py
[2025-04-20T12:14:15.906+0800] {processor.py:925} INFO - DAG(s) 'example_bash_operator' retrieved from /Users/yueyaoz/Downloads/IS3107-FinSum/.airflow/lib/python3.10/site-packages/airflow/example_dags/example_bash_operator.py
[2025-04-20T12:14:15.954+0800] {logging_mixin.py:190} INFO - [2025-04-20T12:14:15.953+0800] {dag.py:3239} INFO - Sync 1 DAGs
[2025-04-20T12:14:15.961+0800] {logging_mixin.py:190} INFO - [2025-04-20T12:14:15.961+0800] {dag.py:4180} INFO - Setting next_dagrun for example_bash_operator to 2025-04-19 00:00:00+00:00, run_after=2025-04-20 00:00:00+00:00
[2025-04-20T12:14:15.968+0800] {processor.py:208} INFO - Processing /Users/yueyaoz/Downloads/IS3107-FinSum/.airflow/lib/python3.10/site-packages/airflow/example_dags/example_bash_operator.py took 0.070 seconds
[2025-04-20T12:16:48.780+0800] {processor.py:186} INFO - Started process (PID=62725) to work on /Users/yueyaoz/Downloads/IS3107-FinSum/.airflow/lib/python3.10/site-packages/airflow/example_dags/example_bash_operator.py
[2025-04-20T12:16:48.780+0800] {processor.py:914} INFO - Processing file /Users/yueyaoz/Downloads/IS3107-FinSum/.airflow/lib/python3.10/site-packages/airflow/example_dags/example_bash_operator.py for tasks to queue
[2025-04-20T12:16:48.780+0800] {logging_mixin.py:190} INFO - [2025-04-20T12:16:48.780+0800] {dagbag.py:588} INFO - Filling up the DagBag from /Users/yueyaoz/Downloads/IS3107-FinSum/.airflow/lib/python3.10/site-packages/airflow/example_dags/example_bash_operator.py
[2025-04-20T12:16:48.786+0800] {processor.py:925} INFO - DAG(s) 'example_bash_operator' retrieved from /Users/yueyaoz/Downloads/IS3107-FinSum/.airflow/lib/python3.10/site-packages/airflow/example_dags/example_bash_operator.py
[2025-04-20T12:16:48.833+0800] {logging_mixin.py:190} INFO - [2025-04-20T12:16:48.833+0800] {dag.py:3239} INFO - Sync 1 DAGs
[2025-04-20T12:16:48.840+0800] {logging_mixin.py:190} INFO - [2025-04-20T12:16:48.840+0800] {dag.py:4180} INFO - Setting next_dagrun for example_bash_operator to 2025-04-19 00:00:00+00:00, run_after=2025-04-20 00:00:00+00:00
[2025-04-20T12:16:48.847+0800] {processor.py:208} INFO - Processing /Users/yueyaoz/Downloads/IS3107-FinSum/.airflow/lib/python3.10/site-packages/airflow/example_dags/example_bash_operator.py took 0.069 seconds
[2025-04-20T12:19:24.834+0800] {processor.py:186} INFO - Started process (PID=62926) to work on /Users/yueyaoz/Downloads/IS3107-FinSum/.airflow/lib/python3.10/site-packages/airflow/example_dags/example_bash_operator.py
[2025-04-20T12:19:24.835+0800] {processor.py:914} INFO - Processing file /Users/yueyaoz/Downloads/IS3107-FinSum/.airflow/lib/python3.10/site-packages/airflow/example_dags/example_bash_operator.py for tasks to queue
[2025-04-20T12:19:24.836+0800] {logging_mixin.py:190} INFO - [2025-04-20T12:19:24.836+0800] {dagbag.py:588} INFO - Filling up the DagBag from /Users/yueyaoz/Downloads/IS3107-FinSum/.airflow/lib/python3.10/site-packages/airflow/example_dags/example_bash_operator.py
[2025-04-20T12:19:24.842+0800] {processor.py:925} INFO - DAG(s) 'example_bash_operator' retrieved from /Users/yueyaoz/Downloads/IS3107-FinSum/.airflow/lib/python3.10/site-packages/airflow/example_dags/example_bash_operator.py
[2025-04-20T12:19:24.887+0800] {logging_mixin.py:190} INFO - [2025-04-20T12:19:24.887+0800] {dag.py:3239} INFO - Sync 1 DAGs
[2025-04-20T12:19:24.894+0800] {logging_mixin.py:190} INFO - [2025-04-20T12:19:24.894+0800] {dag.py:4180} INFO - Setting next_dagrun for example_bash_operator to 2025-04-19 00:00:00+00:00, run_after=2025-04-20 00:00:00+00:00
[2025-04-20T12:19:24.900+0800] {processor.py:208} INFO - Processing /Users/yueyaoz/Downloads/IS3107-FinSum/.airflow/lib/python3.10/site-packages/airflow/example_dags/example_bash_operator.py took 0.068 seconds
[2025-04-20T12:21:59.037+0800] {processor.py:186} INFO - Started process (PID=63118) to work on /Users/yueyaoz/Downloads/IS3107-FinSum/.airflow/lib/python3.10/site-packages/airflow/example_dags/example_bash_operator.py
[2025-04-20T12:21:59.041+0800] {processor.py:914} INFO - Processing file /Users/yueyaoz/Downloads/IS3107-FinSum/.airflow/lib/python3.10/site-packages/airflow/example_dags/example_bash_operator.py for tasks to queue
[2025-04-20T12:21:59.042+0800] {logging_mixin.py:190} INFO - [2025-04-20T12:21:59.042+0800] {dagbag.py:588} INFO - Filling up the DagBag from /Users/yueyaoz/Downloads/IS3107-FinSum/.airflow/lib/python3.10/site-packages/airflow/example_dags/example_bash_operator.py
[2025-04-20T12:21:59.049+0800] {processor.py:925} INFO - DAG(s) 'example_bash_operator' retrieved from /Users/yueyaoz/Downloads/IS3107-FinSum/.airflow/lib/python3.10/site-packages/airflow/example_dags/example_bash_operator.py
[2025-04-20T12:21:59.098+0800] {logging_mixin.py:190} INFO - [2025-04-20T12:21:59.097+0800] {dag.py:3239} INFO - Sync 1 DAGs
[2025-04-20T12:21:59.105+0800] {logging_mixin.py:190} INFO - [2025-04-20T12:21:59.105+0800] {dag.py:4180} INFO - Setting next_dagrun for example_bash_operator to 2025-04-19 00:00:00+00:00, run_after=2025-04-20 00:00:00+00:00
[2025-04-20T12:21:59.112+0800] {processor.py:208} INFO - Processing /Users/yueyaoz/Downloads/IS3107-FinSum/.airflow/lib/python3.10/site-packages/airflow/example_dags/example_bash_operator.py took 0.076 seconds
[2025-04-20T12:34:11.334+0800] {processor.py:186} INFO - Started process (PID=63389) to work on /Users/yueyaoz/Downloads/IS3107-FinSum/.airflow/lib/python3.10/site-packages/airflow/example_dags/example_bash_operator.py
[2025-04-20T12:34:11.336+0800] {processor.py:914} INFO - Processing file /Users/yueyaoz/Downloads/IS3107-FinSum/.airflow/lib/python3.10/site-packages/airflow/example_dags/example_bash_operator.py for tasks to queue
[2025-04-20T12:34:11.336+0800] {logging_mixin.py:190} INFO - [2025-04-20T12:34:11.336+0800] {dagbag.py:588} INFO - Filling up the DagBag from /Users/yueyaoz/Downloads/IS3107-FinSum/.airflow/lib/python3.10/site-packages/airflow/example_dags/example_bash_operator.py
[2025-04-20T12:34:11.342+0800] {processor.py:925} INFO - DAG(s) 'example_bash_operator' retrieved from /Users/yueyaoz/Downloads/IS3107-FinSum/.airflow/lib/python3.10/site-packages/airflow/example_dags/example_bash_operator.py
[2025-04-20T12:34:11.387+0800] {logging_mixin.py:190} INFO - [2025-04-20T12:34:11.387+0800] {dag.py:3239} INFO - Sync 1 DAGs
[2025-04-20T12:34:11.394+0800] {logging_mixin.py:190} INFO - [2025-04-20T12:34:11.394+0800] {dag.py:4180} INFO - Setting next_dagrun for example_bash_operator to 2025-04-19 00:00:00+00:00, run_after=2025-04-20 00:00:00+00:00
[2025-04-20T12:34:11.403+0800] {processor.py:208} INFO - Processing /Users/yueyaoz/Downloads/IS3107-FinSum/.airflow/lib/python3.10/site-packages/airflow/example_dags/example_bash_operator.py took 0.070 seconds
[2025-04-20T12:52:04.769+0800] {processor.py:186} INFO - Started process (PID=63617) to work on /Users/yueyaoz/Downloads/IS3107-FinSum/.airflow/lib/python3.10/site-packages/airflow/example_dags/example_bash_operator.py
[2025-04-20T12:52:04.770+0800] {processor.py:914} INFO - Processing file /Users/yueyaoz/Downloads/IS3107-FinSum/.airflow/lib/python3.10/site-packages/airflow/example_dags/example_bash_operator.py for tasks to queue
[2025-04-20T12:52:04.771+0800] {logging_mixin.py:190} INFO - [2025-04-20T12:52:04.771+0800] {dagbag.py:588} INFO - Filling up the DagBag from /Users/yueyaoz/Downloads/IS3107-FinSum/.airflow/lib/python3.10/site-packages/airflow/example_dags/example_bash_operator.py
[2025-04-20T12:52:04.777+0800] {processor.py:925} INFO - DAG(s) 'example_bash_operator' retrieved from /Users/yueyaoz/Downloads/IS3107-FinSum/.airflow/lib/python3.10/site-packages/airflow/example_dags/example_bash_operator.py
[2025-04-20T12:52:04.822+0800] {logging_mixin.py:190} INFO - [2025-04-20T12:52:04.822+0800] {dag.py:3239} INFO - Sync 1 DAGs
[2025-04-20T12:52:04.829+0800] {logging_mixin.py:190} INFO - [2025-04-20T12:52:04.829+0800] {dag.py:4180} INFO - Setting next_dagrun for example_bash_operator to 2025-04-19 00:00:00+00:00, run_after=2025-04-20 00:00:00+00:00
[2025-04-20T12:52:04.836+0800] {processor.py:208} INFO - Processing /Users/yueyaoz/Downloads/IS3107-FinSum/.airflow/lib/python3.10/site-packages/airflow/example_dags/example_bash_operator.py took 0.068 seconds
[2025-04-20T13:10:26.879+0800] {processor.py:186} INFO - Started process (PID=63861) to work on /Users/yueyaoz/Downloads/IS3107-FinSum/.airflow/lib/python3.10/site-packages/airflow/example_dags/example_bash_operator.py
[2025-04-20T13:10:26.880+0800] {processor.py:914} INFO - Processing file /Users/yueyaoz/Downloads/IS3107-FinSum/.airflow/lib/python3.10/site-packages/airflow/example_dags/example_bash_operator.py for tasks to queue
[2025-04-20T13:10:26.881+0800] {logging_mixin.py:190} INFO - [2025-04-20T13:10:26.881+0800] {dagbag.py:588} INFO - Filling up the DagBag from /Users/yueyaoz/Downloads/IS3107-FinSum/.airflow/lib/python3.10/site-packages/airflow/example_dags/example_bash_operator.py
[2025-04-20T13:10:26.887+0800] {processor.py:925} INFO - DAG(s) 'example_bash_operator' retrieved from /Users/yueyaoz/Downloads/IS3107-FinSum/.airflow/lib/python3.10/site-packages/airflow/example_dags/example_bash_operator.py
[2025-04-20T13:10:26.932+0800] {logging_mixin.py:190} INFO - [2025-04-20T13:10:26.932+0800] {dag.py:3239} INFO - Sync 1 DAGs
[2025-04-20T13:10:26.939+0800] {logging_mixin.py:190} INFO - [2025-04-20T13:10:26.939+0800] {dag.py:4180} INFO - Setting next_dagrun for example_bash_operator to 2025-04-19 00:00:00+00:00, run_after=2025-04-20 00:00:00+00:00
[2025-04-20T13:10:26.946+0800] {processor.py:208} INFO - Processing /Users/yueyaoz/Downloads/IS3107-FinSum/.airflow/lib/python3.10/site-packages/airflow/example_dags/example_bash_operator.py took 0.069 seconds
[2025-04-20T13:28:43.676+0800] {processor.py:186} INFO - Started process (PID=64089) to work on /Users/yueyaoz/Downloads/IS3107-FinSum/.airflow/lib/python3.10/site-packages/airflow/example_dags/example_bash_operator.py
[2025-04-20T13:28:43.678+0800] {processor.py:914} INFO - Processing file /Users/yueyaoz/Downloads/IS3107-FinSum/.airflow/lib/python3.10/site-packages/airflow/example_dags/example_bash_operator.py for tasks to queue
[2025-04-20T13:28:43.678+0800] {logging_mixin.py:190} INFO - [2025-04-20T13:28:43.678+0800] {dagbag.py:588} INFO - Filling up the DagBag from /Users/yueyaoz/Downloads/IS3107-FinSum/.airflow/lib/python3.10/site-packages/airflow/example_dags/example_bash_operator.py
[2025-04-20T13:28:43.684+0800] {processor.py:925} INFO - DAG(s) 'example_bash_operator' retrieved from /Users/yueyaoz/Downloads/IS3107-FinSum/.airflow/lib/python3.10/site-packages/airflow/example_dags/example_bash_operator.py
[2025-04-20T13:28:43.729+0800] {logging_mixin.py:190} INFO - [2025-04-20T13:28:43.729+0800] {dag.py:3239} INFO - Sync 1 DAGs
[2025-04-20T13:28:43.737+0800] {logging_mixin.py:190} INFO - [2025-04-20T13:28:43.736+0800] {dag.py:4180} INFO - Setting next_dagrun for example_bash_operator to 2025-04-19 00:00:00+00:00, run_after=2025-04-20 00:00:00+00:00
[2025-04-20T13:28:43.744+0800] {processor.py:208} INFO - Processing /Users/yueyaoz/Downloads/IS3107-FinSum/.airflow/lib/python3.10/site-packages/airflow/example_dags/example_bash_operator.py took 0.069 seconds
[2025-04-20T13:33:54.920+0800] {processor.py:186} INFO - Started process (PID=64296) to work on /Users/yueyaoz/Downloads/IS3107-FinSum/.airflow/lib/python3.10/site-packages/airflow/example_dags/example_bash_operator.py
[2025-04-20T13:33:54.921+0800] {processor.py:914} INFO - Processing file /Users/yueyaoz/Downloads/IS3107-FinSum/.airflow/lib/python3.10/site-packages/airflow/example_dags/example_bash_operator.py for tasks to queue
[2025-04-20T13:33:54.922+0800] {logging_mixin.py:190} INFO - [2025-04-20T13:33:54.922+0800] {dagbag.py:588} INFO - Filling up the DagBag from /Users/yueyaoz/Downloads/IS3107-FinSum/.airflow/lib/python3.10/site-packages/airflow/example_dags/example_bash_operator.py
[2025-04-20T13:33:54.927+0800] {processor.py:925} INFO - DAG(s) 'example_bash_operator' retrieved from /Users/yueyaoz/Downloads/IS3107-FinSum/.airflow/lib/python3.10/site-packages/airflow/example_dags/example_bash_operator.py
[2025-04-20T13:33:54.973+0800] {logging_mixin.py:190} INFO - [2025-04-20T13:33:54.973+0800] {dag.py:3239} INFO - Sync 1 DAGs
[2025-04-20T13:33:54.980+0800] {logging_mixin.py:190} INFO - [2025-04-20T13:33:54.980+0800] {dag.py:4180} INFO - Setting next_dagrun for example_bash_operator to 2025-04-19 00:00:00+00:00, run_after=2025-04-20 00:00:00+00:00
[2025-04-20T13:33:54.988+0800] {processor.py:208} INFO - Processing /Users/yueyaoz/Downloads/IS3107-FinSum/.airflow/lib/python3.10/site-packages/airflow/example_dags/example_bash_operator.py took 0.070 seconds
[2025-04-20T14:34:17.926+0800] {processor.py:186} INFO - Started process (PID=64511) to work on /Users/yueyaoz/Downloads/IS3107-FinSum/.airflow/lib/python3.10/site-packages/airflow/example_dags/example_bash_operator.py
[2025-04-20T14:34:17.926+0800] {processor.py:914} INFO - Processing file /Users/yueyaoz/Downloads/IS3107-FinSum/.airflow/lib/python3.10/site-packages/airflow/example_dags/example_bash_operator.py for tasks to queue
[2025-04-20T14:34:17.926+0800] {logging_mixin.py:190} INFO - [2025-04-20T14:34:17.926+0800] {dagbag.py:588} INFO - Filling up the DagBag from /Users/yueyaoz/Downloads/IS3107-FinSum/.airflow/lib/python3.10/site-packages/airflow/example_dags/example_bash_operator.py
[2025-04-20T14:34:17.932+0800] {processor.py:925} INFO - DAG(s) 'example_bash_operator' retrieved from /Users/yueyaoz/Downloads/IS3107-FinSum/.airflow/lib/python3.10/site-packages/airflow/example_dags/example_bash_operator.py
[2025-04-20T14:34:17.979+0800] {logging_mixin.py:190} INFO - [2025-04-20T14:34:17.979+0800] {dag.py:3239} INFO - Sync 1 DAGs
[2025-04-20T14:34:17.986+0800] {logging_mixin.py:190} INFO - [2025-04-20T14:34:17.986+0800] {dag.py:4180} INFO - Setting next_dagrun for example_bash_operator to 2025-04-19 00:00:00+00:00, run_after=2025-04-20 00:00:00+00:00
[2025-04-20T14:34:17.994+0800] {processor.py:208} INFO - Processing /Users/yueyaoz/Downloads/IS3107-FinSum/.airflow/lib/python3.10/site-packages/airflow/example_dags/example_bash_operator.py took 0.070 seconds
[2025-04-20T15:06:46.835+0800] {processor.py:186} INFO - Started process (PID=64711) to work on /Users/yueyaoz/Downloads/IS3107-FinSum/.airflow/lib/python3.10/site-packages/airflow/example_dags/example_bash_operator.py
[2025-04-20T15:06:46.835+0800] {processor.py:914} INFO - Processing file /Users/yueyaoz/Downloads/IS3107-FinSum/.airflow/lib/python3.10/site-packages/airflow/example_dags/example_bash_operator.py for tasks to queue
[2025-04-20T15:06:46.835+0800] {logging_mixin.py:190} INFO - [2025-04-20T15:06:46.835+0800] {dagbag.py:588} INFO - Filling up the DagBag from /Users/yueyaoz/Downloads/IS3107-FinSum/.airflow/lib/python3.10/site-packages/airflow/example_dags/example_bash_operator.py
[2025-04-20T15:06:46.842+0800] {processor.py:925} INFO - DAG(s) 'example_bash_operator' retrieved from /Users/yueyaoz/Downloads/IS3107-FinSum/.airflow/lib/python3.10/site-packages/airflow/example_dags/example_bash_operator.py
[2025-04-20T15:06:46.890+0800] {logging_mixin.py:190} INFO - [2025-04-20T15:06:46.889+0800] {dag.py:3239} INFO - Sync 1 DAGs
[2025-04-20T15:06:46.897+0800] {logging_mixin.py:190} INFO - [2025-04-20T15:06:46.897+0800] {dag.py:4180} INFO - Setting next_dagrun for example_bash_operator to 2025-04-19 00:00:00+00:00, run_after=2025-04-20 00:00:00+00:00
[2025-04-20T15:06:46.908+0800] {processor.py:208} INFO - Processing /Users/yueyaoz/Downloads/IS3107-FinSum/.airflow/lib/python3.10/site-packages/airflow/example_dags/example_bash_operator.py took 0.075 seconds
[2025-04-20T16:45:04.939+0800] {processor.py:186} INFO - Started process (PID=64934) to work on /Users/yueyaoz/Downloads/IS3107-FinSum/.airflow/lib/python3.10/site-packages/airflow/example_dags/example_bash_operator.py
[2025-04-20T16:45:04.940+0800] {processor.py:914} INFO - Processing file /Users/yueyaoz/Downloads/IS3107-FinSum/.airflow/lib/python3.10/site-packages/airflow/example_dags/example_bash_operator.py for tasks to queue
[2025-04-20T16:45:04.941+0800] {logging_mixin.py:190} INFO - [2025-04-20T16:45:04.941+0800] {dagbag.py:588} INFO - Filling up the DagBag from /Users/yueyaoz/Downloads/IS3107-FinSum/.airflow/lib/python3.10/site-packages/airflow/example_dags/example_bash_operator.py
[2025-04-20T16:45:04.947+0800] {processor.py:925} INFO - DAG(s) 'example_bash_operator' retrieved from /Users/yueyaoz/Downloads/IS3107-FinSum/.airflow/lib/python3.10/site-packages/airflow/example_dags/example_bash_operator.py
[2025-04-20T16:45:04.993+0800] {logging_mixin.py:190} INFO - [2025-04-20T16:45:04.993+0800] {dag.py:3239} INFO - Sync 1 DAGs
[2025-04-20T16:45:05.000+0800] {logging_mixin.py:190} INFO - [2025-04-20T16:45:05.000+0800] {dag.py:4180} INFO - Setting next_dagrun for example_bash_operator to 2025-04-19 00:00:00+00:00, run_after=2025-04-20 00:00:00+00:00
[2025-04-20T16:45:05.007+0800] {processor.py:208} INFO - Processing /Users/yueyaoz/Downloads/IS3107-FinSum/.airflow/lib/python3.10/site-packages/airflow/example_dags/example_bash_operator.py took 0.070 seconds
[2025-04-20T16:47:42.269+0800] {processor.py:186} INFO - Started process (PID=65254) to work on /Users/yueyaoz/Downloads/IS3107-FinSum/.airflow/lib/python3.10/site-packages/airflow/example_dags/example_bash_operator.py
[2025-04-20T16:47:42.270+0800] {processor.py:914} INFO - Processing file /Users/yueyaoz/Downloads/IS3107-FinSum/.airflow/lib/python3.10/site-packages/airflow/example_dags/example_bash_operator.py for tasks to queue
[2025-04-20T16:47:42.270+0800] {logging_mixin.py:190} INFO - [2025-04-20T16:47:42.270+0800] {dagbag.py:588} INFO - Filling up the DagBag from /Users/yueyaoz/Downloads/IS3107-FinSum/.airflow/lib/python3.10/site-packages/airflow/example_dags/example_bash_operator.py
[2025-04-20T16:47:42.276+0800] {processor.py:925} INFO - DAG(s) 'example_bash_operator' retrieved from /Users/yueyaoz/Downloads/IS3107-FinSum/.airflow/lib/python3.10/site-packages/airflow/example_dags/example_bash_operator.py
[2025-04-20T16:47:42.327+0800] {logging_mixin.py:190} INFO - [2025-04-20T16:47:42.327+0800] {dag.py:3239} INFO - Sync 1 DAGs
[2025-04-20T16:47:42.335+0800] {logging_mixin.py:190} INFO - [2025-04-20T16:47:42.335+0800] {dag.py:4180} INFO - Setting next_dagrun for example_bash_operator to 2025-04-19 00:00:00+00:00, run_after=2025-04-20 00:00:00+00:00
[2025-04-20T16:47:42.343+0800] {processor.py:208} INFO - Processing /Users/yueyaoz/Downloads/IS3107-FinSum/.airflow/lib/python3.10/site-packages/airflow/example_dags/example_bash_operator.py took 0.076 seconds
[2025-04-20T16:51:14.027+0800] {processor.py:186} INFO - Started process (PID=65500) to work on /Users/yueyaoz/Downloads/IS3107-FinSum/.airflow/lib/python3.10/site-packages/airflow/example_dags/example_bash_operator.py
[2025-04-20T16:51:14.028+0800] {processor.py:914} INFO - Processing file /Users/yueyaoz/Downloads/IS3107-FinSum/.airflow/lib/python3.10/site-packages/airflow/example_dags/example_bash_operator.py for tasks to queue
[2025-04-20T16:51:14.029+0800] {logging_mixin.py:190} INFO - [2025-04-20T16:51:14.029+0800] {dagbag.py:588} INFO - Filling up the DagBag from /Users/yueyaoz/Downloads/IS3107-FinSum/.airflow/lib/python3.10/site-packages/airflow/example_dags/example_bash_operator.py
[2025-04-20T16:51:14.035+0800] {processor.py:925} INFO - DAG(s) 'example_bash_operator' retrieved from /Users/yueyaoz/Downloads/IS3107-FinSum/.airflow/lib/python3.10/site-packages/airflow/example_dags/example_bash_operator.py
[2025-04-20T16:51:14.081+0800] {logging_mixin.py:190} INFO - [2025-04-20T16:51:14.081+0800] {dag.py:3239} INFO - Sync 1 DAGs
[2025-04-20T16:51:14.088+0800] {logging_mixin.py:190} INFO - [2025-04-20T16:51:14.088+0800] {dag.py:4180} INFO - Setting next_dagrun for example_bash_operator to 2025-04-19 00:00:00+00:00, run_after=2025-04-20 00:00:00+00:00
[2025-04-20T16:51:14.097+0800] {processor.py:208} INFO - Processing /Users/yueyaoz/Downloads/IS3107-FinSum/.airflow/lib/python3.10/site-packages/airflow/example_dags/example_bash_operator.py took 0.071 seconds
[2025-04-20T16:53:48.689+0800] {processor.py:186} INFO - Started process (PID=65706) to work on /Users/yueyaoz/Downloads/IS3107-FinSum/.airflow/lib/python3.10/site-packages/airflow/example_dags/example_bash_operator.py
[2025-04-20T16:53:48.691+0800] {processor.py:914} INFO - Processing file /Users/yueyaoz/Downloads/IS3107-FinSum/.airflow/lib/python3.10/site-packages/airflow/example_dags/example_bash_operator.py for tasks to queue
[2025-04-20T16:53:48.691+0800] {logging_mixin.py:190} INFO - [2025-04-20T16:53:48.691+0800] {dagbag.py:588} INFO - Filling up the DagBag from /Users/yueyaoz/Downloads/IS3107-FinSum/.airflow/lib/python3.10/site-packages/airflow/example_dags/example_bash_operator.py
[2025-04-20T16:53:48.697+0800] {processor.py:925} INFO - DAG(s) 'example_bash_operator' retrieved from /Users/yueyaoz/Downloads/IS3107-FinSum/.airflow/lib/python3.10/site-packages/airflow/example_dags/example_bash_operator.py
[2025-04-20T16:53:48.743+0800] {logging_mixin.py:190} INFO - [2025-04-20T16:53:48.743+0800] {dag.py:3239} INFO - Sync 1 DAGs
[2025-04-20T16:53:48.750+0800] {logging_mixin.py:190} INFO - [2025-04-20T16:53:48.750+0800] {dag.py:4180} INFO - Setting next_dagrun for example_bash_operator to 2025-04-19 00:00:00+00:00, run_after=2025-04-20 00:00:00+00:00
[2025-04-20T16:53:48.757+0800] {processor.py:208} INFO - Processing /Users/yueyaoz/Downloads/IS3107-FinSum/.airflow/lib/python3.10/site-packages/airflow/example_dags/example_bash_operator.py took 0.070 seconds
[2025-04-20T16:56:31.291+0800] {processor.py:186} INFO - Started process (PID=65932) to work on /Users/yueyaoz/Downloads/IS3107-FinSum/.airflow/lib/python3.10/site-packages/airflow/example_dags/example_bash_operator.py
[2025-04-20T16:56:31.292+0800] {processor.py:914} INFO - Processing file /Users/yueyaoz/Downloads/IS3107-FinSum/.airflow/lib/python3.10/site-packages/airflow/example_dags/example_bash_operator.py for tasks to queue
[2025-04-20T16:56:31.292+0800] {logging_mixin.py:190} INFO - [2025-04-20T16:56:31.292+0800] {dagbag.py:588} INFO - Filling up the DagBag from /Users/yueyaoz/Downloads/IS3107-FinSum/.airflow/lib/python3.10/site-packages/airflow/example_dags/example_bash_operator.py
[2025-04-20T16:56:31.299+0800] {processor.py:925} INFO - DAG(s) 'example_bash_operator' retrieved from /Users/yueyaoz/Downloads/IS3107-FinSum/.airflow/lib/python3.10/site-packages/airflow/example_dags/example_bash_operator.py
[2025-04-20T16:56:31.348+0800] {logging_mixin.py:190} INFO - [2025-04-20T16:56:31.348+0800] {dag.py:3239} INFO - Sync 1 DAGs
[2025-04-20T16:56:31.356+0800] {logging_mixin.py:190} INFO - [2025-04-20T16:56:31.356+0800] {dag.py:4180} INFO - Setting next_dagrun for example_bash_operator to 2025-04-19 00:00:00+00:00, run_after=2025-04-20 00:00:00+00:00
[2025-04-20T16:56:31.364+0800] {processor.py:208} INFO - Processing /Users/yueyaoz/Downloads/IS3107-FinSum/.airflow/lib/python3.10/site-packages/airflow/example_dags/example_bash_operator.py took 0.075 seconds
[2025-04-20T16:59:09.071+0800] {processor.py:186} INFO - Started process (PID=66131) to work on /Users/yueyaoz/Downloads/IS3107-FinSum/.airflow/lib/python3.10/site-packages/airflow/example_dags/example_bash_operator.py
[2025-04-20T16:59:09.072+0800] {processor.py:914} INFO - Processing file /Users/yueyaoz/Downloads/IS3107-FinSum/.airflow/lib/python3.10/site-packages/airflow/example_dags/example_bash_operator.py for tasks to queue
[2025-04-20T16:59:09.072+0800] {logging_mixin.py:190} INFO - [2025-04-20T16:59:09.072+0800] {dagbag.py:588} INFO - Filling up the DagBag from /Users/yueyaoz/Downloads/IS3107-FinSum/.airflow/lib/python3.10/site-packages/airflow/example_dags/example_bash_operator.py
[2025-04-20T16:59:09.078+0800] {processor.py:925} INFO - DAG(s) 'example_bash_operator' retrieved from /Users/yueyaoz/Downloads/IS3107-FinSum/.airflow/lib/python3.10/site-packages/airflow/example_dags/example_bash_operator.py
[2025-04-20T16:59:09.129+0800] {logging_mixin.py:190} INFO - [2025-04-20T16:59:09.129+0800] {dag.py:3239} INFO - Sync 1 DAGs
[2025-04-20T16:59:09.137+0800] {logging_mixin.py:190} INFO - [2025-04-20T16:59:09.137+0800] {dag.py:4180} INFO - Setting next_dagrun for example_bash_operator to 2025-04-19 00:00:00+00:00, run_after=2025-04-20 00:00:00+00:00
[2025-04-20T16:59:09.145+0800] {processor.py:208} INFO - Processing /Users/yueyaoz/Downloads/IS3107-FinSum/.airflow/lib/python3.10/site-packages/airflow/example_dags/example_bash_operator.py took 0.076 seconds
[2025-04-20T17:01:45.717+0800] {processor.py:186} INFO - Started process (PID=66324) to work on /Users/yueyaoz/Downloads/IS3107-FinSum/.airflow/lib/python3.10/site-packages/airflow/example_dags/example_bash_operator.py
[2025-04-20T17:01:45.719+0800] {processor.py:914} INFO - Processing file /Users/yueyaoz/Downloads/IS3107-FinSum/.airflow/lib/python3.10/site-packages/airflow/example_dags/example_bash_operator.py for tasks to queue
[2025-04-20T17:01:45.719+0800] {logging_mixin.py:190} INFO - [2025-04-20T17:01:45.719+0800] {dagbag.py:588} INFO - Filling up the DagBag from /Users/yueyaoz/Downloads/IS3107-FinSum/.airflow/lib/python3.10/site-packages/airflow/example_dags/example_bash_operator.py
[2025-04-20T17:01:45.725+0800] {processor.py:925} INFO - DAG(s) 'example_bash_operator' retrieved from /Users/yueyaoz/Downloads/IS3107-FinSum/.airflow/lib/python3.10/site-packages/airflow/example_dags/example_bash_operator.py
[2025-04-20T17:01:45.772+0800] {logging_mixin.py:190} INFO - [2025-04-20T17:01:45.772+0800] {dag.py:3239} INFO - Sync 1 DAGs
[2025-04-20T17:01:45.780+0800] {logging_mixin.py:190} INFO - [2025-04-20T17:01:45.780+0800] {dag.py:4180} INFO - Setting next_dagrun for example_bash_operator to 2025-04-19 00:00:00+00:00, run_after=2025-04-20 00:00:00+00:00
[2025-04-20T17:01:45.788+0800] {processor.py:208} INFO - Processing /Users/yueyaoz/Downloads/IS3107-FinSum/.airflow/lib/python3.10/site-packages/airflow/example_dags/example_bash_operator.py took 0.072 seconds
[2025-04-20T17:04:29.943+0800] {processor.py:186} INFO - Started process (PID=66543) to work on /Users/yueyaoz/Downloads/IS3107-FinSum/.airflow/lib/python3.10/site-packages/airflow/example_dags/example_bash_operator.py
[2025-04-20T17:04:29.945+0800] {processor.py:914} INFO - Processing file /Users/yueyaoz/Downloads/IS3107-FinSum/.airflow/lib/python3.10/site-packages/airflow/example_dags/example_bash_operator.py for tasks to queue
[2025-04-20T17:04:29.945+0800] {logging_mixin.py:190} INFO - [2025-04-20T17:04:29.945+0800] {dagbag.py:588} INFO - Filling up the DagBag from /Users/yueyaoz/Downloads/IS3107-FinSum/.airflow/lib/python3.10/site-packages/airflow/example_dags/example_bash_operator.py
[2025-04-20T17:04:29.952+0800] {processor.py:925} INFO - DAG(s) 'example_bash_operator' retrieved from /Users/yueyaoz/Downloads/IS3107-FinSum/.airflow/lib/python3.10/site-packages/airflow/example_dags/example_bash_operator.py
[2025-04-20T17:04:30.000+0800] {logging_mixin.py:190} INFO - [2025-04-20T17:04:30.000+0800] {dag.py:3239} INFO - Sync 1 DAGs
[2025-04-20T17:04:30.008+0800] {logging_mixin.py:190} INFO - [2025-04-20T17:04:30.008+0800] {dag.py:4180} INFO - Setting next_dagrun for example_bash_operator to 2025-04-19 00:00:00+00:00, run_after=2025-04-20 00:00:00+00:00
[2025-04-20T17:04:30.015+0800] {processor.py:208} INFO - Processing /Users/yueyaoz/Downloads/IS3107-FinSum/.airflow/lib/python3.10/site-packages/airflow/example_dags/example_bash_operator.py took 0.073 seconds
[2025-04-20T17:07:04.983+0800] {processor.py:186} INFO - Started process (PID=66745) to work on /Users/yueyaoz/Downloads/IS3107-FinSum/.airflow/lib/python3.10/site-packages/airflow/example_dags/example_bash_operator.py
[2025-04-20T17:07:04.985+0800] {processor.py:914} INFO - Processing file /Users/yueyaoz/Downloads/IS3107-FinSum/.airflow/lib/python3.10/site-packages/airflow/example_dags/example_bash_operator.py for tasks to queue
[2025-04-20T17:07:04.985+0800] {logging_mixin.py:190} INFO - [2025-04-20T17:07:04.985+0800] {dagbag.py:588} INFO - Filling up the DagBag from /Users/yueyaoz/Downloads/IS3107-FinSum/.airflow/lib/python3.10/site-packages/airflow/example_dags/example_bash_operator.py
[2025-04-20T17:07:04.991+0800] {processor.py:925} INFO - DAG(s) 'example_bash_operator' retrieved from /Users/yueyaoz/Downloads/IS3107-FinSum/.airflow/lib/python3.10/site-packages/airflow/example_dags/example_bash_operator.py
[2025-04-20T17:07:05.036+0800] {logging_mixin.py:190} INFO - [2025-04-20T17:07:05.036+0800] {dag.py:3239} INFO - Sync 1 DAGs
[2025-04-20T17:07:05.043+0800] {logging_mixin.py:190} INFO - [2025-04-20T17:07:05.043+0800] {dag.py:4180} INFO - Setting next_dagrun for example_bash_operator to 2025-04-19 00:00:00+00:00, run_after=2025-04-20 00:00:00+00:00
[2025-04-20T17:07:05.050+0800] {processor.py:208} INFO - Processing /Users/yueyaoz/Downloads/IS3107-FinSum/.airflow/lib/python3.10/site-packages/airflow/example_dags/example_bash_operator.py took 0.069 seconds
[2025-04-20T17:09:39.607+0800] {processor.py:186} INFO - Started process (PID=66953) to work on /Users/yueyaoz/Downloads/IS3107-FinSum/.airflow/lib/python3.10/site-packages/airflow/example_dags/example_bash_operator.py
[2025-04-20T17:09:39.608+0800] {processor.py:914} INFO - Processing file /Users/yueyaoz/Downloads/IS3107-FinSum/.airflow/lib/python3.10/site-packages/airflow/example_dags/example_bash_operator.py for tasks to queue
[2025-04-20T17:09:39.609+0800] {logging_mixin.py:190} INFO - [2025-04-20T17:09:39.609+0800] {dagbag.py:588} INFO - Filling up the DagBag from /Users/yueyaoz/Downloads/IS3107-FinSum/.airflow/lib/python3.10/site-packages/airflow/example_dags/example_bash_operator.py
[2025-04-20T17:09:39.615+0800] {processor.py:925} INFO - DAG(s) 'example_bash_operator' retrieved from /Users/yueyaoz/Downloads/IS3107-FinSum/.airflow/lib/python3.10/site-packages/airflow/example_dags/example_bash_operator.py
[2025-04-20T17:09:39.662+0800] {logging_mixin.py:190} INFO - [2025-04-20T17:09:39.662+0800] {dag.py:3239} INFO - Sync 1 DAGs
[2025-04-20T17:09:39.670+0800] {logging_mixin.py:190} INFO - [2025-04-20T17:09:39.669+0800] {dag.py:4180} INFO - Setting next_dagrun for example_bash_operator to 2025-04-19 00:00:00+00:00, run_after=2025-04-20 00:00:00+00:00
[2025-04-20T17:09:39.677+0800] {processor.py:208} INFO - Processing /Users/yueyaoz/Downloads/IS3107-FinSum/.airflow/lib/python3.10/site-packages/airflow/example_dags/example_bash_operator.py took 0.071 seconds
[2025-04-20T17:12:09.973+0800] {processor.py:186} INFO - Started process (PID=67144) to work on /Users/yueyaoz/Downloads/IS3107-FinSum/.airflow/lib/python3.10/site-packages/airflow/example_dags/example_bash_operator.py
[2025-04-20T17:12:09.974+0800] {processor.py:914} INFO - Processing file /Users/yueyaoz/Downloads/IS3107-FinSum/.airflow/lib/python3.10/site-packages/airflow/example_dags/example_bash_operator.py for tasks to queue
[2025-04-20T17:12:09.975+0800] {logging_mixin.py:190} INFO - [2025-04-20T17:12:09.974+0800] {dagbag.py:588} INFO - Filling up the DagBag from /Users/yueyaoz/Downloads/IS3107-FinSum/.airflow/lib/python3.10/site-packages/airflow/example_dags/example_bash_operator.py
[2025-04-20T17:12:09.980+0800] {processor.py:925} INFO - DAG(s) 'example_bash_operator' retrieved from /Users/yueyaoz/Downloads/IS3107-FinSum/.airflow/lib/python3.10/site-packages/airflow/example_dags/example_bash_operator.py
[2025-04-20T17:12:10.026+0800] {logging_mixin.py:190} INFO - [2025-04-20T17:12:10.026+0800] {dag.py:3239} INFO - Sync 1 DAGs
[2025-04-20T17:12:10.033+0800] {logging_mixin.py:190} INFO - [2025-04-20T17:12:10.033+0800] {dag.py:4180} INFO - Setting next_dagrun for example_bash_operator to 2025-04-19 00:00:00+00:00, run_after=2025-04-20 00:00:00+00:00
[2025-04-20T17:12:10.040+0800] {processor.py:208} INFO - Processing /Users/yueyaoz/Downloads/IS3107-FinSum/.airflow/lib/python3.10/site-packages/airflow/example_dags/example_bash_operator.py took 0.069 seconds
[2025-04-20T17:14:36.325+0800] {processor.py:186} INFO - Started process (PID=67333) to work on /Users/yueyaoz/Downloads/IS3107-FinSum/.airflow/lib/python3.10/site-packages/airflow/example_dags/example_bash_operator.py
[2025-04-20T17:14:36.326+0800] {processor.py:914} INFO - Processing file /Users/yueyaoz/Downloads/IS3107-FinSum/.airflow/lib/python3.10/site-packages/airflow/example_dags/example_bash_operator.py for tasks to queue
[2025-04-20T17:14:36.326+0800] {logging_mixin.py:190} INFO - [2025-04-20T17:14:36.326+0800] {dagbag.py:588} INFO - Filling up the DagBag from /Users/yueyaoz/Downloads/IS3107-FinSum/.airflow/lib/python3.10/site-packages/airflow/example_dags/example_bash_operator.py
[2025-04-20T17:14:36.332+0800] {processor.py:925} INFO - DAG(s) 'example_bash_operator' retrieved from /Users/yueyaoz/Downloads/IS3107-FinSum/.airflow/lib/python3.10/site-packages/airflow/example_dags/example_bash_operator.py
[2025-04-20T17:14:36.378+0800] {logging_mixin.py:190} INFO - [2025-04-20T17:14:36.378+0800] {dag.py:3239} INFO - Sync 1 DAGs
[2025-04-20T17:14:36.385+0800] {logging_mixin.py:190} INFO - [2025-04-20T17:14:36.385+0800] {dag.py:4180} INFO - Setting next_dagrun for example_bash_operator to 2025-04-19 00:00:00+00:00, run_after=2025-04-20 00:00:00+00:00
[2025-04-20T17:14:36.393+0800] {processor.py:208} INFO - Processing /Users/yueyaoz/Downloads/IS3107-FinSum/.airflow/lib/python3.10/site-packages/airflow/example_dags/example_bash_operator.py took 0.069 seconds
[2025-04-20T17:17:05.349+0800] {processor.py:186} INFO - Started process (PID=67538) to work on /Users/yueyaoz/Downloads/IS3107-FinSum/.airflow/lib/python3.10/site-packages/airflow/example_dags/example_bash_operator.py
[2025-04-20T17:17:05.350+0800] {processor.py:914} INFO - Processing file /Users/yueyaoz/Downloads/IS3107-FinSum/.airflow/lib/python3.10/site-packages/airflow/example_dags/example_bash_operator.py for tasks to queue
[2025-04-20T17:17:05.351+0800] {logging_mixin.py:190} INFO - [2025-04-20T17:17:05.351+0800] {dagbag.py:588} INFO - Filling up the DagBag from /Users/yueyaoz/Downloads/IS3107-FinSum/.airflow/lib/python3.10/site-packages/airflow/example_dags/example_bash_operator.py
[2025-04-20T17:17:05.357+0800] {processor.py:925} INFO - DAG(s) 'example_bash_operator' retrieved from /Users/yueyaoz/Downloads/IS3107-FinSum/.airflow/lib/python3.10/site-packages/airflow/example_dags/example_bash_operator.py
[2025-04-20T17:17:05.402+0800] {logging_mixin.py:190} INFO - [2025-04-20T17:17:05.402+0800] {dag.py:3239} INFO - Sync 1 DAGs
[2025-04-20T17:17:05.409+0800] {logging_mixin.py:190} INFO - [2025-04-20T17:17:05.409+0800] {dag.py:4180} INFO - Setting next_dagrun for example_bash_operator to 2025-04-19 00:00:00+00:00, run_after=2025-04-20 00:00:00+00:00
[2025-04-20T17:17:05.416+0800] {processor.py:208} INFO - Processing /Users/yueyaoz/Downloads/IS3107-FinSum/.airflow/lib/python3.10/site-packages/airflow/example_dags/example_bash_operator.py took 0.069 seconds
[2025-04-20T17:19:39.277+0800] {processor.py:186} INFO - Started process (PID=67735) to work on /Users/yueyaoz/Downloads/IS3107-FinSum/.airflow/lib/python3.10/site-packages/airflow/example_dags/example_bash_operator.py
[2025-04-20T17:19:39.279+0800] {processor.py:914} INFO - Processing file /Users/yueyaoz/Downloads/IS3107-FinSum/.airflow/lib/python3.10/site-packages/airflow/example_dags/example_bash_operator.py for tasks to queue
[2025-04-20T17:19:39.279+0800] {logging_mixin.py:190} INFO - [2025-04-20T17:19:39.279+0800] {dagbag.py:588} INFO - Filling up the DagBag from /Users/yueyaoz/Downloads/IS3107-FinSum/.airflow/lib/python3.10/site-packages/airflow/example_dags/example_bash_operator.py
[2025-04-20T17:19:39.285+0800] {processor.py:925} INFO - DAG(s) 'example_bash_operator' retrieved from /Users/yueyaoz/Downloads/IS3107-FinSum/.airflow/lib/python3.10/site-packages/airflow/example_dags/example_bash_operator.py
[2025-04-20T17:19:39.330+0800] {logging_mixin.py:190} INFO - [2025-04-20T17:19:39.330+0800] {dag.py:3239} INFO - Sync 1 DAGs
[2025-04-20T17:19:39.337+0800] {logging_mixin.py:190} INFO - [2025-04-20T17:19:39.337+0800] {dag.py:4180} INFO - Setting next_dagrun for example_bash_operator to 2025-04-19 00:00:00+00:00, run_after=2025-04-20 00:00:00+00:00
[2025-04-20T17:19:39.344+0800] {processor.py:208} INFO - Processing /Users/yueyaoz/Downloads/IS3107-FinSum/.airflow/lib/python3.10/site-packages/airflow/example_dags/example_bash_operator.py took 0.068 seconds
[2025-04-20T17:22:05.819+0800] {processor.py:186} INFO - Started process (PID=67954) to work on /Users/yueyaoz/Downloads/IS3107-FinSum/.airflow/lib/python3.10/site-packages/airflow/example_dags/example_bash_operator.py
[2025-04-20T17:22:05.820+0800] {processor.py:914} INFO - Processing file /Users/yueyaoz/Downloads/IS3107-FinSum/.airflow/lib/python3.10/site-packages/airflow/example_dags/example_bash_operator.py for tasks to queue
[2025-04-20T17:22:05.821+0800] {logging_mixin.py:190} INFO - [2025-04-20T17:22:05.820+0800] {dagbag.py:588} INFO - Filling up the DagBag from /Users/yueyaoz/Downloads/IS3107-FinSum/.airflow/lib/python3.10/site-packages/airflow/example_dags/example_bash_operator.py
[2025-04-20T17:22:05.827+0800] {processor.py:925} INFO - DAG(s) 'example_bash_operator' retrieved from /Users/yueyaoz/Downloads/IS3107-FinSum/.airflow/lib/python3.10/site-packages/airflow/example_dags/example_bash_operator.py
[2025-04-20T17:22:05.872+0800] {logging_mixin.py:190} INFO - [2025-04-20T17:22:05.872+0800] {dag.py:3239} INFO - Sync 1 DAGs
[2025-04-20T17:22:05.879+0800] {logging_mixin.py:190} INFO - [2025-04-20T17:22:05.879+0800] {dag.py:4180} INFO - Setting next_dagrun for example_bash_operator to 2025-04-19 00:00:00+00:00, run_after=2025-04-20 00:00:00+00:00
[2025-04-20T17:22:05.886+0800] {processor.py:208} INFO - Processing /Users/yueyaoz/Downloads/IS3107-FinSum/.airflow/lib/python3.10/site-packages/airflow/example_dags/example_bash_operator.py took 0.069 seconds
[2025-04-20T17:24:38.102+0800] {processor.py:186} INFO - Started process (PID=68150) to work on /Users/yueyaoz/Downloads/IS3107-FinSum/.airflow/lib/python3.10/site-packages/airflow/example_dags/example_bash_operator.py
[2025-04-20T17:24:38.103+0800] {processor.py:914} INFO - Processing file /Users/yueyaoz/Downloads/IS3107-FinSum/.airflow/lib/python3.10/site-packages/airflow/example_dags/example_bash_operator.py for tasks to queue
[2025-04-20T17:24:38.103+0800] {logging_mixin.py:190} INFO - [2025-04-20T17:24:38.103+0800] {dagbag.py:588} INFO - Filling up the DagBag from /Users/yueyaoz/Downloads/IS3107-FinSum/.airflow/lib/python3.10/site-packages/airflow/example_dags/example_bash_operator.py
[2025-04-20T17:24:38.109+0800] {processor.py:925} INFO - DAG(s) 'example_bash_operator' retrieved from /Users/yueyaoz/Downloads/IS3107-FinSum/.airflow/lib/python3.10/site-packages/airflow/example_dags/example_bash_operator.py
[2025-04-20T17:24:38.155+0800] {logging_mixin.py:190} INFO - [2025-04-20T17:24:38.155+0800] {dag.py:3239} INFO - Sync 1 DAGs
[2025-04-20T17:24:38.163+0800] {logging_mixin.py:190} INFO - [2025-04-20T17:24:38.163+0800] {dag.py:4180} INFO - Setting next_dagrun for example_bash_operator to 2025-04-19 00:00:00+00:00, run_after=2025-04-20 00:00:00+00:00
[2025-04-20T17:24:38.170+0800] {processor.py:208} INFO - Processing /Users/yueyaoz/Downloads/IS3107-FinSum/.airflow/lib/python3.10/site-packages/airflow/example_dags/example_bash_operator.py took 0.070 seconds
