[2025-04-21T16:32:13.852+0800] {local_task_job_runner.py:123} INFO - ::group::Pre task execution logs
[2025-04-21T16:32:13.858+0800] {taskinstance.py:2614} INFO - Dependencies all met for dep_context=non-requeueable deps ti=<TaskInstance: reddit_yf_scraper.check_files_exist__1 manual__2025-04-21T08:02:36.494628+00:00 [queued]>
[2025-04-21T16:32:13.861+0800] {taskinstance.py:2614} INFO - Dependencies all met for dep_context=requeueable deps ti=<TaskInstance: reddit_yf_scraper.check_files_exist__1 manual__2025-04-21T08:02:36.494628+00:00 [queued]>
[2025-04-21T16:32:13.861+0800] {taskinstance.py:2867} INFO - Starting attempt 1 of 2
[2025-04-21T16:32:13.866+0800] {taskinstance.py:2890} INFO - Executing <Task(_PythonDecoratedOperator): check_files_exist__1> on 2025-04-21 08:02:36.494628+00:00
[2025-04-21T16:32:13.870+0800] {standard_task_runner.py:72} INFO - Started process 8890 to run task
[2025-04-21T16:32:13.873+0800] {standard_task_runner.py:104} INFO - Running: ['airflow', 'tasks', 'run', 'reddit_yf_scraper', 'check_files_exist__1', 'manual__2025-04-21T08:02:36.494628+00:00', '--job-id', '847', '--raw', '--subdir', 'DAGS_FOLDER/dag.py', '--cfg-path', '/var/folders/2f/rw5w89ss6nl38qvq2cxrh29w0000gn/T/tmpk4v6bjap']
[2025-04-21T16:32:13.874+0800] {standard_task_runner.py:105} INFO - Job 847: Subtask check_files_exist__1
[2025-04-21T16:32:13.893+0800] {task_command.py:467} INFO - Running <TaskInstance: reddit_yf_scraper.check_files_exist__1 manual__2025-04-21T08:02:36.494628+00:00 [running]> on host yueyaos-macbook-pro.local
[2025-04-21T16:32:13.917+0800] {taskinstance.py:3134} INFO - Exporting env vars: AIRFLOW_CTX_DAG_OWNER='airflow' AIRFLOW_CTX_DAG_ID='reddit_yf_scraper' AIRFLOW_CTX_TASK_ID='check_files_exist__1' AIRFLOW_CTX_EXECUTION_DATE='2025-04-21T08:02:36.494628+00:00' AIRFLOW_CTX_TRY_NUMBER='1' AIRFLOW_CTX_DAG_RUN_ID='manual__2025-04-21T08:02:36.494628+00:00'
[2025-04-21T16:32:13.918+0800] {logging_mixin.py:190} INFO - Task instance is in running state
[2025-04-21T16:32:13.918+0800] {logging_mixin.py:190} INFO -  Previous state of the Task instance: queued
[2025-04-21T16:32:13.918+0800] {logging_mixin.py:190} INFO - Current task name:check_files_exist__1 state:running start_date:2025-04-21 08:32:13.858267+00:00
[2025-04-21T16:32:13.918+0800] {logging_mixin.py:190} INFO - Dag name:reddit_yf_scraper and current dag run status:running
[2025-04-21T16:32:13.919+0800] {taskinstance.py:732} INFO - ::endgroup::
[2025-04-21T16:32:13.919+0800] {python.py:240} INFO - Done. Returned value was: True
[2025-04-21T16:32:13.925+0800] {taskinstance.py:341} INFO - ::group::Post task execution logs
[2025-04-21T16:32:13.925+0800] {taskinstance.py:353} INFO - Marking task as SUCCESS. dag_id=reddit_yf_scraper, task_id=check_files_exist__1, run_id=manual__2025-04-21T08:02:36.494628+00:00, execution_date=20250421T080236, start_date=20250421T083213, end_date=20250421T083213
[2025-04-21T16:32:13.930+0800] {logging_mixin.py:190} INFO - Task instance in success state
[2025-04-21T16:32:13.930+0800] {logging_mixin.py:190} INFO -  Previous state of the Task instance: running
[2025-04-21T16:32:13.931+0800] {logging_mixin.py:190} INFO - Dag name:reddit_yf_scraper queued_at:2025-04-21 08:02:36.503040+00:00
[2025-04-21T16:32:13.931+0800] {logging_mixin.py:190} INFO - Task hostname:yueyaos-macbook-pro.local operator:_PythonDecoratedOperator
[2025-04-21T16:32:13.947+0800] {local_task_job_runner.py:266} INFO - Task exited with return code 0
[2025-04-21T16:32:13.959+0800] {taskinstance.py:3901} INFO - 1 downstream tasks scheduled from follow-on schedule check
[2025-04-21T16:32:13.959+0800] {local_task_job_runner.py:245} INFO - ::endgroup::
