[2025-04-02T15:07:19.707+0800] {local_task_job_runner.py:123} INFO - ::group::Pre task execution logs
[2025-04-02T15:07:19.794+0800] {taskinstance.py:2614} INFO - Dependencies all met for dep_context=non-requeueable deps ti=<TaskInstance: reddit_yf_scraper.upload_reddit_to_gcs manual__2025-04-02T07:06:24.457379+00:00 [queued]>
[2025-04-02T15:07:19.798+0800] {taskinstance.py:2614} INFO - Dependencies all met for dep_context=requeueable deps ti=<TaskInstance: reddit_yf_scraper.upload_reddit_to_gcs manual__2025-04-02T07:06:24.457379+00:00 [queued]>
[2025-04-02T15:07:19.798+0800] {taskinstance.py:2867} INFO - Starting attempt 1 of 2
[2025-04-02T15:07:19.804+0800] {taskinstance.py:2890} INFO - Executing <Task(LocalFilesystemToGCSOperator): upload_reddit_to_gcs> on 2025-04-02 07:06:24.457379+00:00
[2025-04-02T15:07:19.807+0800] {standard_task_runner.py:72} INFO - Started process 36777 to run task
[2025-04-02T15:07:19.811+0800] {standard_task_runner.py:104} INFO - Running: ['airflow', 'tasks', 'run', 'reddit_yf_scraper', 'upload_reddit_to_gcs', 'manual__2025-04-02T07:06:24.457379+00:00', '--job-id', '335', '--raw', '--subdir', 'DAGS_FOLDER/dag.py', '--cfg-path', '/var/folders/xg/h9xj0trn3dxds251bj2q6hf80000gn/T/tmpiy40t1ft']
[2025-04-02T15:07:19.812+0800] {standard_task_runner.py:105} INFO - Job 335: Subtask upload_reddit_to_gcs
[2025-04-02T15:07:19.836+0800] {task_command.py:467} INFO - Running <TaskInstance: reddit_yf_scraper.upload_reddit_to_gcs manual__2025-04-02T07:06:24.457379+00:00 [running]> on host ervins-macbook-air-2.local
[2025-04-02T15:07:19.869+0800] {taskinstance.py:3134} INFO - Exporting env vars: AIRFLOW_CTX_DAG_OWNER='airflow' AIRFLOW_CTX_DAG_ID='reddit_yf_scraper' AIRFLOW_CTX_TASK_ID='upload_reddit_to_gcs' AIRFLOW_CTX_EXECUTION_DATE='2025-04-02T07:06:24.457379+00:00' AIRFLOW_CTX_TRY_NUMBER='1' AIRFLOW_CTX_DAG_RUN_ID='manual__2025-04-02T07:06:24.457379+00:00'
[2025-04-02T15:07:19.870+0800] {logging_mixin.py:190} INFO - Task instance is in running state
[2025-04-02T15:07:19.870+0800] {logging_mixin.py:190} INFO -  Previous state of the Task instance: queued
[2025-04-02T15:07:19.871+0800] {logging_mixin.py:190} INFO - Current task name:upload_reddit_to_gcs state:running start_date:2025-04-02 07:07:19.794959+00:00
[2025-04-02T15:07:19.871+0800] {logging_mixin.py:190} INFO - Dag name:reddit_yf_scraper and current dag run status:running
[2025-04-02T15:07:19.871+0800] {taskinstance.py:732} INFO - ::endgroup::
[2025-04-02T15:07:19.874+0800] {connection.py:277} WARNING - Connection schemes (type: google_cloud_platform) shall not contain '_' according to RFC3986.
[2025-04-02T15:07:19.877+0800] {base.py:84} INFO - Retrieving connection 'google_cloud_default'
[2025-04-02T15:07:20.520+0800] {gcs.py:579} INFO - File /Users/ervinyeoh/Desktop/unimods/is3107/project/airflow/snp500-reddit-test/NVDA_reddit_20250402.csv uploaded to reddit-test/NVDA_reddit_20250402.csv in my-data-is3107 bucket
[2025-04-02T15:07:20.522+0800] {hook.py:208} WARNING - Data lineage tracking is disabled. Register a hook lineage reader to start tracking hook lineage.
[2025-04-02T15:07:20.531+0800] {taskinstance.py:341} INFO - ::group::Post task execution logs
[2025-04-02T15:07:20.532+0800] {taskinstance.py:353} INFO - Marking task as SUCCESS. dag_id=reddit_yf_scraper, task_id=upload_reddit_to_gcs, run_id=manual__2025-04-02T07:06:24.457379+00:00, execution_date=20250402T070624, start_date=20250402T070719, end_date=20250402T070720
[2025-04-02T15:07:20.545+0800] {logging_mixin.py:190} INFO - Task instance in success state
[2025-04-02T15:07:20.546+0800] {logging_mixin.py:190} INFO -  Previous state of the Task instance: running
[2025-04-02T15:07:20.546+0800] {logging_mixin.py:190} INFO - Dag name:reddit_yf_scraper queued_at:2025-04-02 07:06:24.472224+00:00
[2025-04-02T15:07:20.547+0800] {logging_mixin.py:190} INFO - Task hostname:ervins-macbook-air-2.local operator:LocalFilesystemToGCSOperator
[2025-04-02T15:07:20.583+0800] {local_task_job_runner.py:266} INFO - Task exited with return code 0
[2025-04-02T15:07:20.601+0800] {taskinstance.py:3901} INFO - 0 downstream tasks scheduled from follow-on schedule check
[2025-04-02T15:07:20.602+0800] {local_task_job_runner.py:245} INFO - ::endgroup::
