[2025-04-18T16:55:44.133+0800] {processor.py:186} INFO - Started process (PID=30304) to work on /Users/ervinyeoh/Desktop/unimods/is3107/project/.venv/lib/python3.11/site-packages/airflow/example_dags/plugins/listener_plugin.py
[2025-04-18T16:55:44.133+0800] {processor.py:914} INFO - Processing file /Users/ervinyeoh/Desktop/unimods/is3107/project/.venv/lib/python3.11/site-packages/airflow/example_dags/plugins/listener_plugin.py for tasks to queue
[2025-04-18T16:55:44.134+0800] {logging_mixin.py:190} INFO - [2025-04-18T16:55:44.134+0800] {dagbag.py:588} INFO - Filling up the DagBag from /Users/ervinyeoh/Desktop/unimods/is3107/project/.venv/lib/python3.11/site-packages/airflow/example_dags/plugins/listener_plugin.py
[2025-04-18T16:55:44.135+0800] {processor.py:927} WARNING - No viable dags retrieved from /Users/ervinyeoh/Desktop/unimods/is3107/project/.venv/lib/python3.11/site-packages/airflow/example_dags/plugins/listener_plugin.py
[2025-04-18T16:55:44.249+0800] {processor.py:208} INFO - Processing /Users/ervinyeoh/Desktop/unimods/is3107/project/.venv/lib/python3.11/site-packages/airflow/example_dags/plugins/listener_plugin.py took 0.118 seconds
[2025-04-18T17:01:08.728+0800] {processor.py:186} INFO - Started process (PID=30908) to work on /Users/ervinyeoh/Desktop/unimods/is3107/project/.venv/lib/python3.11/site-packages/airflow/example_dags/plugins/listener_plugin.py
[2025-04-18T17:01:08.729+0800] {processor.py:914} INFO - Processing file /Users/ervinyeoh/Desktop/unimods/is3107/project/.venv/lib/python3.11/site-packages/airflow/example_dags/plugins/listener_plugin.py for tasks to queue
[2025-04-18T17:01:08.729+0800] {logging_mixin.py:190} INFO - [2025-04-18T17:01:08.729+0800] {dagbag.py:588} INFO - Filling up the DagBag from /Users/ervinyeoh/Desktop/unimods/is3107/project/.venv/lib/python3.11/site-packages/airflow/example_dags/plugins/listener_plugin.py
[2025-04-18T17:01:08.730+0800] {processor.py:927} WARNING - No viable dags retrieved from /Users/ervinyeoh/Desktop/unimods/is3107/project/.venv/lib/python3.11/site-packages/airflow/example_dags/plugins/listener_plugin.py
[2025-04-18T17:01:08.808+0800] {processor.py:208} INFO - Processing /Users/ervinyeoh/Desktop/unimods/is3107/project/.venv/lib/python3.11/site-packages/airflow/example_dags/plugins/listener_plugin.py took 0.082 seconds
[2025-04-18T17:05:03.283+0800] {processor.py:186} INFO - Started process (PID=31182) to work on /Users/ervinyeoh/Desktop/unimods/is3107/project/.venv/lib/python3.11/site-packages/airflow/example_dags/plugins/listener_plugin.py
[2025-04-18T17:05:03.285+0800] {processor.py:914} INFO - Processing file /Users/ervinyeoh/Desktop/unimods/is3107/project/.venv/lib/python3.11/site-packages/airflow/example_dags/plugins/listener_plugin.py for tasks to queue
[2025-04-18T17:05:03.285+0800] {logging_mixin.py:190} INFO - [2025-04-18T17:05:03.285+0800] {dagbag.py:588} INFO - Filling up the DagBag from /Users/ervinyeoh/Desktop/unimods/is3107/project/.venv/lib/python3.11/site-packages/airflow/example_dags/plugins/listener_plugin.py
[2025-04-18T17:05:03.287+0800] {processor.py:927} WARNING - No viable dags retrieved from /Users/ervinyeoh/Desktop/unimods/is3107/project/.venv/lib/python3.11/site-packages/airflow/example_dags/plugins/listener_plugin.py
[2025-04-18T17:05:03.370+0800] {processor.py:208} INFO - Processing /Users/ervinyeoh/Desktop/unimods/is3107/project/.venv/lib/python3.11/site-packages/airflow/example_dags/plugins/listener_plugin.py took 0.088 seconds
[2025-04-18T17:07:20.369+0800] {processor.py:186} INFO - Started process (PID=31403) to work on /Users/ervinyeoh/Desktop/unimods/is3107/project/.venv/lib/python3.11/site-packages/airflow/example_dags/plugins/listener_plugin.py
[2025-04-18T17:07:20.370+0800] {processor.py:914} INFO - Processing file /Users/ervinyeoh/Desktop/unimods/is3107/project/.venv/lib/python3.11/site-packages/airflow/example_dags/plugins/listener_plugin.py for tasks to queue
[2025-04-18T17:07:20.370+0800] {logging_mixin.py:190} INFO - [2025-04-18T17:07:20.370+0800] {dagbag.py:588} INFO - Filling up the DagBag from /Users/ervinyeoh/Desktop/unimods/is3107/project/.venv/lib/python3.11/site-packages/airflow/example_dags/plugins/listener_plugin.py
[2025-04-18T17:07:20.373+0800] {processor.py:927} WARNING - No viable dags retrieved from /Users/ervinyeoh/Desktop/unimods/is3107/project/.venv/lib/python3.11/site-packages/airflow/example_dags/plugins/listener_plugin.py
[2025-04-18T17:07:20.456+0800] {processor.py:208} INFO - Processing /Users/ervinyeoh/Desktop/unimods/is3107/project/.venv/lib/python3.11/site-packages/airflow/example_dags/plugins/listener_plugin.py took 0.089 seconds
[2025-04-18T17:09:56.589+0800] {processor.py:186} INFO - Started process (PID=31623) to work on /Users/ervinyeoh/Desktop/unimods/is3107/project/.venv/lib/python3.11/site-packages/airflow/example_dags/plugins/listener_plugin.py
[2025-04-18T17:09:56.589+0800] {processor.py:914} INFO - Processing file /Users/ervinyeoh/Desktop/unimods/is3107/project/.venv/lib/python3.11/site-packages/airflow/example_dags/plugins/listener_plugin.py for tasks to queue
[2025-04-18T17:09:56.590+0800] {logging_mixin.py:190} INFO - [2025-04-18T17:09:56.590+0800] {dagbag.py:588} INFO - Filling up the DagBag from /Users/ervinyeoh/Desktop/unimods/is3107/project/.venv/lib/python3.11/site-packages/airflow/example_dags/plugins/listener_plugin.py
[2025-04-18T17:09:56.592+0800] {processor.py:927} WARNING - No viable dags retrieved from /Users/ervinyeoh/Desktop/unimods/is3107/project/.venv/lib/python3.11/site-packages/airflow/example_dags/plugins/listener_plugin.py
[2025-04-18T17:09:56.669+0800] {processor.py:208} INFO - Processing /Users/ervinyeoh/Desktop/unimods/is3107/project/.venv/lib/python3.11/site-packages/airflow/example_dags/plugins/listener_plugin.py took 0.083 seconds
[2025-04-18T17:12:42.537+0800] {processor.py:186} INFO - Started process (PID=31794) to work on /Users/ervinyeoh/Desktop/unimods/is3107/project/.venv/lib/python3.11/site-packages/airflow/example_dags/plugins/listener_plugin.py
[2025-04-18T17:12:42.538+0800] {processor.py:914} INFO - Processing file /Users/ervinyeoh/Desktop/unimods/is3107/project/.venv/lib/python3.11/site-packages/airflow/example_dags/plugins/listener_plugin.py for tasks to queue
[2025-04-18T17:12:42.539+0800] {logging_mixin.py:190} INFO - [2025-04-18T17:12:42.538+0800] {dagbag.py:588} INFO - Filling up the DagBag from /Users/ervinyeoh/Desktop/unimods/is3107/project/.venv/lib/python3.11/site-packages/airflow/example_dags/plugins/listener_plugin.py
[2025-04-18T17:12:42.540+0800] {processor.py:927} WARNING - No viable dags retrieved from /Users/ervinyeoh/Desktop/unimods/is3107/project/.venv/lib/python3.11/site-packages/airflow/example_dags/plugins/listener_plugin.py
[2025-04-18T17:12:42.618+0800] {processor.py:208} INFO - Processing /Users/ervinyeoh/Desktop/unimods/is3107/project/.venv/lib/python3.11/site-packages/airflow/example_dags/plugins/listener_plugin.py took 0.082 seconds
[2025-04-18T17:14:53.613+0800] {processor.py:186} INFO - Started process (PID=31942) to work on /Users/ervinyeoh/Desktop/unimods/is3107/project/.venv/lib/python3.11/site-packages/airflow/example_dags/plugins/listener_plugin.py
[2025-04-18T17:14:53.614+0800] {processor.py:914} INFO - Processing file /Users/ervinyeoh/Desktop/unimods/is3107/project/.venv/lib/python3.11/site-packages/airflow/example_dags/plugins/listener_plugin.py for tasks to queue
[2025-04-18T17:14:53.615+0800] {logging_mixin.py:190} INFO - [2025-04-18T17:14:53.615+0800] {dagbag.py:588} INFO - Filling up the DagBag from /Users/ervinyeoh/Desktop/unimods/is3107/project/.venv/lib/python3.11/site-packages/airflow/example_dags/plugins/listener_plugin.py
[2025-04-18T17:14:53.617+0800] {processor.py:927} WARNING - No viable dags retrieved from /Users/ervinyeoh/Desktop/unimods/is3107/project/.venv/lib/python3.11/site-packages/airflow/example_dags/plugins/listener_plugin.py
[2025-04-18T17:14:53.694+0800] {processor.py:208} INFO - Processing /Users/ervinyeoh/Desktop/unimods/is3107/project/.venv/lib/python3.11/site-packages/airflow/example_dags/plugins/listener_plugin.py took 0.082 seconds
[2025-04-18T17:16:34.705+0800] {processor.py:186} INFO - Started process (PID=32064) to work on /Users/ervinyeoh/Desktop/unimods/is3107/project/.venv/lib/python3.11/site-packages/airflow/example_dags/plugins/listener_plugin.py
[2025-04-18T17:16:34.706+0800] {processor.py:914} INFO - Processing file /Users/ervinyeoh/Desktop/unimods/is3107/project/.venv/lib/python3.11/site-packages/airflow/example_dags/plugins/listener_plugin.py for tasks to queue
[2025-04-18T17:16:34.707+0800] {logging_mixin.py:190} INFO - [2025-04-18T17:16:34.707+0800] {dagbag.py:588} INFO - Filling up the DagBag from /Users/ervinyeoh/Desktop/unimods/is3107/project/.venv/lib/python3.11/site-packages/airflow/example_dags/plugins/listener_plugin.py
[2025-04-18T17:16:34.709+0800] {processor.py:927} WARNING - No viable dags retrieved from /Users/ervinyeoh/Desktop/unimods/is3107/project/.venv/lib/python3.11/site-packages/airflow/example_dags/plugins/listener_plugin.py
[2025-04-18T17:16:34.787+0800] {processor.py:208} INFO - Processing /Users/ervinyeoh/Desktop/unimods/is3107/project/.venv/lib/python3.11/site-packages/airflow/example_dags/plugins/listener_plugin.py took 0.085 seconds
[2025-04-18T17:18:24.272+0800] {processor.py:186} INFO - Started process (PID=32214) to work on /Users/ervinyeoh/Desktop/unimods/is3107/project/.venv/lib/python3.11/site-packages/airflow/example_dags/plugins/listener_plugin.py
[2025-04-18T17:18:24.273+0800] {processor.py:914} INFO - Processing file /Users/ervinyeoh/Desktop/unimods/is3107/project/.venv/lib/python3.11/site-packages/airflow/example_dags/plugins/listener_plugin.py for tasks to queue
[2025-04-18T17:18:24.274+0800] {logging_mixin.py:190} INFO - [2025-04-18T17:18:24.274+0800] {dagbag.py:588} INFO - Filling up the DagBag from /Users/ervinyeoh/Desktop/unimods/is3107/project/.venv/lib/python3.11/site-packages/airflow/example_dags/plugins/listener_plugin.py
[2025-04-18T17:18:24.275+0800] {processor.py:927} WARNING - No viable dags retrieved from /Users/ervinyeoh/Desktop/unimods/is3107/project/.venv/lib/python3.11/site-packages/airflow/example_dags/plugins/listener_plugin.py
[2025-04-18T17:18:24.354+0800] {processor.py:208} INFO - Processing /Users/ervinyeoh/Desktop/unimods/is3107/project/.venv/lib/python3.11/site-packages/airflow/example_dags/plugins/listener_plugin.py took 0.083 seconds
[2025-04-18T17:20:08.816+0800] {processor.py:186} INFO - Started process (PID=32338) to work on /Users/ervinyeoh/Desktop/unimods/is3107/project/.venv/lib/python3.11/site-packages/airflow/example_dags/plugins/listener_plugin.py
[2025-04-18T17:20:08.817+0800] {processor.py:914} INFO - Processing file /Users/ervinyeoh/Desktop/unimods/is3107/project/.venv/lib/python3.11/site-packages/airflow/example_dags/plugins/listener_plugin.py for tasks to queue
[2025-04-18T17:20:08.818+0800] {logging_mixin.py:190} INFO - [2025-04-18T17:20:08.817+0800] {dagbag.py:588} INFO - Filling up the DagBag from /Users/ervinyeoh/Desktop/unimods/is3107/project/.venv/lib/python3.11/site-packages/airflow/example_dags/plugins/listener_plugin.py
[2025-04-18T17:20:08.819+0800] {processor.py:927} WARNING - No viable dags retrieved from /Users/ervinyeoh/Desktop/unimods/is3107/project/.venv/lib/python3.11/site-packages/airflow/example_dags/plugins/listener_plugin.py
[2025-04-18T17:20:08.907+0800] {processor.py:208} INFO - Processing /Users/ervinyeoh/Desktop/unimods/is3107/project/.venv/lib/python3.11/site-packages/airflow/example_dags/plugins/listener_plugin.py took 0.093 seconds
[2025-04-18T17:21:48.870+0800] {processor.py:186} INFO - Started process (PID=32526) to work on /Users/ervinyeoh/Desktop/unimods/is3107/project/.venv/lib/python3.11/site-packages/airflow/example_dags/plugins/listener_plugin.py
[2025-04-18T17:21:48.871+0800] {processor.py:914} INFO - Processing file /Users/ervinyeoh/Desktop/unimods/is3107/project/.venv/lib/python3.11/site-packages/airflow/example_dags/plugins/listener_plugin.py for tasks to queue
[2025-04-18T17:21:48.872+0800] {logging_mixin.py:190} INFO - [2025-04-18T17:21:48.872+0800] {dagbag.py:588} INFO - Filling up the DagBag from /Users/ervinyeoh/Desktop/unimods/is3107/project/.venv/lib/python3.11/site-packages/airflow/example_dags/plugins/listener_plugin.py
[2025-04-18T17:21:48.874+0800] {processor.py:927} WARNING - No viable dags retrieved from /Users/ervinyeoh/Desktop/unimods/is3107/project/.venv/lib/python3.11/site-packages/airflow/example_dags/plugins/listener_plugin.py
[2025-04-18T17:21:48.952+0800] {processor.py:208} INFO - Processing /Users/ervinyeoh/Desktop/unimods/is3107/project/.venv/lib/python3.11/site-packages/airflow/example_dags/plugins/listener_plugin.py took 0.084 seconds
[2025-04-18T17:23:31.850+0800] {processor.py:186} INFO - Started process (PID=32691) to work on /Users/ervinyeoh/Desktop/unimods/is3107/project/.venv/lib/python3.11/site-packages/airflow/example_dags/plugins/listener_plugin.py
[2025-04-18T17:23:31.850+0800] {processor.py:914} INFO - Processing file /Users/ervinyeoh/Desktop/unimods/is3107/project/.venv/lib/python3.11/site-packages/airflow/example_dags/plugins/listener_plugin.py for tasks to queue
[2025-04-18T17:23:31.851+0800] {logging_mixin.py:190} INFO - [2025-04-18T17:23:31.851+0800] {dagbag.py:588} INFO - Filling up the DagBag from /Users/ervinyeoh/Desktop/unimods/is3107/project/.venv/lib/python3.11/site-packages/airflow/example_dags/plugins/listener_plugin.py
[2025-04-18T17:23:31.853+0800] {processor.py:927} WARNING - No viable dags retrieved from /Users/ervinyeoh/Desktop/unimods/is3107/project/.venv/lib/python3.11/site-packages/airflow/example_dags/plugins/listener_plugin.py
[2025-04-18T17:23:31.932+0800] {processor.py:208} INFO - Processing /Users/ervinyeoh/Desktop/unimods/is3107/project/.venv/lib/python3.11/site-packages/airflow/example_dags/plugins/listener_plugin.py took 0.084 seconds
[2025-04-18T17:25:12.635+0800] {processor.py:186} INFO - Started process (PID=32820) to work on /Users/ervinyeoh/Desktop/unimods/is3107/project/.venv/lib/python3.11/site-packages/airflow/example_dags/plugins/listener_plugin.py
[2025-04-18T17:25:12.637+0800] {processor.py:914} INFO - Processing file /Users/ervinyeoh/Desktop/unimods/is3107/project/.venv/lib/python3.11/site-packages/airflow/example_dags/plugins/listener_plugin.py for tasks to queue
[2025-04-18T17:25:12.637+0800] {logging_mixin.py:190} INFO - [2025-04-18T17:25:12.637+0800] {dagbag.py:588} INFO - Filling up the DagBag from /Users/ervinyeoh/Desktop/unimods/is3107/project/.venv/lib/python3.11/site-packages/airflow/example_dags/plugins/listener_plugin.py
[2025-04-18T17:25:12.639+0800] {processor.py:927} WARNING - No viable dags retrieved from /Users/ervinyeoh/Desktop/unimods/is3107/project/.venv/lib/python3.11/site-packages/airflow/example_dags/plugins/listener_plugin.py
[2025-04-18T17:25:12.718+0800] {processor.py:208} INFO - Processing /Users/ervinyeoh/Desktop/unimods/is3107/project/.venv/lib/python3.11/site-packages/airflow/example_dags/plugins/listener_plugin.py took 0.084 seconds
[2025-04-18T17:26:57.144+0800] {processor.py:186} INFO - Started process (PID=33005) to work on /Users/ervinyeoh/Desktop/unimods/is3107/project/.venv/lib/python3.11/site-packages/airflow/example_dags/plugins/listener_plugin.py
[2025-04-18T17:26:57.145+0800] {processor.py:914} INFO - Processing file /Users/ervinyeoh/Desktop/unimods/is3107/project/.venv/lib/python3.11/site-packages/airflow/example_dags/plugins/listener_plugin.py for tasks to queue
[2025-04-18T17:26:57.146+0800] {logging_mixin.py:190} INFO - [2025-04-18T17:26:57.145+0800] {dagbag.py:588} INFO - Filling up the DagBag from /Users/ervinyeoh/Desktop/unimods/is3107/project/.venv/lib/python3.11/site-packages/airflow/example_dags/plugins/listener_plugin.py
[2025-04-18T17:26:57.148+0800] {processor.py:927} WARNING - No viable dags retrieved from /Users/ervinyeoh/Desktop/unimods/is3107/project/.venv/lib/python3.11/site-packages/airflow/example_dags/plugins/listener_plugin.py
[2025-04-18T17:26:57.236+0800] {processor.py:208} INFO - Processing /Users/ervinyeoh/Desktop/unimods/is3107/project/.venv/lib/python3.11/site-packages/airflow/example_dags/plugins/listener_plugin.py took 0.095 seconds
[2025-04-18T17:30:29.034+0800] {processor.py:186} INFO - Started process (PID=33375) to work on /Users/ervinyeoh/Desktop/unimods/is3107/project/.venv/lib/python3.11/site-packages/airflow/example_dags/plugins/listener_plugin.py
[2025-04-18T17:30:29.036+0800] {processor.py:914} INFO - Processing file /Users/ervinyeoh/Desktop/unimods/is3107/project/.venv/lib/python3.11/site-packages/airflow/example_dags/plugins/listener_plugin.py for tasks to queue
[2025-04-18T17:30:29.036+0800] {logging_mixin.py:190} INFO - [2025-04-18T17:30:29.036+0800] {dagbag.py:588} INFO - Filling up the DagBag from /Users/ervinyeoh/Desktop/unimods/is3107/project/.venv/lib/python3.11/site-packages/airflow/example_dags/plugins/listener_plugin.py
[2025-04-18T17:30:29.038+0800] {processor.py:927} WARNING - No viable dags retrieved from /Users/ervinyeoh/Desktop/unimods/is3107/project/.venv/lib/python3.11/site-packages/airflow/example_dags/plugins/listener_plugin.py
[2025-04-18T17:30:29.116+0800] {processor.py:208} INFO - Processing /Users/ervinyeoh/Desktop/unimods/is3107/project/.venv/lib/python3.11/site-packages/airflow/example_dags/plugins/listener_plugin.py took 0.083 seconds
[2025-04-18T17:33:03.199+0800] {processor.py:186} INFO - Started process (PID=33530) to work on /Users/ervinyeoh/Desktop/unimods/is3107/project/.venv/lib/python3.11/site-packages/airflow/example_dags/plugins/listener_plugin.py
[2025-04-18T17:33:03.200+0800] {processor.py:914} INFO - Processing file /Users/ervinyeoh/Desktop/unimods/is3107/project/.venv/lib/python3.11/site-packages/airflow/example_dags/plugins/listener_plugin.py for tasks to queue
[2025-04-18T17:33:03.201+0800] {logging_mixin.py:190} INFO - [2025-04-18T17:33:03.201+0800] {dagbag.py:588} INFO - Filling up the DagBag from /Users/ervinyeoh/Desktop/unimods/is3107/project/.venv/lib/python3.11/site-packages/airflow/example_dags/plugins/listener_plugin.py
[2025-04-18T17:33:03.202+0800] {processor.py:927} WARNING - No viable dags retrieved from /Users/ervinyeoh/Desktop/unimods/is3107/project/.venv/lib/python3.11/site-packages/airflow/example_dags/plugins/listener_plugin.py
[2025-04-18T17:33:03.280+0800] {processor.py:208} INFO - Processing /Users/ervinyeoh/Desktop/unimods/is3107/project/.venv/lib/python3.11/site-packages/airflow/example_dags/plugins/listener_plugin.py took 0.083 seconds
[2025-04-18T17:35:23.102+0800] {processor.py:186} INFO - Started process (PID=33819) to work on /Users/ervinyeoh/Desktop/unimods/is3107/project/.venv/lib/python3.11/site-packages/airflow/example_dags/plugins/listener_plugin.py
[2025-04-18T17:35:23.103+0800] {processor.py:914} INFO - Processing file /Users/ervinyeoh/Desktop/unimods/is3107/project/.venv/lib/python3.11/site-packages/airflow/example_dags/plugins/listener_plugin.py for tasks to queue
[2025-04-18T17:35:23.103+0800] {logging_mixin.py:190} INFO - [2025-04-18T17:35:23.103+0800] {dagbag.py:588} INFO - Filling up the DagBag from /Users/ervinyeoh/Desktop/unimods/is3107/project/.venv/lib/python3.11/site-packages/airflow/example_dags/plugins/listener_plugin.py
[2025-04-18T17:35:23.106+0800] {processor.py:927} WARNING - No viable dags retrieved from /Users/ervinyeoh/Desktop/unimods/is3107/project/.venv/lib/python3.11/site-packages/airflow/example_dags/plugins/listener_plugin.py
[2025-04-18T17:35:23.184+0800] {processor.py:208} INFO - Processing /Users/ervinyeoh/Desktop/unimods/is3107/project/.venv/lib/python3.11/site-packages/airflow/example_dags/plugins/listener_plugin.py took 0.083 seconds
[2025-04-18T17:37:08.920+0800] {processor.py:186} INFO - Started process (PID=33982) to work on /Users/ervinyeoh/Desktop/unimods/is3107/project/.venv/lib/python3.11/site-packages/airflow/example_dags/plugins/listener_plugin.py
[2025-04-18T17:37:08.920+0800] {processor.py:914} INFO - Processing file /Users/ervinyeoh/Desktop/unimods/is3107/project/.venv/lib/python3.11/site-packages/airflow/example_dags/plugins/listener_plugin.py for tasks to queue
[2025-04-18T17:37:08.921+0800] {logging_mixin.py:190} INFO - [2025-04-18T17:37:08.921+0800] {dagbag.py:588} INFO - Filling up the DagBag from /Users/ervinyeoh/Desktop/unimods/is3107/project/.venv/lib/python3.11/site-packages/airflow/example_dags/plugins/listener_plugin.py
[2025-04-18T17:37:08.923+0800] {processor.py:927} WARNING - No viable dags retrieved from /Users/ervinyeoh/Desktop/unimods/is3107/project/.venv/lib/python3.11/site-packages/airflow/example_dags/plugins/listener_plugin.py
[2025-04-18T17:37:09.003+0800] {processor.py:208} INFO - Processing /Users/ervinyeoh/Desktop/unimods/is3107/project/.venv/lib/python3.11/site-packages/airflow/example_dags/plugins/listener_plugin.py took 0.085 seconds
[2025-04-18T17:38:55.360+0800] {processor.py:186} INFO - Started process (PID=34110) to work on /Users/ervinyeoh/Desktop/unimods/is3107/project/.venv/lib/python3.11/site-packages/airflow/example_dags/plugins/listener_plugin.py
[2025-04-18T17:38:55.361+0800] {processor.py:914} INFO - Processing file /Users/ervinyeoh/Desktop/unimods/is3107/project/.venv/lib/python3.11/site-packages/airflow/example_dags/plugins/listener_plugin.py for tasks to queue
[2025-04-18T17:38:55.362+0800] {logging_mixin.py:190} INFO - [2025-04-18T17:38:55.362+0800] {dagbag.py:588} INFO - Filling up the DagBag from /Users/ervinyeoh/Desktop/unimods/is3107/project/.venv/lib/python3.11/site-packages/airflow/example_dags/plugins/listener_plugin.py
[2025-04-18T17:38:55.364+0800] {processor.py:927} WARNING - No viable dags retrieved from /Users/ervinyeoh/Desktop/unimods/is3107/project/.venv/lib/python3.11/site-packages/airflow/example_dags/plugins/listener_plugin.py
[2025-04-18T17:38:55.442+0800] {processor.py:208} INFO - Processing /Users/ervinyeoh/Desktop/unimods/is3107/project/.venv/lib/python3.11/site-packages/airflow/example_dags/plugins/listener_plugin.py took 0.084 seconds
[2025-04-18T17:40:37.091+0800] {processor.py:186} INFO - Started process (PID=34239) to work on /Users/ervinyeoh/Desktop/unimods/is3107/project/.venv/lib/python3.11/site-packages/airflow/example_dags/plugins/listener_plugin.py
[2025-04-18T17:40:37.092+0800] {processor.py:914} INFO - Processing file /Users/ervinyeoh/Desktop/unimods/is3107/project/.venv/lib/python3.11/site-packages/airflow/example_dags/plugins/listener_plugin.py for tasks to queue
[2025-04-18T17:40:37.093+0800] {logging_mixin.py:190} INFO - [2025-04-18T17:40:37.093+0800] {dagbag.py:588} INFO - Filling up the DagBag from /Users/ervinyeoh/Desktop/unimods/is3107/project/.venv/lib/python3.11/site-packages/airflow/example_dags/plugins/listener_plugin.py
[2025-04-18T17:40:37.095+0800] {processor.py:927} WARNING - No viable dags retrieved from /Users/ervinyeoh/Desktop/unimods/is3107/project/.venv/lib/python3.11/site-packages/airflow/example_dags/plugins/listener_plugin.py
[2025-04-18T17:40:37.173+0800] {processor.py:208} INFO - Processing /Users/ervinyeoh/Desktop/unimods/is3107/project/.venv/lib/python3.11/site-packages/airflow/example_dags/plugins/listener_plugin.py took 0.084 seconds
[2025-04-18T17:51:46.038+0800] {processor.py:186} INFO - Started process (PID=34500) to work on /Users/ervinyeoh/Desktop/unimods/is3107/project/.venv/lib/python3.11/site-packages/airflow/example_dags/plugins/listener_plugin.py
[2025-04-18T17:51:46.039+0800] {processor.py:914} INFO - Processing file /Users/ervinyeoh/Desktop/unimods/is3107/project/.venv/lib/python3.11/site-packages/airflow/example_dags/plugins/listener_plugin.py for tasks to queue
[2025-04-18T17:51:46.040+0800] {logging_mixin.py:190} INFO - [2025-04-18T17:51:46.040+0800] {dagbag.py:588} INFO - Filling up the DagBag from /Users/ervinyeoh/Desktop/unimods/is3107/project/.venv/lib/python3.11/site-packages/airflow/example_dags/plugins/listener_plugin.py
[2025-04-18T17:51:46.042+0800] {processor.py:927} WARNING - No viable dags retrieved from /Users/ervinyeoh/Desktop/unimods/is3107/project/.venv/lib/python3.11/site-packages/airflow/example_dags/plugins/listener_plugin.py
[2025-04-18T17:51:46.119+0800] {processor.py:208} INFO - Processing /Users/ervinyeoh/Desktop/unimods/is3107/project/.venv/lib/python3.11/site-packages/airflow/example_dags/plugins/listener_plugin.py took 0.082 seconds
[2025-04-18T18:03:03.991+0800] {processor.py:186} INFO - Started process (PID=34627) to work on /Users/ervinyeoh/Desktop/unimods/is3107/project/.venv/lib/python3.11/site-packages/airflow/example_dags/plugins/listener_plugin.py
[2025-04-18T18:03:03.992+0800] {processor.py:914} INFO - Processing file /Users/ervinyeoh/Desktop/unimods/is3107/project/.venv/lib/python3.11/site-packages/airflow/example_dags/plugins/listener_plugin.py for tasks to queue
[2025-04-18T18:03:03.993+0800] {logging_mixin.py:190} INFO - [2025-04-18T18:03:03.993+0800] {dagbag.py:588} INFO - Filling up the DagBag from /Users/ervinyeoh/Desktop/unimods/is3107/project/.venv/lib/python3.11/site-packages/airflow/example_dags/plugins/listener_plugin.py
[2025-04-18T18:03:03.995+0800] {processor.py:927} WARNING - No viable dags retrieved from /Users/ervinyeoh/Desktop/unimods/is3107/project/.venv/lib/python3.11/site-packages/airflow/example_dags/plugins/listener_plugin.py
[2025-04-18T18:03:04.071+0800] {processor.py:208} INFO - Processing /Users/ervinyeoh/Desktop/unimods/is3107/project/.venv/lib/python3.11/site-packages/airflow/example_dags/plugins/listener_plugin.py took 0.082 seconds
[2025-04-18T18:18:52.765+0800] {processor.py:186} INFO - Started process (PID=34765) to work on /Users/ervinyeoh/Desktop/unimods/is3107/project/.venv/lib/python3.11/site-packages/airflow/example_dags/plugins/listener_plugin.py
[2025-04-18T18:18:52.766+0800] {processor.py:914} INFO - Processing file /Users/ervinyeoh/Desktop/unimods/is3107/project/.venv/lib/python3.11/site-packages/airflow/example_dags/plugins/listener_plugin.py for tasks to queue
[2025-04-18T18:18:52.767+0800] {logging_mixin.py:190} INFO - [2025-04-18T18:18:52.767+0800] {dagbag.py:588} INFO - Filling up the DagBag from /Users/ervinyeoh/Desktop/unimods/is3107/project/.venv/lib/python3.11/site-packages/airflow/example_dags/plugins/listener_plugin.py
[2025-04-18T18:18:52.768+0800] {processor.py:927} WARNING - No viable dags retrieved from /Users/ervinyeoh/Desktop/unimods/is3107/project/.venv/lib/python3.11/site-packages/airflow/example_dags/plugins/listener_plugin.py
[2025-04-18T18:18:52.846+0800] {processor.py:208} INFO - Processing /Users/ervinyeoh/Desktop/unimods/is3107/project/.venv/lib/python3.11/site-packages/airflow/example_dags/plugins/listener_plugin.py took 0.083 seconds
[2025-04-18T18:30:00.077+0800] {processor.py:186} INFO - Started process (PID=34905) to work on /Users/ervinyeoh/Desktop/unimods/is3107/project/.venv/lib/python3.11/site-packages/airflow/example_dags/plugins/listener_plugin.py
[2025-04-18T18:30:00.078+0800] {processor.py:914} INFO - Processing file /Users/ervinyeoh/Desktop/unimods/is3107/project/.venv/lib/python3.11/site-packages/airflow/example_dags/plugins/listener_plugin.py for tasks to queue
[2025-04-18T18:30:00.078+0800] {logging_mixin.py:190} INFO - [2025-04-18T18:30:00.078+0800] {dagbag.py:588} INFO - Filling up the DagBag from /Users/ervinyeoh/Desktop/unimods/is3107/project/.venv/lib/python3.11/site-packages/airflow/example_dags/plugins/listener_plugin.py
[2025-04-18T18:30:00.079+0800] {processor.py:927} WARNING - No viable dags retrieved from /Users/ervinyeoh/Desktop/unimods/is3107/project/.venv/lib/python3.11/site-packages/airflow/example_dags/plugins/listener_plugin.py
[2025-04-18T18:30:00.158+0800] {processor.py:208} INFO - Processing /Users/ervinyeoh/Desktop/unimods/is3107/project/.venv/lib/python3.11/site-packages/airflow/example_dags/plugins/listener_plugin.py took 0.082 seconds
[2025-04-18T18:41:33.852+0800] {processor.py:186} INFO - Started process (PID=35084) to work on /Users/ervinyeoh/Desktop/unimods/is3107/project/.venv/lib/python3.11/site-packages/airflow/example_dags/plugins/listener_plugin.py
[2025-04-18T18:41:33.853+0800] {processor.py:914} INFO - Processing file /Users/ervinyeoh/Desktop/unimods/is3107/project/.venv/lib/python3.11/site-packages/airflow/example_dags/plugins/listener_plugin.py for tasks to queue
[2025-04-18T18:41:33.853+0800] {logging_mixin.py:190} INFO - [2025-04-18T18:41:33.853+0800] {dagbag.py:588} INFO - Filling up the DagBag from /Users/ervinyeoh/Desktop/unimods/is3107/project/.venv/lib/python3.11/site-packages/airflow/example_dags/plugins/listener_plugin.py
[2025-04-18T18:41:33.855+0800] {processor.py:927} WARNING - No viable dags retrieved from /Users/ervinyeoh/Desktop/unimods/is3107/project/.venv/lib/python3.11/site-packages/airflow/example_dags/plugins/listener_plugin.py
[2025-04-18T18:41:33.933+0800] {processor.py:208} INFO - Processing /Users/ervinyeoh/Desktop/unimods/is3107/project/.venv/lib/python3.11/site-packages/airflow/example_dags/plugins/listener_plugin.py took 0.083 seconds
[2025-04-18T18:57:24.442+0800] {processor.py:186} INFO - Started process (PID=35206) to work on /Users/ervinyeoh/Desktop/unimods/is3107/project/.venv/lib/python3.11/site-packages/airflow/example_dags/plugins/listener_plugin.py
[2025-04-18T18:57:24.443+0800] {processor.py:914} INFO - Processing file /Users/ervinyeoh/Desktop/unimods/is3107/project/.venv/lib/python3.11/site-packages/airflow/example_dags/plugins/listener_plugin.py for tasks to queue
[2025-04-18T18:57:24.444+0800] {logging_mixin.py:190} INFO - [2025-04-18T18:57:24.444+0800] {dagbag.py:588} INFO - Filling up the DagBag from /Users/ervinyeoh/Desktop/unimods/is3107/project/.venv/lib/python3.11/site-packages/airflow/example_dags/plugins/listener_plugin.py
[2025-04-18T18:57:24.445+0800] {processor.py:927} WARNING - No viable dags retrieved from /Users/ervinyeoh/Desktop/unimods/is3107/project/.venv/lib/python3.11/site-packages/airflow/example_dags/plugins/listener_plugin.py
[2025-04-18T18:57:24.523+0800] {processor.py:208} INFO - Processing /Users/ervinyeoh/Desktop/unimods/is3107/project/.venv/lib/python3.11/site-packages/airflow/example_dags/plugins/listener_plugin.py took 0.083 seconds
[2025-04-18T19:08:33.895+0800] {processor.py:186} INFO - Started process (PID=35337) to work on /Users/ervinyeoh/Desktop/unimods/is3107/project/.venv/lib/python3.11/site-packages/airflow/example_dags/plugins/listener_plugin.py
[2025-04-18T19:08:33.896+0800] {processor.py:914} INFO - Processing file /Users/ervinyeoh/Desktop/unimods/is3107/project/.venv/lib/python3.11/site-packages/airflow/example_dags/plugins/listener_plugin.py for tasks to queue
[2025-04-18T19:08:33.897+0800] {logging_mixin.py:190} INFO - [2025-04-18T19:08:33.897+0800] {dagbag.py:588} INFO - Filling up the DagBag from /Users/ervinyeoh/Desktop/unimods/is3107/project/.venv/lib/python3.11/site-packages/airflow/example_dags/plugins/listener_plugin.py
[2025-04-18T19:08:33.898+0800] {processor.py:927} WARNING - No viable dags retrieved from /Users/ervinyeoh/Desktop/unimods/is3107/project/.venv/lib/python3.11/site-packages/airflow/example_dags/plugins/listener_plugin.py
[2025-04-18T19:08:33.975+0800] {processor.py:208} INFO - Processing /Users/ervinyeoh/Desktop/unimods/is3107/project/.venv/lib/python3.11/site-packages/airflow/example_dags/plugins/listener_plugin.py took 0.081 seconds
