[2025-04-21T16:34:43.123+0800] {local_task_job_runner.py:123} INFO - ::group::Pre task execution logs
[2025-04-21T16:34:43.130+0800] {taskinstance.py:2614} INFO - Dependencies all met for dep_context=non-requeueable deps ti=<TaskInstance: reddit_yf_scraper.download_files_from_gcs__1 manual__2025-04-21T08:02:36.494628+00:00 [queued]>
[2025-04-21T16:34:43.133+0800] {taskinstance.py:2614} INFO - Dependencies all met for dep_context=requeueable deps ti=<TaskInstance: reddit_yf_scraper.download_files_from_gcs__1 manual__2025-04-21T08:02:36.494628+00:00 [queued]>
[2025-04-21T16:34:43.133+0800] {taskinstance.py:2867} INFO - Starting attempt 1 of 2
[2025-04-21T16:34:43.138+0800] {taskinstance.py:2890} INFO - Executing <Task(_PythonDecoratedOperator): download_files_from_gcs__1> on 2025-04-21 08:02:36.494628+00:00
[2025-04-21T16:34:43.142+0800] {standard_task_runner.py:72} INFO - Started process 8986 to run task
[2025-04-21T16:34:43.146+0800] {standard_task_runner.py:104} INFO - Running: ['airflow', 'tasks', 'run', 'reddit_yf_scraper', 'download_files_from_gcs__1', 'manual__2025-04-21T08:02:36.494628+00:00', '--job-id', '852', '--raw', '--subdir', 'DAGS_FOLDER/dag.py', '--cfg-path', '/var/folders/2f/rw5w89ss6nl38qvq2cxrh29w0000gn/T/tmp3evu3l_f']
[2025-04-21T16:34:43.147+0800] {standard_task_runner.py:105} INFO - Job 852: Subtask download_files_from_gcs__1
[2025-04-21T16:34:43.166+0800] {task_command.py:467} INFO - Running <TaskInstance: reddit_yf_scraper.download_files_from_gcs__1 manual__2025-04-21T08:02:36.494628+00:00 [running]> on host yueyaos-macbook-pro.local
[2025-04-21T16:34:43.192+0800] {taskinstance.py:3134} INFO - Exporting env vars: AIRFLOW_CTX_DAG_OWNER='airflow' AIRFLOW_CTX_DAG_ID='reddit_yf_scraper' AIRFLOW_CTX_TASK_ID='download_files_from_gcs__1' AIRFLOW_CTX_EXECUTION_DATE='2025-04-21T08:02:36.494628+00:00' AIRFLOW_CTX_TRY_NUMBER='1' AIRFLOW_CTX_DAG_RUN_ID='manual__2025-04-21T08:02:36.494628+00:00'
[2025-04-21T16:34:43.192+0800] {logging_mixin.py:190} INFO - Task instance is in running state
[2025-04-21T16:34:43.193+0800] {logging_mixin.py:190} INFO -  Previous state of the Task instance: queued
[2025-04-21T16:34:43.193+0800] {logging_mixin.py:190} INFO - Current task name:download_files_from_gcs__1 state:running start_date:2025-04-21 08:34:43.130373+00:00
[2025-04-21T16:34:43.193+0800] {logging_mixin.py:190} INFO - Dag name:reddit_yf_scraper and current dag run status:running
[2025-04-21T16:34:43.193+0800] {taskinstance.py:732} INFO - ::endgroup::
[2025-04-21T16:34:44.566+0800] {logging_mixin.py:190} INFO - 📥 Downloading: yf-test/AMZN_yf_20250421.csv to /Users/yueyaoz/Downloads/IS3107-FinSum/airflow/downloads/yf/AMZN_yf_20250421.csv
[2025-04-21T16:34:44.882+0800] {logging_mixin.py:190} INFO - ✅ Downloaded to: /Users/yueyaoz/Downloads/IS3107-FinSum/airflow/downloads/yf/AMZN_yf_20250421.csv
[2025-04-21T16:34:44.883+0800] {logging_mixin.py:190} INFO - 📥 Downloading: yf-test/AZO_yf_20250421.csv to /Users/yueyaoz/Downloads/IS3107-FinSum/airflow/downloads/yf/AZO_yf_20250421.csv
[2025-04-21T16:34:45.799+0800] {logging_mixin.py:190} INFO - ✅ Downloaded to: /Users/yueyaoz/Downloads/IS3107-FinSum/airflow/downloads/yf/AZO_yf_20250421.csv
[2025-04-21T16:34:45.801+0800] {logging_mixin.py:190} INFO - 📥 Downloading: yf-test/NFLX_yf_20250421.csv to /Users/yueyaoz/Downloads/IS3107-FinSum/airflow/downloads/yf/NFLX_yf_20250421.csv
[2025-04-21T16:34:46.076+0800] {logging_mixin.py:190} INFO - ✅ Downloaded to: /Users/yueyaoz/Downloads/IS3107-FinSum/airflow/downloads/yf/NFLX_yf_20250421.csv
[2025-04-21T16:34:46.077+0800] {logging_mixin.py:190} INFO - 📥 Downloading: yf-test/STZ_yf_20250421.csv to /Users/yueyaoz/Downloads/IS3107-FinSum/airflow/downloads/yf/STZ_yf_20250421.csv
[2025-04-21T16:34:47.030+0800] {logging_mixin.py:190} INFO - ✅ Downloaded to: /Users/yueyaoz/Downloads/IS3107-FinSum/airflow/downloads/yf/STZ_yf_20250421.csv
[2025-04-21T16:34:47.032+0800] {logging_mixin.py:190} INFO - 📥 Downloading: yf-test/TSLA_yf_20250421.csv to /Users/yueyaoz/Downloads/IS3107-FinSum/airflow/downloads/yf/TSLA_yf_20250421.csv
[2025-04-21T16:34:47.294+0800] {logging_mixin.py:190} INFO - ✅ Downloaded to: /Users/yueyaoz/Downloads/IS3107-FinSum/airflow/downloads/yf/TSLA_yf_20250421.csv
[2025-04-21T16:34:47.296+0800] {logging_mixin.py:190} INFO - 📥 Downloading: yf-test/VZ_yf_20250421.csv to /Users/yueyaoz/Downloads/IS3107-FinSum/airflow/downloads/yf/VZ_yf_20250421.csv
[2025-04-21T16:34:48.225+0800] {logging_mixin.py:190} INFO - ✅ Downloaded to: /Users/yueyaoz/Downloads/IS3107-FinSum/airflow/downloads/yf/VZ_yf_20250421.csv
[2025-04-21T16:34:48.226+0800] {python.py:240} INFO - Done. Returned value was: None
[2025-04-21T16:34:48.233+0800] {taskinstance.py:341} INFO - ::group::Post task execution logs
[2025-04-21T16:34:48.234+0800] {taskinstance.py:353} INFO - Marking task as SUCCESS. dag_id=reddit_yf_scraper, task_id=download_files_from_gcs__1, run_id=manual__2025-04-21T08:02:36.494628+00:00, execution_date=20250421T080236, start_date=20250421T083443, end_date=20250421T083448
[2025-04-21T16:34:48.244+0800] {logging_mixin.py:190} INFO - Task instance in success state
[2025-04-21T16:34:48.244+0800] {logging_mixin.py:190} INFO -  Previous state of the Task instance: running
[2025-04-21T16:34:48.244+0800] {logging_mixin.py:190} INFO - Dag name:reddit_yf_scraper queued_at:2025-04-21 08:02:36.503040+00:00
[2025-04-21T16:34:48.245+0800] {logging_mixin.py:190} INFO - Task hostname:yueyaos-macbook-pro.local operator:_PythonDecoratedOperator
[2025-04-21T16:34:48.253+0800] {local_task_job_runner.py:266} INFO - Task exited with return code 0
[2025-04-21T16:34:48.268+0800] {taskinstance.py:3901} INFO - 0 downstream tasks scheduled from follow-on schedule check
[2025-04-21T16:34:48.269+0800] {local_task_job_runner.py:245} INFO - ::endgroup::
