[2025-03-21T21:31:36.579+0800] {local_task_job_runner.py:123} INFO - ::group::Pre task execution logs
[2025-03-21T21:31:36.585+0800] {taskinstance.py:2614} INFO - Dependencies all met for dep_context=non-requeueable deps ti=<TaskInstance: reddit_yf_scraper.get_tickers manual__2025-03-21T13:29:41.946830+00:00 [queued]>
[2025-03-21T21:31:36.587+0800] {taskinstance.py:2614} INFO - Dependencies all met for dep_context=requeueable deps ti=<TaskInstance: reddit_yf_scraper.get_tickers manual__2025-03-21T13:29:41.946830+00:00 [queued]>
[2025-03-21T21:31:36.587+0800] {taskinstance.py:2867} INFO - Starting attempt 1 of 2
[2025-03-21T21:31:36.590+0800] {taskinstance.py:2890} INFO - Executing <Task(_PythonDecoratedOperator): get_tickers> on 2025-03-21 13:29:41.946830+00:00
[2025-03-21T21:31:36.592+0800] {standard_task_runner.py:72} INFO - Started process 51144 to run task
[2025-03-21T21:31:36.595+0800] {standard_task_runner.py:104} INFO - Running: ['airflow', 'tasks', 'run', 'reddit_yf_scraper', 'get_tickers', 'manual__2025-03-21T13:29:41.946830+00:00', '--job-id', '39', '--raw', '--subdir', 'DAGS_FOLDER/dag.py', '--cfg-path', '/var/folders/xg/h9xj0trn3dxds251bj2q6hf80000gn/T/tmpa4yo791j']
[2025-03-21T21:31:36.596+0800] {standard_task_runner.py:105} INFO - Job 39: Subtask get_tickers
[2025-03-21T21:31:36.614+0800] {task_command.py:467} INFO - Running <TaskInstance: reddit_yf_scraper.get_tickers manual__2025-03-21T13:29:41.946830+00:00 [running]> on host ervins-air-2
[2025-03-21T21:31:36.633+0800] {taskinstance.py:3134} INFO - Exporting env vars: AIRFLOW_CTX_DAG_OWNER='airflow' AIRFLOW_CTX_DAG_ID='reddit_yf_scraper' AIRFLOW_CTX_TASK_ID='get_tickers' AIRFLOW_CTX_EXECUTION_DATE='2025-03-21T13:29:41.946830+00:00' AIRFLOW_CTX_TRY_NUMBER='1' AIRFLOW_CTX_DAG_RUN_ID='manual__2025-03-21T13:29:41.946830+00:00'
[2025-03-21T21:31:36.634+0800] {logging_mixin.py:190} INFO - Task instance is in running state
[2025-03-21T21:31:36.634+0800] {logging_mixin.py:190} INFO -  Previous state of the Task instance: queued
[2025-03-21T21:31:36.634+0800] {logging_mixin.py:190} INFO - Current task name:get_tickers state:running start_date:2025-03-21 13:31:36.585626+00:00
[2025-03-21T21:31:36.634+0800] {logging_mixin.py:190} INFO - Dag name:reddit_yf_scraper and current dag run status:running
[2025-03-21T21:31:36.634+0800] {taskinstance.py:732} INFO - ::endgroup::
[2025-03-21T21:31:36.644+0800] {python.py:240} INFO - Done. Returned value was: ['AAPL', 'NVDA', 'MSFT']
[2025-03-21T21:31:36.648+0800] {taskinstance.py:341} INFO - ::group::Post task execution logs
[2025-03-21T21:31:36.648+0800] {taskinstance.py:353} INFO - Marking task as SUCCESS. dag_id=reddit_yf_scraper, task_id=get_tickers, run_id=manual__2025-03-21T13:29:41.946830+00:00, execution_date=20250321T132941, start_date=20250321T133136, end_date=20250321T133136
[2025-03-21T21:31:36.652+0800] {logging_mixin.py:190} INFO - Task instance in success state
[2025-03-21T21:31:36.652+0800] {logging_mixin.py:190} INFO -  Previous state of the Task instance: running
[2025-03-21T21:31:36.653+0800] {logging_mixin.py:190} INFO - Dag name:reddit_yf_scraper queued_at:2025-03-21 13:29:41.964316+00:00
[2025-03-21T21:31:36.653+0800] {logging_mixin.py:190} INFO - Task hostname:ervins-air-2 operator:_PythonDecoratedOperator
[2025-03-21T21:31:36.655+0800] {local_task_job_runner.py:266} INFO - Task exited with return code 0
[2025-03-21T21:31:36.665+0800] {taskinstance.py:3901} INFO - 2 downstream tasks scheduled from follow-on schedule check
[2025-03-21T21:31:36.665+0800] {local_task_job_runner.py:245} INFO - ::endgroup::
