[2025-03-28T08:32:03.054+0800] {processor.py:186} INFO - Started process (PID=57379) to work on /Users/ervinyeoh/Desktop/unimods/is3107/project/.venv/lib/python3.11/site-packages/airflow/example_dags/example_xcom.py
[2025-03-28T08:32:03.054+0800] {processor.py:914} INFO - Processing file /Users/ervinyeoh/Desktop/unimods/is3107/project/.venv/lib/python3.11/site-packages/airflow/example_dags/example_xcom.py for tasks to queue
[2025-03-28T08:32:03.055+0800] {logging_mixin.py:190} INFO - [2025-03-28T08:32:03.055+0800] {dagbag.py:588} INFO - Filling up the DagBag from /Users/ervinyeoh/Desktop/unimods/is3107/project/.venv/lib/python3.11/site-packages/airflow/example_dags/example_xcom.py
[2025-03-28T08:32:03.107+0800] {processor.py:925} INFO - DAG(s) 'example_xcom' retrieved from /Users/ervinyeoh/Desktop/unimods/is3107/project/.venv/lib/python3.11/site-packages/airflow/example_dags/example_xcom.py
[2025-03-28T08:32:03.159+0800] {logging_mixin.py:190} INFO - [2025-03-28T08:32:03.159+0800] {dag.py:3239} INFO - Sync 1 DAGs
[2025-03-28T08:32:03.168+0800] {logging_mixin.py:190} INFO - [2025-03-28T08:32:03.168+0800] {dag.py:4180} INFO - Setting next_dagrun for example_xcom to 2021-01-01 00:00:00+00:00, run_after=2021-01-01 00:00:00+00:00
[2025-03-28T08:32:03.178+0800] {processor.py:208} INFO - Processing /Users/ervinyeoh/Desktop/unimods/is3107/project/.venv/lib/python3.11/site-packages/airflow/example_dags/example_xcom.py took 0.126 seconds
[2025-03-28T09:44:22.930+0800] {processor.py:186} INFO - Started process (PID=57662) to work on /Users/ervinyeoh/Desktop/unimods/is3107/project/.venv/lib/python3.11/site-packages/airflow/example_dags/example_xcom.py
[2025-03-28T09:44:22.931+0800] {processor.py:914} INFO - Processing file /Users/ervinyeoh/Desktop/unimods/is3107/project/.venv/lib/python3.11/site-packages/airflow/example_dags/example_xcom.py for tasks to queue
[2025-03-28T09:44:22.932+0800] {logging_mixin.py:190} INFO - [2025-03-28T09:44:22.932+0800] {dagbag.py:588} INFO - Filling up the DagBag from /Users/ervinyeoh/Desktop/unimods/is3107/project/.venv/lib/python3.11/site-packages/airflow/example_dags/example_xcom.py
[2025-03-28T09:44:22.992+0800] {processor.py:925} INFO - DAG(s) 'example_xcom' retrieved from /Users/ervinyeoh/Desktop/unimods/is3107/project/.venv/lib/python3.11/site-packages/airflow/example_dags/example_xcom.py
[2025-03-28T09:44:23.053+0800] {logging_mixin.py:190} INFO - [2025-03-28T09:44:23.052+0800] {dag.py:3239} INFO - Sync 1 DAGs
[2025-03-28T09:44:23.062+0800] {logging_mixin.py:190} INFO - [2025-03-28T09:44:23.061+0800] {dag.py:4180} INFO - Setting next_dagrun for example_xcom to 2021-01-01 00:00:00+00:00, run_after=2021-01-01 00:00:00+00:00
[2025-03-28T09:44:23.071+0800] {processor.py:208} INFO - Processing /Users/ervinyeoh/Desktop/unimods/is3107/project/.venv/lib/python3.11/site-packages/airflow/example_dags/example_xcom.py took 0.143 seconds
[2025-03-28T14:27:53.007+0800] {processor.py:186} INFO - Started process (PID=58084) to work on /Users/ervinyeoh/Desktop/unimods/is3107/project/.venv/lib/python3.11/site-packages/airflow/example_dags/example_xcom.py
[2025-03-28T14:27:53.008+0800] {processor.py:914} INFO - Processing file /Users/ervinyeoh/Desktop/unimods/is3107/project/.venv/lib/python3.11/site-packages/airflow/example_dags/example_xcom.py for tasks to queue
[2025-03-28T14:27:53.009+0800] {logging_mixin.py:190} INFO - [2025-03-28T14:27:53.009+0800] {dagbag.py:588} INFO - Filling up the DagBag from /Users/ervinyeoh/Desktop/unimods/is3107/project/.venv/lib/python3.11/site-packages/airflow/example_dags/example_xcom.py
[2025-03-28T14:27:53.062+0800] {processor.py:925} INFO - DAG(s) 'example_xcom' retrieved from /Users/ervinyeoh/Desktop/unimods/is3107/project/.venv/lib/python3.11/site-packages/airflow/example_dags/example_xcom.py
[2025-03-28T14:27:53.116+0800] {logging_mixin.py:190} INFO - [2025-03-28T14:27:53.115+0800] {dag.py:3239} INFO - Sync 1 DAGs
[2025-03-28T14:27:53.126+0800] {logging_mixin.py:190} INFO - [2025-03-28T14:27:53.126+0800] {dag.py:4180} INFO - Setting next_dagrun for example_xcom to 2021-01-01 00:00:00+00:00, run_after=2021-01-01 00:00:00+00:00
[2025-03-28T14:27:53.135+0800] {processor.py:208} INFO - Processing /Users/ervinyeoh/Desktop/unimods/is3107/project/.venv/lib/python3.11/site-packages/airflow/example_dags/example_xcom.py took 0.130 seconds
[2025-03-28T17:47:44.885+0800] {processor.py:186} INFO - Started process (PID=58448) to work on /Users/ervinyeoh/Desktop/unimods/is3107/project/.venv/lib/python3.11/site-packages/airflow/example_dags/example_xcom.py
[2025-03-28T17:47:44.886+0800] {processor.py:914} INFO - Processing file /Users/ervinyeoh/Desktop/unimods/is3107/project/.venv/lib/python3.11/site-packages/airflow/example_dags/example_xcom.py for tasks to queue
[2025-03-28T17:47:44.886+0800] {logging_mixin.py:190} INFO - [2025-03-28T17:47:44.886+0800] {dagbag.py:588} INFO - Filling up the DagBag from /Users/ervinyeoh/Desktop/unimods/is3107/project/.venv/lib/python3.11/site-packages/airflow/example_dags/example_xcom.py
[2025-03-28T17:47:44.938+0800] {processor.py:925} INFO - DAG(s) 'example_xcom' retrieved from /Users/ervinyeoh/Desktop/unimods/is3107/project/.venv/lib/python3.11/site-packages/airflow/example_dags/example_xcom.py
[2025-03-28T17:47:44.990+0800] {logging_mixin.py:190} INFO - [2025-03-28T17:47:44.990+0800] {dag.py:3239} INFO - Sync 1 DAGs
[2025-03-28T17:47:44.999+0800] {logging_mixin.py:190} INFO - [2025-03-28T17:47:44.999+0800] {dag.py:4180} INFO - Setting next_dagrun for example_xcom to 2021-01-01 00:00:00+00:00, run_after=2021-01-01 00:00:00+00:00
[2025-03-28T17:47:45.008+0800] {processor.py:208} INFO - Processing /Users/ervinyeoh/Desktop/unimods/is3107/project/.venv/lib/python3.11/site-packages/airflow/example_dags/example_xcom.py took 0.125 seconds
[2025-03-28T18:02:45.442+0800] {processor.py:186} INFO - Started process (PID=58663) to work on /Users/ervinyeoh/Desktop/unimods/is3107/project/.venv/lib/python3.11/site-packages/airflow/example_dags/example_xcom.py
[2025-03-28T18:02:45.443+0800] {processor.py:914} INFO - Processing file /Users/ervinyeoh/Desktop/unimods/is3107/project/.venv/lib/python3.11/site-packages/airflow/example_dags/example_xcom.py for tasks to queue
[2025-03-28T18:02:45.444+0800] {logging_mixin.py:190} INFO - [2025-03-28T18:02:45.443+0800] {dagbag.py:588} INFO - Filling up the DagBag from /Users/ervinyeoh/Desktop/unimods/is3107/project/.venv/lib/python3.11/site-packages/airflow/example_dags/example_xcom.py
[2025-03-28T18:02:45.495+0800] {processor.py:925} INFO - DAG(s) 'example_xcom' retrieved from /Users/ervinyeoh/Desktop/unimods/is3107/project/.venv/lib/python3.11/site-packages/airflow/example_dags/example_xcom.py
[2025-03-28T18:02:45.546+0800] {logging_mixin.py:190} INFO - [2025-03-28T18:02:45.546+0800] {dag.py:3239} INFO - Sync 1 DAGs
[2025-03-28T18:02:45.555+0800] {logging_mixin.py:190} INFO - [2025-03-28T18:02:45.555+0800] {dag.py:4180} INFO - Setting next_dagrun for example_xcom to 2021-01-01 00:00:00+00:00, run_after=2021-01-01 00:00:00+00:00
[2025-03-28T18:02:45.566+0800] {processor.py:208} INFO - Processing /Users/ervinyeoh/Desktop/unimods/is3107/project/.venv/lib/python3.11/site-packages/airflow/example_dags/example_xcom.py took 0.125 seconds
[2025-03-28T18:46:53.209+0800] {processor.py:186} INFO - Started process (PID=58909) to work on /Users/ervinyeoh/Desktop/unimods/is3107/project/.venv/lib/python3.11/site-packages/airflow/example_dags/example_xcom.py
[2025-03-28T18:46:53.210+0800] {processor.py:914} INFO - Processing file /Users/ervinyeoh/Desktop/unimods/is3107/project/.venv/lib/python3.11/site-packages/airflow/example_dags/example_xcom.py for tasks to queue
[2025-03-28T18:46:53.210+0800] {logging_mixin.py:190} INFO - [2025-03-28T18:46:53.210+0800] {dagbag.py:588} INFO - Filling up the DagBag from /Users/ervinyeoh/Desktop/unimods/is3107/project/.venv/lib/python3.11/site-packages/airflow/example_dags/example_xcom.py
[2025-03-28T18:46:53.263+0800] {processor.py:925} INFO - DAG(s) 'example_xcom' retrieved from /Users/ervinyeoh/Desktop/unimods/is3107/project/.venv/lib/python3.11/site-packages/airflow/example_dags/example_xcom.py
[2025-03-28T18:46:53.319+0800] {logging_mixin.py:190} INFO - [2025-03-28T18:46:53.318+0800] {dag.py:3239} INFO - Sync 1 DAGs
[2025-03-28T18:46:53.327+0800] {logging_mixin.py:190} INFO - [2025-03-28T18:46:53.327+0800] {dag.py:4180} INFO - Setting next_dagrun for example_xcom to 2021-01-01 00:00:00+00:00, run_after=2021-01-01 00:00:00+00:00
[2025-03-28T18:46:53.337+0800] {processor.py:208} INFO - Processing /Users/ervinyeoh/Desktop/unimods/is3107/project/.venv/lib/python3.11/site-packages/airflow/example_dags/example_xcom.py took 0.130 seconds
[2025-03-29T00:55:25.339+0800] {processor.py:186} INFO - Started process (PID=59367) to work on /Users/ervinyeoh/Desktop/unimods/is3107/project/.venv/lib/python3.11/site-packages/airflow/example_dags/example_xcom.py
[2025-03-29T00:55:25.340+0800] {processor.py:914} INFO - Processing file /Users/ervinyeoh/Desktop/unimods/is3107/project/.venv/lib/python3.11/site-packages/airflow/example_dags/example_xcom.py for tasks to queue
[2025-03-29T00:55:25.340+0800] {logging_mixin.py:190} INFO - [2025-03-29T00:55:25.340+0800] {dagbag.py:588} INFO - Filling up the DagBag from /Users/ervinyeoh/Desktop/unimods/is3107/project/.venv/lib/python3.11/site-packages/airflow/example_dags/example_xcom.py
[2025-03-29T00:55:25.393+0800] {processor.py:925} INFO - DAG(s) 'example_xcom' retrieved from /Users/ervinyeoh/Desktop/unimods/is3107/project/.venv/lib/python3.11/site-packages/airflow/example_dags/example_xcom.py
[2025-03-29T00:55:25.445+0800] {logging_mixin.py:190} INFO - [2025-03-29T00:55:25.445+0800] {dag.py:3239} INFO - Sync 1 DAGs
[2025-03-29T00:55:25.454+0800] {logging_mixin.py:190} INFO - [2025-03-29T00:55:25.453+0800] {dag.py:4180} INFO - Setting next_dagrun for example_xcom to 2021-01-01 00:00:00+00:00, run_after=2021-01-01 00:00:00+00:00
[2025-03-29T00:55:25.463+0800] {processor.py:208} INFO - Processing /Users/ervinyeoh/Desktop/unimods/is3107/project/.venv/lib/python3.11/site-packages/airflow/example_dags/example_xcom.py took 0.126 seconds
[2025-03-29T02:21:27.649+0800] {processor.py:186} INFO - Started process (PID=59849) to work on /Users/ervinyeoh/Desktop/unimods/is3107/project/.venv/lib/python3.11/site-packages/airflow/example_dags/example_xcom.py
[2025-03-29T02:21:27.650+0800] {processor.py:914} INFO - Processing file /Users/ervinyeoh/Desktop/unimods/is3107/project/.venv/lib/python3.11/site-packages/airflow/example_dags/example_xcom.py for tasks to queue
[2025-03-29T02:21:27.651+0800] {logging_mixin.py:190} INFO - [2025-03-29T02:21:27.651+0800] {dagbag.py:588} INFO - Filling up the DagBag from /Users/ervinyeoh/Desktop/unimods/is3107/project/.venv/lib/python3.11/site-packages/airflow/example_dags/example_xcom.py
[2025-03-29T02:21:27.711+0800] {processor.py:925} INFO - DAG(s) 'example_xcom' retrieved from /Users/ervinyeoh/Desktop/unimods/is3107/project/.venv/lib/python3.11/site-packages/airflow/example_dags/example_xcom.py
[2025-03-29T02:21:27.768+0800] {logging_mixin.py:190} INFO - [2025-03-29T02:21:27.768+0800] {dag.py:3239} INFO - Sync 1 DAGs
[2025-03-29T02:21:27.777+0800] {logging_mixin.py:190} INFO - [2025-03-29T02:21:27.777+0800] {dag.py:4180} INFO - Setting next_dagrun for example_xcom to 2021-01-01 00:00:00+00:00, run_after=2021-01-01 00:00:00+00:00
[2025-03-29T02:21:27.788+0800] {processor.py:208} INFO - Processing /Users/ervinyeoh/Desktop/unimods/is3107/project/.venv/lib/python3.11/site-packages/airflow/example_dags/example_xcom.py took 0.140 seconds
[2025-03-29T02:47:40.571+0800] {processor.py:186} INFO - Started process (PID=60054) to work on /Users/ervinyeoh/Desktop/unimods/is3107/project/.venv/lib/python3.11/site-packages/airflow/example_dags/example_xcom.py
[2025-03-29T02:47:40.572+0800] {processor.py:914} INFO - Processing file /Users/ervinyeoh/Desktop/unimods/is3107/project/.venv/lib/python3.11/site-packages/airflow/example_dags/example_xcom.py for tasks to queue
[2025-03-29T02:47:40.573+0800] {logging_mixin.py:190} INFO - [2025-03-29T02:47:40.573+0800] {dagbag.py:588} INFO - Filling up the DagBag from /Users/ervinyeoh/Desktop/unimods/is3107/project/.venv/lib/python3.11/site-packages/airflow/example_dags/example_xcom.py
[2025-03-29T02:47:40.758+0800] {processor.py:925} INFO - DAG(s) 'example_xcom' retrieved from /Users/ervinyeoh/Desktop/unimods/is3107/project/.venv/lib/python3.11/site-packages/airflow/example_dags/example_xcom.py
[2025-03-29T02:47:40.860+0800] {logging_mixin.py:190} INFO - [2025-03-29T02:47:40.860+0800] {dag.py:3239} INFO - Sync 1 DAGs
[2025-03-29T02:47:40.887+0800] {logging_mixin.py:190} INFO - [2025-03-29T02:47:40.887+0800] {dag.py:4180} INFO - Setting next_dagrun for example_xcom to 2021-01-01 00:00:00+00:00, run_after=2021-01-01 00:00:00+00:00
[2025-03-29T02:47:40.904+0800] {processor.py:208} INFO - Processing /Users/ervinyeoh/Desktop/unimods/is3107/project/.venv/lib/python3.11/site-packages/airflow/example_dags/example_xcom.py took 0.336 seconds
[2025-03-29T07:12:18.253+0800] {processor.py:186} INFO - Started process (PID=60432) to work on /Users/ervinyeoh/Desktop/unimods/is3107/project/.venv/lib/python3.11/site-packages/airflow/example_dags/example_xcom.py
[2025-03-29T07:12:18.254+0800] {processor.py:914} INFO - Processing file /Users/ervinyeoh/Desktop/unimods/is3107/project/.venv/lib/python3.11/site-packages/airflow/example_dags/example_xcom.py for tasks to queue
[2025-03-29T07:12:18.254+0800] {logging_mixin.py:190} INFO - [2025-03-29T07:12:18.254+0800] {dagbag.py:588} INFO - Filling up the DagBag from /Users/ervinyeoh/Desktop/unimods/is3107/project/.venv/lib/python3.11/site-packages/airflow/example_dags/example_xcom.py
[2025-03-29T07:12:18.305+0800] {processor.py:925} INFO - DAG(s) 'example_xcom' retrieved from /Users/ervinyeoh/Desktop/unimods/is3107/project/.venv/lib/python3.11/site-packages/airflow/example_dags/example_xcom.py
[2025-03-29T07:12:18.357+0800] {logging_mixin.py:190} INFO - [2025-03-29T07:12:18.357+0800] {dag.py:3239} INFO - Sync 1 DAGs
[2025-03-29T07:12:18.366+0800] {logging_mixin.py:190} INFO - [2025-03-29T07:12:18.366+0800] {dag.py:4180} INFO - Setting next_dagrun for example_xcom to 2021-01-01 00:00:00+00:00, run_after=2021-01-01 00:00:00+00:00
[2025-03-29T07:12:18.376+0800] {processor.py:208} INFO - Processing /Users/ervinyeoh/Desktop/unimods/is3107/project/.venv/lib/python3.11/site-packages/airflow/example_dags/example_xcom.py took 0.125 seconds
