[2025-03-28T08:32:04.587+0800] {processor.py:186} INFO - Started process (PID=57384) to work on /Users/ervinyeoh/Desktop/unimods/is3107/project/.venv/lib/python3.11/site-packages/airflow/example_dags/example_workday_timetable.py
[2025-03-28T08:32:04.587+0800] {processor.py:914} INFO - Processing file /Users/ervinyeoh/Desktop/unimods/is3107/project/.venv/lib/python3.11/site-packages/airflow/example_dags/example_workday_timetable.py for tasks to queue
[2025-03-28T08:32:04.588+0800] {logging_mixin.py:190} INFO - [2025-03-28T08:32:04.588+0800] {dagbag.py:588} INFO - Filling up the DagBag from /Users/ervinyeoh/Desktop/unimods/is3107/project/.venv/lib/python3.11/site-packages/airflow/example_dags/example_workday_timetable.py
[2025-03-28T08:32:05.024+0800] {processor.py:925} INFO - DAG(s) 'example_workday_timetable' retrieved from /Users/ervinyeoh/Desktop/unimods/is3107/project/.venv/lib/python3.11/site-packages/airflow/example_dags/example_workday_timetable.py
[2025-03-28T08:32:05.129+0800] {logging_mixin.py:190} INFO - [2025-03-28T08:32:05.129+0800] {dag.py:3239} INFO - Sync 1 DAGs
[2025-03-28T08:32:05.161+0800] {logging_mixin.py:190} INFO - [2025-03-28T08:32:05.160+0800] {dag.py:4180} INFO - Setting next_dagrun for example_workday_timetable to 2021-01-04 00:00:00+00:00, run_after=2021-01-05 00:00:00+00:00
[2025-03-28T08:32:05.170+0800] {processor.py:208} INFO - Processing /Users/ervinyeoh/Desktop/unimods/is3107/project/.venv/lib/python3.11/site-packages/airflow/example_dags/example_workday_timetable.py took 0.585 seconds
[2025-03-28T09:44:24.544+0800] {processor.py:186} INFO - Started process (PID=57667) to work on /Users/ervinyeoh/Desktop/unimods/is3107/project/.venv/lib/python3.11/site-packages/airflow/example_dags/example_workday_timetable.py
[2025-03-28T09:44:24.545+0800] {processor.py:914} INFO - Processing file /Users/ervinyeoh/Desktop/unimods/is3107/project/.venv/lib/python3.11/site-packages/airflow/example_dags/example_workday_timetable.py for tasks to queue
[2025-03-28T09:44:24.545+0800] {logging_mixin.py:190} INFO - [2025-03-28T09:44:24.545+0800] {dagbag.py:588} INFO - Filling up the DagBag from /Users/ervinyeoh/Desktop/unimods/is3107/project/.venv/lib/python3.11/site-packages/airflow/example_dags/example_workday_timetable.py
[2025-03-28T09:44:25.204+0800] {processor.py:925} INFO - DAG(s) 'example_workday_timetable' retrieved from /Users/ervinyeoh/Desktop/unimods/is3107/project/.venv/lib/python3.11/site-packages/airflow/example_dags/example_workday_timetable.py
[2025-03-28T09:44:25.312+0800] {logging_mixin.py:190} INFO - [2025-03-28T09:44:25.312+0800] {dag.py:3239} INFO - Sync 1 DAGs
[2025-03-28T09:44:25.361+0800] {logging_mixin.py:190} INFO - [2025-03-28T09:44:25.361+0800] {dag.py:4180} INFO - Setting next_dagrun for example_workday_timetable to 2021-01-04 00:00:00+00:00, run_after=2021-01-05 00:00:00+00:00
[2025-03-28T09:44:25.372+0800] {processor.py:208} INFO - Processing /Users/ervinyeoh/Desktop/unimods/is3107/project/.venv/lib/python3.11/site-packages/airflow/example_dags/example_workday_timetable.py took 0.830 seconds
[2025-03-28T14:27:55.424+0800] {processor.py:186} INFO - Started process (PID=58087) to work on /Users/ervinyeoh/Desktop/unimods/is3107/project/.venv/lib/python3.11/site-packages/airflow/example_dags/example_workday_timetable.py
[2025-03-28T14:27:55.425+0800] {processor.py:914} INFO - Processing file /Users/ervinyeoh/Desktop/unimods/is3107/project/.venv/lib/python3.11/site-packages/airflow/example_dags/example_workday_timetable.py for tasks to queue
[2025-03-28T14:27:55.426+0800] {logging_mixin.py:190} INFO - [2025-03-28T14:27:55.426+0800] {dagbag.py:588} INFO - Filling up the DagBag from /Users/ervinyeoh/Desktop/unimods/is3107/project/.venv/lib/python3.11/site-packages/airflow/example_dags/example_workday_timetable.py
[2025-03-28T14:27:56.151+0800] {processor.py:925} INFO - DAG(s) 'example_workday_timetable' retrieved from /Users/ervinyeoh/Desktop/unimods/is3107/project/.venv/lib/python3.11/site-packages/airflow/example_dags/example_workday_timetable.py
[2025-03-28T14:27:56.272+0800] {logging_mixin.py:190} INFO - [2025-03-28T14:27:56.271+0800] {dag.py:3239} INFO - Sync 1 DAGs
[2025-03-28T14:27:56.303+0800] {logging_mixin.py:190} INFO - [2025-03-28T14:27:56.303+0800] {dag.py:4180} INFO - Setting next_dagrun for example_workday_timetable to 2021-01-04 00:00:00+00:00, run_after=2021-01-05 00:00:00+00:00
[2025-03-28T14:27:56.315+0800] {processor.py:208} INFO - Processing /Users/ervinyeoh/Desktop/unimods/is3107/project/.venv/lib/python3.11/site-packages/airflow/example_dags/example_workday_timetable.py took 0.892 seconds
[2025-03-28T17:47:47.230+0800] {processor.py:186} INFO - Started process (PID=58453) to work on /Users/ervinyeoh/Desktop/unimods/is3107/project/.venv/lib/python3.11/site-packages/airflow/example_dags/example_workday_timetable.py
[2025-03-28T17:47:47.231+0800] {processor.py:914} INFO - Processing file /Users/ervinyeoh/Desktop/unimods/is3107/project/.venv/lib/python3.11/site-packages/airflow/example_dags/example_workday_timetable.py for tasks to queue
[2025-03-28T17:47:47.232+0800] {logging_mixin.py:190} INFO - [2025-03-28T17:47:47.231+0800] {dagbag.py:588} INFO - Filling up the DagBag from /Users/ervinyeoh/Desktop/unimods/is3107/project/.venv/lib/python3.11/site-packages/airflow/example_dags/example_workday_timetable.py
[2025-03-28T17:47:47.690+0800] {processor.py:925} INFO - DAG(s) 'example_workday_timetable' retrieved from /Users/ervinyeoh/Desktop/unimods/is3107/project/.venv/lib/python3.11/site-packages/airflow/example_dags/example_workday_timetable.py
[2025-03-28T17:47:47.849+0800] {logging_mixin.py:190} INFO - [2025-03-28T17:47:47.849+0800] {dag.py:3239} INFO - Sync 1 DAGs
[2025-03-28T17:47:47.908+0800] {logging_mixin.py:190} INFO - [2025-03-28T17:47:47.908+0800] {dag.py:4180} INFO - Setting next_dagrun for example_workday_timetable to 2021-01-04 00:00:00+00:00, run_after=2021-01-05 00:00:00+00:00
[2025-03-28T17:47:47.919+0800] {processor.py:208} INFO - Processing /Users/ervinyeoh/Desktop/unimods/is3107/project/.venv/lib/python3.11/site-packages/airflow/example_dags/example_workday_timetable.py took 0.690 seconds
[2025-03-28T18:02:47.812+0800] {processor.py:186} INFO - Started process (PID=58667) to work on /Users/ervinyeoh/Desktop/unimods/is3107/project/.venv/lib/python3.11/site-packages/airflow/example_dags/example_workday_timetable.py
[2025-03-28T18:02:47.813+0800] {processor.py:914} INFO - Processing file /Users/ervinyeoh/Desktop/unimods/is3107/project/.venv/lib/python3.11/site-packages/airflow/example_dags/example_workday_timetable.py for tasks to queue
[2025-03-28T18:02:47.813+0800] {logging_mixin.py:190} INFO - [2025-03-28T18:02:47.813+0800] {dagbag.py:588} INFO - Filling up the DagBag from /Users/ervinyeoh/Desktop/unimods/is3107/project/.venv/lib/python3.11/site-packages/airflow/example_dags/example_workday_timetable.py
[2025-03-28T18:02:48.208+0800] {processor.py:925} INFO - DAG(s) 'example_workday_timetable' retrieved from /Users/ervinyeoh/Desktop/unimods/is3107/project/.venv/lib/python3.11/site-packages/airflow/example_dags/example_workday_timetable.py
[2025-03-28T18:02:48.311+0800] {logging_mixin.py:190} INFO - [2025-03-28T18:02:48.311+0800] {dag.py:3239} INFO - Sync 1 DAGs
[2025-03-28T18:02:48.346+0800] {logging_mixin.py:190} INFO - [2025-03-28T18:02:48.346+0800] {dag.py:4180} INFO - Setting next_dagrun for example_workday_timetable to 2021-01-04 00:00:00+00:00, run_after=2021-01-05 00:00:00+00:00
[2025-03-28T18:02:48.356+0800] {processor.py:208} INFO - Processing /Users/ervinyeoh/Desktop/unimods/is3107/project/.venv/lib/python3.11/site-packages/airflow/example_dags/example_workday_timetable.py took 0.546 seconds
[2025-03-28T18:46:55.803+0800] {processor.py:186} INFO - Started process (PID=58913) to work on /Users/ervinyeoh/Desktop/unimods/is3107/project/.venv/lib/python3.11/site-packages/airflow/example_dags/example_workday_timetable.py
[2025-03-28T18:46:55.805+0800] {processor.py:914} INFO - Processing file /Users/ervinyeoh/Desktop/unimods/is3107/project/.venv/lib/python3.11/site-packages/airflow/example_dags/example_workday_timetable.py for tasks to queue
[2025-03-28T18:46:55.805+0800] {logging_mixin.py:190} INFO - [2025-03-28T18:46:55.805+0800] {dagbag.py:588} INFO - Filling up the DagBag from /Users/ervinyeoh/Desktop/unimods/is3107/project/.venv/lib/python3.11/site-packages/airflow/example_dags/example_workday_timetable.py
[2025-03-28T19:02:00.801+0800] {processor.py:925} INFO - DAG(s) 'example_workday_timetable' retrieved from /Users/ervinyeoh/Desktop/unimods/is3107/project/.venv/lib/python3.11/site-packages/airflow/example_dags/example_workday_timetable.py
[2025-03-28T19:02:00.936+0800] {logging_mixin.py:190} INFO - [2025-03-28T19:02:00.936+0800] {dag.py:3239} INFO - Sync 1 DAGs
[2025-03-28T19:02:00.982+0800] {logging_mixin.py:190} INFO - [2025-03-28T19:02:00.982+0800] {dag.py:4180} INFO - Setting next_dagrun for example_workday_timetable to 2021-01-04 00:00:00+00:00, run_after=2021-01-05 00:00:00+00:00
[2025-03-28T19:02:00.994+0800] {processor.py:208} INFO - Processing /Users/ervinyeoh/Desktop/unimods/is3107/project/.venv/lib/python3.11/site-packages/airflow/example_dags/example_workday_timetable.py took 1.122 seconds
[2025-03-29T00:55:26.827+0800] {processor.py:186} INFO - Started process (PID=59371) to work on /Users/ervinyeoh/Desktop/unimods/is3107/project/.venv/lib/python3.11/site-packages/airflow/example_dags/example_workday_timetable.py
[2025-03-29T00:55:26.828+0800] {processor.py:914} INFO - Processing file /Users/ervinyeoh/Desktop/unimods/is3107/project/.venv/lib/python3.11/site-packages/airflow/example_dags/example_workday_timetable.py for tasks to queue
[2025-03-29T00:55:26.829+0800] {logging_mixin.py:190} INFO - [2025-03-29T00:55:26.829+0800] {dagbag.py:588} INFO - Filling up the DagBag from /Users/ervinyeoh/Desktop/unimods/is3107/project/.venv/lib/python3.11/site-packages/airflow/example_dags/example_workday_timetable.py
[2025-03-29T01:11:44.349+0800] {processor.py:925} INFO - DAG(s) 'example_workday_timetable' retrieved from /Users/ervinyeoh/Desktop/unimods/is3107/project/.venv/lib/python3.11/site-packages/airflow/example_dags/example_workday_timetable.py
[2025-03-29T01:11:44.479+0800] {logging_mixin.py:190} INFO - [2025-03-29T01:11:44.478+0800] {dag.py:3239} INFO - Sync 1 DAGs
[2025-03-29T01:11:44.512+0800] {logging_mixin.py:190} INFO - [2025-03-29T01:11:44.511+0800] {dag.py:4180} INFO - Setting next_dagrun for example_workday_timetable to 2021-01-04 00:00:00+00:00, run_after=2021-01-05 00:00:00+00:00
[2025-03-29T01:11:44.523+0800] {processor.py:208} INFO - Processing /Users/ervinyeoh/Desktop/unimods/is3107/project/.venv/lib/python3.11/site-packages/airflow/example_dags/example_workday_timetable.py took 1.701 seconds
[2025-03-29T02:21:30.187+0800] {processor.py:186} INFO - Started process (PID=59852) to work on /Users/ervinyeoh/Desktop/unimods/is3107/project/.venv/lib/python3.11/site-packages/airflow/example_dags/example_workday_timetable.py
[2025-03-29T02:21:30.188+0800] {processor.py:914} INFO - Processing file /Users/ervinyeoh/Desktop/unimods/is3107/project/.venv/lib/python3.11/site-packages/airflow/example_dags/example_workday_timetable.py for tasks to queue
[2025-03-29T02:21:30.189+0800] {logging_mixin.py:190} INFO - [2025-03-29T02:21:30.189+0800] {dagbag.py:588} INFO - Filling up the DagBag from /Users/ervinyeoh/Desktop/unimods/is3107/project/.venv/lib/python3.11/site-packages/airflow/example_dags/example_workday_timetable.py
[2025-03-29T02:21:30.819+0800] {processor.py:925} INFO - DAG(s) 'example_workday_timetable' retrieved from /Users/ervinyeoh/Desktop/unimods/is3107/project/.venv/lib/python3.11/site-packages/airflow/example_dags/example_workday_timetable.py
[2025-03-29T02:21:30.937+0800] {logging_mixin.py:190} INFO - [2025-03-29T02:21:30.936+0800] {dag.py:3239} INFO - Sync 1 DAGs
[2025-03-29T02:21:30.971+0800] {logging_mixin.py:190} INFO - [2025-03-29T02:21:30.971+0800] {dag.py:4180} INFO - Setting next_dagrun for example_workday_timetable to 2021-01-04 00:00:00+00:00, run_after=2021-01-05 00:00:00+00:00
[2025-03-29T02:21:30.982+0800] {processor.py:208} INFO - Processing /Users/ervinyeoh/Desktop/unimods/is3107/project/.venv/lib/python3.11/site-packages/airflow/example_dags/example_workday_timetable.py took 0.797 seconds
[2025-03-29T02:47:43.528+0800] {processor.py:186} INFO - Started process (PID=60072) to work on /Users/ervinyeoh/Desktop/unimods/is3107/project/.venv/lib/python3.11/site-packages/airflow/example_dags/example_workday_timetable.py
[2025-03-29T02:47:43.528+0800] {processor.py:914} INFO - Processing file /Users/ervinyeoh/Desktop/unimods/is3107/project/.venv/lib/python3.11/site-packages/airflow/example_dags/example_workday_timetable.py for tasks to queue
[2025-03-29T02:47:43.529+0800] {logging_mixin.py:190} INFO - [2025-03-29T02:47:43.529+0800] {dagbag.py:588} INFO - Filling up the DagBag from /Users/ervinyeoh/Desktop/unimods/is3107/project/.venv/lib/python3.11/site-packages/airflow/example_dags/example_workday_timetable.py
[2025-03-29T02:47:43.924+0800] {processor.py:925} INFO - DAG(s) 'example_workday_timetable' retrieved from /Users/ervinyeoh/Desktop/unimods/is3107/project/.venv/lib/python3.11/site-packages/airflow/example_dags/example_workday_timetable.py
[2025-03-29T02:47:44.025+0800] {logging_mixin.py:190} INFO - [2025-03-29T02:47:44.025+0800] {dag.py:3239} INFO - Sync 1 DAGs
[2025-03-29T02:47:44.060+0800] {logging_mixin.py:190} INFO - [2025-03-29T02:47:44.059+0800] {dag.py:4180} INFO - Setting next_dagrun for example_workday_timetable to 2021-01-04 00:00:00+00:00, run_after=2021-01-05 00:00:00+00:00
[2025-03-29T02:47:44.070+0800] {processor.py:208} INFO - Processing /Users/ervinyeoh/Desktop/unimods/is3107/project/.venv/lib/python3.11/site-packages/airflow/example_dags/example_workday_timetable.py took 0.544 seconds
[2025-03-29T07:12:19.783+0800] {processor.py:186} INFO - Started process (PID=60443) to work on /Users/ervinyeoh/Desktop/unimods/is3107/project/.venv/lib/python3.11/site-packages/airflow/example_dags/example_workday_timetable.py
[2025-03-29T07:12:19.783+0800] {processor.py:914} INFO - Processing file /Users/ervinyeoh/Desktop/unimods/is3107/project/.venv/lib/python3.11/site-packages/airflow/example_dags/example_workday_timetable.py for tasks to queue
[2025-03-29T07:12:19.784+0800] {logging_mixin.py:190} INFO - [2025-03-29T07:12:19.784+0800] {dagbag.py:588} INFO - Filling up the DagBag from /Users/ervinyeoh/Desktop/unimods/is3107/project/.venv/lib/python3.11/site-packages/airflow/example_dags/example_workday_timetable.py
[2025-03-29T07:12:20.461+0800] {processor.py:925} INFO - DAG(s) 'example_workday_timetable' retrieved from /Users/ervinyeoh/Desktop/unimods/is3107/project/.venv/lib/python3.11/site-packages/airflow/example_dags/example_workday_timetable.py
[2025-03-29T07:12:20.588+0800] {logging_mixin.py:190} INFO - [2025-03-29T07:12:20.588+0800] {dag.py:3239} INFO - Sync 1 DAGs
[2025-03-29T07:12:20.623+0800] {logging_mixin.py:190} INFO - [2025-03-29T07:12:20.622+0800] {dag.py:4180} INFO - Setting next_dagrun for example_workday_timetable to 2021-01-04 00:00:00+00:00, run_after=2021-01-05 00:00:00+00:00
[2025-03-29T07:12:20.635+0800] {processor.py:208} INFO - Processing /Users/ervinyeoh/Desktop/unimods/is3107/project/.venv/lib/python3.11/site-packages/airflow/example_dags/example_workday_timetable.py took 0.854 seconds
