[2025-03-28T08:32:15.504+0800] {processor.py:186} INFO - Started process (PID=57398) to work on /Users/ervinyeoh/Desktop/unimods/is3107/project/.venv/lib/python3.11/site-packages/airflow/example_dags/example_task_group.py
[2025-03-28T08:32:15.505+0800] {processor.py:914} INFO - Processing file /Users/ervinyeoh/Desktop/unimods/is3107/project/.venv/lib/python3.11/site-packages/airflow/example_dags/example_task_group.py for tasks to queue
[2025-03-28T08:32:15.506+0800] {logging_mixin.py:190} INFO - [2025-03-28T08:32:15.506+0800] {dagbag.py:588} INFO - Filling up the DagBag from /Users/ervinyeoh/Desktop/unimods/is3107/project/.venv/lib/python3.11/site-packages/airflow/example_dags/example_task_group.py
[2025-03-28T08:32:15.511+0800] {processor.py:925} INFO - DAG(s) 'example_task_group' retrieved from /Users/ervinyeoh/Desktop/unimods/is3107/project/.venv/lib/python3.11/site-packages/airflow/example_dags/example_task_group.py
[2025-03-28T08:32:15.596+0800] {logging_mixin.py:190} INFO - [2025-03-28T08:32:15.595+0800] {dag.py:3239} INFO - Sync 1 DAGs
[2025-03-28T08:32:15.602+0800] {logging_mixin.py:190} INFO - [2025-03-28T08:32:15.602+0800] {dag.py:4180} INFO - Setting next_dagrun for example_task_group to None, run_after=None
[2025-03-28T08:32:15.613+0800] {processor.py:208} INFO - Processing /Users/ervinyeoh/Desktop/unimods/is3107/project/.venv/lib/python3.11/site-packages/airflow/example_dags/example_task_group.py took 0.110 seconds
[2025-03-28T09:44:36.639+0800] {processor.py:186} INFO - Started process (PID=57688) to work on /Users/ervinyeoh/Desktop/unimods/is3107/project/.venv/lib/python3.11/site-packages/airflow/example_dags/example_task_group.py
[2025-03-28T09:44:36.640+0800] {processor.py:914} INFO - Processing file /Users/ervinyeoh/Desktop/unimods/is3107/project/.venv/lib/python3.11/site-packages/airflow/example_dags/example_task_group.py for tasks to queue
[2025-03-28T09:44:36.641+0800] {logging_mixin.py:190} INFO - [2025-03-28T09:44:36.641+0800] {dagbag.py:588} INFO - Filling up the DagBag from /Users/ervinyeoh/Desktop/unimods/is3107/project/.venv/lib/python3.11/site-packages/airflow/example_dags/example_task_group.py
[2025-03-28T09:44:36.646+0800] {processor.py:925} INFO - DAG(s) 'example_task_group' retrieved from /Users/ervinyeoh/Desktop/unimods/is3107/project/.venv/lib/python3.11/site-packages/airflow/example_dags/example_task_group.py
[2025-03-28T09:44:36.729+0800] {logging_mixin.py:190} INFO - [2025-03-28T09:44:36.729+0800] {dag.py:3239} INFO - Sync 1 DAGs
[2025-03-28T09:44:36.736+0800] {logging_mixin.py:190} INFO - [2025-03-28T09:44:36.736+0800] {dag.py:4180} INFO - Setting next_dagrun for example_task_group to None, run_after=None
[2025-03-28T09:44:36.746+0800] {processor.py:208} INFO - Processing /Users/ervinyeoh/Desktop/unimods/is3107/project/.venv/lib/python3.11/site-packages/airflow/example_dags/example_task_group.py took 0.109 seconds
[2025-03-28T15:02:23.821+0800] {processor.py:186} INFO - Started process (PID=58138) to work on /Users/ervinyeoh/Desktop/unimods/is3107/project/.venv/lib/python3.11/site-packages/airflow/example_dags/example_task_group.py
[2025-03-28T15:02:23.822+0800] {processor.py:914} INFO - Processing file /Users/ervinyeoh/Desktop/unimods/is3107/project/.venv/lib/python3.11/site-packages/airflow/example_dags/example_task_group.py for tasks to queue
[2025-03-28T15:02:23.823+0800] {logging_mixin.py:190} INFO - [2025-03-28T15:02:23.823+0800] {dagbag.py:588} INFO - Filling up the DagBag from /Users/ervinyeoh/Desktop/unimods/is3107/project/.venv/lib/python3.11/site-packages/airflow/example_dags/example_task_group.py
[2025-03-28T15:02:23.831+0800] {processor.py:925} INFO - DAG(s) 'example_task_group' retrieved from /Users/ervinyeoh/Desktop/unimods/is3107/project/.venv/lib/python3.11/site-packages/airflow/example_dags/example_task_group.py
[2025-03-28T15:02:23.958+0800] {logging_mixin.py:190} INFO - [2025-03-28T15:02:23.957+0800] {dag.py:3239} INFO - Sync 1 DAGs
[2025-03-28T15:02:23.968+0800] {logging_mixin.py:190} INFO - [2025-03-28T15:02:23.967+0800] {dag.py:4180} INFO - Setting next_dagrun for example_task_group to None, run_after=None
[2025-03-28T15:02:23.986+0800] {processor.py:208} INFO - Processing /Users/ervinyeoh/Desktop/unimods/is3107/project/.venv/lib/python3.11/site-packages/airflow/example_dags/example_task_group.py took 0.166 seconds
[2025-03-28T17:52:42.350+0800] {processor.py:186} INFO - Started process (PID=58491) to work on /Users/ervinyeoh/Desktop/unimods/is3107/project/.venv/lib/python3.11/site-packages/airflow/example_dags/example_task_group.py
[2025-03-28T17:52:42.351+0800] {processor.py:914} INFO - Processing file /Users/ervinyeoh/Desktop/unimods/is3107/project/.venv/lib/python3.11/site-packages/airflow/example_dags/example_task_group.py for tasks to queue
[2025-03-28T17:52:42.351+0800] {logging_mixin.py:190} INFO - [2025-03-28T17:52:42.351+0800] {dagbag.py:588} INFO - Filling up the DagBag from /Users/ervinyeoh/Desktop/unimods/is3107/project/.venv/lib/python3.11/site-packages/airflow/example_dags/example_task_group.py
[2025-03-28T17:52:42.357+0800] {processor.py:925} INFO - DAG(s) 'example_task_group' retrieved from /Users/ervinyeoh/Desktop/unimods/is3107/project/.venv/lib/python3.11/site-packages/airflow/example_dags/example_task_group.py
[2025-03-28T17:52:42.443+0800] {logging_mixin.py:190} INFO - [2025-03-28T17:52:42.443+0800] {dag.py:3239} INFO - Sync 1 DAGs
[2025-03-28T17:52:42.449+0800] {logging_mixin.py:190} INFO - [2025-03-28T17:52:42.449+0800] {dag.py:4180} INFO - Setting next_dagrun for example_task_group to None, run_after=None
[2025-03-28T17:52:42.459+0800] {processor.py:208} INFO - Processing /Users/ervinyeoh/Desktop/unimods/is3107/project/.venv/lib/python3.11/site-packages/airflow/example_dags/example_task_group.py took 0.111 seconds
[2025-03-28T18:02:59.137+0800] {processor.py:186} INFO - Started process (PID=58686) to work on /Users/ervinyeoh/Desktop/unimods/is3107/project/.venv/lib/python3.11/site-packages/airflow/example_dags/example_task_group.py
[2025-03-28T18:02:59.137+0800] {processor.py:914} INFO - Processing file /Users/ervinyeoh/Desktop/unimods/is3107/project/.venv/lib/python3.11/site-packages/airflow/example_dags/example_task_group.py for tasks to queue
[2025-03-28T18:02:59.138+0800] {logging_mixin.py:190} INFO - [2025-03-28T18:02:59.138+0800] {dagbag.py:588} INFO - Filling up the DagBag from /Users/ervinyeoh/Desktop/unimods/is3107/project/.venv/lib/python3.11/site-packages/airflow/example_dags/example_task_group.py
[2025-03-28T18:02:59.143+0800] {processor.py:925} INFO - DAG(s) 'example_task_group' retrieved from /Users/ervinyeoh/Desktop/unimods/is3107/project/.venv/lib/python3.11/site-packages/airflow/example_dags/example_task_group.py
[2025-03-28T18:02:59.228+0800] {logging_mixin.py:190} INFO - [2025-03-28T18:02:59.227+0800] {dag.py:3239} INFO - Sync 1 DAGs
[2025-03-28T18:02:59.234+0800] {logging_mixin.py:190} INFO - [2025-03-28T18:02:59.234+0800] {dag.py:4180} INFO - Setting next_dagrun for example_task_group to None, run_after=None
[2025-03-28T18:02:59.245+0800] {processor.py:208} INFO - Processing /Users/ervinyeoh/Desktop/unimods/is3107/project/.venv/lib/python3.11/site-packages/airflow/example_dags/example_task_group.py took 0.110 seconds
[2025-03-28T19:35:56.649+0800] {processor.py:186} INFO - Started process (PID=58968) to work on /Users/ervinyeoh/Desktop/unimods/is3107/project/.venv/lib/python3.11/site-packages/airflow/example_dags/example_task_group.py
[2025-03-28T19:35:56.650+0800] {processor.py:914} INFO - Processing file /Users/ervinyeoh/Desktop/unimods/is3107/project/.venv/lib/python3.11/site-packages/airflow/example_dags/example_task_group.py for tasks to queue
[2025-03-28T19:35:56.651+0800] {logging_mixin.py:190} INFO - [2025-03-28T19:35:56.651+0800] {dagbag.py:588} INFO - Filling up the DagBag from /Users/ervinyeoh/Desktop/unimods/is3107/project/.venv/lib/python3.11/site-packages/airflow/example_dags/example_task_group.py
[2025-03-28T19:35:56.657+0800] {processor.py:925} INFO - DAG(s) 'example_task_group' retrieved from /Users/ervinyeoh/Desktop/unimods/is3107/project/.venv/lib/python3.11/site-packages/airflow/example_dags/example_task_group.py
[2025-03-28T19:35:56.779+0800] {logging_mixin.py:190} INFO - [2025-03-28T19:35:56.779+0800] {dag.py:3239} INFO - Sync 1 DAGs
[2025-03-28T19:35:56.787+0800] {logging_mixin.py:190} INFO - [2025-03-28T19:35:56.787+0800] {dag.py:4180} INFO - Setting next_dagrun for example_task_group to None, run_after=None
[2025-03-28T19:35:56.801+0800] {processor.py:208} INFO - Processing /Users/ervinyeoh/Desktop/unimods/is3107/project/.venv/lib/python3.11/site-packages/airflow/example_dags/example_task_group.py took 0.154 seconds
[2025-03-29T01:43:59.404+0800] {processor.py:186} INFO - Started process (PID=59430) to work on /Users/ervinyeoh/Desktop/unimods/is3107/project/.venv/lib/python3.11/site-packages/airflow/example_dags/example_task_group.py
[2025-03-29T01:43:59.406+0800] {processor.py:914} INFO - Processing file /Users/ervinyeoh/Desktop/unimods/is3107/project/.venv/lib/python3.11/site-packages/airflow/example_dags/example_task_group.py for tasks to queue
[2025-03-29T01:43:59.407+0800] {logging_mixin.py:190} INFO - [2025-03-29T01:43:59.407+0800] {dagbag.py:588} INFO - Filling up the DagBag from /Users/ervinyeoh/Desktop/unimods/is3107/project/.venv/lib/python3.11/site-packages/airflow/example_dags/example_task_group.py
[2025-03-29T01:43:59.415+0800] {processor.py:925} INFO - DAG(s) 'example_task_group' retrieved from /Users/ervinyeoh/Desktop/unimods/is3107/project/.venv/lib/python3.11/site-packages/airflow/example_dags/example_task_group.py
[2025-03-29T01:43:59.522+0800] {logging_mixin.py:190} INFO - [2025-03-29T01:43:59.522+0800] {dag.py:3239} INFO - Sync 1 DAGs
[2025-03-29T01:43:59.529+0800] {logging_mixin.py:190} INFO - [2025-03-29T01:43:59.529+0800] {dag.py:4180} INFO - Setting next_dagrun for example_task_group to None, run_after=None
[2025-03-29T01:43:59.539+0800] {processor.py:208} INFO - Processing /Users/ervinyeoh/Desktop/unimods/is3107/project/.venv/lib/python3.11/site-packages/airflow/example_dags/example_task_group.py took 0.138 seconds
[2025-03-29T02:21:42.319+0800] {processor.py:186} INFO - Started process (PID=59869) to work on /Users/ervinyeoh/Desktop/unimods/is3107/project/.venv/lib/python3.11/site-packages/airflow/example_dags/example_task_group.py
[2025-03-29T02:21:42.320+0800] {processor.py:914} INFO - Processing file /Users/ervinyeoh/Desktop/unimods/is3107/project/.venv/lib/python3.11/site-packages/airflow/example_dags/example_task_group.py for tasks to queue
[2025-03-29T02:21:42.321+0800] {logging_mixin.py:190} INFO - [2025-03-29T02:21:42.321+0800] {dagbag.py:588} INFO - Filling up the DagBag from /Users/ervinyeoh/Desktop/unimods/is3107/project/.venv/lib/python3.11/site-packages/airflow/example_dags/example_task_group.py
[2025-03-29T02:21:42.326+0800] {processor.py:925} INFO - DAG(s) 'example_task_group' retrieved from /Users/ervinyeoh/Desktop/unimods/is3107/project/.venv/lib/python3.11/site-packages/airflow/example_dags/example_task_group.py
[2025-03-29T02:21:42.409+0800] {logging_mixin.py:190} INFO - [2025-03-29T02:21:42.408+0800] {dag.py:3239} INFO - Sync 1 DAGs
[2025-03-29T02:21:42.415+0800] {logging_mixin.py:190} INFO - [2025-03-29T02:21:42.415+0800] {dag.py:4180} INFO - Setting next_dagrun for example_task_group to None, run_after=None
[2025-03-29T02:21:42.424+0800] {processor.py:208} INFO - Processing /Users/ervinyeoh/Desktop/unimods/is3107/project/.venv/lib/python3.11/site-packages/airflow/example_dags/example_task_group.py took 0.107 seconds
[2025-03-29T03:20:42.198+0800] {processor.py:186} INFO - Started process (PID=60121) to work on /Users/ervinyeoh/Desktop/unimods/is3107/project/.venv/lib/python3.11/site-packages/airflow/example_dags/example_task_group.py
[2025-03-29T03:20:42.198+0800] {processor.py:914} INFO - Processing file /Users/ervinyeoh/Desktop/unimods/is3107/project/.venv/lib/python3.11/site-packages/airflow/example_dags/example_task_group.py for tasks to queue
[2025-03-29T03:20:42.199+0800] {logging_mixin.py:190} INFO - [2025-03-29T03:20:42.199+0800] {dagbag.py:588} INFO - Filling up the DagBag from /Users/ervinyeoh/Desktop/unimods/is3107/project/.venv/lib/python3.11/site-packages/airflow/example_dags/example_task_group.py
[2025-03-29T03:20:42.205+0800] {processor.py:925} INFO - DAG(s) 'example_task_group' retrieved from /Users/ervinyeoh/Desktop/unimods/is3107/project/.venv/lib/python3.11/site-packages/airflow/example_dags/example_task_group.py
[2025-03-29T03:20:42.290+0800] {logging_mixin.py:190} INFO - [2025-03-29T03:20:42.290+0800] {dag.py:3239} INFO - Sync 1 DAGs
[2025-03-29T03:20:42.296+0800] {logging_mixin.py:190} INFO - [2025-03-29T03:20:42.296+0800] {dag.py:4180} INFO - Setting next_dagrun for example_task_group to None, run_after=None
[2025-03-29T03:20:42.306+0800] {processor.py:208} INFO - Processing /Users/ervinyeoh/Desktop/unimods/is3107/project/.venv/lib/python3.11/site-packages/airflow/example_dags/example_task_group.py took 0.110 seconds
[2025-03-29T07:46:13.103+0800] {processor.py:186} INFO - Started process (PID=60494) to work on /Users/ervinyeoh/Desktop/unimods/is3107/project/.venv/lib/python3.11/site-packages/airflow/example_dags/example_task_group.py
[2025-03-29T07:46:13.104+0800] {processor.py:914} INFO - Processing file /Users/ervinyeoh/Desktop/unimods/is3107/project/.venv/lib/python3.11/site-packages/airflow/example_dags/example_task_group.py for tasks to queue
[2025-03-29T07:46:13.104+0800] {logging_mixin.py:190} INFO - [2025-03-29T07:46:13.104+0800] {dagbag.py:588} INFO - Filling up the DagBag from /Users/ervinyeoh/Desktop/unimods/is3107/project/.venv/lib/python3.11/site-packages/airflow/example_dags/example_task_group.py
[2025-03-29T07:46:13.110+0800] {processor.py:925} INFO - DAG(s) 'example_task_group' retrieved from /Users/ervinyeoh/Desktop/unimods/is3107/project/.venv/lib/python3.11/site-packages/airflow/example_dags/example_task_group.py
[2025-03-29T07:46:13.204+0800] {logging_mixin.py:190} INFO - [2025-03-29T07:46:13.204+0800] {dag.py:3239} INFO - Sync 1 DAGs
[2025-03-29T07:46:13.211+0800] {logging_mixin.py:190} INFO - [2025-03-29T07:46:13.211+0800] {dag.py:4180} INFO - Setting next_dagrun for example_task_group to None, run_after=None
[2025-03-29T07:46:13.222+0800] {processor.py:208} INFO - Processing /Users/ervinyeoh/Desktop/unimods/is3107/project/.venv/lib/python3.11/site-packages/airflow/example_dags/example_task_group.py took 0.121 seconds
