[2025-03-28T08:42:41.138+0800] {processor.py:186} INFO - Started process (PID=57539) to work on /Users/ervinyeoh/Desktop/unimods/is3107/project/.venv/lib/python3.11/site-packages/airflow/example_dags/example_display_name.py
[2025-03-28T08:42:41.139+0800] {processor.py:914} INFO - Processing file /Users/ervinyeoh/Desktop/unimods/is3107/project/.venv/lib/python3.11/site-packages/airflow/example_dags/example_display_name.py for tasks to queue
[2025-03-28T08:42:41.140+0800] {logging_mixin.py:190} INFO - [2025-03-28T08:42:41.139+0800] {dagbag.py:588} INFO - Filling up the DagBag from /Users/ervinyeoh/Desktop/unimods/is3107/project/.venv/lib/python3.11/site-packages/airflow/example_dags/example_display_name.py
[2025-03-28T08:42:41.190+0800] {processor.py:925} INFO - DAG(s) 'example_display_name' retrieved from /Users/ervinyeoh/Desktop/unimods/is3107/project/.venv/lib/python3.11/site-packages/airflow/example_dags/example_display_name.py
[2025-03-28T08:42:41.241+0800] {logging_mixin.py:190} INFO - [2025-03-28T08:42:41.241+0800] {dag.py:3239} INFO - Sync 1 DAGs
[2025-03-28T08:42:41.246+0800] {logging_mixin.py:190} INFO - [2025-03-28T08:42:41.246+0800] {dag.py:4180} INFO - Setting next_dagrun for example_display_name to None, run_after=None
[2025-03-28T08:42:41.256+0800] {processor.py:208} INFO - Processing /Users/ervinyeoh/Desktop/unimods/is3107/project/.venv/lib/python3.11/site-packages/airflow/example_dags/example_display_name.py took 0.119 seconds
[2025-03-28T11:41:16.951+0800] {processor.py:186} INFO - Started process (PID=57858) to work on /Users/ervinyeoh/Desktop/unimods/is3107/project/.venv/lib/python3.11/site-packages/airflow/example_dags/example_display_name.py
[2025-03-28T11:41:16.951+0800] {processor.py:914} INFO - Processing file /Users/ervinyeoh/Desktop/unimods/is3107/project/.venv/lib/python3.11/site-packages/airflow/example_dags/example_display_name.py for tasks to queue
[2025-03-28T11:41:16.952+0800] {logging_mixin.py:190} INFO - [2025-03-28T11:41:16.952+0800] {dagbag.py:588} INFO - Filling up the DagBag from /Users/ervinyeoh/Desktop/unimods/is3107/project/.venv/lib/python3.11/site-packages/airflow/example_dags/example_display_name.py
[2025-03-28T11:41:17.012+0800] {processor.py:925} INFO - DAG(s) 'example_display_name' retrieved from /Users/ervinyeoh/Desktop/unimods/is3107/project/.venv/lib/python3.11/site-packages/airflow/example_dags/example_display_name.py
[2025-03-28T11:41:17.062+0800] {logging_mixin.py:190} INFO - [2025-03-28T11:41:17.062+0800] {dag.py:3239} INFO - Sync 1 DAGs
[2025-03-28T11:41:17.069+0800] {logging_mixin.py:190} INFO - [2025-03-28T11:41:17.068+0800] {dag.py:4180} INFO - Setting next_dagrun for example_display_name to None, run_after=None
[2025-03-28T11:41:17.078+0800] {processor.py:208} INFO - Processing /Users/ervinyeoh/Desktop/unimods/is3107/project/.venv/lib/python3.11/site-packages/airflow/example_dags/example_display_name.py took 0.130 seconds
[2025-03-28T17:46:43.380+0800] {processor.py:186} INFO - Started process (PID=58337) to work on /Users/ervinyeoh/Desktop/unimods/is3107/project/.venv/lib/python3.11/site-packages/airflow/example_dags/example_display_name.py
[2025-03-28T17:46:43.380+0800] {processor.py:914} INFO - Processing file /Users/ervinyeoh/Desktop/unimods/is3107/project/.venv/lib/python3.11/site-packages/airflow/example_dags/example_display_name.py for tasks to queue
[2025-03-28T17:46:43.381+0800] {logging_mixin.py:190} INFO - [2025-03-28T17:46:43.381+0800] {dagbag.py:588} INFO - Filling up the DagBag from /Users/ervinyeoh/Desktop/unimods/is3107/project/.venv/lib/python3.11/site-packages/airflow/example_dags/example_display_name.py
[2025-03-28T17:46:43.433+0800] {processor.py:925} INFO - DAG(s) 'example_display_name' retrieved from /Users/ervinyeoh/Desktop/unimods/is3107/project/.venv/lib/python3.11/site-packages/airflow/example_dags/example_display_name.py
[2025-03-28T17:46:43.484+0800] {logging_mixin.py:190} INFO - [2025-03-28T17:46:43.484+0800] {dag.py:3239} INFO - Sync 1 DAGs
[2025-03-28T17:46:43.489+0800] {logging_mixin.py:190} INFO - [2025-03-28T17:46:43.489+0800] {dag.py:4180} INFO - Setting next_dagrun for example_display_name to None, run_after=None
[2025-03-28T17:46:43.500+0800] {processor.py:208} INFO - Processing /Users/ervinyeoh/Desktop/unimods/is3107/project/.venv/lib/python3.11/site-packages/airflow/example_dags/example_display_name.py took 0.122 seconds
[2025-03-28T17:57:30.240+0800] {processor.py:186} INFO - Started process (PID=58592) to work on /Users/ervinyeoh/Desktop/unimods/is3107/project/.venv/lib/python3.11/site-packages/airflow/example_dags/example_display_name.py
[2025-03-28T17:57:30.241+0800] {processor.py:914} INFO - Processing file /Users/ervinyeoh/Desktop/unimods/is3107/project/.venv/lib/python3.11/site-packages/airflow/example_dags/example_display_name.py for tasks to queue
[2025-03-28T17:57:30.241+0800] {logging_mixin.py:190} INFO - [2025-03-28T17:57:30.241+0800] {dagbag.py:588} INFO - Filling up the DagBag from /Users/ervinyeoh/Desktop/unimods/is3107/project/.venv/lib/python3.11/site-packages/airflow/example_dags/example_display_name.py
[2025-03-28T17:57:30.298+0800] {processor.py:925} INFO - DAG(s) 'example_display_name' retrieved from /Users/ervinyeoh/Desktop/unimods/is3107/project/.venv/lib/python3.11/site-packages/airflow/example_dags/example_display_name.py
[2025-03-28T17:57:30.352+0800] {logging_mixin.py:190} INFO - [2025-03-28T17:57:30.352+0800] {dag.py:3239} INFO - Sync 1 DAGs
[2025-03-28T17:57:30.358+0800] {logging_mixin.py:190} INFO - [2025-03-28T17:57:30.358+0800] {dag.py:4180} INFO - Setting next_dagrun for example_display_name to None, run_after=None
[2025-03-28T17:57:30.368+0800] {processor.py:208} INFO - Processing /Users/ervinyeoh/Desktop/unimods/is3107/project/.venv/lib/python3.11/site-packages/airflow/example_dags/example_display_name.py took 0.130 seconds
[2025-03-28T22:08:59.606+0800] {processor.py:186} INFO - Started process (PID=59161) to work on /Users/ervinyeoh/Desktop/unimods/is3107/project/.venv/lib/python3.11/site-packages/airflow/example_dags/example_display_name.py
[2025-03-28T22:08:59.607+0800] {processor.py:914} INFO - Processing file /Users/ervinyeoh/Desktop/unimods/is3107/project/.venv/lib/python3.11/site-packages/airflow/example_dags/example_display_name.py for tasks to queue
[2025-03-28T22:08:59.607+0800] {logging_mixin.py:190} INFO - [2025-03-28T22:08:59.607+0800] {dagbag.py:588} INFO - Filling up the DagBag from /Users/ervinyeoh/Desktop/unimods/is3107/project/.venv/lib/python3.11/site-packages/airflow/example_dags/example_display_name.py
[2025-03-28T22:08:59.667+0800] {processor.py:925} INFO - DAG(s) 'example_display_name' retrieved from /Users/ervinyeoh/Desktop/unimods/is3107/project/.venv/lib/python3.11/site-packages/airflow/example_dags/example_display_name.py
[2025-03-28T22:08:59.719+0800] {logging_mixin.py:190} INFO - [2025-03-28T22:08:59.719+0800] {dag.py:3239} INFO - Sync 1 DAGs
[2025-03-28T22:08:59.726+0800] {logging_mixin.py:190} INFO - [2025-03-28T22:08:59.726+0800] {dag.py:4180} INFO - Setting next_dagrun for example_display_name to None, run_after=None
[2025-03-28T22:08:59.737+0800] {processor.py:208} INFO - Processing /Users/ervinyeoh/Desktop/unimods/is3107/project/.venv/lib/python3.11/site-packages/airflow/example_dags/example_display_name.py took 0.133 seconds
[2025-03-29T02:15:41.211+0800] {processor.py:186} INFO - Started process (PID=59552) to work on /Users/ervinyeoh/Desktop/unimods/is3107/project/.venv/lib/python3.11/site-packages/airflow/example_dags/example_display_name.py
[2025-03-29T02:15:41.211+0800] {processor.py:914} INFO - Processing file /Users/ervinyeoh/Desktop/unimods/is3107/project/.venv/lib/python3.11/site-packages/airflow/example_dags/example_display_name.py for tasks to queue
[2025-03-29T02:15:41.212+0800] {logging_mixin.py:190} INFO - [2025-03-29T02:15:41.212+0800] {dagbag.py:588} INFO - Filling up the DagBag from /Users/ervinyeoh/Desktop/unimods/is3107/project/.venv/lib/python3.11/site-packages/airflow/example_dags/example_display_name.py
[2025-03-29T02:15:41.281+0800] {processor.py:925} INFO - DAG(s) 'example_display_name' retrieved from /Users/ervinyeoh/Desktop/unimods/is3107/project/.venv/lib/python3.11/site-packages/airflow/example_dags/example_display_name.py
[2025-03-29T02:15:41.358+0800] {logging_mixin.py:190} INFO - [2025-03-29T02:15:41.358+0800] {dag.py:3239} INFO - Sync 1 DAGs
[2025-03-29T02:15:41.367+0800] {logging_mixin.py:190} INFO - [2025-03-29T02:15:41.366+0800] {dag.py:4180} INFO - Setting next_dagrun for example_display_name to None, run_after=None
[2025-03-29T02:15:41.382+0800] {processor.py:208} INFO - Processing /Users/ervinyeoh/Desktop/unimods/is3107/project/.venv/lib/python3.11/site-packages/airflow/example_dags/example_display_name.py took 0.174 seconds
[2025-03-29T02:27:21.515+0800] {processor.py:186} INFO - Started process (PID=59977) to work on /Users/ervinyeoh/Desktop/unimods/is3107/project/.venv/lib/python3.11/site-packages/airflow/example_dags/example_display_name.py
[2025-03-29T02:27:21.516+0800] {processor.py:914} INFO - Processing file /Users/ervinyeoh/Desktop/unimods/is3107/project/.venv/lib/python3.11/site-packages/airflow/example_dags/example_display_name.py for tasks to queue
[2025-03-29T02:27:21.516+0800] {logging_mixin.py:190} INFO - [2025-03-29T02:27:21.516+0800] {dagbag.py:588} INFO - Filling up the DagBag from /Users/ervinyeoh/Desktop/unimods/is3107/project/.venv/lib/python3.11/site-packages/airflow/example_dags/example_display_name.py
[2025-03-29T02:27:21.566+0800] {processor.py:925} INFO - DAG(s) 'example_display_name' retrieved from /Users/ervinyeoh/Desktop/unimods/is3107/project/.venv/lib/python3.11/site-packages/airflow/example_dags/example_display_name.py
[2025-03-29T02:27:21.616+0800] {logging_mixin.py:190} INFO - [2025-03-29T02:27:21.616+0800] {dag.py:3239} INFO - Sync 1 DAGs
[2025-03-29T02:27:21.622+0800] {logging_mixin.py:190} INFO - [2025-03-29T02:27:21.621+0800] {dag.py:4180} INFO - Setting next_dagrun for example_display_name to None, run_after=None
[2025-03-29T02:27:21.631+0800] {processor.py:208} INFO - Processing /Users/ervinyeoh/Desktop/unimods/is3107/project/.venv/lib/python3.11/site-packages/airflow/example_dags/example_display_name.py took 0.118 seconds
