[2025-03-28T08:32:26.942+0800] {processor.py:186} INFO - Started process (PID=57415) to work on /Users/ervinyeoh/Desktop/unimods/is3107/project/.venv/lib/python3.11/site-packages/airflow/example_dags/example_short_circuit_decorator.py
[2025-03-28T08:32:26.943+0800] {processor.py:914} INFO - Processing file /Users/ervinyeoh/Desktop/unimods/is3107/project/.venv/lib/python3.11/site-packages/airflow/example_dags/example_short_circuit_decorator.py for tasks to queue
[2025-03-28T08:32:26.943+0800] {logging_mixin.py:190} INFO - [2025-03-28T08:32:26.943+0800] {dagbag.py:588} INFO - Filling up the DagBag from /Users/ervinyeoh/Desktop/unimods/is3107/project/.venv/lib/python3.11/site-packages/airflow/example_dags/example_short_circuit_decorator.py
[2025-03-28T08:32:26.996+0800] {processor.py:925} INFO - DAG(s) 'example_short_circuit_decorator' retrieved from /Users/ervinyeoh/Desktop/unimods/is3107/project/.venv/lib/python3.11/site-packages/airflow/example_dags/example_short_circuit_decorator.py
[2025-03-28T08:32:27.050+0800] {logging_mixin.py:190} INFO - [2025-03-28T08:32:27.050+0800] {dag.py:3239} INFO - Sync 1 DAGs
[2025-03-28T08:32:27.056+0800] {logging_mixin.py:190} INFO - [2025-03-28T08:32:27.056+0800] {dag.py:4180} INFO - Setting next_dagrun for example_short_circuit_decorator to None, run_after=None
[2025-03-28T08:32:27.065+0800] {processor.py:208} INFO - Processing /Users/ervinyeoh/Desktop/unimods/is3107/project/.venv/lib/python3.11/site-packages/airflow/example_dags/example_short_circuit_decorator.py took 0.125 seconds
[2025-03-28T09:44:47.339+0800] {processor.py:186} INFO - Started process (PID=57704) to work on /Users/ervinyeoh/Desktop/unimods/is3107/project/.venv/lib/python3.11/site-packages/airflow/example_dags/example_short_circuit_decorator.py
[2025-03-28T09:44:47.340+0800] {processor.py:914} INFO - Processing file /Users/ervinyeoh/Desktop/unimods/is3107/project/.venv/lib/python3.11/site-packages/airflow/example_dags/example_short_circuit_decorator.py for tasks to queue
[2025-03-28T09:44:47.341+0800] {logging_mixin.py:190} INFO - [2025-03-28T09:44:47.340+0800] {dagbag.py:588} INFO - Filling up the DagBag from /Users/ervinyeoh/Desktop/unimods/is3107/project/.venv/lib/python3.11/site-packages/airflow/example_dags/example_short_circuit_decorator.py
[2025-03-28T09:44:47.411+0800] {processor.py:925} INFO - DAG(s) 'example_short_circuit_decorator' retrieved from /Users/ervinyeoh/Desktop/unimods/is3107/project/.venv/lib/python3.11/site-packages/airflow/example_dags/example_short_circuit_decorator.py
[2025-03-28T09:44:47.466+0800] {logging_mixin.py:190} INFO - [2025-03-28T09:44:47.466+0800] {dag.py:3239} INFO - Sync 1 DAGs
[2025-03-28T09:44:47.473+0800] {logging_mixin.py:190} INFO - [2025-03-28T09:44:47.472+0800] {dag.py:4180} INFO - Setting next_dagrun for example_short_circuit_decorator to None, run_after=None
[2025-03-28T09:44:47.483+0800] {processor.py:208} INFO - Processing /Users/ervinyeoh/Desktop/unimods/is3107/project/.venv/lib/python3.11/site-packages/airflow/example_dags/example_short_circuit_decorator.py took 0.146 seconds
[2025-03-28T15:36:45.104+0800] {processor.py:186} INFO - Started process (PID=58177) to work on /Users/ervinyeoh/Desktop/unimods/is3107/project/.venv/lib/python3.11/site-packages/airflow/example_dags/example_short_circuit_decorator.py
[2025-03-28T15:36:45.105+0800] {processor.py:914} INFO - Processing file /Users/ervinyeoh/Desktop/unimods/is3107/project/.venv/lib/python3.11/site-packages/airflow/example_dags/example_short_circuit_decorator.py for tasks to queue
[2025-03-28T15:36:45.106+0800] {logging_mixin.py:190} INFO - [2025-03-28T15:36:45.106+0800] {dagbag.py:588} INFO - Filling up the DagBag from /Users/ervinyeoh/Desktop/unimods/is3107/project/.venv/lib/python3.11/site-packages/airflow/example_dags/example_short_circuit_decorator.py
[2025-03-28T15:36:45.180+0800] {processor.py:925} INFO - DAG(s) 'example_short_circuit_decorator' retrieved from /Users/ervinyeoh/Desktop/unimods/is3107/project/.venv/lib/python3.11/site-packages/airflow/example_dags/example_short_circuit_decorator.py
[2025-03-28T15:36:45.247+0800] {logging_mixin.py:190} INFO - [2025-03-28T15:36:45.246+0800] {dag.py:3239} INFO - Sync 1 DAGs
[2025-03-28T15:36:45.254+0800] {logging_mixin.py:190} INFO - [2025-03-28T15:36:45.254+0800] {dag.py:4180} INFO - Setting next_dagrun for example_short_circuit_decorator to None, run_after=None
[2025-03-28T15:36:45.272+0800] {processor.py:208} INFO - Processing /Users/ervinyeoh/Desktop/unimods/is3107/project/.venv/lib/python3.11/site-packages/airflow/example_dags/example_short_circuit_decorator.py took 0.171 seconds
[2025-03-28T17:52:52.995+0800] {processor.py:186} INFO - Started process (PID=58505) to work on /Users/ervinyeoh/Desktop/unimods/is3107/project/.venv/lib/python3.11/site-packages/airflow/example_dags/example_short_circuit_decorator.py
[2025-03-28T17:52:52.996+0800] {processor.py:914} INFO - Processing file /Users/ervinyeoh/Desktop/unimods/is3107/project/.venv/lib/python3.11/site-packages/airflow/example_dags/example_short_circuit_decorator.py for tasks to queue
[2025-03-28T17:52:52.997+0800] {logging_mixin.py:190} INFO - [2025-03-28T17:52:52.997+0800] {dagbag.py:588} INFO - Filling up the DagBag from /Users/ervinyeoh/Desktop/unimods/is3107/project/.venv/lib/python3.11/site-packages/airflow/example_dags/example_short_circuit_decorator.py
[2025-03-28T17:52:53.050+0800] {processor.py:925} INFO - DAG(s) 'example_short_circuit_decorator' retrieved from /Users/ervinyeoh/Desktop/unimods/is3107/project/.venv/lib/python3.11/site-packages/airflow/example_dags/example_short_circuit_decorator.py
[2025-03-28T17:52:53.167+0800] {logging_mixin.py:190} INFO - [2025-03-28T17:52:53.167+0800] {dag.py:3239} INFO - Sync 1 DAGs
[2025-03-28T17:52:53.172+0800] {logging_mixin.py:190} INFO - [2025-03-28T17:52:53.172+0800] {dag.py:4180} INFO - Setting next_dagrun for example_short_circuit_decorator to None, run_after=None
[2025-03-28T17:52:53.183+0800] {processor.py:208} INFO - Processing /Users/ervinyeoh/Desktop/unimods/is3107/project/.venv/lib/python3.11/site-packages/airflow/example_dags/example_short_circuit_decorator.py took 0.189 seconds
[2025-03-28T18:03:10.561+0800] {processor.py:186} INFO - Started process (PID=58708) to work on /Users/ervinyeoh/Desktop/unimods/is3107/project/.venv/lib/python3.11/site-packages/airflow/example_dags/example_short_circuit_decorator.py
[2025-03-28T18:03:10.562+0800] {processor.py:914} INFO - Processing file /Users/ervinyeoh/Desktop/unimods/is3107/project/.venv/lib/python3.11/site-packages/airflow/example_dags/example_short_circuit_decorator.py for tasks to queue
[2025-03-28T18:03:10.563+0800] {logging_mixin.py:190} INFO - [2025-03-28T18:03:10.563+0800] {dagbag.py:588} INFO - Filling up the DagBag from /Users/ervinyeoh/Desktop/unimods/is3107/project/.venv/lib/python3.11/site-packages/airflow/example_dags/example_short_circuit_decorator.py
[2025-03-28T18:03:10.616+0800] {processor.py:925} INFO - DAG(s) 'example_short_circuit_decorator' retrieved from /Users/ervinyeoh/Desktop/unimods/is3107/project/.venv/lib/python3.11/site-packages/airflow/example_dags/example_short_circuit_decorator.py
[2025-03-28T18:03:10.671+0800] {logging_mixin.py:190} INFO - [2025-03-28T18:03:10.670+0800] {dag.py:3239} INFO - Sync 1 DAGs
[2025-03-28T18:03:10.676+0800] {logging_mixin.py:190} INFO - [2025-03-28T18:03:10.676+0800] {dag.py:4180} INFO - Setting next_dagrun for example_short_circuit_decorator to None, run_after=None
[2025-03-28T18:03:10.686+0800] {processor.py:208} INFO - Processing /Users/ervinyeoh/Desktop/unimods/is3107/project/.venv/lib/python3.11/site-packages/airflow/example_dags/example_short_circuit_decorator.py took 0.126 seconds
[2025-03-28T20:10:23.539+0800] {processor.py:186} INFO - Started process (PID=59014) to work on /Users/ervinyeoh/Desktop/unimods/is3107/project/.venv/lib/python3.11/site-packages/airflow/example_dags/example_short_circuit_decorator.py
[2025-03-28T20:10:23.552+0800] {processor.py:914} INFO - Processing file /Users/ervinyeoh/Desktop/unimods/is3107/project/.venv/lib/python3.11/site-packages/airflow/example_dags/example_short_circuit_decorator.py for tasks to queue
[2025-03-28T20:10:23.553+0800] {logging_mixin.py:190} INFO - [2025-03-28T20:10:23.553+0800] {dagbag.py:588} INFO - Filling up the DagBag from /Users/ervinyeoh/Desktop/unimods/is3107/project/.venv/lib/python3.11/site-packages/airflow/example_dags/example_short_circuit_decorator.py
[2025-03-28T20:10:23.631+0800] {processor.py:925} INFO - DAG(s) 'example_short_circuit_decorator' retrieved from /Users/ervinyeoh/Desktop/unimods/is3107/project/.venv/lib/python3.11/site-packages/airflow/example_dags/example_short_circuit_decorator.py
[2025-03-28T20:10:23.691+0800] {logging_mixin.py:190} INFO - [2025-03-28T20:10:23.691+0800] {dag.py:3239} INFO - Sync 1 DAGs
[2025-03-28T20:10:23.696+0800] {logging_mixin.py:190} INFO - [2025-03-28T20:10:23.696+0800] {dag.py:4180} INFO - Setting next_dagrun for example_short_circuit_decorator to None, run_after=None
[2025-03-28T20:10:23.708+0800] {processor.py:208} INFO - Processing /Users/ervinyeoh/Desktop/unimods/is3107/project/.venv/lib/python3.11/site-packages/airflow/example_dags/example_short_circuit_decorator.py took 0.171 seconds
[2025-03-29T02:10:10.998+0800] {processor.py:186} INFO - Started process (PID=59473) to work on /Users/ervinyeoh/Desktop/unimods/is3107/project/.venv/lib/python3.11/site-packages/airflow/example_dags/example_short_circuit_decorator.py
[2025-03-29T02:10:10.998+0800] {processor.py:914} INFO - Processing file /Users/ervinyeoh/Desktop/unimods/is3107/project/.venv/lib/python3.11/site-packages/airflow/example_dags/example_short_circuit_decorator.py for tasks to queue
[2025-03-29T02:10:10.999+0800] {logging_mixin.py:190} INFO - [2025-03-29T02:10:10.999+0800] {dagbag.py:588} INFO - Filling up the DagBag from /Users/ervinyeoh/Desktop/unimods/is3107/project/.venv/lib/python3.11/site-packages/airflow/example_dags/example_short_circuit_decorator.py
[2025-03-29T02:10:11.061+0800] {processor.py:925} INFO - DAG(s) 'example_short_circuit_decorator' retrieved from /Users/ervinyeoh/Desktop/unimods/is3107/project/.venv/lib/python3.11/site-packages/airflow/example_dags/example_short_circuit_decorator.py
[2025-03-29T02:10:11.115+0800] {logging_mixin.py:190} INFO - [2025-03-29T02:10:11.115+0800] {dag.py:3239} INFO - Sync 1 DAGs
[2025-03-29T02:10:11.121+0800] {logging_mixin.py:190} INFO - [2025-03-29T02:10:11.120+0800] {dag.py:4180} INFO - Setting next_dagrun for example_short_circuit_decorator to None, run_after=None
[2025-03-29T02:10:11.131+0800] {processor.py:208} INFO - Processing /Users/ervinyeoh/Desktop/unimods/is3107/project/.venv/lib/python3.11/site-packages/airflow/example_dags/example_short_circuit_decorator.py took 0.135 seconds
[2025-03-29T02:21:53.923+0800] {processor.py:186} INFO - Started process (PID=59886) to work on /Users/ervinyeoh/Desktop/unimods/is3107/project/.venv/lib/python3.11/site-packages/airflow/example_dags/example_short_circuit_decorator.py
[2025-03-29T02:21:53.924+0800] {processor.py:914} INFO - Processing file /Users/ervinyeoh/Desktop/unimods/is3107/project/.venv/lib/python3.11/site-packages/airflow/example_dags/example_short_circuit_decorator.py for tasks to queue
[2025-03-29T02:21:53.925+0800] {logging_mixin.py:190} INFO - [2025-03-29T02:21:53.924+0800] {dagbag.py:588} INFO - Filling up the DagBag from /Users/ervinyeoh/Desktop/unimods/is3107/project/.venv/lib/python3.11/site-packages/airflow/example_dags/example_short_circuit_decorator.py
[2025-03-29T02:21:53.976+0800] {processor.py:925} INFO - DAG(s) 'example_short_circuit_decorator' retrieved from /Users/ervinyeoh/Desktop/unimods/is3107/project/.venv/lib/python3.11/site-packages/airflow/example_dags/example_short_circuit_decorator.py
[2025-03-29T02:21:54.042+0800] {logging_mixin.py:190} INFO - [2025-03-29T02:21:54.042+0800] {dag.py:3239} INFO - Sync 1 DAGs
[2025-03-29T02:21:54.048+0800] {logging_mixin.py:190} INFO - [2025-03-29T02:21:54.048+0800] {dag.py:4180} INFO - Setting next_dagrun for example_short_circuit_decorator to None, run_after=None
[2025-03-29T02:21:54.058+0800] {processor.py:208} INFO - Processing /Users/ervinyeoh/Desktop/unimods/is3107/project/.venv/lib/python3.11/site-packages/airflow/example_dags/example_short_circuit_decorator.py took 0.136 seconds
[2025-03-29T03:52:58.219+0800] {processor.py:186} INFO - Started process (PID=60206) to work on /Users/ervinyeoh/Desktop/unimods/is3107/project/.venv/lib/python3.11/site-packages/airflow/example_dags/example_short_circuit_decorator.py
[2025-03-29T03:52:58.219+0800] {processor.py:914} INFO - Processing file /Users/ervinyeoh/Desktop/unimods/is3107/project/.venv/lib/python3.11/site-packages/airflow/example_dags/example_short_circuit_decorator.py for tasks to queue
[2025-03-29T03:52:58.220+0800] {logging_mixin.py:190} INFO - [2025-03-29T03:52:58.220+0800] {dagbag.py:588} INFO - Filling up the DagBag from /Users/ervinyeoh/Desktop/unimods/is3107/project/.venv/lib/python3.11/site-packages/airflow/example_dags/example_short_circuit_decorator.py
[2025-03-29T03:52:58.283+0800] {processor.py:925} INFO - DAG(s) 'example_short_circuit_decorator' retrieved from /Users/ervinyeoh/Desktop/unimods/is3107/project/.venv/lib/python3.11/site-packages/airflow/example_dags/example_short_circuit_decorator.py
[2025-03-29T03:52:58.338+0800] {logging_mixin.py:190} INFO - [2025-03-29T03:52:58.338+0800] {dag.py:3239} INFO - Sync 1 DAGs
[2025-03-29T03:52:58.345+0800] {logging_mixin.py:190} INFO - [2025-03-29T03:52:58.345+0800] {dag.py:4180} INFO - Setting next_dagrun for example_short_circuit_decorator to None, run_after=None
[2025-03-29T03:52:58.356+0800] {processor.py:208} INFO - Processing /Users/ervinyeoh/Desktop/unimods/is3107/project/.venv/lib/python3.11/site-packages/airflow/example_dags/example_short_circuit_decorator.py took 0.139 seconds
