[2025-03-28T08:26:38.573+0800] {processor.py:186} INFO - Started process (PID=57307) to work on /Users/ervinyeoh/Desktop/unimods/is3107/project/.venv/lib/python3.11/site-packages/airflow/example_dags/example_bash_decorator.py
[2025-03-28T08:26:38.574+0800] {processor.py:914} INFO - Processing file /Users/ervinyeoh/Desktop/unimods/is3107/project/.venv/lib/python3.11/site-packages/airflow/example_dags/example_bash_decorator.py for tasks to queue
[2025-03-28T08:26:38.574+0800] {logging_mixin.py:190} INFO - [2025-03-28T08:26:38.574+0800] {dagbag.py:588} INFO - Filling up the DagBag from /Users/ervinyeoh/Desktop/unimods/is3107/project/.venv/lib/python3.11/site-packages/airflow/example_dags/example_bash_decorator.py
[2025-03-28T08:26:38.637+0800] {processor.py:925} INFO - DAG(s) 'example_bash_decorator' retrieved from /Users/ervinyeoh/Desktop/unimods/is3107/project/.venv/lib/python3.11/site-packages/airflow/example_dags/example_bash_decorator.py
[2025-03-28T08:26:38.754+0800] {logging_mixin.py:190} INFO - [2025-03-28T08:26:38.754+0800] {dag.py:3239} INFO - Sync 1 DAGs
[2025-03-28T08:26:38.759+0800] {logging_mixin.py:190} INFO - [2025-03-28T08:26:38.759+0800] {dag.py:4180} INFO - Setting next_dagrun for example_bash_decorator to None, run_after=None
[2025-03-28T08:26:38.769+0800] {processor.py:208} INFO - Processing /Users/ervinyeoh/Desktop/unimods/is3107/project/.venv/lib/python3.11/site-packages/airflow/example_dags/example_bash_decorator.py took 0.197 seconds
[2025-03-28T12:49:25.997+0800] {processor.py:186} INFO - Started process (PID=57976) to work on /Users/ervinyeoh/Desktop/unimods/is3107/project/.venv/lib/python3.11/site-packages/airflow/example_dags/example_bash_decorator.py
[2025-03-28T12:49:25.998+0800] {processor.py:914} INFO - Processing file /Users/ervinyeoh/Desktop/unimods/is3107/project/.venv/lib/python3.11/site-packages/airflow/example_dags/example_bash_decorator.py for tasks to queue
[2025-03-28T12:49:25.999+0800] {logging_mixin.py:190} INFO - [2025-03-28T12:49:25.999+0800] {dagbag.py:588} INFO - Filling up the DagBag from /Users/ervinyeoh/Desktop/unimods/is3107/project/.venv/lib/python3.11/site-packages/airflow/example_dags/example_bash_decorator.py
[2025-03-28T12:49:26.065+0800] {processor.py:925} INFO - DAG(s) 'example_bash_decorator' retrieved from /Users/ervinyeoh/Desktop/unimods/is3107/project/.venv/lib/python3.11/site-packages/airflow/example_dags/example_bash_decorator.py
[2025-03-28T12:49:26.211+0800] {logging_mixin.py:190} INFO - [2025-03-28T12:49:26.211+0800] {dag.py:3239} INFO - Sync 1 DAGs
[2025-03-28T12:49:26.221+0800] {logging_mixin.py:190} INFO - [2025-03-28T12:49:26.220+0800] {dag.py:4180} INFO - Setting next_dagrun for example_bash_decorator to None, run_after=None
[2025-03-28T12:49:26.245+0800] {processor.py:208} INFO - Processing /Users/ervinyeoh/Desktop/unimods/is3107/project/.venv/lib/python3.11/site-packages/airflow/example_dags/example_bash_decorator.py took 0.249 seconds
[2025-03-28T17:47:12.764+0800] {processor.py:186} INFO - Started process (PID=58397) to work on /Users/ervinyeoh/Desktop/unimods/is3107/project/.venv/lib/python3.11/site-packages/airflow/example_dags/example_bash_decorator.py
[2025-03-28T17:47:12.765+0800] {processor.py:914} INFO - Processing file /Users/ervinyeoh/Desktop/unimods/is3107/project/.venv/lib/python3.11/site-packages/airflow/example_dags/example_bash_decorator.py for tasks to queue
[2025-03-28T17:47:12.766+0800] {logging_mixin.py:190} INFO - [2025-03-28T17:47:12.765+0800] {dagbag.py:588} INFO - Filling up the DagBag from /Users/ervinyeoh/Desktop/unimods/is3107/project/.venv/lib/python3.11/site-packages/airflow/example_dags/example_bash_decorator.py
[2025-03-28T17:47:12.821+0800] {processor.py:925} INFO - DAG(s) 'example_bash_decorator' retrieved from /Users/ervinyeoh/Desktop/unimods/is3107/project/.venv/lib/python3.11/site-packages/airflow/example_dags/example_bash_decorator.py
[2025-03-28T17:47:12.937+0800] {logging_mixin.py:190} INFO - [2025-03-28T17:47:12.937+0800] {dag.py:3239} INFO - Sync 1 DAGs
[2025-03-28T17:47:12.942+0800] {logging_mixin.py:190} INFO - [2025-03-28T17:47:12.942+0800] {dag.py:4180} INFO - Setting next_dagrun for example_bash_decorator to None, run_after=None
[2025-03-28T17:47:12.952+0800] {processor.py:208} INFO - Processing /Users/ervinyeoh/Desktop/unimods/is3107/project/.venv/lib/python3.11/site-packages/airflow/example_dags/example_bash_decorator.py took 0.190 seconds
[2025-03-28T18:13:30.564+0800] {processor.py:186} INFO - Started process (PID=58825) to work on /Users/ervinyeoh/Desktop/unimods/is3107/project/.venv/lib/python3.11/site-packages/airflow/example_dags/example_bash_decorator.py
[2025-03-28T18:13:30.565+0800] {processor.py:914} INFO - Processing file /Users/ervinyeoh/Desktop/unimods/is3107/project/.venv/lib/python3.11/site-packages/airflow/example_dags/example_bash_decorator.py for tasks to queue
[2025-03-28T18:13:30.565+0800] {logging_mixin.py:190} INFO - [2025-03-28T18:13:30.565+0800] {dagbag.py:588} INFO - Filling up the DagBag from /Users/ervinyeoh/Desktop/unimods/is3107/project/.venv/lib/python3.11/site-packages/airflow/example_dags/example_bash_decorator.py
[2025-03-28T18:13:30.624+0800] {processor.py:925} INFO - DAG(s) 'example_bash_decorator' retrieved from /Users/ervinyeoh/Desktop/unimods/is3107/project/.venv/lib/python3.11/site-packages/airflow/example_dags/example_bash_decorator.py
[2025-03-28T18:13:30.735+0800] {logging_mixin.py:190} INFO - [2025-03-28T18:13:30.734+0800] {dag.py:3239} INFO - Sync 1 DAGs
[2025-03-28T18:13:30.740+0800] {logging_mixin.py:190} INFO - [2025-03-28T18:13:30.740+0800] {dag.py:4180} INFO - Setting next_dagrun for example_bash_decorator to None, run_after=None
[2025-03-28T18:13:30.750+0800] {processor.py:208} INFO - Processing /Users/ervinyeoh/Desktop/unimods/is3107/project/.venv/lib/python3.11/site-packages/airflow/example_dags/example_bash_decorator.py took 0.187 seconds
[2025-03-29T02:16:11.746+0800] {processor.py:186} INFO - Started process (PID=59625) to work on /Users/ervinyeoh/Desktop/unimods/is3107/project/.venv/lib/python3.11/site-packages/airflow/example_dags/example_bash_decorator.py
[2025-03-29T02:16:11.747+0800] {processor.py:914} INFO - Processing file /Users/ervinyeoh/Desktop/unimods/is3107/project/.venv/lib/python3.11/site-packages/airflow/example_dags/example_bash_decorator.py for tasks to queue
[2025-03-29T02:16:11.748+0800] {logging_mixin.py:190} INFO - [2025-03-29T02:16:11.748+0800] {dagbag.py:588} INFO - Filling up the DagBag from /Users/ervinyeoh/Desktop/unimods/is3107/project/.venv/lib/python3.11/site-packages/airflow/example_dags/example_bash_decorator.py
[2025-03-29T02:16:11.809+0800] {processor.py:925} INFO - DAG(s) 'example_bash_decorator' retrieved from /Users/ervinyeoh/Desktop/unimods/is3107/project/.venv/lib/python3.11/site-packages/airflow/example_dags/example_bash_decorator.py
[2025-03-29T02:16:11.925+0800] {logging_mixin.py:190} INFO - [2025-03-29T02:16:11.925+0800] {dag.py:3239} INFO - Sync 1 DAGs
[2025-03-29T02:16:11.930+0800] {logging_mixin.py:190} INFO - [2025-03-29T02:16:11.930+0800] {dag.py:4180} INFO - Setting next_dagrun for example_bash_decorator to None, run_after=None
[2025-03-29T02:16:11.940+0800] {processor.py:208} INFO - Processing /Users/ervinyeoh/Desktop/unimods/is3107/project/.venv/lib/python3.11/site-packages/airflow/example_dags/example_bash_decorator.py took 0.195 seconds
[2025-03-29T05:31:13.353+0800] {processor.py:186} INFO - Started process (PID=60328) to work on /Users/ervinyeoh/Desktop/unimods/is3107/project/.venv/lib/python3.11/site-packages/airflow/example_dags/example_bash_decorator.py
[2025-03-29T05:31:13.354+0800] {processor.py:914} INFO - Processing file /Users/ervinyeoh/Desktop/unimods/is3107/project/.venv/lib/python3.11/site-packages/airflow/example_dags/example_bash_decorator.py for tasks to queue
[2025-03-29T05:31:13.354+0800] {logging_mixin.py:190} INFO - [2025-03-29T05:31:13.354+0800] {dagbag.py:588} INFO - Filling up the DagBag from /Users/ervinyeoh/Desktop/unimods/is3107/project/.venv/lib/python3.11/site-packages/airflow/example_dags/example_bash_decorator.py
[2025-03-29T05:31:13.414+0800] {processor.py:925} INFO - DAG(s) 'example_bash_decorator' retrieved from /Users/ervinyeoh/Desktop/unimods/is3107/project/.venv/lib/python3.11/site-packages/airflow/example_dags/example_bash_decorator.py
[2025-03-29T05:31:13.524+0800] {logging_mixin.py:190} INFO - [2025-03-29T05:31:13.523+0800] {dag.py:3239} INFO - Sync 1 DAGs
[2025-03-29T05:31:13.529+0800] {logging_mixin.py:190} INFO - [2025-03-29T05:31:13.529+0800] {dag.py:4180} INFO - Setting next_dagrun for example_bash_decorator to None, run_after=None
[2025-03-29T05:31:13.538+0800] {processor.py:208} INFO - Processing /Users/ervinyeoh/Desktop/unimods/is3107/project/.venv/lib/python3.11/site-packages/airflow/example_dags/example_bash_decorator.py took 0.187 seconds
