[2025-03-28T08:12:17.160+0800] {processor.py:186} INFO - Started process (PID=57223) to work on /Users/ervinyeoh/Desktop/unimods/is3107/project/.venv/lib/python3.11/site-packages/airflow/example_dags/example_dataset_alias_with_no_taskflow.py
[2025-03-28T08:12:17.161+0800] {processor.py:914} INFO - Processing file /Users/ervinyeoh/Desktop/unimods/is3107/project/.venv/lib/python3.11/site-packages/airflow/example_dags/example_dataset_alias_with_no_taskflow.py for tasks to queue
[2025-03-28T08:12:17.161+0800] {logging_mixin.py:190} INFO - [2025-03-28T08:12:17.161+0800] {dagbag.py:588} INFO - Filling up the DagBag from /Users/ervinyeoh/Desktop/unimods/is3107/project/.venv/lib/python3.11/site-packages/airflow/example_dags/example_dataset_alias_with_no_taskflow.py
[2025-03-28T08:12:17.521+0800] {processor.py:925} INFO - DAG(s) 'dataset_s3_bucket_producer_with_no_taskflow', 'dataset_s3_bucket_consumer_with_no_taskflow', 'dataset_alias_example_alias_consumer_with_no_taskflow', 'dataset_alias_example_alias_producer_with_no_taskflow' retrieved from /Users/ervinyeoh/Desktop/unimods/is3107/project/.venv/lib/python3.11/site-packages/airflow/example_dags/example_dataset_alias_with_no_taskflow.py
[2025-03-28T08:12:17.537+0800] {logging_mixin.py:190} INFO - [2025-03-28T08:12:17.536+0800] {dag.py:3239} INFO - Sync 4 DAGs
[2025-03-28T08:12:17.558+0800] {logging_mixin.py:190} INFO - [2025-03-28T08:12:17.558+0800] {dag.py:4180} INFO - Setting next_dagrun for dataset_alias_example_alias_consumer_with_no_taskflow to None, run_after=None
[2025-03-28T08:12:17.560+0800] {logging_mixin.py:190} INFO - [2025-03-28T08:12:17.559+0800] {dag.py:4180} INFO - Setting next_dagrun for dataset_alias_example_alias_producer_with_no_taskflow to None, run_after=None
[2025-03-28T08:12:17.560+0800] {logging_mixin.py:190} INFO - [2025-03-28T08:12:17.560+0800] {dag.py:4180} INFO - Setting next_dagrun for dataset_s3_bucket_consumer_with_no_taskflow to None, run_after=None
[2025-03-28T08:12:17.561+0800] {logging_mixin.py:190} INFO - [2025-03-28T08:12:17.561+0800] {dag.py:4180} INFO - Setting next_dagrun for dataset_s3_bucket_producer_with_no_taskflow to None, run_after=None
[2025-03-28T08:12:17.578+0800] {processor.py:208} INFO - Processing /Users/ervinyeoh/Desktop/unimods/is3107/project/.venv/lib/python3.11/site-packages/airflow/example_dags/example_dataset_alias_with_no_taskflow.py took 0.420 seconds
[2025-03-28T08:42:45.740+0800] {processor.py:186} INFO - Started process (PID=57543) to work on /Users/ervinyeoh/Desktop/unimods/is3107/project/.venv/lib/python3.11/site-packages/airflow/example_dags/example_dataset_alias_with_no_taskflow.py
[2025-03-28T08:42:45.741+0800] {processor.py:914} INFO - Processing file /Users/ervinyeoh/Desktop/unimods/is3107/project/.venv/lib/python3.11/site-packages/airflow/example_dags/example_dataset_alias_with_no_taskflow.py for tasks to queue
[2025-03-28T08:42:45.742+0800] {logging_mixin.py:190} INFO - [2025-03-28T08:42:45.742+0800] {dagbag.py:588} INFO - Filling up the DagBag from /Users/ervinyeoh/Desktop/unimods/is3107/project/.venv/lib/python3.11/site-packages/airflow/example_dags/example_dataset_alias_with_no_taskflow.py
[2025-03-28T08:42:46.015+0800] {processor.py:925} INFO - DAG(s) 'dataset_alias_example_alias_consumer_with_no_taskflow', 'dataset_alias_example_alias_producer_with_no_taskflow', 'dataset_s3_bucket_producer_with_no_taskflow', 'dataset_s3_bucket_consumer_with_no_taskflow' retrieved from /Users/ervinyeoh/Desktop/unimods/is3107/project/.venv/lib/python3.11/site-packages/airflow/example_dags/example_dataset_alias_with_no_taskflow.py
[2025-03-28T08:42:46.027+0800] {logging_mixin.py:190} INFO - [2025-03-28T08:42:46.027+0800] {dag.py:3239} INFO - Sync 4 DAGs
[2025-03-28T08:42:46.037+0800] {logging_mixin.py:190} INFO - [2025-03-28T08:42:46.037+0800] {dag.py:4180} INFO - Setting next_dagrun for dataset_alias_example_alias_consumer_with_no_taskflow to None, run_after=None
[2025-03-28T08:42:46.038+0800] {logging_mixin.py:190} INFO - [2025-03-28T08:42:46.038+0800] {dag.py:4180} INFO - Setting next_dagrun for dataset_alias_example_alias_producer_with_no_taskflow to None, run_after=None
[2025-03-28T08:42:46.039+0800] {logging_mixin.py:190} INFO - [2025-03-28T08:42:46.039+0800] {dag.py:4180} INFO - Setting next_dagrun for dataset_s3_bucket_consumer_with_no_taskflow to None, run_after=None
[2025-03-28T08:42:46.039+0800] {logging_mixin.py:190} INFO - [2025-03-28T08:42:46.039+0800] {dag.py:4180} INFO - Setting next_dagrun for dataset_s3_bucket_producer_with_no_taskflow to None, run_after=None
[2025-03-28T08:42:46.050+0800] {processor.py:208} INFO - Processing /Users/ervinyeoh/Desktop/unimods/is3107/project/.venv/lib/python3.11/site-packages/airflow/example_dags/example_dataset_alias_with_no_taskflow.py took 0.312 seconds
[2025-03-28T11:57:48.873+0800] {processor.py:186} INFO - Started process (PID=57867) to work on /Users/ervinyeoh/Desktop/unimods/is3107/project/.venv/lib/python3.11/site-packages/airflow/example_dags/example_dataset_alias_with_no_taskflow.py
[2025-03-28T11:57:48.874+0800] {processor.py:914} INFO - Processing file /Users/ervinyeoh/Desktop/unimods/is3107/project/.venv/lib/python3.11/site-packages/airflow/example_dags/example_dataset_alias_with_no_taskflow.py for tasks to queue
[2025-03-28T11:57:48.875+0800] {logging_mixin.py:190} INFO - [2025-03-28T11:57:48.875+0800] {dagbag.py:588} INFO - Filling up the DagBag from /Users/ervinyeoh/Desktop/unimods/is3107/project/.venv/lib/python3.11/site-packages/airflow/example_dags/example_dataset_alias_with_no_taskflow.py
[2025-03-28T11:57:49.195+0800] {processor.py:925} INFO - DAG(s) 'dataset_alias_example_alias_consumer_with_no_taskflow', 'dataset_alias_example_alias_producer_with_no_taskflow', 'dataset_s3_bucket_consumer_with_no_taskflow', 'dataset_s3_bucket_producer_with_no_taskflow' retrieved from /Users/ervinyeoh/Desktop/unimods/is3107/project/.venv/lib/python3.11/site-packages/airflow/example_dags/example_dataset_alias_with_no_taskflow.py
[2025-03-28T11:57:49.207+0800] {logging_mixin.py:190} INFO - [2025-03-28T11:57:49.207+0800] {dag.py:3239} INFO - Sync 4 DAGs
[2025-03-28T11:57:49.217+0800] {logging_mixin.py:190} INFO - [2025-03-28T11:57:49.217+0800] {dag.py:4180} INFO - Setting next_dagrun for dataset_alias_example_alias_consumer_with_no_taskflow to None, run_after=None
[2025-03-28T11:57:49.218+0800] {logging_mixin.py:190} INFO - [2025-03-28T11:57:49.218+0800] {dag.py:4180} INFO - Setting next_dagrun for dataset_alias_example_alias_producer_with_no_taskflow to None, run_after=None
[2025-03-28T11:57:49.219+0800] {logging_mixin.py:190} INFO - [2025-03-28T11:57:49.219+0800] {dag.py:4180} INFO - Setting next_dagrun for dataset_s3_bucket_consumer_with_no_taskflow to None, run_after=None
[2025-03-28T11:57:49.219+0800] {logging_mixin.py:190} INFO - [2025-03-28T11:57:49.219+0800] {dag.py:4180} INFO - Setting next_dagrun for dataset_s3_bucket_producer_with_no_taskflow to None, run_after=None
[2025-03-28T11:57:49.231+0800] {processor.py:208} INFO - Processing /Users/ervinyeoh/Desktop/unimods/is3107/project/.venv/lib/python3.11/site-packages/airflow/example_dags/example_dataset_alias_with_no_taskflow.py took 0.359 seconds
[2025-03-28T17:46:48.546+0800] {processor.py:186} INFO - Started process (PID=58354) to work on /Users/ervinyeoh/Desktop/unimods/is3107/project/.venv/lib/python3.11/site-packages/airflow/example_dags/example_dataset_alias_with_no_taskflow.py
[2025-03-28T17:46:48.547+0800] {processor.py:914} INFO - Processing file /Users/ervinyeoh/Desktop/unimods/is3107/project/.venv/lib/python3.11/site-packages/airflow/example_dags/example_dataset_alias_with_no_taskflow.py for tasks to queue
[2025-03-28T17:46:48.547+0800] {logging_mixin.py:190} INFO - [2025-03-28T17:46:48.547+0800] {dagbag.py:588} INFO - Filling up the DagBag from /Users/ervinyeoh/Desktop/unimods/is3107/project/.venv/lib/python3.11/site-packages/airflow/example_dags/example_dataset_alias_with_no_taskflow.py
[2025-03-28T17:46:48.832+0800] {processor.py:925} INFO - DAG(s) 'dataset_alias_example_alias_producer_with_no_taskflow', 'dataset_s3_bucket_producer_with_no_taskflow', 'dataset_alias_example_alias_consumer_with_no_taskflow', 'dataset_s3_bucket_consumer_with_no_taskflow' retrieved from /Users/ervinyeoh/Desktop/unimods/is3107/project/.venv/lib/python3.11/site-packages/airflow/example_dags/example_dataset_alias_with_no_taskflow.py
[2025-03-28T17:46:48.846+0800] {logging_mixin.py:190} INFO - [2025-03-28T17:46:48.845+0800] {dag.py:3239} INFO - Sync 4 DAGs
[2025-03-28T17:46:48.856+0800] {logging_mixin.py:190} INFO - [2025-03-28T17:46:48.855+0800] {dag.py:4180} INFO - Setting next_dagrun for dataset_alias_example_alias_consumer_with_no_taskflow to None, run_after=None
[2025-03-28T17:46:48.857+0800] {logging_mixin.py:190} INFO - [2025-03-28T17:46:48.857+0800] {dag.py:4180} INFO - Setting next_dagrun for dataset_alias_example_alias_producer_with_no_taskflow to None, run_after=None
[2025-03-28T17:46:48.858+0800] {logging_mixin.py:190} INFO - [2025-03-28T17:46:48.857+0800] {dag.py:4180} INFO - Setting next_dagrun for dataset_s3_bucket_consumer_with_no_taskflow to None, run_after=None
[2025-03-28T17:46:48.858+0800] {logging_mixin.py:190} INFO - [2025-03-28T17:46:48.858+0800] {dag.py:4180} INFO - Setting next_dagrun for dataset_s3_bucket_producer_with_no_taskflow to None, run_after=None
[2025-03-28T17:46:48.870+0800] {processor.py:208} INFO - Processing /Users/ervinyeoh/Desktop/unimods/is3107/project/.venv/lib/python3.11/site-packages/airflow/example_dags/example_dataset_alias_with_no_taskflow.py took 0.326 seconds
[2025-03-28T18:08:22.216+0800] {processor.py:186} INFO - Started process (PID=58774) to work on /Users/ervinyeoh/Desktop/unimods/is3107/project/.venv/lib/python3.11/site-packages/airflow/example_dags/example_dataset_alias_with_no_taskflow.py
[2025-03-28T18:08:22.217+0800] {processor.py:914} INFO - Processing file /Users/ervinyeoh/Desktop/unimods/is3107/project/.venv/lib/python3.11/site-packages/airflow/example_dags/example_dataset_alias_with_no_taskflow.py for tasks to queue
[2025-03-28T18:08:22.218+0800] {logging_mixin.py:190} INFO - [2025-03-28T18:08:22.218+0800] {dagbag.py:588} INFO - Filling up the DagBag from /Users/ervinyeoh/Desktop/unimods/is3107/project/.venv/lib/python3.11/site-packages/airflow/example_dags/example_dataset_alias_with_no_taskflow.py
[2025-03-28T18:08:22.488+0800] {processor.py:925} INFO - DAG(s) 'dataset_alias_example_alias_consumer_with_no_taskflow', 'dataset_alias_example_alias_producer_with_no_taskflow', 'dataset_s3_bucket_consumer_with_no_taskflow', 'dataset_s3_bucket_producer_with_no_taskflow' retrieved from /Users/ervinyeoh/Desktop/unimods/is3107/project/.venv/lib/python3.11/site-packages/airflow/example_dags/example_dataset_alias_with_no_taskflow.py
[2025-03-28T18:08:22.500+0800] {logging_mixin.py:190} INFO - [2025-03-28T18:08:22.499+0800] {dag.py:3239} INFO - Sync 4 DAGs
[2025-03-28T18:08:22.509+0800] {logging_mixin.py:190} INFO - [2025-03-28T18:08:22.509+0800] {dag.py:4180} INFO - Setting next_dagrun for dataset_alias_example_alias_consumer_with_no_taskflow to None, run_after=None
[2025-03-28T18:08:22.511+0800] {logging_mixin.py:190} INFO - [2025-03-28T18:08:22.511+0800] {dag.py:4180} INFO - Setting next_dagrun for dataset_alias_example_alias_producer_with_no_taskflow to None, run_after=None
[2025-03-28T18:08:22.511+0800] {logging_mixin.py:190} INFO - [2025-03-28T18:08:22.511+0800] {dag.py:4180} INFO - Setting next_dagrun for dataset_s3_bucket_consumer_with_no_taskflow to None, run_after=None
[2025-03-28T18:08:22.512+0800] {logging_mixin.py:190} INFO - [2025-03-28T18:08:22.511+0800] {dag.py:4180} INFO - Setting next_dagrun for dataset_s3_bucket_producer_with_no_taskflow to None, run_after=None
[2025-03-28T18:08:22.522+0800] {processor.py:208} INFO - Processing /Users/ervinyeoh/Desktop/unimods/is3107/project/.venv/lib/python3.11/site-packages/airflow/example_dags/example_dataset_alias_with_no_taskflow.py took 0.308 seconds
[2025-03-28T22:27:00.630+0800] {processor.py:186} INFO - Started process (PID=59176) to work on /Users/ervinyeoh/Desktop/unimods/is3107/project/.venv/lib/python3.11/site-packages/airflow/example_dags/example_dataset_alias_with_no_taskflow.py
[2025-03-28T22:27:00.631+0800] {processor.py:914} INFO - Processing file /Users/ervinyeoh/Desktop/unimods/is3107/project/.venv/lib/python3.11/site-packages/airflow/example_dags/example_dataset_alias_with_no_taskflow.py for tasks to queue
[2025-03-28T22:27:00.631+0800] {logging_mixin.py:190} INFO - [2025-03-28T22:27:00.631+0800] {dagbag.py:588} INFO - Filling up the DagBag from /Users/ervinyeoh/Desktop/unimods/is3107/project/.venv/lib/python3.11/site-packages/airflow/example_dags/example_dataset_alias_with_no_taskflow.py
[2025-03-28T22:27:00.908+0800] {processor.py:925} INFO - DAG(s) 'dataset_alias_example_alias_consumer_with_no_taskflow', 'dataset_alias_example_alias_producer_with_no_taskflow', 'dataset_s3_bucket_producer_with_no_taskflow', 'dataset_s3_bucket_consumer_with_no_taskflow' retrieved from /Users/ervinyeoh/Desktop/unimods/is3107/project/.venv/lib/python3.11/site-packages/airflow/example_dags/example_dataset_alias_with_no_taskflow.py
[2025-03-28T22:27:00.920+0800] {logging_mixin.py:190} INFO - [2025-03-28T22:27:00.920+0800] {dag.py:3239} INFO - Sync 4 DAGs
[2025-03-28T22:27:00.930+0800] {logging_mixin.py:190} INFO - [2025-03-28T22:27:00.929+0800] {dag.py:4180} INFO - Setting next_dagrun for dataset_alias_example_alias_consumer_with_no_taskflow to None, run_after=None
[2025-03-28T22:27:00.931+0800] {logging_mixin.py:190} INFO - [2025-03-28T22:27:00.931+0800] {dag.py:4180} INFO - Setting next_dagrun for dataset_alias_example_alias_producer_with_no_taskflow to None, run_after=None
[2025-03-28T22:27:00.931+0800] {logging_mixin.py:190} INFO - [2025-03-28T22:27:00.931+0800] {dag.py:4180} INFO - Setting next_dagrun for dataset_s3_bucket_consumer_with_no_taskflow to None, run_after=None
[2025-03-28T22:27:00.932+0800] {logging_mixin.py:190} INFO - [2025-03-28T22:27:00.932+0800] {dag.py:4180} INFO - Setting next_dagrun for dataset_s3_bucket_producer_with_no_taskflow to None, run_after=None
[2025-03-28T22:27:00.942+0800] {processor.py:208} INFO - Processing /Users/ervinyeoh/Desktop/unimods/is3107/project/.venv/lib/python3.11/site-packages/airflow/example_dags/example_dataset_alias_with_no_taskflow.py took 0.314 seconds
[2025-03-29T02:15:45.605+0800] {processor.py:186} INFO - Started process (PID=59571) to work on /Users/ervinyeoh/Desktop/unimods/is3107/project/.venv/lib/python3.11/site-packages/airflow/example_dags/example_dataset_alias_with_no_taskflow.py
[2025-03-29T02:15:45.605+0800] {processor.py:914} INFO - Processing file /Users/ervinyeoh/Desktop/unimods/is3107/project/.venv/lib/python3.11/site-packages/airflow/example_dags/example_dataset_alias_with_no_taskflow.py for tasks to queue
[2025-03-29T02:15:45.606+0800] {logging_mixin.py:190} INFO - [2025-03-29T02:15:45.606+0800] {dagbag.py:588} INFO - Filling up the DagBag from /Users/ervinyeoh/Desktop/unimods/is3107/project/.venv/lib/python3.11/site-packages/airflow/example_dags/example_dataset_alias_with_no_taskflow.py
[2025-03-29T02:15:45.881+0800] {processor.py:925} INFO - DAG(s) 'dataset_s3_bucket_consumer_with_no_taskflow', 'dataset_alias_example_alias_producer_with_no_taskflow', 'dataset_alias_example_alias_consumer_with_no_taskflow', 'dataset_s3_bucket_producer_with_no_taskflow' retrieved from /Users/ervinyeoh/Desktop/unimods/is3107/project/.venv/lib/python3.11/site-packages/airflow/example_dags/example_dataset_alias_with_no_taskflow.py
[2025-03-29T02:15:45.893+0800] {logging_mixin.py:190} INFO - [2025-03-29T02:15:45.893+0800] {dag.py:3239} INFO - Sync 4 DAGs
[2025-03-29T02:15:45.903+0800] {logging_mixin.py:190} INFO - [2025-03-29T02:15:45.903+0800] {dag.py:4180} INFO - Setting next_dagrun for dataset_alias_example_alias_consumer_with_no_taskflow to None, run_after=None
[2025-03-29T02:15:45.904+0800] {logging_mixin.py:190} INFO - [2025-03-29T02:15:45.904+0800] {dag.py:4180} INFO - Setting next_dagrun for dataset_alias_example_alias_producer_with_no_taskflow to None, run_after=None
[2025-03-29T02:15:45.905+0800] {logging_mixin.py:190} INFO - [2025-03-29T02:15:45.905+0800] {dag.py:4180} INFO - Setting next_dagrun for dataset_s3_bucket_consumer_with_no_taskflow to None, run_after=None
[2025-03-29T02:15:45.905+0800] {logging_mixin.py:190} INFO - [2025-03-29T02:15:45.905+0800] {dag.py:4180} INFO - Setting next_dagrun for dataset_s3_bucket_producer_with_no_taskflow to None, run_after=None
[2025-03-29T02:15:45.916+0800] {processor.py:208} INFO - Processing /Users/ervinyeoh/Desktop/unimods/is3107/project/.venv/lib/python3.11/site-packages/airflow/example_dags/example_dataset_alias_with_no_taskflow.py took 0.313 seconds
[2025-03-29T04:42:37.218+0800] {processor.py:186} INFO - Started process (PID=60257) to work on /Users/ervinyeoh/Desktop/unimods/is3107/project/.venv/lib/python3.11/site-packages/airflow/example_dags/example_dataset_alias_with_no_taskflow.py
[2025-03-29T04:42:37.219+0800] {processor.py:914} INFO - Processing file /Users/ervinyeoh/Desktop/unimods/is3107/project/.venv/lib/python3.11/site-packages/airflow/example_dags/example_dataset_alias_with_no_taskflow.py for tasks to queue
[2025-03-29T04:42:37.220+0800] {logging_mixin.py:190} INFO - [2025-03-29T04:42:37.219+0800] {dagbag.py:588} INFO - Filling up the DagBag from /Users/ervinyeoh/Desktop/unimods/is3107/project/.venv/lib/python3.11/site-packages/airflow/example_dags/example_dataset_alias_with_no_taskflow.py
[2025-03-29T04:42:37.496+0800] {processor.py:925} INFO - DAG(s) 'dataset_s3_bucket_consumer_with_no_taskflow', 'dataset_s3_bucket_producer_with_no_taskflow', 'dataset_alias_example_alias_consumer_with_no_taskflow', 'dataset_alias_example_alias_producer_with_no_taskflow' retrieved from /Users/ervinyeoh/Desktop/unimods/is3107/project/.venv/lib/python3.11/site-packages/airflow/example_dags/example_dataset_alias_with_no_taskflow.py
[2025-03-29T04:42:37.507+0800] {logging_mixin.py:190} INFO - [2025-03-29T04:42:37.507+0800] {dag.py:3239} INFO - Sync 4 DAGs
[2025-03-29T04:42:37.517+0800] {logging_mixin.py:190} INFO - [2025-03-29T04:42:37.517+0800] {dag.py:4180} INFO - Setting next_dagrun for dataset_alias_example_alias_consumer_with_no_taskflow to None, run_after=None
[2025-03-29T04:42:37.518+0800] {logging_mixin.py:190} INFO - [2025-03-29T04:42:37.518+0800] {dag.py:4180} INFO - Setting next_dagrun for dataset_alias_example_alias_producer_with_no_taskflow to None, run_after=None
[2025-03-29T04:42:37.518+0800] {logging_mixin.py:190} INFO - [2025-03-29T04:42:37.518+0800] {dag.py:4180} INFO - Setting next_dagrun for dataset_s3_bucket_consumer_with_no_taskflow to None, run_after=None
[2025-03-29T04:42:37.519+0800] {logging_mixin.py:190} INFO - [2025-03-29T04:42:37.519+0800] {dag.py:4180} INFO - Setting next_dagrun for dataset_s3_bucket_producer_with_no_taskflow to None, run_after=None
[2025-03-29T04:42:37.529+0800] {processor.py:208} INFO - Processing /Users/ervinyeoh/Desktop/unimods/is3107/project/.venv/lib/python3.11/site-packages/airflow/example_dags/example_dataset_alias_with_no_taskflow.py took 0.313 seconds
