[2025-03-28T08:37:37.114+0800] {processor.py:186} INFO - Started process (PID=57476) to work on /Users/ervinyeoh/Desktop/unimods/is3107/project/.venv/lib/python3.11/site-packages/airflow/example_dags/example_nested_branch_dag.py
[2025-03-28T08:37:37.115+0800] {processor.py:914} INFO - Processing file /Users/ervinyeoh/Desktop/unimods/is3107/project/.venv/lib/python3.11/site-packages/airflow/example_dags/example_nested_branch_dag.py for tasks to queue
[2025-03-28T08:37:37.115+0800] {logging_mixin.py:190} INFO - [2025-03-28T08:37:37.115+0800] {dagbag.py:588} INFO - Filling up the DagBag from /Users/ervinyeoh/Desktop/unimods/is3107/project/.venv/lib/python3.11/site-packages/airflow/example_dags/example_nested_branch_dag.py
[2025-03-28T08:37:37.173+0800] {processor.py:925} INFO - DAG(s) 'example_nested_branch_dag' retrieved from /Users/ervinyeoh/Desktop/unimods/is3107/project/.venv/lib/python3.11/site-packages/airflow/example_dags/example_nested_branch_dag.py
[2025-03-28T08:37:37.225+0800] {logging_mixin.py:190} INFO - [2025-03-28T08:37:37.225+0800] {dag.py:3239} INFO - Sync 1 DAGs
[2025-03-28T08:37:37.236+0800] {logging_mixin.py:190} INFO - [2025-03-28T08:37:37.236+0800] {dag.py:4180} INFO - Setting next_dagrun for example_nested_branch_dag to 2025-03-27 00:00:00+00:00, run_after=2025-03-28 00:00:00+00:00
[2025-03-28T08:37:37.246+0800] {processor.py:208} INFO - Processing /Users/ervinyeoh/Desktop/unimods/is3107/project/.venv/lib/python3.11/site-packages/airflow/example_dags/example_nested_branch_dag.py took 0.134 seconds
[2025-03-28T10:35:34.162+0800] {processor.py:186} INFO - Started process (PID=57778) to work on /Users/ervinyeoh/Desktop/unimods/is3107/project/.venv/lib/python3.11/site-packages/airflow/example_dags/example_nested_branch_dag.py
[2025-03-28T10:35:34.163+0800] {processor.py:914} INFO - Processing file /Users/ervinyeoh/Desktop/unimods/is3107/project/.venv/lib/python3.11/site-packages/airflow/example_dags/example_nested_branch_dag.py for tasks to queue
[2025-03-28T10:35:34.164+0800] {logging_mixin.py:190} INFO - [2025-03-28T10:35:34.164+0800] {dagbag.py:588} INFO - Filling up the DagBag from /Users/ervinyeoh/Desktop/unimods/is3107/project/.venv/lib/python3.11/site-packages/airflow/example_dags/example_nested_branch_dag.py
[2025-03-28T10:35:34.288+0800] {processor.py:925} INFO - DAG(s) 'example_nested_branch_dag' retrieved from /Users/ervinyeoh/Desktop/unimods/is3107/project/.venv/lib/python3.11/site-packages/airflow/example_dags/example_nested_branch_dag.py
[2025-03-28T10:35:34.363+0800] {logging_mixin.py:190} INFO - [2025-03-28T10:35:34.362+0800] {dag.py:3239} INFO - Sync 1 DAGs
[2025-03-28T10:35:34.373+0800] {logging_mixin.py:190} INFO - [2025-03-28T10:35:34.373+0800] {dag.py:4180} INFO - Setting next_dagrun for example_nested_branch_dag to 2025-03-27 00:00:00+00:00, run_after=2025-03-28 00:00:00+00:00
[2025-03-28T10:35:34.384+0800] {processor.py:208} INFO - Processing /Users/ervinyeoh/Desktop/unimods/is3107/project/.venv/lib/python3.11/site-packages/airflow/example_dags/example_nested_branch_dag.py took 0.225 seconds
[2025-03-28T16:43:27.296+0800] {processor.py:186} INFO - Started process (PID=58268) to work on /Users/ervinyeoh/Desktop/unimods/is3107/project/.venv/lib/python3.11/site-packages/airflow/example_dags/example_nested_branch_dag.py
[2025-03-28T16:43:27.297+0800] {processor.py:914} INFO - Processing file /Users/ervinyeoh/Desktop/unimods/is3107/project/.venv/lib/python3.11/site-packages/airflow/example_dags/example_nested_branch_dag.py for tasks to queue
[2025-03-28T16:43:27.297+0800] {logging_mixin.py:190} INFO - [2025-03-28T16:43:27.297+0800] {dagbag.py:588} INFO - Filling up the DagBag from /Users/ervinyeoh/Desktop/unimods/is3107/project/.venv/lib/python3.11/site-packages/airflow/example_dags/example_nested_branch_dag.py
[2025-03-28T16:58:36.623+0800] {processor.py:925} INFO - DAG(s) 'example_nested_branch_dag' retrieved from /Users/ervinyeoh/Desktop/unimods/is3107/project/.venv/lib/python3.11/site-packages/airflow/example_dags/example_nested_branch_dag.py
[2025-03-28T16:58:36.681+0800] {logging_mixin.py:190} INFO - [2025-03-28T16:58:36.681+0800] {dag.py:3239} INFO - Sync 1 DAGs
[2025-03-28T16:58:36.691+0800] {logging_mixin.py:190} INFO - [2025-03-28T16:58:36.691+0800] {dag.py:4180} INFO - Setting next_dagrun for example_nested_branch_dag to 2025-03-27 00:00:00+00:00, run_after=2025-03-28 00:00:00+00:00
[2025-03-28T16:58:36.703+0800] {processor.py:208} INFO - Processing /Users/ervinyeoh/Desktop/unimods/is3107/project/.venv/lib/python3.11/site-packages/airflow/example_dags/example_nested_branch_dag.py took 0.372 seconds
[2025-03-28T17:53:17.840+0800] {processor.py:186} INFO - Started process (PID=58539) to work on /Users/ervinyeoh/Desktop/unimods/is3107/project/.venv/lib/python3.11/site-packages/airflow/example_dags/example_nested_branch_dag.py
[2025-03-28T17:53:17.841+0800] {processor.py:914} INFO - Processing file /Users/ervinyeoh/Desktop/unimods/is3107/project/.venv/lib/python3.11/site-packages/airflow/example_dags/example_nested_branch_dag.py for tasks to queue
[2025-03-28T17:53:17.842+0800] {logging_mixin.py:190} INFO - [2025-03-28T17:53:17.842+0800] {dagbag.py:588} INFO - Filling up the DagBag from /Users/ervinyeoh/Desktop/unimods/is3107/project/.venv/lib/python3.11/site-packages/airflow/example_dags/example_nested_branch_dag.py
[2025-03-28T17:53:17.894+0800] {processor.py:925} INFO - DAG(s) 'example_nested_branch_dag' retrieved from /Users/ervinyeoh/Desktop/unimods/is3107/project/.venv/lib/python3.11/site-packages/airflow/example_dags/example_nested_branch_dag.py
[2025-03-28T17:53:17.947+0800] {logging_mixin.py:190} INFO - [2025-03-28T17:53:17.947+0800] {dag.py:3239} INFO - Sync 1 DAGs
[2025-03-28T17:53:17.957+0800] {logging_mixin.py:190} INFO - [2025-03-28T17:53:17.957+0800] {dag.py:4180} INFO - Setting next_dagrun for example_nested_branch_dag to 2025-03-27 00:00:00+00:00, run_after=2025-03-28 00:00:00+00:00
[2025-03-28T17:53:17.967+0800] {processor.py:208} INFO - Processing /Users/ervinyeoh/Desktop/unimods/is3107/project/.venv/lib/python3.11/site-packages/airflow/example_dags/example_nested_branch_dag.py took 0.129 seconds
[2025-03-28T18:08:18.252+0800] {processor.py:186} INFO - Started process (PID=58767) to work on /Users/ervinyeoh/Desktop/unimods/is3107/project/.venv/lib/python3.11/site-packages/airflow/example_dags/example_nested_branch_dag.py
[2025-03-28T18:08:18.253+0800] {processor.py:914} INFO - Processing file /Users/ervinyeoh/Desktop/unimods/is3107/project/.venv/lib/python3.11/site-packages/airflow/example_dags/example_nested_branch_dag.py for tasks to queue
[2025-03-28T18:08:18.254+0800] {logging_mixin.py:190} INFO - [2025-03-28T18:08:18.254+0800] {dagbag.py:588} INFO - Filling up the DagBag from /Users/ervinyeoh/Desktop/unimods/is3107/project/.venv/lib/python3.11/site-packages/airflow/example_dags/example_nested_branch_dag.py
[2025-03-28T18:08:18.307+0800] {processor.py:925} INFO - DAG(s) 'example_nested_branch_dag' retrieved from /Users/ervinyeoh/Desktop/unimods/is3107/project/.venv/lib/python3.11/site-packages/airflow/example_dags/example_nested_branch_dag.py
[2025-03-28T18:08:18.377+0800] {logging_mixin.py:190} INFO - [2025-03-28T18:08:18.376+0800] {dag.py:3239} INFO - Sync 1 DAGs
[2025-03-28T18:08:18.387+0800] {logging_mixin.py:190} INFO - [2025-03-28T18:08:18.386+0800] {dag.py:4180} INFO - Setting next_dagrun for example_nested_branch_dag to 2025-03-27 00:00:00+00:00, run_after=2025-03-28 00:00:00+00:00
[2025-03-28T18:08:18.397+0800] {processor.py:208} INFO - Processing /Users/ervinyeoh/Desktop/unimods/is3107/project/.venv/lib/python3.11/site-packages/airflow/example_dags/example_nested_branch_dag.py took 0.146 seconds
[2025-03-28T21:18:45.941+0800] {processor.py:186} INFO - Started process (PID=59086) to work on /Users/ervinyeoh/Desktop/unimods/is3107/project/.venv/lib/python3.11/site-packages/airflow/example_dags/example_nested_branch_dag.py
[2025-03-28T21:18:45.945+0800] {processor.py:914} INFO - Processing file /Users/ervinyeoh/Desktop/unimods/is3107/project/.venv/lib/python3.11/site-packages/airflow/example_dags/example_nested_branch_dag.py for tasks to queue
[2025-03-28T21:18:45.946+0800] {logging_mixin.py:190} INFO - [2025-03-28T21:18:45.946+0800] {dagbag.py:588} INFO - Filling up the DagBag from /Users/ervinyeoh/Desktop/unimods/is3107/project/.venv/lib/python3.11/site-packages/airflow/example_dags/example_nested_branch_dag.py
[2025-03-28T21:18:46.012+0800] {processor.py:925} INFO - DAG(s) 'example_nested_branch_dag' retrieved from /Users/ervinyeoh/Desktop/unimods/is3107/project/.venv/lib/python3.11/site-packages/airflow/example_dags/example_nested_branch_dag.py
[2025-03-28T21:18:46.070+0800] {logging_mixin.py:190} INFO - [2025-03-28T21:18:46.069+0800] {dag.py:3239} INFO - Sync 1 DAGs
[2025-03-28T21:18:46.080+0800] {logging_mixin.py:190} INFO - [2025-03-28T21:18:46.080+0800] {dag.py:4180} INFO - Setting next_dagrun for example_nested_branch_dag to 2025-03-27 00:00:00+00:00, run_after=2025-03-28 00:00:00+00:00
[2025-03-28T21:18:46.090+0800] {processor.py:208} INFO - Processing /Users/ervinyeoh/Desktop/unimods/is3107/project/.venv/lib/python3.11/site-packages/airflow/example_dags/example_nested_branch_dag.py took 0.152 seconds
[2025-03-29T02:10:36.883+0800] {processor.py:186} INFO - Started process (PID=59525) to work on /Users/ervinyeoh/Desktop/unimods/is3107/project/.venv/lib/python3.11/site-packages/airflow/example_dags/example_nested_branch_dag.py
[2025-03-29T02:10:36.884+0800] {processor.py:914} INFO - Processing file /Users/ervinyeoh/Desktop/unimods/is3107/project/.venv/lib/python3.11/site-packages/airflow/example_dags/example_nested_branch_dag.py for tasks to queue
[2025-03-29T02:10:36.884+0800] {logging_mixin.py:190} INFO - [2025-03-29T02:10:36.884+0800] {dagbag.py:588} INFO - Filling up the DagBag from /Users/ervinyeoh/Desktop/unimods/is3107/project/.venv/lib/python3.11/site-packages/airflow/example_dags/example_nested_branch_dag.py
[2025-03-29T02:10:36.937+0800] {processor.py:925} INFO - DAG(s) 'example_nested_branch_dag' retrieved from /Users/ervinyeoh/Desktop/unimods/is3107/project/.venv/lib/python3.11/site-packages/airflow/example_dags/example_nested_branch_dag.py
[2025-03-29T02:10:36.990+0800] {logging_mixin.py:190} INFO - [2025-03-29T02:10:36.990+0800] {dag.py:3239} INFO - Sync 1 DAGs
[2025-03-29T02:10:37.000+0800] {logging_mixin.py:190} INFO - [2025-03-29T02:10:37.000+0800] {dag.py:4180} INFO - Setting next_dagrun for example_nested_branch_dag to 2025-03-27 00:00:00+00:00, run_after=2025-03-28 00:00:00+00:00
[2025-03-29T02:10:37.009+0800] {processor.py:208} INFO - Processing /Users/ervinyeoh/Desktop/unimods/is3107/project/.venv/lib/python3.11/site-packages/airflow/example_dags/example_nested_branch_dag.py took 0.128 seconds
[2025-03-29T02:27:02.263+0800] {processor.py:186} INFO - Started process (PID=59945) to work on /Users/ervinyeoh/Desktop/unimods/is3107/project/.venv/lib/python3.11/site-packages/airflow/example_dags/example_nested_branch_dag.py
[2025-03-29T02:27:02.264+0800] {processor.py:914} INFO - Processing file /Users/ervinyeoh/Desktop/unimods/is3107/project/.venv/lib/python3.11/site-packages/airflow/example_dags/example_nested_branch_dag.py for tasks to queue
[2025-03-29T02:27:02.265+0800] {logging_mixin.py:190} INFO - [2025-03-29T02:27:02.265+0800] {dagbag.py:588} INFO - Filling up the DagBag from /Users/ervinyeoh/Desktop/unimods/is3107/project/.venv/lib/python3.11/site-packages/airflow/example_dags/example_nested_branch_dag.py
[2025-03-29T02:27:02.323+0800] {processor.py:925} INFO - DAG(s) 'example_nested_branch_dag' retrieved from /Users/ervinyeoh/Desktop/unimods/is3107/project/.venv/lib/python3.11/site-packages/airflow/example_dags/example_nested_branch_dag.py
[2025-03-29T02:27:02.381+0800] {logging_mixin.py:190} INFO - [2025-03-29T02:27:02.381+0800] {dag.py:3239} INFO - Sync 1 DAGs
[2025-03-29T02:27:02.390+0800] {logging_mixin.py:190} INFO - [2025-03-29T02:27:02.390+0800] {dag.py:4180} INFO - Setting next_dagrun for example_nested_branch_dag to 2025-03-27 00:00:00+00:00, run_after=2025-03-28 00:00:00+00:00
[2025-03-29T02:27:02.400+0800] {processor.py:208} INFO - Processing /Users/ervinyeoh/Desktop/unimods/is3107/project/.venv/lib/python3.11/site-packages/airflow/example_dags/example_nested_branch_dag.py took 0.139 seconds
