[2025-03-28T08:26:30.240+0800] {processor.py:186} INFO - Started process (PID=57290) to work on /Users/ervinyeoh/Desktop/unimods/is3107/project/.venv/lib/python3.11/site-packages/airflow/example_dags/example_branch_python_dop_operator_3.py
[2025-03-28T08:26:30.241+0800] {processor.py:914} INFO - Processing file /Users/ervinyeoh/Desktop/unimods/is3107/project/.venv/lib/python3.11/site-packages/airflow/example_dags/example_branch_python_dop_operator_3.py for tasks to queue
[2025-03-28T08:26:30.242+0800] {logging_mixin.py:190} INFO - [2025-03-28T08:26:30.242+0800] {dagbag.py:588} INFO - Filling up the DagBag from /Users/ervinyeoh/Desktop/unimods/is3107/project/.venv/lib/python3.11/site-packages/airflow/example_dags/example_branch_python_dop_operator_3.py
[2025-03-28T08:26:30.305+0800] {processor.py:925} INFO - DAG(s) 'example_branch_dop_operator_v3' retrieved from /Users/ervinyeoh/Desktop/unimods/is3107/project/.venv/lib/python3.11/site-packages/airflow/example_dags/example_branch_python_dop_operator_3.py
[2025-03-28T08:26:30.360+0800] {logging_mixin.py:190} INFO - [2025-03-28T08:26:30.360+0800] {dag.py:3239} INFO - Sync 1 DAGs
[2025-03-28T08:26:30.372+0800] {logging_mixin.py:190} INFO - [2025-03-28T08:26:30.372+0800] {dag.py:4180} INFO - Setting next_dagrun for example_branch_dop_operator_v3 to 2025-03-28 00:25:00+00:00, run_after=2025-03-28 00:26:00+00:00
[2025-03-28T08:26:30.383+0800] {processor.py:208} INFO - Processing /Users/ervinyeoh/Desktop/unimods/is3107/project/.venv/lib/python3.11/site-packages/airflow/example_dags/example_branch_python_dop_operator_3.py took 0.145 seconds
[2025-03-28T12:14:53.848+0800] {processor.py:186} INFO - Started process (PID=57924) to work on /Users/ervinyeoh/Desktop/unimods/is3107/project/.venv/lib/python3.11/site-packages/airflow/example_dags/example_branch_python_dop_operator_3.py
[2025-03-28T12:14:53.849+0800] {processor.py:914} INFO - Processing file /Users/ervinyeoh/Desktop/unimods/is3107/project/.venv/lib/python3.11/site-packages/airflow/example_dags/example_branch_python_dop_operator_3.py for tasks to queue
[2025-03-28T12:14:53.849+0800] {logging_mixin.py:190} INFO - [2025-03-28T12:14:53.849+0800] {dagbag.py:588} INFO - Filling up the DagBag from /Users/ervinyeoh/Desktop/unimods/is3107/project/.venv/lib/python3.11/site-packages/airflow/example_dags/example_branch_python_dop_operator_3.py
[2025-03-28T12:14:53.903+0800] {processor.py:925} INFO - DAG(s) 'example_branch_dop_operator_v3' retrieved from /Users/ervinyeoh/Desktop/unimods/is3107/project/.venv/lib/python3.11/site-packages/airflow/example_dags/example_branch_python_dop_operator_3.py
[2025-03-28T12:14:53.955+0800] {logging_mixin.py:190} INFO - [2025-03-28T12:14:53.954+0800] {dag.py:3239} INFO - Sync 1 DAGs
[2025-03-28T12:14:53.967+0800] {logging_mixin.py:190} INFO - [2025-03-28T12:14:53.967+0800] {dag.py:4180} INFO - Setting next_dagrun for example_branch_dop_operator_v3 to 2025-03-28 04:13:00+00:00, run_after=2025-03-28 04:14:00+00:00
[2025-03-28T12:14:53.977+0800] {processor.py:208} INFO - Processing /Users/ervinyeoh/Desktop/unimods/is3107/project/.venv/lib/python3.11/site-packages/airflow/example_dags/example_branch_python_dop_operator_3.py took 0.132 seconds
[2025-03-28T17:46:58.787+0800] {processor.py:186} INFO - Started process (PID=58370) to work on /Users/ervinyeoh/Desktop/unimods/is3107/project/.venv/lib/python3.11/site-packages/airflow/example_dags/example_branch_python_dop_operator_3.py
[2025-03-28T17:46:58.788+0800] {processor.py:914} INFO - Processing file /Users/ervinyeoh/Desktop/unimods/is3107/project/.venv/lib/python3.11/site-packages/airflow/example_dags/example_branch_python_dop_operator_3.py for tasks to queue
[2025-03-28T17:46:58.788+0800] {logging_mixin.py:190} INFO - [2025-03-28T17:46:58.788+0800] {dagbag.py:588} INFO - Filling up the DagBag from /Users/ervinyeoh/Desktop/unimods/is3107/project/.venv/lib/python3.11/site-packages/airflow/example_dags/example_branch_python_dop_operator_3.py
[2025-03-28T17:46:58.840+0800] {processor.py:925} INFO - DAG(s) 'example_branch_dop_operator_v3' retrieved from /Users/ervinyeoh/Desktop/unimods/is3107/project/.venv/lib/python3.11/site-packages/airflow/example_dags/example_branch_python_dop_operator_3.py
[2025-03-28T17:46:58.891+0800] {logging_mixin.py:190} INFO - [2025-03-28T17:46:58.891+0800] {dag.py:3239} INFO - Sync 1 DAGs
[2025-03-28T17:46:58.903+0800] {logging_mixin.py:190} INFO - [2025-03-28T17:46:58.903+0800] {dag.py:4180} INFO - Setting next_dagrun for example_branch_dop_operator_v3 to 2025-03-28 09:45:00+00:00, run_after=2025-03-28 09:46:00+00:00
[2025-03-28T17:46:58.913+0800] {processor.py:208} INFO - Processing /Users/ervinyeoh/Desktop/unimods/is3107/project/.venv/lib/python3.11/site-packages/airflow/example_dags/example_branch_python_dop_operator_3.py took 0.127 seconds
[2025-03-28T18:08:32.443+0800] {processor.py:186} INFO - Started process (PID=58789) to work on /Users/ervinyeoh/Desktop/unimods/is3107/project/.venv/lib/python3.11/site-packages/airflow/example_dags/example_branch_python_dop_operator_3.py
[2025-03-28T18:08:32.444+0800] {processor.py:914} INFO - Processing file /Users/ervinyeoh/Desktop/unimods/is3107/project/.venv/lib/python3.11/site-packages/airflow/example_dags/example_branch_python_dop_operator_3.py for tasks to queue
[2025-03-28T18:08:32.445+0800] {logging_mixin.py:190} INFO - [2025-03-28T18:08:32.445+0800] {dagbag.py:588} INFO - Filling up the DagBag from /Users/ervinyeoh/Desktop/unimods/is3107/project/.venv/lib/python3.11/site-packages/airflow/example_dags/example_branch_python_dop_operator_3.py
[2025-03-28T18:08:32.500+0800] {processor.py:925} INFO - DAG(s) 'example_branch_dop_operator_v3' retrieved from /Users/ervinyeoh/Desktop/unimods/is3107/project/.venv/lib/python3.11/site-packages/airflow/example_dags/example_branch_python_dop_operator_3.py
[2025-03-28T18:08:32.550+0800] {logging_mixin.py:190} INFO - [2025-03-28T18:08:32.550+0800] {dag.py:3239} INFO - Sync 1 DAGs
[2025-03-28T18:08:32.562+0800] {logging_mixin.py:190} INFO - [2025-03-28T18:08:32.562+0800] {dag.py:4180} INFO - Setting next_dagrun for example_branch_dop_operator_v3 to 2025-03-28 10:07:00+00:00, run_after=2025-03-28 10:08:00+00:00
[2025-03-28T18:08:32.572+0800] {processor.py:208} INFO - Processing /Users/ervinyeoh/Desktop/unimods/is3107/project/.venv/lib/python3.11/site-packages/airflow/example_dags/example_branch_python_dop_operator_3.py took 0.131 seconds
[2025-03-28T22:58:23.452+0800] {processor.py:186} INFO - Started process (PID=59214) to work on /Users/ervinyeoh/Desktop/unimods/is3107/project/.venv/lib/python3.11/site-packages/airflow/example_dags/example_branch_python_dop_operator_3.py
[2025-03-28T22:58:23.453+0800] {processor.py:914} INFO - Processing file /Users/ervinyeoh/Desktop/unimods/is3107/project/.venv/lib/python3.11/site-packages/airflow/example_dags/example_branch_python_dop_operator_3.py for tasks to queue
[2025-03-28T22:58:23.454+0800] {logging_mixin.py:190} INFO - [2025-03-28T22:58:23.454+0800] {dagbag.py:588} INFO - Filling up the DagBag from /Users/ervinyeoh/Desktop/unimods/is3107/project/.venv/lib/python3.11/site-packages/airflow/example_dags/example_branch_python_dop_operator_3.py
[2025-03-28T22:58:23.544+0800] {processor.py:925} INFO - DAG(s) 'example_branch_dop_operator_v3' retrieved from /Users/ervinyeoh/Desktop/unimods/is3107/project/.venv/lib/python3.11/site-packages/airflow/example_dags/example_branch_python_dop_operator_3.py
[2025-03-28T22:58:23.605+0800] {logging_mixin.py:190} INFO - [2025-03-28T22:58:23.605+0800] {dag.py:3239} INFO - Sync 1 DAGs
[2025-03-28T22:58:23.617+0800] {logging_mixin.py:190} INFO - [2025-03-28T22:58:23.617+0800] {dag.py:4180} INFO - Setting next_dagrun for example_branch_dop_operator_v3 to 2025-03-28 14:57:00+00:00, run_after=2025-03-28 14:58:00+00:00
[2025-03-28T22:58:23.627+0800] {processor.py:208} INFO - Processing /Users/ervinyeoh/Desktop/unimods/is3107/project/.venv/lib/python3.11/site-packages/airflow/example_dags/example_branch_python_dop_operator_3.py took 0.177 seconds
[2025-03-29T02:15:56.695+0800] {processor.py:186} INFO - Started process (PID=59592) to work on /Users/ervinyeoh/Desktop/unimods/is3107/project/.venv/lib/python3.11/site-packages/airflow/example_dags/example_branch_python_dop_operator_3.py
[2025-03-29T02:15:56.696+0800] {processor.py:914} INFO - Processing file /Users/ervinyeoh/Desktop/unimods/is3107/project/.venv/lib/python3.11/site-packages/airflow/example_dags/example_branch_python_dop_operator_3.py for tasks to queue
[2025-03-29T02:15:56.697+0800] {logging_mixin.py:190} INFO - [2025-03-29T02:15:56.697+0800] {dagbag.py:588} INFO - Filling up the DagBag from /Users/ervinyeoh/Desktop/unimods/is3107/project/.venv/lib/python3.11/site-packages/airflow/example_dags/example_branch_python_dop_operator_3.py
[2025-03-29T02:15:56.749+0800] {processor.py:925} INFO - DAG(s) 'example_branch_dop_operator_v3' retrieved from /Users/ervinyeoh/Desktop/unimods/is3107/project/.venv/lib/python3.11/site-packages/airflow/example_dags/example_branch_python_dop_operator_3.py
[2025-03-29T02:15:56.799+0800] {logging_mixin.py:190} INFO - [2025-03-29T02:15:56.799+0800] {dag.py:3239} INFO - Sync 1 DAGs
[2025-03-29T02:15:56.811+0800] {logging_mixin.py:190} INFO - [2025-03-29T02:15:56.811+0800] {dag.py:4180} INFO - Setting next_dagrun for example_branch_dop_operator_v3 to 2025-03-28 18:14:00+00:00, run_after=2025-03-28 18:15:00+00:00
[2025-03-29T02:15:56.821+0800] {processor.py:208} INFO - Processing /Users/ervinyeoh/Desktop/unimods/is3107/project/.venv/lib/python3.11/site-packages/airflow/example_dags/example_branch_python_dop_operator_3.py took 0.127 seconds
[2025-03-29T04:57:54.428+0800] {processor.py:186} INFO - Started process (PID=60286) to work on /Users/ervinyeoh/Desktop/unimods/is3107/project/.venv/lib/python3.11/site-packages/airflow/example_dags/example_branch_python_dop_operator_3.py
[2025-03-29T04:57:54.429+0800] {processor.py:914} INFO - Processing file /Users/ervinyeoh/Desktop/unimods/is3107/project/.venv/lib/python3.11/site-packages/airflow/example_dags/example_branch_python_dop_operator_3.py for tasks to queue
[2025-03-29T04:57:54.430+0800] {logging_mixin.py:190} INFO - [2025-03-29T04:57:54.429+0800] {dagbag.py:588} INFO - Filling up the DagBag from /Users/ervinyeoh/Desktop/unimods/is3107/project/.venv/lib/python3.11/site-packages/airflow/example_dags/example_branch_python_dop_operator_3.py
[2025-03-29T04:57:54.485+0800] {processor.py:925} INFO - DAG(s) 'example_branch_dop_operator_v3' retrieved from /Users/ervinyeoh/Desktop/unimods/is3107/project/.venv/lib/python3.11/site-packages/airflow/example_dags/example_branch_python_dop_operator_3.py
[2025-03-29T04:57:54.535+0800] {logging_mixin.py:190} INFO - [2025-03-29T04:57:54.535+0800] {dag.py:3239} INFO - Sync 1 DAGs
[2025-03-29T04:57:54.547+0800] {logging_mixin.py:190} INFO - [2025-03-29T04:57:54.547+0800] {dag.py:4180} INFO - Setting next_dagrun for example_branch_dop_operator_v3 to 2025-03-28 20:56:00+00:00, run_after=2025-03-28 20:57:00+00:00
[2025-03-29T04:57:54.558+0800] {processor.py:208} INFO - Processing /Users/ervinyeoh/Desktop/unimods/is3107/project/.venv/lib/python3.11/site-packages/airflow/example_dags/example_branch_python_dop_operator_3.py took 0.131 seconds
