[2025-04-19T11:34:46.656+0800] {local_task_job_runner.py:123} INFO - ::group::Pre task execution logs
[2025-04-19T11:34:46.663+0800] {taskinstance.py:2614} INFO - Dependencies all met for dep_context=non-requeueable deps ti=<TaskInstance: reddit_yf_scraper.list_gcs_folders manual__2025-04-19T03:33:54.113090+00:00 [queued]>
[2025-04-19T11:34:46.667+0800] {taskinstance.py:2614} INFO - Dependencies all met for dep_context=requeueable deps ti=<TaskInstance: reddit_yf_scraper.list_gcs_folders manual__2025-04-19T03:33:54.113090+00:00 [queued]>
[2025-04-19T11:34:46.667+0800] {taskinstance.py:2867} INFO - Starting attempt 1 of 2
[2025-04-19T11:34:46.672+0800] {taskinstance.py:2890} INFO - Executing <Task(_PythonDecoratedOperator): list_gcs_folders> on 2025-04-19 03:33:54.113090+00:00
[2025-04-19T11:34:46.676+0800] {standard_task_runner.py:72} INFO - Started process 15256 to run task
[2025-04-19T11:34:46.680+0800] {standard_task_runner.py:104} INFO - Running: ['airflow', 'tasks', 'run', 'reddit_yf_scraper', 'list_gcs_folders', 'manual__2025-04-19T03:33:54.113090+00:00', '--job-id', '671', '--raw', '--subdir', 'DAGS_FOLDER/dag.py', '--cfg-path', '/var/folders/2f/rw5w89ss6nl38qvq2cxrh29w0000gn/T/tmprmr6hmgp']
[2025-04-19T11:34:46.681+0800] {standard_task_runner.py:105} INFO - Job 671: Subtask list_gcs_folders
[2025-04-19T11:34:46.700+0800] {task_command.py:467} INFO - Running <TaskInstance: reddit_yf_scraper.list_gcs_folders manual__2025-04-19T03:33:54.113090+00:00 [running]> on host yueyaos-macbook-pro.local
[2025-04-19T11:34:46.725+0800] {taskinstance.py:3134} INFO - Exporting env vars: AIRFLOW_CTX_DAG_OWNER='airflow' AIRFLOW_CTX_DAG_ID='reddit_yf_scraper' AIRFLOW_CTX_TASK_ID='list_gcs_folders' AIRFLOW_CTX_EXECUTION_DATE='2025-04-19T03:33:54.113090+00:00' AIRFLOW_CTX_TRY_NUMBER='1' AIRFLOW_CTX_DAG_RUN_ID='manual__2025-04-19T03:33:54.113090+00:00'
[2025-04-19T11:34:46.725+0800] {logging_mixin.py:190} INFO - Task instance is in running state
[2025-04-19T11:34:46.726+0800] {logging_mixin.py:190} INFO -  Previous state of the Task instance: queued
[2025-04-19T11:34:46.726+0800] {logging_mixin.py:190} INFO - Current task name:list_gcs_folders state:running start_date:2025-04-19 03:34:46.664038+00:00
[2025-04-19T11:34:46.726+0800] {logging_mixin.py:190} INFO - Dag name:reddit_yf_scraper and current dag run status:running
[2025-04-19T11:34:46.726+0800] {taskinstance.py:732} INFO - ::endgroup::
[2025-04-19T11:34:46.729+0800] {connection.py:277} WARNING - Connection schemes (type: google_cloud_platform) shall not contain '_' according to RFC3986.
[2025-04-19T11:34:46.731+0800] {base.py:84} INFO - Retrieving connection 'google_cloud_default'
[2025-04-19T11:34:48.178+0800] {logging_mixin.py:190} INFO - Found folders: ['yf-test', 'reddit-test']
[2025-04-19T11:34:48.180+0800] {python.py:240} INFO - Done. Returned value was: ['yf-test', 'reddit-test']
[2025-04-19T11:34:48.193+0800] {taskinstance.py:341} INFO - ::group::Post task execution logs
[2025-04-19T11:34:48.194+0800] {taskinstance.py:353} INFO - Marking task as SUCCESS. dag_id=reddit_yf_scraper, task_id=list_gcs_folders, run_id=manual__2025-04-19T03:33:54.113090+00:00, execution_date=20250419T033354, start_date=20250419T033446, end_date=20250419T033448
[2025-04-19T11:34:48.203+0800] {logging_mixin.py:190} INFO - Task instance in success state
[2025-04-19T11:34:48.203+0800] {logging_mixin.py:190} INFO -  Previous state of the Task instance: running
[2025-04-19T11:34:48.204+0800] {logging_mixin.py:190} INFO - Dag name:reddit_yf_scraper queued_at:2025-04-19 03:33:54.121183+00:00
[2025-04-19T11:34:48.204+0800] {logging_mixin.py:190} INFO - Task hostname:yueyaos-macbook-pro.local operator:_PythonDecoratedOperator
[2025-04-19T11:34:48.240+0800] {local_task_job_runner.py:266} INFO - Task exited with return code 0
[2025-04-19T11:34:48.260+0800] {taskinstance.py:3901} INFO - 2 downstream tasks scheduled from follow-on schedule check
[2025-04-19T11:34:48.261+0800] {local_task_job_runner.py:245} INFO - ::endgroup::
