[2025-04-18T17:30:22.900+0800] {local_task_job_runner.py:123} INFO - ::group::Pre task execution logs
[2025-04-18T17:30:22.908+0800] {taskinstance.py:2614} INFO - Dependencies all met for dep_context=non-requeueable deps ti=<TaskInstance: reddit_yf_scraper.preprocess_and_aggregate manual__2025-04-18T09:28:20.702328+00:00 [queued]>
[2025-04-18T17:30:22.912+0800] {taskinstance.py:2614} INFO - Dependencies all met for dep_context=requeueable deps ti=<TaskInstance: reddit_yf_scraper.preprocess_and_aggregate manual__2025-04-18T09:28:20.702328+00:00 [queued]>
[2025-04-18T17:30:22.912+0800] {taskinstance.py:2867} INFO - Starting attempt 1 of 2
[2025-04-18T17:30:22.918+0800] {taskinstance.py:2890} INFO - Executing <Task(_PythonDecoratedOperator): preprocess_and_aggregate> on 2025-04-18 09:28:20.702328+00:00
[2025-04-18T17:30:22.922+0800] {standard_task_runner.py:72} INFO - Started process 33372 to run task
[2025-04-18T17:30:22.925+0800] {standard_task_runner.py:104} INFO - Running: ['airflow', 'tasks', 'run', 'reddit_yf_scraper', 'preprocess_and_aggregate', 'manual__2025-04-18T09:28:20.702328+00:00', '--job-id', '481', '--raw', '--subdir', 'DAGS_FOLDER/dag.py', '--cfg-path', '/var/folders/xg/h9xj0trn3dxds251bj2q6hf80000gn/T/tmp_1tjahjs']
[2025-04-18T17:30:22.927+0800] {standard_task_runner.py:105} INFO - Job 481: Subtask preprocess_and_aggregate
[2025-04-18T17:30:22.974+0800] {task_command.py:467} INFO - Running <TaskInstance: reddit_yf_scraper.preprocess_and_aggregate manual__2025-04-18T09:28:20.702328+00:00 [running]> on host ervins-macbook-air-2.local
[2025-04-18T17:30:23.190+0800] {taskinstance.py:3134} INFO - Exporting env vars: AIRFLOW_CTX_DAG_OWNER='airflow' AIRFLOW_CTX_DAG_ID='reddit_yf_scraper' AIRFLOW_CTX_TASK_ID='preprocess_and_aggregate' AIRFLOW_CTX_EXECUTION_DATE='2025-04-18T09:28:20.702328+00:00' AIRFLOW_CTX_TRY_NUMBER='1' AIRFLOW_CTX_DAG_RUN_ID='manual__2025-04-18T09:28:20.702328+00:00'
[2025-04-18T17:30:23.190+0800] {logging_mixin.py:190} INFO - Task instance is in running state
[2025-04-18T17:30:23.191+0800] {logging_mixin.py:190} INFO -  Previous state of the Task instance: queued
[2025-04-18T17:30:23.191+0800] {logging_mixin.py:190} INFO - Current task name:preprocess_and_aggregate state:running start_date:2025-04-18 09:30:22.908479+00:00
[2025-04-18T17:30:23.191+0800] {logging_mixin.py:190} INFO - Dag name:reddit_yf_scraper and current dag run status:running
[2025-04-18T17:30:23.191+0800] {taskinstance.py:732} INFO - ::endgroup::
[2025-04-18T17:30:27.389+0800] {logging_mixin.py:190} INFO - ✅ Processed and saved: /Users/ervinyeoh/Desktop/unimods/is3107/project/airflow/processed/AAPL_processed_20250418.csv
[2025-04-18T17:30:27.390+0800] {python.py:240} INFO - Done. Returned value was: None
[2025-04-18T17:30:27.396+0800] {taskinstance.py:341} INFO - ::group::Post task execution logs
[2025-04-18T17:30:27.397+0800] {taskinstance.py:353} INFO - Marking task as SUCCESS. dag_id=reddit_yf_scraper, task_id=preprocess_and_aggregate, run_id=manual__2025-04-18T09:28:20.702328+00:00, execution_date=20250418T092820, start_date=20250418T093022, end_date=20250418T093027
[2025-04-18T17:30:27.406+0800] {logging_mixin.py:190} INFO - Task instance in success state
[2025-04-18T17:30:27.406+0800] {logging_mixin.py:190} INFO -  Previous state of the Task instance: running
[2025-04-18T17:30:27.406+0800] {logging_mixin.py:190} INFO - Dag name:reddit_yf_scraper queued_at:2025-04-18 09:28:20.732996+00:00
[2025-04-18T17:30:27.406+0800] {logging_mixin.py:190} INFO - Task hostname:ervins-macbook-air-2.local operator:_PythonDecoratedOperator
[2025-04-18T17:30:27.460+0800] {local_task_job_runner.py:266} INFO - Task exited with return code 0
[2025-04-18T17:30:27.484+0800] {taskinstance.py:3901} INFO - 1 downstream tasks scheduled from follow-on schedule check
[2025-04-18T17:30:27.485+0800] {local_task_job_runner.py:245} INFO - ::endgroup::
