[2025-03-17T17:07:13.514+0800] {processor.py:186} INFO - Started process (PID=12812) to work on /Users/ervinyeoh/Desktop/unimods/is3107/project/.venv/lib/python3.11/site-packages/airflow/example_dags/example_nested_branch_dag.py
[2025-03-17T17:07:13.515+0800] {processor.py:914} INFO - Processing file /Users/ervinyeoh/Desktop/unimods/is3107/project/.venv/lib/python3.11/site-packages/airflow/example_dags/example_nested_branch_dag.py for tasks to queue
[2025-03-17T17:07:13.515+0800] {logging_mixin.py:190} INFO - [2025-03-17T17:07:13.515+0800] {dagbag.py:588} INFO - Filling up the DagBag from /Users/ervinyeoh/Desktop/unimods/is3107/project/.venv/lib/python3.11/site-packages/airflow/example_dags/example_nested_branch_dag.py
[2025-03-17T17:07:13.568+0800] {processor.py:925} INFO - DAG(s) 'example_nested_branch_dag' retrieved from /Users/ervinyeoh/Desktop/unimods/is3107/project/.venv/lib/python3.11/site-packages/airflow/example_dags/example_nested_branch_dag.py
[2025-03-17T17:07:13.623+0800] {logging_mixin.py:190} INFO - [2025-03-17T17:07:13.623+0800] {dag.py:3239} INFO - Sync 1 DAGs
[2025-03-17T17:07:13.633+0800] {logging_mixin.py:190} INFO - [2025-03-17T17:07:13.633+0800] {dag.py:4180} INFO - Setting next_dagrun for example_nested_branch_dag to 2025-03-16 00:00:00+00:00, run_after=2025-03-17 00:00:00+00:00
[2025-03-17T17:07:13.642+0800] {processor.py:208} INFO - Processing /Users/ervinyeoh/Desktop/unimods/is3107/project/.venv/lib/python3.11/site-packages/airflow/example_dags/example_nested_branch_dag.py took 0.130 seconds
[2025-03-17T17:09:24.041+0800] {processor.py:186} INFO - Started process (PID=13033) to work on /Users/ervinyeoh/Desktop/unimods/is3107/project/.venv/lib/python3.11/site-packages/airflow/example_dags/example_nested_branch_dag.py
[2025-03-17T17:09:24.043+0800] {processor.py:914} INFO - Processing file /Users/ervinyeoh/Desktop/unimods/is3107/project/.venv/lib/python3.11/site-packages/airflow/example_dags/example_nested_branch_dag.py for tasks to queue
[2025-03-17T17:09:24.044+0800] {logging_mixin.py:190} INFO - [2025-03-17T17:09:24.043+0800] {dagbag.py:588} INFO - Filling up the DagBag from /Users/ervinyeoh/Desktop/unimods/is3107/project/.venv/lib/python3.11/site-packages/airflow/example_dags/example_nested_branch_dag.py
[2025-03-17T17:09:24.105+0800] {processor.py:925} INFO - DAG(s) 'example_nested_branch_dag' retrieved from /Users/ervinyeoh/Desktop/unimods/is3107/project/.venv/lib/python3.11/site-packages/airflow/example_dags/example_nested_branch_dag.py
[2025-03-17T17:09:24.182+0800] {logging_mixin.py:190} INFO - [2025-03-17T17:09:24.182+0800] {dag.py:3239} INFO - Sync 1 DAGs
[2025-03-17T17:09:24.193+0800] {logging_mixin.py:190} INFO - [2025-03-17T17:09:24.193+0800] {dag.py:4180} INFO - Setting next_dagrun for example_nested_branch_dag to 2025-03-16 00:00:00+00:00, run_after=2025-03-17 00:00:00+00:00
[2025-03-17T17:09:24.205+0800] {processor.py:208} INFO - Processing /Users/ervinyeoh/Desktop/unimods/is3107/project/.venv/lib/python3.11/site-packages/airflow/example_dags/example_nested_branch_dag.py took 0.168 seconds
[2025-03-17T17:12:46.446+0800] {processor.py:186} INFO - Started process (PID=13362) to work on /Users/ervinyeoh/Desktop/unimods/is3107/project/.venv/lib/python3.11/site-packages/airflow/example_dags/example_nested_branch_dag.py
[2025-03-17T17:12:46.447+0800] {processor.py:914} INFO - Processing file /Users/ervinyeoh/Desktop/unimods/is3107/project/.venv/lib/python3.11/site-packages/airflow/example_dags/example_nested_branch_dag.py for tasks to queue
[2025-03-17T17:12:46.448+0800] {logging_mixin.py:190} INFO - [2025-03-17T17:12:46.447+0800] {dagbag.py:588} INFO - Filling up the DagBag from /Users/ervinyeoh/Desktop/unimods/is3107/project/.venv/lib/python3.11/site-packages/airflow/example_dags/example_nested_branch_dag.py
[2025-03-17T17:12:46.500+0800] {processor.py:925} INFO - DAG(s) 'example_nested_branch_dag' retrieved from /Users/ervinyeoh/Desktop/unimods/is3107/project/.venv/lib/python3.11/site-packages/airflow/example_dags/example_nested_branch_dag.py
[2025-03-17T17:12:46.552+0800] {logging_mixin.py:190} INFO - [2025-03-17T17:12:46.552+0800] {dag.py:3239} INFO - Sync 1 DAGs
[2025-03-17T17:12:46.563+0800] {logging_mixin.py:190} INFO - [2025-03-17T17:12:46.563+0800] {dag.py:4180} INFO - Setting next_dagrun for example_nested_branch_dag to 2025-03-16 00:00:00+00:00, run_after=2025-03-17 00:00:00+00:00
[2025-03-17T17:12:46.572+0800] {processor.py:208} INFO - Processing /Users/ervinyeoh/Desktop/unimods/is3107/project/.venv/lib/python3.11/site-packages/airflow/example_dags/example_nested_branch_dag.py took 0.128 seconds
[2025-03-17T17:16:00.734+0800] {processor.py:186} INFO - Started process (PID=13700) to work on /Users/ervinyeoh/Desktop/unimods/is3107/project/.venv/lib/python3.11/site-packages/airflow/example_dags/example_nested_branch_dag.py
[2025-03-17T17:16:00.735+0800] {processor.py:914} INFO - Processing file /Users/ervinyeoh/Desktop/unimods/is3107/project/.venv/lib/python3.11/site-packages/airflow/example_dags/example_nested_branch_dag.py for tasks to queue
[2025-03-17T17:16:00.736+0800] {logging_mixin.py:190} INFO - [2025-03-17T17:16:00.735+0800] {dagbag.py:588} INFO - Filling up the DagBag from /Users/ervinyeoh/Desktop/unimods/is3107/project/.venv/lib/python3.11/site-packages/airflow/example_dags/example_nested_branch_dag.py
[2025-03-17T17:16:00.791+0800] {processor.py:925} INFO - DAG(s) 'example_nested_branch_dag' retrieved from /Users/ervinyeoh/Desktop/unimods/is3107/project/.venv/lib/python3.11/site-packages/airflow/example_dags/example_nested_branch_dag.py
[2025-03-17T17:16:00.845+0800] {logging_mixin.py:190} INFO - [2025-03-17T17:16:00.844+0800] {dag.py:3239} INFO - Sync 1 DAGs
[2025-03-17T17:16:00.855+0800] {logging_mixin.py:190} INFO - [2025-03-17T17:16:00.855+0800] {dag.py:4180} INFO - Setting next_dagrun for example_nested_branch_dag to 2025-03-16 00:00:00+00:00, run_after=2025-03-17 00:00:00+00:00
[2025-03-17T17:16:00.866+0800] {processor.py:208} INFO - Processing /Users/ervinyeoh/Desktop/unimods/is3107/project/.venv/lib/python3.11/site-packages/airflow/example_dags/example_nested_branch_dag.py took 0.134 seconds
[2025-03-17T17:19:18.494+0800] {processor.py:186} INFO - Started process (PID=13925) to work on /Users/ervinyeoh/Desktop/unimods/is3107/project/.venv/lib/python3.11/site-packages/airflow/example_dags/example_nested_branch_dag.py
[2025-03-17T17:19:18.496+0800] {processor.py:914} INFO - Processing file /Users/ervinyeoh/Desktop/unimods/is3107/project/.venv/lib/python3.11/site-packages/airflow/example_dags/example_nested_branch_dag.py for tasks to queue
[2025-03-17T17:19:18.497+0800] {logging_mixin.py:190} INFO - [2025-03-17T17:19:18.496+0800] {dagbag.py:588} INFO - Filling up the DagBag from /Users/ervinyeoh/Desktop/unimods/is3107/project/.venv/lib/python3.11/site-packages/airflow/example_dags/example_nested_branch_dag.py
[2025-03-17T17:19:18.548+0800] {processor.py:925} INFO - DAG(s) 'example_nested_branch_dag' retrieved from /Users/ervinyeoh/Desktop/unimods/is3107/project/.venv/lib/python3.11/site-packages/airflow/example_dags/example_nested_branch_dag.py
[2025-03-17T17:19:18.600+0800] {logging_mixin.py:190} INFO - [2025-03-17T17:19:18.599+0800] {dag.py:3239} INFO - Sync 1 DAGs
[2025-03-17T17:19:18.609+0800] {logging_mixin.py:190} INFO - [2025-03-17T17:19:18.609+0800] {dag.py:4180} INFO - Setting next_dagrun for example_nested_branch_dag to 2025-03-16 00:00:00+00:00, run_after=2025-03-17 00:00:00+00:00
[2025-03-17T17:19:18.619+0800] {processor.py:208} INFO - Processing /Users/ervinyeoh/Desktop/unimods/is3107/project/.venv/lib/python3.11/site-packages/airflow/example_dags/example_nested_branch_dag.py took 0.126 seconds
[2025-03-17T17:22:33.942+0800] {processor.py:186} INFO - Started process (PID=14163) to work on /Users/ervinyeoh/Desktop/unimods/is3107/project/.venv/lib/python3.11/site-packages/airflow/example_dags/example_nested_branch_dag.py
[2025-03-17T17:22:33.944+0800] {processor.py:914} INFO - Processing file /Users/ervinyeoh/Desktop/unimods/is3107/project/.venv/lib/python3.11/site-packages/airflow/example_dags/example_nested_branch_dag.py for tasks to queue
[2025-03-17T17:22:33.944+0800] {logging_mixin.py:190} INFO - [2025-03-17T17:22:33.944+0800] {dagbag.py:588} INFO - Filling up the DagBag from /Users/ervinyeoh/Desktop/unimods/is3107/project/.venv/lib/python3.11/site-packages/airflow/example_dags/example_nested_branch_dag.py
[2025-03-17T17:22:33.996+0800] {processor.py:925} INFO - DAG(s) 'example_nested_branch_dag' retrieved from /Users/ervinyeoh/Desktop/unimods/is3107/project/.venv/lib/python3.11/site-packages/airflow/example_dags/example_nested_branch_dag.py
[2025-03-17T17:22:34.048+0800] {logging_mixin.py:190} INFO - [2025-03-17T17:22:34.048+0800] {dag.py:3239} INFO - Sync 1 DAGs
[2025-03-17T17:22:34.058+0800] {logging_mixin.py:190} INFO - [2025-03-17T17:22:34.058+0800] {dag.py:4180} INFO - Setting next_dagrun for example_nested_branch_dag to 2025-03-16 00:00:00+00:00, run_after=2025-03-17 00:00:00+00:00
[2025-03-17T17:22:34.068+0800] {processor.py:208} INFO - Processing /Users/ervinyeoh/Desktop/unimods/is3107/project/.venv/lib/python3.11/site-packages/airflow/example_dags/example_nested_branch_dag.py took 0.127 seconds
[2025-03-17T17:36:23.719+0800] {processor.py:186} INFO - Started process (PID=14497) to work on /Users/ervinyeoh/Desktop/unimods/is3107/project/.venv/lib/python3.11/site-packages/airflow/example_dags/example_nested_branch_dag.py
[2025-03-17T17:36:23.720+0800] {processor.py:914} INFO - Processing file /Users/ervinyeoh/Desktop/unimods/is3107/project/.venv/lib/python3.11/site-packages/airflow/example_dags/example_nested_branch_dag.py for tasks to queue
[2025-03-17T17:36:23.721+0800] {logging_mixin.py:190} INFO - [2025-03-17T17:36:23.720+0800] {dagbag.py:588} INFO - Filling up the DagBag from /Users/ervinyeoh/Desktop/unimods/is3107/project/.venv/lib/python3.11/site-packages/airflow/example_dags/example_nested_branch_dag.py
[2025-03-17T17:36:23.772+0800] {processor.py:925} INFO - DAG(s) 'example_nested_branch_dag' retrieved from /Users/ervinyeoh/Desktop/unimods/is3107/project/.venv/lib/python3.11/site-packages/airflow/example_dags/example_nested_branch_dag.py
[2025-03-17T17:36:23.827+0800] {logging_mixin.py:190} INFO - [2025-03-17T17:36:23.827+0800] {dag.py:3239} INFO - Sync 1 DAGs
[2025-03-17T17:36:23.837+0800] {logging_mixin.py:190} INFO - [2025-03-17T17:36:23.837+0800] {dag.py:4180} INFO - Setting next_dagrun for example_nested_branch_dag to 2025-03-16 00:00:00+00:00, run_after=2025-03-17 00:00:00+00:00
[2025-03-17T17:36:23.848+0800] {processor.py:208} INFO - Processing /Users/ervinyeoh/Desktop/unimods/is3107/project/.venv/lib/python3.11/site-packages/airflow/example_dags/example_nested_branch_dag.py took 0.130 seconds
[2025-03-17T19:39:41.554+0800] {processor.py:186} INFO - Started process (PID=14864) to work on /Users/ervinyeoh/Desktop/unimods/is3107/project/.venv/lib/python3.11/site-packages/airflow/example_dags/example_nested_branch_dag.py
[2025-03-17T19:39:41.554+0800] {processor.py:914} INFO - Processing file /Users/ervinyeoh/Desktop/unimods/is3107/project/.venv/lib/python3.11/site-packages/airflow/example_dags/example_nested_branch_dag.py for tasks to queue
[2025-03-17T19:39:41.555+0800] {logging_mixin.py:190} INFO - [2025-03-17T19:39:41.555+0800] {dagbag.py:588} INFO - Filling up the DagBag from /Users/ervinyeoh/Desktop/unimods/is3107/project/.venv/lib/python3.11/site-packages/airflow/example_dags/example_nested_branch_dag.py
[2025-03-17T19:39:41.620+0800] {processor.py:925} INFO - DAG(s) 'example_nested_branch_dag' retrieved from /Users/ervinyeoh/Desktop/unimods/is3107/project/.venv/lib/python3.11/site-packages/airflow/example_dags/example_nested_branch_dag.py
[2025-03-17T19:39:41.678+0800] {logging_mixin.py:190} INFO - [2025-03-17T19:39:41.677+0800] {dag.py:3239} INFO - Sync 1 DAGs
[2025-03-17T19:39:41.689+0800] {logging_mixin.py:190} INFO - [2025-03-17T19:39:41.689+0800] {dag.py:4180} INFO - Setting next_dagrun for example_nested_branch_dag to 2025-03-16 00:00:00+00:00, run_after=2025-03-17 00:00:00+00:00
[2025-03-17T19:39:41.700+0800] {processor.py:208} INFO - Processing /Users/ervinyeoh/Desktop/unimods/is3107/project/.venv/lib/python3.11/site-packages/airflow/example_dags/example_nested_branch_dag.py took 0.148 seconds
[2025-03-17T19:41:31.736+0800] {processor.py:186} INFO - Started process (PID=15126) to work on /Users/ervinyeoh/Desktop/unimods/is3107/project/.venv/lib/python3.11/site-packages/airflow/example_dags/example_nested_branch_dag.py
[2025-03-17T19:41:31.737+0800] {processor.py:914} INFO - Processing file /Users/ervinyeoh/Desktop/unimods/is3107/project/.venv/lib/python3.11/site-packages/airflow/example_dags/example_nested_branch_dag.py for tasks to queue
[2025-03-17T19:41:31.738+0800] {logging_mixin.py:190} INFO - [2025-03-17T19:41:31.738+0800] {dagbag.py:588} INFO - Filling up the DagBag from /Users/ervinyeoh/Desktop/unimods/is3107/project/.venv/lib/python3.11/site-packages/airflow/example_dags/example_nested_branch_dag.py
[2025-03-17T19:41:31.796+0800] {processor.py:925} INFO - DAG(s) 'example_nested_branch_dag' retrieved from /Users/ervinyeoh/Desktop/unimods/is3107/project/.venv/lib/python3.11/site-packages/airflow/example_dags/example_nested_branch_dag.py
[2025-03-17T19:41:31.857+0800] {logging_mixin.py:190} INFO - [2025-03-17T19:41:31.857+0800] {dag.py:3239} INFO - Sync 1 DAGs
[2025-03-17T19:41:31.869+0800] {logging_mixin.py:190} INFO - [2025-03-17T19:41:31.868+0800] {dag.py:4180} INFO - Setting next_dagrun for example_nested_branch_dag to 2025-03-16 00:00:00+00:00, run_after=2025-03-17 00:00:00+00:00
[2025-03-17T19:41:31.879+0800] {processor.py:208} INFO - Processing /Users/ervinyeoh/Desktop/unimods/is3107/project/.venv/lib/python3.11/site-packages/airflow/example_dags/example_nested_branch_dag.py took 0.145 seconds
[2025-03-17T19:41:35.704+0800] {processor.py:186} INFO - Started process (PID=15136) to work on /Users/ervinyeoh/Desktop/unimods/is3107/project/.venv/lib/python3.11/site-packages/airflow/example_dags/example_nested_branch_dag.py
[2025-03-17T19:41:35.705+0800] {processor.py:914} INFO - Processing file /Users/ervinyeoh/Desktop/unimods/is3107/project/.venv/lib/python3.11/site-packages/airflow/example_dags/example_nested_branch_dag.py for tasks to queue
[2025-03-17T19:41:35.705+0800] {logging_mixin.py:190} INFO - [2025-03-17T19:41:35.705+0800] {dagbag.py:588} INFO - Filling up the DagBag from /Users/ervinyeoh/Desktop/unimods/is3107/project/.venv/lib/python3.11/site-packages/airflow/example_dags/example_nested_branch_dag.py
[2025-03-17T19:41:35.763+0800] {processor.py:925} INFO - DAG(s) 'example_nested_branch_dag' retrieved from /Users/ervinyeoh/Desktop/unimods/is3107/project/.venv/lib/python3.11/site-packages/airflow/example_dags/example_nested_branch_dag.py
[2025-03-17T19:41:35.816+0800] {logging_mixin.py:190} INFO - [2025-03-17T19:41:35.816+0800] {dag.py:3239} INFO - Sync 1 DAGs
[2025-03-17T19:41:35.826+0800] {logging_mixin.py:190} INFO - [2025-03-17T19:41:35.826+0800] {dag.py:4180} INFO - Setting next_dagrun for example_nested_branch_dag to 2025-03-16 00:00:00+00:00, run_after=2025-03-17 00:00:00+00:00
[2025-03-17T19:41:35.837+0800] {processor.py:208} INFO - Processing /Users/ervinyeoh/Desktop/unimods/is3107/project/.venv/lib/python3.11/site-packages/airflow/example_dags/example_nested_branch_dag.py took 0.135 seconds
[2025-03-17T19:44:20.806+0800] {processor.py:186} INFO - Started process (PID=15486) to work on /Users/ervinyeoh/Desktop/unimods/is3107/project/.venv/lib/python3.11/site-packages/airflow/example_dags/example_nested_branch_dag.py
[2025-03-17T19:44:20.808+0800] {processor.py:914} INFO - Processing file /Users/ervinyeoh/Desktop/unimods/is3107/project/.venv/lib/python3.11/site-packages/airflow/example_dags/example_nested_branch_dag.py for tasks to queue
[2025-03-17T19:44:20.808+0800] {logging_mixin.py:190} INFO - [2025-03-17T19:44:20.808+0800] {dagbag.py:588} INFO - Filling up the DagBag from /Users/ervinyeoh/Desktop/unimods/is3107/project/.venv/lib/python3.11/site-packages/airflow/example_dags/example_nested_branch_dag.py
[2025-03-17T19:44:20.862+0800] {processor.py:925} INFO - DAG(s) 'example_nested_branch_dag' retrieved from /Users/ervinyeoh/Desktop/unimods/is3107/project/.venv/lib/python3.11/site-packages/airflow/example_dags/example_nested_branch_dag.py
[2025-03-17T19:44:20.914+0800] {logging_mixin.py:190} INFO - [2025-03-17T19:44:20.914+0800] {dag.py:3239} INFO - Sync 1 DAGs
[2025-03-17T19:44:20.924+0800] {logging_mixin.py:190} INFO - [2025-03-17T19:44:20.924+0800] {dag.py:4180} INFO - Setting next_dagrun for example_nested_branch_dag to 2025-03-16 00:00:00+00:00, run_after=2025-03-17 00:00:00+00:00
[2025-03-17T19:44:20.934+0800] {processor.py:208} INFO - Processing /Users/ervinyeoh/Desktop/unimods/is3107/project/.venv/lib/python3.11/site-packages/airflow/example_dags/example_nested_branch_dag.py took 0.129 seconds
[2025-03-17T19:45:21.523+0800] {processor.py:186} INFO - Started process (PID=15633) to work on /Users/ervinyeoh/Desktop/unimods/is3107/project/.venv/lib/python3.11/site-packages/airflow/example_dags/example_nested_branch_dag.py
[2025-03-17T19:45:21.525+0800] {processor.py:914} INFO - Processing file /Users/ervinyeoh/Desktop/unimods/is3107/project/.venv/lib/python3.11/site-packages/airflow/example_dags/example_nested_branch_dag.py for tasks to queue
[2025-03-17T19:45:21.525+0800] {logging_mixin.py:190} INFO - [2025-03-17T19:45:21.525+0800] {dagbag.py:588} INFO - Filling up the DagBag from /Users/ervinyeoh/Desktop/unimods/is3107/project/.venv/lib/python3.11/site-packages/airflow/example_dags/example_nested_branch_dag.py
[2025-03-17T19:45:21.583+0800] {processor.py:925} INFO - DAG(s) 'example_nested_branch_dag' retrieved from /Users/ervinyeoh/Desktop/unimods/is3107/project/.venv/lib/python3.11/site-packages/airflow/example_dags/example_nested_branch_dag.py
[2025-03-17T19:45:21.634+0800] {logging_mixin.py:190} INFO - [2025-03-17T19:45:21.634+0800] {dag.py:3239} INFO - Sync 1 DAGs
[2025-03-17T19:45:21.645+0800] {logging_mixin.py:190} INFO - [2025-03-17T19:45:21.645+0800] {dag.py:4180} INFO - Setting next_dagrun for example_nested_branch_dag to 2025-03-16 00:00:00+00:00, run_after=2025-03-17 00:00:00+00:00
[2025-03-17T19:45:21.654+0800] {processor.py:208} INFO - Processing /Users/ervinyeoh/Desktop/unimods/is3107/project/.venv/lib/python3.11/site-packages/airflow/example_dags/example_nested_branch_dag.py took 0.133 seconds
[2025-03-17T19:46:32.361+0800] {processor.py:186} INFO - Started process (PID=15816) to work on /Users/ervinyeoh/Desktop/unimods/is3107/project/.venv/lib/python3.11/site-packages/airflow/example_dags/example_nested_branch_dag.py
[2025-03-17T19:46:32.363+0800] {processor.py:914} INFO - Processing file /Users/ervinyeoh/Desktop/unimods/is3107/project/.venv/lib/python3.11/site-packages/airflow/example_dags/example_nested_branch_dag.py for tasks to queue
[2025-03-17T19:46:32.363+0800] {logging_mixin.py:190} INFO - [2025-03-17T19:46:32.363+0800] {dagbag.py:588} INFO - Filling up the DagBag from /Users/ervinyeoh/Desktop/unimods/is3107/project/.venv/lib/python3.11/site-packages/airflow/example_dags/example_nested_branch_dag.py
[2025-03-17T19:46:32.423+0800] {processor.py:925} INFO - DAG(s) 'example_nested_branch_dag' retrieved from /Users/ervinyeoh/Desktop/unimods/is3107/project/.venv/lib/python3.11/site-packages/airflow/example_dags/example_nested_branch_dag.py
[2025-03-17T19:46:32.477+0800] {logging_mixin.py:190} INFO - [2025-03-17T19:46:32.477+0800] {dag.py:3239} INFO - Sync 1 DAGs
[2025-03-17T19:46:32.488+0800] {logging_mixin.py:190} INFO - [2025-03-17T19:46:32.487+0800] {dag.py:4180} INFO - Setting next_dagrun for example_nested_branch_dag to 2025-03-16 00:00:00+00:00, run_after=2025-03-17 00:00:00+00:00
[2025-03-17T19:46:32.497+0800] {processor.py:208} INFO - Processing /Users/ervinyeoh/Desktop/unimods/is3107/project/.venv/lib/python3.11/site-packages/airflow/example_dags/example_nested_branch_dag.py took 0.137 seconds
[2025-03-17T19:47:33.305+0800] {processor.py:186} INFO - Started process (PID=15933) to work on /Users/ervinyeoh/Desktop/unimods/is3107/project/.venv/lib/python3.11/site-packages/airflow/example_dags/example_nested_branch_dag.py
[2025-03-17T19:47:33.306+0800] {processor.py:914} INFO - Processing file /Users/ervinyeoh/Desktop/unimods/is3107/project/.venv/lib/python3.11/site-packages/airflow/example_dags/example_nested_branch_dag.py for tasks to queue
[2025-03-17T19:47:33.307+0800] {logging_mixin.py:190} INFO - [2025-03-17T19:47:33.306+0800] {dagbag.py:588} INFO - Filling up the DagBag from /Users/ervinyeoh/Desktop/unimods/is3107/project/.venv/lib/python3.11/site-packages/airflow/example_dags/example_nested_branch_dag.py
[2025-03-17T19:47:33.361+0800] {processor.py:925} INFO - DAG(s) 'example_nested_branch_dag' retrieved from /Users/ervinyeoh/Desktop/unimods/is3107/project/.venv/lib/python3.11/site-packages/airflow/example_dags/example_nested_branch_dag.py
[2025-03-17T19:47:33.412+0800] {logging_mixin.py:190} INFO - [2025-03-17T19:47:33.412+0800] {dag.py:3239} INFO - Sync 1 DAGs
[2025-03-17T19:47:33.422+0800] {logging_mixin.py:190} INFO - [2025-03-17T19:47:33.422+0800] {dag.py:4180} INFO - Setting next_dagrun for example_nested_branch_dag to 2025-03-16 00:00:00+00:00, run_after=2025-03-17 00:00:00+00:00
[2025-03-17T19:47:33.431+0800] {processor.py:208} INFO - Processing /Users/ervinyeoh/Desktop/unimods/is3107/project/.venv/lib/python3.11/site-packages/airflow/example_dags/example_nested_branch_dag.py took 0.128 seconds
[2025-03-17T19:49:53.845+0800] {processor.py:186} INFO - Started process (PID=16211) to work on /Users/ervinyeoh/Desktop/unimods/is3107/project/.venv/lib/python3.11/site-packages/airflow/example_dags/example_nested_branch_dag.py
[2025-03-17T19:49:53.846+0800] {processor.py:914} INFO - Processing file /Users/ervinyeoh/Desktop/unimods/is3107/project/.venv/lib/python3.11/site-packages/airflow/example_dags/example_nested_branch_dag.py for tasks to queue
[2025-03-17T19:49:53.847+0800] {logging_mixin.py:190} INFO - [2025-03-17T19:49:53.847+0800] {dagbag.py:588} INFO - Filling up the DagBag from /Users/ervinyeoh/Desktop/unimods/is3107/project/.venv/lib/python3.11/site-packages/airflow/example_dags/example_nested_branch_dag.py
[2025-03-17T19:49:53.899+0800] {processor.py:925} INFO - DAG(s) 'example_nested_branch_dag' retrieved from /Users/ervinyeoh/Desktop/unimods/is3107/project/.venv/lib/python3.11/site-packages/airflow/example_dags/example_nested_branch_dag.py
[2025-03-17T19:49:53.951+0800] {logging_mixin.py:190} INFO - [2025-03-17T19:49:53.950+0800] {dag.py:3239} INFO - Sync 1 DAGs
[2025-03-17T19:49:53.960+0800] {logging_mixin.py:190} INFO - [2025-03-17T19:49:53.960+0800] {dag.py:4180} INFO - Setting next_dagrun for example_nested_branch_dag to 2025-03-16 00:00:00+00:00, run_after=2025-03-17 00:00:00+00:00
[2025-03-17T19:49:53.970+0800] {processor.py:208} INFO - Processing /Users/ervinyeoh/Desktop/unimods/is3107/project/.venv/lib/python3.11/site-packages/airflow/example_dags/example_nested_branch_dag.py took 0.126 seconds
[2025-03-17T19:50:58.998+0800] {processor.py:186} INFO - Started process (PID=16345) to work on /Users/ervinyeoh/Desktop/unimods/is3107/project/.venv/lib/python3.11/site-packages/airflow/example_dags/example_nested_branch_dag.py
[2025-03-17T19:50:58.999+0800] {processor.py:914} INFO - Processing file /Users/ervinyeoh/Desktop/unimods/is3107/project/.venv/lib/python3.11/site-packages/airflow/example_dags/example_nested_branch_dag.py for tasks to queue
[2025-03-17T19:50:59.000+0800] {logging_mixin.py:190} INFO - [2025-03-17T19:50:59.000+0800] {dagbag.py:588} INFO - Filling up the DagBag from /Users/ervinyeoh/Desktop/unimods/is3107/project/.venv/lib/python3.11/site-packages/airflow/example_dags/example_nested_branch_dag.py
[2025-03-17T19:50:59.059+0800] {processor.py:925} INFO - DAG(s) 'example_nested_branch_dag' retrieved from /Users/ervinyeoh/Desktop/unimods/is3107/project/.venv/lib/python3.11/site-packages/airflow/example_dags/example_nested_branch_dag.py
[2025-03-17T19:50:59.123+0800] {logging_mixin.py:190} INFO - [2025-03-17T19:50:59.123+0800] {dag.py:3239} INFO - Sync 1 DAGs
[2025-03-17T19:50:59.136+0800] {logging_mixin.py:190} INFO - [2025-03-17T19:50:59.136+0800] {dag.py:4180} INFO - Setting next_dagrun for example_nested_branch_dag to 2025-03-16 00:00:00+00:00, run_after=2025-03-17 00:00:00+00:00
[2025-03-17T19:50:59.147+0800] {processor.py:208} INFO - Processing /Users/ervinyeoh/Desktop/unimods/is3107/project/.venv/lib/python3.11/site-packages/airflow/example_dags/example_nested_branch_dag.py took 0.151 seconds
[2025-03-17T19:53:12.339+0800] {processor.py:186} INFO - Started process (PID=16608) to work on /Users/ervinyeoh/Desktop/unimods/is3107/project/.venv/lib/python3.11/site-packages/airflow/example_dags/example_nested_branch_dag.py
[2025-03-17T19:53:12.340+0800] {processor.py:914} INFO - Processing file /Users/ervinyeoh/Desktop/unimods/is3107/project/.venv/lib/python3.11/site-packages/airflow/example_dags/example_nested_branch_dag.py for tasks to queue
[2025-03-17T19:53:12.340+0800] {logging_mixin.py:190} INFO - [2025-03-17T19:53:12.340+0800] {dagbag.py:588} INFO - Filling up the DagBag from /Users/ervinyeoh/Desktop/unimods/is3107/project/.venv/lib/python3.11/site-packages/airflow/example_dags/example_nested_branch_dag.py
[2025-03-17T19:53:12.394+0800] {processor.py:925} INFO - DAG(s) 'example_nested_branch_dag' retrieved from /Users/ervinyeoh/Desktop/unimods/is3107/project/.venv/lib/python3.11/site-packages/airflow/example_dags/example_nested_branch_dag.py
[2025-03-17T19:53:12.446+0800] {logging_mixin.py:190} INFO - [2025-03-17T19:53:12.445+0800] {dag.py:3239} INFO - Sync 1 DAGs
[2025-03-17T19:53:12.456+0800] {logging_mixin.py:190} INFO - [2025-03-17T19:53:12.456+0800] {dag.py:4180} INFO - Setting next_dagrun for example_nested_branch_dag to 2025-03-16 00:00:00+00:00, run_after=2025-03-17 00:00:00+00:00
[2025-03-17T19:53:12.466+0800] {processor.py:208} INFO - Processing /Users/ervinyeoh/Desktop/unimods/is3107/project/.venv/lib/python3.11/site-packages/airflow/example_dags/example_nested_branch_dag.py took 0.128 seconds
[2025-03-17T19:54:18.904+0800] {processor.py:186} INFO - Started process (PID=16763) to work on /Users/ervinyeoh/Desktop/unimods/is3107/project/.venv/lib/python3.11/site-packages/airflow/example_dags/example_nested_branch_dag.py
[2025-03-17T19:54:18.905+0800] {processor.py:914} INFO - Processing file /Users/ervinyeoh/Desktop/unimods/is3107/project/.venv/lib/python3.11/site-packages/airflow/example_dags/example_nested_branch_dag.py for tasks to queue
[2025-03-17T19:54:18.906+0800] {logging_mixin.py:190} INFO - [2025-03-17T19:54:18.906+0800] {dagbag.py:588} INFO - Filling up the DagBag from /Users/ervinyeoh/Desktop/unimods/is3107/project/.venv/lib/python3.11/site-packages/airflow/example_dags/example_nested_branch_dag.py
[2025-03-17T19:54:18.970+0800] {processor.py:925} INFO - DAG(s) 'example_nested_branch_dag' retrieved from /Users/ervinyeoh/Desktop/unimods/is3107/project/.venv/lib/python3.11/site-packages/airflow/example_dags/example_nested_branch_dag.py
[2025-03-17T19:54:19.028+0800] {logging_mixin.py:190} INFO - [2025-03-17T19:54:19.027+0800] {dag.py:3239} INFO - Sync 1 DAGs
[2025-03-17T19:54:19.039+0800] {logging_mixin.py:190} INFO - [2025-03-17T19:54:19.038+0800] {dag.py:4180} INFO - Setting next_dagrun for example_nested_branch_dag to 2025-03-16 00:00:00+00:00, run_after=2025-03-17 00:00:00+00:00
[2025-03-17T19:54:19.049+0800] {processor.py:208} INFO - Processing /Users/ervinyeoh/Desktop/unimods/is3107/project/.venv/lib/python3.11/site-packages/airflow/example_dags/example_nested_branch_dag.py took 0.147 seconds
[2025-03-17T19:56:39.483+0800] {processor.py:186} INFO - Started process (PID=17152) to work on /Users/ervinyeoh/Desktop/unimods/is3107/project/.venv/lib/python3.11/site-packages/airflow/example_dags/example_nested_branch_dag.py
[2025-03-17T19:56:39.484+0800] {processor.py:914} INFO - Processing file /Users/ervinyeoh/Desktop/unimods/is3107/project/.venv/lib/python3.11/site-packages/airflow/example_dags/example_nested_branch_dag.py for tasks to queue
[2025-03-17T19:56:39.485+0800] {logging_mixin.py:190} INFO - [2025-03-17T19:56:39.485+0800] {dagbag.py:588} INFO - Filling up the DagBag from /Users/ervinyeoh/Desktop/unimods/is3107/project/.venv/lib/python3.11/site-packages/airflow/example_dags/example_nested_branch_dag.py
[2025-03-17T19:56:39.554+0800] {processor.py:925} INFO - DAG(s) 'example_nested_branch_dag' retrieved from /Users/ervinyeoh/Desktop/unimods/is3107/project/.venv/lib/python3.11/site-packages/airflow/example_dags/example_nested_branch_dag.py
[2025-03-17T19:56:39.610+0800] {logging_mixin.py:190} INFO - [2025-03-17T19:56:39.610+0800] {dag.py:3239} INFO - Sync 1 DAGs
[2025-03-17T19:56:39.622+0800] {logging_mixin.py:190} INFO - [2025-03-17T19:56:39.621+0800] {dag.py:4180} INFO - Setting next_dagrun for example_nested_branch_dag to 2025-03-16 00:00:00+00:00, run_after=2025-03-17 00:00:00+00:00
[2025-03-17T19:56:39.633+0800] {processor.py:208} INFO - Processing /Users/ervinyeoh/Desktop/unimods/is3107/project/.venv/lib/python3.11/site-packages/airflow/example_dags/example_nested_branch_dag.py took 0.151 seconds
[2025-03-17T19:57:47.003+0800] {processor.py:186} INFO - Started process (PID=17334) to work on /Users/ervinyeoh/Desktop/unimods/is3107/project/.venv/lib/python3.11/site-packages/airflow/example_dags/example_nested_branch_dag.py
[2025-03-17T19:57:47.004+0800] {processor.py:914} INFO - Processing file /Users/ervinyeoh/Desktop/unimods/is3107/project/.venv/lib/python3.11/site-packages/airflow/example_dags/example_nested_branch_dag.py for tasks to queue
[2025-03-17T19:57:47.004+0800] {logging_mixin.py:190} INFO - [2025-03-17T19:57:47.004+0800] {dagbag.py:588} INFO - Filling up the DagBag from /Users/ervinyeoh/Desktop/unimods/is3107/project/.venv/lib/python3.11/site-packages/airflow/example_dags/example_nested_branch_dag.py
[2025-03-17T19:57:47.056+0800] {processor.py:925} INFO - DAG(s) 'example_nested_branch_dag' retrieved from /Users/ervinyeoh/Desktop/unimods/is3107/project/.venv/lib/python3.11/site-packages/airflow/example_dags/example_nested_branch_dag.py
[2025-03-17T19:57:47.108+0800] {logging_mixin.py:190} INFO - [2025-03-17T19:57:47.108+0800] {dag.py:3239} INFO - Sync 1 DAGs
[2025-03-17T19:57:47.118+0800] {logging_mixin.py:190} INFO - [2025-03-17T19:57:47.118+0800] {dag.py:4180} INFO - Setting next_dagrun for example_nested_branch_dag to 2025-03-16 00:00:00+00:00, run_after=2025-03-17 00:00:00+00:00
[2025-03-17T19:57:47.128+0800] {processor.py:208} INFO - Processing /Users/ervinyeoh/Desktop/unimods/is3107/project/.venv/lib/python3.11/site-packages/airflow/example_dags/example_nested_branch_dag.py took 0.127 seconds
[2025-03-17T20:00:02.041+0800] {processor.py:186} INFO - Started process (PID=17625) to work on /Users/ervinyeoh/Desktop/unimods/is3107/project/.venv/lib/python3.11/site-packages/airflow/example_dags/example_nested_branch_dag.py
[2025-03-17T20:00:02.042+0800] {processor.py:914} INFO - Processing file /Users/ervinyeoh/Desktop/unimods/is3107/project/.venv/lib/python3.11/site-packages/airflow/example_dags/example_nested_branch_dag.py for tasks to queue
[2025-03-17T20:00:02.042+0800] {logging_mixin.py:190} INFO - [2025-03-17T20:00:02.042+0800] {dagbag.py:588} INFO - Filling up the DagBag from /Users/ervinyeoh/Desktop/unimods/is3107/project/.venv/lib/python3.11/site-packages/airflow/example_dags/example_nested_branch_dag.py
[2025-03-17T20:00:02.102+0800] {processor.py:925} INFO - DAG(s) 'example_nested_branch_dag' retrieved from /Users/ervinyeoh/Desktop/unimods/is3107/project/.venv/lib/python3.11/site-packages/airflow/example_dags/example_nested_branch_dag.py
[2025-03-17T20:00:02.163+0800] {logging_mixin.py:190} INFO - [2025-03-17T20:00:02.163+0800] {dag.py:3239} INFO - Sync 1 DAGs
[2025-03-17T20:00:02.174+0800] {logging_mixin.py:190} INFO - [2025-03-17T20:00:02.173+0800] {dag.py:4180} INFO - Setting next_dagrun for example_nested_branch_dag to 2025-03-16 00:00:00+00:00, run_after=2025-03-17 00:00:00+00:00
[2025-03-17T20:00:02.184+0800] {processor.py:208} INFO - Processing /Users/ervinyeoh/Desktop/unimods/is3107/project/.venv/lib/python3.11/site-packages/airflow/example_dags/example_nested_branch_dag.py took 0.145 seconds
[2025-03-17T20:01:19.337+0800] {processor.py:186} INFO - Started process (PID=17815) to work on /Users/ervinyeoh/Desktop/unimods/is3107/project/.venv/lib/python3.11/site-packages/airflow/example_dags/example_nested_branch_dag.py
[2025-03-17T20:01:19.337+0800] {processor.py:914} INFO - Processing file /Users/ervinyeoh/Desktop/unimods/is3107/project/.venv/lib/python3.11/site-packages/airflow/example_dags/example_nested_branch_dag.py for tasks to queue
[2025-03-17T20:01:19.338+0800] {logging_mixin.py:190} INFO - [2025-03-17T20:01:19.338+0800] {dagbag.py:588} INFO - Filling up the DagBag from /Users/ervinyeoh/Desktop/unimods/is3107/project/.venv/lib/python3.11/site-packages/airflow/example_dags/example_nested_branch_dag.py
[2025-03-17T20:01:19.392+0800] {processor.py:925} INFO - DAG(s) 'example_nested_branch_dag' retrieved from /Users/ervinyeoh/Desktop/unimods/is3107/project/.venv/lib/python3.11/site-packages/airflow/example_dags/example_nested_branch_dag.py
[2025-03-17T20:01:19.444+0800] {logging_mixin.py:190} INFO - [2025-03-17T20:01:19.444+0800] {dag.py:3239} INFO - Sync 1 DAGs
[2025-03-17T20:01:19.454+0800] {logging_mixin.py:190} INFO - [2025-03-17T20:01:19.454+0800] {dag.py:4180} INFO - Setting next_dagrun for example_nested_branch_dag to 2025-03-16 00:00:00+00:00, run_after=2025-03-17 00:00:00+00:00
[2025-03-17T20:01:19.463+0800] {processor.py:208} INFO - Processing /Users/ervinyeoh/Desktop/unimods/is3107/project/.venv/lib/python3.11/site-packages/airflow/example_dags/example_nested_branch_dag.py took 0.129 seconds
[2025-03-17T20:03:24.643+0800] {processor.py:186} INFO - Started process (PID=18107) to work on /Users/ervinyeoh/Desktop/unimods/is3107/project/.venv/lib/python3.11/site-packages/airflow/example_dags/example_nested_branch_dag.py
[2025-03-17T20:03:24.644+0800] {processor.py:914} INFO - Processing file /Users/ervinyeoh/Desktop/unimods/is3107/project/.venv/lib/python3.11/site-packages/airflow/example_dags/example_nested_branch_dag.py for tasks to queue
[2025-03-17T20:03:24.644+0800] {logging_mixin.py:190} INFO - [2025-03-17T20:03:24.644+0800] {dagbag.py:588} INFO - Filling up the DagBag from /Users/ervinyeoh/Desktop/unimods/is3107/project/.venv/lib/python3.11/site-packages/airflow/example_dags/example_nested_branch_dag.py
[2025-03-17T20:03:24.701+0800] {processor.py:925} INFO - DAG(s) 'example_nested_branch_dag' retrieved from /Users/ervinyeoh/Desktop/unimods/is3107/project/.venv/lib/python3.11/site-packages/airflow/example_dags/example_nested_branch_dag.py
[2025-03-17T20:03:24.752+0800] {logging_mixin.py:190} INFO - [2025-03-17T20:03:24.752+0800] {dag.py:3239} INFO - Sync 1 DAGs
[2025-03-17T20:03:24.762+0800] {logging_mixin.py:190} INFO - [2025-03-17T20:03:24.762+0800] {dag.py:4180} INFO - Setting next_dagrun for example_nested_branch_dag to 2025-03-16 00:00:00+00:00, run_after=2025-03-17 00:00:00+00:00
[2025-03-17T20:03:24.772+0800] {processor.py:208} INFO - Processing /Users/ervinyeoh/Desktop/unimods/is3107/project/.venv/lib/python3.11/site-packages/airflow/example_dags/example_nested_branch_dag.py took 0.131 seconds
[2025-03-17T20:04:44.205+0800] {processor.py:186} INFO - Started process (PID=18275) to work on /Users/ervinyeoh/Desktop/unimods/is3107/project/.venv/lib/python3.11/site-packages/airflow/example_dags/example_nested_branch_dag.py
[2025-03-17T20:04:44.206+0800] {processor.py:914} INFO - Processing file /Users/ervinyeoh/Desktop/unimods/is3107/project/.venv/lib/python3.11/site-packages/airflow/example_dags/example_nested_branch_dag.py for tasks to queue
[2025-03-17T20:04:44.206+0800] {logging_mixin.py:190} INFO - [2025-03-17T20:04:44.206+0800] {dagbag.py:588} INFO - Filling up the DagBag from /Users/ervinyeoh/Desktop/unimods/is3107/project/.venv/lib/python3.11/site-packages/airflow/example_dags/example_nested_branch_dag.py
[2025-03-17T20:04:44.264+0800] {processor.py:925} INFO - DAG(s) 'example_nested_branch_dag' retrieved from /Users/ervinyeoh/Desktop/unimods/is3107/project/.venv/lib/python3.11/site-packages/airflow/example_dags/example_nested_branch_dag.py
[2025-03-17T20:04:44.320+0800] {logging_mixin.py:190} INFO - [2025-03-17T20:04:44.320+0800] {dag.py:3239} INFO - Sync 1 DAGs
[2025-03-17T20:04:44.333+0800] {logging_mixin.py:190} INFO - [2025-03-17T20:04:44.333+0800] {dag.py:4180} INFO - Setting next_dagrun for example_nested_branch_dag to 2025-03-16 00:00:00+00:00, run_after=2025-03-17 00:00:00+00:00
[2025-03-17T20:04:44.343+0800] {processor.py:208} INFO - Processing /Users/ervinyeoh/Desktop/unimods/is3107/project/.venv/lib/python3.11/site-packages/airflow/example_dags/example_nested_branch_dag.py took 0.140 seconds
[2025-03-17T20:06:42.786+0800] {processor.py:186} INFO - Started process (PID=18531) to work on /Users/ervinyeoh/Desktop/unimods/is3107/project/.venv/lib/python3.11/site-packages/airflow/example_dags/example_nested_branch_dag.py
[2025-03-17T20:06:42.787+0800] {processor.py:914} INFO - Processing file /Users/ervinyeoh/Desktop/unimods/is3107/project/.venv/lib/python3.11/site-packages/airflow/example_dags/example_nested_branch_dag.py for tasks to queue
[2025-03-17T20:06:42.788+0800] {logging_mixin.py:190} INFO - [2025-03-17T20:06:42.788+0800] {dagbag.py:588} INFO - Filling up the DagBag from /Users/ervinyeoh/Desktop/unimods/is3107/project/.venv/lib/python3.11/site-packages/airflow/example_dags/example_nested_branch_dag.py
[2025-03-17T20:06:42.842+0800] {processor.py:925} INFO - DAG(s) 'example_nested_branch_dag' retrieved from /Users/ervinyeoh/Desktop/unimods/is3107/project/.venv/lib/python3.11/site-packages/airflow/example_dags/example_nested_branch_dag.py
[2025-03-17T20:06:42.894+0800] {logging_mixin.py:190} INFO - [2025-03-17T20:06:42.893+0800] {dag.py:3239} INFO - Sync 1 DAGs
[2025-03-17T20:06:42.903+0800] {logging_mixin.py:190} INFO - [2025-03-17T20:06:42.903+0800] {dag.py:4180} INFO - Setting next_dagrun for example_nested_branch_dag to 2025-03-16 00:00:00+00:00, run_after=2025-03-17 00:00:00+00:00
[2025-03-17T20:06:42.913+0800] {processor.py:208} INFO - Processing /Users/ervinyeoh/Desktop/unimods/is3107/project/.venv/lib/python3.11/site-packages/airflow/example_dags/example_nested_branch_dag.py took 0.128 seconds
[2025-03-17T20:08:06.640+0800] {processor.py:186} INFO - Started process (PID=18741) to work on /Users/ervinyeoh/Desktop/unimods/is3107/project/.venv/lib/python3.11/site-packages/airflow/example_dags/example_nested_branch_dag.py
[2025-03-17T20:08:06.641+0800] {processor.py:914} INFO - Processing file /Users/ervinyeoh/Desktop/unimods/is3107/project/.venv/lib/python3.11/site-packages/airflow/example_dags/example_nested_branch_dag.py for tasks to queue
[2025-03-17T20:08:06.642+0800] {logging_mixin.py:190} INFO - [2025-03-17T20:08:06.642+0800] {dagbag.py:588} INFO - Filling up the DagBag from /Users/ervinyeoh/Desktop/unimods/is3107/project/.venv/lib/python3.11/site-packages/airflow/example_dags/example_nested_branch_dag.py
[2025-03-17T20:08:06.697+0800] {processor.py:925} INFO - DAG(s) 'example_nested_branch_dag' retrieved from /Users/ervinyeoh/Desktop/unimods/is3107/project/.venv/lib/python3.11/site-packages/airflow/example_dags/example_nested_branch_dag.py
[2025-03-17T20:08:06.750+0800] {logging_mixin.py:190} INFO - [2025-03-17T20:08:06.750+0800] {dag.py:3239} INFO - Sync 1 DAGs
[2025-03-17T20:08:06.760+0800] {logging_mixin.py:190} INFO - [2025-03-17T20:08:06.759+0800] {dag.py:4180} INFO - Setting next_dagrun for example_nested_branch_dag to 2025-03-16 00:00:00+00:00, run_after=2025-03-17 00:00:00+00:00
[2025-03-17T20:08:06.769+0800] {processor.py:208} INFO - Processing /Users/ervinyeoh/Desktop/unimods/is3107/project/.venv/lib/python3.11/site-packages/airflow/example_dags/example_nested_branch_dag.py took 0.131 seconds
[2025-03-17T20:10:11.794+0800] {processor.py:186} INFO - Started process (PID=19036) to work on /Users/ervinyeoh/Desktop/unimods/is3107/project/.venv/lib/python3.11/site-packages/airflow/example_dags/example_nested_branch_dag.py
[2025-03-17T20:10:11.796+0800] {processor.py:914} INFO - Processing file /Users/ervinyeoh/Desktop/unimods/is3107/project/.venv/lib/python3.11/site-packages/airflow/example_dags/example_nested_branch_dag.py for tasks to queue
[2025-03-17T20:10:11.796+0800] {logging_mixin.py:190} INFO - [2025-03-17T20:10:11.796+0800] {dagbag.py:588} INFO - Filling up the DagBag from /Users/ervinyeoh/Desktop/unimods/is3107/project/.venv/lib/python3.11/site-packages/airflow/example_dags/example_nested_branch_dag.py
[2025-03-17T20:10:11.851+0800] {processor.py:925} INFO - DAG(s) 'example_nested_branch_dag' retrieved from /Users/ervinyeoh/Desktop/unimods/is3107/project/.venv/lib/python3.11/site-packages/airflow/example_dags/example_nested_branch_dag.py
[2025-03-17T20:10:11.904+0800] {logging_mixin.py:190} INFO - [2025-03-17T20:10:11.904+0800] {dag.py:3239} INFO - Sync 1 DAGs
[2025-03-17T20:10:11.915+0800] {logging_mixin.py:190} INFO - [2025-03-17T20:10:11.914+0800] {dag.py:4180} INFO - Setting next_dagrun for example_nested_branch_dag to 2025-03-16 00:00:00+00:00, run_after=2025-03-17 00:00:00+00:00
[2025-03-17T20:10:11.925+0800] {processor.py:208} INFO - Processing /Users/ervinyeoh/Desktop/unimods/is3107/project/.venv/lib/python3.11/site-packages/airflow/example_dags/example_nested_branch_dag.py took 0.133 seconds
[2025-03-17T20:11:44.888+0800] {processor.py:186} INFO - Started process (PID=19244) to work on /Users/ervinyeoh/Desktop/unimods/is3107/project/.venv/lib/python3.11/site-packages/airflow/example_dags/example_nested_branch_dag.py
[2025-03-17T20:11:44.890+0800] {processor.py:914} INFO - Processing file /Users/ervinyeoh/Desktop/unimods/is3107/project/.venv/lib/python3.11/site-packages/airflow/example_dags/example_nested_branch_dag.py for tasks to queue
[2025-03-17T20:11:44.890+0800] {logging_mixin.py:190} INFO - [2025-03-17T20:11:44.890+0800] {dagbag.py:588} INFO - Filling up the DagBag from /Users/ervinyeoh/Desktop/unimods/is3107/project/.venv/lib/python3.11/site-packages/airflow/example_dags/example_nested_branch_dag.py
[2025-03-17T20:11:44.955+0800] {processor.py:925} INFO - DAG(s) 'example_nested_branch_dag' retrieved from /Users/ervinyeoh/Desktop/unimods/is3107/project/.venv/lib/python3.11/site-packages/airflow/example_dags/example_nested_branch_dag.py
[2025-03-17T20:11:45.008+0800] {logging_mixin.py:190} INFO - [2025-03-17T20:11:45.008+0800] {dag.py:3239} INFO - Sync 1 DAGs
[2025-03-17T20:11:45.019+0800] {logging_mixin.py:190} INFO - [2025-03-17T20:11:45.019+0800] {dag.py:4180} INFO - Setting next_dagrun for example_nested_branch_dag to 2025-03-16 00:00:00+00:00, run_after=2025-03-17 00:00:00+00:00
[2025-03-17T20:11:45.029+0800] {processor.py:208} INFO - Processing /Users/ervinyeoh/Desktop/unimods/is3107/project/.venv/lib/python3.11/site-packages/airflow/example_dags/example_nested_branch_dag.py took 0.142 seconds
[2025-03-17T20:15:03.392+0800] {processor.py:186} INFO - Started process (PID=19818) to work on /Users/ervinyeoh/Desktop/unimods/is3107/project/.venv/lib/python3.11/site-packages/airflow/example_dags/example_nested_branch_dag.py
[2025-03-17T20:15:03.393+0800] {processor.py:914} INFO - Processing file /Users/ervinyeoh/Desktop/unimods/is3107/project/.venv/lib/python3.11/site-packages/airflow/example_dags/example_nested_branch_dag.py for tasks to queue
[2025-03-17T20:15:03.394+0800] {logging_mixin.py:190} INFO - [2025-03-17T20:15:03.393+0800] {dagbag.py:588} INFO - Filling up the DagBag from /Users/ervinyeoh/Desktop/unimods/is3107/project/.venv/lib/python3.11/site-packages/airflow/example_dags/example_nested_branch_dag.py
[2025-03-17T20:15:03.447+0800] {processor.py:925} INFO - DAG(s) 'example_nested_branch_dag' retrieved from /Users/ervinyeoh/Desktop/unimods/is3107/project/.venv/lib/python3.11/site-packages/airflow/example_dags/example_nested_branch_dag.py
[2025-03-17T20:15:03.498+0800] {logging_mixin.py:190} INFO - [2025-03-17T20:15:03.498+0800] {dag.py:3239} INFO - Sync 1 DAGs
[2025-03-17T20:15:03.508+0800] {logging_mixin.py:190} INFO - [2025-03-17T20:15:03.508+0800] {dag.py:4180} INFO - Setting next_dagrun for example_nested_branch_dag to 2025-03-16 00:00:00+00:00, run_after=2025-03-17 00:00:00+00:00
[2025-03-17T20:15:03.517+0800] {processor.py:208} INFO - Processing /Users/ervinyeoh/Desktop/unimods/is3107/project/.venv/lib/python3.11/site-packages/airflow/example_dags/example_nested_branch_dag.py took 0.127 seconds
[2025-03-17T20:15:05.396+0800] {processor.py:186} INFO - Started process (PID=19822) to work on /Users/ervinyeoh/Desktop/unimods/is3107/project/.venv/lib/python3.11/site-packages/airflow/example_dags/example_nested_branch_dag.py
[2025-03-17T20:15:05.397+0800] {processor.py:914} INFO - Processing file /Users/ervinyeoh/Desktop/unimods/is3107/project/.venv/lib/python3.11/site-packages/airflow/example_dags/example_nested_branch_dag.py for tasks to queue
[2025-03-17T20:15:05.398+0800] {logging_mixin.py:190} INFO - [2025-03-17T20:15:05.398+0800] {dagbag.py:588} INFO - Filling up the DagBag from /Users/ervinyeoh/Desktop/unimods/is3107/project/.venv/lib/python3.11/site-packages/airflow/example_dags/example_nested_branch_dag.py
[2025-03-17T20:15:05.462+0800] {processor.py:925} INFO - DAG(s) 'example_nested_branch_dag' retrieved from /Users/ervinyeoh/Desktop/unimods/is3107/project/.venv/lib/python3.11/site-packages/airflow/example_dags/example_nested_branch_dag.py
[2025-03-17T20:15:05.517+0800] {logging_mixin.py:190} INFO - [2025-03-17T20:15:05.516+0800] {dag.py:3239} INFO - Sync 1 DAGs
[2025-03-17T20:15:05.527+0800] {logging_mixin.py:190} INFO - [2025-03-17T20:15:05.527+0800] {dag.py:4180} INFO - Setting next_dagrun for example_nested_branch_dag to 2025-03-16 00:00:00+00:00, run_after=2025-03-17 00:00:00+00:00
[2025-03-17T20:15:05.537+0800] {processor.py:208} INFO - Processing /Users/ervinyeoh/Desktop/unimods/is3107/project/.venv/lib/python3.11/site-packages/airflow/example_dags/example_nested_branch_dag.py took 0.142 seconds
[2025-03-17T20:17:36.084+0800] {processor.py:186} INFO - Started process (PID=20219) to work on /Users/ervinyeoh/Desktop/unimods/is3107/project/.venv/lib/python3.11/site-packages/airflow/example_dags/example_nested_branch_dag.py
[2025-03-17T20:17:36.085+0800] {processor.py:914} INFO - Processing file /Users/ervinyeoh/Desktop/unimods/is3107/project/.venv/lib/python3.11/site-packages/airflow/example_dags/example_nested_branch_dag.py for tasks to queue
[2025-03-17T20:17:36.086+0800] {logging_mixin.py:190} INFO - [2025-03-17T20:17:36.086+0800] {dagbag.py:588} INFO - Filling up the DagBag from /Users/ervinyeoh/Desktop/unimods/is3107/project/.venv/lib/python3.11/site-packages/airflow/example_dags/example_nested_branch_dag.py
[2025-03-17T20:17:36.138+0800] {processor.py:925} INFO - DAG(s) 'example_nested_branch_dag' retrieved from /Users/ervinyeoh/Desktop/unimods/is3107/project/.venv/lib/python3.11/site-packages/airflow/example_dags/example_nested_branch_dag.py
[2025-03-17T20:17:36.190+0800] {logging_mixin.py:190} INFO - [2025-03-17T20:17:36.189+0800] {dag.py:3239} INFO - Sync 1 DAGs
[2025-03-17T20:17:36.199+0800] {logging_mixin.py:190} INFO - [2025-03-17T20:17:36.199+0800] {dag.py:4180} INFO - Setting next_dagrun for example_nested_branch_dag to 2025-03-16 00:00:00+00:00, run_after=2025-03-17 00:00:00+00:00
[2025-03-17T20:17:36.209+0800] {processor.py:208} INFO - Processing /Users/ervinyeoh/Desktop/unimods/is3107/project/.venv/lib/python3.11/site-packages/airflow/example_dags/example_nested_branch_dag.py took 0.127 seconds
[2025-03-17T20:19:47.382+0800] {processor.py:186} INFO - Started process (PID=20578) to work on /Users/ervinyeoh/Desktop/unimods/is3107/project/.venv/lib/python3.11/site-packages/airflow/example_dags/example_nested_branch_dag.py
[2025-03-17T20:19:47.383+0800] {processor.py:914} INFO - Processing file /Users/ervinyeoh/Desktop/unimods/is3107/project/.venv/lib/python3.11/site-packages/airflow/example_dags/example_nested_branch_dag.py for tasks to queue
[2025-03-17T20:19:47.384+0800] {logging_mixin.py:190} INFO - [2025-03-17T20:19:47.384+0800] {dagbag.py:588} INFO - Filling up the DagBag from /Users/ervinyeoh/Desktop/unimods/is3107/project/.venv/lib/python3.11/site-packages/airflow/example_dags/example_nested_branch_dag.py
[2025-03-17T20:19:47.456+0800] {processor.py:925} INFO - DAG(s) 'example_nested_branch_dag' retrieved from /Users/ervinyeoh/Desktop/unimods/is3107/project/.venv/lib/python3.11/site-packages/airflow/example_dags/example_nested_branch_dag.py
[2025-03-17T20:19:47.511+0800] {logging_mixin.py:190} INFO - [2025-03-17T20:19:47.511+0800] {dag.py:3239} INFO - Sync 1 DAGs
[2025-03-17T20:19:47.521+0800] {logging_mixin.py:190} INFO - [2025-03-17T20:19:47.521+0800] {dag.py:4180} INFO - Setting next_dagrun for example_nested_branch_dag to 2025-03-16 00:00:00+00:00, run_after=2025-03-17 00:00:00+00:00
[2025-03-17T20:19:47.531+0800] {processor.py:208} INFO - Processing /Users/ervinyeoh/Desktop/unimods/is3107/project/.venv/lib/python3.11/site-packages/airflow/example_dags/example_nested_branch_dag.py took 0.151 seconds
[2025-03-17T20:21:12.065+0800] {processor.py:186} INFO - Started process (PID=20770) to work on /Users/ervinyeoh/Desktop/unimods/is3107/project/.venv/lib/python3.11/site-packages/airflow/example_dags/example_nested_branch_dag.py
[2025-03-17T20:21:12.066+0800] {processor.py:914} INFO - Processing file /Users/ervinyeoh/Desktop/unimods/is3107/project/.venv/lib/python3.11/site-packages/airflow/example_dags/example_nested_branch_dag.py for tasks to queue
[2025-03-17T20:21:12.066+0800] {logging_mixin.py:190} INFO - [2025-03-17T20:21:12.066+0800] {dagbag.py:588} INFO - Filling up the DagBag from /Users/ervinyeoh/Desktop/unimods/is3107/project/.venv/lib/python3.11/site-packages/airflow/example_dags/example_nested_branch_dag.py
[2025-03-17T20:21:12.123+0800] {processor.py:925} INFO - DAG(s) 'example_nested_branch_dag' retrieved from /Users/ervinyeoh/Desktop/unimods/is3107/project/.venv/lib/python3.11/site-packages/airflow/example_dags/example_nested_branch_dag.py
[2025-03-17T20:21:12.176+0800] {logging_mixin.py:190} INFO - [2025-03-17T20:21:12.175+0800] {dag.py:3239} INFO - Sync 1 DAGs
[2025-03-17T20:21:12.186+0800] {logging_mixin.py:190} INFO - [2025-03-17T20:21:12.186+0800] {dag.py:4180} INFO - Setting next_dagrun for example_nested_branch_dag to 2025-03-16 00:00:00+00:00, run_after=2025-03-17 00:00:00+00:00
[2025-03-17T20:21:12.197+0800] {processor.py:208} INFO - Processing /Users/ervinyeoh/Desktop/unimods/is3107/project/.venv/lib/python3.11/site-packages/airflow/example_dags/example_nested_branch_dag.py took 0.134 seconds
[2025-03-17T20:21:56.414+0800] {processor.py:186} INFO - Started process (PID=20871) to work on /Users/ervinyeoh/Desktop/unimods/is3107/project/.venv/lib/python3.11/site-packages/airflow/example_dags/example_nested_branch_dag.py
[2025-03-17T20:21:56.415+0800] {processor.py:914} INFO - Processing file /Users/ervinyeoh/Desktop/unimods/is3107/project/.venv/lib/python3.11/site-packages/airflow/example_dags/example_nested_branch_dag.py for tasks to queue
[2025-03-17T20:21:56.415+0800] {logging_mixin.py:190} INFO - [2025-03-17T20:21:56.415+0800] {dagbag.py:588} INFO - Filling up the DagBag from /Users/ervinyeoh/Desktop/unimods/is3107/project/.venv/lib/python3.11/site-packages/airflow/example_dags/example_nested_branch_dag.py
[2025-03-17T20:21:56.468+0800] {processor.py:925} INFO - DAG(s) 'example_nested_branch_dag' retrieved from /Users/ervinyeoh/Desktop/unimods/is3107/project/.venv/lib/python3.11/site-packages/airflow/example_dags/example_nested_branch_dag.py
[2025-03-17T20:21:56.519+0800] {logging_mixin.py:190} INFO - [2025-03-17T20:21:56.519+0800] {dag.py:3239} INFO - Sync 1 DAGs
[2025-03-17T20:21:56.529+0800] {logging_mixin.py:190} INFO - [2025-03-17T20:21:56.529+0800] {dag.py:4180} INFO - Setting next_dagrun for example_nested_branch_dag to 2025-03-16 00:00:00+00:00, run_after=2025-03-17 00:00:00+00:00
[2025-03-17T20:21:56.538+0800] {processor.py:208} INFO - Processing /Users/ervinyeoh/Desktop/unimods/is3107/project/.venv/lib/python3.11/site-packages/airflow/example_dags/example_nested_branch_dag.py took 0.126 seconds
[2025-03-17T20:24:36.563+0800] {processor.py:186} INFO - Started process (PID=21227) to work on /Users/ervinyeoh/Desktop/unimods/is3107/project/.venv/lib/python3.11/site-packages/airflow/example_dags/example_nested_branch_dag.py
[2025-03-17T20:24:36.564+0800] {processor.py:914} INFO - Processing file /Users/ervinyeoh/Desktop/unimods/is3107/project/.venv/lib/python3.11/site-packages/airflow/example_dags/example_nested_branch_dag.py for tasks to queue
[2025-03-17T20:24:36.565+0800] {logging_mixin.py:190} INFO - [2025-03-17T20:24:36.565+0800] {dagbag.py:588} INFO - Filling up the DagBag from /Users/ervinyeoh/Desktop/unimods/is3107/project/.venv/lib/python3.11/site-packages/airflow/example_dags/example_nested_branch_dag.py
[2025-03-17T20:24:36.617+0800] {processor.py:925} INFO - DAG(s) 'example_nested_branch_dag' retrieved from /Users/ervinyeoh/Desktop/unimods/is3107/project/.venv/lib/python3.11/site-packages/airflow/example_dags/example_nested_branch_dag.py
[2025-03-17T20:24:36.669+0800] {logging_mixin.py:190} INFO - [2025-03-17T20:24:36.669+0800] {dag.py:3239} INFO - Sync 1 DAGs
[2025-03-17T20:24:36.679+0800] {logging_mixin.py:190} INFO - [2025-03-17T20:24:36.678+0800] {dag.py:4180} INFO - Setting next_dagrun for example_nested_branch_dag to 2025-03-16 00:00:00+00:00, run_after=2025-03-17 00:00:00+00:00
[2025-03-17T20:24:36.688+0800] {processor.py:208} INFO - Processing /Users/ervinyeoh/Desktop/unimods/is3107/project/.venv/lib/python3.11/site-packages/airflow/example_dags/example_nested_branch_dag.py took 0.127 seconds
[2025-03-17T20:25:13.800+0800] {processor.py:186} INFO - Started process (PID=21302) to work on /Users/ervinyeoh/Desktop/unimods/is3107/project/.venv/lib/python3.11/site-packages/airflow/example_dags/example_nested_branch_dag.py
[2025-03-17T20:25:13.801+0800] {processor.py:914} INFO - Processing file /Users/ervinyeoh/Desktop/unimods/is3107/project/.venv/lib/python3.11/site-packages/airflow/example_dags/example_nested_branch_dag.py for tasks to queue
[2025-03-17T20:25:13.802+0800] {logging_mixin.py:190} INFO - [2025-03-17T20:25:13.802+0800] {dagbag.py:588} INFO - Filling up the DagBag from /Users/ervinyeoh/Desktop/unimods/is3107/project/.venv/lib/python3.11/site-packages/airflow/example_dags/example_nested_branch_dag.py
[2025-03-17T20:25:13.856+0800] {processor.py:925} INFO - DAG(s) 'example_nested_branch_dag' retrieved from /Users/ervinyeoh/Desktop/unimods/is3107/project/.venv/lib/python3.11/site-packages/airflow/example_dags/example_nested_branch_dag.py
[2025-03-17T20:25:13.907+0800] {logging_mixin.py:190} INFO - [2025-03-17T20:25:13.907+0800] {dag.py:3239} INFO - Sync 1 DAGs
[2025-03-17T20:25:13.917+0800] {logging_mixin.py:190} INFO - [2025-03-17T20:25:13.917+0800] {dag.py:4180} INFO - Setting next_dagrun for example_nested_branch_dag to 2025-03-16 00:00:00+00:00, run_after=2025-03-17 00:00:00+00:00
[2025-03-17T20:25:13.926+0800] {processor.py:208} INFO - Processing /Users/ervinyeoh/Desktop/unimods/is3107/project/.venv/lib/python3.11/site-packages/airflow/example_dags/example_nested_branch_dag.py took 0.128 seconds
