[2025-03-17T17:07:31.705+0800] {processor.py:186} INFO - Started process (PID=12837) to work on /Users/ervinyeoh/Desktop/unimods/is3107/project/.venv/lib/python3.11/site-packages/airflow/example_dags/example_dynamic_task_mapping.py
[2025-03-17T17:07:31.706+0800] {processor.py:914} INFO - Processing file /Users/ervinyeoh/Desktop/unimods/is3107/project/.venv/lib/python3.11/site-packages/airflow/example_dags/example_dynamic_task_mapping.py for tasks to queue
[2025-03-17T17:07:31.707+0800] {logging_mixin.py:190} INFO - [2025-03-17T17:07:31.707+0800] {dagbag.py:588} INFO - Filling up the DagBag from /Users/ervinyeoh/Desktop/unimods/is3107/project/.venv/lib/python3.11/site-packages/airflow/example_dags/example_dynamic_task_mapping.py
[2025-03-17T17:07:31.760+0800] {processor.py:925} INFO - DAG(s) 'example_dynamic_task_mapping' retrieved from /Users/ervinyeoh/Desktop/unimods/is3107/project/.venv/lib/python3.11/site-packages/airflow/example_dags/example_dynamic_task_mapping.py
[2025-03-17T17:07:31.851+0800] {logging_mixin.py:190} INFO - [2025-03-17T17:07:31.851+0800] {dag.py:3239} INFO - Sync 1 DAGs
[2025-03-17T17:07:31.857+0800] {logging_mixin.py:190} INFO - [2025-03-17T17:07:31.857+0800] {dag.py:4180} INFO - Setting next_dagrun for example_dynamic_task_mapping to None, run_after=None
[2025-03-17T17:07:31.867+0800] {processor.py:208} INFO - Processing /Users/ervinyeoh/Desktop/unimods/is3107/project/.venv/lib/python3.11/site-packages/airflow/example_dags/example_dynamic_task_mapping.py took 0.163 seconds
[2025-03-17T17:09:42.471+0800] {processor.py:186} INFO - Started process (PID=13080) to work on /Users/ervinyeoh/Desktop/unimods/is3107/project/.venv/lib/python3.11/site-packages/airflow/example_dags/example_dynamic_task_mapping.py
[2025-03-17T17:09:42.472+0800] {processor.py:914} INFO - Processing file /Users/ervinyeoh/Desktop/unimods/is3107/project/.venv/lib/python3.11/site-packages/airflow/example_dags/example_dynamic_task_mapping.py for tasks to queue
[2025-03-17T17:09:42.473+0800] {logging_mixin.py:190} INFO - [2025-03-17T17:09:42.473+0800] {dagbag.py:588} INFO - Filling up the DagBag from /Users/ervinyeoh/Desktop/unimods/is3107/project/.venv/lib/python3.11/site-packages/airflow/example_dags/example_dynamic_task_mapping.py
[2025-03-17T17:09:42.524+0800] {processor.py:925} INFO - DAG(s) 'example_dynamic_task_mapping' retrieved from /Users/ervinyeoh/Desktop/unimods/is3107/project/.venv/lib/python3.11/site-packages/airflow/example_dags/example_dynamic_task_mapping.py
[2025-03-17T17:09:42.575+0800] {logging_mixin.py:190} INFO - [2025-03-17T17:09:42.575+0800] {dag.py:3239} INFO - Sync 1 DAGs
[2025-03-17T17:09:42.580+0800] {logging_mixin.py:190} INFO - [2025-03-17T17:09:42.580+0800] {dag.py:4180} INFO - Setting next_dagrun for example_dynamic_task_mapping to None, run_after=None
[2025-03-17T17:09:42.590+0800] {processor.py:208} INFO - Processing /Users/ervinyeoh/Desktop/unimods/is3107/project/.venv/lib/python3.11/site-packages/airflow/example_dags/example_dynamic_task_mapping.py took 0.120 seconds
[2025-03-17T17:13:03.277+0800] {processor.py:186} INFO - Started process (PID=13381) to work on /Users/ervinyeoh/Desktop/unimods/is3107/project/.venv/lib/python3.11/site-packages/airflow/example_dags/example_dynamic_task_mapping.py
[2025-03-17T17:13:03.278+0800] {processor.py:914} INFO - Processing file /Users/ervinyeoh/Desktop/unimods/is3107/project/.venv/lib/python3.11/site-packages/airflow/example_dags/example_dynamic_task_mapping.py for tasks to queue
[2025-03-17T17:13:03.278+0800] {logging_mixin.py:190} INFO - [2025-03-17T17:13:03.278+0800] {dagbag.py:588} INFO - Filling up the DagBag from /Users/ervinyeoh/Desktop/unimods/is3107/project/.venv/lib/python3.11/site-packages/airflow/example_dags/example_dynamic_task_mapping.py
[2025-03-17T17:13:03.330+0800] {processor.py:925} INFO - DAG(s) 'example_dynamic_task_mapping' retrieved from /Users/ervinyeoh/Desktop/unimods/is3107/project/.venv/lib/python3.11/site-packages/airflow/example_dags/example_dynamic_task_mapping.py
[2025-03-17T17:13:03.380+0800] {logging_mixin.py:190} INFO - [2025-03-17T17:13:03.380+0800] {dag.py:3239} INFO - Sync 1 DAGs
[2025-03-17T17:13:03.386+0800] {logging_mixin.py:190} INFO - [2025-03-17T17:13:03.386+0800] {dag.py:4180} INFO - Setting next_dagrun for example_dynamic_task_mapping to None, run_after=None
[2025-03-17T17:13:03.395+0800] {processor.py:208} INFO - Processing /Users/ervinyeoh/Desktop/unimods/is3107/project/.venv/lib/python3.11/site-packages/airflow/example_dags/example_dynamic_task_mapping.py took 0.120 seconds
[2025-03-17T17:16:18.722+0800] {processor.py:186} INFO - Started process (PID=13720) to work on /Users/ervinyeoh/Desktop/unimods/is3107/project/.venv/lib/python3.11/site-packages/airflow/example_dags/example_dynamic_task_mapping.py
[2025-03-17T17:16:18.723+0800] {processor.py:914} INFO - Processing file /Users/ervinyeoh/Desktop/unimods/is3107/project/.venv/lib/python3.11/site-packages/airflow/example_dags/example_dynamic_task_mapping.py for tasks to queue
[2025-03-17T17:16:18.724+0800] {logging_mixin.py:190} INFO - [2025-03-17T17:16:18.724+0800] {dagbag.py:588} INFO - Filling up the DagBag from /Users/ervinyeoh/Desktop/unimods/is3107/project/.venv/lib/python3.11/site-packages/airflow/example_dags/example_dynamic_task_mapping.py
[2025-03-17T17:16:18.774+0800] {processor.py:925} INFO - DAG(s) 'example_dynamic_task_mapping' retrieved from /Users/ervinyeoh/Desktop/unimods/is3107/project/.venv/lib/python3.11/site-packages/airflow/example_dags/example_dynamic_task_mapping.py
[2025-03-17T17:16:18.825+0800] {logging_mixin.py:190} INFO - [2025-03-17T17:16:18.825+0800] {dag.py:3239} INFO - Sync 1 DAGs
[2025-03-17T17:16:18.831+0800] {logging_mixin.py:190} INFO - [2025-03-17T17:16:18.831+0800] {dag.py:4180} INFO - Setting next_dagrun for example_dynamic_task_mapping to None, run_after=None
[2025-03-17T17:16:18.841+0800] {processor.py:208} INFO - Processing /Users/ervinyeoh/Desktop/unimods/is3107/project/.venv/lib/python3.11/site-packages/airflow/example_dags/example_dynamic_task_mapping.py took 0.121 seconds
[2025-03-17T17:19:36.138+0800] {processor.py:186} INFO - Started process (PID=13943) to work on /Users/ervinyeoh/Desktop/unimods/is3107/project/.venv/lib/python3.11/site-packages/airflow/example_dags/example_dynamic_task_mapping.py
[2025-03-17T17:19:36.139+0800] {processor.py:914} INFO - Processing file /Users/ervinyeoh/Desktop/unimods/is3107/project/.venv/lib/python3.11/site-packages/airflow/example_dags/example_dynamic_task_mapping.py for tasks to queue
[2025-03-17T17:19:36.140+0800] {logging_mixin.py:190} INFO - [2025-03-17T17:19:36.139+0800] {dagbag.py:588} INFO - Filling up the DagBag from /Users/ervinyeoh/Desktop/unimods/is3107/project/.venv/lib/python3.11/site-packages/airflow/example_dags/example_dynamic_task_mapping.py
[2025-03-17T17:19:36.190+0800] {processor.py:925} INFO - DAG(s) 'example_dynamic_task_mapping' retrieved from /Users/ervinyeoh/Desktop/unimods/is3107/project/.venv/lib/python3.11/site-packages/airflow/example_dags/example_dynamic_task_mapping.py
[2025-03-17T17:19:36.240+0800] {logging_mixin.py:190} INFO - [2025-03-17T17:19:36.240+0800] {dag.py:3239} INFO - Sync 1 DAGs
[2025-03-17T17:19:36.246+0800] {logging_mixin.py:190} INFO - [2025-03-17T17:19:36.246+0800] {dag.py:4180} INFO - Setting next_dagrun for example_dynamic_task_mapping to None, run_after=None
[2025-03-17T17:19:36.256+0800] {processor.py:208} INFO - Processing /Users/ervinyeoh/Desktop/unimods/is3107/project/.venv/lib/python3.11/site-packages/airflow/example_dags/example_dynamic_task_mapping.py took 0.120 seconds
[2025-03-17T17:22:52.028+0800] {processor.py:186} INFO - Started process (PID=14181) to work on /Users/ervinyeoh/Desktop/unimods/is3107/project/.venv/lib/python3.11/site-packages/airflow/example_dags/example_dynamic_task_mapping.py
[2025-03-17T17:22:52.028+0800] {processor.py:914} INFO - Processing file /Users/ervinyeoh/Desktop/unimods/is3107/project/.venv/lib/python3.11/site-packages/airflow/example_dags/example_dynamic_task_mapping.py for tasks to queue
[2025-03-17T17:22:52.029+0800] {logging_mixin.py:190} INFO - [2025-03-17T17:22:52.029+0800] {dagbag.py:588} INFO - Filling up the DagBag from /Users/ervinyeoh/Desktop/unimods/is3107/project/.venv/lib/python3.11/site-packages/airflow/example_dags/example_dynamic_task_mapping.py
[2025-03-17T17:22:52.079+0800] {processor.py:925} INFO - DAG(s) 'example_dynamic_task_mapping' retrieved from /Users/ervinyeoh/Desktop/unimods/is3107/project/.venv/lib/python3.11/site-packages/airflow/example_dags/example_dynamic_task_mapping.py
[2025-03-17T17:22:52.129+0800] {logging_mixin.py:190} INFO - [2025-03-17T17:22:52.129+0800] {dag.py:3239} INFO - Sync 1 DAGs
[2025-03-17T17:22:52.135+0800] {logging_mixin.py:190} INFO - [2025-03-17T17:22:52.135+0800] {dag.py:4180} INFO - Setting next_dagrun for example_dynamic_task_mapping to None, run_after=None
[2025-03-17T17:22:52.144+0800] {processor.py:208} INFO - Processing /Users/ervinyeoh/Desktop/unimods/is3107/project/.venv/lib/python3.11/site-packages/airflow/example_dags/example_dynamic_task_mapping.py took 0.118 seconds
[2025-03-17T17:52:33.853+0800] {processor.py:186} INFO - Started process (PID=14556) to work on /Users/ervinyeoh/Desktop/unimods/is3107/project/.venv/lib/python3.11/site-packages/airflow/example_dags/example_dynamic_task_mapping.py
[2025-03-17T17:52:33.854+0800] {processor.py:914} INFO - Processing file /Users/ervinyeoh/Desktop/unimods/is3107/project/.venv/lib/python3.11/site-packages/airflow/example_dags/example_dynamic_task_mapping.py for tasks to queue
[2025-03-17T17:52:33.855+0800] {logging_mixin.py:190} INFO - [2025-03-17T17:52:33.855+0800] {dagbag.py:588} INFO - Filling up the DagBag from /Users/ervinyeoh/Desktop/unimods/is3107/project/.venv/lib/python3.11/site-packages/airflow/example_dags/example_dynamic_task_mapping.py
[2025-03-17T17:52:33.905+0800] {processor.py:925} INFO - DAG(s) 'example_dynamic_task_mapping' retrieved from /Users/ervinyeoh/Desktop/unimods/is3107/project/.venv/lib/python3.11/site-packages/airflow/example_dags/example_dynamic_task_mapping.py
[2025-03-17T17:52:33.956+0800] {logging_mixin.py:190} INFO - [2025-03-17T17:52:33.955+0800] {dag.py:3239} INFO - Sync 1 DAGs
[2025-03-17T17:52:33.961+0800] {logging_mixin.py:190} INFO - [2025-03-17T17:52:33.961+0800] {dag.py:4180} INFO - Setting next_dagrun for example_dynamic_task_mapping to None, run_after=None
[2025-03-17T17:52:33.970+0800] {processor.py:208} INFO - Processing /Users/ervinyeoh/Desktop/unimods/is3107/project/.venv/lib/python3.11/site-packages/airflow/example_dags/example_dynamic_task_mapping.py took 0.119 seconds
[2025-03-17T19:41:49.840+0800] {processor.py:186} INFO - Started process (PID=15168) to work on /Users/ervinyeoh/Desktop/unimods/is3107/project/.venv/lib/python3.11/site-packages/airflow/example_dags/example_dynamic_task_mapping.py
[2025-03-17T19:41:49.841+0800] {processor.py:914} INFO - Processing file /Users/ervinyeoh/Desktop/unimods/is3107/project/.venv/lib/python3.11/site-packages/airflow/example_dags/example_dynamic_task_mapping.py for tasks to queue
[2025-03-17T19:41:49.842+0800] {logging_mixin.py:190} INFO - [2025-03-17T19:41:49.842+0800] {dagbag.py:588} INFO - Filling up the DagBag from /Users/ervinyeoh/Desktop/unimods/is3107/project/.venv/lib/python3.11/site-packages/airflow/example_dags/example_dynamic_task_mapping.py
[2025-03-17T19:41:49.892+0800] {processor.py:925} INFO - DAG(s) 'example_dynamic_task_mapping' retrieved from /Users/ervinyeoh/Desktop/unimods/is3107/project/.venv/lib/python3.11/site-packages/airflow/example_dags/example_dynamic_task_mapping.py
[2025-03-17T19:41:49.942+0800] {logging_mixin.py:190} INFO - [2025-03-17T19:41:49.942+0800] {dag.py:3239} INFO - Sync 1 DAGs
[2025-03-17T19:41:49.948+0800] {logging_mixin.py:190} INFO - [2025-03-17T19:41:49.948+0800] {dag.py:4180} INFO - Setting next_dagrun for example_dynamic_task_mapping to None, run_after=None
[2025-03-17T19:41:49.958+0800] {processor.py:208} INFO - Processing /Users/ervinyeoh/Desktop/unimods/is3107/project/.venv/lib/python3.11/site-packages/airflow/example_dags/example_dynamic_task_mapping.py took 0.120 seconds
[2025-03-17T19:41:53.524+0800] {processor.py:186} INFO - Started process (PID=15178) to work on /Users/ervinyeoh/Desktop/unimods/is3107/project/.venv/lib/python3.11/site-packages/airflow/example_dags/example_dynamic_task_mapping.py
[2025-03-17T19:41:53.525+0800] {processor.py:914} INFO - Processing file /Users/ervinyeoh/Desktop/unimods/is3107/project/.venv/lib/python3.11/site-packages/airflow/example_dags/example_dynamic_task_mapping.py for tasks to queue
[2025-03-17T19:41:53.525+0800] {logging_mixin.py:190} INFO - [2025-03-17T19:41:53.525+0800] {dagbag.py:588} INFO - Filling up the DagBag from /Users/ervinyeoh/Desktop/unimods/is3107/project/.venv/lib/python3.11/site-packages/airflow/example_dags/example_dynamic_task_mapping.py
[2025-03-17T19:41:53.580+0800] {processor.py:925} INFO - DAG(s) 'example_dynamic_task_mapping' retrieved from /Users/ervinyeoh/Desktop/unimods/is3107/project/.venv/lib/python3.11/site-packages/airflow/example_dags/example_dynamic_task_mapping.py
[2025-03-17T19:41:53.630+0800] {logging_mixin.py:190} INFO - [2025-03-17T19:41:53.630+0800] {dag.py:3239} INFO - Sync 1 DAGs
[2025-03-17T19:41:53.636+0800] {logging_mixin.py:190} INFO - [2025-03-17T19:41:53.636+0800] {dag.py:4180} INFO - Setting next_dagrun for example_dynamic_task_mapping to None, run_after=None
[2025-03-17T19:41:53.645+0800] {processor.py:208} INFO - Processing /Users/ervinyeoh/Desktop/unimods/is3107/project/.venv/lib/python3.11/site-packages/airflow/example_dags/example_dynamic_task_mapping.py took 0.123 seconds
[2025-03-17T19:44:37.838+0800] {processor.py:186} INFO - Started process (PID=15523) to work on /Users/ervinyeoh/Desktop/unimods/is3107/project/.venv/lib/python3.11/site-packages/airflow/example_dags/example_dynamic_task_mapping.py
[2025-03-17T19:44:37.839+0800] {processor.py:914} INFO - Processing file /Users/ervinyeoh/Desktop/unimods/is3107/project/.venv/lib/python3.11/site-packages/airflow/example_dags/example_dynamic_task_mapping.py for tasks to queue
[2025-03-17T19:44:37.839+0800] {logging_mixin.py:190} INFO - [2025-03-17T19:44:37.839+0800] {dagbag.py:588} INFO - Filling up the DagBag from /Users/ervinyeoh/Desktop/unimods/is3107/project/.venv/lib/python3.11/site-packages/airflow/example_dags/example_dynamic_task_mapping.py
[2025-03-17T19:44:37.895+0800] {processor.py:925} INFO - DAG(s) 'example_dynamic_task_mapping' retrieved from /Users/ervinyeoh/Desktop/unimods/is3107/project/.venv/lib/python3.11/site-packages/airflow/example_dags/example_dynamic_task_mapping.py
[2025-03-17T19:44:37.948+0800] {logging_mixin.py:190} INFO - [2025-03-17T19:44:37.948+0800] {dag.py:3239} INFO - Sync 1 DAGs
[2025-03-17T19:44:37.953+0800] {logging_mixin.py:190} INFO - [2025-03-17T19:44:37.953+0800] {dag.py:4180} INFO - Setting next_dagrun for example_dynamic_task_mapping to None, run_after=None
[2025-03-17T19:44:37.963+0800] {processor.py:208} INFO - Processing /Users/ervinyeoh/Desktop/unimods/is3107/project/.venv/lib/python3.11/site-packages/airflow/example_dags/example_dynamic_task_mapping.py took 0.127 seconds
[2025-03-17T19:45:39.444+0800] {processor.py:186} INFO - Started process (PID=15679) to work on /Users/ervinyeoh/Desktop/unimods/is3107/project/.venv/lib/python3.11/site-packages/airflow/example_dags/example_dynamic_task_mapping.py
[2025-03-17T19:45:39.445+0800] {processor.py:914} INFO - Processing file /Users/ervinyeoh/Desktop/unimods/is3107/project/.venv/lib/python3.11/site-packages/airflow/example_dags/example_dynamic_task_mapping.py for tasks to queue
[2025-03-17T19:45:39.446+0800] {logging_mixin.py:190} INFO - [2025-03-17T19:45:39.446+0800] {dagbag.py:588} INFO - Filling up the DagBag from /Users/ervinyeoh/Desktop/unimods/is3107/project/.venv/lib/python3.11/site-packages/airflow/example_dags/example_dynamic_task_mapping.py
[2025-03-17T19:45:39.512+0800] {processor.py:925} INFO - DAG(s) 'example_dynamic_task_mapping' retrieved from /Users/ervinyeoh/Desktop/unimods/is3107/project/.venv/lib/python3.11/site-packages/airflow/example_dags/example_dynamic_task_mapping.py
[2025-03-17T19:45:39.566+0800] {logging_mixin.py:190} INFO - [2025-03-17T19:45:39.566+0800] {dag.py:3239} INFO - Sync 1 DAGs
[2025-03-17T19:45:39.572+0800] {logging_mixin.py:190} INFO - [2025-03-17T19:45:39.572+0800] {dag.py:4180} INFO - Setting next_dagrun for example_dynamic_task_mapping to None, run_after=None
[2025-03-17T19:45:39.582+0800] {processor.py:208} INFO - Processing /Users/ervinyeoh/Desktop/unimods/is3107/project/.venv/lib/python3.11/site-packages/airflow/example_dags/example_dynamic_task_mapping.py took 0.139 seconds
[2025-03-17T19:46:49.290+0800] {processor.py:186} INFO - Started process (PID=15852) to work on /Users/ervinyeoh/Desktop/unimods/is3107/project/.venv/lib/python3.11/site-packages/airflow/example_dags/example_dynamic_task_mapping.py
[2025-03-17T19:46:49.290+0800] {processor.py:914} INFO - Processing file /Users/ervinyeoh/Desktop/unimods/is3107/project/.venv/lib/python3.11/site-packages/airflow/example_dags/example_dynamic_task_mapping.py for tasks to queue
[2025-03-17T19:46:49.291+0800] {logging_mixin.py:190} INFO - [2025-03-17T19:46:49.291+0800] {dagbag.py:588} INFO - Filling up the DagBag from /Users/ervinyeoh/Desktop/unimods/is3107/project/.venv/lib/python3.11/site-packages/airflow/example_dags/example_dynamic_task_mapping.py
[2025-03-17T19:46:49.344+0800] {processor.py:925} INFO - DAG(s) 'example_dynamic_task_mapping' retrieved from /Users/ervinyeoh/Desktop/unimods/is3107/project/.venv/lib/python3.11/site-packages/airflow/example_dags/example_dynamic_task_mapping.py
[2025-03-17T19:46:49.394+0800] {logging_mixin.py:190} INFO - [2025-03-17T19:46:49.394+0800] {dag.py:3239} INFO - Sync 1 DAGs
[2025-03-17T19:46:49.400+0800] {logging_mixin.py:190} INFO - [2025-03-17T19:46:49.400+0800] {dag.py:4180} INFO - Setting next_dagrun for example_dynamic_task_mapping to None, run_after=None
[2025-03-17T19:46:49.411+0800] {processor.py:208} INFO - Processing /Users/ervinyeoh/Desktop/unimods/is3107/project/.venv/lib/python3.11/site-packages/airflow/example_dags/example_dynamic_task_mapping.py took 0.123 seconds
[2025-03-17T19:47:50.428+0800] {processor.py:186} INFO - Started process (PID=15968) to work on /Users/ervinyeoh/Desktop/unimods/is3107/project/.venv/lib/python3.11/site-packages/airflow/example_dags/example_dynamic_task_mapping.py
[2025-03-17T19:47:50.428+0800] {processor.py:914} INFO - Processing file /Users/ervinyeoh/Desktop/unimods/is3107/project/.venv/lib/python3.11/site-packages/airflow/example_dags/example_dynamic_task_mapping.py for tasks to queue
[2025-03-17T19:47:50.429+0800] {logging_mixin.py:190} INFO - [2025-03-17T19:47:50.429+0800] {dagbag.py:588} INFO - Filling up the DagBag from /Users/ervinyeoh/Desktop/unimods/is3107/project/.venv/lib/python3.11/site-packages/airflow/example_dags/example_dynamic_task_mapping.py
[2025-03-17T19:47:50.482+0800] {processor.py:925} INFO - DAG(s) 'example_dynamic_task_mapping' retrieved from /Users/ervinyeoh/Desktop/unimods/is3107/project/.venv/lib/python3.11/site-packages/airflow/example_dags/example_dynamic_task_mapping.py
[2025-03-17T19:47:50.532+0800] {logging_mixin.py:190} INFO - [2025-03-17T19:47:50.532+0800] {dag.py:3239} INFO - Sync 1 DAGs
[2025-03-17T19:47:50.538+0800] {logging_mixin.py:190} INFO - [2025-03-17T19:47:50.538+0800] {dag.py:4180} INFO - Setting next_dagrun for example_dynamic_task_mapping to None, run_after=None
[2025-03-17T19:47:50.548+0800] {processor.py:208} INFO - Processing /Users/ervinyeoh/Desktop/unimods/is3107/project/.venv/lib/python3.11/site-packages/airflow/example_dags/example_dynamic_task_mapping.py took 0.122 seconds
[2025-03-17T19:50:11.299+0800] {processor.py:186} INFO - Started process (PID=16254) to work on /Users/ervinyeoh/Desktop/unimods/is3107/project/.venv/lib/python3.11/site-packages/airflow/example_dags/example_dynamic_task_mapping.py
[2025-03-17T19:50:11.301+0800] {processor.py:914} INFO - Processing file /Users/ervinyeoh/Desktop/unimods/is3107/project/.venv/lib/python3.11/site-packages/airflow/example_dags/example_dynamic_task_mapping.py for tasks to queue
[2025-03-17T19:50:11.301+0800] {logging_mixin.py:190} INFO - [2025-03-17T19:50:11.301+0800] {dagbag.py:588} INFO - Filling up the DagBag from /Users/ervinyeoh/Desktop/unimods/is3107/project/.venv/lib/python3.11/site-packages/airflow/example_dags/example_dynamic_task_mapping.py
[2025-03-17T19:50:11.355+0800] {processor.py:925} INFO - DAG(s) 'example_dynamic_task_mapping' retrieved from /Users/ervinyeoh/Desktop/unimods/is3107/project/.venv/lib/python3.11/site-packages/airflow/example_dags/example_dynamic_task_mapping.py
[2025-03-17T19:50:11.410+0800] {logging_mixin.py:190} INFO - [2025-03-17T19:50:11.410+0800] {dag.py:3239} INFO - Sync 1 DAGs
[2025-03-17T19:50:11.416+0800] {logging_mixin.py:190} INFO - [2025-03-17T19:50:11.416+0800] {dag.py:4180} INFO - Setting next_dagrun for example_dynamic_task_mapping to None, run_after=None
[2025-03-17T19:50:11.427+0800] {processor.py:208} INFO - Processing /Users/ervinyeoh/Desktop/unimods/is3107/project/.venv/lib/python3.11/site-packages/airflow/example_dags/example_dynamic_task_mapping.py took 0.129 seconds
[2025-03-17T19:51:17.084+0800] {processor.py:186} INFO - Started process (PID=16381) to work on /Users/ervinyeoh/Desktop/unimods/is3107/project/.venv/lib/python3.11/site-packages/airflow/example_dags/example_dynamic_task_mapping.py
[2025-03-17T19:51:17.085+0800] {processor.py:914} INFO - Processing file /Users/ervinyeoh/Desktop/unimods/is3107/project/.venv/lib/python3.11/site-packages/airflow/example_dags/example_dynamic_task_mapping.py for tasks to queue
[2025-03-17T19:51:17.086+0800] {logging_mixin.py:190} INFO - [2025-03-17T19:51:17.085+0800] {dagbag.py:588} INFO - Filling up the DagBag from /Users/ervinyeoh/Desktop/unimods/is3107/project/.venv/lib/python3.11/site-packages/airflow/example_dags/example_dynamic_task_mapping.py
[2025-03-17T19:51:17.145+0800] {processor.py:925} INFO - DAG(s) 'example_dynamic_task_mapping' retrieved from /Users/ervinyeoh/Desktop/unimods/is3107/project/.venv/lib/python3.11/site-packages/airflow/example_dags/example_dynamic_task_mapping.py
[2025-03-17T19:51:17.202+0800] {logging_mixin.py:190} INFO - [2025-03-17T19:51:17.201+0800] {dag.py:3239} INFO - Sync 1 DAGs
[2025-03-17T19:51:17.208+0800] {logging_mixin.py:190} INFO - [2025-03-17T19:51:17.208+0800] {dag.py:4180} INFO - Setting next_dagrun for example_dynamic_task_mapping to None, run_after=None
[2025-03-17T19:51:17.218+0800] {processor.py:208} INFO - Processing /Users/ervinyeoh/Desktop/unimods/is3107/project/.venv/lib/python3.11/site-packages/airflow/example_dags/example_dynamic_task_mapping.py took 0.136 seconds
[2025-03-17T19:53:30.069+0800] {processor.py:186} INFO - Started process (PID=16643) to work on /Users/ervinyeoh/Desktop/unimods/is3107/project/.venv/lib/python3.11/site-packages/airflow/example_dags/example_dynamic_task_mapping.py
[2025-03-17T19:53:30.070+0800] {processor.py:914} INFO - Processing file /Users/ervinyeoh/Desktop/unimods/is3107/project/.venv/lib/python3.11/site-packages/airflow/example_dags/example_dynamic_task_mapping.py for tasks to queue
[2025-03-17T19:53:30.071+0800] {logging_mixin.py:190} INFO - [2025-03-17T19:53:30.071+0800] {dagbag.py:588} INFO - Filling up the DagBag from /Users/ervinyeoh/Desktop/unimods/is3107/project/.venv/lib/python3.11/site-packages/airflow/example_dags/example_dynamic_task_mapping.py
[2025-03-17T19:53:30.123+0800] {processor.py:925} INFO - DAG(s) 'example_dynamic_task_mapping' retrieved from /Users/ervinyeoh/Desktop/unimods/is3107/project/.venv/lib/python3.11/site-packages/airflow/example_dags/example_dynamic_task_mapping.py
[2025-03-17T19:53:30.181+0800] {logging_mixin.py:190} INFO - [2025-03-17T19:53:30.180+0800] {dag.py:3239} INFO - Sync 1 DAGs
[2025-03-17T19:53:30.187+0800] {logging_mixin.py:190} INFO - [2025-03-17T19:53:30.186+0800] {dag.py:4180} INFO - Setting next_dagrun for example_dynamic_task_mapping to None, run_after=None
[2025-03-17T19:53:30.198+0800] {processor.py:208} INFO - Processing /Users/ervinyeoh/Desktop/unimods/is3107/project/.venv/lib/python3.11/site-packages/airflow/example_dags/example_dynamic_task_mapping.py took 0.130 seconds
[2025-03-17T19:54:39.499+0800] {processor.py:186} INFO - Started process (PID=16854) to work on /Users/ervinyeoh/Desktop/unimods/is3107/project/.venv/lib/python3.11/site-packages/airflow/example_dags/example_dynamic_task_mapping.py
[2025-03-17T19:54:39.499+0800] {processor.py:914} INFO - Processing file /Users/ervinyeoh/Desktop/unimods/is3107/project/.venv/lib/python3.11/site-packages/airflow/example_dags/example_dynamic_task_mapping.py for tasks to queue
[2025-03-17T19:54:39.500+0800] {logging_mixin.py:190} INFO - [2025-03-17T19:54:39.500+0800] {dagbag.py:588} INFO - Filling up the DagBag from /Users/ervinyeoh/Desktop/unimods/is3107/project/.venv/lib/python3.11/site-packages/airflow/example_dags/example_dynamic_task_mapping.py
[2025-03-17T19:54:39.566+0800] {processor.py:925} INFO - DAG(s) 'example_dynamic_task_mapping' retrieved from /Users/ervinyeoh/Desktop/unimods/is3107/project/.venv/lib/python3.11/site-packages/airflow/example_dags/example_dynamic_task_mapping.py
[2025-03-17T19:54:39.668+0800] {logging_mixin.py:190} INFO - [2025-03-17T19:54:39.668+0800] {dag.py:3239} INFO - Sync 1 DAGs
[2025-03-17T19:54:39.691+0800] {logging_mixin.py:190} INFO - [2025-03-17T19:54:39.690+0800] {dag.py:4180} INFO - Setting next_dagrun for example_dynamic_task_mapping to None, run_after=None
[2025-03-17T19:54:39.721+0800] {processor.py:208} INFO - Processing /Users/ervinyeoh/Desktop/unimods/is3107/project/.venv/lib/python3.11/site-packages/airflow/example_dags/example_dynamic_task_mapping.py took 0.224 seconds
[2025-03-17T19:56:59.275+0800] {processor.py:186} INFO - Started process (PID=17192) to work on /Users/ervinyeoh/Desktop/unimods/is3107/project/.venv/lib/python3.11/site-packages/airflow/example_dags/example_dynamic_task_mapping.py
[2025-03-17T19:56:59.276+0800] {processor.py:914} INFO - Processing file /Users/ervinyeoh/Desktop/unimods/is3107/project/.venv/lib/python3.11/site-packages/airflow/example_dags/example_dynamic_task_mapping.py for tasks to queue
[2025-03-17T19:56:59.277+0800] {logging_mixin.py:190} INFO - [2025-03-17T19:56:59.277+0800] {dagbag.py:588} INFO - Filling up the DagBag from /Users/ervinyeoh/Desktop/unimods/is3107/project/.venv/lib/python3.11/site-packages/airflow/example_dags/example_dynamic_task_mapping.py
[2025-03-17T19:56:59.329+0800] {processor.py:925} INFO - DAG(s) 'example_dynamic_task_mapping' retrieved from /Users/ervinyeoh/Desktop/unimods/is3107/project/.venv/lib/python3.11/site-packages/airflow/example_dags/example_dynamic_task_mapping.py
[2025-03-17T19:56:59.379+0800] {logging_mixin.py:190} INFO - [2025-03-17T19:56:59.379+0800] {dag.py:3239} INFO - Sync 1 DAGs
[2025-03-17T19:56:59.385+0800] {logging_mixin.py:190} INFO - [2025-03-17T19:56:59.385+0800] {dag.py:4180} INFO - Setting next_dagrun for example_dynamic_task_mapping to None, run_after=None
[2025-03-17T19:56:59.395+0800] {processor.py:208} INFO - Processing /Users/ervinyeoh/Desktop/unimods/is3107/project/.venv/lib/python3.11/site-packages/airflow/example_dags/example_dynamic_task_mapping.py took 0.122 seconds
[2025-03-17T19:58:05.741+0800] {processor.py:186} INFO - Started process (PID=17375) to work on /Users/ervinyeoh/Desktop/unimods/is3107/project/.venv/lib/python3.11/site-packages/airflow/example_dags/example_dynamic_task_mapping.py
[2025-03-17T19:58:05.743+0800] {processor.py:914} INFO - Processing file /Users/ervinyeoh/Desktop/unimods/is3107/project/.venv/lib/python3.11/site-packages/airflow/example_dags/example_dynamic_task_mapping.py for tasks to queue
[2025-03-17T19:58:05.744+0800] {logging_mixin.py:190} INFO - [2025-03-17T19:58:05.743+0800] {dagbag.py:588} INFO - Filling up the DagBag from /Users/ervinyeoh/Desktop/unimods/is3107/project/.venv/lib/python3.11/site-packages/airflow/example_dags/example_dynamic_task_mapping.py
[2025-03-17T19:58:05.819+0800] {processor.py:925} INFO - DAG(s) 'example_dynamic_task_mapping' retrieved from /Users/ervinyeoh/Desktop/unimods/is3107/project/.venv/lib/python3.11/site-packages/airflow/example_dags/example_dynamic_task_mapping.py
[2025-03-17T19:58:05.878+0800] {logging_mixin.py:190} INFO - [2025-03-17T19:58:05.877+0800] {dag.py:3239} INFO - Sync 1 DAGs
[2025-03-17T19:58:05.885+0800] {logging_mixin.py:190} INFO - [2025-03-17T19:58:05.885+0800] {dag.py:4180} INFO - Setting next_dagrun for example_dynamic_task_mapping to None, run_after=None
[2025-03-17T19:58:05.900+0800] {processor.py:208} INFO - Processing /Users/ervinyeoh/Desktop/unimods/is3107/project/.venv/lib/python3.11/site-packages/airflow/example_dags/example_dynamic_task_mapping.py took 0.161 seconds
[2025-03-17T20:00:20.309+0800] {processor.py:186} INFO - Started process (PID=17668) to work on /Users/ervinyeoh/Desktop/unimods/is3107/project/.venv/lib/python3.11/site-packages/airflow/example_dags/example_dynamic_task_mapping.py
[2025-03-17T20:00:20.311+0800] {processor.py:914} INFO - Processing file /Users/ervinyeoh/Desktop/unimods/is3107/project/.venv/lib/python3.11/site-packages/airflow/example_dags/example_dynamic_task_mapping.py for tasks to queue
[2025-03-17T20:00:20.311+0800] {logging_mixin.py:190} INFO - [2025-03-17T20:00:20.311+0800] {dagbag.py:588} INFO - Filling up the DagBag from /Users/ervinyeoh/Desktop/unimods/is3107/project/.venv/lib/python3.11/site-packages/airflow/example_dags/example_dynamic_task_mapping.py
[2025-03-17T20:00:20.364+0800] {processor.py:925} INFO - DAG(s) 'example_dynamic_task_mapping' retrieved from /Users/ervinyeoh/Desktop/unimods/is3107/project/.venv/lib/python3.11/site-packages/airflow/example_dags/example_dynamic_task_mapping.py
[2025-03-17T20:00:20.415+0800] {logging_mixin.py:190} INFO - [2025-03-17T20:00:20.414+0800] {dag.py:3239} INFO - Sync 1 DAGs
[2025-03-17T20:00:20.420+0800] {logging_mixin.py:190} INFO - [2025-03-17T20:00:20.420+0800] {dag.py:4180} INFO - Setting next_dagrun for example_dynamic_task_mapping to None, run_after=None
[2025-03-17T20:00:20.430+0800] {processor.py:208} INFO - Processing /Users/ervinyeoh/Desktop/unimods/is3107/project/.venv/lib/python3.11/site-packages/airflow/example_dags/example_dynamic_task_mapping.py took 0.122 seconds
[2025-03-17T20:01:37.691+0800] {processor.py:186} INFO - Started process (PID=17852) to work on /Users/ervinyeoh/Desktop/unimods/is3107/project/.venv/lib/python3.11/site-packages/airflow/example_dags/example_dynamic_task_mapping.py
[2025-03-17T20:01:37.692+0800] {processor.py:914} INFO - Processing file /Users/ervinyeoh/Desktop/unimods/is3107/project/.venv/lib/python3.11/site-packages/airflow/example_dags/example_dynamic_task_mapping.py for tasks to queue
[2025-03-17T20:01:37.693+0800] {logging_mixin.py:190} INFO - [2025-03-17T20:01:37.693+0800] {dagbag.py:588} INFO - Filling up the DagBag from /Users/ervinyeoh/Desktop/unimods/is3107/project/.venv/lib/python3.11/site-packages/airflow/example_dags/example_dynamic_task_mapping.py
[2025-03-17T20:01:37.748+0800] {processor.py:925} INFO - DAG(s) 'example_dynamic_task_mapping' retrieved from /Users/ervinyeoh/Desktop/unimods/is3107/project/.venv/lib/python3.11/site-packages/airflow/example_dags/example_dynamic_task_mapping.py
[2025-03-17T20:01:37.800+0800] {logging_mixin.py:190} INFO - [2025-03-17T20:01:37.800+0800] {dag.py:3239} INFO - Sync 1 DAGs
[2025-03-17T20:01:37.806+0800] {logging_mixin.py:190} INFO - [2025-03-17T20:01:37.806+0800] {dag.py:4180} INFO - Setting next_dagrun for example_dynamic_task_mapping to None, run_after=None
[2025-03-17T20:01:37.815+0800] {processor.py:208} INFO - Processing /Users/ervinyeoh/Desktop/unimods/is3107/project/.venv/lib/python3.11/site-packages/airflow/example_dags/example_dynamic_task_mapping.py took 0.127 seconds
[2025-03-17T20:03:42.495+0800] {processor.py:186} INFO - Started process (PID=18148) to work on /Users/ervinyeoh/Desktop/unimods/is3107/project/.venv/lib/python3.11/site-packages/airflow/example_dags/example_dynamic_task_mapping.py
[2025-03-17T20:03:42.496+0800] {processor.py:914} INFO - Processing file /Users/ervinyeoh/Desktop/unimods/is3107/project/.venv/lib/python3.11/site-packages/airflow/example_dags/example_dynamic_task_mapping.py for tasks to queue
[2025-03-17T20:03:42.498+0800] {logging_mixin.py:190} INFO - [2025-03-17T20:03:42.498+0800] {dagbag.py:588} INFO - Filling up the DagBag from /Users/ervinyeoh/Desktop/unimods/is3107/project/.venv/lib/python3.11/site-packages/airflow/example_dags/example_dynamic_task_mapping.py
[2025-03-17T20:03:42.553+0800] {processor.py:925} INFO - DAG(s) 'example_dynamic_task_mapping' retrieved from /Users/ervinyeoh/Desktop/unimods/is3107/project/.venv/lib/python3.11/site-packages/airflow/example_dags/example_dynamic_task_mapping.py
[2025-03-17T20:03:42.608+0800] {logging_mixin.py:190} INFO - [2025-03-17T20:03:42.608+0800] {dag.py:3239} INFO - Sync 1 DAGs
[2025-03-17T20:03:42.615+0800] {logging_mixin.py:190} INFO - [2025-03-17T20:03:42.614+0800] {dag.py:4180} INFO - Setting next_dagrun for example_dynamic_task_mapping to None, run_after=None
[2025-03-17T20:03:42.625+0800] {processor.py:208} INFO - Processing /Users/ervinyeoh/Desktop/unimods/is3107/project/.venv/lib/python3.11/site-packages/airflow/example_dags/example_dynamic_task_mapping.py took 0.132 seconds
[2025-03-17T20:05:02.375+0800] {processor.py:186} INFO - Started process (PID=18309) to work on /Users/ervinyeoh/Desktop/unimods/is3107/project/.venv/lib/python3.11/site-packages/airflow/example_dags/example_dynamic_task_mapping.py
[2025-03-17T20:05:02.376+0800] {processor.py:914} INFO - Processing file /Users/ervinyeoh/Desktop/unimods/is3107/project/.venv/lib/python3.11/site-packages/airflow/example_dags/example_dynamic_task_mapping.py for tasks to queue
[2025-03-17T20:05:02.376+0800] {logging_mixin.py:190} INFO - [2025-03-17T20:05:02.376+0800] {dagbag.py:588} INFO - Filling up the DagBag from /Users/ervinyeoh/Desktop/unimods/is3107/project/.venv/lib/python3.11/site-packages/airflow/example_dags/example_dynamic_task_mapping.py
[2025-03-17T20:05:02.430+0800] {processor.py:925} INFO - DAG(s) 'example_dynamic_task_mapping' retrieved from /Users/ervinyeoh/Desktop/unimods/is3107/project/.venv/lib/python3.11/site-packages/airflow/example_dags/example_dynamic_task_mapping.py
[2025-03-17T20:05:02.481+0800] {logging_mixin.py:190} INFO - [2025-03-17T20:05:02.481+0800] {dag.py:3239} INFO - Sync 1 DAGs
[2025-03-17T20:05:02.487+0800] {logging_mixin.py:190} INFO - [2025-03-17T20:05:02.486+0800] {dag.py:4180} INFO - Setting next_dagrun for example_dynamic_task_mapping to None, run_after=None
[2025-03-17T20:05:02.496+0800] {processor.py:208} INFO - Processing /Users/ervinyeoh/Desktop/unimods/is3107/project/.venv/lib/python3.11/site-packages/airflow/example_dags/example_dynamic_task_mapping.py took 0.123 seconds
[2025-03-17T20:07:00.638+0800] {processor.py:186} INFO - Started process (PID=18564) to work on /Users/ervinyeoh/Desktop/unimods/is3107/project/.venv/lib/python3.11/site-packages/airflow/example_dags/example_dynamic_task_mapping.py
[2025-03-17T20:07:00.639+0800] {processor.py:914} INFO - Processing file /Users/ervinyeoh/Desktop/unimods/is3107/project/.venv/lib/python3.11/site-packages/airflow/example_dags/example_dynamic_task_mapping.py for tasks to queue
[2025-03-17T20:07:00.640+0800] {logging_mixin.py:190} INFO - [2025-03-17T20:07:00.640+0800] {dagbag.py:588} INFO - Filling up the DagBag from /Users/ervinyeoh/Desktop/unimods/is3107/project/.venv/lib/python3.11/site-packages/airflow/example_dags/example_dynamic_task_mapping.py
[2025-03-17T20:07:00.692+0800] {processor.py:925} INFO - DAG(s) 'example_dynamic_task_mapping' retrieved from /Users/ervinyeoh/Desktop/unimods/is3107/project/.venv/lib/python3.11/site-packages/airflow/example_dags/example_dynamic_task_mapping.py
[2025-03-17T20:07:00.742+0800] {logging_mixin.py:190} INFO - [2025-03-17T20:07:00.742+0800] {dag.py:3239} INFO - Sync 1 DAGs
[2025-03-17T20:07:00.748+0800] {logging_mixin.py:190} INFO - [2025-03-17T20:07:00.748+0800] {dag.py:4180} INFO - Setting next_dagrun for example_dynamic_task_mapping to None, run_after=None
[2025-03-17T20:07:00.757+0800] {processor.py:208} INFO - Processing /Users/ervinyeoh/Desktop/unimods/is3107/project/.venv/lib/python3.11/site-packages/airflow/example_dags/example_dynamic_task_mapping.py took 0.121 seconds
[2025-03-17T20:08:29.444+0800] {processor.py:186} INFO - Started process (PID=18791) to work on /Users/ervinyeoh/Desktop/unimods/is3107/project/.venv/lib/python3.11/site-packages/airflow/example_dags/example_dynamic_task_mapping.py
[2025-03-17T20:08:29.445+0800] {processor.py:914} INFO - Processing file /Users/ervinyeoh/Desktop/unimods/is3107/project/.venv/lib/python3.11/site-packages/airflow/example_dags/example_dynamic_task_mapping.py for tasks to queue
[2025-03-17T20:08:29.446+0800] {logging_mixin.py:190} INFO - [2025-03-17T20:08:29.446+0800] {dagbag.py:588} INFO - Filling up the DagBag from /Users/ervinyeoh/Desktop/unimods/is3107/project/.venv/lib/python3.11/site-packages/airflow/example_dags/example_dynamic_task_mapping.py
[2025-03-17T20:08:29.528+0800] {processor.py:925} INFO - DAG(s) 'example_dynamic_task_mapping' retrieved from /Users/ervinyeoh/Desktop/unimods/is3107/project/.venv/lib/python3.11/site-packages/airflow/example_dags/example_dynamic_task_mapping.py
[2025-03-17T20:08:29.582+0800] {logging_mixin.py:190} INFO - [2025-03-17T20:08:29.582+0800] {dag.py:3239} INFO - Sync 1 DAGs
[2025-03-17T20:08:29.588+0800] {logging_mixin.py:190} INFO - [2025-03-17T20:08:29.588+0800] {dag.py:4180} INFO - Setting next_dagrun for example_dynamic_task_mapping to None, run_after=None
[2025-03-17T20:08:29.598+0800] {processor.py:208} INFO - Processing /Users/ervinyeoh/Desktop/unimods/is3107/project/.venv/lib/python3.11/site-packages/airflow/example_dags/example_dynamic_task_mapping.py took 0.157 seconds
[2025-03-17T20:10:29.390+0800] {processor.py:186} INFO - Started process (PID=19072) to work on /Users/ervinyeoh/Desktop/unimods/is3107/project/.venv/lib/python3.11/site-packages/airflow/example_dags/example_dynamic_task_mapping.py
[2025-03-17T20:10:29.391+0800] {processor.py:914} INFO - Processing file /Users/ervinyeoh/Desktop/unimods/is3107/project/.venv/lib/python3.11/site-packages/airflow/example_dags/example_dynamic_task_mapping.py for tasks to queue
[2025-03-17T20:10:29.392+0800] {logging_mixin.py:190} INFO - [2025-03-17T20:10:29.392+0800] {dagbag.py:588} INFO - Filling up the DagBag from /Users/ervinyeoh/Desktop/unimods/is3107/project/.venv/lib/python3.11/site-packages/airflow/example_dags/example_dynamic_task_mapping.py
[2025-03-17T20:10:29.446+0800] {processor.py:925} INFO - DAG(s) 'example_dynamic_task_mapping' retrieved from /Users/ervinyeoh/Desktop/unimods/is3107/project/.venv/lib/python3.11/site-packages/airflow/example_dags/example_dynamic_task_mapping.py
[2025-03-17T20:10:29.497+0800] {logging_mixin.py:190} INFO - [2025-03-17T20:10:29.497+0800] {dag.py:3239} INFO - Sync 1 DAGs
[2025-03-17T20:10:29.503+0800] {logging_mixin.py:190} INFO - [2025-03-17T20:10:29.503+0800] {dag.py:4180} INFO - Setting next_dagrun for example_dynamic_task_mapping to None, run_after=None
[2025-03-17T20:10:29.512+0800] {processor.py:208} INFO - Processing /Users/ervinyeoh/Desktop/unimods/is3107/project/.venv/lib/python3.11/site-packages/airflow/example_dags/example_dynamic_task_mapping.py took 0.124 seconds
[2025-03-17T20:12:03.643+0800] {processor.py:186} INFO - Started process (PID=19315) to work on /Users/ervinyeoh/Desktop/unimods/is3107/project/.venv/lib/python3.11/site-packages/airflow/example_dags/example_dynamic_task_mapping.py
[2025-03-17T20:12:03.644+0800] {processor.py:914} INFO - Processing file /Users/ervinyeoh/Desktop/unimods/is3107/project/.venv/lib/python3.11/site-packages/airflow/example_dags/example_dynamic_task_mapping.py for tasks to queue
[2025-03-17T20:12:03.644+0800] {logging_mixin.py:190} INFO - [2025-03-17T20:12:03.644+0800] {dagbag.py:588} INFO - Filling up the DagBag from /Users/ervinyeoh/Desktop/unimods/is3107/project/.venv/lib/python3.11/site-packages/airflow/example_dags/example_dynamic_task_mapping.py
[2025-03-17T20:12:03.701+0800] {processor.py:925} INFO - DAG(s) 'example_dynamic_task_mapping' retrieved from /Users/ervinyeoh/Desktop/unimods/is3107/project/.venv/lib/python3.11/site-packages/airflow/example_dags/example_dynamic_task_mapping.py
[2025-03-17T20:12:03.751+0800] {logging_mixin.py:190} INFO - [2025-03-17T20:12:03.751+0800] {dag.py:3239} INFO - Sync 1 DAGs
[2025-03-17T20:12:03.757+0800] {logging_mixin.py:190} INFO - [2025-03-17T20:12:03.757+0800] {dag.py:4180} INFO - Setting next_dagrun for example_dynamic_task_mapping to None, run_after=None
[2025-03-17T20:12:03.767+0800] {processor.py:208} INFO - Processing /Users/ervinyeoh/Desktop/unimods/is3107/project/.venv/lib/python3.11/site-packages/airflow/example_dags/example_dynamic_task_mapping.py took 0.126 seconds
[2025-03-17T20:15:23.029+0800] {processor.py:186} INFO - Started process (PID=19864) to work on /Users/ervinyeoh/Desktop/unimods/is3107/project/.venv/lib/python3.11/site-packages/airflow/example_dags/example_dynamic_task_mapping.py
[2025-03-17T20:15:23.031+0800] {processor.py:914} INFO - Processing file /Users/ervinyeoh/Desktop/unimods/is3107/project/.venv/lib/python3.11/site-packages/airflow/example_dags/example_dynamic_task_mapping.py for tasks to queue
[2025-03-17T20:15:23.031+0800] {logging_mixin.py:190} INFO - [2025-03-17T20:15:23.031+0800] {dagbag.py:588} INFO - Filling up the DagBag from /Users/ervinyeoh/Desktop/unimods/is3107/project/.venv/lib/python3.11/site-packages/airflow/example_dags/example_dynamic_task_mapping.py
[2025-03-17T20:15:23.086+0800] {processor.py:925} INFO - DAG(s) 'example_dynamic_task_mapping' retrieved from /Users/ervinyeoh/Desktop/unimods/is3107/project/.venv/lib/python3.11/site-packages/airflow/example_dags/example_dynamic_task_mapping.py
[2025-03-17T20:15:23.137+0800] {logging_mixin.py:190} INFO - [2025-03-17T20:15:23.137+0800] {dag.py:3239} INFO - Sync 1 DAGs
[2025-03-17T20:15:23.143+0800] {logging_mixin.py:190} INFO - [2025-03-17T20:15:23.143+0800] {dag.py:4180} INFO - Setting next_dagrun for example_dynamic_task_mapping to None, run_after=None
[2025-03-17T20:15:23.153+0800] {processor.py:208} INFO - Processing /Users/ervinyeoh/Desktop/unimods/is3107/project/.venv/lib/python3.11/site-packages/airflow/example_dags/example_dynamic_task_mapping.py took 0.126 seconds
[2025-03-17T20:15:24.988+0800] {processor.py:186} INFO - Started process (PID=19874) to work on /Users/ervinyeoh/Desktop/unimods/is3107/project/.venv/lib/python3.11/site-packages/airflow/example_dags/example_dynamic_task_mapping.py
[2025-03-17T20:15:24.989+0800] {processor.py:914} INFO - Processing file /Users/ervinyeoh/Desktop/unimods/is3107/project/.venv/lib/python3.11/site-packages/airflow/example_dags/example_dynamic_task_mapping.py for tasks to queue
[2025-03-17T20:15:24.990+0800] {logging_mixin.py:190} INFO - [2025-03-17T20:15:24.989+0800] {dagbag.py:588} INFO - Filling up the DagBag from /Users/ervinyeoh/Desktop/unimods/is3107/project/.venv/lib/python3.11/site-packages/airflow/example_dags/example_dynamic_task_mapping.py
[2025-03-17T20:15:25.050+0800] {processor.py:925} INFO - DAG(s) 'example_dynamic_task_mapping' retrieved from /Users/ervinyeoh/Desktop/unimods/is3107/project/.venv/lib/python3.11/site-packages/airflow/example_dags/example_dynamic_task_mapping.py
[2025-03-17T20:15:25.102+0800] {logging_mixin.py:190} INFO - [2025-03-17T20:15:25.102+0800] {dag.py:3239} INFO - Sync 1 DAGs
[2025-03-17T20:15:25.107+0800] {logging_mixin.py:190} INFO - [2025-03-17T20:15:25.107+0800] {dag.py:4180} INFO - Setting next_dagrun for example_dynamic_task_mapping to None, run_after=None
[2025-03-17T20:15:25.117+0800] {processor.py:208} INFO - Processing /Users/ervinyeoh/Desktop/unimods/is3107/project/.venv/lib/python3.11/site-packages/airflow/example_dags/example_dynamic_task_mapping.py took 0.134 seconds
[2025-03-17T20:17:53.336+0800] {processor.py:186} INFO - Started process (PID=20239) to work on /Users/ervinyeoh/Desktop/unimods/is3107/project/.venv/lib/python3.11/site-packages/airflow/example_dags/example_dynamic_task_mapping.py
[2025-03-17T20:17:53.337+0800] {processor.py:914} INFO - Processing file /Users/ervinyeoh/Desktop/unimods/is3107/project/.venv/lib/python3.11/site-packages/airflow/example_dags/example_dynamic_task_mapping.py for tasks to queue
[2025-03-17T20:17:53.337+0800] {logging_mixin.py:190} INFO - [2025-03-17T20:17:53.337+0800] {dagbag.py:588} INFO - Filling up the DagBag from /Users/ervinyeoh/Desktop/unimods/is3107/project/.venv/lib/python3.11/site-packages/airflow/example_dags/example_dynamic_task_mapping.py
[2025-03-17T20:17:53.391+0800] {processor.py:925} INFO - DAG(s) 'example_dynamic_task_mapping' retrieved from /Users/ervinyeoh/Desktop/unimods/is3107/project/.venv/lib/python3.11/site-packages/airflow/example_dags/example_dynamic_task_mapping.py
[2025-03-17T20:17:53.441+0800] {logging_mixin.py:190} INFO - [2025-03-17T20:17:53.441+0800] {dag.py:3239} INFO - Sync 1 DAGs
[2025-03-17T20:17:53.446+0800] {logging_mixin.py:190} INFO - [2025-03-17T20:17:53.446+0800] {dag.py:4180} INFO - Setting next_dagrun for example_dynamic_task_mapping to None, run_after=None
[2025-03-17T20:17:53.456+0800] {processor.py:208} INFO - Processing /Users/ervinyeoh/Desktop/unimods/is3107/project/.venv/lib/python3.11/site-packages/airflow/example_dags/example_dynamic_task_mapping.py took 0.122 seconds
[2025-03-17T20:20:05.732+0800] {processor.py:186} INFO - Started process (PID=20630) to work on /Users/ervinyeoh/Desktop/unimods/is3107/project/.venv/lib/python3.11/site-packages/airflow/example_dags/example_dynamic_task_mapping.py
[2025-03-17T20:20:05.733+0800] {processor.py:914} INFO - Processing file /Users/ervinyeoh/Desktop/unimods/is3107/project/.venv/lib/python3.11/site-packages/airflow/example_dags/example_dynamic_task_mapping.py for tasks to queue
[2025-03-17T20:20:05.734+0800] {logging_mixin.py:190} INFO - [2025-03-17T20:20:05.733+0800] {dagbag.py:588} INFO - Filling up the DagBag from /Users/ervinyeoh/Desktop/unimods/is3107/project/.venv/lib/python3.11/site-packages/airflow/example_dags/example_dynamic_task_mapping.py
[2025-03-17T20:20:05.788+0800] {processor.py:925} INFO - DAG(s) 'example_dynamic_task_mapping' retrieved from /Users/ervinyeoh/Desktop/unimods/is3107/project/.venv/lib/python3.11/site-packages/airflow/example_dags/example_dynamic_task_mapping.py
[2025-03-17T20:20:05.840+0800] {logging_mixin.py:190} INFO - [2025-03-17T20:20:05.840+0800] {dag.py:3239} INFO - Sync 1 DAGs
[2025-03-17T20:20:05.845+0800] {logging_mixin.py:190} INFO - [2025-03-17T20:20:05.845+0800] {dag.py:4180} INFO - Setting next_dagrun for example_dynamic_task_mapping to None, run_after=None
[2025-03-17T20:20:05.855+0800] {processor.py:208} INFO - Processing /Users/ervinyeoh/Desktop/unimods/is3107/project/.venv/lib/python3.11/site-packages/airflow/example_dags/example_dynamic_task_mapping.py took 0.125 seconds
[2025-03-17T20:21:30.328+0800] {processor.py:186} INFO - Started process (PID=20805) to work on /Users/ervinyeoh/Desktop/unimods/is3107/project/.venv/lib/python3.11/site-packages/airflow/example_dags/example_dynamic_task_mapping.py
[2025-03-17T20:21:30.329+0800] {processor.py:914} INFO - Processing file /Users/ervinyeoh/Desktop/unimods/is3107/project/.venv/lib/python3.11/site-packages/airflow/example_dags/example_dynamic_task_mapping.py for tasks to queue
[2025-03-17T20:21:30.330+0800] {logging_mixin.py:190} INFO - [2025-03-17T20:21:30.330+0800] {dagbag.py:588} INFO - Filling up the DagBag from /Users/ervinyeoh/Desktop/unimods/is3107/project/.venv/lib/python3.11/site-packages/airflow/example_dags/example_dynamic_task_mapping.py
[2025-03-17T20:21:30.384+0800] {processor.py:925} INFO - DAG(s) 'example_dynamic_task_mapping' retrieved from /Users/ervinyeoh/Desktop/unimods/is3107/project/.venv/lib/python3.11/site-packages/airflow/example_dags/example_dynamic_task_mapping.py
[2025-03-17T20:21:30.435+0800] {logging_mixin.py:190} INFO - [2025-03-17T20:21:30.434+0800] {dag.py:3239} INFO - Sync 1 DAGs
[2025-03-17T20:21:30.440+0800] {logging_mixin.py:190} INFO - [2025-03-17T20:21:30.440+0800] {dag.py:4180} INFO - Setting next_dagrun for example_dynamic_task_mapping to None, run_after=None
[2025-03-17T20:21:30.450+0800] {processor.py:208} INFO - Processing /Users/ervinyeoh/Desktop/unimods/is3107/project/.venv/lib/python3.11/site-packages/airflow/example_dags/example_dynamic_task_mapping.py took 0.123 seconds
[2025-03-17T20:22:14.549+0800] {processor.py:186} INFO - Started process (PID=20915) to work on /Users/ervinyeoh/Desktop/unimods/is3107/project/.venv/lib/python3.11/site-packages/airflow/example_dags/example_dynamic_task_mapping.py
[2025-03-17T20:22:14.551+0800] {processor.py:914} INFO - Processing file /Users/ervinyeoh/Desktop/unimods/is3107/project/.venv/lib/python3.11/site-packages/airflow/example_dags/example_dynamic_task_mapping.py for tasks to queue
[2025-03-17T20:22:14.552+0800] {logging_mixin.py:190} INFO - [2025-03-17T20:22:14.552+0800] {dagbag.py:588} INFO - Filling up the DagBag from /Users/ervinyeoh/Desktop/unimods/is3107/project/.venv/lib/python3.11/site-packages/airflow/example_dags/example_dynamic_task_mapping.py
[2025-03-17T20:22:14.602+0800] {processor.py:925} INFO - DAG(s) 'example_dynamic_task_mapping' retrieved from /Users/ervinyeoh/Desktop/unimods/is3107/project/.venv/lib/python3.11/site-packages/airflow/example_dags/example_dynamic_task_mapping.py
[2025-03-17T20:22:14.652+0800] {logging_mixin.py:190} INFO - [2025-03-17T20:22:14.652+0800] {dag.py:3239} INFO - Sync 1 DAGs
[2025-03-17T20:22:14.657+0800] {logging_mixin.py:190} INFO - [2025-03-17T20:22:14.657+0800] {dag.py:4180} INFO - Setting next_dagrun for example_dynamic_task_mapping to None, run_after=None
[2025-03-17T20:22:14.666+0800] {processor.py:208} INFO - Processing /Users/ervinyeoh/Desktop/unimods/is3107/project/.venv/lib/python3.11/site-packages/airflow/example_dags/example_dynamic_task_mapping.py took 0.119 seconds
[2025-03-17T20:24:54.646+0800] {processor.py:186} INFO - Started process (PID=21264) to work on /Users/ervinyeoh/Desktop/unimods/is3107/project/.venv/lib/python3.11/site-packages/airflow/example_dags/example_dynamic_task_mapping.py
[2025-03-17T20:24:54.647+0800] {processor.py:914} INFO - Processing file /Users/ervinyeoh/Desktop/unimods/is3107/project/.venv/lib/python3.11/site-packages/airflow/example_dags/example_dynamic_task_mapping.py for tasks to queue
[2025-03-17T20:24:54.647+0800] {logging_mixin.py:190} INFO - [2025-03-17T20:24:54.647+0800] {dagbag.py:588} INFO - Filling up the DagBag from /Users/ervinyeoh/Desktop/unimods/is3107/project/.venv/lib/python3.11/site-packages/airflow/example_dags/example_dynamic_task_mapping.py
[2025-03-17T20:24:54.700+0800] {processor.py:925} INFO - DAG(s) 'example_dynamic_task_mapping' retrieved from /Users/ervinyeoh/Desktop/unimods/is3107/project/.venv/lib/python3.11/site-packages/airflow/example_dags/example_dynamic_task_mapping.py
[2025-03-17T20:24:54.751+0800] {logging_mixin.py:190} INFO - [2025-03-17T20:24:54.751+0800] {dag.py:3239} INFO - Sync 1 DAGs
[2025-03-17T20:24:54.757+0800] {logging_mixin.py:190} INFO - [2025-03-17T20:24:54.757+0800] {dag.py:4180} INFO - Setting next_dagrun for example_dynamic_task_mapping to None, run_after=None
[2025-03-17T20:24:54.767+0800] {processor.py:208} INFO - Processing /Users/ervinyeoh/Desktop/unimods/is3107/project/.venv/lib/python3.11/site-packages/airflow/example_dags/example_dynamic_task_mapping.py took 0.123 seconds
[2025-03-17T20:25:32.795+0800] {processor.py:186} INFO - Started process (PID=21362) to work on /Users/ervinyeoh/Desktop/unimods/is3107/project/.venv/lib/python3.11/site-packages/airflow/example_dags/example_dynamic_task_mapping.py
[2025-03-17T20:25:32.796+0800] {processor.py:914} INFO - Processing file /Users/ervinyeoh/Desktop/unimods/is3107/project/.venv/lib/python3.11/site-packages/airflow/example_dags/example_dynamic_task_mapping.py for tasks to queue
[2025-03-17T20:25:32.797+0800] {logging_mixin.py:190} INFO - [2025-03-17T20:25:32.797+0800] {dagbag.py:588} INFO - Filling up the DagBag from /Users/ervinyeoh/Desktop/unimods/is3107/project/.venv/lib/python3.11/site-packages/airflow/example_dags/example_dynamic_task_mapping.py
[2025-03-17T20:25:32.858+0800] {processor.py:925} INFO - DAG(s) 'example_dynamic_task_mapping' retrieved from /Users/ervinyeoh/Desktop/unimods/is3107/project/.venv/lib/python3.11/site-packages/airflow/example_dags/example_dynamic_task_mapping.py
[2025-03-17T20:25:32.909+0800] {logging_mixin.py:190} INFO - [2025-03-17T20:25:32.909+0800] {dag.py:3239} INFO - Sync 1 DAGs
[2025-03-17T20:25:32.916+0800] {logging_mixin.py:190} INFO - [2025-03-17T20:25:32.916+0800] {dag.py:4180} INFO - Setting next_dagrun for example_dynamic_task_mapping to None, run_after=None
[2025-03-17T20:25:32.926+0800] {processor.py:208} INFO - Processing /Users/ervinyeoh/Desktop/unimods/is3107/project/.venv/lib/python3.11/site-packages/airflow/example_dags/example_dynamic_task_mapping.py took 0.133 seconds
