[2025-03-17T17:07:22.062+0800] {processor.py:186} INFO - Started process (PID=12825) to work on /Users/ervinyeoh/Desktop/unimods/is3107/project/.venv/lib/python3.11/site-packages/airflow/example_dags/example_kubernetes_executor.py
[2025-03-17T17:07:22.063+0800] {processor.py:914} INFO - Processing file /Users/ervinyeoh/Desktop/unimods/is3107/project/.venv/lib/python3.11/site-packages/airflow/example_dags/example_kubernetes_executor.py for tasks to queue
[2025-03-17T17:07:22.064+0800] {logging_mixin.py:190} INFO - [2025-03-17T17:07:22.064+0800] {dagbag.py:588} INFO - Filling up the DagBag from /Users/ervinyeoh/Desktop/unimods/is3107/project/.venv/lib/python3.11/site-packages/airflow/example_dags/example_kubernetes_executor.py
[2025-03-17T17:07:22.120+0800] {logging_mixin.py:190} INFO - [2025-03-17T17:07:22.120+0800] {example_kubernetes_executor.py:39} WARNING - The example_kubernetes_executor example DAG requires the kubernetes provider. Please install it with: pip install apache-airflow[cncf.kubernetes]
[2025-03-17T17:07:22.120+0800] {processor.py:927} WARNING - No viable dags retrieved from /Users/ervinyeoh/Desktop/unimods/is3107/project/.venv/lib/python3.11/site-packages/airflow/example_dags/example_kubernetes_executor.py
[2025-03-17T17:07:22.169+0800] {processor.py:208} INFO - Processing /Users/ervinyeoh/Desktop/unimods/is3107/project/.venv/lib/python3.11/site-packages/airflow/example_dags/example_kubernetes_executor.py took 0.109 seconds
[2025-03-17T17:09:33.013+0800] {processor.py:186} INFO - Started process (PID=13050) to work on /Users/ervinyeoh/Desktop/unimods/is3107/project/.venv/lib/python3.11/site-packages/airflow/example_dags/example_kubernetes_executor.py
[2025-03-17T17:09:33.015+0800] {processor.py:914} INFO - Processing file /Users/ervinyeoh/Desktop/unimods/is3107/project/.venv/lib/python3.11/site-packages/airflow/example_dags/example_kubernetes_executor.py for tasks to queue
[2025-03-17T17:09:33.015+0800] {logging_mixin.py:190} INFO - [2025-03-17T17:09:33.015+0800] {dagbag.py:588} INFO - Filling up the DagBag from /Users/ervinyeoh/Desktop/unimods/is3107/project/.venv/lib/python3.11/site-packages/airflow/example_dags/example_kubernetes_executor.py
[2025-03-17T17:09:33.066+0800] {logging_mixin.py:190} INFO - [2025-03-17T17:09:33.065+0800] {example_kubernetes_executor.py:39} WARNING - The example_kubernetes_executor example DAG requires the kubernetes provider. Please install it with: pip install apache-airflow[cncf.kubernetes]
[2025-03-17T17:09:33.066+0800] {processor.py:927} WARNING - No viable dags retrieved from /Users/ervinyeoh/Desktop/unimods/is3107/project/.venv/lib/python3.11/site-packages/airflow/example_dags/example_kubernetes_executor.py
[2025-03-17T17:09:33.112+0800] {processor.py:208} INFO - Processing /Users/ervinyeoh/Desktop/unimods/is3107/project/.venv/lib/python3.11/site-packages/airflow/example_dags/example_kubernetes_executor.py took 0.100 seconds
[2025-03-17T17:12:55.028+0800] {processor.py:186} INFO - Started process (PID=13370) to work on /Users/ervinyeoh/Desktop/unimods/is3107/project/.venv/lib/python3.11/site-packages/airflow/example_dags/example_kubernetes_executor.py
[2025-03-17T17:12:55.029+0800] {processor.py:914} INFO - Processing file /Users/ervinyeoh/Desktop/unimods/is3107/project/.venv/lib/python3.11/site-packages/airflow/example_dags/example_kubernetes_executor.py for tasks to queue
[2025-03-17T17:12:55.030+0800] {logging_mixin.py:190} INFO - [2025-03-17T17:12:55.030+0800] {dagbag.py:588} INFO - Filling up the DagBag from /Users/ervinyeoh/Desktop/unimods/is3107/project/.venv/lib/python3.11/site-packages/airflow/example_dags/example_kubernetes_executor.py
[2025-03-17T17:12:55.078+0800] {logging_mixin.py:190} INFO - [2025-03-17T17:12:55.078+0800] {example_kubernetes_executor.py:39} WARNING - The example_kubernetes_executor example DAG requires the kubernetes provider. Please install it with: pip install apache-airflow[cncf.kubernetes]
[2025-03-17T17:12:55.079+0800] {processor.py:927} WARNING - No viable dags retrieved from /Users/ervinyeoh/Desktop/unimods/is3107/project/.venv/lib/python3.11/site-packages/airflow/example_dags/example_kubernetes_executor.py
[2025-03-17T17:12:55.124+0800] {processor.py:208} INFO - Processing /Users/ervinyeoh/Desktop/unimods/is3107/project/.venv/lib/python3.11/site-packages/airflow/example_dags/example_kubernetes_executor.py took 0.098 seconds
[2025-03-17T17:16:09.513+0800] {processor.py:186} INFO - Started process (PID=13711) to work on /Users/ervinyeoh/Desktop/unimods/is3107/project/.venv/lib/python3.11/site-packages/airflow/example_dags/example_kubernetes_executor.py
[2025-03-17T17:16:09.515+0800] {processor.py:914} INFO - Processing file /Users/ervinyeoh/Desktop/unimods/is3107/project/.venv/lib/python3.11/site-packages/airflow/example_dags/example_kubernetes_executor.py for tasks to queue
[2025-03-17T17:16:09.515+0800] {logging_mixin.py:190} INFO - [2025-03-17T17:16:09.515+0800] {dagbag.py:588} INFO - Filling up the DagBag from /Users/ervinyeoh/Desktop/unimods/is3107/project/.venv/lib/python3.11/site-packages/airflow/example_dags/example_kubernetes_executor.py
[2025-03-17T17:16:09.566+0800] {logging_mixin.py:190} INFO - [2025-03-17T17:16:09.566+0800] {example_kubernetes_executor.py:39} WARNING - The example_kubernetes_executor example DAG requires the kubernetes provider. Please install it with: pip install apache-airflow[cncf.kubernetes]
[2025-03-17T17:16:09.566+0800] {processor.py:927} WARNING - No viable dags retrieved from /Users/ervinyeoh/Desktop/unimods/is3107/project/.venv/lib/python3.11/site-packages/airflow/example_dags/example_kubernetes_executor.py
[2025-03-17T17:16:09.612+0800] {processor.py:208} INFO - Processing /Users/ervinyeoh/Desktop/unimods/is3107/project/.venv/lib/python3.11/site-packages/airflow/example_dags/example_kubernetes_executor.py took 0.100 seconds
[2025-03-17T17:19:27.115+0800] {processor.py:186} INFO - Started process (PID=13934) to work on /Users/ervinyeoh/Desktop/unimods/is3107/project/.venv/lib/python3.11/site-packages/airflow/example_dags/example_kubernetes_executor.py
[2025-03-17T17:19:27.116+0800] {processor.py:914} INFO - Processing file /Users/ervinyeoh/Desktop/unimods/is3107/project/.venv/lib/python3.11/site-packages/airflow/example_dags/example_kubernetes_executor.py for tasks to queue
[2025-03-17T17:19:27.117+0800] {logging_mixin.py:190} INFO - [2025-03-17T17:19:27.117+0800] {dagbag.py:588} INFO - Filling up the DagBag from /Users/ervinyeoh/Desktop/unimods/is3107/project/.venv/lib/python3.11/site-packages/airflow/example_dags/example_kubernetes_executor.py
[2025-03-17T17:19:27.165+0800] {logging_mixin.py:190} INFO - [2025-03-17T17:19:27.165+0800] {example_kubernetes_executor.py:39} WARNING - The example_kubernetes_executor example DAG requires the kubernetes provider. Please install it with: pip install apache-airflow[cncf.kubernetes]
[2025-03-17T17:19:27.166+0800] {processor.py:927} WARNING - No viable dags retrieved from /Users/ervinyeoh/Desktop/unimods/is3107/project/.venv/lib/python3.11/site-packages/airflow/example_dags/example_kubernetes_executor.py
[2025-03-17T17:19:27.211+0800] {processor.py:208} INFO - Processing /Users/ervinyeoh/Desktop/unimods/is3107/project/.venv/lib/python3.11/site-packages/airflow/example_dags/example_kubernetes_executor.py took 0.097 seconds
[2025-03-17T17:22:42.690+0800] {processor.py:186} INFO - Started process (PID=14172) to work on /Users/ervinyeoh/Desktop/unimods/is3107/project/.venv/lib/python3.11/site-packages/airflow/example_dags/example_kubernetes_executor.py
[2025-03-17T17:22:42.691+0800] {processor.py:914} INFO - Processing file /Users/ervinyeoh/Desktop/unimods/is3107/project/.venv/lib/python3.11/site-packages/airflow/example_dags/example_kubernetes_executor.py for tasks to queue
[2025-03-17T17:22:42.692+0800] {logging_mixin.py:190} INFO - [2025-03-17T17:22:42.692+0800] {dagbag.py:588} INFO - Filling up the DagBag from /Users/ervinyeoh/Desktop/unimods/is3107/project/.venv/lib/python3.11/site-packages/airflow/example_dags/example_kubernetes_executor.py
[2025-03-17T17:22:42.746+0800] {logging_mixin.py:190} INFO - [2025-03-17T17:22:42.746+0800] {example_kubernetes_executor.py:39} WARNING - The example_kubernetes_executor example DAG requires the kubernetes provider. Please install it with: pip install apache-airflow[cncf.kubernetes]
[2025-03-17T17:22:42.746+0800] {processor.py:927} WARNING - No viable dags retrieved from /Users/ervinyeoh/Desktop/unimods/is3107/project/.venv/lib/python3.11/site-packages/airflow/example_dags/example_kubernetes_executor.py
[2025-03-17T17:22:42.793+0800] {processor.py:208} INFO - Processing /Users/ervinyeoh/Desktop/unimods/is3107/project/.venv/lib/python3.11/site-packages/airflow/example_dags/example_kubernetes_executor.py took 0.105 seconds
[2025-03-17T17:52:24.851+0800] {processor.py:186} INFO - Started process (PID=14527) to work on /Users/ervinyeoh/Desktop/unimods/is3107/project/.venv/lib/python3.11/site-packages/airflow/example_dags/example_kubernetes_executor.py
[2025-03-17T17:52:24.852+0800] {processor.py:914} INFO - Processing file /Users/ervinyeoh/Desktop/unimods/is3107/project/.venv/lib/python3.11/site-packages/airflow/example_dags/example_kubernetes_executor.py for tasks to queue
[2025-03-17T17:52:24.853+0800] {logging_mixin.py:190} INFO - [2025-03-17T17:52:24.853+0800] {dagbag.py:588} INFO - Filling up the DagBag from /Users/ervinyeoh/Desktop/unimods/is3107/project/.venv/lib/python3.11/site-packages/airflow/example_dags/example_kubernetes_executor.py
[2025-03-17T17:52:24.902+0800] {logging_mixin.py:190} INFO - [2025-03-17T17:52:24.902+0800] {example_kubernetes_executor.py:39} WARNING - The example_kubernetes_executor example DAG requires the kubernetes provider. Please install it with: pip install apache-airflow[cncf.kubernetes]
[2025-03-17T17:52:24.902+0800] {processor.py:927} WARNING - No viable dags retrieved from /Users/ervinyeoh/Desktop/unimods/is3107/project/.venv/lib/python3.11/site-packages/airflow/example_dags/example_kubernetes_executor.py
[2025-03-17T17:52:24.948+0800] {processor.py:208} INFO - Processing /Users/ervinyeoh/Desktop/unimods/is3107/project/.venv/lib/python3.11/site-packages/airflow/example_dags/example_kubernetes_executor.py took 0.098 seconds
[2025-03-17T19:41:40.600+0800] {processor.py:186} INFO - Started process (PID=15145) to work on /Users/ervinyeoh/Desktop/unimods/is3107/project/.venv/lib/python3.11/site-packages/airflow/example_dags/example_kubernetes_executor.py
[2025-03-17T19:41:40.602+0800] {processor.py:914} INFO - Processing file /Users/ervinyeoh/Desktop/unimods/is3107/project/.venv/lib/python3.11/site-packages/airflow/example_dags/example_kubernetes_executor.py for tasks to queue
[2025-03-17T19:41:40.602+0800] {logging_mixin.py:190} INFO - [2025-03-17T19:41:40.602+0800] {dagbag.py:588} INFO - Filling up the DagBag from /Users/ervinyeoh/Desktop/unimods/is3107/project/.venv/lib/python3.11/site-packages/airflow/example_dags/example_kubernetes_executor.py
[2025-03-17T19:41:40.653+0800] {logging_mixin.py:190} INFO - [2025-03-17T19:41:40.653+0800] {example_kubernetes_executor.py:39} WARNING - The example_kubernetes_executor example DAG requires the kubernetes provider. Please install it with: pip install apache-airflow[cncf.kubernetes]
[2025-03-17T19:41:40.654+0800] {processor.py:927} WARNING - No viable dags retrieved from /Users/ervinyeoh/Desktop/unimods/is3107/project/.venv/lib/python3.11/site-packages/airflow/example_dags/example_kubernetes_executor.py
[2025-03-17T19:41:40.699+0800] {processor.py:208} INFO - Processing /Users/ervinyeoh/Desktop/unimods/is3107/project/.venv/lib/python3.11/site-packages/airflow/example_dags/example_kubernetes_executor.py took 0.101 seconds
[2025-03-17T19:41:43.540+0800] {processor.py:186} INFO - Started process (PID=15152) to work on /Users/ervinyeoh/Desktop/unimods/is3107/project/.venv/lib/python3.11/site-packages/airflow/example_dags/example_kubernetes_executor.py
[2025-03-17T19:41:43.541+0800] {processor.py:914} INFO - Processing file /Users/ervinyeoh/Desktop/unimods/is3107/project/.venv/lib/python3.11/site-packages/airflow/example_dags/example_kubernetes_executor.py for tasks to queue
[2025-03-17T19:41:43.541+0800] {logging_mixin.py:190} INFO - [2025-03-17T19:41:43.541+0800] {dagbag.py:588} INFO - Filling up the DagBag from /Users/ervinyeoh/Desktop/unimods/is3107/project/.venv/lib/python3.11/site-packages/airflow/example_dags/example_kubernetes_executor.py
[2025-03-17T19:41:43.592+0800] {logging_mixin.py:190} INFO - [2025-03-17T19:41:43.592+0800] {example_kubernetes_executor.py:39} WARNING - The example_kubernetes_executor example DAG requires the kubernetes provider. Please install it with: pip install apache-airflow[cncf.kubernetes]
[2025-03-17T19:41:43.592+0800] {processor.py:927} WARNING - No viable dags retrieved from /Users/ervinyeoh/Desktop/unimods/is3107/project/.venv/lib/python3.11/site-packages/airflow/example_dags/example_kubernetes_executor.py
[2025-03-17T19:41:43.638+0800] {processor.py:208} INFO - Processing /Users/ervinyeoh/Desktop/unimods/is3107/project/.venv/lib/python3.11/site-packages/airflow/example_dags/example_kubernetes_executor.py took 0.099 seconds
[2025-03-17T19:44:29.378+0800] {processor.py:186} INFO - Started process (PID=15507) to work on /Users/ervinyeoh/Desktop/unimods/is3107/project/.venv/lib/python3.11/site-packages/airflow/example_dags/example_kubernetes_executor.py
[2025-03-17T19:44:29.379+0800] {processor.py:914} INFO - Processing file /Users/ervinyeoh/Desktop/unimods/is3107/project/.venv/lib/python3.11/site-packages/airflow/example_dags/example_kubernetes_executor.py for tasks to queue
[2025-03-17T19:44:29.380+0800] {logging_mixin.py:190} INFO - [2025-03-17T19:44:29.380+0800] {dagbag.py:588} INFO - Filling up the DagBag from /Users/ervinyeoh/Desktop/unimods/is3107/project/.venv/lib/python3.11/site-packages/airflow/example_dags/example_kubernetes_executor.py
[2025-03-17T19:44:29.441+0800] {logging_mixin.py:190} INFO - [2025-03-17T19:44:29.441+0800] {example_kubernetes_executor.py:39} WARNING - The example_kubernetes_executor example DAG requires the kubernetes provider. Please install it with: pip install apache-airflow[cncf.kubernetes]
[2025-03-17T19:44:29.441+0800] {processor.py:927} WARNING - No viable dags retrieved from /Users/ervinyeoh/Desktop/unimods/is3107/project/.venv/lib/python3.11/site-packages/airflow/example_dags/example_kubernetes_executor.py
[2025-03-17T19:44:29.489+0800] {processor.py:208} INFO - Processing /Users/ervinyeoh/Desktop/unimods/is3107/project/.venv/lib/python3.11/site-packages/airflow/example_dags/example_kubernetes_executor.py took 0.113 seconds
[2025-03-17T19:45:29.745+0800] {processor.py:186} INFO - Started process (PID=15652) to work on /Users/ervinyeoh/Desktop/unimods/is3107/project/.venv/lib/python3.11/site-packages/airflow/example_dags/example_kubernetes_executor.py
[2025-03-17T19:45:29.746+0800] {processor.py:914} INFO - Processing file /Users/ervinyeoh/Desktop/unimods/is3107/project/.venv/lib/python3.11/site-packages/airflow/example_dags/example_kubernetes_executor.py for tasks to queue
[2025-03-17T19:45:29.747+0800] {logging_mixin.py:190} INFO - [2025-03-17T19:45:29.746+0800] {dagbag.py:588} INFO - Filling up the DagBag from /Users/ervinyeoh/Desktop/unimods/is3107/project/.venv/lib/python3.11/site-packages/airflow/example_dags/example_kubernetes_executor.py
[2025-03-17T19:45:29.796+0800] {logging_mixin.py:190} INFO - [2025-03-17T19:45:29.796+0800] {example_kubernetes_executor.py:39} WARNING - The example_kubernetes_executor example DAG requires the kubernetes provider. Please install it with: pip install apache-airflow[cncf.kubernetes]
[2025-03-17T19:45:29.796+0800] {processor.py:927} WARNING - No viable dags retrieved from /Users/ervinyeoh/Desktop/unimods/is3107/project/.venv/lib/python3.11/site-packages/airflow/example_dags/example_kubernetes_executor.py
[2025-03-17T19:45:29.842+0800] {processor.py:208} INFO - Processing /Users/ervinyeoh/Desktop/unimods/is3107/project/.venv/lib/python3.11/site-packages/airflow/example_dags/example_kubernetes_executor.py took 0.099 seconds
[2025-03-17T19:46:40.982+0800] {processor.py:186} INFO - Started process (PID=15836) to work on /Users/ervinyeoh/Desktop/unimods/is3107/project/.venv/lib/python3.11/site-packages/airflow/example_dags/example_kubernetes_executor.py
[2025-03-17T19:46:40.983+0800] {processor.py:914} INFO - Processing file /Users/ervinyeoh/Desktop/unimods/is3107/project/.venv/lib/python3.11/site-packages/airflow/example_dags/example_kubernetes_executor.py for tasks to queue
[2025-03-17T19:46:40.984+0800] {logging_mixin.py:190} INFO - [2025-03-17T19:46:40.984+0800] {dagbag.py:588} INFO - Filling up the DagBag from /Users/ervinyeoh/Desktop/unimods/is3107/project/.venv/lib/python3.11/site-packages/airflow/example_dags/example_kubernetes_executor.py
[2025-03-17T19:46:41.033+0800] {logging_mixin.py:190} INFO - [2025-03-17T19:46:41.033+0800] {example_kubernetes_executor.py:39} WARNING - The example_kubernetes_executor example DAG requires the kubernetes provider. Please install it with: pip install apache-airflow[cncf.kubernetes]
[2025-03-17T19:46:41.033+0800] {processor.py:927} WARNING - No viable dags retrieved from /Users/ervinyeoh/Desktop/unimods/is3107/project/.venv/lib/python3.11/site-packages/airflow/example_dags/example_kubernetes_executor.py
[2025-03-17T19:46:41.079+0800] {processor.py:208} INFO - Processing /Users/ervinyeoh/Desktop/unimods/is3107/project/.venv/lib/python3.11/site-packages/airflow/example_dags/example_kubernetes_executor.py took 0.099 seconds
[2025-03-17T19:47:42.294+0800] {processor.py:186} INFO - Started process (PID=15950) to work on /Users/ervinyeoh/Desktop/unimods/is3107/project/.venv/lib/python3.11/site-packages/airflow/example_dags/example_kubernetes_executor.py
[2025-03-17T19:47:42.295+0800] {processor.py:914} INFO - Processing file /Users/ervinyeoh/Desktop/unimods/is3107/project/.venv/lib/python3.11/site-packages/airflow/example_dags/example_kubernetes_executor.py for tasks to queue
[2025-03-17T19:47:42.296+0800] {logging_mixin.py:190} INFO - [2025-03-17T19:47:42.295+0800] {dagbag.py:588} INFO - Filling up the DagBag from /Users/ervinyeoh/Desktop/unimods/is3107/project/.venv/lib/python3.11/site-packages/airflow/example_dags/example_kubernetes_executor.py
[2025-03-17T19:47:42.347+0800] {logging_mixin.py:190} INFO - [2025-03-17T19:47:42.347+0800] {example_kubernetes_executor.py:39} WARNING - The example_kubernetes_executor example DAG requires the kubernetes provider. Please install it with: pip install apache-airflow[cncf.kubernetes]
[2025-03-17T19:47:42.348+0800] {processor.py:927} WARNING - No viable dags retrieved from /Users/ervinyeoh/Desktop/unimods/is3107/project/.venv/lib/python3.11/site-packages/airflow/example_dags/example_kubernetes_executor.py
[2025-03-17T19:47:42.395+0800] {processor.py:208} INFO - Processing /Users/ervinyeoh/Desktop/unimods/is3107/project/.venv/lib/python3.11/site-packages/airflow/example_dags/example_kubernetes_executor.py took 0.102 seconds
[2025-03-17T19:50:02.615+0800] {processor.py:186} INFO - Started process (PID=16229) to work on /Users/ervinyeoh/Desktop/unimods/is3107/project/.venv/lib/python3.11/site-packages/airflow/example_dags/example_kubernetes_executor.py
[2025-03-17T19:50:02.617+0800] {processor.py:914} INFO - Processing file /Users/ervinyeoh/Desktop/unimods/is3107/project/.venv/lib/python3.11/site-packages/airflow/example_dags/example_kubernetes_executor.py for tasks to queue
[2025-03-17T19:50:02.617+0800] {logging_mixin.py:190} INFO - [2025-03-17T19:50:02.617+0800] {dagbag.py:588} INFO - Filling up the DagBag from /Users/ervinyeoh/Desktop/unimods/is3107/project/.venv/lib/python3.11/site-packages/airflow/example_dags/example_kubernetes_executor.py
[2025-03-17T19:50:02.668+0800] {logging_mixin.py:190} INFO - [2025-03-17T19:50:02.668+0800] {example_kubernetes_executor.py:39} WARNING - The example_kubernetes_executor example DAG requires the kubernetes provider. Please install it with: pip install apache-airflow[cncf.kubernetes]
[2025-03-17T19:50:02.668+0800] {processor.py:927} WARNING - No viable dags retrieved from /Users/ervinyeoh/Desktop/unimods/is3107/project/.venv/lib/python3.11/site-packages/airflow/example_dags/example_kubernetes_executor.py
[2025-03-17T19:50:02.714+0800] {processor.py:208} INFO - Processing /Users/ervinyeoh/Desktop/unimods/is3107/project/.venv/lib/python3.11/site-packages/airflow/example_dags/example_kubernetes_executor.py took 0.100 seconds
[2025-03-17T19:51:07.623+0800] {processor.py:186} INFO - Started process (PID=16363) to work on /Users/ervinyeoh/Desktop/unimods/is3107/project/.venv/lib/python3.11/site-packages/airflow/example_dags/example_kubernetes_executor.py
[2025-03-17T19:51:07.624+0800] {processor.py:914} INFO - Processing file /Users/ervinyeoh/Desktop/unimods/is3107/project/.venv/lib/python3.11/site-packages/airflow/example_dags/example_kubernetes_executor.py for tasks to queue
[2025-03-17T19:51:07.625+0800] {logging_mixin.py:190} INFO - [2025-03-17T19:51:07.625+0800] {dagbag.py:588} INFO - Filling up the DagBag from /Users/ervinyeoh/Desktop/unimods/is3107/project/.venv/lib/python3.11/site-packages/airflow/example_dags/example_kubernetes_executor.py
[2025-03-17T19:51:07.674+0800] {logging_mixin.py:190} INFO - [2025-03-17T19:51:07.674+0800] {example_kubernetes_executor.py:39} WARNING - The example_kubernetes_executor example DAG requires the kubernetes provider. Please install it with: pip install apache-airflow[cncf.kubernetes]
[2025-03-17T19:51:07.675+0800] {processor.py:927} WARNING - No viable dags retrieved from /Users/ervinyeoh/Desktop/unimods/is3107/project/.venv/lib/python3.11/site-packages/airflow/example_dags/example_kubernetes_executor.py
[2025-03-17T19:51:07.720+0800] {processor.py:208} INFO - Processing /Users/ervinyeoh/Desktop/unimods/is3107/project/.venv/lib/python3.11/site-packages/airflow/example_dags/example_kubernetes_executor.py took 0.099 seconds
[2025-03-17T19:53:20.972+0800] {processor.py:186} INFO - Started process (PID=16626) to work on /Users/ervinyeoh/Desktop/unimods/is3107/project/.venv/lib/python3.11/site-packages/airflow/example_dags/example_kubernetes_executor.py
[2025-03-17T19:53:20.974+0800] {processor.py:914} INFO - Processing file /Users/ervinyeoh/Desktop/unimods/is3107/project/.venv/lib/python3.11/site-packages/airflow/example_dags/example_kubernetes_executor.py for tasks to queue
[2025-03-17T19:53:20.974+0800] {logging_mixin.py:190} INFO - [2025-03-17T19:53:20.974+0800] {dagbag.py:588} INFO - Filling up the DagBag from /Users/ervinyeoh/Desktop/unimods/is3107/project/.venv/lib/python3.11/site-packages/airflow/example_dags/example_kubernetes_executor.py
[2025-03-17T19:53:21.024+0800] {logging_mixin.py:190} INFO - [2025-03-17T19:53:21.023+0800] {example_kubernetes_executor.py:39} WARNING - The example_kubernetes_executor example DAG requires the kubernetes provider. Please install it with: pip install apache-airflow[cncf.kubernetes]
[2025-03-17T19:53:21.024+0800] {processor.py:927} WARNING - No viable dags retrieved from /Users/ervinyeoh/Desktop/unimods/is3107/project/.venv/lib/python3.11/site-packages/airflow/example_dags/example_kubernetes_executor.py
[2025-03-17T19:53:21.069+0800] {processor.py:208} INFO - Processing /Users/ervinyeoh/Desktop/unimods/is3107/project/.venv/lib/python3.11/site-packages/airflow/example_dags/example_kubernetes_executor.py took 0.099 seconds
[2025-03-17T19:54:27.625+0800] {processor.py:186} INFO - Started process (PID=16790) to work on /Users/ervinyeoh/Desktop/unimods/is3107/project/.venv/lib/python3.11/site-packages/airflow/example_dags/example_kubernetes_executor.py
[2025-03-17T19:54:27.632+0800] {processor.py:914} INFO - Processing file /Users/ervinyeoh/Desktop/unimods/is3107/project/.venv/lib/python3.11/site-packages/airflow/example_dags/example_kubernetes_executor.py for tasks to queue
[2025-03-17T19:54:27.633+0800] {logging_mixin.py:190} INFO - [2025-03-17T19:54:27.633+0800] {dagbag.py:588} INFO - Filling up the DagBag from /Users/ervinyeoh/Desktop/unimods/is3107/project/.venv/lib/python3.11/site-packages/airflow/example_dags/example_kubernetes_executor.py
[2025-03-17T19:54:27.690+0800] {logging_mixin.py:190} INFO - [2025-03-17T19:54:27.690+0800] {example_kubernetes_executor.py:39} WARNING - The example_kubernetes_executor example DAG requires the kubernetes provider. Please install it with: pip install apache-airflow[cncf.kubernetes]
[2025-03-17T19:54:27.690+0800] {processor.py:927} WARNING - No viable dags retrieved from /Users/ervinyeoh/Desktop/unimods/is3107/project/.venv/lib/python3.11/site-packages/airflow/example_dags/example_kubernetes_executor.py
[2025-03-17T19:54:27.737+0800] {processor.py:208} INFO - Processing /Users/ervinyeoh/Desktop/unimods/is3107/project/.venv/lib/python3.11/site-packages/airflow/example_dags/example_kubernetes_executor.py took 0.113 seconds
[2025-03-17T19:56:48.488+0800] {processor.py:186} INFO - Started process (PID=17169) to work on /Users/ervinyeoh/Desktop/unimods/is3107/project/.venv/lib/python3.11/site-packages/airflow/example_dags/example_kubernetes_executor.py
[2025-03-17T19:56:48.489+0800] {processor.py:914} INFO - Processing file /Users/ervinyeoh/Desktop/unimods/is3107/project/.venv/lib/python3.11/site-packages/airflow/example_dags/example_kubernetes_executor.py for tasks to queue
[2025-03-17T19:56:48.490+0800] {logging_mixin.py:190} INFO - [2025-03-17T19:56:48.489+0800] {dagbag.py:588} INFO - Filling up the DagBag from /Users/ervinyeoh/Desktop/unimods/is3107/project/.venv/lib/python3.11/site-packages/airflow/example_dags/example_kubernetes_executor.py
[2025-03-17T19:56:48.557+0800] {logging_mixin.py:190} INFO - [2025-03-17T19:56:48.557+0800] {example_kubernetes_executor.py:39} WARNING - The example_kubernetes_executor example DAG requires the kubernetes provider. Please install it with: pip install apache-airflow[cncf.kubernetes]
[2025-03-17T19:56:48.557+0800] {processor.py:927} WARNING - No viable dags retrieved from /Users/ervinyeoh/Desktop/unimods/is3107/project/.venv/lib/python3.11/site-packages/airflow/example_dags/example_kubernetes_executor.py
[2025-03-17T19:56:48.608+0800] {processor.py:208} INFO - Processing /Users/ervinyeoh/Desktop/unimods/is3107/project/.venv/lib/python3.11/site-packages/airflow/example_dags/example_kubernetes_executor.py took 0.122 seconds
[2025-03-17T19:57:56.471+0800] {processor.py:186} INFO - Started process (PID=17355) to work on /Users/ervinyeoh/Desktop/unimods/is3107/project/.venv/lib/python3.11/site-packages/airflow/example_dags/example_kubernetes_executor.py
[2025-03-17T19:57:56.473+0800] {processor.py:914} INFO - Processing file /Users/ervinyeoh/Desktop/unimods/is3107/project/.venv/lib/python3.11/site-packages/airflow/example_dags/example_kubernetes_executor.py for tasks to queue
[2025-03-17T19:57:56.473+0800] {logging_mixin.py:190} INFO - [2025-03-17T19:57:56.473+0800] {dagbag.py:588} INFO - Filling up the DagBag from /Users/ervinyeoh/Desktop/unimods/is3107/project/.venv/lib/python3.11/site-packages/airflow/example_dags/example_kubernetes_executor.py
[2025-03-17T19:57:56.527+0800] {logging_mixin.py:190} INFO - [2025-03-17T19:57:56.526+0800] {example_kubernetes_executor.py:39} WARNING - The example_kubernetes_executor example DAG requires the kubernetes provider. Please install it with: pip install apache-airflow[cncf.kubernetes]
[2025-03-17T19:57:56.527+0800] {processor.py:927} WARNING - No viable dags retrieved from /Users/ervinyeoh/Desktop/unimods/is3107/project/.venv/lib/python3.11/site-packages/airflow/example_dags/example_kubernetes_executor.py
[2025-03-17T19:57:56.576+0800] {processor.py:208} INFO - Processing /Users/ervinyeoh/Desktop/unimods/is3107/project/.venv/lib/python3.11/site-packages/airflow/example_dags/example_kubernetes_executor.py took 0.107 seconds
[2025-03-17T20:00:10.816+0800] {processor.py:186} INFO - Started process (PID=17645) to work on /Users/ervinyeoh/Desktop/unimods/is3107/project/.venv/lib/python3.11/site-packages/airflow/example_dags/example_kubernetes_executor.py
[2025-03-17T20:00:10.817+0800] {processor.py:914} INFO - Processing file /Users/ervinyeoh/Desktop/unimods/is3107/project/.venv/lib/python3.11/site-packages/airflow/example_dags/example_kubernetes_executor.py for tasks to queue
[2025-03-17T20:00:10.818+0800] {logging_mixin.py:190} INFO - [2025-03-17T20:00:10.818+0800] {dagbag.py:588} INFO - Filling up the DagBag from /Users/ervinyeoh/Desktop/unimods/is3107/project/.venv/lib/python3.11/site-packages/airflow/example_dags/example_kubernetes_executor.py
[2025-03-17T20:00:10.868+0800] {logging_mixin.py:190} INFO - [2025-03-17T20:00:10.868+0800] {example_kubernetes_executor.py:39} WARNING - The example_kubernetes_executor example DAG requires the kubernetes provider. Please install it with: pip install apache-airflow[cncf.kubernetes]
[2025-03-17T20:00:10.869+0800] {processor.py:927} WARNING - No viable dags retrieved from /Users/ervinyeoh/Desktop/unimods/is3107/project/.venv/lib/python3.11/site-packages/airflow/example_dags/example_kubernetes_executor.py
[2025-03-17T20:00:10.914+0800] {processor.py:208} INFO - Processing /Users/ervinyeoh/Desktop/unimods/is3107/project/.venv/lib/python3.11/site-packages/airflow/example_dags/example_kubernetes_executor.py took 0.100 seconds
[2025-03-17T20:01:27.980+0800] {processor.py:186} INFO - Started process (PID=17834) to work on /Users/ervinyeoh/Desktop/unimods/is3107/project/.venv/lib/python3.11/site-packages/airflow/example_dags/example_kubernetes_executor.py
[2025-03-17T20:01:27.981+0800] {processor.py:914} INFO - Processing file /Users/ervinyeoh/Desktop/unimods/is3107/project/.venv/lib/python3.11/site-packages/airflow/example_dags/example_kubernetes_executor.py for tasks to queue
[2025-03-17T20:01:27.982+0800] {logging_mixin.py:190} INFO - [2025-03-17T20:01:27.982+0800] {dagbag.py:588} INFO - Filling up the DagBag from /Users/ervinyeoh/Desktop/unimods/is3107/project/.venv/lib/python3.11/site-packages/airflow/example_dags/example_kubernetes_executor.py
[2025-03-17T20:01:28.031+0800] {logging_mixin.py:190} INFO - [2025-03-17T20:01:28.031+0800] {example_kubernetes_executor.py:39} WARNING - The example_kubernetes_executor example DAG requires the kubernetes provider. Please install it with: pip install apache-airflow[cncf.kubernetes]
[2025-03-17T20:01:28.032+0800] {processor.py:927} WARNING - No viable dags retrieved from /Users/ervinyeoh/Desktop/unimods/is3107/project/.venv/lib/python3.11/site-packages/airflow/example_dags/example_kubernetes_executor.py
[2025-03-17T20:01:28.077+0800] {processor.py:208} INFO - Processing /Users/ervinyeoh/Desktop/unimods/is3107/project/.venv/lib/python3.11/site-packages/airflow/example_dags/example_kubernetes_executor.py took 0.099 seconds
[2025-03-17T20:03:33.440+0800] {processor.py:186} INFO - Started process (PID=18129) to work on /Users/ervinyeoh/Desktop/unimods/is3107/project/.venv/lib/python3.11/site-packages/airflow/example_dags/example_kubernetes_executor.py
[2025-03-17T20:03:33.441+0800] {processor.py:914} INFO - Processing file /Users/ervinyeoh/Desktop/unimods/is3107/project/.venv/lib/python3.11/site-packages/airflow/example_dags/example_kubernetes_executor.py for tasks to queue
[2025-03-17T20:03:33.441+0800] {logging_mixin.py:190} INFO - [2025-03-17T20:03:33.441+0800] {dagbag.py:588} INFO - Filling up the DagBag from /Users/ervinyeoh/Desktop/unimods/is3107/project/.venv/lib/python3.11/site-packages/airflow/example_dags/example_kubernetes_executor.py
[2025-03-17T20:03:33.491+0800] {logging_mixin.py:190} INFO - [2025-03-17T20:03:33.491+0800] {example_kubernetes_executor.py:39} WARNING - The example_kubernetes_executor example DAG requires the kubernetes provider. Please install it with: pip install apache-airflow[cncf.kubernetes]
[2025-03-17T20:03:33.492+0800] {processor.py:927} WARNING - No viable dags retrieved from /Users/ervinyeoh/Desktop/unimods/is3107/project/.venv/lib/python3.11/site-packages/airflow/example_dags/example_kubernetes_executor.py
[2025-03-17T20:03:33.537+0800] {processor.py:208} INFO - Processing /Users/ervinyeoh/Desktop/unimods/is3107/project/.venv/lib/python3.11/site-packages/airflow/example_dags/example_kubernetes_executor.py took 0.099 seconds
[2025-03-17T20:04:54.118+0800] {processor.py:186} INFO - Started process (PID=18292) to work on /Users/ervinyeoh/Desktop/unimods/is3107/project/.venv/lib/python3.11/site-packages/airflow/example_dags/example_kubernetes_executor.py
[2025-03-17T20:04:54.120+0800] {processor.py:914} INFO - Processing file /Users/ervinyeoh/Desktop/unimods/is3107/project/.venv/lib/python3.11/site-packages/airflow/example_dags/example_kubernetes_executor.py for tasks to queue
[2025-03-17T20:04:54.121+0800] {logging_mixin.py:190} INFO - [2025-03-17T20:04:54.121+0800] {dagbag.py:588} INFO - Filling up the DagBag from /Users/ervinyeoh/Desktop/unimods/is3107/project/.venv/lib/python3.11/site-packages/airflow/example_dags/example_kubernetes_executor.py
[2025-03-17T20:04:54.185+0800] {logging_mixin.py:190} INFO - [2025-03-17T20:04:54.185+0800] {example_kubernetes_executor.py:39} WARNING - The example_kubernetes_executor example DAG requires the kubernetes provider. Please install it with: pip install apache-airflow[cncf.kubernetes]
[2025-03-17T20:04:54.185+0800] {processor.py:927} WARNING - No viable dags retrieved from /Users/ervinyeoh/Desktop/unimods/is3107/project/.venv/lib/python3.11/site-packages/airflow/example_dags/example_kubernetes_executor.py
[2025-03-17T20:04:54.235+0800] {processor.py:208} INFO - Processing /Users/ervinyeoh/Desktop/unimods/is3107/project/.venv/lib/python3.11/site-packages/airflow/example_dags/example_kubernetes_executor.py took 0.118 seconds
[2025-03-17T20:06:51.490+0800] {processor.py:186} INFO - Started process (PID=18547) to work on /Users/ervinyeoh/Desktop/unimods/is3107/project/.venv/lib/python3.11/site-packages/airflow/example_dags/example_kubernetes_executor.py
[2025-03-17T20:06:51.491+0800] {processor.py:914} INFO - Processing file /Users/ervinyeoh/Desktop/unimods/is3107/project/.venv/lib/python3.11/site-packages/airflow/example_dags/example_kubernetes_executor.py for tasks to queue
[2025-03-17T20:06:51.492+0800] {logging_mixin.py:190} INFO - [2025-03-17T20:06:51.491+0800] {dagbag.py:588} INFO - Filling up the DagBag from /Users/ervinyeoh/Desktop/unimods/is3107/project/.venv/lib/python3.11/site-packages/airflow/example_dags/example_kubernetes_executor.py
[2025-03-17T20:06:51.543+0800] {logging_mixin.py:190} INFO - [2025-03-17T20:06:51.542+0800] {example_kubernetes_executor.py:39} WARNING - The example_kubernetes_executor example DAG requires the kubernetes provider. Please install it with: pip install apache-airflow[cncf.kubernetes]
[2025-03-17T20:06:51.543+0800] {processor.py:927} WARNING - No viable dags retrieved from /Users/ervinyeoh/Desktop/unimods/is3107/project/.venv/lib/python3.11/site-packages/airflow/example_dags/example_kubernetes_executor.py
[2025-03-17T20:06:51.592+0800] {processor.py:208} INFO - Processing /Users/ervinyeoh/Desktop/unimods/is3107/project/.venv/lib/python3.11/site-packages/airflow/example_dags/example_kubernetes_executor.py took 0.104 seconds
[2025-03-17T20:08:18.353+0800] {processor.py:186} INFO - Started process (PID=18773) to work on /Users/ervinyeoh/Desktop/unimods/is3107/project/.venv/lib/python3.11/site-packages/airflow/example_dags/example_kubernetes_executor.py
[2025-03-17T20:08:18.356+0800] {processor.py:914} INFO - Processing file /Users/ervinyeoh/Desktop/unimods/is3107/project/.venv/lib/python3.11/site-packages/airflow/example_dags/example_kubernetes_executor.py for tasks to queue
[2025-03-17T20:08:18.357+0800] {logging_mixin.py:190} INFO - [2025-03-17T20:08:18.357+0800] {dagbag.py:588} INFO - Filling up the DagBag from /Users/ervinyeoh/Desktop/unimods/is3107/project/.venv/lib/python3.11/site-packages/airflow/example_dags/example_kubernetes_executor.py
[2025-03-17T20:08:18.440+0800] {logging_mixin.py:190} INFO - [2025-03-17T20:08:18.439+0800] {example_kubernetes_executor.py:39} WARNING - The example_kubernetes_executor example DAG requires the kubernetes provider. Please install it with: pip install apache-airflow[cncf.kubernetes]
[2025-03-17T20:08:18.440+0800] {processor.py:927} WARNING - No viable dags retrieved from /Users/ervinyeoh/Desktop/unimods/is3107/project/.venv/lib/python3.11/site-packages/airflow/example_dags/example_kubernetes_executor.py
[2025-03-17T20:08:18.508+0800] {processor.py:208} INFO - Processing /Users/ervinyeoh/Desktop/unimods/is3107/project/.venv/lib/python3.11/site-packages/airflow/example_dags/example_kubernetes_executor.py took 0.157 seconds
[2025-03-17T20:10:20.441+0800] {processor.py:186} INFO - Started process (PID=19054) to work on /Users/ervinyeoh/Desktop/unimods/is3107/project/.venv/lib/python3.11/site-packages/airflow/example_dags/example_kubernetes_executor.py
[2025-03-17T20:10:20.442+0800] {processor.py:914} INFO - Processing file /Users/ervinyeoh/Desktop/unimods/is3107/project/.venv/lib/python3.11/site-packages/airflow/example_dags/example_kubernetes_executor.py for tasks to queue
[2025-03-17T20:10:20.443+0800] {logging_mixin.py:190} INFO - [2025-03-17T20:10:20.443+0800] {dagbag.py:588} INFO - Filling up the DagBag from /Users/ervinyeoh/Desktop/unimods/is3107/project/.venv/lib/python3.11/site-packages/airflow/example_dags/example_kubernetes_executor.py
[2025-03-17T20:10:20.499+0800] {logging_mixin.py:190} INFO - [2025-03-17T20:10:20.498+0800] {example_kubernetes_executor.py:39} WARNING - The example_kubernetes_executor example DAG requires the kubernetes provider. Please install it with: pip install apache-airflow[cncf.kubernetes]
[2025-03-17T20:10:20.499+0800] {processor.py:927} WARNING - No viable dags retrieved from /Users/ervinyeoh/Desktop/unimods/is3107/project/.venv/lib/python3.11/site-packages/airflow/example_dags/example_kubernetes_executor.py
[2025-03-17T20:10:20.545+0800] {processor.py:208} INFO - Processing /Users/ervinyeoh/Desktop/unimods/is3107/project/.venv/lib/python3.11/site-packages/airflow/example_dags/example_kubernetes_executor.py took 0.105 seconds
[2025-03-17T20:11:53.507+0800] {processor.py:186} INFO - Started process (PID=19280) to work on /Users/ervinyeoh/Desktop/unimods/is3107/project/.venv/lib/python3.11/site-packages/airflow/example_dags/example_kubernetes_executor.py
[2025-03-17T20:11:53.508+0800] {processor.py:914} INFO - Processing file /Users/ervinyeoh/Desktop/unimods/is3107/project/.venv/lib/python3.11/site-packages/airflow/example_dags/example_kubernetes_executor.py for tasks to queue
[2025-03-17T20:11:53.509+0800] {logging_mixin.py:190} INFO - [2025-03-17T20:11:53.509+0800] {dagbag.py:588} INFO - Filling up the DagBag from /Users/ervinyeoh/Desktop/unimods/is3107/project/.venv/lib/python3.11/site-packages/airflow/example_dags/example_kubernetes_executor.py
[2025-03-17T20:11:53.560+0800] {logging_mixin.py:190} INFO - [2025-03-17T20:11:53.560+0800] {example_kubernetes_executor.py:39} WARNING - The example_kubernetes_executor example DAG requires the kubernetes provider. Please install it with: pip install apache-airflow[cncf.kubernetes]
[2025-03-17T20:11:53.561+0800] {processor.py:927} WARNING - No viable dags retrieved from /Users/ervinyeoh/Desktop/unimods/is3107/project/.venv/lib/python3.11/site-packages/airflow/example_dags/example_kubernetes_executor.py
[2025-03-17T20:11:53.608+0800] {processor.py:208} INFO - Processing /Users/ervinyeoh/Desktop/unimods/is3107/project/.venv/lib/python3.11/site-packages/airflow/example_dags/example_kubernetes_executor.py took 0.102 seconds
[2025-03-17T20:15:12.315+0800] {processor.py:186} INFO - Started process (PID=19837) to work on /Users/ervinyeoh/Desktop/unimods/is3107/project/.venv/lib/python3.11/site-packages/airflow/example_dags/example_kubernetes_executor.py
[2025-03-17T20:15:12.317+0800] {processor.py:914} INFO - Processing file /Users/ervinyeoh/Desktop/unimods/is3107/project/.venv/lib/python3.11/site-packages/airflow/example_dags/example_kubernetes_executor.py for tasks to queue
[2025-03-17T20:15:12.318+0800] {logging_mixin.py:190} INFO - [2025-03-17T20:15:12.318+0800] {dagbag.py:588} INFO - Filling up the DagBag from /Users/ervinyeoh/Desktop/unimods/is3107/project/.venv/lib/python3.11/site-packages/airflow/example_dags/example_kubernetes_executor.py
[2025-03-17T20:15:12.374+0800] {logging_mixin.py:190} INFO - [2025-03-17T20:15:12.373+0800] {example_kubernetes_executor.py:39} WARNING - The example_kubernetes_executor example DAG requires the kubernetes provider. Please install it with: pip install apache-airflow[cncf.kubernetes]
[2025-03-17T20:15:12.374+0800] {processor.py:927} WARNING - No viable dags retrieved from /Users/ervinyeoh/Desktop/unimods/is3107/project/.venv/lib/python3.11/site-packages/airflow/example_dags/example_kubernetes_executor.py
[2025-03-17T20:15:12.420+0800] {processor.py:208} INFO - Processing /Users/ervinyeoh/Desktop/unimods/is3107/project/.venv/lib/python3.11/site-packages/airflow/example_dags/example_kubernetes_executor.py took 0.107 seconds
[2025-03-17T20:15:14.410+0800] {processor.py:186} INFO - Started process (PID=19842) to work on /Users/ervinyeoh/Desktop/unimods/is3107/project/.venv/lib/python3.11/site-packages/airflow/example_dags/example_kubernetes_executor.py
[2025-03-17T20:15:14.410+0800] {processor.py:914} INFO - Processing file /Users/ervinyeoh/Desktop/unimods/is3107/project/.venv/lib/python3.11/site-packages/airflow/example_dags/example_kubernetes_executor.py for tasks to queue
[2025-03-17T20:15:14.411+0800] {logging_mixin.py:190} INFO - [2025-03-17T20:15:14.411+0800] {dagbag.py:588} INFO - Filling up the DagBag from /Users/ervinyeoh/Desktop/unimods/is3107/project/.venv/lib/python3.11/site-packages/airflow/example_dags/example_kubernetes_executor.py
[2025-03-17T20:15:14.464+0800] {logging_mixin.py:190} INFO - [2025-03-17T20:15:14.464+0800] {example_kubernetes_executor.py:39} WARNING - The example_kubernetes_executor example DAG requires the kubernetes provider. Please install it with: pip install apache-airflow[cncf.kubernetes]
[2025-03-17T20:15:14.464+0800] {processor.py:927} WARNING - No viable dags retrieved from /Users/ervinyeoh/Desktop/unimods/is3107/project/.venv/lib/python3.11/site-packages/airflow/example_dags/example_kubernetes_executor.py
[2025-03-17T20:15:14.510+0800] {processor.py:208} INFO - Processing /Users/ervinyeoh/Desktop/unimods/is3107/project/.venv/lib/python3.11/site-packages/airflow/example_dags/example_kubernetes_executor.py took 0.103 seconds
[2025-03-17T20:17:44.392+0800] {processor.py:186} INFO - Started process (PID=20227) to work on /Users/ervinyeoh/Desktop/unimods/is3107/project/.venv/lib/python3.11/site-packages/airflow/example_dags/example_kubernetes_executor.py
[2025-03-17T20:17:44.393+0800] {processor.py:914} INFO - Processing file /Users/ervinyeoh/Desktop/unimods/is3107/project/.venv/lib/python3.11/site-packages/airflow/example_dags/example_kubernetes_executor.py for tasks to queue
[2025-03-17T20:17:44.394+0800] {logging_mixin.py:190} INFO - [2025-03-17T20:17:44.394+0800] {dagbag.py:588} INFO - Filling up the DagBag from /Users/ervinyeoh/Desktop/unimods/is3107/project/.venv/lib/python3.11/site-packages/airflow/example_dags/example_kubernetes_executor.py
[2025-03-17T20:17:44.443+0800] {logging_mixin.py:190} INFO - [2025-03-17T20:17:44.443+0800] {example_kubernetes_executor.py:39} WARNING - The example_kubernetes_executor example DAG requires the kubernetes provider. Please install it with: pip install apache-airflow[cncf.kubernetes]
[2025-03-17T20:17:44.443+0800] {processor.py:927} WARNING - No viable dags retrieved from /Users/ervinyeoh/Desktop/unimods/is3107/project/.venv/lib/python3.11/site-packages/airflow/example_dags/example_kubernetes_executor.py
[2025-03-17T20:17:44.491+0800] {processor.py:208} INFO - Processing /Users/ervinyeoh/Desktop/unimods/is3107/project/.venv/lib/python3.11/site-packages/airflow/example_dags/example_kubernetes_executor.py took 0.101 seconds
[2025-03-17T20:19:56.245+0800] {processor.py:186} INFO - Started process (PID=20603) to work on /Users/ervinyeoh/Desktop/unimods/is3107/project/.venv/lib/python3.11/site-packages/airflow/example_dags/example_kubernetes_executor.py
[2025-03-17T20:19:56.247+0800] {processor.py:914} INFO - Processing file /Users/ervinyeoh/Desktop/unimods/is3107/project/.venv/lib/python3.11/site-packages/airflow/example_dags/example_kubernetes_executor.py for tasks to queue
[2025-03-17T20:19:56.247+0800] {logging_mixin.py:190} INFO - [2025-03-17T20:19:56.247+0800] {dagbag.py:588} INFO - Filling up the DagBag from /Users/ervinyeoh/Desktop/unimods/is3107/project/.venv/lib/python3.11/site-packages/airflow/example_dags/example_kubernetes_executor.py
[2025-03-17T20:19:56.299+0800] {logging_mixin.py:190} INFO - [2025-03-17T20:19:56.299+0800] {example_kubernetes_executor.py:39} WARNING - The example_kubernetes_executor example DAG requires the kubernetes provider. Please install it with: pip install apache-airflow[cncf.kubernetes]
[2025-03-17T20:19:56.300+0800] {processor.py:927} WARNING - No viable dags retrieved from /Users/ervinyeoh/Desktop/unimods/is3107/project/.venv/lib/python3.11/site-packages/airflow/example_dags/example_kubernetes_executor.py
[2025-03-17T20:19:56.345+0800] {processor.py:208} INFO - Processing /Users/ervinyeoh/Desktop/unimods/is3107/project/.venv/lib/python3.11/site-packages/airflow/example_dags/example_kubernetes_executor.py took 0.102 seconds
[2025-03-17T20:21:20.750+0800] {processor.py:186} INFO - Started process (PID=20787) to work on /Users/ervinyeoh/Desktop/unimods/is3107/project/.venv/lib/python3.11/site-packages/airflow/example_dags/example_kubernetes_executor.py
[2025-03-17T20:21:20.751+0800] {processor.py:914} INFO - Processing file /Users/ervinyeoh/Desktop/unimods/is3107/project/.venv/lib/python3.11/site-packages/airflow/example_dags/example_kubernetes_executor.py for tasks to queue
[2025-03-17T20:21:20.751+0800] {logging_mixin.py:190} INFO - [2025-03-17T20:21:20.751+0800] {dagbag.py:588} INFO - Filling up the DagBag from /Users/ervinyeoh/Desktop/unimods/is3107/project/.venv/lib/python3.11/site-packages/airflow/example_dags/example_kubernetes_executor.py
[2025-03-17T20:21:20.805+0800] {logging_mixin.py:190} INFO - [2025-03-17T20:21:20.805+0800] {example_kubernetes_executor.py:39} WARNING - The example_kubernetes_executor example DAG requires the kubernetes provider. Please install it with: pip install apache-airflow[cncf.kubernetes]
[2025-03-17T20:21:20.805+0800] {processor.py:927} WARNING - No viable dags retrieved from /Users/ervinyeoh/Desktop/unimods/is3107/project/.venv/lib/python3.11/site-packages/airflow/example_dags/example_kubernetes_executor.py
[2025-03-17T20:21:20.851+0800] {processor.py:208} INFO - Processing /Users/ervinyeoh/Desktop/unimods/is3107/project/.venv/lib/python3.11/site-packages/airflow/example_dags/example_kubernetes_executor.py took 0.103 seconds
[2025-03-17T20:22:05.060+0800] {processor.py:186} INFO - Started process (PID=20892) to work on /Users/ervinyeoh/Desktop/unimods/is3107/project/.venv/lib/python3.11/site-packages/airflow/example_dags/example_kubernetes_executor.py
[2025-03-17T20:22:05.060+0800] {processor.py:914} INFO - Processing file /Users/ervinyeoh/Desktop/unimods/is3107/project/.venv/lib/python3.11/site-packages/airflow/example_dags/example_kubernetes_executor.py for tasks to queue
[2025-03-17T20:22:05.061+0800] {logging_mixin.py:190} INFO - [2025-03-17T20:22:05.061+0800] {dagbag.py:588} INFO - Filling up the DagBag from /Users/ervinyeoh/Desktop/unimods/is3107/project/.venv/lib/python3.11/site-packages/airflow/example_dags/example_kubernetes_executor.py
[2025-03-17T20:22:05.112+0800] {logging_mixin.py:190} INFO - [2025-03-17T20:22:05.112+0800] {example_kubernetes_executor.py:39} WARNING - The example_kubernetes_executor example DAG requires the kubernetes provider. Please install it with: pip install apache-airflow[cncf.kubernetes]
[2025-03-17T20:22:05.113+0800] {processor.py:927} WARNING - No viable dags retrieved from /Users/ervinyeoh/Desktop/unimods/is3107/project/.venv/lib/python3.11/site-packages/airflow/example_dags/example_kubernetes_executor.py
[2025-03-17T20:22:05.158+0800] {processor.py:208} INFO - Processing /Users/ervinyeoh/Desktop/unimods/is3107/project/.venv/lib/python3.11/site-packages/airflow/example_dags/example_kubernetes_executor.py took 0.100 seconds
[2025-03-17T20:24:45.011+0800] {processor.py:186} INFO - Started process (PID=21243) to work on /Users/ervinyeoh/Desktop/unimods/is3107/project/.venv/lib/python3.11/site-packages/airflow/example_dags/example_kubernetes_executor.py
[2025-03-17T20:24:45.012+0800] {processor.py:914} INFO - Processing file /Users/ervinyeoh/Desktop/unimods/is3107/project/.venv/lib/python3.11/site-packages/airflow/example_dags/example_kubernetes_executor.py for tasks to queue
[2025-03-17T20:24:45.013+0800] {logging_mixin.py:190} INFO - [2025-03-17T20:24:45.012+0800] {dagbag.py:588} INFO - Filling up the DagBag from /Users/ervinyeoh/Desktop/unimods/is3107/project/.venv/lib/python3.11/site-packages/airflow/example_dags/example_kubernetes_executor.py
[2025-03-17T20:24:45.076+0800] {logging_mixin.py:190} INFO - [2025-03-17T20:24:45.075+0800] {example_kubernetes_executor.py:39} WARNING - The example_kubernetes_executor example DAG requires the kubernetes provider. Please install it with: pip install apache-airflow[cncf.kubernetes]
[2025-03-17T20:24:45.076+0800] {processor.py:927} WARNING - No viable dags retrieved from /Users/ervinyeoh/Desktop/unimods/is3107/project/.venv/lib/python3.11/site-packages/airflow/example_dags/example_kubernetes_executor.py
[2025-03-17T20:24:45.122+0800] {processor.py:208} INFO - Processing /Users/ervinyeoh/Desktop/unimods/is3107/project/.venv/lib/python3.11/site-packages/airflow/example_dags/example_kubernetes_executor.py took 0.113 seconds
[2025-03-17T20:25:22.604+0800] {processor.py:186} INFO - Started process (PID=21324) to work on /Users/ervinyeoh/Desktop/unimods/is3107/project/.venv/lib/python3.11/site-packages/airflow/example_dags/example_kubernetes_executor.py
[2025-03-17T20:25:22.605+0800] {processor.py:914} INFO - Processing file /Users/ervinyeoh/Desktop/unimods/is3107/project/.venv/lib/python3.11/site-packages/airflow/example_dags/example_kubernetes_executor.py for tasks to queue
[2025-03-17T20:25:22.606+0800] {logging_mixin.py:190} INFO - [2025-03-17T20:25:22.606+0800] {dagbag.py:588} INFO - Filling up the DagBag from /Users/ervinyeoh/Desktop/unimods/is3107/project/.venv/lib/python3.11/site-packages/airflow/example_dags/example_kubernetes_executor.py
[2025-03-17T20:25:22.694+0800] {logging_mixin.py:190} INFO - [2025-03-17T20:25:22.694+0800] {example_kubernetes_executor.py:39} WARNING - The example_kubernetes_executor example DAG requires the kubernetes provider. Please install it with: pip install apache-airflow[cncf.kubernetes]
[2025-03-17T20:25:22.694+0800] {processor.py:927} WARNING - No viable dags retrieved from /Users/ervinyeoh/Desktop/unimods/is3107/project/.venv/lib/python3.11/site-packages/airflow/example_dags/example_kubernetes_executor.py
[2025-03-17T20:25:22.741+0800] {processor.py:208} INFO - Processing /Users/ervinyeoh/Desktop/unimods/is3107/project/.venv/lib/python3.11/site-packages/airflow/example_dags/example_kubernetes_executor.py took 0.139 seconds
