[2025-03-17T17:06:48.206+0800] {processor.py:186} INFO - Started process (PID=12771) to work on /Users/ervinyeoh/Desktop/unimods/is3107/project/.venv/lib/python3.11/site-packages/airflow/example_dags/example_short_circuit_decorator.py
[2025-03-17T17:06:48.206+0800] {processor.py:914} INFO - Processing file /Users/ervinyeoh/Desktop/unimods/is3107/project/.venv/lib/python3.11/site-packages/airflow/example_dags/example_short_circuit_decorator.py for tasks to queue
[2025-03-17T17:06:48.207+0800] {logging_mixin.py:190} INFO - [2025-03-17T17:06:48.207+0800] {dagbag.py:588} INFO - Filling up the DagBag from /Users/ervinyeoh/Desktop/unimods/is3107/project/.venv/lib/python3.11/site-packages/airflow/example_dags/example_short_circuit_decorator.py
[2025-03-17T17:06:48.261+0800] {processor.py:925} INFO - DAG(s) 'example_short_circuit_decorator' retrieved from /Users/ervinyeoh/Desktop/unimods/is3107/project/.venv/lib/python3.11/site-packages/airflow/example_dags/example_short_circuit_decorator.py
[2025-03-17T17:06:48.315+0800] {logging_mixin.py:190} INFO - [2025-03-17T17:06:48.314+0800] {dag.py:3239} INFO - Sync 1 DAGs
[2025-03-17T17:06:48.320+0800] {logging_mixin.py:190} INFO - [2025-03-17T17:06:48.320+0800] {dag.py:4180} INFO - Setting next_dagrun for example_short_circuit_decorator to None, run_after=None
[2025-03-17T17:06:48.330+0800] {processor.py:208} INFO - Processing /Users/ervinyeoh/Desktop/unimods/is3107/project/.venv/lib/python3.11/site-packages/airflow/example_dags/example_short_circuit_decorator.py took 0.126 seconds
[2025-03-17T17:08:58.934+0800] {processor.py:186} INFO - Started process (PID=12988) to work on /Users/ervinyeoh/Desktop/unimods/is3107/project/.venv/lib/python3.11/site-packages/airflow/example_dags/example_short_circuit_decorator.py
[2025-03-17T17:08:58.935+0800] {processor.py:914} INFO - Processing file /Users/ervinyeoh/Desktop/unimods/is3107/project/.venv/lib/python3.11/site-packages/airflow/example_dags/example_short_circuit_decorator.py for tasks to queue
[2025-03-17T17:08:58.935+0800] {logging_mixin.py:190} INFO - [2025-03-17T17:08:58.935+0800] {dagbag.py:588} INFO - Filling up the DagBag from /Users/ervinyeoh/Desktop/unimods/is3107/project/.venv/lib/python3.11/site-packages/airflow/example_dags/example_short_circuit_decorator.py
[2025-03-17T17:08:58.988+0800] {processor.py:925} INFO - DAG(s) 'example_short_circuit_decorator' retrieved from /Users/ervinyeoh/Desktop/unimods/is3107/project/.venv/lib/python3.11/site-packages/airflow/example_dags/example_short_circuit_decorator.py
[2025-03-17T17:08:59.041+0800] {logging_mixin.py:190} INFO - [2025-03-17T17:08:59.041+0800] {dag.py:3239} INFO - Sync 1 DAGs
[2025-03-17T17:08:59.047+0800] {logging_mixin.py:190} INFO - [2025-03-17T17:08:59.047+0800] {dag.py:4180} INFO - Setting next_dagrun for example_short_circuit_decorator to None, run_after=None
[2025-03-17T17:08:59.057+0800] {processor.py:208} INFO - Processing /Users/ervinyeoh/Desktop/unimods/is3107/project/.venv/lib/python3.11/site-packages/airflow/example_dags/example_short_circuit_decorator.py took 0.125 seconds
[2025-03-17T17:10:39.136+0800] {processor.py:186} INFO - Started process (PID=13191) to work on /Users/ervinyeoh/Desktop/unimods/is3107/project/.venv/lib/python3.11/site-packages/airflow/example_dags/example_short_circuit_decorator.py
[2025-03-17T17:10:39.137+0800] {processor.py:914} INFO - Processing file /Users/ervinyeoh/Desktop/unimods/is3107/project/.venv/lib/python3.11/site-packages/airflow/example_dags/example_short_circuit_decorator.py for tasks to queue
[2025-03-17T17:10:39.138+0800] {logging_mixin.py:190} INFO - [2025-03-17T17:10:39.138+0800] {dagbag.py:588} INFO - Filling up the DagBag from /Users/ervinyeoh/Desktop/unimods/is3107/project/.venv/lib/python3.11/site-packages/airflow/example_dags/example_short_circuit_decorator.py
[2025-03-17T17:10:39.192+0800] {processor.py:925} INFO - DAG(s) 'example_short_circuit_decorator' retrieved from /Users/ervinyeoh/Desktop/unimods/is3107/project/.venv/lib/python3.11/site-packages/airflow/example_dags/example_short_circuit_decorator.py
[2025-03-17T17:10:39.245+0800] {logging_mixin.py:190} INFO - [2025-03-17T17:10:39.245+0800] {dag.py:3239} INFO - Sync 1 DAGs
[2025-03-17T17:10:39.251+0800] {logging_mixin.py:190} INFO - [2025-03-17T17:10:39.251+0800] {dag.py:4180} INFO - Setting next_dagrun for example_short_circuit_decorator to None, run_after=None
[2025-03-17T17:10:39.304+0800] {processor.py:208} INFO - Processing /Users/ervinyeoh/Desktop/unimods/is3107/project/.venv/lib/python3.11/site-packages/airflow/example_dags/example_short_circuit_decorator.py took 0.169 seconds
[2025-03-17T17:12:21.220+0800] {processor.py:186} INFO - Started process (PID=13328) to work on /Users/ervinyeoh/Desktop/unimods/is3107/project/.venv/lib/python3.11/site-packages/airflow/example_dags/example_short_circuit_decorator.py
[2025-03-17T17:12:21.221+0800] {processor.py:914} INFO - Processing file /Users/ervinyeoh/Desktop/unimods/is3107/project/.venv/lib/python3.11/site-packages/airflow/example_dags/example_short_circuit_decorator.py for tasks to queue
[2025-03-17T17:12:21.222+0800] {logging_mixin.py:190} INFO - [2025-03-17T17:12:21.222+0800] {dagbag.py:588} INFO - Filling up the DagBag from /Users/ervinyeoh/Desktop/unimods/is3107/project/.venv/lib/python3.11/site-packages/airflow/example_dags/example_short_circuit_decorator.py
[2025-03-17T17:12:21.274+0800] {processor.py:925} INFO - DAG(s) 'example_short_circuit_decorator' retrieved from /Users/ervinyeoh/Desktop/unimods/is3107/project/.venv/lib/python3.11/site-packages/airflow/example_dags/example_short_circuit_decorator.py
[2025-03-17T17:12:21.327+0800] {logging_mixin.py:190} INFO - [2025-03-17T17:12:21.326+0800] {dag.py:3239} INFO - Sync 1 DAGs
[2025-03-17T17:12:21.332+0800] {logging_mixin.py:190} INFO - [2025-03-17T17:12:21.332+0800] {dag.py:4180} INFO - Setting next_dagrun for example_short_circuit_decorator to None, run_after=None
[2025-03-17T17:12:21.343+0800] {processor.py:208} INFO - Processing /Users/ervinyeoh/Desktop/unimods/is3107/project/.venv/lib/python3.11/site-packages/airflow/example_dags/example_short_circuit_decorator.py took 0.125 seconds
[2025-03-17T17:13:59.806+0800] {processor.py:186} INFO - Started process (PID=13455) to work on /Users/ervinyeoh/Desktop/unimods/is3107/project/.venv/lib/python3.11/site-packages/airflow/example_dags/example_short_circuit_decorator.py
[2025-03-17T17:13:59.807+0800] {processor.py:914} INFO - Processing file /Users/ervinyeoh/Desktop/unimods/is3107/project/.venv/lib/python3.11/site-packages/airflow/example_dags/example_short_circuit_decorator.py for tasks to queue
[2025-03-17T17:13:59.808+0800] {logging_mixin.py:190} INFO - [2025-03-17T17:13:59.808+0800] {dagbag.py:588} INFO - Filling up the DagBag from /Users/ervinyeoh/Desktop/unimods/is3107/project/.venv/lib/python3.11/site-packages/airflow/example_dags/example_short_circuit_decorator.py
[2025-03-17T17:13:59.860+0800] {processor.py:925} INFO - DAG(s) 'example_short_circuit_decorator' retrieved from /Users/ervinyeoh/Desktop/unimods/is3107/project/.venv/lib/python3.11/site-packages/airflow/example_dags/example_short_circuit_decorator.py
[2025-03-17T17:13:59.912+0800] {logging_mixin.py:190} INFO - [2025-03-17T17:13:59.912+0800] {dag.py:3239} INFO - Sync 1 DAGs
[2025-03-17T17:13:59.917+0800] {logging_mixin.py:190} INFO - [2025-03-17T17:13:59.917+0800] {dag.py:4180} INFO - Setting next_dagrun for example_short_circuit_decorator to None, run_after=None
[2025-03-17T17:13:59.927+0800] {processor.py:208} INFO - Processing /Users/ervinyeoh/Desktop/unimods/is3107/project/.venv/lib/python3.11/site-packages/airflow/example_dags/example_short_circuit_decorator.py took 0.122 seconds
[2025-03-17T17:15:38.277+0800] {processor.py:186} INFO - Started process (PID=13650) to work on /Users/ervinyeoh/Desktop/unimods/is3107/project/.venv/lib/python3.11/site-packages/airflow/example_dags/example_short_circuit_decorator.py
[2025-03-17T17:15:38.278+0800] {processor.py:914} INFO - Processing file /Users/ervinyeoh/Desktop/unimods/is3107/project/.venv/lib/python3.11/site-packages/airflow/example_dags/example_short_circuit_decorator.py for tasks to queue
[2025-03-17T17:15:38.278+0800] {logging_mixin.py:190} INFO - [2025-03-17T17:15:38.278+0800] {dagbag.py:588} INFO - Filling up the DagBag from /Users/ervinyeoh/Desktop/unimods/is3107/project/.venv/lib/python3.11/site-packages/airflow/example_dags/example_short_circuit_decorator.py
[2025-03-17T17:15:38.331+0800] {processor.py:925} INFO - DAG(s) 'example_short_circuit_decorator' retrieved from /Users/ervinyeoh/Desktop/unimods/is3107/project/.venv/lib/python3.11/site-packages/airflow/example_dags/example_short_circuit_decorator.py
[2025-03-17T17:15:38.383+0800] {logging_mixin.py:190} INFO - [2025-03-17T17:15:38.383+0800] {dag.py:3239} INFO - Sync 1 DAGs
[2025-03-17T17:15:38.389+0800] {logging_mixin.py:190} INFO - [2025-03-17T17:15:38.389+0800] {dag.py:4180} INFO - Setting next_dagrun for example_short_circuit_decorator to None, run_after=None
[2025-03-17T17:15:38.399+0800] {processor.py:208} INFO - Processing /Users/ervinyeoh/Desktop/unimods/is3107/project/.venv/lib/python3.11/site-packages/airflow/example_dags/example_short_circuit_decorator.py took 0.123 seconds
[2025-03-17T17:17:17.683+0800] {processor.py:186} INFO - Started process (PID=13783) to work on /Users/ervinyeoh/Desktop/unimods/is3107/project/.venv/lib/python3.11/site-packages/airflow/example_dags/example_short_circuit_decorator.py
[2025-03-17T17:17:17.684+0800] {processor.py:914} INFO - Processing file /Users/ervinyeoh/Desktop/unimods/is3107/project/.venv/lib/python3.11/site-packages/airflow/example_dags/example_short_circuit_decorator.py for tasks to queue
[2025-03-17T17:17:17.684+0800] {logging_mixin.py:190} INFO - [2025-03-17T17:17:17.684+0800] {dagbag.py:588} INFO - Filling up the DagBag from /Users/ervinyeoh/Desktop/unimods/is3107/project/.venv/lib/python3.11/site-packages/airflow/example_dags/example_short_circuit_decorator.py
[2025-03-17T17:17:17.739+0800] {processor.py:925} INFO - DAG(s) 'example_short_circuit_decorator' retrieved from /Users/ervinyeoh/Desktop/unimods/is3107/project/.venv/lib/python3.11/site-packages/airflow/example_dags/example_short_circuit_decorator.py
[2025-03-17T17:17:17.792+0800] {logging_mixin.py:190} INFO - [2025-03-17T17:17:17.792+0800] {dag.py:3239} INFO - Sync 1 DAGs
[2025-03-17T17:17:17.798+0800] {logging_mixin.py:190} INFO - [2025-03-17T17:17:17.798+0800] {dag.py:4180} INFO - Setting next_dagrun for example_short_circuit_decorator to None, run_after=None
[2025-03-17T17:17:17.808+0800] {processor.py:208} INFO - Processing /Users/ervinyeoh/Desktop/unimods/is3107/project/.venv/lib/python3.11/site-packages/airflow/example_dags/example_short_circuit_decorator.py took 0.127 seconds
[2025-03-17T17:18:56.420+0800] {processor.py:186} INFO - Started process (PID=13902) to work on /Users/ervinyeoh/Desktop/unimods/is3107/project/.venv/lib/python3.11/site-packages/airflow/example_dags/example_short_circuit_decorator.py
[2025-03-17T17:18:56.421+0800] {processor.py:914} INFO - Processing file /Users/ervinyeoh/Desktop/unimods/is3107/project/.venv/lib/python3.11/site-packages/airflow/example_dags/example_short_circuit_decorator.py for tasks to queue
[2025-03-17T17:18:56.421+0800] {logging_mixin.py:190} INFO - [2025-03-17T17:18:56.421+0800] {dagbag.py:588} INFO - Filling up the DagBag from /Users/ervinyeoh/Desktop/unimods/is3107/project/.venv/lib/python3.11/site-packages/airflow/example_dags/example_short_circuit_decorator.py
[2025-03-17T17:18:56.473+0800] {processor.py:925} INFO - DAG(s) 'example_short_circuit_decorator' retrieved from /Users/ervinyeoh/Desktop/unimods/is3107/project/.venv/lib/python3.11/site-packages/airflow/example_dags/example_short_circuit_decorator.py
[2025-03-17T17:18:56.525+0800] {logging_mixin.py:190} INFO - [2025-03-17T17:18:56.525+0800] {dag.py:3239} INFO - Sync 1 DAGs
[2025-03-17T17:18:56.531+0800] {logging_mixin.py:190} INFO - [2025-03-17T17:18:56.530+0800] {dag.py:4180} INFO - Setting next_dagrun for example_short_circuit_decorator to None, run_after=None
[2025-03-17T17:18:56.540+0800] {processor.py:208} INFO - Processing /Users/ervinyeoh/Desktop/unimods/is3107/project/.venv/lib/python3.11/site-packages/airflow/example_dags/example_short_circuit_decorator.py took 0.122 seconds
[2025-03-17T17:20:31.961+0800] {processor.py:186} INFO - Started process (PID=14011) to work on /Users/ervinyeoh/Desktop/unimods/is3107/project/.venv/lib/python3.11/site-packages/airflow/example_dags/example_short_circuit_decorator.py
[2025-03-17T17:20:31.962+0800] {processor.py:914} INFO - Processing file /Users/ervinyeoh/Desktop/unimods/is3107/project/.venv/lib/python3.11/site-packages/airflow/example_dags/example_short_circuit_decorator.py for tasks to queue
[2025-03-17T17:20:31.963+0800] {logging_mixin.py:190} INFO - [2025-03-17T17:20:31.963+0800] {dagbag.py:588} INFO - Filling up the DagBag from /Users/ervinyeoh/Desktop/unimods/is3107/project/.venv/lib/python3.11/site-packages/airflow/example_dags/example_short_circuit_decorator.py
[2025-03-17T17:20:32.014+0800] {processor.py:925} INFO - DAG(s) 'example_short_circuit_decorator' retrieved from /Users/ervinyeoh/Desktop/unimods/is3107/project/.venv/lib/python3.11/site-packages/airflow/example_dags/example_short_circuit_decorator.py
[2025-03-17T17:20:32.066+0800] {logging_mixin.py:190} INFO - [2025-03-17T17:20:32.066+0800] {dag.py:3239} INFO - Sync 1 DAGs
[2025-03-17T17:20:32.072+0800] {logging_mixin.py:190} INFO - [2025-03-17T17:20:32.072+0800] {dag.py:4180} INFO - Setting next_dagrun for example_short_circuit_decorator to None, run_after=None
[2025-03-17T17:20:32.081+0800] {processor.py:208} INFO - Processing /Users/ervinyeoh/Desktop/unimods/is3107/project/.venv/lib/python3.11/site-packages/airflow/example_dags/example_short_circuit_decorator.py took 0.122 seconds
[2025-03-17T17:22:10.598+0800] {processor.py:186} INFO - Started process (PID=14141) to work on /Users/ervinyeoh/Desktop/unimods/is3107/project/.venv/lib/python3.11/site-packages/airflow/example_dags/example_short_circuit_decorator.py
[2025-03-17T17:22:10.599+0800] {processor.py:914} INFO - Processing file /Users/ervinyeoh/Desktop/unimods/is3107/project/.venv/lib/python3.11/site-packages/airflow/example_dags/example_short_circuit_decorator.py for tasks to queue
[2025-03-17T17:22:10.600+0800] {logging_mixin.py:190} INFO - [2025-03-17T17:22:10.600+0800] {dagbag.py:588} INFO - Filling up the DagBag from /Users/ervinyeoh/Desktop/unimods/is3107/project/.venv/lib/python3.11/site-packages/airflow/example_dags/example_short_circuit_decorator.py
[2025-03-17T17:22:10.652+0800] {processor.py:925} INFO - DAG(s) 'example_short_circuit_decorator' retrieved from /Users/ervinyeoh/Desktop/unimods/is3107/project/.venv/lib/python3.11/site-packages/airflow/example_dags/example_short_circuit_decorator.py
[2025-03-17T17:22:10.712+0800] {logging_mixin.py:190} INFO - [2025-03-17T17:22:10.712+0800] {dag.py:3239} INFO - Sync 1 DAGs
[2025-03-17T17:22:10.719+0800] {logging_mixin.py:190} INFO - [2025-03-17T17:22:10.718+0800] {dag.py:4180} INFO - Setting next_dagrun for example_short_circuit_decorator to None, run_after=None
[2025-03-17T17:22:10.731+0800] {processor.py:208} INFO - Processing /Users/ervinyeoh/Desktop/unimods/is3107/project/.venv/lib/python3.11/site-packages/airflow/example_dags/example_short_circuit_decorator.py took 0.135 seconds
[2025-03-17T17:23:50.249+0800] {processor.py:186} INFO - Started process (PID=14242) to work on /Users/ervinyeoh/Desktop/unimods/is3107/project/.venv/lib/python3.11/site-packages/airflow/example_dags/example_short_circuit_decorator.py
[2025-03-17T17:23:50.250+0800] {processor.py:914} INFO - Processing file /Users/ervinyeoh/Desktop/unimods/is3107/project/.venv/lib/python3.11/site-packages/airflow/example_dags/example_short_circuit_decorator.py for tasks to queue
[2025-03-17T17:23:50.250+0800] {logging_mixin.py:190} INFO - [2025-03-17T17:23:50.250+0800] {dagbag.py:588} INFO - Filling up the DagBag from /Users/ervinyeoh/Desktop/unimods/is3107/project/.venv/lib/python3.11/site-packages/airflow/example_dags/example_short_circuit_decorator.py
[2025-03-17T17:23:50.304+0800] {processor.py:925} INFO - DAG(s) 'example_short_circuit_decorator' retrieved from /Users/ervinyeoh/Desktop/unimods/is3107/project/.venv/lib/python3.11/site-packages/airflow/example_dags/example_short_circuit_decorator.py
[2025-03-17T17:23:50.357+0800] {logging_mixin.py:190} INFO - [2025-03-17T17:23:50.357+0800] {dag.py:3239} INFO - Sync 1 DAGs
[2025-03-17T17:23:50.362+0800] {logging_mixin.py:190} INFO - [2025-03-17T17:23:50.362+0800] {dag.py:4180} INFO - Setting next_dagrun for example_short_circuit_decorator to None, run_after=None
[2025-03-17T17:23:50.372+0800] {processor.py:208} INFO - Processing /Users/ervinyeoh/Desktop/unimods/is3107/project/.venv/lib/python3.11/site-packages/airflow/example_dags/example_short_circuit_decorator.py took 0.125 seconds
[2025-03-17T17:32:27.594+0800] {processor.py:186} INFO - Started process (PID=14437) to work on /Users/ervinyeoh/Desktop/unimods/is3107/project/.venv/lib/python3.11/site-packages/airflow/example_dags/example_short_circuit_decorator.py
[2025-03-17T17:32:27.595+0800] {processor.py:914} INFO - Processing file /Users/ervinyeoh/Desktop/unimods/is3107/project/.venv/lib/python3.11/site-packages/airflow/example_dags/example_short_circuit_decorator.py for tasks to queue
[2025-03-17T17:32:27.595+0800] {logging_mixin.py:190} INFO - [2025-03-17T17:32:27.595+0800] {dagbag.py:588} INFO - Filling up the DagBag from /Users/ervinyeoh/Desktop/unimods/is3107/project/.venv/lib/python3.11/site-packages/airflow/example_dags/example_short_circuit_decorator.py
[2025-03-17T17:32:27.647+0800] {processor.py:925} INFO - DAG(s) 'example_short_circuit_decorator' retrieved from /Users/ervinyeoh/Desktop/unimods/is3107/project/.venv/lib/python3.11/site-packages/airflow/example_dags/example_short_circuit_decorator.py
[2025-03-17T17:32:27.699+0800] {logging_mixin.py:190} INFO - [2025-03-17T17:32:27.699+0800] {dag.py:3239} INFO - Sync 1 DAGs
[2025-03-17T17:32:27.704+0800] {logging_mixin.py:190} INFO - [2025-03-17T17:32:27.704+0800] {dag.py:4180} INFO - Setting next_dagrun for example_short_circuit_decorator to None, run_after=None
[2025-03-17T17:32:27.715+0800] {processor.py:208} INFO - Processing /Users/ervinyeoh/Desktop/unimods/is3107/project/.venv/lib/python3.11/site-packages/airflow/example_dags/example_short_circuit_decorator.py took 0.122 seconds
[2025-03-17T19:30:14.813+0800] {processor.py:186} INFO - Started process (PID=14785) to work on /Users/ervinyeoh/Desktop/unimods/is3107/project/.venv/lib/python3.11/site-packages/airflow/example_dags/example_short_circuit_decorator.py
[2025-03-17T19:30:14.813+0800] {processor.py:914} INFO - Processing file /Users/ervinyeoh/Desktop/unimods/is3107/project/.venv/lib/python3.11/site-packages/airflow/example_dags/example_short_circuit_decorator.py for tasks to queue
[2025-03-17T19:30:14.814+0800] {logging_mixin.py:190} INFO - [2025-03-17T19:30:14.814+0800] {dagbag.py:588} INFO - Filling up the DagBag from /Users/ervinyeoh/Desktop/unimods/is3107/project/.venv/lib/python3.11/site-packages/airflow/example_dags/example_short_circuit_decorator.py
[2025-03-17T19:30:14.868+0800] {processor.py:925} INFO - DAG(s) 'example_short_circuit_decorator' retrieved from /Users/ervinyeoh/Desktop/unimods/is3107/project/.venv/lib/python3.11/site-packages/airflow/example_dags/example_short_circuit_decorator.py
[2025-03-17T19:30:14.921+0800] {logging_mixin.py:190} INFO - [2025-03-17T19:30:14.921+0800] {dag.py:3239} INFO - Sync 1 DAGs
[2025-03-17T19:30:14.927+0800] {logging_mixin.py:190} INFO - [2025-03-17T19:30:14.927+0800] {dag.py:4180} INFO - Setting next_dagrun for example_short_circuit_decorator to None, run_after=None
[2025-03-17T19:30:14.936+0800] {processor.py:208} INFO - Processing /Users/ervinyeoh/Desktop/unimods/is3107/project/.venv/lib/python3.11/site-packages/airflow/example_dags/example_short_circuit_decorator.py took 0.125 seconds
[2025-03-17T19:41:05.790+0800] {processor.py:186} INFO - Started process (PID=15061) to work on /Users/ervinyeoh/Desktop/unimods/is3107/project/.venv/lib/python3.11/site-packages/airflow/example_dags/example_short_circuit_decorator.py
[2025-03-17T19:41:05.791+0800] {processor.py:914} INFO - Processing file /Users/ervinyeoh/Desktop/unimods/is3107/project/.venv/lib/python3.11/site-packages/airflow/example_dags/example_short_circuit_decorator.py for tasks to queue
[2025-03-17T19:41:05.792+0800] {logging_mixin.py:190} INFO - [2025-03-17T19:41:05.792+0800] {dagbag.py:588} INFO - Filling up the DagBag from /Users/ervinyeoh/Desktop/unimods/is3107/project/.venv/lib/python3.11/site-packages/airflow/example_dags/example_short_circuit_decorator.py
[2025-03-17T19:41:05.862+0800] {processor.py:925} INFO - DAG(s) 'example_short_circuit_decorator' retrieved from /Users/ervinyeoh/Desktop/unimods/is3107/project/.venv/lib/python3.11/site-packages/airflow/example_dags/example_short_circuit_decorator.py
[2025-03-17T19:41:05.919+0800] {logging_mixin.py:190} INFO - [2025-03-17T19:41:05.919+0800] {dag.py:3239} INFO - Sync 1 DAGs
[2025-03-17T19:41:05.925+0800] {logging_mixin.py:190} INFO - [2025-03-17T19:41:05.925+0800] {dag.py:4180} INFO - Setting next_dagrun for example_short_circuit_decorator to None, run_after=None
[2025-03-17T19:41:05.936+0800] {processor.py:208} INFO - Processing /Users/ervinyeoh/Desktop/unimods/is3107/project/.venv/lib/python3.11/site-packages/airflow/example_dags/example_short_circuit_decorator.py took 0.148 seconds
[2025-03-17T19:41:09.573+0800] {processor.py:186} INFO - Started process (PID=15069) to work on /Users/ervinyeoh/Desktop/unimods/is3107/project/.venv/lib/python3.11/site-packages/airflow/example_dags/example_short_circuit_decorator.py
[2025-03-17T19:41:09.573+0800] {processor.py:914} INFO - Processing file /Users/ervinyeoh/Desktop/unimods/is3107/project/.venv/lib/python3.11/site-packages/airflow/example_dags/example_short_circuit_decorator.py for tasks to queue
[2025-03-17T19:41:09.574+0800] {logging_mixin.py:190} INFO - [2025-03-17T19:41:09.574+0800] {dagbag.py:588} INFO - Filling up the DagBag from /Users/ervinyeoh/Desktop/unimods/is3107/project/.venv/lib/python3.11/site-packages/airflow/example_dags/example_short_circuit_decorator.py
[2025-03-17T19:41:09.629+0800] {processor.py:925} INFO - DAG(s) 'example_short_circuit_decorator' retrieved from /Users/ervinyeoh/Desktop/unimods/is3107/project/.venv/lib/python3.11/site-packages/airflow/example_dags/example_short_circuit_decorator.py
[2025-03-17T19:41:09.683+0800] {logging_mixin.py:190} INFO - [2025-03-17T19:41:09.682+0800] {dag.py:3239} INFO - Sync 1 DAGs
[2025-03-17T19:41:09.688+0800] {logging_mixin.py:190} INFO - [2025-03-17T19:41:09.688+0800] {dag.py:4180} INFO - Setting next_dagrun for example_short_circuit_decorator to None, run_after=None
[2025-03-17T19:41:09.698+0800] {processor.py:208} INFO - Processing /Users/ervinyeoh/Desktop/unimods/is3107/project/.venv/lib/python3.11/site-packages/airflow/example_dags/example_short_circuit_decorator.py took 0.127 seconds
[2025-03-17T19:43:56.175+0800] {processor.py:186} INFO - Started process (PID=15417) to work on /Users/ervinyeoh/Desktop/unimods/is3107/project/.venv/lib/python3.11/site-packages/airflow/example_dags/example_short_circuit_decorator.py
[2025-03-17T19:43:56.176+0800] {processor.py:914} INFO - Processing file /Users/ervinyeoh/Desktop/unimods/is3107/project/.venv/lib/python3.11/site-packages/airflow/example_dags/example_short_circuit_decorator.py for tasks to queue
[2025-03-17T19:43:56.177+0800] {logging_mixin.py:190} INFO - [2025-03-17T19:43:56.177+0800] {dagbag.py:588} INFO - Filling up the DagBag from /Users/ervinyeoh/Desktop/unimods/is3107/project/.venv/lib/python3.11/site-packages/airflow/example_dags/example_short_circuit_decorator.py
[2025-03-17T19:43:56.234+0800] {processor.py:925} INFO - DAG(s) 'example_short_circuit_decorator' retrieved from /Users/ervinyeoh/Desktop/unimods/is3107/project/.venv/lib/python3.11/site-packages/airflow/example_dags/example_short_circuit_decorator.py
[2025-03-17T19:43:56.288+0800] {logging_mixin.py:190} INFO - [2025-03-17T19:43:56.287+0800] {dag.py:3239} INFO - Sync 1 DAGs
[2025-03-17T19:43:56.293+0800] {logging_mixin.py:190} INFO - [2025-03-17T19:43:56.293+0800] {dag.py:4180} INFO - Setting next_dagrun for example_short_circuit_decorator to None, run_after=None
[2025-03-17T19:43:56.304+0800] {processor.py:208} INFO - Processing /Users/ervinyeoh/Desktop/unimods/is3107/project/.venv/lib/python3.11/site-packages/airflow/example_dags/example_short_circuit_decorator.py took 0.130 seconds
[2025-03-17T19:44:55.039+0800] {processor.py:186} INFO - Started process (PID=15562) to work on /Users/ervinyeoh/Desktop/unimods/is3107/project/.venv/lib/python3.11/site-packages/airflow/example_dags/example_short_circuit_decorator.py
[2025-03-17T19:44:55.040+0800] {processor.py:914} INFO - Processing file /Users/ervinyeoh/Desktop/unimods/is3107/project/.venv/lib/python3.11/site-packages/airflow/example_dags/example_short_circuit_decorator.py for tasks to queue
[2025-03-17T19:44:55.040+0800] {logging_mixin.py:190} INFO - [2025-03-17T19:44:55.040+0800] {dagbag.py:588} INFO - Filling up the DagBag from /Users/ervinyeoh/Desktop/unimods/is3107/project/.venv/lib/python3.11/site-packages/airflow/example_dags/example_short_circuit_decorator.py
[2025-03-17T19:44:55.097+0800] {processor.py:925} INFO - DAG(s) 'example_short_circuit_decorator' retrieved from /Users/ervinyeoh/Desktop/unimods/is3107/project/.venv/lib/python3.11/site-packages/airflow/example_dags/example_short_circuit_decorator.py
[2025-03-17T19:44:55.154+0800] {logging_mixin.py:190} INFO - [2025-03-17T19:44:55.153+0800] {dag.py:3239} INFO - Sync 1 DAGs
[2025-03-17T19:44:55.160+0800] {logging_mixin.py:190} INFO - [2025-03-17T19:44:55.160+0800] {dag.py:4180} INFO - Setting next_dagrun for example_short_circuit_decorator to None, run_after=None
[2025-03-17T19:44:55.171+0800] {processor.py:208} INFO - Processing /Users/ervinyeoh/Desktop/unimods/is3107/project/.venv/lib/python3.11/site-packages/airflow/example_dags/example_short_circuit_decorator.py took 0.134 seconds
[2025-03-17T19:46:07.325+0800] {processor.py:186} INFO - Started process (PID=15765) to work on /Users/ervinyeoh/Desktop/unimods/is3107/project/.venv/lib/python3.11/site-packages/airflow/example_dags/example_short_circuit_decorator.py
[2025-03-17T19:46:07.327+0800] {processor.py:914} INFO - Processing file /Users/ervinyeoh/Desktop/unimods/is3107/project/.venv/lib/python3.11/site-packages/airflow/example_dags/example_short_circuit_decorator.py for tasks to queue
[2025-03-17T19:46:07.327+0800] {logging_mixin.py:190} INFO - [2025-03-17T19:46:07.327+0800] {dagbag.py:588} INFO - Filling up the DagBag from /Users/ervinyeoh/Desktop/unimods/is3107/project/.venv/lib/python3.11/site-packages/airflow/example_dags/example_short_circuit_decorator.py
[2025-03-17T19:46:07.406+0800] {processor.py:925} INFO - DAG(s) 'example_short_circuit_decorator' retrieved from /Users/ervinyeoh/Desktop/unimods/is3107/project/.venv/lib/python3.11/site-packages/airflow/example_dags/example_short_circuit_decorator.py
[2025-03-17T19:46:07.461+0800] {logging_mixin.py:190} INFO - [2025-03-17T19:46:07.461+0800] {dag.py:3239} INFO - Sync 1 DAGs
[2025-03-17T19:46:07.467+0800] {logging_mixin.py:190} INFO - [2025-03-17T19:46:07.466+0800] {dag.py:4180} INFO - Setting next_dagrun for example_short_circuit_decorator to None, run_after=None
[2025-03-17T19:46:07.476+0800] {processor.py:208} INFO - Processing /Users/ervinyeoh/Desktop/unimods/is3107/project/.venv/lib/python3.11/site-packages/airflow/example_dags/example_short_circuit_decorator.py took 0.153 seconds
[2025-03-17T19:47:08.160+0800] {processor.py:186} INFO - Started process (PID=15886) to work on /Users/ervinyeoh/Desktop/unimods/is3107/project/.venv/lib/python3.11/site-packages/airflow/example_dags/example_short_circuit_decorator.py
[2025-03-17T19:47:08.162+0800] {processor.py:914} INFO - Processing file /Users/ervinyeoh/Desktop/unimods/is3107/project/.venv/lib/python3.11/site-packages/airflow/example_dags/example_short_circuit_decorator.py for tasks to queue
[2025-03-17T19:47:08.162+0800] {logging_mixin.py:190} INFO - [2025-03-17T19:47:08.162+0800] {dagbag.py:588} INFO - Filling up the DagBag from /Users/ervinyeoh/Desktop/unimods/is3107/project/.venv/lib/python3.11/site-packages/airflow/example_dags/example_short_circuit_decorator.py
[2025-03-17T19:47:08.214+0800] {processor.py:925} INFO - DAG(s) 'example_short_circuit_decorator' retrieved from /Users/ervinyeoh/Desktop/unimods/is3107/project/.venv/lib/python3.11/site-packages/airflow/example_dags/example_short_circuit_decorator.py
[2025-03-17T19:47:08.271+0800] {logging_mixin.py:190} INFO - [2025-03-17T19:47:08.271+0800] {dag.py:3239} INFO - Sync 1 DAGs
[2025-03-17T19:47:08.277+0800] {logging_mixin.py:190} INFO - [2025-03-17T19:47:08.277+0800] {dag.py:4180} INFO - Setting next_dagrun for example_short_circuit_decorator to None, run_after=None
[2025-03-17T19:47:08.287+0800] {processor.py:208} INFO - Processing /Users/ervinyeoh/Desktop/unimods/is3107/project/.venv/lib/python3.11/site-packages/airflow/example_dags/example_short_circuit_decorator.py took 0.128 seconds
[2025-03-17T19:47:46.054+0800] {processor.py:186} INFO - Started process (PID=15958) to work on /Users/ervinyeoh/Desktop/unimods/is3107/project/.venv/lib/python3.11/site-packages/airflow/example_dags/example_short_circuit_decorator.py
[2025-03-17T19:47:46.056+0800] {processor.py:914} INFO - Processing file /Users/ervinyeoh/Desktop/unimods/is3107/project/.venv/lib/python3.11/site-packages/airflow/example_dags/example_short_circuit_decorator.py for tasks to queue
[2025-03-17T19:47:46.056+0800] {logging_mixin.py:190} INFO - [2025-03-17T19:47:46.056+0800] {dagbag.py:588} INFO - Filling up the DagBag from /Users/ervinyeoh/Desktop/unimods/is3107/project/.venv/lib/python3.11/site-packages/airflow/example_dags/example_short_circuit_decorator.py
[2025-03-17T19:47:46.110+0800] {processor.py:925} INFO - DAG(s) 'example_short_circuit_decorator' retrieved from /Users/ervinyeoh/Desktop/unimods/is3107/project/.venv/lib/python3.11/site-packages/airflow/example_dags/example_short_circuit_decorator.py
[2025-03-17T19:47:46.163+0800] {logging_mixin.py:190} INFO - [2025-03-17T19:47:46.162+0800] {dag.py:3239} INFO - Sync 1 DAGs
[2025-03-17T19:47:46.168+0800] {logging_mixin.py:190} INFO - [2025-03-17T19:47:46.168+0800] {dag.py:4180} INFO - Setting next_dagrun for example_short_circuit_decorator to None, run_after=None
[2025-03-17T19:47:46.182+0800] {processor.py:208} INFO - Processing /Users/ervinyeoh/Desktop/unimods/is3107/project/.venv/lib/python3.11/site-packages/airflow/example_dags/example_short_circuit_decorator.py took 0.129 seconds
[2025-03-17T19:48:54.111+0800] {processor.py:186} INFO - Started process (PID=16093) to work on /Users/ervinyeoh/Desktop/unimods/is3107/project/.venv/lib/python3.11/site-packages/airflow/example_dags/example_short_circuit_decorator.py
[2025-03-17T19:48:54.112+0800] {processor.py:914} INFO - Processing file /Users/ervinyeoh/Desktop/unimods/is3107/project/.venv/lib/python3.11/site-packages/airflow/example_dags/example_short_circuit_decorator.py for tasks to queue
[2025-03-17T19:48:54.112+0800] {logging_mixin.py:190} INFO - [2025-03-17T19:48:54.112+0800] {dagbag.py:588} INFO - Filling up the DagBag from /Users/ervinyeoh/Desktop/unimods/is3107/project/.venv/lib/python3.11/site-packages/airflow/example_dags/example_short_circuit_decorator.py
[2025-03-17T19:48:54.166+0800] {processor.py:925} INFO - DAG(s) 'example_short_circuit_decorator' retrieved from /Users/ervinyeoh/Desktop/unimods/is3107/project/.venv/lib/python3.11/site-packages/airflow/example_dags/example_short_circuit_decorator.py
[2025-03-17T19:48:54.220+0800] {logging_mixin.py:190} INFO - [2025-03-17T19:48:54.219+0800] {dag.py:3239} INFO - Sync 1 DAGs
[2025-03-17T19:48:54.225+0800] {logging_mixin.py:190} INFO - [2025-03-17T19:48:54.225+0800] {dag.py:4180} INFO - Setting next_dagrun for example_short_circuit_decorator to None, run_after=None
[2025-03-17T19:48:54.235+0800] {processor.py:208} INFO - Processing /Users/ervinyeoh/Desktop/unimods/is3107/project/.venv/lib/python3.11/site-packages/airflow/example_dags/example_short_circuit_decorator.py took 0.126 seconds
[2025-03-17T19:49:30.660+0800] {processor.py:186} INFO - Started process (PID=16166) to work on /Users/ervinyeoh/Desktop/unimods/is3107/project/.venv/lib/python3.11/site-packages/airflow/example_dags/example_short_circuit_decorator.py
[2025-03-17T19:49:30.661+0800] {processor.py:914} INFO - Processing file /Users/ervinyeoh/Desktop/unimods/is3107/project/.venv/lib/python3.11/site-packages/airflow/example_dags/example_short_circuit_decorator.py for tasks to queue
[2025-03-17T19:49:30.662+0800] {logging_mixin.py:190} INFO - [2025-03-17T19:49:30.662+0800] {dagbag.py:588} INFO - Filling up the DagBag from /Users/ervinyeoh/Desktop/unimods/is3107/project/.venv/lib/python3.11/site-packages/airflow/example_dags/example_short_circuit_decorator.py
[2025-03-17T19:49:30.716+0800] {processor.py:925} INFO - DAG(s) 'example_short_circuit_decorator' retrieved from /Users/ervinyeoh/Desktop/unimods/is3107/project/.venv/lib/python3.11/site-packages/airflow/example_dags/example_short_circuit_decorator.py
[2025-03-17T19:49:30.768+0800] {logging_mixin.py:190} INFO - [2025-03-17T19:49:30.768+0800] {dag.py:3239} INFO - Sync 1 DAGs
[2025-03-17T19:49:30.773+0800] {logging_mixin.py:190} INFO - [2025-03-17T19:49:30.773+0800] {dag.py:4180} INFO - Setting next_dagrun for example_short_circuit_decorator to None, run_after=None
[2025-03-17T19:49:30.783+0800] {processor.py:208} INFO - Processing /Users/ervinyeoh/Desktop/unimods/is3107/project/.venv/lib/python3.11/site-packages/airflow/example_dags/example_short_circuit_decorator.py took 0.125 seconds
[2025-03-17T19:50:35.596+0800] {processor.py:186} INFO - Started process (PID=16299) to work on /Users/ervinyeoh/Desktop/unimods/is3107/project/.venv/lib/python3.11/site-packages/airflow/example_dags/example_short_circuit_decorator.py
[2025-03-17T19:50:35.597+0800] {processor.py:914} INFO - Processing file /Users/ervinyeoh/Desktop/unimods/is3107/project/.venv/lib/python3.11/site-packages/airflow/example_dags/example_short_circuit_decorator.py for tasks to queue
[2025-03-17T19:50:35.597+0800] {logging_mixin.py:190} INFO - [2025-03-17T19:50:35.597+0800] {dagbag.py:588} INFO - Filling up the DagBag from /Users/ervinyeoh/Desktop/unimods/is3107/project/.venv/lib/python3.11/site-packages/airflow/example_dags/example_short_circuit_decorator.py
[2025-03-17T19:50:35.659+0800] {processor.py:925} INFO - DAG(s) 'example_short_circuit_decorator' retrieved from /Users/ervinyeoh/Desktop/unimods/is3107/project/.venv/lib/python3.11/site-packages/airflow/example_dags/example_short_circuit_decorator.py
[2025-03-17T19:50:35.713+0800] {logging_mixin.py:190} INFO - [2025-03-17T19:50:35.712+0800] {dag.py:3239} INFO - Sync 1 DAGs
[2025-03-17T19:50:35.718+0800] {logging_mixin.py:190} INFO - [2025-03-17T19:50:35.718+0800] {dag.py:4180} INFO - Setting next_dagrun for example_short_circuit_decorator to None, run_after=None
[2025-03-17T19:50:35.728+0800] {processor.py:208} INFO - Processing /Users/ervinyeoh/Desktop/unimods/is3107/project/.venv/lib/python3.11/site-packages/airflow/example_dags/example_short_circuit_decorator.py took 0.134 seconds
[2025-03-17T19:51:13.304+0800] {processor.py:186} INFO - Started process (PID=16375) to work on /Users/ervinyeoh/Desktop/unimods/is3107/project/.venv/lib/python3.11/site-packages/airflow/example_dags/example_short_circuit_decorator.py
[2025-03-17T19:51:13.305+0800] {processor.py:914} INFO - Processing file /Users/ervinyeoh/Desktop/unimods/is3107/project/.venv/lib/python3.11/site-packages/airflow/example_dags/example_short_circuit_decorator.py for tasks to queue
[2025-03-17T19:51:13.306+0800] {logging_mixin.py:190} INFO - [2025-03-17T19:51:13.305+0800] {dagbag.py:588} INFO - Filling up the DagBag from /Users/ervinyeoh/Desktop/unimods/is3107/project/.venv/lib/python3.11/site-packages/airflow/example_dags/example_short_circuit_decorator.py
[2025-03-17T19:51:13.357+0800] {processor.py:925} INFO - DAG(s) 'example_short_circuit_decorator' retrieved from /Users/ervinyeoh/Desktop/unimods/is3107/project/.venv/lib/python3.11/site-packages/airflow/example_dags/example_short_circuit_decorator.py
[2025-03-17T19:51:13.409+0800] {logging_mixin.py:190} INFO - [2025-03-17T19:51:13.409+0800] {dag.py:3239} INFO - Sync 1 DAGs
[2025-03-17T19:51:13.414+0800] {logging_mixin.py:190} INFO - [2025-03-17T19:51:13.414+0800] {dag.py:4180} INFO - Setting next_dagrun for example_short_circuit_decorator to None, run_after=None
[2025-03-17T19:51:13.425+0800] {processor.py:208} INFO - Processing /Users/ervinyeoh/Desktop/unimods/is3107/project/.venv/lib/python3.11/site-packages/airflow/example_dags/example_short_circuit_decorator.py took 0.122 seconds
[2025-03-17T19:52:14.576+0800] {processor.py:186} INFO - Started process (PID=16492) to work on /Users/ervinyeoh/Desktop/unimods/is3107/project/.venv/lib/python3.11/site-packages/airflow/example_dags/example_short_circuit_decorator.py
[2025-03-17T19:52:14.577+0800] {processor.py:914} INFO - Processing file /Users/ervinyeoh/Desktop/unimods/is3107/project/.venv/lib/python3.11/site-packages/airflow/example_dags/example_short_circuit_decorator.py for tasks to queue
[2025-03-17T19:52:14.578+0800] {logging_mixin.py:190} INFO - [2025-03-17T19:52:14.577+0800] {dagbag.py:588} INFO - Filling up the DagBag from /Users/ervinyeoh/Desktop/unimods/is3107/project/.venv/lib/python3.11/site-packages/airflow/example_dags/example_short_circuit_decorator.py
[2025-03-17T19:52:14.641+0800] {processor.py:925} INFO - DAG(s) 'example_short_circuit_decorator' retrieved from /Users/ervinyeoh/Desktop/unimods/is3107/project/.venv/lib/python3.11/site-packages/airflow/example_dags/example_short_circuit_decorator.py
[2025-03-17T19:52:14.695+0800] {logging_mixin.py:190} INFO - [2025-03-17T19:52:14.695+0800] {dag.py:3239} INFO - Sync 1 DAGs
[2025-03-17T19:52:14.701+0800] {logging_mixin.py:190} INFO - [2025-03-17T19:52:14.701+0800] {dag.py:4180} INFO - Setting next_dagrun for example_short_circuit_decorator to None, run_after=None
[2025-03-17T19:52:14.711+0800] {processor.py:208} INFO - Processing /Users/ervinyeoh/Desktop/unimods/is3107/project/.venv/lib/python3.11/site-packages/airflow/example_dags/example_short_circuit_decorator.py took 0.137 seconds
[2025-03-17T19:52:51.755+0800] {processor.py:186} INFO - Started process (PID=16568) to work on /Users/ervinyeoh/Desktop/unimods/is3107/project/.venv/lib/python3.11/site-packages/airflow/example_dags/example_short_circuit_decorator.py
[2025-03-17T19:52:51.757+0800] {processor.py:914} INFO - Processing file /Users/ervinyeoh/Desktop/unimods/is3107/project/.venv/lib/python3.11/site-packages/airflow/example_dags/example_short_circuit_decorator.py for tasks to queue
[2025-03-17T19:52:51.757+0800] {logging_mixin.py:190} INFO - [2025-03-17T19:52:51.757+0800] {dagbag.py:588} INFO - Filling up the DagBag from /Users/ervinyeoh/Desktop/unimods/is3107/project/.venv/lib/python3.11/site-packages/airflow/example_dags/example_short_circuit_decorator.py
[2025-03-17T19:52:51.810+0800] {processor.py:925} INFO - DAG(s) 'example_short_circuit_decorator' retrieved from /Users/ervinyeoh/Desktop/unimods/is3107/project/.venv/lib/python3.11/site-packages/airflow/example_dags/example_short_circuit_decorator.py
[2025-03-17T19:52:51.867+0800] {logging_mixin.py:190} INFO - [2025-03-17T19:52:51.867+0800] {dag.py:3239} INFO - Sync 1 DAGs
[2025-03-17T19:52:51.873+0800] {logging_mixin.py:190} INFO - [2025-03-17T19:52:51.873+0800] {dag.py:4180} INFO - Setting next_dagrun for example_short_circuit_decorator to None, run_after=None
[2025-03-17T19:52:51.883+0800] {processor.py:208} INFO - Processing /Users/ervinyeoh/Desktop/unimods/is3107/project/.venv/lib/python3.11/site-packages/airflow/example_dags/example_short_circuit_decorator.py took 0.129 seconds
[2025-03-17T19:53:54.011+0800] {processor.py:186} INFO - Started process (PID=16692) to work on /Users/ervinyeoh/Desktop/unimods/is3107/project/.venv/lib/python3.11/site-packages/airflow/example_dags/example_short_circuit_decorator.py
[2025-03-17T19:53:54.012+0800] {processor.py:914} INFO - Processing file /Users/ervinyeoh/Desktop/unimods/is3107/project/.venv/lib/python3.11/site-packages/airflow/example_dags/example_short_circuit_decorator.py for tasks to queue
[2025-03-17T19:53:54.012+0800] {logging_mixin.py:190} INFO - [2025-03-17T19:53:54.012+0800] {dagbag.py:588} INFO - Filling up the DagBag from /Users/ervinyeoh/Desktop/unimods/is3107/project/.venv/lib/python3.11/site-packages/airflow/example_dags/example_short_circuit_decorator.py
[2025-03-17T19:53:54.064+0800] {processor.py:925} INFO - DAG(s) 'example_short_circuit_decorator' retrieved from /Users/ervinyeoh/Desktop/unimods/is3107/project/.venv/lib/python3.11/site-packages/airflow/example_dags/example_short_circuit_decorator.py
[2025-03-17T19:53:54.119+0800] {logging_mixin.py:190} INFO - [2025-03-17T19:53:54.119+0800] {dag.py:3239} INFO - Sync 1 DAGs
[2025-03-17T19:53:54.124+0800] {logging_mixin.py:190} INFO - [2025-03-17T19:53:54.124+0800] {dag.py:4180} INFO - Setting next_dagrun for example_short_circuit_decorator to None, run_after=None
[2025-03-17T19:53:54.134+0800] {processor.py:208} INFO - Processing /Users/ervinyeoh/Desktop/unimods/is3107/project/.venv/lib/python3.11/site-packages/airflow/example_dags/example_short_circuit_decorator.py took 0.125 seconds
[2025-03-17T19:54:34.214+0800] {processor.py:186} INFO - Started process (PID=16808) to work on /Users/ervinyeoh/Desktop/unimods/is3107/project/.venv/lib/python3.11/site-packages/airflow/example_dags/example_short_circuit_decorator.py
[2025-03-17T19:54:34.215+0800] {processor.py:914} INFO - Processing file /Users/ervinyeoh/Desktop/unimods/is3107/project/.venv/lib/python3.11/site-packages/airflow/example_dags/example_short_circuit_decorator.py for tasks to queue
[2025-03-17T19:54:34.215+0800] {logging_mixin.py:190} INFO - [2025-03-17T19:54:34.215+0800] {dagbag.py:588} INFO - Filling up the DagBag from /Users/ervinyeoh/Desktop/unimods/is3107/project/.venv/lib/python3.11/site-packages/airflow/example_dags/example_short_circuit_decorator.py
[2025-03-17T19:54:34.290+0800] {processor.py:925} INFO - DAG(s) 'example_short_circuit_decorator' retrieved from /Users/ervinyeoh/Desktop/unimods/is3107/project/.venv/lib/python3.11/site-packages/airflow/example_dags/example_short_circuit_decorator.py
[2025-03-17T19:54:34.352+0800] {logging_mixin.py:190} INFO - [2025-03-17T19:54:34.352+0800] {dag.py:3239} INFO - Sync 1 DAGs
[2025-03-17T19:54:34.361+0800] {logging_mixin.py:190} INFO - [2025-03-17T19:54:34.361+0800] {dag.py:4180} INFO - Setting next_dagrun for example_short_circuit_decorator to None, run_after=None
[2025-03-17T19:54:34.375+0800] {processor.py:208} INFO - Processing /Users/ervinyeoh/Desktop/unimods/is3107/project/.venv/lib/python3.11/site-packages/airflow/example_dags/example_short_circuit_decorator.py took 0.163 seconds
[2025-03-17T19:55:39.986+0800] {processor.py:186} INFO - Started process (PID=17022) to work on /Users/ervinyeoh/Desktop/unimods/is3107/project/.venv/lib/python3.11/site-packages/airflow/example_dags/example_short_circuit_decorator.py
[2025-03-17T19:55:39.987+0800] {processor.py:914} INFO - Processing file /Users/ervinyeoh/Desktop/unimods/is3107/project/.venv/lib/python3.11/site-packages/airflow/example_dags/example_short_circuit_decorator.py for tasks to queue
[2025-03-17T19:55:39.987+0800] {logging_mixin.py:190} INFO - [2025-03-17T19:55:39.987+0800] {dagbag.py:588} INFO - Filling up the DagBag from /Users/ervinyeoh/Desktop/unimods/is3107/project/.venv/lib/python3.11/site-packages/airflow/example_dags/example_short_circuit_decorator.py
[2025-03-17T19:55:40.044+0800] {processor.py:925} INFO - DAG(s) 'example_short_circuit_decorator' retrieved from /Users/ervinyeoh/Desktop/unimods/is3107/project/.venv/lib/python3.11/site-packages/airflow/example_dags/example_short_circuit_decorator.py
[2025-03-17T19:55:40.097+0800] {logging_mixin.py:190} INFO - [2025-03-17T19:55:40.097+0800] {dag.py:3239} INFO - Sync 1 DAGs
[2025-03-17T19:55:40.103+0800] {logging_mixin.py:190} INFO - [2025-03-17T19:55:40.102+0800] {dag.py:4180} INFO - Setting next_dagrun for example_short_circuit_decorator to None, run_after=None
[2025-03-17T19:55:40.113+0800] {processor.py:208} INFO - Processing /Users/ervinyeoh/Desktop/unimods/is3107/project/.venv/lib/python3.11/site-packages/airflow/example_dags/example_short_circuit_decorator.py took 0.129 seconds
[2025-03-17T19:56:18.275+0800] {processor.py:186} INFO - Started process (PID=17111) to work on /Users/ervinyeoh/Desktop/unimods/is3107/project/.venv/lib/python3.11/site-packages/airflow/example_dags/example_short_circuit_decorator.py
[2025-03-17T19:56:18.276+0800] {processor.py:914} INFO - Processing file /Users/ervinyeoh/Desktop/unimods/is3107/project/.venv/lib/python3.11/site-packages/airflow/example_dags/example_short_circuit_decorator.py for tasks to queue
[2025-03-17T19:56:18.277+0800] {logging_mixin.py:190} INFO - [2025-03-17T19:56:18.277+0800] {dagbag.py:588} INFO - Filling up the DagBag from /Users/ervinyeoh/Desktop/unimods/is3107/project/.venv/lib/python3.11/site-packages/airflow/example_dags/example_short_circuit_decorator.py
[2025-03-17T19:56:18.335+0800] {processor.py:925} INFO - DAG(s) 'example_short_circuit_decorator' retrieved from /Users/ervinyeoh/Desktop/unimods/is3107/project/.venv/lib/python3.11/site-packages/airflow/example_dags/example_short_circuit_decorator.py
[2025-03-17T19:56:18.391+0800] {logging_mixin.py:190} INFO - [2025-03-17T19:56:18.391+0800] {dag.py:3239} INFO - Sync 1 DAGs
[2025-03-17T19:56:18.397+0800] {logging_mixin.py:190} INFO - [2025-03-17T19:56:18.397+0800] {dag.py:4180} INFO - Setting next_dagrun for example_short_circuit_decorator to None, run_after=None
[2025-03-17T19:56:18.408+0800] {processor.py:208} INFO - Processing /Users/ervinyeoh/Desktop/unimods/is3107/project/.venv/lib/python3.11/site-packages/airflow/example_dags/example_short_circuit_decorator.py took 0.134 seconds
[2025-03-17T19:57:21.923+0800] {processor.py:186} INFO - Started process (PID=17277) to work on /Users/ervinyeoh/Desktop/unimods/is3107/project/.venv/lib/python3.11/site-packages/airflow/example_dags/example_short_circuit_decorator.py
[2025-03-17T19:57:21.924+0800] {processor.py:914} INFO - Processing file /Users/ervinyeoh/Desktop/unimods/is3107/project/.venv/lib/python3.11/site-packages/airflow/example_dags/example_short_circuit_decorator.py for tasks to queue
[2025-03-17T19:57:21.925+0800] {logging_mixin.py:190} INFO - [2025-03-17T19:57:21.925+0800] {dagbag.py:588} INFO - Filling up the DagBag from /Users/ervinyeoh/Desktop/unimods/is3107/project/.venv/lib/python3.11/site-packages/airflow/example_dags/example_short_circuit_decorator.py
[2025-03-17T19:57:21.977+0800] {processor.py:925} INFO - DAG(s) 'example_short_circuit_decorator' retrieved from /Users/ervinyeoh/Desktop/unimods/is3107/project/.venv/lib/python3.11/site-packages/airflow/example_dags/example_short_circuit_decorator.py
[2025-03-17T19:57:22.030+0800] {logging_mixin.py:190} INFO - [2025-03-17T19:57:22.030+0800] {dag.py:3239} INFO - Sync 1 DAGs
[2025-03-17T19:57:22.036+0800] {logging_mixin.py:190} INFO - [2025-03-17T19:57:22.036+0800] {dag.py:4180} INFO - Setting next_dagrun for example_short_circuit_decorator to None, run_after=None
[2025-03-17T19:57:22.046+0800] {processor.py:208} INFO - Processing /Users/ervinyeoh/Desktop/unimods/is3107/project/.venv/lib/python3.11/site-packages/airflow/example_dags/example_short_circuit_decorator.py took 0.124 seconds
[2025-03-17T19:57:59.309+0800] {processor.py:186} INFO - Started process (PID=17361) to work on /Users/ervinyeoh/Desktop/unimods/is3107/project/.venv/lib/python3.11/site-packages/airflow/example_dags/example_short_circuit_decorator.py
[2025-03-17T19:57:59.310+0800] {processor.py:914} INFO - Processing file /Users/ervinyeoh/Desktop/unimods/is3107/project/.venv/lib/python3.11/site-packages/airflow/example_dags/example_short_circuit_decorator.py for tasks to queue
[2025-03-17T19:57:59.311+0800] {logging_mixin.py:190} INFO - [2025-03-17T19:57:59.310+0800] {dagbag.py:588} INFO - Filling up the DagBag from /Users/ervinyeoh/Desktop/unimods/is3107/project/.venv/lib/python3.11/site-packages/airflow/example_dags/example_short_circuit_decorator.py
[2025-03-17T19:57:59.367+0800] {processor.py:925} INFO - DAG(s) 'example_short_circuit_decorator' retrieved from /Users/ervinyeoh/Desktop/unimods/is3107/project/.venv/lib/python3.11/site-packages/airflow/example_dags/example_short_circuit_decorator.py
[2025-03-17T19:57:59.422+0800] {logging_mixin.py:190} INFO - [2025-03-17T19:57:59.421+0800] {dag.py:3239} INFO - Sync 1 DAGs
[2025-03-17T19:57:59.427+0800] {logging_mixin.py:190} INFO - [2025-03-17T19:57:59.427+0800] {dag.py:4180} INFO - Setting next_dagrun for example_short_circuit_decorator to None, run_after=None
[2025-03-17T19:57:59.438+0800] {processor.py:208} INFO - Processing /Users/ervinyeoh/Desktop/unimods/is3107/project/.venv/lib/python3.11/site-packages/airflow/example_dags/example_short_circuit_decorator.py took 0.131 seconds
[2025-03-17T19:59:02.943+0800] {processor.py:186} INFO - Started process (PID=17489) to work on /Users/ervinyeoh/Desktop/unimods/is3107/project/.venv/lib/python3.11/site-packages/airflow/example_dags/example_short_circuit_decorator.py
[2025-03-17T19:59:02.944+0800] {processor.py:914} INFO - Processing file /Users/ervinyeoh/Desktop/unimods/is3107/project/.venv/lib/python3.11/site-packages/airflow/example_dags/example_short_circuit_decorator.py for tasks to queue
[2025-03-17T19:59:02.945+0800] {logging_mixin.py:190} INFO - [2025-03-17T19:59:02.945+0800] {dagbag.py:588} INFO - Filling up the DagBag from /Users/ervinyeoh/Desktop/unimods/is3107/project/.venv/lib/python3.11/site-packages/airflow/example_dags/example_short_circuit_decorator.py
[2025-03-17T19:59:03.001+0800] {processor.py:925} INFO - DAG(s) 'example_short_circuit_decorator' retrieved from /Users/ervinyeoh/Desktop/unimods/is3107/project/.venv/lib/python3.11/site-packages/airflow/example_dags/example_short_circuit_decorator.py
[2025-03-17T19:59:03.055+0800] {logging_mixin.py:190} INFO - [2025-03-17T19:59:03.055+0800] {dag.py:3239} INFO - Sync 1 DAGs
[2025-03-17T19:59:03.061+0800] {logging_mixin.py:190} INFO - [2025-03-17T19:59:03.061+0800] {dag.py:4180} INFO - Setting next_dagrun for example_short_circuit_decorator to None, run_after=None
[2025-03-17T19:59:03.072+0800] {processor.py:208} INFO - Processing /Users/ervinyeoh/Desktop/unimods/is3107/project/.venv/lib/python3.11/site-packages/airflow/example_dags/example_short_circuit_decorator.py took 0.130 seconds
[2025-03-17T19:59:40.682+0800] {processor.py:186} INFO - Started process (PID=17581) to work on /Users/ervinyeoh/Desktop/unimods/is3107/project/.venv/lib/python3.11/site-packages/airflow/example_dags/example_short_circuit_decorator.py
[2025-03-17T19:59:40.684+0800] {processor.py:914} INFO - Processing file /Users/ervinyeoh/Desktop/unimods/is3107/project/.venv/lib/python3.11/site-packages/airflow/example_dags/example_short_circuit_decorator.py for tasks to queue
[2025-03-17T19:59:40.685+0800] {logging_mixin.py:190} INFO - [2025-03-17T19:59:40.684+0800] {dagbag.py:588} INFO - Filling up the DagBag from /Users/ervinyeoh/Desktop/unimods/is3107/project/.venv/lib/python3.11/site-packages/airflow/example_dags/example_short_circuit_decorator.py
[2025-03-17T19:59:40.738+0800] {processor.py:925} INFO - DAG(s) 'example_short_circuit_decorator' retrieved from /Users/ervinyeoh/Desktop/unimods/is3107/project/.venv/lib/python3.11/site-packages/airflow/example_dags/example_short_circuit_decorator.py
[2025-03-17T19:59:40.790+0800] {logging_mixin.py:190} INFO - [2025-03-17T19:59:40.790+0800] {dag.py:3239} INFO - Sync 1 DAGs
[2025-03-17T19:59:40.796+0800] {logging_mixin.py:190} INFO - [2025-03-17T19:59:40.796+0800] {dag.py:4180} INFO - Setting next_dagrun for example_short_circuit_decorator to None, run_after=None
[2025-03-17T19:59:40.805+0800] {processor.py:208} INFO - Processing /Users/ervinyeoh/Desktop/unimods/is3107/project/.venv/lib/python3.11/site-packages/airflow/example_dags/example_short_circuit_decorator.py took 0.125 seconds
[2025-03-17T20:00:44.235+0800] {processor.py:186} INFO - Started process (PID=17725) to work on /Users/ervinyeoh/Desktop/unimods/is3107/project/.venv/lib/python3.11/site-packages/airflow/example_dags/example_short_circuit_decorator.py
[2025-03-17T20:00:44.236+0800] {processor.py:914} INFO - Processing file /Users/ervinyeoh/Desktop/unimods/is3107/project/.venv/lib/python3.11/site-packages/airflow/example_dags/example_short_circuit_decorator.py for tasks to queue
[2025-03-17T20:00:44.237+0800] {logging_mixin.py:190} INFO - [2025-03-17T20:00:44.237+0800] {dagbag.py:588} INFO - Filling up the DagBag from /Users/ervinyeoh/Desktop/unimods/is3107/project/.venv/lib/python3.11/site-packages/airflow/example_dags/example_short_circuit_decorator.py
[2025-03-17T20:00:44.299+0800] {processor.py:925} INFO - DAG(s) 'example_short_circuit_decorator' retrieved from /Users/ervinyeoh/Desktop/unimods/is3107/project/.venv/lib/python3.11/site-packages/airflow/example_dags/example_short_circuit_decorator.py
[2025-03-17T20:00:44.355+0800] {logging_mixin.py:190} INFO - [2025-03-17T20:00:44.355+0800] {dag.py:3239} INFO - Sync 1 DAGs
[2025-03-17T20:00:44.361+0800] {logging_mixin.py:190} INFO - [2025-03-17T20:00:44.361+0800] {dag.py:4180} INFO - Setting next_dagrun for example_short_circuit_decorator to None, run_after=None
[2025-03-17T20:00:44.372+0800] {processor.py:208} INFO - Processing /Users/ervinyeoh/Desktop/unimods/is3107/project/.venv/lib/python3.11/site-packages/airflow/example_dags/example_short_circuit_decorator.py took 0.138 seconds
[2025-03-17T20:01:20.293+0800] {processor.py:186} INFO - Started process (PID=17817) to work on /Users/ervinyeoh/Desktop/unimods/is3107/project/.venv/lib/python3.11/site-packages/airflow/example_dags/example_short_circuit_decorator.py
[2025-03-17T20:01:20.295+0800] {processor.py:914} INFO - Processing file /Users/ervinyeoh/Desktop/unimods/is3107/project/.venv/lib/python3.11/site-packages/airflow/example_dags/example_short_circuit_decorator.py for tasks to queue
[2025-03-17T20:01:20.295+0800] {logging_mixin.py:190} INFO - [2025-03-17T20:01:20.295+0800] {dagbag.py:588} INFO - Filling up the DagBag from /Users/ervinyeoh/Desktop/unimods/is3107/project/.venv/lib/python3.11/site-packages/airflow/example_dags/example_short_circuit_decorator.py
[2025-03-17T20:01:20.349+0800] {processor.py:925} INFO - DAG(s) 'example_short_circuit_decorator' retrieved from /Users/ervinyeoh/Desktop/unimods/is3107/project/.venv/lib/python3.11/site-packages/airflow/example_dags/example_short_circuit_decorator.py
[2025-03-17T20:01:20.402+0800] {logging_mixin.py:190} INFO - [2025-03-17T20:01:20.402+0800] {dag.py:3239} INFO - Sync 1 DAGs
[2025-03-17T20:01:20.408+0800] {logging_mixin.py:190} INFO - [2025-03-17T20:01:20.408+0800] {dag.py:4180} INFO - Setting next_dagrun for example_short_circuit_decorator to None, run_after=None
[2025-03-17T20:01:20.417+0800] {processor.py:208} INFO - Processing /Users/ervinyeoh/Desktop/unimods/is3107/project/.venv/lib/python3.11/site-packages/airflow/example_dags/example_short_circuit_decorator.py took 0.126 seconds
[2025-03-17T20:02:36.406+0800] {processor.py:186} INFO - Started process (PID=17968) to work on /Users/ervinyeoh/Desktop/unimods/is3107/project/.venv/lib/python3.11/site-packages/airflow/example_dags/example_short_circuit_decorator.py
[2025-03-17T20:02:36.407+0800] {processor.py:914} INFO - Processing file /Users/ervinyeoh/Desktop/unimods/is3107/project/.venv/lib/python3.11/site-packages/airflow/example_dags/example_short_circuit_decorator.py for tasks to queue
[2025-03-17T20:02:36.408+0800] {logging_mixin.py:190} INFO - [2025-03-17T20:02:36.408+0800] {dagbag.py:588} INFO - Filling up the DagBag from /Users/ervinyeoh/Desktop/unimods/is3107/project/.venv/lib/python3.11/site-packages/airflow/example_dags/example_short_circuit_decorator.py
[2025-03-17T20:02:36.461+0800] {processor.py:925} INFO - DAG(s) 'example_short_circuit_decorator' retrieved from /Users/ervinyeoh/Desktop/unimods/is3107/project/.venv/lib/python3.11/site-packages/airflow/example_dags/example_short_circuit_decorator.py
[2025-03-17T20:02:36.514+0800] {logging_mixin.py:190} INFO - [2025-03-17T20:02:36.514+0800] {dag.py:3239} INFO - Sync 1 DAGs
[2025-03-17T20:02:36.519+0800] {logging_mixin.py:190} INFO - [2025-03-17T20:02:36.519+0800] {dag.py:4180} INFO - Setting next_dagrun for example_short_circuit_decorator to None, run_after=None
[2025-03-17T20:02:36.529+0800] {processor.py:208} INFO - Processing /Users/ervinyeoh/Desktop/unimods/is3107/project/.venv/lib/python3.11/site-packages/airflow/example_dags/example_short_circuit_decorator.py took 0.125 seconds
[2025-03-17T20:03:02.941+0800] {processor.py:186} INFO - Started process (PID=18036) to work on /Users/ervinyeoh/Desktop/unimods/is3107/project/.venv/lib/python3.11/site-packages/airflow/example_dags/example_short_circuit_decorator.py
[2025-03-17T20:03:02.942+0800] {processor.py:914} INFO - Processing file /Users/ervinyeoh/Desktop/unimods/is3107/project/.venv/lib/python3.11/site-packages/airflow/example_dags/example_short_circuit_decorator.py for tasks to queue
[2025-03-17T20:03:02.943+0800] {logging_mixin.py:190} INFO - [2025-03-17T20:03:02.942+0800] {dagbag.py:588} INFO - Filling up the DagBag from /Users/ervinyeoh/Desktop/unimods/is3107/project/.venv/lib/python3.11/site-packages/airflow/example_dags/example_short_circuit_decorator.py
[2025-03-17T20:03:02.994+0800] {processor.py:925} INFO - DAG(s) 'example_short_circuit_decorator' retrieved from /Users/ervinyeoh/Desktop/unimods/is3107/project/.venv/lib/python3.11/site-packages/airflow/example_dags/example_short_circuit_decorator.py
[2025-03-17T20:03:03.046+0800] {logging_mixin.py:190} INFO - [2025-03-17T20:03:03.046+0800] {dag.py:3239} INFO - Sync 1 DAGs
[2025-03-17T20:03:03.052+0800] {logging_mixin.py:190} INFO - [2025-03-17T20:03:03.052+0800] {dag.py:4180} INFO - Setting next_dagrun for example_short_circuit_decorator to None, run_after=None
[2025-03-17T20:03:03.062+0800] {processor.py:208} INFO - Processing /Users/ervinyeoh/Desktop/unimods/is3107/project/.venv/lib/python3.11/site-packages/airflow/example_dags/example_short_circuit_decorator.py took 0.123 seconds
[2025-03-17T20:04:21.532+0800] {processor.py:186} INFO - Started process (PID=18231) to work on /Users/ervinyeoh/Desktop/unimods/is3107/project/.venv/lib/python3.11/site-packages/airflow/example_dags/example_short_circuit_decorator.py
[2025-03-17T20:04:21.533+0800] {processor.py:914} INFO - Processing file /Users/ervinyeoh/Desktop/unimods/is3107/project/.venv/lib/python3.11/site-packages/airflow/example_dags/example_short_circuit_decorator.py for tasks to queue
[2025-03-17T20:04:21.533+0800] {logging_mixin.py:190} INFO - [2025-03-17T20:04:21.533+0800] {dagbag.py:588} INFO - Filling up the DagBag from /Users/ervinyeoh/Desktop/unimods/is3107/project/.venv/lib/python3.11/site-packages/airflow/example_dags/example_short_circuit_decorator.py
[2025-03-17T20:04:21.585+0800] {processor.py:925} INFO - DAG(s) 'example_short_circuit_decorator' retrieved from /Users/ervinyeoh/Desktop/unimods/is3107/project/.venv/lib/python3.11/site-packages/airflow/example_dags/example_short_circuit_decorator.py
[2025-03-17T20:04:21.637+0800] {logging_mixin.py:190} INFO - [2025-03-17T20:04:21.637+0800] {dag.py:3239} INFO - Sync 1 DAGs
[2025-03-17T20:04:21.643+0800] {logging_mixin.py:190} INFO - [2025-03-17T20:04:21.643+0800] {dag.py:4180} INFO - Setting next_dagrun for example_short_circuit_decorator to None, run_after=None
[2025-03-17T20:04:21.654+0800] {processor.py:208} INFO - Processing /Users/ervinyeoh/Desktop/unimods/is3107/project/.venv/lib/python3.11/site-packages/airflow/example_dags/example_short_circuit_decorator.py took 0.124 seconds
[2025-03-17T20:04:42.534+0800] {processor.py:186} INFO - Started process (PID=18272) to work on /Users/ervinyeoh/Desktop/unimods/is3107/project/.venv/lib/python3.11/site-packages/airflow/example_dags/example_short_circuit_decorator.py
[2025-03-17T20:04:42.535+0800] {processor.py:914} INFO - Processing file /Users/ervinyeoh/Desktop/unimods/is3107/project/.venv/lib/python3.11/site-packages/airflow/example_dags/example_short_circuit_decorator.py for tasks to queue
[2025-03-17T20:04:42.536+0800] {logging_mixin.py:190} INFO - [2025-03-17T20:04:42.536+0800] {dagbag.py:588} INFO - Filling up the DagBag from /Users/ervinyeoh/Desktop/unimods/is3107/project/.venv/lib/python3.11/site-packages/airflow/example_dags/example_short_circuit_decorator.py
[2025-03-17T20:04:42.591+0800] {processor.py:925} INFO - DAG(s) 'example_short_circuit_decorator' retrieved from /Users/ervinyeoh/Desktop/unimods/is3107/project/.venv/lib/python3.11/site-packages/airflow/example_dags/example_short_circuit_decorator.py
[2025-03-17T20:04:42.650+0800] {logging_mixin.py:190} INFO - [2025-03-17T20:04:42.650+0800] {dag.py:3239} INFO - Sync 1 DAGs
[2025-03-17T20:04:42.657+0800] {logging_mixin.py:190} INFO - [2025-03-17T20:04:42.656+0800] {dag.py:4180} INFO - Setting next_dagrun for example_short_circuit_decorator to None, run_after=None
[2025-03-17T20:04:42.667+0800] {processor.py:208} INFO - Processing /Users/ervinyeoh/Desktop/unimods/is3107/project/.venv/lib/python3.11/site-packages/airflow/example_dags/example_short_circuit_decorator.py took 0.135 seconds
[2025-03-17T20:06:00.703+0800] {processor.py:186} INFO - Started process (PID=18432) to work on /Users/ervinyeoh/Desktop/unimods/is3107/project/.venv/lib/python3.11/site-packages/airflow/example_dags/example_short_circuit_decorator.py
[2025-03-17T20:06:00.703+0800] {processor.py:914} INFO - Processing file /Users/ervinyeoh/Desktop/unimods/is3107/project/.venv/lib/python3.11/site-packages/airflow/example_dags/example_short_circuit_decorator.py for tasks to queue
[2025-03-17T20:06:00.704+0800] {logging_mixin.py:190} INFO - [2025-03-17T20:06:00.704+0800] {dagbag.py:588} INFO - Filling up the DagBag from /Users/ervinyeoh/Desktop/unimods/is3107/project/.venv/lib/python3.11/site-packages/airflow/example_dags/example_short_circuit_decorator.py
[2025-03-17T20:06:00.763+0800] {processor.py:925} INFO - DAG(s) 'example_short_circuit_decorator' retrieved from /Users/ervinyeoh/Desktop/unimods/is3107/project/.venv/lib/python3.11/site-packages/airflow/example_dags/example_short_circuit_decorator.py
[2025-03-17T20:06:00.816+0800] {logging_mixin.py:190} INFO - [2025-03-17T20:06:00.816+0800] {dag.py:3239} INFO - Sync 1 DAGs
[2025-03-17T20:06:00.822+0800] {logging_mixin.py:190} INFO - [2025-03-17T20:06:00.821+0800] {dag.py:4180} INFO - Setting next_dagrun for example_short_circuit_decorator to None, run_after=None
[2025-03-17T20:06:00.831+0800] {processor.py:208} INFO - Processing /Users/ervinyeoh/Desktop/unimods/is3107/project/.venv/lib/python3.11/site-packages/airflow/example_dags/example_short_circuit_decorator.py took 0.130 seconds
[2025-03-17T20:06:21.756+0800] {processor.py:186} INFO - Started process (PID=18484) to work on /Users/ervinyeoh/Desktop/unimods/is3107/project/.venv/lib/python3.11/site-packages/airflow/example_dags/example_short_circuit_decorator.py
[2025-03-17T20:06:21.757+0800] {processor.py:914} INFO - Processing file /Users/ervinyeoh/Desktop/unimods/is3107/project/.venv/lib/python3.11/site-packages/airflow/example_dags/example_short_circuit_decorator.py for tasks to queue
[2025-03-17T20:06:21.757+0800] {logging_mixin.py:190} INFO - [2025-03-17T20:06:21.757+0800] {dagbag.py:588} INFO - Filling up the DagBag from /Users/ervinyeoh/Desktop/unimods/is3107/project/.venv/lib/python3.11/site-packages/airflow/example_dags/example_short_circuit_decorator.py
[2025-03-17T20:06:21.810+0800] {processor.py:925} INFO - DAG(s) 'example_short_circuit_decorator' retrieved from /Users/ervinyeoh/Desktop/unimods/is3107/project/.venv/lib/python3.11/site-packages/airflow/example_dags/example_short_circuit_decorator.py
[2025-03-17T20:06:21.863+0800] {logging_mixin.py:190} INFO - [2025-03-17T20:06:21.862+0800] {dag.py:3239} INFO - Sync 1 DAGs
[2025-03-17T20:06:21.868+0800] {logging_mixin.py:190} INFO - [2025-03-17T20:06:21.868+0800] {dag.py:4180} INFO - Setting next_dagrun for example_short_circuit_decorator to None, run_after=None
[2025-03-17T20:06:21.878+0800] {processor.py:208} INFO - Processing /Users/ervinyeoh/Desktop/unimods/is3107/project/.venv/lib/python3.11/site-packages/airflow/example_dags/example_short_circuit_decorator.py took 0.124 seconds
[2025-03-17T20:07:42.733+0800] {processor.py:186} INFO - Started process (PID=18655) to work on /Users/ervinyeoh/Desktop/unimods/is3107/project/.venv/lib/python3.11/site-packages/airflow/example_dags/example_short_circuit_decorator.py
[2025-03-17T20:07:42.734+0800] {processor.py:914} INFO - Processing file /Users/ervinyeoh/Desktop/unimods/is3107/project/.venv/lib/python3.11/site-packages/airflow/example_dags/example_short_circuit_decorator.py for tasks to queue
[2025-03-17T20:07:42.735+0800] {logging_mixin.py:190} INFO - [2025-03-17T20:07:42.735+0800] {dagbag.py:588} INFO - Filling up the DagBag from /Users/ervinyeoh/Desktop/unimods/is3107/project/.venv/lib/python3.11/site-packages/airflow/example_dags/example_short_circuit_decorator.py
[2025-03-17T20:07:42.787+0800] {processor.py:925} INFO - DAG(s) 'example_short_circuit_decorator' retrieved from /Users/ervinyeoh/Desktop/unimods/is3107/project/.venv/lib/python3.11/site-packages/airflow/example_dags/example_short_circuit_decorator.py
[2025-03-17T20:07:42.840+0800] {logging_mixin.py:190} INFO - [2025-03-17T20:07:42.840+0800] {dag.py:3239} INFO - Sync 1 DAGs
[2025-03-17T20:07:42.846+0800] {logging_mixin.py:190} INFO - [2025-03-17T20:07:42.846+0800] {dag.py:4180} INFO - Setting next_dagrun for example_short_circuit_decorator to None, run_after=None
[2025-03-17T20:07:42.856+0800] {processor.py:208} INFO - Processing /Users/ervinyeoh/Desktop/unimods/is3107/project/.venv/lib/python3.11/site-packages/airflow/example_dags/example_short_circuit_decorator.py took 0.124 seconds
[2025-03-17T20:08:01.292+0800] {processor.py:186} INFO - Started process (PID=18727) to work on /Users/ervinyeoh/Desktop/unimods/is3107/project/.venv/lib/python3.11/site-packages/airflow/example_dags/example_short_circuit_decorator.py
[2025-03-17T20:08:01.293+0800] {processor.py:914} INFO - Processing file /Users/ervinyeoh/Desktop/unimods/is3107/project/.venv/lib/python3.11/site-packages/airflow/example_dags/example_short_circuit_decorator.py for tasks to queue
[2025-03-17T20:08:01.293+0800] {logging_mixin.py:190} INFO - [2025-03-17T20:08:01.293+0800] {dagbag.py:588} INFO - Filling up the DagBag from /Users/ervinyeoh/Desktop/unimods/is3107/project/.venv/lib/python3.11/site-packages/airflow/example_dags/example_short_circuit_decorator.py
[2025-03-17T20:08:01.354+0800] {processor.py:925} INFO - DAG(s) 'example_short_circuit_decorator' retrieved from /Users/ervinyeoh/Desktop/unimods/is3107/project/.venv/lib/python3.11/site-packages/airflow/example_dags/example_short_circuit_decorator.py
[2025-03-17T20:08:01.410+0800] {logging_mixin.py:190} INFO - [2025-03-17T20:08:01.410+0800] {dag.py:3239} INFO - Sync 1 DAGs
[2025-03-17T20:08:01.416+0800] {logging_mixin.py:190} INFO - [2025-03-17T20:08:01.416+0800] {dag.py:4180} INFO - Setting next_dagrun for example_short_circuit_decorator to None, run_after=None
[2025-03-17T20:08:01.427+0800] {processor.py:208} INFO - Processing /Users/ervinyeoh/Desktop/unimods/is3107/project/.venv/lib/python3.11/site-packages/airflow/example_dags/example_short_circuit_decorator.py took 0.137 seconds
[2025-03-17T20:09:27.631+0800] {processor.py:186} INFO - Started process (PID=18916) to work on /Users/ervinyeoh/Desktop/unimods/is3107/project/.venv/lib/python3.11/site-packages/airflow/example_dags/example_short_circuit_decorator.py
[2025-03-17T20:09:27.632+0800] {processor.py:914} INFO - Processing file /Users/ervinyeoh/Desktop/unimods/is3107/project/.venv/lib/python3.11/site-packages/airflow/example_dags/example_short_circuit_decorator.py for tasks to queue
[2025-03-17T20:09:27.633+0800] {logging_mixin.py:190} INFO - [2025-03-17T20:09:27.633+0800] {dagbag.py:588} INFO - Filling up the DagBag from /Users/ervinyeoh/Desktop/unimods/is3107/project/.venv/lib/python3.11/site-packages/airflow/example_dags/example_short_circuit_decorator.py
[2025-03-17T20:09:27.697+0800] {processor.py:925} INFO - DAG(s) 'example_short_circuit_decorator' retrieved from /Users/ervinyeoh/Desktop/unimods/is3107/project/.venv/lib/python3.11/site-packages/airflow/example_dags/example_short_circuit_decorator.py
[2025-03-17T20:09:27.754+0800] {logging_mixin.py:190} INFO - [2025-03-17T20:09:27.754+0800] {dag.py:3239} INFO - Sync 1 DAGs
[2025-03-17T20:09:27.760+0800] {logging_mixin.py:190} INFO - [2025-03-17T20:09:27.760+0800] {dag.py:4180} INFO - Setting next_dagrun for example_short_circuit_decorator to None, run_after=None
[2025-03-17T20:09:27.770+0800] {processor.py:208} INFO - Processing /Users/ervinyeoh/Desktop/unimods/is3107/project/.venv/lib/python3.11/site-packages/airflow/example_dags/example_short_circuit_decorator.py took 0.141 seconds
[2025-03-17T20:09:46.448+0800] {processor.py:186} INFO - Started process (PID=18963) to work on /Users/ervinyeoh/Desktop/unimods/is3107/project/.venv/lib/python3.11/site-packages/airflow/example_dags/example_short_circuit_decorator.py
[2025-03-17T20:09:46.449+0800] {processor.py:914} INFO - Processing file /Users/ervinyeoh/Desktop/unimods/is3107/project/.venv/lib/python3.11/site-packages/airflow/example_dags/example_short_circuit_decorator.py for tasks to queue
[2025-03-17T20:09:46.449+0800] {logging_mixin.py:190} INFO - [2025-03-17T20:09:46.449+0800] {dagbag.py:588} INFO - Filling up the DagBag from /Users/ervinyeoh/Desktop/unimods/is3107/project/.venv/lib/python3.11/site-packages/airflow/example_dags/example_short_circuit_decorator.py
[2025-03-17T20:09:46.523+0800] {processor.py:925} INFO - DAG(s) 'example_short_circuit_decorator' retrieved from /Users/ervinyeoh/Desktop/unimods/is3107/project/.venv/lib/python3.11/site-packages/airflow/example_dags/example_short_circuit_decorator.py
[2025-03-17T20:09:46.576+0800] {logging_mixin.py:190} INFO - [2025-03-17T20:09:46.575+0800] {dag.py:3239} INFO - Sync 1 DAGs
[2025-03-17T20:09:46.581+0800] {logging_mixin.py:190} INFO - [2025-03-17T20:09:46.581+0800] {dag.py:4180} INFO - Setting next_dagrun for example_short_circuit_decorator to None, run_after=None
[2025-03-17T20:09:46.591+0800] {processor.py:208} INFO - Processing /Users/ervinyeoh/Desktop/unimods/is3107/project/.venv/lib/python3.11/site-packages/airflow/example_dags/example_short_circuit_decorator.py took 0.145 seconds
[2025-03-17T20:11:19.035+0800] {processor.py:186} INFO - Started process (PID=19192) to work on /Users/ervinyeoh/Desktop/unimods/is3107/project/.venv/lib/python3.11/site-packages/airflow/example_dags/example_short_circuit_decorator.py
[2025-03-17T20:11:19.036+0800] {processor.py:914} INFO - Processing file /Users/ervinyeoh/Desktop/unimods/is3107/project/.venv/lib/python3.11/site-packages/airflow/example_dags/example_short_circuit_decorator.py for tasks to queue
[2025-03-17T20:11:19.036+0800] {logging_mixin.py:190} INFO - [2025-03-17T20:11:19.036+0800] {dagbag.py:588} INFO - Filling up the DagBag from /Users/ervinyeoh/Desktop/unimods/is3107/project/.venv/lib/python3.11/site-packages/airflow/example_dags/example_short_circuit_decorator.py
[2025-03-17T20:11:19.100+0800] {processor.py:925} INFO - DAG(s) 'example_short_circuit_decorator' retrieved from /Users/ervinyeoh/Desktop/unimods/is3107/project/.venv/lib/python3.11/site-packages/airflow/example_dags/example_short_circuit_decorator.py
[2025-03-17T20:11:19.158+0800] {logging_mixin.py:190} INFO - [2025-03-17T20:11:19.158+0800] {dag.py:3239} INFO - Sync 1 DAGs
[2025-03-17T20:11:19.164+0800] {logging_mixin.py:190} INFO - [2025-03-17T20:11:19.164+0800] {dag.py:4180} INFO - Setting next_dagrun for example_short_circuit_decorator to None, run_after=None
[2025-03-17T20:11:19.175+0800] {processor.py:208} INFO - Processing /Users/ervinyeoh/Desktop/unimods/is3107/project/.venv/lib/python3.11/site-packages/airflow/example_dags/example_short_circuit_decorator.py took 0.141 seconds
[2025-03-17T20:11:32.549+0800] {processor.py:186} INFO - Started process (PID=19216) to work on /Users/ervinyeoh/Desktop/unimods/is3107/project/.venv/lib/python3.11/site-packages/airflow/example_dags/example_short_circuit_decorator.py
[2025-03-17T20:11:32.550+0800] {processor.py:914} INFO - Processing file /Users/ervinyeoh/Desktop/unimods/is3107/project/.venv/lib/python3.11/site-packages/airflow/example_dags/example_short_circuit_decorator.py for tasks to queue
[2025-03-17T20:11:32.550+0800] {logging_mixin.py:190} INFO - [2025-03-17T20:11:32.550+0800] {dagbag.py:588} INFO - Filling up the DagBag from /Users/ervinyeoh/Desktop/unimods/is3107/project/.venv/lib/python3.11/site-packages/airflow/example_dags/example_short_circuit_decorator.py
[2025-03-17T20:11:32.603+0800] {processor.py:925} INFO - DAG(s) 'example_short_circuit_decorator' retrieved from /Users/ervinyeoh/Desktop/unimods/is3107/project/.venv/lib/python3.11/site-packages/airflow/example_dags/example_short_circuit_decorator.py
[2025-03-17T20:11:32.656+0800] {logging_mixin.py:190} INFO - [2025-03-17T20:11:32.656+0800] {dag.py:3239} INFO - Sync 1 DAGs
[2025-03-17T20:11:32.662+0800] {logging_mixin.py:190} INFO - [2025-03-17T20:11:32.661+0800] {dag.py:4180} INFO - Setting next_dagrun for example_short_circuit_decorator to None, run_after=None
[2025-03-17T20:11:32.671+0800] {processor.py:208} INFO - Processing /Users/ervinyeoh/Desktop/unimods/is3107/project/.venv/lib/python3.11/site-packages/airflow/example_dags/example_short_circuit_decorator.py took 0.124 seconds
[2025-03-17T20:14:35.396+0800] {processor.py:186} INFO - Started process (PID=19762) to work on /Users/ervinyeoh/Desktop/unimods/is3107/project/.venv/lib/python3.11/site-packages/airflow/example_dags/example_short_circuit_decorator.py
[2025-03-17T20:14:35.397+0800] {processor.py:914} INFO - Processing file /Users/ervinyeoh/Desktop/unimods/is3107/project/.venv/lib/python3.11/site-packages/airflow/example_dags/example_short_circuit_decorator.py for tasks to queue
[2025-03-17T20:14:35.398+0800] {logging_mixin.py:190} INFO - [2025-03-17T20:14:35.398+0800] {dagbag.py:588} INFO - Filling up the DagBag from /Users/ervinyeoh/Desktop/unimods/is3107/project/.venv/lib/python3.11/site-packages/airflow/example_dags/example_short_circuit_decorator.py
[2025-03-17T20:14:35.451+0800] {processor.py:925} INFO - DAG(s) 'example_short_circuit_decorator' retrieved from /Users/ervinyeoh/Desktop/unimods/is3107/project/.venv/lib/python3.11/site-packages/airflow/example_dags/example_short_circuit_decorator.py
[2025-03-17T20:14:35.504+0800] {logging_mixin.py:190} INFO - [2025-03-17T20:14:35.504+0800] {dag.py:3239} INFO - Sync 1 DAGs
[2025-03-17T20:14:35.510+0800] {logging_mixin.py:190} INFO - [2025-03-17T20:14:35.510+0800] {dag.py:4180} INFO - Setting next_dagrun for example_short_circuit_decorator to None, run_after=None
[2025-03-17T20:14:35.520+0800] {processor.py:208} INFO - Processing /Users/ervinyeoh/Desktop/unimods/is3107/project/.venv/lib/python3.11/site-packages/airflow/example_dags/example_short_circuit_decorator.py took 0.125 seconds
[2025-03-17T20:14:39.059+0800] {processor.py:186} INFO - Started process (PID=19771) to work on /Users/ervinyeoh/Desktop/unimods/is3107/project/.venv/lib/python3.11/site-packages/airflow/example_dags/example_short_circuit_decorator.py
[2025-03-17T20:14:39.060+0800] {processor.py:914} INFO - Processing file /Users/ervinyeoh/Desktop/unimods/is3107/project/.venv/lib/python3.11/site-packages/airflow/example_dags/example_short_circuit_decorator.py for tasks to queue
[2025-03-17T20:14:39.061+0800] {logging_mixin.py:190} INFO - [2025-03-17T20:14:39.061+0800] {dagbag.py:588} INFO - Filling up the DagBag from /Users/ervinyeoh/Desktop/unimods/is3107/project/.venv/lib/python3.11/site-packages/airflow/example_dags/example_short_circuit_decorator.py
[2025-03-17T20:14:39.116+0800] {processor.py:925} INFO - DAG(s) 'example_short_circuit_decorator' retrieved from /Users/ervinyeoh/Desktop/unimods/is3107/project/.venv/lib/python3.11/site-packages/airflow/example_dags/example_short_circuit_decorator.py
[2025-03-17T20:14:39.170+0800] {logging_mixin.py:190} INFO - [2025-03-17T20:14:39.170+0800] {dag.py:3239} INFO - Sync 1 DAGs
[2025-03-17T20:14:39.176+0800] {logging_mixin.py:190} INFO - [2025-03-17T20:14:39.176+0800] {dag.py:4180} INFO - Setting next_dagrun for example_short_circuit_decorator to None, run_after=None
[2025-03-17T20:14:39.186+0800] {processor.py:208} INFO - Processing /Users/ervinyeoh/Desktop/unimods/is3107/project/.venv/lib/python3.11/site-packages/airflow/example_dags/example_short_circuit_decorator.py took 0.128 seconds
[2025-03-17T20:16:50.126+0800] {processor.py:186} INFO - Started process (PID=20096) to work on /Users/ervinyeoh/Desktop/unimods/is3107/project/.venv/lib/python3.11/site-packages/airflow/example_dags/example_short_circuit_decorator.py
[2025-03-17T20:16:50.128+0800] {processor.py:914} INFO - Processing file /Users/ervinyeoh/Desktop/unimods/is3107/project/.venv/lib/python3.11/site-packages/airflow/example_dags/example_short_circuit_decorator.py for tasks to queue
[2025-03-17T20:16:50.128+0800] {logging_mixin.py:190} INFO - [2025-03-17T20:16:50.128+0800] {dagbag.py:588} INFO - Filling up the DagBag from /Users/ervinyeoh/Desktop/unimods/is3107/project/.venv/lib/python3.11/site-packages/airflow/example_dags/example_short_circuit_decorator.py
[2025-03-17T20:16:50.179+0800] {processor.py:925} INFO - DAG(s) 'example_short_circuit_decorator' retrieved from /Users/ervinyeoh/Desktop/unimods/is3107/project/.venv/lib/python3.11/site-packages/airflow/example_dags/example_short_circuit_decorator.py
[2025-03-17T20:16:50.233+0800] {logging_mixin.py:190} INFO - [2025-03-17T20:16:50.233+0800] {dag.py:3239} INFO - Sync 1 DAGs
[2025-03-17T20:16:50.238+0800] {logging_mixin.py:190} INFO - [2025-03-17T20:16:50.238+0800] {dag.py:4180} INFO - Setting next_dagrun for example_short_circuit_decorator to None, run_after=None
[2025-03-17T20:16:50.248+0800] {processor.py:208} INFO - Processing /Users/ervinyeoh/Desktop/unimods/is3107/project/.venv/lib/python3.11/site-packages/airflow/example_dags/example_short_circuit_decorator.py took 0.124 seconds
[2025-03-17T20:16:51.734+0800] {processor.py:186} INFO - Started process (PID=20099) to work on /Users/ervinyeoh/Desktop/unimods/is3107/project/.venv/lib/python3.11/site-packages/airflow/example_dags/example_short_circuit_decorator.py
[2025-03-17T20:16:51.734+0800] {processor.py:914} INFO - Processing file /Users/ervinyeoh/Desktop/unimods/is3107/project/.venv/lib/python3.11/site-packages/airflow/example_dags/example_short_circuit_decorator.py for tasks to queue
[2025-03-17T20:16:51.735+0800] {logging_mixin.py:190} INFO - [2025-03-17T20:16:51.735+0800] {dagbag.py:588} INFO - Filling up the DagBag from /Users/ervinyeoh/Desktop/unimods/is3107/project/.venv/lib/python3.11/site-packages/airflow/example_dags/example_short_circuit_decorator.py
[2025-03-17T20:16:51.791+0800] {processor.py:925} INFO - DAG(s) 'example_short_circuit_decorator' retrieved from /Users/ervinyeoh/Desktop/unimods/is3107/project/.venv/lib/python3.11/site-packages/airflow/example_dags/example_short_circuit_decorator.py
[2025-03-17T20:16:51.843+0800] {logging_mixin.py:190} INFO - [2025-03-17T20:16:51.843+0800] {dag.py:3239} INFO - Sync 1 DAGs
[2025-03-17T20:16:51.849+0800] {logging_mixin.py:190} INFO - [2025-03-17T20:16:51.849+0800] {dag.py:4180} INFO - Setting next_dagrun for example_short_circuit_decorator to None, run_after=None
[2025-03-17T20:16:51.859+0800] {processor.py:208} INFO - Processing /Users/ervinyeoh/Desktop/unimods/is3107/project/.venv/lib/python3.11/site-packages/airflow/example_dags/example_short_circuit_decorator.py took 0.127 seconds
[2025-03-17T20:19:04.216+0800] {processor.py:186} INFO - Started process (PID=20464) to work on /Users/ervinyeoh/Desktop/unimods/is3107/project/.venv/lib/python3.11/site-packages/airflow/example_dags/example_short_circuit_decorator.py
[2025-03-17T20:19:04.217+0800] {processor.py:914} INFO - Processing file /Users/ervinyeoh/Desktop/unimods/is3107/project/.venv/lib/python3.11/site-packages/airflow/example_dags/example_short_circuit_decorator.py for tasks to queue
[2025-03-17T20:19:04.218+0800] {logging_mixin.py:190} INFO - [2025-03-17T20:19:04.218+0800] {dagbag.py:588} INFO - Filling up the DagBag from /Users/ervinyeoh/Desktop/unimods/is3107/project/.venv/lib/python3.11/site-packages/airflow/example_dags/example_short_circuit_decorator.py
[2025-03-17T20:19:04.284+0800] {processor.py:925} INFO - DAG(s) 'example_short_circuit_decorator' retrieved from /Users/ervinyeoh/Desktop/unimods/is3107/project/.venv/lib/python3.11/site-packages/airflow/example_dags/example_short_circuit_decorator.py
[2025-03-17T20:19:04.339+0800] {logging_mixin.py:190} INFO - [2025-03-17T20:19:04.339+0800] {dag.py:3239} INFO - Sync 1 DAGs
[2025-03-17T20:19:04.345+0800] {logging_mixin.py:190} INFO - [2025-03-17T20:19:04.345+0800] {dag.py:4180} INFO - Setting next_dagrun for example_short_circuit_decorator to None, run_after=None
[2025-03-17T20:19:04.356+0800] {processor.py:208} INFO - Processing /Users/ervinyeoh/Desktop/unimods/is3107/project/.venv/lib/python3.11/site-packages/airflow/example_dags/example_short_circuit_decorator.py took 0.142 seconds
[2025-03-17T20:19:22.704+0800] {processor.py:186} INFO - Started process (PID=20518) to work on /Users/ervinyeoh/Desktop/unimods/is3107/project/.venv/lib/python3.11/site-packages/airflow/example_dags/example_short_circuit_decorator.py
[2025-03-17T20:19:22.704+0800] {processor.py:914} INFO - Processing file /Users/ervinyeoh/Desktop/unimods/is3107/project/.venv/lib/python3.11/site-packages/airflow/example_dags/example_short_circuit_decorator.py for tasks to queue
[2025-03-17T20:19:22.705+0800] {logging_mixin.py:190} INFO - [2025-03-17T20:19:22.705+0800] {dagbag.py:588} INFO - Filling up the DagBag from /Users/ervinyeoh/Desktop/unimods/is3107/project/.venv/lib/python3.11/site-packages/airflow/example_dags/example_short_circuit_decorator.py
[2025-03-17T20:19:22.761+0800] {processor.py:925} INFO - DAG(s) 'example_short_circuit_decorator' retrieved from /Users/ervinyeoh/Desktop/unimods/is3107/project/.venv/lib/python3.11/site-packages/airflow/example_dags/example_short_circuit_decorator.py
[2025-03-17T20:19:22.814+0800] {logging_mixin.py:190} INFO - [2025-03-17T20:19:22.813+0800] {dag.py:3239} INFO - Sync 1 DAGs
[2025-03-17T20:19:22.819+0800] {logging_mixin.py:190} INFO - [2025-03-17T20:19:22.819+0800] {dag.py:4180} INFO - Setting next_dagrun for example_short_circuit_decorator to None, run_after=None
[2025-03-17T20:19:22.830+0800] {processor.py:208} INFO - Processing /Users/ervinyeoh/Desktop/unimods/is3107/project/.venv/lib/python3.11/site-packages/airflow/example_dags/example_short_circuit_decorator.py took 0.128 seconds
[2025-03-17T20:20:46.667+0800] {processor.py:186} INFO - Started process (PID=20723) to work on /Users/ervinyeoh/Desktop/unimods/is3107/project/.venv/lib/python3.11/site-packages/airflow/example_dags/example_short_circuit_decorator.py
[2025-03-17T20:20:46.667+0800] {processor.py:914} INFO - Processing file /Users/ervinyeoh/Desktop/unimods/is3107/project/.venv/lib/python3.11/site-packages/airflow/example_dags/example_short_circuit_decorator.py for tasks to queue
[2025-03-17T20:20:46.668+0800] {logging_mixin.py:190} INFO - [2025-03-17T20:20:46.668+0800] {dagbag.py:588} INFO - Filling up the DagBag from /Users/ervinyeoh/Desktop/unimods/is3107/project/.venv/lib/python3.11/site-packages/airflow/example_dags/example_short_circuit_decorator.py
[2025-03-17T20:20:46.724+0800] {processor.py:925} INFO - DAG(s) 'example_short_circuit_decorator' retrieved from /Users/ervinyeoh/Desktop/unimods/is3107/project/.venv/lib/python3.11/site-packages/airflow/example_dags/example_short_circuit_decorator.py
[2025-03-17T20:20:46.778+0800] {logging_mixin.py:190} INFO - [2025-03-17T20:20:46.778+0800] {dag.py:3239} INFO - Sync 1 DAGs
[2025-03-17T20:20:46.784+0800] {logging_mixin.py:190} INFO - [2025-03-17T20:20:46.784+0800] {dag.py:4180} INFO - Setting next_dagrun for example_short_circuit_decorator to None, run_after=None
[2025-03-17T20:20:46.794+0800] {processor.py:208} INFO - Processing /Users/ervinyeoh/Desktop/unimods/is3107/project/.venv/lib/python3.11/site-packages/airflow/example_dags/example_short_circuit_decorator.py took 0.129 seconds
[2025-03-17T20:21:32.287+0800] {processor.py:186} INFO - Started process (PID=20810) to work on /Users/ervinyeoh/Desktop/unimods/is3107/project/.venv/lib/python3.11/site-packages/airflow/example_dags/example_short_circuit_decorator.py
[2025-03-17T20:21:32.288+0800] {processor.py:914} INFO - Processing file /Users/ervinyeoh/Desktop/unimods/is3107/project/.venv/lib/python3.11/site-packages/airflow/example_dags/example_short_circuit_decorator.py for tasks to queue
[2025-03-17T20:21:32.288+0800] {logging_mixin.py:190} INFO - [2025-03-17T20:21:32.288+0800] {dagbag.py:588} INFO - Filling up the DagBag from /Users/ervinyeoh/Desktop/unimods/is3107/project/.venv/lib/python3.11/site-packages/airflow/example_dags/example_short_circuit_decorator.py
[2025-03-17T20:21:32.366+0800] {processor.py:925} INFO - DAG(s) 'example_short_circuit_decorator' retrieved from /Users/ervinyeoh/Desktop/unimods/is3107/project/.venv/lib/python3.11/site-packages/airflow/example_dags/example_short_circuit_decorator.py
[2025-03-17T20:21:32.431+0800] {logging_mixin.py:190} INFO - [2025-03-17T20:21:32.430+0800] {dag.py:3239} INFO - Sync 1 DAGs
[2025-03-17T20:21:32.437+0800] {logging_mixin.py:190} INFO - [2025-03-17T20:21:32.437+0800] {dag.py:4180} INFO - Setting next_dagrun for example_short_circuit_decorator to None, run_after=None
[2025-03-17T20:21:32.450+0800] {processor.py:208} INFO - Processing /Users/ervinyeoh/Desktop/unimods/is3107/project/.venv/lib/python3.11/site-packages/airflow/example_dags/example_short_circuit_decorator.py took 0.165 seconds
[2025-03-17T20:22:28.944+0800] {processor.py:186} INFO - Started process (PID=20951) to work on /Users/ervinyeoh/Desktop/unimods/is3107/project/.venv/lib/python3.11/site-packages/airflow/example_dags/example_short_circuit_decorator.py
[2025-03-17T20:22:28.945+0800] {processor.py:914} INFO - Processing file /Users/ervinyeoh/Desktop/unimods/is3107/project/.venv/lib/python3.11/site-packages/airflow/example_dags/example_short_circuit_decorator.py for tasks to queue
[2025-03-17T20:22:28.945+0800] {logging_mixin.py:190} INFO - [2025-03-17T20:22:28.945+0800] {dagbag.py:588} INFO - Filling up the DagBag from /Users/ervinyeoh/Desktop/unimods/is3107/project/.venv/lib/python3.11/site-packages/airflow/example_dags/example_short_circuit_decorator.py
[2025-03-17T20:22:29.008+0800] {processor.py:925} INFO - DAG(s) 'example_short_circuit_decorator' retrieved from /Users/ervinyeoh/Desktop/unimods/is3107/project/.venv/lib/python3.11/site-packages/airflow/example_dags/example_short_circuit_decorator.py
[2025-03-17T20:22:29.064+0800] {logging_mixin.py:190} INFO - [2025-03-17T20:22:29.063+0800] {dag.py:3239} INFO - Sync 1 DAGs
[2025-03-17T20:22:29.070+0800] {logging_mixin.py:190} INFO - [2025-03-17T20:22:29.069+0800] {dag.py:4180} INFO - Setting next_dagrun for example_short_circuit_decorator to None, run_after=None
[2025-03-17T20:22:29.080+0800] {processor.py:208} INFO - Processing /Users/ervinyeoh/Desktop/unimods/is3107/project/.venv/lib/python3.11/site-packages/airflow/example_dags/example_short_circuit_decorator.py took 0.138 seconds
[2025-03-17T20:23:08.629+0800] {processor.py:186} INFO - Started process (PID=21027) to work on /Users/ervinyeoh/Desktop/unimods/is3107/project/.venv/lib/python3.11/site-packages/airflow/example_dags/example_short_circuit_decorator.py
[2025-03-17T20:23:08.629+0800] {processor.py:914} INFO - Processing file /Users/ervinyeoh/Desktop/unimods/is3107/project/.venv/lib/python3.11/site-packages/airflow/example_dags/example_short_circuit_decorator.py for tasks to queue
[2025-03-17T20:23:08.630+0800] {logging_mixin.py:190} INFO - [2025-03-17T20:23:08.630+0800] {dagbag.py:588} INFO - Filling up the DagBag from /Users/ervinyeoh/Desktop/unimods/is3107/project/.venv/lib/python3.11/site-packages/airflow/example_dags/example_short_circuit_decorator.py
[2025-03-17T20:23:08.682+0800] {processor.py:925} INFO - DAG(s) 'example_short_circuit_decorator' retrieved from /Users/ervinyeoh/Desktop/unimods/is3107/project/.venv/lib/python3.11/site-packages/airflow/example_dags/example_short_circuit_decorator.py
[2025-03-17T20:23:08.735+0800] {logging_mixin.py:190} INFO - [2025-03-17T20:23:08.734+0800] {dag.py:3239} INFO - Sync 1 DAGs
[2025-03-17T20:23:08.740+0800] {logging_mixin.py:190} INFO - [2025-03-17T20:23:08.740+0800] {dag.py:4180} INFO - Setting next_dagrun for example_short_circuit_decorator to None, run_after=None
[2025-03-17T20:23:08.750+0800] {processor.py:208} INFO - Processing /Users/ervinyeoh/Desktop/unimods/is3107/project/.venv/lib/python3.11/site-packages/airflow/example_dags/example_short_circuit_decorator.py took 0.123 seconds
[2025-03-17T20:24:11.481+0800] {processor.py:186} INFO - Started process (PID=21180) to work on /Users/ervinyeoh/Desktop/unimods/is3107/project/.venv/lib/python3.11/site-packages/airflow/example_dags/example_short_circuit_decorator.py
[2025-03-17T20:24:11.482+0800] {processor.py:914} INFO - Processing file /Users/ervinyeoh/Desktop/unimods/is3107/project/.venv/lib/python3.11/site-packages/airflow/example_dags/example_short_circuit_decorator.py for tasks to queue
[2025-03-17T20:24:11.482+0800] {logging_mixin.py:190} INFO - [2025-03-17T20:24:11.482+0800] {dagbag.py:588} INFO - Filling up the DagBag from /Users/ervinyeoh/Desktop/unimods/is3107/project/.venv/lib/python3.11/site-packages/airflow/example_dags/example_short_circuit_decorator.py
[2025-03-17T20:24:11.534+0800] {processor.py:925} INFO - DAG(s) 'example_short_circuit_decorator' retrieved from /Users/ervinyeoh/Desktop/unimods/is3107/project/.venv/lib/python3.11/site-packages/airflow/example_dags/example_short_circuit_decorator.py
[2025-03-17T20:24:11.588+0800] {logging_mixin.py:190} INFO - [2025-03-17T20:24:11.587+0800] {dag.py:3239} INFO - Sync 1 DAGs
[2025-03-17T20:24:11.594+0800] {logging_mixin.py:190} INFO - [2025-03-17T20:24:11.593+0800] {dag.py:4180} INFO - Setting next_dagrun for example_short_circuit_decorator to None, run_after=None
[2025-03-17T20:24:11.603+0800] {processor.py:208} INFO - Processing /Users/ervinyeoh/Desktop/unimods/is3107/project/.venv/lib/python3.11/site-packages/airflow/example_dags/example_short_circuit_decorator.py took 0.124 seconds
[2025-03-17T20:24:49.025+0800] {processor.py:186} INFO - Started process (PID=21254) to work on /Users/ervinyeoh/Desktop/unimods/is3107/project/.venv/lib/python3.11/site-packages/airflow/example_dags/example_short_circuit_decorator.py
[2025-03-17T20:24:49.026+0800] {processor.py:914} INFO - Processing file /Users/ervinyeoh/Desktop/unimods/is3107/project/.venv/lib/python3.11/site-packages/airflow/example_dags/example_short_circuit_decorator.py for tasks to queue
[2025-03-17T20:24:49.027+0800] {logging_mixin.py:190} INFO - [2025-03-17T20:24:49.027+0800] {dagbag.py:588} INFO - Filling up the DagBag from /Users/ervinyeoh/Desktop/unimods/is3107/project/.venv/lib/python3.11/site-packages/airflow/example_dags/example_short_circuit_decorator.py
[2025-03-17T20:24:49.082+0800] {processor.py:925} INFO - DAG(s) 'example_short_circuit_decorator' retrieved from /Users/ervinyeoh/Desktop/unimods/is3107/project/.venv/lib/python3.11/site-packages/airflow/example_dags/example_short_circuit_decorator.py
[2025-03-17T20:24:49.135+0800] {logging_mixin.py:190} INFO - [2025-03-17T20:24:49.135+0800] {dag.py:3239} INFO - Sync 1 DAGs
[2025-03-17T20:24:49.141+0800] {logging_mixin.py:190} INFO - [2025-03-17T20:24:49.141+0800] {dag.py:4180} INFO - Setting next_dagrun for example_short_circuit_decorator to None, run_after=None
[2025-03-17T20:24:49.151+0800] {processor.py:208} INFO - Processing /Users/ervinyeoh/Desktop/unimods/is3107/project/.venv/lib/python3.11/site-packages/airflow/example_dags/example_short_circuit_decorator.py took 0.127 seconds
