[2025-03-17T17:07:54.133+0800] {processor.py:186} INFO - Started process (PID=12861) to work on /Users/ervinyeoh/Desktop/unimods/is3107/project/.venv/lib/python3.11/site-packages/airflow/example_dags/example_branch_labels.py
[2025-03-17T17:07:54.134+0800] {processor.py:914} INFO - Processing file /Users/ervinyeoh/Desktop/unimods/is3107/project/.venv/lib/python3.11/site-packages/airflow/example_dags/example_branch_labels.py for tasks to queue
[2025-03-17T17:07:54.134+0800] {logging_mixin.py:190} INFO - [2025-03-17T17:07:54.134+0800] {dagbag.py:588} INFO - Filling up the DagBag from /Users/ervinyeoh/Desktop/unimods/is3107/project/.venv/lib/python3.11/site-packages/airflow/example_dags/example_branch_labels.py
[2025-03-17T17:07:54.141+0800] {processor.py:925} INFO - DAG(s) 'example_branch_labels' retrieved from /Users/ervinyeoh/Desktop/unimods/is3107/project/.venv/lib/python3.11/site-packages/airflow/example_dags/example_branch_labels.py
[2025-03-17T17:07:54.231+0800] {logging_mixin.py:190} INFO - [2025-03-17T17:07:54.231+0800] {dag.py:3239} INFO - Sync 1 DAGs
[2025-03-17T17:07:54.242+0800] {logging_mixin.py:190} INFO - [2025-03-17T17:07:54.242+0800] {dag.py:4180} INFO - Setting next_dagrun for example_branch_labels to 2025-03-16 00:00:00+00:00, run_after=2025-03-17 00:00:00+00:00
[2025-03-17T17:07:54.252+0800] {processor.py:208} INFO - Processing /Users/ervinyeoh/Desktop/unimods/is3107/project/.venv/lib/python3.11/site-packages/airflow/example_dags/example_branch_labels.py took 0.120 seconds
[2025-03-17T17:11:16.629+0800] {processor.py:186} INFO - Started process (PID=13253) to work on /Users/ervinyeoh/Desktop/unimods/is3107/project/.venv/lib/python3.11/site-packages/airflow/example_dags/example_branch_labels.py
[2025-03-17T17:11:16.630+0800] {processor.py:914} INFO - Processing file /Users/ervinyeoh/Desktop/unimods/is3107/project/.venv/lib/python3.11/site-packages/airflow/example_dags/example_branch_labels.py for tasks to queue
[2025-03-17T17:11:16.630+0800] {logging_mixin.py:190} INFO - [2025-03-17T17:11:16.630+0800] {dagbag.py:588} INFO - Filling up the DagBag from /Users/ervinyeoh/Desktop/unimods/is3107/project/.venv/lib/python3.11/site-packages/airflow/example_dags/example_branch_labels.py
[2025-03-17T17:11:16.636+0800] {processor.py:925} INFO - DAG(s) 'example_branch_labels' retrieved from /Users/ervinyeoh/Desktop/unimods/is3107/project/.venv/lib/python3.11/site-packages/airflow/example_dags/example_branch_labels.py
[2025-03-17T17:11:16.725+0800] {logging_mixin.py:190} INFO - [2025-03-17T17:11:16.725+0800] {dag.py:3239} INFO - Sync 1 DAGs
[2025-03-17T17:11:16.735+0800] {logging_mixin.py:190} INFO - [2025-03-17T17:11:16.735+0800] {dag.py:4180} INFO - Setting next_dagrun for example_branch_labels to 2025-03-16 00:00:00+00:00, run_after=2025-03-17 00:00:00+00:00
[2025-03-17T17:11:16.746+0800] {processor.py:208} INFO - Processing /Users/ervinyeoh/Desktop/unimods/is3107/project/.venv/lib/python3.11/site-packages/airflow/example_dags/example_branch_labels.py took 0.119 seconds
[2025-03-17T17:14:34.011+0800] {processor.py:186} INFO - Started process (PID=13523) to work on /Users/ervinyeoh/Desktop/unimods/is3107/project/.venv/lib/python3.11/site-packages/airflow/example_dags/example_branch_labels.py
[2025-03-17T17:14:34.012+0800] {processor.py:914} INFO - Processing file /Users/ervinyeoh/Desktop/unimods/is3107/project/.venv/lib/python3.11/site-packages/airflow/example_dags/example_branch_labels.py for tasks to queue
[2025-03-17T17:14:34.013+0800] {logging_mixin.py:190} INFO - [2025-03-17T17:14:34.012+0800] {dagbag.py:588} INFO - Filling up the DagBag from /Users/ervinyeoh/Desktop/unimods/is3107/project/.venv/lib/python3.11/site-packages/airflow/example_dags/example_branch_labels.py
[2025-03-17T17:14:34.018+0800] {processor.py:925} INFO - DAG(s) 'example_branch_labels' retrieved from /Users/ervinyeoh/Desktop/unimods/is3107/project/.venv/lib/python3.11/site-packages/airflow/example_dags/example_branch_labels.py
[2025-03-17T17:14:34.108+0800] {logging_mixin.py:190} INFO - [2025-03-17T17:14:34.108+0800] {dag.py:3239} INFO - Sync 1 DAGs
[2025-03-17T17:14:34.120+0800] {logging_mixin.py:190} INFO - [2025-03-17T17:14:34.119+0800] {dag.py:4180} INFO - Setting next_dagrun for example_branch_labels to 2025-03-16 00:00:00+00:00, run_after=2025-03-17 00:00:00+00:00
[2025-03-17T17:14:34.130+0800] {processor.py:208} INFO - Processing /Users/ervinyeoh/Desktop/unimods/is3107/project/.venv/lib/python3.11/site-packages/airflow/example_dags/example_branch_labels.py took 0.121 seconds
[2025-03-17T17:17:51.820+0800] {processor.py:186} INFO - Started process (PID=13822) to work on /Users/ervinyeoh/Desktop/unimods/is3107/project/.venv/lib/python3.11/site-packages/airflow/example_dags/example_branch_labels.py
[2025-03-17T17:17:51.821+0800] {processor.py:914} INFO - Processing file /Users/ervinyeoh/Desktop/unimods/is3107/project/.venv/lib/python3.11/site-packages/airflow/example_dags/example_branch_labels.py for tasks to queue
[2025-03-17T17:17:51.822+0800] {logging_mixin.py:190} INFO - [2025-03-17T17:17:51.822+0800] {dagbag.py:588} INFO - Filling up the DagBag from /Users/ervinyeoh/Desktop/unimods/is3107/project/.venv/lib/python3.11/site-packages/airflow/example_dags/example_branch_labels.py
[2025-03-17T17:17:51.828+0800] {processor.py:925} INFO - DAG(s) 'example_branch_labels' retrieved from /Users/ervinyeoh/Desktop/unimods/is3107/project/.venv/lib/python3.11/site-packages/airflow/example_dags/example_branch_labels.py
[2025-03-17T17:17:51.922+0800] {logging_mixin.py:190} INFO - [2025-03-17T17:17:51.921+0800] {dag.py:3239} INFO - Sync 1 DAGs
[2025-03-17T17:17:51.933+0800] {logging_mixin.py:190} INFO - [2025-03-17T17:17:51.933+0800] {dag.py:4180} INFO - Setting next_dagrun for example_branch_labels to 2025-03-16 00:00:00+00:00, run_after=2025-03-17 00:00:00+00:00
[2025-03-17T17:17:51.943+0800] {processor.py:208} INFO - Processing /Users/ervinyeoh/Desktop/unimods/is3107/project/.venv/lib/python3.11/site-packages/airflow/example_dags/example_branch_labels.py took 0.125 seconds
[2025-03-17T17:21:05.883+0800] {processor.py:186} INFO - Started process (PID=14065) to work on /Users/ervinyeoh/Desktop/unimods/is3107/project/.venv/lib/python3.11/site-packages/airflow/example_dags/example_branch_labels.py
[2025-03-17T17:21:05.884+0800] {processor.py:914} INFO - Processing file /Users/ervinyeoh/Desktop/unimods/is3107/project/.venv/lib/python3.11/site-packages/airflow/example_dags/example_branch_labels.py for tasks to queue
[2025-03-17T17:21:05.885+0800] {logging_mixin.py:190} INFO - [2025-03-17T17:21:05.885+0800] {dagbag.py:588} INFO - Filling up the DagBag from /Users/ervinyeoh/Desktop/unimods/is3107/project/.venv/lib/python3.11/site-packages/airflow/example_dags/example_branch_labels.py
[2025-03-17T17:21:05.890+0800] {processor.py:925} INFO - DAG(s) 'example_branch_labels' retrieved from /Users/ervinyeoh/Desktop/unimods/is3107/project/.venv/lib/python3.11/site-packages/airflow/example_dags/example_branch_labels.py
[2025-03-17T17:21:05.972+0800] {logging_mixin.py:190} INFO - [2025-03-17T17:21:05.972+0800] {dag.py:3239} INFO - Sync 1 DAGs
[2025-03-17T17:21:05.982+0800] {logging_mixin.py:190} INFO - [2025-03-17T17:21:05.982+0800] {dag.py:4180} INFO - Setting next_dagrun for example_branch_labels to 2025-03-16 00:00:00+00:00, run_after=2025-03-17 00:00:00+00:00
[2025-03-17T17:21:05.992+0800] {processor.py:208} INFO - Processing /Users/ervinyeoh/Desktop/unimods/is3107/project/.venv/lib/python3.11/site-packages/airflow/example_dags/example_branch_labels.py took 0.111 seconds
[2025-03-17T17:24:23.825+0800] {processor.py:186} INFO - Started process (PID=14300) to work on /Users/ervinyeoh/Desktop/unimods/is3107/project/.venv/lib/python3.11/site-packages/airflow/example_dags/example_branch_labels.py
[2025-03-17T17:24:23.827+0800] {processor.py:914} INFO - Processing file /Users/ervinyeoh/Desktop/unimods/is3107/project/.venv/lib/python3.11/site-packages/airflow/example_dags/example_branch_labels.py for tasks to queue
[2025-03-17T17:24:23.827+0800] {logging_mixin.py:190} INFO - [2025-03-17T17:24:23.827+0800] {dagbag.py:588} INFO - Filling up the DagBag from /Users/ervinyeoh/Desktop/unimods/is3107/project/.venv/lib/python3.11/site-packages/airflow/example_dags/example_branch_labels.py
[2025-03-17T17:24:23.833+0800] {processor.py:925} INFO - DAG(s) 'example_branch_labels' retrieved from /Users/ervinyeoh/Desktop/unimods/is3107/project/.venv/lib/python3.11/site-packages/airflow/example_dags/example_branch_labels.py
[2025-03-17T17:24:23.922+0800] {logging_mixin.py:190} INFO - [2025-03-17T17:24:23.922+0800] {dag.py:3239} INFO - Sync 1 DAGs
[2025-03-17T17:24:23.933+0800] {logging_mixin.py:190} INFO - [2025-03-17T17:24:23.933+0800] {dag.py:4180} INFO - Setting next_dagrun for example_branch_labels to 2025-03-16 00:00:00+00:00, run_after=2025-03-17 00:00:00+00:00
[2025-03-17T17:24:23.943+0800] {processor.py:208} INFO - Processing /Users/ervinyeoh/Desktop/unimods/is3107/project/.venv/lib/python3.11/site-packages/airflow/example_dags/example_branch_labels.py took 0.120 seconds
[2025-03-17T19:40:02.319+0800] {processor.py:186} INFO - Started process (PID=14913) to work on /Users/ervinyeoh/Desktop/unimods/is3107/project/.venv/lib/python3.11/site-packages/airflow/example_dags/example_branch_labels.py
[2025-03-17T19:40:02.320+0800] {processor.py:914} INFO - Processing file /Users/ervinyeoh/Desktop/unimods/is3107/project/.venv/lib/python3.11/site-packages/airflow/example_dags/example_branch_labels.py for tasks to queue
[2025-03-17T19:40:02.321+0800] {logging_mixin.py:190} INFO - [2025-03-17T19:40:02.320+0800] {dagbag.py:588} INFO - Filling up the DagBag from /Users/ervinyeoh/Desktop/unimods/is3107/project/.venv/lib/python3.11/site-packages/airflow/example_dags/example_branch_labels.py
[2025-03-17T19:40:02.326+0800] {processor.py:925} INFO - DAG(s) 'example_branch_labels' retrieved from /Users/ervinyeoh/Desktop/unimods/is3107/project/.venv/lib/python3.11/site-packages/airflow/example_dags/example_branch_labels.py
[2025-03-17T19:40:02.409+0800] {logging_mixin.py:190} INFO - [2025-03-17T19:40:02.409+0800] {dag.py:3239} INFO - Sync 1 DAGs
[2025-03-17T19:40:02.419+0800] {logging_mixin.py:190} INFO - [2025-03-17T19:40:02.419+0800] {dag.py:4180} INFO - Setting next_dagrun for example_branch_labels to 2025-03-16 00:00:00+00:00, run_after=2025-03-17 00:00:00+00:00
[2025-03-17T19:40:02.430+0800] {processor.py:208} INFO - Processing /Users/ervinyeoh/Desktop/unimods/is3107/project/.venv/lib/python3.11/site-packages/airflow/example_dags/example_branch_labels.py took 0.112 seconds
[2025-03-17T19:42:12.741+0800] {processor.py:186} INFO - Started process (PID=15221) to work on /Users/ervinyeoh/Desktop/unimods/is3107/project/.venv/lib/python3.11/site-packages/airflow/example_dags/example_branch_labels.py
[2025-03-17T19:42:12.742+0800] {processor.py:914} INFO - Processing file /Users/ervinyeoh/Desktop/unimods/is3107/project/.venv/lib/python3.11/site-packages/airflow/example_dags/example_branch_labels.py for tasks to queue
[2025-03-17T19:42:12.743+0800] {logging_mixin.py:190} INFO - [2025-03-17T19:42:12.743+0800] {dagbag.py:588} INFO - Filling up the DagBag from /Users/ervinyeoh/Desktop/unimods/is3107/project/.venv/lib/python3.11/site-packages/airflow/example_dags/example_branch_labels.py
[2025-03-17T19:42:12.749+0800] {processor.py:925} INFO - DAG(s) 'example_branch_labels' retrieved from /Users/ervinyeoh/Desktop/unimods/is3107/project/.venv/lib/python3.11/site-packages/airflow/example_dags/example_branch_labels.py
[2025-03-17T19:42:12.834+0800] {logging_mixin.py:190} INFO - [2025-03-17T19:42:12.834+0800] {dag.py:3239} INFO - Sync 1 DAGs
[2025-03-17T19:42:12.846+0800] {logging_mixin.py:190} INFO - [2025-03-17T19:42:12.846+0800] {dag.py:4180} INFO - Setting next_dagrun for example_branch_labels to 2025-03-16 00:00:00+00:00, run_after=2025-03-17 00:00:00+00:00
[2025-03-17T19:42:12.856+0800] {processor.py:208} INFO - Processing /Users/ervinyeoh/Desktop/unimods/is3107/project/.venv/lib/python3.11/site-packages/airflow/example_dags/example_branch_labels.py took 0.116 seconds
[2025-03-17T19:44:59.908+0800] {processor.py:186} INFO - Started process (PID=15578) to work on /Users/ervinyeoh/Desktop/unimods/is3107/project/.venv/lib/python3.11/site-packages/airflow/example_dags/example_branch_labels.py
[2025-03-17T19:44:59.910+0800] {processor.py:914} INFO - Processing file /Users/ervinyeoh/Desktop/unimods/is3107/project/.venv/lib/python3.11/site-packages/airflow/example_dags/example_branch_labels.py for tasks to queue
[2025-03-17T19:44:59.910+0800] {logging_mixin.py:190} INFO - [2025-03-17T19:44:59.910+0800] {dagbag.py:588} INFO - Filling up the DagBag from /Users/ervinyeoh/Desktop/unimods/is3107/project/.venv/lib/python3.11/site-packages/airflow/example_dags/example_branch_labels.py
[2025-03-17T19:44:59.916+0800] {processor.py:925} INFO - DAG(s) 'example_branch_labels' retrieved from /Users/ervinyeoh/Desktop/unimods/is3107/project/.venv/lib/python3.11/site-packages/airflow/example_dags/example_branch_labels.py
[2025-03-17T19:44:59.997+0800] {logging_mixin.py:190} INFO - [2025-03-17T19:44:59.997+0800] {dag.py:3239} INFO - Sync 1 DAGs
[2025-03-17T19:45:00.008+0800] {logging_mixin.py:190} INFO - [2025-03-17T19:45:00.008+0800] {dag.py:4180} INFO - Setting next_dagrun for example_branch_labels to 2025-03-16 00:00:00+00:00, run_after=2025-03-17 00:00:00+00:00
[2025-03-17T19:45:00.017+0800] {processor.py:208} INFO - Processing /Users/ervinyeoh/Desktop/unimods/is3107/project/.venv/lib/python3.11/site-packages/airflow/example_dags/example_branch_labels.py took 0.111 seconds
[2025-03-17T19:46:03.362+0800] {processor.py:186} INFO - Started process (PID=15755) to work on /Users/ervinyeoh/Desktop/unimods/is3107/project/.venv/lib/python3.11/site-packages/airflow/example_dags/example_branch_labels.py
[2025-03-17T19:46:03.364+0800] {processor.py:914} INFO - Processing file /Users/ervinyeoh/Desktop/unimods/is3107/project/.venv/lib/python3.11/site-packages/airflow/example_dags/example_branch_labels.py for tasks to queue
[2025-03-17T19:46:03.364+0800] {logging_mixin.py:190} INFO - [2025-03-17T19:46:03.364+0800] {dagbag.py:588} INFO - Filling up the DagBag from /Users/ervinyeoh/Desktop/unimods/is3107/project/.venv/lib/python3.11/site-packages/airflow/example_dags/example_branch_labels.py
[2025-03-17T19:46:03.370+0800] {processor.py:925} INFO - DAG(s) 'example_branch_labels' retrieved from /Users/ervinyeoh/Desktop/unimods/is3107/project/.venv/lib/python3.11/site-packages/airflow/example_dags/example_branch_labels.py
[2025-03-17T19:46:03.465+0800] {logging_mixin.py:190} INFO - [2025-03-17T19:46:03.465+0800] {dag.py:3239} INFO - Sync 1 DAGs
[2025-03-17T19:46:03.477+0800] {logging_mixin.py:190} INFO - [2025-03-17T19:46:03.477+0800] {dag.py:4180} INFO - Setting next_dagrun for example_branch_labels to 2025-03-16 00:00:00+00:00, run_after=2025-03-17 00:00:00+00:00
[2025-03-17T19:46:03.490+0800] {processor.py:208} INFO - Processing /Users/ervinyeoh/Desktop/unimods/is3107/project/.venv/lib/python3.11/site-packages/airflow/example_dags/example_branch_labels.py took 0.130 seconds
[2025-03-17T19:48:23.129+0800] {processor.py:186} INFO - Started process (PID=16034) to work on /Users/ervinyeoh/Desktop/unimods/is3107/project/.venv/lib/python3.11/site-packages/airflow/example_dags/example_branch_labels.py
[2025-03-17T19:48:23.131+0800] {processor.py:914} INFO - Processing file /Users/ervinyeoh/Desktop/unimods/is3107/project/.venv/lib/python3.11/site-packages/airflow/example_dags/example_branch_labels.py for tasks to queue
[2025-03-17T19:48:23.131+0800] {logging_mixin.py:190} INFO - [2025-03-17T19:48:23.131+0800] {dagbag.py:588} INFO - Filling up the DagBag from /Users/ervinyeoh/Desktop/unimods/is3107/project/.venv/lib/python3.11/site-packages/airflow/example_dags/example_branch_labels.py
[2025-03-17T19:48:23.137+0800] {processor.py:925} INFO - DAG(s) 'example_branch_labels' retrieved from /Users/ervinyeoh/Desktop/unimods/is3107/project/.venv/lib/python3.11/site-packages/airflow/example_dags/example_branch_labels.py
[2025-03-17T19:48:23.221+0800] {logging_mixin.py:190} INFO - [2025-03-17T19:48:23.221+0800] {dag.py:3239} INFO - Sync 1 DAGs
[2025-03-17T19:48:23.232+0800] {logging_mixin.py:190} INFO - [2025-03-17T19:48:23.232+0800] {dag.py:4180} INFO - Setting next_dagrun for example_branch_labels to 2025-03-16 00:00:00+00:00, run_after=2025-03-17 00:00:00+00:00
[2025-03-17T19:48:23.241+0800] {processor.py:208} INFO - Processing /Users/ervinyeoh/Desktop/unimods/is3107/project/.venv/lib/python3.11/site-packages/airflow/example_dags/example_branch_labels.py took 0.114 seconds
[2025-03-17T19:49:30.180+0800] {processor.py:186} INFO - Started process (PID=16165) to work on /Users/ervinyeoh/Desktop/unimods/is3107/project/.venv/lib/python3.11/site-packages/airflow/example_dags/example_branch_labels.py
[2025-03-17T19:49:30.181+0800] {processor.py:914} INFO - Processing file /Users/ervinyeoh/Desktop/unimods/is3107/project/.venv/lib/python3.11/site-packages/airflow/example_dags/example_branch_labels.py for tasks to queue
[2025-03-17T19:49:30.182+0800] {logging_mixin.py:190} INFO - [2025-03-17T19:49:30.182+0800] {dagbag.py:588} INFO - Filling up the DagBag from /Users/ervinyeoh/Desktop/unimods/is3107/project/.venv/lib/python3.11/site-packages/airflow/example_dags/example_branch_labels.py
[2025-03-17T19:49:30.187+0800] {processor.py:925} INFO - DAG(s) 'example_branch_labels' retrieved from /Users/ervinyeoh/Desktop/unimods/is3107/project/.venv/lib/python3.11/site-packages/airflow/example_dags/example_branch_labels.py
[2025-03-17T19:49:30.270+0800] {logging_mixin.py:190} INFO - [2025-03-17T19:49:30.270+0800] {dag.py:3239} INFO - Sync 1 DAGs
[2025-03-17T19:49:30.281+0800] {logging_mixin.py:190} INFO - [2025-03-17T19:49:30.281+0800] {dag.py:4180} INFO - Setting next_dagrun for example_branch_labels to 2025-03-16 00:00:00+00:00, run_after=2025-03-17 00:00:00+00:00
[2025-03-17T19:49:30.291+0800] {processor.py:208} INFO - Processing /Users/ervinyeoh/Desktop/unimods/is3107/project/.venv/lib/python3.11/site-packages/airflow/example_dags/example_branch_labels.py took 0.113 seconds
[2025-03-17T19:51:47.950+0800] {processor.py:186} INFO - Started process (PID=16441) to work on /Users/ervinyeoh/Desktop/unimods/is3107/project/.venv/lib/python3.11/site-packages/airflow/example_dags/example_branch_labels.py
[2025-03-17T19:51:47.951+0800] {processor.py:914} INFO - Processing file /Users/ervinyeoh/Desktop/unimods/is3107/project/.venv/lib/python3.11/site-packages/airflow/example_dags/example_branch_labels.py for tasks to queue
[2025-03-17T19:51:47.952+0800] {logging_mixin.py:190} INFO - [2025-03-17T19:51:47.952+0800] {dagbag.py:588} INFO - Filling up the DagBag from /Users/ervinyeoh/Desktop/unimods/is3107/project/.venv/lib/python3.11/site-packages/airflow/example_dags/example_branch_labels.py
[2025-03-17T19:51:47.957+0800] {processor.py:925} INFO - DAG(s) 'example_branch_labels' retrieved from /Users/ervinyeoh/Desktop/unimods/is3107/project/.venv/lib/python3.11/site-packages/airflow/example_dags/example_branch_labels.py
[2025-03-17T19:51:48.040+0800] {logging_mixin.py:190} INFO - [2025-03-17T19:51:48.040+0800] {dag.py:3239} INFO - Sync 1 DAGs
[2025-03-17T19:51:48.051+0800] {logging_mixin.py:190} INFO - [2025-03-17T19:51:48.050+0800] {dag.py:4180} INFO - Setting next_dagrun for example_branch_labels to 2025-03-16 00:00:00+00:00, run_after=2025-03-17 00:00:00+00:00
[2025-03-17T19:51:48.060+0800] {processor.py:208} INFO - Processing /Users/ervinyeoh/Desktop/unimods/is3107/project/.venv/lib/python3.11/site-packages/airflow/example_dags/example_branch_labels.py took 0.111 seconds
[2025-03-17T19:52:48.507+0800] {processor.py:186} INFO - Started process (PID=16561) to work on /Users/ervinyeoh/Desktop/unimods/is3107/project/.venv/lib/python3.11/site-packages/airflow/example_dags/example_branch_labels.py
[2025-03-17T19:52:48.508+0800] {processor.py:914} INFO - Processing file /Users/ervinyeoh/Desktop/unimods/is3107/project/.venv/lib/python3.11/site-packages/airflow/example_dags/example_branch_labels.py for tasks to queue
[2025-03-17T19:52:48.509+0800] {logging_mixin.py:190} INFO - [2025-03-17T19:52:48.509+0800] {dagbag.py:588} INFO - Filling up the DagBag from /Users/ervinyeoh/Desktop/unimods/is3107/project/.venv/lib/python3.11/site-packages/airflow/example_dags/example_branch_labels.py
[2025-03-17T19:52:48.514+0800] {processor.py:925} INFO - DAG(s) 'example_branch_labels' retrieved from /Users/ervinyeoh/Desktop/unimods/is3107/project/.venv/lib/python3.11/site-packages/airflow/example_dags/example_branch_labels.py
[2025-03-17T19:52:48.598+0800] {logging_mixin.py:190} INFO - [2025-03-17T19:52:48.598+0800] {dag.py:3239} INFO - Sync 1 DAGs
[2025-03-17T19:52:48.609+0800] {logging_mixin.py:190} INFO - [2025-03-17T19:52:48.609+0800] {dag.py:4180} INFO - Setting next_dagrun for example_branch_labels to 2025-03-16 00:00:00+00:00, run_after=2025-03-17 00:00:00+00:00
[2025-03-17T19:52:48.618+0800] {processor.py:208} INFO - Processing /Users/ervinyeoh/Desktop/unimods/is3107/project/.venv/lib/python3.11/site-packages/airflow/example_dags/example_branch_labels.py took 0.113 seconds
[2025-03-17T19:55:10.832+0800] {processor.py:186} INFO - Started process (PID=16939) to work on /Users/ervinyeoh/Desktop/unimods/is3107/project/.venv/lib/python3.11/site-packages/airflow/example_dags/example_branch_labels.py
[2025-03-17T19:55:10.832+0800] {processor.py:914} INFO - Processing file /Users/ervinyeoh/Desktop/unimods/is3107/project/.venv/lib/python3.11/site-packages/airflow/example_dags/example_branch_labels.py for tasks to queue
[2025-03-17T19:55:10.833+0800] {logging_mixin.py:190} INFO - [2025-03-17T19:55:10.833+0800] {dagbag.py:588} INFO - Filling up the DagBag from /Users/ervinyeoh/Desktop/unimods/is3107/project/.venv/lib/python3.11/site-packages/airflow/example_dags/example_branch_labels.py
[2025-03-17T19:55:10.839+0800] {processor.py:925} INFO - DAG(s) 'example_branch_labels' retrieved from /Users/ervinyeoh/Desktop/unimods/is3107/project/.venv/lib/python3.11/site-packages/airflow/example_dags/example_branch_labels.py
[2025-03-17T19:55:10.926+0800] {logging_mixin.py:190} INFO - [2025-03-17T19:55:10.926+0800] {dag.py:3239} INFO - Sync 1 DAGs
[2025-03-17T19:55:10.937+0800] {logging_mixin.py:190} INFO - [2025-03-17T19:55:10.937+0800] {dag.py:4180} INFO - Setting next_dagrun for example_branch_labels to 2025-03-16 00:00:00+00:00, run_after=2025-03-17 00:00:00+00:00
[2025-03-17T19:55:10.946+0800] {processor.py:208} INFO - Processing /Users/ervinyeoh/Desktop/unimods/is3107/project/.venv/lib/python3.11/site-packages/airflow/example_dags/example_branch_labels.py took 0.117 seconds
[2025-03-17T19:56:18.190+0800] {processor.py:186} INFO - Started process (PID=17110) to work on /Users/ervinyeoh/Desktop/unimods/is3107/project/.venv/lib/python3.11/site-packages/airflow/example_dags/example_branch_labels.py
[2025-03-17T19:56:18.192+0800] {processor.py:914} INFO - Processing file /Users/ervinyeoh/Desktop/unimods/is3107/project/.venv/lib/python3.11/site-packages/airflow/example_dags/example_branch_labels.py for tasks to queue
[2025-03-17T19:56:18.192+0800] {logging_mixin.py:190} INFO - [2025-03-17T19:56:18.192+0800] {dagbag.py:588} INFO - Filling up the DagBag from /Users/ervinyeoh/Desktop/unimods/is3107/project/.venv/lib/python3.11/site-packages/airflow/example_dags/example_branch_labels.py
[2025-03-17T19:56:18.198+0800] {processor.py:925} INFO - DAG(s) 'example_branch_labels' retrieved from /Users/ervinyeoh/Desktop/unimods/is3107/project/.venv/lib/python3.11/site-packages/airflow/example_dags/example_branch_labels.py
[2025-03-17T19:56:18.282+0800] {logging_mixin.py:190} INFO - [2025-03-17T19:56:18.282+0800] {dag.py:3239} INFO - Sync 1 DAGs
[2025-03-17T19:56:18.293+0800] {logging_mixin.py:190} INFO - [2025-03-17T19:56:18.293+0800] {dag.py:4180} INFO - Setting next_dagrun for example_branch_labels to 2025-03-16 00:00:00+00:00, run_after=2025-03-17 00:00:00+00:00
[2025-03-17T19:56:18.303+0800] {processor.py:208} INFO - Processing /Users/ervinyeoh/Desktop/unimods/is3107/project/.venv/lib/python3.11/site-packages/airflow/example_dags/example_branch_labels.py took 0.115 seconds
[2025-03-17T19:58:34.719+0800] {processor.py:186} INFO - Started process (PID=17431) to work on /Users/ervinyeoh/Desktop/unimods/is3107/project/.venv/lib/python3.11/site-packages/airflow/example_dags/example_branch_labels.py
[2025-03-17T19:58:34.720+0800] {processor.py:914} INFO - Processing file /Users/ervinyeoh/Desktop/unimods/is3107/project/.venv/lib/python3.11/site-packages/airflow/example_dags/example_branch_labels.py for tasks to queue
[2025-03-17T19:58:34.721+0800] {logging_mixin.py:190} INFO - [2025-03-17T19:58:34.721+0800] {dagbag.py:588} INFO - Filling up the DagBag from /Users/ervinyeoh/Desktop/unimods/is3107/project/.venv/lib/python3.11/site-packages/airflow/example_dags/example_branch_labels.py
[2025-03-17T19:58:34.727+0800] {processor.py:925} INFO - DAG(s) 'example_branch_labels' retrieved from /Users/ervinyeoh/Desktop/unimods/is3107/project/.venv/lib/python3.11/site-packages/airflow/example_dags/example_branch_labels.py
[2025-03-17T19:58:34.809+0800] {logging_mixin.py:190} INFO - [2025-03-17T19:58:34.809+0800] {dag.py:3239} INFO - Sync 1 DAGs
[2025-03-17T19:58:34.819+0800] {logging_mixin.py:190} INFO - [2025-03-17T19:58:34.819+0800] {dag.py:4180} INFO - Setting next_dagrun for example_branch_labels to 2025-03-16 00:00:00+00:00, run_after=2025-03-17 00:00:00+00:00
[2025-03-17T19:58:34.829+0800] {processor.py:208} INFO - Processing /Users/ervinyeoh/Desktop/unimods/is3107/project/.venv/lib/python3.11/site-packages/airflow/example_dags/example_branch_labels.py took 0.111 seconds
[2025-03-17T19:59:39.633+0800] {processor.py:186} INFO - Started process (PID=17579) to work on /Users/ervinyeoh/Desktop/unimods/is3107/project/.venv/lib/python3.11/site-packages/airflow/example_dags/example_branch_labels.py
[2025-03-17T19:59:39.634+0800] {processor.py:914} INFO - Processing file /Users/ervinyeoh/Desktop/unimods/is3107/project/.venv/lib/python3.11/site-packages/airflow/example_dags/example_branch_labels.py for tasks to queue
[2025-03-17T19:59:39.634+0800] {logging_mixin.py:190} INFO - [2025-03-17T19:59:39.634+0800] {dagbag.py:588} INFO - Filling up the DagBag from /Users/ervinyeoh/Desktop/unimods/is3107/project/.venv/lib/python3.11/site-packages/airflow/example_dags/example_branch_labels.py
[2025-03-17T19:59:39.640+0800] {processor.py:925} INFO - DAG(s) 'example_branch_labels' retrieved from /Users/ervinyeoh/Desktop/unimods/is3107/project/.venv/lib/python3.11/site-packages/airflow/example_dags/example_branch_labels.py
[2025-03-17T19:59:39.742+0800] {logging_mixin.py:190} INFO - [2025-03-17T19:59:39.742+0800] {dag.py:3239} INFO - Sync 1 DAGs
[2025-03-17T19:59:39.752+0800] {logging_mixin.py:190} INFO - [2025-03-17T19:59:39.752+0800] {dag.py:4180} INFO - Setting next_dagrun for example_branch_labels to 2025-03-16 00:00:00+00:00, run_after=2025-03-17 00:00:00+00:00
[2025-03-17T19:59:39.762+0800] {processor.py:208} INFO - Processing /Users/ervinyeoh/Desktop/unimods/is3107/project/.venv/lib/python3.11/site-packages/airflow/example_dags/example_branch_labels.py took 0.131 seconds
[2025-03-17T20:01:58.651+0800] {processor.py:186} INFO - Started process (PID=17889) to work on /Users/ervinyeoh/Desktop/unimods/is3107/project/.venv/lib/python3.11/site-packages/airflow/example_dags/example_branch_labels.py
[2025-03-17T20:01:58.652+0800] {processor.py:914} INFO - Processing file /Users/ervinyeoh/Desktop/unimods/is3107/project/.venv/lib/python3.11/site-packages/airflow/example_dags/example_branch_labels.py for tasks to queue
[2025-03-17T20:01:58.653+0800] {logging_mixin.py:190} INFO - [2025-03-17T20:01:58.653+0800] {dagbag.py:588} INFO - Filling up the DagBag from /Users/ervinyeoh/Desktop/unimods/is3107/project/.venv/lib/python3.11/site-packages/airflow/example_dags/example_branch_labels.py
[2025-03-17T20:01:58.659+0800] {processor.py:925} INFO - DAG(s) 'example_branch_labels' retrieved from /Users/ervinyeoh/Desktop/unimods/is3107/project/.venv/lib/python3.11/site-packages/airflow/example_dags/example_branch_labels.py
[2025-03-17T20:01:58.751+0800] {logging_mixin.py:190} INFO - [2025-03-17T20:01:58.750+0800] {dag.py:3239} INFO - Sync 1 DAGs
[2025-03-17T20:01:58.762+0800] {logging_mixin.py:190} INFO - [2025-03-17T20:01:58.762+0800] {dag.py:4180} INFO - Setting next_dagrun for example_branch_labels to 2025-03-16 00:00:00+00:00, run_after=2025-03-17 00:00:00+00:00
[2025-03-17T20:01:58.772+0800] {processor.py:208} INFO - Processing /Users/ervinyeoh/Desktop/unimods/is3107/project/.venv/lib/python3.11/site-packages/airflow/example_dags/example_branch_labels.py took 0.122 seconds
[2025-03-17T20:03:17.405+0800] {processor.py:186} INFO - Started process (PID=18092) to work on /Users/ervinyeoh/Desktop/unimods/is3107/project/.venv/lib/python3.11/site-packages/airflow/example_dags/example_branch_labels.py
[2025-03-17T20:03:17.406+0800] {processor.py:914} INFO - Processing file /Users/ervinyeoh/Desktop/unimods/is3107/project/.venv/lib/python3.11/site-packages/airflow/example_dags/example_branch_labels.py for tasks to queue
[2025-03-17T20:03:17.407+0800] {logging_mixin.py:190} INFO - [2025-03-17T20:03:17.407+0800] {dagbag.py:588} INFO - Filling up the DagBag from /Users/ervinyeoh/Desktop/unimods/is3107/project/.venv/lib/python3.11/site-packages/airflow/example_dags/example_branch_labels.py
[2025-03-17T20:03:17.412+0800] {processor.py:925} INFO - DAG(s) 'example_branch_labels' retrieved from /Users/ervinyeoh/Desktop/unimods/is3107/project/.venv/lib/python3.11/site-packages/airflow/example_dags/example_branch_labels.py
[2025-03-17T20:03:17.496+0800] {logging_mixin.py:190} INFO - [2025-03-17T20:03:17.496+0800] {dag.py:3239} INFO - Sync 1 DAGs
[2025-03-17T20:03:17.507+0800] {logging_mixin.py:190} INFO - [2025-03-17T20:03:17.507+0800] {dag.py:4180} INFO - Setting next_dagrun for example_branch_labels to 2025-03-16 00:00:00+00:00, run_after=2025-03-17 00:00:00+00:00
[2025-03-17T20:03:17.517+0800] {processor.py:208} INFO - Processing /Users/ervinyeoh/Desktop/unimods/is3107/project/.venv/lib/python3.11/site-packages/airflow/example_dags/example_branch_labels.py took 0.113 seconds
[2025-03-17T20:05:17.298+0800] {processor.py:186} INFO - Started process (PID=18341) to work on /Users/ervinyeoh/Desktop/unimods/is3107/project/.venv/lib/python3.11/site-packages/airflow/example_dags/example_branch_labels.py
[2025-03-17T20:05:17.299+0800] {processor.py:914} INFO - Processing file /Users/ervinyeoh/Desktop/unimods/is3107/project/.venv/lib/python3.11/site-packages/airflow/example_dags/example_branch_labels.py for tasks to queue
[2025-03-17T20:05:17.300+0800] {logging_mixin.py:190} INFO - [2025-03-17T20:05:17.299+0800] {dagbag.py:588} INFO - Filling up the DagBag from /Users/ervinyeoh/Desktop/unimods/is3107/project/.venv/lib/python3.11/site-packages/airflow/example_dags/example_branch_labels.py
[2025-03-17T20:05:17.305+0800] {processor.py:925} INFO - DAG(s) 'example_branch_labels' retrieved from /Users/ervinyeoh/Desktop/unimods/is3107/project/.venv/lib/python3.11/site-packages/airflow/example_dags/example_branch_labels.py
[2025-03-17T20:05:17.388+0800] {logging_mixin.py:190} INFO - [2025-03-17T20:05:17.388+0800] {dag.py:3239} INFO - Sync 1 DAGs
[2025-03-17T20:05:17.400+0800] {logging_mixin.py:190} INFO - [2025-03-17T20:05:17.400+0800] {dag.py:4180} INFO - Setting next_dagrun for example_branch_labels to 2025-03-16 00:00:00+00:00, run_after=2025-03-17 00:00:00+00:00
[2025-03-17T20:05:17.410+0800] {processor.py:208} INFO - Processing /Users/ervinyeoh/Desktop/unimods/is3107/project/.venv/lib/python3.11/site-packages/airflow/example_dags/example_branch_labels.py took 0.113 seconds
[2025-03-17T20:06:37.334+0800] {processor.py:186} INFO - Started process (PID=18520) to work on /Users/ervinyeoh/Desktop/unimods/is3107/project/.venv/lib/python3.11/site-packages/airflow/example_dags/example_branch_labels.py
[2025-03-17T20:06:37.335+0800] {processor.py:914} INFO - Processing file /Users/ervinyeoh/Desktop/unimods/is3107/project/.venv/lib/python3.11/site-packages/airflow/example_dags/example_branch_labels.py for tasks to queue
[2025-03-17T20:06:37.336+0800] {logging_mixin.py:190} INFO - [2025-03-17T20:06:37.335+0800] {dagbag.py:588} INFO - Filling up the DagBag from /Users/ervinyeoh/Desktop/unimods/is3107/project/.venv/lib/python3.11/site-packages/airflow/example_dags/example_branch_labels.py
[2025-03-17T20:06:37.341+0800] {processor.py:925} INFO - DAG(s) 'example_branch_labels' retrieved from /Users/ervinyeoh/Desktop/unimods/is3107/project/.venv/lib/python3.11/site-packages/airflow/example_dags/example_branch_labels.py
[2025-03-17T20:06:37.431+0800] {logging_mixin.py:190} INFO - [2025-03-17T20:06:37.430+0800] {dag.py:3239} INFO - Sync 1 DAGs
[2025-03-17T20:06:37.441+0800] {logging_mixin.py:190} INFO - [2025-03-17T20:06:37.441+0800] {dag.py:4180} INFO - Setting next_dagrun for example_branch_labels to 2025-03-16 00:00:00+00:00, run_after=2025-03-17 00:00:00+00:00
[2025-03-17T20:06:37.451+0800] {processor.py:208} INFO - Processing /Users/ervinyeoh/Desktop/unimods/is3107/project/.venv/lib/python3.11/site-packages/airflow/example_dags/example_branch_labels.py took 0.118 seconds
[2025-03-17T20:08:39.415+0800] {processor.py:186} INFO - Started process (PID=18811) to work on /Users/ervinyeoh/Desktop/unimods/is3107/project/.venv/lib/python3.11/site-packages/airflow/example_dags/example_branch_labels.py
[2025-03-17T20:08:39.416+0800] {processor.py:914} INFO - Processing file /Users/ervinyeoh/Desktop/unimods/is3107/project/.venv/lib/python3.11/site-packages/airflow/example_dags/example_branch_labels.py for tasks to queue
[2025-03-17T20:08:39.417+0800] {logging_mixin.py:190} INFO - [2025-03-17T20:08:39.417+0800] {dagbag.py:588} INFO - Filling up the DagBag from /Users/ervinyeoh/Desktop/unimods/is3107/project/.venv/lib/python3.11/site-packages/airflow/example_dags/example_branch_labels.py
[2025-03-17T20:08:39.422+0800] {processor.py:925} INFO - DAG(s) 'example_branch_labels' retrieved from /Users/ervinyeoh/Desktop/unimods/is3107/project/.venv/lib/python3.11/site-packages/airflow/example_dags/example_branch_labels.py
[2025-03-17T20:08:39.504+0800] {logging_mixin.py:190} INFO - [2025-03-17T20:08:39.504+0800] {dag.py:3239} INFO - Sync 1 DAGs
[2025-03-17T20:08:39.516+0800] {logging_mixin.py:190} INFO - [2025-03-17T20:08:39.516+0800] {dag.py:4180} INFO - Setting next_dagrun for example_branch_labels to 2025-03-16 00:00:00+00:00, run_after=2025-03-17 00:00:00+00:00
[2025-03-17T20:08:39.525+0800] {processor.py:208} INFO - Processing /Users/ervinyeoh/Desktop/unimods/is3107/project/.venv/lib/python3.11/site-packages/airflow/example_dags/example_branch_labels.py took 0.111 seconds
[2025-03-17T20:10:12.864+0800] {processor.py:186} INFO - Started process (PID=19038) to work on /Users/ervinyeoh/Desktop/unimods/is3107/project/.venv/lib/python3.11/site-packages/airflow/example_dags/example_branch_labels.py
[2025-03-17T20:10:12.865+0800] {processor.py:914} INFO - Processing file /Users/ervinyeoh/Desktop/unimods/is3107/project/.venv/lib/python3.11/site-packages/airflow/example_dags/example_branch_labels.py for tasks to queue
[2025-03-17T20:10:12.866+0800] {logging_mixin.py:190} INFO - [2025-03-17T20:10:12.866+0800] {dagbag.py:588} INFO - Filling up the DagBag from /Users/ervinyeoh/Desktop/unimods/is3107/project/.venv/lib/python3.11/site-packages/airflow/example_dags/example_branch_labels.py
[2025-03-17T20:10:12.871+0800] {processor.py:925} INFO - DAG(s) 'example_branch_labels' retrieved from /Users/ervinyeoh/Desktop/unimods/is3107/project/.venv/lib/python3.11/site-packages/airflow/example_dags/example_branch_labels.py
[2025-03-17T20:10:13.038+0800] {logging_mixin.py:190} INFO - [2025-03-17T20:10:13.038+0800] {dag.py:3239} INFO - Sync 1 DAGs
[2025-03-17T20:10:13.050+0800] {logging_mixin.py:190} INFO - [2025-03-17T20:10:13.049+0800] {dag.py:4180} INFO - Setting next_dagrun for example_branch_labels to 2025-03-16 00:00:00+00:00, run_after=2025-03-17 00:00:00+00:00
[2025-03-17T20:10:13.059+0800] {processor.py:208} INFO - Processing /Users/ervinyeoh/Desktop/unimods/is3107/project/.venv/lib/python3.11/site-packages/airflow/example_dags/example_branch_labels.py took 0.197 seconds
[2025-03-17T20:12:10.272+0800] {processor.py:186} INFO - Started process (PID=19333) to work on /Users/ervinyeoh/Desktop/unimods/is3107/project/.venv/lib/python3.11/site-packages/airflow/example_dags/example_branch_labels.py
[2025-03-17T20:12:10.273+0800] {processor.py:914} INFO - Processing file /Users/ervinyeoh/Desktop/unimods/is3107/project/.venv/lib/python3.11/site-packages/airflow/example_dags/example_branch_labels.py for tasks to queue
[2025-03-17T20:12:10.274+0800] {logging_mixin.py:190} INFO - [2025-03-17T20:12:10.274+0800] {dagbag.py:588} INFO - Filling up the DagBag from /Users/ervinyeoh/Desktop/unimods/is3107/project/.venv/lib/python3.11/site-packages/airflow/example_dags/example_branch_labels.py
[2025-03-17T20:12:10.280+0800] {processor.py:925} INFO - DAG(s) 'example_branch_labels' retrieved from /Users/ervinyeoh/Desktop/unimods/is3107/project/.venv/lib/python3.11/site-packages/airflow/example_dags/example_branch_labels.py
[2025-03-17T20:12:10.365+0800] {logging_mixin.py:190} INFO - [2025-03-17T20:12:10.365+0800] {dag.py:3239} INFO - Sync 1 DAGs
[2025-03-17T20:12:10.376+0800] {logging_mixin.py:190} INFO - [2025-03-17T20:12:10.376+0800] {dag.py:4180} INFO - Setting next_dagrun for example_branch_labels to 2025-03-16 00:00:00+00:00, run_after=2025-03-17 00:00:00+00:00
[2025-03-17T20:12:10.385+0800] {processor.py:208} INFO - Processing /Users/ervinyeoh/Desktop/unimods/is3107/project/.venv/lib/python3.11/site-packages/airflow/example_dags/example_branch_labels.py took 0.115 seconds
[2025-03-17T20:15:44.592+0800] {processor.py:186} INFO - Started process (PID=19926) to work on /Users/ervinyeoh/Desktop/unimods/is3107/project/.venv/lib/python3.11/site-packages/airflow/example_dags/example_branch_labels.py
[2025-03-17T20:15:44.593+0800] {processor.py:914} INFO - Processing file /Users/ervinyeoh/Desktop/unimods/is3107/project/.venv/lib/python3.11/site-packages/airflow/example_dags/example_branch_labels.py for tasks to queue
[2025-03-17T20:15:44.593+0800] {logging_mixin.py:190} INFO - [2025-03-17T20:15:44.593+0800] {dagbag.py:588} INFO - Filling up the DagBag from /Users/ervinyeoh/Desktop/unimods/is3107/project/.venv/lib/python3.11/site-packages/airflow/example_dags/example_branch_labels.py
[2025-03-17T20:15:44.599+0800] {processor.py:925} INFO - DAG(s) 'example_branch_labels' retrieved from /Users/ervinyeoh/Desktop/unimods/is3107/project/.venv/lib/python3.11/site-packages/airflow/example_dags/example_branch_labels.py
[2025-03-17T20:15:44.693+0800] {logging_mixin.py:190} INFO - [2025-03-17T20:15:44.692+0800] {dag.py:3239} INFO - Sync 1 DAGs
[2025-03-17T20:15:44.703+0800] {logging_mixin.py:190} INFO - [2025-03-17T20:15:44.703+0800] {dag.py:4180} INFO - Setting next_dagrun for example_branch_labels to 2025-03-16 00:00:00+00:00, run_after=2025-03-17 00:00:00+00:00
[2025-03-17T20:15:44.715+0800] {processor.py:208} INFO - Processing /Users/ervinyeoh/Desktop/unimods/is3107/project/.venv/lib/python3.11/site-packages/airflow/example_dags/example_branch_labels.py took 0.125 seconds
[2025-03-17T20:15:47.289+0800] {processor.py:186} INFO - Started process (PID=19936) to work on /Users/ervinyeoh/Desktop/unimods/is3107/project/.venv/lib/python3.11/site-packages/airflow/example_dags/example_branch_labels.py
[2025-03-17T20:15:47.290+0800] {processor.py:914} INFO - Processing file /Users/ervinyeoh/Desktop/unimods/is3107/project/.venv/lib/python3.11/site-packages/airflow/example_dags/example_branch_labels.py for tasks to queue
[2025-03-17T20:15:47.290+0800] {logging_mixin.py:190} INFO - [2025-03-17T20:15:47.290+0800] {dagbag.py:588} INFO - Filling up the DagBag from /Users/ervinyeoh/Desktop/unimods/is3107/project/.venv/lib/python3.11/site-packages/airflow/example_dags/example_branch_labels.py
[2025-03-17T20:15:47.296+0800] {processor.py:925} INFO - DAG(s) 'example_branch_labels' retrieved from /Users/ervinyeoh/Desktop/unimods/is3107/project/.venv/lib/python3.11/site-packages/airflow/example_dags/example_branch_labels.py
[2025-03-17T20:15:47.390+0800] {logging_mixin.py:190} INFO - [2025-03-17T20:15:47.390+0800] {dag.py:3239} INFO - Sync 1 DAGs
[2025-03-17T20:15:47.401+0800] {logging_mixin.py:190} INFO - [2025-03-17T20:15:47.401+0800] {dag.py:4180} INFO - Setting next_dagrun for example_branch_labels to 2025-03-16 00:00:00+00:00, run_after=2025-03-17 00:00:00+00:00
[2025-03-17T20:15:47.411+0800] {processor.py:208} INFO - Processing /Users/ervinyeoh/Desktop/unimods/is3107/project/.venv/lib/python3.11/site-packages/airflow/example_dags/example_branch_labels.py took 0.124 seconds
[2025-03-17T20:19:41.769+0800] {processor.py:186} INFO - Started process (PID=20567) to work on /Users/ervinyeoh/Desktop/unimods/is3107/project/.venv/lib/python3.11/site-packages/airflow/example_dags/example_branch_labels.py
[2025-03-17T20:19:41.770+0800] {processor.py:914} INFO - Processing file /Users/ervinyeoh/Desktop/unimods/is3107/project/.venv/lib/python3.11/site-packages/airflow/example_dags/example_branch_labels.py for tasks to queue
[2025-03-17T20:19:41.770+0800] {logging_mixin.py:190} INFO - [2025-03-17T20:19:41.770+0800] {dagbag.py:588} INFO - Filling up the DagBag from /Users/ervinyeoh/Desktop/unimods/is3107/project/.venv/lib/python3.11/site-packages/airflow/example_dags/example_branch_labels.py
[2025-03-17T20:19:41.780+0800] {processor.py:925} INFO - DAG(s) 'example_branch_labels' retrieved from /Users/ervinyeoh/Desktop/unimods/is3107/project/.venv/lib/python3.11/site-packages/airflow/example_dags/example_branch_labels.py
[2025-03-17T20:19:41.886+0800] {logging_mixin.py:190} INFO - [2025-03-17T20:19:41.886+0800] {dag.py:3239} INFO - Sync 1 DAGs
[2025-03-17T20:19:41.897+0800] {logging_mixin.py:190} INFO - [2025-03-17T20:19:41.896+0800] {dag.py:4180} INFO - Setting next_dagrun for example_branch_labels to 2025-03-16 00:00:00+00:00, run_after=2025-03-17 00:00:00+00:00
[2025-03-17T20:19:41.906+0800] {processor.py:208} INFO - Processing /Users/ervinyeoh/Desktop/unimods/is3107/project/.venv/lib/python3.11/site-packages/airflow/example_dags/example_branch_labels.py took 0.139 seconds
[2025-03-17T20:20:27.718+0800] {processor.py:186} INFO - Started process (PID=20684) to work on /Users/ervinyeoh/Desktop/unimods/is3107/project/.venv/lib/python3.11/site-packages/airflow/example_dags/example_branch_labels.py
[2025-03-17T20:20:27.719+0800] {processor.py:914} INFO - Processing file /Users/ervinyeoh/Desktop/unimods/is3107/project/.venv/lib/python3.11/site-packages/airflow/example_dags/example_branch_labels.py for tasks to queue
[2025-03-17T20:20:27.720+0800] {logging_mixin.py:190} INFO - [2025-03-17T20:20:27.720+0800] {dagbag.py:588} INFO - Filling up the DagBag from /Users/ervinyeoh/Desktop/unimods/is3107/project/.venv/lib/python3.11/site-packages/airflow/example_dags/example_branch_labels.py
[2025-03-17T20:20:27.725+0800] {processor.py:925} INFO - DAG(s) 'example_branch_labels' retrieved from /Users/ervinyeoh/Desktop/unimods/is3107/project/.venv/lib/python3.11/site-packages/airflow/example_dags/example_branch_labels.py
[2025-03-17T20:20:27.811+0800] {logging_mixin.py:190} INFO - [2025-03-17T20:20:27.811+0800] {dag.py:3239} INFO - Sync 1 DAGs
[2025-03-17T20:20:27.823+0800] {logging_mixin.py:190} INFO - [2025-03-17T20:20:27.822+0800] {dag.py:4180} INFO - Setting next_dagrun for example_branch_labels to 2025-03-16 00:00:00+00:00, run_after=2025-03-17 00:00:00+00:00
[2025-03-17T20:20:27.832+0800] {processor.py:208} INFO - Processing /Users/ervinyeoh/Desktop/unimods/is3107/project/.venv/lib/python3.11/site-packages/airflow/example_dags/example_branch_labels.py took 0.116 seconds
[2025-03-17T20:23:05.684+0800] {processor.py:186} INFO - Started process (PID=21020) to work on /Users/ervinyeoh/Desktop/unimods/is3107/project/.venv/lib/python3.11/site-packages/airflow/example_dags/example_branch_labels.py
[2025-03-17T20:23:05.686+0800] {processor.py:914} INFO - Processing file /Users/ervinyeoh/Desktop/unimods/is3107/project/.venv/lib/python3.11/site-packages/airflow/example_dags/example_branch_labels.py for tasks to queue
[2025-03-17T20:23:05.686+0800] {logging_mixin.py:190} INFO - [2025-03-17T20:23:05.686+0800] {dagbag.py:588} INFO - Filling up the DagBag from /Users/ervinyeoh/Desktop/unimods/is3107/project/.venv/lib/python3.11/site-packages/airflow/example_dags/example_branch_labels.py
[2025-03-17T20:23:05.692+0800] {processor.py:925} INFO - DAG(s) 'example_branch_labels' retrieved from /Users/ervinyeoh/Desktop/unimods/is3107/project/.venv/lib/python3.11/site-packages/airflow/example_dags/example_branch_labels.py
[2025-03-17T20:23:05.776+0800] {logging_mixin.py:190} INFO - [2025-03-17T20:23:05.775+0800] {dag.py:3239} INFO - Sync 1 DAGs
[2025-03-17T20:23:05.786+0800] {logging_mixin.py:190} INFO - [2025-03-17T20:23:05.786+0800] {dag.py:4180} INFO - Setting next_dagrun for example_branch_labels to 2025-03-16 00:00:00+00:00, run_after=2025-03-17 00:00:00+00:00
[2025-03-17T20:23:05.796+0800] {processor.py:208} INFO - Processing /Users/ervinyeoh/Desktop/unimods/is3107/project/.venv/lib/python3.11/site-packages/airflow/example_dags/example_branch_labels.py took 0.113 seconds
[2025-03-17T20:23:43.497+0800] {processor.py:186} INFO - Started process (PID=21095) to work on /Users/ervinyeoh/Desktop/unimods/is3107/project/.venv/lib/python3.11/site-packages/airflow/example_dags/example_branch_labels.py
[2025-03-17T20:23:43.497+0800] {processor.py:914} INFO - Processing file /Users/ervinyeoh/Desktop/unimods/is3107/project/.venv/lib/python3.11/site-packages/airflow/example_dags/example_branch_labels.py for tasks to queue
[2025-03-17T20:23:43.498+0800] {logging_mixin.py:190} INFO - [2025-03-17T20:23:43.498+0800] {dagbag.py:588} INFO - Filling up the DagBag from /Users/ervinyeoh/Desktop/unimods/is3107/project/.venv/lib/python3.11/site-packages/airflow/example_dags/example_branch_labels.py
[2025-03-17T20:23:43.504+0800] {processor.py:925} INFO - DAG(s) 'example_branch_labels' retrieved from /Users/ervinyeoh/Desktop/unimods/is3107/project/.venv/lib/python3.11/site-packages/airflow/example_dags/example_branch_labels.py
[2025-03-17T20:23:43.640+0800] {logging_mixin.py:190} INFO - [2025-03-17T20:23:43.639+0800] {dag.py:3239} INFO - Sync 1 DAGs
[2025-03-17T20:23:43.655+0800] {logging_mixin.py:190} INFO - [2025-03-17T20:23:43.655+0800] {dag.py:4180} INFO - Setting next_dagrun for example_branch_labels to 2025-03-16 00:00:00+00:00, run_after=2025-03-17 00:00:00+00:00
[2025-03-17T20:23:43.667+0800] {processor.py:208} INFO - Processing /Users/ervinyeoh/Desktop/unimods/is3107/project/.venv/lib/python3.11/site-packages/airflow/example_dags/example_branch_labels.py took 0.173 seconds
