[2025-03-17T17:06:30.207+0800] {processor.py:186} INFO - Started process (PID=12744) to work on /Users/ervinyeoh/Desktop/unimods/is3107/project/.venv/lib/python3.11/site-packages/airflow/example_dags/example_trigger_controller_dag.py
[2025-03-17T17:06:30.208+0800] {processor.py:914} INFO - Processing file /Users/ervinyeoh/Desktop/unimods/is3107/project/.venv/lib/python3.11/site-packages/airflow/example_dags/example_trigger_controller_dag.py for tasks to queue
[2025-03-17T17:06:30.209+0800] {logging_mixin.py:190} INFO - [2025-03-17T17:06:30.209+0800] {dagbag.py:588} INFO - Filling up the DagBag from /Users/ervinyeoh/Desktop/unimods/is3107/project/.venv/lib/python3.11/site-packages/airflow/example_dags/example_trigger_controller_dag.py
[2025-03-17T17:06:30.215+0800] {processor.py:925} INFO - DAG(s) 'example_trigger_controller_dag' retrieved from /Users/ervinyeoh/Desktop/unimods/is3107/project/.venv/lib/python3.11/site-packages/airflow/example_dags/example_trigger_controller_dag.py
[2025-03-17T17:06:30.300+0800] {logging_mixin.py:190} INFO - [2025-03-17T17:06:30.300+0800] {dag.py:3239} INFO - Sync 1 DAGs
[2025-03-17T17:06:30.313+0800] {logging_mixin.py:190} INFO - [2025-03-17T17:06:30.312+0800] {dag.py:4180} INFO - Setting next_dagrun for example_trigger_controller_dag to 2021-01-01 00:00:00+00:00, run_after=2021-01-01 00:00:00+00:00
[2025-03-17T17:06:30.322+0800] {processor.py:208} INFO - Processing /Users/ervinyeoh/Desktop/unimods/is3107/project/.venv/lib/python3.11/site-packages/airflow/example_dags/example_trigger_controller_dag.py took 0.117 seconds
[2025-03-17T17:08:41.288+0800] {processor.py:186} INFO - Started process (PID=12948) to work on /Users/ervinyeoh/Desktop/unimods/is3107/project/.venv/lib/python3.11/site-packages/airflow/example_dags/example_trigger_controller_dag.py
[2025-03-17T17:08:41.289+0800] {processor.py:914} INFO - Processing file /Users/ervinyeoh/Desktop/unimods/is3107/project/.venv/lib/python3.11/site-packages/airflow/example_dags/example_trigger_controller_dag.py for tasks to queue
[2025-03-17T17:08:41.289+0800] {logging_mixin.py:190} INFO - [2025-03-17T17:08:41.289+0800] {dagbag.py:588} INFO - Filling up the DagBag from /Users/ervinyeoh/Desktop/unimods/is3107/project/.venv/lib/python3.11/site-packages/airflow/example_dags/example_trigger_controller_dag.py
[2025-03-17T17:08:41.296+0800] {processor.py:925} INFO - DAG(s) 'example_trigger_controller_dag' retrieved from /Users/ervinyeoh/Desktop/unimods/is3107/project/.venv/lib/python3.11/site-packages/airflow/example_dags/example_trigger_controller_dag.py
[2025-03-17T17:08:41.374+0800] {logging_mixin.py:190} INFO - [2025-03-17T17:08:41.374+0800] {dag.py:3239} INFO - Sync 1 DAGs
[2025-03-17T17:08:41.384+0800] {logging_mixin.py:190} INFO - [2025-03-17T17:08:41.384+0800] {dag.py:4180} INFO - Setting next_dagrun for example_trigger_controller_dag to 2021-01-01 00:00:00+00:00, run_after=2021-01-01 00:00:00+00:00
[2025-03-17T17:08:41.393+0800] {processor.py:208} INFO - Processing /Users/ervinyeoh/Desktop/unimods/is3107/project/.venv/lib/python3.11/site-packages/airflow/example_dags/example_trigger_controller_dag.py took 0.107 seconds
[2025-03-17T17:10:20.797+0800] {processor.py:186} INFO - Started process (PID=13168) to work on /Users/ervinyeoh/Desktop/unimods/is3107/project/.venv/lib/python3.11/site-packages/airflow/example_dags/example_trigger_controller_dag.py
[2025-03-17T17:10:20.798+0800] {processor.py:914} INFO - Processing file /Users/ervinyeoh/Desktop/unimods/is3107/project/.venv/lib/python3.11/site-packages/airflow/example_dags/example_trigger_controller_dag.py for tasks to queue
[2025-03-17T17:10:20.798+0800] {logging_mixin.py:190} INFO - [2025-03-17T17:10:20.798+0800] {dagbag.py:588} INFO - Filling up the DagBag from /Users/ervinyeoh/Desktop/unimods/is3107/project/.venv/lib/python3.11/site-packages/airflow/example_dags/example_trigger_controller_dag.py
[2025-03-17T17:10:20.804+0800] {processor.py:925} INFO - DAG(s) 'example_trigger_controller_dag' retrieved from /Users/ervinyeoh/Desktop/unimods/is3107/project/.venv/lib/python3.11/site-packages/airflow/example_dags/example_trigger_controller_dag.py
[2025-03-17T17:10:20.886+0800] {logging_mixin.py:190} INFO - [2025-03-17T17:10:20.886+0800] {dag.py:3239} INFO - Sync 1 DAGs
[2025-03-17T17:10:20.896+0800] {logging_mixin.py:190} INFO - [2025-03-17T17:10:20.896+0800] {dag.py:4180} INFO - Setting next_dagrun for example_trigger_controller_dag to 2021-01-01 00:00:00+00:00, run_after=2021-01-01 00:00:00+00:00
[2025-03-17T17:10:20.906+0800] {processor.py:208} INFO - Processing /Users/ervinyeoh/Desktop/unimods/is3107/project/.venv/lib/python3.11/site-packages/airflow/example_dags/example_trigger_controller_dag.py took 0.111 seconds
[2025-03-17T17:12:03.049+0800] {processor.py:186} INFO - Started process (PID=13301) to work on /Users/ervinyeoh/Desktop/unimods/is3107/project/.venv/lib/python3.11/site-packages/airflow/example_dags/example_trigger_controller_dag.py
[2025-03-17T17:12:03.050+0800] {processor.py:914} INFO - Processing file /Users/ervinyeoh/Desktop/unimods/is3107/project/.venv/lib/python3.11/site-packages/airflow/example_dags/example_trigger_controller_dag.py for tasks to queue
[2025-03-17T17:12:03.051+0800] {logging_mixin.py:190} INFO - [2025-03-17T17:12:03.051+0800] {dagbag.py:588} INFO - Filling up the DagBag from /Users/ervinyeoh/Desktop/unimods/is3107/project/.venv/lib/python3.11/site-packages/airflow/example_dags/example_trigger_controller_dag.py
[2025-03-17T17:12:03.057+0800] {processor.py:925} INFO - DAG(s) 'example_trigger_controller_dag' retrieved from /Users/ervinyeoh/Desktop/unimods/is3107/project/.venv/lib/python3.11/site-packages/airflow/example_dags/example_trigger_controller_dag.py
[2025-03-17T17:12:03.137+0800] {logging_mixin.py:190} INFO - [2025-03-17T17:12:03.137+0800] {dag.py:3239} INFO - Sync 1 DAGs
[2025-03-17T17:12:03.147+0800] {logging_mixin.py:190} INFO - [2025-03-17T17:12:03.147+0800] {dag.py:4180} INFO - Setting next_dagrun for example_trigger_controller_dag to 2021-01-01 00:00:00+00:00, run_after=2021-01-01 00:00:00+00:00
[2025-03-17T17:12:03.157+0800] {processor.py:208} INFO - Processing /Users/ervinyeoh/Desktop/unimods/is3107/project/.venv/lib/python3.11/site-packages/airflow/example_dags/example_trigger_controller_dag.py took 0.109 seconds
[2025-03-17T17:13:41.080+0800] {processor.py:186} INFO - Started process (PID=13437) to work on /Users/ervinyeoh/Desktop/unimods/is3107/project/.venv/lib/python3.11/site-packages/airflow/example_dags/example_trigger_controller_dag.py
[2025-03-17T17:13:41.081+0800] {processor.py:914} INFO - Processing file /Users/ervinyeoh/Desktop/unimods/is3107/project/.venv/lib/python3.11/site-packages/airflow/example_dags/example_trigger_controller_dag.py for tasks to queue
[2025-03-17T17:13:41.082+0800] {logging_mixin.py:190} INFO - [2025-03-17T17:13:41.082+0800] {dagbag.py:588} INFO - Filling up the DagBag from /Users/ervinyeoh/Desktop/unimods/is3107/project/.venv/lib/python3.11/site-packages/airflow/example_dags/example_trigger_controller_dag.py
[2025-03-17T17:13:41.088+0800] {processor.py:925} INFO - DAG(s) 'example_trigger_controller_dag' retrieved from /Users/ervinyeoh/Desktop/unimods/is3107/project/.venv/lib/python3.11/site-packages/airflow/example_dags/example_trigger_controller_dag.py
[2025-03-17T17:13:41.168+0800] {logging_mixin.py:190} INFO - [2025-03-17T17:13:41.168+0800] {dag.py:3239} INFO - Sync 1 DAGs
[2025-03-17T17:13:41.177+0800] {logging_mixin.py:190} INFO - [2025-03-17T17:13:41.177+0800] {dag.py:4180} INFO - Setting next_dagrun for example_trigger_controller_dag to 2021-01-01 00:00:00+00:00, run_after=2021-01-01 00:00:00+00:00
[2025-03-17T17:13:41.187+0800] {processor.py:208} INFO - Processing /Users/ervinyeoh/Desktop/unimods/is3107/project/.venv/lib/python3.11/site-packages/airflow/example_dags/example_trigger_controller_dag.py took 0.108 seconds
[2025-03-17T17:15:20.756+0800] {processor.py:186} INFO - Started process (PID=13616) to work on /Users/ervinyeoh/Desktop/unimods/is3107/project/.venv/lib/python3.11/site-packages/airflow/example_dags/example_trigger_controller_dag.py
[2025-03-17T17:15:20.756+0800] {processor.py:914} INFO - Processing file /Users/ervinyeoh/Desktop/unimods/is3107/project/.venv/lib/python3.11/site-packages/airflow/example_dags/example_trigger_controller_dag.py for tasks to queue
[2025-03-17T17:15:20.757+0800] {logging_mixin.py:190} INFO - [2025-03-17T17:15:20.757+0800] {dagbag.py:588} INFO - Filling up the DagBag from /Users/ervinyeoh/Desktop/unimods/is3107/project/.venv/lib/python3.11/site-packages/airflow/example_dags/example_trigger_controller_dag.py
[2025-03-17T17:15:20.763+0800] {processor.py:925} INFO - DAG(s) 'example_trigger_controller_dag' retrieved from /Users/ervinyeoh/Desktop/unimods/is3107/project/.venv/lib/python3.11/site-packages/airflow/example_dags/example_trigger_controller_dag.py
[2025-03-17T17:15:20.842+0800] {logging_mixin.py:190} INFO - [2025-03-17T17:15:20.842+0800] {dag.py:3239} INFO - Sync 1 DAGs
[2025-03-17T17:15:20.852+0800] {logging_mixin.py:190} INFO - [2025-03-17T17:15:20.851+0800] {dag.py:4180} INFO - Setting next_dagrun for example_trigger_controller_dag to 2021-01-01 00:00:00+00:00, run_after=2021-01-01 00:00:00+00:00
[2025-03-17T17:15:20.862+0800] {processor.py:208} INFO - Processing /Users/ervinyeoh/Desktop/unimods/is3107/project/.venv/lib/python3.11/site-packages/airflow/example_dags/example_trigger_controller_dag.py took 0.108 seconds
[2025-03-17T17:16:59.706+0800] {processor.py:186} INFO - Started process (PID=13765) to work on /Users/ervinyeoh/Desktop/unimods/is3107/project/.venv/lib/python3.11/site-packages/airflow/example_dags/example_trigger_controller_dag.py
[2025-03-17T17:16:59.706+0800] {processor.py:914} INFO - Processing file /Users/ervinyeoh/Desktop/unimods/is3107/project/.venv/lib/python3.11/site-packages/airflow/example_dags/example_trigger_controller_dag.py for tasks to queue
[2025-03-17T17:16:59.707+0800] {logging_mixin.py:190} INFO - [2025-03-17T17:16:59.707+0800] {dagbag.py:588} INFO - Filling up the DagBag from /Users/ervinyeoh/Desktop/unimods/is3107/project/.venv/lib/python3.11/site-packages/airflow/example_dags/example_trigger_controller_dag.py
[2025-03-17T17:16:59.713+0800] {processor.py:925} INFO - DAG(s) 'example_trigger_controller_dag' retrieved from /Users/ervinyeoh/Desktop/unimods/is3107/project/.venv/lib/python3.11/site-packages/airflow/example_dags/example_trigger_controller_dag.py
[2025-03-17T17:16:59.793+0800] {logging_mixin.py:190} INFO - [2025-03-17T17:16:59.793+0800] {dag.py:3239} INFO - Sync 1 DAGs
[2025-03-17T17:16:59.802+0800] {logging_mixin.py:190} INFO - [2025-03-17T17:16:59.802+0800] {dag.py:4180} INFO - Setting next_dagrun for example_trigger_controller_dag to 2021-01-01 00:00:00+00:00, run_after=2021-01-01 00:00:00+00:00
[2025-03-17T17:16:59.812+0800] {processor.py:208} INFO - Processing /Users/ervinyeoh/Desktop/unimods/is3107/project/.venv/lib/python3.11/site-packages/airflow/example_dags/example_trigger_controller_dag.py took 0.108 seconds
[2025-03-17T17:18:38.587+0800] {processor.py:186} INFO - Started process (PID=13885) to work on /Users/ervinyeoh/Desktop/unimods/is3107/project/.venv/lib/python3.11/site-packages/airflow/example_dags/example_trigger_controller_dag.py
[2025-03-17T17:18:38.588+0800] {processor.py:914} INFO - Processing file /Users/ervinyeoh/Desktop/unimods/is3107/project/.venv/lib/python3.11/site-packages/airflow/example_dags/example_trigger_controller_dag.py for tasks to queue
[2025-03-17T17:18:38.589+0800] {logging_mixin.py:190} INFO - [2025-03-17T17:18:38.589+0800] {dagbag.py:588} INFO - Filling up the DagBag from /Users/ervinyeoh/Desktop/unimods/is3107/project/.venv/lib/python3.11/site-packages/airflow/example_dags/example_trigger_controller_dag.py
[2025-03-17T17:18:38.595+0800] {processor.py:925} INFO - DAG(s) 'example_trigger_controller_dag' retrieved from /Users/ervinyeoh/Desktop/unimods/is3107/project/.venv/lib/python3.11/site-packages/airflow/example_dags/example_trigger_controller_dag.py
[2025-03-17T17:18:38.673+0800] {logging_mixin.py:190} INFO - [2025-03-17T17:18:38.673+0800] {dag.py:3239} INFO - Sync 1 DAGs
[2025-03-17T17:18:38.682+0800] {logging_mixin.py:190} INFO - [2025-03-17T17:18:38.682+0800] {dag.py:4180} INFO - Setting next_dagrun for example_trigger_controller_dag to 2021-01-01 00:00:00+00:00, run_after=2021-01-01 00:00:00+00:00
[2025-03-17T17:18:38.693+0800] {processor.py:208} INFO - Processing /Users/ervinyeoh/Desktop/unimods/is3107/project/.venv/lib/python3.11/site-packages/airflow/example_dags/example_trigger_controller_dag.py took 0.107 seconds
[2025-03-17T17:20:14.349+0800] {processor.py:186} INFO - Started process (PID=13988) to work on /Users/ervinyeoh/Desktop/unimods/is3107/project/.venv/lib/python3.11/site-packages/airflow/example_dags/example_trigger_controller_dag.py
[2025-03-17T17:20:14.351+0800] {processor.py:914} INFO - Processing file /Users/ervinyeoh/Desktop/unimods/is3107/project/.venv/lib/python3.11/site-packages/airflow/example_dags/example_trigger_controller_dag.py for tasks to queue
[2025-03-17T17:20:14.351+0800] {logging_mixin.py:190} INFO - [2025-03-17T17:20:14.351+0800] {dagbag.py:588} INFO - Filling up the DagBag from /Users/ervinyeoh/Desktop/unimods/is3107/project/.venv/lib/python3.11/site-packages/airflow/example_dags/example_trigger_controller_dag.py
[2025-03-17T17:20:14.357+0800] {processor.py:925} INFO - DAG(s) 'example_trigger_controller_dag' retrieved from /Users/ervinyeoh/Desktop/unimods/is3107/project/.venv/lib/python3.11/site-packages/airflow/example_dags/example_trigger_controller_dag.py
[2025-03-17T17:20:14.435+0800] {logging_mixin.py:190} INFO - [2025-03-17T17:20:14.435+0800] {dag.py:3239} INFO - Sync 1 DAGs
[2025-03-17T17:20:14.445+0800] {logging_mixin.py:190} INFO - [2025-03-17T17:20:14.444+0800] {dag.py:4180} INFO - Setting next_dagrun for example_trigger_controller_dag to 2021-01-01 00:00:00+00:00, run_after=2021-01-01 00:00:00+00:00
[2025-03-17T17:20:14.454+0800] {processor.py:208} INFO - Processing /Users/ervinyeoh/Desktop/unimods/is3107/project/.venv/lib/python3.11/site-packages/airflow/example_dags/example_trigger_controller_dag.py took 0.107 seconds
[2025-03-17T17:21:52.917+0800] {processor.py:186} INFO - Started process (PID=14121) to work on /Users/ervinyeoh/Desktop/unimods/is3107/project/.venv/lib/python3.11/site-packages/airflow/example_dags/example_trigger_controller_dag.py
[2025-03-17T17:21:52.918+0800] {processor.py:914} INFO - Processing file /Users/ervinyeoh/Desktop/unimods/is3107/project/.venv/lib/python3.11/site-packages/airflow/example_dags/example_trigger_controller_dag.py for tasks to queue
[2025-03-17T17:21:52.919+0800] {logging_mixin.py:190} INFO - [2025-03-17T17:21:52.919+0800] {dagbag.py:588} INFO - Filling up the DagBag from /Users/ervinyeoh/Desktop/unimods/is3107/project/.venv/lib/python3.11/site-packages/airflow/example_dags/example_trigger_controller_dag.py
[2025-03-17T17:21:52.925+0800] {processor.py:925} INFO - DAG(s) 'example_trigger_controller_dag' retrieved from /Users/ervinyeoh/Desktop/unimods/is3107/project/.venv/lib/python3.11/site-packages/airflow/example_dags/example_trigger_controller_dag.py
[2025-03-17T17:21:53.010+0800] {logging_mixin.py:190} INFO - [2025-03-17T17:21:53.010+0800] {dag.py:3239} INFO - Sync 1 DAGs
[2025-03-17T17:21:53.020+0800] {logging_mixin.py:190} INFO - [2025-03-17T17:21:53.020+0800] {dag.py:4180} INFO - Setting next_dagrun for example_trigger_controller_dag to 2021-01-01 00:00:00+00:00, run_after=2021-01-01 00:00:00+00:00
[2025-03-17T17:21:53.030+0800] {processor.py:208} INFO - Processing /Users/ervinyeoh/Desktop/unimods/is3107/project/.venv/lib/python3.11/site-packages/airflow/example_dags/example_trigger_controller_dag.py took 0.114 seconds
[2025-03-17T17:23:32.079+0800] {processor.py:186} INFO - Started process (PID=14223) to work on /Users/ervinyeoh/Desktop/unimods/is3107/project/.venv/lib/python3.11/site-packages/airflow/example_dags/example_trigger_controller_dag.py
[2025-03-17T17:23:32.080+0800] {processor.py:914} INFO - Processing file /Users/ervinyeoh/Desktop/unimods/is3107/project/.venv/lib/python3.11/site-packages/airflow/example_dags/example_trigger_controller_dag.py for tasks to queue
[2025-03-17T17:23:32.080+0800] {logging_mixin.py:190} INFO - [2025-03-17T17:23:32.080+0800] {dagbag.py:588} INFO - Filling up the DagBag from /Users/ervinyeoh/Desktop/unimods/is3107/project/.venv/lib/python3.11/site-packages/airflow/example_dags/example_trigger_controller_dag.py
[2025-03-17T17:23:32.086+0800] {processor.py:925} INFO - DAG(s) 'example_trigger_controller_dag' retrieved from /Users/ervinyeoh/Desktop/unimods/is3107/project/.venv/lib/python3.11/site-packages/airflow/example_dags/example_trigger_controller_dag.py
[2025-03-17T17:23:32.166+0800] {logging_mixin.py:190} INFO - [2025-03-17T17:23:32.165+0800] {dag.py:3239} INFO - Sync 1 DAGs
[2025-03-17T17:23:32.175+0800] {logging_mixin.py:190} INFO - [2025-03-17T17:23:32.175+0800] {dag.py:4180} INFO - Setting next_dagrun for example_trigger_controller_dag to 2021-01-01 00:00:00+00:00, run_after=2021-01-01 00:00:00+00:00
[2025-03-17T17:23:32.186+0800] {processor.py:208} INFO - Processing /Users/ervinyeoh/Desktop/unimods/is3107/project/.venv/lib/python3.11/site-packages/airflow/example_dags/example_trigger_controller_dag.py took 0.109 seconds
[2025-03-17T17:32:09.317+0800] {processor.py:186} INFO - Started process (PID=14386) to work on /Users/ervinyeoh/Desktop/unimods/is3107/project/.venv/lib/python3.11/site-packages/airflow/example_dags/example_trigger_controller_dag.py
[2025-03-17T17:32:09.318+0800] {processor.py:914} INFO - Processing file /Users/ervinyeoh/Desktop/unimods/is3107/project/.venv/lib/python3.11/site-packages/airflow/example_dags/example_trigger_controller_dag.py for tasks to queue
[2025-03-17T17:32:09.318+0800] {logging_mixin.py:190} INFO - [2025-03-17T17:32:09.318+0800] {dagbag.py:588} INFO - Filling up the DagBag from /Users/ervinyeoh/Desktop/unimods/is3107/project/.venv/lib/python3.11/site-packages/airflow/example_dags/example_trigger_controller_dag.py
[2025-03-17T17:32:09.324+0800] {processor.py:925} INFO - DAG(s) 'example_trigger_controller_dag' retrieved from /Users/ervinyeoh/Desktop/unimods/is3107/project/.venv/lib/python3.11/site-packages/airflow/example_dags/example_trigger_controller_dag.py
[2025-03-17T17:32:09.402+0800] {logging_mixin.py:190} INFO - [2025-03-17T17:32:09.402+0800] {dag.py:3239} INFO - Sync 1 DAGs
[2025-03-17T17:32:09.412+0800] {logging_mixin.py:190} INFO - [2025-03-17T17:32:09.412+0800] {dag.py:4180} INFO - Setting next_dagrun for example_trigger_controller_dag to 2021-01-01 00:00:00+00:00, run_after=2021-01-01 00:00:00+00:00
[2025-03-17T17:32:09.421+0800] {processor.py:208} INFO - Processing /Users/ervinyeoh/Desktop/unimods/is3107/project/.venv/lib/python3.11/site-packages/airflow/example_dags/example_trigger_controller_dag.py took 0.106 seconds
[2025-03-17T18:57:42.747+0800] {processor.py:186} INFO - Started process (PID=14735) to work on /Users/ervinyeoh/Desktop/unimods/is3107/project/.venv/lib/python3.11/site-packages/airflow/example_dags/example_trigger_controller_dag.py
[2025-03-17T18:57:42.748+0800] {processor.py:914} INFO - Processing file /Users/ervinyeoh/Desktop/unimods/is3107/project/.venv/lib/python3.11/site-packages/airflow/example_dags/example_trigger_controller_dag.py for tasks to queue
[2025-03-17T18:57:42.749+0800] {logging_mixin.py:190} INFO - [2025-03-17T18:57:42.749+0800] {dagbag.py:588} INFO - Filling up the DagBag from /Users/ervinyeoh/Desktop/unimods/is3107/project/.venv/lib/python3.11/site-packages/airflow/example_dags/example_trigger_controller_dag.py
[2025-03-17T18:57:42.755+0800] {processor.py:925} INFO - DAG(s) 'example_trigger_controller_dag' retrieved from /Users/ervinyeoh/Desktop/unimods/is3107/project/.venv/lib/python3.11/site-packages/airflow/example_dags/example_trigger_controller_dag.py
[2025-03-17T18:57:42.835+0800] {logging_mixin.py:190} INFO - [2025-03-17T18:57:42.834+0800] {dag.py:3239} INFO - Sync 1 DAGs
[2025-03-17T18:57:42.844+0800] {logging_mixin.py:190} INFO - [2025-03-17T18:57:42.844+0800] {dag.py:4180} INFO - Setting next_dagrun for example_trigger_controller_dag to 2021-01-01 00:00:00+00:00, run_after=2021-01-01 00:00:00+00:00
[2025-03-17T18:57:42.854+0800] {processor.py:208} INFO - Processing /Users/ervinyeoh/Desktop/unimods/is3107/project/.venv/lib/python3.11/site-packages/airflow/example_dags/example_trigger_controller_dag.py took 0.108 seconds
[2025-03-17T19:40:46.487+0800] {processor.py:186} INFO - Started process (PID=15024) to work on /Users/ervinyeoh/Desktop/unimods/is3107/project/.venv/lib/python3.11/site-packages/airflow/example_dags/example_trigger_controller_dag.py
[2025-03-17T19:40:46.488+0800] {processor.py:914} INFO - Processing file /Users/ervinyeoh/Desktop/unimods/is3107/project/.venv/lib/python3.11/site-packages/airflow/example_dags/example_trigger_controller_dag.py for tasks to queue
[2025-03-17T19:40:46.489+0800] {logging_mixin.py:190} INFO - [2025-03-17T19:40:46.489+0800] {dagbag.py:588} INFO - Filling up the DagBag from /Users/ervinyeoh/Desktop/unimods/is3107/project/.venv/lib/python3.11/site-packages/airflow/example_dags/example_trigger_controller_dag.py
[2025-03-17T19:40:46.495+0800] {processor.py:925} INFO - DAG(s) 'example_trigger_controller_dag' retrieved from /Users/ervinyeoh/Desktop/unimods/is3107/project/.venv/lib/python3.11/site-packages/airflow/example_dags/example_trigger_controller_dag.py
[2025-03-17T19:40:46.615+0800] {logging_mixin.py:190} INFO - [2025-03-17T19:40:46.615+0800] {dag.py:3239} INFO - Sync 1 DAGs
[2025-03-17T19:40:46.627+0800] {logging_mixin.py:190} INFO - [2025-03-17T19:40:46.627+0800] {dag.py:4180} INFO - Setting next_dagrun for example_trigger_controller_dag to 2021-01-01 00:00:00+00:00, run_after=2021-01-01 00:00:00+00:00
[2025-03-17T19:40:46.637+0800] {processor.py:208} INFO - Processing /Users/ervinyeoh/Desktop/unimods/is3107/project/.venv/lib/python3.11/site-packages/airflow/example_dags/example_trigger_controller_dag.py took 0.151 seconds
[2025-03-17T19:40:50.569+0800] {processor.py:186} INFO - Started process (PID=15033) to work on /Users/ervinyeoh/Desktop/unimods/is3107/project/.venv/lib/python3.11/site-packages/airflow/example_dags/example_trigger_controller_dag.py
[2025-03-17T19:40:50.569+0800] {processor.py:914} INFO - Processing file /Users/ervinyeoh/Desktop/unimods/is3107/project/.venv/lib/python3.11/site-packages/airflow/example_dags/example_trigger_controller_dag.py for tasks to queue
[2025-03-17T19:40:50.570+0800] {logging_mixin.py:190} INFO - [2025-03-17T19:40:50.570+0800] {dagbag.py:588} INFO - Filling up the DagBag from /Users/ervinyeoh/Desktop/unimods/is3107/project/.venv/lib/python3.11/site-packages/airflow/example_dags/example_trigger_controller_dag.py
[2025-03-17T19:40:50.576+0800] {processor.py:925} INFO - DAG(s) 'example_trigger_controller_dag' retrieved from /Users/ervinyeoh/Desktop/unimods/is3107/project/.venv/lib/python3.11/site-packages/airflow/example_dags/example_trigger_controller_dag.py
[2025-03-17T19:40:50.654+0800] {logging_mixin.py:190} INFO - [2025-03-17T19:40:50.654+0800] {dag.py:3239} INFO - Sync 1 DAGs
[2025-03-17T19:40:50.663+0800] {logging_mixin.py:190} INFO - [2025-03-17T19:40:50.663+0800] {dag.py:4180} INFO - Setting next_dagrun for example_trigger_controller_dag to 2021-01-01 00:00:00+00:00, run_after=2021-01-01 00:00:00+00:00
[2025-03-17T19:40:50.673+0800] {processor.py:208} INFO - Processing /Users/ervinyeoh/Desktop/unimods/is3107/project/.venv/lib/python3.11/site-packages/airflow/example_dags/example_trigger_controller_dag.py took 0.106 seconds
[2025-03-17T19:42:33.687+0800] {processor.py:186} INFO - Started process (PID=15265) to work on /Users/ervinyeoh/Desktop/unimods/is3107/project/.venv/lib/python3.11/site-packages/airflow/example_dags/example_trigger_controller_dag.py
[2025-03-17T19:42:33.688+0800] {processor.py:914} INFO - Processing file /Users/ervinyeoh/Desktop/unimods/is3107/project/.venv/lib/python3.11/site-packages/airflow/example_dags/example_trigger_controller_dag.py for tasks to queue
[2025-03-17T19:42:33.689+0800] {logging_mixin.py:190} INFO - [2025-03-17T19:42:33.689+0800] {dagbag.py:588} INFO - Filling up the DagBag from /Users/ervinyeoh/Desktop/unimods/is3107/project/.venv/lib/python3.11/site-packages/airflow/example_dags/example_trigger_controller_dag.py
[2025-03-17T19:42:33.695+0800] {processor.py:925} INFO - DAG(s) 'example_trigger_controller_dag' retrieved from /Users/ervinyeoh/Desktop/unimods/is3107/project/.venv/lib/python3.11/site-packages/airflow/example_dags/example_trigger_controller_dag.py
[2025-03-17T19:42:33.775+0800] {logging_mixin.py:190} INFO - [2025-03-17T19:42:33.775+0800] {dag.py:3239} INFO - Sync 1 DAGs
[2025-03-17T19:42:33.786+0800] {logging_mixin.py:190} INFO - [2025-03-17T19:42:33.786+0800] {dag.py:4180} INFO - Setting next_dagrun for example_trigger_controller_dag to 2021-01-01 00:00:00+00:00, run_after=2021-01-01 00:00:00+00:00
[2025-03-17T19:42:33.796+0800] {processor.py:208} INFO - Processing /Users/ervinyeoh/Desktop/unimods/is3107/project/.venv/lib/python3.11/site-packages/airflow/example_dags/example_trigger_controller_dag.py took 0.111 seconds
[2025-03-17T19:43:37.867+0800] {processor.py:186} INFO - Started process (PID=15381) to work on /Users/ervinyeoh/Desktop/unimods/is3107/project/.venv/lib/python3.11/site-packages/airflow/example_dags/example_trigger_controller_dag.py
[2025-03-17T19:43:37.869+0800] {processor.py:914} INFO - Processing file /Users/ervinyeoh/Desktop/unimods/is3107/project/.venv/lib/python3.11/site-packages/airflow/example_dags/example_trigger_controller_dag.py for tasks to queue
[2025-03-17T19:43:37.869+0800] {logging_mixin.py:190} INFO - [2025-03-17T19:43:37.869+0800] {dagbag.py:588} INFO - Filling up the DagBag from /Users/ervinyeoh/Desktop/unimods/is3107/project/.venv/lib/python3.11/site-packages/airflow/example_dags/example_trigger_controller_dag.py
[2025-03-17T19:43:37.875+0800] {processor.py:925} INFO - DAG(s) 'example_trigger_controller_dag' retrieved from /Users/ervinyeoh/Desktop/unimods/is3107/project/.venv/lib/python3.11/site-packages/airflow/example_dags/example_trigger_controller_dag.py
[2025-03-17T19:43:37.958+0800] {logging_mixin.py:190} INFO - [2025-03-17T19:43:37.958+0800] {dag.py:3239} INFO - Sync 1 DAGs
[2025-03-17T19:43:37.968+0800] {logging_mixin.py:190} INFO - [2025-03-17T19:43:37.968+0800] {dag.py:4180} INFO - Setting next_dagrun for example_trigger_controller_dag to 2021-01-01 00:00:00+00:00, run_after=2021-01-01 00:00:00+00:00
[2025-03-17T19:43:37.977+0800] {processor.py:208} INFO - Processing /Users/ervinyeoh/Desktop/unimods/is3107/project/.venv/lib/python3.11/site-packages/airflow/example_dags/example_trigger_controller_dag.py took 0.112 seconds
[2025-03-17T19:44:36.890+0800] {processor.py:186} INFO - Started process (PID=15520) to work on /Users/ervinyeoh/Desktop/unimods/is3107/project/.venv/lib/python3.11/site-packages/airflow/example_dags/example_trigger_controller_dag.py
[2025-03-17T19:44:36.891+0800] {processor.py:914} INFO - Processing file /Users/ervinyeoh/Desktop/unimods/is3107/project/.venv/lib/python3.11/site-packages/airflow/example_dags/example_trigger_controller_dag.py for tasks to queue
[2025-03-17T19:44:36.892+0800] {logging_mixin.py:190} INFO - [2025-03-17T19:44:36.892+0800] {dagbag.py:588} INFO - Filling up the DagBag from /Users/ervinyeoh/Desktop/unimods/is3107/project/.venv/lib/python3.11/site-packages/airflow/example_dags/example_trigger_controller_dag.py
[2025-03-17T19:44:36.898+0800] {processor.py:925} INFO - DAG(s) 'example_trigger_controller_dag' retrieved from /Users/ervinyeoh/Desktop/unimods/is3107/project/.venv/lib/python3.11/site-packages/airflow/example_dags/example_trigger_controller_dag.py
[2025-03-17T19:44:36.984+0800] {logging_mixin.py:190} INFO - [2025-03-17T19:44:36.983+0800] {dag.py:3239} INFO - Sync 1 DAGs
[2025-03-17T19:44:36.993+0800] {logging_mixin.py:190} INFO - [2025-03-17T19:44:36.993+0800] {dag.py:4180} INFO - Setting next_dagrun for example_trigger_controller_dag to 2021-01-01 00:00:00+00:00, run_after=2021-01-01 00:00:00+00:00
[2025-03-17T19:44:37.003+0800] {processor.py:208} INFO - Processing /Users/ervinyeoh/Desktop/unimods/is3107/project/.venv/lib/python3.11/site-packages/airflow/example_dags/example_trigger_controller_dag.py took 0.115 seconds
[2025-03-17T19:45:49.393+0800] {processor.py:186} INFO - Started process (PID=15711) to work on /Users/ervinyeoh/Desktop/unimods/is3107/project/.venv/lib/python3.11/site-packages/airflow/example_dags/example_trigger_controller_dag.py
[2025-03-17T19:45:49.394+0800] {processor.py:914} INFO - Processing file /Users/ervinyeoh/Desktop/unimods/is3107/project/.venv/lib/python3.11/site-packages/airflow/example_dags/example_trigger_controller_dag.py for tasks to queue
[2025-03-17T19:45:49.395+0800] {logging_mixin.py:190} INFO - [2025-03-17T19:45:49.394+0800] {dagbag.py:588} INFO - Filling up the DagBag from /Users/ervinyeoh/Desktop/unimods/is3107/project/.venv/lib/python3.11/site-packages/airflow/example_dags/example_trigger_controller_dag.py
[2025-03-17T19:45:49.401+0800] {processor.py:925} INFO - DAG(s) 'example_trigger_controller_dag' retrieved from /Users/ervinyeoh/Desktop/unimods/is3107/project/.venv/lib/python3.11/site-packages/airflow/example_dags/example_trigger_controller_dag.py
[2025-03-17T19:45:49.485+0800] {logging_mixin.py:190} INFO - [2025-03-17T19:45:49.485+0800] {dag.py:3239} INFO - Sync 1 DAGs
[2025-03-17T19:45:49.495+0800] {logging_mixin.py:190} INFO - [2025-03-17T19:45:49.494+0800] {dag.py:4180} INFO - Setting next_dagrun for example_trigger_controller_dag to 2021-01-01 00:00:00+00:00, run_after=2021-01-01 00:00:00+00:00
[2025-03-17T19:45:49.504+0800] {processor.py:208} INFO - Processing /Users/ervinyeoh/Desktop/unimods/is3107/project/.venv/lib/python3.11/site-packages/airflow/example_dags/example_trigger_controller_dag.py took 0.113 seconds
[2025-03-17T19:46:49.868+0800] {processor.py:186} INFO - Started process (PID=15853) to work on /Users/ervinyeoh/Desktop/unimods/is3107/project/.venv/lib/python3.11/site-packages/airflow/example_dags/example_trigger_controller_dag.py
[2025-03-17T19:46:49.869+0800] {processor.py:914} INFO - Processing file /Users/ervinyeoh/Desktop/unimods/is3107/project/.venv/lib/python3.11/site-packages/airflow/example_dags/example_trigger_controller_dag.py for tasks to queue
[2025-03-17T19:46:49.870+0800] {logging_mixin.py:190} INFO - [2025-03-17T19:46:49.870+0800] {dagbag.py:588} INFO - Filling up the DagBag from /Users/ervinyeoh/Desktop/unimods/is3107/project/.venv/lib/python3.11/site-packages/airflow/example_dags/example_trigger_controller_dag.py
[2025-03-17T19:46:49.876+0800] {processor.py:925} INFO - DAG(s) 'example_trigger_controller_dag' retrieved from /Users/ervinyeoh/Desktop/unimods/is3107/project/.venv/lib/python3.11/site-packages/airflow/example_dags/example_trigger_controller_dag.py
[2025-03-17T19:46:49.957+0800] {logging_mixin.py:190} INFO - [2025-03-17T19:46:49.957+0800] {dag.py:3239} INFO - Sync 1 DAGs
[2025-03-17T19:46:49.967+0800] {logging_mixin.py:190} INFO - [2025-03-17T19:46:49.966+0800] {dag.py:4180} INFO - Setting next_dagrun for example_trigger_controller_dag to 2021-01-01 00:00:00+00:00, run_after=2021-01-01 00:00:00+00:00
[2025-03-17T19:46:49.976+0800] {processor.py:208} INFO - Processing /Users/ervinyeoh/Desktop/unimods/is3107/project/.venv/lib/python3.11/site-packages/airflow/example_dags/example_trigger_controller_dag.py took 0.110 seconds
[2025-03-17T19:47:27.524+0800] {processor.py:186} INFO - Started process (PID=15923) to work on /Users/ervinyeoh/Desktop/unimods/is3107/project/.venv/lib/python3.11/site-packages/airflow/example_dags/example_trigger_controller_dag.py
[2025-03-17T19:47:27.525+0800] {processor.py:914} INFO - Processing file /Users/ervinyeoh/Desktop/unimods/is3107/project/.venv/lib/python3.11/site-packages/airflow/example_dags/example_trigger_controller_dag.py for tasks to queue
[2025-03-17T19:47:27.526+0800] {logging_mixin.py:190} INFO - [2025-03-17T19:47:27.526+0800] {dagbag.py:588} INFO - Filling up the DagBag from /Users/ervinyeoh/Desktop/unimods/is3107/project/.venv/lib/python3.11/site-packages/airflow/example_dags/example_trigger_controller_dag.py
[2025-03-17T19:47:27.532+0800] {processor.py:925} INFO - DAG(s) 'example_trigger_controller_dag' retrieved from /Users/ervinyeoh/Desktop/unimods/is3107/project/.venv/lib/python3.11/site-packages/airflow/example_dags/example_trigger_controller_dag.py
[2025-03-17T19:47:27.610+0800] {logging_mixin.py:190} INFO - [2025-03-17T19:47:27.610+0800] {dag.py:3239} INFO - Sync 1 DAGs
[2025-03-17T19:47:27.622+0800] {logging_mixin.py:190} INFO - [2025-03-17T19:47:27.622+0800] {dag.py:4180} INFO - Setting next_dagrun for example_trigger_controller_dag to 2021-01-01 00:00:00+00:00, run_after=2021-01-01 00:00:00+00:00
[2025-03-17T19:47:27.634+0800] {processor.py:208} INFO - Processing /Users/ervinyeoh/Desktop/unimods/is3107/project/.venv/lib/python3.11/site-packages/airflow/example_dags/example_trigger_controller_dag.py took 0.113 seconds
[2025-03-17T19:48:34.241+0800] {processor.py:186} INFO - Started process (PID=16057) to work on /Users/ervinyeoh/Desktop/unimods/is3107/project/.venv/lib/python3.11/site-packages/airflow/example_dags/example_trigger_controller_dag.py
[2025-03-17T19:48:34.242+0800] {processor.py:914} INFO - Processing file /Users/ervinyeoh/Desktop/unimods/is3107/project/.venv/lib/python3.11/site-packages/airflow/example_dags/example_trigger_controller_dag.py for tasks to queue
[2025-03-17T19:48:34.243+0800] {logging_mixin.py:190} INFO - [2025-03-17T19:48:34.243+0800] {dagbag.py:588} INFO - Filling up the DagBag from /Users/ervinyeoh/Desktop/unimods/is3107/project/.venv/lib/python3.11/site-packages/airflow/example_dags/example_trigger_controller_dag.py
[2025-03-17T19:48:34.249+0800] {processor.py:925} INFO - DAG(s) 'example_trigger_controller_dag' retrieved from /Users/ervinyeoh/Desktop/unimods/is3107/project/.venv/lib/python3.11/site-packages/airflow/example_dags/example_trigger_controller_dag.py
[2025-03-17T19:48:34.328+0800] {logging_mixin.py:190} INFO - [2025-03-17T19:48:34.328+0800] {dag.py:3239} INFO - Sync 1 DAGs
[2025-03-17T19:48:34.338+0800] {logging_mixin.py:190} INFO - [2025-03-17T19:48:34.337+0800] {dag.py:4180} INFO - Setting next_dagrun for example_trigger_controller_dag to 2021-01-01 00:00:00+00:00, run_after=2021-01-01 00:00:00+00:00
[2025-03-17T19:48:34.347+0800] {processor.py:208} INFO - Processing /Users/ervinyeoh/Desktop/unimods/is3107/project/.venv/lib/python3.11/site-packages/airflow/example_dags/example_trigger_controller_dag.py took 0.107 seconds
[2025-03-17T19:49:12.879+0800] {processor.py:186} INFO - Started process (PID=16132) to work on /Users/ervinyeoh/Desktop/unimods/is3107/project/.venv/lib/python3.11/site-packages/airflow/example_dags/example_trigger_controller_dag.py
[2025-03-17T19:49:12.880+0800] {processor.py:914} INFO - Processing file /Users/ervinyeoh/Desktop/unimods/is3107/project/.venv/lib/python3.11/site-packages/airflow/example_dags/example_trigger_controller_dag.py for tasks to queue
[2025-03-17T19:49:12.880+0800] {logging_mixin.py:190} INFO - [2025-03-17T19:49:12.880+0800] {dagbag.py:588} INFO - Filling up the DagBag from /Users/ervinyeoh/Desktop/unimods/is3107/project/.venv/lib/python3.11/site-packages/airflow/example_dags/example_trigger_controller_dag.py
[2025-03-17T19:49:12.887+0800] {processor.py:925} INFO - DAG(s) 'example_trigger_controller_dag' retrieved from /Users/ervinyeoh/Desktop/unimods/is3107/project/.venv/lib/python3.11/site-packages/airflow/example_dags/example_trigger_controller_dag.py
[2025-03-17T19:49:12.981+0800] {logging_mixin.py:190} INFO - [2025-03-17T19:49:12.981+0800] {dag.py:3239} INFO - Sync 1 DAGs
[2025-03-17T19:49:12.991+0800] {logging_mixin.py:190} INFO - [2025-03-17T19:49:12.991+0800] {dag.py:4180} INFO - Setting next_dagrun for example_trigger_controller_dag to 2021-01-01 00:00:00+00:00, run_after=2021-01-01 00:00:00+00:00
[2025-03-17T19:49:13.001+0800] {processor.py:208} INFO - Processing /Users/ervinyeoh/Desktop/unimods/is3107/project/.venv/lib/python3.11/site-packages/airflow/example_dags/example_trigger_controller_dag.py took 0.125 seconds
[2025-03-17T19:50:17.924+0800] {processor.py:186} INFO - Started process (PID=16265) to work on /Users/ervinyeoh/Desktop/unimods/is3107/project/.venv/lib/python3.11/site-packages/airflow/example_dags/example_trigger_controller_dag.py
[2025-03-17T19:50:17.925+0800] {processor.py:914} INFO - Processing file /Users/ervinyeoh/Desktop/unimods/is3107/project/.venv/lib/python3.11/site-packages/airflow/example_dags/example_trigger_controller_dag.py for tasks to queue
[2025-03-17T19:50:17.925+0800] {logging_mixin.py:190} INFO - [2025-03-17T19:50:17.925+0800] {dagbag.py:588} INFO - Filling up the DagBag from /Users/ervinyeoh/Desktop/unimods/is3107/project/.venv/lib/python3.11/site-packages/airflow/example_dags/example_trigger_controller_dag.py
[2025-03-17T19:50:17.932+0800] {processor.py:925} INFO - DAG(s) 'example_trigger_controller_dag' retrieved from /Users/ervinyeoh/Desktop/unimods/is3107/project/.venv/lib/python3.11/site-packages/airflow/example_dags/example_trigger_controller_dag.py
[2025-03-17T19:50:18.012+0800] {logging_mixin.py:190} INFO - [2025-03-17T19:50:18.012+0800] {dag.py:3239} INFO - Sync 1 DAGs
[2025-03-17T19:50:18.027+0800] {logging_mixin.py:190} INFO - [2025-03-17T19:50:18.026+0800] {dag.py:4180} INFO - Setting next_dagrun for example_trigger_controller_dag to 2021-01-01 00:00:00+00:00, run_after=2021-01-01 00:00:00+00:00
[2025-03-17T19:50:18.071+0800] {processor.py:208} INFO - Processing /Users/ervinyeoh/Desktop/unimods/is3107/project/.venv/lib/python3.11/site-packages/airflow/example_dags/example_trigger_controller_dag.py took 0.149 seconds
[2025-03-17T19:50:55.725+0800] {processor.py:186} INFO - Started process (PID=16338) to work on /Users/ervinyeoh/Desktop/unimods/is3107/project/.venv/lib/python3.11/site-packages/airflow/example_dags/example_trigger_controller_dag.py
[2025-03-17T19:50:55.726+0800] {processor.py:914} INFO - Processing file /Users/ervinyeoh/Desktop/unimods/is3107/project/.venv/lib/python3.11/site-packages/airflow/example_dags/example_trigger_controller_dag.py for tasks to queue
[2025-03-17T19:50:55.727+0800] {logging_mixin.py:190} INFO - [2025-03-17T19:50:55.727+0800] {dagbag.py:588} INFO - Filling up the DagBag from /Users/ervinyeoh/Desktop/unimods/is3107/project/.venv/lib/python3.11/site-packages/airflow/example_dags/example_trigger_controller_dag.py
[2025-03-17T19:50:55.733+0800] {processor.py:925} INFO - DAG(s) 'example_trigger_controller_dag' retrieved from /Users/ervinyeoh/Desktop/unimods/is3107/project/.venv/lib/python3.11/site-packages/airflow/example_dags/example_trigger_controller_dag.py
[2025-03-17T19:50:55.814+0800] {logging_mixin.py:190} INFO - [2025-03-17T19:50:55.814+0800] {dag.py:3239} INFO - Sync 1 DAGs
[2025-03-17T19:50:55.823+0800] {logging_mixin.py:190} INFO - [2025-03-17T19:50:55.823+0800] {dag.py:4180} INFO - Setting next_dagrun for example_trigger_controller_dag to 2021-01-01 00:00:00+00:00, run_after=2021-01-01 00:00:00+00:00
[2025-03-17T19:50:55.833+0800] {processor.py:208} INFO - Processing /Users/ervinyeoh/Desktop/unimods/is3107/project/.venv/lib/python3.11/site-packages/airflow/example_dags/example_trigger_controller_dag.py took 0.110 seconds
[2025-03-17T19:51:56.996+0800] {processor.py:186} INFO - Started process (PID=16458) to work on /Users/ervinyeoh/Desktop/unimods/is3107/project/.venv/lib/python3.11/site-packages/airflow/example_dags/example_trigger_controller_dag.py
[2025-03-17T19:51:56.997+0800] {processor.py:914} INFO - Processing file /Users/ervinyeoh/Desktop/unimods/is3107/project/.venv/lib/python3.11/site-packages/airflow/example_dags/example_trigger_controller_dag.py for tasks to queue
[2025-03-17T19:51:56.998+0800] {logging_mixin.py:190} INFO - [2025-03-17T19:51:56.997+0800] {dagbag.py:588} INFO - Filling up the DagBag from /Users/ervinyeoh/Desktop/unimods/is3107/project/.venv/lib/python3.11/site-packages/airflow/example_dags/example_trigger_controller_dag.py
[2025-03-17T19:51:57.004+0800] {processor.py:925} INFO - DAG(s) 'example_trigger_controller_dag' retrieved from /Users/ervinyeoh/Desktop/unimods/is3107/project/.venv/lib/python3.11/site-packages/airflow/example_dags/example_trigger_controller_dag.py
[2025-03-17T19:51:57.095+0800] {logging_mixin.py:190} INFO - [2025-03-17T19:51:57.095+0800] {dag.py:3239} INFO - Sync 1 DAGs
[2025-03-17T19:51:57.106+0800] {logging_mixin.py:190} INFO - [2025-03-17T19:51:57.106+0800] {dag.py:4180} INFO - Setting next_dagrun for example_trigger_controller_dag to 2021-01-01 00:00:00+00:00, run_after=2021-01-01 00:00:00+00:00
[2025-03-17T19:51:57.115+0800] {processor.py:208} INFO - Processing /Users/ervinyeoh/Desktop/unimods/is3107/project/.venv/lib/python3.11/site-packages/airflow/example_dags/example_trigger_controller_dag.py took 0.121 seconds
[2025-03-17T19:52:34.144+0800] {processor.py:186} INFO - Started process (PID=16533) to work on /Users/ervinyeoh/Desktop/unimods/is3107/project/.venv/lib/python3.11/site-packages/airflow/example_dags/example_trigger_controller_dag.py
[2025-03-17T19:52:34.145+0800] {processor.py:914} INFO - Processing file /Users/ervinyeoh/Desktop/unimods/is3107/project/.venv/lib/python3.11/site-packages/airflow/example_dags/example_trigger_controller_dag.py for tasks to queue
[2025-03-17T19:52:34.146+0800] {logging_mixin.py:190} INFO - [2025-03-17T19:52:34.146+0800] {dagbag.py:588} INFO - Filling up the DagBag from /Users/ervinyeoh/Desktop/unimods/is3107/project/.venv/lib/python3.11/site-packages/airflow/example_dags/example_trigger_controller_dag.py
[2025-03-17T19:52:34.152+0800] {processor.py:925} INFO - DAG(s) 'example_trigger_controller_dag' retrieved from /Users/ervinyeoh/Desktop/unimods/is3107/project/.venv/lib/python3.11/site-packages/airflow/example_dags/example_trigger_controller_dag.py
[2025-03-17T19:52:34.231+0800] {logging_mixin.py:190} INFO - [2025-03-17T19:52:34.231+0800] {dag.py:3239} INFO - Sync 1 DAGs
[2025-03-17T19:52:34.240+0800] {logging_mixin.py:190} INFO - [2025-03-17T19:52:34.240+0800] {dag.py:4180} INFO - Setting next_dagrun for example_trigger_controller_dag to 2021-01-01 00:00:00+00:00, run_after=2021-01-01 00:00:00+00:00
[2025-03-17T19:52:34.250+0800] {processor.py:208} INFO - Processing /Users/ervinyeoh/Desktop/unimods/is3107/project/.venv/lib/python3.11/site-packages/airflow/example_dags/example_trigger_controller_dag.py took 0.108 seconds
[2025-03-17T19:53:36.196+0800] {processor.py:186} INFO - Started process (PID=16654) to work on /Users/ervinyeoh/Desktop/unimods/is3107/project/.venv/lib/python3.11/site-packages/airflow/example_dags/example_trigger_controller_dag.py
[2025-03-17T19:53:36.197+0800] {processor.py:914} INFO - Processing file /Users/ervinyeoh/Desktop/unimods/is3107/project/.venv/lib/python3.11/site-packages/airflow/example_dags/example_trigger_controller_dag.py for tasks to queue
[2025-03-17T19:53:36.197+0800] {logging_mixin.py:190} INFO - [2025-03-17T19:53:36.197+0800] {dagbag.py:588} INFO - Filling up the DagBag from /Users/ervinyeoh/Desktop/unimods/is3107/project/.venv/lib/python3.11/site-packages/airflow/example_dags/example_trigger_controller_dag.py
[2025-03-17T19:53:36.204+0800] {processor.py:925} INFO - DAG(s) 'example_trigger_controller_dag' retrieved from /Users/ervinyeoh/Desktop/unimods/is3107/project/.venv/lib/python3.11/site-packages/airflow/example_dags/example_trigger_controller_dag.py
[2025-03-17T19:53:36.289+0800] {logging_mixin.py:190} INFO - [2025-03-17T19:53:36.289+0800] {dag.py:3239} INFO - Sync 1 DAGs
[2025-03-17T19:53:36.299+0800] {logging_mixin.py:190} INFO - [2025-03-17T19:53:36.299+0800] {dag.py:4180} INFO - Setting next_dagrun for example_trigger_controller_dag to 2021-01-01 00:00:00+00:00, run_after=2021-01-01 00:00:00+00:00
[2025-03-17T19:53:36.309+0800] {processor.py:208} INFO - Processing /Users/ervinyeoh/Desktop/unimods/is3107/project/.venv/lib/python3.11/site-packages/airflow/example_dags/example_trigger_controller_dag.py took 0.115 seconds
[2025-03-17T19:54:13.427+0800] {processor.py:186} INFO - Started process (PID=16749) to work on /Users/ervinyeoh/Desktop/unimods/is3107/project/.venv/lib/python3.11/site-packages/airflow/example_dags/example_trigger_controller_dag.py
[2025-03-17T19:54:13.428+0800] {processor.py:914} INFO - Processing file /Users/ervinyeoh/Desktop/unimods/is3107/project/.venv/lib/python3.11/site-packages/airflow/example_dags/example_trigger_controller_dag.py for tasks to queue
[2025-03-17T19:54:13.429+0800] {logging_mixin.py:190} INFO - [2025-03-17T19:54:13.429+0800] {dagbag.py:588} INFO - Filling up the DagBag from /Users/ervinyeoh/Desktop/unimods/is3107/project/.venv/lib/python3.11/site-packages/airflow/example_dags/example_trigger_controller_dag.py
[2025-03-17T19:54:13.435+0800] {processor.py:925} INFO - DAG(s) 'example_trigger_controller_dag' retrieved from /Users/ervinyeoh/Desktop/unimods/is3107/project/.venv/lib/python3.11/site-packages/airflow/example_dags/example_trigger_controller_dag.py
[2025-03-17T19:54:13.520+0800] {logging_mixin.py:190} INFO - [2025-03-17T19:54:13.520+0800] {dag.py:3239} INFO - Sync 1 DAGs
[2025-03-17T19:54:13.530+0800] {logging_mixin.py:190} INFO - [2025-03-17T19:54:13.530+0800] {dag.py:4180} INFO - Setting next_dagrun for example_trigger_controller_dag to 2021-01-01 00:00:00+00:00, run_after=2021-01-01 00:00:00+00:00
[2025-03-17T19:54:13.540+0800] {processor.py:208} INFO - Processing /Users/ervinyeoh/Desktop/unimods/is3107/project/.venv/lib/python3.11/site-packages/airflow/example_dags/example_trigger_controller_dag.py took 0.114 seconds
[2025-03-17T19:55:21.730+0800] {processor.py:186} INFO - Started process (PID=16960) to work on /Users/ervinyeoh/Desktop/unimods/is3107/project/.venv/lib/python3.11/site-packages/airflow/example_dags/example_trigger_controller_dag.py
[2025-03-17T19:55:21.731+0800] {processor.py:914} INFO - Processing file /Users/ervinyeoh/Desktop/unimods/is3107/project/.venv/lib/python3.11/site-packages/airflow/example_dags/example_trigger_controller_dag.py for tasks to queue
[2025-03-17T19:55:21.732+0800] {logging_mixin.py:190} INFO - [2025-03-17T19:55:21.731+0800] {dagbag.py:588} INFO - Filling up the DagBag from /Users/ervinyeoh/Desktop/unimods/is3107/project/.venv/lib/python3.11/site-packages/airflow/example_dags/example_trigger_controller_dag.py
[2025-03-17T19:55:21.738+0800] {processor.py:925} INFO - DAG(s) 'example_trigger_controller_dag' retrieved from /Users/ervinyeoh/Desktop/unimods/is3107/project/.venv/lib/python3.11/site-packages/airflow/example_dags/example_trigger_controller_dag.py
[2025-03-17T19:55:21.819+0800] {logging_mixin.py:190} INFO - [2025-03-17T19:55:21.819+0800] {dag.py:3239} INFO - Sync 1 DAGs
[2025-03-17T19:55:21.829+0800] {logging_mixin.py:190} INFO - [2025-03-17T19:55:21.829+0800] {dag.py:4180} INFO - Setting next_dagrun for example_trigger_controller_dag to 2021-01-01 00:00:00+00:00, run_after=2021-01-01 00:00:00+00:00
[2025-03-17T19:55:21.838+0800] {processor.py:208} INFO - Processing /Users/ervinyeoh/Desktop/unimods/is3107/project/.venv/lib/python3.11/site-packages/airflow/example_dags/example_trigger_controller_dag.py took 0.110 seconds
[2025-03-17T19:55:58.407+0800] {processor.py:186} INFO - Started process (PID=17070) to work on /Users/ervinyeoh/Desktop/unimods/is3107/project/.venv/lib/python3.11/site-packages/airflow/example_dags/example_trigger_controller_dag.py
[2025-03-17T19:55:58.409+0800] {processor.py:914} INFO - Processing file /Users/ervinyeoh/Desktop/unimods/is3107/project/.venv/lib/python3.11/site-packages/airflow/example_dags/example_trigger_controller_dag.py for tasks to queue
[2025-03-17T19:55:58.410+0800] {logging_mixin.py:190} INFO - [2025-03-17T19:55:58.410+0800] {dagbag.py:588} INFO - Filling up the DagBag from /Users/ervinyeoh/Desktop/unimods/is3107/project/.venv/lib/python3.11/site-packages/airflow/example_dags/example_trigger_controller_dag.py
[2025-03-17T19:55:58.418+0800] {processor.py:925} INFO - DAG(s) 'example_trigger_controller_dag' retrieved from /Users/ervinyeoh/Desktop/unimods/is3107/project/.venv/lib/python3.11/site-packages/airflow/example_dags/example_trigger_controller_dag.py
[2025-03-17T19:55:58.506+0800] {logging_mixin.py:190} INFO - [2025-03-17T19:55:58.506+0800] {dag.py:3239} INFO - Sync 1 DAGs
[2025-03-17T19:55:58.516+0800] {logging_mixin.py:190} INFO - [2025-03-17T19:55:58.516+0800] {dag.py:4180} INFO - Setting next_dagrun for example_trigger_controller_dag to 2021-01-01 00:00:00+00:00, run_after=2021-01-01 00:00:00+00:00
[2025-03-17T19:55:58.532+0800] {processor.py:208} INFO - Processing /Users/ervinyeoh/Desktop/unimods/is3107/project/.venv/lib/python3.11/site-packages/airflow/example_dags/example_trigger_controller_dag.py took 0.127 seconds
[2025-03-17T19:57:04.032+0800] {processor.py:186} INFO - Started process (PID=17219) to work on /Users/ervinyeoh/Desktop/unimods/is3107/project/.venv/lib/python3.11/site-packages/airflow/example_dags/example_trigger_controller_dag.py
[2025-03-17T19:57:04.033+0800] {processor.py:914} INFO - Processing file /Users/ervinyeoh/Desktop/unimods/is3107/project/.venv/lib/python3.11/site-packages/airflow/example_dags/example_trigger_controller_dag.py for tasks to queue
[2025-03-17T19:57:04.034+0800] {logging_mixin.py:190} INFO - [2025-03-17T19:57:04.034+0800] {dagbag.py:588} INFO - Filling up the DagBag from /Users/ervinyeoh/Desktop/unimods/is3107/project/.venv/lib/python3.11/site-packages/airflow/example_dags/example_trigger_controller_dag.py
[2025-03-17T19:57:04.040+0800] {processor.py:925} INFO - DAG(s) 'example_trigger_controller_dag' retrieved from /Users/ervinyeoh/Desktop/unimods/is3107/project/.venv/lib/python3.11/site-packages/airflow/example_dags/example_trigger_controller_dag.py
[2025-03-17T19:57:04.119+0800] {logging_mixin.py:190} INFO - [2025-03-17T19:57:04.119+0800] {dag.py:3239} INFO - Sync 1 DAGs
[2025-03-17T19:57:04.128+0800] {logging_mixin.py:190} INFO - [2025-03-17T19:57:04.128+0800] {dag.py:4180} INFO - Setting next_dagrun for example_trigger_controller_dag to 2021-01-01 00:00:00+00:00, run_after=2021-01-01 00:00:00+00:00
[2025-03-17T19:57:04.138+0800] {processor.py:208} INFO - Processing /Users/ervinyeoh/Desktop/unimods/is3107/project/.venv/lib/python3.11/site-packages/airflow/example_dags/example_trigger_controller_dag.py took 0.107 seconds
[2025-03-17T19:57:41.384+0800] {processor.py:186} INFO - Started process (PID=17323) to work on /Users/ervinyeoh/Desktop/unimods/is3107/project/.venv/lib/python3.11/site-packages/airflow/example_dags/example_trigger_controller_dag.py
[2025-03-17T19:57:41.385+0800] {processor.py:914} INFO - Processing file /Users/ervinyeoh/Desktop/unimods/is3107/project/.venv/lib/python3.11/site-packages/airflow/example_dags/example_trigger_controller_dag.py for tasks to queue
[2025-03-17T19:57:41.386+0800] {logging_mixin.py:190} INFO - [2025-03-17T19:57:41.386+0800] {dagbag.py:588} INFO - Filling up the DagBag from /Users/ervinyeoh/Desktop/unimods/is3107/project/.venv/lib/python3.11/site-packages/airflow/example_dags/example_trigger_controller_dag.py
[2025-03-17T19:57:41.392+0800] {processor.py:925} INFO - DAG(s) 'example_trigger_controller_dag' retrieved from /Users/ervinyeoh/Desktop/unimods/is3107/project/.venv/lib/python3.11/site-packages/airflow/example_dags/example_trigger_controller_dag.py
[2025-03-17T19:57:41.470+0800] {logging_mixin.py:190} INFO - [2025-03-17T19:57:41.470+0800] {dag.py:3239} INFO - Sync 1 DAGs
[2025-03-17T19:57:41.480+0800] {logging_mixin.py:190} INFO - [2025-03-17T19:57:41.480+0800] {dag.py:4180} INFO - Setting next_dagrun for example_trigger_controller_dag to 2021-01-01 00:00:00+00:00, run_after=2021-01-01 00:00:00+00:00
[2025-03-17T19:57:41.489+0800] {processor.py:208} INFO - Processing /Users/ervinyeoh/Desktop/unimods/is3107/project/.venv/lib/python3.11/site-packages/airflow/example_dags/example_trigger_controller_dag.py took 0.107 seconds
[2025-03-17T19:58:44.635+0800] {processor.py:186} INFO - Started process (PID=17451) to work on /Users/ervinyeoh/Desktop/unimods/is3107/project/.venv/lib/python3.11/site-packages/airflow/example_dags/example_trigger_controller_dag.py
[2025-03-17T19:58:44.636+0800] {processor.py:914} INFO - Processing file /Users/ervinyeoh/Desktop/unimods/is3107/project/.venv/lib/python3.11/site-packages/airflow/example_dags/example_trigger_controller_dag.py for tasks to queue
[2025-03-17T19:58:44.636+0800] {logging_mixin.py:190} INFO - [2025-03-17T19:58:44.636+0800] {dagbag.py:588} INFO - Filling up the DagBag from /Users/ervinyeoh/Desktop/unimods/is3107/project/.venv/lib/python3.11/site-packages/airflow/example_dags/example_trigger_controller_dag.py
[2025-03-17T19:58:44.643+0800] {processor.py:925} INFO - DAG(s) 'example_trigger_controller_dag' retrieved from /Users/ervinyeoh/Desktop/unimods/is3107/project/.venv/lib/python3.11/site-packages/airflow/example_dags/example_trigger_controller_dag.py
[2025-03-17T19:58:44.723+0800] {logging_mixin.py:190} INFO - [2025-03-17T19:58:44.723+0800] {dag.py:3239} INFO - Sync 1 DAGs
[2025-03-17T19:58:44.732+0800] {logging_mixin.py:190} INFO - [2025-03-17T19:58:44.732+0800] {dag.py:4180} INFO - Setting next_dagrun for example_trigger_controller_dag to 2021-01-01 00:00:00+00:00, run_after=2021-01-01 00:00:00+00:00
[2025-03-17T19:58:44.742+0800] {processor.py:208} INFO - Processing /Users/ervinyeoh/Desktop/unimods/is3107/project/.venv/lib/python3.11/site-packages/airflow/example_dags/example_trigger_controller_dag.py took 0.109 seconds
[2025-03-17T19:59:21.532+0800] {processor.py:186} INFO - Started process (PID=17528) to work on /Users/ervinyeoh/Desktop/unimods/is3107/project/.venv/lib/python3.11/site-packages/airflow/example_dags/example_trigger_controller_dag.py
[2025-03-17T19:59:21.533+0800] {processor.py:914} INFO - Processing file /Users/ervinyeoh/Desktop/unimods/is3107/project/.venv/lib/python3.11/site-packages/airflow/example_dags/example_trigger_controller_dag.py for tasks to queue
[2025-03-17T19:59:21.534+0800] {logging_mixin.py:190} INFO - [2025-03-17T19:59:21.534+0800] {dagbag.py:588} INFO - Filling up the DagBag from /Users/ervinyeoh/Desktop/unimods/is3107/project/.venv/lib/python3.11/site-packages/airflow/example_dags/example_trigger_controller_dag.py
[2025-03-17T19:59:21.541+0800] {processor.py:925} INFO - DAG(s) 'example_trigger_controller_dag' retrieved from /Users/ervinyeoh/Desktop/unimods/is3107/project/.venv/lib/python3.11/site-packages/airflow/example_dags/example_trigger_controller_dag.py
[2025-03-17T19:59:21.636+0800] {logging_mixin.py:190} INFO - [2025-03-17T19:59:21.636+0800] {dag.py:3239} INFO - Sync 1 DAGs
[2025-03-17T19:59:21.647+0800] {logging_mixin.py:190} INFO - [2025-03-17T19:59:21.646+0800] {dag.py:4180} INFO - Setting next_dagrun for example_trigger_controller_dag to 2021-01-01 00:00:00+00:00, run_after=2021-01-01 00:00:00+00:00
[2025-03-17T19:59:21.657+0800] {processor.py:208} INFO - Processing /Users/ervinyeoh/Desktop/unimods/is3107/project/.venv/lib/python3.11/site-packages/airflow/example_dags/example_trigger_controller_dag.py took 0.127 seconds
[2025-03-17T20:00:26.435+0800] {processor.py:186} INFO - Started process (PID=17683) to work on /Users/ervinyeoh/Desktop/unimods/is3107/project/.venv/lib/python3.11/site-packages/airflow/example_dags/example_trigger_controller_dag.py
[2025-03-17T20:00:26.437+0800] {processor.py:914} INFO - Processing file /Users/ervinyeoh/Desktop/unimods/is3107/project/.venv/lib/python3.11/site-packages/airflow/example_dags/example_trigger_controller_dag.py for tasks to queue
[2025-03-17T20:00:26.437+0800] {logging_mixin.py:190} INFO - [2025-03-17T20:00:26.437+0800] {dagbag.py:588} INFO - Filling up the DagBag from /Users/ervinyeoh/Desktop/unimods/is3107/project/.venv/lib/python3.11/site-packages/airflow/example_dags/example_trigger_controller_dag.py
[2025-03-17T20:00:26.444+0800] {processor.py:925} INFO - DAG(s) 'example_trigger_controller_dag' retrieved from /Users/ervinyeoh/Desktop/unimods/is3107/project/.venv/lib/python3.11/site-packages/airflow/example_dags/example_trigger_controller_dag.py
[2025-03-17T20:00:26.525+0800] {logging_mixin.py:190} INFO - [2025-03-17T20:00:26.525+0800] {dag.py:3239} INFO - Sync 1 DAGs
[2025-03-17T20:00:26.536+0800] {logging_mixin.py:190} INFO - [2025-03-17T20:00:26.536+0800] {dag.py:4180} INFO - Setting next_dagrun for example_trigger_controller_dag to 2021-01-01 00:00:00+00:00, run_after=2021-01-01 00:00:00+00:00
[2025-03-17T20:00:26.545+0800] {processor.py:208} INFO - Processing /Users/ervinyeoh/Desktop/unimods/is3107/project/.venv/lib/python3.11/site-packages/airflow/example_dags/example_trigger_controller_dag.py took 0.111 seconds
[2025-03-17T20:01:01.539+0800] {processor.py:186} INFO - Started process (PID=17777) to work on /Users/ervinyeoh/Desktop/unimods/is3107/project/.venv/lib/python3.11/site-packages/airflow/example_dags/example_trigger_controller_dag.py
[2025-03-17T20:01:01.540+0800] {processor.py:914} INFO - Processing file /Users/ervinyeoh/Desktop/unimods/is3107/project/.venv/lib/python3.11/site-packages/airflow/example_dags/example_trigger_controller_dag.py for tasks to queue
[2025-03-17T20:01:01.541+0800] {logging_mixin.py:190} INFO - [2025-03-17T20:01:01.541+0800] {dagbag.py:588} INFO - Filling up the DagBag from /Users/ervinyeoh/Desktop/unimods/is3107/project/.venv/lib/python3.11/site-packages/airflow/example_dags/example_trigger_controller_dag.py
[2025-03-17T20:01:01.548+0800] {processor.py:925} INFO - DAG(s) 'example_trigger_controller_dag' retrieved from /Users/ervinyeoh/Desktop/unimods/is3107/project/.venv/lib/python3.11/site-packages/airflow/example_dags/example_trigger_controller_dag.py
[2025-03-17T20:01:01.628+0800] {logging_mixin.py:190} INFO - [2025-03-17T20:01:01.628+0800] {dag.py:3239} INFO - Sync 1 DAGs
[2025-03-17T20:01:01.637+0800] {logging_mixin.py:190} INFO - [2025-03-17T20:01:01.637+0800] {dag.py:4180} INFO - Setting next_dagrun for example_trigger_controller_dag to 2021-01-01 00:00:00+00:00, run_after=2021-01-01 00:00:00+00:00
[2025-03-17T20:01:01.647+0800] {processor.py:208} INFO - Processing /Users/ervinyeoh/Desktop/unimods/is3107/project/.venv/lib/python3.11/site-packages/airflow/example_dags/example_trigger_controller_dag.py took 0.109 seconds
[2025-03-17T20:02:18.869+0800] {processor.py:186} INFO - Started process (PID=17930) to work on /Users/ervinyeoh/Desktop/unimods/is3107/project/.venv/lib/python3.11/site-packages/airflow/example_dags/example_trigger_controller_dag.py
[2025-03-17T20:02:18.870+0800] {processor.py:914} INFO - Processing file /Users/ervinyeoh/Desktop/unimods/is3107/project/.venv/lib/python3.11/site-packages/airflow/example_dags/example_trigger_controller_dag.py for tasks to queue
[2025-03-17T20:02:18.871+0800] {logging_mixin.py:190} INFO - [2025-03-17T20:02:18.871+0800] {dagbag.py:588} INFO - Filling up the DagBag from /Users/ervinyeoh/Desktop/unimods/is3107/project/.venv/lib/python3.11/site-packages/airflow/example_dags/example_trigger_controller_dag.py
[2025-03-17T20:02:18.877+0800] {processor.py:925} INFO - DAG(s) 'example_trigger_controller_dag' retrieved from /Users/ervinyeoh/Desktop/unimods/is3107/project/.venv/lib/python3.11/site-packages/airflow/example_dags/example_trigger_controller_dag.py
[2025-03-17T20:02:18.957+0800] {logging_mixin.py:190} INFO - [2025-03-17T20:02:18.956+0800] {dag.py:3239} INFO - Sync 1 DAGs
[2025-03-17T20:02:18.966+0800] {logging_mixin.py:190} INFO - [2025-03-17T20:02:18.966+0800] {dag.py:4180} INFO - Setting next_dagrun for example_trigger_controller_dag to 2021-01-01 00:00:00+00:00, run_after=2021-01-01 00:00:00+00:00
[2025-03-17T20:02:18.976+0800] {processor.py:208} INFO - Processing /Users/ervinyeoh/Desktop/unimods/is3107/project/.venv/lib/python3.11/site-packages/airflow/example_dags/example_trigger_controller_dag.py took 0.109 seconds
[2025-03-17T20:02:45.497+0800] {processor.py:186} INFO - Started process (PID=17985) to work on /Users/ervinyeoh/Desktop/unimods/is3107/project/.venv/lib/python3.11/site-packages/airflow/example_dags/example_trigger_controller_dag.py
[2025-03-17T20:02:45.498+0800] {processor.py:914} INFO - Processing file /Users/ervinyeoh/Desktop/unimods/is3107/project/.venv/lib/python3.11/site-packages/airflow/example_dags/example_trigger_controller_dag.py for tasks to queue
[2025-03-17T20:02:45.499+0800] {logging_mixin.py:190} INFO - [2025-03-17T20:02:45.499+0800] {dagbag.py:588} INFO - Filling up the DagBag from /Users/ervinyeoh/Desktop/unimods/is3107/project/.venv/lib/python3.11/site-packages/airflow/example_dags/example_trigger_controller_dag.py
[2025-03-17T20:02:45.506+0800] {processor.py:925} INFO - DAG(s) 'example_trigger_controller_dag' retrieved from /Users/ervinyeoh/Desktop/unimods/is3107/project/.venv/lib/python3.11/site-packages/airflow/example_dags/example_trigger_controller_dag.py
[2025-03-17T20:02:45.589+0800] {logging_mixin.py:190} INFO - [2025-03-17T20:02:45.589+0800] {dag.py:3239} INFO - Sync 1 DAGs
[2025-03-17T20:02:45.599+0800] {logging_mixin.py:190} INFO - [2025-03-17T20:02:45.599+0800] {dag.py:4180} INFO - Setting next_dagrun for example_trigger_controller_dag to 2021-01-01 00:00:00+00:00, run_after=2021-01-01 00:00:00+00:00
[2025-03-17T20:02:45.608+0800] {processor.py:208} INFO - Processing /Users/ervinyeoh/Desktop/unimods/is3107/project/.venv/lib/python3.11/site-packages/airflow/example_dags/example_trigger_controller_dag.py took 0.113 seconds
[2025-03-17T20:04:04.094+0800] {processor.py:186} INFO - Started process (PID=18194) to work on /Users/ervinyeoh/Desktop/unimods/is3107/project/.venv/lib/python3.11/site-packages/airflow/example_dags/example_trigger_controller_dag.py
[2025-03-17T20:04:04.095+0800] {processor.py:914} INFO - Processing file /Users/ervinyeoh/Desktop/unimods/is3107/project/.venv/lib/python3.11/site-packages/airflow/example_dags/example_trigger_controller_dag.py for tasks to queue
[2025-03-17T20:04:04.096+0800] {logging_mixin.py:190} INFO - [2025-03-17T20:04:04.095+0800] {dagbag.py:588} INFO - Filling up the DagBag from /Users/ervinyeoh/Desktop/unimods/is3107/project/.venv/lib/python3.11/site-packages/airflow/example_dags/example_trigger_controller_dag.py
[2025-03-17T20:04:04.102+0800] {processor.py:925} INFO - DAG(s) 'example_trigger_controller_dag' retrieved from /Users/ervinyeoh/Desktop/unimods/is3107/project/.venv/lib/python3.11/site-packages/airflow/example_dags/example_trigger_controller_dag.py
[2025-03-17T20:04:04.180+0800] {logging_mixin.py:190} INFO - [2025-03-17T20:04:04.179+0800] {dag.py:3239} INFO - Sync 1 DAGs
[2025-03-17T20:04:04.189+0800] {logging_mixin.py:190} INFO - [2025-03-17T20:04:04.189+0800] {dag.py:4180} INFO - Setting next_dagrun for example_trigger_controller_dag to 2021-01-01 00:00:00+00:00, run_after=2021-01-01 00:00:00+00:00
[2025-03-17T20:04:04.199+0800] {processor.py:208} INFO - Processing /Users/ervinyeoh/Desktop/unimods/is3107/project/.venv/lib/python3.11/site-packages/airflow/example_dags/example_trigger_controller_dag.py took 0.107 seconds
[2025-03-17T20:04:24.958+0800] {processor.py:186} INFO - Started process (PID=18239) to work on /Users/ervinyeoh/Desktop/unimods/is3107/project/.venv/lib/python3.11/site-packages/airflow/example_dags/example_trigger_controller_dag.py
[2025-03-17T20:04:24.960+0800] {processor.py:914} INFO - Processing file /Users/ervinyeoh/Desktop/unimods/is3107/project/.venv/lib/python3.11/site-packages/airflow/example_dags/example_trigger_controller_dag.py for tasks to queue
[2025-03-17T20:04:24.961+0800] {logging_mixin.py:190} INFO - [2025-03-17T20:04:24.961+0800] {dagbag.py:588} INFO - Filling up the DagBag from /Users/ervinyeoh/Desktop/unimods/is3107/project/.venv/lib/python3.11/site-packages/airflow/example_dags/example_trigger_controller_dag.py
[2025-03-17T20:04:24.967+0800] {processor.py:925} INFO - DAG(s) 'example_trigger_controller_dag' retrieved from /Users/ervinyeoh/Desktop/unimods/is3107/project/.venv/lib/python3.11/site-packages/airflow/example_dags/example_trigger_controller_dag.py
[2025-03-17T20:04:25.047+0800] {logging_mixin.py:190} INFO - [2025-03-17T20:04:25.047+0800] {dag.py:3239} INFO - Sync 1 DAGs
[2025-03-17T20:04:25.057+0800] {logging_mixin.py:190} INFO - [2025-03-17T20:04:25.056+0800] {dag.py:4180} INFO - Setting next_dagrun for example_trigger_controller_dag to 2021-01-01 00:00:00+00:00, run_after=2021-01-01 00:00:00+00:00
[2025-03-17T20:04:25.066+0800] {processor.py:208} INFO - Processing /Users/ervinyeoh/Desktop/unimods/is3107/project/.venv/lib/python3.11/site-packages/airflow/example_dags/example_trigger_controller_dag.py took 0.109 seconds
[2025-03-17T20:05:42.988+0800] {processor.py:186} INFO - Started process (PID=18396) to work on /Users/ervinyeoh/Desktop/unimods/is3107/project/.venv/lib/python3.11/site-packages/airflow/example_dags/example_trigger_controller_dag.py
[2025-03-17T20:05:42.990+0800] {processor.py:914} INFO - Processing file /Users/ervinyeoh/Desktop/unimods/is3107/project/.venv/lib/python3.11/site-packages/airflow/example_dags/example_trigger_controller_dag.py for tasks to queue
[2025-03-17T20:05:42.990+0800] {logging_mixin.py:190} INFO - [2025-03-17T20:05:42.990+0800] {dagbag.py:588} INFO - Filling up the DagBag from /Users/ervinyeoh/Desktop/unimods/is3107/project/.venv/lib/python3.11/site-packages/airflow/example_dags/example_trigger_controller_dag.py
[2025-03-17T20:05:42.996+0800] {processor.py:925} INFO - DAG(s) 'example_trigger_controller_dag' retrieved from /Users/ervinyeoh/Desktop/unimods/is3107/project/.venv/lib/python3.11/site-packages/airflow/example_dags/example_trigger_controller_dag.py
[2025-03-17T20:05:43.077+0800] {logging_mixin.py:190} INFO - [2025-03-17T20:05:43.077+0800] {dag.py:3239} INFO - Sync 1 DAGs
[2025-03-17T20:05:43.087+0800] {logging_mixin.py:190} INFO - [2025-03-17T20:05:43.086+0800] {dag.py:4180} INFO - Setting next_dagrun for example_trigger_controller_dag to 2021-01-01 00:00:00+00:00, run_after=2021-01-01 00:00:00+00:00
[2025-03-17T20:05:43.096+0800] {processor.py:208} INFO - Processing /Users/ervinyeoh/Desktop/unimods/is3107/project/.venv/lib/python3.11/site-packages/airflow/example_dags/example_trigger_controller_dag.py took 0.110 seconds
[2025-03-17T20:06:03.931+0800] {processor.py:186} INFO - Started process (PID=18440) to work on /Users/ervinyeoh/Desktop/unimods/is3107/project/.venv/lib/python3.11/site-packages/airflow/example_dags/example_trigger_controller_dag.py
[2025-03-17T20:06:03.932+0800] {processor.py:914} INFO - Processing file /Users/ervinyeoh/Desktop/unimods/is3107/project/.venv/lib/python3.11/site-packages/airflow/example_dags/example_trigger_controller_dag.py for tasks to queue
[2025-03-17T20:06:03.933+0800] {logging_mixin.py:190} INFO - [2025-03-17T20:06:03.933+0800] {dagbag.py:588} INFO - Filling up the DagBag from /Users/ervinyeoh/Desktop/unimods/is3107/project/.venv/lib/python3.11/site-packages/airflow/example_dags/example_trigger_controller_dag.py
[2025-03-17T20:06:03.939+0800] {processor.py:925} INFO - DAG(s) 'example_trigger_controller_dag' retrieved from /Users/ervinyeoh/Desktop/unimods/is3107/project/.venv/lib/python3.11/site-packages/airflow/example_dags/example_trigger_controller_dag.py
[2025-03-17T20:06:04.037+0800] {logging_mixin.py:190} INFO - [2025-03-17T20:06:04.037+0800] {dag.py:3239} INFO - Sync 1 DAGs
[2025-03-17T20:06:04.048+0800] {logging_mixin.py:190} INFO - [2025-03-17T20:06:04.048+0800] {dag.py:4180} INFO - Setting next_dagrun for example_trigger_controller_dag to 2021-01-01 00:00:00+00:00, run_after=2021-01-01 00:00:00+00:00
[2025-03-17T20:06:04.059+0800] {processor.py:208} INFO - Processing /Users/ervinyeoh/Desktop/unimods/is3107/project/.venv/lib/python3.11/site-packages/airflow/example_dags/example_trigger_controller_dag.py took 0.129 seconds
[2025-03-17T20:07:24.599+0800] {processor.py:186} INFO - Started process (PID=18612) to work on /Users/ervinyeoh/Desktop/unimods/is3107/project/.venv/lib/python3.11/site-packages/airflow/example_dags/example_trigger_controller_dag.py
[2025-03-17T20:07:24.601+0800] {processor.py:914} INFO - Processing file /Users/ervinyeoh/Desktop/unimods/is3107/project/.venv/lib/python3.11/site-packages/airflow/example_dags/example_trigger_controller_dag.py for tasks to queue
[2025-03-17T20:07:24.601+0800] {logging_mixin.py:190} INFO - [2025-03-17T20:07:24.601+0800] {dagbag.py:588} INFO - Filling up the DagBag from /Users/ervinyeoh/Desktop/unimods/is3107/project/.venv/lib/python3.11/site-packages/airflow/example_dags/example_trigger_controller_dag.py
[2025-03-17T20:07:24.608+0800] {processor.py:925} INFO - DAG(s) 'example_trigger_controller_dag' retrieved from /Users/ervinyeoh/Desktop/unimods/is3107/project/.venv/lib/python3.11/site-packages/airflow/example_dags/example_trigger_controller_dag.py
[2025-03-17T20:07:24.689+0800] {logging_mixin.py:190} INFO - [2025-03-17T20:07:24.689+0800] {dag.py:3239} INFO - Sync 1 DAGs
[2025-03-17T20:07:24.699+0800] {logging_mixin.py:190} INFO - [2025-03-17T20:07:24.698+0800] {dag.py:4180} INFO - Setting next_dagrun for example_trigger_controller_dag to 2021-01-01 00:00:00+00:00, run_after=2021-01-01 00:00:00+00:00
[2025-03-17T20:07:24.709+0800] {processor.py:208} INFO - Processing /Users/ervinyeoh/Desktop/unimods/is3107/project/.venv/lib/python3.11/site-packages/airflow/example_dags/example_trigger_controller_dag.py took 0.111 seconds
[2025-03-17T20:07:43.228+0800] {processor.py:186} INFO - Started process (PID=18657) to work on /Users/ervinyeoh/Desktop/unimods/is3107/project/.venv/lib/python3.11/site-packages/airflow/example_dags/example_trigger_controller_dag.py
[2025-03-17T20:07:43.229+0800] {processor.py:914} INFO - Processing file /Users/ervinyeoh/Desktop/unimods/is3107/project/.venv/lib/python3.11/site-packages/airflow/example_dags/example_trigger_controller_dag.py for tasks to queue
[2025-03-17T20:07:43.230+0800] {logging_mixin.py:190} INFO - [2025-03-17T20:07:43.230+0800] {dagbag.py:588} INFO - Filling up the DagBag from /Users/ervinyeoh/Desktop/unimods/is3107/project/.venv/lib/python3.11/site-packages/airflow/example_dags/example_trigger_controller_dag.py
[2025-03-17T20:07:43.236+0800] {processor.py:925} INFO - DAG(s) 'example_trigger_controller_dag' retrieved from /Users/ervinyeoh/Desktop/unimods/is3107/project/.venv/lib/python3.11/site-packages/airflow/example_dags/example_trigger_controller_dag.py
[2025-03-17T20:07:43.320+0800] {logging_mixin.py:190} INFO - [2025-03-17T20:07:43.320+0800] {dag.py:3239} INFO - Sync 1 DAGs
[2025-03-17T20:07:43.329+0800] {logging_mixin.py:190} INFO - [2025-03-17T20:07:43.329+0800] {dag.py:4180} INFO - Setting next_dagrun for example_trigger_controller_dag to 2021-01-01 00:00:00+00:00, run_after=2021-01-01 00:00:00+00:00
[2025-03-17T20:07:43.339+0800] {processor.py:208} INFO - Processing /Users/ervinyeoh/Desktop/unimods/is3107/project/.venv/lib/python3.11/site-packages/airflow/example_dags/example_trigger_controller_dag.py took 0.113 seconds
[2025-03-17T20:09:09.469+0800] {processor.py:186} INFO - Started process (PID=18879) to work on /Users/ervinyeoh/Desktop/unimods/is3107/project/.venv/lib/python3.11/site-packages/airflow/example_dags/example_trigger_controller_dag.py
[2025-03-17T20:09:09.470+0800] {processor.py:914} INFO - Processing file /Users/ervinyeoh/Desktop/unimods/is3107/project/.venv/lib/python3.11/site-packages/airflow/example_dags/example_trigger_controller_dag.py for tasks to queue
[2025-03-17T20:09:09.471+0800] {logging_mixin.py:190} INFO - [2025-03-17T20:09:09.471+0800] {dagbag.py:588} INFO - Filling up the DagBag from /Users/ervinyeoh/Desktop/unimods/is3107/project/.venv/lib/python3.11/site-packages/airflow/example_dags/example_trigger_controller_dag.py
[2025-03-17T20:09:09.478+0800] {processor.py:925} INFO - DAG(s) 'example_trigger_controller_dag' retrieved from /Users/ervinyeoh/Desktop/unimods/is3107/project/.venv/lib/python3.11/site-packages/airflow/example_dags/example_trigger_controller_dag.py
[2025-03-17T20:09:09.573+0800] {logging_mixin.py:190} INFO - [2025-03-17T20:09:09.573+0800] {dag.py:3239} INFO - Sync 1 DAGs
[2025-03-17T20:09:09.583+0800] {logging_mixin.py:190} INFO - [2025-03-17T20:09:09.582+0800] {dag.py:4180} INFO - Setting next_dagrun for example_trigger_controller_dag to 2021-01-01 00:00:00+00:00, run_after=2021-01-01 00:00:00+00:00
[2025-03-17T20:09:09.592+0800] {processor.py:208} INFO - Processing /Users/ervinyeoh/Desktop/unimods/is3107/project/.venv/lib/python3.11/site-packages/airflow/example_dags/example_trigger_controller_dag.py took 0.125 seconds
[2025-03-17T20:09:25.810+0800] {processor.py:186} INFO - Started process (PID=18911) to work on /Users/ervinyeoh/Desktop/unimods/is3107/project/.venv/lib/python3.11/site-packages/airflow/example_dags/example_trigger_controller_dag.py
[2025-03-17T20:09:25.812+0800] {processor.py:914} INFO - Processing file /Users/ervinyeoh/Desktop/unimods/is3107/project/.venv/lib/python3.11/site-packages/airflow/example_dags/example_trigger_controller_dag.py for tasks to queue
[2025-03-17T20:09:25.813+0800] {logging_mixin.py:190} INFO - [2025-03-17T20:09:25.813+0800] {dagbag.py:588} INFO - Filling up the DagBag from /Users/ervinyeoh/Desktop/unimods/is3107/project/.venv/lib/python3.11/site-packages/airflow/example_dags/example_trigger_controller_dag.py
[2025-03-17T20:09:25.819+0800] {processor.py:925} INFO - DAG(s) 'example_trigger_controller_dag' retrieved from /Users/ervinyeoh/Desktop/unimods/is3107/project/.venv/lib/python3.11/site-packages/airflow/example_dags/example_trigger_controller_dag.py
[2025-03-17T20:09:25.903+0800] {logging_mixin.py:190} INFO - [2025-03-17T20:09:25.903+0800] {dag.py:3239} INFO - Sync 1 DAGs
[2025-03-17T20:09:25.913+0800] {logging_mixin.py:190} INFO - [2025-03-17T20:09:25.913+0800] {dag.py:4180} INFO - Setting next_dagrun for example_trigger_controller_dag to 2021-01-01 00:00:00+00:00, run_after=2021-01-01 00:00:00+00:00
[2025-03-17T20:09:25.924+0800] {processor.py:208} INFO - Processing /Users/ervinyeoh/Desktop/unimods/is3107/project/.venv/lib/python3.11/site-packages/airflow/example_dags/example_trigger_controller_dag.py took 0.115 seconds
[2025-03-17T20:11:00.537+0800] {processor.py:186} INFO - Started process (PID=19145) to work on /Users/ervinyeoh/Desktop/unimods/is3107/project/.venv/lib/python3.11/site-packages/airflow/example_dags/example_trigger_controller_dag.py
[2025-03-17T20:11:00.539+0800] {processor.py:914} INFO - Processing file /Users/ervinyeoh/Desktop/unimods/is3107/project/.venv/lib/python3.11/site-packages/airflow/example_dags/example_trigger_controller_dag.py for tasks to queue
[2025-03-17T20:11:00.539+0800] {logging_mixin.py:190} INFO - [2025-03-17T20:11:00.539+0800] {dagbag.py:588} INFO - Filling up the DagBag from /Users/ervinyeoh/Desktop/unimods/is3107/project/.venv/lib/python3.11/site-packages/airflow/example_dags/example_trigger_controller_dag.py
[2025-03-17T20:11:00.546+0800] {processor.py:925} INFO - DAG(s) 'example_trigger_controller_dag' retrieved from /Users/ervinyeoh/Desktop/unimods/is3107/project/.venv/lib/python3.11/site-packages/airflow/example_dags/example_trigger_controller_dag.py
[2025-03-17T20:11:00.632+0800] {logging_mixin.py:190} INFO - [2025-03-17T20:11:00.632+0800] {dag.py:3239} INFO - Sync 1 DAGs
[2025-03-17T20:11:00.642+0800] {logging_mixin.py:190} INFO - [2025-03-17T20:11:00.642+0800] {dag.py:4180} INFO - Setting next_dagrun for example_trigger_controller_dag to 2021-01-01 00:00:00+00:00, run_after=2021-01-01 00:00:00+00:00
[2025-03-17T20:11:00.652+0800] {processor.py:208} INFO - Processing /Users/ervinyeoh/Desktop/unimods/is3107/project/.venv/lib/python3.11/site-packages/airflow/example_dags/example_trigger_controller_dag.py took 0.117 seconds
[2025-03-17T20:11:14.467+0800] {processor.py:186} INFO - Started process (PID=19182) to work on /Users/ervinyeoh/Desktop/unimods/is3107/project/.venv/lib/python3.11/site-packages/airflow/example_dags/example_trigger_controller_dag.py
[2025-03-17T20:11:14.468+0800] {processor.py:914} INFO - Processing file /Users/ervinyeoh/Desktop/unimods/is3107/project/.venv/lib/python3.11/site-packages/airflow/example_dags/example_trigger_controller_dag.py for tasks to queue
[2025-03-17T20:11:14.469+0800] {logging_mixin.py:190} INFO - [2025-03-17T20:11:14.468+0800] {dagbag.py:588} INFO - Filling up the DagBag from /Users/ervinyeoh/Desktop/unimods/is3107/project/.venv/lib/python3.11/site-packages/airflow/example_dags/example_trigger_controller_dag.py
[2025-03-17T20:11:14.475+0800] {processor.py:925} INFO - DAG(s) 'example_trigger_controller_dag' retrieved from /Users/ervinyeoh/Desktop/unimods/is3107/project/.venv/lib/python3.11/site-packages/airflow/example_dags/example_trigger_controller_dag.py
[2025-03-17T20:11:14.566+0800] {logging_mixin.py:190} INFO - [2025-03-17T20:11:14.565+0800] {dag.py:3239} INFO - Sync 1 DAGs
[2025-03-17T20:11:14.576+0800] {logging_mixin.py:190} INFO - [2025-03-17T20:11:14.576+0800] {dag.py:4180} INFO - Setting next_dagrun for example_trigger_controller_dag to 2021-01-01 00:00:00+00:00, run_after=2021-01-01 00:00:00+00:00
[2025-03-17T20:11:14.586+0800] {processor.py:208} INFO - Processing /Users/ervinyeoh/Desktop/unimods/is3107/project/.venv/lib/python3.11/site-packages/airflow/example_dags/example_trigger_controller_dag.py took 0.121 seconds
[2025-03-17T20:14:15.653+0800] {processor.py:186} INFO - Started process (PID=19718) to work on /Users/ervinyeoh/Desktop/unimods/is3107/project/.venv/lib/python3.11/site-packages/airflow/example_dags/example_trigger_controller_dag.py
[2025-03-17T20:14:15.653+0800] {processor.py:914} INFO - Processing file /Users/ervinyeoh/Desktop/unimods/is3107/project/.venv/lib/python3.11/site-packages/airflow/example_dags/example_trigger_controller_dag.py for tasks to queue
[2025-03-17T20:14:15.654+0800] {logging_mixin.py:190} INFO - [2025-03-17T20:14:15.654+0800] {dagbag.py:588} INFO - Filling up the DagBag from /Users/ervinyeoh/Desktop/unimods/is3107/project/.venv/lib/python3.11/site-packages/airflow/example_dags/example_trigger_controller_dag.py
[2025-03-17T20:14:15.661+0800] {processor.py:925} INFO - DAG(s) 'example_trigger_controller_dag' retrieved from /Users/ervinyeoh/Desktop/unimods/is3107/project/.venv/lib/python3.11/site-packages/airflow/example_dags/example_trigger_controller_dag.py
[2025-03-17T20:14:15.789+0800] {logging_mixin.py:190} INFO - [2025-03-17T20:14:15.789+0800] {dag.py:3239} INFO - Sync 1 DAGs
[2025-03-17T20:14:15.802+0800] {logging_mixin.py:190} INFO - [2025-03-17T20:14:15.802+0800] {dag.py:4180} INFO - Setting next_dagrun for example_trigger_controller_dag to 2021-01-01 00:00:00+00:00, run_after=2021-01-01 00:00:00+00:00
[2025-03-17T20:14:15.812+0800] {processor.py:208} INFO - Processing /Users/ervinyeoh/Desktop/unimods/is3107/project/.venv/lib/python3.11/site-packages/airflow/example_dags/example_trigger_controller_dag.py took 0.161 seconds
[2025-03-17T20:14:21.080+0800] {processor.py:186} INFO - Started process (PID=19730) to work on /Users/ervinyeoh/Desktop/unimods/is3107/project/.venv/lib/python3.11/site-packages/airflow/example_dags/example_trigger_controller_dag.py
[2025-03-17T20:14:21.081+0800] {processor.py:914} INFO - Processing file /Users/ervinyeoh/Desktop/unimods/is3107/project/.venv/lib/python3.11/site-packages/airflow/example_dags/example_trigger_controller_dag.py for tasks to queue
[2025-03-17T20:14:21.081+0800] {logging_mixin.py:190} INFO - [2025-03-17T20:14:21.081+0800] {dagbag.py:588} INFO - Filling up the DagBag from /Users/ervinyeoh/Desktop/unimods/is3107/project/.venv/lib/python3.11/site-packages/airflow/example_dags/example_trigger_controller_dag.py
[2025-03-17T20:14:21.089+0800] {processor.py:925} INFO - DAG(s) 'example_trigger_controller_dag' retrieved from /Users/ervinyeoh/Desktop/unimods/is3107/project/.venv/lib/python3.11/site-packages/airflow/example_dags/example_trigger_controller_dag.py
[2025-03-17T20:14:21.191+0800] {logging_mixin.py:190} INFO - [2025-03-17T20:14:21.191+0800] {dag.py:3239} INFO - Sync 1 DAGs
[2025-03-17T20:14:21.202+0800] {logging_mixin.py:190} INFO - [2025-03-17T20:14:21.201+0800] {dag.py:4180} INFO - Setting next_dagrun for example_trigger_controller_dag to 2021-01-01 00:00:00+00:00, run_after=2021-01-01 00:00:00+00:00
[2025-03-17T20:14:21.212+0800] {processor.py:208} INFO - Processing /Users/ervinyeoh/Desktop/unimods/is3107/project/.venv/lib/python3.11/site-packages/airflow/example_dags/example_trigger_controller_dag.py took 0.134 seconds
[2025-03-17T20:16:32.353+0800] {processor.py:186} INFO - Started process (PID=20053) to work on /Users/ervinyeoh/Desktop/unimods/is3107/project/.venv/lib/python3.11/site-packages/airflow/example_dags/example_trigger_controller_dag.py
[2025-03-17T20:16:32.354+0800] {processor.py:914} INFO - Processing file /Users/ervinyeoh/Desktop/unimods/is3107/project/.venv/lib/python3.11/site-packages/airflow/example_dags/example_trigger_controller_dag.py for tasks to queue
[2025-03-17T20:16:32.355+0800] {logging_mixin.py:190} INFO - [2025-03-17T20:16:32.355+0800] {dagbag.py:588} INFO - Filling up the DagBag from /Users/ervinyeoh/Desktop/unimods/is3107/project/.venv/lib/python3.11/site-packages/airflow/example_dags/example_trigger_controller_dag.py
[2025-03-17T20:16:32.361+0800] {processor.py:925} INFO - DAG(s) 'example_trigger_controller_dag' retrieved from /Users/ervinyeoh/Desktop/unimods/is3107/project/.venv/lib/python3.11/site-packages/airflow/example_dags/example_trigger_controller_dag.py
[2025-03-17T20:16:32.444+0800] {logging_mixin.py:190} INFO - [2025-03-17T20:16:32.444+0800] {dag.py:3239} INFO - Sync 1 DAGs
[2025-03-17T20:16:32.454+0800] {logging_mixin.py:190} INFO - [2025-03-17T20:16:32.454+0800] {dag.py:4180} INFO - Setting next_dagrun for example_trigger_controller_dag to 2021-01-01 00:00:00+00:00, run_after=2021-01-01 00:00:00+00:00
[2025-03-17T20:16:32.464+0800] {processor.py:208} INFO - Processing /Users/ervinyeoh/Desktop/unimods/is3107/project/.venv/lib/python3.11/site-packages/airflow/example_dags/example_trigger_controller_dag.py took 0.112 seconds
[2025-03-17T20:16:33.406+0800] {processor.py:186} INFO - Started process (PID=20060) to work on /Users/ervinyeoh/Desktop/unimods/is3107/project/.venv/lib/python3.11/site-packages/airflow/example_dags/example_trigger_controller_dag.py
[2025-03-17T20:16:33.407+0800] {processor.py:914} INFO - Processing file /Users/ervinyeoh/Desktop/unimods/is3107/project/.venv/lib/python3.11/site-packages/airflow/example_dags/example_trigger_controller_dag.py for tasks to queue
[2025-03-17T20:16:33.407+0800] {logging_mixin.py:190} INFO - [2025-03-17T20:16:33.407+0800] {dagbag.py:588} INFO - Filling up the DagBag from /Users/ervinyeoh/Desktop/unimods/is3107/project/.venv/lib/python3.11/site-packages/airflow/example_dags/example_trigger_controller_dag.py
[2025-03-17T20:16:33.413+0800] {processor.py:925} INFO - DAG(s) 'example_trigger_controller_dag' retrieved from /Users/ervinyeoh/Desktop/unimods/is3107/project/.venv/lib/python3.11/site-packages/airflow/example_dags/example_trigger_controller_dag.py
[2025-03-17T20:16:33.494+0800] {logging_mixin.py:190} INFO - [2025-03-17T20:16:33.493+0800] {dag.py:3239} INFO - Sync 1 DAGs
[2025-03-17T20:16:33.504+0800] {logging_mixin.py:190} INFO - [2025-03-17T20:16:33.504+0800] {dag.py:4180} INFO - Setting next_dagrun for example_trigger_controller_dag to 2021-01-01 00:00:00+00:00, run_after=2021-01-01 00:00:00+00:00
[2025-03-17T20:16:33.515+0800] {processor.py:208} INFO - Processing /Users/ervinyeoh/Desktop/unimods/is3107/project/.venv/lib/python3.11/site-packages/airflow/example_dags/example_trigger_controller_dag.py took 0.110 seconds
[2025-03-17T20:18:45.843+0800] {processor.py:186} INFO - Started process (PID=20417) to work on /Users/ervinyeoh/Desktop/unimods/is3107/project/.venv/lib/python3.11/site-packages/airflow/example_dags/example_trigger_controller_dag.py
[2025-03-17T20:18:45.844+0800] {processor.py:914} INFO - Processing file /Users/ervinyeoh/Desktop/unimods/is3107/project/.venv/lib/python3.11/site-packages/airflow/example_dags/example_trigger_controller_dag.py for tasks to queue
[2025-03-17T20:18:45.844+0800] {logging_mixin.py:190} INFO - [2025-03-17T20:18:45.844+0800] {dagbag.py:588} INFO - Filling up the DagBag from /Users/ervinyeoh/Desktop/unimods/is3107/project/.venv/lib/python3.11/site-packages/airflow/example_dags/example_trigger_controller_dag.py
[2025-03-17T20:18:45.852+0800] {processor.py:925} INFO - DAG(s) 'example_trigger_controller_dag' retrieved from /Users/ervinyeoh/Desktop/unimods/is3107/project/.venv/lib/python3.11/site-packages/airflow/example_dags/example_trigger_controller_dag.py
[2025-03-17T20:18:45.942+0800] {logging_mixin.py:190} INFO - [2025-03-17T20:18:45.942+0800] {dag.py:3239} INFO - Sync 1 DAGs
[2025-03-17T20:18:45.952+0800] {logging_mixin.py:190} INFO - [2025-03-17T20:18:45.952+0800] {dag.py:4180} INFO - Setting next_dagrun for example_trigger_controller_dag to 2021-01-01 00:00:00+00:00, run_after=2021-01-01 00:00:00+00:00
[2025-03-17T20:18:45.962+0800] {processor.py:208} INFO - Processing /Users/ervinyeoh/Desktop/unimods/is3107/project/.venv/lib/python3.11/site-packages/airflow/example_dags/example_trigger_controller_dag.py took 0.120 seconds
[2025-03-17T20:19:04.095+0800] {processor.py:186} INFO - Started process (PID=20463) to work on /Users/ervinyeoh/Desktop/unimods/is3107/project/.venv/lib/python3.11/site-packages/airflow/example_dags/example_trigger_controller_dag.py
[2025-03-17T20:19:04.097+0800] {processor.py:914} INFO - Processing file /Users/ervinyeoh/Desktop/unimods/is3107/project/.venv/lib/python3.11/site-packages/airflow/example_dags/example_trigger_controller_dag.py for tasks to queue
[2025-03-17T20:19:04.098+0800] {logging_mixin.py:190} INFO - [2025-03-17T20:19:04.097+0800] {dagbag.py:588} INFO - Filling up the DagBag from /Users/ervinyeoh/Desktop/unimods/is3107/project/.venv/lib/python3.11/site-packages/airflow/example_dags/example_trigger_controller_dag.py
[2025-03-17T20:19:04.104+0800] {processor.py:925} INFO - DAG(s) 'example_trigger_controller_dag' retrieved from /Users/ervinyeoh/Desktop/unimods/is3107/project/.venv/lib/python3.11/site-packages/airflow/example_dags/example_trigger_controller_dag.py
[2025-03-17T20:19:04.187+0800] {logging_mixin.py:190} INFO - [2025-03-17T20:19:04.187+0800] {dag.py:3239} INFO - Sync 1 DAGs
[2025-03-17T20:19:04.197+0800] {logging_mixin.py:190} INFO - [2025-03-17T20:19:04.197+0800] {dag.py:4180} INFO - Setting next_dagrun for example_trigger_controller_dag to 2021-01-01 00:00:00+00:00, run_after=2021-01-01 00:00:00+00:00
[2025-03-17T20:19:04.207+0800] {processor.py:208} INFO - Processing /Users/ervinyeoh/Desktop/unimods/is3107/project/.venv/lib/python3.11/site-packages/airflow/example_dags/example_trigger_controller_dag.py took 0.113 seconds
[2025-03-17T20:20:28.740+0800] {processor.py:186} INFO - Started process (PID=20686) to work on /Users/ervinyeoh/Desktop/unimods/is3107/project/.venv/lib/python3.11/site-packages/airflow/example_dags/example_trigger_controller_dag.py
[2025-03-17T20:20:28.741+0800] {processor.py:914} INFO - Processing file /Users/ervinyeoh/Desktop/unimods/is3107/project/.venv/lib/python3.11/site-packages/airflow/example_dags/example_trigger_controller_dag.py for tasks to queue
[2025-03-17T20:20:28.742+0800] {logging_mixin.py:190} INFO - [2025-03-17T20:20:28.742+0800] {dagbag.py:588} INFO - Filling up the DagBag from /Users/ervinyeoh/Desktop/unimods/is3107/project/.venv/lib/python3.11/site-packages/airflow/example_dags/example_trigger_controller_dag.py
[2025-03-17T20:20:28.748+0800] {processor.py:925} INFO - DAG(s) 'example_trigger_controller_dag' retrieved from /Users/ervinyeoh/Desktop/unimods/is3107/project/.venv/lib/python3.11/site-packages/airflow/example_dags/example_trigger_controller_dag.py
[2025-03-17T20:20:28.827+0800] {logging_mixin.py:190} INFO - [2025-03-17T20:20:28.826+0800] {dag.py:3239} INFO - Sync 1 DAGs
[2025-03-17T20:20:28.836+0800] {logging_mixin.py:190} INFO - [2025-03-17T20:20:28.836+0800] {dag.py:4180} INFO - Setting next_dagrun for example_trigger_controller_dag to 2021-01-01 00:00:00+00:00, run_after=2021-01-01 00:00:00+00:00
[2025-03-17T20:20:28.847+0800] {processor.py:208} INFO - Processing /Users/ervinyeoh/Desktop/unimods/is3107/project/.venv/lib/python3.11/site-packages/airflow/example_dags/example_trigger_controller_dag.py took 0.109 seconds
[2025-03-17T20:21:14.694+0800] {processor.py:186} INFO - Started process (PID=20775) to work on /Users/ervinyeoh/Desktop/unimods/is3107/project/.venv/lib/python3.11/site-packages/airflow/example_dags/example_trigger_controller_dag.py
[2025-03-17T20:21:14.695+0800] {processor.py:914} INFO - Processing file /Users/ervinyeoh/Desktop/unimods/is3107/project/.venv/lib/python3.11/site-packages/airflow/example_dags/example_trigger_controller_dag.py for tasks to queue
[2025-03-17T20:21:14.696+0800] {logging_mixin.py:190} INFO - [2025-03-17T20:21:14.696+0800] {dagbag.py:588} INFO - Filling up the DagBag from /Users/ervinyeoh/Desktop/unimods/is3107/project/.venv/lib/python3.11/site-packages/airflow/example_dags/example_trigger_controller_dag.py
[2025-03-17T20:21:14.703+0800] {processor.py:925} INFO - DAG(s) 'example_trigger_controller_dag' retrieved from /Users/ervinyeoh/Desktop/unimods/is3107/project/.venv/lib/python3.11/site-packages/airflow/example_dags/example_trigger_controller_dag.py
[2025-03-17T20:21:14.795+0800] {logging_mixin.py:190} INFO - [2025-03-17T20:21:14.795+0800] {dag.py:3239} INFO - Sync 1 DAGs
[2025-03-17T20:21:14.805+0800] {logging_mixin.py:190} INFO - [2025-03-17T20:21:14.805+0800] {dag.py:4180} INFO - Setting next_dagrun for example_trigger_controller_dag to 2021-01-01 00:00:00+00:00, run_after=2021-01-01 00:00:00+00:00
[2025-03-17T20:21:14.814+0800] {processor.py:208} INFO - Processing /Users/ervinyeoh/Desktop/unimods/is3107/project/.venv/lib/python3.11/site-packages/airflow/example_dags/example_trigger_controller_dag.py took 0.122 seconds
[2025-03-17T20:22:11.523+0800] {processor.py:186} INFO - Started process (PID=20909) to work on /Users/ervinyeoh/Desktop/unimods/is3107/project/.venv/lib/python3.11/site-packages/airflow/example_dags/example_trigger_controller_dag.py
[2025-03-17T20:22:11.523+0800] {processor.py:914} INFO - Processing file /Users/ervinyeoh/Desktop/unimods/is3107/project/.venv/lib/python3.11/site-packages/airflow/example_dags/example_trigger_controller_dag.py for tasks to queue
[2025-03-17T20:22:11.524+0800] {logging_mixin.py:190} INFO - [2025-03-17T20:22:11.524+0800] {dagbag.py:588} INFO - Filling up the DagBag from /Users/ervinyeoh/Desktop/unimods/is3107/project/.venv/lib/python3.11/site-packages/airflow/example_dags/example_trigger_controller_dag.py
[2025-03-17T20:22:11.532+0800] {processor.py:925} INFO - DAG(s) 'example_trigger_controller_dag' retrieved from /Users/ervinyeoh/Desktop/unimods/is3107/project/.venv/lib/python3.11/site-packages/airflow/example_dags/example_trigger_controller_dag.py
[2025-03-17T20:22:11.613+0800] {logging_mixin.py:190} INFO - [2025-03-17T20:22:11.613+0800] {dag.py:3239} INFO - Sync 1 DAGs
[2025-03-17T20:22:11.624+0800] {logging_mixin.py:190} INFO - [2025-03-17T20:22:11.624+0800] {dag.py:4180} INFO - Setting next_dagrun for example_trigger_controller_dag to 2021-01-01 00:00:00+00:00, run_after=2021-01-01 00:00:00+00:00
[2025-03-17T20:22:11.633+0800] {processor.py:208} INFO - Processing /Users/ervinyeoh/Desktop/unimods/is3107/project/.venv/lib/python3.11/site-packages/airflow/example_dags/example_trigger_controller_dag.py took 0.112 seconds
[2025-03-17T20:22:51.198+0800] {processor.py:186} INFO - Started process (PID=20993) to work on /Users/ervinyeoh/Desktop/unimods/is3107/project/.venv/lib/python3.11/site-packages/airflow/example_dags/example_trigger_controller_dag.py
[2025-03-17T20:22:51.199+0800] {processor.py:914} INFO - Processing file /Users/ervinyeoh/Desktop/unimods/is3107/project/.venv/lib/python3.11/site-packages/airflow/example_dags/example_trigger_controller_dag.py for tasks to queue
[2025-03-17T20:22:51.200+0800] {logging_mixin.py:190} INFO - [2025-03-17T20:22:51.200+0800] {dagbag.py:588} INFO - Filling up the DagBag from /Users/ervinyeoh/Desktop/unimods/is3107/project/.venv/lib/python3.11/site-packages/airflow/example_dags/example_trigger_controller_dag.py
[2025-03-17T20:22:51.206+0800] {processor.py:925} INFO - DAG(s) 'example_trigger_controller_dag' retrieved from /Users/ervinyeoh/Desktop/unimods/is3107/project/.venv/lib/python3.11/site-packages/airflow/example_dags/example_trigger_controller_dag.py
[2025-03-17T20:22:51.286+0800] {logging_mixin.py:190} INFO - [2025-03-17T20:22:51.286+0800] {dag.py:3239} INFO - Sync 1 DAGs
[2025-03-17T20:22:51.296+0800] {logging_mixin.py:190} INFO - [2025-03-17T20:22:51.296+0800] {dag.py:4180} INFO - Setting next_dagrun for example_trigger_controller_dag to 2021-01-01 00:00:00+00:00, run_after=2021-01-01 00:00:00+00:00
[2025-03-17T20:22:51.306+0800] {processor.py:208} INFO - Processing /Users/ervinyeoh/Desktop/unimods/is3107/project/.venv/lib/python3.11/site-packages/airflow/example_dags/example_trigger_controller_dag.py took 0.109 seconds
[2025-03-17T20:23:53.809+0800] {processor.py:186} INFO - Started process (PID=21145) to work on /Users/ervinyeoh/Desktop/unimods/is3107/project/.venv/lib/python3.11/site-packages/airflow/example_dags/example_trigger_controller_dag.py
[2025-03-17T20:23:53.810+0800] {processor.py:914} INFO - Processing file /Users/ervinyeoh/Desktop/unimods/is3107/project/.venv/lib/python3.11/site-packages/airflow/example_dags/example_trigger_controller_dag.py for tasks to queue
[2025-03-17T20:23:53.811+0800] {logging_mixin.py:190} INFO - [2025-03-17T20:23:53.811+0800] {dagbag.py:588} INFO - Filling up the DagBag from /Users/ervinyeoh/Desktop/unimods/is3107/project/.venv/lib/python3.11/site-packages/airflow/example_dags/example_trigger_controller_dag.py
[2025-03-17T20:23:53.817+0800] {processor.py:925} INFO - DAG(s) 'example_trigger_controller_dag' retrieved from /Users/ervinyeoh/Desktop/unimods/is3107/project/.venv/lib/python3.11/site-packages/airflow/example_dags/example_trigger_controller_dag.py
[2025-03-17T20:23:53.907+0800] {logging_mixin.py:190} INFO - [2025-03-17T20:23:53.906+0800] {dag.py:3239} INFO - Sync 1 DAGs
[2025-03-17T20:23:53.916+0800] {logging_mixin.py:190} INFO - [2025-03-17T20:23:53.916+0800] {dag.py:4180} INFO - Setting next_dagrun for example_trigger_controller_dag to 2021-01-01 00:00:00+00:00, run_after=2021-01-01 00:00:00+00:00
[2025-03-17T20:23:53.926+0800] {processor.py:208} INFO - Processing /Users/ervinyeoh/Desktop/unimods/is3107/project/.venv/lib/python3.11/site-packages/airflow/example_dags/example_trigger_controller_dag.py took 0.119 seconds
[2025-03-17T20:24:31.419+0800] {processor.py:186} INFO - Started process (PID=21218) to work on /Users/ervinyeoh/Desktop/unimods/is3107/project/.venv/lib/python3.11/site-packages/airflow/example_dags/example_trigger_controller_dag.py
[2025-03-17T20:24:31.420+0800] {processor.py:914} INFO - Processing file /Users/ervinyeoh/Desktop/unimods/is3107/project/.venv/lib/python3.11/site-packages/airflow/example_dags/example_trigger_controller_dag.py for tasks to queue
[2025-03-17T20:24:31.421+0800] {logging_mixin.py:190} INFO - [2025-03-17T20:24:31.421+0800] {dagbag.py:588} INFO - Filling up the DagBag from /Users/ervinyeoh/Desktop/unimods/is3107/project/.venv/lib/python3.11/site-packages/airflow/example_dags/example_trigger_controller_dag.py
[2025-03-17T20:24:31.427+0800] {processor.py:925} INFO - DAG(s) 'example_trigger_controller_dag' retrieved from /Users/ervinyeoh/Desktop/unimods/is3107/project/.venv/lib/python3.11/site-packages/airflow/example_dags/example_trigger_controller_dag.py
[2025-03-17T20:24:31.508+0800] {logging_mixin.py:190} INFO - [2025-03-17T20:24:31.508+0800] {dag.py:3239} INFO - Sync 1 DAGs
[2025-03-17T20:24:31.518+0800] {logging_mixin.py:190} INFO - [2025-03-17T20:24:31.518+0800] {dag.py:4180} INFO - Setting next_dagrun for example_trigger_controller_dag to 2021-01-01 00:00:00+00:00, run_after=2021-01-01 00:00:00+00:00
[2025-03-17T20:24:31.527+0800] {processor.py:208} INFO - Processing /Users/ervinyeoh/Desktop/unimods/is3107/project/.venv/lib/python3.11/site-packages/airflow/example_dags/example_trigger_controller_dag.py took 0.110 seconds
[2025-03-17T20:36:56.029+0800] {processor.py:186} INFO - Started process (PID=21374) to work on /Users/ervinyeoh/Desktop/unimods/is3107/project/.venv/lib/python3.11/site-packages/airflow/example_dags/example_trigger_controller_dag.py
[2025-03-17T20:36:56.034+0800] {processor.py:914} INFO - Processing file /Users/ervinyeoh/Desktop/unimods/is3107/project/.venv/lib/python3.11/site-packages/airflow/example_dags/example_trigger_controller_dag.py for tasks to queue
[2025-03-17T20:36:56.056+0800] {logging_mixin.py:190} INFO - [2025-03-17T20:36:56.055+0800] {dagbag.py:588} INFO - Filling up the DagBag from /Users/ervinyeoh/Desktop/unimods/is3107/project/.venv/lib/python3.11/site-packages/airflow/example_dags/example_trigger_controller_dag.py
[2025-03-17T20:36:56.095+0800] {processor.py:925} INFO - DAG(s) 'example_trigger_controller_dag' retrieved from /Users/ervinyeoh/Desktop/unimods/is3107/project/.venv/lib/python3.11/site-packages/airflow/example_dags/example_trigger_controller_dag.py
[2025-03-17T20:36:56.411+0800] {logging_mixin.py:190} INFO - [2025-03-17T20:36:56.411+0800] {dag.py:3239} INFO - Sync 1 DAGs
[2025-03-17T20:36:56.465+0800] {logging_mixin.py:190} INFO - [2025-03-17T20:36:56.464+0800] {dag.py:4180} INFO - Setting next_dagrun for example_trigger_controller_dag to 2021-01-01 00:00:00+00:00, run_after=2021-01-01 00:00:00+00:00
[2025-03-17T20:36:56.496+0800] {processor.py:208} INFO - Processing /Users/ervinyeoh/Desktop/unimods/is3107/project/.venv/lib/python3.11/site-packages/airflow/example_dags/example_trigger_controller_dag.py took 0.496 seconds
