[2025-03-17T17:06:12.622+0800] {processor.py:186} INFO - Started process (PID=12723) to work on /Users/ervinyeoh/Desktop/unimods/is3107/project/.venv/lib/python3.11/site-packages/airflow/example_dags/tutorial_taskflow_api.py
[2025-03-17T17:06:12.623+0800] {processor.py:914} INFO - Processing file /Users/ervinyeoh/Desktop/unimods/is3107/project/.venv/lib/python3.11/site-packages/airflow/example_dags/tutorial_taskflow_api.py for tasks to queue
[2025-03-17T17:06:12.623+0800] {logging_mixin.py:190} INFO - [2025-03-17T17:06:12.623+0800] {dagbag.py:588} INFO - Filling up the DagBag from /Users/ervinyeoh/Desktop/unimods/is3107/project/.venv/lib/python3.11/site-packages/airflow/example_dags/tutorial_taskflow_api.py
[2025-03-17T17:06:12.674+0800] {processor.py:925} INFO - DAG(s) 'tutorial_taskflow_api' retrieved from /Users/ervinyeoh/Desktop/unimods/is3107/project/.venv/lib/python3.11/site-packages/airflow/example_dags/tutorial_taskflow_api.py
[2025-03-17T17:06:12.727+0800] {logging_mixin.py:190} INFO - [2025-03-17T17:06:12.727+0800] {dag.py:3239} INFO - Sync 1 DAGs
[2025-03-17T17:06:12.733+0800] {logging_mixin.py:190} INFO - [2025-03-17T17:06:12.733+0800] {dag.py:4180} INFO - Setting next_dagrun for tutorial_taskflow_api to None, run_after=None
[2025-03-17T17:06:12.743+0800] {processor.py:208} INFO - Processing /Users/ervinyeoh/Desktop/unimods/is3107/project/.venv/lib/python3.11/site-packages/airflow/example_dags/tutorial_taskflow_api.py took 0.123 seconds
[2025-03-17T17:08:23.147+0800] {processor.py:186} INFO - Started process (PID=12917) to work on /Users/ervinyeoh/Desktop/unimods/is3107/project/.venv/lib/python3.11/site-packages/airflow/example_dags/tutorial_taskflow_api.py
[2025-03-17T17:08:23.148+0800] {processor.py:914} INFO - Processing file /Users/ervinyeoh/Desktop/unimods/is3107/project/.venv/lib/python3.11/site-packages/airflow/example_dags/tutorial_taskflow_api.py for tasks to queue
[2025-03-17T17:08:23.148+0800] {logging_mixin.py:190} INFO - [2025-03-17T17:08:23.148+0800] {dagbag.py:588} INFO - Filling up the DagBag from /Users/ervinyeoh/Desktop/unimods/is3107/project/.venv/lib/python3.11/site-packages/airflow/example_dags/tutorial_taskflow_api.py
[2025-03-17T17:08:23.209+0800] {processor.py:925} INFO - DAG(s) 'tutorial_taskflow_api' retrieved from /Users/ervinyeoh/Desktop/unimods/is3107/project/.venv/lib/python3.11/site-packages/airflow/example_dags/tutorial_taskflow_api.py
[2025-03-17T17:08:23.263+0800] {logging_mixin.py:190} INFO - [2025-03-17T17:08:23.262+0800] {dag.py:3239} INFO - Sync 1 DAGs
[2025-03-17T17:08:23.268+0800] {logging_mixin.py:190} INFO - [2025-03-17T17:08:23.268+0800] {dag.py:4180} INFO - Setting next_dagrun for tutorial_taskflow_api to None, run_after=None
[2025-03-17T17:08:23.279+0800] {processor.py:208} INFO - Processing /Users/ervinyeoh/Desktop/unimods/is3107/project/.venv/lib/python3.11/site-packages/airflow/example_dags/tutorial_taskflow_api.py took 0.133 seconds
[2025-03-17T17:10:02.729+0800] {processor.py:186} INFO - Started process (PID=13107) to work on /Users/ervinyeoh/Desktop/unimods/is3107/project/.venv/lib/python3.11/site-packages/airflow/example_dags/tutorial_taskflow_api.py
[2025-03-17T17:10:02.731+0800] {processor.py:914} INFO - Processing file /Users/ervinyeoh/Desktop/unimods/is3107/project/.venv/lib/python3.11/site-packages/airflow/example_dags/tutorial_taskflow_api.py for tasks to queue
[2025-03-17T17:10:02.731+0800] {logging_mixin.py:190} INFO - [2025-03-17T17:10:02.731+0800] {dagbag.py:588} INFO - Filling up the DagBag from /Users/ervinyeoh/Desktop/unimods/is3107/project/.venv/lib/python3.11/site-packages/airflow/example_dags/tutorial_taskflow_api.py
[2025-03-17T17:10:02.783+0800] {processor.py:925} INFO - DAG(s) 'tutorial_taskflow_api' retrieved from /Users/ervinyeoh/Desktop/unimods/is3107/project/.venv/lib/python3.11/site-packages/airflow/example_dags/tutorial_taskflow_api.py
[2025-03-17T17:10:02.839+0800] {logging_mixin.py:190} INFO - [2025-03-17T17:10:02.839+0800] {dag.py:3239} INFO - Sync 1 DAGs
[2025-03-17T17:10:02.845+0800] {logging_mixin.py:190} INFO - [2025-03-17T17:10:02.844+0800] {dag.py:4180} INFO - Setting next_dagrun for tutorial_taskflow_api to None, run_after=None
[2025-03-17T17:10:02.855+0800] {processor.py:208} INFO - Processing /Users/ervinyeoh/Desktop/unimods/is3107/project/.venv/lib/python3.11/site-packages/airflow/example_dags/tutorial_taskflow_api.py took 0.128 seconds
[2025-03-17T17:11:45.238+0800] {processor.py:186} INFO - Started process (PID=13283) to work on /Users/ervinyeoh/Desktop/unimods/is3107/project/.venv/lib/python3.11/site-packages/airflow/example_dags/tutorial_taskflow_api.py
[2025-03-17T17:11:45.239+0800] {processor.py:914} INFO - Processing file /Users/ervinyeoh/Desktop/unimods/is3107/project/.venv/lib/python3.11/site-packages/airflow/example_dags/tutorial_taskflow_api.py for tasks to queue
[2025-03-17T17:11:45.240+0800] {logging_mixin.py:190} INFO - [2025-03-17T17:11:45.240+0800] {dagbag.py:588} INFO - Filling up the DagBag from /Users/ervinyeoh/Desktop/unimods/is3107/project/.venv/lib/python3.11/site-packages/airflow/example_dags/tutorial_taskflow_api.py
[2025-03-17T17:11:45.298+0800] {processor.py:925} INFO - DAG(s) 'tutorial_taskflow_api' retrieved from /Users/ervinyeoh/Desktop/unimods/is3107/project/.venv/lib/python3.11/site-packages/airflow/example_dags/tutorial_taskflow_api.py
[2025-03-17T17:11:45.352+0800] {logging_mixin.py:190} INFO - [2025-03-17T17:11:45.352+0800] {dag.py:3239} INFO - Sync 1 DAGs
[2025-03-17T17:11:45.358+0800] {logging_mixin.py:190} INFO - [2025-03-17T17:11:45.358+0800] {dag.py:4180} INFO - Setting next_dagrun for tutorial_taskflow_api to None, run_after=None
[2025-03-17T17:11:45.368+0800] {processor.py:208} INFO - Processing /Users/ervinyeoh/Desktop/unimods/is3107/project/.venv/lib/python3.11/site-packages/airflow/example_dags/tutorial_taskflow_api.py took 0.132 seconds
[2025-03-17T17:13:23.556+0800] {processor.py:186} INFO - Started process (PID=13406) to work on /Users/ervinyeoh/Desktop/unimods/is3107/project/.venv/lib/python3.11/site-packages/airflow/example_dags/tutorial_taskflow_api.py
[2025-03-17T17:13:23.557+0800] {processor.py:914} INFO - Processing file /Users/ervinyeoh/Desktop/unimods/is3107/project/.venv/lib/python3.11/site-packages/airflow/example_dags/tutorial_taskflow_api.py for tasks to queue
[2025-03-17T17:13:23.557+0800] {logging_mixin.py:190} INFO - [2025-03-17T17:13:23.557+0800] {dagbag.py:588} INFO - Filling up the DagBag from /Users/ervinyeoh/Desktop/unimods/is3107/project/.venv/lib/python3.11/site-packages/airflow/example_dags/tutorial_taskflow_api.py
[2025-03-17T17:13:23.613+0800] {processor.py:925} INFO - DAG(s) 'tutorial_taskflow_api' retrieved from /Users/ervinyeoh/Desktop/unimods/is3107/project/.venv/lib/python3.11/site-packages/airflow/example_dags/tutorial_taskflow_api.py
[2025-03-17T17:13:23.664+0800] {logging_mixin.py:190} INFO - [2025-03-17T17:13:23.664+0800] {dag.py:3239} INFO - Sync 1 DAGs
[2025-03-17T17:13:23.670+0800] {logging_mixin.py:190} INFO - [2025-03-17T17:13:23.670+0800] {dag.py:4180} INFO - Setting next_dagrun for tutorial_taskflow_api to None, run_after=None
[2025-03-17T17:13:23.679+0800] {processor.py:208} INFO - Processing /Users/ervinyeoh/Desktop/unimods/is3107/project/.venv/lib/python3.11/site-packages/airflow/example_dags/tutorial_taskflow_api.py took 0.126 seconds
[2025-03-17T17:15:02.742+0800] {processor.py:186} INFO - Started process (PID=13581) to work on /Users/ervinyeoh/Desktop/unimods/is3107/project/.venv/lib/python3.11/site-packages/airflow/example_dags/tutorial_taskflow_api.py
[2025-03-17T17:15:02.743+0800] {processor.py:914} INFO - Processing file /Users/ervinyeoh/Desktop/unimods/is3107/project/.venv/lib/python3.11/site-packages/airflow/example_dags/tutorial_taskflow_api.py for tasks to queue
[2025-03-17T17:15:02.744+0800] {logging_mixin.py:190} INFO - [2025-03-17T17:15:02.744+0800] {dagbag.py:588} INFO - Filling up the DagBag from /Users/ervinyeoh/Desktop/unimods/is3107/project/.venv/lib/python3.11/site-packages/airflow/example_dags/tutorial_taskflow_api.py
[2025-03-17T17:15:02.799+0800] {processor.py:925} INFO - DAG(s) 'tutorial_taskflow_api' retrieved from /Users/ervinyeoh/Desktop/unimods/is3107/project/.venv/lib/python3.11/site-packages/airflow/example_dags/tutorial_taskflow_api.py
[2025-03-17T17:15:02.852+0800] {logging_mixin.py:190} INFO - [2025-03-17T17:15:02.852+0800] {dag.py:3239} INFO - Sync 1 DAGs
[2025-03-17T17:15:02.857+0800] {logging_mixin.py:190} INFO - [2025-03-17T17:15:02.857+0800] {dag.py:4180} INFO - Setting next_dagrun for tutorial_taskflow_api to None, run_after=None
[2025-03-17T17:15:02.867+0800] {processor.py:208} INFO - Processing /Users/ervinyeoh/Desktop/unimods/is3107/project/.venv/lib/python3.11/site-packages/airflow/example_dags/tutorial_taskflow_api.py took 0.127 seconds
[2025-03-17T17:16:41.938+0800] {processor.py:186} INFO - Started process (PID=13747) to work on /Users/ervinyeoh/Desktop/unimods/is3107/project/.venv/lib/python3.11/site-packages/airflow/example_dags/tutorial_taskflow_api.py
[2025-03-17T17:16:41.939+0800] {processor.py:914} INFO - Processing file /Users/ervinyeoh/Desktop/unimods/is3107/project/.venv/lib/python3.11/site-packages/airflow/example_dags/tutorial_taskflow_api.py for tasks to queue
[2025-03-17T17:16:41.939+0800] {logging_mixin.py:190} INFO - [2025-03-17T17:16:41.939+0800] {dagbag.py:588} INFO - Filling up the DagBag from /Users/ervinyeoh/Desktop/unimods/is3107/project/.venv/lib/python3.11/site-packages/airflow/example_dags/tutorial_taskflow_api.py
[2025-03-17T17:16:41.990+0800] {processor.py:925} INFO - DAG(s) 'tutorial_taskflow_api' retrieved from /Users/ervinyeoh/Desktop/unimods/is3107/project/.venv/lib/python3.11/site-packages/airflow/example_dags/tutorial_taskflow_api.py
[2025-03-17T17:16:42.042+0800] {logging_mixin.py:190} INFO - [2025-03-17T17:16:42.042+0800] {dag.py:3239} INFO - Sync 1 DAGs
[2025-03-17T17:16:42.047+0800] {logging_mixin.py:190} INFO - [2025-03-17T17:16:42.047+0800] {dag.py:4180} INFO - Setting next_dagrun for tutorial_taskflow_api to None, run_after=None
[2025-03-17T17:16:42.057+0800] {processor.py:208} INFO - Processing /Users/ervinyeoh/Desktop/unimods/is3107/project/.venv/lib/python3.11/site-packages/airflow/example_dags/tutorial_taskflow_api.py took 0.121 seconds
[2025-03-17T17:18:21.231+0800] {processor.py:186} INFO - Started process (PID=13866) to work on /Users/ervinyeoh/Desktop/unimods/is3107/project/.venv/lib/python3.11/site-packages/airflow/example_dags/tutorial_taskflow_api.py
[2025-03-17T17:18:21.232+0800] {processor.py:914} INFO - Processing file /Users/ervinyeoh/Desktop/unimods/is3107/project/.venv/lib/python3.11/site-packages/airflow/example_dags/tutorial_taskflow_api.py for tasks to queue
[2025-03-17T17:18:21.233+0800] {logging_mixin.py:190} INFO - [2025-03-17T17:18:21.233+0800] {dagbag.py:588} INFO - Filling up the DagBag from /Users/ervinyeoh/Desktop/unimods/is3107/project/.venv/lib/python3.11/site-packages/airflow/example_dags/tutorial_taskflow_api.py
[2025-03-17T17:18:21.298+0800] {processor.py:925} INFO - DAG(s) 'tutorial_taskflow_api' retrieved from /Users/ervinyeoh/Desktop/unimods/is3107/project/.venv/lib/python3.11/site-packages/airflow/example_dags/tutorial_taskflow_api.py
[2025-03-17T17:18:21.350+0800] {logging_mixin.py:190} INFO - [2025-03-17T17:18:21.350+0800] {dag.py:3239} INFO - Sync 1 DAGs
[2025-03-17T17:18:21.356+0800] {logging_mixin.py:190} INFO - [2025-03-17T17:18:21.355+0800] {dag.py:4180} INFO - Setting next_dagrun for tutorial_taskflow_api to None, run_after=None
[2025-03-17T17:18:21.365+0800] {processor.py:208} INFO - Processing /Users/ervinyeoh/Desktop/unimods/is3107/project/.venv/lib/python3.11/site-packages/airflow/example_dags/tutorial_taskflow_api.py took 0.137 seconds
[2025-03-17T17:19:57.013+0800] {processor.py:186} INFO - Started process (PID=13967) to work on /Users/ervinyeoh/Desktop/unimods/is3107/project/.venv/lib/python3.11/site-packages/airflow/example_dags/tutorial_taskflow_api.py
[2025-03-17T17:19:57.016+0800] {processor.py:914} INFO - Processing file /Users/ervinyeoh/Desktop/unimods/is3107/project/.venv/lib/python3.11/site-packages/airflow/example_dags/tutorial_taskflow_api.py for tasks to queue
[2025-03-17T17:19:57.016+0800] {logging_mixin.py:190} INFO - [2025-03-17T17:19:57.016+0800] {dagbag.py:588} INFO - Filling up the DagBag from /Users/ervinyeoh/Desktop/unimods/is3107/project/.venv/lib/python3.11/site-packages/airflow/example_dags/tutorial_taskflow_api.py
[2025-03-17T17:19:57.066+0800] {processor.py:925} INFO - DAG(s) 'tutorial_taskflow_api' retrieved from /Users/ervinyeoh/Desktop/unimods/is3107/project/.venv/lib/python3.11/site-packages/airflow/example_dags/tutorial_taskflow_api.py
[2025-03-17T17:19:57.117+0800] {logging_mixin.py:190} INFO - [2025-03-17T17:19:57.117+0800] {dag.py:3239} INFO - Sync 1 DAGs
[2025-03-17T17:19:57.123+0800] {logging_mixin.py:190} INFO - [2025-03-17T17:19:57.123+0800] {dag.py:4180} INFO - Setting next_dagrun for tutorial_taskflow_api to None, run_after=None
[2025-03-17T17:19:57.132+0800] {processor.py:208} INFO - Processing /Users/ervinyeoh/Desktop/unimods/is3107/project/.venv/lib/python3.11/site-packages/airflow/example_dags/tutorial_taskflow_api.py took 0.121 seconds
[2025-03-17T17:21:35.185+0800] {processor.py:186} INFO - Started process (PID=14101) to work on /Users/ervinyeoh/Desktop/unimods/is3107/project/.venv/lib/python3.11/site-packages/airflow/example_dags/tutorial_taskflow_api.py
[2025-03-17T17:21:35.186+0800] {processor.py:914} INFO - Processing file /Users/ervinyeoh/Desktop/unimods/is3107/project/.venv/lib/python3.11/site-packages/airflow/example_dags/tutorial_taskflow_api.py for tasks to queue
[2025-03-17T17:21:35.187+0800] {logging_mixin.py:190} INFO - [2025-03-17T17:21:35.187+0800] {dagbag.py:588} INFO - Filling up the DagBag from /Users/ervinyeoh/Desktop/unimods/is3107/project/.venv/lib/python3.11/site-packages/airflow/example_dags/tutorial_taskflow_api.py
[2025-03-17T17:21:35.239+0800] {processor.py:925} INFO - DAG(s) 'tutorial_taskflow_api' retrieved from /Users/ervinyeoh/Desktop/unimods/is3107/project/.venv/lib/python3.11/site-packages/airflow/example_dags/tutorial_taskflow_api.py
[2025-03-17T17:21:35.291+0800] {logging_mixin.py:190} INFO - [2025-03-17T17:21:35.291+0800] {dag.py:3239} INFO - Sync 1 DAGs
[2025-03-17T17:21:35.296+0800] {logging_mixin.py:190} INFO - [2025-03-17T17:21:35.296+0800] {dag.py:4180} INFO - Setting next_dagrun for tutorial_taskflow_api to None, run_after=None
[2025-03-17T17:21:35.305+0800] {processor.py:208} INFO - Processing /Users/ervinyeoh/Desktop/unimods/is3107/project/.venv/lib/python3.11/site-packages/airflow/example_dags/tutorial_taskflow_api.py took 0.122 seconds
[2025-03-17T17:23:14.377+0800] {processor.py:186} INFO - Started process (PID=14204) to work on /Users/ervinyeoh/Desktop/unimods/is3107/project/.venv/lib/python3.11/site-packages/airflow/example_dags/tutorial_taskflow_api.py
[2025-03-17T17:23:14.379+0800] {processor.py:914} INFO - Processing file /Users/ervinyeoh/Desktop/unimods/is3107/project/.venv/lib/python3.11/site-packages/airflow/example_dags/tutorial_taskflow_api.py for tasks to queue
[2025-03-17T17:23:14.379+0800] {logging_mixin.py:190} INFO - [2025-03-17T17:23:14.379+0800] {dagbag.py:588} INFO - Filling up the DagBag from /Users/ervinyeoh/Desktop/unimods/is3107/project/.venv/lib/python3.11/site-packages/airflow/example_dags/tutorial_taskflow_api.py
[2025-03-17T17:23:14.433+0800] {processor.py:925} INFO - DAG(s) 'tutorial_taskflow_api' retrieved from /Users/ervinyeoh/Desktop/unimods/is3107/project/.venv/lib/python3.11/site-packages/airflow/example_dags/tutorial_taskflow_api.py
[2025-03-17T17:23:14.486+0800] {logging_mixin.py:190} INFO - [2025-03-17T17:23:14.485+0800] {dag.py:3239} INFO - Sync 1 DAGs
[2025-03-17T17:23:14.491+0800] {logging_mixin.py:190} INFO - [2025-03-17T17:23:14.491+0800] {dag.py:4180} INFO - Setting next_dagrun for tutorial_taskflow_api to None, run_after=None
[2025-03-17T17:23:14.502+0800] {processor.py:208} INFO - Processing /Users/ervinyeoh/Desktop/unimods/is3107/project/.venv/lib/python3.11/site-packages/airflow/example_dags/tutorial_taskflow_api.py took 0.126 seconds
[2025-03-17T17:31:53.084+0800] {processor.py:186} INFO - Started process (PID=14361) to work on /Users/ervinyeoh/Desktop/unimods/is3107/project/.venv/lib/python3.11/site-packages/airflow/example_dags/tutorial_taskflow_api.py
[2025-03-17T17:31:53.085+0800] {processor.py:914} INFO - Processing file /Users/ervinyeoh/Desktop/unimods/is3107/project/.venv/lib/python3.11/site-packages/airflow/example_dags/tutorial_taskflow_api.py for tasks to queue
[2025-03-17T17:31:53.086+0800] {logging_mixin.py:190} INFO - [2025-03-17T17:31:53.086+0800] {dagbag.py:588} INFO - Filling up the DagBag from /Users/ervinyeoh/Desktop/unimods/is3107/project/.venv/lib/python3.11/site-packages/airflow/example_dags/tutorial_taskflow_api.py
[2025-03-17T17:31:53.177+0800] {processor.py:925} INFO - DAG(s) 'tutorial_taskflow_api' retrieved from /Users/ervinyeoh/Desktop/unimods/is3107/project/.venv/lib/python3.11/site-packages/airflow/example_dags/tutorial_taskflow_api.py
[2025-03-17T17:31:53.241+0800] {logging_mixin.py:190} INFO - [2025-03-17T17:31:53.241+0800] {dag.py:3239} INFO - Sync 1 DAGs
[2025-03-17T17:31:53.253+0800] {logging_mixin.py:190} INFO - [2025-03-17T17:31:53.252+0800] {dag.py:4180} INFO - Setting next_dagrun for tutorial_taskflow_api to None, run_after=None
[2025-03-17T17:31:53.273+0800] {processor.py:208} INFO - Processing /Users/ervinyeoh/Desktop/unimods/is3107/project/.venv/lib/python3.11/site-packages/airflow/example_dags/tutorial_taskflow_api.py took 0.190 seconds
[2025-03-17T18:23:22.040+0800] {processor.py:186} INFO - Started process (PID=14650) to work on /Users/ervinyeoh/Desktop/unimods/is3107/project/.venv/lib/python3.11/site-packages/airflow/example_dags/tutorial_taskflow_api.py
[2025-03-17T18:23:22.041+0800] {processor.py:914} INFO - Processing file /Users/ervinyeoh/Desktop/unimods/is3107/project/.venv/lib/python3.11/site-packages/airflow/example_dags/tutorial_taskflow_api.py for tasks to queue
[2025-03-17T18:23:22.041+0800] {logging_mixin.py:190} INFO - [2025-03-17T18:23:22.041+0800] {dagbag.py:588} INFO - Filling up the DagBag from /Users/ervinyeoh/Desktop/unimods/is3107/project/.venv/lib/python3.11/site-packages/airflow/example_dags/tutorial_taskflow_api.py
[2025-03-17T18:23:22.096+0800] {processor.py:925} INFO - DAG(s) 'tutorial_taskflow_api' retrieved from /Users/ervinyeoh/Desktop/unimods/is3107/project/.venv/lib/python3.11/site-packages/airflow/example_dags/tutorial_taskflow_api.py
[2025-03-17T18:23:22.148+0800] {logging_mixin.py:190} INFO - [2025-03-17T18:23:22.148+0800] {dag.py:3239} INFO - Sync 1 DAGs
[2025-03-17T18:23:22.153+0800] {logging_mixin.py:190} INFO - [2025-03-17T18:23:22.153+0800] {dag.py:4180} INFO - Setting next_dagrun for tutorial_taskflow_api to None, run_after=None
[2025-03-17T18:23:22.163+0800] {processor.py:208} INFO - Processing /Users/ervinyeoh/Desktop/unimods/is3107/project/.venv/lib/python3.11/site-packages/airflow/example_dags/tutorial_taskflow_api.py took 0.124 seconds
[2025-03-17T19:40:27.638+0800] {processor.py:186} INFO - Started process (PID=14984) to work on /Users/ervinyeoh/Desktop/unimods/is3107/project/.venv/lib/python3.11/site-packages/airflow/example_dags/tutorial_taskflow_api.py
[2025-03-17T19:40:27.639+0800] {processor.py:914} INFO - Processing file /Users/ervinyeoh/Desktop/unimods/is3107/project/.venv/lib/python3.11/site-packages/airflow/example_dags/tutorial_taskflow_api.py for tasks to queue
[2025-03-17T19:40:27.640+0800] {logging_mixin.py:190} INFO - [2025-03-17T19:40:27.640+0800] {dagbag.py:588} INFO - Filling up the DagBag from /Users/ervinyeoh/Desktop/unimods/is3107/project/.venv/lib/python3.11/site-packages/airflow/example_dags/tutorial_taskflow_api.py
[2025-03-17T19:40:27.727+0800] {processor.py:925} INFO - DAG(s) 'tutorial_taskflow_api' retrieved from /Users/ervinyeoh/Desktop/unimods/is3107/project/.venv/lib/python3.11/site-packages/airflow/example_dags/tutorial_taskflow_api.py
[2025-03-17T19:40:27.797+0800] {logging_mixin.py:190} INFO - [2025-03-17T19:40:27.796+0800] {dag.py:3239} INFO - Sync 1 DAGs
[2025-03-17T19:40:27.803+0800] {logging_mixin.py:190} INFO - [2025-03-17T19:40:27.803+0800] {dag.py:4180} INFO - Setting next_dagrun for tutorial_taskflow_api to None, run_after=None
[2025-03-17T19:40:27.816+0800] {processor.py:208} INFO - Processing /Users/ervinyeoh/Desktop/unimods/is3107/project/.venv/lib/python3.11/site-packages/airflow/example_dags/tutorial_taskflow_api.py took 0.180 seconds
[2025-03-17T19:40:33.786+0800] {processor.py:186} INFO - Started process (PID=15001) to work on /Users/ervinyeoh/Desktop/unimods/is3107/project/.venv/lib/python3.11/site-packages/airflow/example_dags/tutorial_taskflow_api.py
[2025-03-17T19:40:33.786+0800] {processor.py:914} INFO - Processing file /Users/ervinyeoh/Desktop/unimods/is3107/project/.venv/lib/python3.11/site-packages/airflow/example_dags/tutorial_taskflow_api.py for tasks to queue
[2025-03-17T19:40:33.787+0800] {logging_mixin.py:190} INFO - [2025-03-17T19:40:33.787+0800] {dagbag.py:588} INFO - Filling up the DagBag from /Users/ervinyeoh/Desktop/unimods/is3107/project/.venv/lib/python3.11/site-packages/airflow/example_dags/tutorial_taskflow_api.py
[2025-03-17T19:40:33.852+0800] {processor.py:925} INFO - DAG(s) 'tutorial_taskflow_api' retrieved from /Users/ervinyeoh/Desktop/unimods/is3107/project/.venv/lib/python3.11/site-packages/airflow/example_dags/tutorial_taskflow_api.py
[2025-03-17T19:40:33.907+0800] {logging_mixin.py:190} INFO - [2025-03-17T19:40:33.907+0800] {dag.py:3239} INFO - Sync 1 DAGs
[2025-03-17T19:40:33.913+0800] {logging_mixin.py:190} INFO - [2025-03-17T19:40:33.913+0800] {dag.py:4180} INFO - Setting next_dagrun for tutorial_taskflow_api to None, run_after=None
[2025-03-17T19:40:33.924+0800] {processor.py:208} INFO - Processing /Users/ervinyeoh/Desktop/unimods/is3107/project/.venv/lib/python3.11/site-packages/airflow/example_dags/tutorial_taskflow_api.py took 0.140 seconds
[2025-03-17T19:42:15.448+0800] {processor.py:186} INFO - Started process (PID=15226) to work on /Users/ervinyeoh/Desktop/unimods/is3107/project/.venv/lib/python3.11/site-packages/airflow/example_dags/tutorial_taskflow_api.py
[2025-03-17T19:42:15.449+0800] {processor.py:914} INFO - Processing file /Users/ervinyeoh/Desktop/unimods/is3107/project/.venv/lib/python3.11/site-packages/airflow/example_dags/tutorial_taskflow_api.py for tasks to queue
[2025-03-17T19:42:15.450+0800] {logging_mixin.py:190} INFO - [2025-03-17T19:42:15.450+0800] {dagbag.py:588} INFO - Filling up the DagBag from /Users/ervinyeoh/Desktop/unimods/is3107/project/.venv/lib/python3.11/site-packages/airflow/example_dags/tutorial_taskflow_api.py
[2025-03-17T19:42:15.501+0800] {processor.py:925} INFO - DAG(s) 'tutorial_taskflow_api' retrieved from /Users/ervinyeoh/Desktop/unimods/is3107/project/.venv/lib/python3.11/site-packages/airflow/example_dags/tutorial_taskflow_api.py
[2025-03-17T19:42:15.553+0800] {logging_mixin.py:190} INFO - [2025-03-17T19:42:15.552+0800] {dag.py:3239} INFO - Sync 1 DAGs
[2025-03-17T19:42:15.558+0800] {logging_mixin.py:190} INFO - [2025-03-17T19:42:15.558+0800] {dag.py:4180} INFO - Setting next_dagrun for tutorial_taskflow_api to None, run_after=None
[2025-03-17T19:42:15.568+0800] {processor.py:208} INFO - Processing /Users/ervinyeoh/Desktop/unimods/is3107/project/.venv/lib/python3.11/site-packages/airflow/example_dags/tutorial_taskflow_api.py took 0.121 seconds
[2025-03-17T19:42:42.374+0800] {processor.py:186} INFO - Started process (PID=15286) to work on /Users/ervinyeoh/Desktop/unimods/is3107/project/.venv/lib/python3.11/site-packages/airflow/example_dags/tutorial_taskflow_api.py
[2025-03-17T19:42:42.380+0800] {processor.py:914} INFO - Processing file /Users/ervinyeoh/Desktop/unimods/is3107/project/.venv/lib/python3.11/site-packages/airflow/example_dags/tutorial_taskflow_api.py for tasks to queue
[2025-03-17T19:42:42.380+0800] {logging_mixin.py:190} INFO - [2025-03-17T19:42:42.380+0800] {dagbag.py:588} INFO - Filling up the DagBag from /Users/ervinyeoh/Desktop/unimods/is3107/project/.venv/lib/python3.11/site-packages/airflow/example_dags/tutorial_taskflow_api.py
[2025-03-17T19:42:42.474+0800] {processor.py:925} INFO - DAG(s) 'tutorial_taskflow_api' retrieved from /Users/ervinyeoh/Desktop/unimods/is3107/project/.venv/lib/python3.11/site-packages/airflow/example_dags/tutorial_taskflow_api.py
[2025-03-17T19:42:42.543+0800] {logging_mixin.py:190} INFO - [2025-03-17T19:42:42.543+0800] {dag.py:3239} INFO - Sync 1 DAGs
[2025-03-17T19:42:42.550+0800] {logging_mixin.py:190} INFO - [2025-03-17T19:42:42.549+0800] {dag.py:4180} INFO - Setting next_dagrun for tutorial_taskflow_api to None, run_after=None
[2025-03-17T19:42:42.560+0800] {processor.py:208} INFO - Processing /Users/ervinyeoh/Desktop/unimods/is3107/project/.venv/lib/python3.11/site-packages/airflow/example_dags/tutorial_taskflow_api.py took 0.189 seconds
[2025-03-17T19:43:19.839+0800] {processor.py:186} INFO - Started process (PID=15351) to work on /Users/ervinyeoh/Desktop/unimods/is3107/project/.venv/lib/python3.11/site-packages/airflow/example_dags/tutorial_taskflow_api.py
[2025-03-17T19:43:19.840+0800] {processor.py:914} INFO - Processing file /Users/ervinyeoh/Desktop/unimods/is3107/project/.venv/lib/python3.11/site-packages/airflow/example_dags/tutorial_taskflow_api.py for tasks to queue
[2025-03-17T19:43:19.840+0800] {logging_mixin.py:190} INFO - [2025-03-17T19:43:19.840+0800] {dagbag.py:588} INFO - Filling up the DagBag from /Users/ervinyeoh/Desktop/unimods/is3107/project/.venv/lib/python3.11/site-packages/airflow/example_dags/tutorial_taskflow_api.py
[2025-03-17T19:43:19.892+0800] {processor.py:925} INFO - DAG(s) 'tutorial_taskflow_api' retrieved from /Users/ervinyeoh/Desktop/unimods/is3107/project/.venv/lib/python3.11/site-packages/airflow/example_dags/tutorial_taskflow_api.py
[2025-03-17T19:43:19.943+0800] {logging_mixin.py:190} INFO - [2025-03-17T19:43:19.943+0800] {dag.py:3239} INFO - Sync 1 DAGs
[2025-03-17T19:43:19.949+0800] {logging_mixin.py:190} INFO - [2025-03-17T19:43:19.949+0800] {dag.py:4180} INFO - Setting next_dagrun for tutorial_taskflow_api to None, run_after=None
[2025-03-17T19:43:19.958+0800] {processor.py:208} INFO - Processing /Users/ervinyeoh/Desktop/unimods/is3107/project/.venv/lib/python3.11/site-packages/airflow/example_dags/tutorial_taskflow_api.py took 0.121 seconds
[2025-03-17T19:44:19.941+0800] {processor.py:186} INFO - Started process (PID=15485) to work on /Users/ervinyeoh/Desktop/unimods/is3107/project/.venv/lib/python3.11/site-packages/airflow/example_dags/tutorial_taskflow_api.py
[2025-03-17T19:44:19.942+0800] {processor.py:914} INFO - Processing file /Users/ervinyeoh/Desktop/unimods/is3107/project/.venv/lib/python3.11/site-packages/airflow/example_dags/tutorial_taskflow_api.py for tasks to queue
[2025-03-17T19:44:19.943+0800] {logging_mixin.py:190} INFO - [2025-03-17T19:44:19.943+0800] {dagbag.py:588} INFO - Filling up the DagBag from /Users/ervinyeoh/Desktop/unimods/is3107/project/.venv/lib/python3.11/site-packages/airflow/example_dags/tutorial_taskflow_api.py
[2025-03-17T19:44:20.016+0800] {processor.py:925} INFO - DAG(s) 'tutorial_taskflow_api' retrieved from /Users/ervinyeoh/Desktop/unimods/is3107/project/.venv/lib/python3.11/site-packages/airflow/example_dags/tutorial_taskflow_api.py
[2025-03-17T19:44:20.074+0800] {logging_mixin.py:190} INFO - [2025-03-17T19:44:20.073+0800] {dag.py:3239} INFO - Sync 1 DAGs
[2025-03-17T19:44:20.080+0800] {logging_mixin.py:190} INFO - [2025-03-17T19:44:20.079+0800] {dag.py:4180} INFO - Setting next_dagrun for tutorial_taskflow_api to None, run_after=None
[2025-03-17T19:44:20.091+0800] {processor.py:208} INFO - Processing /Users/ervinyeoh/Desktop/unimods/is3107/project/.venv/lib/python3.11/site-packages/airflow/example_dags/tutorial_taskflow_api.py took 0.151 seconds
[2025-03-17T19:45:31.203+0800] {processor.py:186} INFO - Started process (PID=15655) to work on /Users/ervinyeoh/Desktop/unimods/is3107/project/.venv/lib/python3.11/site-packages/airflow/example_dags/tutorial_taskflow_api.py
[2025-03-17T19:45:31.204+0800] {processor.py:914} INFO - Processing file /Users/ervinyeoh/Desktop/unimods/is3107/project/.venv/lib/python3.11/site-packages/airflow/example_dags/tutorial_taskflow_api.py for tasks to queue
[2025-03-17T19:45:31.205+0800] {logging_mixin.py:190} INFO - [2025-03-17T19:45:31.204+0800] {dagbag.py:588} INFO - Filling up the DagBag from /Users/ervinyeoh/Desktop/unimods/is3107/project/.venv/lib/python3.11/site-packages/airflow/example_dags/tutorial_taskflow_api.py
[2025-03-17T19:45:31.257+0800] {processor.py:925} INFO - DAG(s) 'tutorial_taskflow_api' retrieved from /Users/ervinyeoh/Desktop/unimods/is3107/project/.venv/lib/python3.11/site-packages/airflow/example_dags/tutorial_taskflow_api.py
[2025-03-17T19:45:31.308+0800] {logging_mixin.py:190} INFO - [2025-03-17T19:45:31.307+0800] {dag.py:3239} INFO - Sync 1 DAGs
[2025-03-17T19:45:31.313+0800] {logging_mixin.py:190} INFO - [2025-03-17T19:45:31.313+0800] {dag.py:4180} INFO - Setting next_dagrun for tutorial_taskflow_api to None, run_after=None
[2025-03-17T19:45:31.323+0800] {processor.py:208} INFO - Processing /Users/ervinyeoh/Desktop/unimods/is3107/project/.venv/lib/python3.11/site-packages/airflow/example_dags/tutorial_taskflow_api.py took 0.122 seconds
[2025-03-17T19:46:32.170+0800] {processor.py:186} INFO - Started process (PID=15815) to work on /Users/ervinyeoh/Desktop/unimods/is3107/project/.venv/lib/python3.11/site-packages/airflow/example_dags/tutorial_taskflow_api.py
[2025-03-17T19:46:32.171+0800] {processor.py:914} INFO - Processing file /Users/ervinyeoh/Desktop/unimods/is3107/project/.venv/lib/python3.11/site-packages/airflow/example_dags/tutorial_taskflow_api.py for tasks to queue
[2025-03-17T19:46:32.172+0800] {logging_mixin.py:190} INFO - [2025-03-17T19:46:32.171+0800] {dagbag.py:588} INFO - Filling up the DagBag from /Users/ervinyeoh/Desktop/unimods/is3107/project/.venv/lib/python3.11/site-packages/airflow/example_dags/tutorial_taskflow_api.py
[2025-03-17T19:46:32.226+0800] {processor.py:925} INFO - DAG(s) 'tutorial_taskflow_api' retrieved from /Users/ervinyeoh/Desktop/unimods/is3107/project/.venv/lib/python3.11/site-packages/airflow/example_dags/tutorial_taskflow_api.py
[2025-03-17T19:46:32.277+0800] {logging_mixin.py:190} INFO - [2025-03-17T19:46:32.277+0800] {dag.py:3239} INFO - Sync 1 DAGs
[2025-03-17T19:46:32.283+0800] {logging_mixin.py:190} INFO - [2025-03-17T19:46:32.283+0800] {dag.py:4180} INFO - Setting next_dagrun for tutorial_taskflow_api to None, run_after=None
[2025-03-17T19:46:32.293+0800] {processor.py:208} INFO - Processing /Users/ervinyeoh/Desktop/unimods/is3107/project/.venv/lib/python3.11/site-packages/airflow/example_dags/tutorial_taskflow_api.py took 0.125 seconds
[2025-03-17T19:47:09.778+0800] {processor.py:186} INFO - Started process (PID=15890) to work on /Users/ervinyeoh/Desktop/unimods/is3107/project/.venv/lib/python3.11/site-packages/airflow/example_dags/tutorial_taskflow_api.py
[2025-03-17T19:47:09.780+0800] {processor.py:914} INFO - Processing file /Users/ervinyeoh/Desktop/unimods/is3107/project/.venv/lib/python3.11/site-packages/airflow/example_dags/tutorial_taskflow_api.py for tasks to queue
[2025-03-17T19:47:09.780+0800] {logging_mixin.py:190} INFO - [2025-03-17T19:47:09.780+0800] {dagbag.py:588} INFO - Filling up the DagBag from /Users/ervinyeoh/Desktop/unimods/is3107/project/.venv/lib/python3.11/site-packages/airflow/example_dags/tutorial_taskflow_api.py
[2025-03-17T19:47:09.833+0800] {processor.py:925} INFO - DAG(s) 'tutorial_taskflow_api' retrieved from /Users/ervinyeoh/Desktop/unimods/is3107/project/.venv/lib/python3.11/site-packages/airflow/example_dags/tutorial_taskflow_api.py
[2025-03-17T19:47:09.885+0800] {logging_mixin.py:190} INFO - [2025-03-17T19:47:09.884+0800] {dag.py:3239} INFO - Sync 1 DAGs
[2025-03-17T19:47:09.890+0800] {logging_mixin.py:190} INFO - [2025-03-17T19:47:09.890+0800] {dag.py:4180} INFO - Setting next_dagrun for tutorial_taskflow_api to None, run_after=None
[2025-03-17T19:47:09.900+0800] {processor.py:208} INFO - Processing /Users/ervinyeoh/Desktop/unimods/is3107/project/.venv/lib/python3.11/site-packages/airflow/example_dags/tutorial_taskflow_api.py took 0.124 seconds
[2025-03-17T19:48:14.548+0800] {processor.py:186} INFO - Started process (PID=16017) to work on /Users/ervinyeoh/Desktop/unimods/is3107/project/.venv/lib/python3.11/site-packages/airflow/example_dags/tutorial_taskflow_api.py
[2025-03-17T19:48:14.549+0800] {processor.py:914} INFO - Processing file /Users/ervinyeoh/Desktop/unimods/is3107/project/.venv/lib/python3.11/site-packages/airflow/example_dags/tutorial_taskflow_api.py for tasks to queue
[2025-03-17T19:48:14.550+0800] {logging_mixin.py:190} INFO - [2025-03-17T19:48:14.550+0800] {dagbag.py:588} INFO - Filling up the DagBag from /Users/ervinyeoh/Desktop/unimods/is3107/project/.venv/lib/python3.11/site-packages/airflow/example_dags/tutorial_taskflow_api.py
[2025-03-17T19:48:14.605+0800] {processor.py:925} INFO - DAG(s) 'tutorial_taskflow_api' retrieved from /Users/ervinyeoh/Desktop/unimods/is3107/project/.venv/lib/python3.11/site-packages/airflow/example_dags/tutorial_taskflow_api.py
[2025-03-17T19:48:14.659+0800] {logging_mixin.py:190} INFO - [2025-03-17T19:48:14.659+0800] {dag.py:3239} INFO - Sync 1 DAGs
[2025-03-17T19:48:14.667+0800] {logging_mixin.py:190} INFO - [2025-03-17T19:48:14.667+0800] {dag.py:4180} INFO - Setting next_dagrun for tutorial_taskflow_api to None, run_after=None
[2025-03-17T19:48:14.682+0800] {processor.py:208} INFO - Processing /Users/ervinyeoh/Desktop/unimods/is3107/project/.venv/lib/python3.11/site-packages/airflow/example_dags/tutorial_taskflow_api.py took 0.136 seconds
[2025-03-17T19:48:54.739+0800] {processor.py:186} INFO - Started process (PID=16094) to work on /Users/ervinyeoh/Desktop/unimods/is3107/project/.venv/lib/python3.11/site-packages/airflow/example_dags/tutorial_taskflow_api.py
[2025-03-17T19:48:54.740+0800] {processor.py:914} INFO - Processing file /Users/ervinyeoh/Desktop/unimods/is3107/project/.venv/lib/python3.11/site-packages/airflow/example_dags/tutorial_taskflow_api.py for tasks to queue
[2025-03-17T19:48:54.741+0800] {logging_mixin.py:190} INFO - [2025-03-17T19:48:54.741+0800] {dagbag.py:588} INFO - Filling up the DagBag from /Users/ervinyeoh/Desktop/unimods/is3107/project/.venv/lib/python3.11/site-packages/airflow/example_dags/tutorial_taskflow_api.py
[2025-03-17T19:48:54.794+0800] {processor.py:925} INFO - DAG(s) 'tutorial_taskflow_api' retrieved from /Users/ervinyeoh/Desktop/unimods/is3107/project/.venv/lib/python3.11/site-packages/airflow/example_dags/tutorial_taskflow_api.py
[2025-03-17T19:48:54.846+0800] {logging_mixin.py:190} INFO - [2025-03-17T19:48:54.846+0800] {dag.py:3239} INFO - Sync 1 DAGs
[2025-03-17T19:48:54.852+0800] {logging_mixin.py:190} INFO - [2025-03-17T19:48:54.852+0800] {dag.py:4180} INFO - Setting next_dagrun for tutorial_taskflow_api to None, run_after=None
[2025-03-17T19:48:54.862+0800] {processor.py:208} INFO - Processing /Users/ervinyeoh/Desktop/unimods/is3107/project/.venv/lib/python3.11/site-packages/airflow/example_dags/tutorial_taskflow_api.py took 0.125 seconds
[2025-03-17T19:49:59.888+0800] {processor.py:186} INFO - Started process (PID=16222) to work on /Users/ervinyeoh/Desktop/unimods/is3107/project/.venv/lib/python3.11/site-packages/airflow/example_dags/tutorial_taskflow_api.py
[2025-03-17T19:49:59.889+0800] {processor.py:914} INFO - Processing file /Users/ervinyeoh/Desktop/unimods/is3107/project/.venv/lib/python3.11/site-packages/airflow/example_dags/tutorial_taskflow_api.py for tasks to queue
[2025-03-17T19:49:59.889+0800] {logging_mixin.py:190} INFO - [2025-03-17T19:49:59.889+0800] {dagbag.py:588} INFO - Filling up the DagBag from /Users/ervinyeoh/Desktop/unimods/is3107/project/.venv/lib/python3.11/site-packages/airflow/example_dags/tutorial_taskflow_api.py
[2025-03-17T19:49:59.945+0800] {processor.py:925} INFO - DAG(s) 'tutorial_taskflow_api' retrieved from /Users/ervinyeoh/Desktop/unimods/is3107/project/.venv/lib/python3.11/site-packages/airflow/example_dags/tutorial_taskflow_api.py
[2025-03-17T19:49:59.997+0800] {logging_mixin.py:190} INFO - [2025-03-17T19:49:59.997+0800] {dag.py:3239} INFO - Sync 1 DAGs
[2025-03-17T19:50:00.003+0800] {logging_mixin.py:190} INFO - [2025-03-17T19:50:00.003+0800] {dag.py:4180} INFO - Setting next_dagrun for tutorial_taskflow_api to None, run_after=None
[2025-03-17T19:50:00.013+0800] {processor.py:208} INFO - Processing /Users/ervinyeoh/Desktop/unimods/is3107/project/.venv/lib/python3.11/site-packages/airflow/example_dags/tutorial_taskflow_api.py took 0.127 seconds
[2025-03-17T19:50:37.620+0800] {processor.py:186} INFO - Started process (PID=16303) to work on /Users/ervinyeoh/Desktop/unimods/is3107/project/.venv/lib/python3.11/site-packages/airflow/example_dags/tutorial_taskflow_api.py
[2025-03-17T19:50:37.621+0800] {processor.py:914} INFO - Processing file /Users/ervinyeoh/Desktop/unimods/is3107/project/.venv/lib/python3.11/site-packages/airflow/example_dags/tutorial_taskflow_api.py for tasks to queue
[2025-03-17T19:50:37.621+0800] {logging_mixin.py:190} INFO - [2025-03-17T19:50:37.621+0800] {dagbag.py:588} INFO - Filling up the DagBag from /Users/ervinyeoh/Desktop/unimods/is3107/project/.venv/lib/python3.11/site-packages/airflow/example_dags/tutorial_taskflow_api.py
[2025-03-17T19:50:37.684+0800] {processor.py:925} INFO - DAG(s) 'tutorial_taskflow_api' retrieved from /Users/ervinyeoh/Desktop/unimods/is3107/project/.venv/lib/python3.11/site-packages/airflow/example_dags/tutorial_taskflow_api.py
[2025-03-17T19:50:37.736+0800] {logging_mixin.py:190} INFO - [2025-03-17T19:50:37.736+0800] {dag.py:3239} INFO - Sync 1 DAGs
[2025-03-17T19:50:37.742+0800] {logging_mixin.py:190} INFO - [2025-03-17T19:50:37.742+0800] {dag.py:4180} INFO - Setting next_dagrun for tutorial_taskflow_api to None, run_after=None
[2025-03-17T19:50:37.752+0800] {processor.py:208} INFO - Processing /Users/ervinyeoh/Desktop/unimods/is3107/project/.venv/lib/python3.11/site-packages/airflow/example_dags/tutorial_taskflow_api.py took 0.134 seconds
[2025-03-17T19:51:39.509+0800] {processor.py:186} INFO - Started process (PID=16424) to work on /Users/ervinyeoh/Desktop/unimods/is3107/project/.venv/lib/python3.11/site-packages/airflow/example_dags/tutorial_taskflow_api.py
[2025-03-17T19:51:39.510+0800] {processor.py:914} INFO - Processing file /Users/ervinyeoh/Desktop/unimods/is3107/project/.venv/lib/python3.11/site-packages/airflow/example_dags/tutorial_taskflow_api.py for tasks to queue
[2025-03-17T19:51:39.511+0800] {logging_mixin.py:190} INFO - [2025-03-17T19:51:39.511+0800] {dagbag.py:588} INFO - Filling up the DagBag from /Users/ervinyeoh/Desktop/unimods/is3107/project/.venv/lib/python3.11/site-packages/airflow/example_dags/tutorial_taskflow_api.py
[2025-03-17T19:51:39.572+0800] {processor.py:925} INFO - DAG(s) 'tutorial_taskflow_api' retrieved from /Users/ervinyeoh/Desktop/unimods/is3107/project/.venv/lib/python3.11/site-packages/airflow/example_dags/tutorial_taskflow_api.py
[2025-03-17T19:51:39.625+0800] {logging_mixin.py:190} INFO - [2025-03-17T19:51:39.625+0800] {dag.py:3239} INFO - Sync 1 DAGs
[2025-03-17T19:51:39.631+0800] {logging_mixin.py:190} INFO - [2025-03-17T19:51:39.631+0800] {dag.py:4180} INFO - Setting next_dagrun for tutorial_taskflow_api to None, run_after=None
[2025-03-17T19:51:39.641+0800] {processor.py:208} INFO - Processing /Users/ervinyeoh/Desktop/unimods/is3107/project/.venv/lib/python3.11/site-packages/airflow/example_dags/tutorial_taskflow_api.py took 0.134 seconds
[2025-03-17T19:52:15.732+0800] {processor.py:186} INFO - Started process (PID=16495) to work on /Users/ervinyeoh/Desktop/unimods/is3107/project/.venv/lib/python3.11/site-packages/airflow/example_dags/tutorial_taskflow_api.py
[2025-03-17T19:52:15.734+0800] {processor.py:914} INFO - Processing file /Users/ervinyeoh/Desktop/unimods/is3107/project/.venv/lib/python3.11/site-packages/airflow/example_dags/tutorial_taskflow_api.py for tasks to queue
[2025-03-17T19:52:15.734+0800] {logging_mixin.py:190} INFO - [2025-03-17T19:52:15.734+0800] {dagbag.py:588} INFO - Filling up the DagBag from /Users/ervinyeoh/Desktop/unimods/is3107/project/.venv/lib/python3.11/site-packages/airflow/example_dags/tutorial_taskflow_api.py
[2025-03-17T19:52:15.784+0800] {processor.py:925} INFO - DAG(s) 'tutorial_taskflow_api' retrieved from /Users/ervinyeoh/Desktop/unimods/is3107/project/.venv/lib/python3.11/site-packages/airflow/example_dags/tutorial_taskflow_api.py
[2025-03-17T19:52:15.837+0800] {logging_mixin.py:190} INFO - [2025-03-17T19:52:15.837+0800] {dag.py:3239} INFO - Sync 1 DAGs
[2025-03-17T19:52:15.843+0800] {logging_mixin.py:190} INFO - [2025-03-17T19:52:15.842+0800] {dag.py:4180} INFO - Setting next_dagrun for tutorial_taskflow_api to None, run_after=None
[2025-03-17T19:52:15.852+0800] {processor.py:208} INFO - Processing /Users/ervinyeoh/Desktop/unimods/is3107/project/.venv/lib/python3.11/site-packages/airflow/example_dags/tutorial_taskflow_api.py took 0.121 seconds
[2025-03-17T19:53:18.251+0800] {processor.py:186} INFO - Started process (PID=16619) to work on /Users/ervinyeoh/Desktop/unimods/is3107/project/.venv/lib/python3.11/site-packages/airflow/example_dags/tutorial_taskflow_api.py
[2025-03-17T19:53:18.252+0800] {processor.py:914} INFO - Processing file /Users/ervinyeoh/Desktop/unimods/is3107/project/.venv/lib/python3.11/site-packages/airflow/example_dags/tutorial_taskflow_api.py for tasks to queue
[2025-03-17T19:53:18.253+0800] {logging_mixin.py:190} INFO - [2025-03-17T19:53:18.252+0800] {dagbag.py:588} INFO - Filling up the DagBag from /Users/ervinyeoh/Desktop/unimods/is3107/project/.venv/lib/python3.11/site-packages/airflow/example_dags/tutorial_taskflow_api.py
[2025-03-17T19:53:18.314+0800] {processor.py:925} INFO - DAG(s) 'tutorial_taskflow_api' retrieved from /Users/ervinyeoh/Desktop/unimods/is3107/project/.venv/lib/python3.11/site-packages/airflow/example_dags/tutorial_taskflow_api.py
[2025-03-17T19:53:18.367+0800] {logging_mixin.py:190} INFO - [2025-03-17T19:53:18.367+0800] {dag.py:3239} INFO - Sync 1 DAGs
[2025-03-17T19:53:18.373+0800] {logging_mixin.py:190} INFO - [2025-03-17T19:53:18.373+0800] {dag.py:4180} INFO - Setting next_dagrun for tutorial_taskflow_api to None, run_after=None
[2025-03-17T19:53:18.383+0800] {processor.py:208} INFO - Processing /Users/ervinyeoh/Desktop/unimods/is3107/project/.venv/lib/python3.11/site-packages/airflow/example_dags/tutorial_taskflow_api.py took 0.134 seconds
[2025-03-17T19:53:55.531+0800] {processor.py:186} INFO - Started process (PID=16698) to work on /Users/ervinyeoh/Desktop/unimods/is3107/project/.venv/lib/python3.11/site-packages/airflow/example_dags/tutorial_taskflow_api.py
[2025-03-17T19:53:55.532+0800] {processor.py:914} INFO - Processing file /Users/ervinyeoh/Desktop/unimods/is3107/project/.venv/lib/python3.11/site-packages/airflow/example_dags/tutorial_taskflow_api.py for tasks to queue
[2025-03-17T19:53:55.533+0800] {logging_mixin.py:190} INFO - [2025-03-17T19:53:55.533+0800] {dagbag.py:588} INFO - Filling up the DagBag from /Users/ervinyeoh/Desktop/unimods/is3107/project/.venv/lib/python3.11/site-packages/airflow/example_dags/tutorial_taskflow_api.py
[2025-03-17T19:53:55.585+0800] {processor.py:925} INFO - DAG(s) 'tutorial_taskflow_api' retrieved from /Users/ervinyeoh/Desktop/unimods/is3107/project/.venv/lib/python3.11/site-packages/airflow/example_dags/tutorial_taskflow_api.py
[2025-03-17T19:53:55.637+0800] {logging_mixin.py:190} INFO - [2025-03-17T19:53:55.637+0800] {dag.py:3239} INFO - Sync 1 DAGs
[2025-03-17T19:53:55.643+0800] {logging_mixin.py:190} INFO - [2025-03-17T19:53:55.643+0800] {dag.py:4180} INFO - Setting next_dagrun for tutorial_taskflow_api to None, run_after=None
[2025-03-17T19:53:55.653+0800] {processor.py:208} INFO - Processing /Users/ervinyeoh/Desktop/unimods/is3107/project/.venv/lib/python3.11/site-packages/airflow/example_dags/tutorial_taskflow_api.py took 0.124 seconds
[2025-03-17T19:55:03.649+0800] {processor.py:186} INFO - Started process (PID=16924) to work on /Users/ervinyeoh/Desktop/unimods/is3107/project/.venv/lib/python3.11/site-packages/airflow/example_dags/tutorial_taskflow_api.py
[2025-03-17T19:55:03.650+0800] {processor.py:914} INFO - Processing file /Users/ervinyeoh/Desktop/unimods/is3107/project/.venv/lib/python3.11/site-packages/airflow/example_dags/tutorial_taskflow_api.py for tasks to queue
[2025-03-17T19:55:03.651+0800] {logging_mixin.py:190} INFO - [2025-03-17T19:55:03.651+0800] {dagbag.py:588} INFO - Filling up the DagBag from /Users/ervinyeoh/Desktop/unimods/is3107/project/.venv/lib/python3.11/site-packages/airflow/example_dags/tutorial_taskflow_api.py
[2025-03-17T19:55:03.707+0800] {processor.py:925} INFO - DAG(s) 'tutorial_taskflow_api' retrieved from /Users/ervinyeoh/Desktop/unimods/is3107/project/.venv/lib/python3.11/site-packages/airflow/example_dags/tutorial_taskflow_api.py
[2025-03-17T19:55:03.761+0800] {logging_mixin.py:190} INFO - [2025-03-17T19:55:03.761+0800] {dag.py:3239} INFO - Sync 1 DAGs
[2025-03-17T19:55:03.770+0800] {logging_mixin.py:190} INFO - [2025-03-17T19:55:03.770+0800] {dag.py:4180} INFO - Setting next_dagrun for tutorial_taskflow_api to None, run_after=None
[2025-03-17T19:55:03.781+0800] {processor.py:208} INFO - Processing /Users/ervinyeoh/Desktop/unimods/is3107/project/.venv/lib/python3.11/site-packages/airflow/example_dags/tutorial_taskflow_api.py took 0.133 seconds
[2025-03-17T19:55:40.385+0800] {processor.py:186} INFO - Started process (PID=17024) to work on /Users/ervinyeoh/Desktop/unimods/is3107/project/.venv/lib/python3.11/site-packages/airflow/example_dags/tutorial_taskflow_api.py
[2025-03-17T19:55:40.386+0800] {processor.py:914} INFO - Processing file /Users/ervinyeoh/Desktop/unimods/is3107/project/.venv/lib/python3.11/site-packages/airflow/example_dags/tutorial_taskflow_api.py for tasks to queue
[2025-03-17T19:55:40.387+0800] {logging_mixin.py:190} INFO - [2025-03-17T19:55:40.387+0800] {dagbag.py:588} INFO - Filling up the DagBag from /Users/ervinyeoh/Desktop/unimods/is3107/project/.venv/lib/python3.11/site-packages/airflow/example_dags/tutorial_taskflow_api.py
[2025-03-17T19:55:40.437+0800] {processor.py:925} INFO - DAG(s) 'tutorial_taskflow_api' retrieved from /Users/ervinyeoh/Desktop/unimods/is3107/project/.venv/lib/python3.11/site-packages/airflow/example_dags/tutorial_taskflow_api.py
[2025-03-17T19:55:40.490+0800] {logging_mixin.py:190} INFO - [2025-03-17T19:55:40.489+0800] {dag.py:3239} INFO - Sync 1 DAGs
[2025-03-17T19:55:40.495+0800] {logging_mixin.py:190} INFO - [2025-03-17T19:55:40.495+0800] {dag.py:4180} INFO - Setting next_dagrun for tutorial_taskflow_api to None, run_after=None
[2025-03-17T19:55:40.504+0800] {processor.py:208} INFO - Processing /Users/ervinyeoh/Desktop/unimods/is3107/project/.venv/lib/python3.11/site-packages/airflow/example_dags/tutorial_taskflow_api.py took 0.121 seconds
[2025-03-17T19:56:45.968+0800] {processor.py:186} INFO - Started process (PID=17165) to work on /Users/ervinyeoh/Desktop/unimods/is3107/project/.venv/lib/python3.11/site-packages/airflow/example_dags/tutorial_taskflow_api.py
[2025-03-17T19:56:45.969+0800] {processor.py:914} INFO - Processing file /Users/ervinyeoh/Desktop/unimods/is3107/project/.venv/lib/python3.11/site-packages/airflow/example_dags/tutorial_taskflow_api.py for tasks to queue
[2025-03-17T19:56:45.969+0800] {logging_mixin.py:190} INFO - [2025-03-17T19:56:45.969+0800] {dagbag.py:588} INFO - Filling up the DagBag from /Users/ervinyeoh/Desktop/unimods/is3107/project/.venv/lib/python3.11/site-packages/airflow/example_dags/tutorial_taskflow_api.py
[2025-03-17T19:56:46.041+0800] {processor.py:925} INFO - DAG(s) 'tutorial_taskflow_api' retrieved from /Users/ervinyeoh/Desktop/unimods/is3107/project/.venv/lib/python3.11/site-packages/airflow/example_dags/tutorial_taskflow_api.py
[2025-03-17T19:56:46.095+0800] {logging_mixin.py:190} INFO - [2025-03-17T19:56:46.094+0800] {dag.py:3239} INFO - Sync 1 DAGs
[2025-03-17T19:56:46.100+0800] {logging_mixin.py:190} INFO - [2025-03-17T19:56:46.100+0800] {dag.py:4180} INFO - Setting next_dagrun for tutorial_taskflow_api to None, run_after=None
[2025-03-17T19:56:46.111+0800] {processor.py:208} INFO - Processing /Users/ervinyeoh/Desktop/unimods/is3107/project/.venv/lib/python3.11/site-packages/airflow/example_dags/tutorial_taskflow_api.py took 0.145 seconds
[2025-03-17T19:57:23.612+0800] {processor.py:186} INFO - Started process (PID=17280) to work on /Users/ervinyeoh/Desktop/unimods/is3107/project/.venv/lib/python3.11/site-packages/airflow/example_dags/tutorial_taskflow_api.py
[2025-03-17T19:57:23.614+0800] {processor.py:914} INFO - Processing file /Users/ervinyeoh/Desktop/unimods/is3107/project/.venv/lib/python3.11/site-packages/airflow/example_dags/tutorial_taskflow_api.py for tasks to queue
[2025-03-17T19:57:23.614+0800] {logging_mixin.py:190} INFO - [2025-03-17T19:57:23.614+0800] {dagbag.py:588} INFO - Filling up the DagBag from /Users/ervinyeoh/Desktop/unimods/is3107/project/.venv/lib/python3.11/site-packages/airflow/example_dags/tutorial_taskflow_api.py
[2025-03-17T19:57:23.668+0800] {processor.py:925} INFO - DAG(s) 'tutorial_taskflow_api' retrieved from /Users/ervinyeoh/Desktop/unimods/is3107/project/.venv/lib/python3.11/site-packages/airflow/example_dags/tutorial_taskflow_api.py
[2025-03-17T19:57:23.719+0800] {logging_mixin.py:190} INFO - [2025-03-17T19:57:23.719+0800] {dag.py:3239} INFO - Sync 1 DAGs
[2025-03-17T19:57:23.724+0800] {logging_mixin.py:190} INFO - [2025-03-17T19:57:23.724+0800] {dag.py:4180} INFO - Setting next_dagrun for tutorial_taskflow_api to None, run_after=None
[2025-03-17T19:57:23.734+0800] {processor.py:208} INFO - Processing /Users/ervinyeoh/Desktop/unimods/is3107/project/.venv/lib/python3.11/site-packages/airflow/example_dags/tutorial_taskflow_api.py took 0.123 seconds
[2025-03-17T19:58:27.992+0800] {processor.py:186} INFO - Started process (PID=17416) to work on /Users/ervinyeoh/Desktop/unimods/is3107/project/.venv/lib/python3.11/site-packages/airflow/example_dags/tutorial_taskflow_api.py
[2025-03-17T19:58:27.993+0800] {processor.py:914} INFO - Processing file /Users/ervinyeoh/Desktop/unimods/is3107/project/.venv/lib/python3.11/site-packages/airflow/example_dags/tutorial_taskflow_api.py for tasks to queue
[2025-03-17T19:58:27.994+0800] {logging_mixin.py:190} INFO - [2025-03-17T19:58:27.994+0800] {dagbag.py:588} INFO - Filling up the DagBag from /Users/ervinyeoh/Desktop/unimods/is3107/project/.venv/lib/python3.11/site-packages/airflow/example_dags/tutorial_taskflow_api.py
[2025-03-17T19:58:28.049+0800] {processor.py:925} INFO - DAG(s) 'tutorial_taskflow_api' retrieved from /Users/ervinyeoh/Desktop/unimods/is3107/project/.venv/lib/python3.11/site-packages/airflow/example_dags/tutorial_taskflow_api.py
[2025-03-17T19:58:28.101+0800] {logging_mixin.py:190} INFO - [2025-03-17T19:58:28.101+0800] {dag.py:3239} INFO - Sync 1 DAGs
[2025-03-17T19:58:28.107+0800] {logging_mixin.py:190} INFO - [2025-03-17T19:58:28.107+0800] {dag.py:4180} INFO - Setting next_dagrun for tutorial_taskflow_api to None, run_after=None
[2025-03-17T19:58:28.117+0800] {processor.py:208} INFO - Processing /Users/ervinyeoh/Desktop/unimods/is3107/project/.venv/lib/python3.11/site-packages/airflow/example_dags/tutorial_taskflow_api.py took 0.126 seconds
[2025-03-17T19:59:03.888+0800] {processor.py:186} INFO - Started process (PID=17490) to work on /Users/ervinyeoh/Desktop/unimods/is3107/project/.venv/lib/python3.11/site-packages/airflow/example_dags/tutorial_taskflow_api.py
[2025-03-17T19:59:03.889+0800] {processor.py:914} INFO - Processing file /Users/ervinyeoh/Desktop/unimods/is3107/project/.venv/lib/python3.11/site-packages/airflow/example_dags/tutorial_taskflow_api.py for tasks to queue
[2025-03-17T19:59:03.890+0800] {logging_mixin.py:190} INFO - [2025-03-17T19:59:03.890+0800] {dagbag.py:588} INFO - Filling up the DagBag from /Users/ervinyeoh/Desktop/unimods/is3107/project/.venv/lib/python3.11/site-packages/airflow/example_dags/tutorial_taskflow_api.py
[2025-03-17T19:59:03.947+0800] {processor.py:925} INFO - DAG(s) 'tutorial_taskflow_api' retrieved from /Users/ervinyeoh/Desktop/unimods/is3107/project/.venv/lib/python3.11/site-packages/airflow/example_dags/tutorial_taskflow_api.py
[2025-03-17T19:59:04.000+0800] {logging_mixin.py:190} INFO - [2025-03-17T19:59:04.000+0800] {dag.py:3239} INFO - Sync 1 DAGs
[2025-03-17T19:59:04.006+0800] {logging_mixin.py:190} INFO - [2025-03-17T19:59:04.005+0800] {dag.py:4180} INFO - Setting next_dagrun for tutorial_taskflow_api to None, run_after=None
[2025-03-17T19:59:04.016+0800] {processor.py:208} INFO - Processing /Users/ervinyeoh/Desktop/unimods/is3107/project/.venv/lib/python3.11/site-packages/airflow/example_dags/tutorial_taskflow_api.py took 0.129 seconds
[2025-03-17T20:00:08.696+0800] {processor.py:186} INFO - Started process (PID=17641) to work on /Users/ervinyeoh/Desktop/unimods/is3107/project/.venv/lib/python3.11/site-packages/airflow/example_dags/tutorial_taskflow_api.py
[2025-03-17T20:00:08.696+0800] {processor.py:914} INFO - Processing file /Users/ervinyeoh/Desktop/unimods/is3107/project/.venv/lib/python3.11/site-packages/airflow/example_dags/tutorial_taskflow_api.py for tasks to queue
[2025-03-17T20:00:08.697+0800] {logging_mixin.py:190} INFO - [2025-03-17T20:00:08.697+0800] {dagbag.py:588} INFO - Filling up the DagBag from /Users/ervinyeoh/Desktop/unimods/is3107/project/.venv/lib/python3.11/site-packages/airflow/example_dags/tutorial_taskflow_api.py
[2025-03-17T20:00:08.761+0800] {processor.py:925} INFO - DAG(s) 'tutorial_taskflow_api' retrieved from /Users/ervinyeoh/Desktop/unimods/is3107/project/.venv/lib/python3.11/site-packages/airflow/example_dags/tutorial_taskflow_api.py
[2025-03-17T20:00:08.813+0800] {logging_mixin.py:190} INFO - [2025-03-17T20:00:08.813+0800] {dag.py:3239} INFO - Sync 1 DAGs
[2025-03-17T20:00:08.818+0800] {logging_mixin.py:190} INFO - [2025-03-17T20:00:08.818+0800] {dag.py:4180} INFO - Setting next_dagrun for tutorial_taskflow_api to None, run_after=None
[2025-03-17T20:00:08.828+0800] {processor.py:208} INFO - Processing /Users/ervinyeoh/Desktop/unimods/is3107/project/.venv/lib/python3.11/site-packages/airflow/example_dags/tutorial_taskflow_api.py took 0.134 seconds
[2025-03-17T20:00:44.118+0800] {processor.py:186} INFO - Started process (PID=17724) to work on /Users/ervinyeoh/Desktop/unimods/is3107/project/.venv/lib/python3.11/site-packages/airflow/example_dags/tutorial_taskflow_api.py
[2025-03-17T20:00:44.120+0800] {processor.py:914} INFO - Processing file /Users/ervinyeoh/Desktop/unimods/is3107/project/.venv/lib/python3.11/site-packages/airflow/example_dags/tutorial_taskflow_api.py for tasks to queue
[2025-03-17T20:00:44.120+0800] {logging_mixin.py:190} INFO - [2025-03-17T20:00:44.120+0800] {dagbag.py:588} INFO - Filling up the DagBag from /Users/ervinyeoh/Desktop/unimods/is3107/project/.venv/lib/python3.11/site-packages/airflow/example_dags/tutorial_taskflow_api.py
[2025-03-17T20:00:44.174+0800] {processor.py:925} INFO - DAG(s) 'tutorial_taskflow_api' retrieved from /Users/ervinyeoh/Desktop/unimods/is3107/project/.venv/lib/python3.11/site-packages/airflow/example_dags/tutorial_taskflow_api.py
[2025-03-17T20:00:44.226+0800] {logging_mixin.py:190} INFO - [2025-03-17T20:00:44.226+0800] {dag.py:3239} INFO - Sync 1 DAGs
[2025-03-17T20:00:44.231+0800] {logging_mixin.py:190} INFO - [2025-03-17T20:00:44.231+0800] {dag.py:4180} INFO - Setting next_dagrun for tutorial_taskflow_api to None, run_after=None
[2025-03-17T20:00:44.241+0800] {processor.py:208} INFO - Processing /Users/ervinyeoh/Desktop/unimods/is3107/project/.venv/lib/python3.11/site-packages/airflow/example_dags/tutorial_taskflow_api.py took 0.125 seconds
[2025-03-17T20:02:01.128+0800] {processor.py:186} INFO - Started process (PID=17894) to work on /Users/ervinyeoh/Desktop/unimods/is3107/project/.venv/lib/python3.11/site-packages/airflow/example_dags/tutorial_taskflow_api.py
[2025-03-17T20:02:01.131+0800] {processor.py:914} INFO - Processing file /Users/ervinyeoh/Desktop/unimods/is3107/project/.venv/lib/python3.11/site-packages/airflow/example_dags/tutorial_taskflow_api.py for tasks to queue
[2025-03-17T20:02:01.131+0800] {logging_mixin.py:190} INFO - [2025-03-17T20:02:01.131+0800] {dagbag.py:588} INFO - Filling up the DagBag from /Users/ervinyeoh/Desktop/unimods/is3107/project/.venv/lib/python3.11/site-packages/airflow/example_dags/tutorial_taskflow_api.py
[2025-03-17T20:02:01.186+0800] {processor.py:925} INFO - DAG(s) 'tutorial_taskflow_api' retrieved from /Users/ervinyeoh/Desktop/unimods/is3107/project/.venv/lib/python3.11/site-packages/airflow/example_dags/tutorial_taskflow_api.py
[2025-03-17T20:02:01.240+0800] {logging_mixin.py:190} INFO - [2025-03-17T20:02:01.239+0800] {dag.py:3239} INFO - Sync 1 DAGs
[2025-03-17T20:02:01.246+0800] {logging_mixin.py:190} INFO - [2025-03-17T20:02:01.245+0800] {dag.py:4180} INFO - Setting next_dagrun for tutorial_taskflow_api to None, run_after=None
[2025-03-17T20:02:01.256+0800] {processor.py:208} INFO - Processing /Users/ervinyeoh/Desktop/unimods/is3107/project/.venv/lib/python3.11/site-packages/airflow/example_dags/tutorial_taskflow_api.py took 0.130 seconds
[2025-03-17T20:02:27.333+0800] {processor.py:186} INFO - Started process (PID=17951) to work on /Users/ervinyeoh/Desktop/unimods/is3107/project/.venv/lib/python3.11/site-packages/airflow/example_dags/tutorial_taskflow_api.py
[2025-03-17T20:02:27.333+0800] {processor.py:914} INFO - Processing file /Users/ervinyeoh/Desktop/unimods/is3107/project/.venv/lib/python3.11/site-packages/airflow/example_dags/tutorial_taskflow_api.py for tasks to queue
[2025-03-17T20:02:27.334+0800] {logging_mixin.py:190} INFO - [2025-03-17T20:02:27.334+0800] {dagbag.py:588} INFO - Filling up the DagBag from /Users/ervinyeoh/Desktop/unimods/is3107/project/.venv/lib/python3.11/site-packages/airflow/example_dags/tutorial_taskflow_api.py
[2025-03-17T20:02:27.397+0800] {processor.py:925} INFO - DAG(s) 'tutorial_taskflow_api' retrieved from /Users/ervinyeoh/Desktop/unimods/is3107/project/.venv/lib/python3.11/site-packages/airflow/example_dags/tutorial_taskflow_api.py
[2025-03-17T20:02:27.450+0800] {logging_mixin.py:190} INFO - [2025-03-17T20:02:27.450+0800] {dag.py:3239} INFO - Sync 1 DAGs
[2025-03-17T20:02:27.455+0800] {logging_mixin.py:190} INFO - [2025-03-17T20:02:27.455+0800] {dag.py:4180} INFO - Setting next_dagrun for tutorial_taskflow_api to None, run_after=None
[2025-03-17T20:02:27.469+0800] {processor.py:208} INFO - Processing /Users/ervinyeoh/Desktop/unimods/is3107/project/.venv/lib/python3.11/site-packages/airflow/example_dags/tutorial_taskflow_api.py took 0.138 seconds
[2025-03-17T20:03:45.191+0800] {processor.py:186} INFO - Started process (PID=18153) to work on /Users/ervinyeoh/Desktop/unimods/is3107/project/.venv/lib/python3.11/site-packages/airflow/example_dags/tutorial_taskflow_api.py
[2025-03-17T20:03:45.192+0800] {processor.py:914} INFO - Processing file /Users/ervinyeoh/Desktop/unimods/is3107/project/.venv/lib/python3.11/site-packages/airflow/example_dags/tutorial_taskflow_api.py for tasks to queue
[2025-03-17T20:03:45.192+0800] {logging_mixin.py:190} INFO - [2025-03-17T20:03:45.192+0800] {dagbag.py:588} INFO - Filling up the DagBag from /Users/ervinyeoh/Desktop/unimods/is3107/project/.venv/lib/python3.11/site-packages/airflow/example_dags/tutorial_taskflow_api.py
[2025-03-17T20:03:45.242+0800] {processor.py:925} INFO - DAG(s) 'tutorial_taskflow_api' retrieved from /Users/ervinyeoh/Desktop/unimods/is3107/project/.venv/lib/python3.11/site-packages/airflow/example_dags/tutorial_taskflow_api.py
[2025-03-17T20:03:45.295+0800] {logging_mixin.py:190} INFO - [2025-03-17T20:03:45.295+0800] {dag.py:3239} INFO - Sync 1 DAGs
[2025-03-17T20:03:45.301+0800] {logging_mixin.py:190} INFO - [2025-03-17T20:03:45.300+0800] {dag.py:4180} INFO - Setting next_dagrun for tutorial_taskflow_api to None, run_after=None
[2025-03-17T20:03:45.310+0800] {processor.py:208} INFO - Processing /Users/ervinyeoh/Desktop/unimods/is3107/project/.venv/lib/python3.11/site-packages/airflow/example_dags/tutorial_taskflow_api.py took 0.121 seconds
[2025-03-17T20:04:07.078+0800] {processor.py:186} INFO - Started process (PID=18204) to work on /Users/ervinyeoh/Desktop/unimods/is3107/project/.venv/lib/python3.11/site-packages/airflow/example_dags/tutorial_taskflow_api.py
[2025-03-17T20:04:07.079+0800] {processor.py:914} INFO - Processing file /Users/ervinyeoh/Desktop/unimods/is3107/project/.venv/lib/python3.11/site-packages/airflow/example_dags/tutorial_taskflow_api.py for tasks to queue
[2025-03-17T20:04:07.080+0800] {logging_mixin.py:190} INFO - [2025-03-17T20:04:07.079+0800] {dagbag.py:588} INFO - Filling up the DagBag from /Users/ervinyeoh/Desktop/unimods/is3107/project/.venv/lib/python3.11/site-packages/airflow/example_dags/tutorial_taskflow_api.py
[2025-03-17T20:04:07.186+0800] {processor.py:925} INFO - DAG(s) 'tutorial_taskflow_api' retrieved from /Users/ervinyeoh/Desktop/unimods/is3107/project/.venv/lib/python3.11/site-packages/airflow/example_dags/tutorial_taskflow_api.py
[2025-03-17T20:04:07.240+0800] {logging_mixin.py:190} INFO - [2025-03-17T20:04:07.240+0800] {dag.py:3239} INFO - Sync 1 DAGs
[2025-03-17T20:04:07.246+0800] {logging_mixin.py:190} INFO - [2025-03-17T20:04:07.245+0800] {dag.py:4180} INFO - Setting next_dagrun for tutorial_taskflow_api to None, run_after=None
[2025-03-17T20:04:07.256+0800] {processor.py:208} INFO - Processing /Users/ervinyeoh/Desktop/unimods/is3107/project/.venv/lib/python3.11/site-packages/airflow/example_dags/tutorial_taskflow_api.py took 0.180 seconds
[2025-03-17T20:05:25.148+0800] {processor.py:186} INFO - Started process (PID=18360) to work on /Users/ervinyeoh/Desktop/unimods/is3107/project/.venv/lib/python3.11/site-packages/airflow/example_dags/tutorial_taskflow_api.py
[2025-03-17T20:05:25.149+0800] {processor.py:914} INFO - Processing file /Users/ervinyeoh/Desktop/unimods/is3107/project/.venv/lib/python3.11/site-packages/airflow/example_dags/tutorial_taskflow_api.py for tasks to queue
[2025-03-17T20:05:25.150+0800] {logging_mixin.py:190} INFO - [2025-03-17T20:05:25.150+0800] {dagbag.py:588} INFO - Filling up the DagBag from /Users/ervinyeoh/Desktop/unimods/is3107/project/.venv/lib/python3.11/site-packages/airflow/example_dags/tutorial_taskflow_api.py
[2025-03-17T20:05:25.206+0800] {processor.py:925} INFO - DAG(s) 'tutorial_taskflow_api' retrieved from /Users/ervinyeoh/Desktop/unimods/is3107/project/.venv/lib/python3.11/site-packages/airflow/example_dags/tutorial_taskflow_api.py
[2025-03-17T20:05:25.257+0800] {logging_mixin.py:190} INFO - [2025-03-17T20:05:25.257+0800] {dag.py:3239} INFO - Sync 1 DAGs
[2025-03-17T20:05:25.263+0800] {logging_mixin.py:190} INFO - [2025-03-17T20:05:25.262+0800] {dag.py:4180} INFO - Setting next_dagrun for tutorial_taskflow_api to None, run_after=None
[2025-03-17T20:05:25.272+0800] {processor.py:208} INFO - Processing /Users/ervinyeoh/Desktop/unimods/is3107/project/.venv/lib/python3.11/site-packages/airflow/example_dags/tutorial_taskflow_api.py took 0.126 seconds
[2025-03-17T20:05:45.842+0800] {processor.py:186} INFO - Started process (PID=18402) to work on /Users/ervinyeoh/Desktop/unimods/is3107/project/.venv/lib/python3.11/site-packages/airflow/example_dags/tutorial_taskflow_api.py
[2025-03-17T20:05:45.843+0800] {processor.py:914} INFO - Processing file /Users/ervinyeoh/Desktop/unimods/is3107/project/.venv/lib/python3.11/site-packages/airflow/example_dags/tutorial_taskflow_api.py for tasks to queue
[2025-03-17T20:05:45.844+0800] {logging_mixin.py:190} INFO - [2025-03-17T20:05:45.844+0800] {dagbag.py:588} INFO - Filling up the DagBag from /Users/ervinyeoh/Desktop/unimods/is3107/project/.venv/lib/python3.11/site-packages/airflow/example_dags/tutorial_taskflow_api.py
[2025-03-17T20:05:45.894+0800] {processor.py:925} INFO - DAG(s) 'tutorial_taskflow_api' retrieved from /Users/ervinyeoh/Desktop/unimods/is3107/project/.venv/lib/python3.11/site-packages/airflow/example_dags/tutorial_taskflow_api.py
[2025-03-17T20:05:45.947+0800] {logging_mixin.py:190} INFO - [2025-03-17T20:05:45.946+0800] {dag.py:3239} INFO - Sync 1 DAGs
[2025-03-17T20:05:45.952+0800] {logging_mixin.py:190} INFO - [2025-03-17T20:05:45.952+0800] {dag.py:4180} INFO - Setting next_dagrun for tutorial_taskflow_api to None, run_after=None
[2025-03-17T20:05:45.962+0800] {processor.py:208} INFO - Processing /Users/ervinyeoh/Desktop/unimods/is3107/project/.venv/lib/python3.11/site-packages/airflow/example_dags/tutorial_taskflow_api.py took 0.121 seconds
[2025-03-17T20:07:05.770+0800] {processor.py:186} INFO - Started process (PID=18574) to work on /Users/ervinyeoh/Desktop/unimods/is3107/project/.venv/lib/python3.11/site-packages/airflow/example_dags/tutorial_taskflow_api.py
[2025-03-17T20:07:05.771+0800] {processor.py:914} INFO - Processing file /Users/ervinyeoh/Desktop/unimods/is3107/project/.venv/lib/python3.11/site-packages/airflow/example_dags/tutorial_taskflow_api.py for tasks to queue
[2025-03-17T20:07:05.772+0800] {logging_mixin.py:190} INFO - [2025-03-17T20:07:05.772+0800] {dagbag.py:588} INFO - Filling up the DagBag from /Users/ervinyeoh/Desktop/unimods/is3107/project/.venv/lib/python3.11/site-packages/airflow/example_dags/tutorial_taskflow_api.py
[2025-03-17T20:07:05.827+0800] {processor.py:925} INFO - DAG(s) 'tutorial_taskflow_api' retrieved from /Users/ervinyeoh/Desktop/unimods/is3107/project/.venv/lib/python3.11/site-packages/airflow/example_dags/tutorial_taskflow_api.py
[2025-03-17T20:07:05.880+0800] {logging_mixin.py:190} INFO - [2025-03-17T20:07:05.880+0800] {dag.py:3239} INFO - Sync 1 DAGs
[2025-03-17T20:07:05.887+0800] {logging_mixin.py:190} INFO - [2025-03-17T20:07:05.886+0800] {dag.py:4180} INFO - Setting next_dagrun for tutorial_taskflow_api to None, run_after=None
[2025-03-17T20:07:05.900+0800] {processor.py:208} INFO - Processing /Users/ervinyeoh/Desktop/unimods/is3107/project/.venv/lib/python3.11/site-packages/airflow/example_dags/tutorial_taskflow_api.py took 0.131 seconds
[2025-03-17T20:07:25.230+0800] {processor.py:186} INFO - Started process (PID=18613) to work on /Users/ervinyeoh/Desktop/unimods/is3107/project/.venv/lib/python3.11/site-packages/airflow/example_dags/tutorial_taskflow_api.py
[2025-03-17T20:07:25.231+0800] {processor.py:914} INFO - Processing file /Users/ervinyeoh/Desktop/unimods/is3107/project/.venv/lib/python3.11/site-packages/airflow/example_dags/tutorial_taskflow_api.py for tasks to queue
[2025-03-17T20:07:25.232+0800] {logging_mixin.py:190} INFO - [2025-03-17T20:07:25.232+0800] {dagbag.py:588} INFO - Filling up the DagBag from /Users/ervinyeoh/Desktop/unimods/is3107/project/.venv/lib/python3.11/site-packages/airflow/example_dags/tutorial_taskflow_api.py
[2025-03-17T20:07:25.282+0800] {processor.py:925} INFO - DAG(s) 'tutorial_taskflow_api' retrieved from /Users/ervinyeoh/Desktop/unimods/is3107/project/.venv/lib/python3.11/site-packages/airflow/example_dags/tutorial_taskflow_api.py
[2025-03-17T20:07:25.332+0800] {logging_mixin.py:190} INFO - [2025-03-17T20:07:25.332+0800] {dag.py:3239} INFO - Sync 1 DAGs
[2025-03-17T20:07:25.337+0800] {logging_mixin.py:190} INFO - [2025-03-17T20:07:25.337+0800] {dag.py:4180} INFO - Setting next_dagrun for tutorial_taskflow_api to None, run_after=None
[2025-03-17T20:07:25.347+0800] {processor.py:208} INFO - Processing /Users/ervinyeoh/Desktop/unimods/is3107/project/.venv/lib/python3.11/site-packages/airflow/example_dags/tutorial_taskflow_api.py took 0.119 seconds
[2025-03-17T20:08:51.673+0800] {processor.py:186} INFO - Started process (PID=18839) to work on /Users/ervinyeoh/Desktop/unimods/is3107/project/.venv/lib/python3.11/site-packages/airflow/example_dags/tutorial_taskflow_api.py
[2025-03-17T20:08:51.674+0800] {processor.py:914} INFO - Processing file /Users/ervinyeoh/Desktop/unimods/is3107/project/.venv/lib/python3.11/site-packages/airflow/example_dags/tutorial_taskflow_api.py for tasks to queue
[2025-03-17T20:08:51.675+0800] {logging_mixin.py:190} INFO - [2025-03-17T20:08:51.675+0800] {dagbag.py:588} INFO - Filling up the DagBag from /Users/ervinyeoh/Desktop/unimods/is3107/project/.venv/lib/python3.11/site-packages/airflow/example_dags/tutorial_taskflow_api.py
[2025-03-17T20:08:51.728+0800] {processor.py:925} INFO - DAG(s) 'tutorial_taskflow_api' retrieved from /Users/ervinyeoh/Desktop/unimods/is3107/project/.venv/lib/python3.11/site-packages/airflow/example_dags/tutorial_taskflow_api.py
[2025-03-17T20:08:51.780+0800] {logging_mixin.py:190} INFO - [2025-03-17T20:08:51.779+0800] {dag.py:3239} INFO - Sync 1 DAGs
[2025-03-17T20:08:51.785+0800] {logging_mixin.py:190} INFO - [2025-03-17T20:08:51.785+0800] {dag.py:4180} INFO - Setting next_dagrun for tutorial_taskflow_api to None, run_after=None
[2025-03-17T20:08:51.796+0800] {processor.py:208} INFO - Processing /Users/ervinyeoh/Desktop/unimods/is3107/project/.venv/lib/python3.11/site-packages/airflow/example_dags/tutorial_taskflow_api.py took 0.125 seconds
[2025-03-17T20:09:07.513+0800] {processor.py:186} INFO - Started process (PID=18876) to work on /Users/ervinyeoh/Desktop/unimods/is3107/project/.venv/lib/python3.11/site-packages/airflow/example_dags/tutorial_taskflow_api.py
[2025-03-17T20:09:07.515+0800] {processor.py:914} INFO - Processing file /Users/ervinyeoh/Desktop/unimods/is3107/project/.venv/lib/python3.11/site-packages/airflow/example_dags/tutorial_taskflow_api.py for tasks to queue
[2025-03-17T20:09:07.515+0800] {logging_mixin.py:190} INFO - [2025-03-17T20:09:07.515+0800] {dagbag.py:588} INFO - Filling up the DagBag from /Users/ervinyeoh/Desktop/unimods/is3107/project/.venv/lib/python3.11/site-packages/airflow/example_dags/tutorial_taskflow_api.py
[2025-03-17T20:09:07.584+0800] {processor.py:925} INFO - DAG(s) 'tutorial_taskflow_api' retrieved from /Users/ervinyeoh/Desktop/unimods/is3107/project/.venv/lib/python3.11/site-packages/airflow/example_dags/tutorial_taskflow_api.py
[2025-03-17T20:09:07.637+0800] {logging_mixin.py:190} INFO - [2025-03-17T20:09:07.637+0800] {dag.py:3239} INFO - Sync 1 DAGs
[2025-03-17T20:09:07.642+0800] {logging_mixin.py:190} INFO - [2025-03-17T20:09:07.642+0800] {dag.py:4180} INFO - Setting next_dagrun for tutorial_taskflow_api to None, run_after=None
[2025-03-17T20:09:07.652+0800] {processor.py:208} INFO - Processing /Users/ervinyeoh/Desktop/unimods/is3107/project/.venv/lib/python3.11/site-packages/airflow/example_dags/tutorial_taskflow_api.py took 0.141 seconds
[2025-03-17T20:10:42.803+0800] {processor.py:186} INFO - Started process (PID=19105) to work on /Users/ervinyeoh/Desktop/unimods/is3107/project/.venv/lib/python3.11/site-packages/airflow/example_dags/tutorial_taskflow_api.py
[2025-03-17T20:10:42.804+0800] {processor.py:914} INFO - Processing file /Users/ervinyeoh/Desktop/unimods/is3107/project/.venv/lib/python3.11/site-packages/airflow/example_dags/tutorial_taskflow_api.py for tasks to queue
[2025-03-17T20:10:42.804+0800] {logging_mixin.py:190} INFO - [2025-03-17T20:10:42.804+0800] {dagbag.py:588} INFO - Filling up the DagBag from /Users/ervinyeoh/Desktop/unimods/is3107/project/.venv/lib/python3.11/site-packages/airflow/example_dags/tutorial_taskflow_api.py
[2025-03-17T20:10:42.858+0800] {processor.py:925} INFO - DAG(s) 'tutorial_taskflow_api' retrieved from /Users/ervinyeoh/Desktop/unimods/is3107/project/.venv/lib/python3.11/site-packages/airflow/example_dags/tutorial_taskflow_api.py
[2025-03-17T20:10:42.924+0800] {logging_mixin.py:190} INFO - [2025-03-17T20:10:42.923+0800] {dag.py:3239} INFO - Sync 1 DAGs
[2025-03-17T20:10:42.932+0800] {logging_mixin.py:190} INFO - [2025-03-17T20:10:42.932+0800] {dag.py:4180} INFO - Setting next_dagrun for tutorial_taskflow_api to None, run_after=None
[2025-03-17T20:10:42.944+0800] {processor.py:208} INFO - Processing /Users/ervinyeoh/Desktop/unimods/is3107/project/.venv/lib/python3.11/site-packages/airflow/example_dags/tutorial_taskflow_api.py took 0.142 seconds
[2025-03-17T20:10:56.618+0800] {processor.py:186} INFO - Started process (PID=19137) to work on /Users/ervinyeoh/Desktop/unimods/is3107/project/.venv/lib/python3.11/site-packages/airflow/example_dags/tutorial_taskflow_api.py
[2025-03-17T20:10:56.619+0800] {processor.py:914} INFO - Processing file /Users/ervinyeoh/Desktop/unimods/is3107/project/.venv/lib/python3.11/site-packages/airflow/example_dags/tutorial_taskflow_api.py for tasks to queue
[2025-03-17T20:10:56.619+0800] {logging_mixin.py:190} INFO - [2025-03-17T20:10:56.619+0800] {dagbag.py:588} INFO - Filling up the DagBag from /Users/ervinyeoh/Desktop/unimods/is3107/project/.venv/lib/python3.11/site-packages/airflow/example_dags/tutorial_taskflow_api.py
[2025-03-17T20:10:56.670+0800] {processor.py:925} INFO - DAG(s) 'tutorial_taskflow_api' retrieved from /Users/ervinyeoh/Desktop/unimods/is3107/project/.venv/lib/python3.11/site-packages/airflow/example_dags/tutorial_taskflow_api.py
[2025-03-17T20:10:56.722+0800] {logging_mixin.py:190} INFO - [2025-03-17T20:10:56.722+0800] {dag.py:3239} INFO - Sync 1 DAGs
[2025-03-17T20:10:56.728+0800] {logging_mixin.py:190} INFO - [2025-03-17T20:10:56.728+0800] {dag.py:4180} INFO - Setting next_dagrun for tutorial_taskflow_api to None, run_after=None
[2025-03-17T20:10:56.737+0800] {processor.py:208} INFO - Processing /Users/ervinyeoh/Desktop/unimods/is3107/project/.venv/lib/python3.11/site-packages/airflow/example_dags/tutorial_taskflow_api.py took 0.121 seconds
[2025-03-17T20:12:27.004+0800] {processor.py:186} INFO - Started process (PID=19376) to work on /Users/ervinyeoh/Desktop/unimods/is3107/project/.venv/lib/python3.11/site-packages/airflow/example_dags/tutorial_taskflow_api.py
[2025-03-17T20:12:27.005+0800] {processor.py:914} INFO - Processing file /Users/ervinyeoh/Desktop/unimods/is3107/project/.venv/lib/python3.11/site-packages/airflow/example_dags/tutorial_taskflow_api.py for tasks to queue
[2025-03-17T20:12:27.006+0800] {logging_mixin.py:190} INFO - [2025-03-17T20:12:27.006+0800] {dagbag.py:588} INFO - Filling up the DagBag from /Users/ervinyeoh/Desktop/unimods/is3107/project/.venv/lib/python3.11/site-packages/airflow/example_dags/tutorial_taskflow_api.py
[2025-03-17T20:12:27.058+0800] {processor.py:925} INFO - DAG(s) 'tutorial_taskflow_api' retrieved from /Users/ervinyeoh/Desktop/unimods/is3107/project/.venv/lib/python3.11/site-packages/airflow/example_dags/tutorial_taskflow_api.py
[2025-03-17T20:12:27.119+0800] {logging_mixin.py:190} INFO - [2025-03-17T20:12:27.119+0800] {dag.py:3239} INFO - Sync 1 DAGs
[2025-03-17T20:12:27.125+0800] {logging_mixin.py:190} INFO - [2025-03-17T20:12:27.125+0800] {dag.py:4180} INFO - Setting next_dagrun for tutorial_taskflow_api to None, run_after=None
[2025-03-17T20:12:27.138+0800] {processor.py:208} INFO - Processing /Users/ervinyeoh/Desktop/unimods/is3107/project/.venv/lib/python3.11/site-packages/airflow/example_dags/tutorial_taskflow_api.py took 0.135 seconds
[2025-03-17T20:13:57.266+0800] {processor.py:186} INFO - Started process (PID=19674) to work on /Users/ervinyeoh/Desktop/unimods/is3107/project/.venv/lib/python3.11/site-packages/airflow/example_dags/tutorial_taskflow_api.py
[2025-03-17T20:13:57.268+0800] {processor.py:914} INFO - Processing file /Users/ervinyeoh/Desktop/unimods/is3107/project/.venv/lib/python3.11/site-packages/airflow/example_dags/tutorial_taskflow_api.py for tasks to queue
[2025-03-17T20:13:57.269+0800] {logging_mixin.py:190} INFO - [2025-03-17T20:13:57.268+0800] {dagbag.py:588} INFO - Filling up the DagBag from /Users/ervinyeoh/Desktop/unimods/is3107/project/.venv/lib/python3.11/site-packages/airflow/example_dags/tutorial_taskflow_api.py
[2025-03-17T20:13:57.321+0800] {processor.py:925} INFO - DAG(s) 'tutorial_taskflow_api' retrieved from /Users/ervinyeoh/Desktop/unimods/is3107/project/.venv/lib/python3.11/site-packages/airflow/example_dags/tutorial_taskflow_api.py
[2025-03-17T20:13:57.372+0800] {logging_mixin.py:190} INFO - [2025-03-17T20:13:57.372+0800] {dag.py:3239} INFO - Sync 1 DAGs
[2025-03-17T20:13:57.378+0800] {logging_mixin.py:190} INFO - [2025-03-17T20:13:57.378+0800] {dag.py:4180} INFO - Setting next_dagrun for tutorial_taskflow_api to None, run_after=None
[2025-03-17T20:13:57.388+0800] {processor.py:208} INFO - Processing /Users/ervinyeoh/Desktop/unimods/is3107/project/.venv/lib/python3.11/site-packages/airflow/example_dags/tutorial_taskflow_api.py took 0.123 seconds
[2025-03-17T20:14:02.903+0800] {processor.py:186} INFO - Started process (PID=19686) to work on /Users/ervinyeoh/Desktop/unimods/is3107/project/.venv/lib/python3.11/site-packages/airflow/example_dags/tutorial_taskflow_api.py
[2025-03-17T20:14:02.904+0800] {processor.py:914} INFO - Processing file /Users/ervinyeoh/Desktop/unimods/is3107/project/.venv/lib/python3.11/site-packages/airflow/example_dags/tutorial_taskflow_api.py for tasks to queue
[2025-03-17T20:14:02.905+0800] {logging_mixin.py:190} INFO - [2025-03-17T20:14:02.905+0800] {dagbag.py:588} INFO - Filling up the DagBag from /Users/ervinyeoh/Desktop/unimods/is3107/project/.venv/lib/python3.11/site-packages/airflow/example_dags/tutorial_taskflow_api.py
[2025-03-17T20:14:02.967+0800] {processor.py:925} INFO - DAG(s) 'tutorial_taskflow_api' retrieved from /Users/ervinyeoh/Desktop/unimods/is3107/project/.venv/lib/python3.11/site-packages/airflow/example_dags/tutorial_taskflow_api.py
[2025-03-17T20:14:03.021+0800] {logging_mixin.py:190} INFO - [2025-03-17T20:14:03.021+0800] {dag.py:3239} INFO - Sync 1 DAGs
[2025-03-17T20:14:03.027+0800] {logging_mixin.py:190} INFO - [2025-03-17T20:14:03.027+0800] {dag.py:4180} INFO - Setting next_dagrun for tutorial_taskflow_api to None, run_after=None
[2025-03-17T20:14:03.037+0800] {processor.py:208} INFO - Processing /Users/ervinyeoh/Desktop/unimods/is3107/project/.venv/lib/python3.11/site-packages/airflow/example_dags/tutorial_taskflow_api.py took 0.136 seconds
[2025-03-17T20:16:13.327+0800] {processor.py:186} INFO - Started process (PID=19991) to work on /Users/ervinyeoh/Desktop/unimods/is3107/project/.venv/lib/python3.11/site-packages/airflow/example_dags/tutorial_taskflow_api.py
[2025-03-17T20:16:13.328+0800] {processor.py:914} INFO - Processing file /Users/ervinyeoh/Desktop/unimods/is3107/project/.venv/lib/python3.11/site-packages/airflow/example_dags/tutorial_taskflow_api.py for tasks to queue
[2025-03-17T20:16:13.329+0800] {logging_mixin.py:190} INFO - [2025-03-17T20:16:13.329+0800] {dagbag.py:588} INFO - Filling up the DagBag from /Users/ervinyeoh/Desktop/unimods/is3107/project/.venv/lib/python3.11/site-packages/airflow/example_dags/tutorial_taskflow_api.py
[2025-03-17T20:16:13.389+0800] {processor.py:925} INFO - DAG(s) 'tutorial_taskflow_api' retrieved from /Users/ervinyeoh/Desktop/unimods/is3107/project/.venv/lib/python3.11/site-packages/airflow/example_dags/tutorial_taskflow_api.py
[2025-03-17T20:16:13.443+0800] {logging_mixin.py:190} INFO - [2025-03-17T20:16:13.443+0800] {dag.py:3239} INFO - Sync 1 DAGs
[2025-03-17T20:16:13.449+0800] {logging_mixin.py:190} INFO - [2025-03-17T20:16:13.449+0800] {dag.py:4180} INFO - Setting next_dagrun for tutorial_taskflow_api to None, run_after=None
[2025-03-17T20:16:13.460+0800] {processor.py:208} INFO - Processing /Users/ervinyeoh/Desktop/unimods/is3107/project/.venv/lib/python3.11/site-packages/airflow/example_dags/tutorial_taskflow_api.py took 0.135 seconds
[2025-03-17T20:16:16.961+0800] {processor.py:186} INFO - Started process (PID=19999) to work on /Users/ervinyeoh/Desktop/unimods/is3107/project/.venv/lib/python3.11/site-packages/airflow/example_dags/tutorial_taskflow_api.py
[2025-03-17T20:16:16.961+0800] {processor.py:914} INFO - Processing file /Users/ervinyeoh/Desktop/unimods/is3107/project/.venv/lib/python3.11/site-packages/airflow/example_dags/tutorial_taskflow_api.py for tasks to queue
[2025-03-17T20:16:16.962+0800] {logging_mixin.py:190} INFO - [2025-03-17T20:16:16.962+0800] {dagbag.py:588} INFO - Filling up the DagBag from /Users/ervinyeoh/Desktop/unimods/is3107/project/.venv/lib/python3.11/site-packages/airflow/example_dags/tutorial_taskflow_api.py
[2025-03-17T20:16:17.015+0800] {processor.py:925} INFO - DAG(s) 'tutorial_taskflow_api' retrieved from /Users/ervinyeoh/Desktop/unimods/is3107/project/.venv/lib/python3.11/site-packages/airflow/example_dags/tutorial_taskflow_api.py
[2025-03-17T20:16:17.067+0800] {logging_mixin.py:190} INFO - [2025-03-17T20:16:17.067+0800] {dag.py:3239} INFO - Sync 1 DAGs
[2025-03-17T20:16:17.072+0800] {logging_mixin.py:190} INFO - [2025-03-17T20:16:17.072+0800] {dag.py:4180} INFO - Setting next_dagrun for tutorial_taskflow_api to None, run_after=None
[2025-03-17T20:16:17.082+0800] {processor.py:208} INFO - Processing /Users/ervinyeoh/Desktop/unimods/is3107/project/.venv/lib/python3.11/site-packages/airflow/example_dags/tutorial_taskflow_api.py took 0.123 seconds
[2025-03-17T20:18:27.268+0800] {processor.py:186} INFO - Started process (PID=20370) to work on /Users/ervinyeoh/Desktop/unimods/is3107/project/.venv/lib/python3.11/site-packages/airflow/example_dags/tutorial_taskflow_api.py
[2025-03-17T20:18:27.269+0800] {processor.py:914} INFO - Processing file /Users/ervinyeoh/Desktop/unimods/is3107/project/.venv/lib/python3.11/site-packages/airflow/example_dags/tutorial_taskflow_api.py for tasks to queue
[2025-03-17T20:18:27.270+0800] {logging_mixin.py:190} INFO - [2025-03-17T20:18:27.269+0800] {dagbag.py:588} INFO - Filling up the DagBag from /Users/ervinyeoh/Desktop/unimods/is3107/project/.venv/lib/python3.11/site-packages/airflow/example_dags/tutorial_taskflow_api.py
[2025-03-17T20:18:27.323+0800] {processor.py:925} INFO - DAG(s) 'tutorial_taskflow_api' retrieved from /Users/ervinyeoh/Desktop/unimods/is3107/project/.venv/lib/python3.11/site-packages/airflow/example_dags/tutorial_taskflow_api.py
[2025-03-17T20:18:27.374+0800] {logging_mixin.py:190} INFO - [2025-03-17T20:18:27.374+0800] {dag.py:3239} INFO - Sync 1 DAGs
[2025-03-17T20:18:27.381+0800] {logging_mixin.py:190} INFO - [2025-03-17T20:18:27.381+0800] {dag.py:4180} INFO - Setting next_dagrun for tutorial_taskflow_api to None, run_after=None
[2025-03-17T20:18:27.392+0800] {processor.py:208} INFO - Processing /Users/ervinyeoh/Desktop/unimods/is3107/project/.venv/lib/python3.11/site-packages/airflow/example_dags/tutorial_taskflow_api.py took 0.126 seconds
[2025-03-17T20:18:46.644+0800] {processor.py:186} INFO - Started process (PID=20418) to work on /Users/ervinyeoh/Desktop/unimods/is3107/project/.venv/lib/python3.11/site-packages/airflow/example_dags/tutorial_taskflow_api.py
[2025-03-17T20:18:46.645+0800] {processor.py:914} INFO - Processing file /Users/ervinyeoh/Desktop/unimods/is3107/project/.venv/lib/python3.11/site-packages/airflow/example_dags/tutorial_taskflow_api.py for tasks to queue
[2025-03-17T20:18:46.645+0800] {logging_mixin.py:190} INFO - [2025-03-17T20:18:46.645+0800] {dagbag.py:588} INFO - Filling up the DagBag from /Users/ervinyeoh/Desktop/unimods/is3107/project/.venv/lib/python3.11/site-packages/airflow/example_dags/tutorial_taskflow_api.py
[2025-03-17T20:18:46.696+0800] {processor.py:925} INFO - DAG(s) 'tutorial_taskflow_api' retrieved from /Users/ervinyeoh/Desktop/unimods/is3107/project/.venv/lib/python3.11/site-packages/airflow/example_dags/tutorial_taskflow_api.py
[2025-03-17T20:18:46.747+0800] {logging_mixin.py:190} INFO - [2025-03-17T20:18:46.747+0800] {dag.py:3239} INFO - Sync 1 DAGs
[2025-03-17T20:18:46.753+0800] {logging_mixin.py:190} INFO - [2025-03-17T20:18:46.753+0800] {dag.py:4180} INFO - Setting next_dagrun for tutorial_taskflow_api to None, run_after=None
[2025-03-17T20:18:46.762+0800] {processor.py:208} INFO - Processing /Users/ervinyeoh/Desktop/unimods/is3107/project/.venv/lib/python3.11/site-packages/airflow/example_dags/tutorial_taskflow_api.py took 0.120 seconds
[2025-03-17T20:20:12.223+0800] {processor.py:186} INFO - Started process (PID=20642) to work on /Users/ervinyeoh/Desktop/unimods/is3107/project/.venv/lib/python3.11/site-packages/airflow/example_dags/tutorial_taskflow_api.py
[2025-03-17T20:20:12.224+0800] {processor.py:914} INFO - Processing file /Users/ervinyeoh/Desktop/unimods/is3107/project/.venv/lib/python3.11/site-packages/airflow/example_dags/tutorial_taskflow_api.py for tasks to queue
[2025-03-17T20:20:12.225+0800] {logging_mixin.py:190} INFO - [2025-03-17T20:20:12.225+0800] {dagbag.py:588} INFO - Filling up the DagBag from /Users/ervinyeoh/Desktop/unimods/is3107/project/.venv/lib/python3.11/site-packages/airflow/example_dags/tutorial_taskflow_api.py
[2025-03-17T20:20:12.283+0800] {processor.py:925} INFO - DAG(s) 'tutorial_taskflow_api' retrieved from /Users/ervinyeoh/Desktop/unimods/is3107/project/.venv/lib/python3.11/site-packages/airflow/example_dags/tutorial_taskflow_api.py
[2025-03-17T20:20:12.337+0800] {logging_mixin.py:190} INFO - [2025-03-17T20:20:12.337+0800] {dag.py:3239} INFO - Sync 1 DAGs
[2025-03-17T20:20:12.343+0800] {logging_mixin.py:190} INFO - [2025-03-17T20:20:12.343+0800] {dag.py:4180} INFO - Setting next_dagrun for tutorial_taskflow_api to None, run_after=None
[2025-03-17T20:20:12.354+0800] {processor.py:208} INFO - Processing /Users/ervinyeoh/Desktop/unimods/is3107/project/.venv/lib/python3.11/site-packages/airflow/example_dags/tutorial_taskflow_api.py took 0.134 seconds
[2025-03-17T20:20:56.503+0800] {processor.py:186} INFO - Started process (PID=20742) to work on /Users/ervinyeoh/Desktop/unimods/is3107/project/.venv/lib/python3.11/site-packages/airflow/example_dags/tutorial_taskflow_api.py
[2025-03-17T20:20:56.504+0800] {processor.py:914} INFO - Processing file /Users/ervinyeoh/Desktop/unimods/is3107/project/.venv/lib/python3.11/site-packages/airflow/example_dags/tutorial_taskflow_api.py for tasks to queue
[2025-03-17T20:20:56.505+0800] {logging_mixin.py:190} INFO - [2025-03-17T20:20:56.504+0800] {dagbag.py:588} INFO - Filling up the DagBag from /Users/ervinyeoh/Desktop/unimods/is3107/project/.venv/lib/python3.11/site-packages/airflow/example_dags/tutorial_taskflow_api.py
[2025-03-17T20:20:56.571+0800] {processor.py:925} INFO - DAG(s) 'tutorial_taskflow_api' retrieved from /Users/ervinyeoh/Desktop/unimods/is3107/project/.venv/lib/python3.11/site-packages/airflow/example_dags/tutorial_taskflow_api.py
[2025-03-17T20:20:56.625+0800] {logging_mixin.py:190} INFO - [2025-03-17T20:20:56.625+0800] {dag.py:3239} INFO - Sync 1 DAGs
[2025-03-17T20:20:56.631+0800] {logging_mixin.py:190} INFO - [2025-03-17T20:20:56.631+0800] {dag.py:4180} INFO - Setting next_dagrun for tutorial_taskflow_api to None, run_after=None
[2025-03-17T20:20:56.642+0800] {processor.py:208} INFO - Processing /Users/ervinyeoh/Desktop/unimods/is3107/project/.venv/lib/python3.11/site-packages/airflow/example_dags/tutorial_taskflow_api.py took 0.141 seconds
[2025-03-17T20:21:53.637+0800] {processor.py:186} INFO - Started process (PID=20864) to work on /Users/ervinyeoh/Desktop/unimods/is3107/project/.venv/lib/python3.11/site-packages/airflow/example_dags/tutorial_taskflow_api.py
[2025-03-17T20:21:53.638+0800] {processor.py:914} INFO - Processing file /Users/ervinyeoh/Desktop/unimods/is3107/project/.venv/lib/python3.11/site-packages/airflow/example_dags/tutorial_taskflow_api.py for tasks to queue
[2025-03-17T20:21:53.639+0800] {logging_mixin.py:190} INFO - [2025-03-17T20:21:53.639+0800] {dagbag.py:588} INFO - Filling up the DagBag from /Users/ervinyeoh/Desktop/unimods/is3107/project/.venv/lib/python3.11/site-packages/airflow/example_dags/tutorial_taskflow_api.py
[2025-03-17T20:21:53.693+0800] {processor.py:925} INFO - DAG(s) 'tutorial_taskflow_api' retrieved from /Users/ervinyeoh/Desktop/unimods/is3107/project/.venv/lib/python3.11/site-packages/airflow/example_dags/tutorial_taskflow_api.py
[2025-03-17T20:21:53.746+0800] {logging_mixin.py:190} INFO - [2025-03-17T20:21:53.746+0800] {dag.py:3239} INFO - Sync 1 DAGs
[2025-03-17T20:21:53.752+0800] {logging_mixin.py:190} INFO - [2025-03-17T20:21:53.752+0800] {dag.py:4180} INFO - Setting next_dagrun for tutorial_taskflow_api to None, run_after=None
[2025-03-17T20:21:53.762+0800] {processor.py:208} INFO - Processing /Users/ervinyeoh/Desktop/unimods/is3107/project/.venv/lib/python3.11/site-packages/airflow/example_dags/tutorial_taskflow_api.py took 0.126 seconds
[2025-03-17T20:22:33.458+0800] {processor.py:186} INFO - Started process (PID=20960) to work on /Users/ervinyeoh/Desktop/unimods/is3107/project/.venv/lib/python3.11/site-packages/airflow/example_dags/tutorial_taskflow_api.py
[2025-03-17T20:22:33.459+0800] {processor.py:914} INFO - Processing file /Users/ervinyeoh/Desktop/unimods/is3107/project/.venv/lib/python3.11/site-packages/airflow/example_dags/tutorial_taskflow_api.py for tasks to queue
[2025-03-17T20:22:33.460+0800] {logging_mixin.py:190} INFO - [2025-03-17T20:22:33.460+0800] {dagbag.py:588} INFO - Filling up the DagBag from /Users/ervinyeoh/Desktop/unimods/is3107/project/.venv/lib/python3.11/site-packages/airflow/example_dags/tutorial_taskflow_api.py
[2025-03-17T20:22:33.510+0800] {processor.py:925} INFO - DAG(s) 'tutorial_taskflow_api' retrieved from /Users/ervinyeoh/Desktop/unimods/is3107/project/.venv/lib/python3.11/site-packages/airflow/example_dags/tutorial_taskflow_api.py
[2025-03-17T20:22:33.563+0800] {logging_mixin.py:190} INFO - [2025-03-17T20:22:33.562+0800] {dag.py:3239} INFO - Sync 1 DAGs
[2025-03-17T20:22:33.568+0800] {logging_mixin.py:190} INFO - [2025-03-17T20:22:33.568+0800] {dag.py:4180} INFO - Setting next_dagrun for tutorial_taskflow_api to None, run_after=None
[2025-03-17T20:22:33.577+0800] {processor.py:208} INFO - Processing /Users/ervinyeoh/Desktop/unimods/is3107/project/.venv/lib/python3.11/site-packages/airflow/example_dags/tutorial_taskflow_api.py took 0.121 seconds
[2025-03-17T20:23:34.637+0800] {processor.py:186} INFO - Started process (PID=21076) to work on /Users/ervinyeoh/Desktop/unimods/is3107/project/.venv/lib/python3.11/site-packages/airflow/example_dags/tutorial_taskflow_api.py
[2025-03-17T20:23:34.638+0800] {processor.py:914} INFO - Processing file /Users/ervinyeoh/Desktop/unimods/is3107/project/.venv/lib/python3.11/site-packages/airflow/example_dags/tutorial_taskflow_api.py for tasks to queue
[2025-03-17T20:23:34.639+0800] {logging_mixin.py:190} INFO - [2025-03-17T20:23:34.639+0800] {dagbag.py:588} INFO - Filling up the DagBag from /Users/ervinyeoh/Desktop/unimods/is3107/project/.venv/lib/python3.11/site-packages/airflow/example_dags/tutorial_taskflow_api.py
[2025-03-17T20:23:34.700+0800] {processor.py:925} INFO - DAG(s) 'tutorial_taskflow_api' retrieved from /Users/ervinyeoh/Desktop/unimods/is3107/project/.venv/lib/python3.11/site-packages/airflow/example_dags/tutorial_taskflow_api.py
[2025-03-17T20:23:34.751+0800] {logging_mixin.py:190} INFO - [2025-03-17T20:23:34.751+0800] {dag.py:3239} INFO - Sync 1 DAGs
[2025-03-17T20:23:34.756+0800] {logging_mixin.py:190} INFO - [2025-03-17T20:23:34.756+0800] {dag.py:4180} INFO - Setting next_dagrun for tutorial_taskflow_api to None, run_after=None
[2025-03-17T20:23:34.771+0800] {processor.py:208} INFO - Processing /Users/ervinyeoh/Desktop/unimods/is3107/project/.venv/lib/python3.11/site-packages/airflow/example_dags/tutorial_taskflow_api.py took 0.136 seconds
[2025-03-17T20:24:13.645+0800] {processor.py:186} INFO - Started process (PID=21184) to work on /Users/ervinyeoh/Desktop/unimods/is3107/project/.venv/lib/python3.11/site-packages/airflow/example_dags/tutorial_taskflow_api.py
[2025-03-17T20:24:13.647+0800] {processor.py:914} INFO - Processing file /Users/ervinyeoh/Desktop/unimods/is3107/project/.venv/lib/python3.11/site-packages/airflow/example_dags/tutorial_taskflow_api.py for tasks to queue
[2025-03-17T20:24:13.647+0800] {logging_mixin.py:190} INFO - [2025-03-17T20:24:13.647+0800] {dagbag.py:588} INFO - Filling up the DagBag from /Users/ervinyeoh/Desktop/unimods/is3107/project/.venv/lib/python3.11/site-packages/airflow/example_dags/tutorial_taskflow_api.py
[2025-03-17T20:24:13.702+0800] {processor.py:925} INFO - DAG(s) 'tutorial_taskflow_api' retrieved from /Users/ervinyeoh/Desktop/unimods/is3107/project/.venv/lib/python3.11/site-packages/airflow/example_dags/tutorial_taskflow_api.py
[2025-03-17T20:24:13.755+0800] {logging_mixin.py:190} INFO - [2025-03-17T20:24:13.755+0800] {dag.py:3239} INFO - Sync 1 DAGs
[2025-03-17T20:24:13.761+0800] {logging_mixin.py:190} INFO - [2025-03-17T20:24:13.760+0800] {dag.py:4180} INFO - Setting next_dagrun for tutorial_taskflow_api to None, run_after=None
[2025-03-17T20:24:13.771+0800] {processor.py:208} INFO - Processing /Users/ervinyeoh/Desktop/unimods/is3107/project/.venv/lib/python3.11/site-packages/airflow/example_dags/tutorial_taskflow_api.py took 0.127 seconds
[2025-03-17T20:25:16.878+0800] {processor.py:186} INFO - Started process (PID=21308) to work on /Users/ervinyeoh/Desktop/unimods/is3107/project/.venv/lib/python3.11/site-packages/airflow/example_dags/tutorial_taskflow_api.py
[2025-03-17T20:25:16.879+0800] {processor.py:914} INFO - Processing file /Users/ervinyeoh/Desktop/unimods/is3107/project/.venv/lib/python3.11/site-packages/airflow/example_dags/tutorial_taskflow_api.py for tasks to queue
[2025-03-17T20:25:16.880+0800] {logging_mixin.py:190} INFO - [2025-03-17T20:25:16.879+0800] {dagbag.py:588} INFO - Filling up the DagBag from /Users/ervinyeoh/Desktop/unimods/is3107/project/.venv/lib/python3.11/site-packages/airflow/example_dags/tutorial_taskflow_api.py
[2025-03-17T20:25:16.933+0800] {processor.py:925} INFO - DAG(s) 'tutorial_taskflow_api' retrieved from /Users/ervinyeoh/Desktop/unimods/is3107/project/.venv/lib/python3.11/site-packages/airflow/example_dags/tutorial_taskflow_api.py
[2025-03-17T20:25:16.984+0800] {logging_mixin.py:190} INFO - [2025-03-17T20:25:16.984+0800] {dag.py:3239} INFO - Sync 1 DAGs
[2025-03-17T20:25:16.989+0800] {logging_mixin.py:190} INFO - [2025-03-17T20:25:16.989+0800] {dag.py:4180} INFO - Setting next_dagrun for tutorial_taskflow_api to None, run_after=None
[2025-03-17T20:25:16.999+0800] {processor.py:208} INFO - Processing /Users/ervinyeoh/Desktop/unimods/is3107/project/.venv/lib/python3.11/site-packages/airflow/example_dags/tutorial_taskflow_api.py took 0.123 seconds
