[2025-04-18T23:06:01.561+0800] {local_task_job_runner.py:123} INFO - ::group::Pre task execution logs
[2025-04-18T23:06:01.568+0800] {taskinstance.py:2614} INFO - Dependencies all met for dep_context=non-requeueable deps ti=<TaskInstance: reddit_yf_scraper.run_reddit manual__2025-04-18T15:05:36.966825+00:00 [queued]>
[2025-04-18T23:06:01.571+0800] {taskinstance.py:2614} INFO - Dependencies all met for dep_context=requeueable deps ti=<TaskInstance: reddit_yf_scraper.run_reddit manual__2025-04-18T15:05:36.966825+00:00 [queued]>
[2025-04-18T23:06:01.571+0800] {taskinstance.py:2867} INFO - Starting attempt 1 of 2
[2025-04-18T23:06:01.576+0800] {taskinstance.py:2890} INFO - Executing <Task(_PythonDecoratedOperator): run_reddit> on 2025-04-18 15:05:36.966825+00:00
[2025-04-18T23:06:01.581+0800] {standard_task_runner.py:72} INFO - Started process 2202 to run task
[2025-04-18T23:06:01.585+0800] {standard_task_runner.py:104} INFO - Running: ['airflow', 'tasks', 'run', 'reddit_yf_scraper', 'run_reddit', 'manual__2025-04-18T15:05:36.966825+00:00', '--job-id', '587', '--raw', '--subdir', 'DAGS_FOLDER/dag.py', '--cfg-path', '/var/folders/2f/rw5w89ss6nl38qvq2cxrh29w0000gn/T/tmpnh47fx3j']
[2025-04-18T23:06:01.586+0800] {standard_task_runner.py:105} INFO - Job 587: Subtask run_reddit
[2025-04-18T23:06:01.606+0800] {task_command.py:467} INFO - Running <TaskInstance: reddit_yf_scraper.run_reddit manual__2025-04-18T15:05:36.966825+00:00 [running]> on host yueyaos-macbook-pro.local
[2025-04-18T23:06:01.634+0800] {taskinstance.py:3134} INFO - Exporting env vars: AIRFLOW_CTX_DAG_OWNER='airflow' AIRFLOW_CTX_DAG_ID='reddit_yf_scraper' AIRFLOW_CTX_TASK_ID='run_reddit' AIRFLOW_CTX_EXECUTION_DATE='2025-04-18T15:05:36.966825+00:00' AIRFLOW_CTX_TRY_NUMBER='1' AIRFLOW_CTX_DAG_RUN_ID='manual__2025-04-18T15:05:36.966825+00:00'
[2025-04-18T23:06:01.635+0800] {logging_mixin.py:190} INFO - Task instance is in running state
[2025-04-18T23:06:01.635+0800] {logging_mixin.py:190} INFO -  Previous state of the Task instance: queued
[2025-04-18T23:06:01.636+0800] {logging_mixin.py:190} INFO - Current task name:run_reddit state:running start_date:2025-04-18 15:06:01.568471+00:00
[2025-04-18T23:06:01.636+0800] {logging_mixin.py:190} INFO - Dag name:reddit_yf_scraper and current dag run status:running
[2025-04-18T23:06:01.636+0800] {taskinstance.py:732} INFO - ::endgroup::
[2025-04-18T23:06:04.657+0800] {patcher.py:346} INFO - patching driver executable /Users/yueyaoz/Library/Application Support/undetected_chromedriver/undetected_chromedriver
[2025-04-18T23:06:07.613+0800] {logging_mixin.py:190} INFO - 🔍 Searching Reddit for AAPL...
[2025-04-18T23:06:11.084+0800] {logging_mixin.py:190} INFO - No posts found for AAPL. Saving an empty file.
[2025-04-18T23:06:11.138+0800] {logging_mixin.py:190} INFO - ✅ Done scraping Reddit posts for all S&P 500 tickers.
[2025-04-18T23:06:11.139+0800] {python.py:240} INFO - Done. Returned value was: None
[2025-04-18T23:06:11.149+0800] {taskinstance.py:341} INFO - ::group::Post task execution logs
[2025-04-18T23:06:11.157+0800] {taskinstance.py:353} INFO - Marking task as SUCCESS. dag_id=reddit_yf_scraper, task_id=run_reddit, run_id=manual__2025-04-18T15:05:36.966825+00:00, execution_date=20250418T150536, start_date=20250418T150601, end_date=20250418T150611
[2025-04-18T23:06:11.183+0800] {logging_mixin.py:190} INFO - Task instance in success state
[2025-04-18T23:06:11.183+0800] {logging_mixin.py:190} INFO -  Previous state of the Task instance: running
[2025-04-18T23:06:11.183+0800] {logging_mixin.py:190} INFO - Dag name:reddit_yf_scraper queued_at:2025-04-18 15:05:36.980196+00:00
[2025-04-18T23:06:11.184+0800] {logging_mixin.py:190} INFO - Task hostname:yueyaos-macbook-pro.local operator:_PythonDecoratedOperator
[2025-04-18T23:06:11.196+0800] {local_task_job_runner.py:266} INFO - Task exited with return code 0
[2025-04-18T23:06:11.216+0800] {taskinstance.py:3901} INFO - 1 downstream tasks scheduled from follow-on schedule check
[2025-04-18T23:06:11.217+0800] {local_task_job_runner.py:245} INFO - ::endgroup::
