[2025-03-24T09:36:32.690+0800] {processor.py:186} INFO - Started process (PID=38546) to work on /Users/ervinyeoh/Desktop/unimods/is3107/project/.venv/lib/python3.11/site-packages/airflow/example_dags/example_params_trigger_ui.py
[2025-03-24T09:36:32.691+0800] {processor.py:914} INFO - Processing file /Users/ervinyeoh/Desktop/unimods/is3107/project/.venv/lib/python3.11/site-packages/airflow/example_dags/example_params_trigger_ui.py for tasks to queue
[2025-03-24T09:36:32.692+0800] {logging_mixin.py:190} INFO - [2025-03-24T09:36:32.692+0800] {dagbag.py:588} INFO - Filling up the DagBag from /Users/ervinyeoh/Desktop/unimods/is3107/project/.venv/lib/python3.11/site-packages/airflow/example_dags/example_params_trigger_ui.py
[2025-03-24T09:36:32.796+0800] {processor.py:925} INFO - DAG(s) 'example_params_trigger_ui' retrieved from /Users/ervinyeoh/Desktop/unimods/is3107/project/.venv/lib/python3.11/site-packages/airflow/example_dags/example_params_trigger_ui.py
[2025-03-24T09:36:32.887+0800] {logging_mixin.py:190} INFO - [2025-03-24T09:36:32.886+0800] {dag.py:3239} INFO - Sync 1 DAGs
[2025-03-24T09:36:32.895+0800] {logging_mixin.py:190} INFO - [2025-03-24T09:36:32.894+0800] {dag.py:4180} INFO - Setting next_dagrun for example_params_trigger_ui to None, run_after=None
[2025-03-24T09:36:32.907+0800] {processor.py:208} INFO - Processing /Users/ervinyeoh/Desktop/unimods/is3107/project/.venv/lib/python3.11/site-packages/airflow/example_dags/example_params_trigger_ui.py took 0.220 seconds
[2025-03-24T13:53:32.926+0800] {processor.py:186} INFO - Started process (PID=39031) to work on /Users/ervinyeoh/Desktop/unimods/is3107/project/.venv/lib/python3.11/site-packages/airflow/example_dags/example_params_trigger_ui.py
[2025-03-24T13:53:32.927+0800] {processor.py:914} INFO - Processing file /Users/ervinyeoh/Desktop/unimods/is3107/project/.venv/lib/python3.11/site-packages/airflow/example_dags/example_params_trigger_ui.py for tasks to queue
[2025-03-24T13:53:32.927+0800] {logging_mixin.py:190} INFO - [2025-03-24T13:53:32.927+0800] {dagbag.py:588} INFO - Filling up the DagBag from /Users/ervinyeoh/Desktop/unimods/is3107/project/.venv/lib/python3.11/site-packages/airflow/example_dags/example_params_trigger_ui.py
[2025-03-24T13:53:32.982+0800] {processor.py:925} INFO - DAG(s) 'example_params_trigger_ui' retrieved from /Users/ervinyeoh/Desktop/unimods/is3107/project/.venv/lib/python3.11/site-packages/airflow/example_dags/example_params_trigger_ui.py
[2025-03-24T13:53:33.045+0800] {logging_mixin.py:190} INFO - [2025-03-24T13:53:33.045+0800] {dag.py:3239} INFO - Sync 1 DAGs
[2025-03-24T13:53:33.051+0800] {logging_mixin.py:190} INFO - [2025-03-24T13:53:33.051+0800] {dag.py:4180} INFO - Setting next_dagrun for example_params_trigger_ui to None, run_after=None
[2025-03-24T13:53:33.061+0800] {processor.py:208} INFO - Processing /Users/ervinyeoh/Desktop/unimods/is3107/project/.venv/lib/python3.11/site-packages/airflow/example_dags/example_params_trigger_ui.py took 0.136 seconds
[2025-03-24T13:55:46.738+0800] {processor.py:186} INFO - Started process (PID=39359) to work on /Users/ervinyeoh/Desktop/unimods/is3107/project/.venv/lib/python3.11/site-packages/airflow/example_dags/example_params_trigger_ui.py
[2025-03-24T13:55:46.739+0800] {processor.py:914} INFO - Processing file /Users/ervinyeoh/Desktop/unimods/is3107/project/.venv/lib/python3.11/site-packages/airflow/example_dags/example_params_trigger_ui.py for tasks to queue
[2025-03-24T13:55:46.740+0800] {logging_mixin.py:190} INFO - [2025-03-24T13:55:46.740+0800] {dagbag.py:588} INFO - Filling up the DagBag from /Users/ervinyeoh/Desktop/unimods/is3107/project/.venv/lib/python3.11/site-packages/airflow/example_dags/example_params_trigger_ui.py
[2025-03-24T13:55:46.795+0800] {processor.py:925} INFO - DAG(s) 'example_params_trigger_ui' retrieved from /Users/ervinyeoh/Desktop/unimods/is3107/project/.venv/lib/python3.11/site-packages/airflow/example_dags/example_params_trigger_ui.py
[2025-03-24T13:55:46.857+0800] {logging_mixin.py:190} INFO - [2025-03-24T13:55:46.857+0800] {dag.py:3239} INFO - Sync 1 DAGs
[2025-03-24T13:55:46.863+0800] {logging_mixin.py:190} INFO - [2025-03-24T13:55:46.863+0800] {dag.py:4180} INFO - Setting next_dagrun for example_params_trigger_ui to None, run_after=None
[2025-03-24T13:55:46.873+0800] {processor.py:208} INFO - Processing /Users/ervinyeoh/Desktop/unimods/is3107/project/.venv/lib/python3.11/site-packages/airflow/example_dags/example_params_trigger_ui.py took 0.136 seconds
[2025-03-24T13:59:04.061+0800] {processor.py:186} INFO - Started process (PID=39643) to work on /Users/ervinyeoh/Desktop/unimods/is3107/project/.venv/lib/python3.11/site-packages/airflow/example_dags/example_params_trigger_ui.py
[2025-03-24T13:59:04.062+0800] {processor.py:914} INFO - Processing file /Users/ervinyeoh/Desktop/unimods/is3107/project/.venv/lib/python3.11/site-packages/airflow/example_dags/example_params_trigger_ui.py for tasks to queue
[2025-03-24T13:59:04.062+0800] {logging_mixin.py:190} INFO - [2025-03-24T13:59:04.062+0800] {dagbag.py:588} INFO - Filling up the DagBag from /Users/ervinyeoh/Desktop/unimods/is3107/project/.venv/lib/python3.11/site-packages/airflow/example_dags/example_params_trigger_ui.py
[2025-03-24T13:59:04.116+0800] {processor.py:925} INFO - DAG(s) 'example_params_trigger_ui' retrieved from /Users/ervinyeoh/Desktop/unimods/is3107/project/.venv/lib/python3.11/site-packages/airflow/example_dags/example_params_trigger_ui.py
[2025-03-24T13:59:04.179+0800] {logging_mixin.py:190} INFO - [2025-03-24T13:59:04.179+0800] {dag.py:3239} INFO - Sync 1 DAGs
[2025-03-24T13:59:04.184+0800] {logging_mixin.py:190} INFO - [2025-03-24T13:59:04.184+0800] {dag.py:4180} INFO - Setting next_dagrun for example_params_trigger_ui to None, run_after=None
[2025-03-24T13:59:04.194+0800] {processor.py:208} INFO - Processing /Users/ervinyeoh/Desktop/unimods/is3107/project/.venv/lib/python3.11/site-packages/airflow/example_dags/example_params_trigger_ui.py took 0.135 seconds
[2025-03-24T14:02:23.207+0800] {processor.py:186} INFO - Started process (PID=39969) to work on /Users/ervinyeoh/Desktop/unimods/is3107/project/.venv/lib/python3.11/site-packages/airflow/example_dags/example_params_trigger_ui.py
[2025-03-24T14:02:23.209+0800] {processor.py:914} INFO - Processing file /Users/ervinyeoh/Desktop/unimods/is3107/project/.venv/lib/python3.11/site-packages/airflow/example_dags/example_params_trigger_ui.py for tasks to queue
[2025-03-24T14:02:23.210+0800] {logging_mixin.py:190} INFO - [2025-03-24T14:02:23.210+0800] {dagbag.py:588} INFO - Filling up the DagBag from /Users/ervinyeoh/Desktop/unimods/is3107/project/.venv/lib/python3.11/site-packages/airflow/example_dags/example_params_trigger_ui.py
[2025-03-24T14:02:23.262+0800] {processor.py:925} INFO - DAG(s) 'example_params_trigger_ui' retrieved from /Users/ervinyeoh/Desktop/unimods/is3107/project/.venv/lib/python3.11/site-packages/airflow/example_dags/example_params_trigger_ui.py
[2025-03-24T14:02:23.325+0800] {logging_mixin.py:190} INFO - [2025-03-24T14:02:23.325+0800] {dag.py:3239} INFO - Sync 1 DAGs
[2025-03-24T14:02:23.331+0800] {logging_mixin.py:190} INFO - [2025-03-24T14:02:23.331+0800] {dag.py:4180} INFO - Setting next_dagrun for example_params_trigger_ui to None, run_after=None
[2025-03-24T14:02:23.341+0800] {processor.py:208} INFO - Processing /Users/ervinyeoh/Desktop/unimods/is3107/project/.venv/lib/python3.11/site-packages/airflow/example_dags/example_params_trigger_ui.py took 0.136 seconds
[2025-03-24T14:05:43.617+0800] {processor.py:186} INFO - Started process (PID=40327) to work on /Users/ervinyeoh/Desktop/unimods/is3107/project/.venv/lib/python3.11/site-packages/airflow/example_dags/example_params_trigger_ui.py
[2025-03-24T14:05:43.618+0800] {processor.py:914} INFO - Processing file /Users/ervinyeoh/Desktop/unimods/is3107/project/.venv/lib/python3.11/site-packages/airflow/example_dags/example_params_trigger_ui.py for tasks to queue
[2025-03-24T14:05:43.619+0800] {logging_mixin.py:190} INFO - [2025-03-24T14:05:43.619+0800] {dagbag.py:588} INFO - Filling up the DagBag from /Users/ervinyeoh/Desktop/unimods/is3107/project/.venv/lib/python3.11/site-packages/airflow/example_dags/example_params_trigger_ui.py
[2025-03-24T14:05:43.671+0800] {processor.py:925} INFO - DAG(s) 'example_params_trigger_ui' retrieved from /Users/ervinyeoh/Desktop/unimods/is3107/project/.venv/lib/python3.11/site-packages/airflow/example_dags/example_params_trigger_ui.py
[2025-03-24T14:05:43.734+0800] {logging_mixin.py:190} INFO - [2025-03-24T14:05:43.734+0800] {dag.py:3239} INFO - Sync 1 DAGs
[2025-03-24T14:05:43.739+0800] {logging_mixin.py:190} INFO - [2025-03-24T14:05:43.739+0800] {dag.py:4180} INFO - Setting next_dagrun for example_params_trigger_ui to None, run_after=None
[2025-03-24T14:05:43.750+0800] {processor.py:208} INFO - Processing /Users/ervinyeoh/Desktop/unimods/is3107/project/.venv/lib/python3.11/site-packages/airflow/example_dags/example_params_trigger_ui.py took 0.134 seconds
[2025-03-24T14:42:19.301+0800] {processor.py:186} INFO - Started process (PID=40711) to work on /Users/ervinyeoh/Desktop/unimods/is3107/project/.venv/lib/python3.11/site-packages/airflow/example_dags/example_params_trigger_ui.py
[2025-03-24T14:42:19.302+0800] {processor.py:914} INFO - Processing file /Users/ervinyeoh/Desktop/unimods/is3107/project/.venv/lib/python3.11/site-packages/airflow/example_dags/example_params_trigger_ui.py for tasks to queue
[2025-03-24T14:42:19.303+0800] {logging_mixin.py:190} INFO - [2025-03-24T14:42:19.302+0800] {dagbag.py:588} INFO - Filling up the DagBag from /Users/ervinyeoh/Desktop/unimods/is3107/project/.venv/lib/python3.11/site-packages/airflow/example_dags/example_params_trigger_ui.py
[2025-03-24T14:42:19.354+0800] {processor.py:925} INFO - DAG(s) 'example_params_trigger_ui' retrieved from /Users/ervinyeoh/Desktop/unimods/is3107/project/.venv/lib/python3.11/site-packages/airflow/example_dags/example_params_trigger_ui.py
[2025-03-24T14:42:19.417+0800] {logging_mixin.py:190} INFO - [2025-03-24T14:42:19.417+0800] {dag.py:3239} INFO - Sync 1 DAGs
[2025-03-24T14:42:19.423+0800] {logging_mixin.py:190} INFO - [2025-03-24T14:42:19.422+0800] {dag.py:4180} INFO - Setting next_dagrun for example_params_trigger_ui to None, run_after=None
[2025-03-24T14:42:19.432+0800] {processor.py:208} INFO - Processing /Users/ervinyeoh/Desktop/unimods/is3107/project/.venv/lib/python3.11/site-packages/airflow/example_dags/example_params_trigger_ui.py took 0.133 seconds
[2025-03-24T17:29:03.539+0800] {processor.py:186} INFO - Started process (PID=41028) to work on /Users/ervinyeoh/Desktop/unimods/is3107/project/.venv/lib/python3.11/site-packages/airflow/example_dags/example_params_trigger_ui.py
[2025-03-24T17:29:03.540+0800] {processor.py:914} INFO - Processing file /Users/ervinyeoh/Desktop/unimods/is3107/project/.venv/lib/python3.11/site-packages/airflow/example_dags/example_params_trigger_ui.py for tasks to queue
[2025-03-24T17:29:03.540+0800] {logging_mixin.py:190} INFO - [2025-03-24T17:29:03.540+0800] {dagbag.py:588} INFO - Filling up the DagBag from /Users/ervinyeoh/Desktop/unimods/is3107/project/.venv/lib/python3.11/site-packages/airflow/example_dags/example_params_trigger_ui.py
[2025-03-24T17:29:03.592+0800] {processor.py:925} INFO - DAG(s) 'example_params_trigger_ui' retrieved from /Users/ervinyeoh/Desktop/unimods/is3107/project/.venv/lib/python3.11/site-packages/airflow/example_dags/example_params_trigger_ui.py
[2025-03-24T17:29:03.654+0800] {logging_mixin.py:190} INFO - [2025-03-24T17:29:03.653+0800] {dag.py:3239} INFO - Sync 1 DAGs
[2025-03-24T17:29:03.659+0800] {logging_mixin.py:190} INFO - [2025-03-24T17:29:03.659+0800] {dag.py:4180} INFO - Setting next_dagrun for example_params_trigger_ui to None, run_after=None
[2025-03-24T17:29:03.669+0800] {processor.py:208} INFO - Processing /Users/ervinyeoh/Desktop/unimods/is3107/project/.venv/lib/python3.11/site-packages/airflow/example_dags/example_params_trigger_ui.py took 0.132 seconds
[2025-03-24T17:53:50.956+0800] {processor.py:186} INFO - Started process (PID=41335) to work on /Users/ervinyeoh/Desktop/unimods/is3107/project/.venv/lib/python3.11/site-packages/airflow/example_dags/example_params_trigger_ui.py
[2025-03-24T17:53:50.957+0800] {processor.py:914} INFO - Processing file /Users/ervinyeoh/Desktop/unimods/is3107/project/.venv/lib/python3.11/site-packages/airflow/example_dags/example_params_trigger_ui.py for tasks to queue
[2025-03-24T17:53:50.958+0800] {logging_mixin.py:190} INFO - [2025-03-24T17:53:50.957+0800] {dagbag.py:588} INFO - Filling up the DagBag from /Users/ervinyeoh/Desktop/unimods/is3107/project/.venv/lib/python3.11/site-packages/airflow/example_dags/example_params_trigger_ui.py
[2025-03-24T17:53:51.011+0800] {processor.py:925} INFO - DAG(s) 'example_params_trigger_ui' retrieved from /Users/ervinyeoh/Desktop/unimods/is3107/project/.venv/lib/python3.11/site-packages/airflow/example_dags/example_params_trigger_ui.py
[2025-03-24T17:53:51.074+0800] {logging_mixin.py:190} INFO - [2025-03-24T17:53:51.073+0800] {dag.py:3239} INFO - Sync 1 DAGs
[2025-03-24T17:53:51.080+0800] {logging_mixin.py:190} INFO - [2025-03-24T17:53:51.080+0800] {dag.py:4180} INFO - Setting next_dagrun for example_params_trigger_ui to None, run_after=None
[2025-03-24T17:53:51.091+0800] {processor.py:208} INFO - Processing /Users/ervinyeoh/Desktop/unimods/is3107/project/.venv/lib/python3.11/site-packages/airflow/example_dags/example_params_trigger_ui.py took 0.137 seconds
[2025-03-24T21:58:37.556+0800] {processor.py:186} INFO - Started process (PID=41664) to work on /Users/ervinyeoh/Desktop/unimods/is3107/project/.venv/lib/python3.11/site-packages/airflow/example_dags/example_params_trigger_ui.py
[2025-03-24T21:58:37.556+0800] {processor.py:914} INFO - Processing file /Users/ervinyeoh/Desktop/unimods/is3107/project/.venv/lib/python3.11/site-packages/airflow/example_dags/example_params_trigger_ui.py for tasks to queue
[2025-03-24T21:58:37.557+0800] {logging_mixin.py:190} INFO - [2025-03-24T21:58:37.557+0800] {dagbag.py:588} INFO - Filling up the DagBag from /Users/ervinyeoh/Desktop/unimods/is3107/project/.venv/lib/python3.11/site-packages/airflow/example_dags/example_params_trigger_ui.py
[2025-03-24T21:58:37.611+0800] {processor.py:925} INFO - DAG(s) 'example_params_trigger_ui' retrieved from /Users/ervinyeoh/Desktop/unimods/is3107/project/.venv/lib/python3.11/site-packages/airflow/example_dags/example_params_trigger_ui.py
[2025-03-24T21:58:37.674+0800] {logging_mixin.py:190} INFO - [2025-03-24T21:58:37.673+0800] {dag.py:3239} INFO - Sync 1 DAGs
[2025-03-24T21:58:37.679+0800] {logging_mixin.py:190} INFO - [2025-03-24T21:58:37.679+0800] {dag.py:4180} INFO - Setting next_dagrun for example_params_trigger_ui to None, run_after=None
[2025-03-24T21:58:37.689+0800] {processor.py:208} INFO - Processing /Users/ervinyeoh/Desktop/unimods/is3107/project/.venv/lib/python3.11/site-packages/airflow/example_dags/example_params_trigger_ui.py took 0.135 seconds
[2025-03-25T02:36:46.870+0800] {processor.py:186} INFO - Started process (PID=42093) to work on /Users/ervinyeoh/Desktop/unimods/is3107/project/.venv/lib/python3.11/site-packages/airflow/example_dags/example_params_trigger_ui.py
[2025-03-25T02:36:46.872+0800] {processor.py:914} INFO - Processing file /Users/ervinyeoh/Desktop/unimods/is3107/project/.venv/lib/python3.11/site-packages/airflow/example_dags/example_params_trigger_ui.py for tasks to queue
[2025-03-25T02:36:46.872+0800] {logging_mixin.py:190} INFO - [2025-03-25T02:36:46.872+0800] {dagbag.py:588} INFO - Filling up the DagBag from /Users/ervinyeoh/Desktop/unimods/is3107/project/.venv/lib/python3.11/site-packages/airflow/example_dags/example_params_trigger_ui.py
[2025-03-25T02:36:46.940+0800] {processor.py:925} INFO - DAG(s) 'example_params_trigger_ui' retrieved from /Users/ervinyeoh/Desktop/unimods/is3107/project/.venv/lib/python3.11/site-packages/airflow/example_dags/example_params_trigger_ui.py
[2025-03-25T02:36:47.006+0800] {logging_mixin.py:190} INFO - [2025-03-25T02:36:47.006+0800] {dag.py:3239} INFO - Sync 1 DAGs
[2025-03-25T02:36:47.013+0800] {logging_mixin.py:190} INFO - [2025-03-25T02:36:47.013+0800] {dag.py:4180} INFO - Setting next_dagrun for example_params_trigger_ui to None, run_after=None
[2025-03-25T02:36:47.023+0800] {processor.py:208} INFO - Processing /Users/ervinyeoh/Desktop/unimods/is3107/project/.venv/lib/python3.11/site-packages/airflow/example_dags/example_params_trigger_ui.py took 0.155 seconds
[2025-03-25T07:36:09.353+0800] {processor.py:186} INFO - Started process (PID=42519) to work on /Users/ervinyeoh/Desktop/unimods/is3107/project/.venv/lib/python3.11/site-packages/airflow/example_dags/example_params_trigger_ui.py
[2025-03-25T07:36:09.354+0800] {processor.py:914} INFO - Processing file /Users/ervinyeoh/Desktop/unimods/is3107/project/.venv/lib/python3.11/site-packages/airflow/example_dags/example_params_trigger_ui.py for tasks to queue
[2025-03-25T07:36:09.356+0800] {logging_mixin.py:190} INFO - [2025-03-25T07:36:09.355+0800] {dagbag.py:588} INFO - Filling up the DagBag from /Users/ervinyeoh/Desktop/unimods/is3107/project/.venv/lib/python3.11/site-packages/airflow/example_dags/example_params_trigger_ui.py
[2025-03-25T07:36:09.435+0800] {processor.py:925} INFO - DAG(s) 'example_params_trigger_ui' retrieved from /Users/ervinyeoh/Desktop/unimods/is3107/project/.venv/lib/python3.11/site-packages/airflow/example_dags/example_params_trigger_ui.py
[2025-03-25T07:36:09.514+0800] {logging_mixin.py:190} INFO - [2025-03-25T07:36:09.513+0800] {dag.py:3239} INFO - Sync 1 DAGs
[2025-03-25T07:36:09.520+0800] {logging_mixin.py:190} INFO - [2025-03-25T07:36:09.519+0800] {dag.py:4180} INFO - Setting next_dagrun for example_params_trigger_ui to None, run_after=None
[2025-03-25T07:36:09.534+0800] {processor.py:208} INFO - Processing /Users/ervinyeoh/Desktop/unimods/is3107/project/.venv/lib/python3.11/site-packages/airflow/example_dags/example_params_trigger_ui.py took 0.183 seconds
