[2025-03-24T08:29:19.483+0800] {processor.py:186} INFO - Started process (PID=38438) to work on /Users/ervinyeoh/Desktop/unimods/is3107/project/.venv/lib/python3.11/site-packages/airflow/example_dags/example_sla_dag.py
[2025-03-24T08:29:19.484+0800] {processor.py:914} INFO - Processing file /Users/ervinyeoh/Desktop/unimods/is3107/project/.venv/lib/python3.11/site-packages/airflow/example_dags/example_sla_dag.py for tasks to queue
[2025-03-24T08:29:19.485+0800] {logging_mixin.py:190} INFO - [2025-03-24T08:29:19.484+0800] {dagbag.py:588} INFO - Filling up the DagBag from /Users/ervinyeoh/Desktop/unimods/is3107/project/.venv/lib/python3.11/site-packages/airflow/example_dags/example_sla_dag.py
[2025-03-24T08:29:19.537+0800] {processor.py:925} INFO - DAG(s) 'example_sla_dag' retrieved from /Users/ervinyeoh/Desktop/unimods/is3107/project/.venv/lib/python3.11/site-packages/airflow/example_dags/example_sla_dag.py
[2025-03-24T08:29:19.587+0800] {logging_mixin.py:190} INFO - [2025-03-24T08:29:19.587+0800] {dag.py:3239} INFO - Sync 1 DAGs
[2025-03-24T08:29:19.598+0800] {logging_mixin.py:190} INFO - [2025-03-24T08:29:19.598+0800] {dag.py:4180} INFO - Setting next_dagrun for example_sla_dag to 2025-03-24 00:26:00+00:00, run_after=2025-03-24 00:28:00+00:00
[2025-03-24T08:29:19.608+0800] {processor.py:208} INFO - Processing /Users/ervinyeoh/Desktop/unimods/is3107/project/.venv/lib/python3.11/site-packages/airflow/example_dags/example_sla_dag.py took 0.126 seconds
[2025-03-24T13:53:03.677+0800] {processor.py:186} INFO - Started process (PID=38986) to work on /Users/ervinyeoh/Desktop/unimods/is3107/project/.venv/lib/python3.11/site-packages/airflow/example_dags/example_sla_dag.py
[2025-03-24T13:53:03.678+0800] {processor.py:914} INFO - Processing file /Users/ervinyeoh/Desktop/unimods/is3107/project/.venv/lib/python3.11/site-packages/airflow/example_dags/example_sla_dag.py for tasks to queue
[2025-03-24T13:53:03.679+0800] {logging_mixin.py:190} INFO - [2025-03-24T13:53:03.679+0800] {dagbag.py:588} INFO - Filling up the DagBag from /Users/ervinyeoh/Desktop/unimods/is3107/project/.venv/lib/python3.11/site-packages/airflow/example_dags/example_sla_dag.py
[2025-03-24T13:53:03.768+0800] {processor.py:925} INFO - DAG(s) 'example_sla_dag' retrieved from /Users/ervinyeoh/Desktop/unimods/is3107/project/.venv/lib/python3.11/site-packages/airflow/example_dags/example_sla_dag.py
[2025-03-24T13:53:03.829+0800] {logging_mixin.py:190} INFO - [2025-03-24T13:53:03.829+0800] {dag.py:3239} INFO - Sync 1 DAGs
[2025-03-24T13:53:03.841+0800] {logging_mixin.py:190} INFO - [2025-03-24T13:53:03.841+0800] {dag.py:4180} INFO - Setting next_dagrun for example_sla_dag to 2025-03-24 05:50:00+00:00, run_after=2025-03-24 05:52:00+00:00
[2025-03-24T13:53:03.852+0800] {processor.py:208} INFO - Processing /Users/ervinyeoh/Desktop/unimods/is3107/project/.venv/lib/python3.11/site-packages/airflow/example_dags/example_sla_dag.py took 0.177 seconds
[2025-03-24T13:55:19.360+0800] {processor.py:186} INFO - Started process (PID=39200) to work on /Users/ervinyeoh/Desktop/unimods/is3107/project/.venv/lib/python3.11/site-packages/airflow/example_dags/example_sla_dag.py
[2025-03-24T13:55:19.360+0800] {processor.py:914} INFO - Processing file /Users/ervinyeoh/Desktop/unimods/is3107/project/.venv/lib/python3.11/site-packages/airflow/example_dags/example_sla_dag.py for tasks to queue
[2025-03-24T13:55:19.361+0800] {logging_mixin.py:190} INFO - [2025-03-24T13:55:19.361+0800] {dagbag.py:588} INFO - Filling up the DagBag from /Users/ervinyeoh/Desktop/unimods/is3107/project/.venv/lib/python3.11/site-packages/airflow/example_dags/example_sla_dag.py
[2025-03-24T13:55:19.413+0800] {processor.py:925} INFO - DAG(s) 'example_sla_dag' retrieved from /Users/ervinyeoh/Desktop/unimods/is3107/project/.venv/lib/python3.11/site-packages/airflow/example_dags/example_sla_dag.py
[2025-03-24T13:55:19.464+0800] {logging_mixin.py:190} INFO - [2025-03-24T13:55:19.464+0800] {dag.py:3239} INFO - Sync 1 DAGs
[2025-03-24T13:55:19.475+0800] {logging_mixin.py:190} INFO - [2025-03-24T13:55:19.475+0800] {dag.py:4180} INFO - Setting next_dagrun for example_sla_dag to 2025-03-24 05:52:00+00:00, run_after=2025-03-24 05:54:00+00:00
[2025-03-24T13:55:19.485+0800] {processor.py:208} INFO - Processing /Users/ervinyeoh/Desktop/unimods/is3107/project/.venv/lib/python3.11/site-packages/airflow/example_dags/example_sla_dag.py took 0.127 seconds
[2025-03-24T13:57:00.762+0800] {processor.py:186} INFO - Started process (PID=39478) to work on /Users/ervinyeoh/Desktop/unimods/is3107/project/.venv/lib/python3.11/site-packages/airflow/example_dags/example_sla_dag.py
[2025-03-24T13:57:00.764+0800] {processor.py:914} INFO - Processing file /Users/ervinyeoh/Desktop/unimods/is3107/project/.venv/lib/python3.11/site-packages/airflow/example_dags/example_sla_dag.py for tasks to queue
[2025-03-24T13:57:00.764+0800] {logging_mixin.py:190} INFO - [2025-03-24T13:57:00.764+0800] {dagbag.py:588} INFO - Filling up the DagBag from /Users/ervinyeoh/Desktop/unimods/is3107/project/.venv/lib/python3.11/site-packages/airflow/example_dags/example_sla_dag.py
[2025-03-24T13:57:00.817+0800] {processor.py:925} INFO - DAG(s) 'example_sla_dag' retrieved from /Users/ervinyeoh/Desktop/unimods/is3107/project/.venv/lib/python3.11/site-packages/airflow/example_dags/example_sla_dag.py
[2025-03-24T13:57:00.867+0800] {logging_mixin.py:190} INFO - [2025-03-24T13:57:00.866+0800] {dag.py:3239} INFO - Sync 1 DAGs
[2025-03-24T13:57:00.878+0800] {logging_mixin.py:190} INFO - [2025-03-24T13:57:00.878+0800] {dag.py:4180} INFO - Setting next_dagrun for example_sla_dag to 2025-03-24 05:54:00+00:00, run_after=2025-03-24 05:56:00+00:00
[2025-03-24T13:57:00.888+0800] {processor.py:208} INFO - Processing /Users/ervinyeoh/Desktop/unimods/is3107/project/.venv/lib/python3.11/site-packages/airflow/example_dags/example_sla_dag.py took 0.127 seconds
[2025-03-24T13:58:39.478+0800] {processor.py:186} INFO - Started process (PID=39612) to work on /Users/ervinyeoh/Desktop/unimods/is3107/project/.venv/lib/python3.11/site-packages/airflow/example_dags/example_sla_dag.py
[2025-03-24T13:58:39.480+0800] {processor.py:914} INFO - Processing file /Users/ervinyeoh/Desktop/unimods/is3107/project/.venv/lib/python3.11/site-packages/airflow/example_dags/example_sla_dag.py for tasks to queue
[2025-03-24T13:58:39.480+0800] {logging_mixin.py:190} INFO - [2025-03-24T13:58:39.480+0800] {dagbag.py:588} INFO - Filling up the DagBag from /Users/ervinyeoh/Desktop/unimods/is3107/project/.venv/lib/python3.11/site-packages/airflow/example_dags/example_sla_dag.py
[2025-03-24T13:58:39.532+0800] {processor.py:925} INFO - DAG(s) 'example_sla_dag' retrieved from /Users/ervinyeoh/Desktop/unimods/is3107/project/.venv/lib/python3.11/site-packages/airflow/example_dags/example_sla_dag.py
[2025-03-24T13:58:39.583+0800] {logging_mixin.py:190} INFO - [2025-03-24T13:58:39.582+0800] {dag.py:3239} INFO - Sync 1 DAGs
[2025-03-24T13:58:39.594+0800] {logging_mixin.py:190} INFO - [2025-03-24T13:58:39.594+0800] {dag.py:4180} INFO - Setting next_dagrun for example_sla_dag to 2025-03-24 05:56:00+00:00, run_after=2025-03-24 05:58:00+00:00
[2025-03-24T13:58:39.604+0800] {processor.py:208} INFO - Processing /Users/ervinyeoh/Desktop/unimods/is3107/project/.venv/lib/python3.11/site-packages/airflow/example_dags/example_sla_dag.py took 0.128 seconds
[2025-03-24T14:00:18.467+0800] {processor.py:186} INFO - Started process (PID=39751) to work on /Users/ervinyeoh/Desktop/unimods/is3107/project/.venv/lib/python3.11/site-packages/airflow/example_dags/example_sla_dag.py
[2025-03-24T14:00:18.468+0800] {processor.py:914} INFO - Processing file /Users/ervinyeoh/Desktop/unimods/is3107/project/.venv/lib/python3.11/site-packages/airflow/example_dags/example_sla_dag.py for tasks to queue
[2025-03-24T14:00:18.469+0800] {logging_mixin.py:190} INFO - [2025-03-24T14:00:18.469+0800] {dagbag.py:588} INFO - Filling up the DagBag from /Users/ervinyeoh/Desktop/unimods/is3107/project/.venv/lib/python3.11/site-packages/airflow/example_dags/example_sla_dag.py
[2025-03-24T14:00:18.523+0800] {processor.py:925} INFO - DAG(s) 'example_sla_dag' retrieved from /Users/ervinyeoh/Desktop/unimods/is3107/project/.venv/lib/python3.11/site-packages/airflow/example_dags/example_sla_dag.py
[2025-03-24T14:00:18.574+0800] {logging_mixin.py:190} INFO - [2025-03-24T14:00:18.574+0800] {dag.py:3239} INFO - Sync 1 DAGs
[2025-03-24T14:00:18.585+0800] {logging_mixin.py:190} INFO - [2025-03-24T14:00:18.584+0800] {dag.py:4180} INFO - Setting next_dagrun for example_sla_dag to 2025-03-24 05:58:00+00:00, run_after=2025-03-24 06:00:00+00:00
[2025-03-24T14:00:18.594+0800] {processor.py:208} INFO - Processing /Users/ervinyeoh/Desktop/unimods/is3107/project/.venv/lib/python3.11/site-packages/airflow/example_dags/example_sla_dag.py took 0.129 seconds
[2025-03-24T14:01:58.708+0800] {processor.py:186} INFO - Started process (PID=39935) to work on /Users/ervinyeoh/Desktop/unimods/is3107/project/.venv/lib/python3.11/site-packages/airflow/example_dags/example_sla_dag.py
[2025-03-24T14:01:58.709+0800] {processor.py:914} INFO - Processing file /Users/ervinyeoh/Desktop/unimods/is3107/project/.venv/lib/python3.11/site-packages/airflow/example_dags/example_sla_dag.py for tasks to queue
[2025-03-24T14:01:58.709+0800] {logging_mixin.py:190} INFO - [2025-03-24T14:01:58.709+0800] {dagbag.py:588} INFO - Filling up the DagBag from /Users/ervinyeoh/Desktop/unimods/is3107/project/.venv/lib/python3.11/site-packages/airflow/example_dags/example_sla_dag.py
[2025-03-24T14:01:58.765+0800] {processor.py:925} INFO - DAG(s) 'example_sla_dag' retrieved from /Users/ervinyeoh/Desktop/unimods/is3107/project/.venv/lib/python3.11/site-packages/airflow/example_dags/example_sla_dag.py
[2025-03-24T14:01:58.815+0800] {logging_mixin.py:190} INFO - [2025-03-24T14:01:58.815+0800] {dag.py:3239} INFO - Sync 1 DAGs
[2025-03-24T14:01:58.826+0800] {logging_mixin.py:190} INFO - [2025-03-24T14:01:58.826+0800] {dag.py:4180} INFO - Setting next_dagrun for example_sla_dag to 2025-03-24 05:58:00+00:00, run_after=2025-03-24 06:00:00+00:00
[2025-03-24T14:01:58.836+0800] {processor.py:208} INFO - Processing /Users/ervinyeoh/Desktop/unimods/is3107/project/.venv/lib/python3.11/site-packages/airflow/example_dags/example_sla_dag.py took 0.129 seconds
[2025-03-24T14:03:37.754+0800] {processor.py:186} INFO - Started process (PID=40083) to work on /Users/ervinyeoh/Desktop/unimods/is3107/project/.venv/lib/python3.11/site-packages/airflow/example_dags/example_sla_dag.py
[2025-03-24T14:03:37.755+0800] {processor.py:914} INFO - Processing file /Users/ervinyeoh/Desktop/unimods/is3107/project/.venv/lib/python3.11/site-packages/airflow/example_dags/example_sla_dag.py for tasks to queue
[2025-03-24T14:03:37.756+0800] {logging_mixin.py:190} INFO - [2025-03-24T14:03:37.756+0800] {dagbag.py:588} INFO - Filling up the DagBag from /Users/ervinyeoh/Desktop/unimods/is3107/project/.venv/lib/python3.11/site-packages/airflow/example_dags/example_sla_dag.py
[2025-03-24T14:03:37.808+0800] {processor.py:925} INFO - DAG(s) 'example_sla_dag' retrieved from /Users/ervinyeoh/Desktop/unimods/is3107/project/.venv/lib/python3.11/site-packages/airflow/example_dags/example_sla_dag.py
[2025-03-24T14:03:37.858+0800] {logging_mixin.py:190} INFO - [2025-03-24T14:03:37.858+0800] {dag.py:3239} INFO - Sync 1 DAGs
[2025-03-24T14:03:37.869+0800] {logging_mixin.py:190} INFO - [2025-03-24T14:03:37.869+0800] {dag.py:4180} INFO - Setting next_dagrun for example_sla_dag to 2025-03-24 06:00:00+00:00, run_after=2025-03-24 06:02:00+00:00
[2025-03-24T14:03:37.879+0800] {processor.py:208} INFO - Processing /Users/ervinyeoh/Desktop/unimods/is3107/project/.venv/lib/python3.11/site-packages/airflow/example_dags/example_sla_dag.py took 0.127 seconds
[2025-03-24T14:05:18.754+0800] {processor.py:186} INFO - Started process (PID=40248) to work on /Users/ervinyeoh/Desktop/unimods/is3107/project/.venv/lib/python3.11/site-packages/airflow/example_dags/example_sla_dag.py
[2025-03-24T14:05:18.755+0800] {processor.py:914} INFO - Processing file /Users/ervinyeoh/Desktop/unimods/is3107/project/.venv/lib/python3.11/site-packages/airflow/example_dags/example_sla_dag.py for tasks to queue
[2025-03-24T14:05:18.756+0800] {logging_mixin.py:190} INFO - [2025-03-24T14:05:18.755+0800] {dagbag.py:588} INFO - Filling up the DagBag from /Users/ervinyeoh/Desktop/unimods/is3107/project/.venv/lib/python3.11/site-packages/airflow/example_dags/example_sla_dag.py
[2025-03-24T14:05:18.809+0800] {processor.py:925} INFO - DAG(s) 'example_sla_dag' retrieved from /Users/ervinyeoh/Desktop/unimods/is3107/project/.venv/lib/python3.11/site-packages/airflow/example_dags/example_sla_dag.py
[2025-03-24T14:05:18.862+0800] {logging_mixin.py:190} INFO - [2025-03-24T14:05:18.862+0800] {dag.py:3239} INFO - Sync 1 DAGs
[2025-03-24T14:05:18.874+0800] {logging_mixin.py:190} INFO - [2025-03-24T14:05:18.874+0800] {dag.py:4180} INFO - Setting next_dagrun for example_sla_dag to 2025-03-24 06:02:00+00:00, run_after=2025-03-24 06:04:00+00:00
[2025-03-24T14:05:18.884+0800] {processor.py:208} INFO - Processing /Users/ervinyeoh/Desktop/unimods/is3107/project/.venv/lib/python3.11/site-packages/airflow/example_dags/example_sla_dag.py took 0.131 seconds
[2025-03-24T14:06:58.244+0800] {processor.py:186} INFO - Started process (PID=40432) to work on /Users/ervinyeoh/Desktop/unimods/is3107/project/.venv/lib/python3.11/site-packages/airflow/example_dags/example_sla_dag.py
[2025-03-24T14:06:58.245+0800] {processor.py:914} INFO - Processing file /Users/ervinyeoh/Desktop/unimods/is3107/project/.venv/lib/python3.11/site-packages/airflow/example_dags/example_sla_dag.py for tasks to queue
[2025-03-24T14:06:58.246+0800] {logging_mixin.py:190} INFO - [2025-03-24T14:06:58.245+0800] {dagbag.py:588} INFO - Filling up the DagBag from /Users/ervinyeoh/Desktop/unimods/is3107/project/.venv/lib/python3.11/site-packages/airflow/example_dags/example_sla_dag.py
[2025-03-24T14:06:58.299+0800] {processor.py:925} INFO - DAG(s) 'example_sla_dag' retrieved from /Users/ervinyeoh/Desktop/unimods/is3107/project/.venv/lib/python3.11/site-packages/airflow/example_dags/example_sla_dag.py
[2025-03-24T14:06:58.349+0800] {logging_mixin.py:190} INFO - [2025-03-24T14:06:58.349+0800] {dag.py:3239} INFO - Sync 1 DAGs
[2025-03-24T14:06:58.361+0800] {logging_mixin.py:190} INFO - [2025-03-24T14:06:58.361+0800] {dag.py:4180} INFO - Setting next_dagrun for example_sla_dag to 2025-03-24 06:04:00+00:00, run_after=2025-03-24 06:06:00+00:00
[2025-03-24T14:06:58.371+0800] {processor.py:208} INFO - Processing /Users/ervinyeoh/Desktop/unimods/is3107/project/.venv/lib/python3.11/site-packages/airflow/example_dags/example_sla_dag.py took 0.129 seconds
[2025-03-24T14:08:38.767+0800] {processor.py:186} INFO - Started process (PID=40588) to work on /Users/ervinyeoh/Desktop/unimods/is3107/project/.venv/lib/python3.11/site-packages/airflow/example_dags/example_sla_dag.py
[2025-03-24T14:08:38.767+0800] {processor.py:914} INFO - Processing file /Users/ervinyeoh/Desktop/unimods/is3107/project/.venv/lib/python3.11/site-packages/airflow/example_dags/example_sla_dag.py for tasks to queue
[2025-03-24T14:08:38.768+0800] {logging_mixin.py:190} INFO - [2025-03-24T14:08:38.768+0800] {dagbag.py:588} INFO - Filling up the DagBag from /Users/ervinyeoh/Desktop/unimods/is3107/project/.venv/lib/python3.11/site-packages/airflow/example_dags/example_sla_dag.py
[2025-03-24T14:08:38.822+0800] {processor.py:925} INFO - DAG(s) 'example_sla_dag' retrieved from /Users/ervinyeoh/Desktop/unimods/is3107/project/.venv/lib/python3.11/site-packages/airflow/example_dags/example_sla_dag.py
[2025-03-24T14:08:38.872+0800] {logging_mixin.py:190} INFO - [2025-03-24T14:08:38.872+0800] {dag.py:3239} INFO - Sync 1 DAGs
[2025-03-24T14:08:38.884+0800] {logging_mixin.py:190} INFO - [2025-03-24T14:08:38.884+0800] {dag.py:4180} INFO - Setting next_dagrun for example_sla_dag to 2025-03-24 06:06:00+00:00, run_after=2025-03-24 06:08:00+00:00
[2025-03-24T14:08:38.894+0800] {processor.py:208} INFO - Processing /Users/ervinyeoh/Desktop/unimods/is3107/project/.venv/lib/python3.11/site-packages/airflow/example_dags/example_sla_dag.py took 0.129 seconds
[2025-03-24T17:20:40.297+0800] {processor.py:186} INFO - Started process (PID=40959) to work on /Users/ervinyeoh/Desktop/unimods/is3107/project/.venv/lib/python3.11/site-packages/airflow/example_dags/example_sla_dag.py
[2025-03-24T17:20:40.298+0800] {processor.py:914} INFO - Processing file /Users/ervinyeoh/Desktop/unimods/is3107/project/.venv/lib/python3.11/site-packages/airflow/example_dags/example_sla_dag.py for tasks to queue
[2025-03-24T17:20:40.299+0800] {logging_mixin.py:190} INFO - [2025-03-24T17:20:40.299+0800] {dagbag.py:588} INFO - Filling up the DagBag from /Users/ervinyeoh/Desktop/unimods/is3107/project/.venv/lib/python3.11/site-packages/airflow/example_dags/example_sla_dag.py
[2025-03-24T17:20:40.353+0800] {processor.py:925} INFO - DAG(s) 'example_sla_dag' retrieved from /Users/ervinyeoh/Desktop/unimods/is3107/project/.venv/lib/python3.11/site-packages/airflow/example_dags/example_sla_dag.py
[2025-03-24T17:20:40.403+0800] {logging_mixin.py:190} INFO - [2025-03-24T17:20:40.403+0800] {dag.py:3239} INFO - Sync 1 DAGs
[2025-03-24T17:20:40.415+0800] {logging_mixin.py:190} INFO - [2025-03-24T17:20:40.415+0800] {dag.py:4180} INFO - Setting next_dagrun for example_sla_dag to 2025-03-24 09:18:00+00:00, run_after=2025-03-24 09:20:00+00:00
[2025-03-24T17:20:40.424+0800] {processor.py:208} INFO - Processing /Users/ervinyeoh/Desktop/unimods/is3107/project/.venv/lib/python3.11/site-packages/airflow/example_dags/example_sla_dag.py took 0.129 seconds
[2025-03-24T17:32:05.433+0800] {processor.py:186} INFO - Started process (PID=41222) to work on /Users/ervinyeoh/Desktop/unimods/is3107/project/.venv/lib/python3.11/site-packages/airflow/example_dags/example_sla_dag.py
[2025-03-24T17:32:05.434+0800] {processor.py:914} INFO - Processing file /Users/ervinyeoh/Desktop/unimods/is3107/project/.venv/lib/python3.11/site-packages/airflow/example_dags/example_sla_dag.py for tasks to queue
[2025-03-24T17:32:05.434+0800] {logging_mixin.py:190} INFO - [2025-03-24T17:32:05.434+0800] {dagbag.py:588} INFO - Filling up the DagBag from /Users/ervinyeoh/Desktop/unimods/is3107/project/.venv/lib/python3.11/site-packages/airflow/example_dags/example_sla_dag.py
[2025-03-24T17:32:05.487+0800] {processor.py:925} INFO - DAG(s) 'example_sla_dag' retrieved from /Users/ervinyeoh/Desktop/unimods/is3107/project/.venv/lib/python3.11/site-packages/airflow/example_dags/example_sla_dag.py
[2025-03-24T17:32:05.537+0800] {logging_mixin.py:190} INFO - [2025-03-24T17:32:05.537+0800] {dag.py:3239} INFO - Sync 1 DAGs
[2025-03-24T17:32:05.548+0800] {logging_mixin.py:190} INFO - [2025-03-24T17:32:05.548+0800] {dag.py:4180} INFO - Setting next_dagrun for example_sla_dag to 2025-03-24 09:30:00+00:00, run_after=2025-03-24 09:32:00+00:00
[2025-03-24T17:32:05.558+0800] {processor.py:208} INFO - Processing /Users/ervinyeoh/Desktop/unimods/is3107/project/.venv/lib/python3.11/site-packages/airflow/example_dags/example_sla_dag.py took 0.127 seconds
[2025-03-24T20:37:24.430+0800] {processor.py:186} INFO - Started process (PID=41581) to work on /Users/ervinyeoh/Desktop/unimods/is3107/project/.venv/lib/python3.11/site-packages/airflow/example_dags/example_sla_dag.py
[2025-03-24T20:37:24.432+0800] {processor.py:914} INFO - Processing file /Users/ervinyeoh/Desktop/unimods/is3107/project/.venv/lib/python3.11/site-packages/airflow/example_dags/example_sla_dag.py for tasks to queue
[2025-03-24T20:37:24.433+0800] {logging_mixin.py:190} INFO - [2025-03-24T20:37:24.432+0800] {dagbag.py:588} INFO - Filling up the DagBag from /Users/ervinyeoh/Desktop/unimods/is3107/project/.venv/lib/python3.11/site-packages/airflow/example_dags/example_sla_dag.py
[2025-03-24T20:37:24.485+0800] {processor.py:925} INFO - DAG(s) 'example_sla_dag' retrieved from /Users/ervinyeoh/Desktop/unimods/is3107/project/.venv/lib/python3.11/site-packages/airflow/example_dags/example_sla_dag.py
[2025-03-24T20:37:24.536+0800] {logging_mixin.py:190} INFO - [2025-03-24T20:37:24.536+0800] {dag.py:3239} INFO - Sync 1 DAGs
[2025-03-24T20:37:24.548+0800] {logging_mixin.py:190} INFO - [2025-03-24T20:37:24.547+0800] {dag.py:4180} INFO - Setting next_dagrun for example_sla_dag to 2025-03-24 12:34:00+00:00, run_after=2025-03-24 12:36:00+00:00
[2025-03-24T20:37:24.558+0800] {processor.py:208} INFO - Processing /Users/ervinyeoh/Desktop/unimods/is3107/project/.venv/lib/python3.11/site-packages/airflow/example_dags/example_sla_dag.py took 0.129 seconds
[2025-03-25T01:14:45.394+0800] {processor.py:186} INFO - Started process (PID=41959) to work on /Users/ervinyeoh/Desktop/unimods/is3107/project/.venv/lib/python3.11/site-packages/airflow/example_dags/example_sla_dag.py
[2025-03-25T01:14:45.395+0800] {processor.py:914} INFO - Processing file /Users/ervinyeoh/Desktop/unimods/is3107/project/.venv/lib/python3.11/site-packages/airflow/example_dags/example_sla_dag.py for tasks to queue
[2025-03-25T01:14:45.396+0800] {logging_mixin.py:190} INFO - [2025-03-25T01:14:45.396+0800] {dagbag.py:588} INFO - Filling up the DagBag from /Users/ervinyeoh/Desktop/unimods/is3107/project/.venv/lib/python3.11/site-packages/airflow/example_dags/example_sla_dag.py
[2025-03-25T01:14:45.448+0800] {processor.py:925} INFO - DAG(s) 'example_sla_dag' retrieved from /Users/ervinyeoh/Desktop/unimods/is3107/project/.venv/lib/python3.11/site-packages/airflow/example_dags/example_sla_dag.py
[2025-03-25T01:14:45.503+0800] {logging_mixin.py:190} INFO - [2025-03-25T01:14:45.503+0800] {dag.py:3239} INFO - Sync 1 DAGs
[2025-03-25T01:14:45.516+0800] {logging_mixin.py:190} INFO - [2025-03-25T01:14:45.516+0800] {dag.py:4180} INFO - Setting next_dagrun for example_sla_dag to 2025-03-24 17:12:00+00:00, run_after=2025-03-24 17:14:00+00:00
[2025-03-25T01:14:45.526+0800] {processor.py:208} INFO - Processing /Users/ervinyeoh/Desktop/unimods/is3107/project/.venv/lib/python3.11/site-packages/airflow/example_dags/example_sla_dag.py took 0.134 seconds
[2025-03-25T06:30:00.151+0800] {processor.py:186} INFO - Started process (PID=42452) to work on /Users/ervinyeoh/Desktop/unimods/is3107/project/.venv/lib/python3.11/site-packages/airflow/example_dags/example_sla_dag.py
[2025-03-25T06:30:00.152+0800] {processor.py:914} INFO - Processing file /Users/ervinyeoh/Desktop/unimods/is3107/project/.venv/lib/python3.11/site-packages/airflow/example_dags/example_sla_dag.py for tasks to queue
[2025-03-25T06:30:00.152+0800] {logging_mixin.py:190} INFO - [2025-03-25T06:30:00.152+0800] {dagbag.py:588} INFO - Filling up the DagBag from /Users/ervinyeoh/Desktop/unimods/is3107/project/.venv/lib/python3.11/site-packages/airflow/example_dags/example_sla_dag.py
[2025-03-25T06:30:00.207+0800] {processor.py:925} INFO - DAG(s) 'example_sla_dag' retrieved from /Users/ervinyeoh/Desktop/unimods/is3107/project/.venv/lib/python3.11/site-packages/airflow/example_dags/example_sla_dag.py
[2025-03-25T06:30:00.258+0800] {logging_mixin.py:190} INFO - [2025-03-25T06:30:00.257+0800] {dag.py:3239} INFO - Sync 1 DAGs
[2025-03-25T06:30:00.270+0800] {logging_mixin.py:190} INFO - [2025-03-25T06:30:00.269+0800] {dag.py:4180} INFO - Setting next_dagrun for example_sla_dag to 2025-03-24 22:28:00+00:00, run_after=2025-03-24 22:30:00+00:00
[2025-03-25T06:30:00.279+0800] {processor.py:208} INFO - Processing /Users/ervinyeoh/Desktop/unimods/is3107/project/.venv/lib/python3.11/site-packages/airflow/example_dags/example_sla_dag.py took 0.130 seconds
