[2025-03-24T08:13:28.894+0800] {processor.py:186} INFO - Started process (PID=38261) to work on /Users/ervinyeoh/Desktop/unimods/is3107/project/.venv/lib/python3.11/site-packages/airflow/example_dags/example_kubernetes_executor.py
[2025-03-24T08:13:28.894+0800] {processor.py:914} INFO - Processing file /Users/ervinyeoh/Desktop/unimods/is3107/project/.venv/lib/python3.11/site-packages/airflow/example_dags/example_kubernetes_executor.py for tasks to queue
[2025-03-24T08:13:28.895+0800] {logging_mixin.py:190} INFO - [2025-03-24T08:13:28.895+0800] {dagbag.py:588} INFO - Filling up the DagBag from /Users/ervinyeoh/Desktop/unimods/is3107/project/.venv/lib/python3.11/site-packages/airflow/example_dags/example_kubernetes_executor.py
[2025-03-24T08:13:28.946+0800] {logging_mixin.py:190} INFO - [2025-03-24T08:13:28.946+0800] {example_kubernetes_executor.py:39} WARNING - The example_kubernetes_executor example DAG requires the kubernetes provider. Please install it with: pip install apache-airflow[cncf.kubernetes]
[2025-03-24T08:13:28.946+0800] {processor.py:927} WARNING - No viable dags retrieved from /Users/ervinyeoh/Desktop/unimods/is3107/project/.venv/lib/python3.11/site-packages/airflow/example_dags/example_kubernetes_executor.py
[2025-03-24T08:13:28.991+0800] {processor.py:208} INFO - Processing /Users/ervinyeoh/Desktop/unimods/is3107/project/.venv/lib/python3.11/site-packages/airflow/example_dags/example_kubernetes_executor.py took 0.099 seconds
[2025-03-24T10:27:57.904+0800] {processor.py:186} INFO - Started process (PID=38599) to work on /Users/ervinyeoh/Desktop/unimods/is3107/project/.venv/lib/python3.11/site-packages/airflow/example_dags/example_kubernetes_executor.py
[2025-03-24T10:27:57.904+0800] {processor.py:914} INFO - Processing file /Users/ervinyeoh/Desktop/unimods/is3107/project/.venv/lib/python3.11/site-packages/airflow/example_dags/example_kubernetes_executor.py for tasks to queue
[2025-03-24T10:27:57.905+0800] {logging_mixin.py:190} INFO - [2025-03-24T10:27:57.905+0800] {dagbag.py:588} INFO - Filling up the DagBag from /Users/ervinyeoh/Desktop/unimods/is3107/project/.venv/lib/python3.11/site-packages/airflow/example_dags/example_kubernetes_executor.py
[2025-03-24T10:27:57.957+0800] {logging_mixin.py:190} INFO - [2025-03-24T10:27:57.956+0800] {example_kubernetes_executor.py:39} WARNING - The example_kubernetes_executor example DAG requires the kubernetes provider. Please install it with: pip install apache-airflow[cncf.kubernetes]
[2025-03-24T10:27:57.957+0800] {processor.py:927} WARNING - No viable dags retrieved from /Users/ervinyeoh/Desktop/unimods/is3107/project/.venv/lib/python3.11/site-packages/airflow/example_dags/example_kubernetes_executor.py
[2025-03-24T10:27:58.002+0800] {processor.py:208} INFO - Processing /Users/ervinyeoh/Desktop/unimods/is3107/project/.venv/lib/python3.11/site-packages/airflow/example_dags/example_kubernetes_executor.py took 0.100 seconds
[2025-03-24T13:53:46.889+0800] {processor.py:186} INFO - Started process (PID=39052) to work on /Users/ervinyeoh/Desktop/unimods/is3107/project/.venv/lib/python3.11/site-packages/airflow/example_dags/example_kubernetes_executor.py
[2025-03-24T13:53:46.890+0800] {processor.py:914} INFO - Processing file /Users/ervinyeoh/Desktop/unimods/is3107/project/.venv/lib/python3.11/site-packages/airflow/example_dags/example_kubernetes_executor.py for tasks to queue
[2025-03-24T13:53:46.891+0800] {logging_mixin.py:190} INFO - [2025-03-24T13:53:46.890+0800] {dagbag.py:588} INFO - Filling up the DagBag from /Users/ervinyeoh/Desktop/unimods/is3107/project/.venv/lib/python3.11/site-packages/airflow/example_dags/example_kubernetes_executor.py
[2025-03-24T13:53:46.954+0800] {logging_mixin.py:190} INFO - [2025-03-24T13:53:46.953+0800] {example_kubernetes_executor.py:39} WARNING - The example_kubernetes_executor example DAG requires the kubernetes provider. Please install it with: pip install apache-airflow[cncf.kubernetes]
[2025-03-24T13:53:46.954+0800] {processor.py:927} WARNING - No viable dags retrieved from /Users/ervinyeoh/Desktop/unimods/is3107/project/.venv/lib/python3.11/site-packages/airflow/example_dags/example_kubernetes_executor.py
[2025-03-24T13:53:47.004+0800] {processor.py:208} INFO - Processing /Users/ervinyeoh/Desktop/unimods/is3107/project/.venv/lib/python3.11/site-packages/airflow/example_dags/example_kubernetes_executor.py took 0.117 seconds
[2025-03-24T13:55:59.482+0800] {processor.py:186} INFO - Started process (PID=39380) to work on /Users/ervinyeoh/Desktop/unimods/is3107/project/.venv/lib/python3.11/site-packages/airflow/example_dags/example_kubernetes_executor.py
[2025-03-24T13:55:59.483+0800] {processor.py:914} INFO - Processing file /Users/ervinyeoh/Desktop/unimods/is3107/project/.venv/lib/python3.11/site-packages/airflow/example_dags/example_kubernetes_executor.py for tasks to queue
[2025-03-24T13:55:59.484+0800] {logging_mixin.py:190} INFO - [2025-03-24T13:55:59.484+0800] {dagbag.py:588} INFO - Filling up the DagBag from /Users/ervinyeoh/Desktop/unimods/is3107/project/.venv/lib/python3.11/site-packages/airflow/example_dags/example_kubernetes_executor.py
[2025-03-24T13:55:59.534+0800] {logging_mixin.py:190} INFO - [2025-03-24T13:55:59.534+0800] {example_kubernetes_executor.py:39} WARNING - The example_kubernetes_executor example DAG requires the kubernetes provider. Please install it with: pip install apache-airflow[cncf.kubernetes]
[2025-03-24T13:55:59.534+0800] {processor.py:927} WARNING - No viable dags retrieved from /Users/ervinyeoh/Desktop/unimods/is3107/project/.venv/lib/python3.11/site-packages/airflow/example_dags/example_kubernetes_executor.py
[2025-03-24T13:55:59.580+0800] {processor.py:208} INFO - Processing /Users/ervinyeoh/Desktop/unimods/is3107/project/.venv/lib/python3.11/site-packages/airflow/example_dags/example_kubernetes_executor.py took 0.100 seconds
[2025-03-24T13:59:17.864+0800] {processor.py:186} INFO - Started process (PID=39659) to work on /Users/ervinyeoh/Desktop/unimods/is3107/project/.venv/lib/python3.11/site-packages/airflow/example_dags/example_kubernetes_executor.py
[2025-03-24T13:59:17.866+0800] {processor.py:914} INFO - Processing file /Users/ervinyeoh/Desktop/unimods/is3107/project/.venv/lib/python3.11/site-packages/airflow/example_dags/example_kubernetes_executor.py for tasks to queue
[2025-03-24T13:59:17.866+0800] {logging_mixin.py:190} INFO - [2025-03-24T13:59:17.866+0800] {dagbag.py:588} INFO - Filling up the DagBag from /Users/ervinyeoh/Desktop/unimods/is3107/project/.venv/lib/python3.11/site-packages/airflow/example_dags/example_kubernetes_executor.py
[2025-03-24T13:59:17.916+0800] {logging_mixin.py:190} INFO - [2025-03-24T13:59:17.916+0800] {example_kubernetes_executor.py:39} WARNING - The example_kubernetes_executor example DAG requires the kubernetes provider. Please install it with: pip install apache-airflow[cncf.kubernetes]
[2025-03-24T13:59:17.916+0800] {processor.py:927} WARNING - No viable dags retrieved from /Users/ervinyeoh/Desktop/unimods/is3107/project/.venv/lib/python3.11/site-packages/airflow/example_dags/example_kubernetes_executor.py
[2025-03-24T13:59:17.962+0800] {processor.py:208} INFO - Processing /Users/ervinyeoh/Desktop/unimods/is3107/project/.venv/lib/python3.11/site-packages/airflow/example_dags/example_kubernetes_executor.py took 0.100 seconds
[2025-03-24T14:02:36.950+0800] {processor.py:186} INFO - Started process (PID=39990) to work on /Users/ervinyeoh/Desktop/unimods/is3107/project/.venv/lib/python3.11/site-packages/airflow/example_dags/example_kubernetes_executor.py
[2025-03-24T14:02:36.951+0800] {processor.py:914} INFO - Processing file /Users/ervinyeoh/Desktop/unimods/is3107/project/.venv/lib/python3.11/site-packages/airflow/example_dags/example_kubernetes_executor.py for tasks to queue
[2025-03-24T14:02:36.952+0800] {logging_mixin.py:190} INFO - [2025-03-24T14:02:36.952+0800] {dagbag.py:588} INFO - Filling up the DagBag from /Users/ervinyeoh/Desktop/unimods/is3107/project/.venv/lib/python3.11/site-packages/airflow/example_dags/example_kubernetes_executor.py
[2025-03-24T14:02:37.003+0800] {logging_mixin.py:190} INFO - [2025-03-24T14:02:37.002+0800] {example_kubernetes_executor.py:39} WARNING - The example_kubernetes_executor example DAG requires the kubernetes provider. Please install it with: pip install apache-airflow[cncf.kubernetes]
[2025-03-24T14:02:37.003+0800] {processor.py:927} WARNING - No viable dags retrieved from /Users/ervinyeoh/Desktop/unimods/is3107/project/.venv/lib/python3.11/site-packages/airflow/example_dags/example_kubernetes_executor.py
[2025-03-24T14:02:37.049+0800] {processor.py:208} INFO - Processing /Users/ervinyeoh/Desktop/unimods/is3107/project/.venv/lib/python3.11/site-packages/airflow/example_dags/example_kubernetes_executor.py took 0.101 seconds
[2025-03-24T14:05:57.365+0800] {processor.py:186} INFO - Started process (PID=40346) to work on /Users/ervinyeoh/Desktop/unimods/is3107/project/.venv/lib/python3.11/site-packages/airflow/example_dags/example_kubernetes_executor.py
[2025-03-24T14:05:57.366+0800] {processor.py:914} INFO - Processing file /Users/ervinyeoh/Desktop/unimods/is3107/project/.venv/lib/python3.11/site-packages/airflow/example_dags/example_kubernetes_executor.py for tasks to queue
[2025-03-24T14:05:57.367+0800] {logging_mixin.py:190} INFO - [2025-03-24T14:05:57.366+0800] {dagbag.py:588} INFO - Filling up the DagBag from /Users/ervinyeoh/Desktop/unimods/is3107/project/.venv/lib/python3.11/site-packages/airflow/example_dags/example_kubernetes_executor.py
[2025-03-24T14:05:57.419+0800] {logging_mixin.py:190} INFO - [2025-03-24T14:05:57.418+0800] {example_kubernetes_executor.py:39} WARNING - The example_kubernetes_executor example DAG requires the kubernetes provider. Please install it with: pip install apache-airflow[cncf.kubernetes]
[2025-03-24T14:05:57.419+0800] {processor.py:927} WARNING - No viable dags retrieved from /Users/ervinyeoh/Desktop/unimods/is3107/project/.venv/lib/python3.11/site-packages/airflow/example_dags/example_kubernetes_executor.py
[2025-03-24T14:05:57.466+0800] {processor.py:208} INFO - Processing /Users/ervinyeoh/Desktop/unimods/is3107/project/.venv/lib/python3.11/site-packages/airflow/example_dags/example_kubernetes_executor.py took 0.102 seconds
[2025-03-24T15:17:47.377+0800] {processor.py:186} INFO - Started process (PID=40754) to work on /Users/ervinyeoh/Desktop/unimods/is3107/project/.venv/lib/python3.11/site-packages/airflow/example_dags/example_kubernetes_executor.py
[2025-03-24T15:17:47.378+0800] {processor.py:914} INFO - Processing file /Users/ervinyeoh/Desktop/unimods/is3107/project/.venv/lib/python3.11/site-packages/airflow/example_dags/example_kubernetes_executor.py for tasks to queue
[2025-03-24T15:17:47.378+0800] {logging_mixin.py:190} INFO - [2025-03-24T15:17:47.378+0800] {dagbag.py:588} INFO - Filling up the DagBag from /Users/ervinyeoh/Desktop/unimods/is3107/project/.venv/lib/python3.11/site-packages/airflow/example_dags/example_kubernetes_executor.py
[2025-03-24T15:17:47.450+0800] {logging_mixin.py:190} INFO - [2025-03-24T15:17:47.450+0800] {example_kubernetes_executor.py:39} WARNING - The example_kubernetes_executor example DAG requires the kubernetes provider. Please install it with: pip install apache-airflow[cncf.kubernetes]
[2025-03-24T15:17:47.450+0800] {processor.py:927} WARNING - No viable dags retrieved from /Users/ervinyeoh/Desktop/unimods/is3107/project/.venv/lib/python3.11/site-packages/airflow/example_dags/example_kubernetes_executor.py
[2025-03-24T15:17:47.501+0800] {processor.py:208} INFO - Processing /Users/ervinyeoh/Desktop/unimods/is3107/project/.venv/lib/python3.11/site-packages/airflow/example_dags/example_kubernetes_executor.py took 0.126 seconds
[2025-03-24T17:29:16.476+0800] {processor.py:186} INFO - Started process (PID=41046) to work on /Users/ervinyeoh/Desktop/unimods/is3107/project/.venv/lib/python3.11/site-packages/airflow/example_dags/example_kubernetes_executor.py
[2025-03-24T17:29:16.477+0800] {processor.py:914} INFO - Processing file /Users/ervinyeoh/Desktop/unimods/is3107/project/.venv/lib/python3.11/site-packages/airflow/example_dags/example_kubernetes_executor.py for tasks to queue
[2025-03-24T17:29:16.477+0800] {logging_mixin.py:190} INFO - [2025-03-24T17:29:16.477+0800] {dagbag.py:588} INFO - Filling up the DagBag from /Users/ervinyeoh/Desktop/unimods/is3107/project/.venv/lib/python3.11/site-packages/airflow/example_dags/example_kubernetes_executor.py
[2025-03-24T17:29:16.528+0800] {logging_mixin.py:190} INFO - [2025-03-24T17:29:16.528+0800] {example_kubernetes_executor.py:39} WARNING - The example_kubernetes_executor example DAG requires the kubernetes provider. Please install it with: pip install apache-airflow[cncf.kubernetes]
[2025-03-24T17:29:16.528+0800] {processor.py:927} WARNING - No viable dags retrieved from /Users/ervinyeoh/Desktop/unimods/is3107/project/.venv/lib/python3.11/site-packages/airflow/example_dags/example_kubernetes_executor.py
[2025-03-24T17:29:16.573+0800] {processor.py:208} INFO - Processing /Users/ervinyeoh/Desktop/unimods/is3107/project/.venv/lib/python3.11/site-packages/airflow/example_dags/example_kubernetes_executor.py took 0.099 seconds
[2025-03-24T17:54:04.323+0800] {processor.py:186} INFO - Started process (PID=41360) to work on /Users/ervinyeoh/Desktop/unimods/is3107/project/.venv/lib/python3.11/site-packages/airflow/example_dags/example_kubernetes_executor.py
[2025-03-24T17:54:04.325+0800] {processor.py:914} INFO - Processing file /Users/ervinyeoh/Desktop/unimods/is3107/project/.venv/lib/python3.11/site-packages/airflow/example_dags/example_kubernetes_executor.py for tasks to queue
[2025-03-24T17:54:04.325+0800] {logging_mixin.py:190} INFO - [2025-03-24T17:54:04.325+0800] {dagbag.py:588} INFO - Filling up the DagBag from /Users/ervinyeoh/Desktop/unimods/is3107/project/.venv/lib/python3.11/site-packages/airflow/example_dags/example_kubernetes_executor.py
[2025-03-24T17:54:04.376+0800] {logging_mixin.py:190} INFO - [2025-03-24T17:54:04.375+0800] {example_kubernetes_executor.py:39} WARNING - The example_kubernetes_executor example DAG requires the kubernetes provider. Please install it with: pip install apache-airflow[cncf.kubernetes]
[2025-03-24T17:54:04.376+0800] {processor.py:927} WARNING - No viable dags retrieved from /Users/ervinyeoh/Desktop/unimods/is3107/project/.venv/lib/python3.11/site-packages/airflow/example_dags/example_kubernetes_executor.py
[2025-03-24T17:54:04.422+0800] {processor.py:208} INFO - Processing /Users/ervinyeoh/Desktop/unimods/is3107/project/.venv/lib/python3.11/site-packages/airflow/example_dags/example_kubernetes_executor.py took 0.100 seconds
[2025-03-24T22:32:44.297+0800] {processor.py:186} INFO - Started process (PID=41704) to work on /Users/ervinyeoh/Desktop/unimods/is3107/project/.venv/lib/python3.11/site-packages/airflow/example_dags/example_kubernetes_executor.py
[2025-03-24T22:32:44.298+0800] {processor.py:914} INFO - Processing file /Users/ervinyeoh/Desktop/unimods/is3107/project/.venv/lib/python3.11/site-packages/airflow/example_dags/example_kubernetes_executor.py for tasks to queue
[2025-03-24T22:32:44.299+0800] {logging_mixin.py:190} INFO - [2025-03-24T22:32:44.299+0800] {dagbag.py:588} INFO - Filling up the DagBag from /Users/ervinyeoh/Desktop/unimods/is3107/project/.venv/lib/python3.11/site-packages/airflow/example_dags/example_kubernetes_executor.py
[2025-03-24T22:32:44.350+0800] {logging_mixin.py:190} INFO - [2025-03-24T22:32:44.349+0800] {example_kubernetes_executor.py:39} WARNING - The example_kubernetes_executor example DAG requires the kubernetes provider. Please install it with: pip install apache-airflow[cncf.kubernetes]
[2025-03-24T22:32:44.350+0800] {processor.py:927} WARNING - No viable dags retrieved from /Users/ervinyeoh/Desktop/unimods/is3107/project/.venv/lib/python3.11/site-packages/airflow/example_dags/example_kubernetes_executor.py
[2025-03-24T22:32:44.395+0800] {processor.py:208} INFO - Processing /Users/ervinyeoh/Desktop/unimods/is3107/project/.venv/lib/python3.11/site-packages/airflow/example_dags/example_kubernetes_executor.py took 0.099 seconds
[2025-03-25T03:08:05.351+0800] {processor.py:186} INFO - Started process (PID=42151) to work on /Users/ervinyeoh/Desktop/unimods/is3107/project/.venv/lib/python3.11/site-packages/airflow/example_dags/example_kubernetes_executor.py
[2025-03-25T03:08:05.352+0800] {processor.py:914} INFO - Processing file /Users/ervinyeoh/Desktop/unimods/is3107/project/.venv/lib/python3.11/site-packages/airflow/example_dags/example_kubernetes_executor.py for tasks to queue
[2025-03-25T03:08:05.353+0800] {logging_mixin.py:190} INFO - [2025-03-25T03:08:05.353+0800] {dagbag.py:588} INFO - Filling up the DagBag from /Users/ervinyeoh/Desktop/unimods/is3107/project/.venv/lib/python3.11/site-packages/airflow/example_dags/example_kubernetes_executor.py
[2025-03-25T03:08:05.441+0800] {logging_mixin.py:190} INFO - [2025-03-25T03:08:05.441+0800] {example_kubernetes_executor.py:39} WARNING - The example_kubernetes_executor example DAG requires the kubernetes provider. Please install it with: pip install apache-airflow[cncf.kubernetes]
[2025-03-25T03:08:05.441+0800] {processor.py:927} WARNING - No viable dags retrieved from /Users/ervinyeoh/Desktop/unimods/is3107/project/.venv/lib/python3.11/site-packages/airflow/example_dags/example_kubernetes_executor.py
[2025-03-25T03:08:05.510+0800] {processor.py:208} INFO - Processing /Users/ervinyeoh/Desktop/unimods/is3107/project/.venv/lib/python3.11/site-packages/airflow/example_dags/example_kubernetes_executor.py took 0.161 seconds
[2025-03-25T07:47:16.360+0800] {processor.py:186} INFO - Started process (PID=42580) to work on /Users/ervinyeoh/Desktop/unimods/is3107/project/.venv/lib/python3.11/site-packages/airflow/example_dags/example_kubernetes_executor.py
[2025-03-25T07:47:16.360+0800] {processor.py:914} INFO - Processing file /Users/ervinyeoh/Desktop/unimods/is3107/project/.venv/lib/python3.11/site-packages/airflow/example_dags/example_kubernetes_executor.py for tasks to queue
[2025-03-25T07:47:16.361+0800] {logging_mixin.py:190} INFO - [2025-03-25T07:47:16.361+0800] {dagbag.py:588} INFO - Filling up the DagBag from /Users/ervinyeoh/Desktop/unimods/is3107/project/.venv/lib/python3.11/site-packages/airflow/example_dags/example_kubernetes_executor.py
[2025-03-25T07:47:16.410+0800] {logging_mixin.py:190} INFO - [2025-03-25T07:47:16.410+0800] {example_kubernetes_executor.py:39} WARNING - The example_kubernetes_executor example DAG requires the kubernetes provider. Please install it with: pip install apache-airflow[cncf.kubernetes]
[2025-03-25T07:47:16.410+0800] {processor.py:927} WARNING - No viable dags retrieved from /Users/ervinyeoh/Desktop/unimods/is3107/project/.venv/lib/python3.11/site-packages/airflow/example_dags/example_kubernetes_executor.py
[2025-03-25T07:47:16.455+0800] {processor.py:208} INFO - Processing /Users/ervinyeoh/Desktop/unimods/is3107/project/.venv/lib/python3.11/site-packages/airflow/example_dags/example_kubernetes_executor.py took 0.097 seconds
