[2025-03-24T08:28:46.419+0800] {processor.py:186} INFO - Started process (PID=38374) to work on /Users/ervinyeoh/Desktop/unimods/is3107/project/.venv/lib/python3.11/site-packages/airflow/example_dags/tutorial_taskflow_api.py
[2025-03-24T08:28:46.419+0800] {processor.py:914} INFO - Processing file /Users/ervinyeoh/Desktop/unimods/is3107/project/.venv/lib/python3.11/site-packages/airflow/example_dags/tutorial_taskflow_api.py for tasks to queue
[2025-03-24T08:28:46.420+0800] {logging_mixin.py:190} INFO - [2025-03-24T08:28:46.420+0800] {dagbag.py:588} INFO - Filling up the DagBag from /Users/ervinyeoh/Desktop/unimods/is3107/project/.venv/lib/python3.11/site-packages/airflow/example_dags/tutorial_taskflow_api.py
[2025-03-24T08:28:46.473+0800] {processor.py:925} INFO - DAG(s) 'tutorial_taskflow_api' retrieved from /Users/ervinyeoh/Desktop/unimods/is3107/project/.venv/lib/python3.11/site-packages/airflow/example_dags/tutorial_taskflow_api.py
[2025-03-24T08:28:46.527+0800] {logging_mixin.py:190} INFO - [2025-03-24T08:28:46.526+0800] {dag.py:3239} INFO - Sync 1 DAGs
[2025-03-24T08:28:46.532+0800] {logging_mixin.py:190} INFO - [2025-03-24T08:28:46.532+0800] {dag.py:4180} INFO - Setting next_dagrun for tutorial_taskflow_api to None, run_after=None
[2025-03-24T08:28:46.542+0800] {processor.py:208} INFO - Processing /Users/ervinyeoh/Desktop/unimods/is3107/project/.venv/lib/python3.11/site-packages/airflow/example_dags/tutorial_taskflow_api.py took 0.125 seconds
[2025-03-24T13:15:18.088+0800] {processor.py:186} INFO - Started process (PID=38867) to work on /Users/ervinyeoh/Desktop/unimods/is3107/project/.venv/lib/python3.11/site-packages/airflow/example_dags/tutorial_taskflow_api.py
[2025-03-24T13:15:18.089+0800] {processor.py:914} INFO - Processing file /Users/ervinyeoh/Desktop/unimods/is3107/project/.venv/lib/python3.11/site-packages/airflow/example_dags/tutorial_taskflow_api.py for tasks to queue
[2025-03-24T13:15:18.089+0800] {logging_mixin.py:190} INFO - [2025-03-24T13:15:18.089+0800] {dagbag.py:588} INFO - Filling up the DagBag from /Users/ervinyeoh/Desktop/unimods/is3107/project/.venv/lib/python3.11/site-packages/airflow/example_dags/tutorial_taskflow_api.py
[2025-03-24T13:15:18.144+0800] {processor.py:925} INFO - DAG(s) 'tutorial_taskflow_api' retrieved from /Users/ervinyeoh/Desktop/unimods/is3107/project/.venv/lib/python3.11/site-packages/airflow/example_dags/tutorial_taskflow_api.py
[2025-03-24T13:15:18.195+0800] {logging_mixin.py:190} INFO - [2025-03-24T13:15:18.195+0800] {dag.py:3239} INFO - Sync 1 DAGs
[2025-03-24T13:15:18.201+0800] {logging_mixin.py:190} INFO - [2025-03-24T13:15:18.201+0800] {dag.py:4180} INFO - Setting next_dagrun for tutorial_taskflow_api to None, run_after=None
[2025-03-24T13:15:18.211+0800] {processor.py:208} INFO - Processing /Users/ervinyeoh/Desktop/unimods/is3107/project/.venv/lib/python3.11/site-packages/airflow/example_dags/tutorial_taskflow_api.py took 0.124 seconds
[2025-03-24T13:54:47.911+0800] {processor.py:186} INFO - Started process (PID=39144) to work on /Users/ervinyeoh/Desktop/unimods/is3107/project/.venv/lib/python3.11/site-packages/airflow/example_dags/tutorial_taskflow_api.py
[2025-03-24T13:54:47.912+0800] {processor.py:914} INFO - Processing file /Users/ervinyeoh/Desktop/unimods/is3107/project/.venv/lib/python3.11/site-packages/airflow/example_dags/tutorial_taskflow_api.py for tasks to queue
[2025-03-24T13:54:47.913+0800] {logging_mixin.py:190} INFO - [2025-03-24T13:54:47.912+0800] {dagbag.py:588} INFO - Filling up the DagBag from /Users/ervinyeoh/Desktop/unimods/is3107/project/.venv/lib/python3.11/site-packages/airflow/example_dags/tutorial_taskflow_api.py
[2025-03-24T13:54:47.964+0800] {processor.py:925} INFO - DAG(s) 'tutorial_taskflow_api' retrieved from /Users/ervinyeoh/Desktop/unimods/is3107/project/.venv/lib/python3.11/site-packages/airflow/example_dags/tutorial_taskflow_api.py
[2025-03-24T13:54:48.017+0800] {logging_mixin.py:190} INFO - [2025-03-24T13:54:48.017+0800] {dag.py:3239} INFO - Sync 1 DAGs
[2025-03-24T13:54:48.022+0800] {logging_mixin.py:190} INFO - [2025-03-24T13:54:48.022+0800] {dag.py:4180} INFO - Setting next_dagrun for tutorial_taskflow_api to None, run_after=None
[2025-03-24T13:54:48.032+0800] {processor.py:208} INFO - Processing /Users/ervinyeoh/Desktop/unimods/is3107/project/.venv/lib/python3.11/site-packages/airflow/example_dags/tutorial_taskflow_api.py took 0.123 seconds
[2025-03-24T13:56:31.756+0800] {processor.py:186} INFO - Started process (PID=39439) to work on /Users/ervinyeoh/Desktop/unimods/is3107/project/.venv/lib/python3.11/site-packages/airflow/example_dags/tutorial_taskflow_api.py
[2025-03-24T13:56:31.757+0800] {processor.py:914} INFO - Processing file /Users/ervinyeoh/Desktop/unimods/is3107/project/.venv/lib/python3.11/site-packages/airflow/example_dags/tutorial_taskflow_api.py for tasks to queue
[2025-03-24T13:56:31.758+0800] {logging_mixin.py:190} INFO - [2025-03-24T13:56:31.758+0800] {dagbag.py:588} INFO - Filling up the DagBag from /Users/ervinyeoh/Desktop/unimods/is3107/project/.venv/lib/python3.11/site-packages/airflow/example_dags/tutorial_taskflow_api.py
[2025-03-24T13:56:31.809+0800] {processor.py:925} INFO - DAG(s) 'tutorial_taskflow_api' retrieved from /Users/ervinyeoh/Desktop/unimods/is3107/project/.venv/lib/python3.11/site-packages/airflow/example_dags/tutorial_taskflow_api.py
[2025-03-24T13:56:31.860+0800] {logging_mixin.py:190} INFO - [2025-03-24T13:56:31.860+0800] {dag.py:3239} INFO - Sync 1 DAGs
[2025-03-24T13:56:31.866+0800] {logging_mixin.py:190} INFO - [2025-03-24T13:56:31.866+0800] {dag.py:4180} INFO - Setting next_dagrun for tutorial_taskflow_api to None, run_after=None
[2025-03-24T13:56:31.877+0800] {processor.py:208} INFO - Processing /Users/ervinyeoh/Desktop/unimods/is3107/project/.venv/lib/python3.11/site-packages/airflow/example_dags/tutorial_taskflow_api.py took 0.123 seconds
[2025-03-24T13:58:10.239+0800] {processor.py:186} INFO - Started process (PID=39572) to work on /Users/ervinyeoh/Desktop/unimods/is3107/project/.venv/lib/python3.11/site-packages/airflow/example_dags/tutorial_taskflow_api.py
[2025-03-24T13:58:10.240+0800] {processor.py:914} INFO - Processing file /Users/ervinyeoh/Desktop/unimods/is3107/project/.venv/lib/python3.11/site-packages/airflow/example_dags/tutorial_taskflow_api.py for tasks to queue
[2025-03-24T13:58:10.241+0800] {logging_mixin.py:190} INFO - [2025-03-24T13:58:10.241+0800] {dagbag.py:588} INFO - Filling up the DagBag from /Users/ervinyeoh/Desktop/unimods/is3107/project/.venv/lib/python3.11/site-packages/airflow/example_dags/tutorial_taskflow_api.py
[2025-03-24T13:58:10.293+0800] {processor.py:925} INFO - DAG(s) 'tutorial_taskflow_api' retrieved from /Users/ervinyeoh/Desktop/unimods/is3107/project/.venv/lib/python3.11/site-packages/airflow/example_dags/tutorial_taskflow_api.py
[2025-03-24T13:58:10.345+0800] {logging_mixin.py:190} INFO - [2025-03-24T13:58:10.344+0800] {dag.py:3239} INFO - Sync 1 DAGs
[2025-03-24T13:58:10.350+0800] {logging_mixin.py:190} INFO - [2025-03-24T13:58:10.350+0800] {dag.py:4180} INFO - Setting next_dagrun for tutorial_taskflow_api to None, run_after=None
[2025-03-24T13:58:10.360+0800] {processor.py:208} INFO - Processing /Users/ervinyeoh/Desktop/unimods/is3107/project/.venv/lib/python3.11/site-packages/airflow/example_dags/tutorial_taskflow_api.py took 0.122 seconds
[2025-03-24T13:59:49.397+0800] {processor.py:186} INFO - Started process (PID=39710) to work on /Users/ervinyeoh/Desktop/unimods/is3107/project/.venv/lib/python3.11/site-packages/airflow/example_dags/tutorial_taskflow_api.py
[2025-03-24T13:59:49.398+0800] {processor.py:914} INFO - Processing file /Users/ervinyeoh/Desktop/unimods/is3107/project/.venv/lib/python3.11/site-packages/airflow/example_dags/tutorial_taskflow_api.py for tasks to queue
[2025-03-24T13:59:49.399+0800] {logging_mixin.py:190} INFO - [2025-03-24T13:59:49.398+0800] {dagbag.py:588} INFO - Filling up the DagBag from /Users/ervinyeoh/Desktop/unimods/is3107/project/.venv/lib/python3.11/site-packages/airflow/example_dags/tutorial_taskflow_api.py
[2025-03-24T13:59:49.450+0800] {processor.py:925} INFO - DAG(s) 'tutorial_taskflow_api' retrieved from /Users/ervinyeoh/Desktop/unimods/is3107/project/.venv/lib/python3.11/site-packages/airflow/example_dags/tutorial_taskflow_api.py
[2025-03-24T13:59:49.503+0800] {logging_mixin.py:190} INFO - [2025-03-24T13:59:49.502+0800] {dag.py:3239} INFO - Sync 1 DAGs
[2025-03-24T13:59:49.508+0800] {logging_mixin.py:190} INFO - [2025-03-24T13:59:49.508+0800] {dag.py:4180} INFO - Setting next_dagrun for tutorial_taskflow_api to None, run_after=None
[2025-03-24T13:59:49.518+0800] {processor.py:208} INFO - Processing /Users/ervinyeoh/Desktop/unimods/is3107/project/.venv/lib/python3.11/site-packages/airflow/example_dags/tutorial_taskflow_api.py took 0.122 seconds
[2025-03-24T14:01:29.513+0800] {processor.py:186} INFO - Started process (PID=39886) to work on /Users/ervinyeoh/Desktop/unimods/is3107/project/.venv/lib/python3.11/site-packages/airflow/example_dags/tutorial_taskflow_api.py
[2025-03-24T14:01:29.514+0800] {processor.py:914} INFO - Processing file /Users/ervinyeoh/Desktop/unimods/is3107/project/.venv/lib/python3.11/site-packages/airflow/example_dags/tutorial_taskflow_api.py for tasks to queue
[2025-03-24T14:01:29.515+0800] {logging_mixin.py:190} INFO - [2025-03-24T14:01:29.515+0800] {dagbag.py:588} INFO - Filling up the DagBag from /Users/ervinyeoh/Desktop/unimods/is3107/project/.venv/lib/python3.11/site-packages/airflow/example_dags/tutorial_taskflow_api.py
[2025-03-24T14:01:29.571+0800] {processor.py:925} INFO - DAG(s) 'tutorial_taskflow_api' retrieved from /Users/ervinyeoh/Desktop/unimods/is3107/project/.venv/lib/python3.11/site-packages/airflow/example_dags/tutorial_taskflow_api.py
[2025-03-24T14:01:29.623+0800] {logging_mixin.py:190} INFO - [2025-03-24T14:01:29.623+0800] {dag.py:3239} INFO - Sync 1 DAGs
[2025-03-24T14:01:29.629+0800] {logging_mixin.py:190} INFO - [2025-03-24T14:01:29.629+0800] {dag.py:4180} INFO - Setting next_dagrun for tutorial_taskflow_api to None, run_after=None
[2025-03-24T14:01:29.639+0800] {processor.py:208} INFO - Processing /Users/ervinyeoh/Desktop/unimods/is3107/project/.venv/lib/python3.11/site-packages/airflow/example_dags/tutorial_taskflow_api.py took 0.127 seconds
[2025-03-24T14:03:08.842+0800] {processor.py:186} INFO - Started process (PID=40032) to work on /Users/ervinyeoh/Desktop/unimods/is3107/project/.venv/lib/python3.11/site-packages/airflow/example_dags/tutorial_taskflow_api.py
[2025-03-24T14:03:08.843+0800] {processor.py:914} INFO - Processing file /Users/ervinyeoh/Desktop/unimods/is3107/project/.venv/lib/python3.11/site-packages/airflow/example_dags/tutorial_taskflow_api.py for tasks to queue
[2025-03-24T14:03:08.844+0800] {logging_mixin.py:190} INFO - [2025-03-24T14:03:08.844+0800] {dagbag.py:588} INFO - Filling up the DagBag from /Users/ervinyeoh/Desktop/unimods/is3107/project/.venv/lib/python3.11/site-packages/airflow/example_dags/tutorial_taskflow_api.py
[2025-03-24T14:03:08.896+0800] {processor.py:925} INFO - DAG(s) 'tutorial_taskflow_api' retrieved from /Users/ervinyeoh/Desktop/unimods/is3107/project/.venv/lib/python3.11/site-packages/airflow/example_dags/tutorial_taskflow_api.py
[2025-03-24T14:03:08.948+0800] {logging_mixin.py:190} INFO - [2025-03-24T14:03:08.948+0800] {dag.py:3239} INFO - Sync 1 DAGs
[2025-03-24T14:03:08.954+0800] {logging_mixin.py:190} INFO - [2025-03-24T14:03:08.954+0800] {dag.py:4180} INFO - Setting next_dagrun for tutorial_taskflow_api to None, run_after=None
[2025-03-24T14:03:08.964+0800] {processor.py:208} INFO - Processing /Users/ervinyeoh/Desktop/unimods/is3107/project/.venv/lib/python3.11/site-packages/airflow/example_dags/tutorial_taskflow_api.py took 0.123 seconds
[2025-03-24T14:04:49.429+0800] {processor.py:186} INFO - Started process (PID=40206) to work on /Users/ervinyeoh/Desktop/unimods/is3107/project/.venv/lib/python3.11/site-packages/airflow/example_dags/tutorial_taskflow_api.py
[2025-03-24T14:04:49.431+0800] {processor.py:914} INFO - Processing file /Users/ervinyeoh/Desktop/unimods/is3107/project/.venv/lib/python3.11/site-packages/airflow/example_dags/tutorial_taskflow_api.py for tasks to queue
[2025-03-24T14:04:49.431+0800] {logging_mixin.py:190} INFO - [2025-03-24T14:04:49.431+0800] {dagbag.py:588} INFO - Filling up the DagBag from /Users/ervinyeoh/Desktop/unimods/is3107/project/.venv/lib/python3.11/site-packages/airflow/example_dags/tutorial_taskflow_api.py
[2025-03-24T14:04:49.483+0800] {processor.py:925} INFO - DAG(s) 'tutorial_taskflow_api' retrieved from /Users/ervinyeoh/Desktop/unimods/is3107/project/.venv/lib/python3.11/site-packages/airflow/example_dags/tutorial_taskflow_api.py
[2025-03-24T14:04:49.535+0800] {logging_mixin.py:190} INFO - [2025-03-24T14:04:49.535+0800] {dag.py:3239} INFO - Sync 1 DAGs
[2025-03-24T14:04:49.541+0800] {logging_mixin.py:190} INFO - [2025-03-24T14:04:49.541+0800] {dag.py:4180} INFO - Setting next_dagrun for tutorial_taskflow_api to None, run_after=None
[2025-03-24T14:04:49.551+0800] {processor.py:208} INFO - Processing /Users/ervinyeoh/Desktop/unimods/is3107/project/.venv/lib/python3.11/site-packages/airflow/example_dags/tutorial_taskflow_api.py took 0.124 seconds
[2025-03-24T14:06:29.212+0800] {processor.py:186} INFO - Started process (PID=40390) to work on /Users/ervinyeoh/Desktop/unimods/is3107/project/.venv/lib/python3.11/site-packages/airflow/example_dags/tutorial_taskflow_api.py
[2025-03-24T14:06:29.212+0800] {processor.py:914} INFO - Processing file /Users/ervinyeoh/Desktop/unimods/is3107/project/.venv/lib/python3.11/site-packages/airflow/example_dags/tutorial_taskflow_api.py for tasks to queue
[2025-03-24T14:06:29.213+0800] {logging_mixin.py:190} INFO - [2025-03-24T14:06:29.213+0800] {dagbag.py:588} INFO - Filling up the DagBag from /Users/ervinyeoh/Desktop/unimods/is3107/project/.venv/lib/python3.11/site-packages/airflow/example_dags/tutorial_taskflow_api.py
[2025-03-24T14:06:29.263+0800] {processor.py:925} INFO - DAG(s) 'tutorial_taskflow_api' retrieved from /Users/ervinyeoh/Desktop/unimods/is3107/project/.venv/lib/python3.11/site-packages/airflow/example_dags/tutorial_taskflow_api.py
[2025-03-24T14:06:29.316+0800] {logging_mixin.py:190} INFO - [2025-03-24T14:06:29.315+0800] {dag.py:3239} INFO - Sync 1 DAGs
[2025-03-24T14:06:29.323+0800] {logging_mixin.py:190} INFO - [2025-03-24T14:06:29.323+0800] {dag.py:4180} INFO - Setting next_dagrun for tutorial_taskflow_api to None, run_after=None
[2025-03-24T14:06:29.334+0800] {processor.py:208} INFO - Processing /Users/ervinyeoh/Desktop/unimods/is3107/project/.venv/lib/python3.11/site-packages/airflow/example_dags/tutorial_taskflow_api.py took 0.124 seconds
[2025-03-24T14:08:09.711+0800] {processor.py:186} INFO - Started process (PID=40548) to work on /Users/ervinyeoh/Desktop/unimods/is3107/project/.venv/lib/python3.11/site-packages/airflow/example_dags/tutorial_taskflow_api.py
[2025-03-24T14:08:09.712+0800] {processor.py:914} INFO - Processing file /Users/ervinyeoh/Desktop/unimods/is3107/project/.venv/lib/python3.11/site-packages/airflow/example_dags/tutorial_taskflow_api.py for tasks to queue
[2025-03-24T14:08:09.713+0800] {logging_mixin.py:190} INFO - [2025-03-24T14:08:09.713+0800] {dagbag.py:588} INFO - Filling up the DagBag from /Users/ervinyeoh/Desktop/unimods/is3107/project/.venv/lib/python3.11/site-packages/airflow/example_dags/tutorial_taskflow_api.py
[2025-03-24T14:08:09.766+0800] {processor.py:925} INFO - DAG(s) 'tutorial_taskflow_api' retrieved from /Users/ervinyeoh/Desktop/unimods/is3107/project/.venv/lib/python3.11/site-packages/airflow/example_dags/tutorial_taskflow_api.py
[2025-03-24T14:08:09.820+0800] {logging_mixin.py:190} INFO - [2025-03-24T14:08:09.820+0800] {dag.py:3239} INFO - Sync 1 DAGs
[2025-03-24T14:08:09.826+0800] {logging_mixin.py:190} INFO - [2025-03-24T14:08:09.826+0800] {dag.py:4180} INFO - Setting next_dagrun for tutorial_taskflow_api to None, run_after=None
[2025-03-24T14:08:09.835+0800] {processor.py:208} INFO - Processing /Users/ervinyeoh/Desktop/unimods/is3107/project/.venv/lib/python3.11/site-packages/airflow/example_dags/tutorial_taskflow_api.py took 0.126 seconds
[2025-03-24T15:56:45.001+0800] {processor.py:186} INFO - Started process (PID=40839) to work on /Users/ervinyeoh/Desktop/unimods/is3107/project/.venv/lib/python3.11/site-packages/airflow/example_dags/tutorial_taskflow_api.py
[2025-03-24T15:56:45.002+0800] {processor.py:914} INFO - Processing file /Users/ervinyeoh/Desktop/unimods/is3107/project/.venv/lib/python3.11/site-packages/airflow/example_dags/tutorial_taskflow_api.py for tasks to queue
[2025-03-24T15:56:45.003+0800] {logging_mixin.py:190} INFO - [2025-03-24T15:56:45.002+0800] {dagbag.py:588} INFO - Filling up the DagBag from /Users/ervinyeoh/Desktop/unimods/is3107/project/.venv/lib/python3.11/site-packages/airflow/example_dags/tutorial_taskflow_api.py
[2025-03-24T15:56:45.053+0800] {processor.py:925} INFO - DAG(s) 'tutorial_taskflow_api' retrieved from /Users/ervinyeoh/Desktop/unimods/is3107/project/.venv/lib/python3.11/site-packages/airflow/example_dags/tutorial_taskflow_api.py
[2025-03-24T15:56:45.104+0800] {logging_mixin.py:190} INFO - [2025-03-24T15:56:45.104+0800] {dag.py:3239} INFO - Sync 1 DAGs
[2025-03-24T15:56:45.110+0800] {logging_mixin.py:190} INFO - [2025-03-24T15:56:45.110+0800] {dag.py:4180} INFO - Setting next_dagrun for tutorial_taskflow_api to None, run_after=None
[2025-03-24T15:56:45.119+0800] {processor.py:208} INFO - Processing /Users/ervinyeoh/Desktop/unimods/is3107/project/.venv/lib/python3.11/site-packages/airflow/example_dags/tutorial_taskflow_api.py took 0.120 seconds
[2025-03-24T17:31:37.290+0800] {processor.py:186} INFO - Started process (PID=41175) to work on /Users/ervinyeoh/Desktop/unimods/is3107/project/.venv/lib/python3.11/site-packages/airflow/example_dags/tutorial_taskflow_api.py
[2025-03-24T17:31:37.291+0800] {processor.py:914} INFO - Processing file /Users/ervinyeoh/Desktop/unimods/is3107/project/.venv/lib/python3.11/site-packages/airflow/example_dags/tutorial_taskflow_api.py for tasks to queue
[2025-03-24T17:31:37.292+0800] {logging_mixin.py:190} INFO - [2025-03-24T17:31:37.292+0800] {dagbag.py:588} INFO - Filling up the DagBag from /Users/ervinyeoh/Desktop/unimods/is3107/project/.venv/lib/python3.11/site-packages/airflow/example_dags/tutorial_taskflow_api.py
[2025-03-24T17:31:37.346+0800] {processor.py:925} INFO - DAG(s) 'tutorial_taskflow_api' retrieved from /Users/ervinyeoh/Desktop/unimods/is3107/project/.venv/lib/python3.11/site-packages/airflow/example_dags/tutorial_taskflow_api.py
[2025-03-24T17:31:37.398+0800] {logging_mixin.py:190} INFO - [2025-03-24T17:31:37.398+0800] {dag.py:3239} INFO - Sync 1 DAGs
[2025-03-24T17:31:37.404+0800] {logging_mixin.py:190} INFO - [2025-03-24T17:31:37.403+0800] {dag.py:4180} INFO - Setting next_dagrun for tutorial_taskflow_api to None, run_after=None
[2025-03-24T17:31:37.413+0800] {processor.py:208} INFO - Processing /Users/ervinyeoh/Desktop/unimods/is3107/project/.venv/lib/python3.11/site-packages/airflow/example_dags/tutorial_taskflow_api.py took 0.125 seconds
[2025-03-24T19:15:28.925+0800] {processor.py:186} INFO - Started process (PID=41479) to work on /Users/ervinyeoh/Desktop/unimods/is3107/project/.venv/lib/python3.11/site-packages/airflow/example_dags/tutorial_taskflow_api.py
[2025-03-24T19:15:28.926+0800] {processor.py:914} INFO - Processing file /Users/ervinyeoh/Desktop/unimods/is3107/project/.venv/lib/python3.11/site-packages/airflow/example_dags/tutorial_taskflow_api.py for tasks to queue
[2025-03-24T19:15:28.926+0800] {logging_mixin.py:190} INFO - [2025-03-24T19:15:28.926+0800] {dagbag.py:588} INFO - Filling up the DagBag from /Users/ervinyeoh/Desktop/unimods/is3107/project/.venv/lib/python3.11/site-packages/airflow/example_dags/tutorial_taskflow_api.py
[2025-03-24T19:15:28.978+0800] {processor.py:925} INFO - DAG(s) 'tutorial_taskflow_api' retrieved from /Users/ervinyeoh/Desktop/unimods/is3107/project/.venv/lib/python3.11/site-packages/airflow/example_dags/tutorial_taskflow_api.py
[2025-03-24T19:15:29.031+0800] {logging_mixin.py:190} INFO - [2025-03-24T19:15:29.031+0800] {dag.py:3239} INFO - Sync 1 DAGs
[2025-03-24T19:15:29.037+0800] {logging_mixin.py:190} INFO - [2025-03-24T19:15:29.036+0800] {dag.py:4180} INFO - Setting next_dagrun for tutorial_taskflow_api to None, run_after=None
[2025-03-24T19:15:29.047+0800] {processor.py:208} INFO - Processing /Users/ervinyeoh/Desktop/unimods/is3107/project/.venv/lib/python3.11/site-packages/airflow/example_dags/tutorial_taskflow_api.py took 0.124 seconds
[2025-03-25T00:08:05.859+0800] {processor.py:186} INFO - Started process (PID=41863) to work on /Users/ervinyeoh/Desktop/unimods/is3107/project/.venv/lib/python3.11/site-packages/airflow/example_dags/tutorial_taskflow_api.py
[2025-03-25T00:08:05.860+0800] {processor.py:914} INFO - Processing file /Users/ervinyeoh/Desktop/unimods/is3107/project/.venv/lib/python3.11/site-packages/airflow/example_dags/tutorial_taskflow_api.py for tasks to queue
[2025-03-25T00:08:05.860+0800] {logging_mixin.py:190} INFO - [2025-03-25T00:08:05.860+0800] {dagbag.py:588} INFO - Filling up the DagBag from /Users/ervinyeoh/Desktop/unimods/is3107/project/.venv/lib/python3.11/site-packages/airflow/example_dags/tutorial_taskflow_api.py
[2025-03-25T00:08:05.914+0800] {processor.py:925} INFO - DAG(s) 'tutorial_taskflow_api' retrieved from /Users/ervinyeoh/Desktop/unimods/is3107/project/.venv/lib/python3.11/site-packages/airflow/example_dags/tutorial_taskflow_api.py
[2025-03-25T00:08:05.965+0800] {logging_mixin.py:190} INFO - [2025-03-25T00:08:05.965+0800] {dag.py:3239} INFO - Sync 1 DAGs
[2025-03-25T00:08:05.971+0800] {logging_mixin.py:190} INFO - [2025-03-25T00:08:05.971+0800] {dag.py:4180} INFO - Setting next_dagrun for tutorial_taskflow_api to None, run_after=None
[2025-03-25T00:08:05.980+0800] {processor.py:208} INFO - Processing /Users/ervinyeoh/Desktop/unimods/is3107/project/.venv/lib/python3.11/site-packages/airflow/example_dags/tutorial_taskflow_api.py took 0.123 seconds
[2025-03-25T05:07:22.530+0800] {processor.py:186} INFO - Started process (PID=42347) to work on /Users/ervinyeoh/Desktop/unimods/is3107/project/.venv/lib/python3.11/site-packages/airflow/example_dags/tutorial_taskflow_api.py
[2025-03-25T05:07:22.530+0800] {processor.py:914} INFO - Processing file /Users/ervinyeoh/Desktop/unimods/is3107/project/.venv/lib/python3.11/site-packages/airflow/example_dags/tutorial_taskflow_api.py for tasks to queue
[2025-03-25T05:07:22.531+0800] {logging_mixin.py:190} INFO - [2025-03-25T05:07:22.531+0800] {dagbag.py:588} INFO - Filling up the DagBag from /Users/ervinyeoh/Desktop/unimods/is3107/project/.venv/lib/python3.11/site-packages/airflow/example_dags/tutorial_taskflow_api.py
[2025-03-25T05:07:22.582+0800] {processor.py:925} INFO - DAG(s) 'tutorial_taskflow_api' retrieved from /Users/ervinyeoh/Desktop/unimods/is3107/project/.venv/lib/python3.11/site-packages/airflow/example_dags/tutorial_taskflow_api.py
[2025-03-25T05:07:22.637+0800] {logging_mixin.py:190} INFO - [2025-03-25T05:07:22.637+0800] {dag.py:3239} INFO - Sync 1 DAGs
[2025-03-25T05:07:22.642+0800] {logging_mixin.py:190} INFO - [2025-03-25T05:07:22.642+0800] {dag.py:4180} INFO - Setting next_dagrun for tutorial_taskflow_api to None, run_after=None
[2025-03-25T05:07:22.652+0800] {processor.py:208} INFO - Processing /Users/ervinyeoh/Desktop/unimods/is3107/project/.venv/lib/python3.11/site-packages/airflow/example_dags/tutorial_taskflow_api.py took 0.124 seconds
