[2025-04-09T08:20:35.923+0800] {processor.py:186} INFO - Started process (PID=21924) to work on /Users/ervinyeoh/Desktop/unimods/is3107/project/.venv/lib/python3.11/site-packages/airflow/example_dags/example_latest_only.py
[2025-04-09T08:20:35.924+0800] {processor.py:914} INFO - Processing file /Users/ervinyeoh/Desktop/unimods/is3107/project/.venv/lib/python3.11/site-packages/airflow/example_dags/example_latest_only.py for tasks to queue
[2025-04-09T08:20:35.924+0800] {logging_mixin.py:190} INFO - [2025-04-09T08:20:35.924+0800] {dagbag.py:588} INFO - Filling up the DagBag from /Users/ervinyeoh/Desktop/unimods/is3107/project/.venv/lib/python3.11/site-packages/airflow/example_dags/example_latest_only.py
[2025-04-09T08:20:35.929+0800] {processor.py:925} INFO - DAG(s) 'latest_only' retrieved from /Users/ervinyeoh/Desktop/unimods/is3107/project/.venv/lib/python3.11/site-packages/airflow/example_dags/example_latest_only.py
[2025-04-09T08:20:36.010+0800] {logging_mixin.py:190} INFO - [2025-04-09T08:20:36.010+0800] {dag.py:3239} INFO - Sync 1 DAGs
[2025-04-09T08:20:36.021+0800] {logging_mixin.py:190} INFO - [2025-04-09T08:20:36.021+0800] {dag.py:4180} INFO - Setting next_dagrun for latest_only to 2025-04-08 20:00:00+00:00, run_after=2025-04-09 00:00:00+00:00
[2025-04-09T08:20:36.031+0800] {processor.py:208} INFO - Processing /Users/ervinyeoh/Desktop/unimods/is3107/project/.venv/lib/python3.11/site-packages/airflow/example_dags/example_latest_only.py took 0.109 seconds
[2025-04-09T08:46:33.083+0800] {processor.py:186} INFO - Started process (PID=22133) to work on /Users/ervinyeoh/Desktop/unimods/is3107/project/.venv/lib/python3.11/site-packages/airflow/example_dags/example_latest_only.py
[2025-04-09T08:46:33.084+0800] {processor.py:914} INFO - Processing file /Users/ervinyeoh/Desktop/unimods/is3107/project/.venv/lib/python3.11/site-packages/airflow/example_dags/example_latest_only.py for tasks to queue
[2025-04-09T08:46:33.085+0800] {logging_mixin.py:190} INFO - [2025-04-09T08:46:33.085+0800] {dagbag.py:588} INFO - Filling up the DagBag from /Users/ervinyeoh/Desktop/unimods/is3107/project/.venv/lib/python3.11/site-packages/airflow/example_dags/example_latest_only.py
[2025-04-09T08:46:33.092+0800] {processor.py:925} INFO - DAG(s) 'latest_only' retrieved from /Users/ervinyeoh/Desktop/unimods/is3107/project/.venv/lib/python3.11/site-packages/airflow/example_dags/example_latest_only.py
[2025-04-09T08:46:33.185+0800] {logging_mixin.py:190} INFO - [2025-04-09T08:46:33.184+0800] {dag.py:3239} INFO - Sync 1 DAGs
[2025-04-09T08:46:33.195+0800] {logging_mixin.py:190} INFO - [2025-04-09T08:46:33.195+0800] {dag.py:4180} INFO - Setting next_dagrun for latest_only to 2025-04-08 20:00:00+00:00, run_after=2025-04-09 00:00:00+00:00
[2025-04-09T08:46:33.205+0800] {processor.py:208} INFO - Processing /Users/ervinyeoh/Desktop/unimods/is3107/project/.venv/lib/python3.11/site-packages/airflow/example_dags/example_latest_only.py took 0.124 seconds
[2025-04-09T08:50:12.453+0800] {processor.py:186} INFO - Started process (PID=22477) to work on /Users/ervinyeoh/Desktop/unimods/is3107/project/.venv/lib/python3.11/site-packages/airflow/example_dags/example_latest_only.py
[2025-04-09T08:50:12.454+0800] {processor.py:914} INFO - Processing file /Users/ervinyeoh/Desktop/unimods/is3107/project/.venv/lib/python3.11/site-packages/airflow/example_dags/example_latest_only.py for tasks to queue
[2025-04-09T08:50:12.454+0800] {logging_mixin.py:190} INFO - [2025-04-09T08:50:12.454+0800] {dagbag.py:588} INFO - Filling up the DagBag from /Users/ervinyeoh/Desktop/unimods/is3107/project/.venv/lib/python3.11/site-packages/airflow/example_dags/example_latest_only.py
[2025-04-09T08:50:12.458+0800] {processor.py:925} INFO - DAG(s) 'latest_only' retrieved from /Users/ervinyeoh/Desktop/unimods/is3107/project/.venv/lib/python3.11/site-packages/airflow/example_dags/example_latest_only.py
[2025-04-09T08:50:12.541+0800] {logging_mixin.py:190} INFO - [2025-04-09T08:50:12.541+0800] {dag.py:3239} INFO - Sync 1 DAGs
[2025-04-09T08:50:12.551+0800] {logging_mixin.py:190} INFO - [2025-04-09T08:50:12.551+0800] {dag.py:4180} INFO - Setting next_dagrun for latest_only to 2025-04-08 20:00:00+00:00, run_after=2025-04-09 00:00:00+00:00
[2025-04-09T08:50:12.561+0800] {processor.py:208} INFO - Processing /Users/ervinyeoh/Desktop/unimods/is3107/project/.venv/lib/python3.11/site-packages/airflow/example_dags/example_latest_only.py took 0.110 seconds
[2025-04-09T08:53:34.764+0800] {processor.py:186} INFO - Started process (PID=22734) to work on /Users/ervinyeoh/Desktop/unimods/is3107/project/.venv/lib/python3.11/site-packages/airflow/example_dags/example_latest_only.py
[2025-04-09T08:53:34.767+0800] {processor.py:914} INFO - Processing file /Users/ervinyeoh/Desktop/unimods/is3107/project/.venv/lib/python3.11/site-packages/airflow/example_dags/example_latest_only.py for tasks to queue
[2025-04-09T08:53:34.769+0800] {logging_mixin.py:190} INFO - [2025-04-09T08:53:34.768+0800] {dagbag.py:588} INFO - Filling up the DagBag from /Users/ervinyeoh/Desktop/unimods/is3107/project/.venv/lib/python3.11/site-packages/airflow/example_dags/example_latest_only.py
[2025-04-09T08:53:34.781+0800] {processor.py:925} INFO - DAG(s) 'latest_only' retrieved from /Users/ervinyeoh/Desktop/unimods/is3107/project/.venv/lib/python3.11/site-packages/airflow/example_dags/example_latest_only.py
[2025-04-09T08:53:34.882+0800] {logging_mixin.py:190} INFO - [2025-04-09T08:53:34.882+0800] {dag.py:3239} INFO - Sync 1 DAGs
[2025-04-09T08:53:34.893+0800] {logging_mixin.py:190} INFO - [2025-04-09T08:53:34.893+0800] {dag.py:4180} INFO - Setting next_dagrun for latest_only to 2025-04-08 20:00:00+00:00, run_after=2025-04-09 00:00:00+00:00
[2025-04-09T08:53:34.905+0800] {processor.py:208} INFO - Processing /Users/ervinyeoh/Desktop/unimods/is3107/project/.venv/lib/python3.11/site-packages/airflow/example_dags/example_latest_only.py took 0.144 seconds
[2025-04-09T08:57:02.801+0800] {processor.py:186} INFO - Started process (PID=23043) to work on /Users/ervinyeoh/Desktop/unimods/is3107/project/.venv/lib/python3.11/site-packages/airflow/example_dags/example_latest_only.py
[2025-04-09T08:57:02.803+0800] {processor.py:914} INFO - Processing file /Users/ervinyeoh/Desktop/unimods/is3107/project/.venv/lib/python3.11/site-packages/airflow/example_dags/example_latest_only.py for tasks to queue
[2025-04-09T08:57:02.803+0800] {logging_mixin.py:190} INFO - [2025-04-09T08:57:02.803+0800] {dagbag.py:588} INFO - Filling up the DagBag from /Users/ervinyeoh/Desktop/unimods/is3107/project/.venv/lib/python3.11/site-packages/airflow/example_dags/example_latest_only.py
[2025-04-09T08:57:02.808+0800] {processor.py:925} INFO - DAG(s) 'latest_only' retrieved from /Users/ervinyeoh/Desktop/unimods/is3107/project/.venv/lib/python3.11/site-packages/airflow/example_dags/example_latest_only.py
[2025-04-09T08:57:02.894+0800] {logging_mixin.py:190} INFO - [2025-04-09T08:57:02.894+0800] {dag.py:3239} INFO - Sync 1 DAGs
[2025-04-09T08:57:02.905+0800] {logging_mixin.py:190} INFO - [2025-04-09T08:57:02.905+0800] {dag.py:4180} INFO - Setting next_dagrun for latest_only to 2025-04-08 20:00:00+00:00, run_after=2025-04-09 00:00:00+00:00
[2025-04-09T08:57:02.914+0800] {processor.py:208} INFO - Processing /Users/ervinyeoh/Desktop/unimods/is3107/project/.venv/lib/python3.11/site-packages/airflow/example_dags/example_latest_only.py took 0.115 seconds
[2025-04-09T09:00:26.907+0800] {processor.py:186} INFO - Started process (PID=23282) to work on /Users/ervinyeoh/Desktop/unimods/is3107/project/.venv/lib/python3.11/site-packages/airflow/example_dags/example_latest_only.py
[2025-04-09T09:00:26.908+0800] {processor.py:914} INFO - Processing file /Users/ervinyeoh/Desktop/unimods/is3107/project/.venv/lib/python3.11/site-packages/airflow/example_dags/example_latest_only.py for tasks to queue
[2025-04-09T09:00:26.909+0800] {logging_mixin.py:190} INFO - [2025-04-09T09:00:26.909+0800] {dagbag.py:588} INFO - Filling up the DagBag from /Users/ervinyeoh/Desktop/unimods/is3107/project/.venv/lib/python3.11/site-packages/airflow/example_dags/example_latest_only.py
[2025-04-09T09:00:26.913+0800] {processor.py:925} INFO - DAG(s) 'latest_only' retrieved from /Users/ervinyeoh/Desktop/unimods/is3107/project/.venv/lib/python3.11/site-packages/airflow/example_dags/example_latest_only.py
[2025-04-09T09:00:26.996+0800] {logging_mixin.py:190} INFO - [2025-04-09T09:00:26.995+0800] {dag.py:3239} INFO - Sync 1 DAGs
[2025-04-09T09:00:27.007+0800] {logging_mixin.py:190} INFO - [2025-04-09T09:00:27.007+0800] {dag.py:4180} INFO - Setting next_dagrun for latest_only to 2025-04-08 20:00:00+00:00, run_after=2025-04-09 00:00:00+00:00
[2025-04-09T09:00:27.016+0800] {processor.py:208} INFO - Processing /Users/ervinyeoh/Desktop/unimods/is3107/project/.venv/lib/python3.11/site-packages/airflow/example_dags/example_latest_only.py took 0.111 seconds
