[2025-04-09T08:38:38.200+0800] {processor.py:186} INFO - Started process (PID=22048) to work on /Users/ervinyeoh/Desktop/unimods/is3107/project/.venv/lib/python3.11/site-packages/airflow/example_dags/example_task_group_decorator.py
[2025-04-09T08:38:38.201+0800] {processor.py:914} INFO - Processing file /Users/ervinyeoh/Desktop/unimods/is3107/project/.venv/lib/python3.11/site-packages/airflow/example_dags/example_task_group_decorator.py for tasks to queue
[2025-04-09T08:38:38.201+0800] {logging_mixin.py:190} INFO - [2025-04-09T08:38:38.201+0800] {dagbag.py:588} INFO - Filling up the DagBag from /Users/ervinyeoh/Desktop/unimods/is3107/project/.venv/lib/python3.11/site-packages/airflow/example_dags/example_task_group_decorator.py
[2025-04-09T08:38:38.255+0800] {processor.py:925} INFO - DAG(s) 'example_task_group_decorator' retrieved from /Users/ervinyeoh/Desktop/unimods/is3107/project/.venv/lib/python3.11/site-packages/airflow/example_dags/example_task_group_decorator.py
[2025-04-09T08:38:38.311+0800] {logging_mixin.py:190} INFO - [2025-04-09T08:38:38.311+0800] {dag.py:3239} INFO - Sync 1 DAGs
[2025-04-09T08:38:38.316+0800] {logging_mixin.py:190} INFO - [2025-04-09T08:38:38.316+0800] {dag.py:4180} INFO - Setting next_dagrun for example_task_group_decorator to None, run_after=None
[2025-04-09T08:38:38.327+0800] {processor.py:208} INFO - Processing /Users/ervinyeoh/Desktop/unimods/is3107/project/.venv/lib/python3.11/site-packages/airflow/example_dags/example_task_group_decorator.py took 0.128 seconds
[2025-04-09T08:47:30.083+0800] {processor.py:186} INFO - Started process (PID=22245) to work on /Users/ervinyeoh/Desktop/unimods/is3107/project/.venv/lib/python3.11/site-packages/airflow/example_dags/example_task_group_decorator.py
[2025-04-09T08:47:30.084+0800] {processor.py:914} INFO - Processing file /Users/ervinyeoh/Desktop/unimods/is3107/project/.venv/lib/python3.11/site-packages/airflow/example_dags/example_task_group_decorator.py for tasks to queue
[2025-04-09T08:47:30.085+0800] {logging_mixin.py:190} INFO - [2025-04-09T08:47:30.085+0800] {dagbag.py:588} INFO - Filling up the DagBag from /Users/ervinyeoh/Desktop/unimods/is3107/project/.venv/lib/python3.11/site-packages/airflow/example_dags/example_task_group_decorator.py
[2025-04-09T08:47:30.140+0800] {processor.py:925} INFO - DAG(s) 'example_task_group_decorator' retrieved from /Users/ervinyeoh/Desktop/unimods/is3107/project/.venv/lib/python3.11/site-packages/airflow/example_dags/example_task_group_decorator.py
[2025-04-09T08:47:30.195+0800] {logging_mixin.py:190} INFO - [2025-04-09T08:47:30.194+0800] {dag.py:3239} INFO - Sync 1 DAGs
[2025-04-09T08:47:30.200+0800] {logging_mixin.py:190} INFO - [2025-04-09T08:47:30.200+0800] {dag.py:4180} INFO - Setting next_dagrun for example_task_group_decorator to None, run_after=None
[2025-04-09T08:47:30.210+0800] {processor.py:208} INFO - Processing /Users/ervinyeoh/Desktop/unimods/is3107/project/.venv/lib/python3.11/site-packages/airflow/example_dags/example_task_group_decorator.py took 0.129 seconds
[2025-04-09T08:49:27.656+0800] {processor.py:186} INFO - Started process (PID=22392) to work on /Users/ervinyeoh/Desktop/unimods/is3107/project/.venv/lib/python3.11/site-packages/airflow/example_dags/example_task_group_decorator.py
[2025-04-09T08:49:27.657+0800] {processor.py:914} INFO - Processing file /Users/ervinyeoh/Desktop/unimods/is3107/project/.venv/lib/python3.11/site-packages/airflow/example_dags/example_task_group_decorator.py for tasks to queue
[2025-04-09T08:49:27.657+0800] {logging_mixin.py:190} INFO - [2025-04-09T08:49:27.657+0800] {dagbag.py:588} INFO - Filling up the DagBag from /Users/ervinyeoh/Desktop/unimods/is3107/project/.venv/lib/python3.11/site-packages/airflow/example_dags/example_task_group_decorator.py
[2025-04-09T08:49:27.715+0800] {processor.py:925} INFO - DAG(s) 'example_task_group_decorator' retrieved from /Users/ervinyeoh/Desktop/unimods/is3107/project/.venv/lib/python3.11/site-packages/airflow/example_dags/example_task_group_decorator.py
[2025-04-09T08:49:27.771+0800] {logging_mixin.py:190} INFO - [2025-04-09T08:49:27.771+0800] {dag.py:3239} INFO - Sync 1 DAGs
[2025-04-09T08:49:27.776+0800] {logging_mixin.py:190} INFO - [2025-04-09T08:49:27.776+0800] {dag.py:4180} INFO - Setting next_dagrun for example_task_group_decorator to None, run_after=None
[2025-04-09T08:49:27.787+0800] {processor.py:208} INFO - Processing /Users/ervinyeoh/Desktop/unimods/is3107/project/.venv/lib/python3.11/site-packages/airflow/example_dags/example_task_group_decorator.py took 0.133 seconds
[2025-04-09T08:51:10.063+0800] {processor.py:186} INFO - Started process (PID=22551) to work on /Users/ervinyeoh/Desktop/unimods/is3107/project/.venv/lib/python3.11/site-packages/airflow/example_dags/example_task_group_decorator.py
[2025-04-09T08:51:10.064+0800] {processor.py:914} INFO - Processing file /Users/ervinyeoh/Desktop/unimods/is3107/project/.venv/lib/python3.11/site-packages/airflow/example_dags/example_task_group_decorator.py for tasks to queue
[2025-04-09T08:51:10.065+0800] {logging_mixin.py:190} INFO - [2025-04-09T08:51:10.064+0800] {dagbag.py:588} INFO - Filling up the DagBag from /Users/ervinyeoh/Desktop/unimods/is3107/project/.venv/lib/python3.11/site-packages/airflow/example_dags/example_task_group_decorator.py
[2025-04-09T08:51:10.119+0800] {processor.py:925} INFO - DAG(s) 'example_task_group_decorator' retrieved from /Users/ervinyeoh/Desktop/unimods/is3107/project/.venv/lib/python3.11/site-packages/airflow/example_dags/example_task_group_decorator.py
[2025-04-09T08:51:10.174+0800] {logging_mixin.py:190} INFO - [2025-04-09T08:51:10.174+0800] {dag.py:3239} INFO - Sync 1 DAGs
[2025-04-09T08:51:10.180+0800] {logging_mixin.py:190} INFO - [2025-04-09T08:51:10.179+0800] {dag.py:4180} INFO - Setting next_dagrun for example_task_group_decorator to None, run_after=None
[2025-04-09T08:51:10.189+0800] {processor.py:208} INFO - Processing /Users/ervinyeoh/Desktop/unimods/is3107/project/.venv/lib/python3.11/site-packages/airflow/example_dags/example_task_group_decorator.py took 0.128 seconds
[2025-04-09T08:52:47.252+0800] {processor.py:186} INFO - Started process (PID=22662) to work on /Users/ervinyeoh/Desktop/unimods/is3107/project/.venv/lib/python3.11/site-packages/airflow/example_dags/example_task_group_decorator.py
[2025-04-09T08:52:47.253+0800] {processor.py:914} INFO - Processing file /Users/ervinyeoh/Desktop/unimods/is3107/project/.venv/lib/python3.11/site-packages/airflow/example_dags/example_task_group_decorator.py for tasks to queue
[2025-04-09T08:52:47.254+0800] {logging_mixin.py:190} INFO - [2025-04-09T08:52:47.254+0800] {dagbag.py:588} INFO - Filling up the DagBag from /Users/ervinyeoh/Desktop/unimods/is3107/project/.venv/lib/python3.11/site-packages/airflow/example_dags/example_task_group_decorator.py
[2025-04-09T08:52:47.309+0800] {processor.py:925} INFO - DAG(s) 'example_task_group_decorator' retrieved from /Users/ervinyeoh/Desktop/unimods/is3107/project/.venv/lib/python3.11/site-packages/airflow/example_dags/example_task_group_decorator.py
[2025-04-09T08:52:47.364+0800] {logging_mixin.py:190} INFO - [2025-04-09T08:52:47.364+0800] {dag.py:3239} INFO - Sync 1 DAGs
[2025-04-09T08:52:47.369+0800] {logging_mixin.py:190} INFO - [2025-04-09T08:52:47.369+0800] {dag.py:4180} INFO - Setting next_dagrun for example_task_group_decorator to None, run_after=None
[2025-04-09T08:52:47.379+0800] {processor.py:208} INFO - Processing /Users/ervinyeoh/Desktop/unimods/is3107/project/.venv/lib/python3.11/site-packages/airflow/example_dags/example_task_group_decorator.py took 0.129 seconds
[2025-04-09T08:54:36.072+0800] {processor.py:186} INFO - Started process (PID=22845) to work on /Users/ervinyeoh/Desktop/unimods/is3107/project/.venv/lib/python3.11/site-packages/airflow/example_dags/example_task_group_decorator.py
[2025-04-09T08:54:36.073+0800] {processor.py:914} INFO - Processing file /Users/ervinyeoh/Desktop/unimods/is3107/project/.venv/lib/python3.11/site-packages/airflow/example_dags/example_task_group_decorator.py for tasks to queue
[2025-04-09T08:54:36.073+0800] {logging_mixin.py:190} INFO - [2025-04-09T08:54:36.073+0800] {dagbag.py:588} INFO - Filling up the DagBag from /Users/ervinyeoh/Desktop/unimods/is3107/project/.venv/lib/python3.11/site-packages/airflow/example_dags/example_task_group_decorator.py
[2025-04-09T08:54:36.142+0800] {processor.py:925} INFO - DAG(s) 'example_task_group_decorator' retrieved from /Users/ervinyeoh/Desktop/unimods/is3107/project/.venv/lib/python3.11/site-packages/airflow/example_dags/example_task_group_decorator.py
[2025-04-09T08:54:36.198+0800] {logging_mixin.py:190} INFO - [2025-04-09T08:54:36.198+0800] {dag.py:3239} INFO - Sync 1 DAGs
[2025-04-09T08:54:36.204+0800] {logging_mixin.py:190} INFO - [2025-04-09T08:54:36.204+0800] {dag.py:4180} INFO - Setting next_dagrun for example_task_group_decorator to None, run_after=None
[2025-04-09T08:54:36.214+0800] {processor.py:208} INFO - Processing /Users/ervinyeoh/Desktop/unimods/is3107/project/.venv/lib/python3.11/site-packages/airflow/example_dags/example_task_group_decorator.py took 0.144 seconds
[2025-04-09T08:56:19.385+0800] {processor.py:186} INFO - Started process (PID=22985) to work on /Users/ervinyeoh/Desktop/unimods/is3107/project/.venv/lib/python3.11/site-packages/airflow/example_dags/example_task_group_decorator.py
[2025-04-09T08:56:19.385+0800] {processor.py:914} INFO - Processing file /Users/ervinyeoh/Desktop/unimods/is3107/project/.venv/lib/python3.11/site-packages/airflow/example_dags/example_task_group_decorator.py for tasks to queue
[2025-04-09T08:56:19.386+0800] {logging_mixin.py:190} INFO - [2025-04-09T08:56:19.386+0800] {dagbag.py:588} INFO - Filling up the DagBag from /Users/ervinyeoh/Desktop/unimods/is3107/project/.venv/lib/python3.11/site-packages/airflow/example_dags/example_task_group_decorator.py
[2025-04-09T08:56:19.442+0800] {processor.py:925} INFO - DAG(s) 'example_task_group_decorator' retrieved from /Users/ervinyeoh/Desktop/unimods/is3107/project/.venv/lib/python3.11/site-packages/airflow/example_dags/example_task_group_decorator.py
[2025-04-09T08:56:19.496+0800] {logging_mixin.py:190} INFO - [2025-04-09T08:56:19.495+0800] {dag.py:3239} INFO - Sync 1 DAGs
[2025-04-09T08:56:19.501+0800] {logging_mixin.py:190} INFO - [2025-04-09T08:56:19.501+0800] {dag.py:4180} INFO - Setting next_dagrun for example_task_group_decorator to None, run_after=None
[2025-04-09T08:56:19.514+0800] {processor.py:208} INFO - Processing /Users/ervinyeoh/Desktop/unimods/is3107/project/.venv/lib/python3.11/site-packages/airflow/example_dags/example_task_group_decorator.py took 0.131 seconds
[2025-04-09T08:58:01.134+0800] {processor.py:186} INFO - Started process (PID=23111) to work on /Users/ervinyeoh/Desktop/unimods/is3107/project/.venv/lib/python3.11/site-packages/airflow/example_dags/example_task_group_decorator.py
[2025-04-09T08:58:01.135+0800] {processor.py:914} INFO - Processing file /Users/ervinyeoh/Desktop/unimods/is3107/project/.venv/lib/python3.11/site-packages/airflow/example_dags/example_task_group_decorator.py for tasks to queue
[2025-04-09T08:58:01.136+0800] {logging_mixin.py:190} INFO - [2025-04-09T08:58:01.136+0800] {dagbag.py:588} INFO - Filling up the DagBag from /Users/ervinyeoh/Desktop/unimods/is3107/project/.venv/lib/python3.11/site-packages/airflow/example_dags/example_task_group_decorator.py
[2025-04-09T08:58:01.191+0800] {processor.py:925} INFO - DAG(s) 'example_task_group_decorator' retrieved from /Users/ervinyeoh/Desktop/unimods/is3107/project/.venv/lib/python3.11/site-packages/airflow/example_dags/example_task_group_decorator.py
[2025-04-09T08:58:01.247+0800] {logging_mixin.py:190} INFO - [2025-04-09T08:58:01.246+0800] {dag.py:3239} INFO - Sync 1 DAGs
[2025-04-09T08:58:01.252+0800] {logging_mixin.py:190} INFO - [2025-04-09T08:58:01.252+0800] {dag.py:4180} INFO - Setting next_dagrun for example_task_group_decorator to None, run_after=None
[2025-04-09T08:58:01.264+0800] {processor.py:208} INFO - Processing /Users/ervinyeoh/Desktop/unimods/is3107/project/.venv/lib/python3.11/site-packages/airflow/example_dags/example_task_group_decorator.py took 0.131 seconds
[2025-04-09T08:59:43.487+0800] {processor.py:186} INFO - Started process (PID=23237) to work on /Users/ervinyeoh/Desktop/unimods/is3107/project/.venv/lib/python3.11/site-packages/airflow/example_dags/example_task_group_decorator.py
[2025-04-09T08:59:43.488+0800] {processor.py:914} INFO - Processing file /Users/ervinyeoh/Desktop/unimods/is3107/project/.venv/lib/python3.11/site-packages/airflow/example_dags/example_task_group_decorator.py for tasks to queue
[2025-04-09T08:59:43.489+0800] {logging_mixin.py:190} INFO - [2025-04-09T08:59:43.489+0800] {dagbag.py:588} INFO - Filling up the DagBag from /Users/ervinyeoh/Desktop/unimods/is3107/project/.venv/lib/python3.11/site-packages/airflow/example_dags/example_task_group_decorator.py
[2025-04-09T08:59:43.549+0800] {processor.py:925} INFO - DAG(s) 'example_task_group_decorator' retrieved from /Users/ervinyeoh/Desktop/unimods/is3107/project/.venv/lib/python3.11/site-packages/airflow/example_dags/example_task_group_decorator.py
[2025-04-09T08:59:43.606+0800] {logging_mixin.py:190} INFO - [2025-04-09T08:59:43.606+0800] {dag.py:3239} INFO - Sync 1 DAGs
[2025-04-09T08:59:43.612+0800] {logging_mixin.py:190} INFO - [2025-04-09T08:59:43.611+0800] {dag.py:4180} INFO - Setting next_dagrun for example_task_group_decorator to None, run_after=None
[2025-04-09T08:59:43.623+0800] {processor.py:208} INFO - Processing /Users/ervinyeoh/Desktop/unimods/is3107/project/.venv/lib/python3.11/site-packages/airflow/example_dags/example_task_group_decorator.py took 0.138 seconds
[2025-04-09T09:01:24.397+0800] {processor.py:186} INFO - Started process (PID=23343) to work on /Users/ervinyeoh/Desktop/unimods/is3107/project/.venv/lib/python3.11/site-packages/airflow/example_dags/example_task_group_decorator.py
[2025-04-09T09:01:24.398+0800] {processor.py:914} INFO - Processing file /Users/ervinyeoh/Desktop/unimods/is3107/project/.venv/lib/python3.11/site-packages/airflow/example_dags/example_task_group_decorator.py for tasks to queue
[2025-04-09T09:01:24.398+0800] {logging_mixin.py:190} INFO - [2025-04-09T09:01:24.398+0800] {dagbag.py:588} INFO - Filling up the DagBag from /Users/ervinyeoh/Desktop/unimods/is3107/project/.venv/lib/python3.11/site-packages/airflow/example_dags/example_task_group_decorator.py
[2025-04-09T09:01:24.457+0800] {processor.py:925} INFO - DAG(s) 'example_task_group_decorator' retrieved from /Users/ervinyeoh/Desktop/unimods/is3107/project/.venv/lib/python3.11/site-packages/airflow/example_dags/example_task_group_decorator.py
[2025-04-09T09:01:24.511+0800] {logging_mixin.py:190} INFO - [2025-04-09T09:01:24.511+0800] {dag.py:3239} INFO - Sync 1 DAGs
[2025-04-09T09:01:24.516+0800] {logging_mixin.py:190} INFO - [2025-04-09T09:01:24.516+0800] {dag.py:4180} INFO - Setting next_dagrun for example_task_group_decorator to None, run_after=None
[2025-04-09T09:01:24.527+0800] {processor.py:208} INFO - Processing /Users/ervinyeoh/Desktop/unimods/is3107/project/.venv/lib/python3.11/site-packages/airflow/example_dags/example_task_group_decorator.py took 0.132 seconds
