[2025-04-09T08:44:56.224+0800] {processor.py:186} INFO - Started process (PID=22082) to work on /Users/ervinyeoh/Desktop/unimods/is3107/project/.venv/lib/python3.11/site-packages/airflow/example_dags/example_sensor_decorator.py
[2025-04-09T08:44:56.224+0800] {processor.py:914} INFO - Processing file /Users/ervinyeoh/Desktop/unimods/is3107/project/.venv/lib/python3.11/site-packages/airflow/example_dags/example_sensor_decorator.py for tasks to queue
[2025-04-09T08:44:56.225+0800] {logging_mixin.py:190} INFO - [2025-04-09T08:44:56.225+0800] {dagbag.py:588} INFO - Filling up the DagBag from /Users/ervinyeoh/Desktop/unimods/is3107/project/.venv/lib/python3.11/site-packages/airflow/example_dags/example_sensor_decorator.py
[2025-04-09T08:44:56.275+0800] {processor.py:925} INFO - DAG(s) 'example_sensor_decorator' retrieved from /Users/ervinyeoh/Desktop/unimods/is3107/project/.venv/lib/python3.11/site-packages/airflow/example_dags/example_sensor_decorator.py
[2025-04-09T08:44:56.716+0800] {logging_mixin.py:190} INFO - [2025-04-09T08:44:56.716+0800] {dag.py:3239} INFO - Sync 1 DAGs
[2025-04-09T08:44:56.722+0800] {logging_mixin.py:190} INFO - [2025-04-09T08:44:56.722+0800] {dag.py:4180} INFO - Setting next_dagrun for example_sensor_decorator to None, run_after=None
[2025-04-09T08:44:56.732+0800] {processor.py:208} INFO - Processing /Users/ervinyeoh/Desktop/unimods/is3107/project/.venv/lib/python3.11/site-packages/airflow/example_dags/example_sensor_decorator.py took 0.510 seconds
[2025-04-09T08:47:52.325+0800] {processor.py:186} INFO - Started process (PID=22273) to work on /Users/ervinyeoh/Desktop/unimods/is3107/project/.venv/lib/python3.11/site-packages/airflow/example_dags/example_sensor_decorator.py
[2025-04-09T08:47:52.325+0800] {processor.py:914} INFO - Processing file /Users/ervinyeoh/Desktop/unimods/is3107/project/.venv/lib/python3.11/site-packages/airflow/example_dags/example_sensor_decorator.py for tasks to queue
[2025-04-09T08:47:52.326+0800] {logging_mixin.py:190} INFO - [2025-04-09T08:47:52.326+0800] {dagbag.py:588} INFO - Filling up the DagBag from /Users/ervinyeoh/Desktop/unimods/is3107/project/.venv/lib/python3.11/site-packages/airflow/example_dags/example_sensor_decorator.py
[2025-04-09T08:47:52.377+0800] {processor.py:925} INFO - DAG(s) 'example_sensor_decorator' retrieved from /Users/ervinyeoh/Desktop/unimods/is3107/project/.venv/lib/python3.11/site-packages/airflow/example_dags/example_sensor_decorator.py
[2025-04-09T08:47:52.792+0800] {logging_mixin.py:190} INFO - [2025-04-09T08:47:52.792+0800] {dag.py:3239} INFO - Sync 1 DAGs
[2025-04-09T08:47:52.799+0800] {logging_mixin.py:190} INFO - [2025-04-09T08:47:52.799+0800] {dag.py:4180} INFO - Setting next_dagrun for example_sensor_decorator to None, run_after=None
[2025-04-09T08:47:52.810+0800] {processor.py:208} INFO - Processing /Users/ervinyeoh/Desktop/unimods/is3107/project/.venv/lib/python3.11/site-packages/airflow/example_dags/example_sensor_decorator.py took 0.487 seconds
[2025-04-09T08:49:50.187+0800] {processor.py:186} INFO - Started process (PID=22429) to work on /Users/ervinyeoh/Desktop/unimods/is3107/project/.venv/lib/python3.11/site-packages/airflow/example_dags/example_sensor_decorator.py
[2025-04-09T08:49:50.188+0800] {processor.py:914} INFO - Processing file /Users/ervinyeoh/Desktop/unimods/is3107/project/.venv/lib/python3.11/site-packages/airflow/example_dags/example_sensor_decorator.py for tasks to queue
[2025-04-09T08:49:50.189+0800] {logging_mixin.py:190} INFO - [2025-04-09T08:49:50.189+0800] {dagbag.py:588} INFO - Filling up the DagBag from /Users/ervinyeoh/Desktop/unimods/is3107/project/.venv/lib/python3.11/site-packages/airflow/example_dags/example_sensor_decorator.py
[2025-04-09T08:49:50.243+0800] {processor.py:925} INFO - DAG(s) 'example_sensor_decorator' retrieved from /Users/ervinyeoh/Desktop/unimods/is3107/project/.venv/lib/python3.11/site-packages/airflow/example_dags/example_sensor_decorator.py
[2025-04-09T08:49:50.696+0800] {logging_mixin.py:190} INFO - [2025-04-09T08:49:50.696+0800] {dag.py:3239} INFO - Sync 1 DAGs
[2025-04-09T08:49:50.702+0800] {logging_mixin.py:190} INFO - [2025-04-09T08:49:50.702+0800] {dag.py:4180} INFO - Setting next_dagrun for example_sensor_decorator to None, run_after=None
[2025-04-09T08:49:50.713+0800] {processor.py:208} INFO - Processing /Users/ervinyeoh/Desktop/unimods/is3107/project/.venv/lib/python3.11/site-packages/airflow/example_dags/example_sensor_decorator.py took 0.528 seconds
[2025-04-09T08:51:31.465+0800] {processor.py:186} INFO - Started process (PID=22574) to work on /Users/ervinyeoh/Desktop/unimods/is3107/project/.venv/lib/python3.11/site-packages/airflow/example_dags/example_sensor_decorator.py
[2025-04-09T08:51:31.466+0800] {processor.py:914} INFO - Processing file /Users/ervinyeoh/Desktop/unimods/is3107/project/.venv/lib/python3.11/site-packages/airflow/example_dags/example_sensor_decorator.py for tasks to queue
[2025-04-09T08:51:31.467+0800] {logging_mixin.py:190} INFO - [2025-04-09T08:51:31.467+0800] {dagbag.py:588} INFO - Filling up the DagBag from /Users/ervinyeoh/Desktop/unimods/is3107/project/.venv/lib/python3.11/site-packages/airflow/example_dags/example_sensor_decorator.py
[2025-04-09T08:51:31.517+0800] {processor.py:925} INFO - DAG(s) 'example_sensor_decorator' retrieved from /Users/ervinyeoh/Desktop/unimods/is3107/project/.venv/lib/python3.11/site-packages/airflow/example_dags/example_sensor_decorator.py
[2025-04-09T08:51:31.939+0800] {logging_mixin.py:190} INFO - [2025-04-09T08:51:31.938+0800] {dag.py:3239} INFO - Sync 1 DAGs
[2025-04-09T08:51:31.945+0800] {logging_mixin.py:190} INFO - [2025-04-09T08:51:31.945+0800] {dag.py:4180} INFO - Setting next_dagrun for example_sensor_decorator to None, run_after=None
[2025-04-09T08:51:31.955+0800] {processor.py:208} INFO - Processing /Users/ervinyeoh/Desktop/unimods/is3107/project/.venv/lib/python3.11/site-packages/airflow/example_dags/example_sensor_decorator.py took 0.492 seconds
[2025-04-09T08:53:13.646+0800] {processor.py:186} INFO - Started process (PID=22710) to work on /Users/ervinyeoh/Desktop/unimods/is3107/project/.venv/lib/python3.11/site-packages/airflow/example_dags/example_sensor_decorator.py
[2025-04-09T08:53:13.646+0800] {processor.py:914} INFO - Processing file /Users/ervinyeoh/Desktop/unimods/is3107/project/.venv/lib/python3.11/site-packages/airflow/example_dags/example_sensor_decorator.py for tasks to queue
[2025-04-09T08:53:13.647+0800] {logging_mixin.py:190} INFO - [2025-04-09T08:53:13.647+0800] {dagbag.py:588} INFO - Filling up the DagBag from /Users/ervinyeoh/Desktop/unimods/is3107/project/.venv/lib/python3.11/site-packages/airflow/example_dags/example_sensor_decorator.py
[2025-04-09T08:53:13.701+0800] {processor.py:925} INFO - DAG(s) 'example_sensor_decorator' retrieved from /Users/ervinyeoh/Desktop/unimods/is3107/project/.venv/lib/python3.11/site-packages/airflow/example_dags/example_sensor_decorator.py
[2025-04-09T08:53:14.131+0800] {logging_mixin.py:190} INFO - [2025-04-09T08:53:14.131+0800] {dag.py:3239} INFO - Sync 1 DAGs
[2025-04-09T08:53:14.137+0800] {logging_mixin.py:190} INFO - [2025-04-09T08:53:14.137+0800] {dag.py:4180} INFO - Setting next_dagrun for example_sensor_decorator to None, run_after=None
[2025-04-09T08:53:14.148+0800] {processor.py:208} INFO - Processing /Users/ervinyeoh/Desktop/unimods/is3107/project/.venv/lib/python3.11/site-packages/airflow/example_dags/example_sensor_decorator.py took 0.504 seconds
[2025-04-09T08:54:58.799+0800] {processor.py:186} INFO - Started process (PID=22874) to work on /Users/ervinyeoh/Desktop/unimods/is3107/project/.venv/lib/python3.11/site-packages/airflow/example_dags/example_sensor_decorator.py
[2025-04-09T08:54:58.800+0800] {processor.py:914} INFO - Processing file /Users/ervinyeoh/Desktop/unimods/is3107/project/.venv/lib/python3.11/site-packages/airflow/example_dags/example_sensor_decorator.py for tasks to queue
[2025-04-09T08:54:58.801+0800] {logging_mixin.py:190} INFO - [2025-04-09T08:54:58.800+0800] {dagbag.py:588} INFO - Filling up the DagBag from /Users/ervinyeoh/Desktop/unimods/is3107/project/.venv/lib/python3.11/site-packages/airflow/example_dags/example_sensor_decorator.py
[2025-04-09T08:54:58.854+0800] {processor.py:925} INFO - DAG(s) 'example_sensor_decorator' retrieved from /Users/ervinyeoh/Desktop/unimods/is3107/project/.venv/lib/python3.11/site-packages/airflow/example_dags/example_sensor_decorator.py
[2025-04-09T08:54:59.297+0800] {logging_mixin.py:190} INFO - [2025-04-09T08:54:59.296+0800] {dag.py:3239} INFO - Sync 1 DAGs
[2025-04-09T08:54:59.303+0800] {logging_mixin.py:190} INFO - [2025-04-09T08:54:59.303+0800] {dag.py:4180} INFO - Setting next_dagrun for example_sensor_decorator to None, run_after=None
[2025-04-09T08:54:59.315+0800] {processor.py:208} INFO - Processing /Users/ervinyeoh/Desktop/unimods/is3107/project/.venv/lib/python3.11/site-packages/airflow/example_dags/example_sensor_decorator.py took 0.518 seconds
[2025-04-09T08:56:42.079+0800] {processor.py:186} INFO - Started process (PID=23023) to work on /Users/ervinyeoh/Desktop/unimods/is3107/project/.venv/lib/python3.11/site-packages/airflow/example_dags/example_sensor_decorator.py
[2025-04-09T08:56:42.081+0800] {processor.py:914} INFO - Processing file /Users/ervinyeoh/Desktop/unimods/is3107/project/.venv/lib/python3.11/site-packages/airflow/example_dags/example_sensor_decorator.py for tasks to queue
[2025-04-09T08:56:42.081+0800] {logging_mixin.py:190} INFO - [2025-04-09T08:56:42.081+0800] {dagbag.py:588} INFO - Filling up the DagBag from /Users/ervinyeoh/Desktop/unimods/is3107/project/.venv/lib/python3.11/site-packages/airflow/example_dags/example_sensor_decorator.py
[2025-04-09T08:56:42.132+0800] {processor.py:925} INFO - DAG(s) 'example_sensor_decorator' retrieved from /Users/ervinyeoh/Desktop/unimods/is3107/project/.venv/lib/python3.11/site-packages/airflow/example_dags/example_sensor_decorator.py
[2025-04-09T08:56:42.568+0800] {logging_mixin.py:190} INFO - [2025-04-09T08:56:42.568+0800] {dag.py:3239} INFO - Sync 1 DAGs
[2025-04-09T08:56:42.575+0800] {logging_mixin.py:190} INFO - [2025-04-09T08:56:42.575+0800] {dag.py:4180} INFO - Setting next_dagrun for example_sensor_decorator to None, run_after=None
[2025-04-09T08:56:42.586+0800] {processor.py:208} INFO - Processing /Users/ervinyeoh/Desktop/unimods/is3107/project/.venv/lib/python3.11/site-packages/airflow/example_dags/example_sensor_decorator.py took 0.508 seconds
[2025-04-09T08:58:23.547+0800] {processor.py:186} INFO - Started process (PID=23135) to work on /Users/ervinyeoh/Desktop/unimods/is3107/project/.venv/lib/python3.11/site-packages/airflow/example_dags/example_sensor_decorator.py
[2025-04-09T08:58:23.549+0800] {processor.py:914} INFO - Processing file /Users/ervinyeoh/Desktop/unimods/is3107/project/.venv/lib/python3.11/site-packages/airflow/example_dags/example_sensor_decorator.py for tasks to queue
[2025-04-09T08:58:23.549+0800] {logging_mixin.py:190} INFO - [2025-04-09T08:58:23.549+0800] {dagbag.py:588} INFO - Filling up the DagBag from /Users/ervinyeoh/Desktop/unimods/is3107/project/.venv/lib/python3.11/site-packages/airflow/example_dags/example_sensor_decorator.py
[2025-04-09T08:58:23.600+0800] {processor.py:925} INFO - DAG(s) 'example_sensor_decorator' retrieved from /Users/ervinyeoh/Desktop/unimods/is3107/project/.venv/lib/python3.11/site-packages/airflow/example_dags/example_sensor_decorator.py
[2025-04-09T08:58:24.042+0800] {logging_mixin.py:190} INFO - [2025-04-09T08:58:24.042+0800] {dag.py:3239} INFO - Sync 1 DAGs
[2025-04-09T08:58:24.049+0800] {logging_mixin.py:190} INFO - [2025-04-09T08:58:24.048+0800] {dag.py:4180} INFO - Setting next_dagrun for example_sensor_decorator to None, run_after=None
[2025-04-09T08:58:24.059+0800] {processor.py:208} INFO - Processing /Users/ervinyeoh/Desktop/unimods/is3107/project/.venv/lib/python3.11/site-packages/airflow/example_dags/example_sensor_decorator.py took 0.513 seconds
[2025-04-09T09:00:06.447+0800] {processor.py:186} INFO - Started process (PID=23259) to work on /Users/ervinyeoh/Desktop/unimods/is3107/project/.venv/lib/python3.11/site-packages/airflow/example_dags/example_sensor_decorator.py
[2025-04-09T09:00:06.448+0800] {processor.py:914} INFO - Processing file /Users/ervinyeoh/Desktop/unimods/is3107/project/.venv/lib/python3.11/site-packages/airflow/example_dags/example_sensor_decorator.py for tasks to queue
[2025-04-09T09:00:06.448+0800] {logging_mixin.py:190} INFO - [2025-04-09T09:00:06.448+0800] {dagbag.py:588} INFO - Filling up the DagBag from /Users/ervinyeoh/Desktop/unimods/is3107/project/.venv/lib/python3.11/site-packages/airflow/example_dags/example_sensor_decorator.py
[2025-04-09T09:00:06.505+0800] {processor.py:925} INFO - DAG(s) 'example_sensor_decorator' retrieved from /Users/ervinyeoh/Desktop/unimods/is3107/project/.venv/lib/python3.11/site-packages/airflow/example_dags/example_sensor_decorator.py
[2025-04-09T09:00:06.926+0800] {logging_mixin.py:190} INFO - [2025-04-09T09:00:06.926+0800] {dag.py:3239} INFO - Sync 1 DAGs
[2025-04-09T09:00:06.932+0800] {logging_mixin.py:190} INFO - [2025-04-09T09:00:06.932+0800] {dag.py:4180} INFO - Setting next_dagrun for example_sensor_decorator to None, run_after=None
[2025-04-09T09:00:06.943+0800] {processor.py:208} INFO - Processing /Users/ervinyeoh/Desktop/unimods/is3107/project/.venv/lib/python3.11/site-packages/airflow/example_dags/example_sensor_decorator.py took 0.498 seconds
[2025-04-09T09:01:46.430+0800] {processor.py:186} INFO - Started process (PID=23367) to work on /Users/ervinyeoh/Desktop/unimods/is3107/project/.venv/lib/python3.11/site-packages/airflow/example_dags/example_sensor_decorator.py
[2025-04-09T09:01:46.431+0800] {processor.py:914} INFO - Processing file /Users/ervinyeoh/Desktop/unimods/is3107/project/.venv/lib/python3.11/site-packages/airflow/example_dags/example_sensor_decorator.py for tasks to queue
[2025-04-09T09:01:46.432+0800] {logging_mixin.py:190} INFO - [2025-04-09T09:01:46.432+0800] {dagbag.py:588} INFO - Filling up the DagBag from /Users/ervinyeoh/Desktop/unimods/is3107/project/.venv/lib/python3.11/site-packages/airflow/example_dags/example_sensor_decorator.py
[2025-04-09T09:01:46.487+0800] {processor.py:925} INFO - DAG(s) 'example_sensor_decorator' retrieved from /Users/ervinyeoh/Desktop/unimods/is3107/project/.venv/lib/python3.11/site-packages/airflow/example_dags/example_sensor_decorator.py
[2025-04-09T09:01:46.944+0800] {logging_mixin.py:190} INFO - [2025-04-09T09:01:46.944+0800] {dag.py:3239} INFO - Sync 1 DAGs
[2025-04-09T09:01:46.952+0800] {logging_mixin.py:190} INFO - [2025-04-09T09:01:46.952+0800] {dag.py:4180} INFO - Setting next_dagrun for example_sensor_decorator to None, run_after=None
[2025-04-09T09:01:46.971+0800] {processor.py:208} INFO - Processing /Users/ervinyeoh/Desktop/unimods/is3107/project/.venv/lib/python3.11/site-packages/airflow/example_dags/example_sensor_decorator.py took 0.543 seconds
