[2025-04-09T08:45:07.793+0800] {processor.py:186} INFO - Started process (PID=22110) to work on /Users/ervinyeoh/Desktop/unimods/is3107/project/.venv/lib/python3.11/site-packages/airflow/example_dags/example_params_trigger_ui.py
[2025-04-09T08:45:07.793+0800] {processor.py:914} INFO - Processing file /Users/ervinyeoh/Desktop/unimods/is3107/project/.venv/lib/python3.11/site-packages/airflow/example_dags/example_params_trigger_ui.py for tasks to queue
[2025-04-09T08:45:07.794+0800] {logging_mixin.py:190} INFO - [2025-04-09T08:45:07.794+0800] {dagbag.py:588} INFO - Filling up the DagBag from /Users/ervinyeoh/Desktop/unimods/is3107/project/.venv/lib/python3.11/site-packages/airflow/example_dags/example_params_trigger_ui.py
[2025-04-09T08:45:07.847+0800] {processor.py:925} INFO - DAG(s) 'example_params_trigger_ui' retrieved from /Users/ervinyeoh/Desktop/unimods/is3107/project/.venv/lib/python3.11/site-packages/airflow/example_dags/example_params_trigger_ui.py
[2025-04-09T08:45:07.909+0800] {logging_mixin.py:190} INFO - [2025-04-09T08:45:07.909+0800] {dag.py:3239} INFO - Sync 1 DAGs
[2025-04-09T08:45:07.915+0800] {logging_mixin.py:190} INFO - [2025-04-09T08:45:07.915+0800] {dag.py:4180} INFO - Setting next_dagrun for example_params_trigger_ui to None, run_after=None
[2025-04-09T08:45:07.925+0800] {processor.py:208} INFO - Processing /Users/ervinyeoh/Desktop/unimods/is3107/project/.venv/lib/python3.11/site-packages/airflow/example_dags/example_params_trigger_ui.py took 0.134 seconds
[2025-04-09T08:48:03.719+0800] {processor.py:186} INFO - Started process (PID=22284) to work on /Users/ervinyeoh/Desktop/unimods/is3107/project/.venv/lib/python3.11/site-packages/airflow/example_dags/example_params_trigger_ui.py
[2025-04-09T08:48:03.720+0800] {processor.py:914} INFO - Processing file /Users/ervinyeoh/Desktop/unimods/is3107/project/.venv/lib/python3.11/site-packages/airflow/example_dags/example_params_trigger_ui.py for tasks to queue
[2025-04-09T08:48:03.720+0800] {logging_mixin.py:190} INFO - [2025-04-09T08:48:03.720+0800] {dagbag.py:588} INFO - Filling up the DagBag from /Users/ervinyeoh/Desktop/unimods/is3107/project/.venv/lib/python3.11/site-packages/airflow/example_dags/example_params_trigger_ui.py
[2025-04-09T08:48:03.776+0800] {processor.py:925} INFO - DAG(s) 'example_params_trigger_ui' retrieved from /Users/ervinyeoh/Desktop/unimods/is3107/project/.venv/lib/python3.11/site-packages/airflow/example_dags/example_params_trigger_ui.py
[2025-04-09T08:48:03.839+0800] {logging_mixin.py:190} INFO - [2025-04-09T08:48:03.838+0800] {dag.py:3239} INFO - Sync 1 DAGs
[2025-04-09T08:48:03.844+0800] {logging_mixin.py:190} INFO - [2025-04-09T08:48:03.844+0800] {dag.py:4180} INFO - Setting next_dagrun for example_params_trigger_ui to None, run_after=None
[2025-04-09T08:48:03.854+0800] {processor.py:208} INFO - Processing /Users/ervinyeoh/Desktop/unimods/is3107/project/.venv/lib/python3.11/site-packages/airflow/example_dags/example_params_trigger_ui.py took 0.137 seconds
[2025-04-09T08:50:01.780+0800] {processor.py:186} INFO - Started process (PID=22449) to work on /Users/ervinyeoh/Desktop/unimods/is3107/project/.venv/lib/python3.11/site-packages/airflow/example_dags/example_params_trigger_ui.py
[2025-04-09T08:50:01.781+0800] {processor.py:914} INFO - Processing file /Users/ervinyeoh/Desktop/unimods/is3107/project/.venv/lib/python3.11/site-packages/airflow/example_dags/example_params_trigger_ui.py for tasks to queue
[2025-04-09T08:50:01.782+0800] {logging_mixin.py:190} INFO - [2025-04-09T08:50:01.781+0800] {dagbag.py:588} INFO - Filling up the DagBag from /Users/ervinyeoh/Desktop/unimods/is3107/project/.venv/lib/python3.11/site-packages/airflow/example_dags/example_params_trigger_ui.py
[2025-04-09T08:50:01.835+0800] {processor.py:925} INFO - DAG(s) 'example_params_trigger_ui' retrieved from /Users/ervinyeoh/Desktop/unimods/is3107/project/.venv/lib/python3.11/site-packages/airflow/example_dags/example_params_trigger_ui.py
[2025-04-09T08:50:01.897+0800] {logging_mixin.py:190} INFO - [2025-04-09T08:50:01.897+0800] {dag.py:3239} INFO - Sync 1 DAGs
[2025-04-09T08:50:01.903+0800] {logging_mixin.py:190} INFO - [2025-04-09T08:50:01.903+0800] {dag.py:4180} INFO - Setting next_dagrun for example_params_trigger_ui to None, run_after=None
[2025-04-09T08:50:01.913+0800] {processor.py:208} INFO - Processing /Users/ervinyeoh/Desktop/unimods/is3107/project/.venv/lib/python3.11/site-packages/airflow/example_dags/example_params_trigger_ui.py took 0.134 seconds
[2025-04-09T08:53:22.828+0800] {processor.py:186} INFO - Started process (PID=22719) to work on /Users/ervinyeoh/Desktop/unimods/is3107/project/.venv/lib/python3.11/site-packages/airflow/example_dags/example_params_trigger_ui.py
[2025-04-09T08:53:22.829+0800] {processor.py:914} INFO - Processing file /Users/ervinyeoh/Desktop/unimods/is3107/project/.venv/lib/python3.11/site-packages/airflow/example_dags/example_params_trigger_ui.py for tasks to queue
[2025-04-09T08:53:22.830+0800] {logging_mixin.py:190} INFO - [2025-04-09T08:53:22.830+0800] {dagbag.py:588} INFO - Filling up the DagBag from /Users/ervinyeoh/Desktop/unimods/is3107/project/.venv/lib/python3.11/site-packages/airflow/example_dags/example_params_trigger_ui.py
[2025-04-09T08:53:22.884+0800] {processor.py:925} INFO - DAG(s) 'example_params_trigger_ui' retrieved from /Users/ervinyeoh/Desktop/unimods/is3107/project/.venv/lib/python3.11/site-packages/airflow/example_dags/example_params_trigger_ui.py
[2025-04-09T08:53:22.947+0800] {logging_mixin.py:190} INFO - [2025-04-09T08:53:22.947+0800] {dag.py:3239} INFO - Sync 1 DAGs
[2025-04-09T08:53:22.953+0800] {logging_mixin.py:190} INFO - [2025-04-09T08:53:22.952+0800] {dag.py:4180} INFO - Setting next_dagrun for example_params_trigger_ui to None, run_after=None
[2025-04-09T08:53:22.962+0800] {processor.py:208} INFO - Processing /Users/ervinyeoh/Desktop/unimods/is3107/project/.venv/lib/python3.11/site-packages/airflow/example_dags/example_params_trigger_ui.py took 0.136 seconds
[2025-04-09T08:56:51.363+0800] {processor.py:186} INFO - Started process (PID=23032) to work on /Users/ervinyeoh/Desktop/unimods/is3107/project/.venv/lib/python3.11/site-packages/airflow/example_dags/example_params_trigger_ui.py
[2025-04-09T08:56:51.363+0800] {processor.py:914} INFO - Processing file /Users/ervinyeoh/Desktop/unimods/is3107/project/.venv/lib/python3.11/site-packages/airflow/example_dags/example_params_trigger_ui.py for tasks to queue
[2025-04-09T08:56:51.364+0800] {logging_mixin.py:190} INFO - [2025-04-09T08:56:51.364+0800] {dagbag.py:588} INFO - Filling up the DagBag from /Users/ervinyeoh/Desktop/unimods/is3107/project/.venv/lib/python3.11/site-packages/airflow/example_dags/example_params_trigger_ui.py
[2025-04-09T08:56:51.424+0800] {processor.py:925} INFO - DAG(s) 'example_params_trigger_ui' retrieved from /Users/ervinyeoh/Desktop/unimods/is3107/project/.venv/lib/python3.11/site-packages/airflow/example_dags/example_params_trigger_ui.py
[2025-04-09T08:56:51.493+0800] {logging_mixin.py:190} INFO - [2025-04-09T08:56:51.493+0800] {dag.py:3239} INFO - Sync 1 DAGs
[2025-04-09T08:56:51.499+0800] {logging_mixin.py:190} INFO - [2025-04-09T08:56:51.498+0800] {dag.py:4180} INFO - Setting next_dagrun for example_params_trigger_ui to None, run_after=None
[2025-04-09T08:56:51.509+0800] {processor.py:208} INFO - Processing /Users/ervinyeoh/Desktop/unimods/is3107/project/.venv/lib/python3.11/site-packages/airflow/example_dags/example_params_trigger_ui.py took 0.148 seconds
[2025-04-09T09:00:15.618+0800] {processor.py:186} INFO - Started process (PID=23268) to work on /Users/ervinyeoh/Desktop/unimods/is3107/project/.venv/lib/python3.11/site-packages/airflow/example_dags/example_params_trigger_ui.py
[2025-04-09T09:00:15.620+0800] {processor.py:914} INFO - Processing file /Users/ervinyeoh/Desktop/unimods/is3107/project/.venv/lib/python3.11/site-packages/airflow/example_dags/example_params_trigger_ui.py for tasks to queue
[2025-04-09T09:00:15.621+0800] {logging_mixin.py:190} INFO - [2025-04-09T09:00:15.620+0800] {dagbag.py:588} INFO - Filling up the DagBag from /Users/ervinyeoh/Desktop/unimods/is3107/project/.venv/lib/python3.11/site-packages/airflow/example_dags/example_params_trigger_ui.py
[2025-04-09T09:00:15.673+0800] {processor.py:925} INFO - DAG(s) 'example_params_trigger_ui' retrieved from /Users/ervinyeoh/Desktop/unimods/is3107/project/.venv/lib/python3.11/site-packages/airflow/example_dags/example_params_trigger_ui.py
[2025-04-09T09:00:15.738+0800] {logging_mixin.py:190} INFO - [2025-04-09T09:00:15.737+0800] {dag.py:3239} INFO - Sync 1 DAGs
[2025-04-09T09:00:15.743+0800] {logging_mixin.py:190} INFO - [2025-04-09T09:00:15.743+0800] {dag.py:4180} INFO - Setting next_dagrun for example_params_trigger_ui to None, run_after=None
[2025-04-09T09:00:15.754+0800] {processor.py:208} INFO - Processing /Users/ervinyeoh/Desktop/unimods/is3107/project/.venv/lib/python3.11/site-packages/airflow/example_dags/example_params_trigger_ui.py took 0.137 seconds
