[2025-04-09T08:20:39.640+0800] {processor.py:186} INFO - Started process (PID=21933) to work on /Users/ervinyeoh/Desktop/unimods/is3107/project/.venv/lib/python3.11/site-packages/airflow/example_dags/example_inlet_event_extra.py
[2025-04-09T08:20:39.640+0800] {processor.py:914} INFO - Processing file /Users/ervinyeoh/Desktop/unimods/is3107/project/.venv/lib/python3.11/site-packages/airflow/example_dags/example_inlet_event_extra.py for tasks to queue
[2025-04-09T08:20:39.641+0800] {logging_mixin.py:190} INFO - [2025-04-09T08:20:39.641+0800] {dagbag.py:588} INFO - Filling up the DagBag from /Users/ervinyeoh/Desktop/unimods/is3107/project/.venv/lib/python3.11/site-packages/airflow/example_dags/example_inlet_event_extra.py
[2025-04-09T08:20:39.923+0800] {processor.py:925} INFO - DAG(s) 'read_dataset_event', 'read_dataset_event_from_classic' retrieved from /Users/ervinyeoh/Desktop/unimods/is3107/project/.venv/lib/python3.11/site-packages/airflow/example_dags/example_inlet_event_extra.py
[2025-04-09T08:20:39.973+0800] {logging_mixin.py:190} INFO - [2025-04-09T08:20:39.973+0800] {dag.py:3239} INFO - Sync 2 DAGs
[2025-04-09T08:20:39.983+0800] {logging_mixin.py:190} INFO - [2025-04-09T08:20:39.983+0800] {dag.py:4180} INFO - Setting next_dagrun for read_dataset_event to 2025-04-08 00:00:00+00:00, run_after=2025-04-09 00:00:00+00:00
[2025-04-09T08:20:39.985+0800] {logging_mixin.py:190} INFO - [2025-04-09T08:20:39.985+0800] {dag.py:4180} INFO - Setting next_dagrun for read_dataset_event_from_classic to 2025-04-08 00:00:00+00:00, run_after=2025-04-09 00:00:00+00:00
[2025-04-09T08:20:39.994+0800] {processor.py:208} INFO - Processing /Users/ervinyeoh/Desktop/unimods/is3107/project/.venv/lib/python3.11/site-packages/airflow/example_dags/example_inlet_event_extra.py took 0.356 seconds
[2025-04-09T08:46:38.095+0800] {processor.py:186} INFO - Started process (PID=22161) to work on /Users/ervinyeoh/Desktop/unimods/is3107/project/.venv/lib/python3.11/site-packages/airflow/example_dags/example_inlet_event_extra.py
[2025-04-09T08:46:38.096+0800] {processor.py:914} INFO - Processing file /Users/ervinyeoh/Desktop/unimods/is3107/project/.venv/lib/python3.11/site-packages/airflow/example_dags/example_inlet_event_extra.py for tasks to queue
[2025-04-09T08:46:38.097+0800] {logging_mixin.py:190} INFO - [2025-04-09T08:46:38.097+0800] {dagbag.py:588} INFO - Filling up the DagBag from /Users/ervinyeoh/Desktop/unimods/is3107/project/.venv/lib/python3.11/site-packages/airflow/example_dags/example_inlet_event_extra.py
[2025-04-09T08:46:38.432+0800] {processor.py:925} INFO - DAG(s) 'read_dataset_event_from_classic', 'read_dataset_event' retrieved from /Users/ervinyeoh/Desktop/unimods/is3107/project/.venv/lib/python3.11/site-packages/airflow/example_dags/example_inlet_event_extra.py
[2025-04-09T08:46:38.485+0800] {logging_mixin.py:190} INFO - [2025-04-09T08:46:38.485+0800] {dag.py:3239} INFO - Sync 2 DAGs
[2025-04-09T08:46:38.497+0800] {logging_mixin.py:190} INFO - [2025-04-09T08:46:38.496+0800] {dag.py:4180} INFO - Setting next_dagrun for read_dataset_event to 2025-04-08 00:00:00+00:00, run_after=2025-04-09 00:00:00+00:00
[2025-04-09T08:46:38.499+0800] {logging_mixin.py:190} INFO - [2025-04-09T08:46:38.499+0800] {dag.py:4180} INFO - Setting next_dagrun for read_dataset_event_from_classic to 2025-04-08 00:00:00+00:00, run_after=2025-04-09 00:00:00+00:00
[2025-04-09T08:46:38.509+0800] {processor.py:208} INFO - Processing /Users/ervinyeoh/Desktop/unimods/is3107/project/.venv/lib/python3.11/site-packages/airflow/example_dags/example_inlet_event_extra.py took 0.416 seconds
[2025-04-09T08:50:16.242+0800] {processor.py:186} INFO - Started process (PID=22484) to work on /Users/ervinyeoh/Desktop/unimods/is3107/project/.venv/lib/python3.11/site-packages/airflow/example_dags/example_inlet_event_extra.py
[2025-04-09T08:50:16.242+0800] {processor.py:914} INFO - Processing file /Users/ervinyeoh/Desktop/unimods/is3107/project/.venv/lib/python3.11/site-packages/airflow/example_dags/example_inlet_event_extra.py for tasks to queue
[2025-04-09T08:50:16.243+0800] {logging_mixin.py:190} INFO - [2025-04-09T08:50:16.243+0800] {dagbag.py:588} INFO - Filling up the DagBag from /Users/ervinyeoh/Desktop/unimods/is3107/project/.venv/lib/python3.11/site-packages/airflow/example_dags/example_inlet_event_extra.py
[2025-04-09T08:50:16.521+0800] {processor.py:925} INFO - DAG(s) 'read_dataset_event_from_classic', 'read_dataset_event' retrieved from /Users/ervinyeoh/Desktop/unimods/is3107/project/.venv/lib/python3.11/site-packages/airflow/example_dags/example_inlet_event_extra.py
[2025-04-09T08:50:16.572+0800] {logging_mixin.py:190} INFO - [2025-04-09T08:50:16.572+0800] {dag.py:3239} INFO - Sync 2 DAGs
[2025-04-09T08:50:16.583+0800] {logging_mixin.py:190} INFO - [2025-04-09T08:50:16.583+0800] {dag.py:4180} INFO - Setting next_dagrun for read_dataset_event to 2025-04-08 00:00:00+00:00, run_after=2025-04-09 00:00:00+00:00
[2025-04-09T08:50:16.586+0800] {logging_mixin.py:190} INFO - [2025-04-09T08:50:16.586+0800] {dag.py:4180} INFO - Setting next_dagrun for read_dataset_event_from_classic to 2025-04-08 00:00:00+00:00, run_after=2025-04-09 00:00:00+00:00
[2025-04-09T08:50:16.595+0800] {processor.py:208} INFO - Processing /Users/ervinyeoh/Desktop/unimods/is3107/project/.venv/lib/python3.11/site-packages/airflow/example_dags/example_inlet_event_extra.py took 0.355 seconds
[2025-04-09T08:53:39.554+0800] {processor.py:186} INFO - Started process (PID=22740) to work on /Users/ervinyeoh/Desktop/unimods/is3107/project/.venv/lib/python3.11/site-packages/airflow/example_dags/example_inlet_event_extra.py
[2025-04-09T08:53:39.555+0800] {processor.py:914} INFO - Processing file /Users/ervinyeoh/Desktop/unimods/is3107/project/.venv/lib/python3.11/site-packages/airflow/example_dags/example_inlet_event_extra.py for tasks to queue
[2025-04-09T08:53:39.556+0800] {logging_mixin.py:190} INFO - [2025-04-09T08:53:39.556+0800] {dagbag.py:588} INFO - Filling up the DagBag from /Users/ervinyeoh/Desktop/unimods/is3107/project/.venv/lib/python3.11/site-packages/airflow/example_dags/example_inlet_event_extra.py
[2025-04-09T08:53:39.851+0800] {processor.py:925} INFO - DAG(s) 'read_dataset_event_from_classic', 'read_dataset_event' retrieved from /Users/ervinyeoh/Desktop/unimods/is3107/project/.venv/lib/python3.11/site-packages/airflow/example_dags/example_inlet_event_extra.py
[2025-04-09T08:53:39.901+0800] {logging_mixin.py:190} INFO - [2025-04-09T08:53:39.901+0800] {dag.py:3239} INFO - Sync 2 DAGs
[2025-04-09T08:53:39.913+0800] {logging_mixin.py:190} INFO - [2025-04-09T08:53:39.913+0800] {dag.py:4180} INFO - Setting next_dagrun for read_dataset_event to 2025-04-08 00:00:00+00:00, run_after=2025-04-09 00:00:00+00:00
[2025-04-09T08:53:39.916+0800] {logging_mixin.py:190} INFO - [2025-04-09T08:53:39.916+0800] {dag.py:4180} INFO - Setting next_dagrun for read_dataset_event_from_classic to 2025-04-08 00:00:00+00:00, run_after=2025-04-09 00:00:00+00:00
[2025-04-09T08:53:39.925+0800] {processor.py:208} INFO - Processing /Users/ervinyeoh/Desktop/unimods/is3107/project/.venv/lib/python3.11/site-packages/airflow/example_dags/example_inlet_event_extra.py took 0.373 seconds
[2025-04-09T08:57:06.797+0800] {processor.py:186} INFO - Started process (PID=23047) to work on /Users/ervinyeoh/Desktop/unimods/is3107/project/.venv/lib/python3.11/site-packages/airflow/example_dags/example_inlet_event_extra.py
[2025-04-09T08:57:06.798+0800] {processor.py:914} INFO - Processing file /Users/ervinyeoh/Desktop/unimods/is3107/project/.venv/lib/python3.11/site-packages/airflow/example_dags/example_inlet_event_extra.py for tasks to queue
[2025-04-09T08:57:06.799+0800] {logging_mixin.py:190} INFO - [2025-04-09T08:57:06.799+0800] {dagbag.py:588} INFO - Filling up the DagBag from /Users/ervinyeoh/Desktop/unimods/is3107/project/.venv/lib/python3.11/site-packages/airflow/example_dags/example_inlet_event_extra.py
[2025-04-09T08:57:07.092+0800] {processor.py:925} INFO - DAG(s) 'read_dataset_event', 'read_dataset_event_from_classic' retrieved from /Users/ervinyeoh/Desktop/unimods/is3107/project/.venv/lib/python3.11/site-packages/airflow/example_dags/example_inlet_event_extra.py
[2025-04-09T08:57:07.143+0800] {logging_mixin.py:190} INFO - [2025-04-09T08:57:07.142+0800] {dag.py:3239} INFO - Sync 2 DAGs
[2025-04-09T08:57:07.153+0800] {logging_mixin.py:190} INFO - [2025-04-09T08:57:07.153+0800] {dag.py:4180} INFO - Setting next_dagrun for read_dataset_event to 2025-04-08 00:00:00+00:00, run_after=2025-04-09 00:00:00+00:00
[2025-04-09T08:57:07.155+0800] {logging_mixin.py:190} INFO - [2025-04-09T08:57:07.155+0800] {dag.py:4180} INFO - Setting next_dagrun for read_dataset_event_from_classic to 2025-04-08 00:00:00+00:00, run_after=2025-04-09 00:00:00+00:00
[2025-04-09T08:57:07.164+0800] {processor.py:208} INFO - Processing /Users/ervinyeoh/Desktop/unimods/is3107/project/.venv/lib/python3.11/site-packages/airflow/example_dags/example_inlet_event_extra.py took 0.368 seconds
[2025-04-09T09:00:30.924+0800] {processor.py:186} INFO - Started process (PID=23286) to work on /Users/ervinyeoh/Desktop/unimods/is3107/project/.venv/lib/python3.11/site-packages/airflow/example_dags/example_inlet_event_extra.py
[2025-04-09T09:00:30.925+0800] {processor.py:914} INFO - Processing file /Users/ervinyeoh/Desktop/unimods/is3107/project/.venv/lib/python3.11/site-packages/airflow/example_dags/example_inlet_event_extra.py for tasks to queue
[2025-04-09T09:00:30.926+0800] {logging_mixin.py:190} INFO - [2025-04-09T09:00:30.926+0800] {dagbag.py:588} INFO - Filling up the DagBag from /Users/ervinyeoh/Desktop/unimods/is3107/project/.venv/lib/python3.11/site-packages/airflow/example_dags/example_inlet_event_extra.py
[2025-04-09T09:00:31.205+0800] {processor.py:925} INFO - DAG(s) 'read_dataset_event', 'read_dataset_event_from_classic' retrieved from /Users/ervinyeoh/Desktop/unimods/is3107/project/.venv/lib/python3.11/site-packages/airflow/example_dags/example_inlet_event_extra.py
[2025-04-09T09:00:31.255+0800] {logging_mixin.py:190} INFO - [2025-04-09T09:00:31.255+0800] {dag.py:3239} INFO - Sync 2 DAGs
[2025-04-09T09:00:31.265+0800] {logging_mixin.py:190} INFO - [2025-04-09T09:00:31.265+0800] {dag.py:4180} INFO - Setting next_dagrun for read_dataset_event to 2025-04-08 00:00:00+00:00, run_after=2025-04-09 00:00:00+00:00
[2025-04-09T09:00:31.268+0800] {logging_mixin.py:190} INFO - [2025-04-09T09:00:31.268+0800] {dag.py:4180} INFO - Setting next_dagrun for read_dataset_event_from_classic to 2025-04-08 00:00:00+00:00, run_after=2025-04-09 00:00:00+00:00
[2025-04-09T09:00:31.279+0800] {processor.py:208} INFO - Processing /Users/ervinyeoh/Desktop/unimods/is3107/project/.venv/lib/python3.11/site-packages/airflow/example_dags/example_inlet_event_extra.py took 0.357 seconds
