[2025-04-09T08:21:08.975+0800] {processor.py:186} INFO - Started process (PID=21975) to work on /Users/ervinyeoh/Desktop/unimods/is3107/project/.venv/lib/python3.11/site-packages/airflow/example_dags/example_branch_labels.py
[2025-04-09T08:21:08.976+0800] {processor.py:914} INFO - Processing file /Users/ervinyeoh/Desktop/unimods/is3107/project/.venv/lib/python3.11/site-packages/airflow/example_dags/example_branch_labels.py for tasks to queue
[2025-04-09T08:21:08.976+0800] {logging_mixin.py:190} INFO - [2025-04-09T08:21:08.976+0800] {dagbag.py:588} INFO - Filling up the DagBag from /Users/ervinyeoh/Desktop/unimods/is3107/project/.venv/lib/python3.11/site-packages/airflow/example_dags/example_branch_labels.py
[2025-04-09T08:21:08.982+0800] {processor.py:925} INFO - DAG(s) 'example_branch_labels' retrieved from /Users/ervinyeoh/Desktop/unimods/is3107/project/.venv/lib/python3.11/site-packages/airflow/example_dags/example_branch_labels.py
[2025-04-09T08:21:09.065+0800] {logging_mixin.py:190} INFO - [2025-04-09T08:21:09.065+0800] {dag.py:3239} INFO - Sync 1 DAGs
[2025-04-09T08:21:09.076+0800] {logging_mixin.py:190} INFO - [2025-04-09T08:21:09.075+0800] {dag.py:4180} INFO - Setting next_dagrun for example_branch_labels to 2025-04-08 00:00:00+00:00, run_after=2025-04-09 00:00:00+00:00
[2025-04-09T08:21:09.085+0800] {processor.py:208} INFO - Processing /Users/ervinyeoh/Desktop/unimods/is3107/project/.venv/lib/python3.11/site-packages/airflow/example_dags/example_branch_labels.py took 0.112 seconds
[2025-04-09T08:48:39.928+0800] {processor.py:186} INFO - Started process (PID=22344) to work on /Users/ervinyeoh/Desktop/unimods/is3107/project/.venv/lib/python3.11/site-packages/airflow/example_dags/example_branch_labels.py
[2025-04-09T08:48:39.929+0800] {processor.py:914} INFO - Processing file /Users/ervinyeoh/Desktop/unimods/is3107/project/.venv/lib/python3.11/site-packages/airflow/example_dags/example_branch_labels.py for tasks to queue
[2025-04-09T08:48:39.930+0800] {logging_mixin.py:190} INFO - [2025-04-09T08:48:39.930+0800] {dagbag.py:588} INFO - Filling up the DagBag from /Users/ervinyeoh/Desktop/unimods/is3107/project/.venv/lib/python3.11/site-packages/airflow/example_dags/example_branch_labels.py
[2025-04-09T08:48:39.936+0800] {processor.py:925} INFO - DAG(s) 'example_branch_labels' retrieved from /Users/ervinyeoh/Desktop/unimods/is3107/project/.venv/lib/python3.11/site-packages/airflow/example_dags/example_branch_labels.py
[2025-04-09T08:48:40.025+0800] {logging_mixin.py:190} INFO - [2025-04-09T08:48:40.025+0800] {dag.py:3239} INFO - Sync 1 DAGs
[2025-04-09T08:48:40.037+0800] {logging_mixin.py:190} INFO - [2025-04-09T08:48:40.036+0800] {dag.py:4180} INFO - Setting next_dagrun for example_branch_labels to 2025-04-08 00:00:00+00:00, run_after=2025-04-09 00:00:00+00:00
[2025-04-09T08:48:40.047+0800] {processor.py:208} INFO - Processing /Users/ervinyeoh/Desktop/unimods/is3107/project/.venv/lib/python3.11/site-packages/airflow/example_dags/example_branch_labels.py took 0.120 seconds
[2025-04-09T08:51:59.986+0800] {processor.py:186} INFO - Started process (PID=22606) to work on /Users/ervinyeoh/Desktop/unimods/is3107/project/.venv/lib/python3.11/site-packages/airflow/example_dags/example_branch_labels.py
[2025-04-09T08:51:59.987+0800] {processor.py:914} INFO - Processing file /Users/ervinyeoh/Desktop/unimods/is3107/project/.venv/lib/python3.11/site-packages/airflow/example_dags/example_branch_labels.py for tasks to queue
[2025-04-09T08:51:59.987+0800] {logging_mixin.py:190} INFO - [2025-04-09T08:51:59.987+0800] {dagbag.py:588} INFO - Filling up the DagBag from /Users/ervinyeoh/Desktop/unimods/is3107/project/.venv/lib/python3.11/site-packages/airflow/example_dags/example_branch_labels.py
[2025-04-09T08:51:59.993+0800] {processor.py:925} INFO - DAG(s) 'example_branch_labels' retrieved from /Users/ervinyeoh/Desktop/unimods/is3107/project/.venv/lib/python3.11/site-packages/airflow/example_dags/example_branch_labels.py
[2025-04-09T08:52:00.079+0800] {logging_mixin.py:190} INFO - [2025-04-09T08:52:00.079+0800] {dag.py:3239} INFO - Sync 1 DAGs
[2025-04-09T08:52:00.090+0800] {logging_mixin.py:190} INFO - [2025-04-09T08:52:00.090+0800] {dag.py:4180} INFO - Setting next_dagrun for example_branch_labels to 2025-04-08 00:00:00+00:00, run_after=2025-04-09 00:00:00+00:00
[2025-04-09T08:52:00.100+0800] {processor.py:208} INFO - Processing /Users/ervinyeoh/Desktop/unimods/is3107/project/.venv/lib/python3.11/site-packages/airflow/example_dags/example_branch_labels.py took 0.115 seconds
[2025-04-09T08:55:30.305+0800] {processor.py:186} INFO - Started process (PID=22912) to work on /Users/ervinyeoh/Desktop/unimods/is3107/project/.venv/lib/python3.11/site-packages/airflow/example_dags/example_branch_labels.py
[2025-04-09T08:55:30.306+0800] {processor.py:914} INFO - Processing file /Users/ervinyeoh/Desktop/unimods/is3107/project/.venv/lib/python3.11/site-packages/airflow/example_dags/example_branch_labels.py for tasks to queue
[2025-04-09T08:55:30.307+0800] {logging_mixin.py:190} INFO - [2025-04-09T08:55:30.307+0800] {dagbag.py:588} INFO - Filling up the DagBag from /Users/ervinyeoh/Desktop/unimods/is3107/project/.venv/lib/python3.11/site-packages/airflow/example_dags/example_branch_labels.py
[2025-04-09T08:55:30.312+0800] {processor.py:925} INFO - DAG(s) 'example_branch_labels' retrieved from /Users/ervinyeoh/Desktop/unimods/is3107/project/.venv/lib/python3.11/site-packages/airflow/example_dags/example_branch_labels.py
[2025-04-09T08:55:30.396+0800] {logging_mixin.py:190} INFO - [2025-04-09T08:55:30.396+0800] {dag.py:3239} INFO - Sync 1 DAGs
[2025-04-09T08:55:30.407+0800] {logging_mixin.py:190} INFO - [2025-04-09T08:55:30.407+0800] {dag.py:4180} INFO - Setting next_dagrun for example_branch_labels to 2025-04-08 00:00:00+00:00, run_after=2025-04-09 00:00:00+00:00
[2025-04-09T08:55:30.417+0800] {processor.py:208} INFO - Processing /Users/ervinyeoh/Desktop/unimods/is3107/project/.venv/lib/python3.11/site-packages/airflow/example_dags/example_branch_labels.py took 0.113 seconds
[2025-04-09T08:58:54.921+0800] {processor.py:186} INFO - Started process (PID=23175) to work on /Users/ervinyeoh/Desktop/unimods/is3107/project/.venv/lib/python3.11/site-packages/airflow/example_dags/example_branch_labels.py
[2025-04-09T08:58:54.922+0800] {processor.py:914} INFO - Processing file /Users/ervinyeoh/Desktop/unimods/is3107/project/.venv/lib/python3.11/site-packages/airflow/example_dags/example_branch_labels.py for tasks to queue
[2025-04-09T08:58:54.923+0800] {logging_mixin.py:190} INFO - [2025-04-09T08:58:54.922+0800] {dagbag.py:588} INFO - Filling up the DagBag from /Users/ervinyeoh/Desktop/unimods/is3107/project/.venv/lib/python3.11/site-packages/airflow/example_dags/example_branch_labels.py
[2025-04-09T08:58:54.929+0800] {processor.py:925} INFO - DAG(s) 'example_branch_labels' retrieved from /Users/ervinyeoh/Desktop/unimods/is3107/project/.venv/lib/python3.11/site-packages/airflow/example_dags/example_branch_labels.py
[2025-04-09T08:58:55.039+0800] {logging_mixin.py:190} INFO - [2025-04-09T08:58:55.039+0800] {dag.py:3239} INFO - Sync 1 DAGs
[2025-04-09T08:58:55.051+0800] {logging_mixin.py:190} INFO - [2025-04-09T08:58:55.051+0800] {dag.py:4180} INFO - Setting next_dagrun for example_branch_labels to 2025-04-08 00:00:00+00:00, run_after=2025-04-09 00:00:00+00:00
[2025-04-09T08:58:55.068+0800] {processor.py:208} INFO - Processing /Users/ervinyeoh/Desktop/unimods/is3107/project/.venv/lib/python3.11/site-packages/airflow/example_dags/example_branch_labels.py took 0.149 seconds
[2025-04-09T09:02:19.043+0800] {processor.py:186} INFO - Started process (PID=23402) to work on /Users/ervinyeoh/Desktop/unimods/is3107/project/.venv/lib/python3.11/site-packages/airflow/example_dags/example_branch_labels.py
[2025-04-09T09:02:19.044+0800] {processor.py:914} INFO - Processing file /Users/ervinyeoh/Desktop/unimods/is3107/project/.venv/lib/python3.11/site-packages/airflow/example_dags/example_branch_labels.py for tasks to queue
[2025-04-09T09:02:19.044+0800] {logging_mixin.py:190} INFO - [2025-04-09T09:02:19.044+0800] {dagbag.py:588} INFO - Filling up the DagBag from /Users/ervinyeoh/Desktop/unimods/is3107/project/.venv/lib/python3.11/site-packages/airflow/example_dags/example_branch_labels.py
[2025-04-09T09:02:19.050+0800] {processor.py:925} INFO - DAG(s) 'example_branch_labels' retrieved from /Users/ervinyeoh/Desktop/unimods/is3107/project/.venv/lib/python3.11/site-packages/airflow/example_dags/example_branch_labels.py
[2025-04-09T09:02:19.138+0800] {logging_mixin.py:190} INFO - [2025-04-09T09:02:19.138+0800] {dag.py:3239} INFO - Sync 1 DAGs
[2025-04-09T09:02:19.150+0800] {logging_mixin.py:190} INFO - [2025-04-09T09:02:19.150+0800] {dag.py:4180} INFO - Setting next_dagrun for example_branch_labels to 2025-04-08 00:00:00+00:00, run_after=2025-04-09 00:00:00+00:00
[2025-04-09T09:02:19.160+0800] {processor.py:208} INFO - Processing /Users/ervinyeoh/Desktop/unimods/is3107/project/.venv/lib/python3.11/site-packages/airflow/example_dags/example_branch_labels.py took 0.119 seconds
