[2025-04-09T08:38:31.997+0800] {processor.py:186} INFO - Started process (PID=22033) to work on /Users/ervinyeoh/Desktop/unimods/is3107/project/.venv/lib/python3.11/site-packages/airflow/example_dags/example_trigger_target_dag.py
[2025-04-09T08:38:31.998+0800] {processor.py:914} INFO - Processing file /Users/ervinyeoh/Desktop/unimods/is3107/project/.venv/lib/python3.11/site-packages/airflow/example_dags/example_trigger_target_dag.py for tasks to queue
[2025-04-09T08:38:31.998+0800] {logging_mixin.py:190} INFO - [2025-04-09T08:38:31.998+0800] {dagbag.py:588} INFO - Filling up the DagBag from /Users/ervinyeoh/Desktop/unimods/is3107/project/.venv/lib/python3.11/site-packages/airflow/example_dags/example_trigger_target_dag.py
[2025-04-09T08:38:32.050+0800] {processor.py:925} INFO - DAG(s) 'example_trigger_target_dag' retrieved from /Users/ervinyeoh/Desktop/unimods/is3107/project/.venv/lib/python3.11/site-packages/airflow/example_dags/example_trigger_target_dag.py
[2025-04-09T08:38:32.100+0800] {logging_mixin.py:190} INFO - [2025-04-09T08:38:32.100+0800] {dag.py:3239} INFO - Sync 1 DAGs
[2025-04-09T08:38:32.106+0800] {logging_mixin.py:190} INFO - [2025-04-09T08:38:32.106+0800] {dag.py:4180} INFO - Setting next_dagrun for example_trigger_target_dag to None, run_after=None
[2025-04-09T08:38:32.116+0800] {processor.py:208} INFO - Processing /Users/ervinyeoh/Desktop/unimods/is3107/project/.venv/lib/python3.11/site-packages/airflow/example_dags/example_trigger_target_dag.py took 0.120 seconds
[2025-04-09T08:47:23.512+0800] {processor.py:186} INFO - Started process (PID=22237) to work on /Users/ervinyeoh/Desktop/unimods/is3107/project/.venv/lib/python3.11/site-packages/airflow/example_dags/example_trigger_target_dag.py
[2025-04-09T08:47:23.513+0800] {processor.py:914} INFO - Processing file /Users/ervinyeoh/Desktop/unimods/is3107/project/.venv/lib/python3.11/site-packages/airflow/example_dags/example_trigger_target_dag.py for tasks to queue
[2025-04-09T08:47:23.514+0800] {logging_mixin.py:190} INFO - [2025-04-09T08:47:23.514+0800] {dagbag.py:588} INFO - Filling up the DagBag from /Users/ervinyeoh/Desktop/unimods/is3107/project/.venv/lib/python3.11/site-packages/airflow/example_dags/example_trigger_target_dag.py
[2025-04-09T08:47:23.566+0800] {processor.py:925} INFO - DAG(s) 'example_trigger_target_dag' retrieved from /Users/ervinyeoh/Desktop/unimods/is3107/project/.venv/lib/python3.11/site-packages/airflow/example_dags/example_trigger_target_dag.py
[2025-04-09T08:47:23.617+0800] {logging_mixin.py:190} INFO - [2025-04-09T08:47:23.617+0800] {dag.py:3239} INFO - Sync 1 DAGs
[2025-04-09T08:47:23.623+0800] {logging_mixin.py:190} INFO - [2025-04-09T08:47:23.623+0800] {dag.py:4180} INFO - Setting next_dagrun for example_trigger_target_dag to None, run_after=None
[2025-04-09T08:47:23.633+0800] {processor.py:208} INFO - Processing /Users/ervinyeoh/Desktop/unimods/is3107/project/.venv/lib/python3.11/site-packages/airflow/example_dags/example_trigger_target_dag.py took 0.122 seconds
[2025-04-09T08:49:21.180+0800] {processor.py:186} INFO - Started process (PID=22386) to work on /Users/ervinyeoh/Desktop/unimods/is3107/project/.venv/lib/python3.11/site-packages/airflow/example_dags/example_trigger_target_dag.py
[2025-04-09T08:49:21.181+0800] {processor.py:914} INFO - Processing file /Users/ervinyeoh/Desktop/unimods/is3107/project/.venv/lib/python3.11/site-packages/airflow/example_dags/example_trigger_target_dag.py for tasks to queue
[2025-04-09T08:49:21.182+0800] {logging_mixin.py:190} INFO - [2025-04-09T08:49:21.182+0800] {dagbag.py:588} INFO - Filling up the DagBag from /Users/ervinyeoh/Desktop/unimods/is3107/project/.venv/lib/python3.11/site-packages/airflow/example_dags/example_trigger_target_dag.py
[2025-04-09T08:49:21.233+0800] {processor.py:925} INFO - DAG(s) 'example_trigger_target_dag' retrieved from /Users/ervinyeoh/Desktop/unimods/is3107/project/.venv/lib/python3.11/site-packages/airflow/example_dags/example_trigger_target_dag.py
[2025-04-09T08:49:21.284+0800] {logging_mixin.py:190} INFO - [2025-04-09T08:49:21.284+0800] {dag.py:3239} INFO - Sync 1 DAGs
[2025-04-09T08:49:21.289+0800] {logging_mixin.py:190} INFO - [2025-04-09T08:49:21.289+0800] {dag.py:4180} INFO - Setting next_dagrun for example_trigger_target_dag to None, run_after=None
[2025-04-09T08:49:21.299+0800] {processor.py:208} INFO - Processing /Users/ervinyeoh/Desktop/unimods/is3107/project/.venv/lib/python3.11/site-packages/airflow/example_dags/example_trigger_target_dag.py took 0.120 seconds
[2025-04-09T08:51:03.339+0800] {processor.py:186} INFO - Started process (PID=22542) to work on /Users/ervinyeoh/Desktop/unimods/is3107/project/.venv/lib/python3.11/site-packages/airflow/example_dags/example_trigger_target_dag.py
[2025-04-09T08:51:03.340+0800] {processor.py:914} INFO - Processing file /Users/ervinyeoh/Desktop/unimods/is3107/project/.venv/lib/python3.11/site-packages/airflow/example_dags/example_trigger_target_dag.py for tasks to queue
[2025-04-09T08:51:03.340+0800] {logging_mixin.py:190} INFO - [2025-04-09T08:51:03.340+0800] {dagbag.py:588} INFO - Filling up the DagBag from /Users/ervinyeoh/Desktop/unimods/is3107/project/.venv/lib/python3.11/site-packages/airflow/example_dags/example_trigger_target_dag.py
[2025-04-09T08:51:03.390+0800] {processor.py:925} INFO - DAG(s) 'example_trigger_target_dag' retrieved from /Users/ervinyeoh/Desktop/unimods/is3107/project/.venv/lib/python3.11/site-packages/airflow/example_dags/example_trigger_target_dag.py
[2025-04-09T08:51:03.441+0800] {logging_mixin.py:190} INFO - [2025-04-09T08:51:03.441+0800] {dag.py:3239} INFO - Sync 1 DAGs
[2025-04-09T08:51:03.446+0800] {logging_mixin.py:190} INFO - [2025-04-09T08:51:03.446+0800] {dag.py:4180} INFO - Setting next_dagrun for example_trigger_target_dag to None, run_after=None
[2025-04-09T08:51:03.456+0800] {processor.py:208} INFO - Processing /Users/ervinyeoh/Desktop/unimods/is3107/project/.venv/lib/python3.11/site-packages/airflow/example_dags/example_trigger_target_dag.py took 0.119 seconds
[2025-04-09T08:52:40.754+0800] {processor.py:186} INFO - Started process (PID=22655) to work on /Users/ervinyeoh/Desktop/unimods/is3107/project/.venv/lib/python3.11/site-packages/airflow/example_dags/example_trigger_target_dag.py
[2025-04-09T08:52:40.755+0800] {processor.py:914} INFO - Processing file /Users/ervinyeoh/Desktop/unimods/is3107/project/.venv/lib/python3.11/site-packages/airflow/example_dags/example_trigger_target_dag.py for tasks to queue
[2025-04-09T08:52:40.756+0800] {logging_mixin.py:190} INFO - [2025-04-09T08:52:40.756+0800] {dagbag.py:588} INFO - Filling up the DagBag from /Users/ervinyeoh/Desktop/unimods/is3107/project/.venv/lib/python3.11/site-packages/airflow/example_dags/example_trigger_target_dag.py
[2025-04-09T08:52:40.814+0800] {processor.py:925} INFO - DAG(s) 'example_trigger_target_dag' retrieved from /Users/ervinyeoh/Desktop/unimods/is3107/project/.venv/lib/python3.11/site-packages/airflow/example_dags/example_trigger_target_dag.py
[2025-04-09T08:52:40.875+0800] {logging_mixin.py:190} INFO - [2025-04-09T08:52:40.875+0800] {dag.py:3239} INFO - Sync 1 DAGs
[2025-04-09T08:52:40.881+0800] {logging_mixin.py:190} INFO - [2025-04-09T08:52:40.881+0800] {dag.py:4180} INFO - Setting next_dagrun for example_trigger_target_dag to None, run_after=None
[2025-04-09T08:52:40.891+0800] {processor.py:208} INFO - Processing /Users/ervinyeoh/Desktop/unimods/is3107/project/.venv/lib/python3.11/site-packages/airflow/example_dags/example_trigger_target_dag.py took 0.139 seconds
[2025-04-09T08:54:28.888+0800] {processor.py:186} INFO - Started process (PID=22832) to work on /Users/ervinyeoh/Desktop/unimods/is3107/project/.venv/lib/python3.11/site-packages/airflow/example_dags/example_trigger_target_dag.py
[2025-04-09T08:54:28.889+0800] {processor.py:914} INFO - Processing file /Users/ervinyeoh/Desktop/unimods/is3107/project/.venv/lib/python3.11/site-packages/airflow/example_dags/example_trigger_target_dag.py for tasks to queue
[2025-04-09T08:54:28.889+0800] {logging_mixin.py:190} INFO - [2025-04-09T08:54:28.889+0800] {dagbag.py:588} INFO - Filling up the DagBag from /Users/ervinyeoh/Desktop/unimods/is3107/project/.venv/lib/python3.11/site-packages/airflow/example_dags/example_trigger_target_dag.py
[2025-04-09T08:54:29.002+0800] {processor.py:925} INFO - DAG(s) 'example_trigger_target_dag' retrieved from /Users/ervinyeoh/Desktop/unimods/is3107/project/.venv/lib/python3.11/site-packages/airflow/example_dags/example_trigger_target_dag.py
[2025-04-09T08:54:29.058+0800] {logging_mixin.py:190} INFO - [2025-04-09T08:54:29.057+0800] {dag.py:3239} INFO - Sync 1 DAGs
[2025-04-09T08:54:29.064+0800] {logging_mixin.py:190} INFO - [2025-04-09T08:54:29.064+0800] {dag.py:4180} INFO - Setting next_dagrun for example_trigger_target_dag to None, run_after=None
[2025-04-09T08:54:29.075+0800] {processor.py:208} INFO - Processing /Users/ervinyeoh/Desktop/unimods/is3107/project/.venv/lib/python3.11/site-packages/airflow/example_dags/example_trigger_target_dag.py took 0.189 seconds
[2025-04-09T08:56:12.560+0800] {processor.py:186} INFO - Started process (PID=22976) to work on /Users/ervinyeoh/Desktop/unimods/is3107/project/.venv/lib/python3.11/site-packages/airflow/example_dags/example_trigger_target_dag.py
[2025-04-09T08:56:12.561+0800] {processor.py:914} INFO - Processing file /Users/ervinyeoh/Desktop/unimods/is3107/project/.venv/lib/python3.11/site-packages/airflow/example_dags/example_trigger_target_dag.py for tasks to queue
[2025-04-09T08:56:12.562+0800] {logging_mixin.py:190} INFO - [2025-04-09T08:56:12.562+0800] {dagbag.py:588} INFO - Filling up the DagBag from /Users/ervinyeoh/Desktop/unimods/is3107/project/.venv/lib/python3.11/site-packages/airflow/example_dags/example_trigger_target_dag.py
[2025-04-09T08:56:12.616+0800] {processor.py:925} INFO - DAG(s) 'example_trigger_target_dag' retrieved from /Users/ervinyeoh/Desktop/unimods/is3107/project/.venv/lib/python3.11/site-packages/airflow/example_dags/example_trigger_target_dag.py
[2025-04-09T08:56:12.671+0800] {logging_mixin.py:190} INFO - [2025-04-09T08:56:12.671+0800] {dag.py:3239} INFO - Sync 1 DAGs
[2025-04-09T08:56:12.678+0800] {logging_mixin.py:190} INFO - [2025-04-09T08:56:12.678+0800] {dag.py:4180} INFO - Setting next_dagrun for example_trigger_target_dag to None, run_after=None
[2025-04-09T08:56:12.688+0800] {processor.py:208} INFO - Processing /Users/ervinyeoh/Desktop/unimods/is3107/project/.venv/lib/python3.11/site-packages/airflow/example_dags/example_trigger_target_dag.py took 0.130 seconds
[2025-04-09T08:57:54.260+0800] {processor.py:186} INFO - Started process (PID=23104) to work on /Users/ervinyeoh/Desktop/unimods/is3107/project/.venv/lib/python3.11/site-packages/airflow/example_dags/example_trigger_target_dag.py
[2025-04-09T08:57:54.261+0800] {processor.py:914} INFO - Processing file /Users/ervinyeoh/Desktop/unimods/is3107/project/.venv/lib/python3.11/site-packages/airflow/example_dags/example_trigger_target_dag.py for tasks to queue
[2025-04-09T08:57:54.261+0800] {logging_mixin.py:190} INFO - [2025-04-09T08:57:54.261+0800] {dagbag.py:588} INFO - Filling up the DagBag from /Users/ervinyeoh/Desktop/unimods/is3107/project/.venv/lib/python3.11/site-packages/airflow/example_dags/example_trigger_target_dag.py
[2025-04-09T08:57:54.315+0800] {processor.py:925} INFO - DAG(s) 'example_trigger_target_dag' retrieved from /Users/ervinyeoh/Desktop/unimods/is3107/project/.venv/lib/python3.11/site-packages/airflow/example_dags/example_trigger_target_dag.py
[2025-04-09T08:57:54.366+0800] {logging_mixin.py:190} INFO - [2025-04-09T08:57:54.366+0800] {dag.py:3239} INFO - Sync 1 DAGs
[2025-04-09T08:57:54.373+0800] {logging_mixin.py:190} INFO - [2025-04-09T08:57:54.373+0800] {dag.py:4180} INFO - Setting next_dagrun for example_trigger_target_dag to None, run_after=None
[2025-04-09T08:57:54.384+0800] {processor.py:208} INFO - Processing /Users/ervinyeoh/Desktop/unimods/is3107/project/.venv/lib/python3.11/site-packages/airflow/example_dags/example_trigger_target_dag.py took 0.126 seconds
[2025-04-09T08:59:37.280+0800] {processor.py:186} INFO - Started process (PID=23229) to work on /Users/ervinyeoh/Desktop/unimods/is3107/project/.venv/lib/python3.11/site-packages/airflow/example_dags/example_trigger_target_dag.py
[2025-04-09T08:59:37.281+0800] {processor.py:914} INFO - Processing file /Users/ervinyeoh/Desktop/unimods/is3107/project/.venv/lib/python3.11/site-packages/airflow/example_dags/example_trigger_target_dag.py for tasks to queue
[2025-04-09T08:59:37.282+0800] {logging_mixin.py:190} INFO - [2025-04-09T08:59:37.282+0800] {dagbag.py:588} INFO - Filling up the DagBag from /Users/ervinyeoh/Desktop/unimods/is3107/project/.venv/lib/python3.11/site-packages/airflow/example_dags/example_trigger_target_dag.py
[2025-04-09T08:59:37.333+0800] {processor.py:925} INFO - DAG(s) 'example_trigger_target_dag' retrieved from /Users/ervinyeoh/Desktop/unimods/is3107/project/.venv/lib/python3.11/site-packages/airflow/example_dags/example_trigger_target_dag.py
[2025-04-09T08:59:37.384+0800] {logging_mixin.py:190} INFO - [2025-04-09T08:59:37.384+0800] {dag.py:3239} INFO - Sync 1 DAGs
[2025-04-09T08:59:37.389+0800] {logging_mixin.py:190} INFO - [2025-04-09T08:59:37.389+0800] {dag.py:4180} INFO - Setting next_dagrun for example_trigger_target_dag to None, run_after=None
[2025-04-09T08:59:37.401+0800] {processor.py:208} INFO - Processing /Users/ervinyeoh/Desktop/unimods/is3107/project/.venv/lib/python3.11/site-packages/airflow/example_dags/example_trigger_target_dag.py took 0.122 seconds
[2025-04-09T09:01:17.658+0800] {processor.py:186} INFO - Started process (PID=23336) to work on /Users/ervinyeoh/Desktop/unimods/is3107/project/.venv/lib/python3.11/site-packages/airflow/example_dags/example_trigger_target_dag.py
[2025-04-09T09:01:17.660+0800] {processor.py:914} INFO - Processing file /Users/ervinyeoh/Desktop/unimods/is3107/project/.venv/lib/python3.11/site-packages/airflow/example_dags/example_trigger_target_dag.py for tasks to queue
[2025-04-09T09:01:17.661+0800] {logging_mixin.py:190} INFO - [2025-04-09T09:01:17.660+0800] {dagbag.py:588} INFO - Filling up the DagBag from /Users/ervinyeoh/Desktop/unimods/is3107/project/.venv/lib/python3.11/site-packages/airflow/example_dags/example_trigger_target_dag.py
[2025-04-09T09:01:17.714+0800] {processor.py:925} INFO - DAG(s) 'example_trigger_target_dag' retrieved from /Users/ervinyeoh/Desktop/unimods/is3107/project/.venv/lib/python3.11/site-packages/airflow/example_dags/example_trigger_target_dag.py
[2025-04-09T09:01:17.765+0800] {logging_mixin.py:190} INFO - [2025-04-09T09:01:17.765+0800] {dag.py:3239} INFO - Sync 1 DAGs
[2025-04-09T09:01:17.771+0800] {logging_mixin.py:190} INFO - [2025-04-09T09:01:17.770+0800] {dag.py:4180} INFO - Setting next_dagrun for example_trigger_target_dag to None, run_after=None
[2025-04-09T09:01:17.781+0800] {processor.py:208} INFO - Processing /Users/ervinyeoh/Desktop/unimods/is3107/project/.venv/lib/python3.11/site-packages/airflow/example_dags/example_trigger_target_dag.py took 0.125 seconds
[2025-04-09T09:03:01.239+0800] {processor.py:186} INFO - Started process (PID=23464) to work on /Users/ervinyeoh/Desktop/unimods/is3107/project/.venv/lib/python3.11/site-packages/airflow/example_dags/example_trigger_target_dag.py
[2025-04-09T09:03:01.240+0800] {processor.py:914} INFO - Processing file /Users/ervinyeoh/Desktop/unimods/is3107/project/.venv/lib/python3.11/site-packages/airflow/example_dags/example_trigger_target_dag.py for tasks to queue
[2025-04-09T09:03:01.241+0800] {logging_mixin.py:190} INFO - [2025-04-09T09:03:01.241+0800] {dagbag.py:588} INFO - Filling up the DagBag from /Users/ervinyeoh/Desktop/unimods/is3107/project/.venv/lib/python3.11/site-packages/airflow/example_dags/example_trigger_target_dag.py
[2025-04-09T09:03:01.304+0800] {processor.py:925} INFO - DAG(s) 'example_trigger_target_dag' retrieved from /Users/ervinyeoh/Desktop/unimods/is3107/project/.venv/lib/python3.11/site-packages/airflow/example_dags/example_trigger_target_dag.py
[2025-04-09T09:03:01.361+0800] {logging_mixin.py:190} INFO - [2025-04-09T09:03:01.361+0800] {dag.py:3239} INFO - Sync 1 DAGs
[2025-04-09T09:03:01.367+0800] {logging_mixin.py:190} INFO - [2025-04-09T09:03:01.367+0800] {dag.py:4180} INFO - Setting next_dagrun for example_trigger_target_dag to None, run_after=None
[2025-04-09T09:03:01.377+0800] {processor.py:208} INFO - Processing /Users/ervinyeoh/Desktop/unimods/is3107/project/.venv/lib/python3.11/site-packages/airflow/example_dags/example_trigger_target_dag.py took 0.140 seconds
