[2025-04-09T08:38:16.547+0800] {processor.py:186} INFO - Started process (PID=22016) to work on /Users/ervinyeoh/Desktop/unimods/is3107/project/.venv/lib/python3.11/site-packages/airflow/example_dags/tutorial_taskflow_api.py
[2025-04-09T08:38:16.547+0800] {processor.py:914} INFO - Processing file /Users/ervinyeoh/Desktop/unimods/is3107/project/.venv/lib/python3.11/site-packages/airflow/example_dags/tutorial_taskflow_api.py for tasks to queue
[2025-04-09T08:38:16.548+0800] {logging_mixin.py:190} INFO - [2025-04-09T08:38:16.548+0800] {dagbag.py:588} INFO - Filling up the DagBag from /Users/ervinyeoh/Desktop/unimods/is3107/project/.venv/lib/python3.11/site-packages/airflow/example_dags/tutorial_taskflow_api.py
[2025-04-09T08:38:16.599+0800] {processor.py:925} INFO - DAG(s) 'tutorial_taskflow_api' retrieved from /Users/ervinyeoh/Desktop/unimods/is3107/project/.venv/lib/python3.11/site-packages/airflow/example_dags/tutorial_taskflow_api.py
[2025-04-09T08:38:16.650+0800] {logging_mixin.py:190} INFO - [2025-04-09T08:38:16.650+0800] {dag.py:3239} INFO - Sync 1 DAGs
[2025-04-09T08:38:16.655+0800] {logging_mixin.py:190} INFO - [2025-04-09T08:38:16.655+0800] {dag.py:4180} INFO - Setting next_dagrun for tutorial_taskflow_api to None, run_after=None
[2025-04-09T08:38:16.665+0800] {processor.py:208} INFO - Processing /Users/ervinyeoh/Desktop/unimods/is3107/project/.venv/lib/python3.11/site-packages/airflow/example_dags/tutorial_taskflow_api.py took 0.120 seconds
[2025-04-09T08:47:07.856+0800] {processor.py:186} INFO - Started process (PID=22217) to work on /Users/ervinyeoh/Desktop/unimods/is3107/project/.venv/lib/python3.11/site-packages/airflow/example_dags/tutorial_taskflow_api.py
[2025-04-09T08:47:07.858+0800] {processor.py:914} INFO - Processing file /Users/ervinyeoh/Desktop/unimods/is3107/project/.venv/lib/python3.11/site-packages/airflow/example_dags/tutorial_taskflow_api.py for tasks to queue
[2025-04-09T08:47:07.858+0800] {logging_mixin.py:190} INFO - [2025-04-09T08:47:07.858+0800] {dagbag.py:588} INFO - Filling up the DagBag from /Users/ervinyeoh/Desktop/unimods/is3107/project/.venv/lib/python3.11/site-packages/airflow/example_dags/tutorial_taskflow_api.py
[2025-04-09T08:47:07.909+0800] {processor.py:925} INFO - DAG(s) 'tutorial_taskflow_api' retrieved from /Users/ervinyeoh/Desktop/unimods/is3107/project/.venv/lib/python3.11/site-packages/airflow/example_dags/tutorial_taskflow_api.py
[2025-04-09T08:47:07.961+0800] {logging_mixin.py:190} INFO - [2025-04-09T08:47:07.961+0800] {dag.py:3239} INFO - Sync 1 DAGs
[2025-04-09T08:47:07.966+0800] {logging_mixin.py:190} INFO - [2025-04-09T08:47:07.966+0800] {dag.py:4180} INFO - Setting next_dagrun for tutorial_taskflow_api to None, run_after=None
[2025-04-09T08:47:07.976+0800] {processor.py:208} INFO - Processing /Users/ervinyeoh/Desktop/unimods/is3107/project/.venv/lib/python3.11/site-packages/airflow/example_dags/tutorial_taskflow_api.py took 0.121 seconds
[2025-04-09T08:49:06.541+0800] {processor.py:186} INFO - Started process (PID=22369) to work on /Users/ervinyeoh/Desktop/unimods/is3107/project/.venv/lib/python3.11/site-packages/airflow/example_dags/tutorial_taskflow_api.py
[2025-04-09T08:49:06.542+0800] {processor.py:914} INFO - Processing file /Users/ervinyeoh/Desktop/unimods/is3107/project/.venv/lib/python3.11/site-packages/airflow/example_dags/tutorial_taskflow_api.py for tasks to queue
[2025-04-09T08:49:06.543+0800] {logging_mixin.py:190} INFO - [2025-04-09T08:49:06.543+0800] {dagbag.py:588} INFO - Filling up the DagBag from /Users/ervinyeoh/Desktop/unimods/is3107/project/.venv/lib/python3.11/site-packages/airflow/example_dags/tutorial_taskflow_api.py
[2025-04-09T08:49:06.595+0800] {processor.py:925} INFO - DAG(s) 'tutorial_taskflow_api' retrieved from /Users/ervinyeoh/Desktop/unimods/is3107/project/.venv/lib/python3.11/site-packages/airflow/example_dags/tutorial_taskflow_api.py
[2025-04-09T08:49:06.647+0800] {logging_mixin.py:190} INFO - [2025-04-09T08:49:06.647+0800] {dag.py:3239} INFO - Sync 1 DAGs
[2025-04-09T08:49:06.652+0800] {logging_mixin.py:190} INFO - [2025-04-09T08:49:06.652+0800] {dag.py:4180} INFO - Setting next_dagrun for tutorial_taskflow_api to None, run_after=None
[2025-04-09T08:49:06.662+0800] {processor.py:208} INFO - Processing /Users/ervinyeoh/Desktop/unimods/is3107/project/.venv/lib/python3.11/site-packages/airflow/example_dags/tutorial_taskflow_api.py took 0.123 seconds
[2025-04-09T08:50:47.877+0800] {processor.py:186} INFO - Started process (PID=22523) to work on /Users/ervinyeoh/Desktop/unimods/is3107/project/.venv/lib/python3.11/site-packages/airflow/example_dags/tutorial_taskflow_api.py
[2025-04-09T08:50:47.877+0800] {processor.py:914} INFO - Processing file /Users/ervinyeoh/Desktop/unimods/is3107/project/.venv/lib/python3.11/site-packages/airflow/example_dags/tutorial_taskflow_api.py for tasks to queue
[2025-04-09T08:50:47.878+0800] {logging_mixin.py:190} INFO - [2025-04-09T08:50:47.878+0800] {dagbag.py:588} INFO - Filling up the DagBag from /Users/ervinyeoh/Desktop/unimods/is3107/project/.venv/lib/python3.11/site-packages/airflow/example_dags/tutorial_taskflow_api.py
[2025-04-09T08:50:47.932+0800] {processor.py:925} INFO - DAG(s) 'tutorial_taskflow_api' retrieved from /Users/ervinyeoh/Desktop/unimods/is3107/project/.venv/lib/python3.11/site-packages/airflow/example_dags/tutorial_taskflow_api.py
[2025-04-09T08:50:47.983+0800] {logging_mixin.py:190} INFO - [2025-04-09T08:50:47.983+0800] {dag.py:3239} INFO - Sync 1 DAGs
[2025-04-09T08:50:47.988+0800] {logging_mixin.py:190} INFO - [2025-04-09T08:50:47.988+0800] {dag.py:4180} INFO - Setting next_dagrun for tutorial_taskflow_api to None, run_after=None
[2025-04-09T08:50:47.998+0800] {processor.py:208} INFO - Processing /Users/ervinyeoh/Desktop/unimods/is3107/project/.venv/lib/python3.11/site-packages/airflow/example_dags/tutorial_taskflow_api.py took 0.123 seconds
[2025-04-09T08:52:25.339+0800] {processor.py:186} INFO - Started process (PID=22632) to work on /Users/ervinyeoh/Desktop/unimods/is3107/project/.venv/lib/python3.11/site-packages/airflow/example_dags/tutorial_taskflow_api.py
[2025-04-09T08:52:25.340+0800] {processor.py:914} INFO - Processing file /Users/ervinyeoh/Desktop/unimods/is3107/project/.venv/lib/python3.11/site-packages/airflow/example_dags/tutorial_taskflow_api.py for tasks to queue
[2025-04-09T08:52:25.341+0800] {logging_mixin.py:190} INFO - [2025-04-09T08:52:25.341+0800] {dagbag.py:588} INFO - Filling up the DagBag from /Users/ervinyeoh/Desktop/unimods/is3107/project/.venv/lib/python3.11/site-packages/airflow/example_dags/tutorial_taskflow_api.py
[2025-04-09T08:52:25.396+0800] {processor.py:925} INFO - DAG(s) 'tutorial_taskflow_api' retrieved from /Users/ervinyeoh/Desktop/unimods/is3107/project/.venv/lib/python3.11/site-packages/airflow/example_dags/tutorial_taskflow_api.py
[2025-04-09T08:52:25.451+0800] {logging_mixin.py:190} INFO - [2025-04-09T08:52:25.451+0800] {dag.py:3239} INFO - Sync 1 DAGs
[2025-04-09T08:52:25.457+0800] {logging_mixin.py:190} INFO - [2025-04-09T08:52:25.457+0800] {dag.py:4180} INFO - Setting next_dagrun for tutorial_taskflow_api to None, run_after=None
[2025-04-09T08:52:25.467+0800] {processor.py:208} INFO - Processing /Users/ervinyeoh/Desktop/unimods/is3107/project/.venv/lib/python3.11/site-packages/airflow/example_dags/tutorial_taskflow_api.py took 0.130 seconds
[2025-04-09T08:54:11.908+0800] {processor.py:186} INFO - Started process (PID=22784) to work on /Users/ervinyeoh/Desktop/unimods/is3107/project/.venv/lib/python3.11/site-packages/airflow/example_dags/tutorial_taskflow_api.py
[2025-04-09T08:54:11.909+0800] {processor.py:914} INFO - Processing file /Users/ervinyeoh/Desktop/unimods/is3107/project/.venv/lib/python3.11/site-packages/airflow/example_dags/tutorial_taskflow_api.py for tasks to queue
[2025-04-09T08:54:11.909+0800] {logging_mixin.py:190} INFO - [2025-04-09T08:54:11.909+0800] {dagbag.py:588} INFO - Filling up the DagBag from /Users/ervinyeoh/Desktop/unimods/is3107/project/.venv/lib/python3.11/site-packages/airflow/example_dags/tutorial_taskflow_api.py
[2025-04-09T08:54:11.963+0800] {processor.py:925} INFO - DAG(s) 'tutorial_taskflow_api' retrieved from /Users/ervinyeoh/Desktop/unimods/is3107/project/.venv/lib/python3.11/site-packages/airflow/example_dags/tutorial_taskflow_api.py
[2025-04-09T08:54:12.020+0800] {logging_mixin.py:190} INFO - [2025-04-09T08:54:12.020+0800] {dag.py:3239} INFO - Sync 1 DAGs
[2025-04-09T08:54:12.027+0800] {logging_mixin.py:190} INFO - [2025-04-09T08:54:12.027+0800] {dag.py:4180} INFO - Setting next_dagrun for tutorial_taskflow_api to None, run_after=None
[2025-04-09T08:54:12.037+0800] {processor.py:208} INFO - Processing /Users/ervinyeoh/Desktop/unimods/is3107/project/.venv/lib/python3.11/site-packages/airflow/example_dags/tutorial_taskflow_api.py took 0.131 seconds
[2025-04-09T08:55:56.858+0800] {processor.py:186} INFO - Started process (PID=22939) to work on /Users/ervinyeoh/Desktop/unimods/is3107/project/.venv/lib/python3.11/site-packages/airflow/example_dags/tutorial_taskflow_api.py
[2025-04-09T08:55:56.860+0800] {processor.py:914} INFO - Processing file /Users/ervinyeoh/Desktop/unimods/is3107/project/.venv/lib/python3.11/site-packages/airflow/example_dags/tutorial_taskflow_api.py for tasks to queue
[2025-04-09T08:55:56.860+0800] {logging_mixin.py:190} INFO - [2025-04-09T08:55:56.860+0800] {dagbag.py:588} INFO - Filling up the DagBag from /Users/ervinyeoh/Desktop/unimods/is3107/project/.venv/lib/python3.11/site-packages/airflow/example_dags/tutorial_taskflow_api.py
[2025-04-09T08:55:56.912+0800] {processor.py:925} INFO - DAG(s) 'tutorial_taskflow_api' retrieved from /Users/ervinyeoh/Desktop/unimods/is3107/project/.venv/lib/python3.11/site-packages/airflow/example_dags/tutorial_taskflow_api.py
[2025-04-09T08:55:56.963+0800] {logging_mixin.py:190} INFO - [2025-04-09T08:55:56.963+0800] {dag.py:3239} INFO - Sync 1 DAGs
[2025-04-09T08:55:56.969+0800] {logging_mixin.py:190} INFO - [2025-04-09T08:55:56.969+0800] {dag.py:4180} INFO - Setting next_dagrun for tutorial_taskflow_api to None, run_after=None
[2025-04-09T08:55:56.979+0800] {processor.py:208} INFO - Processing /Users/ervinyeoh/Desktop/unimods/is3107/project/.venv/lib/python3.11/site-packages/airflow/example_dags/tutorial_taskflow_api.py took 0.122 seconds
[2025-04-09T08:57:38.605+0800] {processor.py:186} INFO - Started process (PID=23085) to work on /Users/ervinyeoh/Desktop/unimods/is3107/project/.venv/lib/python3.11/site-packages/airflow/example_dags/tutorial_taskflow_api.py
[2025-04-09T08:57:38.606+0800] {processor.py:914} INFO - Processing file /Users/ervinyeoh/Desktop/unimods/is3107/project/.venv/lib/python3.11/site-packages/airflow/example_dags/tutorial_taskflow_api.py for tasks to queue
[2025-04-09T08:57:38.607+0800] {logging_mixin.py:190} INFO - [2025-04-09T08:57:38.607+0800] {dagbag.py:588} INFO - Filling up the DagBag from /Users/ervinyeoh/Desktop/unimods/is3107/project/.venv/lib/python3.11/site-packages/airflow/example_dags/tutorial_taskflow_api.py
[2025-04-09T08:57:38.659+0800] {processor.py:925} INFO - DAG(s) 'tutorial_taskflow_api' retrieved from /Users/ervinyeoh/Desktop/unimods/is3107/project/.venv/lib/python3.11/site-packages/airflow/example_dags/tutorial_taskflow_api.py
[2025-04-09T08:57:38.710+0800] {logging_mixin.py:190} INFO - [2025-04-09T08:57:38.710+0800] {dag.py:3239} INFO - Sync 1 DAGs
[2025-04-09T08:57:38.716+0800] {logging_mixin.py:190} INFO - [2025-04-09T08:57:38.716+0800] {dag.py:4180} INFO - Setting next_dagrun for tutorial_taskflow_api to None, run_after=None
[2025-04-09T08:57:38.725+0800] {processor.py:208} INFO - Processing /Users/ervinyeoh/Desktop/unimods/is3107/project/.venv/lib/python3.11/site-packages/airflow/example_dags/tutorial_taskflow_api.py took 0.122 seconds
[2025-04-09T08:59:21.720+0800] {processor.py:186} INFO - Started process (PID=23211) to work on /Users/ervinyeoh/Desktop/unimods/is3107/project/.venv/lib/python3.11/site-packages/airflow/example_dags/tutorial_taskflow_api.py
[2025-04-09T08:59:21.721+0800] {processor.py:914} INFO - Processing file /Users/ervinyeoh/Desktop/unimods/is3107/project/.venv/lib/python3.11/site-packages/airflow/example_dags/tutorial_taskflow_api.py for tasks to queue
[2025-04-09T08:59:21.722+0800] {logging_mixin.py:190} INFO - [2025-04-09T08:59:21.722+0800] {dagbag.py:588} INFO - Filling up the DagBag from /Users/ervinyeoh/Desktop/unimods/is3107/project/.venv/lib/python3.11/site-packages/airflow/example_dags/tutorial_taskflow_api.py
[2025-04-09T08:59:21.773+0800] {processor.py:925} INFO - DAG(s) 'tutorial_taskflow_api' retrieved from /Users/ervinyeoh/Desktop/unimods/is3107/project/.venv/lib/python3.11/site-packages/airflow/example_dags/tutorial_taskflow_api.py
[2025-04-09T08:59:21.823+0800] {logging_mixin.py:190} INFO - [2025-04-09T08:59:21.823+0800] {dag.py:3239} INFO - Sync 1 DAGs
[2025-04-09T08:59:21.829+0800] {logging_mixin.py:190} INFO - [2025-04-09T08:59:21.829+0800] {dag.py:4180} INFO - Setting next_dagrun for tutorial_taskflow_api to None, run_after=None
[2025-04-09T08:59:21.839+0800] {processor.py:208} INFO - Processing /Users/ervinyeoh/Desktop/unimods/is3107/project/.venv/lib/python3.11/site-packages/airflow/example_dags/tutorial_taskflow_api.py took 0.121 seconds
[2025-04-09T09:01:01.542+0800] {processor.py:186} INFO - Started process (PID=23319) to work on /Users/ervinyeoh/Desktop/unimods/is3107/project/.venv/lib/python3.11/site-packages/airflow/example_dags/tutorial_taskflow_api.py
[2025-04-09T09:01:01.543+0800] {processor.py:914} INFO - Processing file /Users/ervinyeoh/Desktop/unimods/is3107/project/.venv/lib/python3.11/site-packages/airflow/example_dags/tutorial_taskflow_api.py for tasks to queue
[2025-04-09T09:01:01.544+0800] {logging_mixin.py:190} INFO - [2025-04-09T09:01:01.544+0800] {dagbag.py:588} INFO - Filling up the DagBag from /Users/ervinyeoh/Desktop/unimods/is3107/project/.venv/lib/python3.11/site-packages/airflow/example_dags/tutorial_taskflow_api.py
[2025-04-09T09:01:01.595+0800] {processor.py:925} INFO - DAG(s) 'tutorial_taskflow_api' retrieved from /Users/ervinyeoh/Desktop/unimods/is3107/project/.venv/lib/python3.11/site-packages/airflow/example_dags/tutorial_taskflow_api.py
[2025-04-09T09:01:01.647+0800] {logging_mixin.py:190} INFO - [2025-04-09T09:01:01.647+0800] {dag.py:3239} INFO - Sync 1 DAGs
[2025-04-09T09:01:01.653+0800] {logging_mixin.py:190} INFO - [2025-04-09T09:01:01.653+0800] {dag.py:4180} INFO - Setting next_dagrun for tutorial_taskflow_api to None, run_after=None
[2025-04-09T09:01:01.663+0800] {processor.py:208} INFO - Processing /Users/ervinyeoh/Desktop/unimods/is3107/project/.venv/lib/python3.11/site-packages/airflow/example_dags/tutorial_taskflow_api.py took 0.123 seconds
[2025-04-09T09:02:45.622+0800] {processor.py:186} INFO - Started process (PID=23443) to work on /Users/ervinyeoh/Desktop/unimods/is3107/project/.venv/lib/python3.11/site-packages/airflow/example_dags/tutorial_taskflow_api.py
[2025-04-09T09:02:45.624+0800] {processor.py:914} INFO - Processing file /Users/ervinyeoh/Desktop/unimods/is3107/project/.venv/lib/python3.11/site-packages/airflow/example_dags/tutorial_taskflow_api.py for tasks to queue
[2025-04-09T09:02:45.624+0800] {logging_mixin.py:190} INFO - [2025-04-09T09:02:45.624+0800] {dagbag.py:588} INFO - Filling up the DagBag from /Users/ervinyeoh/Desktop/unimods/is3107/project/.venv/lib/python3.11/site-packages/airflow/example_dags/tutorial_taskflow_api.py
[2025-04-09T09:02:45.675+0800] {processor.py:925} INFO - DAG(s) 'tutorial_taskflow_api' retrieved from /Users/ervinyeoh/Desktop/unimods/is3107/project/.venv/lib/python3.11/site-packages/airflow/example_dags/tutorial_taskflow_api.py
[2025-04-09T09:02:45.727+0800] {logging_mixin.py:190} INFO - [2025-04-09T09:02:45.726+0800] {dag.py:3239} INFO - Sync 1 DAGs
[2025-04-09T09:02:45.732+0800] {logging_mixin.py:190} INFO - [2025-04-09T09:02:45.732+0800] {dag.py:4180} INFO - Setting next_dagrun for tutorial_taskflow_api to None, run_after=None
[2025-04-09T09:02:45.742+0800] {processor.py:208} INFO - Processing /Users/ervinyeoh/Desktop/unimods/is3107/project/.venv/lib/python3.11/site-packages/airflow/example_dags/tutorial_taskflow_api.py took 0.121 seconds
