[2025-03-22T12:51:27.806+0800] {processor.py:186} INFO - Started process (PID=68296) to work on /Users/ervinyeoh/Desktop/unimods/is3107/project/.venv/lib/python3.11/site-packages/airflow/example_dags/example_bash_operator.py
[2025-03-22T12:51:27.807+0800] {processor.py:914} INFO - Processing file /Users/ervinyeoh/Desktop/unimods/is3107/project/.venv/lib/python3.11/site-packages/airflow/example_dags/example_bash_operator.py for tasks to queue
[2025-03-22T12:51:27.807+0800] {logging_mixin.py:190} INFO - [2025-03-22T12:51:27.807+0800] {dagbag.py:588} INFO - Filling up the DagBag from /Users/ervinyeoh/Desktop/unimods/is3107/project/.venv/lib/python3.11/site-packages/airflow/example_dags/example_bash_operator.py
[2025-03-22T12:51:27.817+0800] {processor.py:925} INFO - DAG(s) 'example_bash_operator' retrieved from /Users/ervinyeoh/Desktop/unimods/is3107/project/.venv/lib/python3.11/site-packages/airflow/example_dags/example_bash_operator.py
[2025-03-22T12:51:27.904+0800] {logging_mixin.py:190} INFO - [2025-03-22T12:51:27.904+0800] {dag.py:3239} INFO - Sync 1 DAGs
[2025-03-22T12:51:27.916+0800] {logging_mixin.py:190} INFO - [2025-03-22T12:51:27.915+0800] {dag.py:4180} INFO - Setting next_dagrun for example_bash_operator to 2025-03-21 00:00:00+00:00, run_after=2025-03-22 00:00:00+00:00
[2025-03-22T12:51:27.927+0800] {processor.py:208} INFO - Processing /Users/ervinyeoh/Desktop/unimods/is3107/project/.venv/lib/python3.11/site-packages/airflow/example_dags/example_bash_operator.py took 0.123 seconds
[2025-03-22T13:15:26.073+0800] {processor.py:186} INFO - Started process (PID=70276) to work on /Users/ervinyeoh/Desktop/unimods/is3107/project/.venv/lib/python3.11/site-packages/airflow/example_dags/example_bash_operator.py
[2025-03-22T13:15:26.074+0800] {processor.py:914} INFO - Processing file /Users/ervinyeoh/Desktop/unimods/is3107/project/.venv/lib/python3.11/site-packages/airflow/example_dags/example_bash_operator.py for tasks to queue
[2025-03-22T13:15:26.075+0800] {logging_mixin.py:190} INFO - [2025-03-22T13:15:26.075+0800] {dagbag.py:588} INFO - Filling up the DagBag from /Users/ervinyeoh/Desktop/unimods/is3107/project/.venv/lib/python3.11/site-packages/airflow/example_dags/example_bash_operator.py
[2025-03-22T13:15:26.083+0800] {processor.py:925} INFO - DAG(s) 'example_bash_operator' retrieved from /Users/ervinyeoh/Desktop/unimods/is3107/project/.venv/lib/python3.11/site-packages/airflow/example_dags/example_bash_operator.py
[2025-03-22T13:15:26.170+0800] {logging_mixin.py:190} INFO - [2025-03-22T13:15:26.170+0800] {dag.py:3239} INFO - Sync 1 DAGs
[2025-03-22T13:15:26.182+0800] {logging_mixin.py:190} INFO - [2025-03-22T13:15:26.181+0800] {dag.py:4180} INFO - Setting next_dagrun for example_bash_operator to 2025-03-21 00:00:00+00:00, run_after=2025-03-22 00:00:00+00:00
[2025-03-22T13:15:26.191+0800] {processor.py:208} INFO - Processing /Users/ervinyeoh/Desktop/unimods/is3107/project/.venv/lib/python3.11/site-packages/airflow/example_dags/example_bash_operator.py took 0.120 seconds
[2025-03-22T13:18:41.912+0800] {processor.py:186} INFO - Started process (PID=70640) to work on /Users/ervinyeoh/Desktop/unimods/is3107/project/.venv/lib/python3.11/site-packages/airflow/example_dags/example_bash_operator.py
[2025-03-22T13:18:41.913+0800] {processor.py:914} INFO - Processing file /Users/ervinyeoh/Desktop/unimods/is3107/project/.venv/lib/python3.11/site-packages/airflow/example_dags/example_bash_operator.py for tasks to queue
[2025-03-22T13:18:41.913+0800] {logging_mixin.py:190} INFO - [2025-03-22T13:18:41.913+0800] {dagbag.py:588} INFO - Filling up the DagBag from /Users/ervinyeoh/Desktop/unimods/is3107/project/.venv/lib/python3.11/site-packages/airflow/example_dags/example_bash_operator.py
[2025-03-22T13:18:41.922+0800] {processor.py:925} INFO - DAG(s) 'example_bash_operator' retrieved from /Users/ervinyeoh/Desktop/unimods/is3107/project/.venv/lib/python3.11/site-packages/airflow/example_dags/example_bash_operator.py
[2025-03-22T13:18:42.016+0800] {logging_mixin.py:190} INFO - [2025-03-22T13:18:42.016+0800] {dag.py:3239} INFO - Sync 1 DAGs
[2025-03-22T13:18:42.027+0800] {logging_mixin.py:190} INFO - [2025-03-22T13:18:42.027+0800] {dag.py:4180} INFO - Setting next_dagrun for example_bash_operator to 2025-03-21 00:00:00+00:00, run_after=2025-03-22 00:00:00+00:00
[2025-03-22T13:18:42.037+0800] {processor.py:208} INFO - Processing /Users/ervinyeoh/Desktop/unimods/is3107/project/.venv/lib/python3.11/site-packages/airflow/example_dags/example_bash_operator.py took 0.127 seconds
[2025-03-22T13:22:01.071+0800] {processor.py:186} INFO - Started process (PID=70932) to work on /Users/ervinyeoh/Desktop/unimods/is3107/project/.venv/lib/python3.11/site-packages/airflow/example_dags/example_bash_operator.py
[2025-03-22T13:22:01.073+0800] {processor.py:914} INFO - Processing file /Users/ervinyeoh/Desktop/unimods/is3107/project/.venv/lib/python3.11/site-packages/airflow/example_dags/example_bash_operator.py for tasks to queue
[2025-03-22T13:22:01.073+0800] {logging_mixin.py:190} INFO - [2025-03-22T13:22:01.073+0800] {dagbag.py:588} INFO - Filling up the DagBag from /Users/ervinyeoh/Desktop/unimods/is3107/project/.venv/lib/python3.11/site-packages/airflow/example_dags/example_bash_operator.py
[2025-03-22T13:22:01.081+0800] {processor.py:925} INFO - DAG(s) 'example_bash_operator' retrieved from /Users/ervinyeoh/Desktop/unimods/is3107/project/.venv/lib/python3.11/site-packages/airflow/example_dags/example_bash_operator.py
[2025-03-22T13:22:01.167+0800] {logging_mixin.py:190} INFO - [2025-03-22T13:22:01.167+0800] {dag.py:3239} INFO - Sync 1 DAGs
[2025-03-22T13:22:01.178+0800] {logging_mixin.py:190} INFO - [2025-03-22T13:22:01.178+0800] {dag.py:4180} INFO - Setting next_dagrun for example_bash_operator to 2025-03-21 00:00:00+00:00, run_after=2025-03-22 00:00:00+00:00
[2025-03-22T13:22:01.187+0800] {processor.py:208} INFO - Processing /Users/ervinyeoh/Desktop/unimods/is3107/project/.venv/lib/python3.11/site-packages/airflow/example_dags/example_bash_operator.py took 0.118 seconds
[2025-03-22T13:25:19.968+0800] {processor.py:186} INFO - Started process (PID=71212) to work on /Users/ervinyeoh/Desktop/unimods/is3107/project/.venv/lib/python3.11/site-packages/airflow/example_dags/example_bash_operator.py
[2025-03-22T13:25:19.969+0800] {processor.py:914} INFO - Processing file /Users/ervinyeoh/Desktop/unimods/is3107/project/.venv/lib/python3.11/site-packages/airflow/example_dags/example_bash_operator.py for tasks to queue
[2025-03-22T13:25:19.970+0800] {logging_mixin.py:190} INFO - [2025-03-22T13:25:19.970+0800] {dagbag.py:588} INFO - Filling up the DagBag from /Users/ervinyeoh/Desktop/unimods/is3107/project/.venv/lib/python3.11/site-packages/airflow/example_dags/example_bash_operator.py
[2025-03-22T13:25:19.978+0800] {processor.py:925} INFO - DAG(s) 'example_bash_operator' retrieved from /Users/ervinyeoh/Desktop/unimods/is3107/project/.venv/lib/python3.11/site-packages/airflow/example_dags/example_bash_operator.py
[2025-03-22T13:25:20.063+0800] {logging_mixin.py:190} INFO - [2025-03-22T13:25:20.063+0800] {dag.py:3239} INFO - Sync 1 DAGs
[2025-03-22T13:25:20.075+0800] {logging_mixin.py:190} INFO - [2025-03-22T13:25:20.074+0800] {dag.py:4180} INFO - Setting next_dagrun for example_bash_operator to 2025-03-21 00:00:00+00:00, run_after=2025-03-22 00:00:00+00:00
[2025-03-22T13:25:20.084+0800] {processor.py:208} INFO - Processing /Users/ervinyeoh/Desktop/unimods/is3107/project/.venv/lib/python3.11/site-packages/airflow/example_dags/example_bash_operator.py took 0.118 seconds
[2025-03-22T13:28:39.564+0800] {processor.py:186} INFO - Started process (PID=71648) to work on /Users/ervinyeoh/Desktop/unimods/is3107/project/.venv/lib/python3.11/site-packages/airflow/example_dags/example_bash_operator.py
[2025-03-22T13:28:39.565+0800] {processor.py:914} INFO - Processing file /Users/ervinyeoh/Desktop/unimods/is3107/project/.venv/lib/python3.11/site-packages/airflow/example_dags/example_bash_operator.py for tasks to queue
[2025-03-22T13:28:39.566+0800] {logging_mixin.py:190} INFO - [2025-03-22T13:28:39.565+0800] {dagbag.py:588} INFO - Filling up the DagBag from /Users/ervinyeoh/Desktop/unimods/is3107/project/.venv/lib/python3.11/site-packages/airflow/example_dags/example_bash_operator.py
[2025-03-22T13:28:39.573+0800] {processor.py:925} INFO - DAG(s) 'example_bash_operator' retrieved from /Users/ervinyeoh/Desktop/unimods/is3107/project/.venv/lib/python3.11/site-packages/airflow/example_dags/example_bash_operator.py
[2025-03-22T13:28:39.680+0800] {logging_mixin.py:190} INFO - [2025-03-22T13:28:39.680+0800] {dag.py:3239} INFO - Sync 1 DAGs
[2025-03-22T13:28:39.692+0800] {logging_mixin.py:190} INFO - [2025-03-22T13:28:39.692+0800] {dag.py:4180} INFO - Setting next_dagrun for example_bash_operator to 2025-03-21 00:00:00+00:00, run_after=2025-03-22 00:00:00+00:00
[2025-03-22T13:28:39.702+0800] {processor.py:208} INFO - Processing /Users/ervinyeoh/Desktop/unimods/is3107/project/.venv/lib/python3.11/site-packages/airflow/example_dags/example_bash_operator.py took 0.140 seconds
[2025-03-22T13:31:56.928+0800] {processor.py:186} INFO - Started process (PID=71937) to work on /Users/ervinyeoh/Desktop/unimods/is3107/project/.venv/lib/python3.11/site-packages/airflow/example_dags/example_bash_operator.py
[2025-03-22T13:31:56.929+0800] {processor.py:914} INFO - Processing file /Users/ervinyeoh/Desktop/unimods/is3107/project/.venv/lib/python3.11/site-packages/airflow/example_dags/example_bash_operator.py for tasks to queue
[2025-03-22T13:31:56.929+0800] {logging_mixin.py:190} INFO - [2025-03-22T13:31:56.929+0800] {dagbag.py:588} INFO - Filling up the DagBag from /Users/ervinyeoh/Desktop/unimods/is3107/project/.venv/lib/python3.11/site-packages/airflow/example_dags/example_bash_operator.py
[2025-03-22T13:31:56.937+0800] {processor.py:925} INFO - DAG(s) 'example_bash_operator' retrieved from /Users/ervinyeoh/Desktop/unimods/is3107/project/.venv/lib/python3.11/site-packages/airflow/example_dags/example_bash_operator.py
[2025-03-22T13:31:57.021+0800] {logging_mixin.py:190} INFO - [2025-03-22T13:31:57.021+0800] {dag.py:3239} INFO - Sync 1 DAGs
[2025-03-22T13:31:57.032+0800] {logging_mixin.py:190} INFO - [2025-03-22T13:31:57.032+0800] {dag.py:4180} INFO - Setting next_dagrun for example_bash_operator to 2025-03-21 00:00:00+00:00, run_after=2025-03-22 00:00:00+00:00
[2025-03-22T13:31:57.041+0800] {processor.py:208} INFO - Processing /Users/ervinyeoh/Desktop/unimods/is3107/project/.venv/lib/python3.11/site-packages/airflow/example_dags/example_bash_operator.py took 0.115 seconds
[2025-03-22T14:03:30.481+0800] {processor.py:186} INFO - Started process (PID=72327) to work on /Users/ervinyeoh/Desktop/unimods/is3107/project/.venv/lib/python3.11/site-packages/airflow/example_dags/example_bash_operator.py
[2025-03-22T14:03:30.482+0800] {processor.py:914} INFO - Processing file /Users/ervinyeoh/Desktop/unimods/is3107/project/.venv/lib/python3.11/site-packages/airflow/example_dags/example_bash_operator.py for tasks to queue
[2025-03-22T14:03:30.482+0800] {logging_mixin.py:190} INFO - [2025-03-22T14:03:30.482+0800] {dagbag.py:588} INFO - Filling up the DagBag from /Users/ervinyeoh/Desktop/unimods/is3107/project/.venv/lib/python3.11/site-packages/airflow/example_dags/example_bash_operator.py
[2025-03-22T14:03:30.490+0800] {processor.py:925} INFO - DAG(s) 'example_bash_operator' retrieved from /Users/ervinyeoh/Desktop/unimods/is3107/project/.venv/lib/python3.11/site-packages/airflow/example_dags/example_bash_operator.py
[2025-03-22T14:03:30.575+0800] {logging_mixin.py:190} INFO - [2025-03-22T14:03:30.575+0800] {dag.py:3239} INFO - Sync 1 DAGs
[2025-03-22T14:03:30.587+0800] {logging_mixin.py:190} INFO - [2025-03-22T14:03:30.586+0800] {dag.py:4180} INFO - Setting next_dagrun for example_bash_operator to 2025-03-21 00:00:00+00:00, run_after=2025-03-22 00:00:00+00:00
[2025-03-22T14:03:30.601+0800] {processor.py:208} INFO - Processing /Users/ervinyeoh/Desktop/unimods/is3107/project/.venv/lib/python3.11/site-packages/airflow/example_dags/example_bash_operator.py took 0.122 seconds
[2025-03-22T14:07:32.010+0800] {processor.py:186} INFO - Started process (PID=72953) to work on /Users/ervinyeoh/Desktop/unimods/is3107/project/.venv/lib/python3.11/site-packages/airflow/example_dags/example_bash_operator.py
[2025-03-22T14:07:32.011+0800] {processor.py:914} INFO - Processing file /Users/ervinyeoh/Desktop/unimods/is3107/project/.venv/lib/python3.11/site-packages/airflow/example_dags/example_bash_operator.py for tasks to queue
[2025-03-22T14:07:32.012+0800] {logging_mixin.py:190} INFO - [2025-03-22T14:07:32.012+0800] {dagbag.py:588} INFO - Filling up the DagBag from /Users/ervinyeoh/Desktop/unimods/is3107/project/.venv/lib/python3.11/site-packages/airflow/example_dags/example_bash_operator.py
[2025-03-22T14:07:32.020+0800] {processor.py:925} INFO - DAG(s) 'example_bash_operator' retrieved from /Users/ervinyeoh/Desktop/unimods/is3107/project/.venv/lib/python3.11/site-packages/airflow/example_dags/example_bash_operator.py
[2025-03-22T14:07:32.105+0800] {logging_mixin.py:190} INFO - [2025-03-22T14:07:32.105+0800] {dag.py:3239} INFO - Sync 1 DAGs
[2025-03-22T14:07:32.117+0800] {logging_mixin.py:190} INFO - [2025-03-22T14:07:32.117+0800] {dag.py:4180} INFO - Setting next_dagrun for example_bash_operator to 2025-03-21 00:00:00+00:00, run_after=2025-03-22 00:00:00+00:00
[2025-03-22T14:07:32.127+0800] {processor.py:208} INFO - Processing /Users/ervinyeoh/Desktop/unimods/is3107/project/.venv/lib/python3.11/site-packages/airflow/example_dags/example_bash_operator.py took 0.119 seconds
[2025-03-22T14:11:53.250+0800] {processor.py:186} INFO - Started process (PID=75001) to work on /Users/ervinyeoh/Desktop/unimods/is3107/project/.venv/lib/python3.11/site-packages/airflow/example_dags/example_bash_operator.py
[2025-03-22T14:11:53.251+0800] {processor.py:914} INFO - Processing file /Users/ervinyeoh/Desktop/unimods/is3107/project/.venv/lib/python3.11/site-packages/airflow/example_dags/example_bash_operator.py for tasks to queue
[2025-03-22T14:11:53.252+0800] {logging_mixin.py:190} INFO - [2025-03-22T14:11:53.252+0800] {dagbag.py:588} INFO - Filling up the DagBag from /Users/ervinyeoh/Desktop/unimods/is3107/project/.venv/lib/python3.11/site-packages/airflow/example_dags/example_bash_operator.py
[2025-03-22T14:11:53.259+0800] {processor.py:925} INFO - DAG(s) 'example_bash_operator' retrieved from /Users/ervinyeoh/Desktop/unimods/is3107/project/.venv/lib/python3.11/site-packages/airflow/example_dags/example_bash_operator.py
[2025-03-22T14:11:53.345+0800] {logging_mixin.py:190} INFO - [2025-03-22T14:11:53.345+0800] {dag.py:3239} INFO - Sync 1 DAGs
[2025-03-22T14:11:53.357+0800] {logging_mixin.py:190} INFO - [2025-03-22T14:11:53.357+0800] {dag.py:4180} INFO - Setting next_dagrun for example_bash_operator to 2025-03-21 00:00:00+00:00, run_after=2025-03-22 00:00:00+00:00
[2025-03-22T14:11:53.367+0800] {processor.py:208} INFO - Processing /Users/ervinyeoh/Desktop/unimods/is3107/project/.venv/lib/python3.11/site-packages/airflow/example_dags/example_bash_operator.py took 0.119 seconds
[2025-03-22T14:15:59.240+0800] {processor.py:186} INFO - Started process (PID=75837) to work on /Users/ervinyeoh/Desktop/unimods/is3107/project/.venv/lib/python3.11/site-packages/airflow/example_dags/example_bash_operator.py
[2025-03-22T14:15:59.241+0800] {processor.py:914} INFO - Processing file /Users/ervinyeoh/Desktop/unimods/is3107/project/.venv/lib/python3.11/site-packages/airflow/example_dags/example_bash_operator.py for tasks to queue
[2025-03-22T14:15:59.242+0800] {logging_mixin.py:190} INFO - [2025-03-22T14:15:59.242+0800] {dagbag.py:588} INFO - Filling up the DagBag from /Users/ervinyeoh/Desktop/unimods/is3107/project/.venv/lib/python3.11/site-packages/airflow/example_dags/example_bash_operator.py
[2025-03-22T14:15:59.250+0800] {processor.py:925} INFO - DAG(s) 'example_bash_operator' retrieved from /Users/ervinyeoh/Desktop/unimods/is3107/project/.venv/lib/python3.11/site-packages/airflow/example_dags/example_bash_operator.py
[2025-03-22T14:15:59.336+0800] {logging_mixin.py:190} INFO - [2025-03-22T14:15:59.336+0800] {dag.py:3239} INFO - Sync 1 DAGs
[2025-03-22T14:15:59.347+0800] {logging_mixin.py:190} INFO - [2025-03-22T14:15:59.347+0800] {dag.py:4180} INFO - Setting next_dagrun for example_bash_operator to 2025-03-21 00:00:00+00:00, run_after=2025-03-22 00:00:00+00:00
[2025-03-22T14:15:59.357+0800] {processor.py:208} INFO - Processing /Users/ervinyeoh/Desktop/unimods/is3107/project/.venv/lib/python3.11/site-packages/airflow/example_dags/example_bash_operator.py took 0.119 seconds
[2025-03-22T14:19:27.821+0800] {processor.py:186} INFO - Started process (PID=76206) to work on /Users/ervinyeoh/Desktop/unimods/is3107/project/.venv/lib/python3.11/site-packages/airflow/example_dags/example_bash_operator.py
[2025-03-22T14:19:27.822+0800] {processor.py:914} INFO - Processing file /Users/ervinyeoh/Desktop/unimods/is3107/project/.venv/lib/python3.11/site-packages/airflow/example_dags/example_bash_operator.py for tasks to queue
[2025-03-22T14:19:27.822+0800] {logging_mixin.py:190} INFO - [2025-03-22T14:19:27.822+0800] {dagbag.py:588} INFO - Filling up the DagBag from /Users/ervinyeoh/Desktop/unimods/is3107/project/.venv/lib/python3.11/site-packages/airflow/example_dags/example_bash_operator.py
[2025-03-22T14:19:27.829+0800] {processor.py:925} INFO - DAG(s) 'example_bash_operator' retrieved from /Users/ervinyeoh/Desktop/unimods/is3107/project/.venv/lib/python3.11/site-packages/airflow/example_dags/example_bash_operator.py
[2025-03-22T14:19:27.915+0800] {logging_mixin.py:190} INFO - [2025-03-22T14:19:27.915+0800] {dag.py:3239} INFO - Sync 1 DAGs
[2025-03-22T14:19:27.926+0800] {logging_mixin.py:190} INFO - [2025-03-22T14:19:27.926+0800] {dag.py:4180} INFO - Setting next_dagrun for example_bash_operator to 2025-03-21 00:00:00+00:00, run_after=2025-03-22 00:00:00+00:00
[2025-03-22T14:19:27.936+0800] {processor.py:208} INFO - Processing /Users/ervinyeoh/Desktop/unimods/is3107/project/.venv/lib/python3.11/site-packages/airflow/example_dags/example_bash_operator.py took 0.117 seconds
[2025-03-22T17:10:11.284+0800] {processor.py:186} INFO - Started process (PID=83590) to work on /Users/ervinyeoh/Desktop/unimods/is3107/project/.venv/lib/python3.11/site-packages/airflow/example_dags/example_bash_operator.py
[2025-03-22T17:10:11.284+0800] {processor.py:914} INFO - Processing file /Users/ervinyeoh/Desktop/unimods/is3107/project/.venv/lib/python3.11/site-packages/airflow/example_dags/example_bash_operator.py for tasks to queue
[2025-03-22T17:10:11.285+0800] {logging_mixin.py:190} INFO - [2025-03-22T17:10:11.284+0800] {dagbag.py:588} INFO - Filling up the DagBag from /Users/ervinyeoh/Desktop/unimods/is3107/project/.venv/lib/python3.11/site-packages/airflow/example_dags/example_bash_operator.py
[2025-03-22T17:10:11.289+0800] {processor.py:925} INFO - DAG(s) 'example_bash_operator' retrieved from /Users/ervinyeoh/Desktop/unimods/is3107/project/.venv/lib/python3.11/site-packages/airflow/example_dags/example_bash_operator.py
[2025-03-22T17:10:11.345+0800] {logging_mixin.py:190} INFO - [2025-03-22T17:10:11.345+0800] {dag.py:3239} INFO - Sync 1 DAGs
[2025-03-22T17:10:11.351+0800] {logging_mixin.py:190} INFO - [2025-03-22T17:10:11.351+0800] {dag.py:4180} INFO - Setting next_dagrun for example_bash_operator to 2025-03-21 00:00:00+00:00, run_after=2025-03-22 00:00:00+00:00
[2025-03-22T17:10:11.357+0800] {processor.py:208} INFO - Processing /Users/ervinyeoh/Desktop/unimods/is3107/project/.venv/lib/python3.11/site-packages/airflow/example_dags/example_bash_operator.py took 0.075 seconds
[2025-03-22T17:12:34.406+0800] {processor.py:186} INFO - Started process (PID=83893) to work on /Users/ervinyeoh/Desktop/unimods/is3107/project/.venv/lib/python3.11/site-packages/airflow/example_dags/example_bash_operator.py
[2025-03-22T17:12:34.406+0800] {processor.py:914} INFO - Processing file /Users/ervinyeoh/Desktop/unimods/is3107/project/.venv/lib/python3.11/site-packages/airflow/example_dags/example_bash_operator.py for tasks to queue
[2025-03-22T17:12:34.407+0800] {logging_mixin.py:190} INFO - [2025-03-22T17:12:34.407+0800] {dagbag.py:588} INFO - Filling up the DagBag from /Users/ervinyeoh/Desktop/unimods/is3107/project/.venv/lib/python3.11/site-packages/airflow/example_dags/example_bash_operator.py
[2025-03-22T17:12:34.413+0800] {processor.py:925} INFO - DAG(s) 'example_bash_operator' retrieved from /Users/ervinyeoh/Desktop/unimods/is3107/project/.venv/lib/python3.11/site-packages/airflow/example_dags/example_bash_operator.py
[2025-03-22T17:12:34.468+0800] {logging_mixin.py:190} INFO - [2025-03-22T17:12:34.468+0800] {dag.py:3239} INFO - Sync 1 DAGs
[2025-03-22T17:12:34.475+0800] {logging_mixin.py:190} INFO - [2025-03-22T17:12:34.475+0800] {dag.py:4180} INFO - Setting next_dagrun for example_bash_operator to 2025-03-21 00:00:00+00:00, run_after=2025-03-22 00:00:00+00:00
[2025-03-22T17:12:34.481+0800] {processor.py:208} INFO - Processing /Users/ervinyeoh/Desktop/unimods/is3107/project/.venv/lib/python3.11/site-packages/airflow/example_dags/example_bash_operator.py took 0.077 seconds
[2025-03-22T17:15:03.699+0800] {processor.py:186} INFO - Started process (PID=84165) to work on /Users/ervinyeoh/Desktop/unimods/is3107/project/.venv/lib/python3.11/site-packages/airflow/example_dags/example_bash_operator.py
[2025-03-22T17:15:03.699+0800] {processor.py:914} INFO - Processing file /Users/ervinyeoh/Desktop/unimods/is3107/project/.venv/lib/python3.11/site-packages/airflow/example_dags/example_bash_operator.py for tasks to queue
[2025-03-22T17:15:03.699+0800] {logging_mixin.py:190} INFO - [2025-03-22T17:15:03.699+0800] {dagbag.py:588} INFO - Filling up the DagBag from /Users/ervinyeoh/Desktop/unimods/is3107/project/.venv/lib/python3.11/site-packages/airflow/example_dags/example_bash_operator.py
[2025-03-22T17:15:03.704+0800] {processor.py:925} INFO - DAG(s) 'example_bash_operator' retrieved from /Users/ervinyeoh/Desktop/unimods/is3107/project/.venv/lib/python3.11/site-packages/airflow/example_dags/example_bash_operator.py
[2025-03-22T17:15:03.758+0800] {logging_mixin.py:190} INFO - [2025-03-22T17:15:03.758+0800] {dag.py:3239} INFO - Sync 1 DAGs
[2025-03-22T17:15:03.764+0800] {logging_mixin.py:190} INFO - [2025-03-22T17:15:03.764+0800] {dag.py:4180} INFO - Setting next_dagrun for example_bash_operator to 2025-03-21 00:00:00+00:00, run_after=2025-03-22 00:00:00+00:00
[2025-03-22T17:15:03.770+0800] {processor.py:208} INFO - Processing /Users/ervinyeoh/Desktop/unimods/is3107/project/.venv/lib/python3.11/site-packages/airflow/example_dags/example_bash_operator.py took 0.072 seconds
[2025-03-22T17:20:19.270+0800] {processor.py:186} INFO - Started process (PID=84502) to work on /Users/ervinyeoh/Desktop/unimods/is3107/project/.venv/lib/python3.11/site-packages/airflow/example_dags/example_bash_operator.py
[2025-03-22T17:20:19.271+0800] {processor.py:914} INFO - Processing file /Users/ervinyeoh/Desktop/unimods/is3107/project/.venv/lib/python3.11/site-packages/airflow/example_dags/example_bash_operator.py for tasks to queue
[2025-03-22T17:20:19.271+0800] {logging_mixin.py:190} INFO - [2025-03-22T17:20:19.271+0800] {dagbag.py:588} INFO - Filling up the DagBag from /Users/ervinyeoh/Desktop/unimods/is3107/project/.venv/lib/python3.11/site-packages/airflow/example_dags/example_bash_operator.py
[2025-03-22T17:20:19.276+0800] {processor.py:925} INFO - DAG(s) 'example_bash_operator' retrieved from /Users/ervinyeoh/Desktop/unimods/is3107/project/.venv/lib/python3.11/site-packages/airflow/example_dags/example_bash_operator.py
[2025-03-22T17:20:19.332+0800] {logging_mixin.py:190} INFO - [2025-03-22T17:20:19.332+0800] {dag.py:3239} INFO - Sync 1 DAGs
[2025-03-22T17:20:19.338+0800] {logging_mixin.py:190} INFO - [2025-03-22T17:20:19.338+0800] {dag.py:4180} INFO - Setting next_dagrun for example_bash_operator to 2025-03-21 00:00:00+00:00, run_after=2025-03-22 00:00:00+00:00
[2025-03-22T17:20:19.344+0800] {processor.py:208} INFO - Processing /Users/ervinyeoh/Desktop/unimods/is3107/project/.venv/lib/python3.11/site-packages/airflow/example_dags/example_bash_operator.py took 0.075 seconds
[2025-03-22T17:22:48.917+0800] {processor.py:186} INFO - Started process (PID=84753) to work on /Users/ervinyeoh/Desktop/unimods/is3107/project/.venv/lib/python3.11/site-packages/airflow/example_dags/example_bash_operator.py
[2025-03-22T17:22:48.917+0800] {processor.py:914} INFO - Processing file /Users/ervinyeoh/Desktop/unimods/is3107/project/.venv/lib/python3.11/site-packages/airflow/example_dags/example_bash_operator.py for tasks to queue
[2025-03-22T17:22:48.918+0800] {logging_mixin.py:190} INFO - [2025-03-22T17:22:48.918+0800] {dagbag.py:588} INFO - Filling up the DagBag from /Users/ervinyeoh/Desktop/unimods/is3107/project/.venv/lib/python3.11/site-packages/airflow/example_dags/example_bash_operator.py
[2025-03-22T17:22:48.924+0800] {processor.py:925} INFO - DAG(s) 'example_bash_operator' retrieved from /Users/ervinyeoh/Desktop/unimods/is3107/project/.venv/lib/python3.11/site-packages/airflow/example_dags/example_bash_operator.py
[2025-03-22T17:22:48.982+0800] {logging_mixin.py:190} INFO - [2025-03-22T17:22:48.982+0800] {dag.py:3239} INFO - Sync 1 DAGs
[2025-03-22T17:22:48.988+0800] {logging_mixin.py:190} INFO - [2025-03-22T17:22:48.988+0800] {dag.py:4180} INFO - Setting next_dagrun for example_bash_operator to 2025-03-21 00:00:00+00:00, run_after=2025-03-22 00:00:00+00:00
[2025-03-22T17:22:48.994+0800] {processor.py:208} INFO - Processing /Users/ervinyeoh/Desktop/unimods/is3107/project/.venv/lib/python3.11/site-packages/airflow/example_dags/example_bash_operator.py took 0.078 seconds
[2025-03-22T17:25:21.539+0800] {processor.py:186} INFO - Started process (PID=85020) to work on /Users/ervinyeoh/Desktop/unimods/is3107/project/.venv/lib/python3.11/site-packages/airflow/example_dags/example_bash_operator.py
[2025-03-22T17:25:21.539+0800] {processor.py:914} INFO - Processing file /Users/ervinyeoh/Desktop/unimods/is3107/project/.venv/lib/python3.11/site-packages/airflow/example_dags/example_bash_operator.py for tasks to queue
[2025-03-22T17:25:21.540+0800] {logging_mixin.py:190} INFO - [2025-03-22T17:25:21.540+0800] {dagbag.py:588} INFO - Filling up the DagBag from /Users/ervinyeoh/Desktop/unimods/is3107/project/.venv/lib/python3.11/site-packages/airflow/example_dags/example_bash_operator.py
[2025-03-22T17:25:21.545+0800] {processor.py:925} INFO - DAG(s) 'example_bash_operator' retrieved from /Users/ervinyeoh/Desktop/unimods/is3107/project/.venv/lib/python3.11/site-packages/airflow/example_dags/example_bash_operator.py
[2025-03-22T17:25:21.600+0800] {logging_mixin.py:190} INFO - [2025-03-22T17:25:21.600+0800] {dag.py:3239} INFO - Sync 1 DAGs
[2025-03-22T17:25:21.606+0800] {logging_mixin.py:190} INFO - [2025-03-22T17:25:21.606+0800] {dag.py:4180} INFO - Setting next_dagrun for example_bash_operator to 2025-03-21 00:00:00+00:00, run_after=2025-03-22 00:00:00+00:00
[2025-03-22T17:25:21.613+0800] {processor.py:208} INFO - Processing /Users/ervinyeoh/Desktop/unimods/is3107/project/.venv/lib/python3.11/site-packages/airflow/example_dags/example_bash_operator.py took 0.075 seconds
[2025-03-22T17:27:49.143+0800] {processor.py:186} INFO - Started process (PID=85295) to work on /Users/ervinyeoh/Desktop/unimods/is3107/project/.venv/lib/python3.11/site-packages/airflow/example_dags/example_bash_operator.py
[2025-03-22T17:27:49.143+0800] {processor.py:914} INFO - Processing file /Users/ervinyeoh/Desktop/unimods/is3107/project/.venv/lib/python3.11/site-packages/airflow/example_dags/example_bash_operator.py for tasks to queue
[2025-03-22T17:27:49.144+0800] {logging_mixin.py:190} INFO - [2025-03-22T17:27:49.144+0800] {dagbag.py:588} INFO - Filling up the DagBag from /Users/ervinyeoh/Desktop/unimods/is3107/project/.venv/lib/python3.11/site-packages/airflow/example_dags/example_bash_operator.py
[2025-03-22T17:27:49.149+0800] {processor.py:925} INFO - DAG(s) 'example_bash_operator' retrieved from /Users/ervinyeoh/Desktop/unimods/is3107/project/.venv/lib/python3.11/site-packages/airflow/example_dags/example_bash_operator.py
[2025-03-22T17:27:49.213+0800] {logging_mixin.py:190} INFO - [2025-03-22T17:27:49.213+0800] {dag.py:3239} INFO - Sync 1 DAGs
[2025-03-22T17:27:49.219+0800] {logging_mixin.py:190} INFO - [2025-03-22T17:27:49.219+0800] {dag.py:4180} INFO - Setting next_dagrun for example_bash_operator to 2025-03-21 00:00:00+00:00, run_after=2025-03-22 00:00:00+00:00
[2025-03-22T17:27:49.225+0800] {processor.py:208} INFO - Processing /Users/ervinyeoh/Desktop/unimods/is3107/project/.venv/lib/python3.11/site-packages/airflow/example_dags/example_bash_operator.py took 0.084 seconds
[2025-03-22T17:30:20.729+0800] {processor.py:186} INFO - Started process (PID=85572) to work on /Users/ervinyeoh/Desktop/unimods/is3107/project/.venv/lib/python3.11/site-packages/airflow/example_dags/example_bash_operator.py
[2025-03-22T17:30:20.729+0800] {processor.py:914} INFO - Processing file /Users/ervinyeoh/Desktop/unimods/is3107/project/.venv/lib/python3.11/site-packages/airflow/example_dags/example_bash_operator.py for tasks to queue
[2025-03-22T17:30:20.730+0800] {logging_mixin.py:190} INFO - [2025-03-22T17:30:20.730+0800] {dagbag.py:588} INFO - Filling up the DagBag from /Users/ervinyeoh/Desktop/unimods/is3107/project/.venv/lib/python3.11/site-packages/airflow/example_dags/example_bash_operator.py
[2025-03-22T17:30:20.735+0800] {processor.py:925} INFO - DAG(s) 'example_bash_operator' retrieved from /Users/ervinyeoh/Desktop/unimods/is3107/project/.venv/lib/python3.11/site-packages/airflow/example_dags/example_bash_operator.py
[2025-03-22T17:30:20.791+0800] {logging_mixin.py:190} INFO - [2025-03-22T17:30:20.791+0800] {dag.py:3239} INFO - Sync 1 DAGs
[2025-03-22T17:30:20.797+0800] {logging_mixin.py:190} INFO - [2025-03-22T17:30:20.797+0800] {dag.py:4180} INFO - Setting next_dagrun for example_bash_operator to 2025-03-21 00:00:00+00:00, run_after=2025-03-22 00:00:00+00:00
[2025-03-22T17:30:20.802+0800] {processor.py:208} INFO - Processing /Users/ervinyeoh/Desktop/unimods/is3107/project/.venv/lib/python3.11/site-packages/airflow/example_dags/example_bash_operator.py took 0.075 seconds
[2025-03-22T17:32:54.073+0800] {processor.py:186} INFO - Started process (PID=85829) to work on /Users/ervinyeoh/Desktop/unimods/is3107/project/.venv/lib/python3.11/site-packages/airflow/example_dags/example_bash_operator.py
[2025-03-22T17:32:54.074+0800] {processor.py:914} INFO - Processing file /Users/ervinyeoh/Desktop/unimods/is3107/project/.venv/lib/python3.11/site-packages/airflow/example_dags/example_bash_operator.py for tasks to queue
[2025-03-22T17:32:54.074+0800] {logging_mixin.py:190} INFO - [2025-03-22T17:32:54.074+0800] {dagbag.py:588} INFO - Filling up the DagBag from /Users/ervinyeoh/Desktop/unimods/is3107/project/.venv/lib/python3.11/site-packages/airflow/example_dags/example_bash_operator.py
[2025-03-22T17:32:54.079+0800] {processor.py:925} INFO - DAG(s) 'example_bash_operator' retrieved from /Users/ervinyeoh/Desktop/unimods/is3107/project/.venv/lib/python3.11/site-packages/airflow/example_dags/example_bash_operator.py
[2025-03-22T17:32:54.133+0800] {logging_mixin.py:190} INFO - [2025-03-22T17:32:54.133+0800] {dag.py:3239} INFO - Sync 1 DAGs
[2025-03-22T17:32:54.139+0800] {logging_mixin.py:190} INFO - [2025-03-22T17:32:54.139+0800] {dag.py:4180} INFO - Setting next_dagrun for example_bash_operator to 2025-03-21 00:00:00+00:00, run_after=2025-03-22 00:00:00+00:00
[2025-03-22T17:32:54.145+0800] {processor.py:208} INFO - Processing /Users/ervinyeoh/Desktop/unimods/is3107/project/.venv/lib/python3.11/site-packages/airflow/example_dags/example_bash_operator.py took 0.073 seconds
[2025-03-22T17:35:20.764+0800] {processor.py:186} INFO - Started process (PID=86076) to work on /Users/ervinyeoh/Desktop/unimods/is3107/project/.venv/lib/python3.11/site-packages/airflow/example_dags/example_bash_operator.py
[2025-03-22T17:35:20.764+0800] {processor.py:914} INFO - Processing file /Users/ervinyeoh/Desktop/unimods/is3107/project/.venv/lib/python3.11/site-packages/airflow/example_dags/example_bash_operator.py for tasks to queue
[2025-03-22T17:35:20.765+0800] {logging_mixin.py:190} INFO - [2025-03-22T17:35:20.765+0800] {dagbag.py:588} INFO - Filling up the DagBag from /Users/ervinyeoh/Desktop/unimods/is3107/project/.venv/lib/python3.11/site-packages/airflow/example_dags/example_bash_operator.py
[2025-03-22T17:35:20.771+0800] {processor.py:925} INFO - DAG(s) 'example_bash_operator' retrieved from /Users/ervinyeoh/Desktop/unimods/is3107/project/.venv/lib/python3.11/site-packages/airflow/example_dags/example_bash_operator.py
[2025-03-22T17:35:20.827+0800] {logging_mixin.py:190} INFO - [2025-03-22T17:35:20.827+0800] {dag.py:3239} INFO - Sync 1 DAGs
[2025-03-22T17:35:20.833+0800] {logging_mixin.py:190} INFO - [2025-03-22T17:35:20.833+0800] {dag.py:4180} INFO - Setting next_dagrun for example_bash_operator to 2025-03-21 00:00:00+00:00, run_after=2025-03-22 00:00:00+00:00
[2025-03-22T17:35:20.840+0800] {processor.py:208} INFO - Processing /Users/ervinyeoh/Desktop/unimods/is3107/project/.venv/lib/python3.11/site-packages/airflow/example_dags/example_bash_operator.py took 0.077 seconds
[2025-03-22T17:37:48.947+0800] {processor.py:186} INFO - Started process (PID=86342) to work on /Users/ervinyeoh/Desktop/unimods/is3107/project/.venv/lib/python3.11/site-packages/airflow/example_dags/example_bash_operator.py
[2025-03-22T17:37:48.948+0800] {processor.py:914} INFO - Processing file /Users/ervinyeoh/Desktop/unimods/is3107/project/.venv/lib/python3.11/site-packages/airflow/example_dags/example_bash_operator.py for tasks to queue
[2025-03-22T17:37:48.948+0800] {logging_mixin.py:190} INFO - [2025-03-22T17:37:48.948+0800] {dagbag.py:588} INFO - Filling up the DagBag from /Users/ervinyeoh/Desktop/unimods/is3107/project/.venv/lib/python3.11/site-packages/airflow/example_dags/example_bash_operator.py
[2025-03-22T17:37:48.953+0800] {processor.py:925} INFO - DAG(s) 'example_bash_operator' retrieved from /Users/ervinyeoh/Desktop/unimods/is3107/project/.venv/lib/python3.11/site-packages/airflow/example_dags/example_bash_operator.py
[2025-03-22T17:37:49.008+0800] {logging_mixin.py:190} INFO - [2025-03-22T17:37:49.008+0800] {dag.py:3239} INFO - Sync 1 DAGs
[2025-03-22T17:37:49.015+0800] {logging_mixin.py:190} INFO - [2025-03-22T17:37:49.015+0800] {dag.py:4180} INFO - Setting next_dagrun for example_bash_operator to 2025-03-21 00:00:00+00:00, run_after=2025-03-22 00:00:00+00:00
[2025-03-22T17:37:49.021+0800] {processor.py:208} INFO - Processing /Users/ervinyeoh/Desktop/unimods/is3107/project/.venv/lib/python3.11/site-packages/airflow/example_dags/example_bash_operator.py took 0.075 seconds
[2025-03-22T17:40:16.490+0800] {processor.py:186} INFO - Started process (PID=86596) to work on /Users/ervinyeoh/Desktop/unimods/is3107/project/.venv/lib/python3.11/site-packages/airflow/example_dags/example_bash_operator.py
[2025-03-22T17:40:16.491+0800] {processor.py:914} INFO - Processing file /Users/ervinyeoh/Desktop/unimods/is3107/project/.venv/lib/python3.11/site-packages/airflow/example_dags/example_bash_operator.py for tasks to queue
[2025-03-22T17:40:16.491+0800] {logging_mixin.py:190} INFO - [2025-03-22T17:40:16.491+0800] {dagbag.py:588} INFO - Filling up the DagBag from /Users/ervinyeoh/Desktop/unimods/is3107/project/.venv/lib/python3.11/site-packages/airflow/example_dags/example_bash_operator.py
[2025-03-22T17:40:16.496+0800] {processor.py:925} INFO - DAG(s) 'example_bash_operator' retrieved from /Users/ervinyeoh/Desktop/unimods/is3107/project/.venv/lib/python3.11/site-packages/airflow/example_dags/example_bash_operator.py
[2025-03-22T17:40:16.549+0800] {logging_mixin.py:190} INFO - [2025-03-22T17:40:16.549+0800] {dag.py:3239} INFO - Sync 1 DAGs
[2025-03-22T17:40:16.556+0800] {logging_mixin.py:190} INFO - [2025-03-22T17:40:16.556+0800] {dag.py:4180} INFO - Setting next_dagrun for example_bash_operator to 2025-03-21 00:00:00+00:00, run_after=2025-03-22 00:00:00+00:00
[2025-03-22T17:40:16.562+0800] {processor.py:208} INFO - Processing /Users/ervinyeoh/Desktop/unimods/is3107/project/.venv/lib/python3.11/site-packages/airflow/example_dags/example_bash_operator.py took 0.073 seconds
[2025-03-22T17:42:44.537+0800] {processor.py:186} INFO - Started process (PID=86845) to work on /Users/ervinyeoh/Desktop/unimods/is3107/project/.venv/lib/python3.11/site-packages/airflow/example_dags/example_bash_operator.py
[2025-03-22T17:42:44.537+0800] {processor.py:914} INFO - Processing file /Users/ervinyeoh/Desktop/unimods/is3107/project/.venv/lib/python3.11/site-packages/airflow/example_dags/example_bash_operator.py for tasks to queue
[2025-03-22T17:42:44.538+0800] {logging_mixin.py:190} INFO - [2025-03-22T17:42:44.538+0800] {dagbag.py:588} INFO - Filling up the DagBag from /Users/ervinyeoh/Desktop/unimods/is3107/project/.venv/lib/python3.11/site-packages/airflow/example_dags/example_bash_operator.py
[2025-03-22T17:42:44.543+0800] {processor.py:925} INFO - DAG(s) 'example_bash_operator' retrieved from /Users/ervinyeoh/Desktop/unimods/is3107/project/.venv/lib/python3.11/site-packages/airflow/example_dags/example_bash_operator.py
[2025-03-22T17:42:44.597+0800] {logging_mixin.py:190} INFO - [2025-03-22T17:42:44.596+0800] {dag.py:3239} INFO - Sync 1 DAGs
[2025-03-22T17:42:44.603+0800] {logging_mixin.py:190} INFO - [2025-03-22T17:42:44.602+0800] {dag.py:4180} INFO - Setting next_dagrun for example_bash_operator to 2025-03-21 00:00:00+00:00, run_after=2025-03-22 00:00:00+00:00
[2025-03-22T17:42:44.608+0800] {processor.py:208} INFO - Processing /Users/ervinyeoh/Desktop/unimods/is3107/project/.venv/lib/python3.11/site-packages/airflow/example_dags/example_bash_operator.py took 0.073 seconds
[2025-03-22T18:02:20.753+0800] {processor.py:186} INFO - Started process (PID=87142) to work on /Users/ervinyeoh/Desktop/unimods/is3107/project/.venv/lib/python3.11/site-packages/airflow/example_dags/example_bash_operator.py
[2025-03-22T18:02:20.754+0800] {processor.py:914} INFO - Processing file /Users/ervinyeoh/Desktop/unimods/is3107/project/.venv/lib/python3.11/site-packages/airflow/example_dags/example_bash_operator.py for tasks to queue
[2025-03-22T18:02:20.754+0800] {logging_mixin.py:190} INFO - [2025-03-22T18:02:20.754+0800] {dagbag.py:588} INFO - Filling up the DagBag from /Users/ervinyeoh/Desktop/unimods/is3107/project/.venv/lib/python3.11/site-packages/airflow/example_dags/example_bash_operator.py
[2025-03-22T18:02:20.759+0800] {processor.py:925} INFO - DAG(s) 'example_bash_operator' retrieved from /Users/ervinyeoh/Desktop/unimods/is3107/project/.venv/lib/python3.11/site-packages/airflow/example_dags/example_bash_operator.py
[2025-03-22T18:02:20.813+0800] {logging_mixin.py:190} INFO - [2025-03-22T18:02:20.812+0800] {dag.py:3239} INFO - Sync 1 DAGs
[2025-03-22T18:02:20.819+0800] {logging_mixin.py:190} INFO - [2025-03-22T18:02:20.818+0800] {dag.py:4180} INFO - Setting next_dagrun for example_bash_operator to 2025-03-21 00:00:00+00:00, run_after=2025-03-22 00:00:00+00:00
[2025-03-22T18:02:20.824+0800] {processor.py:208} INFO - Processing /Users/ervinyeoh/Desktop/unimods/is3107/project/.venv/lib/python3.11/site-packages/airflow/example_dags/example_bash_operator.py took 0.072 seconds
[2025-03-22T18:20:17.852+0800] {processor.py:186} INFO - Started process (PID=87478) to work on /Users/ervinyeoh/Desktop/unimods/is3107/project/.venv/lib/python3.11/site-packages/airflow/example_dags/example_bash_operator.py
[2025-03-22T18:20:17.853+0800] {processor.py:914} INFO - Processing file /Users/ervinyeoh/Desktop/unimods/is3107/project/.venv/lib/python3.11/site-packages/airflow/example_dags/example_bash_operator.py for tasks to queue
[2025-03-22T18:20:17.853+0800] {logging_mixin.py:190} INFO - [2025-03-22T18:20:17.853+0800] {dagbag.py:588} INFO - Filling up the DagBag from /Users/ervinyeoh/Desktop/unimods/is3107/project/.venv/lib/python3.11/site-packages/airflow/example_dags/example_bash_operator.py
[2025-03-22T18:20:17.858+0800] {processor.py:925} INFO - DAG(s) 'example_bash_operator' retrieved from /Users/ervinyeoh/Desktop/unimods/is3107/project/.venv/lib/python3.11/site-packages/airflow/example_dags/example_bash_operator.py
[2025-03-22T18:20:17.912+0800] {logging_mixin.py:190} INFO - [2025-03-22T18:20:17.912+0800] {dag.py:3239} INFO - Sync 1 DAGs
[2025-03-22T18:20:17.918+0800] {logging_mixin.py:190} INFO - [2025-03-22T18:20:17.918+0800] {dag.py:4180} INFO - Setting next_dagrun for example_bash_operator to 2025-03-21 00:00:00+00:00, run_after=2025-03-22 00:00:00+00:00
[2025-03-22T18:20:17.924+0800] {processor.py:208} INFO - Processing /Users/ervinyeoh/Desktop/unimods/is3107/project/.venv/lib/python3.11/site-packages/airflow/example_dags/example_bash_operator.py took 0.073 seconds
[2025-03-22T18:22:42.852+0800] {processor.py:186} INFO - Started process (PID=87736) to work on /Users/ervinyeoh/Desktop/unimods/is3107/project/.venv/lib/python3.11/site-packages/airflow/example_dags/example_bash_operator.py
[2025-03-22T18:22:42.852+0800] {processor.py:914} INFO - Processing file /Users/ervinyeoh/Desktop/unimods/is3107/project/.venv/lib/python3.11/site-packages/airflow/example_dags/example_bash_operator.py for tasks to queue
[2025-03-22T18:22:42.853+0800] {logging_mixin.py:190} INFO - [2025-03-22T18:22:42.853+0800] {dagbag.py:588} INFO - Filling up the DagBag from /Users/ervinyeoh/Desktop/unimods/is3107/project/.venv/lib/python3.11/site-packages/airflow/example_dags/example_bash_operator.py
[2025-03-22T18:22:42.858+0800] {processor.py:925} INFO - DAG(s) 'example_bash_operator' retrieved from /Users/ervinyeoh/Desktop/unimods/is3107/project/.venv/lib/python3.11/site-packages/airflow/example_dags/example_bash_operator.py
[2025-03-22T18:22:42.912+0800] {logging_mixin.py:190} INFO - [2025-03-22T18:22:42.911+0800] {dag.py:3239} INFO - Sync 1 DAGs
[2025-03-22T18:22:42.918+0800] {logging_mixin.py:190} INFO - [2025-03-22T18:22:42.918+0800] {dag.py:4180} INFO - Setting next_dagrun for example_bash_operator to 2025-03-21 00:00:00+00:00, run_after=2025-03-22 00:00:00+00:00
[2025-03-22T18:22:42.924+0800] {processor.py:208} INFO - Processing /Users/ervinyeoh/Desktop/unimods/is3107/project/.venv/lib/python3.11/site-packages/airflow/example_dags/example_bash_operator.py took 0.073 seconds
[2025-03-22T18:25:09.211+0800] {processor.py:186} INFO - Started process (PID=87974) to work on /Users/ervinyeoh/Desktop/unimods/is3107/project/.venv/lib/python3.11/site-packages/airflow/example_dags/example_bash_operator.py
[2025-03-22T18:25:09.212+0800] {processor.py:914} INFO - Processing file /Users/ervinyeoh/Desktop/unimods/is3107/project/.venv/lib/python3.11/site-packages/airflow/example_dags/example_bash_operator.py for tasks to queue
[2025-03-22T18:25:09.212+0800] {logging_mixin.py:190} INFO - [2025-03-22T18:25:09.212+0800] {dagbag.py:588} INFO - Filling up the DagBag from /Users/ervinyeoh/Desktop/unimods/is3107/project/.venv/lib/python3.11/site-packages/airflow/example_dags/example_bash_operator.py
[2025-03-22T18:25:09.217+0800] {processor.py:925} INFO - DAG(s) 'example_bash_operator' retrieved from /Users/ervinyeoh/Desktop/unimods/is3107/project/.venv/lib/python3.11/site-packages/airflow/example_dags/example_bash_operator.py
[2025-03-22T18:25:09.271+0800] {logging_mixin.py:190} INFO - [2025-03-22T18:25:09.270+0800] {dag.py:3239} INFO - Sync 1 DAGs
[2025-03-22T18:25:09.277+0800] {logging_mixin.py:190} INFO - [2025-03-22T18:25:09.277+0800] {dag.py:4180} INFO - Setting next_dagrun for example_bash_operator to 2025-03-21 00:00:00+00:00, run_after=2025-03-22 00:00:00+00:00
[2025-03-22T18:25:09.283+0800] {processor.py:208} INFO - Processing /Users/ervinyeoh/Desktop/unimods/is3107/project/.venv/lib/python3.11/site-packages/airflow/example_dags/example_bash_operator.py took 0.073 seconds
[2025-03-22T18:27:36.144+0800] {processor.py:186} INFO - Started process (PID=88205) to work on /Users/ervinyeoh/Desktop/unimods/is3107/project/.venv/lib/python3.11/site-packages/airflow/example_dags/example_bash_operator.py
[2025-03-22T18:27:36.144+0800] {processor.py:914} INFO - Processing file /Users/ervinyeoh/Desktop/unimods/is3107/project/.venv/lib/python3.11/site-packages/airflow/example_dags/example_bash_operator.py for tasks to queue
[2025-03-22T18:27:36.145+0800] {logging_mixin.py:190} INFO - [2025-03-22T18:27:36.145+0800] {dagbag.py:588} INFO - Filling up the DagBag from /Users/ervinyeoh/Desktop/unimods/is3107/project/.venv/lib/python3.11/site-packages/airflow/example_dags/example_bash_operator.py
[2025-03-22T18:27:36.150+0800] {processor.py:925} INFO - DAG(s) 'example_bash_operator' retrieved from /Users/ervinyeoh/Desktop/unimods/is3107/project/.venv/lib/python3.11/site-packages/airflow/example_dags/example_bash_operator.py
[2025-03-22T18:27:36.204+0800] {logging_mixin.py:190} INFO - [2025-03-22T18:27:36.204+0800] {dag.py:3239} INFO - Sync 1 DAGs
[2025-03-22T18:27:36.210+0800] {logging_mixin.py:190} INFO - [2025-03-22T18:27:36.210+0800] {dag.py:4180} INFO - Setting next_dagrun for example_bash_operator to 2025-03-21 00:00:00+00:00, run_after=2025-03-22 00:00:00+00:00
[2025-03-22T18:27:36.216+0800] {processor.py:208} INFO - Processing /Users/ervinyeoh/Desktop/unimods/is3107/project/.venv/lib/python3.11/site-packages/airflow/example_dags/example_bash_operator.py took 0.073 seconds
[2025-03-22T18:30:00.177+0800] {processor.py:186} INFO - Started process (PID=88468) to work on /Users/ervinyeoh/Desktop/unimods/is3107/project/.venv/lib/python3.11/site-packages/airflow/example_dags/example_bash_operator.py
[2025-03-22T18:30:00.177+0800] {processor.py:914} INFO - Processing file /Users/ervinyeoh/Desktop/unimods/is3107/project/.venv/lib/python3.11/site-packages/airflow/example_dags/example_bash_operator.py for tasks to queue
[2025-03-22T18:30:00.178+0800] {logging_mixin.py:190} INFO - [2025-03-22T18:30:00.178+0800] {dagbag.py:588} INFO - Filling up the DagBag from /Users/ervinyeoh/Desktop/unimods/is3107/project/.venv/lib/python3.11/site-packages/airflow/example_dags/example_bash_operator.py
[2025-03-22T18:30:00.183+0800] {processor.py:925} INFO - DAG(s) 'example_bash_operator' retrieved from /Users/ervinyeoh/Desktop/unimods/is3107/project/.venv/lib/python3.11/site-packages/airflow/example_dags/example_bash_operator.py
[2025-03-22T18:30:00.237+0800] {logging_mixin.py:190} INFO - [2025-03-22T18:30:00.237+0800] {dag.py:3239} INFO - Sync 1 DAGs
[2025-03-22T18:30:00.243+0800] {logging_mixin.py:190} INFO - [2025-03-22T18:30:00.243+0800] {dag.py:4180} INFO - Setting next_dagrun for example_bash_operator to 2025-03-21 00:00:00+00:00, run_after=2025-03-22 00:00:00+00:00
[2025-03-22T18:30:00.250+0800] {processor.py:208} INFO - Processing /Users/ervinyeoh/Desktop/unimods/is3107/project/.venv/lib/python3.11/site-packages/airflow/example_dags/example_bash_operator.py took 0.074 seconds
[2025-03-22T18:32:22.783+0800] {processor.py:186} INFO - Started process (PID=88848) to work on /Users/ervinyeoh/Desktop/unimods/is3107/project/.venv/lib/python3.11/site-packages/airflow/example_dags/example_bash_operator.py
[2025-03-22T18:32:22.784+0800] {processor.py:914} INFO - Processing file /Users/ervinyeoh/Desktop/unimods/is3107/project/.venv/lib/python3.11/site-packages/airflow/example_dags/example_bash_operator.py for tasks to queue
[2025-03-22T18:32:22.784+0800] {logging_mixin.py:190} INFO - [2025-03-22T18:32:22.784+0800] {dagbag.py:588} INFO - Filling up the DagBag from /Users/ervinyeoh/Desktop/unimods/is3107/project/.venv/lib/python3.11/site-packages/airflow/example_dags/example_bash_operator.py
[2025-03-22T18:32:22.789+0800] {processor.py:925} INFO - DAG(s) 'example_bash_operator' retrieved from /Users/ervinyeoh/Desktop/unimods/is3107/project/.venv/lib/python3.11/site-packages/airflow/example_dags/example_bash_operator.py
[2025-03-22T18:32:22.843+0800] {logging_mixin.py:190} INFO - [2025-03-22T18:32:22.843+0800] {dag.py:3239} INFO - Sync 1 DAGs
[2025-03-22T18:32:22.850+0800] {logging_mixin.py:190} INFO - [2025-03-22T18:32:22.850+0800] {dag.py:4180} INFO - Setting next_dagrun for example_bash_operator to 2025-03-21 00:00:00+00:00, run_after=2025-03-22 00:00:00+00:00
[2025-03-22T18:32:22.856+0800] {processor.py:208} INFO - Processing /Users/ervinyeoh/Desktop/unimods/is3107/project/.venv/lib/python3.11/site-packages/airflow/example_dags/example_bash_operator.py took 0.074 seconds
[2025-03-22T18:34:44.677+0800] {processor.py:186} INFO - Started process (PID=89099) to work on /Users/ervinyeoh/Desktop/unimods/is3107/project/.venv/lib/python3.11/site-packages/airflow/example_dags/example_bash_operator.py
[2025-03-22T18:34:44.678+0800] {processor.py:914} INFO - Processing file /Users/ervinyeoh/Desktop/unimods/is3107/project/.venv/lib/python3.11/site-packages/airflow/example_dags/example_bash_operator.py for tasks to queue
[2025-03-22T18:34:44.679+0800] {logging_mixin.py:190} INFO - [2025-03-22T18:34:44.679+0800] {dagbag.py:588} INFO - Filling up the DagBag from /Users/ervinyeoh/Desktop/unimods/is3107/project/.venv/lib/python3.11/site-packages/airflow/example_dags/example_bash_operator.py
[2025-03-22T18:34:44.684+0800] {processor.py:925} INFO - DAG(s) 'example_bash_operator' retrieved from /Users/ervinyeoh/Desktop/unimods/is3107/project/.venv/lib/python3.11/site-packages/airflow/example_dags/example_bash_operator.py
[2025-03-22T18:34:44.738+0800] {logging_mixin.py:190} INFO - [2025-03-22T18:34:44.738+0800] {dag.py:3239} INFO - Sync 1 DAGs
[2025-03-22T18:34:44.744+0800] {logging_mixin.py:190} INFO - [2025-03-22T18:34:44.744+0800] {dag.py:4180} INFO - Setting next_dagrun for example_bash_operator to 2025-03-21 00:00:00+00:00, run_after=2025-03-22 00:00:00+00:00
[2025-03-22T18:34:44.750+0800] {processor.py:208} INFO - Processing /Users/ervinyeoh/Desktop/unimods/is3107/project/.venv/lib/python3.11/site-packages/airflow/example_dags/example_bash_operator.py took 0.074 seconds
[2025-03-22T18:37:10.840+0800] {processor.py:186} INFO - Started process (PID=89371) to work on /Users/ervinyeoh/Desktop/unimods/is3107/project/.venv/lib/python3.11/site-packages/airflow/example_dags/example_bash_operator.py
[2025-03-22T18:37:10.840+0800] {processor.py:914} INFO - Processing file /Users/ervinyeoh/Desktop/unimods/is3107/project/.venv/lib/python3.11/site-packages/airflow/example_dags/example_bash_operator.py for tasks to queue
[2025-03-22T18:37:10.841+0800] {logging_mixin.py:190} INFO - [2025-03-22T18:37:10.841+0800] {dagbag.py:588} INFO - Filling up the DagBag from /Users/ervinyeoh/Desktop/unimods/is3107/project/.venv/lib/python3.11/site-packages/airflow/example_dags/example_bash_operator.py
[2025-03-22T18:37:10.846+0800] {processor.py:925} INFO - DAG(s) 'example_bash_operator' retrieved from /Users/ervinyeoh/Desktop/unimods/is3107/project/.venv/lib/python3.11/site-packages/airflow/example_dags/example_bash_operator.py
[2025-03-22T18:37:10.900+0800] {logging_mixin.py:190} INFO - [2025-03-22T18:37:10.900+0800] {dag.py:3239} INFO - Sync 1 DAGs
[2025-03-22T18:37:10.906+0800] {logging_mixin.py:190} INFO - [2025-03-22T18:37:10.906+0800] {dag.py:4180} INFO - Setting next_dagrun for example_bash_operator to 2025-03-21 00:00:00+00:00, run_after=2025-03-22 00:00:00+00:00
[2025-03-22T18:37:10.912+0800] {processor.py:208} INFO - Processing /Users/ervinyeoh/Desktop/unimods/is3107/project/.venv/lib/python3.11/site-packages/airflow/example_dags/example_bash_operator.py took 0.073 seconds
[2025-03-22T18:55:00.980+0800] {processor.py:186} INFO - Started process (PID=89650) to work on /Users/ervinyeoh/Desktop/unimods/is3107/project/.venv/lib/python3.11/site-packages/airflow/example_dags/example_bash_operator.py
[2025-03-22T18:55:00.981+0800] {processor.py:914} INFO - Processing file /Users/ervinyeoh/Desktop/unimods/is3107/project/.venv/lib/python3.11/site-packages/airflow/example_dags/example_bash_operator.py for tasks to queue
[2025-03-22T18:55:00.982+0800] {logging_mixin.py:190} INFO - [2025-03-22T18:55:00.982+0800] {dagbag.py:588} INFO - Filling up the DagBag from /Users/ervinyeoh/Desktop/unimods/is3107/project/.venv/lib/python3.11/site-packages/airflow/example_dags/example_bash_operator.py
[2025-03-22T18:55:00.987+0800] {processor.py:925} INFO - DAG(s) 'example_bash_operator' retrieved from /Users/ervinyeoh/Desktop/unimods/is3107/project/.venv/lib/python3.11/site-packages/airflow/example_dags/example_bash_operator.py
[2025-03-22T18:55:01.041+0800] {logging_mixin.py:190} INFO - [2025-03-22T18:55:01.041+0800] {dag.py:3239} INFO - Sync 1 DAGs
[2025-03-22T18:55:01.048+0800] {logging_mixin.py:190} INFO - [2025-03-22T18:55:01.048+0800] {dag.py:4180} INFO - Setting next_dagrun for example_bash_operator to 2025-03-21 00:00:00+00:00, run_after=2025-03-22 00:00:00+00:00
[2025-03-22T18:55:01.054+0800] {processor.py:208} INFO - Processing /Users/ervinyeoh/Desktop/unimods/is3107/project/.venv/lib/python3.11/site-packages/airflow/example_dags/example_bash_operator.py took 0.075 seconds
[2025-03-22T19:54:10.408+0800] {processor.py:186} INFO - Started process (PID=90099) to work on /Users/ervinyeoh/Desktop/unimods/is3107/project/.venv/lib/python3.11/site-packages/airflow/example_dags/example_bash_operator.py
[2025-03-22T19:54:10.409+0800] {processor.py:914} INFO - Processing file /Users/ervinyeoh/Desktop/unimods/is3107/project/.venv/lib/python3.11/site-packages/airflow/example_dags/example_bash_operator.py for tasks to queue
[2025-03-22T19:54:10.409+0800] {logging_mixin.py:190} INFO - [2025-03-22T19:54:10.409+0800] {dagbag.py:588} INFO - Filling up the DagBag from /Users/ervinyeoh/Desktop/unimods/is3107/project/.venv/lib/python3.11/site-packages/airflow/example_dags/example_bash_operator.py
[2025-03-22T19:54:10.413+0800] {processor.py:925} INFO - DAG(s) 'example_bash_operator' retrieved from /Users/ervinyeoh/Desktop/unimods/is3107/project/.venv/lib/python3.11/site-packages/airflow/example_dags/example_bash_operator.py
[2025-03-22T19:54:10.472+0800] {logging_mixin.py:190} INFO - [2025-03-22T19:54:10.472+0800] {dag.py:3239} INFO - Sync 1 DAGs
[2025-03-22T19:54:10.478+0800] {logging_mixin.py:190} INFO - [2025-03-22T19:54:10.478+0800] {dag.py:4180} INFO - Setting next_dagrun for example_bash_operator to 2025-03-21 00:00:00+00:00, run_after=2025-03-22 00:00:00+00:00
[2025-03-22T19:54:10.484+0800] {processor.py:208} INFO - Processing /Users/ervinyeoh/Desktop/unimods/is3107/project/.venv/lib/python3.11/site-packages/airflow/example_dags/example_bash_operator.py took 0.077 seconds
[2025-03-22T20:35:40.187+0800] {processor.py:186} INFO - Started process (PID=90526) to work on /Users/ervinyeoh/Desktop/unimods/is3107/project/.venv/lib/python3.11/site-packages/airflow/example_dags/example_bash_operator.py
[2025-03-22T20:35:40.188+0800] {processor.py:914} INFO - Processing file /Users/ervinyeoh/Desktop/unimods/is3107/project/.venv/lib/python3.11/site-packages/airflow/example_dags/example_bash_operator.py for tasks to queue
[2025-03-22T20:35:40.188+0800] {logging_mixin.py:190} INFO - [2025-03-22T20:35:40.188+0800] {dagbag.py:588} INFO - Filling up the DagBag from /Users/ervinyeoh/Desktop/unimods/is3107/project/.venv/lib/python3.11/site-packages/airflow/example_dags/example_bash_operator.py
[2025-03-22T20:35:40.193+0800] {processor.py:925} INFO - DAG(s) 'example_bash_operator' retrieved from /Users/ervinyeoh/Desktop/unimods/is3107/project/.venv/lib/python3.11/site-packages/airflow/example_dags/example_bash_operator.py
[2025-03-22T20:35:40.251+0800] {logging_mixin.py:190} INFO - [2025-03-22T20:35:40.250+0800] {dag.py:3239} INFO - Sync 1 DAGs
[2025-03-22T20:35:40.257+0800] {logging_mixin.py:190} INFO - [2025-03-22T20:35:40.257+0800] {dag.py:4180} INFO - Setting next_dagrun for example_bash_operator to 2025-03-21 00:00:00+00:00, run_after=2025-03-22 00:00:00+00:00
[2025-03-22T20:35:40.262+0800] {processor.py:208} INFO - Processing /Users/ervinyeoh/Desktop/unimods/is3107/project/.venv/lib/python3.11/site-packages/airflow/example_dags/example_bash_operator.py took 0.076 seconds
[2025-03-22T20:38:27.233+0800] {processor.py:186} INFO - Started process (PID=90838) to work on /Users/ervinyeoh/Desktop/unimods/is3107/project/.venv/lib/python3.11/site-packages/airflow/example_dags/example_bash_operator.py
[2025-03-22T20:38:27.234+0800] {processor.py:914} INFO - Processing file /Users/ervinyeoh/Desktop/unimods/is3107/project/.venv/lib/python3.11/site-packages/airflow/example_dags/example_bash_operator.py for tasks to queue
[2025-03-22T20:38:27.235+0800] {logging_mixin.py:190} INFO - [2025-03-22T20:38:27.235+0800] {dagbag.py:588} INFO - Filling up the DagBag from /Users/ervinyeoh/Desktop/unimods/is3107/project/.venv/lib/python3.11/site-packages/airflow/example_dags/example_bash_operator.py
[2025-03-22T20:38:27.239+0800] {processor.py:925} INFO - DAG(s) 'example_bash_operator' retrieved from /Users/ervinyeoh/Desktop/unimods/is3107/project/.venv/lib/python3.11/site-packages/airflow/example_dags/example_bash_operator.py
[2025-03-22T20:38:27.295+0800] {logging_mixin.py:190} INFO - [2025-03-22T20:38:27.295+0800] {dag.py:3239} INFO - Sync 1 DAGs
[2025-03-22T20:38:27.301+0800] {logging_mixin.py:190} INFO - [2025-03-22T20:38:27.301+0800] {dag.py:4180} INFO - Setting next_dagrun for example_bash_operator to 2025-03-21 00:00:00+00:00, run_after=2025-03-22 00:00:00+00:00
[2025-03-22T20:38:27.307+0800] {processor.py:208} INFO - Processing /Users/ervinyeoh/Desktop/unimods/is3107/project/.venv/lib/python3.11/site-packages/airflow/example_dags/example_bash_operator.py took 0.075 seconds
[2025-03-22T20:40:58.690+0800] {processor.py:186} INFO - Started process (PID=91105) to work on /Users/ervinyeoh/Desktop/unimods/is3107/project/.venv/lib/python3.11/site-packages/airflow/example_dags/example_bash_operator.py
[2025-03-22T20:40:58.691+0800] {processor.py:914} INFO - Processing file /Users/ervinyeoh/Desktop/unimods/is3107/project/.venv/lib/python3.11/site-packages/airflow/example_dags/example_bash_operator.py for tasks to queue
[2025-03-22T20:40:58.691+0800] {logging_mixin.py:190} INFO - [2025-03-22T20:40:58.691+0800] {dagbag.py:588} INFO - Filling up the DagBag from /Users/ervinyeoh/Desktop/unimods/is3107/project/.venv/lib/python3.11/site-packages/airflow/example_dags/example_bash_operator.py
[2025-03-22T20:40:58.696+0800] {processor.py:925} INFO - DAG(s) 'example_bash_operator' retrieved from /Users/ervinyeoh/Desktop/unimods/is3107/project/.venv/lib/python3.11/site-packages/airflow/example_dags/example_bash_operator.py
[2025-03-22T20:40:58.751+0800] {logging_mixin.py:190} INFO - [2025-03-22T20:40:58.751+0800] {dag.py:3239} INFO - Sync 1 DAGs
[2025-03-22T20:40:58.759+0800] {logging_mixin.py:190} INFO - [2025-03-22T20:40:58.759+0800] {dag.py:4180} INFO - Setting next_dagrun for example_bash_operator to 2025-03-21 00:00:00+00:00, run_after=2025-03-22 00:00:00+00:00
[2025-03-22T20:40:58.765+0800] {processor.py:208} INFO - Processing /Users/ervinyeoh/Desktop/unimods/is3107/project/.venv/lib/python3.11/site-packages/airflow/example_dags/example_bash_operator.py took 0.075 seconds
[2025-03-22T20:43:30.680+0800] {processor.py:186} INFO - Started process (PID=91382) to work on /Users/ervinyeoh/Desktop/unimods/is3107/project/.venv/lib/python3.11/site-packages/airflow/example_dags/example_bash_operator.py
[2025-03-22T20:43:30.681+0800] {processor.py:914} INFO - Processing file /Users/ervinyeoh/Desktop/unimods/is3107/project/.venv/lib/python3.11/site-packages/airflow/example_dags/example_bash_operator.py for tasks to queue
[2025-03-22T20:43:30.681+0800] {logging_mixin.py:190} INFO - [2025-03-22T20:43:30.681+0800] {dagbag.py:588} INFO - Filling up the DagBag from /Users/ervinyeoh/Desktop/unimods/is3107/project/.venv/lib/python3.11/site-packages/airflow/example_dags/example_bash_operator.py
[2025-03-22T20:43:30.686+0800] {processor.py:925} INFO - DAG(s) 'example_bash_operator' retrieved from /Users/ervinyeoh/Desktop/unimods/is3107/project/.venv/lib/python3.11/site-packages/airflow/example_dags/example_bash_operator.py
[2025-03-22T20:43:30.741+0800] {logging_mixin.py:190} INFO - [2025-03-22T20:43:30.740+0800] {dag.py:3239} INFO - Sync 1 DAGs
[2025-03-22T20:43:30.747+0800] {logging_mixin.py:190} INFO - [2025-03-22T20:43:30.747+0800] {dag.py:4180} INFO - Setting next_dagrun for example_bash_operator to 2025-03-21 00:00:00+00:00, run_after=2025-03-22 00:00:00+00:00
[2025-03-22T20:43:30.755+0800] {processor.py:208} INFO - Processing /Users/ervinyeoh/Desktop/unimods/is3107/project/.venv/lib/python3.11/site-packages/airflow/example_dags/example_bash_operator.py took 0.076 seconds
[2025-03-22T20:45:58.313+0800] {processor.py:186} INFO - Started process (PID=91673) to work on /Users/ervinyeoh/Desktop/unimods/is3107/project/.venv/lib/python3.11/site-packages/airflow/example_dags/example_bash_operator.py
[2025-03-22T20:45:58.314+0800] {processor.py:914} INFO - Processing file /Users/ervinyeoh/Desktop/unimods/is3107/project/.venv/lib/python3.11/site-packages/airflow/example_dags/example_bash_operator.py for tasks to queue
[2025-03-22T20:45:58.314+0800] {logging_mixin.py:190} INFO - [2025-03-22T20:45:58.314+0800] {dagbag.py:588} INFO - Filling up the DagBag from /Users/ervinyeoh/Desktop/unimods/is3107/project/.venv/lib/python3.11/site-packages/airflow/example_dags/example_bash_operator.py
[2025-03-22T20:45:58.319+0800] {processor.py:925} INFO - DAG(s) 'example_bash_operator' retrieved from /Users/ervinyeoh/Desktop/unimods/is3107/project/.venv/lib/python3.11/site-packages/airflow/example_dags/example_bash_operator.py
[2025-03-22T20:45:58.374+0800] {logging_mixin.py:190} INFO - [2025-03-22T20:45:58.374+0800] {dag.py:3239} INFO - Sync 1 DAGs
[2025-03-22T20:45:58.381+0800] {logging_mixin.py:190} INFO - [2025-03-22T20:45:58.381+0800] {dag.py:4180} INFO - Setting next_dagrun for example_bash_operator to 2025-03-21 00:00:00+00:00, run_after=2025-03-22 00:00:00+00:00
[2025-03-22T20:45:58.387+0800] {processor.py:208} INFO - Processing /Users/ervinyeoh/Desktop/unimods/is3107/project/.venv/lib/python3.11/site-packages/airflow/example_dags/example_bash_operator.py took 0.075 seconds
[2025-03-22T20:48:30.821+0800] {processor.py:186} INFO - Started process (PID=91931) to work on /Users/ervinyeoh/Desktop/unimods/is3107/project/.venv/lib/python3.11/site-packages/airflow/example_dags/example_bash_operator.py
[2025-03-22T20:48:30.822+0800] {processor.py:914} INFO - Processing file /Users/ervinyeoh/Desktop/unimods/is3107/project/.venv/lib/python3.11/site-packages/airflow/example_dags/example_bash_operator.py for tasks to queue
[2025-03-22T20:48:30.822+0800] {logging_mixin.py:190} INFO - [2025-03-22T20:48:30.822+0800] {dagbag.py:588} INFO - Filling up the DagBag from /Users/ervinyeoh/Desktop/unimods/is3107/project/.venv/lib/python3.11/site-packages/airflow/example_dags/example_bash_operator.py
[2025-03-22T20:48:30.827+0800] {processor.py:925} INFO - DAG(s) 'example_bash_operator' retrieved from /Users/ervinyeoh/Desktop/unimods/is3107/project/.venv/lib/python3.11/site-packages/airflow/example_dags/example_bash_operator.py
[2025-03-22T20:48:30.885+0800] {logging_mixin.py:190} INFO - [2025-03-22T20:48:30.885+0800] {dag.py:3239} INFO - Sync 1 DAGs
[2025-03-22T20:48:30.891+0800] {logging_mixin.py:190} INFO - [2025-03-22T20:48:30.891+0800] {dag.py:4180} INFO - Setting next_dagrun for example_bash_operator to 2025-03-21 00:00:00+00:00, run_after=2025-03-22 00:00:00+00:00
[2025-03-22T20:48:30.899+0800] {processor.py:208} INFO - Processing /Users/ervinyeoh/Desktop/unimods/is3107/project/.venv/lib/python3.11/site-packages/airflow/example_dags/example_bash_operator.py took 0.079 seconds
[2025-03-22T20:50:54.021+0800] {processor.py:186} INFO - Started process (PID=92185) to work on /Users/ervinyeoh/Desktop/unimods/is3107/project/.venv/lib/python3.11/site-packages/airflow/example_dags/example_bash_operator.py
[2025-03-22T20:50:54.022+0800] {processor.py:914} INFO - Processing file /Users/ervinyeoh/Desktop/unimods/is3107/project/.venv/lib/python3.11/site-packages/airflow/example_dags/example_bash_operator.py for tasks to queue
[2025-03-22T20:50:54.022+0800] {logging_mixin.py:190} INFO - [2025-03-22T20:50:54.022+0800] {dagbag.py:588} INFO - Filling up the DagBag from /Users/ervinyeoh/Desktop/unimods/is3107/project/.venv/lib/python3.11/site-packages/airflow/example_dags/example_bash_operator.py
[2025-03-22T20:50:54.028+0800] {processor.py:925} INFO - DAG(s) 'example_bash_operator' retrieved from /Users/ervinyeoh/Desktop/unimods/is3107/project/.venv/lib/python3.11/site-packages/airflow/example_dags/example_bash_operator.py
[2025-03-22T20:50:54.085+0800] {logging_mixin.py:190} INFO - [2025-03-22T20:50:54.085+0800] {dag.py:3239} INFO - Sync 1 DAGs
[2025-03-22T20:50:54.092+0800] {logging_mixin.py:190} INFO - [2025-03-22T20:50:54.092+0800] {dag.py:4180} INFO - Setting next_dagrun for example_bash_operator to 2025-03-21 00:00:00+00:00, run_after=2025-03-22 00:00:00+00:00
[2025-03-22T20:50:54.098+0800] {processor.py:208} INFO - Processing /Users/ervinyeoh/Desktop/unimods/is3107/project/.venv/lib/python3.11/site-packages/airflow/example_dags/example_bash_operator.py took 0.078 seconds
[2025-03-22T20:53:20.681+0800] {processor.py:186} INFO - Started process (PID=92433) to work on /Users/ervinyeoh/Desktop/unimods/is3107/project/.venv/lib/python3.11/site-packages/airflow/example_dags/example_bash_operator.py
[2025-03-22T20:53:20.682+0800] {processor.py:914} INFO - Processing file /Users/ervinyeoh/Desktop/unimods/is3107/project/.venv/lib/python3.11/site-packages/airflow/example_dags/example_bash_operator.py for tasks to queue
[2025-03-22T20:53:20.683+0800] {logging_mixin.py:190} INFO - [2025-03-22T20:53:20.683+0800] {dagbag.py:588} INFO - Filling up the DagBag from /Users/ervinyeoh/Desktop/unimods/is3107/project/.venv/lib/python3.11/site-packages/airflow/example_dags/example_bash_operator.py
[2025-03-22T20:53:20.688+0800] {processor.py:925} INFO - DAG(s) 'example_bash_operator' retrieved from /Users/ervinyeoh/Desktop/unimods/is3107/project/.venv/lib/python3.11/site-packages/airflow/example_dags/example_bash_operator.py
[2025-03-22T20:53:20.745+0800] {logging_mixin.py:190} INFO - [2025-03-22T20:53:20.744+0800] {dag.py:3239} INFO - Sync 1 DAGs
[2025-03-22T20:53:20.751+0800] {logging_mixin.py:190} INFO - [2025-03-22T20:53:20.751+0800] {dag.py:4180} INFO - Setting next_dagrun for example_bash_operator to 2025-03-21 00:00:00+00:00, run_after=2025-03-22 00:00:00+00:00
[2025-03-22T20:53:20.756+0800] {processor.py:208} INFO - Processing /Users/ervinyeoh/Desktop/unimods/is3107/project/.venv/lib/python3.11/site-packages/airflow/example_dags/example_bash_operator.py took 0.077 seconds
[2025-03-22T20:55:47.739+0800] {processor.py:186} INFO - Started process (PID=92672) to work on /Users/ervinyeoh/Desktop/unimods/is3107/project/.venv/lib/python3.11/site-packages/airflow/example_dags/example_bash_operator.py
[2025-03-22T20:55:47.739+0800] {processor.py:914} INFO - Processing file /Users/ervinyeoh/Desktop/unimods/is3107/project/.venv/lib/python3.11/site-packages/airflow/example_dags/example_bash_operator.py for tasks to queue
[2025-03-22T20:55:47.740+0800] {logging_mixin.py:190} INFO - [2025-03-22T20:55:47.740+0800] {dagbag.py:588} INFO - Filling up the DagBag from /Users/ervinyeoh/Desktop/unimods/is3107/project/.venv/lib/python3.11/site-packages/airflow/example_dags/example_bash_operator.py
[2025-03-22T20:55:47.744+0800] {processor.py:925} INFO - DAG(s) 'example_bash_operator' retrieved from /Users/ervinyeoh/Desktop/unimods/is3107/project/.venv/lib/python3.11/site-packages/airflow/example_dags/example_bash_operator.py
[2025-03-22T20:55:47.800+0800] {logging_mixin.py:190} INFO - [2025-03-22T20:55:47.800+0800] {dag.py:3239} INFO - Sync 1 DAGs
[2025-03-22T20:55:47.807+0800] {logging_mixin.py:190} INFO - [2025-03-22T20:55:47.806+0800] {dag.py:4180} INFO - Setting next_dagrun for example_bash_operator to 2025-03-21 00:00:00+00:00, run_after=2025-03-22 00:00:00+00:00
[2025-03-22T20:55:47.824+0800] {processor.py:208} INFO - Processing /Users/ervinyeoh/Desktop/unimods/is3107/project/.venv/lib/python3.11/site-packages/airflow/example_dags/example_bash_operator.py took 0.086 seconds
[2025-03-22T20:58:31.959+0800] {processor.py:186} INFO - Started process (PID=92947) to work on /Users/ervinyeoh/Desktop/unimods/is3107/project/.venv/lib/python3.11/site-packages/airflow/example_dags/example_bash_operator.py
[2025-03-22T20:58:31.960+0800] {processor.py:914} INFO - Processing file /Users/ervinyeoh/Desktop/unimods/is3107/project/.venv/lib/python3.11/site-packages/airflow/example_dags/example_bash_operator.py for tasks to queue
[2025-03-22T20:58:31.961+0800] {logging_mixin.py:190} INFO - [2025-03-22T20:58:31.961+0800] {dagbag.py:588} INFO - Filling up the DagBag from /Users/ervinyeoh/Desktop/unimods/is3107/project/.venv/lib/python3.11/site-packages/airflow/example_dags/example_bash_operator.py
[2025-03-22T20:58:31.969+0800] {processor.py:925} INFO - DAG(s) 'example_bash_operator' retrieved from /Users/ervinyeoh/Desktop/unimods/is3107/project/.venv/lib/python3.11/site-packages/airflow/example_dags/example_bash_operator.py
[2025-03-22T20:58:32.080+0800] {logging_mixin.py:190} INFO - [2025-03-22T20:58:32.079+0800] {dag.py:3239} INFO - Sync 1 DAGs
[2025-03-22T20:58:32.091+0800] {logging_mixin.py:190} INFO - [2025-03-22T20:58:32.091+0800] {dag.py:4180} INFO - Setting next_dagrun for example_bash_operator to 2025-03-21 00:00:00+00:00, run_after=2025-03-22 00:00:00+00:00
[2025-03-22T20:58:32.101+0800] {processor.py:208} INFO - Processing /Users/ervinyeoh/Desktop/unimods/is3107/project/.venv/lib/python3.11/site-packages/airflow/example_dags/example_bash_operator.py took 0.144 seconds
[2025-03-22T21:01:59.444+0800] {processor.py:186} INFO - Started process (PID=93265) to work on /Users/ervinyeoh/Desktop/unimods/is3107/project/.venv/lib/python3.11/site-packages/airflow/example_dags/example_bash_operator.py
[2025-03-22T21:01:59.446+0800] {processor.py:914} INFO - Processing file /Users/ervinyeoh/Desktop/unimods/is3107/project/.venv/lib/python3.11/site-packages/airflow/example_dags/example_bash_operator.py for tasks to queue
[2025-03-22T21:01:59.446+0800] {logging_mixin.py:190} INFO - [2025-03-22T21:01:59.446+0800] {dagbag.py:588} INFO - Filling up the DagBag from /Users/ervinyeoh/Desktop/unimods/is3107/project/.venv/lib/python3.11/site-packages/airflow/example_dags/example_bash_operator.py
[2025-03-22T21:01:59.454+0800] {processor.py:925} INFO - DAG(s) 'example_bash_operator' retrieved from /Users/ervinyeoh/Desktop/unimods/is3107/project/.venv/lib/python3.11/site-packages/airflow/example_dags/example_bash_operator.py
[2025-03-22T21:01:59.544+0800] {logging_mixin.py:190} INFO - [2025-03-22T21:01:59.544+0800] {dag.py:3239} INFO - Sync 1 DAGs
[2025-03-22T21:01:59.555+0800] {logging_mixin.py:190} INFO - [2025-03-22T21:01:59.555+0800] {dag.py:4180} INFO - Setting next_dagrun for example_bash_operator to 2025-03-21 00:00:00+00:00, run_after=2025-03-22 00:00:00+00:00
[2025-03-22T21:01:59.565+0800] {processor.py:208} INFO - Processing /Users/ervinyeoh/Desktop/unimods/is3107/project/.venv/lib/python3.11/site-packages/airflow/example_dags/example_bash_operator.py took 0.122 seconds
[2025-03-22T21:05:21.550+0800] {processor.py:186} INFO - Started process (PID=93551) to work on /Users/ervinyeoh/Desktop/unimods/is3107/project/.venv/lib/python3.11/site-packages/airflow/example_dags/example_bash_operator.py
[2025-03-22T21:05:21.551+0800] {processor.py:914} INFO - Processing file /Users/ervinyeoh/Desktop/unimods/is3107/project/.venv/lib/python3.11/site-packages/airflow/example_dags/example_bash_operator.py for tasks to queue
[2025-03-22T21:05:21.552+0800] {logging_mixin.py:190} INFO - [2025-03-22T21:05:21.551+0800] {dagbag.py:588} INFO - Filling up the DagBag from /Users/ervinyeoh/Desktop/unimods/is3107/project/.venv/lib/python3.11/site-packages/airflow/example_dags/example_bash_operator.py
[2025-03-22T21:05:21.559+0800] {processor.py:925} INFO - DAG(s) 'example_bash_operator' retrieved from /Users/ervinyeoh/Desktop/unimods/is3107/project/.venv/lib/python3.11/site-packages/airflow/example_dags/example_bash_operator.py
[2025-03-22T21:05:21.647+0800] {logging_mixin.py:190} INFO - [2025-03-22T21:05:21.647+0800] {dag.py:3239} INFO - Sync 1 DAGs
[2025-03-22T21:05:21.659+0800] {logging_mixin.py:190} INFO - [2025-03-22T21:05:21.659+0800] {dag.py:4180} INFO - Setting next_dagrun for example_bash_operator to 2025-03-21 00:00:00+00:00, run_after=2025-03-22 00:00:00+00:00
[2025-03-22T21:05:21.669+0800] {processor.py:208} INFO - Processing /Users/ervinyeoh/Desktop/unimods/is3107/project/.venv/lib/python3.11/site-packages/airflow/example_dags/example_bash_operator.py took 0.121 seconds
[2025-03-22T21:08:47.102+0800] {processor.py:186} INFO - Started process (PID=93880) to work on /Users/ervinyeoh/Desktop/unimods/is3107/project/.venv/lib/python3.11/site-packages/airflow/example_dags/example_bash_operator.py
[2025-03-22T21:08:47.103+0800] {processor.py:914} INFO - Processing file /Users/ervinyeoh/Desktop/unimods/is3107/project/.venv/lib/python3.11/site-packages/airflow/example_dags/example_bash_operator.py for tasks to queue
[2025-03-22T21:08:47.104+0800] {logging_mixin.py:190} INFO - [2025-03-22T21:08:47.104+0800] {dagbag.py:588} INFO - Filling up the DagBag from /Users/ervinyeoh/Desktop/unimods/is3107/project/.venv/lib/python3.11/site-packages/airflow/example_dags/example_bash_operator.py
[2025-03-22T21:08:47.111+0800] {processor.py:925} INFO - DAG(s) 'example_bash_operator' retrieved from /Users/ervinyeoh/Desktop/unimods/is3107/project/.venv/lib/python3.11/site-packages/airflow/example_dags/example_bash_operator.py
[2025-03-22T21:08:47.197+0800] {logging_mixin.py:190} INFO - [2025-03-22T21:08:47.197+0800] {dag.py:3239} INFO - Sync 1 DAGs
[2025-03-22T21:08:47.209+0800] {logging_mixin.py:190} INFO - [2025-03-22T21:08:47.209+0800] {dag.py:4180} INFO - Setting next_dagrun for example_bash_operator to 2025-03-21 00:00:00+00:00, run_after=2025-03-22 00:00:00+00:00
[2025-03-22T21:08:47.218+0800] {processor.py:208} INFO - Processing /Users/ervinyeoh/Desktop/unimods/is3107/project/.venv/lib/python3.11/site-packages/airflow/example_dags/example_bash_operator.py took 0.118 seconds
[2025-03-22T21:12:07.524+0800] {processor.py:186} INFO - Started process (PID=94213) to work on /Users/ervinyeoh/Desktop/unimods/is3107/project/.venv/lib/python3.11/site-packages/airflow/example_dags/example_bash_operator.py
[2025-03-22T21:12:07.525+0800] {processor.py:914} INFO - Processing file /Users/ervinyeoh/Desktop/unimods/is3107/project/.venv/lib/python3.11/site-packages/airflow/example_dags/example_bash_operator.py for tasks to queue
[2025-03-22T21:12:07.526+0800] {logging_mixin.py:190} INFO - [2025-03-22T21:12:07.526+0800] {dagbag.py:588} INFO - Filling up the DagBag from /Users/ervinyeoh/Desktop/unimods/is3107/project/.venv/lib/python3.11/site-packages/airflow/example_dags/example_bash_operator.py
[2025-03-22T21:12:07.533+0800] {processor.py:925} INFO - DAG(s) 'example_bash_operator' retrieved from /Users/ervinyeoh/Desktop/unimods/is3107/project/.venv/lib/python3.11/site-packages/airflow/example_dags/example_bash_operator.py
[2025-03-22T21:12:07.627+0800] {logging_mixin.py:190} INFO - [2025-03-22T21:12:07.627+0800] {dag.py:3239} INFO - Sync 1 DAGs
[2025-03-22T21:12:07.640+0800] {logging_mixin.py:190} INFO - [2025-03-22T21:12:07.640+0800] {dag.py:4180} INFO - Setting next_dagrun for example_bash_operator to 2025-03-21 00:00:00+00:00, run_after=2025-03-22 00:00:00+00:00
[2025-03-22T21:12:07.650+0800] {processor.py:208} INFO - Processing /Users/ervinyeoh/Desktop/unimods/is3107/project/.venv/lib/python3.11/site-packages/airflow/example_dags/example_bash_operator.py took 0.127 seconds
[2025-03-22T21:15:28.150+0800] {processor.py:186} INFO - Started process (PID=94491) to work on /Users/ervinyeoh/Desktop/unimods/is3107/project/.venv/lib/python3.11/site-packages/airflow/example_dags/example_bash_operator.py
[2025-03-22T21:15:28.152+0800] {processor.py:914} INFO - Processing file /Users/ervinyeoh/Desktop/unimods/is3107/project/.venv/lib/python3.11/site-packages/airflow/example_dags/example_bash_operator.py for tasks to queue
[2025-03-22T21:15:28.152+0800] {logging_mixin.py:190} INFO - [2025-03-22T21:15:28.152+0800] {dagbag.py:588} INFO - Filling up the DagBag from /Users/ervinyeoh/Desktop/unimods/is3107/project/.venv/lib/python3.11/site-packages/airflow/example_dags/example_bash_operator.py
[2025-03-22T21:15:28.159+0800] {processor.py:925} INFO - DAG(s) 'example_bash_operator' retrieved from /Users/ervinyeoh/Desktop/unimods/is3107/project/.venv/lib/python3.11/site-packages/airflow/example_dags/example_bash_operator.py
[2025-03-22T21:15:28.246+0800] {logging_mixin.py:190} INFO - [2025-03-22T21:15:28.245+0800] {dag.py:3239} INFO - Sync 1 DAGs
[2025-03-22T21:15:28.256+0800] {logging_mixin.py:190} INFO - [2025-03-22T21:15:28.256+0800] {dag.py:4180} INFO - Setting next_dagrun for example_bash_operator to 2025-03-21 00:00:00+00:00, run_after=2025-03-22 00:00:00+00:00
[2025-03-22T21:15:28.266+0800] {processor.py:208} INFO - Processing /Users/ervinyeoh/Desktop/unimods/is3107/project/.venv/lib/python3.11/site-packages/airflow/example_dags/example_bash_operator.py took 0.117 seconds
[2025-03-22T21:18:50.947+0800] {processor.py:186} INFO - Started process (PID=94791) to work on /Users/ervinyeoh/Desktop/unimods/is3107/project/.venv/lib/python3.11/site-packages/airflow/example_dags/example_bash_operator.py
[2025-03-22T21:18:50.948+0800] {processor.py:914} INFO - Processing file /Users/ervinyeoh/Desktop/unimods/is3107/project/.venv/lib/python3.11/site-packages/airflow/example_dags/example_bash_operator.py for tasks to queue
[2025-03-22T21:18:50.949+0800] {logging_mixin.py:190} INFO - [2025-03-22T21:18:50.949+0800] {dagbag.py:588} INFO - Filling up the DagBag from /Users/ervinyeoh/Desktop/unimods/is3107/project/.venv/lib/python3.11/site-packages/airflow/example_dags/example_bash_operator.py
[2025-03-22T21:18:50.957+0800] {processor.py:925} INFO - DAG(s) 'example_bash_operator' retrieved from /Users/ervinyeoh/Desktop/unimods/is3107/project/.venv/lib/python3.11/site-packages/airflow/example_dags/example_bash_operator.py
[2025-03-22T21:18:51.057+0800] {logging_mixin.py:190} INFO - [2025-03-22T21:18:51.057+0800] {dag.py:3239} INFO - Sync 1 DAGs
[2025-03-22T21:18:51.068+0800] {logging_mixin.py:190} INFO - [2025-03-22T21:18:51.068+0800] {dag.py:4180} INFO - Setting next_dagrun for example_bash_operator to 2025-03-21 00:00:00+00:00, run_after=2025-03-22 00:00:00+00:00
[2025-03-22T21:18:51.078+0800] {processor.py:208} INFO - Processing /Users/ervinyeoh/Desktop/unimods/is3107/project/.venv/lib/python3.11/site-packages/airflow/example_dags/example_bash_operator.py took 0.132 seconds
[2025-03-22T23:17:19.606+0800] {processor.py:186} INFO - Started process (PID=95204) to work on /Users/ervinyeoh/Desktop/unimods/is3107/project/.venv/lib/python3.11/site-packages/airflow/example_dags/example_bash_operator.py
[2025-03-22T23:17:19.607+0800] {processor.py:914} INFO - Processing file /Users/ervinyeoh/Desktop/unimods/is3107/project/.venv/lib/python3.11/site-packages/airflow/example_dags/example_bash_operator.py for tasks to queue
[2025-03-22T23:17:19.608+0800] {logging_mixin.py:190} INFO - [2025-03-22T23:17:19.607+0800] {dagbag.py:588} INFO - Filling up the DagBag from /Users/ervinyeoh/Desktop/unimods/is3107/project/.venv/lib/python3.11/site-packages/airflow/example_dags/example_bash_operator.py
[2025-03-22T23:17:19.614+0800] {processor.py:925} INFO - DAG(s) 'example_bash_operator' retrieved from /Users/ervinyeoh/Desktop/unimods/is3107/project/.venv/lib/python3.11/site-packages/airflow/example_dags/example_bash_operator.py
[2025-03-22T23:17:19.701+0800] {logging_mixin.py:190} INFO - [2025-03-22T23:17:19.701+0800] {dag.py:3239} INFO - Sync 1 DAGs
[2025-03-22T23:17:19.712+0800] {logging_mixin.py:190} INFO - [2025-03-22T23:17:19.712+0800] {dag.py:4180} INFO - Setting next_dagrun for example_bash_operator to 2025-03-21 00:00:00+00:00, run_after=2025-03-22 00:00:00+00:00
[2025-03-22T23:17:19.722+0800] {processor.py:208} INFO - Processing /Users/ervinyeoh/Desktop/unimods/is3107/project/.venv/lib/python3.11/site-packages/airflow/example_dags/example_bash_operator.py took 0.117 seconds
