[2025-04-18T16:56:31.735+0800] {processor.py:186} INFO - Started process (PID=30380) to work on /Users/ervinyeoh/Desktop/unimods/is3107/project/.venv/lib/python3.11/site-packages/airflow/example_dags/example_xcomargs.py
[2025-04-18T16:56:31.736+0800] {processor.py:914} INFO - Processing file /Users/ervinyeoh/Desktop/unimods/is3107/project/.venv/lib/python3.11/site-packages/airflow/example_dags/example_xcomargs.py for tasks to queue
[2025-04-18T16:56:31.736+0800] {logging_mixin.py:190} INFO - [2025-04-18T16:56:31.736+0800] {dagbag.py:588} INFO - Filling up the DagBag from /Users/ervinyeoh/Desktop/unimods/is3107/project/.venv/lib/python3.11/site-packages/airflow/example_dags/example_xcomargs.py
[2025-04-18T16:56:31.792+0800] {processor.py:925} INFO - DAG(s) 'example_xcom_args_with_operators', 'example_xcom_args' retrieved from /Users/ervinyeoh/Desktop/unimods/is3107/project/.venv/lib/python3.11/site-packages/airflow/example_dags/example_xcomargs.py
[2025-04-18T16:56:31.846+0800] {logging_mixin.py:190} INFO - [2025-04-18T16:56:31.846+0800] {dag.py:3239} INFO - Sync 2 DAGs
[2025-04-18T16:56:31.852+0800] {logging_mixin.py:190} INFO - [2025-04-18T16:56:31.852+0800] {dag.py:4180} INFO - Setting next_dagrun for example_xcom_args to None, run_after=None
[2025-04-18T16:56:31.854+0800] {logging_mixin.py:190} INFO - [2025-04-18T16:56:31.854+0800] {dag.py:4180} INFO - Setting next_dagrun for example_xcom_args_with_operators to None, run_after=None
[2025-04-18T16:56:31.863+0800] {processor.py:208} INFO - Processing /Users/ervinyeoh/Desktop/unimods/is3107/project/.venv/lib/python3.11/site-packages/airflow/example_dags/example_xcomargs.py took 0.129 seconds
[2025-04-18T17:05:24.730+0800] {processor.py:186} INFO - Started process (PID=31209) to work on /Users/ervinyeoh/Desktop/unimods/is3107/project/.venv/lib/python3.11/site-packages/airflow/example_dags/example_xcomargs.py
[2025-04-18T17:05:24.731+0800] {processor.py:914} INFO - Processing file /Users/ervinyeoh/Desktop/unimods/is3107/project/.venv/lib/python3.11/site-packages/airflow/example_dags/example_xcomargs.py for tasks to queue
[2025-04-18T17:05:24.732+0800] {logging_mixin.py:190} INFO - [2025-04-18T17:05:24.732+0800] {dagbag.py:588} INFO - Filling up the DagBag from /Users/ervinyeoh/Desktop/unimods/is3107/project/.venv/lib/python3.11/site-packages/airflow/example_dags/example_xcomargs.py
[2025-04-18T17:05:24.794+0800] {processor.py:925} INFO - DAG(s) 'example_xcom_args_with_operators', 'example_xcom_args' retrieved from /Users/ervinyeoh/Desktop/unimods/is3107/project/.venv/lib/python3.11/site-packages/airflow/example_dags/example_xcomargs.py
[2025-04-18T17:05:24.848+0800] {logging_mixin.py:190} INFO - [2025-04-18T17:05:24.848+0800] {dag.py:3239} INFO - Sync 2 DAGs
[2025-04-18T17:05:24.854+0800] {logging_mixin.py:190} INFO - [2025-04-18T17:05:24.854+0800] {dag.py:4180} INFO - Setting next_dagrun for example_xcom_args to None, run_after=None
[2025-04-18T17:05:24.856+0800] {logging_mixin.py:190} INFO - [2025-04-18T17:05:24.856+0800] {dag.py:4180} INFO - Setting next_dagrun for example_xcom_args_with_operators to None, run_after=None
[2025-04-18T17:05:24.865+0800] {processor.py:208} INFO - Processing /Users/ervinyeoh/Desktop/unimods/is3107/project/.venv/lib/python3.11/site-packages/airflow/example_dags/example_xcomargs.py took 0.136 seconds
[2025-04-18T17:07:39.457+0800] {processor.py:186} INFO - Started process (PID=31430) to work on /Users/ervinyeoh/Desktop/unimods/is3107/project/.venv/lib/python3.11/site-packages/airflow/example_dags/example_xcomargs.py
[2025-04-18T17:07:39.457+0800] {processor.py:914} INFO - Processing file /Users/ervinyeoh/Desktop/unimods/is3107/project/.venv/lib/python3.11/site-packages/airflow/example_dags/example_xcomargs.py for tasks to queue
[2025-04-18T17:07:39.458+0800] {logging_mixin.py:190} INFO - [2025-04-18T17:07:39.458+0800] {dagbag.py:588} INFO - Filling up the DagBag from /Users/ervinyeoh/Desktop/unimods/is3107/project/.venv/lib/python3.11/site-packages/airflow/example_dags/example_xcomargs.py
[2025-04-18T17:07:39.515+0800] {processor.py:925} INFO - DAG(s) 'example_xcom_args_with_operators', 'example_xcom_args' retrieved from /Users/ervinyeoh/Desktop/unimods/is3107/project/.venv/lib/python3.11/site-packages/airflow/example_dags/example_xcomargs.py
[2025-04-18T17:07:39.570+0800] {logging_mixin.py:190} INFO - [2025-04-18T17:07:39.570+0800] {dag.py:3239} INFO - Sync 2 DAGs
[2025-04-18T17:07:39.576+0800] {logging_mixin.py:190} INFO - [2025-04-18T17:07:39.576+0800] {dag.py:4180} INFO - Setting next_dagrun for example_xcom_args to None, run_after=None
[2025-04-18T17:07:39.578+0800] {logging_mixin.py:190} INFO - [2025-04-18T17:07:39.578+0800] {dag.py:4180} INFO - Setting next_dagrun for example_xcom_args_with_operators to None, run_after=None
[2025-04-18T17:07:39.587+0800] {processor.py:208} INFO - Processing /Users/ervinyeoh/Desktop/unimods/is3107/project/.venv/lib/python3.11/site-packages/airflow/example_dags/example_xcomargs.py took 0.132 seconds
[2025-04-18T17:13:00.731+0800] {processor.py:186} INFO - Started process (PID=31816) to work on /Users/ervinyeoh/Desktop/unimods/is3107/project/.venv/lib/python3.11/site-packages/airflow/example_dags/example_xcomargs.py
[2025-04-18T17:13:00.732+0800] {processor.py:914} INFO - Processing file /Users/ervinyeoh/Desktop/unimods/is3107/project/.venv/lib/python3.11/site-packages/airflow/example_dags/example_xcomargs.py for tasks to queue
[2025-04-18T17:13:00.733+0800] {logging_mixin.py:190} INFO - [2025-04-18T17:13:00.733+0800] {dagbag.py:588} INFO - Filling up the DagBag from /Users/ervinyeoh/Desktop/unimods/is3107/project/.venv/lib/python3.11/site-packages/airflow/example_dags/example_xcomargs.py
[2025-04-18T17:13:00.784+0800] {processor.py:925} INFO - DAG(s) 'example_xcom_args_with_operators', 'example_xcom_args' retrieved from /Users/ervinyeoh/Desktop/unimods/is3107/project/.venv/lib/python3.11/site-packages/airflow/example_dags/example_xcomargs.py
[2025-04-18T17:13:00.837+0800] {logging_mixin.py:190} INFO - [2025-04-18T17:13:00.837+0800] {dag.py:3239} INFO - Sync 2 DAGs
[2025-04-18T17:13:00.844+0800] {logging_mixin.py:190} INFO - [2025-04-18T17:13:00.843+0800] {dag.py:4180} INFO - Setting next_dagrun for example_xcom_args to None, run_after=None
[2025-04-18T17:13:00.845+0800] {logging_mixin.py:190} INFO - [2025-04-18T17:13:00.845+0800] {dag.py:4180} INFO - Setting next_dagrun for example_xcom_args_with_operators to None, run_after=None
[2025-04-18T17:13:00.854+0800] {processor.py:208} INFO - Processing /Users/ervinyeoh/Desktop/unimods/is3107/project/.venv/lib/python3.11/site-packages/airflow/example_dags/example_xcomargs.py took 0.125 seconds
[2025-04-18T17:15:12.304+0800] {processor.py:186} INFO - Started process (PID=31963) to work on /Users/ervinyeoh/Desktop/unimods/is3107/project/.venv/lib/python3.11/site-packages/airflow/example_dags/example_xcomargs.py
[2025-04-18T17:15:12.305+0800] {processor.py:914} INFO - Processing file /Users/ervinyeoh/Desktop/unimods/is3107/project/.venv/lib/python3.11/site-packages/airflow/example_dags/example_xcomargs.py for tasks to queue
[2025-04-18T17:15:12.306+0800] {logging_mixin.py:190} INFO - [2025-04-18T17:15:12.306+0800] {dagbag.py:588} INFO - Filling up the DagBag from /Users/ervinyeoh/Desktop/unimods/is3107/project/.venv/lib/python3.11/site-packages/airflow/example_dags/example_xcomargs.py
[2025-04-18T17:15:12.358+0800] {processor.py:925} INFO - DAG(s) 'example_xcom_args', 'example_xcom_args_with_operators' retrieved from /Users/ervinyeoh/Desktop/unimods/is3107/project/.venv/lib/python3.11/site-packages/airflow/example_dags/example_xcomargs.py
[2025-04-18T17:15:12.411+0800] {logging_mixin.py:190} INFO - [2025-04-18T17:15:12.411+0800] {dag.py:3239} INFO - Sync 2 DAGs
[2025-04-18T17:15:12.417+0800] {logging_mixin.py:190} INFO - [2025-04-18T17:15:12.417+0800] {dag.py:4180} INFO - Setting next_dagrun for example_xcom_args to None, run_after=None
[2025-04-18T17:15:12.419+0800] {logging_mixin.py:190} INFO - [2025-04-18T17:15:12.419+0800] {dag.py:4180} INFO - Setting next_dagrun for example_xcom_args_with_operators to None, run_after=None
[2025-04-18T17:15:12.427+0800] {processor.py:208} INFO - Processing /Users/ervinyeoh/Desktop/unimods/is3107/project/.venv/lib/python3.11/site-packages/airflow/example_dags/example_xcomargs.py took 0.125 seconds
[2025-04-18T17:16:53.659+0800] {processor.py:186} INFO - Started process (PID=32090) to work on /Users/ervinyeoh/Desktop/unimods/is3107/project/.venv/lib/python3.11/site-packages/airflow/example_dags/example_xcomargs.py
[2025-04-18T17:16:53.660+0800] {processor.py:914} INFO - Processing file /Users/ervinyeoh/Desktop/unimods/is3107/project/.venv/lib/python3.11/site-packages/airflow/example_dags/example_xcomargs.py for tasks to queue
[2025-04-18T17:16:53.661+0800] {logging_mixin.py:190} INFO - [2025-04-18T17:16:53.661+0800] {dagbag.py:588} INFO - Filling up the DagBag from /Users/ervinyeoh/Desktop/unimods/is3107/project/.venv/lib/python3.11/site-packages/airflow/example_dags/example_xcomargs.py
[2025-04-18T17:16:53.712+0800] {processor.py:925} INFO - DAG(s) 'example_xcom_args_with_operators', 'example_xcom_args' retrieved from /Users/ervinyeoh/Desktop/unimods/is3107/project/.venv/lib/python3.11/site-packages/airflow/example_dags/example_xcomargs.py
[2025-04-18T17:16:53.765+0800] {logging_mixin.py:190} INFO - [2025-04-18T17:16:53.765+0800] {dag.py:3239} INFO - Sync 2 DAGs
[2025-04-18T17:16:53.771+0800] {logging_mixin.py:190} INFO - [2025-04-18T17:16:53.770+0800] {dag.py:4180} INFO - Setting next_dagrun for example_xcom_args to None, run_after=None
[2025-04-18T17:16:53.772+0800] {logging_mixin.py:190} INFO - [2025-04-18T17:16:53.772+0800] {dag.py:4180} INFO - Setting next_dagrun for example_xcom_args_with_operators to None, run_after=None
[2025-04-18T17:16:53.781+0800] {processor.py:208} INFO - Processing /Users/ervinyeoh/Desktop/unimods/is3107/project/.venv/lib/python3.11/site-packages/airflow/example_dags/example_xcomargs.py took 0.123 seconds
[2025-04-18T17:18:43.139+0800] {processor.py:186} INFO - Started process (PID=32237) to work on /Users/ervinyeoh/Desktop/unimods/is3107/project/.venv/lib/python3.11/site-packages/airflow/example_dags/example_xcomargs.py
[2025-04-18T17:18:43.140+0800] {processor.py:914} INFO - Processing file /Users/ervinyeoh/Desktop/unimods/is3107/project/.venv/lib/python3.11/site-packages/airflow/example_dags/example_xcomargs.py for tasks to queue
[2025-04-18T17:18:43.140+0800] {logging_mixin.py:190} INFO - [2025-04-18T17:18:43.140+0800] {dagbag.py:588} INFO - Filling up the DagBag from /Users/ervinyeoh/Desktop/unimods/is3107/project/.venv/lib/python3.11/site-packages/airflow/example_dags/example_xcomargs.py
[2025-04-18T17:18:43.194+0800] {processor.py:925} INFO - DAG(s) 'example_xcom_args_with_operators', 'example_xcom_args' retrieved from /Users/ervinyeoh/Desktop/unimods/is3107/project/.venv/lib/python3.11/site-packages/airflow/example_dags/example_xcomargs.py
[2025-04-18T17:18:43.247+0800] {logging_mixin.py:190} INFO - [2025-04-18T17:18:43.246+0800] {dag.py:3239} INFO - Sync 2 DAGs
[2025-04-18T17:18:43.252+0800] {logging_mixin.py:190} INFO - [2025-04-18T17:18:43.252+0800] {dag.py:4180} INFO - Setting next_dagrun for example_xcom_args to None, run_after=None
[2025-04-18T17:18:43.255+0800] {logging_mixin.py:190} INFO - [2025-04-18T17:18:43.254+0800] {dag.py:4180} INFO - Setting next_dagrun for example_xcom_args_with_operators to None, run_after=None
[2025-04-18T17:18:43.263+0800] {processor.py:208} INFO - Processing /Users/ervinyeoh/Desktop/unimods/is3107/project/.venv/lib/python3.11/site-packages/airflow/example_dags/example_xcomargs.py took 0.126 seconds
[2025-04-18T17:20:27.349+0800] {processor.py:186} INFO - Started process (PID=32368) to work on /Users/ervinyeoh/Desktop/unimods/is3107/project/.venv/lib/python3.11/site-packages/airflow/example_dags/example_xcomargs.py
[2025-04-18T17:20:27.350+0800] {processor.py:914} INFO - Processing file /Users/ervinyeoh/Desktop/unimods/is3107/project/.venv/lib/python3.11/site-packages/airflow/example_dags/example_xcomargs.py for tasks to queue
[2025-04-18T17:20:27.351+0800] {logging_mixin.py:190} INFO - [2025-04-18T17:20:27.351+0800] {dagbag.py:588} INFO - Filling up the DagBag from /Users/ervinyeoh/Desktop/unimods/is3107/project/.venv/lib/python3.11/site-packages/airflow/example_dags/example_xcomargs.py
[2025-04-18T17:20:27.403+0800] {processor.py:925} INFO - DAG(s) 'example_xcom_args_with_operators', 'example_xcom_args' retrieved from /Users/ervinyeoh/Desktop/unimods/is3107/project/.venv/lib/python3.11/site-packages/airflow/example_dags/example_xcomargs.py
[2025-04-18T17:20:27.457+0800] {logging_mixin.py:190} INFO - [2025-04-18T17:20:27.457+0800] {dag.py:3239} INFO - Sync 2 DAGs
[2025-04-18T17:20:27.463+0800] {logging_mixin.py:190} INFO - [2025-04-18T17:20:27.463+0800] {dag.py:4180} INFO - Setting next_dagrun for example_xcom_args to None, run_after=None
[2025-04-18T17:20:27.465+0800] {logging_mixin.py:190} INFO - [2025-04-18T17:20:27.464+0800] {dag.py:4180} INFO - Setting next_dagrun for example_xcom_args_with_operators to None, run_after=None
[2025-04-18T17:20:27.473+0800] {processor.py:208} INFO - Processing /Users/ervinyeoh/Desktop/unimods/is3107/project/.venv/lib/python3.11/site-packages/airflow/example_dags/example_xcomargs.py took 0.125 seconds
[2025-04-18T17:22:08.496+0800] {processor.py:186} INFO - Started process (PID=32597) to work on /Users/ervinyeoh/Desktop/unimods/is3107/project/.venv/lib/python3.11/site-packages/airflow/example_dags/example_xcomargs.py
[2025-04-18T17:22:08.496+0800] {processor.py:914} INFO - Processing file /Users/ervinyeoh/Desktop/unimods/is3107/project/.venv/lib/python3.11/site-packages/airflow/example_dags/example_xcomargs.py for tasks to queue
[2025-04-18T17:22:08.497+0800] {logging_mixin.py:190} INFO - [2025-04-18T17:22:08.497+0800] {dagbag.py:588} INFO - Filling up the DagBag from /Users/ervinyeoh/Desktop/unimods/is3107/project/.venv/lib/python3.11/site-packages/airflow/example_dags/example_xcomargs.py
[2025-04-18T17:22:08.550+0800] {processor.py:925} INFO - DAG(s) 'example_xcom_args_with_operators', 'example_xcom_args' retrieved from /Users/ervinyeoh/Desktop/unimods/is3107/project/.venv/lib/python3.11/site-packages/airflow/example_dags/example_xcomargs.py
[2025-04-18T17:22:08.603+0800] {logging_mixin.py:190} INFO - [2025-04-18T17:22:08.603+0800] {dag.py:3239} INFO - Sync 2 DAGs
[2025-04-18T17:22:08.609+0800] {logging_mixin.py:190} INFO - [2025-04-18T17:22:08.609+0800] {dag.py:4180} INFO - Setting next_dagrun for example_xcom_args to None, run_after=None
[2025-04-18T17:22:08.610+0800] {logging_mixin.py:190} INFO - [2025-04-18T17:22:08.610+0800] {dag.py:4180} INFO - Setting next_dagrun for example_xcom_args_with_operators to None, run_after=None
[2025-04-18T17:22:08.619+0800] {processor.py:208} INFO - Processing /Users/ervinyeoh/Desktop/unimods/is3107/project/.venv/lib/python3.11/site-packages/airflow/example_dags/example_xcomargs.py took 0.125 seconds
[2025-04-18T17:23:50.167+0800] {processor.py:186} INFO - Started process (PID=32713) to work on /Users/ervinyeoh/Desktop/unimods/is3107/project/.venv/lib/python3.11/site-packages/airflow/example_dags/example_xcomargs.py
[2025-04-18T17:23:50.168+0800] {processor.py:914} INFO - Processing file /Users/ervinyeoh/Desktop/unimods/is3107/project/.venv/lib/python3.11/site-packages/airflow/example_dags/example_xcomargs.py for tasks to queue
[2025-04-18T17:23:50.169+0800] {logging_mixin.py:190} INFO - [2025-04-18T17:23:50.169+0800] {dagbag.py:588} INFO - Filling up the DagBag from /Users/ervinyeoh/Desktop/unimods/is3107/project/.venv/lib/python3.11/site-packages/airflow/example_dags/example_xcomargs.py
[2025-04-18T17:23:50.221+0800] {processor.py:925} INFO - DAG(s) 'example_xcom_args_with_operators', 'example_xcom_args' retrieved from /Users/ervinyeoh/Desktop/unimods/is3107/project/.venv/lib/python3.11/site-packages/airflow/example_dags/example_xcomargs.py
[2025-04-18T17:23:50.273+0800] {logging_mixin.py:190} INFO - [2025-04-18T17:23:50.273+0800] {dag.py:3239} INFO - Sync 2 DAGs
[2025-04-18T17:23:50.279+0800] {logging_mixin.py:190} INFO - [2025-04-18T17:23:50.279+0800] {dag.py:4180} INFO - Setting next_dagrun for example_xcom_args to None, run_after=None
[2025-04-18T17:23:50.281+0800] {logging_mixin.py:190} INFO - [2025-04-18T17:23:50.281+0800] {dag.py:4180} INFO - Setting next_dagrun for example_xcom_args_with_operators to None, run_after=None
[2025-04-18T17:23:50.290+0800] {processor.py:208} INFO - Processing /Users/ervinyeoh/Desktop/unimods/is3107/project/.venv/lib/python3.11/site-packages/airflow/example_dags/example_xcomargs.py took 0.124 seconds
[2025-04-18T17:25:31.786+0800] {processor.py:186} INFO - Started process (PID=32847) to work on /Users/ervinyeoh/Desktop/unimods/is3107/project/.venv/lib/python3.11/site-packages/airflow/example_dags/example_xcomargs.py
[2025-04-18T17:25:31.787+0800] {processor.py:914} INFO - Processing file /Users/ervinyeoh/Desktop/unimods/is3107/project/.venv/lib/python3.11/site-packages/airflow/example_dags/example_xcomargs.py for tasks to queue
[2025-04-18T17:25:31.788+0800] {logging_mixin.py:190} INFO - [2025-04-18T17:25:31.788+0800] {dagbag.py:588} INFO - Filling up the DagBag from /Users/ervinyeoh/Desktop/unimods/is3107/project/.venv/lib/python3.11/site-packages/airflow/example_dags/example_xcomargs.py
[2025-04-18T17:25:31.840+0800] {processor.py:925} INFO - DAG(s) 'example_xcom_args', 'example_xcom_args_with_operators' retrieved from /Users/ervinyeoh/Desktop/unimods/is3107/project/.venv/lib/python3.11/site-packages/airflow/example_dags/example_xcomargs.py
[2025-04-18T17:25:31.894+0800] {logging_mixin.py:190} INFO - [2025-04-18T17:25:31.894+0800] {dag.py:3239} INFO - Sync 2 DAGs
[2025-04-18T17:25:31.900+0800] {logging_mixin.py:190} INFO - [2025-04-18T17:25:31.900+0800] {dag.py:4180} INFO - Setting next_dagrun for example_xcom_args to None, run_after=None
[2025-04-18T17:25:31.902+0800] {logging_mixin.py:190} INFO - [2025-04-18T17:25:31.902+0800] {dag.py:4180} INFO - Setting next_dagrun for example_xcom_args_with_operators to None, run_after=None
[2025-04-18T17:25:31.911+0800] {processor.py:208} INFO - Processing /Users/ervinyeoh/Desktop/unimods/is3107/project/.venv/lib/python3.11/site-packages/airflow/example_dags/example_xcomargs.py took 0.126 seconds
[2025-04-18T17:27:16.124+0800] {processor.py:186} INFO - Started process (PID=33046) to work on /Users/ervinyeoh/Desktop/unimods/is3107/project/.venv/lib/python3.11/site-packages/airflow/example_dags/example_xcomargs.py
[2025-04-18T17:27:16.126+0800] {processor.py:914} INFO - Processing file /Users/ervinyeoh/Desktop/unimods/is3107/project/.venv/lib/python3.11/site-packages/airflow/example_dags/example_xcomargs.py for tasks to queue
[2025-04-18T17:27:16.126+0800] {logging_mixin.py:190} INFO - [2025-04-18T17:27:16.126+0800] {dagbag.py:588} INFO - Filling up the DagBag from /Users/ervinyeoh/Desktop/unimods/is3107/project/.venv/lib/python3.11/site-packages/airflow/example_dags/example_xcomargs.py
[2025-04-18T17:27:16.180+0800] {processor.py:925} INFO - DAG(s) 'example_xcom_args_with_operators', 'example_xcom_args' retrieved from /Users/ervinyeoh/Desktop/unimods/is3107/project/.venv/lib/python3.11/site-packages/airflow/example_dags/example_xcomargs.py
[2025-04-18T17:27:16.233+0800] {logging_mixin.py:190} INFO - [2025-04-18T17:27:16.233+0800] {dag.py:3239} INFO - Sync 2 DAGs
[2025-04-18T17:27:16.239+0800] {logging_mixin.py:190} INFO - [2025-04-18T17:27:16.239+0800] {dag.py:4180} INFO - Setting next_dagrun for example_xcom_args to None, run_after=None
[2025-04-18T17:27:16.240+0800] {logging_mixin.py:190} INFO - [2025-04-18T17:27:16.240+0800] {dag.py:4180} INFO - Setting next_dagrun for example_xcom_args_with_operators to None, run_after=None
[2025-04-18T17:27:16.249+0800] {processor.py:208} INFO - Processing /Users/ervinyeoh/Desktop/unimods/is3107/project/.venv/lib/python3.11/site-packages/airflow/example_dags/example_xcomargs.py took 0.127 seconds
[2025-04-18T17:33:23.970+0800] {processor.py:186} INFO - Started process (PID=33564) to work on /Users/ervinyeoh/Desktop/unimods/is3107/project/.venv/lib/python3.11/site-packages/airflow/example_dags/example_xcomargs.py
[2025-04-18T17:33:23.972+0800] {processor.py:914} INFO - Processing file /Users/ervinyeoh/Desktop/unimods/is3107/project/.venv/lib/python3.11/site-packages/airflow/example_dags/example_xcomargs.py for tasks to queue
[2025-04-18T17:33:23.975+0800] {logging_mixin.py:190} INFO - [2025-04-18T17:33:23.975+0800] {dagbag.py:588} INFO - Filling up the DagBag from /Users/ervinyeoh/Desktop/unimods/is3107/project/.venv/lib/python3.11/site-packages/airflow/example_dags/example_xcomargs.py
[2025-04-18T17:33:24.044+0800] {processor.py:925} INFO - DAG(s) 'example_xcom_args_with_operators', 'example_xcom_args' retrieved from /Users/ervinyeoh/Desktop/unimods/is3107/project/.venv/lib/python3.11/site-packages/airflow/example_dags/example_xcomargs.py
[2025-04-18T17:33:24.114+0800] {logging_mixin.py:190} INFO - [2025-04-18T17:33:24.114+0800] {dag.py:3239} INFO - Sync 2 DAGs
[2025-04-18T17:33:24.121+0800] {logging_mixin.py:190} INFO - [2025-04-18T17:33:24.121+0800] {dag.py:4180} INFO - Setting next_dagrun for example_xcom_args to None, run_after=None
[2025-04-18T17:33:24.124+0800] {logging_mixin.py:190} INFO - [2025-04-18T17:33:24.124+0800] {dag.py:4180} INFO - Setting next_dagrun for example_xcom_args_with_operators to None, run_after=None
[2025-04-18T17:33:24.142+0800] {processor.py:208} INFO - Processing /Users/ervinyeoh/Desktop/unimods/is3107/project/.venv/lib/python3.11/site-packages/airflow/example_dags/example_xcomargs.py took 0.174 seconds
[2025-04-18T17:35:42.457+0800] {processor.py:186} INFO - Started process (PID=33871) to work on /Users/ervinyeoh/Desktop/unimods/is3107/project/.venv/lib/python3.11/site-packages/airflow/example_dags/example_xcomargs.py
[2025-04-18T17:35:42.458+0800] {processor.py:914} INFO - Processing file /Users/ervinyeoh/Desktop/unimods/is3107/project/.venv/lib/python3.11/site-packages/airflow/example_dags/example_xcomargs.py for tasks to queue
[2025-04-18T17:35:42.459+0800] {logging_mixin.py:190} INFO - [2025-04-18T17:35:42.459+0800] {dagbag.py:588} INFO - Filling up the DagBag from /Users/ervinyeoh/Desktop/unimods/is3107/project/.venv/lib/python3.11/site-packages/airflow/example_dags/example_xcomargs.py
[2025-04-18T17:35:42.524+0800] {processor.py:925} INFO - DAG(s) 'example_xcom_args', 'example_xcom_args_with_operators' retrieved from /Users/ervinyeoh/Desktop/unimods/is3107/project/.venv/lib/python3.11/site-packages/airflow/example_dags/example_xcomargs.py
[2025-04-18T17:35:42.584+0800] {logging_mixin.py:190} INFO - [2025-04-18T17:35:42.584+0800] {dag.py:3239} INFO - Sync 2 DAGs
[2025-04-18T17:35:42.590+0800] {logging_mixin.py:190} INFO - [2025-04-18T17:35:42.590+0800] {dag.py:4180} INFO - Setting next_dagrun for example_xcom_args to None, run_after=None
[2025-04-18T17:35:42.592+0800] {logging_mixin.py:190} INFO - [2025-04-18T17:35:42.592+0800] {dag.py:4180} INFO - Setting next_dagrun for example_xcom_args_with_operators to None, run_after=None
[2025-04-18T17:35:42.601+0800] {processor.py:208} INFO - Processing /Users/ervinyeoh/Desktop/unimods/is3107/project/.venv/lib/python3.11/site-packages/airflow/example_dags/example_xcomargs.py took 0.146 seconds
[2025-04-18T17:37:29.249+0800] {processor.py:186} INFO - Started process (PID=34004) to work on /Users/ervinyeoh/Desktop/unimods/is3107/project/.venv/lib/python3.11/site-packages/airflow/example_dags/example_xcomargs.py
[2025-04-18T17:37:29.250+0800] {processor.py:914} INFO - Processing file /Users/ervinyeoh/Desktop/unimods/is3107/project/.venv/lib/python3.11/site-packages/airflow/example_dags/example_xcomargs.py for tasks to queue
[2025-04-18T17:37:29.250+0800] {logging_mixin.py:190} INFO - [2025-04-18T17:37:29.250+0800] {dagbag.py:588} INFO - Filling up the DagBag from /Users/ervinyeoh/Desktop/unimods/is3107/project/.venv/lib/python3.11/site-packages/airflow/example_dags/example_xcomargs.py
[2025-04-18T17:37:29.303+0800] {processor.py:925} INFO - DAG(s) 'example_xcom_args', 'example_xcom_args_with_operators' retrieved from /Users/ervinyeoh/Desktop/unimods/is3107/project/.venv/lib/python3.11/site-packages/airflow/example_dags/example_xcomargs.py
[2025-04-18T17:37:29.356+0800] {logging_mixin.py:190} INFO - [2025-04-18T17:37:29.356+0800] {dag.py:3239} INFO - Sync 2 DAGs
[2025-04-18T17:37:29.361+0800] {logging_mixin.py:190} INFO - [2025-04-18T17:37:29.361+0800] {dag.py:4180} INFO - Setting next_dagrun for example_xcom_args to None, run_after=None
[2025-04-18T17:37:29.364+0800] {logging_mixin.py:190} INFO - [2025-04-18T17:37:29.364+0800] {dag.py:4180} INFO - Setting next_dagrun for example_xcom_args_with_operators to None, run_after=None
[2025-04-18T17:37:29.373+0800] {processor.py:208} INFO - Processing /Users/ervinyeoh/Desktop/unimods/is3107/project/.venv/lib/python3.11/site-packages/airflow/example_dags/example_xcomargs.py took 0.126 seconds
[2025-04-18T17:39:14.558+0800] {processor.py:186} INFO - Started process (PID=34132) to work on /Users/ervinyeoh/Desktop/unimods/is3107/project/.venv/lib/python3.11/site-packages/airflow/example_dags/example_xcomargs.py
[2025-04-18T17:39:14.559+0800] {processor.py:914} INFO - Processing file /Users/ervinyeoh/Desktop/unimods/is3107/project/.venv/lib/python3.11/site-packages/airflow/example_dags/example_xcomargs.py for tasks to queue
[2025-04-18T17:39:14.560+0800] {logging_mixin.py:190} INFO - [2025-04-18T17:39:14.559+0800] {dagbag.py:588} INFO - Filling up the DagBag from /Users/ervinyeoh/Desktop/unimods/is3107/project/.venv/lib/python3.11/site-packages/airflow/example_dags/example_xcomargs.py
[2025-04-18T17:39:14.623+0800] {processor.py:925} INFO - DAG(s) 'example_xcom_args', 'example_xcom_args_with_operators' retrieved from /Users/ervinyeoh/Desktop/unimods/is3107/project/.venv/lib/python3.11/site-packages/airflow/example_dags/example_xcomargs.py
[2025-04-18T17:39:14.678+0800] {logging_mixin.py:190} INFO - [2025-04-18T17:39:14.678+0800] {dag.py:3239} INFO - Sync 2 DAGs
[2025-04-18T17:39:14.684+0800] {logging_mixin.py:190} INFO - [2025-04-18T17:39:14.684+0800] {dag.py:4180} INFO - Setting next_dagrun for example_xcom_args to None, run_after=None
[2025-04-18T17:39:14.686+0800] {logging_mixin.py:190} INFO - [2025-04-18T17:39:14.686+0800] {dag.py:4180} INFO - Setting next_dagrun for example_xcom_args_with_operators to None, run_after=None
[2025-04-18T17:39:14.695+0800] {processor.py:208} INFO - Processing /Users/ervinyeoh/Desktop/unimods/is3107/project/.venv/lib/python3.11/site-packages/airflow/example_dags/example_xcomargs.py took 0.139 seconds
[2025-04-18T17:40:56.091+0800] {processor.py:186} INFO - Started process (PID=34271) to work on /Users/ervinyeoh/Desktop/unimods/is3107/project/.venv/lib/python3.11/site-packages/airflow/example_dags/example_xcomargs.py
[2025-04-18T17:40:56.091+0800] {processor.py:914} INFO - Processing file /Users/ervinyeoh/Desktop/unimods/is3107/project/.venv/lib/python3.11/site-packages/airflow/example_dags/example_xcomargs.py for tasks to queue
[2025-04-18T17:40:56.092+0800] {logging_mixin.py:190} INFO - [2025-04-18T17:40:56.092+0800] {dagbag.py:588} INFO - Filling up the DagBag from /Users/ervinyeoh/Desktop/unimods/is3107/project/.venv/lib/python3.11/site-packages/airflow/example_dags/example_xcomargs.py
[2025-04-18T17:40:56.146+0800] {processor.py:925} INFO - DAG(s) 'example_xcom_args_with_operators', 'example_xcom_args' retrieved from /Users/ervinyeoh/Desktop/unimods/is3107/project/.venv/lib/python3.11/site-packages/airflow/example_dags/example_xcomargs.py
[2025-04-18T17:40:56.199+0800] {logging_mixin.py:190} INFO - [2025-04-18T17:40:56.199+0800] {dag.py:3239} INFO - Sync 2 DAGs
[2025-04-18T17:40:56.205+0800] {logging_mixin.py:190} INFO - [2025-04-18T17:40:56.205+0800] {dag.py:4180} INFO - Setting next_dagrun for example_xcom_args to None, run_after=None
[2025-04-18T17:40:56.207+0800] {logging_mixin.py:190} INFO - [2025-04-18T17:40:56.207+0800] {dag.py:4180} INFO - Setting next_dagrun for example_xcom_args_with_operators to None, run_after=None
[2025-04-18T17:40:56.216+0800] {processor.py:208} INFO - Processing /Users/ervinyeoh/Desktop/unimods/is3107/project/.venv/lib/python3.11/site-packages/airflow/example_dags/example_xcomargs.py took 0.127 seconds
[2025-04-18T17:52:04.483+0800] {processor.py:186} INFO - Started process (PID=34523) to work on /Users/ervinyeoh/Desktop/unimods/is3107/project/.venv/lib/python3.11/site-packages/airflow/example_dags/example_xcomargs.py
[2025-04-18T17:52:04.484+0800] {processor.py:914} INFO - Processing file /Users/ervinyeoh/Desktop/unimods/is3107/project/.venv/lib/python3.11/site-packages/airflow/example_dags/example_xcomargs.py for tasks to queue
[2025-04-18T17:52:04.485+0800] {logging_mixin.py:190} INFO - [2025-04-18T17:52:04.485+0800] {dagbag.py:588} INFO - Filling up the DagBag from /Users/ervinyeoh/Desktop/unimods/is3107/project/.venv/lib/python3.11/site-packages/airflow/example_dags/example_xcomargs.py
[2025-04-18T17:52:04.536+0800] {processor.py:925} INFO - DAG(s) 'example_xcom_args_with_operators', 'example_xcom_args' retrieved from /Users/ervinyeoh/Desktop/unimods/is3107/project/.venv/lib/python3.11/site-packages/airflow/example_dags/example_xcomargs.py
[2025-04-18T17:52:04.588+0800] {logging_mixin.py:190} INFO - [2025-04-18T17:52:04.588+0800] {dag.py:3239} INFO - Sync 2 DAGs
[2025-04-18T17:52:04.594+0800] {logging_mixin.py:190} INFO - [2025-04-18T17:52:04.594+0800] {dag.py:4180} INFO - Setting next_dagrun for example_xcom_args to None, run_after=None
[2025-04-18T17:52:04.597+0800] {logging_mixin.py:190} INFO - [2025-04-18T17:52:04.597+0800] {dag.py:4180} INFO - Setting next_dagrun for example_xcom_args_with_operators to None, run_after=None
[2025-04-18T17:52:04.606+0800] {processor.py:208} INFO - Processing /Users/ervinyeoh/Desktop/unimods/is3107/project/.venv/lib/python3.11/site-packages/airflow/example_dags/example_xcomargs.py took 0.125 seconds
[2025-04-18T18:08:05.976+0800] {processor.py:186} INFO - Started process (PID=34670) to work on /Users/ervinyeoh/Desktop/unimods/is3107/project/.venv/lib/python3.11/site-packages/airflow/example_dags/example_xcomargs.py
[2025-04-18T18:08:05.977+0800] {processor.py:914} INFO - Processing file /Users/ervinyeoh/Desktop/unimods/is3107/project/.venv/lib/python3.11/site-packages/airflow/example_dags/example_xcomargs.py for tasks to queue
[2025-04-18T18:08:05.978+0800] {logging_mixin.py:190} INFO - [2025-04-18T18:08:05.978+0800] {dagbag.py:588} INFO - Filling up the DagBag from /Users/ervinyeoh/Desktop/unimods/is3107/project/.venv/lib/python3.11/site-packages/airflow/example_dags/example_xcomargs.py
[2025-04-18T18:08:06.030+0800] {processor.py:925} INFO - DAG(s) 'example_xcom_args', 'example_xcom_args_with_operators' retrieved from /Users/ervinyeoh/Desktop/unimods/is3107/project/.venv/lib/python3.11/site-packages/airflow/example_dags/example_xcomargs.py
[2025-04-18T18:08:06.151+0800] {logging_mixin.py:190} INFO - [2025-04-18T18:08:06.151+0800] {dag.py:3239} INFO - Sync 2 DAGs
[2025-04-18T18:08:06.157+0800] {logging_mixin.py:190} INFO - [2025-04-18T18:08:06.156+0800] {dag.py:4180} INFO - Setting next_dagrun for example_xcom_args to None, run_after=None
[2025-04-18T18:08:06.158+0800] {logging_mixin.py:190} INFO - [2025-04-18T18:08:06.158+0800] {dag.py:4180} INFO - Setting next_dagrun for example_xcom_args_with_operators to None, run_after=None
[2025-04-18T18:08:06.167+0800] {processor.py:208} INFO - Processing /Users/ervinyeoh/Desktop/unimods/is3107/project/.venv/lib/python3.11/site-packages/airflow/example_dags/example_xcomargs.py took 0.193 seconds
[2025-04-18T18:19:11.294+0800] {processor.py:186} INFO - Started process (PID=34802) to work on /Users/ervinyeoh/Desktop/unimods/is3107/project/.venv/lib/python3.11/site-packages/airflow/example_dags/example_xcomargs.py
[2025-04-18T18:19:11.295+0800] {processor.py:914} INFO - Processing file /Users/ervinyeoh/Desktop/unimods/is3107/project/.venv/lib/python3.11/site-packages/airflow/example_dags/example_xcomargs.py for tasks to queue
[2025-04-18T18:19:11.296+0800] {logging_mixin.py:190} INFO - [2025-04-18T18:19:11.296+0800] {dagbag.py:588} INFO - Filling up the DagBag from /Users/ervinyeoh/Desktop/unimods/is3107/project/.venv/lib/python3.11/site-packages/airflow/example_dags/example_xcomargs.py
[2025-04-18T18:19:11.347+0800] {processor.py:925} INFO - DAG(s) 'example_xcom_args_with_operators', 'example_xcom_args' retrieved from /Users/ervinyeoh/Desktop/unimods/is3107/project/.venv/lib/python3.11/site-packages/airflow/example_dags/example_xcomargs.py
[2025-04-18T18:19:11.400+0800] {logging_mixin.py:190} INFO - [2025-04-18T18:19:11.400+0800] {dag.py:3239} INFO - Sync 2 DAGs
[2025-04-18T18:19:11.405+0800] {logging_mixin.py:190} INFO - [2025-04-18T18:19:11.405+0800] {dag.py:4180} INFO - Setting next_dagrun for example_xcom_args to None, run_after=None
[2025-04-18T18:19:11.407+0800] {logging_mixin.py:190} INFO - [2025-04-18T18:19:11.407+0800] {dag.py:4180} INFO - Setting next_dagrun for example_xcom_args_with_operators to None, run_after=None
[2025-04-18T18:19:11.416+0800] {processor.py:208} INFO - Processing /Users/ervinyeoh/Desktop/unimods/is3107/project/.venv/lib/python3.11/site-packages/airflow/example_dags/example_xcomargs.py took 0.124 seconds
[2025-04-18T18:30:17.610+0800] {processor.py:186} INFO - Started process (PID=34929) to work on /Users/ervinyeoh/Desktop/unimods/is3107/project/.venv/lib/python3.11/site-packages/airflow/example_dags/example_xcomargs.py
[2025-04-18T18:30:17.611+0800] {processor.py:914} INFO - Processing file /Users/ervinyeoh/Desktop/unimods/is3107/project/.venv/lib/python3.11/site-packages/airflow/example_dags/example_xcomargs.py for tasks to queue
[2025-04-18T18:30:17.611+0800] {logging_mixin.py:190} INFO - [2025-04-18T18:30:17.611+0800] {dagbag.py:588} INFO - Filling up the DagBag from /Users/ervinyeoh/Desktop/unimods/is3107/project/.venv/lib/python3.11/site-packages/airflow/example_dags/example_xcomargs.py
[2025-04-18T18:30:17.663+0800] {processor.py:925} INFO - DAG(s) 'example_xcom_args', 'example_xcom_args_with_operators' retrieved from /Users/ervinyeoh/Desktop/unimods/is3107/project/.venv/lib/python3.11/site-packages/airflow/example_dags/example_xcomargs.py
[2025-04-18T18:30:17.716+0800] {logging_mixin.py:190} INFO - [2025-04-18T18:30:17.716+0800] {dag.py:3239} INFO - Sync 2 DAGs
[2025-04-18T18:30:17.721+0800] {logging_mixin.py:190} INFO - [2025-04-18T18:30:17.721+0800] {dag.py:4180} INFO - Setting next_dagrun for example_xcom_args to None, run_after=None
[2025-04-18T18:30:17.723+0800] {logging_mixin.py:190} INFO - [2025-04-18T18:30:17.723+0800] {dag.py:4180} INFO - Setting next_dagrun for example_xcom_args_with_operators to None, run_after=None
[2025-04-18T18:30:17.732+0800] {processor.py:208} INFO - Processing /Users/ervinyeoh/Desktop/unimods/is3107/project/.venv/lib/python3.11/site-packages/airflow/example_dags/example_xcomargs.py took 0.123 seconds
[2025-04-18T18:46:35.469+0800] {processor.py:186} INFO - Started process (PID=35108) to work on /Users/ervinyeoh/Desktop/unimods/is3107/project/.venv/lib/python3.11/site-packages/airflow/example_dags/example_xcomargs.py
[2025-04-18T18:46:35.469+0800] {processor.py:914} INFO - Processing file /Users/ervinyeoh/Desktop/unimods/is3107/project/.venv/lib/python3.11/site-packages/airflow/example_dags/example_xcomargs.py for tasks to queue
[2025-04-18T18:46:35.470+0800] {logging_mixin.py:190} INFO - [2025-04-18T18:46:35.470+0800] {dagbag.py:588} INFO - Filling up the DagBag from /Users/ervinyeoh/Desktop/unimods/is3107/project/.venv/lib/python3.11/site-packages/airflow/example_dags/example_xcomargs.py
[2025-04-18T18:46:35.522+0800] {processor.py:925} INFO - DAG(s) 'example_xcom_args_with_operators', 'example_xcom_args' retrieved from /Users/ervinyeoh/Desktop/unimods/is3107/project/.venv/lib/python3.11/site-packages/airflow/example_dags/example_xcomargs.py
[2025-04-18T18:46:35.575+0800] {logging_mixin.py:190} INFO - [2025-04-18T18:46:35.575+0800] {dag.py:3239} INFO - Sync 2 DAGs
[2025-04-18T18:46:35.582+0800] {logging_mixin.py:190} INFO - [2025-04-18T18:46:35.582+0800] {dag.py:4180} INFO - Setting next_dagrun for example_xcom_args to None, run_after=None
[2025-04-18T18:46:35.584+0800] {logging_mixin.py:190} INFO - [2025-04-18T18:46:35.584+0800] {dag.py:4180} INFO - Setting next_dagrun for example_xcom_args_with_operators to None, run_after=None
[2025-04-18T18:46:35.595+0800] {processor.py:208} INFO - Processing /Users/ervinyeoh/Desktop/unimods/is3107/project/.venv/lib/python3.11/site-packages/airflow/example_dags/example_xcomargs.py took 0.128 seconds
[2025-04-18T18:57:43.218+0800] {processor.py:186} INFO - Started process (PID=35230) to work on /Users/ervinyeoh/Desktop/unimods/is3107/project/.venv/lib/python3.11/site-packages/airflow/example_dags/example_xcomargs.py
[2025-04-18T18:57:43.218+0800] {processor.py:914} INFO - Processing file /Users/ervinyeoh/Desktop/unimods/is3107/project/.venv/lib/python3.11/site-packages/airflow/example_dags/example_xcomargs.py for tasks to queue
[2025-04-18T18:57:43.219+0800] {logging_mixin.py:190} INFO - [2025-04-18T18:57:43.219+0800] {dagbag.py:588} INFO - Filling up the DagBag from /Users/ervinyeoh/Desktop/unimods/is3107/project/.venv/lib/python3.11/site-packages/airflow/example_dags/example_xcomargs.py
[2025-04-18T18:57:43.271+0800] {processor.py:925} INFO - DAG(s) 'example_xcom_args_with_operators', 'example_xcom_args' retrieved from /Users/ervinyeoh/Desktop/unimods/is3107/project/.venv/lib/python3.11/site-packages/airflow/example_dags/example_xcomargs.py
[2025-04-18T18:57:43.324+0800] {logging_mixin.py:190} INFO - [2025-04-18T18:57:43.324+0800] {dag.py:3239} INFO - Sync 2 DAGs
[2025-04-18T18:57:43.330+0800] {logging_mixin.py:190} INFO - [2025-04-18T18:57:43.330+0800] {dag.py:4180} INFO - Setting next_dagrun for example_xcom_args to None, run_after=None
[2025-04-18T18:57:43.332+0800] {logging_mixin.py:190} INFO - [2025-04-18T18:57:43.332+0800] {dag.py:4180} INFO - Setting next_dagrun for example_xcom_args_with_operators to None, run_after=None
[2025-04-18T18:57:43.341+0800] {processor.py:208} INFO - Processing /Users/ervinyeoh/Desktop/unimods/is3107/project/.venv/lib/python3.11/site-packages/airflow/example_dags/example_xcomargs.py took 0.125 seconds
[2025-04-18T19:25:45.605+0800] {processor.py:186} INFO - Started process (PID=35358) to work on /Users/ervinyeoh/Desktop/unimods/is3107/project/.venv/lib/python3.11/site-packages/airflow/example_dags/example_xcomargs.py
[2025-04-18T19:25:45.606+0800] {processor.py:914} INFO - Processing file /Users/ervinyeoh/Desktop/unimods/is3107/project/.venv/lib/python3.11/site-packages/airflow/example_dags/example_xcomargs.py for tasks to queue
[2025-04-18T19:25:45.607+0800] {logging_mixin.py:190} INFO - [2025-04-18T19:25:45.606+0800] {dagbag.py:588} INFO - Filling up the DagBag from /Users/ervinyeoh/Desktop/unimods/is3107/project/.venv/lib/python3.11/site-packages/airflow/example_dags/example_xcomargs.py
[2025-04-18T19:25:45.661+0800] {processor.py:925} INFO - DAG(s) 'example_xcom_args', 'example_xcom_args_with_operators' retrieved from /Users/ervinyeoh/Desktop/unimods/is3107/project/.venv/lib/python3.11/site-packages/airflow/example_dags/example_xcomargs.py
[2025-04-18T19:25:45.714+0800] {logging_mixin.py:190} INFO - [2025-04-18T19:25:45.713+0800] {dag.py:3239} INFO - Sync 2 DAGs
[2025-04-18T19:25:45.719+0800] {logging_mixin.py:190} INFO - [2025-04-18T19:25:45.719+0800] {dag.py:4180} INFO - Setting next_dagrun for example_xcom_args to None, run_after=None
[2025-04-18T19:25:45.722+0800] {logging_mixin.py:190} INFO - [2025-04-18T19:25:45.722+0800] {dag.py:4180} INFO - Setting next_dagrun for example_xcom_args_with_operators to None, run_after=None
[2025-04-18T19:25:45.731+0800] {processor.py:208} INFO - Processing /Users/ervinyeoh/Desktop/unimods/is3107/project/.venv/lib/python3.11/site-packages/airflow/example_dags/example_xcomargs.py took 0.127 seconds
