[2025-04-18T16:56:50.202+0800] {processor.py:186} INFO - Started process (PID=30410) to work on /Users/ervinyeoh/Desktop/unimods/is3107/project/.venv/lib/python3.11/site-packages/airflow/example_dags/example_subdag_operator.py
[2025-04-18T16:56:50.203+0800] {processor.py:914} INFO - Processing file /Users/ervinyeoh/Desktop/unimods/is3107/project/.venv/lib/python3.11/site-packages/airflow/example_dags/example_subdag_operator.py for tasks to queue
[2025-04-18T16:56:50.203+0800] {logging_mixin.py:190} INFO - [2025-04-18T16:56:50.203+0800] {dagbag.py:588} INFO - Filling up the DagBag from /Users/ervinyeoh/Desktop/unimods/is3107/project/.venv/lib/python3.11/site-packages/airflow/example_dags/example_subdag_operator.py
[2025-04-18T16:56:50.290+0800] {processor.py:925} INFO - DAG(s) 'example_subdag_operator.section-1', 'example_subdag_operator.section-2', 'example_subdag_operator' retrieved from /Users/ervinyeoh/Desktop/unimods/is3107/project/.venv/lib/python3.11/site-packages/airflow/example_dags/example_subdag_operator.py
[2025-04-18T16:56:50.695+0800] {logging_mixin.py:190} INFO - [2025-04-18T16:56:50.695+0800] {dag.py:3239} INFO - Sync 3 DAGs
[2025-04-18T16:56:50.704+0800] {logging_mixin.py:190} INFO - [2025-04-18T16:56:50.704+0800] {dag.py:4180} INFO - Setting next_dagrun for example_subdag_operator to 2022-01-01 00:00:00+00:00, run_after=2022-01-01 00:00:00+00:00
[2025-04-18T16:56:50.706+0800] {logging_mixin.py:190} INFO - [2025-04-18T16:56:50.706+0800] {dag.py:4180} INFO - Setting next_dagrun for example_subdag_operator.section-1 to None, run_after=None
[2025-04-18T16:56:50.706+0800] {logging_mixin.py:190} INFO - [2025-04-18T16:56:50.706+0800] {dag.py:4180} INFO - Setting next_dagrun for example_subdag_operator.section-2 to None, run_after=None
[2025-04-18T16:56:50.709+0800] {logging_mixin.py:190} INFO - [2025-04-18T16:56:50.709+0800] {dag.py:3239} INFO - Sync 2 DAGs
[2025-04-18T16:56:50.711+0800] {logging_mixin.py:190} INFO - [2025-04-18T16:56:50.711+0800] {dag.py:4180} INFO - Setting next_dagrun for example_subdag_operator.section-1 to None, run_after=None
[2025-04-18T16:56:50.711+0800] {logging_mixin.py:190} INFO - [2025-04-18T16:56:50.711+0800] {dag.py:4180} INFO - Setting next_dagrun for example_subdag_operator.section-2 to None, run_after=None
[2025-04-18T16:56:50.718+0800] {processor.py:208} INFO - Processing /Users/ervinyeoh/Desktop/unimods/is3107/project/.venv/lib/python3.11/site-packages/airflow/example_dags/example_subdag_operator.py took 0.518 seconds
[2025-04-18T17:05:43.596+0800] {processor.py:186} INFO - Started process (PID=31256) to work on /Users/ervinyeoh/Desktop/unimods/is3107/project/.venv/lib/python3.11/site-packages/airflow/example_dags/example_subdag_operator.py
[2025-04-18T17:05:43.597+0800] {processor.py:914} INFO - Processing file /Users/ervinyeoh/Desktop/unimods/is3107/project/.venv/lib/python3.11/site-packages/airflow/example_dags/example_subdag_operator.py for tasks to queue
[2025-04-18T17:05:43.598+0800] {logging_mixin.py:190} INFO - [2025-04-18T17:05:43.597+0800] {dagbag.py:588} INFO - Filling up the DagBag from /Users/ervinyeoh/Desktop/unimods/is3107/project/.venv/lib/python3.11/site-packages/airflow/example_dags/example_subdag_operator.py
[2025-04-18T17:05:43.684+0800] {processor.py:925} INFO - DAG(s) 'example_subdag_operator.section-1', 'example_subdag_operator.section-2', 'example_subdag_operator' retrieved from /Users/ervinyeoh/Desktop/unimods/is3107/project/.venv/lib/python3.11/site-packages/airflow/example_dags/example_subdag_operator.py
[2025-04-18T17:05:44.127+0800] {logging_mixin.py:190} INFO - [2025-04-18T17:05:44.127+0800] {dag.py:3239} INFO - Sync 3 DAGs
[2025-04-18T17:05:44.138+0800] {logging_mixin.py:190} INFO - [2025-04-18T17:05:44.138+0800] {dag.py:4180} INFO - Setting next_dagrun for example_subdag_operator to 2022-01-01 00:00:00+00:00, run_after=2022-01-01 00:00:00+00:00
[2025-04-18T17:05:44.140+0800] {logging_mixin.py:190} INFO - [2025-04-18T17:05:44.140+0800] {dag.py:4180} INFO - Setting next_dagrun for example_subdag_operator.section-1 to None, run_after=None
[2025-04-18T17:05:44.141+0800] {logging_mixin.py:190} INFO - [2025-04-18T17:05:44.140+0800] {dag.py:4180} INFO - Setting next_dagrun for example_subdag_operator.section-2 to None, run_after=None
[2025-04-18T17:05:44.145+0800] {logging_mixin.py:190} INFO - [2025-04-18T17:05:44.145+0800] {dag.py:3239} INFO - Sync 2 DAGs
[2025-04-18T17:05:44.147+0800] {logging_mixin.py:190} INFO - [2025-04-18T17:05:44.147+0800] {dag.py:4180} INFO - Setting next_dagrun for example_subdag_operator.section-1 to None, run_after=None
[2025-04-18T17:05:44.147+0800] {logging_mixin.py:190} INFO - [2025-04-18T17:05:44.147+0800] {dag.py:4180} INFO - Setting next_dagrun for example_subdag_operator.section-2 to None, run_after=None
[2025-04-18T17:05:44.154+0800] {processor.py:208} INFO - Processing /Users/ervinyeoh/Desktop/unimods/is3107/project/.venv/lib/python3.11/site-packages/airflow/example_dags/example_subdag_operator.py took 0.560 seconds
[2025-04-18T17:07:58.282+0800] {processor.py:186} INFO - Started process (PID=31462) to work on /Users/ervinyeoh/Desktop/unimods/is3107/project/.venv/lib/python3.11/site-packages/airflow/example_dags/example_subdag_operator.py
[2025-04-18T17:07:58.283+0800] {processor.py:914} INFO - Processing file /Users/ervinyeoh/Desktop/unimods/is3107/project/.venv/lib/python3.11/site-packages/airflow/example_dags/example_subdag_operator.py for tasks to queue
[2025-04-18T17:07:58.283+0800] {logging_mixin.py:190} INFO - [2025-04-18T17:07:58.283+0800] {dagbag.py:588} INFO - Filling up the DagBag from /Users/ervinyeoh/Desktop/unimods/is3107/project/.venv/lib/python3.11/site-packages/airflow/example_dags/example_subdag_operator.py
[2025-04-18T17:07:58.369+0800] {processor.py:925} INFO - DAG(s) 'example_subdag_operator.section-1', 'example_subdag_operator.section-2', 'example_subdag_operator' retrieved from /Users/ervinyeoh/Desktop/unimods/is3107/project/.venv/lib/python3.11/site-packages/airflow/example_dags/example_subdag_operator.py
[2025-04-18T17:07:58.777+0800] {logging_mixin.py:190} INFO - [2025-04-18T17:07:58.776+0800] {dag.py:3239} INFO - Sync 3 DAGs
[2025-04-18T17:07:58.786+0800] {logging_mixin.py:190} INFO - [2025-04-18T17:07:58.786+0800] {dag.py:4180} INFO - Setting next_dagrun for example_subdag_operator to 2022-01-01 00:00:00+00:00, run_after=2022-01-01 00:00:00+00:00
[2025-04-18T17:07:58.788+0800] {logging_mixin.py:190} INFO - [2025-04-18T17:07:58.788+0800] {dag.py:4180} INFO - Setting next_dagrun for example_subdag_operator.section-1 to None, run_after=None
[2025-04-18T17:07:58.788+0800] {logging_mixin.py:190} INFO - [2025-04-18T17:07:58.788+0800] {dag.py:4180} INFO - Setting next_dagrun for example_subdag_operator.section-2 to None, run_after=None
[2025-04-18T17:07:58.792+0800] {logging_mixin.py:190} INFO - [2025-04-18T17:07:58.791+0800] {dag.py:3239} INFO - Sync 2 DAGs
[2025-04-18T17:07:58.793+0800] {logging_mixin.py:190} INFO - [2025-04-18T17:07:58.793+0800] {dag.py:4180} INFO - Setting next_dagrun for example_subdag_operator.section-1 to None, run_after=None
[2025-04-18T17:07:58.794+0800] {logging_mixin.py:190} INFO - [2025-04-18T17:07:58.794+0800] {dag.py:4180} INFO - Setting next_dagrun for example_subdag_operator.section-2 to None, run_after=None
[2025-04-18T17:07:58.800+0800] {processor.py:208} INFO - Processing /Users/ervinyeoh/Desktop/unimods/is3107/project/.venv/lib/python3.11/site-packages/airflow/example_dags/example_subdag_operator.py took 0.520 seconds
[2025-04-18T17:13:19.347+0800] {processor.py:186} INFO - Started process (PID=31835) to work on /Users/ervinyeoh/Desktop/unimods/is3107/project/.venv/lib/python3.11/site-packages/airflow/example_dags/example_subdag_operator.py
[2025-04-18T17:13:19.348+0800] {processor.py:914} INFO - Processing file /Users/ervinyeoh/Desktop/unimods/is3107/project/.venv/lib/python3.11/site-packages/airflow/example_dags/example_subdag_operator.py for tasks to queue
[2025-04-18T17:13:19.349+0800] {logging_mixin.py:190} INFO - [2025-04-18T17:13:19.349+0800] {dagbag.py:588} INFO - Filling up the DagBag from /Users/ervinyeoh/Desktop/unimods/is3107/project/.venv/lib/python3.11/site-packages/airflow/example_dags/example_subdag_operator.py
[2025-04-18T17:13:19.433+0800] {processor.py:925} INFO - DAG(s) 'example_subdag_operator.section-1', 'example_subdag_operator.section-2', 'example_subdag_operator' retrieved from /Users/ervinyeoh/Desktop/unimods/is3107/project/.venv/lib/python3.11/site-packages/airflow/example_dags/example_subdag_operator.py
[2025-04-18T17:13:19.803+0800] {logging_mixin.py:190} INFO - [2025-04-18T17:13:19.803+0800] {dag.py:3239} INFO - Sync 3 DAGs
[2025-04-18T17:13:19.812+0800] {logging_mixin.py:190} INFO - [2025-04-18T17:13:19.812+0800] {dag.py:4180} INFO - Setting next_dagrun for example_subdag_operator to 2022-01-01 00:00:00+00:00, run_after=2022-01-01 00:00:00+00:00
[2025-04-18T17:13:19.814+0800] {logging_mixin.py:190} INFO - [2025-04-18T17:13:19.814+0800] {dag.py:4180} INFO - Setting next_dagrun for example_subdag_operator.section-1 to None, run_after=None
[2025-04-18T17:13:19.815+0800] {logging_mixin.py:190} INFO - [2025-04-18T17:13:19.814+0800] {dag.py:4180} INFO - Setting next_dagrun for example_subdag_operator.section-2 to None, run_after=None
[2025-04-18T17:13:19.818+0800] {logging_mixin.py:190} INFO - [2025-04-18T17:13:19.817+0800] {dag.py:3239} INFO - Sync 2 DAGs
[2025-04-18T17:13:19.819+0800] {logging_mixin.py:190} INFO - [2025-04-18T17:13:19.819+0800] {dag.py:4180} INFO - Setting next_dagrun for example_subdag_operator.section-1 to None, run_after=None
[2025-04-18T17:13:19.820+0800] {logging_mixin.py:190} INFO - [2025-04-18T17:13:19.820+0800] {dag.py:4180} INFO - Setting next_dagrun for example_subdag_operator.section-2 to None, run_after=None
[2025-04-18T17:13:19.826+0800] {processor.py:208} INFO - Processing /Users/ervinyeoh/Desktop/unimods/is3107/project/.venv/lib/python3.11/site-packages/airflow/example_dags/example_subdag_operator.py took 0.480 seconds
[2025-04-18T17:15:30.516+0800] {processor.py:186} INFO - Started process (PID=31983) to work on /Users/ervinyeoh/Desktop/unimods/is3107/project/.venv/lib/python3.11/site-packages/airflow/example_dags/example_subdag_operator.py
[2025-04-18T17:15:30.517+0800] {processor.py:914} INFO - Processing file /Users/ervinyeoh/Desktop/unimods/is3107/project/.venv/lib/python3.11/site-packages/airflow/example_dags/example_subdag_operator.py for tasks to queue
[2025-04-18T17:15:30.517+0800] {logging_mixin.py:190} INFO - [2025-04-18T17:15:30.517+0800] {dagbag.py:588} INFO - Filling up the DagBag from /Users/ervinyeoh/Desktop/unimods/is3107/project/.venv/lib/python3.11/site-packages/airflow/example_dags/example_subdag_operator.py
[2025-04-18T17:15:30.604+0800] {processor.py:925} INFO - DAG(s) 'example_subdag_operator.section-1', 'example_subdag_operator.section-2', 'example_subdag_operator' retrieved from /Users/ervinyeoh/Desktop/unimods/is3107/project/.venv/lib/python3.11/site-packages/airflow/example_dags/example_subdag_operator.py
[2025-04-18T17:15:30.999+0800] {logging_mixin.py:190} INFO - [2025-04-18T17:15:30.999+0800] {dag.py:3239} INFO - Sync 3 DAGs
[2025-04-18T17:15:31.008+0800] {logging_mixin.py:190} INFO - [2025-04-18T17:15:31.008+0800] {dag.py:4180} INFO - Setting next_dagrun for example_subdag_operator to 2022-01-01 00:00:00+00:00, run_after=2022-01-01 00:00:00+00:00
[2025-04-18T17:15:31.010+0800] {logging_mixin.py:190} INFO - [2025-04-18T17:15:31.010+0800] {dag.py:4180} INFO - Setting next_dagrun for example_subdag_operator.section-1 to None, run_after=None
[2025-04-18T17:15:31.011+0800] {logging_mixin.py:190} INFO - [2025-04-18T17:15:31.011+0800] {dag.py:4180} INFO - Setting next_dagrun for example_subdag_operator.section-2 to None, run_after=None
[2025-04-18T17:15:31.014+0800] {logging_mixin.py:190} INFO - [2025-04-18T17:15:31.014+0800] {dag.py:3239} INFO - Sync 2 DAGs
[2025-04-18T17:15:31.016+0800] {logging_mixin.py:190} INFO - [2025-04-18T17:15:31.016+0800] {dag.py:4180} INFO - Setting next_dagrun for example_subdag_operator.section-1 to None, run_after=None
[2025-04-18T17:15:31.016+0800] {logging_mixin.py:190} INFO - [2025-04-18T17:15:31.016+0800] {dag.py:4180} INFO - Setting next_dagrun for example_subdag_operator.section-2 to None, run_after=None
[2025-04-18T17:15:31.022+0800] {processor.py:208} INFO - Processing /Users/ervinyeoh/Desktop/unimods/is3107/project/.venv/lib/python3.11/site-packages/airflow/example_dags/example_subdag_operator.py took 0.508 seconds
[2025-04-18T17:17:11.290+0800] {processor.py:186} INFO - Started process (PID=32113) to work on /Users/ervinyeoh/Desktop/unimods/is3107/project/.venv/lib/python3.11/site-packages/airflow/example_dags/example_subdag_operator.py
[2025-04-18T17:17:11.291+0800] {processor.py:914} INFO - Processing file /Users/ervinyeoh/Desktop/unimods/is3107/project/.venv/lib/python3.11/site-packages/airflow/example_dags/example_subdag_operator.py for tasks to queue
[2025-04-18T17:17:11.291+0800] {logging_mixin.py:190} INFO - [2025-04-18T17:17:11.291+0800] {dagbag.py:588} INFO - Filling up the DagBag from /Users/ervinyeoh/Desktop/unimods/is3107/project/.venv/lib/python3.11/site-packages/airflow/example_dags/example_subdag_operator.py
[2025-04-18T17:17:11.375+0800] {processor.py:925} INFO - DAG(s) 'example_subdag_operator.section-1', 'example_subdag_operator.section-2', 'example_subdag_operator' retrieved from /Users/ervinyeoh/Desktop/unimods/is3107/project/.venv/lib/python3.11/site-packages/airflow/example_dags/example_subdag_operator.py
[2025-04-18T17:17:11.801+0800] {logging_mixin.py:190} INFO - [2025-04-18T17:17:11.801+0800] {dag.py:3239} INFO - Sync 3 DAGs
[2025-04-18T17:17:11.811+0800] {logging_mixin.py:190} INFO - [2025-04-18T17:17:11.810+0800] {dag.py:4180} INFO - Setting next_dagrun for example_subdag_operator to 2022-01-01 00:00:00+00:00, run_after=2022-01-01 00:00:00+00:00
[2025-04-18T17:17:11.812+0800] {logging_mixin.py:190} INFO - [2025-04-18T17:17:11.812+0800] {dag.py:4180} INFO - Setting next_dagrun for example_subdag_operator.section-1 to None, run_after=None
[2025-04-18T17:17:11.813+0800] {logging_mixin.py:190} INFO - [2025-04-18T17:17:11.813+0800] {dag.py:4180} INFO - Setting next_dagrun for example_subdag_operator.section-2 to None, run_after=None
[2025-04-18T17:17:11.816+0800] {logging_mixin.py:190} INFO - [2025-04-18T17:17:11.816+0800] {dag.py:3239} INFO - Sync 2 DAGs
[2025-04-18T17:17:11.818+0800] {logging_mixin.py:190} INFO - [2025-04-18T17:17:11.818+0800] {dag.py:4180} INFO - Setting next_dagrun for example_subdag_operator.section-1 to None, run_after=None
[2025-04-18T17:17:11.818+0800] {logging_mixin.py:190} INFO - [2025-04-18T17:17:11.818+0800] {dag.py:4180} INFO - Setting next_dagrun for example_subdag_operator.section-2 to None, run_after=None
[2025-04-18T17:17:11.825+0800] {processor.py:208} INFO - Processing /Users/ervinyeoh/Desktop/unimods/is3107/project/.venv/lib/python3.11/site-packages/airflow/example_dags/example_subdag_operator.py took 0.536 seconds
[2025-04-18T17:19:01.353+0800] {processor.py:186} INFO - Started process (PID=32257) to work on /Users/ervinyeoh/Desktop/unimods/is3107/project/.venv/lib/python3.11/site-packages/airflow/example_dags/example_subdag_operator.py
[2025-04-18T17:19:01.354+0800] {processor.py:914} INFO - Processing file /Users/ervinyeoh/Desktop/unimods/is3107/project/.venv/lib/python3.11/site-packages/airflow/example_dags/example_subdag_operator.py for tasks to queue
[2025-04-18T17:19:01.355+0800] {logging_mixin.py:190} INFO - [2025-04-18T17:19:01.354+0800] {dagbag.py:588} INFO - Filling up the DagBag from /Users/ervinyeoh/Desktop/unimods/is3107/project/.venv/lib/python3.11/site-packages/airflow/example_dags/example_subdag_operator.py
[2025-04-18T17:19:01.441+0800] {processor.py:925} INFO - DAG(s) 'example_subdag_operator.section-1', 'example_subdag_operator.section-2', 'example_subdag_operator' retrieved from /Users/ervinyeoh/Desktop/unimods/is3107/project/.venv/lib/python3.11/site-packages/airflow/example_dags/example_subdag_operator.py
[2025-04-18T17:19:01.822+0800] {logging_mixin.py:190} INFO - [2025-04-18T17:19:01.822+0800] {dag.py:3239} INFO - Sync 3 DAGs
[2025-04-18T17:19:01.831+0800] {logging_mixin.py:190} INFO - [2025-04-18T17:19:01.831+0800] {dag.py:4180} INFO - Setting next_dagrun for example_subdag_operator to 2022-01-01 00:00:00+00:00, run_after=2022-01-01 00:00:00+00:00
[2025-04-18T17:19:01.833+0800] {logging_mixin.py:190} INFO - [2025-04-18T17:19:01.833+0800] {dag.py:4180} INFO - Setting next_dagrun for example_subdag_operator.section-1 to None, run_after=None
[2025-04-18T17:19:01.834+0800] {logging_mixin.py:190} INFO - [2025-04-18T17:19:01.834+0800] {dag.py:4180} INFO - Setting next_dagrun for example_subdag_operator.section-2 to None, run_after=None
[2025-04-18T17:19:01.837+0800] {logging_mixin.py:190} INFO - [2025-04-18T17:19:01.836+0800] {dag.py:3239} INFO - Sync 2 DAGs
[2025-04-18T17:19:01.838+0800] {logging_mixin.py:190} INFO - [2025-04-18T17:19:01.838+0800] {dag.py:4180} INFO - Setting next_dagrun for example_subdag_operator.section-1 to None, run_after=None
[2025-04-18T17:19:01.839+0800] {logging_mixin.py:190} INFO - [2025-04-18T17:19:01.839+0800] {dag.py:4180} INFO - Setting next_dagrun for example_subdag_operator.section-2 to None, run_after=None
[2025-04-18T17:19:01.845+0800] {processor.py:208} INFO - Processing /Users/ervinyeoh/Desktop/unimods/is3107/project/.venv/lib/python3.11/site-packages/airflow/example_dags/example_subdag_operator.py took 0.493 seconds
[2025-04-18T17:20:45.439+0800] {processor.py:186} INFO - Started process (PID=32399) to work on /Users/ervinyeoh/Desktop/unimods/is3107/project/.venv/lib/python3.11/site-packages/airflow/example_dags/example_subdag_operator.py
[2025-04-18T17:20:45.439+0800] {processor.py:914} INFO - Processing file /Users/ervinyeoh/Desktop/unimods/is3107/project/.venv/lib/python3.11/site-packages/airflow/example_dags/example_subdag_operator.py for tasks to queue
[2025-04-18T17:20:45.440+0800] {logging_mixin.py:190} INFO - [2025-04-18T17:20:45.440+0800] {dagbag.py:588} INFO - Filling up the DagBag from /Users/ervinyeoh/Desktop/unimods/is3107/project/.venv/lib/python3.11/site-packages/airflow/example_dags/example_subdag_operator.py
[2025-04-18T17:20:45.525+0800] {processor.py:925} INFO - DAG(s) 'example_subdag_operator.section-1', 'example_subdag_operator.section-2', 'example_subdag_operator' retrieved from /Users/ervinyeoh/Desktop/unimods/is3107/project/.venv/lib/python3.11/site-packages/airflow/example_dags/example_subdag_operator.py
[2025-04-18T17:20:45.900+0800] {logging_mixin.py:190} INFO - [2025-04-18T17:20:45.900+0800] {dag.py:3239} INFO - Sync 3 DAGs
[2025-04-18T17:20:45.909+0800] {logging_mixin.py:190} INFO - [2025-04-18T17:20:45.909+0800] {dag.py:4180} INFO - Setting next_dagrun for example_subdag_operator to 2022-01-01 00:00:00+00:00, run_after=2022-01-01 00:00:00+00:00
[2025-04-18T17:20:45.911+0800] {logging_mixin.py:190} INFO - [2025-04-18T17:20:45.911+0800] {dag.py:4180} INFO - Setting next_dagrun for example_subdag_operator.section-1 to None, run_after=None
[2025-04-18T17:20:45.911+0800] {logging_mixin.py:190} INFO - [2025-04-18T17:20:45.911+0800] {dag.py:4180} INFO - Setting next_dagrun for example_subdag_operator.section-2 to None, run_after=None
[2025-04-18T17:20:45.914+0800] {logging_mixin.py:190} INFO - [2025-04-18T17:20:45.914+0800] {dag.py:3239} INFO - Sync 2 DAGs
[2025-04-18T17:20:45.916+0800] {logging_mixin.py:190} INFO - [2025-04-18T17:20:45.916+0800] {dag.py:4180} INFO - Setting next_dagrun for example_subdag_operator.section-1 to None, run_after=None
[2025-04-18T17:20:45.916+0800] {logging_mixin.py:190} INFO - [2025-04-18T17:20:45.916+0800] {dag.py:4180} INFO - Setting next_dagrun for example_subdag_operator.section-2 to None, run_after=None
[2025-04-18T17:20:45.923+0800] {processor.py:208} INFO - Processing /Users/ervinyeoh/Desktop/unimods/is3107/project/.venv/lib/python3.11/site-packages/airflow/example_dags/example_subdag_operator.py took 0.486 seconds
[2025-04-18T17:22:25.968+0800] {processor.py:186} INFO - Started process (PID=32620) to work on /Users/ervinyeoh/Desktop/unimods/is3107/project/.venv/lib/python3.11/site-packages/airflow/example_dags/example_subdag_operator.py
[2025-04-18T17:22:25.969+0800] {processor.py:914} INFO - Processing file /Users/ervinyeoh/Desktop/unimods/is3107/project/.venv/lib/python3.11/site-packages/airflow/example_dags/example_subdag_operator.py for tasks to queue
[2025-04-18T17:22:25.970+0800] {logging_mixin.py:190} INFO - [2025-04-18T17:22:25.970+0800] {dagbag.py:588} INFO - Filling up the DagBag from /Users/ervinyeoh/Desktop/unimods/is3107/project/.venv/lib/python3.11/site-packages/airflow/example_dags/example_subdag_operator.py
[2025-04-18T17:22:26.055+0800] {processor.py:925} INFO - DAG(s) 'example_subdag_operator.section-1', 'example_subdag_operator.section-2', 'example_subdag_operator' retrieved from /Users/ervinyeoh/Desktop/unimods/is3107/project/.venv/lib/python3.11/site-packages/airflow/example_dags/example_subdag_operator.py
[2025-04-18T17:22:26.481+0800] {logging_mixin.py:190} INFO - [2025-04-18T17:22:26.481+0800] {dag.py:3239} INFO - Sync 3 DAGs
[2025-04-18T17:22:26.492+0800] {logging_mixin.py:190} INFO - [2025-04-18T17:22:26.491+0800] {dag.py:4180} INFO - Setting next_dagrun for example_subdag_operator to 2022-01-01 00:00:00+00:00, run_after=2022-01-01 00:00:00+00:00
[2025-04-18T17:22:26.493+0800] {logging_mixin.py:190} INFO - [2025-04-18T17:22:26.493+0800] {dag.py:4180} INFO - Setting next_dagrun for example_subdag_operator.section-1 to None, run_after=None
[2025-04-18T17:22:26.494+0800] {logging_mixin.py:190} INFO - [2025-04-18T17:22:26.494+0800] {dag.py:4180} INFO - Setting next_dagrun for example_subdag_operator.section-2 to None, run_after=None
[2025-04-18T17:22:26.497+0800] {logging_mixin.py:190} INFO - [2025-04-18T17:22:26.497+0800] {dag.py:3239} INFO - Sync 2 DAGs
[2025-04-18T17:22:26.498+0800] {logging_mixin.py:190} INFO - [2025-04-18T17:22:26.498+0800] {dag.py:4180} INFO - Setting next_dagrun for example_subdag_operator.section-1 to None, run_after=None
[2025-04-18T17:22:26.499+0800] {logging_mixin.py:190} INFO - [2025-04-18T17:22:26.499+0800] {dag.py:4180} INFO - Setting next_dagrun for example_subdag_operator.section-2 to None, run_after=None
[2025-04-18T17:22:26.505+0800] {processor.py:208} INFO - Processing /Users/ervinyeoh/Desktop/unimods/is3107/project/.venv/lib/python3.11/site-packages/airflow/example_dags/example_subdag_operator.py took 0.538 seconds
[2025-04-18T17:24:08.482+0800] {processor.py:186} INFO - Started process (PID=32734) to work on /Users/ervinyeoh/Desktop/unimods/is3107/project/.venv/lib/python3.11/site-packages/airflow/example_dags/example_subdag_operator.py
[2025-04-18T17:24:08.482+0800] {processor.py:914} INFO - Processing file /Users/ervinyeoh/Desktop/unimods/is3107/project/.venv/lib/python3.11/site-packages/airflow/example_dags/example_subdag_operator.py for tasks to queue
[2025-04-18T17:24:08.483+0800] {logging_mixin.py:190} INFO - [2025-04-18T17:24:08.483+0800] {dagbag.py:588} INFO - Filling up the DagBag from /Users/ervinyeoh/Desktop/unimods/is3107/project/.venv/lib/python3.11/site-packages/airflow/example_dags/example_subdag_operator.py
[2025-04-18T17:24:08.569+0800] {processor.py:925} INFO - DAG(s) 'example_subdag_operator.section-1', 'example_subdag_operator.section-2', 'example_subdag_operator' retrieved from /Users/ervinyeoh/Desktop/unimods/is3107/project/.venv/lib/python3.11/site-packages/airflow/example_dags/example_subdag_operator.py
[2025-04-18T17:24:08.973+0800] {logging_mixin.py:190} INFO - [2025-04-18T17:24:08.973+0800] {dag.py:3239} INFO - Sync 3 DAGs
[2025-04-18T17:24:08.982+0800] {logging_mixin.py:190} INFO - [2025-04-18T17:24:08.982+0800] {dag.py:4180} INFO - Setting next_dagrun for example_subdag_operator to 2022-01-01 00:00:00+00:00, run_after=2022-01-01 00:00:00+00:00
[2025-04-18T17:24:08.984+0800] {logging_mixin.py:190} INFO - [2025-04-18T17:24:08.984+0800] {dag.py:4180} INFO - Setting next_dagrun for example_subdag_operator.section-1 to None, run_after=None
[2025-04-18T17:24:08.984+0800] {logging_mixin.py:190} INFO - [2025-04-18T17:24:08.984+0800] {dag.py:4180} INFO - Setting next_dagrun for example_subdag_operator.section-2 to None, run_after=None
[2025-04-18T17:24:08.987+0800] {logging_mixin.py:190} INFO - [2025-04-18T17:24:08.987+0800] {dag.py:3239} INFO - Sync 2 DAGs
[2025-04-18T17:24:08.989+0800] {logging_mixin.py:190} INFO - [2025-04-18T17:24:08.989+0800] {dag.py:4180} INFO - Setting next_dagrun for example_subdag_operator.section-1 to None, run_after=None
[2025-04-18T17:24:08.989+0800] {logging_mixin.py:190} INFO - [2025-04-18T17:24:08.989+0800] {dag.py:4180} INFO - Setting next_dagrun for example_subdag_operator.section-2 to None, run_after=None
[2025-04-18T17:24:08.996+0800] {processor.py:208} INFO - Processing /Users/ervinyeoh/Desktop/unimods/is3107/project/.venv/lib/python3.11/site-packages/airflow/example_dags/example_subdag_operator.py took 0.516 seconds
[2025-04-18T17:25:50.343+0800] {processor.py:186} INFO - Started process (PID=32877) to work on /Users/ervinyeoh/Desktop/unimods/is3107/project/.venv/lib/python3.11/site-packages/airflow/example_dags/example_subdag_operator.py
[2025-04-18T17:25:50.344+0800] {processor.py:914} INFO - Processing file /Users/ervinyeoh/Desktop/unimods/is3107/project/.venv/lib/python3.11/site-packages/airflow/example_dags/example_subdag_operator.py for tasks to queue
[2025-04-18T17:25:50.345+0800] {logging_mixin.py:190} INFO - [2025-04-18T17:25:50.344+0800] {dagbag.py:588} INFO - Filling up the DagBag from /Users/ervinyeoh/Desktop/unimods/is3107/project/.venv/lib/python3.11/site-packages/airflow/example_dags/example_subdag_operator.py
[2025-04-18T17:25:50.429+0800] {processor.py:925} INFO - DAG(s) 'example_subdag_operator.section-1', 'example_subdag_operator.section-2', 'example_subdag_operator' retrieved from /Users/ervinyeoh/Desktop/unimods/is3107/project/.venv/lib/python3.11/site-packages/airflow/example_dags/example_subdag_operator.py
[2025-04-18T17:25:50.804+0800] {logging_mixin.py:190} INFO - [2025-04-18T17:25:50.804+0800] {dag.py:3239} INFO - Sync 3 DAGs
[2025-04-18T17:25:50.814+0800] {logging_mixin.py:190} INFO - [2025-04-18T17:25:50.814+0800] {dag.py:4180} INFO - Setting next_dagrun for example_subdag_operator to 2022-01-01 00:00:00+00:00, run_after=2022-01-01 00:00:00+00:00
[2025-04-18T17:25:50.816+0800] {logging_mixin.py:190} INFO - [2025-04-18T17:25:50.816+0800] {dag.py:4180} INFO - Setting next_dagrun for example_subdag_operator.section-1 to None, run_after=None
[2025-04-18T17:25:50.816+0800] {logging_mixin.py:190} INFO - [2025-04-18T17:25:50.816+0800] {dag.py:4180} INFO - Setting next_dagrun for example_subdag_operator.section-2 to None, run_after=None
[2025-04-18T17:25:50.819+0800] {logging_mixin.py:190} INFO - [2025-04-18T17:25:50.819+0800] {dag.py:3239} INFO - Sync 2 DAGs
[2025-04-18T17:25:50.821+0800] {logging_mixin.py:190} INFO - [2025-04-18T17:25:50.821+0800] {dag.py:4180} INFO - Setting next_dagrun for example_subdag_operator.section-1 to None, run_after=None
[2025-04-18T17:25:50.821+0800] {logging_mixin.py:190} INFO - [2025-04-18T17:25:50.821+0800] {dag.py:4180} INFO - Setting next_dagrun for example_subdag_operator.section-2 to None, run_after=None
[2025-04-18T17:25:50.828+0800] {processor.py:208} INFO - Processing /Users/ervinyeoh/Desktop/unimods/is3107/project/.venv/lib/python3.11/site-packages/airflow/example_dags/example_subdag_operator.py took 0.486 seconds
[2025-04-18T17:27:33.852+0800] {processor.py:186} INFO - Started process (PID=33069) to work on /Users/ervinyeoh/Desktop/unimods/is3107/project/.venv/lib/python3.11/site-packages/airflow/example_dags/example_subdag_operator.py
[2025-04-18T17:27:33.854+0800] {processor.py:914} INFO - Processing file /Users/ervinyeoh/Desktop/unimods/is3107/project/.venv/lib/python3.11/site-packages/airflow/example_dags/example_subdag_operator.py for tasks to queue
[2025-04-18T17:27:33.854+0800] {logging_mixin.py:190} INFO - [2025-04-18T17:27:33.854+0800] {dagbag.py:588} INFO - Filling up the DagBag from /Users/ervinyeoh/Desktop/unimods/is3107/project/.venv/lib/python3.11/site-packages/airflow/example_dags/example_subdag_operator.py
[2025-04-18T17:27:33.940+0800] {processor.py:925} INFO - DAG(s) 'example_subdag_operator.section-1', 'example_subdag_operator.section-2', 'example_subdag_operator' retrieved from /Users/ervinyeoh/Desktop/unimods/is3107/project/.venv/lib/python3.11/site-packages/airflow/example_dags/example_subdag_operator.py
[2025-04-18T17:27:34.335+0800] {logging_mixin.py:190} INFO - [2025-04-18T17:27:34.335+0800] {dag.py:3239} INFO - Sync 3 DAGs
[2025-04-18T17:27:34.345+0800] {logging_mixin.py:190} INFO - [2025-04-18T17:27:34.344+0800] {dag.py:4180} INFO - Setting next_dagrun for example_subdag_operator to 2022-01-01 00:00:00+00:00, run_after=2022-01-01 00:00:00+00:00
[2025-04-18T17:27:34.346+0800] {logging_mixin.py:190} INFO - [2025-04-18T17:27:34.346+0800] {dag.py:4180} INFO - Setting next_dagrun for example_subdag_operator.section-1 to None, run_after=None
[2025-04-18T17:27:34.347+0800] {logging_mixin.py:190} INFO - [2025-04-18T17:27:34.347+0800] {dag.py:4180} INFO - Setting next_dagrun for example_subdag_operator.section-2 to None, run_after=None
[2025-04-18T17:27:34.350+0800] {logging_mixin.py:190} INFO - [2025-04-18T17:27:34.350+0800] {dag.py:3239} INFO - Sync 2 DAGs
[2025-04-18T17:27:34.352+0800] {logging_mixin.py:190} INFO - [2025-04-18T17:27:34.352+0800] {dag.py:4180} INFO - Setting next_dagrun for example_subdag_operator.section-1 to None, run_after=None
[2025-04-18T17:27:34.352+0800] {logging_mixin.py:190} INFO - [2025-04-18T17:27:34.352+0800] {dag.py:4180} INFO - Setting next_dagrun for example_subdag_operator.section-2 to None, run_after=None
[2025-04-18T17:27:34.359+0800] {processor.py:208} INFO - Processing /Users/ervinyeoh/Desktop/unimods/is3107/project/.venv/lib/python3.11/site-packages/airflow/example_dags/example_subdag_operator.py took 0.508 seconds
[2025-04-18T17:33:43.718+0800] {processor.py:186} INFO - Started process (PID=33587) to work on /Users/ervinyeoh/Desktop/unimods/is3107/project/.venv/lib/python3.11/site-packages/airflow/example_dags/example_subdag_operator.py
[2025-04-18T17:33:43.719+0800] {processor.py:914} INFO - Processing file /Users/ervinyeoh/Desktop/unimods/is3107/project/.venv/lib/python3.11/site-packages/airflow/example_dags/example_subdag_operator.py for tasks to queue
[2025-04-18T17:33:43.720+0800] {logging_mixin.py:190} INFO - [2025-04-18T17:33:43.720+0800] {dagbag.py:588} INFO - Filling up the DagBag from /Users/ervinyeoh/Desktop/unimods/is3107/project/.venv/lib/python3.11/site-packages/airflow/example_dags/example_subdag_operator.py
[2025-04-18T17:33:43.824+0800] {processor.py:925} INFO - DAG(s) 'example_subdag_operator.section-1', 'example_subdag_operator.section-2', 'example_subdag_operator' retrieved from /Users/ervinyeoh/Desktop/unimods/is3107/project/.venv/lib/python3.11/site-packages/airflow/example_dags/example_subdag_operator.py
[2025-04-18T17:33:44.367+0800] {logging_mixin.py:190} INFO - [2025-04-18T17:33:44.367+0800] {dag.py:3239} INFO - Sync 3 DAGs
[2025-04-18T17:33:44.377+0800] {logging_mixin.py:190} INFO - [2025-04-18T17:33:44.377+0800] {dag.py:4180} INFO - Setting next_dagrun for example_subdag_operator to 2022-01-01 00:00:00+00:00, run_after=2022-01-01 00:00:00+00:00
[2025-04-18T17:33:44.379+0800] {logging_mixin.py:190} INFO - [2025-04-18T17:33:44.379+0800] {dag.py:4180} INFO - Setting next_dagrun for example_subdag_operator.section-1 to None, run_after=None
[2025-04-18T17:33:44.380+0800] {logging_mixin.py:190} INFO - [2025-04-18T17:33:44.379+0800] {dag.py:4180} INFO - Setting next_dagrun for example_subdag_operator.section-2 to None, run_after=None
[2025-04-18T17:33:44.383+0800] {logging_mixin.py:190} INFO - [2025-04-18T17:33:44.383+0800] {dag.py:3239} INFO - Sync 2 DAGs
[2025-04-18T17:33:44.385+0800] {logging_mixin.py:190} INFO - [2025-04-18T17:33:44.385+0800] {dag.py:4180} INFO - Setting next_dagrun for example_subdag_operator.section-1 to None, run_after=None
[2025-04-18T17:33:44.385+0800] {logging_mixin.py:190} INFO - [2025-04-18T17:33:44.385+0800] {dag.py:4180} INFO - Setting next_dagrun for example_subdag_operator.section-2 to None, run_after=None
[2025-04-18T17:33:44.393+0800] {processor.py:208} INFO - Processing /Users/ervinyeoh/Desktop/unimods/is3107/project/.venv/lib/python3.11/site-packages/airflow/example_dags/example_subdag_operator.py took 0.677 seconds
[2025-04-18T17:36:00.195+0800] {processor.py:186} INFO - Started process (PID=33902) to work on /Users/ervinyeoh/Desktop/unimods/is3107/project/.venv/lib/python3.11/site-packages/airflow/example_dags/example_subdag_operator.py
[2025-04-18T17:36:00.196+0800] {processor.py:914} INFO - Processing file /Users/ervinyeoh/Desktop/unimods/is3107/project/.venv/lib/python3.11/site-packages/airflow/example_dags/example_subdag_operator.py for tasks to queue
[2025-04-18T17:36:00.196+0800] {logging_mixin.py:190} INFO - [2025-04-18T17:36:00.196+0800] {dagbag.py:588} INFO - Filling up the DagBag from /Users/ervinyeoh/Desktop/unimods/is3107/project/.venv/lib/python3.11/site-packages/airflow/example_dags/example_subdag_operator.py
[2025-04-18T17:36:00.284+0800] {processor.py:925} INFO - DAG(s) 'example_subdag_operator.section-1', 'example_subdag_operator.section-2', 'example_subdag_operator' retrieved from /Users/ervinyeoh/Desktop/unimods/is3107/project/.venv/lib/python3.11/site-packages/airflow/example_dags/example_subdag_operator.py
[2025-04-18T17:36:00.681+0800] {logging_mixin.py:190} INFO - [2025-04-18T17:36:00.681+0800] {dag.py:3239} INFO - Sync 3 DAGs
[2025-04-18T17:36:00.691+0800] {logging_mixin.py:190} INFO - [2025-04-18T17:36:00.691+0800] {dag.py:4180} INFO - Setting next_dagrun for example_subdag_operator to 2022-01-01 00:00:00+00:00, run_after=2022-01-01 00:00:00+00:00
[2025-04-18T17:36:00.693+0800] {logging_mixin.py:190} INFO - [2025-04-18T17:36:00.693+0800] {dag.py:4180} INFO - Setting next_dagrun for example_subdag_operator.section-1 to None, run_after=None
[2025-04-18T17:36:00.694+0800] {logging_mixin.py:190} INFO - [2025-04-18T17:36:00.694+0800] {dag.py:4180} INFO - Setting next_dagrun for example_subdag_operator.section-2 to None, run_after=None
[2025-04-18T17:36:00.697+0800] {logging_mixin.py:190} INFO - [2025-04-18T17:36:00.697+0800] {dag.py:3239} INFO - Sync 2 DAGs
[2025-04-18T17:36:00.699+0800] {logging_mixin.py:190} INFO - [2025-04-18T17:36:00.699+0800] {dag.py:4180} INFO - Setting next_dagrun for example_subdag_operator.section-1 to None, run_after=None
[2025-04-18T17:36:00.699+0800] {logging_mixin.py:190} INFO - [2025-04-18T17:36:00.699+0800] {dag.py:4180} INFO - Setting next_dagrun for example_subdag_operator.section-2 to None, run_after=None
[2025-04-18T17:36:00.705+0800] {processor.py:208} INFO - Processing /Users/ervinyeoh/Desktop/unimods/is3107/project/.venv/lib/python3.11/site-packages/airflow/example_dags/example_subdag_operator.py took 0.513 seconds
[2025-04-18T17:37:49.248+0800] {processor.py:186} INFO - Started process (PID=34030) to work on /Users/ervinyeoh/Desktop/unimods/is3107/project/.venv/lib/python3.11/site-packages/airflow/example_dags/example_subdag_operator.py
[2025-04-18T17:37:49.249+0800] {processor.py:914} INFO - Processing file /Users/ervinyeoh/Desktop/unimods/is3107/project/.venv/lib/python3.11/site-packages/airflow/example_dags/example_subdag_operator.py for tasks to queue
[2025-04-18T17:37:49.249+0800] {logging_mixin.py:190} INFO - [2025-04-18T17:37:49.249+0800] {dagbag.py:588} INFO - Filling up the DagBag from /Users/ervinyeoh/Desktop/unimods/is3107/project/.venv/lib/python3.11/site-packages/airflow/example_dags/example_subdag_operator.py
[2025-04-18T17:37:49.350+0800] {processor.py:925} INFO - DAG(s) 'example_subdag_operator.section-1', 'example_subdag_operator.section-2', 'example_subdag_operator' retrieved from /Users/ervinyeoh/Desktop/unimods/is3107/project/.venv/lib/python3.11/site-packages/airflow/example_dags/example_subdag_operator.py
[2025-04-18T17:37:49.860+0800] {logging_mixin.py:190} INFO - [2025-04-18T17:37:49.860+0800] {dag.py:3239} INFO - Sync 3 DAGs
[2025-04-18T17:37:49.871+0800] {logging_mixin.py:190} INFO - [2025-04-18T17:37:49.870+0800] {dag.py:4180} INFO - Setting next_dagrun for example_subdag_operator to 2022-01-01 00:00:00+00:00, run_after=2022-01-01 00:00:00+00:00
[2025-04-18T17:37:49.873+0800] {logging_mixin.py:190} INFO - [2025-04-18T17:37:49.873+0800] {dag.py:4180} INFO - Setting next_dagrun for example_subdag_operator.section-1 to None, run_after=None
[2025-04-18T17:37:49.874+0800] {logging_mixin.py:190} INFO - [2025-04-18T17:37:49.874+0800] {dag.py:4180} INFO - Setting next_dagrun for example_subdag_operator.section-2 to None, run_after=None
[2025-04-18T17:37:49.877+0800] {logging_mixin.py:190} INFO - [2025-04-18T17:37:49.877+0800] {dag.py:3239} INFO - Sync 2 DAGs
[2025-04-18T17:37:49.879+0800] {logging_mixin.py:190} INFO - [2025-04-18T17:37:49.879+0800] {dag.py:4180} INFO - Setting next_dagrun for example_subdag_operator.section-1 to None, run_after=None
[2025-04-18T17:37:49.879+0800] {logging_mixin.py:190} INFO - [2025-04-18T17:37:49.879+0800] {dag.py:4180} INFO - Setting next_dagrun for example_subdag_operator.section-2 to None, run_after=None
[2025-04-18T17:37:49.886+0800] {processor.py:208} INFO - Processing /Users/ervinyeoh/Desktop/unimods/is3107/project/.venv/lib/python3.11/site-packages/airflow/example_dags/example_subdag_operator.py took 0.640 seconds
[2025-04-18T17:39:32.215+0800] {processor.py:186} INFO - Started process (PID=34152) to work on /Users/ervinyeoh/Desktop/unimods/is3107/project/.venv/lib/python3.11/site-packages/airflow/example_dags/example_subdag_operator.py
[2025-04-18T17:39:32.216+0800] {processor.py:914} INFO - Processing file /Users/ervinyeoh/Desktop/unimods/is3107/project/.venv/lib/python3.11/site-packages/airflow/example_dags/example_subdag_operator.py for tasks to queue
[2025-04-18T17:39:32.217+0800] {logging_mixin.py:190} INFO - [2025-04-18T17:39:32.216+0800] {dagbag.py:588} INFO - Filling up the DagBag from /Users/ervinyeoh/Desktop/unimods/is3107/project/.venv/lib/python3.11/site-packages/airflow/example_dags/example_subdag_operator.py
[2025-04-18T17:39:32.303+0800] {processor.py:925} INFO - DAG(s) 'example_subdag_operator.section-1', 'example_subdag_operator.section-2', 'example_subdag_operator' retrieved from /Users/ervinyeoh/Desktop/unimods/is3107/project/.venv/lib/python3.11/site-packages/airflow/example_dags/example_subdag_operator.py
[2025-04-18T17:39:32.686+0800] {logging_mixin.py:190} INFO - [2025-04-18T17:39:32.685+0800] {dag.py:3239} INFO - Sync 3 DAGs
[2025-04-18T17:39:32.695+0800] {logging_mixin.py:190} INFO - [2025-04-18T17:39:32.695+0800] {dag.py:4180} INFO - Setting next_dagrun for example_subdag_operator to 2022-01-01 00:00:00+00:00, run_after=2022-01-01 00:00:00+00:00
[2025-04-18T17:39:32.697+0800] {logging_mixin.py:190} INFO - [2025-04-18T17:39:32.697+0800] {dag.py:4180} INFO - Setting next_dagrun for example_subdag_operator.section-1 to None, run_after=None
[2025-04-18T17:39:32.697+0800] {logging_mixin.py:190} INFO - [2025-04-18T17:39:32.697+0800] {dag.py:4180} INFO - Setting next_dagrun for example_subdag_operator.section-2 to None, run_after=None
[2025-04-18T17:39:32.700+0800] {logging_mixin.py:190} INFO - [2025-04-18T17:39:32.700+0800] {dag.py:3239} INFO - Sync 2 DAGs
[2025-04-18T17:39:32.702+0800] {logging_mixin.py:190} INFO - [2025-04-18T17:39:32.702+0800] {dag.py:4180} INFO - Setting next_dagrun for example_subdag_operator.section-1 to None, run_after=None
[2025-04-18T17:39:32.702+0800] {logging_mixin.py:190} INFO - [2025-04-18T17:39:32.702+0800] {dag.py:4180} INFO - Setting next_dagrun for example_subdag_operator.section-2 to None, run_after=None
[2025-04-18T17:39:32.709+0800] {processor.py:208} INFO - Processing /Users/ervinyeoh/Desktop/unimods/is3107/project/.venv/lib/python3.11/site-packages/airflow/example_dags/example_subdag_operator.py took 0.495 seconds
[2025-04-18T17:45:57.906+0800] {processor.py:186} INFO - Started process (PID=34302) to work on /Users/ervinyeoh/Desktop/unimods/is3107/project/.venv/lib/python3.11/site-packages/airflow/example_dags/example_subdag_operator.py
[2025-04-18T17:45:57.908+0800] {processor.py:914} INFO - Processing file /Users/ervinyeoh/Desktop/unimods/is3107/project/.venv/lib/python3.11/site-packages/airflow/example_dags/example_subdag_operator.py for tasks to queue
[2025-04-18T17:45:57.908+0800] {logging_mixin.py:190} INFO - [2025-04-18T17:45:57.908+0800] {dagbag.py:588} INFO - Filling up the DagBag from /Users/ervinyeoh/Desktop/unimods/is3107/project/.venv/lib/python3.11/site-packages/airflow/example_dags/example_subdag_operator.py
[2025-04-18T17:45:57.996+0800] {processor.py:925} INFO - DAG(s) 'example_subdag_operator.section-1', 'example_subdag_operator.section-2', 'example_subdag_operator' retrieved from /Users/ervinyeoh/Desktop/unimods/is3107/project/.venv/lib/python3.11/site-packages/airflow/example_dags/example_subdag_operator.py
[2025-04-18T17:45:58.378+0800] {logging_mixin.py:190} INFO - [2025-04-18T17:45:58.378+0800] {dag.py:3239} INFO - Sync 3 DAGs
[2025-04-18T17:45:58.388+0800] {logging_mixin.py:190} INFO - [2025-04-18T17:45:58.388+0800] {dag.py:4180} INFO - Setting next_dagrun for example_subdag_operator to 2022-01-01 00:00:00+00:00, run_after=2022-01-01 00:00:00+00:00
[2025-04-18T17:45:58.390+0800] {logging_mixin.py:190} INFO - [2025-04-18T17:45:58.390+0800] {dag.py:4180} INFO - Setting next_dagrun for example_subdag_operator.section-1 to None, run_after=None
[2025-04-18T17:45:58.391+0800] {logging_mixin.py:190} INFO - [2025-04-18T17:45:58.391+0800] {dag.py:4180} INFO - Setting next_dagrun for example_subdag_operator.section-2 to None, run_after=None
[2025-04-18T17:45:58.394+0800] {logging_mixin.py:190} INFO - [2025-04-18T17:45:58.394+0800] {dag.py:3239} INFO - Sync 2 DAGs
[2025-04-18T17:45:58.396+0800] {logging_mixin.py:190} INFO - [2025-04-18T17:45:58.395+0800] {dag.py:4180} INFO - Setting next_dagrun for example_subdag_operator.section-1 to None, run_after=None
[2025-04-18T17:45:58.396+0800] {logging_mixin.py:190} INFO - [2025-04-18T17:45:58.396+0800] {dag.py:4180} INFO - Setting next_dagrun for example_subdag_operator.section-2 to None, run_after=None
[2025-04-18T17:45:58.402+0800] {processor.py:208} INFO - Processing /Users/ervinyeoh/Desktop/unimods/is3107/project/.venv/lib/python3.11/site-packages/airflow/example_dags/example_subdag_operator.py took 0.498 seconds
[2025-04-18T17:57:04.692+0800] {processor.py:186} INFO - Started process (PID=34546) to work on /Users/ervinyeoh/Desktop/unimods/is3107/project/.venv/lib/python3.11/site-packages/airflow/example_dags/example_subdag_operator.py
[2025-04-18T17:57:04.693+0800] {processor.py:914} INFO - Processing file /Users/ervinyeoh/Desktop/unimods/is3107/project/.venv/lib/python3.11/site-packages/airflow/example_dags/example_subdag_operator.py for tasks to queue
[2025-04-18T17:57:04.694+0800] {logging_mixin.py:190} INFO - [2025-04-18T17:57:04.694+0800] {dagbag.py:588} INFO - Filling up the DagBag from /Users/ervinyeoh/Desktop/unimods/is3107/project/.venv/lib/python3.11/site-packages/airflow/example_dags/example_subdag_operator.py
[2025-04-18T17:57:04.778+0800] {processor.py:925} INFO - DAG(s) 'example_subdag_operator.section-1', 'example_subdag_operator.section-2', 'example_subdag_operator' retrieved from /Users/ervinyeoh/Desktop/unimods/is3107/project/.venv/lib/python3.11/site-packages/airflow/example_dags/example_subdag_operator.py
[2025-04-18T17:57:05.177+0800] {logging_mixin.py:190} INFO - [2025-04-18T17:57:05.176+0800] {dag.py:3239} INFO - Sync 3 DAGs
[2025-04-18T17:57:05.186+0800] {logging_mixin.py:190} INFO - [2025-04-18T17:57:05.186+0800] {dag.py:4180} INFO - Setting next_dagrun for example_subdag_operator to 2022-01-01 00:00:00+00:00, run_after=2022-01-01 00:00:00+00:00
[2025-04-18T17:57:05.188+0800] {logging_mixin.py:190} INFO - [2025-04-18T17:57:05.188+0800] {dag.py:4180} INFO - Setting next_dagrun for example_subdag_operator.section-1 to None, run_after=None
[2025-04-18T17:57:05.188+0800] {logging_mixin.py:190} INFO - [2025-04-18T17:57:05.188+0800] {dag.py:4180} INFO - Setting next_dagrun for example_subdag_operator.section-2 to None, run_after=None
[2025-04-18T17:57:05.191+0800] {logging_mixin.py:190} INFO - [2025-04-18T17:57:05.191+0800] {dag.py:3239} INFO - Sync 2 DAGs
[2025-04-18T17:57:05.193+0800] {logging_mixin.py:190} INFO - [2025-04-18T17:57:05.193+0800] {dag.py:4180} INFO - Setting next_dagrun for example_subdag_operator.section-1 to None, run_after=None
[2025-04-18T17:57:05.193+0800] {logging_mixin.py:190} INFO - [2025-04-18T17:57:05.193+0800] {dag.py:4180} INFO - Setting next_dagrun for example_subdag_operator.section-2 to None, run_after=None
[2025-04-18T17:57:05.200+0800] {processor.py:208} INFO - Processing /Users/ervinyeoh/Desktop/unimods/is3107/project/.venv/lib/python3.11/site-packages/airflow/example_dags/example_subdag_operator.py took 0.509 seconds
[2025-04-18T18:08:24.315+0800] {processor.py:186} INFO - Started process (PID=34691) to work on /Users/ervinyeoh/Desktop/unimods/is3107/project/.venv/lib/python3.11/site-packages/airflow/example_dags/example_subdag_operator.py
[2025-04-18T18:08:24.316+0800] {processor.py:914} INFO - Processing file /Users/ervinyeoh/Desktop/unimods/is3107/project/.venv/lib/python3.11/site-packages/airflow/example_dags/example_subdag_operator.py for tasks to queue
[2025-04-18T18:08:24.317+0800] {logging_mixin.py:190} INFO - [2025-04-18T18:08:24.317+0800] {dagbag.py:588} INFO - Filling up the DagBag from /Users/ervinyeoh/Desktop/unimods/is3107/project/.venv/lib/python3.11/site-packages/airflow/example_dags/example_subdag_operator.py
[2025-04-18T18:08:24.401+0800] {processor.py:925} INFO - DAG(s) 'example_subdag_operator.section-1', 'example_subdag_operator.section-2', 'example_subdag_operator' retrieved from /Users/ervinyeoh/Desktop/unimods/is3107/project/.venv/lib/python3.11/site-packages/airflow/example_dags/example_subdag_operator.py
[2025-04-18T18:08:24.785+0800] {logging_mixin.py:190} INFO - [2025-04-18T18:08:24.784+0800] {dag.py:3239} INFO - Sync 3 DAGs
[2025-04-18T18:08:24.794+0800] {logging_mixin.py:190} INFO - [2025-04-18T18:08:24.794+0800] {dag.py:4180} INFO - Setting next_dagrun for example_subdag_operator to 2022-01-01 00:00:00+00:00, run_after=2022-01-01 00:00:00+00:00
[2025-04-18T18:08:24.796+0800] {logging_mixin.py:190} INFO - [2025-04-18T18:08:24.796+0800] {dag.py:4180} INFO - Setting next_dagrun for example_subdag_operator.section-1 to None, run_after=None
[2025-04-18T18:08:24.796+0800] {logging_mixin.py:190} INFO - [2025-04-18T18:08:24.796+0800] {dag.py:4180} INFO - Setting next_dagrun for example_subdag_operator.section-2 to None, run_after=None
[2025-04-18T18:08:24.799+0800] {logging_mixin.py:190} INFO - [2025-04-18T18:08:24.799+0800] {dag.py:3239} INFO - Sync 2 DAGs
[2025-04-18T18:08:24.801+0800] {logging_mixin.py:190} INFO - [2025-04-18T18:08:24.801+0800] {dag.py:4180} INFO - Setting next_dagrun for example_subdag_operator.section-1 to None, run_after=None
[2025-04-18T18:08:24.801+0800] {logging_mixin.py:190} INFO - [2025-04-18T18:08:24.801+0800] {dag.py:4180} INFO - Setting next_dagrun for example_subdag_operator.section-2 to None, run_after=None
[2025-04-18T18:08:24.809+0800] {processor.py:208} INFO - Processing /Users/ervinyeoh/Desktop/unimods/is3107/project/.venv/lib/python3.11/site-packages/airflow/example_dags/example_subdag_operator.py took 0.495 seconds
[2025-04-18T18:19:29.330+0800] {processor.py:186} INFO - Started process (PID=34836) to work on /Users/ervinyeoh/Desktop/unimods/is3107/project/.venv/lib/python3.11/site-packages/airflow/example_dags/example_subdag_operator.py
[2025-04-18T18:19:29.331+0800] {processor.py:914} INFO - Processing file /Users/ervinyeoh/Desktop/unimods/is3107/project/.venv/lib/python3.11/site-packages/airflow/example_dags/example_subdag_operator.py for tasks to queue
[2025-04-18T18:19:29.331+0800] {logging_mixin.py:190} INFO - [2025-04-18T18:19:29.331+0800] {dagbag.py:588} INFO - Filling up the DagBag from /Users/ervinyeoh/Desktop/unimods/is3107/project/.venv/lib/python3.11/site-packages/airflow/example_dags/example_subdag_operator.py
[2025-04-18T18:19:29.419+0800] {processor.py:925} INFO - DAG(s) 'example_subdag_operator.section-1', 'example_subdag_operator.section-2', 'example_subdag_operator' retrieved from /Users/ervinyeoh/Desktop/unimods/is3107/project/.venv/lib/python3.11/site-packages/airflow/example_dags/example_subdag_operator.py
[2025-04-18T18:19:29.838+0800] {logging_mixin.py:190} INFO - [2025-04-18T18:19:29.838+0800] {dag.py:3239} INFO - Sync 3 DAGs
[2025-04-18T18:19:29.848+0800] {logging_mixin.py:190} INFO - [2025-04-18T18:19:29.848+0800] {dag.py:4180} INFO - Setting next_dagrun for example_subdag_operator to 2022-01-01 00:00:00+00:00, run_after=2022-01-01 00:00:00+00:00
[2025-04-18T18:19:29.851+0800] {logging_mixin.py:190} INFO - [2025-04-18T18:19:29.851+0800] {dag.py:4180} INFO - Setting next_dagrun for example_subdag_operator.section-1 to None, run_after=None
[2025-04-18T18:19:29.851+0800] {logging_mixin.py:190} INFO - [2025-04-18T18:19:29.851+0800] {dag.py:4180} INFO - Setting next_dagrun for example_subdag_operator.section-2 to None, run_after=None
[2025-04-18T18:19:29.854+0800] {logging_mixin.py:190} INFO - [2025-04-18T18:19:29.854+0800] {dag.py:3239} INFO - Sync 2 DAGs
[2025-04-18T18:19:29.856+0800] {logging_mixin.py:190} INFO - [2025-04-18T18:19:29.856+0800] {dag.py:4180} INFO - Setting next_dagrun for example_subdag_operator.section-1 to None, run_after=None
[2025-04-18T18:19:29.856+0800] {logging_mixin.py:190} INFO - [2025-04-18T18:19:29.856+0800] {dag.py:4180} INFO - Setting next_dagrun for example_subdag_operator.section-2 to None, run_after=None
[2025-04-18T18:19:29.863+0800] {processor.py:208} INFO - Processing /Users/ervinyeoh/Desktop/unimods/is3107/project/.venv/lib/python3.11/site-packages/airflow/example_dags/example_subdag_operator.py took 0.535 seconds
[2025-04-18T18:35:19.096+0800] {processor.py:186} INFO - Started process (PID=34949) to work on /Users/ervinyeoh/Desktop/unimods/is3107/project/.venv/lib/python3.11/site-packages/airflow/example_dags/example_subdag_operator.py
[2025-04-18T18:35:19.097+0800] {processor.py:914} INFO - Processing file /Users/ervinyeoh/Desktop/unimods/is3107/project/.venv/lib/python3.11/site-packages/airflow/example_dags/example_subdag_operator.py for tasks to queue
[2025-04-18T18:35:19.097+0800] {logging_mixin.py:190} INFO - [2025-04-18T18:35:19.097+0800] {dagbag.py:588} INFO - Filling up the DagBag from /Users/ervinyeoh/Desktop/unimods/is3107/project/.venv/lib/python3.11/site-packages/airflow/example_dags/example_subdag_operator.py
[2025-04-18T18:35:19.180+0800] {processor.py:925} INFO - DAG(s) 'example_subdag_operator.section-1', 'example_subdag_operator.section-2', 'example_subdag_operator' retrieved from /Users/ervinyeoh/Desktop/unimods/is3107/project/.venv/lib/python3.11/site-packages/airflow/example_dags/example_subdag_operator.py
[2025-04-18T18:35:19.609+0800] {logging_mixin.py:190} INFO - [2025-04-18T18:35:19.609+0800] {dag.py:3239} INFO - Sync 3 DAGs
[2025-04-18T18:35:19.618+0800] {logging_mixin.py:190} INFO - [2025-04-18T18:35:19.618+0800] {dag.py:4180} INFO - Setting next_dagrun for example_subdag_operator to 2022-01-01 00:00:00+00:00, run_after=2022-01-01 00:00:00+00:00
[2025-04-18T18:35:19.620+0800] {logging_mixin.py:190} INFO - [2025-04-18T18:35:19.620+0800] {dag.py:4180} INFO - Setting next_dagrun for example_subdag_operator.section-1 to None, run_after=None
[2025-04-18T18:35:19.620+0800] {logging_mixin.py:190} INFO - [2025-04-18T18:35:19.620+0800] {dag.py:4180} INFO - Setting next_dagrun for example_subdag_operator.section-2 to None, run_after=None
[2025-04-18T18:35:19.623+0800] {logging_mixin.py:190} INFO - [2025-04-18T18:35:19.623+0800] {dag.py:3239} INFO - Sync 2 DAGs
[2025-04-18T18:35:19.625+0800] {logging_mixin.py:190} INFO - [2025-04-18T18:35:19.625+0800] {dag.py:4180} INFO - Setting next_dagrun for example_subdag_operator.section-1 to None, run_after=None
[2025-04-18T18:35:19.625+0800] {logging_mixin.py:190} INFO - [2025-04-18T18:35:19.625+0800] {dag.py:4180} INFO - Setting next_dagrun for example_subdag_operator.section-2 to None, run_after=None
[2025-04-18T18:35:19.632+0800] {processor.py:208} INFO - Processing /Users/ervinyeoh/Desktop/unimods/is3107/project/.venv/lib/python3.11/site-packages/airflow/example_dags/example_subdag_operator.py took 0.538 seconds
[2025-04-18T18:46:53.693+0800] {processor.py:186} INFO - Started process (PID=35126) to work on /Users/ervinyeoh/Desktop/unimods/is3107/project/.venv/lib/python3.11/site-packages/airflow/example_dags/example_subdag_operator.py
[2025-04-18T18:46:53.694+0800] {processor.py:914} INFO - Processing file /Users/ervinyeoh/Desktop/unimods/is3107/project/.venv/lib/python3.11/site-packages/airflow/example_dags/example_subdag_operator.py for tasks to queue
[2025-04-18T18:46:53.695+0800] {logging_mixin.py:190} INFO - [2025-04-18T18:46:53.695+0800] {dagbag.py:588} INFO - Filling up the DagBag from /Users/ervinyeoh/Desktop/unimods/is3107/project/.venv/lib/python3.11/site-packages/airflow/example_dags/example_subdag_operator.py
[2025-04-18T18:46:53.780+0800] {processor.py:925} INFO - DAG(s) 'example_subdag_operator.section-1', 'example_subdag_operator.section-2', 'example_subdag_operator' retrieved from /Users/ervinyeoh/Desktop/unimods/is3107/project/.venv/lib/python3.11/site-packages/airflow/example_dags/example_subdag_operator.py
[2025-04-18T18:46:54.150+0800] {logging_mixin.py:190} INFO - [2025-04-18T18:46:54.150+0800] {dag.py:3239} INFO - Sync 3 DAGs
[2025-04-18T18:46:54.160+0800] {logging_mixin.py:190} INFO - [2025-04-18T18:46:54.159+0800] {dag.py:4180} INFO - Setting next_dagrun for example_subdag_operator to 2022-01-01 00:00:00+00:00, run_after=2022-01-01 00:00:00+00:00
[2025-04-18T18:46:54.161+0800] {logging_mixin.py:190} INFO - [2025-04-18T18:46:54.161+0800] {dag.py:4180} INFO - Setting next_dagrun for example_subdag_operator.section-1 to None, run_after=None
[2025-04-18T18:46:54.162+0800] {logging_mixin.py:190} INFO - [2025-04-18T18:46:54.162+0800] {dag.py:4180} INFO - Setting next_dagrun for example_subdag_operator.section-2 to None, run_after=None
[2025-04-18T18:46:54.165+0800] {logging_mixin.py:190} INFO - [2025-04-18T18:46:54.165+0800] {dag.py:3239} INFO - Sync 2 DAGs
[2025-04-18T18:46:54.167+0800] {logging_mixin.py:190} INFO - [2025-04-18T18:46:54.167+0800] {dag.py:4180} INFO - Setting next_dagrun for example_subdag_operator.section-1 to None, run_after=None
[2025-04-18T18:46:54.167+0800] {logging_mixin.py:190} INFO - [2025-04-18T18:46:54.167+0800] {dag.py:4180} INFO - Setting next_dagrun for example_subdag_operator.section-2 to None, run_after=None
[2025-04-18T18:46:54.174+0800] {processor.py:208} INFO - Processing /Users/ervinyeoh/Desktop/unimods/is3107/project/.venv/lib/python3.11/site-packages/airflow/example_dags/example_subdag_operator.py took 0.483 seconds
[2025-04-18T18:58:00.751+0800] {processor.py:186} INFO - Started process (PID=35247) to work on /Users/ervinyeoh/Desktop/unimods/is3107/project/.venv/lib/python3.11/site-packages/airflow/example_dags/example_subdag_operator.py
[2025-04-18T18:58:00.751+0800] {processor.py:914} INFO - Processing file /Users/ervinyeoh/Desktop/unimods/is3107/project/.venv/lib/python3.11/site-packages/airflow/example_dags/example_subdag_operator.py for tasks to queue
[2025-04-18T18:58:00.752+0800] {logging_mixin.py:190} INFO - [2025-04-18T18:58:00.752+0800] {dagbag.py:588} INFO - Filling up the DagBag from /Users/ervinyeoh/Desktop/unimods/is3107/project/.venv/lib/python3.11/site-packages/airflow/example_dags/example_subdag_operator.py
[2025-04-18T18:58:00.837+0800] {processor.py:925} INFO - DAG(s) 'example_subdag_operator.section-1', 'example_subdag_operator.section-2', 'example_subdag_operator' retrieved from /Users/ervinyeoh/Desktop/unimods/is3107/project/.venv/lib/python3.11/site-packages/airflow/example_dags/example_subdag_operator.py
[2025-04-18T18:58:01.232+0800] {logging_mixin.py:190} INFO - [2025-04-18T18:58:01.231+0800] {dag.py:3239} INFO - Sync 3 DAGs
[2025-04-18T18:58:01.241+0800] {logging_mixin.py:190} INFO - [2025-04-18T18:58:01.241+0800] {dag.py:4180} INFO - Setting next_dagrun for example_subdag_operator to 2022-01-01 00:00:00+00:00, run_after=2022-01-01 00:00:00+00:00
[2025-04-18T18:58:01.244+0800] {logging_mixin.py:190} INFO - [2025-04-18T18:58:01.243+0800] {dag.py:4180} INFO - Setting next_dagrun for example_subdag_operator.section-1 to None, run_after=None
[2025-04-18T18:58:01.244+0800] {logging_mixin.py:190} INFO - [2025-04-18T18:58:01.244+0800] {dag.py:4180} INFO - Setting next_dagrun for example_subdag_operator.section-2 to None, run_after=None
[2025-04-18T18:58:01.247+0800] {logging_mixin.py:190} INFO - [2025-04-18T18:58:01.247+0800] {dag.py:3239} INFO - Sync 2 DAGs
[2025-04-18T18:58:01.249+0800] {logging_mixin.py:190} INFO - [2025-04-18T18:58:01.249+0800] {dag.py:4180} INFO - Setting next_dagrun for example_subdag_operator.section-1 to None, run_after=None
[2025-04-18T18:58:01.249+0800] {logging_mixin.py:190} INFO - [2025-04-18T18:58:01.249+0800] {dag.py:4180} INFO - Setting next_dagrun for example_subdag_operator.section-2 to None, run_after=None
[2025-04-18T18:58:01.256+0800] {processor.py:208} INFO - Processing /Users/ervinyeoh/Desktop/unimods/is3107/project/.venv/lib/python3.11/site-packages/airflow/example_dags/example_subdag_operator.py took 0.507 seconds
[2025-04-18T20:17:04.975+0800] {processor.py:186} INFO - Started process (PID=35417) to work on /Users/ervinyeoh/Desktop/unimods/is3107/project/.venv/lib/python3.11/site-packages/airflow/example_dags/example_subdag_operator.py
[2025-04-18T20:17:04.977+0800] {processor.py:914} INFO - Processing file /Users/ervinyeoh/Desktop/unimods/is3107/project/.venv/lib/python3.11/site-packages/airflow/example_dags/example_subdag_operator.py for tasks to queue
[2025-04-18T20:17:04.977+0800] {logging_mixin.py:190} INFO - [2025-04-18T20:17:04.977+0800] {dagbag.py:588} INFO - Filling up the DagBag from /Users/ervinyeoh/Desktop/unimods/is3107/project/.venv/lib/python3.11/site-packages/airflow/example_dags/example_subdag_operator.py
[2025-04-18T20:17:05.062+0800] {processor.py:925} INFO - DAG(s) 'example_subdag_operator.section-1', 'example_subdag_operator.section-2', 'example_subdag_operator' retrieved from /Users/ervinyeoh/Desktop/unimods/is3107/project/.venv/lib/python3.11/site-packages/airflow/example_dags/example_subdag_operator.py
[2025-04-18T20:17:05.451+0800] {logging_mixin.py:190} INFO - [2025-04-18T20:17:05.451+0800] {dag.py:3239} INFO - Sync 3 DAGs
[2025-04-18T20:17:05.460+0800] {logging_mixin.py:190} INFO - [2025-04-18T20:17:05.460+0800] {dag.py:4180} INFO - Setting next_dagrun for example_subdag_operator to 2022-01-01 00:00:00+00:00, run_after=2022-01-01 00:00:00+00:00
[2025-04-18T20:17:05.462+0800] {logging_mixin.py:190} INFO - [2025-04-18T20:17:05.462+0800] {dag.py:4180} INFO - Setting next_dagrun for example_subdag_operator.section-1 to None, run_after=None
[2025-04-18T20:17:05.462+0800] {logging_mixin.py:190} INFO - [2025-04-18T20:17:05.462+0800] {dag.py:4180} INFO - Setting next_dagrun for example_subdag_operator.section-2 to None, run_after=None
[2025-04-18T20:17:05.466+0800] {logging_mixin.py:190} INFO - [2025-04-18T20:17:05.466+0800] {dag.py:3239} INFO - Sync 2 DAGs
[2025-04-18T20:17:05.468+0800] {logging_mixin.py:190} INFO - [2025-04-18T20:17:05.467+0800] {dag.py:4180} INFO - Setting next_dagrun for example_subdag_operator.section-1 to None, run_after=None
[2025-04-18T20:17:05.468+0800] {logging_mixin.py:190} INFO - [2025-04-18T20:17:05.468+0800] {dag.py:4180} INFO - Setting next_dagrun for example_subdag_operator.section-2 to None, run_after=None
[2025-04-18T20:17:05.474+0800] {processor.py:208} INFO - Processing /Users/ervinyeoh/Desktop/unimods/is3107/project/.venv/lib/python3.11/site-packages/airflow/example_dags/example_subdag_operator.py took 0.501 seconds
