[2025-04-18T16:57:34.290+0800] {processor.py:186} INFO - Started process (PID=30462) to work on /Users/ervinyeoh/Desktop/unimods/is3107/project/.venv/lib/python3.11/site-packages/airflow/example_dags/example_kubernetes_executor.py
[2025-04-18T16:57:34.291+0800] {processor.py:914} INFO - Processing file /Users/ervinyeoh/Desktop/unimods/is3107/project/.venv/lib/python3.11/site-packages/airflow/example_dags/example_kubernetes_executor.py for tasks to queue
[2025-04-18T16:57:34.292+0800] {logging_mixin.py:190} INFO - [2025-04-18T16:57:34.292+0800] {dagbag.py:588} INFO - Filling up the DagBag from /Users/ervinyeoh/Desktop/unimods/is3107/project/.venv/lib/python3.11/site-packages/airflow/example_dags/example_kubernetes_executor.py
[2025-04-18T16:57:34.348+0800] {logging_mixin.py:190} INFO - [2025-04-18T16:57:34.348+0800] {example_kubernetes_executor.py:39} WARNING - The example_kubernetes_executor example DAG requires the kubernetes provider. Please install it with: pip install apache-airflow[cncf.kubernetes]
[2025-04-18T16:57:34.348+0800] {processor.py:927} WARNING - No viable dags retrieved from /Users/ervinyeoh/Desktop/unimods/is3107/project/.venv/lib/python3.11/site-packages/airflow/example_dags/example_kubernetes_executor.py
[2025-04-18T16:57:34.398+0800] {processor.py:208} INFO - Processing /Users/ervinyeoh/Desktop/unimods/is3107/project/.venv/lib/python3.11/site-packages/airflow/example_dags/example_kubernetes_executor.py took 0.109 seconds
[2025-04-18T17:06:27.570+0800] {processor.py:186} INFO - Started process (PID=31326) to work on /Users/ervinyeoh/Desktop/unimods/is3107/project/.venv/lib/python3.11/site-packages/airflow/example_dags/example_kubernetes_executor.py
[2025-04-18T17:06:27.570+0800] {processor.py:914} INFO - Processing file /Users/ervinyeoh/Desktop/unimods/is3107/project/.venv/lib/python3.11/site-packages/airflow/example_dags/example_kubernetes_executor.py for tasks to queue
[2025-04-18T17:06:27.571+0800] {logging_mixin.py:190} INFO - [2025-04-18T17:06:27.571+0800] {dagbag.py:588} INFO - Filling up the DagBag from /Users/ervinyeoh/Desktop/unimods/is3107/project/.venv/lib/python3.11/site-packages/airflow/example_dags/example_kubernetes_executor.py
[2025-04-18T17:06:27.626+0800] {logging_mixin.py:190} INFO - [2025-04-18T17:06:27.626+0800] {example_kubernetes_executor.py:39} WARNING - The example_kubernetes_executor example DAG requires the kubernetes provider. Please install it with: pip install apache-airflow[cncf.kubernetes]
[2025-04-18T17:06:27.626+0800] {processor.py:927} WARNING - No viable dags retrieved from /Users/ervinyeoh/Desktop/unimods/is3107/project/.venv/lib/python3.11/site-packages/airflow/example_dags/example_kubernetes_executor.py
[2025-04-18T17:06:27.674+0800] {processor.py:208} INFO - Processing /Users/ervinyeoh/Desktop/unimods/is3107/project/.venv/lib/python3.11/site-packages/airflow/example_dags/example_kubernetes_executor.py took 0.106 seconds
[2025-04-18T17:08:41.717+0800] {processor.py:186} INFO - Started process (PID=31508) to work on /Users/ervinyeoh/Desktop/unimods/is3107/project/.venv/lib/python3.11/site-packages/airflow/example_dags/example_kubernetes_executor.py
[2025-04-18T17:08:41.719+0800] {processor.py:914} INFO - Processing file /Users/ervinyeoh/Desktop/unimods/is3107/project/.venv/lib/python3.11/site-packages/airflow/example_dags/example_kubernetes_executor.py for tasks to queue
[2025-04-18T17:08:41.719+0800] {logging_mixin.py:190} INFO - [2025-04-18T17:08:41.719+0800] {dagbag.py:588} INFO - Filling up the DagBag from /Users/ervinyeoh/Desktop/unimods/is3107/project/.venv/lib/python3.11/site-packages/airflow/example_dags/example_kubernetes_executor.py
[2025-04-18T17:08:41.770+0800] {logging_mixin.py:190} INFO - [2025-04-18T17:08:41.770+0800] {example_kubernetes_executor.py:39} WARNING - The example_kubernetes_executor example DAG requires the kubernetes provider. Please install it with: pip install apache-airflow[cncf.kubernetes]
[2025-04-18T17:08:41.770+0800] {processor.py:927} WARNING - No viable dags retrieved from /Users/ervinyeoh/Desktop/unimods/is3107/project/.venv/lib/python3.11/site-packages/airflow/example_dags/example_kubernetes_executor.py
[2025-04-18T17:08:41.816+0800] {processor.py:208} INFO - Processing /Users/ervinyeoh/Desktop/unimods/is3107/project/.venv/lib/python3.11/site-packages/airflow/example_dags/example_kubernetes_executor.py took 0.101 seconds
[2025-04-18T17:14:02.210+0800] {processor.py:186} INFO - Started process (PID=31887) to work on /Users/ervinyeoh/Desktop/unimods/is3107/project/.venv/lib/python3.11/site-packages/airflow/example_dags/example_kubernetes_executor.py
[2025-04-18T17:14:02.210+0800] {processor.py:914} INFO - Processing file /Users/ervinyeoh/Desktop/unimods/is3107/project/.venv/lib/python3.11/site-packages/airflow/example_dags/example_kubernetes_executor.py for tasks to queue
[2025-04-18T17:14:02.211+0800] {logging_mixin.py:190} INFO - [2025-04-18T17:14:02.211+0800] {dagbag.py:588} INFO - Filling up the DagBag from /Users/ervinyeoh/Desktop/unimods/is3107/project/.venv/lib/python3.11/site-packages/airflow/example_dags/example_kubernetes_executor.py
[2025-04-18T17:14:02.261+0800] {logging_mixin.py:190} INFO - [2025-04-18T17:14:02.261+0800] {example_kubernetes_executor.py:39} WARNING - The example_kubernetes_executor example DAG requires the kubernetes provider. Please install it with: pip install apache-airflow[cncf.kubernetes]
[2025-04-18T17:14:02.261+0800] {processor.py:927} WARNING - No viable dags retrieved from /Users/ervinyeoh/Desktop/unimods/is3107/project/.venv/lib/python3.11/site-packages/airflow/example_dags/example_kubernetes_executor.py
[2025-04-18T17:14:02.307+0800] {processor.py:208} INFO - Processing /Users/ervinyeoh/Desktop/unimods/is3107/project/.venv/lib/python3.11/site-packages/airflow/example_dags/example_kubernetes_executor.py took 0.099 seconds
[2025-04-18T17:16:13.230+0800] {processor.py:186} INFO - Started process (PID=32044) to work on /Users/ervinyeoh/Desktop/unimods/is3107/project/.venv/lib/python3.11/site-packages/airflow/example_dags/example_kubernetes_executor.py
[2025-04-18T17:16:13.231+0800] {processor.py:914} INFO - Processing file /Users/ervinyeoh/Desktop/unimods/is3107/project/.venv/lib/python3.11/site-packages/airflow/example_dags/example_kubernetes_executor.py for tasks to queue
[2025-04-18T17:16:13.232+0800] {logging_mixin.py:190} INFO - [2025-04-18T17:16:13.232+0800] {dagbag.py:588} INFO - Filling up the DagBag from /Users/ervinyeoh/Desktop/unimods/is3107/project/.venv/lib/python3.11/site-packages/airflow/example_dags/example_kubernetes_executor.py
[2025-04-18T17:16:13.282+0800] {logging_mixin.py:190} INFO - [2025-04-18T17:16:13.282+0800] {example_kubernetes_executor.py:39} WARNING - The example_kubernetes_executor example DAG requires the kubernetes provider. Please install it with: pip install apache-airflow[cncf.kubernetes]
[2025-04-18T17:16:13.282+0800] {processor.py:927} WARNING - No viable dags retrieved from /Users/ervinyeoh/Desktop/unimods/is3107/project/.venv/lib/python3.11/site-packages/airflow/example_dags/example_kubernetes_executor.py
[2025-04-18T17:16:13.328+0800] {processor.py:208} INFO - Processing /Users/ervinyeoh/Desktop/unimods/is3107/project/.venv/lib/python3.11/site-packages/airflow/example_dags/example_kubernetes_executor.py took 0.099 seconds
[2025-04-18T17:19:43.948+0800] {processor.py:186} INFO - Started process (PID=32312) to work on /Users/ervinyeoh/Desktop/unimods/is3107/project/.venv/lib/python3.11/site-packages/airflow/example_dags/example_kubernetes_executor.py
[2025-04-18T17:19:43.949+0800] {processor.py:914} INFO - Processing file /Users/ervinyeoh/Desktop/unimods/is3107/project/.venv/lib/python3.11/site-packages/airflow/example_dags/example_kubernetes_executor.py for tasks to queue
[2025-04-18T17:19:43.949+0800] {logging_mixin.py:190} INFO - [2025-04-18T17:19:43.949+0800] {dagbag.py:588} INFO - Filling up the DagBag from /Users/ervinyeoh/Desktop/unimods/is3107/project/.venv/lib/python3.11/site-packages/airflow/example_dags/example_kubernetes_executor.py
[2025-04-18T17:19:44.001+0800] {logging_mixin.py:190} INFO - [2025-04-18T17:19:44.000+0800] {example_kubernetes_executor.py:39} WARNING - The example_kubernetes_executor example DAG requires the kubernetes provider. Please install it with: pip install apache-airflow[cncf.kubernetes]
[2025-04-18T17:19:44.001+0800] {processor.py:927} WARNING - No viable dags retrieved from /Users/ervinyeoh/Desktop/unimods/is3107/project/.venv/lib/python3.11/site-packages/airflow/example_dags/example_kubernetes_executor.py
[2025-04-18T17:19:44.046+0800] {processor.py:208} INFO - Processing /Users/ervinyeoh/Desktop/unimods/is3107/project/.venv/lib/python3.11/site-packages/airflow/example_dags/example_kubernetes_executor.py took 0.100 seconds
[2025-04-18T17:23:06.930+0800] {processor.py:186} INFO - Started process (PID=32666) to work on /Users/ervinyeoh/Desktop/unimods/is3107/project/.venv/lib/python3.11/site-packages/airflow/example_dags/example_kubernetes_executor.py
[2025-04-18T17:23:06.931+0800] {processor.py:914} INFO - Processing file /Users/ervinyeoh/Desktop/unimods/is3107/project/.venv/lib/python3.11/site-packages/airflow/example_dags/example_kubernetes_executor.py for tasks to queue
[2025-04-18T17:23:06.932+0800] {logging_mixin.py:190} INFO - [2025-04-18T17:23:06.932+0800] {dagbag.py:588} INFO - Filling up the DagBag from /Users/ervinyeoh/Desktop/unimods/is3107/project/.venv/lib/python3.11/site-packages/airflow/example_dags/example_kubernetes_executor.py
[2025-04-18T17:23:06.983+0800] {logging_mixin.py:190} INFO - [2025-04-18T17:23:06.983+0800] {example_kubernetes_executor.py:39} WARNING - The example_kubernetes_executor example DAG requires the kubernetes provider. Please install it with: pip install apache-airflow[cncf.kubernetes]
[2025-04-18T17:23:06.983+0800] {processor.py:927} WARNING - No viable dags retrieved from /Users/ervinyeoh/Desktop/unimods/is3107/project/.venv/lib/python3.11/site-packages/airflow/example_dags/example_kubernetes_executor.py
[2025-04-18T17:23:07.030+0800] {processor.py:208} INFO - Processing /Users/ervinyeoh/Desktop/unimods/is3107/project/.venv/lib/python3.11/site-packages/airflow/example_dags/example_kubernetes_executor.py took 0.101 seconds
[2025-04-18T17:26:29.693+0800] {processor.py:186} INFO - Started process (PID=32947) to work on /Users/ervinyeoh/Desktop/unimods/is3107/project/.venv/lib/python3.11/site-packages/airflow/example_dags/example_kubernetes_executor.py
[2025-04-18T17:26:29.694+0800] {processor.py:914} INFO - Processing file /Users/ervinyeoh/Desktop/unimods/is3107/project/.venv/lib/python3.11/site-packages/airflow/example_dags/example_kubernetes_executor.py for tasks to queue
[2025-04-18T17:26:29.695+0800] {logging_mixin.py:190} INFO - [2025-04-18T17:26:29.695+0800] {dagbag.py:588} INFO - Filling up the DagBag from /Users/ervinyeoh/Desktop/unimods/is3107/project/.venv/lib/python3.11/site-packages/airflow/example_dags/example_kubernetes_executor.py
[2025-04-18T17:26:29.746+0800] {logging_mixin.py:190} INFO - [2025-04-18T17:26:29.746+0800] {example_kubernetes_executor.py:39} WARNING - The example_kubernetes_executor example DAG requires the kubernetes provider. Please install it with: pip install apache-airflow[cncf.kubernetes]
[2025-04-18T17:26:29.746+0800] {processor.py:927} WARNING - No viable dags retrieved from /Users/ervinyeoh/Desktop/unimods/is3107/project/.venv/lib/python3.11/site-packages/airflow/example_dags/example_kubernetes_executor.py
[2025-04-18T17:26:29.792+0800] {processor.py:208} INFO - Processing /Users/ervinyeoh/Desktop/unimods/is3107/project/.venv/lib/python3.11/site-packages/airflow/example_dags/example_kubernetes_executor.py took 0.101 seconds
[2025-04-18T17:34:27.362+0800] {processor.py:186} INFO - Started process (PID=33666) to work on /Users/ervinyeoh/Desktop/unimods/is3107/project/.venv/lib/python3.11/site-packages/airflow/example_dags/example_kubernetes_executor.py
[2025-04-18T17:34:27.363+0800] {processor.py:914} INFO - Processing file /Users/ervinyeoh/Desktop/unimods/is3107/project/.venv/lib/python3.11/site-packages/airflow/example_dags/example_kubernetes_executor.py for tasks to queue
[2025-04-18T17:34:27.364+0800] {logging_mixin.py:190} INFO - [2025-04-18T17:34:27.364+0800] {dagbag.py:588} INFO - Filling up the DagBag from /Users/ervinyeoh/Desktop/unimods/is3107/project/.venv/lib/python3.11/site-packages/airflow/example_dags/example_kubernetes_executor.py
[2025-04-18T17:34:27.416+0800] {logging_mixin.py:190} INFO - [2025-04-18T17:34:27.416+0800] {example_kubernetes_executor.py:39} WARNING - The example_kubernetes_executor example DAG requires the kubernetes provider. Please install it with: pip install apache-airflow[cncf.kubernetes]
[2025-04-18T17:34:27.417+0800] {processor.py:927} WARNING - No viable dags retrieved from /Users/ervinyeoh/Desktop/unimods/is3107/project/.venv/lib/python3.11/site-packages/airflow/example_dags/example_kubernetes_executor.py
[2025-04-18T17:34:27.464+0800] {processor.py:208} INFO - Processing /Users/ervinyeoh/Desktop/unimods/is3107/project/.venv/lib/python3.11/site-packages/airflow/example_dags/example_kubernetes_executor.py took 0.104 seconds
[2025-04-18T17:36:45.706+0800] {processor.py:186} INFO - Started process (PID=33956) to work on /Users/ervinyeoh/Desktop/unimods/is3107/project/.venv/lib/python3.11/site-packages/airflow/example_dags/example_kubernetes_executor.py
[2025-04-18T17:36:45.707+0800] {processor.py:914} INFO - Processing file /Users/ervinyeoh/Desktop/unimods/is3107/project/.venv/lib/python3.11/site-packages/airflow/example_dags/example_kubernetes_executor.py for tasks to queue
[2025-04-18T17:36:45.708+0800] {logging_mixin.py:190} INFO - [2025-04-18T17:36:45.707+0800] {dagbag.py:588} INFO - Filling up the DagBag from /Users/ervinyeoh/Desktop/unimods/is3107/project/.venv/lib/python3.11/site-packages/airflow/example_dags/example_kubernetes_executor.py
[2025-04-18T17:36:45.761+0800] {logging_mixin.py:190} INFO - [2025-04-18T17:36:45.760+0800] {example_kubernetes_executor.py:39} WARNING - The example_kubernetes_executor example DAG requires the kubernetes provider. Please install it with: pip install apache-airflow[cncf.kubernetes]
[2025-04-18T17:36:45.761+0800] {processor.py:927} WARNING - No viable dags retrieved from /Users/ervinyeoh/Desktop/unimods/is3107/project/.venv/lib/python3.11/site-packages/airflow/example_dags/example_kubernetes_executor.py
[2025-04-18T17:36:45.808+0800] {processor.py:208} INFO - Processing /Users/ervinyeoh/Desktop/unimods/is3107/project/.venv/lib/python3.11/site-packages/airflow/example_dags/example_kubernetes_executor.py took 0.103 seconds
[2025-04-18T17:40:14.884+0800] {processor.py:186} INFO - Started process (PID=34203) to work on /Users/ervinyeoh/Desktop/unimods/is3107/project/.venv/lib/python3.11/site-packages/airflow/example_dags/example_kubernetes_executor.py
[2025-04-18T17:40:14.885+0800] {processor.py:914} INFO - Processing file /Users/ervinyeoh/Desktop/unimods/is3107/project/.venv/lib/python3.11/site-packages/airflow/example_dags/example_kubernetes_executor.py for tasks to queue
[2025-04-18T17:40:14.886+0800] {logging_mixin.py:190} INFO - [2025-04-18T17:40:14.886+0800] {dagbag.py:588} INFO - Filling up the DagBag from /Users/ervinyeoh/Desktop/unimods/is3107/project/.venv/lib/python3.11/site-packages/airflow/example_dags/example_kubernetes_executor.py
[2025-04-18T17:40:14.938+0800] {logging_mixin.py:190} INFO - [2025-04-18T17:40:14.937+0800] {example_kubernetes_executor.py:39} WARNING - The example_kubernetes_executor example DAG requires the kubernetes provider. Please install it with: pip install apache-airflow[cncf.kubernetes]
[2025-04-18T17:40:14.938+0800] {processor.py:927} WARNING - No viable dags retrieved from /Users/ervinyeoh/Desktop/unimods/is3107/project/.venv/lib/python3.11/site-packages/airflow/example_dags/example_kubernetes_executor.py
[2025-04-18T17:40:14.984+0800] {processor.py:208} INFO - Processing /Users/ervinyeoh/Desktop/unimods/is3107/project/.venv/lib/python3.11/site-packages/airflow/example_dags/example_kubernetes_executor.py took 0.101 seconds
[2025-04-18T18:02:29.391+0800] {processor.py:186} INFO - Started process (PID=34595) to work on /Users/ervinyeoh/Desktop/unimods/is3107/project/.venv/lib/python3.11/site-packages/airflow/example_dags/example_kubernetes_executor.py
[2025-04-18T18:02:29.392+0800] {processor.py:914} INFO - Processing file /Users/ervinyeoh/Desktop/unimods/is3107/project/.venv/lib/python3.11/site-packages/airflow/example_dags/example_kubernetes_executor.py for tasks to queue
[2025-04-18T18:02:29.392+0800] {logging_mixin.py:190} INFO - [2025-04-18T18:02:29.392+0800] {dagbag.py:588} INFO - Filling up the DagBag from /Users/ervinyeoh/Desktop/unimods/is3107/project/.venv/lib/python3.11/site-packages/airflow/example_dags/example_kubernetes_executor.py
[2025-04-18T18:02:29.443+0800] {logging_mixin.py:190} INFO - [2025-04-18T18:02:29.442+0800] {example_kubernetes_executor.py:39} WARNING - The example_kubernetes_executor example DAG requires the kubernetes provider. Please install it with: pip install apache-airflow[cncf.kubernetes]
[2025-04-18T18:02:29.443+0800] {processor.py:927} WARNING - No viable dags retrieved from /Users/ervinyeoh/Desktop/unimods/is3107/project/.venv/lib/python3.11/site-packages/airflow/example_dags/example_kubernetes_executor.py
[2025-04-18T18:02:29.488+0800] {processor.py:208} INFO - Processing /Users/ervinyeoh/Desktop/unimods/is3107/project/.venv/lib/python3.11/site-packages/airflow/example_dags/example_kubernetes_executor.py took 0.099 seconds
[2025-04-18T18:24:41.985+0800] {processor.py:186} INFO - Started process (PID=34869) to work on /Users/ervinyeoh/Desktop/unimods/is3107/project/.venv/lib/python3.11/site-packages/airflow/example_dags/example_kubernetes_executor.py
[2025-04-18T18:24:41.986+0800] {processor.py:914} INFO - Processing file /Users/ervinyeoh/Desktop/unimods/is3107/project/.venv/lib/python3.11/site-packages/airflow/example_dags/example_kubernetes_executor.py for tasks to queue
[2025-04-18T18:24:41.987+0800] {logging_mixin.py:190} INFO - [2025-04-18T18:24:41.986+0800] {dagbag.py:588} INFO - Filling up the DagBag from /Users/ervinyeoh/Desktop/unimods/is3107/project/.venv/lib/python3.11/site-packages/airflow/example_dags/example_kubernetes_executor.py
[2025-04-18T18:24:42.037+0800] {logging_mixin.py:190} INFO - [2025-04-18T18:24:42.037+0800] {example_kubernetes_executor.py:39} WARNING - The example_kubernetes_executor example DAG requires the kubernetes provider. Please install it with: pip install apache-airflow[cncf.kubernetes]
[2025-04-18T18:24:42.038+0800] {processor.py:927} WARNING - No viable dags retrieved from /Users/ervinyeoh/Desktop/unimods/is3107/project/.venv/lib/python3.11/site-packages/airflow/example_dags/example_kubernetes_executor.py
[2025-04-18T18:24:42.083+0800] {processor.py:208} INFO - Processing /Users/ervinyeoh/Desktop/unimods/is3107/project/.venv/lib/python3.11/site-packages/airflow/example_dags/example_kubernetes_executor.py took 0.099 seconds
[2025-04-18T18:36:01.373+0800] {processor.py:186} INFO - Started process (PID=34997) to work on /Users/ervinyeoh/Desktop/unimods/is3107/project/.venv/lib/python3.11/site-packages/airflow/example_dags/example_kubernetes_executor.py
[2025-04-18T18:36:01.375+0800] {processor.py:914} INFO - Processing file /Users/ervinyeoh/Desktop/unimods/is3107/project/.venv/lib/python3.11/site-packages/airflow/example_dags/example_kubernetes_executor.py for tasks to queue
[2025-04-18T18:36:01.376+0800] {logging_mixin.py:190} INFO - [2025-04-18T18:36:01.376+0800] {dagbag.py:588} INFO - Filling up the DagBag from /Users/ervinyeoh/Desktop/unimods/is3107/project/.venv/lib/python3.11/site-packages/airflow/example_dags/example_kubernetes_executor.py
[2025-04-18T18:36:01.433+0800] {logging_mixin.py:190} INFO - [2025-04-18T18:36:01.433+0800] {example_kubernetes_executor.py:39} WARNING - The example_kubernetes_executor example DAG requires the kubernetes provider. Please install it with: pip install apache-airflow[cncf.kubernetes]
[2025-04-18T18:36:01.433+0800] {processor.py:927} WARNING - No viable dags retrieved from /Users/ervinyeoh/Desktop/unimods/is3107/project/.venv/lib/python3.11/site-packages/airflow/example_dags/example_kubernetes_executor.py
[2025-04-18T18:36:01.480+0800] {processor.py:208} INFO - Processing /Users/ervinyeoh/Desktop/unimods/is3107/project/.venv/lib/python3.11/site-packages/airflow/example_dags/example_kubernetes_executor.py took 0.108 seconds
[2025-04-18T18:52:20.091+0800] {processor.py:186} INFO - Started process (PID=35186) to work on /Users/ervinyeoh/Desktop/unimods/is3107/project/.venv/lib/python3.11/site-packages/airflow/example_dags/example_kubernetes_executor.py
[2025-04-18T18:52:20.092+0800] {processor.py:914} INFO - Processing file /Users/ervinyeoh/Desktop/unimods/is3107/project/.venv/lib/python3.11/site-packages/airflow/example_dags/example_kubernetes_executor.py for tasks to queue
[2025-04-18T18:52:20.093+0800] {logging_mixin.py:190} INFO - [2025-04-18T18:52:20.093+0800] {dagbag.py:588} INFO - Filling up the DagBag from /Users/ervinyeoh/Desktop/unimods/is3107/project/.venv/lib/python3.11/site-packages/airflow/example_dags/example_kubernetes_executor.py
[2025-04-18T18:52:20.144+0800] {logging_mixin.py:190} INFO - [2025-04-18T18:52:20.144+0800] {example_kubernetes_executor.py:39} WARNING - The example_kubernetes_executor example DAG requires the kubernetes provider. Please install it with: pip install apache-airflow[cncf.kubernetes]
[2025-04-18T18:52:20.144+0800] {processor.py:927} WARNING - No viable dags retrieved from /Users/ervinyeoh/Desktop/unimods/is3107/project/.venv/lib/python3.11/site-packages/airflow/example_dags/example_kubernetes_executor.py
[2025-04-18T18:52:20.189+0800] {processor.py:208} INFO - Processing /Users/ervinyeoh/Desktop/unimods/is3107/project/.venv/lib/python3.11/site-packages/airflow/example_dags/example_kubernetes_executor.py took 0.100 seconds
[2025-04-18T20:20:13.068+0800] {processor.py:186} INFO - Started process (PID=35559) to work on /Users/ervinyeoh/Desktop/unimods/is3107/project/.venv/lib/python3.11/site-packages/airflow/example_dags/example_kubernetes_executor.py
[2025-04-18T20:20:13.069+0800] {processor.py:914} INFO - Processing file /Users/ervinyeoh/Desktop/unimods/is3107/project/.venv/lib/python3.11/site-packages/airflow/example_dags/example_kubernetes_executor.py for tasks to queue
[2025-04-18T20:20:13.070+0800] {logging_mixin.py:190} INFO - [2025-04-18T20:20:13.070+0800] {dagbag.py:588} INFO - Filling up the DagBag from /Users/ervinyeoh/Desktop/unimods/is3107/project/.venv/lib/python3.11/site-packages/airflow/example_dags/example_kubernetes_executor.py
[2025-04-18T20:20:13.120+0800] {logging_mixin.py:190} INFO - [2025-04-18T20:20:13.120+0800] {example_kubernetes_executor.py:39} WARNING - The example_kubernetes_executor example DAG requires the kubernetes provider. Please install it with: pip install apache-airflow[cncf.kubernetes]
[2025-04-18T20:20:13.121+0800] {processor.py:927} WARNING - No viable dags retrieved from /Users/ervinyeoh/Desktop/unimods/is3107/project/.venv/lib/python3.11/site-packages/airflow/example_dags/example_kubernetes_executor.py
[2025-04-18T20:20:13.166+0800] {processor.py:208} INFO - Processing /Users/ervinyeoh/Desktop/unimods/is3107/project/.venv/lib/python3.11/site-packages/airflow/example_dags/example_kubernetes_executor.py took 0.099 seconds
