[2025-04-18T16:56:39.681+0800] {processor.py:186} INFO - Started process (PID=30393) to work on /Users/ervinyeoh/Desktop/unimods/is3107/project/.venv/lib/python3.11/site-packages/airflow/example_dags/example_trigger_target_dag.py
[2025-04-18T16:56:39.681+0800] {processor.py:914} INFO - Processing file /Users/ervinyeoh/Desktop/unimods/is3107/project/.venv/lib/python3.11/site-packages/airflow/example_dags/example_trigger_target_dag.py for tasks to queue
[2025-04-18T16:56:39.682+0800] {logging_mixin.py:190} INFO - [2025-04-18T16:56:39.682+0800] {dagbag.py:588} INFO - Filling up the DagBag from /Users/ervinyeoh/Desktop/unimods/is3107/project/.venv/lib/python3.11/site-packages/airflow/example_dags/example_trigger_target_dag.py
[2025-04-18T16:56:39.734+0800] {processor.py:925} INFO - DAG(s) 'example_trigger_target_dag' retrieved from /Users/ervinyeoh/Desktop/unimods/is3107/project/.venv/lib/python3.11/site-packages/airflow/example_dags/example_trigger_target_dag.py
[2025-04-18T16:56:39.784+0800] {logging_mixin.py:190} INFO - [2025-04-18T16:56:39.784+0800] {dag.py:3239} INFO - Sync 1 DAGs
[2025-04-18T16:56:39.790+0800] {logging_mixin.py:190} INFO - [2025-04-18T16:56:39.790+0800] {dag.py:4180} INFO - Setting next_dagrun for example_trigger_target_dag to None, run_after=None
[2025-04-18T16:56:39.799+0800] {processor.py:208} INFO - Processing /Users/ervinyeoh/Desktop/unimods/is3107/project/.venv/lib/python3.11/site-packages/airflow/example_dags/example_trigger_target_dag.py took 0.120 seconds
[2025-04-18T17:05:32.076+0800] {processor.py:186} INFO - Started process (PID=31232) to work on /Users/ervinyeoh/Desktop/unimods/is3107/project/.venv/lib/python3.11/site-packages/airflow/example_dags/example_trigger_target_dag.py
[2025-04-18T17:05:32.076+0800] {processor.py:914} INFO - Processing file /Users/ervinyeoh/Desktop/unimods/is3107/project/.venv/lib/python3.11/site-packages/airflow/example_dags/example_trigger_target_dag.py for tasks to queue
[2025-04-18T17:05:32.077+0800] {logging_mixin.py:190} INFO - [2025-04-18T17:05:32.077+0800] {dagbag.py:588} INFO - Filling up the DagBag from /Users/ervinyeoh/Desktop/unimods/is3107/project/.venv/lib/python3.11/site-packages/airflow/example_dags/example_trigger_target_dag.py
[2025-04-18T17:05:32.138+0800] {processor.py:925} INFO - DAG(s) 'example_trigger_target_dag' retrieved from /Users/ervinyeoh/Desktop/unimods/is3107/project/.venv/lib/python3.11/site-packages/airflow/example_dags/example_trigger_target_dag.py
[2025-04-18T17:05:32.191+0800] {logging_mixin.py:190} INFO - [2025-04-18T17:05:32.190+0800] {dag.py:3239} INFO - Sync 1 DAGs
[2025-04-18T17:05:32.196+0800] {logging_mixin.py:190} INFO - [2025-04-18T17:05:32.196+0800] {dag.py:4180} INFO - Setting next_dagrun for example_trigger_target_dag to None, run_after=None
[2025-04-18T17:05:32.206+0800] {processor.py:208} INFO - Processing /Users/ervinyeoh/Desktop/unimods/is3107/project/.venv/lib/python3.11/site-packages/airflow/example_dags/example_trigger_target_dag.py took 0.132 seconds
[2025-04-18T17:07:47.022+0800] {processor.py:186} INFO - Started process (PID=31440) to work on /Users/ervinyeoh/Desktop/unimods/is3107/project/.venv/lib/python3.11/site-packages/airflow/example_dags/example_trigger_target_dag.py
[2025-04-18T17:07:47.024+0800] {processor.py:914} INFO - Processing file /Users/ervinyeoh/Desktop/unimods/is3107/project/.venv/lib/python3.11/site-packages/airflow/example_dags/example_trigger_target_dag.py for tasks to queue
[2025-04-18T17:07:47.025+0800] {logging_mixin.py:190} INFO - [2025-04-18T17:07:47.024+0800] {dagbag.py:588} INFO - Filling up the DagBag from /Users/ervinyeoh/Desktop/unimods/is3107/project/.venv/lib/python3.11/site-packages/airflow/example_dags/example_trigger_target_dag.py
[2025-04-18T17:07:47.078+0800] {processor.py:925} INFO - DAG(s) 'example_trigger_target_dag' retrieved from /Users/ervinyeoh/Desktop/unimods/is3107/project/.venv/lib/python3.11/site-packages/airflow/example_dags/example_trigger_target_dag.py
[2025-04-18T17:07:47.130+0800] {logging_mixin.py:190} INFO - [2025-04-18T17:07:47.130+0800] {dag.py:3239} INFO - Sync 1 DAGs
[2025-04-18T17:07:47.136+0800] {logging_mixin.py:190} INFO - [2025-04-18T17:07:47.136+0800] {dag.py:4180} INFO - Setting next_dagrun for example_trigger_target_dag to None, run_after=None
[2025-04-18T17:07:47.146+0800] {processor.py:208} INFO - Processing /Users/ervinyeoh/Desktop/unimods/is3107/project/.venv/lib/python3.11/site-packages/airflow/example_dags/example_trigger_target_dag.py took 0.126 seconds
[2025-04-18T17:13:08.668+0800] {processor.py:186} INFO - Started process (PID=31824) to work on /Users/ervinyeoh/Desktop/unimods/is3107/project/.venv/lib/python3.11/site-packages/airflow/example_dags/example_trigger_target_dag.py
[2025-04-18T17:13:08.669+0800] {processor.py:914} INFO - Processing file /Users/ervinyeoh/Desktop/unimods/is3107/project/.venv/lib/python3.11/site-packages/airflow/example_dags/example_trigger_target_dag.py for tasks to queue
[2025-04-18T17:13:08.670+0800] {logging_mixin.py:190} INFO - [2025-04-18T17:13:08.670+0800] {dagbag.py:588} INFO - Filling up the DagBag from /Users/ervinyeoh/Desktop/unimods/is3107/project/.venv/lib/python3.11/site-packages/airflow/example_dags/example_trigger_target_dag.py
[2025-04-18T17:13:08.723+0800] {processor.py:925} INFO - DAG(s) 'example_trigger_target_dag' retrieved from /Users/ervinyeoh/Desktop/unimods/is3107/project/.venv/lib/python3.11/site-packages/airflow/example_dags/example_trigger_target_dag.py
[2025-04-18T17:13:08.774+0800] {logging_mixin.py:190} INFO - [2025-04-18T17:13:08.774+0800] {dag.py:3239} INFO - Sync 1 DAGs
[2025-04-18T17:13:08.780+0800] {logging_mixin.py:190} INFO - [2025-04-18T17:13:08.780+0800] {dag.py:4180} INFO - Setting next_dagrun for example_trigger_target_dag to None, run_after=None
[2025-04-18T17:13:08.791+0800] {processor.py:208} INFO - Processing /Users/ervinyeoh/Desktop/unimods/is3107/project/.venv/lib/python3.11/site-packages/airflow/example_dags/example_trigger_target_dag.py took 0.124 seconds
[2025-04-18T17:15:19.645+0800] {processor.py:186} INFO - Started process (PID=31969) to work on /Users/ervinyeoh/Desktop/unimods/is3107/project/.venv/lib/python3.11/site-packages/airflow/example_dags/example_trigger_target_dag.py
[2025-04-18T17:15:19.646+0800] {processor.py:914} INFO - Processing file /Users/ervinyeoh/Desktop/unimods/is3107/project/.venv/lib/python3.11/site-packages/airflow/example_dags/example_trigger_target_dag.py for tasks to queue
[2025-04-18T17:15:19.646+0800] {logging_mixin.py:190} INFO - [2025-04-18T17:15:19.646+0800] {dagbag.py:588} INFO - Filling up the DagBag from /Users/ervinyeoh/Desktop/unimods/is3107/project/.venv/lib/python3.11/site-packages/airflow/example_dags/example_trigger_target_dag.py
[2025-04-18T17:15:19.697+0800] {processor.py:925} INFO - DAG(s) 'example_trigger_target_dag' retrieved from /Users/ervinyeoh/Desktop/unimods/is3107/project/.venv/lib/python3.11/site-packages/airflow/example_dags/example_trigger_target_dag.py
[2025-04-18T17:15:19.747+0800] {logging_mixin.py:190} INFO - [2025-04-18T17:15:19.747+0800] {dag.py:3239} INFO - Sync 1 DAGs
[2025-04-18T17:15:19.752+0800] {logging_mixin.py:190} INFO - [2025-04-18T17:15:19.752+0800] {dag.py:4180} INFO - Setting next_dagrun for example_trigger_target_dag to None, run_after=None
[2025-04-18T17:15:19.762+0800] {processor.py:208} INFO - Processing /Users/ervinyeoh/Desktop/unimods/is3107/project/.venv/lib/python3.11/site-packages/airflow/example_dags/example_trigger_target_dag.py took 0.118 seconds
[2025-04-18T17:17:00.491+0800] {processor.py:186} INFO - Started process (PID=32097) to work on /Users/ervinyeoh/Desktop/unimods/is3107/project/.venv/lib/python3.11/site-packages/airflow/example_dags/example_trigger_target_dag.py
[2025-04-18T17:17:00.491+0800] {processor.py:914} INFO - Processing file /Users/ervinyeoh/Desktop/unimods/is3107/project/.venv/lib/python3.11/site-packages/airflow/example_dags/example_trigger_target_dag.py for tasks to queue
[2025-04-18T17:17:00.492+0800] {logging_mixin.py:190} INFO - [2025-04-18T17:17:00.492+0800] {dagbag.py:588} INFO - Filling up the DagBag from /Users/ervinyeoh/Desktop/unimods/is3107/project/.venv/lib/python3.11/site-packages/airflow/example_dags/example_trigger_target_dag.py
[2025-04-18T17:17:00.543+0800] {processor.py:925} INFO - DAG(s) 'example_trigger_target_dag' retrieved from /Users/ervinyeoh/Desktop/unimods/is3107/project/.venv/lib/python3.11/site-packages/airflow/example_dags/example_trigger_target_dag.py
[2025-04-18T17:17:00.593+0800] {logging_mixin.py:190} INFO - [2025-04-18T17:17:00.593+0800] {dag.py:3239} INFO - Sync 1 DAGs
[2025-04-18T17:17:00.598+0800] {logging_mixin.py:190} INFO - [2025-04-18T17:17:00.598+0800] {dag.py:4180} INFO - Setting next_dagrun for example_trigger_target_dag to None, run_after=None
[2025-04-18T17:17:00.609+0800] {processor.py:208} INFO - Processing /Users/ervinyeoh/Desktop/unimods/is3107/project/.venv/lib/python3.11/site-packages/airflow/example_dags/example_trigger_target_dag.py took 0.120 seconds
[2025-04-18T17:18:50.636+0800] {processor.py:186} INFO - Started process (PID=32243) to work on /Users/ervinyeoh/Desktop/unimods/is3107/project/.venv/lib/python3.11/site-packages/airflow/example_dags/example_trigger_target_dag.py
[2025-04-18T17:18:50.637+0800] {processor.py:914} INFO - Processing file /Users/ervinyeoh/Desktop/unimods/is3107/project/.venv/lib/python3.11/site-packages/airflow/example_dags/example_trigger_target_dag.py for tasks to queue
[2025-04-18T17:18:50.637+0800] {logging_mixin.py:190} INFO - [2025-04-18T17:18:50.637+0800] {dagbag.py:588} INFO - Filling up the DagBag from /Users/ervinyeoh/Desktop/unimods/is3107/project/.venv/lib/python3.11/site-packages/airflow/example_dags/example_trigger_target_dag.py
[2025-04-18T17:18:50.688+0800] {processor.py:925} INFO - DAG(s) 'example_trigger_target_dag' retrieved from /Users/ervinyeoh/Desktop/unimods/is3107/project/.venv/lib/python3.11/site-packages/airflow/example_dags/example_trigger_target_dag.py
[2025-04-18T17:18:50.738+0800] {logging_mixin.py:190} INFO - [2025-04-18T17:18:50.738+0800] {dag.py:3239} INFO - Sync 1 DAGs
[2025-04-18T17:18:50.744+0800] {logging_mixin.py:190} INFO - [2025-04-18T17:18:50.744+0800] {dag.py:4180} INFO - Setting next_dagrun for example_trigger_target_dag to None, run_after=None
[2025-04-18T17:18:50.754+0800] {processor.py:208} INFO - Processing /Users/ervinyeoh/Desktop/unimods/is3107/project/.venv/lib/python3.11/site-packages/airflow/example_dags/example_trigger_target_dag.py took 0.120 seconds
[2025-04-18T17:20:34.110+0800] {processor.py:186} INFO - Started process (PID=32377) to work on /Users/ervinyeoh/Desktop/unimods/is3107/project/.venv/lib/python3.11/site-packages/airflow/example_dags/example_trigger_target_dag.py
[2025-04-18T17:20:34.110+0800] {processor.py:914} INFO - Processing file /Users/ervinyeoh/Desktop/unimods/is3107/project/.venv/lib/python3.11/site-packages/airflow/example_dags/example_trigger_target_dag.py for tasks to queue
[2025-04-18T17:20:34.111+0800] {logging_mixin.py:190} INFO - [2025-04-18T17:20:34.111+0800] {dagbag.py:588} INFO - Filling up the DagBag from /Users/ervinyeoh/Desktop/unimods/is3107/project/.venv/lib/python3.11/site-packages/airflow/example_dags/example_trigger_target_dag.py
[2025-04-18T17:20:34.161+0800] {processor.py:925} INFO - DAG(s) 'example_trigger_target_dag' retrieved from /Users/ervinyeoh/Desktop/unimods/is3107/project/.venv/lib/python3.11/site-packages/airflow/example_dags/example_trigger_target_dag.py
[2025-04-18T17:20:34.212+0800] {logging_mixin.py:190} INFO - [2025-04-18T17:20:34.212+0800] {dag.py:3239} INFO - Sync 1 DAGs
[2025-04-18T17:20:34.218+0800] {logging_mixin.py:190} INFO - [2025-04-18T17:20:34.218+0800] {dag.py:4180} INFO - Setting next_dagrun for example_trigger_target_dag to None, run_after=None
[2025-04-18T17:20:34.228+0800] {processor.py:208} INFO - Processing /Users/ervinyeoh/Desktop/unimods/is3107/project/.venv/lib/python3.11/site-packages/airflow/example_dags/example_trigger_target_dag.py took 0.120 seconds
[2025-04-18T17:22:14.533+0800] {processor.py:186} INFO - Started process (PID=32605) to work on /Users/ervinyeoh/Desktop/unimods/is3107/project/.venv/lib/python3.11/site-packages/airflow/example_dags/example_trigger_target_dag.py
[2025-04-18T17:22:14.534+0800] {processor.py:914} INFO - Processing file /Users/ervinyeoh/Desktop/unimods/is3107/project/.venv/lib/python3.11/site-packages/airflow/example_dags/example_trigger_target_dag.py for tasks to queue
[2025-04-18T17:22:14.535+0800] {logging_mixin.py:190} INFO - [2025-04-18T17:22:14.535+0800] {dagbag.py:588} INFO - Filling up the DagBag from /Users/ervinyeoh/Desktop/unimods/is3107/project/.venv/lib/python3.11/site-packages/airflow/example_dags/example_trigger_target_dag.py
[2025-04-18T17:22:14.587+0800] {processor.py:925} INFO - DAG(s) 'example_trigger_target_dag' retrieved from /Users/ervinyeoh/Desktop/unimods/is3107/project/.venv/lib/python3.11/site-packages/airflow/example_dags/example_trigger_target_dag.py
[2025-04-18T17:22:14.637+0800] {logging_mixin.py:190} INFO - [2025-04-18T17:22:14.636+0800] {dag.py:3239} INFO - Sync 1 DAGs
[2025-04-18T17:22:14.642+0800] {logging_mixin.py:190} INFO - [2025-04-18T17:22:14.642+0800] {dag.py:4180} INFO - Setting next_dagrun for example_trigger_target_dag to None, run_after=None
[2025-04-18T17:22:14.652+0800] {processor.py:208} INFO - Processing /Users/ervinyeoh/Desktop/unimods/is3107/project/.venv/lib/python3.11/site-packages/airflow/example_dags/example_trigger_target_dag.py took 0.121 seconds
[2025-04-18T17:23:57.011+0800] {processor.py:186} INFO - Started process (PID=32722) to work on /Users/ervinyeoh/Desktop/unimods/is3107/project/.venv/lib/python3.11/site-packages/airflow/example_dags/example_trigger_target_dag.py
[2025-04-18T17:23:57.012+0800] {processor.py:914} INFO - Processing file /Users/ervinyeoh/Desktop/unimods/is3107/project/.venv/lib/python3.11/site-packages/airflow/example_dags/example_trigger_target_dag.py for tasks to queue
[2025-04-18T17:23:57.012+0800] {logging_mixin.py:190} INFO - [2025-04-18T17:23:57.012+0800] {dagbag.py:588} INFO - Filling up the DagBag from /Users/ervinyeoh/Desktop/unimods/is3107/project/.venv/lib/python3.11/site-packages/airflow/example_dags/example_trigger_target_dag.py
[2025-04-18T17:23:57.064+0800] {processor.py:925} INFO - DAG(s) 'example_trigger_target_dag' retrieved from /Users/ervinyeoh/Desktop/unimods/is3107/project/.venv/lib/python3.11/site-packages/airflow/example_dags/example_trigger_target_dag.py
[2025-04-18T17:23:57.114+0800] {logging_mixin.py:190} INFO - [2025-04-18T17:23:57.114+0800] {dag.py:3239} INFO - Sync 1 DAGs
[2025-04-18T17:23:57.120+0800] {logging_mixin.py:190} INFO - [2025-04-18T17:23:57.120+0800] {dag.py:4180} INFO - Setting next_dagrun for example_trigger_target_dag to None, run_after=None
[2025-04-18T17:23:57.130+0800] {processor.py:208} INFO - Processing /Users/ervinyeoh/Desktop/unimods/is3107/project/.venv/lib/python3.11/site-packages/airflow/example_dags/example_trigger_target_dag.py took 0.121 seconds
[2025-04-18T17:25:39.356+0800] {processor.py:186} INFO - Started process (PID=32856) to work on /Users/ervinyeoh/Desktop/unimods/is3107/project/.venv/lib/python3.11/site-packages/airflow/example_dags/example_trigger_target_dag.py
[2025-04-18T17:25:39.357+0800] {processor.py:914} INFO - Processing file /Users/ervinyeoh/Desktop/unimods/is3107/project/.venv/lib/python3.11/site-packages/airflow/example_dags/example_trigger_target_dag.py for tasks to queue
[2025-04-18T17:25:39.357+0800] {logging_mixin.py:190} INFO - [2025-04-18T17:25:39.357+0800] {dagbag.py:588} INFO - Filling up the DagBag from /Users/ervinyeoh/Desktop/unimods/is3107/project/.venv/lib/python3.11/site-packages/airflow/example_dags/example_trigger_target_dag.py
[2025-04-18T17:25:39.408+0800] {processor.py:925} INFO - DAG(s) 'example_trigger_target_dag' retrieved from /Users/ervinyeoh/Desktop/unimods/is3107/project/.venv/lib/python3.11/site-packages/airflow/example_dags/example_trigger_target_dag.py
[2025-04-18T17:25:39.504+0800] {logging_mixin.py:190} INFO - [2025-04-18T17:25:39.504+0800] {dag.py:3239} INFO - Sync 1 DAGs
[2025-04-18T17:25:39.510+0800] {logging_mixin.py:190} INFO - [2025-04-18T17:25:39.510+0800] {dag.py:4180} INFO - Setting next_dagrun for example_trigger_target_dag to None, run_after=None
[2025-04-18T17:25:39.522+0800] {processor.py:208} INFO - Processing /Users/ervinyeoh/Desktop/unimods/is3107/project/.venv/lib/python3.11/site-packages/airflow/example_dags/example_trigger_target_dag.py took 0.167 seconds
[2025-04-18T17:27:22.163+0800] {processor.py:186} INFO - Started process (PID=33052) to work on /Users/ervinyeoh/Desktop/unimods/is3107/project/.venv/lib/python3.11/site-packages/airflow/example_dags/example_trigger_target_dag.py
[2025-04-18T17:27:22.164+0800] {processor.py:914} INFO - Processing file /Users/ervinyeoh/Desktop/unimods/is3107/project/.venv/lib/python3.11/site-packages/airflow/example_dags/example_trigger_target_dag.py for tasks to queue
[2025-04-18T17:27:22.164+0800] {logging_mixin.py:190} INFO - [2025-04-18T17:27:22.164+0800] {dagbag.py:588} INFO - Filling up the DagBag from /Users/ervinyeoh/Desktop/unimods/is3107/project/.venv/lib/python3.11/site-packages/airflow/example_dags/example_trigger_target_dag.py
[2025-04-18T17:27:22.215+0800] {processor.py:925} INFO - DAG(s) 'example_trigger_target_dag' retrieved from /Users/ervinyeoh/Desktop/unimods/is3107/project/.venv/lib/python3.11/site-packages/airflow/example_dags/example_trigger_target_dag.py
[2025-04-18T17:27:22.266+0800] {logging_mixin.py:190} INFO - [2025-04-18T17:27:22.266+0800] {dag.py:3239} INFO - Sync 1 DAGs
[2025-04-18T17:27:22.271+0800] {logging_mixin.py:190} INFO - [2025-04-18T17:27:22.271+0800] {dag.py:4180} INFO - Setting next_dagrun for example_trigger_target_dag to None, run_after=None
[2025-04-18T17:27:22.281+0800] {processor.py:208} INFO - Processing /Users/ervinyeoh/Desktop/unimods/is3107/project/.venv/lib/python3.11/site-packages/airflow/example_dags/example_trigger_target_dag.py took 0.120 seconds
[2025-04-18T17:33:32.566+0800] {processor.py:186} INFO - Started process (PID=33573) to work on /Users/ervinyeoh/Desktop/unimods/is3107/project/.venv/lib/python3.11/site-packages/airflow/example_dags/example_trigger_target_dag.py
[2025-04-18T17:33:32.567+0800] {processor.py:914} INFO - Processing file /Users/ervinyeoh/Desktop/unimods/is3107/project/.venv/lib/python3.11/site-packages/airflow/example_dags/example_trigger_target_dag.py for tasks to queue
[2025-04-18T17:33:32.568+0800] {logging_mixin.py:190} INFO - [2025-04-18T17:33:32.567+0800] {dagbag.py:588} INFO - Filling up the DagBag from /Users/ervinyeoh/Desktop/unimods/is3107/project/.venv/lib/python3.11/site-packages/airflow/example_dags/example_trigger_target_dag.py
[2025-04-18T17:33:32.622+0800] {processor.py:925} INFO - DAG(s) 'example_trigger_target_dag' retrieved from /Users/ervinyeoh/Desktop/unimods/is3107/project/.venv/lib/python3.11/site-packages/airflow/example_dags/example_trigger_target_dag.py
[2025-04-18T17:33:32.673+0800] {logging_mixin.py:190} INFO - [2025-04-18T17:33:32.673+0800] {dag.py:3239} INFO - Sync 1 DAGs
[2025-04-18T17:33:32.679+0800] {logging_mixin.py:190} INFO - [2025-04-18T17:33:32.679+0800] {dag.py:4180} INFO - Setting next_dagrun for example_trigger_target_dag to None, run_after=None
[2025-04-18T17:33:32.690+0800] {processor.py:208} INFO - Processing /Users/ervinyeoh/Desktop/unimods/is3107/project/.venv/lib/python3.11/site-packages/airflow/example_dags/example_trigger_target_dag.py took 0.125 seconds
[2025-04-18T17:35:49.277+0800] {processor.py:186} INFO - Started process (PID=33886) to work on /Users/ervinyeoh/Desktop/unimods/is3107/project/.venv/lib/python3.11/site-packages/airflow/example_dags/example_trigger_target_dag.py
[2025-04-18T17:35:49.278+0800] {processor.py:914} INFO - Processing file /Users/ervinyeoh/Desktop/unimods/is3107/project/.venv/lib/python3.11/site-packages/airflow/example_dags/example_trigger_target_dag.py for tasks to queue
[2025-04-18T17:35:49.278+0800] {logging_mixin.py:190} INFO - [2025-04-18T17:35:49.278+0800] {dagbag.py:588} INFO - Filling up the DagBag from /Users/ervinyeoh/Desktop/unimods/is3107/project/.venv/lib/python3.11/site-packages/airflow/example_dags/example_trigger_target_dag.py
[2025-04-18T17:35:49.337+0800] {processor.py:925} INFO - DAG(s) 'example_trigger_target_dag' retrieved from /Users/ervinyeoh/Desktop/unimods/is3107/project/.venv/lib/python3.11/site-packages/airflow/example_dags/example_trigger_target_dag.py
[2025-04-18T17:35:49.392+0800] {logging_mixin.py:190} INFO - [2025-04-18T17:35:49.392+0800] {dag.py:3239} INFO - Sync 1 DAGs
[2025-04-18T17:35:49.398+0800] {logging_mixin.py:190} INFO - [2025-04-18T17:35:49.397+0800] {dag.py:4180} INFO - Setting next_dagrun for example_trigger_target_dag to None, run_after=None
[2025-04-18T17:35:49.408+0800] {processor.py:208} INFO - Processing /Users/ervinyeoh/Desktop/unimods/is3107/project/.venv/lib/python3.11/site-packages/airflow/example_dags/example_trigger_target_dag.py took 0.133 seconds
[2025-04-18T17:37:36.622+0800] {processor.py:186} INFO - Started process (PID=34013) to work on /Users/ervinyeoh/Desktop/unimods/is3107/project/.venv/lib/python3.11/site-packages/airflow/example_dags/example_trigger_target_dag.py
[2025-04-18T17:37:36.623+0800] {processor.py:914} INFO - Processing file /Users/ervinyeoh/Desktop/unimods/is3107/project/.venv/lib/python3.11/site-packages/airflow/example_dags/example_trigger_target_dag.py for tasks to queue
[2025-04-18T17:37:36.624+0800] {logging_mixin.py:190} INFO - [2025-04-18T17:37:36.623+0800] {dagbag.py:588} INFO - Filling up the DagBag from /Users/ervinyeoh/Desktop/unimods/is3107/project/.venv/lib/python3.11/site-packages/airflow/example_dags/example_trigger_target_dag.py
[2025-04-18T17:37:36.679+0800] {processor.py:925} INFO - DAG(s) 'example_trigger_target_dag' retrieved from /Users/ervinyeoh/Desktop/unimods/is3107/project/.venv/lib/python3.11/site-packages/airflow/example_dags/example_trigger_target_dag.py
[2025-04-18T17:37:36.729+0800] {logging_mixin.py:190} INFO - [2025-04-18T17:37:36.729+0800] {dag.py:3239} INFO - Sync 1 DAGs
[2025-04-18T17:37:36.736+0800] {logging_mixin.py:190} INFO - [2025-04-18T17:37:36.736+0800] {dag.py:4180} INFO - Setting next_dagrun for example_trigger_target_dag to None, run_after=None
[2025-04-18T17:37:36.747+0800] {processor.py:208} INFO - Processing /Users/ervinyeoh/Desktop/unimods/is3107/project/.venv/lib/python3.11/site-packages/airflow/example_dags/example_trigger_target_dag.py took 0.127 seconds
[2025-04-18T17:39:20.547+0800] {processor.py:186} INFO - Started process (PID=34139) to work on /Users/ervinyeoh/Desktop/unimods/is3107/project/.venv/lib/python3.11/site-packages/airflow/example_dags/example_trigger_target_dag.py
[2025-04-18T17:39:20.548+0800] {processor.py:914} INFO - Processing file /Users/ervinyeoh/Desktop/unimods/is3107/project/.venv/lib/python3.11/site-packages/airflow/example_dags/example_trigger_target_dag.py for tasks to queue
[2025-04-18T17:39:20.549+0800] {logging_mixin.py:190} INFO - [2025-04-18T17:39:20.549+0800] {dagbag.py:588} INFO - Filling up the DagBag from /Users/ervinyeoh/Desktop/unimods/is3107/project/.venv/lib/python3.11/site-packages/airflow/example_dags/example_trigger_target_dag.py
[2025-04-18T17:39:20.611+0800] {processor.py:925} INFO - DAG(s) 'example_trigger_target_dag' retrieved from /Users/ervinyeoh/Desktop/unimods/is3107/project/.venv/lib/python3.11/site-packages/airflow/example_dags/example_trigger_target_dag.py
[2025-04-18T17:39:20.669+0800] {logging_mixin.py:190} INFO - [2025-04-18T17:39:20.669+0800] {dag.py:3239} INFO - Sync 1 DAGs
[2025-04-18T17:39:20.675+0800] {logging_mixin.py:190} INFO - [2025-04-18T17:39:20.675+0800] {dag.py:4180} INFO - Setting next_dagrun for example_trigger_target_dag to None, run_after=None
[2025-04-18T17:39:20.686+0800] {processor.py:208} INFO - Processing /Users/ervinyeoh/Desktop/unimods/is3107/project/.venv/lib/python3.11/site-packages/airflow/example_dags/example_trigger_target_dag.py took 0.141 seconds
[2025-04-18T17:41:04.401+0800] {processor.py:186} INFO - Started process (PID=34287) to work on /Users/ervinyeoh/Desktop/unimods/is3107/project/.venv/lib/python3.11/site-packages/airflow/example_dags/example_trigger_target_dag.py
[2025-04-18T17:41:04.403+0800] {processor.py:914} INFO - Processing file /Users/ervinyeoh/Desktop/unimods/is3107/project/.venv/lib/python3.11/site-packages/airflow/example_dags/example_trigger_target_dag.py for tasks to queue
[2025-04-18T17:41:04.403+0800] {logging_mixin.py:190} INFO - [2025-04-18T17:41:04.403+0800] {dagbag.py:588} INFO - Filling up the DagBag from /Users/ervinyeoh/Desktop/unimods/is3107/project/.venv/lib/python3.11/site-packages/airflow/example_dags/example_trigger_target_dag.py
[2025-04-18T17:41:04.456+0800] {processor.py:925} INFO - DAG(s) 'example_trigger_target_dag' retrieved from /Users/ervinyeoh/Desktop/unimods/is3107/project/.venv/lib/python3.11/site-packages/airflow/example_dags/example_trigger_target_dag.py
[2025-04-18T17:41:04.507+0800] {logging_mixin.py:190} INFO - [2025-04-18T17:41:04.507+0800] {dag.py:3239} INFO - Sync 1 DAGs
[2025-04-18T17:41:04.514+0800] {logging_mixin.py:190} INFO - [2025-04-18T17:41:04.514+0800] {dag.py:4180} INFO - Setting next_dagrun for example_trigger_target_dag to None, run_after=None
[2025-04-18T17:41:04.524+0800] {processor.py:208} INFO - Processing /Users/ervinyeoh/Desktop/unimods/is3107/project/.venv/lib/python3.11/site-packages/airflow/example_dags/example_trigger_target_dag.py took 0.125 seconds
[2025-04-18T17:56:53.668+0800] {processor.py:186} INFO - Started process (PID=34533) to work on /Users/ervinyeoh/Desktop/unimods/is3107/project/.venv/lib/python3.11/site-packages/airflow/example_dags/example_trigger_target_dag.py
[2025-04-18T17:56:53.669+0800] {processor.py:914} INFO - Processing file /Users/ervinyeoh/Desktop/unimods/is3107/project/.venv/lib/python3.11/site-packages/airflow/example_dags/example_trigger_target_dag.py for tasks to queue
[2025-04-18T17:56:53.670+0800] {logging_mixin.py:190} INFO - [2025-04-18T17:56:53.669+0800] {dagbag.py:588} INFO - Filling up the DagBag from /Users/ervinyeoh/Desktop/unimods/is3107/project/.venv/lib/python3.11/site-packages/airflow/example_dags/example_trigger_target_dag.py
[2025-04-18T17:56:53.722+0800] {processor.py:925} INFO - DAG(s) 'example_trigger_target_dag' retrieved from /Users/ervinyeoh/Desktop/unimods/is3107/project/.venv/lib/python3.11/site-packages/airflow/example_dags/example_trigger_target_dag.py
[2025-04-18T17:56:53.775+0800] {logging_mixin.py:190} INFO - [2025-04-18T17:56:53.775+0800] {dag.py:3239} INFO - Sync 1 DAGs
[2025-04-18T17:56:53.781+0800] {logging_mixin.py:190} INFO - [2025-04-18T17:56:53.781+0800] {dag.py:4180} INFO - Setting next_dagrun for example_trigger_target_dag to None, run_after=None
[2025-04-18T17:56:53.792+0800] {processor.py:208} INFO - Processing /Users/ervinyeoh/Desktop/unimods/is3107/project/.venv/lib/python3.11/site-packages/airflow/example_dags/example_trigger_target_dag.py took 0.125 seconds
[2025-04-18T18:08:13.359+0800] {processor.py:186} INFO - Started process (PID=34679) to work on /Users/ervinyeoh/Desktop/unimods/is3107/project/.venv/lib/python3.11/site-packages/airflow/example_dags/example_trigger_target_dag.py
[2025-04-18T18:08:13.360+0800] {processor.py:914} INFO - Processing file /Users/ervinyeoh/Desktop/unimods/is3107/project/.venv/lib/python3.11/site-packages/airflow/example_dags/example_trigger_target_dag.py for tasks to queue
[2025-04-18T18:08:13.361+0800] {logging_mixin.py:190} INFO - [2025-04-18T18:08:13.361+0800] {dagbag.py:588} INFO - Filling up the DagBag from /Users/ervinyeoh/Desktop/unimods/is3107/project/.venv/lib/python3.11/site-packages/airflow/example_dags/example_trigger_target_dag.py
[2025-04-18T18:08:13.411+0800] {processor.py:925} INFO - DAG(s) 'example_trigger_target_dag' retrieved from /Users/ervinyeoh/Desktop/unimods/is3107/project/.venv/lib/python3.11/site-packages/airflow/example_dags/example_trigger_target_dag.py
[2025-04-18T18:08:13.462+0800] {logging_mixin.py:190} INFO - [2025-04-18T18:08:13.462+0800] {dag.py:3239} INFO - Sync 1 DAGs
[2025-04-18T18:08:13.468+0800] {logging_mixin.py:190} INFO - [2025-04-18T18:08:13.468+0800] {dag.py:4180} INFO - Setting next_dagrun for example_trigger_target_dag to None, run_after=None
[2025-04-18T18:08:13.477+0800] {processor.py:208} INFO - Processing /Users/ervinyeoh/Desktop/unimods/is3107/project/.venv/lib/python3.11/site-packages/airflow/example_dags/example_trigger_target_dag.py took 0.120 seconds
[2025-04-18T18:19:17.974+0800] {processor.py:186} INFO - Started process (PID=34813) to work on /Users/ervinyeoh/Desktop/unimods/is3107/project/.venv/lib/python3.11/site-packages/airflow/example_dags/example_trigger_target_dag.py
[2025-04-18T18:19:17.975+0800] {processor.py:914} INFO - Processing file /Users/ervinyeoh/Desktop/unimods/is3107/project/.venv/lib/python3.11/site-packages/airflow/example_dags/example_trigger_target_dag.py for tasks to queue
[2025-04-18T18:19:17.976+0800] {logging_mixin.py:190} INFO - [2025-04-18T18:19:17.976+0800] {dagbag.py:588} INFO - Filling up the DagBag from /Users/ervinyeoh/Desktop/unimods/is3107/project/.venv/lib/python3.11/site-packages/airflow/example_dags/example_trigger_target_dag.py
[2025-04-18T18:19:18.026+0800] {processor.py:925} INFO - DAG(s) 'example_trigger_target_dag' retrieved from /Users/ervinyeoh/Desktop/unimods/is3107/project/.venv/lib/python3.11/site-packages/airflow/example_dags/example_trigger_target_dag.py
[2025-04-18T18:19:18.076+0800] {logging_mixin.py:190} INFO - [2025-04-18T18:19:18.076+0800] {dag.py:3239} INFO - Sync 1 DAGs
[2025-04-18T18:19:18.082+0800] {logging_mixin.py:190} INFO - [2025-04-18T18:19:18.081+0800] {dag.py:4180} INFO - Setting next_dagrun for example_trigger_target_dag to None, run_after=None
[2025-04-18T18:19:18.091+0800] {processor.py:208} INFO - Processing /Users/ervinyeoh/Desktop/unimods/is3107/project/.venv/lib/python3.11/site-packages/airflow/example_dags/example_trigger_target_dag.py took 0.119 seconds
[2025-04-18T18:30:24.288+0800] {processor.py:186} INFO - Started process (PID=34935) to work on /Users/ervinyeoh/Desktop/unimods/is3107/project/.venv/lib/python3.11/site-packages/airflow/example_dags/example_trigger_target_dag.py
[2025-04-18T18:30:24.290+0800] {processor.py:914} INFO - Processing file /Users/ervinyeoh/Desktop/unimods/is3107/project/.venv/lib/python3.11/site-packages/airflow/example_dags/example_trigger_target_dag.py for tasks to queue
[2025-04-18T18:30:24.290+0800] {logging_mixin.py:190} INFO - [2025-04-18T18:30:24.290+0800] {dagbag.py:588} INFO - Filling up the DagBag from /Users/ervinyeoh/Desktop/unimods/is3107/project/.venv/lib/python3.11/site-packages/airflow/example_dags/example_trigger_target_dag.py
[2025-04-18T18:30:24.341+0800] {processor.py:925} INFO - DAG(s) 'example_trigger_target_dag' retrieved from /Users/ervinyeoh/Desktop/unimods/is3107/project/.venv/lib/python3.11/site-packages/airflow/example_dags/example_trigger_target_dag.py
[2025-04-18T18:30:24.391+0800] {logging_mixin.py:190} INFO - [2025-04-18T18:30:24.390+0800] {dag.py:3239} INFO - Sync 1 DAGs
[2025-04-18T18:30:24.396+0800] {logging_mixin.py:190} INFO - [2025-04-18T18:30:24.396+0800] {dag.py:4180} INFO - Setting next_dagrun for example_trigger_target_dag to None, run_after=None
[2025-04-18T18:30:24.406+0800] {processor.py:208} INFO - Processing /Users/ervinyeoh/Desktop/unimods/is3107/project/.venv/lib/python3.11/site-packages/airflow/example_dags/example_trigger_target_dag.py took 0.119 seconds
[2025-04-18T18:46:42.979+0800] {processor.py:186} INFO - Started process (PID=35114) to work on /Users/ervinyeoh/Desktop/unimods/is3107/project/.venv/lib/python3.11/site-packages/airflow/example_dags/example_trigger_target_dag.py
[2025-04-18T18:46:42.980+0800] {processor.py:914} INFO - Processing file /Users/ervinyeoh/Desktop/unimods/is3107/project/.venv/lib/python3.11/site-packages/airflow/example_dags/example_trigger_target_dag.py for tasks to queue
[2025-04-18T18:46:42.980+0800] {logging_mixin.py:190} INFO - [2025-04-18T18:46:42.980+0800] {dagbag.py:588} INFO - Filling up the DagBag from /Users/ervinyeoh/Desktop/unimods/is3107/project/.venv/lib/python3.11/site-packages/airflow/example_dags/example_trigger_target_dag.py
[2025-04-18T18:46:43.031+0800] {processor.py:925} INFO - DAG(s) 'example_trigger_target_dag' retrieved from /Users/ervinyeoh/Desktop/unimods/is3107/project/.venv/lib/python3.11/site-packages/airflow/example_dags/example_trigger_target_dag.py
[2025-04-18T18:46:43.082+0800] {logging_mixin.py:190} INFO - [2025-04-18T18:46:43.082+0800] {dag.py:3239} INFO - Sync 1 DAGs
[2025-04-18T18:46:43.087+0800] {logging_mixin.py:190} INFO - [2025-04-18T18:46:43.087+0800] {dag.py:4180} INFO - Setting next_dagrun for example_trigger_target_dag to None, run_after=None
[2025-04-18T18:46:43.098+0800] {processor.py:208} INFO - Processing /Users/ervinyeoh/Desktop/unimods/is3107/project/.venv/lib/python3.11/site-packages/airflow/example_dags/example_trigger_target_dag.py took 0.120 seconds
[2025-04-18T18:57:50.013+0800] {processor.py:186} INFO - Started process (PID=35236) to work on /Users/ervinyeoh/Desktop/unimods/is3107/project/.venv/lib/python3.11/site-packages/airflow/example_dags/example_trigger_target_dag.py
[2025-04-18T18:57:50.014+0800] {processor.py:914} INFO - Processing file /Users/ervinyeoh/Desktop/unimods/is3107/project/.venv/lib/python3.11/site-packages/airflow/example_dags/example_trigger_target_dag.py for tasks to queue
[2025-04-18T18:57:50.014+0800] {logging_mixin.py:190} INFO - [2025-04-18T18:57:50.014+0800] {dagbag.py:588} INFO - Filling up the DagBag from /Users/ervinyeoh/Desktop/unimods/is3107/project/.venv/lib/python3.11/site-packages/airflow/example_dags/example_trigger_target_dag.py
[2025-04-18T18:57:50.064+0800] {processor.py:925} INFO - DAG(s) 'example_trigger_target_dag' retrieved from /Users/ervinyeoh/Desktop/unimods/is3107/project/.venv/lib/python3.11/site-packages/airflow/example_dags/example_trigger_target_dag.py
[2025-04-18T18:57:50.114+0800] {logging_mixin.py:190} INFO - [2025-04-18T18:57:50.114+0800] {dag.py:3239} INFO - Sync 1 DAGs
[2025-04-18T18:57:50.120+0800] {logging_mixin.py:190} INFO - [2025-04-18T18:57:50.120+0800] {dag.py:4180} INFO - Setting next_dagrun for example_trigger_target_dag to None, run_after=None
[2025-04-18T18:57:50.130+0800] {processor.py:208} INFO - Processing /Users/ervinyeoh/Desktop/unimods/is3107/project/.venv/lib/python3.11/site-packages/airflow/example_dags/example_trigger_target_dag.py took 0.118 seconds
[2025-04-18T19:43:31.915+0800] {processor.py:186} INFO - Started process (PID=35377) to work on /Users/ervinyeoh/Desktop/unimods/is3107/project/.venv/lib/python3.11/site-packages/airflow/example_dags/example_trigger_target_dag.py
[2025-04-18T19:43:31.915+0800] {processor.py:914} INFO - Processing file /Users/ervinyeoh/Desktop/unimods/is3107/project/.venv/lib/python3.11/site-packages/airflow/example_dags/example_trigger_target_dag.py for tasks to queue
[2025-04-18T19:43:31.916+0800] {logging_mixin.py:190} INFO - [2025-04-18T19:43:31.916+0800] {dagbag.py:588} INFO - Filling up the DagBag from /Users/ervinyeoh/Desktop/unimods/is3107/project/.venv/lib/python3.11/site-packages/airflow/example_dags/example_trigger_target_dag.py
[2025-04-18T19:43:31.967+0800] {processor.py:925} INFO - DAG(s) 'example_trigger_target_dag' retrieved from /Users/ervinyeoh/Desktop/unimods/is3107/project/.venv/lib/python3.11/site-packages/airflow/example_dags/example_trigger_target_dag.py
[2025-04-18T19:43:32.017+0800] {logging_mixin.py:190} INFO - [2025-04-18T19:43:32.017+0800] {dag.py:3239} INFO - Sync 1 DAGs
[2025-04-18T19:43:32.022+0800] {logging_mixin.py:190} INFO - [2025-04-18T19:43:32.022+0800] {dag.py:4180} INFO - Setting next_dagrun for example_trigger_target_dag to None, run_after=None
[2025-04-18T19:43:32.034+0800] {processor.py:208} INFO - Processing /Users/ervinyeoh/Desktop/unimods/is3107/project/.venv/lib/python3.11/site-packages/airflow/example_dags/example_trigger_target_dag.py took 0.121 seconds
