[2025-04-18T16:57:56.453+0800] {processor.py:186} INFO - Started process (PID=30486) to work on /Users/ervinyeoh/Desktop/unimods/is3107/project/.venv/lib/python3.11/site-packages/airflow/example_dags/example_dag_decorator.py
[2025-04-18T16:57:56.453+0800] {processor.py:914} INFO - Processing file /Users/ervinyeoh/Desktop/unimods/is3107/project/.venv/lib/python3.11/site-packages/airflow/example_dags/example_dag_decorator.py for tasks to queue
[2025-04-18T16:57:56.454+0800] {logging_mixin.py:190} INFO - [2025-04-18T16:57:56.454+0800] {dagbag.py:588} INFO - Filling up the DagBag from /Users/ervinyeoh/Desktop/unimods/is3107/project/.venv/lib/python3.11/site-packages/airflow/example_dags/example_dag_decorator.py
[2025-04-18T16:57:56.838+0800] {processor.py:925} INFO - DAG(s) 'example_dag_decorator' retrieved from /Users/ervinyeoh/Desktop/unimods/is3107/project/.venv/lib/python3.11/site-packages/airflow/example_dags/example_dag_decorator.py
[2025-04-18T16:57:57.171+0800] {logging_mixin.py:190} INFO - [2025-04-18T16:57:57.171+0800] {dag.py:3239} INFO - Sync 1 DAGs
[2025-04-18T16:57:57.179+0800] {logging_mixin.py:190} INFO - [2025-04-18T16:57:57.179+0800] {dag.py:4180} INFO - Setting next_dagrun for example_dag_decorator to None, run_after=None
[2025-04-18T16:57:57.194+0800] {processor.py:208} INFO - Processing /Users/ervinyeoh/Desktop/unimods/is3107/project/.venv/lib/python3.11/site-packages/airflow/example_dags/example_dag_decorator.py took 0.743 seconds
[2025-04-18T17:06:49.286+0800] {processor.py:186} INFO - Started process (PID=31365) to work on /Users/ervinyeoh/Desktop/unimods/is3107/project/.venv/lib/python3.11/site-packages/airflow/example_dags/example_dag_decorator.py
[2025-04-18T17:06:49.290+0800] {processor.py:914} INFO - Processing file /Users/ervinyeoh/Desktop/unimods/is3107/project/.venv/lib/python3.11/site-packages/airflow/example_dags/example_dag_decorator.py for tasks to queue
[2025-04-18T17:06:49.291+0800] {logging_mixin.py:190} INFO - [2025-04-18T17:06:49.291+0800] {dagbag.py:588} INFO - Filling up the DagBag from /Users/ervinyeoh/Desktop/unimods/is3107/project/.venv/lib/python3.11/site-packages/airflow/example_dags/example_dag_decorator.py
[2025-04-18T17:06:49.500+0800] {processor.py:925} INFO - DAG(s) 'example_dag_decorator' retrieved from /Users/ervinyeoh/Desktop/unimods/is3107/project/.venv/lib/python3.11/site-packages/airflow/example_dags/example_dag_decorator.py
[2025-04-18T17:06:49.667+0800] {logging_mixin.py:190} INFO - [2025-04-18T17:06:49.666+0800] {dag.py:3239} INFO - Sync 1 DAGs
[2025-04-18T17:06:49.672+0800] {logging_mixin.py:190} INFO - [2025-04-18T17:06:49.672+0800] {dag.py:4180} INFO - Setting next_dagrun for example_dag_decorator to None, run_after=None
[2025-04-18T17:06:49.684+0800] {processor.py:208} INFO - Processing /Users/ervinyeoh/Desktop/unimods/is3107/project/.venv/lib/python3.11/site-packages/airflow/example_dags/example_dag_decorator.py took 0.400 seconds
[2025-04-18T17:14:23.331+0800] {processor.py:186} INFO - Started process (PID=31908) to work on /Users/ervinyeoh/Desktop/unimods/is3107/project/.venv/lib/python3.11/site-packages/airflow/example_dags/example_dag_decorator.py
[2025-04-18T17:14:23.332+0800] {processor.py:914} INFO - Processing file /Users/ervinyeoh/Desktop/unimods/is3107/project/.venv/lib/python3.11/site-packages/airflow/example_dags/example_dag_decorator.py for tasks to queue
[2025-04-18T17:14:23.332+0800] {logging_mixin.py:190} INFO - [2025-04-18T17:14:23.332+0800] {dagbag.py:588} INFO - Filling up the DagBag from /Users/ervinyeoh/Desktop/unimods/is3107/project/.venv/lib/python3.11/site-packages/airflow/example_dags/example_dag_decorator.py
[2025-04-18T17:14:23.516+0800] {processor.py:925} INFO - DAG(s) 'example_dag_decorator' retrieved from /Users/ervinyeoh/Desktop/unimods/is3107/project/.venv/lib/python3.11/site-packages/airflow/example_dags/example_dag_decorator.py
[2025-04-18T17:14:23.629+0800] {logging_mixin.py:190} INFO - [2025-04-18T17:14:23.628+0800] {dag.py:3239} INFO - Sync 1 DAGs
[2025-04-18T17:14:23.634+0800] {logging_mixin.py:190} INFO - [2025-04-18T17:14:23.634+0800] {dag.py:4180} INFO - Setting next_dagrun for example_dag_decorator to None, run_after=None
[2025-04-18T17:14:23.644+0800] {processor.py:208} INFO - Processing /Users/ervinyeoh/Desktop/unimods/is3107/project/.venv/lib/python3.11/site-packages/airflow/example_dags/example_dag_decorator.py took 0.314 seconds
[2025-04-18T17:17:53.464+0800] {processor.py:186} INFO - Started process (PID=32175) to work on /Users/ervinyeoh/Desktop/unimods/is3107/project/.venv/lib/python3.11/site-packages/airflow/example_dags/example_dag_decorator.py
[2025-04-18T17:17:53.465+0800] {processor.py:914} INFO - Processing file /Users/ervinyeoh/Desktop/unimods/is3107/project/.venv/lib/python3.11/site-packages/airflow/example_dags/example_dag_decorator.py for tasks to queue
[2025-04-18T17:17:53.465+0800] {logging_mixin.py:190} INFO - [2025-04-18T17:17:53.465+0800] {dagbag.py:588} INFO - Filling up the DagBag from /Users/ervinyeoh/Desktop/unimods/is3107/project/.venv/lib/python3.11/site-packages/airflow/example_dags/example_dag_decorator.py
[2025-04-18T17:17:53.638+0800] {processor.py:925} INFO - DAG(s) 'example_dag_decorator' retrieved from /Users/ervinyeoh/Desktop/unimods/is3107/project/.venv/lib/python3.11/site-packages/airflow/example_dags/example_dag_decorator.py
[2025-04-18T17:17:53.744+0800] {logging_mixin.py:190} INFO - [2025-04-18T17:17:53.744+0800] {dag.py:3239} INFO - Sync 1 DAGs
[2025-04-18T17:17:53.749+0800] {logging_mixin.py:190} INFO - [2025-04-18T17:17:53.749+0800] {dag.py:4180} INFO - Setting next_dagrun for example_dag_decorator to None, run_after=None
[2025-04-18T17:17:53.759+0800] {processor.py:208} INFO - Processing /Users/ervinyeoh/Desktop/unimods/is3107/project/.venv/lib/python3.11/site-packages/airflow/example_dags/example_dag_decorator.py took 0.297 seconds
[2025-04-18T17:21:18.233+0800] {processor.py:186} INFO - Started process (PID=32451) to work on /Users/ervinyeoh/Desktop/unimods/is3107/project/.venv/lib/python3.11/site-packages/airflow/example_dags/example_dag_decorator.py
[2025-04-18T17:21:18.234+0800] {processor.py:914} INFO - Processing file /Users/ervinyeoh/Desktop/unimods/is3107/project/.venv/lib/python3.11/site-packages/airflow/example_dags/example_dag_decorator.py for tasks to queue
[2025-04-18T17:21:18.234+0800] {logging_mixin.py:190} INFO - [2025-04-18T17:21:18.234+0800] {dagbag.py:588} INFO - Filling up the DagBag from /Users/ervinyeoh/Desktop/unimods/is3107/project/.venv/lib/python3.11/site-packages/airflow/example_dags/example_dag_decorator.py
[2025-04-18T17:21:18.422+0800] {processor.py:925} INFO - DAG(s) 'example_dag_decorator' retrieved from /Users/ervinyeoh/Desktop/unimods/is3107/project/.venv/lib/python3.11/site-packages/airflow/example_dags/example_dag_decorator.py
[2025-04-18T17:21:18.532+0800] {logging_mixin.py:190} INFO - [2025-04-18T17:21:18.532+0800] {dag.py:3239} INFO - Sync 1 DAGs
[2025-04-18T17:21:18.537+0800] {logging_mixin.py:190} INFO - [2025-04-18T17:21:18.537+0800] {dag.py:4180} INFO - Setting next_dagrun for example_dag_decorator to None, run_after=None
[2025-04-18T17:21:18.547+0800] {processor.py:208} INFO - Processing /Users/ervinyeoh/Desktop/unimods/is3107/project/.venv/lib/python3.11/site-packages/airflow/example_dags/example_dag_decorator.py took 0.316 seconds
[2025-04-18T17:24:42.797+0800] {processor.py:186} INFO - Started process (PID=32778) to work on /Users/ervinyeoh/Desktop/unimods/is3107/project/.venv/lib/python3.11/site-packages/airflow/example_dags/example_dag_decorator.py
[2025-04-18T17:24:42.797+0800] {processor.py:914} INFO - Processing file /Users/ervinyeoh/Desktop/unimods/is3107/project/.venv/lib/python3.11/site-packages/airflow/example_dags/example_dag_decorator.py for tasks to queue
[2025-04-18T17:24:42.798+0800] {logging_mixin.py:190} INFO - [2025-04-18T17:24:42.798+0800] {dagbag.py:588} INFO - Filling up the DagBag from /Users/ervinyeoh/Desktop/unimods/is3107/project/.venv/lib/python3.11/site-packages/airflow/example_dags/example_dag_decorator.py
[2025-04-18T17:24:42.990+0800] {processor.py:925} INFO - DAG(s) 'example_dag_decorator' retrieved from /Users/ervinyeoh/Desktop/unimods/is3107/project/.venv/lib/python3.11/site-packages/airflow/example_dags/example_dag_decorator.py
[2025-04-18T17:24:43.109+0800] {logging_mixin.py:190} INFO - [2025-04-18T17:24:43.108+0800] {dag.py:3239} INFO - Sync 1 DAGs
[2025-04-18T17:24:43.114+0800] {logging_mixin.py:190} INFO - [2025-04-18T17:24:43.114+0800] {dag.py:4180} INFO - Setting next_dagrun for example_dag_decorator to None, run_after=None
[2025-04-18T17:24:43.124+0800] {processor.py:208} INFO - Processing /Users/ervinyeoh/Desktop/unimods/is3107/project/.venv/lib/python3.11/site-packages/airflow/example_dags/example_dag_decorator.py took 0.329 seconds
[2025-04-18T17:28:09.915+0800] {processor.py:186} INFO - Started process (PID=33123) to work on /Users/ervinyeoh/Desktop/unimods/is3107/project/.venv/lib/python3.11/site-packages/airflow/example_dags/example_dag_decorator.py
[2025-04-18T17:28:09.916+0800] {processor.py:914} INFO - Processing file /Users/ervinyeoh/Desktop/unimods/is3107/project/.venv/lib/python3.11/site-packages/airflow/example_dags/example_dag_decorator.py for tasks to queue
[2025-04-18T17:28:09.917+0800] {logging_mixin.py:190} INFO - [2025-04-18T17:28:09.917+0800] {dagbag.py:588} INFO - Filling up the DagBag from /Users/ervinyeoh/Desktop/unimods/is3107/project/.venv/lib/python3.11/site-packages/airflow/example_dags/example_dag_decorator.py
[2025-04-18T17:28:10.107+0800] {processor.py:925} INFO - DAG(s) 'example_dag_decorator' retrieved from /Users/ervinyeoh/Desktop/unimods/is3107/project/.venv/lib/python3.11/site-packages/airflow/example_dags/example_dag_decorator.py
[2025-04-18T17:28:10.218+0800] {logging_mixin.py:190} INFO - [2025-04-18T17:28:10.218+0800] {dag.py:3239} INFO - Sync 1 DAGs
[2025-04-18T17:28:10.224+0800] {logging_mixin.py:190} INFO - [2025-04-18T17:28:10.224+0800] {dag.py:4180} INFO - Setting next_dagrun for example_dag_decorator to None, run_after=None
[2025-04-18T17:28:10.234+0800] {processor.py:208} INFO - Processing /Users/ervinyeoh/Desktop/unimods/is3107/project/.venv/lib/python3.11/site-packages/airflow/example_dags/example_dag_decorator.py took 0.320 seconds
[2025-04-18T17:34:49.057+0800] {processor.py:186} INFO - Started process (PID=33759) to work on /Users/ervinyeoh/Desktop/unimods/is3107/project/.venv/lib/python3.11/site-packages/airflow/example_dags/example_dag_decorator.py
[2025-04-18T17:34:49.058+0800] {processor.py:914} INFO - Processing file /Users/ervinyeoh/Desktop/unimods/is3107/project/.venv/lib/python3.11/site-packages/airflow/example_dags/example_dag_decorator.py for tasks to queue
[2025-04-18T17:34:49.058+0800] {logging_mixin.py:190} INFO - [2025-04-18T17:34:49.058+0800] {dagbag.py:588} INFO - Filling up the DagBag from /Users/ervinyeoh/Desktop/unimods/is3107/project/.venv/lib/python3.11/site-packages/airflow/example_dags/example_dag_decorator.py
[2025-04-18T17:34:49.243+0800] {processor.py:925} INFO - DAG(s) 'example_dag_decorator' retrieved from /Users/ervinyeoh/Desktop/unimods/is3107/project/.venv/lib/python3.11/site-packages/airflow/example_dags/example_dag_decorator.py
[2025-04-18T17:34:49.350+0800] {logging_mixin.py:190} INFO - [2025-04-18T17:34:49.349+0800] {dag.py:3239} INFO - Sync 1 DAGs
[2025-04-18T17:34:49.355+0800] {logging_mixin.py:190} INFO - [2025-04-18T17:34:49.355+0800] {dag.py:4180} INFO - Setting next_dagrun for example_dag_decorator to None, run_after=None
[2025-04-18T17:34:49.365+0800] {processor.py:208} INFO - Processing /Users/ervinyeoh/Desktop/unimods/is3107/project/.venv/lib/python3.11/site-packages/airflow/example_dags/example_dag_decorator.py took 0.310 seconds
[2025-04-18T17:38:25.583+0800] {processor.py:186} INFO - Started process (PID=34076) to work on /Users/ervinyeoh/Desktop/unimods/is3107/project/.venv/lib/python3.11/site-packages/airflow/example_dags/example_dag_decorator.py
[2025-04-18T17:38:25.583+0800] {processor.py:914} INFO - Processing file /Users/ervinyeoh/Desktop/unimods/is3107/project/.venv/lib/python3.11/site-packages/airflow/example_dags/example_dag_decorator.py for tasks to queue
[2025-04-18T17:38:25.584+0800] {logging_mixin.py:190} INFO - [2025-04-18T17:38:25.584+0800] {dagbag.py:588} INFO - Filling up the DagBag from /Users/ervinyeoh/Desktop/unimods/is3107/project/.venv/lib/python3.11/site-packages/airflow/example_dags/example_dag_decorator.py
[2025-04-18T17:38:25.770+0800] {processor.py:925} INFO - DAG(s) 'example_dag_decorator' retrieved from /Users/ervinyeoh/Desktop/unimods/is3107/project/.venv/lib/python3.11/site-packages/airflow/example_dags/example_dag_decorator.py
[2025-04-18T17:38:25.891+0800] {logging_mixin.py:190} INFO - [2025-04-18T17:38:25.891+0800] {dag.py:3239} INFO - Sync 1 DAGs
[2025-04-18T17:38:25.896+0800] {logging_mixin.py:190} INFO - [2025-04-18T17:38:25.896+0800] {dag.py:4180} INFO - Setting next_dagrun for example_dag_decorator to None, run_after=None
[2025-04-18T17:38:25.906+0800] {processor.py:208} INFO - Processing /Users/ervinyeoh/Desktop/unimods/is3107/project/.venv/lib/python3.11/site-packages/airflow/example_dags/example_dag_decorator.py took 0.325 seconds
[2025-04-18T17:46:31.425+0800] {processor.py:186} INFO - Started process (PID=34457) to work on /Users/ervinyeoh/Desktop/unimods/is3107/project/.venv/lib/python3.11/site-packages/airflow/example_dags/example_dag_decorator.py
[2025-04-18T17:46:31.426+0800] {processor.py:914} INFO - Processing file /Users/ervinyeoh/Desktop/unimods/is3107/project/.venv/lib/python3.11/site-packages/airflow/example_dags/example_dag_decorator.py for tasks to queue
[2025-04-18T17:46:31.427+0800] {logging_mixin.py:190} INFO - [2025-04-18T17:46:31.426+0800] {dagbag.py:588} INFO - Filling up the DagBag from /Users/ervinyeoh/Desktop/unimods/is3107/project/.venv/lib/python3.11/site-packages/airflow/example_dags/example_dag_decorator.py
[2025-04-18T17:46:31.612+0800] {processor.py:925} INFO - DAG(s) 'example_dag_decorator' retrieved from /Users/ervinyeoh/Desktop/unimods/is3107/project/.venv/lib/python3.11/site-packages/airflow/example_dags/example_dag_decorator.py
[2025-04-18T17:46:31.718+0800] {logging_mixin.py:190} INFO - [2025-04-18T17:46:31.718+0800] {dag.py:3239} INFO - Sync 1 DAGs
[2025-04-18T17:46:31.723+0800] {logging_mixin.py:190} INFO - [2025-04-18T17:46:31.723+0800] {dag.py:4180} INFO - Setting next_dagrun for example_dag_decorator to None, run_after=None
[2025-04-18T17:46:31.736+0800] {processor.py:208} INFO - Processing /Users/ervinyeoh/Desktop/unimods/is3107/project/.venv/lib/python3.11/site-packages/airflow/example_dags/example_dag_decorator.py took 0.313 seconds
[2025-04-18T18:02:51.105+0800] {processor.py:186} INFO - Started process (PID=34616) to work on /Users/ervinyeoh/Desktop/unimods/is3107/project/.venv/lib/python3.11/site-packages/airflow/example_dags/example_dag_decorator.py
[2025-04-18T18:02:51.106+0800] {processor.py:914} INFO - Processing file /Users/ervinyeoh/Desktop/unimods/is3107/project/.venv/lib/python3.11/site-packages/airflow/example_dags/example_dag_decorator.py for tasks to queue
[2025-04-18T18:02:51.106+0800] {logging_mixin.py:190} INFO - [2025-04-18T18:02:51.106+0800] {dagbag.py:588} INFO - Filling up the DagBag from /Users/ervinyeoh/Desktop/unimods/is3107/project/.venv/lib/python3.11/site-packages/airflow/example_dags/example_dag_decorator.py
[2025-04-18T18:02:51.295+0800] {processor.py:925} INFO - DAG(s) 'example_dag_decorator' retrieved from /Users/ervinyeoh/Desktop/unimods/is3107/project/.venv/lib/python3.11/site-packages/airflow/example_dags/example_dag_decorator.py
[2025-04-18T18:02:51.408+0800] {logging_mixin.py:190} INFO - [2025-04-18T18:02:51.408+0800] {dag.py:3239} INFO - Sync 1 DAGs
[2025-04-18T18:02:51.413+0800] {logging_mixin.py:190} INFO - [2025-04-18T18:02:51.413+0800] {dag.py:4180} INFO - Setting next_dagrun for example_dag_decorator to None, run_after=None
[2025-04-18T18:02:51.423+0800] {processor.py:208} INFO - Processing /Users/ervinyeoh/Desktop/unimods/is3107/project/.venv/lib/python3.11/site-packages/airflow/example_dags/example_dag_decorator.py took 0.320 seconds
[2025-04-18T18:25:03.242+0800] {processor.py:186} INFO - Started process (PID=34890) to work on /Users/ervinyeoh/Desktop/unimods/is3107/project/.venv/lib/python3.11/site-packages/airflow/example_dags/example_dag_decorator.py
[2025-04-18T18:25:03.243+0800] {processor.py:914} INFO - Processing file /Users/ervinyeoh/Desktop/unimods/is3107/project/.venv/lib/python3.11/site-packages/airflow/example_dags/example_dag_decorator.py for tasks to queue
[2025-04-18T18:25:03.244+0800] {logging_mixin.py:190} INFO - [2025-04-18T18:25:03.244+0800] {dagbag.py:588} INFO - Filling up the DagBag from /Users/ervinyeoh/Desktop/unimods/is3107/project/.venv/lib/python3.11/site-packages/airflow/example_dags/example_dag_decorator.py
[2025-04-18T18:25:03.428+0800] {processor.py:925} INFO - DAG(s) 'example_dag_decorator' retrieved from /Users/ervinyeoh/Desktop/unimods/is3107/project/.venv/lib/python3.11/site-packages/airflow/example_dags/example_dag_decorator.py
[2025-04-18T18:25:03.535+0800] {logging_mixin.py:190} INFO - [2025-04-18T18:25:03.535+0800] {dag.py:3239} INFO - Sync 1 DAGs
[2025-04-18T18:25:03.540+0800] {logging_mixin.py:190} INFO - [2025-04-18T18:25:03.540+0800] {dag.py:4180} INFO - Setting next_dagrun for example_dag_decorator to None, run_after=None
[2025-04-18T18:25:03.550+0800] {processor.py:208} INFO - Processing /Users/ervinyeoh/Desktop/unimods/is3107/project/.venv/lib/python3.11/site-packages/airflow/example_dags/example_dag_decorator.py took 0.309 seconds
[2025-04-18T18:41:05.477+0800] {processor.py:186} INFO - Started process (PID=35041) to work on /Users/ervinyeoh/Desktop/unimods/is3107/project/.venv/lib/python3.11/site-packages/airflow/example_dags/example_dag_decorator.py
[2025-04-18T18:41:05.478+0800] {processor.py:914} INFO - Processing file /Users/ervinyeoh/Desktop/unimods/is3107/project/.venv/lib/python3.11/site-packages/airflow/example_dags/example_dag_decorator.py for tasks to queue
[2025-04-18T18:41:05.478+0800] {logging_mixin.py:190} INFO - [2025-04-18T18:41:05.478+0800] {dagbag.py:588} INFO - Filling up the DagBag from /Users/ervinyeoh/Desktop/unimods/is3107/project/.venv/lib/python3.11/site-packages/airflow/example_dags/example_dag_decorator.py
[2025-04-18T18:41:05.662+0800] {processor.py:925} INFO - DAG(s) 'example_dag_decorator' retrieved from /Users/ervinyeoh/Desktop/unimods/is3107/project/.venv/lib/python3.11/site-packages/airflow/example_dags/example_dag_decorator.py
[2025-04-18T18:41:05.773+0800] {logging_mixin.py:190} INFO - [2025-04-18T18:41:05.773+0800] {dag.py:3239} INFO - Sync 1 DAGs
[2025-04-18T18:41:05.778+0800] {logging_mixin.py:190} INFO - [2025-04-18T18:41:05.778+0800] {dag.py:4180} INFO - Setting next_dagrun for example_dag_decorator to None, run_after=None
[2025-04-18T18:41:05.788+0800] {processor.py:208} INFO - Processing /Users/ervinyeoh/Desktop/unimods/is3107/project/.venv/lib/python3.11/site-packages/airflow/example_dags/example_dag_decorator.py took 0.312 seconds
[2025-04-18T19:03:17.378+0800] {processor.py:186} INFO - Started process (PID=35301) to work on /Users/ervinyeoh/Desktop/unimods/is3107/project/.venv/lib/python3.11/site-packages/airflow/example_dags/example_dag_decorator.py
[2025-04-18T19:03:17.379+0800] {processor.py:914} INFO - Processing file /Users/ervinyeoh/Desktop/unimods/is3107/project/.venv/lib/python3.11/site-packages/airflow/example_dags/example_dag_decorator.py for tasks to queue
[2025-04-18T19:03:17.379+0800] {logging_mixin.py:190} INFO - [2025-04-18T19:03:17.379+0800] {dagbag.py:588} INFO - Filling up the DagBag from /Users/ervinyeoh/Desktop/unimods/is3107/project/.venv/lib/python3.11/site-packages/airflow/example_dags/example_dag_decorator.py
[2025-04-18T19:03:17.571+0800] {processor.py:925} INFO - DAG(s) 'example_dag_decorator' retrieved from /Users/ervinyeoh/Desktop/unimods/is3107/project/.venv/lib/python3.11/site-packages/airflow/example_dags/example_dag_decorator.py
[2025-04-18T19:03:17.678+0800] {logging_mixin.py:190} INFO - [2025-04-18T19:03:17.677+0800] {dag.py:3239} INFO - Sync 1 DAGs
[2025-04-18T19:03:17.683+0800] {logging_mixin.py:190} INFO - [2025-04-18T19:03:17.683+0800] {dag.py:4180} INFO - Setting next_dagrun for example_dag_decorator to None, run_after=None
[2025-04-18T19:03:17.693+0800] {processor.py:208} INFO - Processing /Users/ervinyeoh/Desktop/unimods/is3107/project/.venv/lib/python3.11/site-packages/airflow/example_dags/example_dag_decorator.py took 0.316 seconds
[2025-04-18T20:20:34.645+0800] {processor.py:186} INFO - Started process (PID=35628) to work on /Users/ervinyeoh/Desktop/unimods/is3107/project/.venv/lib/python3.11/site-packages/airflow/example_dags/example_dag_decorator.py
[2025-04-18T20:20:34.647+0800] {processor.py:914} INFO - Processing file /Users/ervinyeoh/Desktop/unimods/is3107/project/.venv/lib/python3.11/site-packages/airflow/example_dags/example_dag_decorator.py for tasks to queue
[2025-04-18T20:20:34.648+0800] {logging_mixin.py:190} INFO - [2025-04-18T20:20:34.648+0800] {dagbag.py:588} INFO - Filling up the DagBag from /Users/ervinyeoh/Desktop/unimods/is3107/project/.venv/lib/python3.11/site-packages/airflow/example_dags/example_dag_decorator.py
[2025-04-18T20:20:34.917+0800] {processor.py:925} INFO - DAG(s) 'example_dag_decorator' retrieved from /Users/ervinyeoh/Desktop/unimods/is3107/project/.venv/lib/python3.11/site-packages/airflow/example_dags/example_dag_decorator.py
[2025-04-18T20:20:35.032+0800] {logging_mixin.py:190} INFO - [2025-04-18T20:20:35.031+0800] {dag.py:3239} INFO - Sync 1 DAGs
[2025-04-18T20:20:35.037+0800] {logging_mixin.py:190} INFO - [2025-04-18T20:20:35.037+0800] {dag.py:4180} INFO - Setting next_dagrun for example_dag_decorator to None, run_after=None
[2025-04-18T20:20:35.048+0800] {processor.py:208} INFO - Processing /Users/ervinyeoh/Desktop/unimods/is3107/project/.venv/lib/python3.11/site-packages/airflow/example_dags/example_dag_decorator.py took 0.405 seconds
