[2025-04-18T16:56:42.062+0800] {processor.py:186} INFO - Started process (PID=30397) to work on /Users/ervinyeoh/Desktop/unimods/is3107/project/.venv/lib/python3.11/site-packages/airflow/example_dags/example_trigger_controller_dag.py
[2025-04-18T16:56:42.063+0800] {processor.py:914} INFO - Processing file /Users/ervinyeoh/Desktop/unimods/is3107/project/.venv/lib/python3.11/site-packages/airflow/example_dags/example_trigger_controller_dag.py for tasks to queue
[2025-04-18T16:56:42.063+0800] {logging_mixin.py:190} INFO - [2025-04-18T16:56:42.063+0800] {dagbag.py:588} INFO - Filling up the DagBag from /Users/ervinyeoh/Desktop/unimods/is3107/project/.venv/lib/python3.11/site-packages/airflow/example_dags/example_trigger_controller_dag.py
[2025-04-18T16:56:42.069+0800] {processor.py:925} INFO - DAG(s) 'example_trigger_controller_dag' retrieved from /Users/ervinyeoh/Desktop/unimods/is3107/project/.venv/lib/python3.11/site-packages/airflow/example_dags/example_trigger_controller_dag.py
[2025-04-18T16:56:42.150+0800] {logging_mixin.py:190} INFO - [2025-04-18T16:56:42.150+0800] {dag.py:3239} INFO - Sync 1 DAGs
[2025-04-18T16:56:42.159+0800] {logging_mixin.py:190} INFO - [2025-04-18T16:56:42.159+0800] {dag.py:4180} INFO - Setting next_dagrun for example_trigger_controller_dag to 2021-01-01 00:00:00+00:00, run_after=2021-01-01 00:00:00+00:00
[2025-04-18T16:56:42.169+0800] {processor.py:208} INFO - Processing /Users/ervinyeoh/Desktop/unimods/is3107/project/.venv/lib/python3.11/site-packages/airflow/example_dags/example_trigger_controller_dag.py took 0.109 seconds
[2025-04-18T17:05:34.449+0800] {processor.py:186} INFO - Started process (PID=31235) to work on /Users/ervinyeoh/Desktop/unimods/is3107/project/.venv/lib/python3.11/site-packages/airflow/example_dags/example_trigger_controller_dag.py
[2025-04-18T17:05:34.450+0800] {processor.py:914} INFO - Processing file /Users/ervinyeoh/Desktop/unimods/is3107/project/.venv/lib/python3.11/site-packages/airflow/example_dags/example_trigger_controller_dag.py for tasks to queue
[2025-04-18T17:05:34.450+0800] {logging_mixin.py:190} INFO - [2025-04-18T17:05:34.450+0800] {dagbag.py:588} INFO - Filling up the DagBag from /Users/ervinyeoh/Desktop/unimods/is3107/project/.venv/lib/python3.11/site-packages/airflow/example_dags/example_trigger_controller_dag.py
[2025-04-18T17:05:34.456+0800] {processor.py:925} INFO - DAG(s) 'example_trigger_controller_dag' retrieved from /Users/ervinyeoh/Desktop/unimods/is3107/project/.venv/lib/python3.11/site-packages/airflow/example_dags/example_trigger_controller_dag.py
[2025-04-18T17:05:34.541+0800] {logging_mixin.py:190} INFO - [2025-04-18T17:05:34.541+0800] {dag.py:3239} INFO - Sync 1 DAGs
[2025-04-18T17:05:34.551+0800] {logging_mixin.py:190} INFO - [2025-04-18T17:05:34.551+0800] {dag.py:4180} INFO - Setting next_dagrun for example_trigger_controller_dag to 2021-01-01 00:00:00+00:00, run_after=2021-01-01 00:00:00+00:00
[2025-04-18T17:05:34.562+0800] {processor.py:208} INFO - Processing /Users/ervinyeoh/Desktop/unimods/is3107/project/.venv/lib/python3.11/site-packages/airflow/example_dags/example_trigger_controller_dag.py took 0.115 seconds
[2025-04-18T17:07:49.456+0800] {processor.py:186} INFO - Started process (PID=31443) to work on /Users/ervinyeoh/Desktop/unimods/is3107/project/.venv/lib/python3.11/site-packages/airflow/example_dags/example_trigger_controller_dag.py
[2025-04-18T17:07:49.457+0800] {processor.py:914} INFO - Processing file /Users/ervinyeoh/Desktop/unimods/is3107/project/.venv/lib/python3.11/site-packages/airflow/example_dags/example_trigger_controller_dag.py for tasks to queue
[2025-04-18T17:07:49.458+0800] {logging_mixin.py:190} INFO - [2025-04-18T17:07:49.457+0800] {dagbag.py:588} INFO - Filling up the DagBag from /Users/ervinyeoh/Desktop/unimods/is3107/project/.venv/lib/python3.11/site-packages/airflow/example_dags/example_trigger_controller_dag.py
[2025-04-18T17:07:49.464+0800] {processor.py:925} INFO - DAG(s) 'example_trigger_controller_dag' retrieved from /Users/ervinyeoh/Desktop/unimods/is3107/project/.venv/lib/python3.11/site-packages/airflow/example_dags/example_trigger_controller_dag.py
[2025-04-18T17:07:49.550+0800] {logging_mixin.py:190} INFO - [2025-04-18T17:07:49.550+0800] {dag.py:3239} INFO - Sync 1 DAGs
[2025-04-18T17:07:49.560+0800] {logging_mixin.py:190} INFO - [2025-04-18T17:07:49.560+0800] {dag.py:4180} INFO - Setting next_dagrun for example_trigger_controller_dag to 2021-01-01 00:00:00+00:00, run_after=2021-01-01 00:00:00+00:00
[2025-04-18T17:07:49.571+0800] {processor.py:208} INFO - Processing /Users/ervinyeoh/Desktop/unimods/is3107/project/.venv/lib/python3.11/site-packages/airflow/example_dags/example_trigger_controller_dag.py took 0.116 seconds
[2025-04-18T17:13:11.034+0800] {processor.py:186} INFO - Started process (PID=31827) to work on /Users/ervinyeoh/Desktop/unimods/is3107/project/.venv/lib/python3.11/site-packages/airflow/example_dags/example_trigger_controller_dag.py
[2025-04-18T17:13:11.035+0800] {processor.py:914} INFO - Processing file /Users/ervinyeoh/Desktop/unimods/is3107/project/.venv/lib/python3.11/site-packages/airflow/example_dags/example_trigger_controller_dag.py for tasks to queue
[2025-04-18T17:13:11.036+0800] {logging_mixin.py:190} INFO - [2025-04-18T17:13:11.036+0800] {dagbag.py:588} INFO - Filling up the DagBag from /Users/ervinyeoh/Desktop/unimods/is3107/project/.venv/lib/python3.11/site-packages/airflow/example_dags/example_trigger_controller_dag.py
[2025-04-18T17:13:11.042+0800] {processor.py:925} INFO - DAG(s) 'example_trigger_controller_dag' retrieved from /Users/ervinyeoh/Desktop/unimods/is3107/project/.venv/lib/python3.11/site-packages/airflow/example_dags/example_trigger_controller_dag.py
[2025-04-18T17:13:11.121+0800] {logging_mixin.py:190} INFO - [2025-04-18T17:13:11.121+0800] {dag.py:3239} INFO - Sync 1 DAGs
[2025-04-18T17:13:11.130+0800] {logging_mixin.py:190} INFO - [2025-04-18T17:13:11.130+0800] {dag.py:4180} INFO - Setting next_dagrun for example_trigger_controller_dag to 2021-01-01 00:00:00+00:00, run_after=2021-01-01 00:00:00+00:00
[2025-04-18T17:13:11.141+0800] {processor.py:208} INFO - Processing /Users/ervinyeoh/Desktop/unimods/is3107/project/.venv/lib/python3.11/site-packages/airflow/example_dags/example_trigger_controller_dag.py took 0.109 seconds
[2025-04-18T17:15:22.070+0800] {processor.py:186} INFO - Started process (PID=31972) to work on /Users/ervinyeoh/Desktop/unimods/is3107/project/.venv/lib/python3.11/site-packages/airflow/example_dags/example_trigger_controller_dag.py
[2025-04-18T17:15:22.071+0800] {processor.py:914} INFO - Processing file /Users/ervinyeoh/Desktop/unimods/is3107/project/.venv/lib/python3.11/site-packages/airflow/example_dags/example_trigger_controller_dag.py for tasks to queue
[2025-04-18T17:15:22.071+0800] {logging_mixin.py:190} INFO - [2025-04-18T17:15:22.071+0800] {dagbag.py:588} INFO - Filling up the DagBag from /Users/ervinyeoh/Desktop/unimods/is3107/project/.venv/lib/python3.11/site-packages/airflow/example_dags/example_trigger_controller_dag.py
[2025-04-18T17:15:22.077+0800] {processor.py:925} INFO - DAG(s) 'example_trigger_controller_dag' retrieved from /Users/ervinyeoh/Desktop/unimods/is3107/project/.venv/lib/python3.11/site-packages/airflow/example_dags/example_trigger_controller_dag.py
[2025-04-18T17:15:22.156+0800] {logging_mixin.py:190} INFO - [2025-04-18T17:15:22.156+0800] {dag.py:3239} INFO - Sync 1 DAGs
[2025-04-18T17:15:22.165+0800] {logging_mixin.py:190} INFO - [2025-04-18T17:15:22.165+0800] {dag.py:4180} INFO - Setting next_dagrun for example_trigger_controller_dag to 2021-01-01 00:00:00+00:00, run_after=2021-01-01 00:00:00+00:00
[2025-04-18T17:15:22.175+0800] {processor.py:208} INFO - Processing /Users/ervinyeoh/Desktop/unimods/is3107/project/.venv/lib/python3.11/site-packages/airflow/example_dags/example_trigger_controller_dag.py took 0.107 seconds
[2025-04-18T17:17:02.838+0800] {processor.py:186} INFO - Started process (PID=32099) to work on /Users/ervinyeoh/Desktop/unimods/is3107/project/.venv/lib/python3.11/site-packages/airflow/example_dags/example_trigger_controller_dag.py
[2025-04-18T17:17:02.838+0800] {processor.py:914} INFO - Processing file /Users/ervinyeoh/Desktop/unimods/is3107/project/.venv/lib/python3.11/site-packages/airflow/example_dags/example_trigger_controller_dag.py for tasks to queue
[2025-04-18T17:17:02.839+0800] {logging_mixin.py:190} INFO - [2025-04-18T17:17:02.839+0800] {dagbag.py:588} INFO - Filling up the DagBag from /Users/ervinyeoh/Desktop/unimods/is3107/project/.venv/lib/python3.11/site-packages/airflow/example_dags/example_trigger_controller_dag.py
[2025-04-18T17:17:02.845+0800] {processor.py:925} INFO - DAG(s) 'example_trigger_controller_dag' retrieved from /Users/ervinyeoh/Desktop/unimods/is3107/project/.venv/lib/python3.11/site-packages/airflow/example_dags/example_trigger_controller_dag.py
[2025-04-18T17:17:02.924+0800] {logging_mixin.py:190} INFO - [2025-04-18T17:17:02.924+0800] {dag.py:3239} INFO - Sync 1 DAGs
[2025-04-18T17:17:02.934+0800] {logging_mixin.py:190} INFO - [2025-04-18T17:17:02.934+0800] {dag.py:4180} INFO - Setting next_dagrun for example_trigger_controller_dag to 2021-01-01 00:00:00+00:00, run_after=2021-01-01 00:00:00+00:00
[2025-04-18T17:17:02.944+0800] {processor.py:208} INFO - Processing /Users/ervinyeoh/Desktop/unimods/is3107/project/.venv/lib/python3.11/site-packages/airflow/example_dags/example_trigger_controller_dag.py took 0.108 seconds
[2025-04-18T17:18:52.794+0800] {processor.py:186} INFO - Started process (PID=32246) to work on /Users/ervinyeoh/Desktop/unimods/is3107/project/.venv/lib/python3.11/site-packages/airflow/example_dags/example_trigger_controller_dag.py
[2025-04-18T17:18:52.795+0800] {processor.py:914} INFO - Processing file /Users/ervinyeoh/Desktop/unimods/is3107/project/.venv/lib/python3.11/site-packages/airflow/example_dags/example_trigger_controller_dag.py for tasks to queue
[2025-04-18T17:18:52.795+0800] {logging_mixin.py:190} INFO - [2025-04-18T17:18:52.795+0800] {dagbag.py:588} INFO - Filling up the DagBag from /Users/ervinyeoh/Desktop/unimods/is3107/project/.venv/lib/python3.11/site-packages/airflow/example_dags/example_trigger_controller_dag.py
[2025-04-18T17:18:52.802+0800] {processor.py:925} INFO - DAG(s) 'example_trigger_controller_dag' retrieved from /Users/ervinyeoh/Desktop/unimods/is3107/project/.venv/lib/python3.11/site-packages/airflow/example_dags/example_trigger_controller_dag.py
[2025-04-18T17:18:52.881+0800] {logging_mixin.py:190} INFO - [2025-04-18T17:18:52.881+0800] {dag.py:3239} INFO - Sync 1 DAGs
[2025-04-18T17:18:52.890+0800] {logging_mixin.py:190} INFO - [2025-04-18T17:18:52.890+0800] {dag.py:4180} INFO - Setting next_dagrun for example_trigger_controller_dag to 2021-01-01 00:00:00+00:00, run_after=2021-01-01 00:00:00+00:00
[2025-04-18T17:18:52.900+0800] {processor.py:208} INFO - Processing /Users/ervinyeoh/Desktop/unimods/is3107/project/.venv/lib/python3.11/site-packages/airflow/example_dags/example_trigger_controller_dag.py took 0.108 seconds
[2025-04-18T17:20:36.453+0800] {processor.py:186} INFO - Started process (PID=32381) to work on /Users/ervinyeoh/Desktop/unimods/is3107/project/.venv/lib/python3.11/site-packages/airflow/example_dags/example_trigger_controller_dag.py
[2025-04-18T17:20:36.454+0800] {processor.py:914} INFO - Processing file /Users/ervinyeoh/Desktop/unimods/is3107/project/.venv/lib/python3.11/site-packages/airflow/example_dags/example_trigger_controller_dag.py for tasks to queue
[2025-04-18T17:20:36.454+0800] {logging_mixin.py:190} INFO - [2025-04-18T17:20:36.454+0800] {dagbag.py:588} INFO - Filling up the DagBag from /Users/ervinyeoh/Desktop/unimods/is3107/project/.venv/lib/python3.11/site-packages/airflow/example_dags/example_trigger_controller_dag.py
[2025-04-18T17:20:36.461+0800] {processor.py:925} INFO - DAG(s) 'example_trigger_controller_dag' retrieved from /Users/ervinyeoh/Desktop/unimods/is3107/project/.venv/lib/python3.11/site-packages/airflow/example_dags/example_trigger_controller_dag.py
[2025-04-18T17:20:36.540+0800] {logging_mixin.py:190} INFO - [2025-04-18T17:20:36.539+0800] {dag.py:3239} INFO - Sync 1 DAGs
[2025-04-18T17:20:36.549+0800] {logging_mixin.py:190} INFO - [2025-04-18T17:20:36.549+0800] {dag.py:4180} INFO - Setting next_dagrun for example_trigger_controller_dag to 2021-01-01 00:00:00+00:00, run_after=2021-01-01 00:00:00+00:00
[2025-04-18T17:20:36.559+0800] {processor.py:208} INFO - Processing /Users/ervinyeoh/Desktop/unimods/is3107/project/.venv/lib/python3.11/site-packages/airflow/example_dags/example_trigger_controller_dag.py took 0.108 seconds
[2025-04-18T17:22:16.889+0800] {processor.py:186} INFO - Started process (PID=32610) to work on /Users/ervinyeoh/Desktop/unimods/is3107/project/.venv/lib/python3.11/site-packages/airflow/example_dags/example_trigger_controller_dag.py
[2025-04-18T17:22:16.891+0800] {processor.py:914} INFO - Processing file /Users/ervinyeoh/Desktop/unimods/is3107/project/.venv/lib/python3.11/site-packages/airflow/example_dags/example_trigger_controller_dag.py for tasks to queue
[2025-04-18T17:22:16.891+0800] {logging_mixin.py:190} INFO - [2025-04-18T17:22:16.891+0800] {dagbag.py:588} INFO - Filling up the DagBag from /Users/ervinyeoh/Desktop/unimods/is3107/project/.venv/lib/python3.11/site-packages/airflow/example_dags/example_trigger_controller_dag.py
[2025-04-18T17:22:16.899+0800] {processor.py:925} INFO - DAG(s) 'example_trigger_controller_dag' retrieved from /Users/ervinyeoh/Desktop/unimods/is3107/project/.venv/lib/python3.11/site-packages/airflow/example_dags/example_trigger_controller_dag.py
[2025-04-18T17:22:16.978+0800] {logging_mixin.py:190} INFO - [2025-04-18T17:22:16.978+0800] {dag.py:3239} INFO - Sync 1 DAGs
[2025-04-18T17:22:16.988+0800] {logging_mixin.py:190} INFO - [2025-04-18T17:22:16.987+0800] {dag.py:4180} INFO - Setting next_dagrun for example_trigger_controller_dag to 2021-01-01 00:00:00+00:00, run_after=2021-01-01 00:00:00+00:00
[2025-04-18T17:22:16.998+0800] {processor.py:208} INFO - Processing /Users/ervinyeoh/Desktop/unimods/is3107/project/.venv/lib/python3.11/site-packages/airflow/example_dags/example_trigger_controller_dag.py took 0.111 seconds
[2025-04-18T17:23:59.378+0800] {processor.py:186} INFO - Started process (PID=32725) to work on /Users/ervinyeoh/Desktop/unimods/is3107/project/.venv/lib/python3.11/site-packages/airflow/example_dags/example_trigger_controller_dag.py
[2025-04-18T17:23:59.380+0800] {processor.py:914} INFO - Processing file /Users/ervinyeoh/Desktop/unimods/is3107/project/.venv/lib/python3.11/site-packages/airflow/example_dags/example_trigger_controller_dag.py for tasks to queue
[2025-04-18T17:23:59.380+0800] {logging_mixin.py:190} INFO - [2025-04-18T17:23:59.380+0800] {dagbag.py:588} INFO - Filling up the DagBag from /Users/ervinyeoh/Desktop/unimods/is3107/project/.venv/lib/python3.11/site-packages/airflow/example_dags/example_trigger_controller_dag.py
[2025-04-18T17:23:59.387+0800] {processor.py:925} INFO - DAG(s) 'example_trigger_controller_dag' retrieved from /Users/ervinyeoh/Desktop/unimods/is3107/project/.venv/lib/python3.11/site-packages/airflow/example_dags/example_trigger_controller_dag.py
[2025-04-18T17:23:59.468+0800] {logging_mixin.py:190} INFO - [2025-04-18T17:23:59.468+0800] {dag.py:3239} INFO - Sync 1 DAGs
[2025-04-18T17:23:59.478+0800] {logging_mixin.py:190} INFO - [2025-04-18T17:23:59.478+0800] {dag.py:4180} INFO - Setting next_dagrun for example_trigger_controller_dag to 2021-01-01 00:00:00+00:00, run_after=2021-01-01 00:00:00+00:00
[2025-04-18T17:23:59.487+0800] {processor.py:208} INFO - Processing /Users/ervinyeoh/Desktop/unimods/is3107/project/.venv/lib/python3.11/site-packages/airflow/example_dags/example_trigger_controller_dag.py took 0.111 seconds
[2025-04-18T17:25:41.264+0800] {processor.py:186} INFO - Started process (PID=32859) to work on /Users/ervinyeoh/Desktop/unimods/is3107/project/.venv/lib/python3.11/site-packages/airflow/example_dags/example_trigger_controller_dag.py
[2025-04-18T17:25:41.264+0800] {processor.py:914} INFO - Processing file /Users/ervinyeoh/Desktop/unimods/is3107/project/.venv/lib/python3.11/site-packages/airflow/example_dags/example_trigger_controller_dag.py for tasks to queue
[2025-04-18T17:25:41.265+0800] {logging_mixin.py:190} INFO - [2025-04-18T17:25:41.265+0800] {dagbag.py:588} INFO - Filling up the DagBag from /Users/ervinyeoh/Desktop/unimods/is3107/project/.venv/lib/python3.11/site-packages/airflow/example_dags/example_trigger_controller_dag.py
[2025-04-18T17:25:41.273+0800] {processor.py:925} INFO - DAG(s) 'example_trigger_controller_dag' retrieved from /Users/ervinyeoh/Desktop/unimods/is3107/project/.venv/lib/python3.11/site-packages/airflow/example_dags/example_trigger_controller_dag.py
[2025-04-18T17:25:41.353+0800] {logging_mixin.py:190} INFO - [2025-04-18T17:25:41.353+0800] {dag.py:3239} INFO - Sync 1 DAGs
[2025-04-18T17:25:41.363+0800] {logging_mixin.py:190} INFO - [2025-04-18T17:25:41.363+0800] {dag.py:4180} INFO - Setting next_dagrun for example_trigger_controller_dag to 2021-01-01 00:00:00+00:00, run_after=2021-01-01 00:00:00+00:00
[2025-04-18T17:25:41.372+0800] {processor.py:208} INFO - Processing /Users/ervinyeoh/Desktop/unimods/is3107/project/.venv/lib/python3.11/site-packages/airflow/example_dags/example_trigger_controller_dag.py took 0.110 seconds
[2025-04-18T17:27:24.510+0800] {processor.py:186} INFO - Started process (PID=33055) to work on /Users/ervinyeoh/Desktop/unimods/is3107/project/.venv/lib/python3.11/site-packages/airflow/example_dags/example_trigger_controller_dag.py
[2025-04-18T17:27:24.511+0800] {processor.py:914} INFO - Processing file /Users/ervinyeoh/Desktop/unimods/is3107/project/.venv/lib/python3.11/site-packages/airflow/example_dags/example_trigger_controller_dag.py for tasks to queue
[2025-04-18T17:27:24.512+0800] {logging_mixin.py:190} INFO - [2025-04-18T17:27:24.512+0800] {dagbag.py:588} INFO - Filling up the DagBag from /Users/ervinyeoh/Desktop/unimods/is3107/project/.venv/lib/python3.11/site-packages/airflow/example_dags/example_trigger_controller_dag.py
[2025-04-18T17:27:24.518+0800] {processor.py:925} INFO - DAG(s) 'example_trigger_controller_dag' retrieved from /Users/ervinyeoh/Desktop/unimods/is3107/project/.venv/lib/python3.11/site-packages/airflow/example_dags/example_trigger_controller_dag.py
[2025-04-18T17:27:24.597+0800] {logging_mixin.py:190} INFO - [2025-04-18T17:27:24.597+0800] {dag.py:3239} INFO - Sync 1 DAGs
[2025-04-18T17:27:24.609+0800] {logging_mixin.py:190} INFO - [2025-04-18T17:27:24.609+0800] {dag.py:4180} INFO - Setting next_dagrun for example_trigger_controller_dag to 2021-01-01 00:00:00+00:00, run_after=2021-01-01 00:00:00+00:00
[2025-04-18T17:27:24.619+0800] {processor.py:208} INFO - Processing /Users/ervinyeoh/Desktop/unimods/is3107/project/.venv/lib/python3.11/site-packages/airflow/example_dags/example_trigger_controller_dag.py took 0.110 seconds
[2025-04-18T17:33:34.811+0800] {processor.py:186} INFO - Started process (PID=33576) to work on /Users/ervinyeoh/Desktop/unimods/is3107/project/.venv/lib/python3.11/site-packages/airflow/example_dags/example_trigger_controller_dag.py
[2025-04-18T17:33:34.812+0800] {processor.py:914} INFO - Processing file /Users/ervinyeoh/Desktop/unimods/is3107/project/.venv/lib/python3.11/site-packages/airflow/example_dags/example_trigger_controller_dag.py for tasks to queue
[2025-04-18T17:33:34.813+0800] {logging_mixin.py:190} INFO - [2025-04-18T17:33:34.813+0800] {dagbag.py:588} INFO - Filling up the DagBag from /Users/ervinyeoh/Desktop/unimods/is3107/project/.venv/lib/python3.11/site-packages/airflow/example_dags/example_trigger_controller_dag.py
[2025-04-18T17:33:34.820+0800] {processor.py:925} INFO - DAG(s) 'example_trigger_controller_dag' retrieved from /Users/ervinyeoh/Desktop/unimods/is3107/project/.venv/lib/python3.11/site-packages/airflow/example_dags/example_trigger_controller_dag.py
[2025-04-18T17:33:34.923+0800] {logging_mixin.py:190} INFO - [2025-04-18T17:33:34.923+0800] {dag.py:3239} INFO - Sync 1 DAGs
[2025-04-18T17:33:34.934+0800] {logging_mixin.py:190} INFO - [2025-04-18T17:33:34.934+0800] {dag.py:4180} INFO - Setting next_dagrun for example_trigger_controller_dag to 2021-01-01 00:00:00+00:00, run_after=2021-01-01 00:00:00+00:00
[2025-04-18T17:33:34.945+0800] {processor.py:208} INFO - Processing /Users/ervinyeoh/Desktop/unimods/is3107/project/.venv/lib/python3.11/site-packages/airflow/example_dags/example_trigger_controller_dag.py took 0.136 seconds
[2025-04-18T17:35:51.681+0800] {processor.py:186} INFO - Started process (PID=33888) to work on /Users/ervinyeoh/Desktop/unimods/is3107/project/.venv/lib/python3.11/site-packages/airflow/example_dags/example_trigger_controller_dag.py
[2025-04-18T17:35:51.681+0800] {processor.py:914} INFO - Processing file /Users/ervinyeoh/Desktop/unimods/is3107/project/.venv/lib/python3.11/site-packages/airflow/example_dags/example_trigger_controller_dag.py for tasks to queue
[2025-04-18T17:35:51.682+0800] {logging_mixin.py:190} INFO - [2025-04-18T17:35:51.682+0800] {dagbag.py:588} INFO - Filling up the DagBag from /Users/ervinyeoh/Desktop/unimods/is3107/project/.venv/lib/python3.11/site-packages/airflow/example_dags/example_trigger_controller_dag.py
[2025-04-18T17:35:51.688+0800] {processor.py:925} INFO - DAG(s) 'example_trigger_controller_dag' retrieved from /Users/ervinyeoh/Desktop/unimods/is3107/project/.venv/lib/python3.11/site-packages/airflow/example_dags/example_trigger_controller_dag.py
[2025-04-18T17:35:51.767+0800] {logging_mixin.py:190} INFO - [2025-04-18T17:35:51.767+0800] {dag.py:3239} INFO - Sync 1 DAGs
[2025-04-18T17:35:51.777+0800] {logging_mixin.py:190} INFO - [2025-04-18T17:35:51.777+0800] {dag.py:4180} INFO - Setting next_dagrun for example_trigger_controller_dag to 2021-01-01 00:00:00+00:00, run_after=2021-01-01 00:00:00+00:00
[2025-04-18T17:35:51.788+0800] {processor.py:208} INFO - Processing /Users/ervinyeoh/Desktop/unimods/is3107/project/.venv/lib/python3.11/site-packages/airflow/example_dags/example_trigger_controller_dag.py took 0.109 seconds
[2025-04-18T17:37:38.383+0800] {processor.py:186} INFO - Started process (PID=34017) to work on /Users/ervinyeoh/Desktop/unimods/is3107/project/.venv/lib/python3.11/site-packages/airflow/example_dags/example_trigger_controller_dag.py
[2025-04-18T17:37:38.384+0800] {processor.py:914} INFO - Processing file /Users/ervinyeoh/Desktop/unimods/is3107/project/.venv/lib/python3.11/site-packages/airflow/example_dags/example_trigger_controller_dag.py for tasks to queue
[2025-04-18T17:37:38.384+0800] {logging_mixin.py:190} INFO - [2025-04-18T17:37:38.384+0800] {dagbag.py:588} INFO - Filling up the DagBag from /Users/ervinyeoh/Desktop/unimods/is3107/project/.venv/lib/python3.11/site-packages/airflow/example_dags/example_trigger_controller_dag.py
[2025-04-18T17:37:38.390+0800] {processor.py:925} INFO - DAG(s) 'example_trigger_controller_dag' retrieved from /Users/ervinyeoh/Desktop/unimods/is3107/project/.venv/lib/python3.11/site-packages/airflow/example_dags/example_trigger_controller_dag.py
[2025-04-18T17:37:38.477+0800] {logging_mixin.py:190} INFO - [2025-04-18T17:37:38.477+0800] {dag.py:3239} INFO - Sync 1 DAGs
[2025-04-18T17:37:38.487+0800] {logging_mixin.py:190} INFO - [2025-04-18T17:37:38.487+0800] {dag.py:4180} INFO - Setting next_dagrun for example_trigger_controller_dag to 2021-01-01 00:00:00+00:00, run_after=2021-01-01 00:00:00+00:00
[2025-04-18T17:37:38.497+0800] {processor.py:208} INFO - Processing /Users/ervinyeoh/Desktop/unimods/is3107/project/.venv/lib/python3.11/site-packages/airflow/example_dags/example_trigger_controller_dag.py took 0.116 seconds
[2025-04-18T17:39:23.022+0800] {processor.py:186} INFO - Started process (PID=34141) to work on /Users/ervinyeoh/Desktop/unimods/is3107/project/.venv/lib/python3.11/site-packages/airflow/example_dags/example_trigger_controller_dag.py
[2025-04-18T17:39:23.023+0800] {processor.py:914} INFO - Processing file /Users/ervinyeoh/Desktop/unimods/is3107/project/.venv/lib/python3.11/site-packages/airflow/example_dags/example_trigger_controller_dag.py for tasks to queue
[2025-04-18T17:39:23.023+0800] {logging_mixin.py:190} INFO - [2025-04-18T17:39:23.023+0800] {dagbag.py:588} INFO - Filling up the DagBag from /Users/ervinyeoh/Desktop/unimods/is3107/project/.venv/lib/python3.11/site-packages/airflow/example_dags/example_trigger_controller_dag.py
[2025-04-18T17:39:23.029+0800] {processor.py:925} INFO - DAG(s) 'example_trigger_controller_dag' retrieved from /Users/ervinyeoh/Desktop/unimods/is3107/project/.venv/lib/python3.11/site-packages/airflow/example_dags/example_trigger_controller_dag.py
[2025-04-18T17:39:23.120+0800] {logging_mixin.py:190} INFO - [2025-04-18T17:39:23.120+0800] {dag.py:3239} INFO - Sync 1 DAGs
[2025-04-18T17:39:23.132+0800] {logging_mixin.py:190} INFO - [2025-04-18T17:39:23.132+0800] {dag.py:4180} INFO - Setting next_dagrun for example_trigger_controller_dag to 2021-01-01 00:00:00+00:00, run_after=2021-01-01 00:00:00+00:00
[2025-04-18T17:39:23.142+0800] {processor.py:208} INFO - Processing /Users/ervinyeoh/Desktop/unimods/is3107/project/.venv/lib/python3.11/site-packages/airflow/example_dags/example_trigger_controller_dag.py took 0.122 seconds
[2025-04-18T17:45:49.813+0800] {processor.py:186} INFO - Started process (PID=34290) to work on /Users/ervinyeoh/Desktop/unimods/is3107/project/.venv/lib/python3.11/site-packages/airflow/example_dags/example_trigger_controller_dag.py
[2025-04-18T17:45:49.814+0800] {processor.py:914} INFO - Processing file /Users/ervinyeoh/Desktop/unimods/is3107/project/.venv/lib/python3.11/site-packages/airflow/example_dags/example_trigger_controller_dag.py for tasks to queue
[2025-04-18T17:45:49.814+0800] {logging_mixin.py:190} INFO - [2025-04-18T17:45:49.814+0800] {dagbag.py:588} INFO - Filling up the DagBag from /Users/ervinyeoh/Desktop/unimods/is3107/project/.venv/lib/python3.11/site-packages/airflow/example_dags/example_trigger_controller_dag.py
[2025-04-18T17:45:49.820+0800] {processor.py:925} INFO - DAG(s) 'example_trigger_controller_dag' retrieved from /Users/ervinyeoh/Desktop/unimods/is3107/project/.venv/lib/python3.11/site-packages/airflow/example_dags/example_trigger_controller_dag.py
[2025-04-18T17:45:49.899+0800] {logging_mixin.py:190} INFO - [2025-04-18T17:45:49.898+0800] {dag.py:3239} INFO - Sync 1 DAGs
[2025-04-18T17:45:49.908+0800] {logging_mixin.py:190} INFO - [2025-04-18T17:45:49.908+0800] {dag.py:4180} INFO - Setting next_dagrun for example_trigger_controller_dag to 2021-01-01 00:00:00+00:00, run_after=2021-01-01 00:00:00+00:00
[2025-04-18T17:45:49.917+0800] {processor.py:208} INFO - Processing /Users/ervinyeoh/Desktop/unimods/is3107/project/.venv/lib/python3.11/site-packages/airflow/example_dags/example_trigger_controller_dag.py took 0.106 seconds
[2025-04-18T17:56:55.404+0800] {processor.py:186} INFO - Started process (PID=34537) to work on /Users/ervinyeoh/Desktop/unimods/is3107/project/.venv/lib/python3.11/site-packages/airflow/example_dags/example_trigger_controller_dag.py
[2025-04-18T17:56:55.405+0800] {processor.py:914} INFO - Processing file /Users/ervinyeoh/Desktop/unimods/is3107/project/.venv/lib/python3.11/site-packages/airflow/example_dags/example_trigger_controller_dag.py for tasks to queue
[2025-04-18T17:56:55.406+0800] {logging_mixin.py:190} INFO - [2025-04-18T17:56:55.405+0800] {dagbag.py:588} INFO - Filling up the DagBag from /Users/ervinyeoh/Desktop/unimods/is3107/project/.venv/lib/python3.11/site-packages/airflow/example_dags/example_trigger_controller_dag.py
[2025-04-18T17:56:55.412+0800] {processor.py:925} INFO - DAG(s) 'example_trigger_controller_dag' retrieved from /Users/ervinyeoh/Desktop/unimods/is3107/project/.venv/lib/python3.11/site-packages/airflow/example_dags/example_trigger_controller_dag.py
[2025-04-18T17:56:55.493+0800] {logging_mixin.py:190} INFO - [2025-04-18T17:56:55.492+0800] {dag.py:3239} INFO - Sync 1 DAGs
[2025-04-18T17:56:55.502+0800] {logging_mixin.py:190} INFO - [2025-04-18T17:56:55.502+0800] {dag.py:4180} INFO - Setting next_dagrun for example_trigger_controller_dag to 2021-01-01 00:00:00+00:00, run_after=2021-01-01 00:00:00+00:00
[2025-04-18T17:56:55.513+0800] {processor.py:208} INFO - Processing /Users/ervinyeoh/Desktop/unimods/is3107/project/.venv/lib/python3.11/site-packages/airflow/example_dags/example_trigger_controller_dag.py took 0.110 seconds
[2025-04-18T18:08:15.695+0800] {processor.py:186} INFO - Started process (PID=34682) to work on /Users/ervinyeoh/Desktop/unimods/is3107/project/.venv/lib/python3.11/site-packages/airflow/example_dags/example_trigger_controller_dag.py
[2025-04-18T18:08:15.696+0800] {processor.py:914} INFO - Processing file /Users/ervinyeoh/Desktop/unimods/is3107/project/.venv/lib/python3.11/site-packages/airflow/example_dags/example_trigger_controller_dag.py for tasks to queue
[2025-04-18T18:08:15.697+0800] {logging_mixin.py:190} INFO - [2025-04-18T18:08:15.697+0800] {dagbag.py:588} INFO - Filling up the DagBag from /Users/ervinyeoh/Desktop/unimods/is3107/project/.venv/lib/python3.11/site-packages/airflow/example_dags/example_trigger_controller_dag.py
[2025-04-18T18:08:15.703+0800] {processor.py:925} INFO - DAG(s) 'example_trigger_controller_dag' retrieved from /Users/ervinyeoh/Desktop/unimods/is3107/project/.venv/lib/python3.11/site-packages/airflow/example_dags/example_trigger_controller_dag.py
[2025-04-18T18:08:15.781+0800] {logging_mixin.py:190} INFO - [2025-04-18T18:08:15.781+0800] {dag.py:3239} INFO - Sync 1 DAGs
[2025-04-18T18:08:15.791+0800] {logging_mixin.py:190} INFO - [2025-04-18T18:08:15.791+0800] {dag.py:4180} INFO - Setting next_dagrun for example_trigger_controller_dag to 2021-01-01 00:00:00+00:00, run_after=2021-01-01 00:00:00+00:00
[2025-04-18T18:08:15.802+0800] {processor.py:208} INFO - Processing /Users/ervinyeoh/Desktop/unimods/is3107/project/.venv/lib/python3.11/site-packages/airflow/example_dags/example_trigger_controller_dag.py took 0.109 seconds
[2025-04-18T18:19:19.374+0800] {processor.py:186} INFO - Started process (PID=34816) to work on /Users/ervinyeoh/Desktop/unimods/is3107/project/.venv/lib/python3.11/site-packages/airflow/example_dags/example_trigger_controller_dag.py
[2025-04-18T18:19:19.375+0800] {processor.py:914} INFO - Processing file /Users/ervinyeoh/Desktop/unimods/is3107/project/.venv/lib/python3.11/site-packages/airflow/example_dags/example_trigger_controller_dag.py for tasks to queue
[2025-04-18T18:19:19.375+0800] {logging_mixin.py:190} INFO - [2025-04-18T18:19:19.375+0800] {dagbag.py:588} INFO - Filling up the DagBag from /Users/ervinyeoh/Desktop/unimods/is3107/project/.venv/lib/python3.11/site-packages/airflow/example_dags/example_trigger_controller_dag.py
[2025-04-18T18:19:19.383+0800] {processor.py:925} INFO - DAG(s) 'example_trigger_controller_dag' retrieved from /Users/ervinyeoh/Desktop/unimods/is3107/project/.venv/lib/python3.11/site-packages/airflow/example_dags/example_trigger_controller_dag.py
[2025-04-18T18:19:19.464+0800] {logging_mixin.py:190} INFO - [2025-04-18T18:19:19.464+0800] {dag.py:3239} INFO - Sync 1 DAGs
[2025-04-18T18:19:19.474+0800] {logging_mixin.py:190} INFO - [2025-04-18T18:19:19.473+0800] {dag.py:4180} INFO - Setting next_dagrun for example_trigger_controller_dag to 2021-01-01 00:00:00+00:00, run_after=2021-01-01 00:00:00+00:00
[2025-04-18T18:19:19.483+0800] {processor.py:208} INFO - Processing /Users/ervinyeoh/Desktop/unimods/is3107/project/.venv/lib/python3.11/site-packages/airflow/example_dags/example_trigger_controller_dag.py took 0.111 seconds
[2025-04-18T18:30:26.302+0800] {processor.py:186} INFO - Started process (PID=34938) to work on /Users/ervinyeoh/Desktop/unimods/is3107/project/.venv/lib/python3.11/site-packages/airflow/example_dags/example_trigger_controller_dag.py
[2025-04-18T18:30:26.302+0800] {processor.py:914} INFO - Processing file /Users/ervinyeoh/Desktop/unimods/is3107/project/.venv/lib/python3.11/site-packages/airflow/example_dags/example_trigger_controller_dag.py for tasks to queue
[2025-04-18T18:30:26.303+0800] {logging_mixin.py:190} INFO - [2025-04-18T18:30:26.303+0800] {dagbag.py:588} INFO - Filling up the DagBag from /Users/ervinyeoh/Desktop/unimods/is3107/project/.venv/lib/python3.11/site-packages/airflow/example_dags/example_trigger_controller_dag.py
[2025-04-18T18:30:26.309+0800] {processor.py:925} INFO - DAG(s) 'example_trigger_controller_dag' retrieved from /Users/ervinyeoh/Desktop/unimods/is3107/project/.venv/lib/python3.11/site-packages/airflow/example_dags/example_trigger_controller_dag.py
[2025-04-18T18:30:26.388+0800] {logging_mixin.py:190} INFO - [2025-04-18T18:30:26.387+0800] {dag.py:3239} INFO - Sync 1 DAGs
[2025-04-18T18:30:26.397+0800] {logging_mixin.py:190} INFO - [2025-04-18T18:30:26.397+0800] {dag.py:4180} INFO - Setting next_dagrun for example_trigger_controller_dag to 2021-01-01 00:00:00+00:00, run_after=2021-01-01 00:00:00+00:00
[2025-04-18T18:30:26.408+0800] {processor.py:208} INFO - Processing /Users/ervinyeoh/Desktop/unimods/is3107/project/.venv/lib/python3.11/site-packages/airflow/example_dags/example_trigger_controller_dag.py took 0.108 seconds
[2025-04-18T18:46:45.134+0800] {processor.py:186} INFO - Started process (PID=35117) to work on /Users/ervinyeoh/Desktop/unimods/is3107/project/.venv/lib/python3.11/site-packages/airflow/example_dags/example_trigger_controller_dag.py
[2025-04-18T18:46:45.135+0800] {processor.py:914} INFO - Processing file /Users/ervinyeoh/Desktop/unimods/is3107/project/.venv/lib/python3.11/site-packages/airflow/example_dags/example_trigger_controller_dag.py for tasks to queue
[2025-04-18T18:46:45.136+0800] {logging_mixin.py:190} INFO - [2025-04-18T18:46:45.136+0800] {dagbag.py:588} INFO - Filling up the DagBag from /Users/ervinyeoh/Desktop/unimods/is3107/project/.venv/lib/python3.11/site-packages/airflow/example_dags/example_trigger_controller_dag.py
[2025-04-18T18:46:45.142+0800] {processor.py:925} INFO - DAG(s) 'example_trigger_controller_dag' retrieved from /Users/ervinyeoh/Desktop/unimods/is3107/project/.venv/lib/python3.11/site-packages/airflow/example_dags/example_trigger_controller_dag.py
[2025-04-18T18:46:45.221+0800] {logging_mixin.py:190} INFO - [2025-04-18T18:46:45.220+0800] {dag.py:3239} INFO - Sync 1 DAGs
[2025-04-18T18:46:45.230+0800] {logging_mixin.py:190} INFO - [2025-04-18T18:46:45.230+0800] {dag.py:4180} INFO - Setting next_dagrun for example_trigger_controller_dag to 2021-01-01 00:00:00+00:00, run_after=2021-01-01 00:00:00+00:00
[2025-04-18T18:46:45.240+0800] {processor.py:208} INFO - Processing /Users/ervinyeoh/Desktop/unimods/is3107/project/.venv/lib/python3.11/site-packages/airflow/example_dags/example_trigger_controller_dag.py took 0.108 seconds
[2025-04-18T18:57:52.195+0800] {processor.py:186} INFO - Started process (PID=35239) to work on /Users/ervinyeoh/Desktop/unimods/is3107/project/.venv/lib/python3.11/site-packages/airflow/example_dags/example_trigger_controller_dag.py
[2025-04-18T18:57:52.197+0800] {processor.py:914} INFO - Processing file /Users/ervinyeoh/Desktop/unimods/is3107/project/.venv/lib/python3.11/site-packages/airflow/example_dags/example_trigger_controller_dag.py for tasks to queue
[2025-04-18T18:57:52.197+0800] {logging_mixin.py:190} INFO - [2025-04-18T18:57:52.197+0800] {dagbag.py:588} INFO - Filling up the DagBag from /Users/ervinyeoh/Desktop/unimods/is3107/project/.venv/lib/python3.11/site-packages/airflow/example_dags/example_trigger_controller_dag.py
[2025-04-18T18:57:52.203+0800] {processor.py:925} INFO - DAG(s) 'example_trigger_controller_dag' retrieved from /Users/ervinyeoh/Desktop/unimods/is3107/project/.venv/lib/python3.11/site-packages/airflow/example_dags/example_trigger_controller_dag.py
[2025-04-18T18:57:52.282+0800] {logging_mixin.py:190} INFO - [2025-04-18T18:57:52.282+0800] {dag.py:3239} INFO - Sync 1 DAGs
[2025-04-18T18:57:52.292+0800] {logging_mixin.py:190} INFO - [2025-04-18T18:57:52.292+0800] {dag.py:4180} INFO - Setting next_dagrun for example_trigger_controller_dag to 2021-01-01 00:00:00+00:00, run_after=2021-01-01 00:00:00+00:00
[2025-04-18T18:57:52.301+0800] {processor.py:208} INFO - Processing /Users/ervinyeoh/Desktop/unimods/is3107/project/.venv/lib/python3.11/site-packages/airflow/example_dags/example_trigger_controller_dag.py took 0.108 seconds
[2025-04-18T20:01:10.885+0800] {processor.py:186} INFO - Started process (PID=35383) to work on /Users/ervinyeoh/Desktop/unimods/is3107/project/.venv/lib/python3.11/site-packages/airflow/example_dags/example_trigger_controller_dag.py
[2025-04-18T20:01:10.886+0800] {processor.py:914} INFO - Processing file /Users/ervinyeoh/Desktop/unimods/is3107/project/.venv/lib/python3.11/site-packages/airflow/example_dags/example_trigger_controller_dag.py for tasks to queue
[2025-04-18T20:01:10.886+0800] {logging_mixin.py:190} INFO - [2025-04-18T20:01:10.886+0800] {dagbag.py:588} INFO - Filling up the DagBag from /Users/ervinyeoh/Desktop/unimods/is3107/project/.venv/lib/python3.11/site-packages/airflow/example_dags/example_trigger_controller_dag.py
[2025-04-18T20:01:10.892+0800] {processor.py:925} INFO - DAG(s) 'example_trigger_controller_dag' retrieved from /Users/ervinyeoh/Desktop/unimods/is3107/project/.venv/lib/python3.11/site-packages/airflow/example_dags/example_trigger_controller_dag.py
[2025-04-18T20:01:10.974+0800] {logging_mixin.py:190} INFO - [2025-04-18T20:01:10.974+0800] {dag.py:3239} INFO - Sync 1 DAGs
[2025-04-18T20:01:10.985+0800] {logging_mixin.py:190} INFO - [2025-04-18T20:01:10.984+0800] {dag.py:4180} INFO - Setting next_dagrun for example_trigger_controller_dag to 2021-01-01 00:00:00+00:00, run_after=2021-01-01 00:00:00+00:00
[2025-04-18T20:01:10.996+0800] {processor.py:208} INFO - Processing /Users/ervinyeoh/Desktop/unimods/is3107/project/.venv/lib/python3.11/site-packages/airflow/example_dags/example_trigger_controller_dag.py took 0.113 seconds
