[2025-04-02T12:59:37.444+0800] {local_task_job_runner.py:123} INFO - ::group::Pre task execution logs
[2025-04-02T12:59:37.453+0800] {taskinstance.py:2614} INFO - Dependencies all met for dep_context=non-requeueable deps ti=<TaskInstance: reddit_yf_scraper.run_yf manual__2025-04-02T04:59:22.463630+00:00 [queued]>
[2025-04-02T12:59:37.457+0800] {taskinstance.py:2614} INFO - Dependencies all met for dep_context=requeueable deps ti=<TaskInstance: reddit_yf_scraper.run_yf manual__2025-04-02T04:59:22.463630+00:00 [queued]>
[2025-04-02T12:59:37.457+0800] {taskinstance.py:2867} INFO - Starting attempt 1 of 2
[2025-04-02T12:59:37.463+0800] {taskinstance.py:2890} INFO - Executing <Task(_PythonDecoratedOperator): run_yf> on 2025-04-02 04:59:22.463630+00:00
[2025-04-02T12:59:37.465+0800] {standard_task_runner.py:72} INFO - Started process 26405 to run task
[2025-04-02T12:59:37.469+0800] {standard_task_runner.py:104} INFO - Running: ['airflow', 'tasks', 'run', 'reddit_yf_scraper', 'run_yf', 'manual__2025-04-02T04:59:22.463630+00:00', '--job-id', '222', '--raw', '--subdir', 'DAGS_FOLDER/dag.py', '--cfg-path', '/var/folders/xg/h9xj0trn3dxds251bj2q6hf80000gn/T/tmpyw5ipl74']
[2025-04-02T12:59:37.470+0800] {standard_task_runner.py:105} INFO - Job 222: Subtask run_yf
[2025-04-02T12:59:37.502+0800] {task_command.py:467} INFO - Running <TaskInstance: reddit_yf_scraper.run_yf manual__2025-04-02T04:59:22.463630+00:00 [running]> on host ervins-macbook-air-2.local
[2025-04-02T12:59:37.534+0800] {taskinstance.py:3134} INFO - Exporting env vars: AIRFLOW_CTX_DAG_OWNER='airflow' AIRFLOW_CTX_DAG_ID='reddit_yf_scraper' AIRFLOW_CTX_TASK_ID='run_yf' AIRFLOW_CTX_EXECUTION_DATE='2025-04-02T04:59:22.463630+00:00' AIRFLOW_CTX_TRY_NUMBER='1' AIRFLOW_CTX_DAG_RUN_ID='manual__2025-04-02T04:59:22.463630+00:00'
[2025-04-02T12:59:37.535+0800] {logging_mixin.py:190} INFO - Task instance is in running state
[2025-04-02T12:59:37.535+0800] {logging_mixin.py:190} INFO -  Previous state of the Task instance: queued
[2025-04-02T12:59:37.535+0800] {logging_mixin.py:190} INFO - Current task name:run_yf state:running start_date:2025-04-02 04:59:37.453904+00:00
[2025-04-02T12:59:37.536+0800] {logging_mixin.py:190} INFO - Dag name:reddit_yf_scraper and current dag run status:running
[2025-04-02T12:59:37.536+0800] {taskinstance.py:732} INFO - ::endgroup::
[2025-04-02T12:59:37.537+0800] {logging_mixin.py:190} INFO - 🔍 Fetching news for AAPL (1/3)...
[2025-04-02T12:59:38.520+0800] {logging_mixin.py:190} INFO - ✅ Saved 4 articles for AAPL
[2025-04-02T12:59:50.522+0800] {logging_mixin.py:190} INFO - 🔍 Fetching news for NVDA (2/3)...
[2025-04-02T12:59:51.255+0800] {logging_mixin.py:190} INFO - ✅ Saved 7 articles for NVDA
[2025-04-02T13:00:03.257+0800] {logging_mixin.py:190} INFO - 🔍 Fetching news for MSFT (3/3)...
[2025-04-02T13:00:04.161+0800] {logging_mixin.py:190} INFO - ✅ Saved 2 articles for MSFT
[2025-04-02T13:00:16.168+0800] {python.py:240} INFO - Done. Returned value was: None
[2025-04-02T13:00:16.184+0800] {taskinstance.py:341} INFO - ::group::Post task execution logs
[2025-04-02T13:00:16.185+0800] {taskinstance.py:353} INFO - Marking task as SUCCESS. dag_id=reddit_yf_scraper, task_id=run_yf, run_id=manual__2025-04-02T04:59:22.463630+00:00, execution_date=20250402T045922, start_date=20250402T045937, end_date=20250402T050016
[2025-04-02T13:00:16.204+0800] {logging_mixin.py:190} INFO - Task instance in success state
[2025-04-02T13:00:16.205+0800] {logging_mixin.py:190} INFO -  Previous state of the Task instance: running
[2025-04-02T13:00:16.205+0800] {logging_mixin.py:190} INFO - Dag name:reddit_yf_scraper queued_at:2025-04-02 04:59:22.470877+00:00
[2025-04-02T13:00:16.206+0800] {logging_mixin.py:190} INFO - Task hostname:ervins-macbook-air-2.local operator:_PythonDecoratedOperator
[2025-04-02T13:00:16.240+0800] {local_task_job_runner.py:266} INFO - Task exited with return code 0
[2025-04-02T13:00:16.259+0800] {taskinstance.py:3901} INFO - 1 downstream tasks scheduled from follow-on schedule check
[2025-04-02T13:00:16.260+0800] {local_task_job_runner.py:245} INFO - ::endgroup::
