[2025-04-18T17:10:32.961+0800] {local_task_job_runner.py:123} INFO - ::group::Pre task execution logs
[2025-04-18T17:10:32.969+0800] {taskinstance.py:2614} INFO - Dependencies all met for dep_context=non-requeueable deps ti=<TaskInstance: reddit_yf_scraper.get_unique_tickers manual__2025-04-18T09:08:53.126903+00:00 [queued]>
[2025-04-18T17:10:32.973+0800] {taskinstance.py:2614} INFO - Dependencies all met for dep_context=requeueable deps ti=<TaskInstance: reddit_yf_scraper.get_unique_tickers manual__2025-04-18T09:08:53.126903+00:00 [queued]>
[2025-04-18T17:10:32.973+0800] {taskinstance.py:2867} INFO - Starting attempt 1 of 2
[2025-04-18T17:10:32.979+0800] {taskinstance.py:2890} INFO - Executing <Task(_PythonDecoratedOperator): get_unique_tickers> on 2025-04-18 09:08:53.126903+00:00
[2025-04-18T17:10:32.981+0800] {standard_task_runner.py:72} INFO - Started process 31680 to run task
[2025-04-18T17:10:32.985+0800] {standard_task_runner.py:104} INFO - Running: ['airflow', 'tasks', 'run', 'reddit_yf_scraper', 'get_unique_tickers', 'manual__2025-04-18T09:08:53.126903+00:00', '--job-id', '463', '--raw', '--subdir', 'DAGS_FOLDER/dag.py', '--cfg-path', '/var/folders/xg/h9xj0trn3dxds251bj2q6hf80000gn/T/tmp0xtl5yr1']
[2025-04-18T17:10:32.986+0800] {standard_task_runner.py:105} INFO - Job 463: Subtask get_unique_tickers
[2025-04-18T17:10:33.017+0800] {task_command.py:467} INFO - Running <TaskInstance: reddit_yf_scraper.get_unique_tickers manual__2025-04-18T09:08:53.126903+00:00 [running]> on host ervins-macbook-air-2.local
[2025-04-18T17:10:33.255+0800] {taskinstance.py:3134} INFO - Exporting env vars: AIRFLOW_CTX_DAG_OWNER='airflow' AIRFLOW_CTX_DAG_ID='reddit_yf_scraper' AIRFLOW_CTX_TASK_ID='get_unique_tickers' AIRFLOW_CTX_EXECUTION_DATE='2025-04-18T09:08:53.126903+00:00' AIRFLOW_CTX_TRY_NUMBER='1' AIRFLOW_CTX_DAG_RUN_ID='manual__2025-04-18T09:08:53.126903+00:00'
[2025-04-18T17:10:33.255+0800] {logging_mixin.py:190} INFO - Task instance is in running state
[2025-04-18T17:10:33.256+0800] {logging_mixin.py:190} INFO -  Previous state of the Task instance: queued
[2025-04-18T17:10:33.256+0800] {logging_mixin.py:190} INFO - Current task name:get_unique_tickers state:running start_date:2025-04-18 09:10:32.969384+00:00
[2025-04-18T17:10:33.256+0800] {logging_mixin.py:190} INFO - Dag name:reddit_yf_scraper and current dag run status:running
[2025-04-18T17:10:33.256+0800] {taskinstance.py:732} INFO - ::endgroup::
[2025-04-18T17:10:33.257+0800] {logging_mixin.py:190} INFO - ✅ Unique tickers: ['AAPL']
[2025-04-18T17:10:33.257+0800] {logging_mixin.py:190} INFO - ✅ Date: 20250418
[2025-04-18T17:10:33.257+0800] {python.py:240} INFO - Done. Returned value was: (['AAPL'], '20250418')
[2025-04-18T17:10:33.264+0800] {taskinstance.py:341} INFO - ::group::Post task execution logs
[2025-04-18T17:10:33.265+0800] {taskinstance.py:353} INFO - Marking task as SUCCESS. dag_id=reddit_yf_scraper, task_id=get_unique_tickers, run_id=manual__2025-04-18T09:08:53.126903+00:00, execution_date=20250418T090853, start_date=20250418T091032, end_date=20250418T091033
[2025-04-18T17:10:33.271+0800] {logging_mixin.py:190} INFO - Task instance in success state
[2025-04-18T17:10:33.271+0800] {logging_mixin.py:190} INFO -  Previous state of the Task instance: running
[2025-04-18T17:10:33.271+0800] {logging_mixin.py:190} INFO - Dag name:reddit_yf_scraper queued_at:2025-04-18 09:08:53.161335+00:00
[2025-04-18T17:10:33.272+0800] {logging_mixin.py:190} INFO - Task hostname:ervins-macbook-air-2.local operator:_PythonDecoratedOperator
[2025-04-18T17:10:33.308+0800] {local_task_job_runner.py:266} INFO - Task exited with return code 0
[2025-04-18T17:10:33.324+0800] {taskinstance.py:3901} INFO - 1 downstream tasks scheduled from follow-on schedule check
[2025-04-18T17:10:33.325+0800] {local_task_job_runner.py:245} INFO - ::endgroup::
