[2025-03-24T08:15:38.586+0800] {processor.py:186} INFO - Started process (PID=38337) to work on /Users/ervinyeoh/Desktop/unimods/is3107/project/.venv/lib/python3.11/site-packages/airflow/example_dags/plugins/workday.py
[2025-03-24T08:15:38.587+0800] {processor.py:914} INFO - Processing file /Users/ervinyeoh/Desktop/unimods/is3107/project/.venv/lib/python3.11/site-packages/airflow/example_dags/plugins/workday.py for tasks to queue
[2025-03-24T08:15:38.587+0800] {logging_mixin.py:190} INFO - [2025-03-24T08:15:38.587+0800] {dagbag.py:588} INFO - Filling up the DagBag from /Users/ervinyeoh/Desktop/unimods/is3107/project/.venv/lib/python3.11/site-packages/airflow/example_dags/plugins/workday.py
[2025-03-24T08:15:38.964+0800] {processor.py:927} WARNING - No viable dags retrieved from /Users/ervinyeoh/Desktop/unimods/is3107/project/.venv/lib/python3.11/site-packages/airflow/example_dags/plugins/workday.py
[2025-03-24T08:15:39.015+0800] {processor.py:208} INFO - Processing /Users/ervinyeoh/Desktop/unimods/is3107/project/.venv/lib/python3.11/site-packages/airflow/example_dags/plugins/workday.py took 0.430 seconds
[2025-03-24T12:41:31.632+0800] {processor.py:186} INFO - Started process (PID=38793) to work on /Users/ervinyeoh/Desktop/unimods/is3107/project/.venv/lib/python3.11/site-packages/airflow/example_dags/plugins/workday.py
[2025-03-24T12:41:31.685+0800] {processor.py:914} INFO - Processing file /Users/ervinyeoh/Desktop/unimods/is3107/project/.venv/lib/python3.11/site-packages/airflow/example_dags/plugins/workday.py for tasks to queue
[2025-03-24T12:41:31.689+0800] {logging_mixin.py:190} INFO - [2025-03-24T12:41:31.688+0800] {dagbag.py:588} INFO - Filling up the DagBag from /Users/ervinyeoh/Desktop/unimods/is3107/project/.venv/lib/python3.11/site-packages/airflow/example_dags/plugins/workday.py
[2025-03-24T12:41:32.264+0800] {processor.py:927} WARNING - No viable dags retrieved from /Users/ervinyeoh/Desktop/unimods/is3107/project/.venv/lib/python3.11/site-packages/airflow/example_dags/plugins/workday.py
[2025-03-24T12:41:32.320+0800] {processor.py:208} INFO - Processing /Users/ervinyeoh/Desktop/unimods/is3107/project/.venv/lib/python3.11/site-packages/airflow/example_dags/plugins/workday.py took 0.742 seconds
[2025-03-24T13:54:36.200+0800] {processor.py:186} INFO - Started process (PID=39126) to work on /Users/ervinyeoh/Desktop/unimods/is3107/project/.venv/lib/python3.11/site-packages/airflow/example_dags/plugins/workday.py
[2025-03-24T13:54:36.200+0800] {processor.py:914} INFO - Processing file /Users/ervinyeoh/Desktop/unimods/is3107/project/.venv/lib/python3.11/site-packages/airflow/example_dags/plugins/workday.py for tasks to queue
[2025-03-24T13:54:36.201+0800] {logging_mixin.py:190} INFO - [2025-03-24T13:54:36.201+0800] {dagbag.py:588} INFO - Filling up the DagBag from /Users/ervinyeoh/Desktop/unimods/is3107/project/.venv/lib/python3.11/site-packages/airflow/example_dags/plugins/workday.py
[2025-03-24T13:54:36.562+0800] {processor.py:927} WARNING - No viable dags retrieved from /Users/ervinyeoh/Desktop/unimods/is3107/project/.venv/lib/python3.11/site-packages/airflow/example_dags/plugins/workday.py
[2025-03-24T13:54:36.610+0800] {processor.py:208} INFO - Processing /Users/ervinyeoh/Desktop/unimods/is3107/project/.venv/lib/python3.11/site-packages/airflow/example_dags/plugins/workday.py took 0.412 seconds
[2025-03-24T13:56:18.121+0800] {processor.py:186} INFO - Started process (PID=39412) to work on /Users/ervinyeoh/Desktop/unimods/is3107/project/.venv/lib/python3.11/site-packages/airflow/example_dags/plugins/workday.py
[2025-03-24T13:56:18.122+0800] {processor.py:914} INFO - Processing file /Users/ervinyeoh/Desktop/unimods/is3107/project/.venv/lib/python3.11/site-packages/airflow/example_dags/plugins/workday.py for tasks to queue
[2025-03-24T13:56:18.123+0800] {logging_mixin.py:190} INFO - [2025-03-24T13:56:18.123+0800] {dagbag.py:588} INFO - Filling up the DagBag from /Users/ervinyeoh/Desktop/unimods/is3107/project/.venv/lib/python3.11/site-packages/airflow/example_dags/plugins/workday.py
[2025-03-24T13:56:18.518+0800] {processor.py:927} WARNING - No viable dags retrieved from /Users/ervinyeoh/Desktop/unimods/is3107/project/.venv/lib/python3.11/site-packages/airflow/example_dags/plugins/workday.py
[2025-03-24T13:56:18.566+0800] {processor.py:208} INFO - Processing /Users/ervinyeoh/Desktop/unimods/is3107/project/.venv/lib/python3.11/site-packages/airflow/example_dags/plugins/workday.py took 0.446 seconds
[2025-03-24T13:57:57.564+0800] {processor.py:186} INFO - Started process (PID=39552) to work on /Users/ervinyeoh/Desktop/unimods/is3107/project/.venv/lib/python3.11/site-packages/airflow/example_dags/plugins/workday.py
[2025-03-24T13:57:57.566+0800] {processor.py:914} INFO - Processing file /Users/ervinyeoh/Desktop/unimods/is3107/project/.venv/lib/python3.11/site-packages/airflow/example_dags/plugins/workday.py for tasks to queue
[2025-03-24T13:57:57.567+0800] {logging_mixin.py:190} INFO - [2025-03-24T13:57:57.566+0800] {dagbag.py:588} INFO - Filling up the DagBag from /Users/ervinyeoh/Desktop/unimods/is3107/project/.venv/lib/python3.11/site-packages/airflow/example_dags/plugins/workday.py
[2025-03-24T13:57:57.935+0800] {processor.py:927} WARNING - No viable dags retrieved from /Users/ervinyeoh/Desktop/unimods/is3107/project/.venv/lib/python3.11/site-packages/airflow/example_dags/plugins/workday.py
[2025-03-24T13:57:57.982+0800] {processor.py:208} INFO - Processing /Users/ervinyeoh/Desktop/unimods/is3107/project/.venv/lib/python3.11/site-packages/airflow/example_dags/plugins/workday.py took 0.420 seconds
[2025-03-24T13:59:36.158+0800] {processor.py:186} INFO - Started process (PID=39693) to work on /Users/ervinyeoh/Desktop/unimods/is3107/project/.venv/lib/python3.11/site-packages/airflow/example_dags/plugins/workday.py
[2025-03-24T13:59:36.158+0800] {processor.py:914} INFO - Processing file /Users/ervinyeoh/Desktop/unimods/is3107/project/.venv/lib/python3.11/site-packages/airflow/example_dags/plugins/workday.py for tasks to queue
[2025-03-24T13:59:36.159+0800] {logging_mixin.py:190} INFO - [2025-03-24T13:59:36.159+0800] {dagbag.py:588} INFO - Filling up the DagBag from /Users/ervinyeoh/Desktop/unimods/is3107/project/.venv/lib/python3.11/site-packages/airflow/example_dags/plugins/workday.py
[2025-03-24T13:59:36.508+0800] {processor.py:927} WARNING - No viable dags retrieved from /Users/ervinyeoh/Desktop/unimods/is3107/project/.venv/lib/python3.11/site-packages/airflow/example_dags/plugins/workday.py
[2025-03-24T13:59:36.556+0800] {processor.py:208} INFO - Processing /Users/ervinyeoh/Desktop/unimods/is3107/project/.venv/lib/python3.11/site-packages/airflow/example_dags/plugins/workday.py took 0.400 seconds
[2025-03-24T14:01:16.855+0800] {processor.py:186} INFO - Started process (PID=39867) to work on /Users/ervinyeoh/Desktop/unimods/is3107/project/.venv/lib/python3.11/site-packages/airflow/example_dags/plugins/workday.py
[2025-03-24T14:01:16.856+0800] {processor.py:914} INFO - Processing file /Users/ervinyeoh/Desktop/unimods/is3107/project/.venv/lib/python3.11/site-packages/airflow/example_dags/plugins/workday.py for tasks to queue
[2025-03-24T14:01:16.857+0800] {logging_mixin.py:190} INFO - [2025-03-24T14:01:16.857+0800] {dagbag.py:588} INFO - Filling up the DagBag from /Users/ervinyeoh/Desktop/unimods/is3107/project/.venv/lib/python3.11/site-packages/airflow/example_dags/plugins/workday.py
[2025-03-24T14:01:17.227+0800] {processor.py:927} WARNING - No viable dags retrieved from /Users/ervinyeoh/Desktop/unimods/is3107/project/.venv/lib/python3.11/site-packages/airflow/example_dags/plugins/workday.py
[2025-03-24T14:01:17.275+0800] {processor.py:208} INFO - Processing /Users/ervinyeoh/Desktop/unimods/is3107/project/.venv/lib/python3.11/site-packages/airflow/example_dags/plugins/workday.py took 0.421 seconds
[2025-03-24T14:02:55.352+0800] {processor.py:186} INFO - Started process (PID=40015) to work on /Users/ervinyeoh/Desktop/unimods/is3107/project/.venv/lib/python3.11/site-packages/airflow/example_dags/plugins/workday.py
[2025-03-24T14:02:55.353+0800] {processor.py:914} INFO - Processing file /Users/ervinyeoh/Desktop/unimods/is3107/project/.venv/lib/python3.11/site-packages/airflow/example_dags/plugins/workday.py for tasks to queue
[2025-03-24T14:02:55.354+0800] {logging_mixin.py:190} INFO - [2025-03-24T14:02:55.353+0800] {dagbag.py:588} INFO - Filling up the DagBag from /Users/ervinyeoh/Desktop/unimods/is3107/project/.venv/lib/python3.11/site-packages/airflow/example_dags/plugins/workday.py
[2025-03-24T14:02:55.695+0800] {processor.py:927} WARNING - No viable dags retrieved from /Users/ervinyeoh/Desktop/unimods/is3107/project/.venv/lib/python3.11/site-packages/airflow/example_dags/plugins/workday.py
[2025-03-24T14:02:55.742+0800] {processor.py:208} INFO - Processing /Users/ervinyeoh/Desktop/unimods/is3107/project/.venv/lib/python3.11/site-packages/airflow/example_dags/plugins/workday.py took 0.392 seconds
[2025-03-24T14:04:36.760+0800] {processor.py:186} INFO - Started process (PID=40186) to work on /Users/ervinyeoh/Desktop/unimods/is3107/project/.venv/lib/python3.11/site-packages/airflow/example_dags/plugins/workday.py
[2025-03-24T14:04:36.762+0800] {processor.py:914} INFO - Processing file /Users/ervinyeoh/Desktop/unimods/is3107/project/.venv/lib/python3.11/site-packages/airflow/example_dags/plugins/workday.py for tasks to queue
[2025-03-24T14:04:36.762+0800] {logging_mixin.py:190} INFO - [2025-03-24T14:04:36.762+0800] {dagbag.py:588} INFO - Filling up the DagBag from /Users/ervinyeoh/Desktop/unimods/is3107/project/.venv/lib/python3.11/site-packages/airflow/example_dags/plugins/workday.py
[2025-03-24T14:04:37.132+0800] {processor.py:927} WARNING - No viable dags retrieved from /Users/ervinyeoh/Desktop/unimods/is3107/project/.venv/lib/python3.11/site-packages/airflow/example_dags/plugins/workday.py
[2025-03-24T14:04:37.180+0800] {processor.py:208} INFO - Processing /Users/ervinyeoh/Desktop/unimods/is3107/project/.venv/lib/python3.11/site-packages/airflow/example_dags/plugins/workday.py took 0.421 seconds
[2025-03-24T14:06:15.835+0800] {processor.py:186} INFO - Started process (PID=40374) to work on /Users/ervinyeoh/Desktop/unimods/is3107/project/.venv/lib/python3.11/site-packages/airflow/example_dags/plugins/workday.py
[2025-03-24T14:06:15.836+0800] {processor.py:914} INFO - Processing file /Users/ervinyeoh/Desktop/unimods/is3107/project/.venv/lib/python3.11/site-packages/airflow/example_dags/plugins/workday.py for tasks to queue
[2025-03-24T14:06:15.836+0800] {logging_mixin.py:190} INFO - [2025-03-24T14:06:15.836+0800] {dagbag.py:588} INFO - Filling up the DagBag from /Users/ervinyeoh/Desktop/unimods/is3107/project/.venv/lib/python3.11/site-packages/airflow/example_dags/plugins/workday.py
[2025-03-24T14:06:16.186+0800] {processor.py:927} WARNING - No viable dags retrieved from /Users/ervinyeoh/Desktop/unimods/is3107/project/.venv/lib/python3.11/site-packages/airflow/example_dags/plugins/workday.py
[2025-03-24T14:06:16.234+0800] {processor.py:208} INFO - Processing /Users/ervinyeoh/Desktop/unimods/is3107/project/.venv/lib/python3.11/site-packages/airflow/example_dags/plugins/workday.py took 0.401 seconds
[2025-03-24T14:07:56.346+0800] {processor.py:186} INFO - Started process (PID=40528) to work on /Users/ervinyeoh/Desktop/unimods/is3107/project/.venv/lib/python3.11/site-packages/airflow/example_dags/plugins/workday.py
[2025-03-24T14:07:56.347+0800] {processor.py:914} INFO - Processing file /Users/ervinyeoh/Desktop/unimods/is3107/project/.venv/lib/python3.11/site-packages/airflow/example_dags/plugins/workday.py for tasks to queue
[2025-03-24T14:07:56.348+0800] {logging_mixin.py:190} INFO - [2025-03-24T14:07:56.348+0800] {dagbag.py:588} INFO - Filling up the DagBag from /Users/ervinyeoh/Desktop/unimods/is3107/project/.venv/lib/python3.11/site-packages/airflow/example_dags/plugins/workday.py
[2025-03-24T14:07:56.700+0800] {processor.py:927} WARNING - No viable dags retrieved from /Users/ervinyeoh/Desktop/unimods/is3107/project/.venv/lib/python3.11/site-packages/airflow/example_dags/plugins/workday.py
[2025-03-24T14:07:56.749+0800] {processor.py:208} INFO - Processing /Users/ervinyeoh/Desktop/unimods/is3107/project/.venv/lib/python3.11/site-packages/airflow/example_dags/plugins/workday.py took 0.405 seconds
[2025-03-24T15:21:23.627+0800] {processor.py:186} INFO - Started process (PID=40791) to work on /Users/ervinyeoh/Desktop/unimods/is3107/project/.venv/lib/python3.11/site-packages/airflow/example_dags/plugins/workday.py
[2025-03-24T15:21:23.627+0800] {processor.py:914} INFO - Processing file /Users/ervinyeoh/Desktop/unimods/is3107/project/.venv/lib/python3.11/site-packages/airflow/example_dags/plugins/workday.py for tasks to queue
[2025-03-24T15:21:23.628+0800] {logging_mixin.py:190} INFO - [2025-03-24T15:21:23.628+0800] {dagbag.py:588} INFO - Filling up the DagBag from /Users/ervinyeoh/Desktop/unimods/is3107/project/.venv/lib/python3.11/site-packages/airflow/example_dags/plugins/workday.py
[2025-03-24T15:21:23.998+0800] {processor.py:927} WARNING - No viable dags retrieved from /Users/ervinyeoh/Desktop/unimods/is3107/project/.venv/lib/python3.11/site-packages/airflow/example_dags/plugins/workday.py
[2025-03-24T15:21:24.046+0800] {processor.py:208} INFO - Processing /Users/ervinyeoh/Desktop/unimods/is3107/project/.venv/lib/python3.11/site-packages/airflow/example_dags/plugins/workday.py took 0.422 seconds
[2025-03-24T17:31:24.901+0800] {processor.py:186} INFO - Started process (PID=41147) to work on /Users/ervinyeoh/Desktop/unimods/is3107/project/.venv/lib/python3.11/site-packages/airflow/example_dags/plugins/workday.py
[2025-03-24T17:31:24.902+0800] {processor.py:914} INFO - Processing file /Users/ervinyeoh/Desktop/unimods/is3107/project/.venv/lib/python3.11/site-packages/airflow/example_dags/plugins/workday.py for tasks to queue
[2025-03-24T17:31:24.903+0800] {logging_mixin.py:190} INFO - [2025-03-24T17:31:24.903+0800] {dagbag.py:588} INFO - Filling up the DagBag from /Users/ervinyeoh/Desktop/unimods/is3107/project/.venv/lib/python3.11/site-packages/airflow/example_dags/plugins/workday.py
[2025-03-24T17:31:25.269+0800] {processor.py:927} WARNING - No viable dags retrieved from /Users/ervinyeoh/Desktop/unimods/is3107/project/.venv/lib/python3.11/site-packages/airflow/example_dags/plugins/workday.py
[2025-03-24T17:31:25.317+0800] {processor.py:208} INFO - Processing /Users/ervinyeoh/Desktop/unimods/is3107/project/.venv/lib/python3.11/site-packages/airflow/example_dags/plugins/workday.py took 0.417 seconds
[2025-03-24T18:41:33.036+0800] {processor.py:186} INFO - Started process (PID=41445) to work on /Users/ervinyeoh/Desktop/unimods/is3107/project/.venv/lib/python3.11/site-packages/airflow/example_dags/plugins/workday.py
[2025-03-24T18:41:33.037+0800] {processor.py:914} INFO - Processing file /Users/ervinyeoh/Desktop/unimods/is3107/project/.venv/lib/python3.11/site-packages/airflow/example_dags/plugins/workday.py for tasks to queue
[2025-03-24T18:41:33.037+0800] {logging_mixin.py:190} INFO - [2025-03-24T18:41:33.037+0800] {dagbag.py:588} INFO - Filling up the DagBag from /Users/ervinyeoh/Desktop/unimods/is3107/project/.venv/lib/python3.11/site-packages/airflow/example_dags/plugins/workday.py
[2025-03-24T18:41:33.471+0800] {processor.py:927} WARNING - No viable dags retrieved from /Users/ervinyeoh/Desktop/unimods/is3107/project/.venv/lib/python3.11/site-packages/airflow/example_dags/plugins/workday.py
[2025-03-24T18:41:33.517+0800] {processor.py:208} INFO - Processing /Users/ervinyeoh/Desktop/unimods/is3107/project/.venv/lib/python3.11/site-packages/airflow/example_dags/plugins/workday.py took 0.483 seconds
[2025-03-24T23:34:31.180+0800] {processor.py:186} INFO - Started process (PID=41814) to work on /Users/ervinyeoh/Desktop/unimods/is3107/project/.venv/lib/python3.11/site-packages/airflow/example_dags/plugins/workday.py
[2025-03-24T23:34:31.181+0800] {processor.py:914} INFO - Processing file /Users/ervinyeoh/Desktop/unimods/is3107/project/.venv/lib/python3.11/site-packages/airflow/example_dags/plugins/workday.py for tasks to queue
[2025-03-24T23:34:31.181+0800] {logging_mixin.py:190} INFO - [2025-03-24T23:34:31.181+0800] {dagbag.py:588} INFO - Filling up the DagBag from /Users/ervinyeoh/Desktop/unimods/is3107/project/.venv/lib/python3.11/site-packages/airflow/example_dags/plugins/workday.py
[2025-03-24T23:34:31.576+0800] {processor.py:927} WARNING - No viable dags retrieved from /Users/ervinyeoh/Desktop/unimods/is3107/project/.venv/lib/python3.11/site-packages/airflow/example_dags/plugins/workday.py
[2025-03-24T23:34:31.623+0800] {processor.py:208} INFO - Processing /Users/ervinyeoh/Desktop/unimods/is3107/project/.venv/lib/python3.11/site-packages/airflow/example_dags/plugins/workday.py took 0.445 seconds
[2025-03-25T04:32:30.754+0800] {processor.py:186} INFO - Started process (PID=42303) to work on /Users/ervinyeoh/Desktop/unimods/is3107/project/.venv/lib/python3.11/site-packages/airflow/example_dags/plugins/workday.py
[2025-03-25T04:32:30.755+0800] {processor.py:914} INFO - Processing file /Users/ervinyeoh/Desktop/unimods/is3107/project/.venv/lib/python3.11/site-packages/airflow/example_dags/plugins/workday.py for tasks to queue
[2025-03-25T04:32:30.756+0800] {logging_mixin.py:190} INFO - [2025-03-25T04:32:30.756+0800] {dagbag.py:588} INFO - Filling up the DagBag from /Users/ervinyeoh/Desktop/unimods/is3107/project/.venv/lib/python3.11/site-packages/airflow/example_dags/plugins/workday.py
[2025-03-25T04:32:31.148+0800] {processor.py:927} WARNING - No viable dags retrieved from /Users/ervinyeoh/Desktop/unimods/is3107/project/.venv/lib/python3.11/site-packages/airflow/example_dags/plugins/workday.py
[2025-03-25T04:32:31.195+0800] {processor.py:208} INFO - Processing /Users/ervinyeoh/Desktop/unimods/is3107/project/.venv/lib/python3.11/site-packages/airflow/example_dags/plugins/workday.py took 0.443 seconds
