[2025-04-02T12:59:32.996+0800] {local_task_job_runner.py:123} INFO - ::group::Pre task execution logs
[2025-04-02T12:59:33.002+0800] {taskinstance.py:2614} INFO - Dependencies all met for dep_context=non-requeueable deps ti=<TaskInstance: reddit_yf_scraper.list_gcs_files__1 manual__2025-04-02T04:59:22.463630+00:00 [queued]>
[2025-04-02T12:59:33.005+0800] {taskinstance.py:2614} INFO - Dependencies all met for dep_context=requeueable deps ti=<TaskInstance: reddit_yf_scraper.list_gcs_files__1 manual__2025-04-02T04:59:22.463630+00:00 [queued]>
[2025-04-02T12:59:33.005+0800] {taskinstance.py:2867} INFO - Starting attempt 1 of 2
[2025-04-02T12:59:33.011+0800] {taskinstance.py:2890} INFO - Executing <Task(_PythonDecoratedOperator): list_gcs_files__1> on 2025-04-02 04:59:22.463630+00:00
[2025-04-02T12:59:33.013+0800] {standard_task_runner.py:72} INFO - Started process 26399 to run task
[2025-04-02T12:59:33.016+0800] {standard_task_runner.py:104} INFO - Running: ['airflow', 'tasks', 'run', 'reddit_yf_scraper', 'list_gcs_files__1', 'manual__2025-04-02T04:59:22.463630+00:00', '--job-id', '221', '--raw', '--subdir', 'DAGS_FOLDER/dag.py', '--cfg-path', '/var/folders/xg/h9xj0trn3dxds251bj2q6hf80000gn/T/tmpm5fkeun_']
[2025-04-02T12:59:33.017+0800] {standard_task_runner.py:105} INFO - Job 221: Subtask list_gcs_files__1
[2025-04-02T12:59:33.043+0800] {task_command.py:467} INFO - Running <TaskInstance: reddit_yf_scraper.list_gcs_files__1 manual__2025-04-02T04:59:22.463630+00:00 [running]> on host ervins-macbook-air-2.local
[2025-04-02T12:59:33.074+0800] {taskinstance.py:3134} INFO - Exporting env vars: AIRFLOW_CTX_DAG_OWNER='airflow' AIRFLOW_CTX_DAG_ID='reddit_yf_scraper' AIRFLOW_CTX_TASK_ID='list_gcs_files__1' AIRFLOW_CTX_EXECUTION_DATE='2025-04-02T04:59:22.463630+00:00' AIRFLOW_CTX_TRY_NUMBER='1' AIRFLOW_CTX_DAG_RUN_ID='manual__2025-04-02T04:59:22.463630+00:00'
[2025-04-02T12:59:33.075+0800] {logging_mixin.py:190} INFO - Task instance is in running state
[2025-04-02T12:59:33.075+0800] {logging_mixin.py:190} INFO -  Previous state of the Task instance: queued
[2025-04-02T12:59:33.075+0800] {logging_mixin.py:190} INFO - Current task name:list_gcs_files__1 state:running start_date:2025-04-02 04:59:33.002635+00:00
[2025-04-02T12:59:33.075+0800] {logging_mixin.py:190} INFO - Dag name:reddit_yf_scraper and current dag run status:running
[2025-04-02T12:59:33.076+0800] {taskinstance.py:732} INFO - ::endgroup::
[2025-04-02T12:59:33.079+0800] {connection.py:277} WARNING - Connection schemes (type: google_cloud_platform) shall not contain '_' according to RFC3986.
[2025-04-02T12:59:33.081+0800] {base.py:84} INFO - Retrieving connection 'google_cloud_default'
[2025-04-02T12:59:33.542+0800] {logging_mixin.py:190} INFO - Found files: []
[2025-04-02T12:59:33.543+0800] {python.py:240} INFO - Done. Returned value was: []
[2025-04-02T12:59:33.559+0800] {taskinstance.py:341} INFO - ::group::Post task execution logs
[2025-04-02T12:59:33.560+0800] {taskinstance.py:353} INFO - Marking task as SUCCESS. dag_id=reddit_yf_scraper, task_id=list_gcs_files__1, run_id=manual__2025-04-02T04:59:22.463630+00:00, execution_date=20250402T045922, start_date=20250402T045933, end_date=20250402T045933
[2025-04-02T12:59:33.569+0800] {logging_mixin.py:190} INFO - Task instance in success state
[2025-04-02T12:59:33.569+0800] {logging_mixin.py:190} INFO -  Previous state of the Task instance: running
[2025-04-02T12:59:33.570+0800] {logging_mixin.py:190} INFO - Dag name:reddit_yf_scraper queued_at:2025-04-02 04:59:22.470877+00:00
[2025-04-02T12:59:33.570+0800] {logging_mixin.py:190} INFO - Task hostname:ervins-macbook-air-2.local operator:_PythonDecoratedOperator
[2025-04-02T12:59:33.614+0800] {local_task_job_runner.py:266} INFO - Task exited with return code 0
[2025-04-02T12:59:33.632+0800] {taskinstance.py:3901} INFO - 0 downstream tasks scheduled from follow-on schedule check
[2025-04-02T12:59:33.632+0800] {local_task_job_runner.py:245} INFO - ::endgroup::
